
==> YES, main.fstb terminates. max_dim = 2

+-----------------------------------------------------------------------------+
|                             Ranking Function                                |
+-----------------------------------------------------------------------------+

state stop:
0

state start:
3

state lbl_3:
2
n

state lbl_3_44:
1

state ____start:
4


+-----------------------------------------------------------------------------+
|                         Worst Case Execution Time                           |
+-----------------------------------------------------------------------------+

/---
/
| -1*n__o' >= 0
| 1 >= 0
\

((1+1)+1)+1

/
| -1+n__o' >= 0
| 1 >= 0
\

(((1+1)+n__o')+1)+1

\---

