
==> YES, main.fstb terminates. max_dim = 2

+-----------------------------------------------------------------------------+
|                             Ranking Function                                |
+-----------------------------------------------------------------------------+

state stop:
0

state start:
3

state stop_93:
1

state lbl_4:
2
(-2+h)+(-1*tmp_26)

state cut:
2
(-1+h)+(-1*l)

state cut_43:
2
(-1+h)+(-1*l)

state ____start:
4


+-----------------------------------------------------------------------------+
|                         Worst Case Execution Time                           |
+-----------------------------------------------------------------------------+

/---
/
| (-2+h__o')+(-1*l__o') = 0
| 1 >= 0
\

(((1+1)+1)+((-1+(-1*l__o'))+h__o'))+1

/
| (-3+h__o')+(-1*l__o') >= 0
| 1 >= 0
\

(((((1+1)+1)+((-2+(-1*l__o'))+h__o'))+((-1+(-1*l__o'))+h__o'))+((-2+(-1*l__o'))+h__o'))+1

/
| (-1*h__o')+l__o' >= 0
| 1 >= 0
\

(1+1)+1

/
| (-1+h__o')+(-1*l__o') = 0
| 1 >= 0
\

((1+1)+1)+1

\---

