Warning: Ignored call to eval_catmouse_stop/1 in equation eval_catmouse_bb3_in/1 

Preprocessing Cost Relations
=====================================

#### Computed strongly connected components 
0. recursive  : [eval_catmouse_bb1_in/4,eval_catmouse_bb2_in/4]
1. non_recursive  : [eval_catmouse_bb3_in/1]
2. non_recursive  : [loop_cont_eval_catmouse_bb1_in/2]
3. non_recursive  : [eval_catmouse_5/3]
4. non_recursive  : [eval_catmouse_4/3]
5. non_recursive  : [eval_catmouse_3/3]
6. non_recursive  : [eval_catmouse_2/3]
7. non_recursive  : [eval_catmouse_1/3]
8. non_recursive  : [eval_catmouse_0/3]
9. non_recursive  : [eval_catmouse_bb0_in/3]
10. non_recursive  : [eval_catmouse_start/3]

#### Obtained direct recursion through partial evaluation 
0. SCC is partially evaluated into eval_catmouse_bb1_in/4
1. SCC is completely evaluated into other SCCs
2. SCC is completely evaluated into other SCCs
3. SCC is partially evaluated into eval_catmouse_5/3
4. SCC is completely evaluated into other SCCs
5. SCC is completely evaluated into other SCCs
6. SCC is completely evaluated into other SCCs
7. SCC is completely evaluated into other SCCs
8. SCC is completely evaluated into other SCCs
9. SCC is completely evaluated into other SCCs
10. SCC is partially evaluated into eval_catmouse_start/3

Control-Flow Refinement of Cost Relations
=====================================

### Specialization of cost equations eval_catmouse_bb1_in/4 
* CE 5 is refined into CE [6] 
* CE 3 is refined into CE [7] 
* CE 4 is refined into CE [8] 


#### Refined cost equations eval_catmouse_bb1_in/4 
* CE 6: eval_catmouse_bb1_in(V_m,V_n,V_x_0,B) = 0
     [V_x_0>=V_n+1,B=2] 
* CE 7: eval_catmouse_bb1_in(V_m,V_n,V_x_0,B) = 1+ eval_catmouse_bb1_in(V_m,V_n,C,D)
     [V_n>=V_x_0,V_x_0>=V_m+1,V_x_0=C+1,D=2,B=2] 
* CE 8: eval_catmouse_bb1_in(V_m,V_n,V_x_0,B) = 1+ eval_catmouse_bb1_in(V_m,V_n,C,D)
     [V_n>=V_x_0,V_m>=V_x_0,V_x_0+1=C,D=2,B=2] 

### Cost equations --> "Loop" of eval_catmouse_bb1_in/4 
* CEs [7] --> Loop 6 
* CEs [8] --> Loop 7 
* CEs [6] --> Loop 8 

#### Loops of eval_catmouse_bb1_in/4 
* Loop 6: eval_catmouse_bb1_in(V_m,V_n,V_x_0,B)->  eval_catmouse_bb1_in(V_m,V_n,V_x_0',B')
                  [V_n>=V_x_0,V_x_0>=V_m+1,V_x_0=V_x_0'+1,B'=2,B=2] 
* Loop 7: eval_catmouse_bb1_in(V_m,V_n,V_x_0,B)->  eval_catmouse_bb1_in(V_m,V_n,V_x_0',B')
                  [V_n>=V_x_0,V_m>=V_x_0,V_x_0+1=V_x_0',B'=2,B=2] 
* Loop 8: eval_catmouse_bb1_in(V_m,V_n,V_x_0,B) [V_x_0>=V_n+1,B=2] 

### Ranking functions of CR eval_catmouse_bb1_in(V_m,V_n,V_x_0,B) 

#### Partial ranking functions of CR eval_catmouse_bb1_in(V_m,V_n,V_x_0,B) 
* Partial RF of phase [6,7]:
  - RF of loop [6:1]:
    -V_m+V_x_0 depends on loops [7:1] 
  - RF of loop [7:1]:
    V_m-V_x_0+1 depends on loops [6:1] 
    V_n-V_x_0+1 depends on loops [6:1] 


### Resulting Chains:eval_catmouse_bb1_in(V_m,V_n,V_x_0,B) 
* [[6,7]]...
* [[6,7],8]
* [8]


### Specialization of cost equations eval_catmouse_5/3 
* CE 2 is refined into CE [9,10,11] 


#### Refined cost equations eval_catmouse_5/3 
* CE 9: eval_catmouse_5(V_m,V_n,B) = 1+ eval_catmouse_bb1_in(V_m,V_n,C,D):[[6,7]]
     [V_n>=0,D=2,C=0] 
* CE 10: eval_catmouse_5(V_m,V_n,B) = 1+ eval_catmouse_bb1_in(V_m,V_n,C,D):[[6,7],8]
     [V_m>=V_n,V_n>=0,D=2,C=0] 
* CE 11: eval_catmouse_5(V_m,V_n,B) = 1+ eval_catmouse_bb1_in(V_m,V_n,C,D):[8]
     [0>=V_n+1,D=2,C=0] 

### Cost equations --> "Loop" of eval_catmouse_5/3 
* CEs [10] --> Loop 9 
* CEs [11] --> Loop 10 
* CEs [9] --> Loop 11 

#### Loops of eval_catmouse_5/3 
* Loop 9: eval_catmouse_5(V_m,V_n,B) [V_m>=V_n,V_n>=0] 
* Loop 10: eval_catmouse_5(V_m,V_n,B) [0>=V_n+1] 
* Loop 11: eval_catmouse_5(V_m,V_n,B) [V_n>=0] 

### Ranking functions of CR eval_catmouse_5(V_m,V_n,B) 

#### Partial ranking functions of CR eval_catmouse_5(V_m,V_n,B) 


### Resulting Chains:eval_catmouse_5(V_m,V_n,B) 
* [11]...
* [10]
* [9]


### Specialization of cost equations eval_catmouse_start/3 
* CE 1 is refined into CE [12,13,14] 


#### Refined cost equations eval_catmouse_start/3 
* CE 12: eval_catmouse_start(V_m,V_n,B) = 0+ eval_catmouse_5(V_m,V_n,B):[11]
     [V_n>=0] 
* CE 13: eval_catmouse_start(V_m,V_n,B) = 0+ eval_catmouse_5(V_m,V_n,B):[10]
     [0>=V_n+1] 
* CE 14: eval_catmouse_start(V_m,V_n,B) = 0+ eval_catmouse_5(V_m,V_n,B):[9]
     [V_m>=V_n,V_n>=0] 

### Cost equations --> "Loop" of eval_catmouse_start/3 
* CEs [14] --> Loop 12 
* CEs [13] --> Loop 13 
* CEs [12] --> Loop 14 

#### Loops of eval_catmouse_start/3 
* Loop 12: eval_catmouse_start(V_m,V_n,B) [V_m>=V_n,V_n>=0] 
* Loop 13: eval_catmouse_start(V_m,V_n,B) [0>=V_n+1] 
* Loop 14: eval_catmouse_start(V_m,V_n,B) [V_n>=0] 

### Ranking functions of CR eval_catmouse_start(V_m,V_n,B) 

#### Partial ranking functions of CR eval_catmouse_start(V_m,V_n,B) 


### Resulting Chains:eval_catmouse_start(V_m,V_n,B) 
* [14]...
* [13]
* [12]


Computing Bounds
=====================================

#### Cost of loops [6,7] 

 * loop 6:eval_catmouse_bb1_in(V_m,V_n,V_x_0,B) -> [eval_catmouse_bb1_in(V_m',V_n',V_x_0',B')] 
1
 * loop 7:eval_catmouse_bb1_in(V_m,V_n,V_x_0,B) -> [eval_catmouse_bb1_in(V_m',V_n',V_x_0',B')] 
1
#### Cost of phase [6,7]:eval_catmouse_bb1_in(V_m,V_n,V_x_0,B) -> [eval_catmouse_bb1_in(V_m',V_n',V_x_0',B')] 
2*it(6)+0
#### Cost of phase [6,7]:eval_catmouse_bb1_in(V_m,V_n,V_x_0,B) -> [eval_catmouse_bb1_in(V_m',V_n',V_x_0',B')] 
2*it(6)+0
#### Cost of chains of eval_catmouse_bb1_in(V_m,V_n,V_x_0,B):
* Chain [[6,7]]...: 2*it(6)+0
  with precondition: [V_n>=V_x_0,B=2] 

* Chain [[6,7],8]: 2*it(6)+0
  with precondition: [B=2,V_m>=V_n,V_n>=V_x_0] 

* Chain [8]: 0
  with precondition: [B=2,V_x_0>=V_n+1] 


#### Cost of chains of eval_catmouse_5(V_m,V_n,B):
* Chain [11]...: 2*s(1)+1
  with precondition: [V_n>=0] 

* Chain [10]: 1
  with precondition: [0>=V_n+1] 

* Chain [9]: 2*s(2)+1
  with precondition: [V_n>=0,V_m>=V_n] 


#### Cost of chains of eval_catmouse_start(V_m,V_n,B):
* Chain [14]...: 2*s(3)+1
  with precondition: [V_n>=0] 

* Chain [13]: 1
  with precondition: [0>=V_n+1] 

* Chain [12]: 2*s(4)+1
  with precondition: [V_n>=0,V_m>=V_n] 


Closed-form bounds of eval_catmouse_start(V_m,V_n,B): 
-------------------------------------
* Chain [14]... with precondition: [V_n>=0] 
    - Upper bound: inf 
    - Complexity: infinity 
* Chain [13] with precondition: [0>=V_n+1] 
    - Upper bound: 1 
    - Complexity: constant 
* Chain [12] with precondition: [V_n>=0,V_m>=V_n] 
    - Upper bound: inf 
    - Complexity: infinity 

### Maximum cost of eval_catmouse_start(V_m,V_n,B): inf 
Asymptotic class: infinity 

Time statistics: 
-------------------------------------
* Partial evaluation computed in 9 ms.
* Invariants computed in 12 ms.
   - Backward Invariants 5 ms.
   - Transitive Invariants 3 ms.
* Refinement performed in 19 ms.
* Termination proved in 5 ms.
* Upper bounds computed in 18 ms.
   - Equation cost structures 7 ms.
   - Phase cost structures 8 ms.
   - Chain cost structures 4 ms.
   - Solving cost expressions 0 ms.
* Total analysis performed in 77 ms.

