Warning: Ignored call to eval_gcd_stop/1 in equation eval_gcd_bb3_in/1 

Preprocessing Cost Relations
=====================================

#### Computed strongly connected components 
0. recursive  : [eval_gcd_bb1_in/3,eval_gcd_bb2_in/3]
1. non_recursive  : [eval_gcd_bb3_in/1]
2. non_recursive  : [loop_cont_eval_gcd_bb1_in/2]
3. non_recursive  : [eval_gcd_2/3]
4. non_recursive  : [eval_gcd_1/3]
5. non_recursive  : [eval_gcd_0/3]
6. non_recursive  : [eval_gcd_bb0_in/3]
7. non_recursive  : [eval_gcd_start/3]

#### Obtained direct recursion through partial evaluation 
0. SCC is partially evaluated into eval_gcd_bb1_in/3
1. SCC is completely evaluated into other SCCs
2. SCC is completely evaluated into other SCCs
3. SCC is partially evaluated into eval_gcd_2/3
4. SCC is completely evaluated into other SCCs
5. SCC is completely evaluated into other SCCs
6. SCC is completely evaluated into other SCCs
7. SCC is partially evaluated into eval_gcd_start/3

Control-Flow Refinement of Cost Relations
=====================================

### Specialization of cost equations eval_gcd_bb1_in/3 
* CE 7 is refined into CE [8] 
* CE 6 is refined into CE [9] 
* CE 5 is refined into CE [10] 


#### Refined cost equations eval_gcd_bb1_in/3 
* CE 8: eval_gcd_bb1_in(A,A,B) = 0
     [A>=1,B=2] 
* CE 9: eval_gcd_bb1_in(V__01,V__0,B) = 1+ eval_gcd_bb1_in(C,V__0,D)
     [V__01>=V__0+1,V__0>=1,V__0+C=V__01,D=2,B=2] 
* CE 10: eval_gcd_bb1_in(V__01,V__0,B) = 1+ eval_gcd_bb1_in(V__01,C,D)
     [V__0>=V__01+1,V__01>=1,V__0=V__01+C,D=2,B=2] 

### Cost equations --> "Loop" of eval_gcd_bb1_in/3 
* CEs [9] --> Loop 8 
* CEs [10] --> Loop 9 
* CEs [8] --> Loop 10 

#### Loops of eval_gcd_bb1_in/3 
* Loop 8: eval_gcd_bb1_in(V__01,V__0,B)->  eval_gcd_bb1_in(V__01',V__0,B')
                  [V__01>=V__0+1,V__0>=1,V__0+V__01'=V__01,B'=2,B=2] 
* Loop 9: eval_gcd_bb1_in(V__01,V__0,B)->  eval_gcd_bb1_in(V__01,V__0',B')
                  [V__0>=V__01+1,V__01>=1,V__01+V__0'=V__0,B'=2,B=2] 
* Loop 10: eval_gcd_bb1_in(A,A,B) [A>=1,B=2] 

### Ranking functions of CR eval_gcd_bb1_in(V__01,V__0,B) 
* RF of phase [8,9]: [V__01+V__0-2]

#### Partial ranking functions of CR eval_gcd_bb1_in(V__01,V__0,B) 
* Partial RF of phase [8,9]:
  - RF of loop [8:1]:
    V__01-1
    V__01-V__0 depends on loops [9:1] 
  - RF of loop [9:1]:
    V__0-1
    -V__01+V__0 depends on loops [8:1] 


### Resulting Chains:eval_gcd_bb1_in(V__01,V__0,B) 
* [[8,9],10]
* [10]


### Specialization of cost equations eval_gcd_2/3 
* CE 4 is refined into CE [11,12] 
* CE 3 is refined into CE [13] 
* CE 2 is refined into CE [14] 


#### Refined cost equations eval_gcd_2/3 
* CE 11: eval_gcd_2(V_x,V_y,B) = 1+ eval_gcd_bb1_in(V_y,V_x,C):[[8,9],10]
     [V_x+V_y>=3,V_x>=1,V_y>=1,C=2] 
* CE 12: eval_gcd_2(A,A,B) = 1+ eval_gcd_bb1_in(A,A,C):[10]
     [A>=1,C=2] 
* CE 13: eval_gcd_2(V_x,V_y,B) = 0
     [0>=V_y] 
* CE 14: eval_gcd_2(V_x,V_y,B) = 0
     [0>=V_x] 

### Cost equations --> "Loop" of eval_gcd_2/3 
* CEs [11] --> Loop 11 
* CEs [13] --> Loop 12 
* CEs [14] --> Loop 13 
* CEs [12] --> Loop 14 

#### Loops of eval_gcd_2/3 
* Loop 11: eval_gcd_2(V_x,V_y,B) [V_x+V_y>=3,V_y>=1,V_x>=1] 
* Loop 12: eval_gcd_2(V_x,V_y,B) [0>=V_y] 
* Loop 13: eval_gcd_2(V_x,V_y,B) [0>=V_x] 
* Loop 14: eval_gcd_2(A,A,B) [A>=1] 

### Ranking functions of CR eval_gcd_2(V_x,V_y,B) 

#### Partial ranking functions of CR eval_gcd_2(V_x,V_y,B) 


### Resulting Chains:eval_gcd_2(V_x,V_y,B) 
* [14]
* [13]
* [12]
* [11]


### Specialization of cost equations eval_gcd_start/3 
* CE 1 is refined into CE [15,16,17,18] 


#### Refined cost equations eval_gcd_start/3 
* CE 15: eval_gcd_start(A,A,B) = 0+ eval_gcd_2(A,A,B):[14]
     [A>=1] 
* CE 16: eval_gcd_start(V_x,V_y,B) = 0+ eval_gcd_2(V_x,V_y,B):[13]
     [0>=V_x] 
* CE 17: eval_gcd_start(V_x,V_y,B) = 0+ eval_gcd_2(V_x,V_y,B):[12]
     [0>=V_y] 
* CE 18: eval_gcd_start(V_x,V_y,B) = 0+ eval_gcd_2(V_x,V_y,B):[11]
     [V_x+V_y>=3,V_y>=1,V_x>=1] 

### Cost equations --> "Loop" of eval_gcd_start/3 
* CEs [18] --> Loop 15 
* CEs [17] --> Loop 16 
* CEs [16] --> Loop 17 
* CEs [15] --> Loop 18 

#### Loops of eval_gcd_start/3 
* Loop 15: eval_gcd_start(V_x,V_y,B) [V_x+V_y>=3,V_y>=1,V_x>=1] 
* Loop 16: eval_gcd_start(V_x,V_y,B) [0>=V_y] 
* Loop 17: eval_gcd_start(V_x,V_y,B) [0>=V_x] 
* Loop 18: eval_gcd_start(A,A,B) [A>=1] 

### Ranking functions of CR eval_gcd_start(V_x,V_y,B) 

#### Partial ranking functions of CR eval_gcd_start(V_x,V_y,B) 


### Resulting Chains:eval_gcd_start(V_x,V_y,B) 
* [18]
* [17]
* [16]
* [15]


Computing Bounds
=====================================

#### Cost of loops [8,9] 

 * loop 8:eval_gcd_bb1_in(V__01,V__0,B) -> [eval_gcd_bb1_in(V__01',V__0',B')] 
1
 * loop 9:eval_gcd_bb1_in(V__01,V__0,B) -> [eval_gcd_bb1_in(V__01',V__0',B')] 
1
#### Cost of phase [8,9]:eval_gcd_bb1_in(V__01,V__0,B) -> [eval_gcd_bb1_in(V__01',V__0',B')] 
1*it(8)+1*it(9)+0
  Such that:aux(4) =< -V__01+V__0
aux(2) =< V__01-V__0
aux(5) =< V__01
aux(6) =< V__01+V__0
aux(7) =< V__01+V__0-V__01'-V__0'
aux(8) =< V__01-V__01'
aux(9) =< V__0
aux(10) =< V__0-V__0'
aux(3) =< aux(5)
it(8) =< aux(5)
it(8) =< aux(6)
it(9) =< aux(6)
it(8) =< aux(7)
it(9) =< aux(7)
aux(3) =< aux(8)
it(8) =< aux(8)
aux(1) =< aux(9)
it(9) =< aux(9)
aux(1) =< aux(10)
it(9) =< aux(10)
it(9) =< aux(3)+aux(4)
it(8) =< aux(1)+aux(2)

#### Cost of chains of eval_gcd_bb1_in(V__01,V__0,B):
* Chain [[8,9],10]: 1*it(8)+1*it(9)+0
  Such that:aux(4) =< -V__01+V__0
aux(2) =< V__01-V__0
aux(11) =< V__01
aux(12) =< V__01+V__0
aux(13) =< V__0
it(8) =< aux(11)
it(8) =< aux(12)
it(9) =< aux(12)
it(9) =< aux(13)
it(9) =< aux(11)+aux(4)
it(8) =< aux(13)+aux(2)

  with precondition: [B=2,V__01>=1,V__0>=1,V__0+V__01>=3] 

* Chain [10]: 0
  with precondition: [B=2,V__0=V__01,V__0>=1] 


#### Cost of chains of eval_gcd_2(V_x,V_y,B):
* Chain [14]: 1
  with precondition: [V_x=V_y,V_x>=1] 

* Chain [13]: 0
  with precondition: [0>=V_x] 

* Chain [12]: 0
  with precondition: [0>=V_y] 

* Chain [11]: 1*s(6)+1*s(7)+1
  Such that:s(2) =< -V_x+V_y
s(5) =< V_x
s(1) =< V_x-V_y
s(4) =< V_x+V_y
s(3) =< V_y
s(6) =< s(3)
s(6) =< s(4)
s(7) =< s(4)
s(7) =< s(5)
s(7) =< s(3)+s(1)
s(6) =< s(5)+s(2)

  with precondition: [V_x>=1,V_y>=1,V_x+V_y>=3] 


#### Cost of chains of eval_gcd_start(V_x,V_y,B):
* Chain [18]: 1
  with precondition: [V_x=V_y,V_x>=1] 

* Chain [17]: 0
  with precondition: [0>=V_x] 

* Chain [16]: 0
  with precondition: [0>=V_y] 

* Chain [15]: 1*s(13)+1*s(14)+1
  Such that:s(8) =< -V_x+V_y
s(9) =< V_x
s(10) =< V_x-V_y
s(11) =< V_x+V_y
s(12) =< V_y
s(13) =< s(12)
s(13) =< s(11)
s(14) =< s(11)
s(14) =< s(9)
s(14) =< s(12)+s(10)
s(13) =< s(9)+s(8)

  with precondition: [V_x>=1,V_y>=1,V_x+V_y>=3] 


Closed-form bounds of eval_gcd_start(V_x,V_y,B): 
-------------------------------------
* Chain [18] with precondition: [V_x=V_y,V_x>=1] 
    - Upper bound: 1 
    - Complexity: constant 
* Chain [17] with precondition: [0>=V_x] 
    - Upper bound: 0 
    - Complexity: constant 
* Chain [16] with precondition: [0>=V_y] 
    - Upper bound: 0 
    - Complexity: constant 
* Chain [15] with precondition: [V_x>=1,V_y>=1,V_x+V_y>=3] 
    - Upper bound: V_x+2*V_y+1 
    - Complexity: n 

### Maximum cost of eval_gcd_start(V_x,V_y,B): max([1,nat(V_y)+1+nat(V_x+V_y)]) 
Asymptotic class: n 

Time statistics: 
-------------------------------------
* Partial evaluation computed in 9 ms.
* Invariants computed in 13 ms.
   - Backward Invariants 6 ms.
   - Transitive Invariants 4 ms.
* Refinement performed in 22 ms.
* Termination proved in 8 ms.
* Upper bounds computed in 55 ms.
   - Equation cost structures 13 ms.
   - Phase cost structures 30 ms.
   - Chain cost structures 10 ms.
   - Solving cost expressions 1 ms.
* Total analysis performed in 120 ms.

