Warning: Ignored call to eval_real2_stop/1 in equation eval_real2_bb6_in/1 

Preprocessing Cost Relations
=====================================

#### Computed strongly connected components 
0. recursive  : [eval_real2_bb2_in/7,eval_real2_bb3_in/7,eval_real2_bb4_in/7,eval_real2_bb5_in/8]
1. recursive  : [eval_real2_bb1_in/3,loop_cont_eval_real2_bb2_in/4]
2. non_recursive  : [eval_real2_bb6_in/1]
3. non_recursive  : [loop_cont_eval_real2_bb1_in/2]
4. non_recursive  : [eval_real2_8/2]
5. non_recursive  : [eval_real2_7/2]
6. non_recursive  : [eval_real2_6/2]
7. non_recursive  : [eval_real2_5/2]
8. non_recursive  : [eval_real2_4/2]
9. non_recursive  : [eval_real2_3/2]
10. non_recursive  : [eval_real2_2/2]
11. non_recursive  : [eval_real2_1/2]
12. non_recursive  : [eval_real2_0/2]
13. non_recursive  : [eval_real2_bb0_in/2]
14. non_recursive  : [eval_real2_start/2]

#### Obtained direct recursion through partial evaluation 
0. SCC is partially evaluated into eval_real2_bb2_in/7
1. SCC is partially evaluated into eval_real2_bb1_in/3
2. SCC is completely evaluated into other SCCs
3. SCC is completely evaluated into other SCCs
4. SCC is partially evaluated into eval_real2_8/2
5. SCC is completely evaluated into other SCCs
6. SCC is completely evaluated into other SCCs
7. SCC is completely evaluated into other SCCs
8. SCC is completely evaluated into other SCCs
9. SCC is completely evaluated into other SCCs
10. SCC is completely evaluated into other SCCs
11. SCC is completely evaluated into other SCCs
12. SCC is completely evaluated into other SCCs
13. SCC is completely evaluated into other SCCs
14. SCC is partially evaluated into eval_real2_start/2

Control-Flow Refinement of Cost Relations
=====================================

### Specialization of cost equations eval_real2_bb2_in/7 
* CE 8 is refined into CE [9] 
* CE 6 is refined into CE [10] 
* CE 7 is refined into CE [11] 


#### Refined cost equations eval_real2_bb2_in/7 
* CE 9: eval_real2_bb2_in(A,B,C,D,E,A,D) = 0
     [C>=D,C+1>=A,D>=0,E=2] 
* CE 10: eval_real2_bb2_in(V_len,V_again_0,V_i_0,V_again_1,B,C,D) = 1+ eval_real2_bb2_in(V_len,V_again_0,E,V_again_1,F,C,D)
     [V_i_0>=V_again_1,V_len>=V_i_0+2,V_again_1>=0,V_i_0+1=E,F=2,B=2] 
* CE 11: eval_real2_bb2_in(V_len,V_again_0,V_i_0,V_again_1,B,C,D) = 1+ eval_real2_bb2_in(V_len,V_again_0,E,F,G,C,D)
     [V_i_0>=V_again_1,V_len>=V_i_0+2,V_again_1>=0,V_i_0+1=E,G=2,F=1,B=2] 

### Cost equations --> "Loop" of eval_real2_bb2_in/7 
* CEs [10] --> Loop 9 
* CEs [11] --> Loop 10 
* CEs [9] --> Loop 11 

#### Loops of eval_real2_bb2_in/7 
* Loop 9: eval_real2_bb2_in(V_len,V_again_0,V_i_0,V_again_1,B,C,D)->  eval_real2_bb2_in(V_len,V_again_0,V_i_0',V_again_1,B',C,D)
                  [V_i_0>=V_again_1,V_len>=V_i_0+2,V_again_1>=0,V_i_0+1=V_i_0',B'=2,B=2] 
* Loop 10: eval_real2_bb2_in(V_len,V_again_0,V_i_0,V_again_1,B,C,D)->  eval_real2_bb2_in(V_len,V_again_0,V_i_0',V_again_1',B',C,D)
                  [V_i_0>=V_again_1,V_len>=V_i_0+2,V_again_1>=0,V_i_0+1=V_i_0',B'=2,V_again_1'=1,B=2] 
* Loop 11: eval_real2_bb2_in(A,B,C,D,E,A,D) [C>=D,C+1>=A,D>=0,E=2] 

### Ranking functions of CR eval_real2_bb2_in(V_len,V_again_0,V_i_0,V_again_1,B,C,D) 
* RF of phase [9,10]: [V_len-V_i_0-1]

#### Partial ranking functions of CR eval_real2_bb2_in(V_len,V_again_0,V_i_0,V_again_1,B,C,D) 
* Partial RF of phase [9,10]:
  - RF of loop [9:1,10:1]:
    V_len-V_i_0-1


### Resulting Chains:eval_real2_bb2_in(V_len,V_again_0,V_i_0,V_again_1,B,C,D) 
* [[9,10],11]
* [11]


### Specialization of cost equations eval_real2_bb1_in/3 
* CE 5 is refined into CE [12] 
* CE 3 is refined into CE [13,14] 
* CE 4 is refined into CE [15,16] 


#### Refined cost equations eval_real2_bb1_in/3 
* CE 12: eval_real2_bb1_in(V_len,V_again_0,B) = 0
     [B=3,V_again_0=0] 
* CE 13: eval_real2_bb1_in(V_len,V_again_0,B) = 2+ eval_real2_bb2_in(V_len,V_again_0,C,D,E,V_len,F):[[9,10],11]+ eval_real2_bb1_in(V_len,F,G)
     [V_len>=F+1,F>=0,V_len>=2,V_again_0>=1,G=3,E=2,D=0,C=0,B=3] 
* CE 14: eval_real2_bb1_in(V_len,V_again_0,B) = 2+ eval_real2_bb2_in(V_len,V_again_0,C,D,E,V_len,F):[11]+ eval_real2_bb1_in(V_len,G,H)
     [V_again_0>=1,1>=V_len,H=3,G=0,F=0,E=2,D=0,C=0,B=3] 
* CE 15: eval_real2_bb1_in(V_len,V_again_0,B) = 2+ eval_real2_bb2_in(V_len,V_again_0,C,D,E,V_len,F):[[9,10],11]+ eval_real2_bb1_in(V_len,F,G)
     [V_len>=F+1,F>=0,V_len>=2,0>=V_again_0+1,G=3,E=2,D=0,C=0,B=3] 
* CE 16: eval_real2_bb1_in(V_len,V_again_0,B) = 2+ eval_real2_bb2_in(V_len,V_again_0,C,D,E,V_len,F):[11]+ eval_real2_bb1_in(V_len,G,H)
     [1>=V_len,0>=V_again_0+1,H=3,G=0,F=0,E=2,D=0,C=0,B=3] 

### Cost equations --> "Loop" of eval_real2_bb1_in/3 
* CEs [13] --> Loop 12 
* CEs [15] --> Loop 13 
* CEs [14] --> Loop 14 
* CEs [16] --> Loop 15 
* CEs [12] --> Loop 16 

#### Loops of eval_real2_bb1_in/3 
* Loop 12: eval_real2_bb1_in(V_len,V_again_0,B)->  eval_real2_bb1_in(V_len,V_again_0',B')
                  [V_len>=V_again_0'+1,V_again_0'>=0,V_again_0>=1,V_len>=2,B'=3,B=3] 
* Loop 13: eval_real2_bb1_in(V_len,V_again_0,B)->  eval_real2_bb1_in(V_len,V_again_0',B')
                  [V_len>=V_again_0'+1,V_again_0'>=0,V_len>=2,0>=V_again_0+1,B'=3,B=3] 
* Loop 14: eval_real2_bb1_in(V_len,V_again_0,B)->  eval_real2_bb1_in(V_len,V_again_0',B')
                  [V_again_0>=1,1>=V_len,B'=3,V_again_0'=0,B=3] 
* Loop 15: eval_real2_bb1_in(V_len,V_again_0,B)->  eval_real2_bb1_in(V_len,V_again_0',B')
                  [0>=V_again_0+1,1>=V_len,B'=3,V_again_0'=0,B=3] 
* Loop 16: eval_real2_bb1_in(V_len,V_again_0,B) [B=3,V_again_0=0] 

### Ranking functions of CR eval_real2_bb1_in(V_len,V_again_0,B) 

#### Partial ranking functions of CR eval_real2_bb1_in(V_len,V_again_0,B) 


### Resulting Chains:eval_real2_bb1_in(V_len,V_again_0,B) 
* [[12]]...
* [[12],16]
* [14,16]


### Specialization of cost equations eval_real2_8/2 
* CE 2 is refined into CE [17,18,19] 


#### Refined cost equations eval_real2_8/2 
* CE 17: eval_real2_8(V_len,B) = 1+ eval_real2_bb1_in(V_len,C,D):[[12]]
     [V_len>=2,D=3,C=1] 
* CE 18: eval_real2_8(V_len,B) = 1+ eval_real2_bb1_in(V_len,C,D):[[12],16]
     [V_len>=2,D=3,C=1] 
* CE 19: eval_real2_8(V_len,B) = 1+ eval_real2_bb1_in(V_len,C,D):[14,16]
     [1>=V_len,D=3,C=1] 

### Cost equations --> "Loop" of eval_real2_8/2 
* CEs [18] --> Loop 17 
* CEs [19] --> Loop 18 
* CEs [17] --> Loop 19 

#### Loops of eval_real2_8/2 
* Loop 17: eval_real2_8(V_len,B) [V_len>=2] 
* Loop 18: eval_real2_8(V_len,B) [1>=V_len] 
* Loop 19: eval_real2_8(V_len,B) [V_len>=2] 

### Ranking functions of CR eval_real2_8(V_len,B) 

#### Partial ranking functions of CR eval_real2_8(V_len,B) 


### Resulting Chains:eval_real2_8(V_len,B) 
* [19]...
* [18]
* [17]


### Specialization of cost equations eval_real2_start/2 
* CE 1 is refined into CE [20,21,22] 


#### Refined cost equations eval_real2_start/2 
* CE 20: eval_real2_start(V_len,B) = 0+ eval_real2_8(V_len,B):[19]
     [V_len>=2] 
* CE 21: eval_real2_start(V_len,B) = 0+ eval_real2_8(V_len,B):[18]
     [1>=V_len] 
* CE 22: eval_real2_start(V_len,B) = 0+ eval_real2_8(V_len,B):[17]
     [V_len>=2] 

### Cost equations --> "Loop" of eval_real2_start/2 
* CEs [22] --> Loop 20 
* CEs [21] --> Loop 21 
* CEs [20] --> Loop 22 

#### Loops of eval_real2_start/2 
* Loop 20: eval_real2_start(V_len,B) [V_len>=2] 
* Loop 21: eval_real2_start(V_len,B) [1>=V_len] 
* Loop 22: eval_real2_start(V_len,B) [V_len>=2] 

### Ranking functions of CR eval_real2_start(V_len,B) 

#### Partial ranking functions of CR eval_real2_start(V_len,B) 


### Resulting Chains:eval_real2_start(V_len,B) 
* [22]...
* [21]
* [20]


Computing Bounds
=====================================

#### Cost of loops [9,10] 

 * loop 9:eval_real2_bb2_in(V_len,V_again_0,V_i_0,V_again_1,B,C,D) -> [eval_real2_bb2_in(V_len',V_again_0',V_i_0',V_again_1',B',C',D')] 
1
 * loop 10:eval_real2_bb2_in(V_len,V_again_0,V_i_0,V_again_1,B,C,D) -> [eval_real2_bb2_in(V_len',V_again_0',V_i_0',V_again_1',B',C',D')] 
1
#### Cost of phase [9,10]:eval_real2_bb2_in(V_len,V_again_0,V_i_0,V_again_1,B,C,D) -> [eval_real2_bb2_in(V_len',V_again_0',V_i_0',V_again_1',B',C',D')] 
2*it(9)+0
  Such that:aux(1) =< V_len-V_i_0
aux(2) =< V_len-V_i_0-V_len'+V_i_0'
it(9) =< aux(1)
it(9) =< aux(2)

#### Cost of chains of eval_real2_bb2_in(V_len,V_again_0,V_i_0,V_again_1,B,C,D):
* Chain [[9,10],11]: 2*it(9)+0
  Such that:aux(3) =< -V_i_0+C
it(9) =< aux(3)

  with precondition: [B=2,V_len=C,V_again_1>=0,D>=0,V_len>=V_i_0+2,V_i_0>=V_again_1,V_again_1+V_len>=V_i_0+D+1] 

* Chain [11]: 0
  with precondition: [B=2,V_len=C,V_again_1=D,V_again_1>=0,V_i_0+1>=V_len,V_i_0>=V_again_1] 


#### Cost of loops [12] 

 * loop 12:eval_real2_bb1_in(V_len,V_again_0,B) -> [eval_real2_bb1_in(V_len',V_again_0',B')] 
2*s(4)+2
  Such that:s(3) =< V_len
s(4) =< s(3)

#### Cost of phase [12]:eval_real2_bb1_in(V_len,V_again_0,B) -> [eval_real2_bb1_in(V_len',V_again_0',B')] 
2*it(12)+2*s(5)+0
#### Cost of phase [12]:eval_real2_bb1_in(V_len,V_again_0,B) -> [eval_real2_bb1_in(V_len',V_again_0',B')] 
2*it(12)+2*s(5)+0
#### Cost of chains of eval_real2_bb1_in(V_len,V_again_0,B):
* Chain [[12]]...: 4*it(12)+0
  with precondition: [V_len>=2,V_again_0>=1,B=3] 

* Chain [[12],16]: 4*it(12)+0
  with precondition: [B=3,V_len>=2,V_again_0>=1] 

* Chain [14,16]: 2
  with precondition: [V_again_0=1,B=3,1>=V_len] 


#### Cost of chains of eval_real2_8(V_len,B):
* Chain [19]...: 4*s(7)+1
  with precondition: [V_len>=2] 

* Chain [18]: 3
  with precondition: [1>=V_len] 

* Chain [17]: 4*s(8)+1
  with precondition: [V_len>=2] 


#### Cost of chains of eval_real2_start(V_len,B):
* Chain [22]...: 4*s(9)+1
  with precondition: [V_len>=2] 

* Chain [21]: 3
  with precondition: [1>=V_len] 

* Chain [20]: 4*s(10)+1
  with precondition: [V_len>=2] 


Closed-form bounds of eval_real2_start(V_len,B): 
-------------------------------------
* Chain [22]... with precondition: [V_len>=2] 
    - Upper bound: inf 
    - Complexity: infinity 
* Chain [21] with precondition: [1>=V_len] 
    - Upper bound: 3 
    - Complexity: constant 
* Chain [20] with precondition: [V_len>=2] 
    - Upper bound: inf 
    - Complexity: infinity 

### Maximum cost of eval_real2_start(V_len,B): inf 
Asymptotic class: infinity 

Time statistics: 
-------------------------------------
* Partial evaluation computed in 21 ms.
* Invariants computed in 29 ms.
   - Backward Invariants 13 ms.
   - Transitive Invariants 6 ms.
* Refinement performed in 44 ms.
* Termination proved in 6 ms.
* Upper bounds computed in 40 ms.
   - Equation cost structures 11 ms.
   - Phase cost structures 22 ms.
   - Chain cost structures 9 ms.
   - Solving cost expressions 0 ms.
* Total analysis performed in 164 ms.

