Warning: Ignored call to eval_add_pair_to_block_stop/1 in equation eval_add_pair_to_block_bb8_in/1 

Preprocessing Cost Relations
=====================================

#### Computed strongly connected components 
0. recursive  : [eval_add_pair_to_block_bb1_in/2]
1. non_recursive  : [eval_add_pair_to_block_bb8_in/1]
2. non_recursive  : [eval_add_pair_to_block_NewDefault_in/1]
3. non_recursive  : [loop_cont_eval_add_pair_to_block_bb1_in/2]
4. non_recursive  : [eval_add_pair_to_block_bb0_in/1]
5. non_recursive  : [eval_add_pair_to_block_start/1]

#### Obtained direct recursion through partial evaluation 
0. SCC is partially evaluated into eval_add_pair_to_block_bb1_in/2
1. SCC is completely evaluated into other SCCs
2. SCC is completely evaluated into other SCCs
3. SCC is partially evaluated into loop_cont_eval_add_pair_to_block_bb1_in/2
4. SCC is partially evaluated into eval_add_pair_to_block_bb0_in/1
5. SCC is partially evaluated into eval_add_pair_to_block_start/1

Control-Flow Refinement of Cost Relations
=====================================

### Specialization of cost equations eval_add_pair_to_block_bb1_in/2 
* CE 6 is refined into CE [9] 
* CE 5 is refined into CE [10] 
* CE 4 is refined into CE [11] 


#### Refined cost equations eval_add_pair_to_block_bb1_in/2 
* CE 9: eval_add_pair_to_block_bb1_in(V_i_0,B) = 0
     [V_i_0>=0,B=3] 
* CE 10: eval_add_pair_to_block_bb1_in(V_i_0,B) = 0
     [V_i_0>=0,B=2] 
* CE 11: eval_add_pair_to_block_bb1_in(V_i_0,B) = 1+ eval_add_pair_to_block_bb1_in(C,B)
     [V_i_0>=0,V_i_0+1=C] 

### Cost equations --> "Loop" of eval_add_pair_to_block_bb1_in/2 
* CEs [11] --> Loop 8 
* CEs [9] --> Loop 9 
* CEs [10] --> Loop 10 

#### Loops of eval_add_pair_to_block_bb1_in/2 
* Loop 8: eval_add_pair_to_block_bb1_in(V_i_0,B)->  eval_add_pair_to_block_bb1_in(V_i_0',B)
                  [V_i_0>=0,V_i_0+1=V_i_0'] 
* Loop 9: eval_add_pair_to_block_bb1_in(V_i_0,B) [V_i_0>=0,B=3] 
* Loop 10: eval_add_pair_to_block_bb1_in(V_i_0,B) [V_i_0>=0,B=2] 

### Ranking functions of CR eval_add_pair_to_block_bb1_in(V_i_0,B) 

#### Partial ranking functions of CR eval_add_pair_to_block_bb1_in(V_i_0,B) 


### Resulting Chains:eval_add_pair_to_block_bb1_in(V_i_0,B) 
* [[8]]...
* [[8],10]
* [[8],9]
* [10]
* [9]


### Merging Chains  eval_add_pair_to_block_bb1_in/2 into  External patterns of execution 
* [[10],[10,[8]]] --> 1 
* [[9],[9,[8]]] --> 2 
* [[[8]]] --> 3 


### Specialization of cost equations loop_cont_eval_add_pair_to_block_bb1_in/2 
* CE 8 is refined into CE [12] 
* CE 7 is refined into CE [13] 


#### Refined cost equations loop_cont_eval_add_pair_to_block_bb1_in/2 
* CE 12: loop_cont_eval_add_pair_to_block_bb1_in(B,A) = 0
     [B=3] 
* CE 13: loop_cont_eval_add_pair_to_block_bb1_in(B,A) = 0
     [B=2] 

### Cost equations --> "Loop" of loop_cont_eval_add_pair_to_block_bb1_in/2 
* CEs [12] --> Loop 11 
* CEs [13] --> Loop 12 

#### Loops of loop_cont_eval_add_pair_to_block_bb1_in/2 
* Loop 11: loop_cont_eval_add_pair_to_block_bb1_in(B,A) [B=3] 
* Loop 12: loop_cont_eval_add_pair_to_block_bb1_in(B,A) [B=2] 

### Ranking functions of CR loop_cont_eval_add_pair_to_block_bb1_in(B,A) 

#### Partial ranking functions of CR loop_cont_eval_add_pair_to_block_bb1_in(B,A) 


### Resulting Chains:loop_cont_eval_add_pair_to_block_bb1_in(B,A) 
* [12]
* [11]


### Merging Chains  loop_cont_eval_add_pair_to_block_bb1_in/2 into  External patterns of execution 
* [[12]] --> 1 
* [[11]] --> 2 


### Specialization of cost equations eval_add_pair_to_block_bb0_in/1 
* CE 3 is refined into CE [14,15,16] 


#### Refined cost equations eval_add_pair_to_block_bb0_in/1 
* CE 14: eval_add_pair_to_block_bb0_in(B) = 1+ eval_add_pair_to_block_bb1_in(C,D):1+ loop_cont_eval_add_pair_to_block_bb1_in(E,B):1
     [E=2,D=2,C=0] 
* CE 15: eval_add_pair_to_block_bb0_in(B) = 1+ eval_add_pair_to_block_bb1_in(C,D):2+ loop_cont_eval_add_pair_to_block_bb1_in(E,B):2
     [E=3,D=3,C=0] 
* CE 16: eval_add_pair_to_block_bb0_in(B) = 1+ eval_add_pair_to_block_bb1_in(C,D):3
     [C=0] 

### Cost equations --> "Loop" of eval_add_pair_to_block_bb0_in/1 
* CEs [16] --> Loop 13 
* CEs [14,15] --> Loop 14 

#### Loops of eval_add_pair_to_block_bb0_in/1 
* Loop 13: eval_add_pair_to_block_bb0_in(B) [] 
* Loop 14: eval_add_pair_to_block_bb0_in(B) [] 

### Ranking functions of CR eval_add_pair_to_block_bb0_in(B) 

#### Partial ranking functions of CR eval_add_pair_to_block_bb0_in(B) 


### Resulting Chains:eval_add_pair_to_block_bb0_in(B) 
* [14]
* [13]...


### Merging Chains  eval_add_pair_to_block_bb0_in/1 into  External patterns of execution 
* [[14]] --> 1 
* [[13]] --> 2 


### Specialization of cost equations eval_add_pair_to_block_start/1 
* CE 2 is refined into CE [17,18] 


#### Refined cost equations eval_add_pair_to_block_start/1 
* CE 17: eval_add_pair_to_block_start(B) = 0+ eval_add_pair_to_block_bb0_in(B):1
     [] 
* CE 18: eval_add_pair_to_block_start(B) = 0+ eval_add_pair_to_block_bb0_in(B):2
     [] 

### Cost equations --> "Loop" of eval_add_pair_to_block_start/1 
* CEs [18] --> Loop 15 
* CEs [17] --> Loop 16 

#### Loops of eval_add_pair_to_block_start/1 
* Loop 15: eval_add_pair_to_block_start(B) [] 
* Loop 16: eval_add_pair_to_block_start(B) [] 

### Ranking functions of CR eval_add_pair_to_block_start(B) 

#### Partial ranking functions of CR eval_add_pair_to_block_start(B) 


### Resulting Chains:eval_add_pair_to_block_start(B) 
* [16]
* [15]...


### Merging Chains  eval_add_pair_to_block_start/1 into  External patterns of execution 
* [[16]] --> 1 
* [[15]] --> 2 


Computing Bounds
=====================================

#### Cost of loops [8] 

 * loop 8:eval_add_pair_to_block_bb1_in(V_i_0,B) -> [eval_add_pair_to_block_bb1_in(V_i_0',B')] 
1
#### Cost of phase [8]:eval_add_pair_to_block_bb1_in(V_i_0,B) -> [eval_add_pair_to_block_bb1_in(V_i_0',B')] 
1*it(8)+0
#### Cost of phase [8]:eval_add_pair_to_block_bb1_in(V_i_0,B) -> [eval_add_pair_to_block_bb1_in(V_i_0',B')] 
1*it(8)+0
#### Cost of phase [8]:eval_add_pair_to_block_bb1_in(V_i_0,B) -> [eval_add_pair_to_block_bb1_in(V_i_0',B')] 
1*it(8)+0
#### Cost of chains of eval_add_pair_to_block_bb1_in(V_i_0,B):
* Chain [[8]]...: 1*it(8)+0
  with precondition: [V_i_0>=0] 

* Chain [[8],10]: 1*it(8)+0
  with precondition: [B=2,V_i_0>=0] 

* Chain [[8],9]: 1*it(8)+0
  with precondition: [B=3,V_i_0>=0] 

* Chain [10]: 0
  with precondition: [B=2,V_i_0>=0] 

* Chain [9]: 0
  with precondition: [B=3,V_i_0>=0] 


#### Cost of chains of loop_cont_eval_add_pair_to_block_bb1_in(B,A):
* Chain [12]: 0
  with precondition: [B=2] 

* Chain [11]: 0
  with precondition: [B=3] 


#### Cost of chains of eval_add_pair_to_block_bb0_in(B):
* Chain [14]: 1*aux(3)+0
  with precondition: [] 

* Chain [13]...: 1*s(5)+1
  with precondition: [] 


#### Cost of chains of eval_add_pair_to_block_start(B):
* Chain [16]: 1*s(6)+0
  with precondition: [] 

* Chain [15]...: 1*s(7)+1
  with precondition: [] 


Closed-form bounds of eval_add_pair_to_block_start(B): 
-------------------------------------
* Chain [16] with precondition: [] 
    - Upper bound: inf 
    - Complexity: infinity 
* Chain [15]... with precondition: [] 
    - Upper bound: inf 
    - Complexity: infinity 

### Maximum cost of eval_add_pair_to_block_start(B): inf 
Asymptotic class: infinity 

Time statistics: 
-------------------------------------
* Partial evaluation computed in 10 ms.
* Invariants computed in 19 ms.
   - Backward Invariants 10 ms.
   - Transitive Invariants 2 ms.
* Refinement performed in 30 ms.
* Termination proved in 2 ms.
* Upper bounds computed in 25 ms.
   - Equation cost structures 10 ms.
   - Phase cost structures 4 ms.
   - Chain cost structures 9 ms.
   - Solving cost expressions 0 ms.
* Total analysis performed in 113 ms.

