Warning: Ignored call to eval_uInt64_isZero_stop/1 in equation eval_uInt64_isZero_bb4_in/1 

Preprocessing Cost Relations
=====================================

#### Computed strongly connected components 
0. recursive  : [eval_uInt64_isZero_bb1_in/2]
1. non_recursive  : [eval_uInt64_isZero_bb4_in/1]
2. non_recursive  : [loop_cont_eval_uInt64_isZero_bb1_in/2]
3. non_recursive  : [eval_uInt64_isZero_bb0_in/1]
4. non_recursive  : [eval_uInt64_isZero_start/1]

#### Obtained direct recursion through partial evaluation 
0. SCC is partially evaluated into eval_uInt64_isZero_bb1_in/2
1. SCC is completely evaluated into other SCCs
2. SCC is completely evaluated into other SCCs
3. SCC is partially evaluated into eval_uInt64_isZero_bb0_in/1
4. SCC is partially evaluated into eval_uInt64_isZero_start/1

Control-Flow Refinement of Cost Relations
=====================================

### Specialization of cost equations eval_uInt64_isZero_bb1_in/2 
* CE 6 is refined into CE [7] 
* CE 4 is refined into CE [8] 
* CE 5 is refined into CE [9] 


#### Refined cost equations eval_uInt64_isZero_bb1_in/2 
* CE 7: eval_uInt64_isZero_bb1_in(V_i_0,B) = 0
     [V_i_0>=8,B=2] 
* CE 8: eval_uInt64_isZero_bb1_in(V_i_0,B) = 0
     [V_i_0>=0,7>=V_i_0,B=2] 
* CE 9: eval_uInt64_isZero_bb1_in(V_i_0,B) = 1+ eval_uInt64_isZero_bb1_in(C,D)
     [V_i_0>=0,7>=V_i_0,V_i_0+1=C,D=2,B=2] 

### Cost equations --> "Loop" of eval_uInt64_isZero_bb1_in/2 
* CEs [9] --> Loop 6 
* CEs [7] --> Loop 7 
* CEs [8] --> Loop 8 

#### Loops of eval_uInt64_isZero_bb1_in/2 
* Loop 6: eval_uInt64_isZero_bb1_in(V_i_0,B)->  eval_uInt64_isZero_bb1_in(V_i_0',B')
                  [V_i_0>=0,7>=V_i_0,V_i_0+1=V_i_0',B'=2,B=2] 
* Loop 7: eval_uInt64_isZero_bb1_in(V_i_0,B) [V_i_0>=8,B=2] 
* Loop 8: eval_uInt64_isZero_bb1_in(V_i_0,B) [V_i_0>=0,7>=V_i_0,B=2] 

### Ranking functions of CR eval_uInt64_isZero_bb1_in(V_i_0,B) 
* RF of phase [6]: [-V_i_0+8]

#### Partial ranking functions of CR eval_uInt64_isZero_bb1_in(V_i_0,B) 
* Partial RF of phase [6]:
  - RF of loop [6:1]:
    -V_i_0+8


### Resulting Chains:eval_uInt64_isZero_bb1_in(V_i_0,B) 
* [[6],8]
* [[6],7]
* [8]


### Merging Chains  eval_uInt64_isZero_bb1_in/2 into  External patterns of execution 
* [[8],[7,[6]],[8,[6]]] --> 1 


### Specialization of cost equations eval_uInt64_isZero_bb0_in/1 
* CE 3 is refined into CE [10] 


#### Refined cost equations eval_uInt64_isZero_bb0_in/1 
* CE 10: eval_uInt64_isZero_bb0_in(B) = 1+ eval_uInt64_isZero_bb1_in(C,D):1
     [D=2,C=0] 

### Cost equations --> "Loop" of eval_uInt64_isZero_bb0_in/1 
* CEs [10] --> Loop 9 

#### Loops of eval_uInt64_isZero_bb0_in/1 
* Loop 9: eval_uInt64_isZero_bb0_in(B) [] 

### Ranking functions of CR eval_uInt64_isZero_bb0_in(B) 

#### Partial ranking functions of CR eval_uInt64_isZero_bb0_in(B) 


### Resulting Chains:eval_uInt64_isZero_bb0_in(B) 
* [9]


### Merging Chains  eval_uInt64_isZero_bb0_in/1 into  External patterns of execution 
* [[9]] --> 1 


### Specialization of cost equations eval_uInt64_isZero_start/1 
* CE 2 is refined into CE [11] 


#### Refined cost equations eval_uInt64_isZero_start/1 
* CE 11: eval_uInt64_isZero_start(B) = 0+ eval_uInt64_isZero_bb0_in(B):1
     [] 

### Cost equations --> "Loop" of eval_uInt64_isZero_start/1 
* CEs [11] --> Loop 10 

#### Loops of eval_uInt64_isZero_start/1 
* Loop 10: eval_uInt64_isZero_start(B) [] 

### Ranking functions of CR eval_uInt64_isZero_start(B) 

#### Partial ranking functions of CR eval_uInt64_isZero_start(B) 


### Resulting Chains:eval_uInt64_isZero_start(B) 
* [10]


### Merging Chains  eval_uInt64_isZero_start/1 into  External patterns of execution 
* [[10]] --> 1 


Computing Bounds
=====================================

#### Cost of loops [6] 

 * loop 6:eval_uInt64_isZero_bb1_in(V_i_0,B) -> [eval_uInt64_isZero_bb1_in(V_i_0',B')] 
1
#### Cost of phase [6]:eval_uInt64_isZero_bb1_in(V_i_0,B) -> [eval_uInt64_isZero_bb1_in(V_i_0',B')] 
1*it(6)+0
  Such that:it(6) =< -V_i_0+8
it(6) =< -V_i_0+V_i_0'

#### Cost of phase [6]:eval_uInt64_isZero_bb1_in(V_i_0,B) -> [eval_uInt64_isZero_bb1_in(V_i_0',B')] 
1*it(6)+0
  Such that:it(6) =< -V_i_0+8
it(6) =< -V_i_0+V_i_0'

#### Cost of chains of eval_uInt64_isZero_bb1_in(V_i_0,B):
* Chain [[6],8]: 1*it(6)+0
  Such that:it(6) =< -V_i_0+7

  with precondition: [B=2,6>=V_i_0,V_i_0>=0] 

* Chain [[6],7]: 1*it(6)+0
  Such that:it(6) =< -V_i_0+8

  with precondition: [B=2,7>=V_i_0,V_i_0>=0] 

* Chain [8]: 0
  with precondition: [B=2,7>=V_i_0,V_i_0>=0] 


#### Cost of chains of eval_uInt64_isZero_bb0_in(B):
* Chain [9]: 1*s(3)+1*s(4)+1
  Such that:s(3) =< 7
s(4) =< 8

  with precondition: [] 


#### Cost of chains of eval_uInt64_isZero_start(B):
* Chain [10]: 1*s(5)+1*s(6)+1
  Such that:s(5) =< 7
s(6) =< 8

  with precondition: [] 


Closed-form bounds of eval_uInt64_isZero_start(B): 
-------------------------------------
* Chain [10] with precondition: [] 
    - Upper bound: 16 
    - Complexity: constant 

### Maximum cost of eval_uInt64_isZero_start(B): 16 
Asymptotic class: constant 

Time statistics: 
-------------------------------------
* Partial evaluation computed in 3 ms.
* Invariants computed in 6 ms.
   - Backward Invariants 3 ms.
   - Transitive Invariants 1 ms.
* Refinement performed in 6 ms.
* Termination proved in 1 ms.
* Upper bounds computed in 9 ms.
   - Equation cost structures 3 ms.
   - Phase cost structures 2 ms.
   - Chain cost structures 4 ms.
   - Solving cost expressions 0 ms.
* Total analysis performed in 35 ms.

