Warning: Ignored call to eval_handle_compress_stop/1 in equation eval_handle_compress_bb18_in/1 

Preprocessing Cost Relations
=====================================

#### Computed strongly connected components 
0. recursive  : [eval_handle_compress_14/1,eval_handle_compress_15/1,eval_handle_compress_17/1,eval_handle_compress_18/1,eval_handle_compress_2/1,eval_handle_compress_23/1,eval_handle_compress_24/1,eval_handle_compress_28/1,eval_handle_compress_29/1,eval_handle_compress_3/1,eval_handle_compress_37/1,eval_handle_compress_38/1,eval_handle_compress_41/2,eval_handle_compress_42/2,eval_handle_compress_47/1,eval_handle_compress_48/1,eval_handle_compress_bb13_in/1,eval_handle_compress_bb1_in/1,eval_handle_compress_bb6_in/1,eval_handle_compress_bb9_in/1]
1. non_recursive  : [eval_handle_compress_bb18_in/1]
2. non_recursive  : [eval_handle_compress_bb16_in/1]
3. non_recursive  : [loop_cont_eval_handle_compress_bb1_in/2]
4. non_recursive  : [eval_handle_compress_bb0_in/1]
5. non_recursive  : [eval_handle_compress_start/1]

#### Obtained direct recursion through partial evaluation 
0. SCC is partially evaluated into eval_handle_compress_bb1_in/1
1. SCC is completely evaluated into other SCCs
2. SCC is completely evaluated into other SCCs
3. SCC is completely evaluated into other SCCs
4. SCC is partially evaluated into eval_handle_compress_bb0_in/1
5. SCC is partially evaluated into eval_handle_compress_start/1

Control-Flow Refinement of Cost Relations
=====================================

### Specialization of cost equations eval_handle_compress_bb1_in/1 
* CE 5 is refined into CE [6] 
* CE 4 is refined into CE [7] 


#### Refined cost equations eval_handle_compress_bb1_in/1 
* CE 6: eval_handle_compress_bb1_in(B) = 1+ eval_handle_compress_bb1_in(C)
     [C=2,B=2] 
* CE 7: eval_handle_compress_bb1_in(B) = 0
     [B=2] 

### Cost equations --> "Loop" of eval_handle_compress_bb1_in/1 
* CEs [7] --> Loop 5 
* CEs [6] --> Loop 6 

#### Loops of eval_handle_compress_bb1_in/1 
* Loop 5: eval_handle_compress_bb1_in(B) [B=2] 
* Loop 6: eval_handle_compress_bb1_in(B)->  eval_handle_compress_bb1_in(B')
                  [B'=2,B=2] 

### Ranking functions of CR eval_handle_compress_bb1_in(B) 

#### Partial ranking functions of CR eval_handle_compress_bb1_in(B) 


### Resulting Chains:eval_handle_compress_bb1_in(B) 
* [[6]]...
* [[6],5]
* [5]


### Merging Chains  eval_handle_compress_bb1_in/1 into  External patterns of execution 
* [[5],[5,[6]]] --> 1 
* [[[6]]] --> 2 


### Specialization of cost equations eval_handle_compress_bb0_in/1 
* CE 3 is refined into CE [8,9] 


#### Refined cost equations eval_handle_compress_bb0_in/1 
* CE 8: eval_handle_compress_bb0_in(B) = 1+ eval_handle_compress_bb1_in(C):1
     [C=2] 
* CE 9: eval_handle_compress_bb0_in(B) = 1+ eval_handle_compress_bb1_in(C):2
     [C=2] 

### Cost equations --> "Loop" of eval_handle_compress_bb0_in/1 
* CEs [9] --> Loop 7 
* CEs [8] --> Loop 8 

#### Loops of eval_handle_compress_bb0_in/1 
* Loop 7: eval_handle_compress_bb0_in(B) [] 
* Loop 8: eval_handle_compress_bb0_in(B) [] 

### Ranking functions of CR eval_handle_compress_bb0_in(B) 

#### Partial ranking functions of CR eval_handle_compress_bb0_in(B) 


### Resulting Chains:eval_handle_compress_bb0_in(B) 
* [8]
* [7]...


### Merging Chains  eval_handle_compress_bb0_in/1 into  External patterns of execution 
* [[8]] --> 1 
* [[7]] --> 2 


### Specialization of cost equations eval_handle_compress_start/1 
* CE 2 is refined into CE [10,11] 


#### Refined cost equations eval_handle_compress_start/1 
* CE 10: eval_handle_compress_start(B) = 0+ eval_handle_compress_bb0_in(B):1
     [] 
* CE 11: eval_handle_compress_start(B) = 0+ eval_handle_compress_bb0_in(B):2
     [] 

### Cost equations --> "Loop" of eval_handle_compress_start/1 
* CEs [11] --> Loop 9 
* CEs [10] --> Loop 10 

#### Loops of eval_handle_compress_start/1 
* Loop 9: eval_handle_compress_start(B) [] 
* Loop 10: eval_handle_compress_start(B) [] 

### Ranking functions of CR eval_handle_compress_start(B) 

#### Partial ranking functions of CR eval_handle_compress_start(B) 


### Resulting Chains:eval_handle_compress_start(B) 
* [10]
* [9]...


### Merging Chains  eval_handle_compress_start/1 into  External patterns of execution 
* [[10]] --> 1 
* [[9]] --> 2 


Computing Bounds
=====================================

#### Cost of loops [6] 

 * loop 6:eval_handle_compress_bb1_in(B) -> [eval_handle_compress_bb1_in(B')] 
1
#### Cost of phase [6]:eval_handle_compress_bb1_in(B) -> [eval_handle_compress_bb1_in(B')] 
1*it(6)+0
#### Cost of phase [6]:eval_handle_compress_bb1_in(B) -> [eval_handle_compress_bb1_in(B')] 
1*it(6)+0
#### Cost of chains of eval_handle_compress_bb1_in(B):
* Chain [[6]]...: 1*it(6)+0
  with precondition: [B=2] 

* Chain [[6],5]: 1*it(6)+0
  with precondition: [B=2] 

* Chain [5]: 0
  with precondition: [B=2] 


#### Cost of chains of eval_handle_compress_bb0_in(B):
* Chain [8]: 1*s(2)+1
  with precondition: [] 

* Chain [7]...: 1*s(3)+1
  with precondition: [] 


#### Cost of chains of eval_handle_compress_start(B):
* Chain [10]: 1*s(4)+1
  with precondition: [] 

* Chain [9]...: 1*s(5)+1
  with precondition: [] 


Closed-form bounds of eval_handle_compress_start(B): 
-------------------------------------
* Chain [10] with precondition: [] 
    - Upper bound: inf 
    - Complexity: infinity 
* Chain [9]... with precondition: [] 
    - Upper bound: inf 
    - Complexity: infinity 

### Maximum cost of eval_handle_compress_start(B): inf 
Asymptotic class: infinity 

Time statistics: 
-------------------------------------
* Partial evaluation computed in 8 ms.
* Invariants computed in 3 ms.
   - Backward Invariants 2 ms.
   - Transitive Invariants 0 ms.
* Refinement performed in 3 ms.
* Termination proved in 1 ms.
* Upper bounds computed in 4 ms.
   - Equation cost structures 1 ms.
   - Phase cost structures 1 ms.
   - Chain cost structures 1 ms.
   - Solving cost expressions 0 ms.
* Total analysis performed in 32 ms.

