Warning: Ignored call to eval_map_colortable_stop/1 in equation loop_cont_eval_map_colortable_bb1_in/2 

Preprocessing Cost Relations
=====================================

#### Computed strongly connected components 
0. recursive  : [eval_map_colortable_bb11_in/12,eval_map_colortable_bb15_in/12]
1. recursive  : [eval_map_colortable_26/10,eval_map_colortable_27/10,eval_map_colortable_bb10_in/9,eval_map_colortable_bb16_in/9,eval_map_colortable_bb5_in/9,loop_cont_eval_map_colortable_bb11_in/10]
2. recursive  : [eval_map_colortable_bb3_in/5,loop_cont_eval_map_colortable_bb5_in/6]
3. recursive  : [eval_map_colortable_bb1_in/2,loop_cont_eval_map_colortable_bb3_in/3]
4. non_recursive  : [loop_cont_eval_map_colortable_bb1_in/2]
5. non_recursive  : [eval_map_colortable_bb0_in/1]
6. non_recursive  : [eval_map_colortable_start/1]

#### Obtained direct recursion through partial evaluation 
0. SCC is partially evaluated into eval_map_colortable_bb11_in/12
1. SCC is partially evaluated into eval_map_colortable_bb5_in/9
2. SCC is partially evaluated into eval_map_colortable_bb3_in/5
3. SCC is partially evaluated into eval_map_colortable_bb1_in/2
4. SCC is completely evaluated into other SCCs
5. SCC is partially evaluated into eval_map_colortable_bb0_in/1
6. SCC is partially evaluated into eval_map_colortable_start/1

Control-Flow Refinement of Cost Relations
=====================================

### Specialization of cost equations eval_map_colortable_bb11_in/12 
* CE 12 is refined into CE [13] 
* CE 11 is refined into CE [14] 


#### Refined cost equations eval_map_colortable_bb11_in/12 
* CE 13: eval_map_colortable_bb11_in(A,B,C,D,E,F,G,A,B,C,D,E) = 0
     [F>=0,31>=E,G=2] 
* CE 14: eval_map_colortable_bb11_in(V_ir_0,V_5,V_ig_0,V_11,V_ib_0,V_i_0,B,C,D,E,F,G) = 1+ eval_map_colortable_bb11_in(V_ir_0,V_5,V_ig_0,V_11,V_ib_0,H,I,C,D,E,F,G)
     [V_i_0>=0,31>=V_ib_0,V_i_0+1=H,I=2,B=2] 

### Cost equations --> "Loop" of eval_map_colortable_bb11_in/12 
* CEs [14] --> Loop 11 
* CEs [13] --> Loop 12 

#### Loops of eval_map_colortable_bb11_in/12 
* Loop 11: eval_map_colortable_bb11_in(V_ir_0,V_5,V_ig_0,V_11,V_ib_0,V_i_0,B,C,D,E,F,G)->  eval_map_colortable_bb11_in(V_ir_0,V_5,V_ig_0,V_11,V_ib_0,V_i_0',B',C,D,E,F,G)
                  [V_i_0>=0,31>=V_ib_0,V_i_0+1=V_i_0',B'=2,B=2] 
* Loop 12: eval_map_colortable_bb11_in(A,B,C,D,E,F,G,A,B,C,D,E) [F>=0,31>=E,G=2] 

### Ranking functions of CR eval_map_colortable_bb11_in(V_ir_0,V_5,V_ig_0,V_11,V_ib_0,V_i_0,B,C,D,E,F,G) 

#### Partial ranking functions of CR eval_map_colortable_bb11_in(V_ir_0,V_5,V_ig_0,V_11,V_ib_0,V_i_0,B,C,D,E,F,G) 


### Resulting Chains:eval_map_colortable_bb11_in(V_ir_0,V_5,V_ig_0,V_11,V_ib_0,V_i_0,B,C,D,E,F,G) 
* [[11]]...
* [[11],12]
* [12]


### Merging Chains  eval_map_colortable_bb11_in/12 into  External patterns of execution 
* [[12],[12,[11]]] --> 1 
* [[[11]]] --> 2 


### Specialization of cost equations eval_map_colortable_bb5_in/9 
* CE 10 is refined into CE [15] 
* CE 8 is refined into CE [16,17] 
* CE 9 is refined into CE [18] 


#### Refined cost equations eval_map_colortable_bb5_in/9 
* CE 15: eval_map_colortable_bb5_in(A,B,C,D,E,F,A,B,G) = 0
     [E>=32,G=C+1,F=3] 
* CE 16: eval_map_colortable_bb5_in(V_ir_0,V_5,V_ig_0,V_11,V_ib_0,B,C,D,E) = 2+ eval_map_colortable_bb11_in(V_ir_0,V_5,V_ig_0,V_11,V_ib_0,F,G,V_ir_0,V_5,V_ig_0,V_11,V_ib_0):1+ eval_map_colortable_bb5_in(V_ir_0,V_5,V_ig_0,V_11,H,I,C,D,E)
     [31>=V_ib_0,V_ib_0+1=H,I=3,G=2,F=0,B=3] 
* CE 17: eval_map_colortable_bb5_in(V_ir_0,V_5,V_ig_0,V_11,V_ib_0,B,C,D,E) = 2+ eval_map_colortable_bb11_in(V_ir_0,V_5,V_ig_0,V_11,V_ib_0,F,G,H,I,J,K,L):2
     [31>=V_ib_0,M=L+1,N=3,G=2,F=0,B=3] 
* CE 18: eval_map_colortable_bb5_in(V_ir_0,V_5,V_ig_0,V_11,V_ib_0,B,C,D,E) = 1+ eval_map_colortable_bb5_in(V_ir_0,V_5,V_ig_0,V_11,F,G,C,D,E)
     [31>=V_ib_0,V_ib_0+1=F,G=3,B=3] 

### Cost equations --> "Loop" of eval_map_colortable_bb5_in/9 
* CEs [16,18] --> Loop 13 
* CEs [17] --> Loop 14 
* CEs [15] --> Loop 15 

#### Loops of eval_map_colortable_bb5_in/9 
* Loop 13: eval_map_colortable_bb5_in(V_ir_0,V_5,V_ig_0,V_11,V_ib_0,B,C,D,E)->  eval_map_colortable_bb5_in(V_ir_0,V_5,V_ig_0,V_11,V_ib_0',B',C,D,E)
                  [31>=V_ib_0,V_ib_0+1=V_ib_0',B'=3,B=3] 
* Loop 14: eval_map_colortable_bb5_in(V_ir_0,V_5,V_ig_0,V_11,V_ib_0,B,C,D,E) [31>=V_ib_0,B=3] 
* Loop 15: eval_map_colortable_bb5_in(A,B,C,D,E,F,A,B,G) [E>=32,C+1=G,F=3] 

### Ranking functions of CR eval_map_colortable_bb5_in(V_ir_0,V_5,V_ig_0,V_11,V_ib_0,B,C,D,E) 
* RF of phase [13]: [-V_ib_0+32]

#### Partial ranking functions of CR eval_map_colortable_bb5_in(V_ir_0,V_5,V_ig_0,V_11,V_ib_0,B,C,D,E) 
* Partial RF of phase [13]:
  - RF of loop [13:1]:
    -V_ib_0+32


### Resulting Chains:eval_map_colortable_bb5_in(V_ir_0,V_5,V_ig_0,V_11,V_ib_0,B,C,D,E) 
* [[13],15]
* [[13],14]...
* [14]...


### Merging Chains  eval_map_colortable_bb5_in/9 into  External patterns of execution 
* [[15,[13]]] --> 1 
* [[14]] --> 2 
* [[14,[13]]] --> 3 


### Specialization of cost equations eval_map_colortable_bb3_in/5 
* CE 7 is refined into CE [19] 
* CE 6 is refined into CE [20,21,22] 


#### Refined cost equations eval_map_colortable_bb3_in/5 
* CE 19: eval_map_colortable_bb3_in(V_ir_0,V_5,V_ig_0,B,C) = 0
     [V_ig_0>=32,C=V_ir_0+1,B=4] 
* CE 20: eval_map_colortable_bb3_in(V_ir_0,V_5,V_ig_0,B,C) = 2+ eval_map_colortable_bb5_in(V_ir_0,V_5,D,E,F,G,V_ir_0,V_5,H):1+ eval_map_colortable_bb3_in(V_ir_0,V_5,H,I,C)
     [32>=H,H=D+1,H=V_ig_0+1,I=4,G=3,F=0,B=4] 
* CE 21: eval_map_colortable_bb3_in(V_ir_0,V_5,V_ig_0,B,C) = 2+ eval_map_colortable_bb5_in(V_ir_0,V_5,V_ig_0,D,E,F,G,H,I):2
     [31>=V_ig_0,J=4,F=3,E=0,B=4] 
* CE 22: eval_map_colortable_bb3_in(V_ir_0,V_5,V_ig_0,B,C) = 2+ eval_map_colortable_bb5_in(V_ir_0,V_5,V_ig_0,D,E,F,G,H,I):3
     [31>=V_ig_0,J=4,F=3,E=0,B=4] 

### Cost equations --> "Loop" of eval_map_colortable_bb3_in/5 
* CEs [21,22] --> Loop 16 
* CEs [20] --> Loop 17 
* CEs [19] --> Loop 18 

#### Loops of eval_map_colortable_bb3_in/5 
* Loop 16: eval_map_colortable_bb3_in(V_ir_0,V_5,V_ig_0,B,C) [31>=V_ig_0,B=4] 
* Loop 17: eval_map_colortable_bb3_in(V_ir_0,V_5,V_ig_0,B,C)->  eval_map_colortable_bb3_in(V_ir_0,V_5,V_ig_0',B',C)
                  [31>=V_ig_0,V_ig_0+1=V_ig_0',B'=4,B=4] 
* Loop 18: eval_map_colortable_bb3_in(V_ir_0,V_5,V_ig_0,B,C) [V_ig_0>=32,V_ir_0+1=C,B=4] 

### Ranking functions of CR eval_map_colortable_bb3_in(V_ir_0,V_5,V_ig_0,B,C) 
* RF of phase [17]: [-V_ig_0+32]

#### Partial ranking functions of CR eval_map_colortable_bb3_in(V_ir_0,V_5,V_ig_0,B,C) 
* Partial RF of phase [17]:
  - RF of loop [17:1]:
    -V_ig_0+32


### Resulting Chains:eval_map_colortable_bb3_in(V_ir_0,V_5,V_ig_0,B,C) 
* [[17],18]
* [[17],16]...
* [16]...


### Merging Chains  eval_map_colortable_bb3_in/5 into  External patterns of execution 
* [[18,[17]]] --> 1 
* [[16]] --> 2 
* [[16,[17]]] --> 3 


### Specialization of cost equations eval_map_colortable_bb1_in/2 
* CE 5 is refined into CE [23] 
* CE 4 is refined into CE [24,25,26] 


#### Refined cost equations eval_map_colortable_bb1_in/2 
* CE 23: eval_map_colortable_bb1_in(V_ir_0,B) = 0
     [V_ir_0>=32,B=5] 
* CE 24: eval_map_colortable_bb1_in(V_ir_0,B) = 2+ eval_map_colortable_bb3_in(C,D,E,F,G):1+ eval_map_colortable_bb1_in(G,H)
     [32>=G,G=C+1,G=V_ir_0+1,H=5,F=4,E=0,B=5] 
* CE 25: eval_map_colortable_bb1_in(V_ir_0,B) = 2+ eval_map_colortable_bb3_in(V_ir_0,C,D,E,F):2
     [31>=V_ir_0,G=5,E=4,D=0,B=5] 
* CE 26: eval_map_colortable_bb1_in(V_ir_0,B) = 2+ eval_map_colortable_bb3_in(V_ir_0,C,D,E,F):3
     [31>=V_ir_0,G=5,E=4,D=0,B=5] 

### Cost equations --> "Loop" of eval_map_colortable_bb1_in/2 
* CEs [25,26] --> Loop 19 
* CEs [24] --> Loop 20 
* CEs [23] --> Loop 21 

#### Loops of eval_map_colortable_bb1_in/2 
* Loop 19: eval_map_colortable_bb1_in(V_ir_0,B) [31>=V_ir_0,B=5] 
* Loop 20: eval_map_colortable_bb1_in(V_ir_0,B)->  eval_map_colortable_bb1_in(V_ir_0',B')
                  [31>=V_ir_0,V_ir_0+1=V_ir_0',B'=5,B=5] 
* Loop 21: eval_map_colortable_bb1_in(V_ir_0,B) [V_ir_0>=32,B=5] 

### Ranking functions of CR eval_map_colortable_bb1_in(V_ir_0,B) 
* RF of phase [20]: [-V_ir_0+32]

#### Partial ranking functions of CR eval_map_colortable_bb1_in(V_ir_0,B) 
* Partial RF of phase [20]:
  - RF of loop [20:1]:
    -V_ir_0+32


### Resulting Chains:eval_map_colortable_bb1_in(V_ir_0,B) 
* [[20],21]
* [[20],19]...
* [19]...


### Merging Chains  eval_map_colortable_bb1_in/2 into  External patterns of execution 
* [[21,[20]]] --> 1 
* [[19]] --> 2 
* [[19,[20]]] --> 3 


### Specialization of cost equations eval_map_colortable_bb0_in/1 
* CE 3 is refined into CE [27,28,29] 


#### Refined cost equations eval_map_colortable_bb0_in/1 
* CE 27: eval_map_colortable_bb0_in(B) = 1+ eval_map_colortable_bb1_in(C,D):1
     [D=5,C=0] 
* CE 28: eval_map_colortable_bb0_in(B) = 1+ eval_map_colortable_bb1_in(C,D):2
     [D=5,C=0] 
* CE 29: eval_map_colortable_bb0_in(B) = 1+ eval_map_colortable_bb1_in(C,D):3
     [D=5,C=0] 

### Cost equations --> "Loop" of eval_map_colortable_bb0_in/1 
* CEs [28,29] --> Loop 22 
* CEs [27] --> Loop 23 

#### Loops of eval_map_colortable_bb0_in/1 
* Loop 22: eval_map_colortable_bb0_in(B) [] 
* Loop 23: eval_map_colortable_bb0_in(B) [] 

### Ranking functions of CR eval_map_colortable_bb0_in(B) 

#### Partial ranking functions of CR eval_map_colortable_bb0_in(B) 


### Resulting Chains:eval_map_colortable_bb0_in(B) 
* [23]
* [22]...


### Merging Chains  eval_map_colortable_bb0_in/1 into  External patterns of execution 
* [[23]] --> 1 
* [[22]] --> 2 


### Specialization of cost equations eval_map_colortable_start/1 
* CE 2 is refined into CE [30,31] 


#### Refined cost equations eval_map_colortable_start/1 
* CE 30: eval_map_colortable_start(B) = 0+ eval_map_colortable_bb0_in(B):1
     [] 
* CE 31: eval_map_colortable_start(B) = 0+ eval_map_colortable_bb0_in(B):2
     [] 

### Cost equations --> "Loop" of eval_map_colortable_start/1 
* CEs [31] --> Loop 24 
* CEs [30] --> Loop 25 

#### Loops of eval_map_colortable_start/1 
* Loop 24: eval_map_colortable_start(B) [] 
* Loop 25: eval_map_colortable_start(B) [] 

### Ranking functions of CR eval_map_colortable_start(B) 

#### Partial ranking functions of CR eval_map_colortable_start(B) 


### Resulting Chains:eval_map_colortable_start(B) 
* [25]
* [24]...


### Merging Chains  eval_map_colortable_start/1 into  External patterns of execution 
* [[25]] --> 1 
* [[24]] --> 2 


Computing Bounds
=====================================

#### Cost of loops [11] 

 * loop 11:eval_map_colortable_bb11_in(V_ir_0,V_5,V_ig_0,V_11,V_ib_0,V_i_0,B,C,D,E,F,G) -> [eval_map_colortable_bb11_in(V_ir_0',V_5',V_ig_0',V_11',V_ib_0',V_i_0',B',C',D',E',F',G')] 
1
#### Cost of phase [11]:eval_map_colortable_bb11_in(V_ir_0,V_5,V_ig_0,V_11,V_ib_0,V_i_0,B,C,D,E,F,G) -> [eval_map_colortable_bb11_in(V_ir_0',V_5',V_ig_0',V_11',V_ib_0',V_i_0',B',C',D',E',F',G')] 
1*it(11)+0
#### Cost of phase [11]:eval_map_colortable_bb11_in(V_ir_0,V_5,V_ig_0,V_11,V_ib_0,V_i_0,B,C,D,E,F,G) -> [eval_map_colortable_bb11_in(V_ir_0',V_5',V_ig_0',V_11',V_ib_0',V_i_0',B',C',D',E',F',G')] 
1*it(11)+0
#### Cost of chains of eval_map_colortable_bb11_in(V_ir_0,V_5,V_ig_0,V_11,V_ib_0,V_i_0,B,C,D,E,F,G):
* Chain [[11]]...: 1*it(11)+0
  with precondition: [31>=V_ib_0,V_i_0>=0,B=2] 

* Chain [[11],12]: 1*it(11)+0
  with precondition: [B=2,V_ir_0=C,V_5=D,V_ig_0=E,V_11=F,V_ib_0=G,31>=V_ib_0,V_i_0>=0] 

* Chain [12]: 0
  with precondition: [B=2,C=V_ir_0,D=V_5,E=V_ig_0,F=V_11,V_ib_0=G,31>=V_ib_0,V_i_0>=0] 


#### Cost of loops [13] 

 * loop 13:eval_map_colortable_bb5_in(V_ir_0,V_5,V_ig_0,V_11,V_ib_0,B,C,D,E) -> [eval_map_colortable_bb5_in(V_ir_0',V_5',V_ig_0',V_11',V_ib_0',B',C',D',E')] 
1*s(3)+0
#### Cost of phase [13]:eval_map_colortable_bb5_in(V_ir_0,V_5,V_ig_0,V_11,V_ib_0,B,C,D,E) -> [eval_map_colortable_bb5_in(V_ir_0',V_5',V_ig_0',V_11',V_ib_0',B',C',D',E')] 
1*s(4)+0
#### Cost of phase [13]:eval_map_colortable_bb5_in(V_ir_0,V_5,V_ig_0,V_11,V_ib_0,B,C,D,E) -> [eval_map_colortable_bb5_in(V_ir_0',V_5',V_ig_0',V_11',V_ib_0',B',C',D',E')] 
1*s(4)+0
#### Cost of chains of eval_map_colortable_bb5_in(V_ir_0,V_5,V_ig_0,V_11,V_ib_0,B,C,D,E):
* Chain [[13],15]: 1*s(4)+0
  with precondition: [B=3,V_ir_0=C,V_5=D,V_ig_0+1=E,31>=V_ig_0,31>=V_ib_0] 

* Chain [[13],14]...: 2*s(4)+2
  with precondition: [B=3,31>=V_ig_0,30>=V_ib_0,V_ib_0>=0] 

* Chain [14]...: 1*s(5)+2
  with precondition: [B=3,31>=V_ig_0,31>=V_ib_0,V_ib_0>=0] 


#### Cost of loops [17] 

 * loop 17:eval_map_colortable_bb3_in(V_ir_0,V_5,V_ig_0,B,C) -> [eval_map_colortable_bb3_in(V_ir_0',V_5',V_ig_0',B',C')] 
1*s(7)+2
#### Cost of phase [17]:eval_map_colortable_bb3_in(V_ir_0,V_5,V_ig_0,B,C) -> [eval_map_colortable_bb3_in(V_ir_0',V_5',V_ig_0',B',C')] 
2*it(17)+1*s(8)+0
  Such that:it(17) =< -V_ig_0+32
it(17) =< -V_ig_0+V_ig_0'

#### Cost of phase [17]:eval_map_colortable_bb3_in(V_ir_0,V_5,V_ig_0,B,C) -> [eval_map_colortable_bb3_in(V_ir_0',V_5',V_ig_0',B',C')] 
2*it(17)+1*s(8)+0
  Such that:it(17) =< -V_ig_0+32
it(17) =< -V_ig_0+V_ig_0'

#### Cost of chains of eval_map_colortable_bb3_in(V_ir_0,V_5,V_ig_0,B,C):
* Chain [[17],18]: 2*it(17)+1*s(8)+0
  Such that:it(17) =< -V_ig_0+32

  with precondition: [B=4,V_ir_0+1=C,31>=V_ir_0,31>=V_ig_0] 

* Chain [[17],16]...: 2*aux(3)+2*it(17)+0
  Such that:it(17) =< -V_ig_0+31

  with precondition: [B=4,31>=V_ir_0,30>=V_ig_0,V_ig_0>=0] 

* Chain [16]...: 1*aux(3)+0
  with precondition: [B=4,31>=V_ir_0,31>=V_ig_0,V_ig_0>=0] 


#### Cost of loops [20] 

 * loop 20:eval_map_colortable_bb1_in(V_ir_0,B) -> [eval_map_colortable_bb1_in(V_ir_0',B')] 
2*s(13)+1*s(14)+2
  Such that:s(13) =< 32

#### Cost of phase [20]:eval_map_colortable_bb1_in(V_ir_0,B) -> [eval_map_colortable_bb1_in(V_ir_0',B')] 
2*it(20)+2*s(15)+1*s(16)+0
  Such that:aux(5) =< -V_ir_0+32
aux(6) =< -V_ir_0+V_ir_0'
aux(4) =< aux(5)
it(20) =< aux(5)
aux(4) =< aux(6)
it(20) =< aux(6)
s(15) =< aux(4)*32

#### Cost of phase [20]:eval_map_colortable_bb1_in(V_ir_0,B) -> [eval_map_colortable_bb1_in(V_ir_0',B')] 
2*it(20)+2*s(15)+1*s(16)+0
  Such that:aux(5) =< -V_ir_0+32
aux(6) =< -V_ir_0+V_ir_0'
aux(4) =< aux(5)
it(20) =< aux(5)
aux(4) =< aux(6)
it(20) =< aux(6)
s(15) =< aux(4)*32

#### Cost of chains of eval_map_colortable_bb1_in(V_ir_0,B):
* Chain [[20],21]: 2*it(20)+2*s(15)+1*s(16)+0
  Such that:aux(7) =< -V_ir_0+32
it(20) =< aux(7)
s(15) =< aux(7)*32

  with precondition: [B=5,31>=V_ir_0] 

* Chain [[20],19]...: 2*aux(8)+2*it(20)+2*s(15)+0
  Such that:aux(6) =< -V_ir_0+31
aux(5) =< -V_ir_0+32
aux(4) =< aux(5)
it(20) =< aux(5)
aux(4) =< aux(6)
it(20) =< aux(6)
s(15) =< aux(4)*32

  with precondition: [B=5,30>=V_ir_0,V_ir_0>=0] 

* Chain [19]...: 1*aux(8)+0
  with precondition: [B=5,31>=V_ir_0,V_ir_0>=0] 


#### Cost of chains of eval_map_colortable_bb0_in(B):
* Chain [23]: 2*s(21)+2*s(22)+1*s(23)+1
  Such that:s(20) =< 32
s(21) =< s(20)
s(22) =< s(20)*32

  with precondition: [] 

* Chain [22]...: 1*aux(9)+0
  with precondition: [] 


#### Cost of chains of eval_map_colortable_start(B):
* Chain [25]: 2*s(32)+2*s(33)+1*s(34)+1
  Such that:s(31) =< 32
s(32) =< s(31)
s(33) =< s(31)*32

  with precondition: [] 

* Chain [24]...: 1*s(35)+0
  with precondition: [] 


Closed-form bounds of eval_map_colortable_start(B): 
-------------------------------------
* Chain [25] with precondition: [] 
    - Upper bound: inf 
    - Complexity: infinity 
* Chain [24]... with precondition: [] 
    - Upper bound: inf 
    - Complexity: infinity 

### Maximum cost of eval_map_colortable_start(B): inf 
Asymptotic class: infinity 

Time statistics: 
-------------------------------------
* Partial evaluation computed in 98 ms.
* Invariants computed in 130 ms.
   - Backward Invariants 65 ms.
   - Transitive Invariants 27 ms.
* Refinement performed in 190 ms.
* Termination proved in 28 ms.
* Upper bounds computed in 169 ms.
   - Equation cost structures 62 ms.
   - Phase cost structures 53 ms.
   - Chain cost structures 73 ms.
   - Solving cost expressions 1 ms.
* Total analysis performed in 725 ms.

