Warning: Ignored call to eval_free_side_info_link_stop/1 in equation eval_free_side_info_link_29/1 

Preprocessing Cost Relations
=====================================

#### Computed strongly connected components 
0. recursive  : [eval_free_side_info_link_8/3,eval_free_side_info_link_9/3,eval_free_side_info_link_bb1_in/3]
1. recursive  : [eval_free_side_info_link_21/4,eval_free_side_info_link_22/4,eval_free_side_info_link_bb6_in/4]
2. recursive  : [eval_free_side_info_link_bb4_in/2,loop_cont_eval_free_side_info_link_bb6_in/3]
3. non_recursive  : [eval_free_side_info_link_29/1]
4. non_recursive  : [eval_free_side_info_link_28/1]
5. non_recursive  : [loop_cont_eval_free_side_info_link_bb4_in/2]
6. non_recursive  : [loop_cont_eval_free_side_info_link_bb1_in/3]
7. non_recursive  : [eval_free_side_info_link_3/1]
8. non_recursive  : [eval_free_side_info_link_2/1]
9. non_recursive  : [eval_free_side_info_link_1/1]
10. non_recursive  : [eval_free_side_info_link_0/1]
11. non_recursive  : [eval_free_side_info_link_bb0_in/1]
12. non_recursive  : [eval_free_side_info_link_start/1]

#### Obtained direct recursion through partial evaluation 
0. SCC is partially evaluated into eval_free_side_info_link_bb1_in/3
1. SCC is partially evaluated into eval_free_side_info_link_bb6_in/4
2. SCC is partially evaluated into eval_free_side_info_link_bb4_in/2
3. SCC is completely evaluated into other SCCs
4. SCC is completely evaluated into other SCCs
5. SCC is completely evaluated into other SCCs
6. SCC is partially evaluated into loop_cont_eval_free_side_info_link_bb1_in/3
7. SCC is partially evaluated into eval_free_side_info_link_3/1
8. SCC is completely evaluated into other SCCs
9. SCC is completely evaluated into other SCCs
10. SCC is completely evaluated into other SCCs
11. SCC is completely evaluated into other SCCs
12. SCC is partially evaluated into eval_free_side_info_link_start/1

Control-Flow Refinement of Cost Relations
=====================================

### Specialization of cost equations eval_free_side_info_link_bb1_in/3 
* CE 5 is refined into CE [11] 
* CE 4 is refined into CE [12] 


#### Refined cost equations eval_free_side_info_link_bb1_in/3 
* CE 11: eval_free_side_info_link_bb1_in(V_ch_0,B,C) = 0
     [V_ch_0>=0,C=0,B=2] 
* CE 12: eval_free_side_info_link_bb1_in(V_ch_0,B,C) = 1+ eval_free_side_info_link_bb1_in(D,B,C)
     [V_ch_0>=0,V_ch_0+1=D] 

### Cost equations --> "Loop" of eval_free_side_info_link_bb1_in/3 
* CEs [12] --> Loop 10 
* CEs [11] --> Loop 11 

#### Loops of eval_free_side_info_link_bb1_in/3 
* Loop 10: eval_free_side_info_link_bb1_in(V_ch_0,B,C)->  eval_free_side_info_link_bb1_in(V_ch_0',B,C)
                  [V_ch_0>=0,V_ch_0+1=V_ch_0'] 
* Loop 11: eval_free_side_info_link_bb1_in(V_ch_0,B,C) [V_ch_0>=0,C=0,B=2] 

### Ranking functions of CR eval_free_side_info_link_bb1_in(V_ch_0,B,C) 

#### Partial ranking functions of CR eval_free_side_info_link_bb1_in(V_ch_0,B,C) 


### Resulting Chains:eval_free_side_info_link_bb1_in(V_ch_0,B,C) 
* [[10]]...
* [[10],11]
* [11]


### Merging Chains  eval_free_side_info_link_bb1_in/3 into  External patterns of execution 
* [[11],[11,[10]]] --> 1 
* [[[10]]] --> 2 


### Specialization of cost equations eval_free_side_info_link_bb6_in/4 
* CE 10 is refined into CE [13] 
* CE 9 is refined into CE [14] 


#### Refined cost equations eval_free_side_info_link_bb6_in/4 
* CE 13: eval_free_side_info_link_bb6_in(V_gr_0,V_ch_1,B,C) = 0
     [V_ch_1>=0,C=V_gr_0+1,B=2] 
* CE 14: eval_free_side_info_link_bb6_in(V_gr_0,V_ch_1,B,C) = 1+ eval_free_side_info_link_bb6_in(V_gr_0,D,E,C)
     [V_ch_1>=0,V_ch_1+1=D,E=2,B=2] 

### Cost equations --> "Loop" of eval_free_side_info_link_bb6_in/4 
* CEs [14] --> Loop 12 
* CEs [13] --> Loop 13 

#### Loops of eval_free_side_info_link_bb6_in/4 
* Loop 12: eval_free_side_info_link_bb6_in(V_gr_0,V_ch_1,B,C)->  eval_free_side_info_link_bb6_in(V_gr_0,V_ch_1',B',C)
                  [V_ch_1>=0,V_ch_1+1=V_ch_1',B'=2,B=2] 
* Loop 13: eval_free_side_info_link_bb6_in(V_gr_0,V_ch_1,B,C) [V_ch_1>=0,V_gr_0+1=C,B=2] 

### Ranking functions of CR eval_free_side_info_link_bb6_in(V_gr_0,V_ch_1,B,C) 

#### Partial ranking functions of CR eval_free_side_info_link_bb6_in(V_gr_0,V_ch_1,B,C) 


### Resulting Chains:eval_free_side_info_link_bb6_in(V_gr_0,V_ch_1,B,C) 
* [[12]]...
* [[12],13]
* [13]


### Merging Chains  eval_free_side_info_link_bb6_in/4 into  External patterns of execution 
* [[13],[13,[12]]] --> 1 
* [[[12]]] --> 2 


### Specialization of cost equations eval_free_side_info_link_bb4_in/2 
* CE 8 is refined into CE [15] 
* CE 7 is refined into CE [16,17] 


#### Refined cost equations eval_free_side_info_link_bb4_in/2 
* CE 15: eval_free_side_info_link_bb4_in(V_gr_0,B) = 0
     [B=3] 
* CE 16: eval_free_side_info_link_bb4_in(V_gr_0,B) = 2+ eval_free_side_info_link_bb6_in(C,D,E,F):1+ eval_free_side_info_link_bb4_in(F,G)
     [F=C+1,F=V_gr_0+1,G=3,E=2,D=0,B=3] 
* CE 17: eval_free_side_info_link_bb4_in(V_gr_0,B) = 2+ eval_free_side_info_link_bb6_in(V_gr_0,C,D,E):2
     [F=3,D=2,C=0,B=3] 

### Cost equations --> "Loop" of eval_free_side_info_link_bb4_in/2 
* CEs [17] --> Loop 14 
* CEs [16] --> Loop 15 
* CEs [15] --> Loop 16 

#### Loops of eval_free_side_info_link_bb4_in/2 
* Loop 14: eval_free_side_info_link_bb4_in(V_gr_0,B) [B=3] 
* Loop 15: eval_free_side_info_link_bb4_in(V_gr_0,B)->  eval_free_side_info_link_bb4_in(V_gr_0',B')
                  [V_gr_0+1=V_gr_0',B'=3,B=3] 
* Loop 16: eval_free_side_info_link_bb4_in(V_gr_0,B) [B=3] 

### Ranking functions of CR eval_free_side_info_link_bb4_in(V_gr_0,B) 

#### Partial ranking functions of CR eval_free_side_info_link_bb4_in(V_gr_0,B) 


### Resulting Chains:eval_free_side_info_link_bb4_in(V_gr_0,B) 
* [[15]]...
* [[15],16]
* [[15],14]...
* [16]
* [14]...


### Merging Chains  eval_free_side_info_link_bb4_in/2 into  External patterns of execution 
* [[16],[16,[15]]] --> 1 
* [[14],[[15]],[14,[15]]] --> 2 


### Specialization of cost equations loop_cont_eval_free_side_info_link_bb1_in/3 
* CE 6 is refined into CE [18,19] 


#### Refined cost equations loop_cont_eval_free_side_info_link_bb1_in/3 
* CE 18: loop_cont_eval_free_side_info_link_bb1_in(D,A,B) = 1+ eval_free_side_info_link_bb4_in(A,E):1
     [E=3,D=2] 
* CE 19: loop_cont_eval_free_side_info_link_bb1_in(D,A,B) = 1+ eval_free_side_info_link_bb4_in(A,E):2
     [E=3,D=2] 

### Cost equations --> "Loop" of loop_cont_eval_free_side_info_link_bb1_in/3 
* CEs [19] --> Loop 17 
* CEs [18] --> Loop 18 

#### Loops of loop_cont_eval_free_side_info_link_bb1_in/3 
* Loop 17: loop_cont_eval_free_side_info_link_bb1_in(D,A,B) [D=2] 
* Loop 18: loop_cont_eval_free_side_info_link_bb1_in(D,A,B) [D=2] 

### Ranking functions of CR loop_cont_eval_free_side_info_link_bb1_in(D,A,B) 

#### Partial ranking functions of CR loop_cont_eval_free_side_info_link_bb1_in(D,A,B) 


### Resulting Chains:loop_cont_eval_free_side_info_link_bb1_in(D,A,B) 
* [18]
* [17]...


### Merging Chains  loop_cont_eval_free_side_info_link_bb1_in/3 into  External patterns of execution 
* [[18]] --> 1 
* [[17]] --> 2 


### Specialization of cost equations eval_free_side_info_link_3/1 
* CE 3 is refined into CE [20,21,22] 


#### Refined cost equations eval_free_side_info_link_3/1 
* CE 20: eval_free_side_info_link_3(B) = 1+ eval_free_side_info_link_bb1_in(C,D,E):1+ loop_cont_eval_free_side_info_link_bb1_in(F,G,B):1
     [G=0,F=2,E=0,D=2,C=0] 
* CE 21: eval_free_side_info_link_3(B) = 1+ eval_free_side_info_link_bb1_in(C,D,E):1+ loop_cont_eval_free_side_info_link_bb1_in(F,G,B):2
     [G=0,F=2,E=0,D=2,C=0] 
* CE 22: eval_free_side_info_link_3(B) = 1+ eval_free_side_info_link_bb1_in(C,D,E):2
     [C=0] 

### Cost equations --> "Loop" of eval_free_side_info_link_3/1 
* CEs [21,22] --> Loop 19 
* CEs [20] --> Loop 20 

#### Loops of eval_free_side_info_link_3/1 
* Loop 19: eval_free_side_info_link_3(B) [] 
* Loop 20: eval_free_side_info_link_3(B) [] 

### Ranking functions of CR eval_free_side_info_link_3(B) 

#### Partial ranking functions of CR eval_free_side_info_link_3(B) 


### Resulting Chains:eval_free_side_info_link_3(B) 
* [20]
* [19]...


### Merging Chains  eval_free_side_info_link_3/1 into  External patterns of execution 
* [[20]] --> 1 
* [[19]] --> 2 


### Specialization of cost equations eval_free_side_info_link_start/1 
* CE 2 is refined into CE [23,24] 


#### Refined cost equations eval_free_side_info_link_start/1 
* CE 23: eval_free_side_info_link_start(B) = 0+ eval_free_side_info_link_3(B):1
     [] 
* CE 24: eval_free_side_info_link_start(B) = 0+ eval_free_side_info_link_3(B):2
     [] 

### Cost equations --> "Loop" of eval_free_side_info_link_start/1 
* CEs [24] --> Loop 21 
* CEs [23] --> Loop 22 

#### Loops of eval_free_side_info_link_start/1 
* Loop 21: eval_free_side_info_link_start(B) [] 
* Loop 22: eval_free_side_info_link_start(B) [] 

### Ranking functions of CR eval_free_side_info_link_start(B) 

#### Partial ranking functions of CR eval_free_side_info_link_start(B) 


### Resulting Chains:eval_free_side_info_link_start(B) 
* [22]
* [21]...


### Merging Chains  eval_free_side_info_link_start/1 into  External patterns of execution 
* [[22]] --> 1 
* [[21]] --> 2 


Computing Bounds
=====================================

#### Cost of loops [10] 

 * loop 10:eval_free_side_info_link_bb1_in(V_ch_0,B,C) -> [eval_free_side_info_link_bb1_in(V_ch_0',B',C')] 
1
#### Cost of phase [10]:eval_free_side_info_link_bb1_in(V_ch_0,B,C) -> [eval_free_side_info_link_bb1_in(V_ch_0',B',C')] 
1*it(10)+0
#### Cost of phase [10]:eval_free_side_info_link_bb1_in(V_ch_0,B,C) -> [eval_free_side_info_link_bb1_in(V_ch_0',B',C')] 
1*it(10)+0
#### Cost of chains of eval_free_side_info_link_bb1_in(V_ch_0,B,C):
* Chain [[10]]...: 1*it(10)+0
  with precondition: [V_ch_0>=0] 

* Chain [[10],11]: 1*it(10)+0
  with precondition: [B=2,C=0,V_ch_0>=0] 

* Chain [11]: 0
  with precondition: [B=2,C=0,V_ch_0>=0] 


#### Cost of loops [12] 

 * loop 12:eval_free_side_info_link_bb6_in(V_gr_0,V_ch_1,B,C) -> [eval_free_side_info_link_bb6_in(V_gr_0',V_ch_1',B',C')] 
1
#### Cost of phase [12]:eval_free_side_info_link_bb6_in(V_gr_0,V_ch_1,B,C) -> [eval_free_side_info_link_bb6_in(V_gr_0',V_ch_1',B',C')] 
1*it(12)+0
#### Cost of phase [12]:eval_free_side_info_link_bb6_in(V_gr_0,V_ch_1,B,C) -> [eval_free_side_info_link_bb6_in(V_gr_0',V_ch_1',B',C')] 
1*it(12)+0
#### Cost of chains of eval_free_side_info_link_bb6_in(V_gr_0,V_ch_1,B,C):
* Chain [[12]]...: 1*it(12)+0
  with precondition: [V_ch_1>=0,B=2] 

* Chain [[12],13]: 1*it(12)+0
  with precondition: [B=2,V_gr_0+1=C,V_ch_1>=0] 

* Chain [13]: 0
  with precondition: [B=2,C=V_gr_0+1,V_ch_1>=0] 


#### Cost of loops [15] 

 * loop 15:eval_free_side_info_link_bb4_in(V_gr_0,B) -> [eval_free_side_info_link_bb4_in(V_gr_0',B')] 
1*s(4)+2
#### Cost of phase [15]:eval_free_side_info_link_bb4_in(V_gr_0,B) -> [eval_free_side_info_link_bb4_in(V_gr_0',B')] 
3*it(15)+0
#### Cost of phase [15]:eval_free_side_info_link_bb4_in(V_gr_0,B) -> [eval_free_side_info_link_bb4_in(V_gr_0',B')] 
3*it(15)+0
#### Cost of phase [15]:eval_free_side_info_link_bb4_in(V_gr_0,B) -> [eval_free_side_info_link_bb4_in(V_gr_0',B')] 
3*it(15)+0
#### Cost of chains of eval_free_side_info_link_bb4_in(V_gr_0,B):
* Chain [[15]]...: 3*it(15)+0
  with precondition: [B=3] 

* Chain [[15],16]: 3*it(15)+0
  with precondition: [B=3] 

* Chain [[15],14]...: 4*it(15)+2
  with precondition: [B=3] 

* Chain [16]: 0
  with precondition: [B=3] 

* Chain [14]...: 1*s(6)+2
  with precondition: [B=3] 


#### Cost of chains of loop_cont_eval_free_side_info_link_bb1_in(D,A,B):
* Chain [18]: 1*s(11)+1
  with precondition: [D=2] 

* Chain [17]...: 1*s(12)+1
  with precondition: [D=2] 


#### Cost of chains of eval_free_side_info_link_3(B):
* Chain [20]: 2*s(13)+2
  with precondition: [] 

* Chain [19]...: 1*aux(5)+0
  with precondition: [] 


#### Cost of chains of eval_free_side_info_link_start(B):
* Chain [22]: 2*s(18)+2
  with precondition: [] 

* Chain [21]...: 1*s(19)+0
  with precondition: [] 


Closed-form bounds of eval_free_side_info_link_start(B): 
-------------------------------------
* Chain [22] with precondition: [] 
    - Upper bound: inf 
    - Complexity: infinity 
* Chain [21]... with precondition: [] 
    - Upper bound: inf 
    - Complexity: infinity 

### Maximum cost of eval_free_side_info_link_start(B): inf 
Asymptotic class: infinity 

Time statistics: 
-------------------------------------
* Partial evaluation computed in 8 ms.
* Invariants computed in 14 ms.
   - Backward Invariants 6 ms.
   - Transitive Invariants 3 ms.
* Refinement performed in 24 ms.
* Termination proved in 2 ms.
* Upper bounds computed in 19 ms.
   - Equation cost structures 7 ms.
   - Phase cost structures 5 ms.
   - Chain cost structures 9 ms.
   - Solving cost expressions 0 ms.
* Total analysis performed in 83 ms.

