Warning: Ignored call to eval_read_scan_integer_stop/1 in equation eval_read_scan_integer_bb9_in/1 

Preprocessing Cost Relations
=====================================

#### Computed strongly connected components 
0. recursive  : [eval_read_scan_integer_10/3,eval_read_scan_integer_11/4,eval_read_scan_integer_bb2_in/3]
1. non_recursive  : [eval_read_scan_integer_bb9_in/1]
2. non_recursive  : [eval_read_scan_integer_bb8_in/1]
3. non_recursive  : [eval_read_scan_integer_19/1]
4. non_recursive  : [eval_read_scan_integer_18/2]
5. non_recursive  : [eval_read_scan_integer_NewDefault_in/1]
6. non_recursive  : [eval_read_scan_integer_14/2]
7. non_recursive  : [eval_read_scan_integer_13/2]
8. non_recursive  : [eval_read_scan_integer__critedge_in/2]
9. non_recursive  : [loop_cont_eval_read_scan_integer_bb2_in/3]
10. non_recursive  : [eval_read_scan_integer_4/2]
11. non_recursive  : [eval_read_scan_integer_3/2]
12. non_recursive  : [eval_read_scan_integer_1/1]
13. non_recursive  : [eval_read_scan_integer_0/1]
14. non_recursive  : [eval_read_scan_integer_bb0_in/1]
15. non_recursive  : [eval_read_scan_integer_start/1]

#### Obtained direct recursion through partial evaluation 
0. SCC is partially evaluated into eval_read_scan_integer_bb2_in/3
1. SCC is completely evaluated into other SCCs
2. SCC is completely evaluated into other SCCs
3. SCC is partially evaluated into eval_read_scan_integer_19/1
4. SCC is completely evaluated into other SCCs
5. SCC is completely evaluated into other SCCs
6. SCC is partially evaluated into eval_read_scan_integer_14/2
7. SCC is completely evaluated into other SCCs
8. SCC is completely evaluated into other SCCs
9. SCC is completely evaluated into other SCCs
10. SCC is partially evaluated into eval_read_scan_integer_4/2
11. SCC is completely evaluated into other SCCs
12. SCC is partially evaluated into eval_read_scan_integer_1/1
13. SCC is completely evaluated into other SCCs
14. SCC is completely evaluated into other SCCs
15. SCC is partially evaluated into eval_read_scan_integer_start/1

Control-Flow Refinement of Cost Relations
=====================================

### Specialization of cost equations eval_read_scan_integer_bb2_in/3 
* CE 9 is refined into CE [14] 
* CE 8 is refined into CE [15] 
* CE 10 is refined into CE [16] 
* CE 6 is refined into CE [17] 
* CE 7 is refined into CE [18] 


#### Refined cost equations eval_read_scan_integer_bb2_in/3 
* CE 14: eval_read_scan_integer_bb2_in(A,B,A) = 0
     [A>=0,B=2] 
* CE 15: eval_read_scan_integer_bb2_in(A,B,A) = 0
     [0>=A+2,B=2] 
* CE 16: eval_read_scan_integer_bb2_in(V_ch_0,B,C) = 0
     [C+1=0,B=2,V_ch_0+1=0] 
* CE 17: eval_read_scan_integer_bb2_in(V_ch_0,B,C) = 1+ eval_read_scan_integer_bb2_in(D,E,C)
     [V_ch_0>=0,E=2,B=2] 
* CE 18: eval_read_scan_integer_bb2_in(V_ch_0,B,C) = 1+ eval_read_scan_integer_bb2_in(D,E,C)
     [0>=V_ch_0+2,E=2,B=2] 

### Cost equations --> "Loop" of eval_read_scan_integer_bb2_in/3 
* CEs [17] --> Loop 11 
* CEs [18] --> Loop 12 
* CEs [14] --> Loop 13 
* CEs [15] --> Loop 14 
* CEs [16] --> Loop 15 

#### Loops of eval_read_scan_integer_bb2_in/3 
* Loop 11: eval_read_scan_integer_bb2_in(V_ch_0,B,C)->  eval_read_scan_integer_bb2_in(V_ch_0',B',C)
                  [V_ch_0>=0,B'=2,B=2] 
* Loop 12: eval_read_scan_integer_bb2_in(V_ch_0,B,C)->  eval_read_scan_integer_bb2_in(V_ch_0',B',C)
                  [0>=V_ch_0+2,B'=2,B=2] 
* Loop 13: eval_read_scan_integer_bb2_in(A,B,A) [A>=0,B=2] 
* Loop 14: eval_read_scan_integer_bb2_in(A,B,A) [0>=A+2,B=2] 
* Loop 15: eval_read_scan_integer_bb2_in(V_ch_0,B,C) [C+1=0,B=2,V_ch_0+1=0] 

### Ranking functions of CR eval_read_scan_integer_bb2_in(V_ch_0,B,C) 

#### Partial ranking functions of CR eval_read_scan_integer_bb2_in(V_ch_0,B,C) 


### Resulting Chains:eval_read_scan_integer_bb2_in(V_ch_0,B,C) 
* [[11,12]]...
* [[11,12],15]
* [[11,12],14]
* [[11,12],13]
* [15]
* [14]
* [13]


### Merging Chains  eval_read_scan_integer_bb2_in/3 into  External patterns of execution 
* [[15],[15,[11,12]]] --> 1 
* [[14],[14,[11,12]]] --> 2 
* [[13],[13,[11,12]]] --> 3 
* [[[11,12]]] --> 4 


### Specialization of cost equations eval_read_scan_integer_19/1 
* CE 13 is refined into CE [19] 


#### Refined cost equations eval_read_scan_integer_19/1 
* CE 19: eval_read_scan_integer_19(B) = 0
     [] 

### Cost equations --> "Loop" of eval_read_scan_integer_19/1 
* CEs [19] --> Loop 16 

#### Loops of eval_read_scan_integer_19/1 
* Loop 16: eval_read_scan_integer_19(B) [] 

### Ranking functions of CR eval_read_scan_integer_19(B) 

#### Partial ranking functions of CR eval_read_scan_integer_19(B) 


### Resulting Chains:eval_read_scan_integer_19(B) 
* [16]


### Merging Chains  eval_read_scan_integer_19/1 into  External patterns of execution 
* [[16]] --> 1 


### Specialization of cost equations eval_read_scan_integer_14/2 
* CE 11 is refined into CE [20] 
* CE 12 is refined into CE [21] 


#### Refined cost equations eval_read_scan_integer_14/2 
* CE 20: eval_read_scan_integer_14(V_ch_0,B) = 0+ eval_read_scan_integer_19(B):1
     [] 
* CE 21: eval_read_scan_integer_14(V_ch_0,B) = 0
     [] 

### Cost equations --> "Loop" of eval_read_scan_integer_14/2 
* CEs [20,21] --> Loop 17 

#### Loops of eval_read_scan_integer_14/2 
* Loop 17: eval_read_scan_integer_14(V_ch_0,B) [] 

### Ranking functions of CR eval_read_scan_integer_14(V_ch_0,B) 

#### Partial ranking functions of CR eval_read_scan_integer_14(V_ch_0,B) 


### Resulting Chains:eval_read_scan_integer_14(V_ch_0,B) 
* [17]


### Merging Chains  eval_read_scan_integer_14/2 into  External patterns of execution 
* [[17]] --> 1 


### Specialization of cost equations eval_read_scan_integer_4/2 
* CE 5 is refined into CE [22,23,24,25] 


#### Refined cost equations eval_read_scan_integer_4/2 
* CE 22: eval_read_scan_integer_4(V_2,B) = 1+ eval_read_scan_integer_bb2_in(V_2,C,D):1+ eval_read_scan_integer_14(E,B):1
     [E+1=0,D+1=0,C=2] 
* CE 23: eval_read_scan_integer_4(V_2,B) = 1+ eval_read_scan_integer_bb2_in(V_2,C,D):2+ eval_read_scan_integer_14(D,B):1
     [0>=D+2,C=2] 
* CE 24: eval_read_scan_integer_4(V_2,B) = 1+ eval_read_scan_integer_bb2_in(V_2,C,D):3+ eval_read_scan_integer_14(D,B):1
     [D>=0,C=2] 
* CE 25: eval_read_scan_integer_4(V_2,B) = 1+ eval_read_scan_integer_bb2_in(V_2,C,D):4
     [C=2] 

### Cost equations --> "Loop" of eval_read_scan_integer_4/2 
* CEs [25] --> Loop 18 
* CEs [22,23,24] --> Loop 19 

#### Loops of eval_read_scan_integer_4/2 
* Loop 18: eval_read_scan_integer_4(V_2,B) [] 
* Loop 19: eval_read_scan_integer_4(V_2,B) [] 

### Ranking functions of CR eval_read_scan_integer_4(V_2,B) 

#### Partial ranking functions of CR eval_read_scan_integer_4(V_2,B) 


### Resulting Chains:eval_read_scan_integer_4(V_2,B) 
* [19]
* [18]...


### Merging Chains  eval_read_scan_integer_4/2 into  External patterns of execution 
* [[19]] --> 1 
* [[18]] --> 2 


### Specialization of cost equations eval_read_scan_integer_1/1 
* CE 3 is refined into CE [26,27] 
* CE 4 is refined into CE [28] 


#### Refined cost equations eval_read_scan_integer_1/1 
* CE 26: eval_read_scan_integer_1(B) = 0+ eval_read_scan_integer_4(C,B):1
     [] 
* CE 27: eval_read_scan_integer_1(B) = 0+ eval_read_scan_integer_4(C,B):2
     [] 
* CE 28: eval_read_scan_integer_1(B) = 0
     [] 

### Cost equations --> "Loop" of eval_read_scan_integer_1/1 
* CEs [26,28] --> Loop 20 
* CEs [27] --> Loop 21 

#### Loops of eval_read_scan_integer_1/1 
* Loop 20: eval_read_scan_integer_1(B) [] 
* Loop 21: eval_read_scan_integer_1(B) [] 

### Ranking functions of CR eval_read_scan_integer_1(B) 

#### Partial ranking functions of CR eval_read_scan_integer_1(B) 


### Resulting Chains:eval_read_scan_integer_1(B) 
* [21]...
* [20]


### Merging Chains  eval_read_scan_integer_1/1 into  External patterns of execution 
* [[20]] --> 1 
* [[21]] --> 2 


### Specialization of cost equations eval_read_scan_integer_start/1 
* CE 2 is refined into CE [29,30] 


#### Refined cost equations eval_read_scan_integer_start/1 
* CE 29: eval_read_scan_integer_start(B) = 0+ eval_read_scan_integer_1(B):1
     [] 
* CE 30: eval_read_scan_integer_start(B) = 0+ eval_read_scan_integer_1(B):2
     [] 

### Cost equations --> "Loop" of eval_read_scan_integer_start/1 
* CEs [30] --> Loop 22 
* CEs [29] --> Loop 23 

#### Loops of eval_read_scan_integer_start/1 
* Loop 22: eval_read_scan_integer_start(B) [] 
* Loop 23: eval_read_scan_integer_start(B) [] 

### Ranking functions of CR eval_read_scan_integer_start(B) 

#### Partial ranking functions of CR eval_read_scan_integer_start(B) 


### Resulting Chains:eval_read_scan_integer_start(B) 
* [23]
* [22]...


### Merging Chains  eval_read_scan_integer_start/1 into  External patterns of execution 
* [[23]] --> 1 
* [[22]] --> 2 


Computing Bounds
=====================================

#### Cost of loops [11,12] 

 * loop 11:eval_read_scan_integer_bb2_in(V_ch_0,B,C) -> [eval_read_scan_integer_bb2_in(V_ch_0',B',C')] 
1
 * loop 12:eval_read_scan_integer_bb2_in(V_ch_0,B,C) -> [eval_read_scan_integer_bb2_in(V_ch_0',B',C')] 
1
#### Cost of phase [11,12]:eval_read_scan_integer_bb2_in(V_ch_0,B,C) -> [eval_read_scan_integer_bb2_in(V_ch_0',B',C')] 
2*it(11)+0
#### Cost of phase [11,12]:eval_read_scan_integer_bb2_in(V_ch_0,B,C) -> [eval_read_scan_integer_bb2_in(V_ch_0',B',C')] 
2*it(11)+0
#### Cost of phase [11,12]:eval_read_scan_integer_bb2_in(V_ch_0,B,C) -> [eval_read_scan_integer_bb2_in(V_ch_0',B',C')] 
2*it(11)+0
#### Cost of phase [11,12]:eval_read_scan_integer_bb2_in(V_ch_0,B,C) -> [eval_read_scan_integer_bb2_in(V_ch_0',B',C')] 
2*it(11)+0
#### Cost of chains of eval_read_scan_integer_bb2_in(V_ch_0,B,C):
* Chain [[11,12]]...: 2*it(11)+0
  with precondition: [B=2] 

* Chain [[11,12],15]: 2*it(11)+0
  with precondition: [B=2,C+1=0] 

* Chain [[11,12],14]: 2*it(11)+0
  with precondition: [B=2,0>=C+2] 

* Chain [[11,12],13]: 2*it(11)+0
  with precondition: [B=2,C>=0] 

* Chain [15]: 0
  with precondition: [V_ch_0+1=0,B=2,C+1=0] 

* Chain [14]: 0
  with precondition: [B=2,V_ch_0=C,0>=V_ch_0+2] 

* Chain [13]: 0
  with precondition: [B=2,V_ch_0=C,V_ch_0>=0] 


#### Cost of chains of eval_read_scan_integer_19(B):
* Chain [16]: 0
  with precondition: [] 


#### Cost of chains of eval_read_scan_integer_14(V_ch_0,B):
* Chain [17]: 0
  with precondition: [] 


#### Cost of chains of eval_read_scan_integer_4(V_2,B):
* Chain [19]: 1*aux(4)+0
  with precondition: [] 

* Chain [18]...: 2*s(7)+1
  with precondition: [] 


#### Cost of chains of eval_read_scan_integer_1(B):
* Chain [21]...: 2*s(8)+1
  with precondition: [] 

* Chain [20]: 1*aux(5)+0
  with precondition: [] 


#### Cost of chains of eval_read_scan_integer_start(B):
* Chain [23]: 1*s(10)+0
  with precondition: [] 

* Chain [22]...: 2*s(11)+1
  with precondition: [] 


Closed-form bounds of eval_read_scan_integer_start(B): 
-------------------------------------
* Chain [23] with precondition: [] 
    - Upper bound: inf 
    - Complexity: infinity 
* Chain [22]... with precondition: [] 
    - Upper bound: inf 
    - Complexity: infinity 

### Maximum cost of eval_read_scan_integer_start(B): inf 
Asymptotic class: infinity 

Time statistics: 
-------------------------------------
* Partial evaluation computed in 31 ms.
* Invariants computed in 32 ms.
   - Backward Invariants 21 ms.
   - Transitive Invariants 3 ms.
* Refinement performed in 53 ms.
* Termination proved in 3 ms.
* Upper bounds computed in 38 ms.
   - Equation cost structures 15 ms.
   - Phase cost structures 8 ms.
   - Chain cost structures 11 ms.
   - Solving cost expressions 0 ms.
* Total analysis performed in 207 ms.

