Warning: Ignored call to eval_get_sof_stop/1 in equation eval_get_sof_bb47_in/1 

Preprocessing Cost Relations
=====================================

#### Computed strongly connected components 
0. non_recursive  : [eval_get_sof_bb47_in/1]
1. recursive  : [eval_get_sof_124/2,eval_get_sof_125/2,eval_get_sof_133/2,eval_get_sof_134/2,eval_get_sof_146/2,eval_get_sof_147/2,eval_get_sof_163/2,eval_get_sof_164/2,eval_get_sof_bb35_in/2,eval_get_sof_bb39_in/2,eval_get_sof_bb42_in/2,eval_get_sof_bb45_in/2]
2. non_recursive  : [loop_cont_eval_get_sof_bb35_in/2]
3. non_recursive  : [eval_get_sof_bb34_in/1]
4. non_recursive  : [eval_get_sof_118/1]
5. non_recursive  : [eval_get_sof_117/1]
6. non_recursive  : [eval_get_sof_bb32_in/1]
7. non_recursive  : [eval_get_sof_113/1]
8. non_recursive  : [eval_get_sof_112/1]
9. non_recursive  : [eval_get_sof_bb30_in/1]
10. non_recursive  : [eval_get_sof_106/1]
11. non_recursive  : [eval_get_sof_105/1]
12. non_recursive  : [eval_get_sof_bb29_in/1]
13. non_recursive  : [eval_get_sof_bb26_in/1]
14. non_recursive  : [eval_get_sof_97/1]
15. non_recursive  : [eval_get_sof_96/1]
16. non_recursive  : [eval_get_sof_93/1]
17. non_recursive  : [eval_get_sof_92/1]
18. non_recursive  : [eval_get_sof_bb24_in/1]
19. non_recursive  : [eval_get_sof_75/1]
20. non_recursive  : [eval_get_sof_74/1]
21. non_recursive  : [eval_get_sof_bb21_in/1]
22. non_recursive  : [eval_get_sof_64/1]
23. non_recursive  : [eval_get_sof_63/1]
24. non_recursive  : [eval_get_sof_bb18_in/1]
25. non_recursive  : [eval_get_sof_54/1]
26. non_recursive  : [eval_get_sof_53/1]
27. non_recursive  : [eval_get_sof_bb15_in/1]
28. non_recursive  : [eval_get_sof_43/1]
29. non_recursive  : [eval_get_sof_42/1]
30. non_recursive  : [eval_get_sof_bb12_in/1]
31. non_recursive  : [eval_get_sof_33/1]
32. non_recursive  : [eval_get_sof_32/1]
33. non_recursive  : [eval_get_sof_bb9_in/1]
34. non_recursive  : [eval_get_sof_24/1]
35. non_recursive  : [eval_get_sof_23/1]
36. non_recursive  : [eval_get_sof_bb6_in/1]
37. non_recursive  : [eval_get_sof_15/1]
38. non_recursive  : [eval_get_sof_14/1]
39. non_recursive  : [eval_get_sof_bb3_in/1]
40. non_recursive  : [eval_get_sof_5/1]
41. non_recursive  : [eval_get_sof_4/1]
42. non_recursive  : [eval_get_sof_bb0_in/1]
43. non_recursive  : [eval_get_sof_start/3]

#### Obtained direct recursion through partial evaluation 
0. SCC is completely evaluated into other SCCs
1. SCC is partially evaluated into eval_get_sof_bb35_in/2
2. SCC is completely evaluated into other SCCs
3. SCC is partially evaluated into eval_get_sof_bb34_in/1
4. SCC is completely evaluated into other SCCs
5. SCC is completely evaluated into other SCCs
6. SCC is partially evaluated into eval_get_sof_bb32_in/1
7. SCC is completely evaluated into other SCCs
8. SCC is completely evaluated into other SCCs
9. SCC is partially evaluated into eval_get_sof_bb30_in/1
10. SCC is completely evaluated into other SCCs
11. SCC is completely evaluated into other SCCs
12. SCC is completely evaluated into other SCCs
13. SCC is partially evaluated into eval_get_sof_bb26_in/1
14. SCC is completely evaluated into other SCCs
15. SCC is completely evaluated into other SCCs
16. SCC is partially evaluated into eval_get_sof_93/1
17. SCC is completely evaluated into other SCCs
18. SCC is completely evaluated into other SCCs
19. SCC is partially evaluated into eval_get_sof_75/1
20. SCC is completely evaluated into other SCCs
21. SCC is partially evaluated into eval_get_sof_bb21_in/1
22. SCC is partially evaluated into eval_get_sof_64/1
23. SCC is completely evaluated into other SCCs
24. SCC is partially evaluated into eval_get_sof_bb18_in/1
25. SCC is partially evaluated into eval_get_sof_54/1
26. SCC is completely evaluated into other SCCs
27. SCC is partially evaluated into eval_get_sof_bb15_in/1
28. SCC is partially evaluated into eval_get_sof_43/1
29. SCC is completely evaluated into other SCCs
30. SCC is partially evaluated into eval_get_sof_bb12_in/1
31. SCC is partially evaluated into eval_get_sof_33/1
32. SCC is completely evaluated into other SCCs
33. SCC is partially evaluated into eval_get_sof_bb9_in/1
34. SCC is partially evaluated into eval_get_sof_24/1
35. SCC is completely evaluated into other SCCs
36. SCC is partially evaluated into eval_get_sof_bb6_in/1
37. SCC is partially evaluated into eval_get_sof_15/1
38. SCC is completely evaluated into other SCCs
39. SCC is partially evaluated into eval_get_sof_bb3_in/1
40. SCC is partially evaluated into eval_get_sof_5/1
41. SCC is completely evaluated into other SCCs
42. SCC is partially evaluated into eval_get_sof_bb0_in/1
43. SCC is partially evaluated into eval_get_sof_start/3

Control-Flow Refinement of Cost Relations
=====================================

### Specialization of cost equations eval_get_sof_bb35_in/2 
* CE 41 is refined into CE [42] 
* CE 40 is refined into CE [43] 


#### Refined cost equations eval_get_sof_bb35_in/2 
* CE 42: eval_get_sof_bb35_in(V_ci_0,B) = 0
     [V_ci_0>=0,B=2] 
* CE 43: eval_get_sof_bb35_in(V_ci_0,B) = 1+ eval_get_sof_bb35_in(C,D)
     [V_ci_0>=0,V_ci_0+1=C,D=2,B=2] 

### Cost equations --> "Loop" of eval_get_sof_bb35_in/2 
* CEs [43] --> Loop 25 
* CEs [42] --> Loop 26 

#### Loops of eval_get_sof_bb35_in/2 
* Loop 25: eval_get_sof_bb35_in(V_ci_0,B)->  eval_get_sof_bb35_in(V_ci_0',B')
                  [V_ci_0>=0,V_ci_0+1=V_ci_0',B'=2,B=2] 
* Loop 26: eval_get_sof_bb35_in(V_ci_0,B) [V_ci_0>=0,B=2] 

### Ranking functions of CR eval_get_sof_bb35_in(V_ci_0,B) 

#### Partial ranking functions of CR eval_get_sof_bb35_in(V_ci_0,B) 


### Resulting Chains:eval_get_sof_bb35_in(V_ci_0,B) 
* [[25]]...
* [[25],26]
* [26]


### Merging Chains  eval_get_sof_bb35_in/2 into  External patterns of execution 
* [[26],[26,[25]]] --> 1 
* [[[25]]] --> 2 


### Specialization of cost equations eval_get_sof_bb34_in/1 
* CE 39 is refined into CE [44,45] 


#### Refined cost equations eval_get_sof_bb34_in/1 
* CE 44: eval_get_sof_bb34_in(B) = 1+ eval_get_sof_bb35_in(C,D):1
     [D=2,C=0] 
* CE 45: eval_get_sof_bb34_in(B) = 1+ eval_get_sof_bb35_in(C,D):2
     [D=2,C=0] 

### Cost equations --> "Loop" of eval_get_sof_bb34_in/1 
* CEs [45] --> Loop 27 
* CEs [44] --> Loop 28 

#### Loops of eval_get_sof_bb34_in/1 
* Loop 27: eval_get_sof_bb34_in(B) [] 
* Loop 28: eval_get_sof_bb34_in(B) [] 

### Ranking functions of CR eval_get_sof_bb34_in(B) 

#### Partial ranking functions of CR eval_get_sof_bb34_in(B) 


### Resulting Chains:eval_get_sof_bb34_in(B) 
* [28]
* [27]...


### Merging Chains  eval_get_sof_bb34_in/1 into  External patterns of execution 
* [[28]] --> 1 
* [[27]] --> 2 


### Specialization of cost equations eval_get_sof_bb32_in/1 
* CE 38 is refined into CE [46,47] 


#### Refined cost equations eval_get_sof_bb32_in/1 
* CE 46: eval_get_sof_bb32_in(B) = 0+ eval_get_sof_bb34_in(B):1
     [] 
* CE 47: eval_get_sof_bb32_in(B) = 0+ eval_get_sof_bb34_in(B):2
     [] 

### Cost equations --> "Loop" of eval_get_sof_bb32_in/1 
* CEs [47] --> Loop 29 
* CEs [46] --> Loop 30 

#### Loops of eval_get_sof_bb32_in/1 
* Loop 29: eval_get_sof_bb32_in(B) [] 
* Loop 30: eval_get_sof_bb32_in(B) [] 

### Ranking functions of CR eval_get_sof_bb32_in(B) 

#### Partial ranking functions of CR eval_get_sof_bb32_in(B) 


### Resulting Chains:eval_get_sof_bb32_in(B) 
* [30]
* [29]...


### Merging Chains  eval_get_sof_bb32_in/1 into  External patterns of execution 
* [[30]] --> 1 
* [[29]] --> 2 


### Specialization of cost equations eval_get_sof_bb30_in/1 
* CE 37 is refined into CE [48,49] 


#### Refined cost equations eval_get_sof_bb30_in/1 
* CE 48: eval_get_sof_bb30_in(B) = 0+ eval_get_sof_bb32_in(B):1
     [] 
* CE 49: eval_get_sof_bb30_in(B) = 0+ eval_get_sof_bb32_in(B):2
     [] 

### Cost equations --> "Loop" of eval_get_sof_bb30_in/1 
* CEs [49] --> Loop 31 
* CEs [48] --> Loop 32 

#### Loops of eval_get_sof_bb30_in/1 
* Loop 31: eval_get_sof_bb30_in(B) [] 
* Loop 32: eval_get_sof_bb30_in(B) [] 

### Ranking functions of CR eval_get_sof_bb30_in(B) 

#### Partial ranking functions of CR eval_get_sof_bb30_in(B) 


### Resulting Chains:eval_get_sof_bb30_in(B) 
* [32]
* [31]...


### Merging Chains  eval_get_sof_bb30_in/1 into  External patterns of execution 
* [[32]] --> 1 
* [[31]] --> 2 


### Specialization of cost equations eval_get_sof_bb26_in/1 
* CE 36 is refined into CE [50,51] 


#### Refined cost equations eval_get_sof_bb26_in/1 
* CE 50: eval_get_sof_bb26_in(B) = 0+ eval_get_sof_bb30_in(B):1
     [] 
* CE 51: eval_get_sof_bb26_in(B) = 0+ eval_get_sof_bb30_in(B):2
     [] 

### Cost equations --> "Loop" of eval_get_sof_bb26_in/1 
* CEs [51] --> Loop 33 
* CEs [50] --> Loop 34 

#### Loops of eval_get_sof_bb26_in/1 
* Loop 33: eval_get_sof_bb26_in(B) [] 
* Loop 34: eval_get_sof_bb26_in(B) [] 

### Ranking functions of CR eval_get_sof_bb26_in(B) 

#### Partial ranking functions of CR eval_get_sof_bb26_in(B) 


### Resulting Chains:eval_get_sof_bb26_in(B) 
* [34]
* [33]...


### Merging Chains  eval_get_sof_bb26_in/1 into  External patterns of execution 
* [[34]] --> 1 
* [[33]] --> 2 


### Specialization of cost equations eval_get_sof_93/1 
* CE 35 is refined into CE [52,53] 


#### Refined cost equations eval_get_sof_93/1 
* CE 52: eval_get_sof_93(B) = 0+ eval_get_sof_bb26_in(B):1
     [] 
* CE 53: eval_get_sof_93(B) = 0+ eval_get_sof_bb26_in(B):2
     [] 

### Cost equations --> "Loop" of eval_get_sof_93/1 
* CEs [53] --> Loop 35 
* CEs [52] --> Loop 36 

#### Loops of eval_get_sof_93/1 
* Loop 35: eval_get_sof_93(B) [] 
* Loop 36: eval_get_sof_93(B) [] 

### Ranking functions of CR eval_get_sof_93(B) 

#### Partial ranking functions of CR eval_get_sof_93(B) 


### Resulting Chains:eval_get_sof_93(B) 
* [36]
* [35]...


### Merging Chains  eval_get_sof_93/1 into  External patterns of execution 
* [[36]] --> 1 
* [[35]] --> 2 


### Specialization of cost equations eval_get_sof_75/1 
* CE 33 is refined into CE [54,55] 
* CE 34 is refined into CE [56] 


#### Refined cost equations eval_get_sof_75/1 
* CE 54: eval_get_sof_75(B) = 0+ eval_get_sof_93(B):1
     [] 
* CE 55: eval_get_sof_75(B) = 0+ eval_get_sof_93(B):2
     [] 
* CE 56: eval_get_sof_75(B) = 0
     [] 

### Cost equations --> "Loop" of eval_get_sof_75/1 
* CEs [54,56] --> Loop 37 
* CEs [55] --> Loop 38 

#### Loops of eval_get_sof_75/1 
* Loop 37: eval_get_sof_75(B) [] 
* Loop 38: eval_get_sof_75(B) [] 

### Ranking functions of CR eval_get_sof_75(B) 

#### Partial ranking functions of CR eval_get_sof_75(B) 


### Resulting Chains:eval_get_sof_75(B) 
* [38]...
* [37]


### Merging Chains  eval_get_sof_75/1 into  External patterns of execution 
* [[37]] --> 1 
* [[38]] --> 2 


### Specialization of cost equations eval_get_sof_bb21_in/1 
* CE 31 is refined into CE [57,58] 
* CE 32 is refined into CE [59,60] 


#### Refined cost equations eval_get_sof_bb21_in/1 
* CE 57: eval_get_sof_bb21_in(B) = 0+ eval_get_sof_75(B):1
     [] 
* CE 58: eval_get_sof_bb21_in(B) = 0+ eval_get_sof_75(B):2
     [] 
* CE 59: eval_get_sof_bb21_in(B) = 0+ eval_get_sof_93(B):1
     [] 
* CE 60: eval_get_sof_bb21_in(B) = 0+ eval_get_sof_93(B):2
     [] 

### Cost equations --> "Loop" of eval_get_sof_bb21_in/1 
* CEs [58,60] --> Loop 39 
* CEs [57,59] --> Loop 40 

#### Loops of eval_get_sof_bb21_in/1 
* Loop 39: eval_get_sof_bb21_in(B) [] 
* Loop 40: eval_get_sof_bb21_in(B) [] 

### Ranking functions of CR eval_get_sof_bb21_in(B) 

#### Partial ranking functions of CR eval_get_sof_bb21_in(B) 


### Resulting Chains:eval_get_sof_bb21_in(B) 
* [40]
* [39]...


### Merging Chains  eval_get_sof_bb21_in/1 into  External patterns of execution 
* [[40]] --> 1 
* [[39]] --> 2 


### Specialization of cost equations eval_get_sof_64/1 
* CE 29 is refined into CE [61,62] 
* CE 30 is refined into CE [63] 


#### Refined cost equations eval_get_sof_64/1 
* CE 61: eval_get_sof_64(B) = 0+ eval_get_sof_bb21_in(B):1
     [] 
* CE 62: eval_get_sof_64(B) = 0+ eval_get_sof_bb21_in(B):2
     [] 
* CE 63: eval_get_sof_64(B) = 0
     [] 

### Cost equations --> "Loop" of eval_get_sof_64/1 
* CEs [61,63] --> Loop 41 
* CEs [62] --> Loop 42 

#### Loops of eval_get_sof_64/1 
* Loop 41: eval_get_sof_64(B) [] 
* Loop 42: eval_get_sof_64(B) [] 

### Ranking functions of CR eval_get_sof_64(B) 

#### Partial ranking functions of CR eval_get_sof_64(B) 


### Resulting Chains:eval_get_sof_64(B) 
* [42]...
* [41]


### Merging Chains  eval_get_sof_64/1 into  External patterns of execution 
* [[41]] --> 1 
* [[42]] --> 2 


### Specialization of cost equations eval_get_sof_bb18_in/1 
* CE 27 is refined into CE [64,65] 
* CE 28 is refined into CE [66,67] 


#### Refined cost equations eval_get_sof_bb18_in/1 
* CE 64: eval_get_sof_bb18_in(B) = 0+ eval_get_sof_64(B):1
     [] 
* CE 65: eval_get_sof_bb18_in(B) = 0+ eval_get_sof_64(B):2
     [] 
* CE 66: eval_get_sof_bb18_in(B) = 0+ eval_get_sof_bb21_in(B):1
     [] 
* CE 67: eval_get_sof_bb18_in(B) = 0+ eval_get_sof_bb21_in(B):2
     [] 

### Cost equations --> "Loop" of eval_get_sof_bb18_in/1 
* CEs [65,67] --> Loop 43 
* CEs [64,66] --> Loop 44 

#### Loops of eval_get_sof_bb18_in/1 
* Loop 43: eval_get_sof_bb18_in(B) [] 
* Loop 44: eval_get_sof_bb18_in(B) [] 

### Ranking functions of CR eval_get_sof_bb18_in(B) 

#### Partial ranking functions of CR eval_get_sof_bb18_in(B) 


### Resulting Chains:eval_get_sof_bb18_in(B) 
* [44]
* [43]...


### Merging Chains  eval_get_sof_bb18_in/1 into  External patterns of execution 
* [[44]] --> 1 
* [[43]] --> 2 


### Specialization of cost equations eval_get_sof_54/1 
* CE 25 is refined into CE [68,69] 
* CE 26 is refined into CE [70] 


#### Refined cost equations eval_get_sof_54/1 
* CE 68: eval_get_sof_54(B) = 0+ eval_get_sof_bb18_in(B):1
     [] 
* CE 69: eval_get_sof_54(B) = 0+ eval_get_sof_bb18_in(B):2
     [] 
* CE 70: eval_get_sof_54(B) = 0
     [] 

### Cost equations --> "Loop" of eval_get_sof_54/1 
* CEs [68,70] --> Loop 45 
* CEs [69] --> Loop 46 

#### Loops of eval_get_sof_54/1 
* Loop 45: eval_get_sof_54(B) [] 
* Loop 46: eval_get_sof_54(B) [] 

### Ranking functions of CR eval_get_sof_54(B) 

#### Partial ranking functions of CR eval_get_sof_54(B) 


### Resulting Chains:eval_get_sof_54(B) 
* [46]...
* [45]


### Merging Chains  eval_get_sof_54/1 into  External patterns of execution 
* [[45]] --> 1 
* [[46]] --> 2 


### Specialization of cost equations eval_get_sof_bb15_in/1 
* CE 23 is refined into CE [71,72] 
* CE 24 is refined into CE [73,74] 


#### Refined cost equations eval_get_sof_bb15_in/1 
* CE 71: eval_get_sof_bb15_in(B) = 0+ eval_get_sof_54(B):1
     [] 
* CE 72: eval_get_sof_bb15_in(B) = 0+ eval_get_sof_54(B):2
     [] 
* CE 73: eval_get_sof_bb15_in(B) = 0+ eval_get_sof_bb18_in(B):1
     [] 
* CE 74: eval_get_sof_bb15_in(B) = 0+ eval_get_sof_bb18_in(B):2
     [] 

### Cost equations --> "Loop" of eval_get_sof_bb15_in/1 
* CEs [72,74] --> Loop 47 
* CEs [71,73] --> Loop 48 

#### Loops of eval_get_sof_bb15_in/1 
* Loop 47: eval_get_sof_bb15_in(B) [] 
* Loop 48: eval_get_sof_bb15_in(B) [] 

### Ranking functions of CR eval_get_sof_bb15_in(B) 

#### Partial ranking functions of CR eval_get_sof_bb15_in(B) 


### Resulting Chains:eval_get_sof_bb15_in(B) 
* [48]
* [47]...


### Merging Chains  eval_get_sof_bb15_in/1 into  External patterns of execution 
* [[48]] --> 1 
* [[47]] --> 2 


### Specialization of cost equations eval_get_sof_43/1 
* CE 21 is refined into CE [75,76] 
* CE 22 is refined into CE [77] 


#### Refined cost equations eval_get_sof_43/1 
* CE 75: eval_get_sof_43(B) = 0+ eval_get_sof_bb15_in(B):1
     [] 
* CE 76: eval_get_sof_43(B) = 0+ eval_get_sof_bb15_in(B):2
     [] 
* CE 77: eval_get_sof_43(B) = 0
     [] 

### Cost equations --> "Loop" of eval_get_sof_43/1 
* CEs [75,77] --> Loop 49 
* CEs [76] --> Loop 50 

#### Loops of eval_get_sof_43/1 
* Loop 49: eval_get_sof_43(B) [] 
* Loop 50: eval_get_sof_43(B) [] 

### Ranking functions of CR eval_get_sof_43(B) 

#### Partial ranking functions of CR eval_get_sof_43(B) 


### Resulting Chains:eval_get_sof_43(B) 
* [50]...
* [49]


### Merging Chains  eval_get_sof_43/1 into  External patterns of execution 
* [[49]] --> 1 
* [[50]] --> 2 


### Specialization of cost equations eval_get_sof_bb12_in/1 
* CE 19 is refined into CE [78,79] 
* CE 20 is refined into CE [80,81] 


#### Refined cost equations eval_get_sof_bb12_in/1 
* CE 78: eval_get_sof_bb12_in(B) = 0+ eval_get_sof_43(B):1
     [] 
* CE 79: eval_get_sof_bb12_in(B) = 0+ eval_get_sof_43(B):2
     [] 
* CE 80: eval_get_sof_bb12_in(B) = 0+ eval_get_sof_bb15_in(B):1
     [] 
* CE 81: eval_get_sof_bb12_in(B) = 0+ eval_get_sof_bb15_in(B):2
     [] 

### Cost equations --> "Loop" of eval_get_sof_bb12_in/1 
* CEs [79,81] --> Loop 51 
* CEs [78,80] --> Loop 52 

#### Loops of eval_get_sof_bb12_in/1 
* Loop 51: eval_get_sof_bb12_in(B) [] 
* Loop 52: eval_get_sof_bb12_in(B) [] 

### Ranking functions of CR eval_get_sof_bb12_in(B) 

#### Partial ranking functions of CR eval_get_sof_bb12_in(B) 


### Resulting Chains:eval_get_sof_bb12_in(B) 
* [52]
* [51]...


### Merging Chains  eval_get_sof_bb12_in/1 into  External patterns of execution 
* [[52]] --> 1 
* [[51]] --> 2 


### Specialization of cost equations eval_get_sof_33/1 
* CE 17 is refined into CE [82,83] 
* CE 18 is refined into CE [84] 


#### Refined cost equations eval_get_sof_33/1 
* CE 82: eval_get_sof_33(B) = 0+ eval_get_sof_bb12_in(B):1
     [] 
* CE 83: eval_get_sof_33(B) = 0+ eval_get_sof_bb12_in(B):2
     [] 
* CE 84: eval_get_sof_33(B) = 0
     [] 

### Cost equations --> "Loop" of eval_get_sof_33/1 
* CEs [82,84] --> Loop 53 
* CEs [83] --> Loop 54 

#### Loops of eval_get_sof_33/1 
* Loop 53: eval_get_sof_33(B) [] 
* Loop 54: eval_get_sof_33(B) [] 

### Ranking functions of CR eval_get_sof_33(B) 

#### Partial ranking functions of CR eval_get_sof_33(B) 


### Resulting Chains:eval_get_sof_33(B) 
* [54]...
* [53]


### Merging Chains  eval_get_sof_33/1 into  External patterns of execution 
* [[53]] --> 1 
* [[54]] --> 2 


### Specialization of cost equations eval_get_sof_bb9_in/1 
* CE 15 is refined into CE [85,86] 
* CE 16 is refined into CE [87,88] 


#### Refined cost equations eval_get_sof_bb9_in/1 
* CE 85: eval_get_sof_bb9_in(B) = 0+ eval_get_sof_33(B):1
     [] 
* CE 86: eval_get_sof_bb9_in(B) = 0+ eval_get_sof_33(B):2
     [] 
* CE 87: eval_get_sof_bb9_in(B) = 0+ eval_get_sof_bb12_in(B):1
     [] 
* CE 88: eval_get_sof_bb9_in(B) = 0+ eval_get_sof_bb12_in(B):2
     [] 

### Cost equations --> "Loop" of eval_get_sof_bb9_in/1 
* CEs [86,88] --> Loop 55 
* CEs [85,87] --> Loop 56 

#### Loops of eval_get_sof_bb9_in/1 
* Loop 55: eval_get_sof_bb9_in(B) [] 
* Loop 56: eval_get_sof_bb9_in(B) [] 

### Ranking functions of CR eval_get_sof_bb9_in(B) 

#### Partial ranking functions of CR eval_get_sof_bb9_in(B) 


### Resulting Chains:eval_get_sof_bb9_in(B) 
* [56]
* [55]...


### Merging Chains  eval_get_sof_bb9_in/1 into  External patterns of execution 
* [[56]] --> 1 
* [[55]] --> 2 


### Specialization of cost equations eval_get_sof_24/1 
* CE 13 is refined into CE [89,90] 
* CE 14 is refined into CE [91] 


#### Refined cost equations eval_get_sof_24/1 
* CE 89: eval_get_sof_24(B) = 0+ eval_get_sof_bb9_in(B):1
     [] 
* CE 90: eval_get_sof_24(B) = 0+ eval_get_sof_bb9_in(B):2
     [] 
* CE 91: eval_get_sof_24(B) = 0
     [] 

### Cost equations --> "Loop" of eval_get_sof_24/1 
* CEs [89,91] --> Loop 57 
* CEs [90] --> Loop 58 

#### Loops of eval_get_sof_24/1 
* Loop 57: eval_get_sof_24(B) [] 
* Loop 58: eval_get_sof_24(B) [] 

### Ranking functions of CR eval_get_sof_24(B) 

#### Partial ranking functions of CR eval_get_sof_24(B) 


### Resulting Chains:eval_get_sof_24(B) 
* [58]...
* [57]


### Merging Chains  eval_get_sof_24/1 into  External patterns of execution 
* [[57]] --> 1 
* [[58]] --> 2 


### Specialization of cost equations eval_get_sof_bb6_in/1 
* CE 11 is refined into CE [92,93] 
* CE 12 is refined into CE [94,95] 


#### Refined cost equations eval_get_sof_bb6_in/1 
* CE 92: eval_get_sof_bb6_in(B) = 0+ eval_get_sof_24(B):1
     [] 
* CE 93: eval_get_sof_bb6_in(B) = 0+ eval_get_sof_24(B):2
     [] 
* CE 94: eval_get_sof_bb6_in(B) = 0+ eval_get_sof_bb9_in(B):1
     [] 
* CE 95: eval_get_sof_bb6_in(B) = 0+ eval_get_sof_bb9_in(B):2
     [] 

### Cost equations --> "Loop" of eval_get_sof_bb6_in/1 
* CEs [93,95] --> Loop 59 
* CEs [92,94] --> Loop 60 

#### Loops of eval_get_sof_bb6_in/1 
* Loop 59: eval_get_sof_bb6_in(B) [] 
* Loop 60: eval_get_sof_bb6_in(B) [] 

### Ranking functions of CR eval_get_sof_bb6_in(B) 

#### Partial ranking functions of CR eval_get_sof_bb6_in(B) 


### Resulting Chains:eval_get_sof_bb6_in(B) 
* [60]
* [59]...


### Merging Chains  eval_get_sof_bb6_in/1 into  External patterns of execution 
* [[60]] --> 1 
* [[59]] --> 2 


### Specialization of cost equations eval_get_sof_15/1 
* CE 9 is refined into CE [96,97] 
* CE 10 is refined into CE [98] 


#### Refined cost equations eval_get_sof_15/1 
* CE 96: eval_get_sof_15(B) = 0+ eval_get_sof_bb6_in(B):1
     [] 
* CE 97: eval_get_sof_15(B) = 0+ eval_get_sof_bb6_in(B):2
     [] 
* CE 98: eval_get_sof_15(B) = 0
     [] 

### Cost equations --> "Loop" of eval_get_sof_15/1 
* CEs [96,98] --> Loop 61 
* CEs [97] --> Loop 62 

#### Loops of eval_get_sof_15/1 
* Loop 61: eval_get_sof_15(B) [] 
* Loop 62: eval_get_sof_15(B) [] 

### Ranking functions of CR eval_get_sof_15(B) 

#### Partial ranking functions of CR eval_get_sof_15(B) 


### Resulting Chains:eval_get_sof_15(B) 
* [62]...
* [61]


### Merging Chains  eval_get_sof_15/1 into  External patterns of execution 
* [[61]] --> 1 
* [[62]] --> 2 


### Specialization of cost equations eval_get_sof_bb3_in/1 
* CE 7 is refined into CE [99,100] 
* CE 8 is refined into CE [101,102] 


#### Refined cost equations eval_get_sof_bb3_in/1 
* CE 99: eval_get_sof_bb3_in(B) = 0+ eval_get_sof_15(B):1
     [] 
* CE 100: eval_get_sof_bb3_in(B) = 0+ eval_get_sof_15(B):2
     [] 
* CE 101: eval_get_sof_bb3_in(B) = 0+ eval_get_sof_bb6_in(B):1
     [] 
* CE 102: eval_get_sof_bb3_in(B) = 0+ eval_get_sof_bb6_in(B):2
     [] 

### Cost equations --> "Loop" of eval_get_sof_bb3_in/1 
* CEs [100,102] --> Loop 63 
* CEs [99,101] --> Loop 64 

#### Loops of eval_get_sof_bb3_in/1 
* Loop 63: eval_get_sof_bb3_in(B) [] 
* Loop 64: eval_get_sof_bb3_in(B) [] 

### Ranking functions of CR eval_get_sof_bb3_in(B) 

#### Partial ranking functions of CR eval_get_sof_bb3_in(B) 


### Resulting Chains:eval_get_sof_bb3_in(B) 
* [64]
* [63]...


### Merging Chains  eval_get_sof_bb3_in/1 into  External patterns of execution 
* [[64]] --> 1 
* [[63]] --> 2 


### Specialization of cost equations eval_get_sof_5/1 
* CE 5 is refined into CE [103,104] 
* CE 6 is refined into CE [105] 


#### Refined cost equations eval_get_sof_5/1 
* CE 103: eval_get_sof_5(B) = 0+ eval_get_sof_bb3_in(B):1
     [] 
* CE 104: eval_get_sof_5(B) = 0+ eval_get_sof_bb3_in(B):2
     [] 
* CE 105: eval_get_sof_5(B) = 0
     [] 

### Cost equations --> "Loop" of eval_get_sof_5/1 
* CEs [103,105] --> Loop 65 
* CEs [104] --> Loop 66 

#### Loops of eval_get_sof_5/1 
* Loop 65: eval_get_sof_5(B) [] 
* Loop 66: eval_get_sof_5(B) [] 

### Ranking functions of CR eval_get_sof_5(B) 

#### Partial ranking functions of CR eval_get_sof_5(B) 


### Resulting Chains:eval_get_sof_5(B) 
* [66]...
* [65]


### Merging Chains  eval_get_sof_5/1 into  External patterns of execution 
* [[65]] --> 1 
* [[66]] --> 2 


### Specialization of cost equations eval_get_sof_bb0_in/1 
* CE 3 is refined into CE [106,107] 
* CE 4 is refined into CE [108,109] 


#### Refined cost equations eval_get_sof_bb0_in/1 
* CE 106: eval_get_sof_bb0_in(B) = 0+ eval_get_sof_5(B):1
     [] 
* CE 107: eval_get_sof_bb0_in(B) = 0+ eval_get_sof_5(B):2
     [] 
* CE 108: eval_get_sof_bb0_in(B) = 0+ eval_get_sof_bb3_in(B):1
     [] 
* CE 109: eval_get_sof_bb0_in(B) = 0+ eval_get_sof_bb3_in(B):2
     [] 

### Cost equations --> "Loop" of eval_get_sof_bb0_in/1 
* CEs [107,109] --> Loop 67 
* CEs [106,108] --> Loop 68 

#### Loops of eval_get_sof_bb0_in/1 
* Loop 67: eval_get_sof_bb0_in(B) [] 
* Loop 68: eval_get_sof_bb0_in(B) [] 

### Ranking functions of CR eval_get_sof_bb0_in(B) 

#### Partial ranking functions of CR eval_get_sof_bb0_in(B) 


### Resulting Chains:eval_get_sof_bb0_in(B) 
* [68]
* [67]...


### Merging Chains  eval_get_sof_bb0_in/1 into  External patterns of execution 
* [[68]] --> 1 
* [[67]] --> 2 


### Specialization of cost equations eval_get_sof_start/3 
* CE 2 is refined into CE [110,111] 


#### Refined cost equations eval_get_sof_start/3 
* CE 110: eval_get_sof_start(V_is_prog,V_is_arith,B) = 0+ eval_get_sof_bb0_in(B):1
     [] 
* CE 111: eval_get_sof_start(V_is_prog,V_is_arith,B) = 0+ eval_get_sof_bb0_in(B):2
     [] 

### Cost equations --> "Loop" of eval_get_sof_start/3 
* CEs [111] --> Loop 69 
* CEs [110] --> Loop 70 

#### Loops of eval_get_sof_start/3 
* Loop 69: eval_get_sof_start(V_is_prog,V_is_arith,B) [] 
* Loop 70: eval_get_sof_start(V_is_prog,V_is_arith,B) [] 

### Ranking functions of CR eval_get_sof_start(V_is_prog,V_is_arith,B) 

#### Partial ranking functions of CR eval_get_sof_start(V_is_prog,V_is_arith,B) 


### Resulting Chains:eval_get_sof_start(V_is_prog,V_is_arith,B) 
* [70]
* [69]...


### Merging Chains  eval_get_sof_start/3 into  External patterns of execution 
* [[70]] --> 1 
* [[69]] --> 2 


Computing Bounds
=====================================

#### Cost of loops [25] 

 * loop 25:eval_get_sof_bb35_in(V_ci_0,B) -> [eval_get_sof_bb35_in(V_ci_0',B')] 
1
#### Cost of phase [25]:eval_get_sof_bb35_in(V_ci_0,B) -> [eval_get_sof_bb35_in(V_ci_0',B')] 
1*it(25)+0
#### Cost of phase [25]:eval_get_sof_bb35_in(V_ci_0,B) -> [eval_get_sof_bb35_in(V_ci_0',B')] 
1*it(25)+0
#### Cost of chains of eval_get_sof_bb35_in(V_ci_0,B):
* Chain [[25]]...: 1*it(25)+0
  with precondition: [V_ci_0>=0,B=2] 

* Chain [[25],26]: 1*it(25)+0
  with precondition: [B=2,V_ci_0>=0] 

* Chain [26]: 0
  with precondition: [B=2,V_ci_0>=0] 


#### Cost of chains of eval_get_sof_bb34_in(B):
* Chain [28]: 1*s(2)+1
  with precondition: [] 

* Chain [27]...: 1*s(3)+1
  with precondition: [] 


#### Cost of chains of eval_get_sof_bb32_in(B):
* Chain [30]: 1*s(4)+1
  with precondition: [] 

* Chain [29]...: 1*s(5)+1
  with precondition: [] 


#### Cost of chains of eval_get_sof_bb30_in(B):
* Chain [32]: 1*s(6)+1
  with precondition: [] 

* Chain [31]...: 1*s(7)+1
  with precondition: [] 


#### Cost of chains of eval_get_sof_bb26_in(B):
* Chain [34]: 1*s(8)+1
  with precondition: [] 

* Chain [33]...: 1*s(9)+1
  with precondition: [] 


#### Cost of chains of eval_get_sof_93(B):
* Chain [36]: 1*s(10)+1
  with precondition: [] 

* Chain [35]...: 1*s(11)+1
  with precondition: [] 


#### Cost of chains of eval_get_sof_75(B):
* Chain [38]...: 1*s(12)+1
  with precondition: [] 

* Chain [37]: 1*aux(2)+0
  with precondition: [] 


#### Cost of chains of eval_get_sof_bb21_in(B):
* Chain [40]: 1*aux(3)+0
  with precondition: [] 

* Chain [39]...: 1*aux(4)+0
  with precondition: [] 


#### Cost of chains of eval_get_sof_64(B):
* Chain [42]...: 1*s(18)+0
  with precondition: [] 

* Chain [41]: 1*aux(5)+0
  with precondition: [] 


#### Cost of chains of eval_get_sof_bb18_in(B):
* Chain [44]: 1*aux(6)+0
  with precondition: [] 

* Chain [43]...: 1*aux(7)+0
  with precondition: [] 


#### Cost of chains of eval_get_sof_54(B):
* Chain [46]...: 1*s(24)+0
  with precondition: [] 

* Chain [45]: 1*aux(8)+0
  with precondition: [] 


#### Cost of chains of eval_get_sof_bb15_in(B):
* Chain [48]: 1*aux(9)+0
  with precondition: [] 

* Chain [47]...: 1*aux(10)+0
  with precondition: [] 


#### Cost of chains of eval_get_sof_43(B):
* Chain [50]...: 1*s(30)+0
  with precondition: [] 

* Chain [49]: 1*aux(11)+0
  with precondition: [] 


#### Cost of chains of eval_get_sof_bb12_in(B):
* Chain [52]: 1*aux(12)+0
  with precondition: [] 

* Chain [51]...: 1*aux(13)+0
  with precondition: [] 


#### Cost of chains of eval_get_sof_33(B):
* Chain [54]...: 1*s(36)+0
  with precondition: [] 

* Chain [53]: 1*aux(14)+0
  with precondition: [] 


#### Cost of chains of eval_get_sof_bb9_in(B):
* Chain [56]: 1*aux(15)+0
  with precondition: [] 

* Chain [55]...: 1*aux(16)+0
  with precondition: [] 


#### Cost of chains of eval_get_sof_24(B):
* Chain [58]...: 1*s(42)+0
  with precondition: [] 

* Chain [57]: 1*aux(17)+0
  with precondition: [] 


#### Cost of chains of eval_get_sof_bb6_in(B):
* Chain [60]: 1*aux(18)+0
  with precondition: [] 

* Chain [59]...: 1*aux(19)+0
  with precondition: [] 


#### Cost of chains of eval_get_sof_15(B):
* Chain [62]...: 1*s(48)+0
  with precondition: [] 

* Chain [61]: 1*aux(20)+0
  with precondition: [] 


#### Cost of chains of eval_get_sof_bb3_in(B):
* Chain [64]: 1*aux(21)+0
  with precondition: [] 

* Chain [63]...: 1*aux(22)+0
  with precondition: [] 


#### Cost of chains of eval_get_sof_5(B):
* Chain [66]...: 1*s(54)+0
  with precondition: [] 

* Chain [65]: 1*aux(23)+0
  with precondition: [] 


#### Cost of chains of eval_get_sof_bb0_in(B):
* Chain [68]: 1*aux(24)+0
  with precondition: [] 

* Chain [67]...: 1*aux(25)+0
  with precondition: [] 


#### Cost of chains of eval_get_sof_start(V_is_prog,V_is_arith,B):
* Chain [70]: 1*s(60)+0
  with precondition: [] 

* Chain [69]...: 1*s(61)+0
  with precondition: [] 


Closed-form bounds of eval_get_sof_start(V_is_prog,V_is_arith,B): 
-------------------------------------
* Chain [70] with precondition: [] 
    - Upper bound: inf 
    - Complexity: infinity 
* Chain [69]... with precondition: [] 
    - Upper bound: inf 
    - Complexity: infinity 

### Maximum cost of eval_get_sof_start(V_is_prog,V_is_arith,B): inf 
Asymptotic class: infinity 

Time statistics: 
-------------------------------------
* Partial evaluation computed in 61 ms.
* Invariants computed in 19 ms.
   - Backward Invariants 9 ms.
   - Transitive Invariants 2 ms.
* Refinement performed in 81 ms.
* Termination proved in 4 ms.
* Upper bounds computed in 65 ms.
   - Equation cost structures 40 ms.
   - Phase cost structures 5 ms.
   - Chain cost structures 7 ms.
   - Solving cost expressions 1 ms.
* Total analysis performed in 331 ms.

