WARNING: Excluded non-linear constraints:[510*G-A*H-65025>=0,510*G-A*H-65025+1=<A]
WARNING: Excluded non-linear constraints:[510*G-A*H-65025>=0,510*G-A*H-65025+1=< -A]
WARNING: Excluded non-linear constraints:[-510*G+A*H+65025>=0,-510*G+A*H+65025+1=<A]
WARNING: Excluded non-linear constraints:[-510*G+A*H+65025>=0,-510*G+A*H+65025+1=< -A]
WARNING: Excluded non-linear constraints:[-510*G-A*H+65025>=0,-510*G-A*H+65025+1=<A]
WARNING: Excluded non-linear constraints:[-510*G-A*H+65025>=0,-510*G-A*H+65025+1=< -A]
WARNING: Excluded non-linear constraints:[510*G+A*H-65025>=0,510*G+A*H-65025+1=<A]
WARNING: Excluded non-linear constraints:[510*G+A*H-65025>=0,510*G+A*H-65025+1=< -A]
Warning: Ignored call to eval_make_odither_array_stop/1 in equation loop_cont_eval_make_odither_array_bb1_in/2 

Preprocessing Cost Relations
=====================================

#### Computed strongly connected components 
0. recursive  : [eval_make_odither_array_bb3_in/6,eval_make_odither_array_bb7_in/6]
1. recursive  : [eval_make_odither_array_bb1_in/3,loop_cont_eval_make_odither_array_bb3_in/4]
2. non_recursive  : [loop_cont_eval_make_odither_array_bb1_in/2]
3. non_recursive  : [eval_make_odither_array_1/2]
4. non_recursive  : [eval_make_odither_array_0/2]
5. non_recursive  : [eval_make_odither_array_bb0_in/2]
6. non_recursive  : [eval_make_odither_array_start/2]

#### Obtained direct recursion through partial evaluation 
0. SCC is partially evaluated into eval_make_odither_array_bb3_in/6
1. SCC is partially evaluated into eval_make_odither_array_bb1_in/3
2. SCC is completely evaluated into other SCCs
3. SCC is partially evaluated into eval_make_odither_array_1/2
4. SCC is completely evaluated into other SCCs
5. SCC is completely evaluated into other SCCs
6. SCC is partially evaluated into eval_make_odither_array_start/2

Control-Flow Refinement of Cost Relations
=====================================

### Specialization of cost equations eval_make_odither_array_bb3_in/6 
* CE 8 is refined into CE [9] 
* CE 6 is refined into CE [10] 
* CE 7 is refined into CE [11] 


#### Refined cost equations eval_make_odither_array_bb3_in/6 
* CE 9: eval_make_odither_array_bb3_in(A,B,C,D,A,E) = 0
     [C>=16,15>=B,B+1=E,D=2] 
* CE 10: eval_make_odither_array_bb3_in(V_9,V_j_0,V_k_0,B,C,D) = 1+ eval_make_odither_array_bb3_in(V_9,V_j_0,E,F,C,D)
     [V_k_0>=0,15>=V_k_0,15>=V_j_0,V_k_0+1=E,F=2,B=2] 
* CE 11: eval_make_odither_array_bb3_in(V_9,V_j_0,V_k_0,B,C,D) = 1+ eval_make_odither_array_bb3_in(V_9,V_j_0,E,F,C,D)
     [V_k_0>=0,V_9>=1,15>=V_k_0,15>=V_j_0,V_k_0+1=E,F=2,B=2] 

### Cost equations --> "Loop" of eval_make_odither_array_bb3_in/6 
* CEs [10,11] --> Loop 7 
* CEs [9] --> Loop 8 

#### Loops of eval_make_odither_array_bb3_in/6 
* Loop 7: eval_make_odither_array_bb3_in(V_9,V_j_0,V_k_0,B,C,D)->  eval_make_odither_array_bb3_in(V_9,V_j_0,V_k_0',B',C,D)
                  [V_k_0>=0,15>=V_k_0,15>=V_j_0,V_k_0+1=V_k_0',B'=2,B=2] 
* Loop 8: eval_make_odither_array_bb3_in(A,B,C,D,A,E) [C>=16,15>=B,B+1=E,D=2] 

### Ranking functions of CR eval_make_odither_array_bb3_in(V_9,V_j_0,V_k_0,B,C,D) 
* RF of phase [7]: [-V_k_0+16]

#### Partial ranking functions of CR eval_make_odither_array_bb3_in(V_9,V_j_0,V_k_0,B,C,D) 
* Partial RF of phase [7]:
  - RF of loop [7:1]:
    -V_k_0+16


### Resulting Chains:eval_make_odither_array_bb3_in(V_9,V_j_0,V_k_0,B,C,D) 
* [[7],8]


### Merging Chains  eval_make_odither_array_bb3_in/6 into  External patterns of execution 
* [[8,[7]]] --> 1 


### Specialization of cost equations eval_make_odither_array_bb1_in/3 
* CE 5 is refined into CE [12] 
* CE 4 is refined into CE [13] 


#### Refined cost equations eval_make_odither_array_bb1_in/3 
* CE 12: eval_make_odither_array_bb1_in(V_9,V_j_0,B) = 0
     [V_j_0>=16,B=3] 
* CE 13: eval_make_odither_array_bb1_in(V_9,V_j_0,B) = 2+ eval_make_odither_array_bb3_in(V_9,C,D,E,V_9,F):1+ eval_make_odither_array_bb1_in(V_9,F,G)
     [16>=F,F=C+1,F=V_j_0+1,G=3,E=2,D=0,B=3] 

### Cost equations --> "Loop" of eval_make_odither_array_bb1_in/3 
* CEs [13] --> Loop 9 
* CEs [12] --> Loop 10 

#### Loops of eval_make_odither_array_bb1_in/3 
* Loop 9: eval_make_odither_array_bb1_in(V_9,V_j_0,B)->  eval_make_odither_array_bb1_in(V_9,V_j_0',B')
                  [15>=V_j_0,V_j_0+1=V_j_0',B'=3,B=3] 
* Loop 10: eval_make_odither_array_bb1_in(V_9,V_j_0,B) [V_j_0>=16,B=3] 

### Ranking functions of CR eval_make_odither_array_bb1_in(V_9,V_j_0,B) 
* RF of phase [9]: [-V_j_0+16]

#### Partial ranking functions of CR eval_make_odither_array_bb1_in(V_9,V_j_0,B) 
* Partial RF of phase [9]:
  - RF of loop [9:1]:
    -V_j_0+16


### Resulting Chains:eval_make_odither_array_bb1_in(V_9,V_j_0,B) 
* [[9],10]


### Merging Chains  eval_make_odither_array_bb1_in/3 into  External patterns of execution 
* [[10,[9]]] --> 1 


### Specialization of cost equations eval_make_odither_array_1/2 
* CE 3 is refined into CE [14] 


#### Refined cost equations eval_make_odither_array_1/2 
* CE 14: eval_make_odither_array_1(V_ncolors,B) = 1+ eval_make_odither_array_bb1_in(C,D,E):1
     [C+512=512*V_ncolors,E=3,D=0] 

### Cost equations --> "Loop" of eval_make_odither_array_1/2 
* CEs [14] --> Loop 11 

#### Loops of eval_make_odither_array_1/2 
* Loop 11: eval_make_odither_array_1(V_ncolors,B) [] 

### Ranking functions of CR eval_make_odither_array_1(V_ncolors,B) 

#### Partial ranking functions of CR eval_make_odither_array_1(V_ncolors,B) 


### Resulting Chains:eval_make_odither_array_1(V_ncolors,B) 
* [11]


### Merging Chains  eval_make_odither_array_1/2 into  External patterns of execution 
* [[11]] --> 1 


### Specialization of cost equations eval_make_odither_array_start/2 
* CE 2 is refined into CE [15] 


#### Refined cost equations eval_make_odither_array_start/2 
* CE 15: eval_make_odither_array_start(V_ncolors,B) = 0+ eval_make_odither_array_1(V_ncolors,B):1
     [] 

### Cost equations --> "Loop" of eval_make_odither_array_start/2 
* CEs [15] --> Loop 12 

#### Loops of eval_make_odither_array_start/2 
* Loop 12: eval_make_odither_array_start(V_ncolors,B) [] 

### Ranking functions of CR eval_make_odither_array_start(V_ncolors,B) 

#### Partial ranking functions of CR eval_make_odither_array_start(V_ncolors,B) 


### Resulting Chains:eval_make_odither_array_start(V_ncolors,B) 
* [12]


### Merging Chains  eval_make_odither_array_start/2 into  External patterns of execution 
* [[12]] --> 1 


Computing Bounds
=====================================

#### Cost of loops [7] 

 * loop 7:eval_make_odither_array_bb3_in(V_9,V_j_0,V_k_0,B,C,D) -> [eval_make_odither_array_bb3_in(V_9',V_j_0',V_k_0',B',C',D')] 
1
#### Cost of phase [7]:eval_make_odither_array_bb3_in(V_9,V_j_0,V_k_0,B,C,D) -> [eval_make_odither_array_bb3_in(V_9',V_j_0',V_k_0',B',C',D')] 
1*it(7)+0
  Such that:it(7) =< -V_k_0+16
it(7) =< -V_k_0+V_k_0'

#### Cost of chains of eval_make_odither_array_bb3_in(V_9,V_j_0,V_k_0,B,C,D):
* Chain [[7],8]: 1*it(7)+0
  Such that:it(7) =< -V_k_0+16

  with precondition: [B=2,V_9=C,V_j_0+1=D,15>=V_j_0,15>=V_k_0,V_k_0>=0] 


#### Cost of loops [9] 

 * loop 9:eval_make_odither_array_bb1_in(V_9,V_j_0,B) -> [eval_make_odither_array_bb1_in(V_9',V_j_0',B')] 
1*s(2)+2
  Such that:s(2) =< 16

#### Cost of phase [9]:eval_make_odither_array_bb1_in(V_9,V_j_0,B) -> [eval_make_odither_array_bb1_in(V_9',V_j_0',B')] 
2*it(9)+1*s(3)+0
  Such that:aux(2) =< -V_j_0+16
aux(3) =< -V_j_0+V_j_0'
aux(1) =< aux(2)
it(9) =< aux(2)
aux(1) =< aux(3)
it(9) =< aux(3)
s(3) =< aux(1)*16

#### Cost of chains of eval_make_odither_array_bb1_in(V_9,V_j_0,B):
* Chain [[9],10]: 2*it(9)+1*s(3)+0
  Such that:aux(4) =< -V_j_0+16
it(9) =< aux(4)
s(3) =< aux(4)*16

  with precondition: [B=3,15>=V_j_0] 


#### Cost of chains of eval_make_odither_array_1(V_ncolors,B):
* Chain [11]: 2*s(5)+1*s(6)+1
  Such that:s(4) =< 16
s(5) =< s(4)
s(6) =< s(4)*16

  with precondition: [] 


#### Cost of chains of eval_make_odither_array_start(V_ncolors,B):
* Chain [12]: 2*s(8)+1*s(9)+1
  Such that:s(7) =< 16
s(8) =< s(7)
s(9) =< s(7)*16

  with precondition: [] 


Closed-form bounds of eval_make_odither_array_start(V_ncolors,B): 
-------------------------------------
* Chain [12] with precondition: [] 
    - Upper bound: 289 
    - Complexity: constant 

### Maximum cost of eval_make_odither_array_start(V_ncolors,B): 289 
Asymptotic class: constant 

Time statistics: 
-------------------------------------
* Partial evaluation computed in 39 ms.
* Invariants computed in 40 ms.
   - Backward Invariants 15 ms.
   - Transitive Invariants 12 ms.
* Refinement performed in 66 ms.
* Termination proved in 13 ms.
* Upper bounds computed in 53 ms.
   - Equation cost structures 20 ms.
   - Phase cost structures 26 ms.
   - Chain cost structures 18 ms.
   - Solving cost expressions 1 ms.
* Total analysis performed in 280 ms.

