Warning: Ignored call to eval_id3_tag_findframe_stop/1 in equation eval_id3_tag_findframe_bb15_in/1 

Preprocessing Cost Relations
=====================================

#### Computed strongly connected components 
0. recursive  : [eval_id3_tag_findframe_19/4,eval_id3_tag_findframe_20/4,eval_id3_tag_findframe_bb10_in/4,eval_id3_tag_findframe_bb14_in/4]
1. non_recursive  : [eval_id3_tag_findframe_bb15_in/1]
2. non_recursive  : [loop_cont_eval_id3_tag_findframe_bb10_in/2]
3. non_recursive  : [eval_id3_tag_findframe_bb9_in/2]
4. non_recursive  : [eval_id3_tag_findframe_13/1]
5. non_recursive  : [eval_id3_tag_findframe_12/1]
6. non_recursive  : [eval_id3_tag_findframe_11/2]
7. non_recursive  : [eval_id3_tag_findframe_10/2]
8. non_recursive  : [eval_id3_tag_findframe_8/2]
9. non_recursive  : [eval_id3_tag_findframe_7/1]
10. non_recursive  : [eval_id3_tag_findframe_bb2_in/1]
11. non_recursive  : [eval_id3_tag_findframe_bb0_in/1]
12. non_recursive  : [eval_id3_tag_findframe_start/2]

#### Obtained direct recursion through partial evaluation 
0. SCC is partially evaluated into eval_id3_tag_findframe_bb10_in/4
1. SCC is completely evaluated into other SCCs
2. SCC is completely evaluated into other SCCs
3. SCC is partially evaluated into eval_id3_tag_findframe_bb9_in/2
4. SCC is completely evaluated into other SCCs
5. SCC is completely evaluated into other SCCs
6. SCC is partially evaluated into eval_id3_tag_findframe_11/2
7. SCC is completely evaluated into other SCCs
8. SCC is partially evaluated into eval_id3_tag_findframe_8/2
9. SCC is completely evaluated into other SCCs
10. SCC is completely evaluated into other SCCs
11. SCC is partially evaluated into eval_id3_tag_findframe_bb0_in/1
12. SCC is partially evaluated into eval_id3_tag_findframe_start/2

Control-Flow Refinement of Cost Relations
=====================================

### Specialization of cost equations eval_id3_tag_findframe_bb10_in/4 
* CE 9 is refined into CE [12] 
* CE 11 is refined into CE [13] 
* CE 10 is refined into CE [14] 


#### Refined cost equations eval_id3_tag_findframe_bb10_in/4 
* CE 12: eval_id3_tag_findframe_bb10_in(V_28,V_31,V_i_0,B) = 0
     [V_28>=V_i_0+1,V_i_0>=0,B=2] 
* CE 13: eval_id3_tag_findframe_bb10_in(V_28,V_31,V_i_0,B) = 0
     [V_i_0>=V_28,V_i_0>=0,B=2] 
* CE 14: eval_id3_tag_findframe_bb10_in(V_28,V_31,V_i_0,B) = 1+ eval_id3_tag_findframe_bb10_in(V_28,V_31,C,D)
     [V_28>=V_i_0+1,V_i_0>=0,V_i_0+1=C,D=2,B=2] 

### Cost equations --> "Loop" of eval_id3_tag_findframe_bb10_in/4 
* CEs [14] --> Loop 9 
* CEs [12] --> Loop 10 
* CEs [13] --> Loop 11 

#### Loops of eval_id3_tag_findframe_bb10_in/4 
* Loop 9: eval_id3_tag_findframe_bb10_in(V_28,V_31,V_i_0,B)->  eval_id3_tag_findframe_bb10_in(V_28,V_31,V_i_0',B')
                  [V_28>=V_i_0+1,V_i_0>=0,V_i_0+1=V_i_0',B'=2,B=2] 
* Loop 10: eval_id3_tag_findframe_bb10_in(V_28,V_31,V_i_0,B) [V_28>=V_i_0+1,V_i_0>=0,B=2] 
* Loop 11: eval_id3_tag_findframe_bb10_in(V_28,V_31,V_i_0,B) [V_i_0>=V_28,V_i_0>=0,B=2] 

### Ranking functions of CR eval_id3_tag_findframe_bb10_in(V_28,V_31,V_i_0,B) 
* RF of phase [9]: [V_28-V_i_0]

#### Partial ranking functions of CR eval_id3_tag_findframe_bb10_in(V_28,V_31,V_i_0,B) 
* Partial RF of phase [9]:
  - RF of loop [9:1]:
    V_28-V_i_0


### Resulting Chains:eval_id3_tag_findframe_bb10_in(V_28,V_31,V_i_0,B) 
* [[9],11]
* [[9],10]
* [11]
* [10]


### Merging Chains  eval_id3_tag_findframe_bb10_in/4 into  External patterns of execution 
* [[11]] --> 1 
* [[10],[10,[9]],[11,[9]]] --> 2 


### Specialization of cost equations eval_id3_tag_findframe_bb9_in/2 
* CE 8 is refined into CE [15,16] 


#### Refined cost equations eval_id3_tag_findframe_bb9_in/2 
* CE 15: eval_id3_tag_findframe_bb9_in(V_len_1,B) = 1+ eval_id3_tag_findframe_bb10_in(C,V_len_1,D,E):1
     [0>=C,E=2,D=0] 
* CE 16: eval_id3_tag_findframe_bb9_in(V_len_1,B) = 1+ eval_id3_tag_findframe_bb10_in(C,V_len_1,D,E):2
     [C>=1,E=2,D=0] 

### Cost equations --> "Loop" of eval_id3_tag_findframe_bb9_in/2 
* CEs [15,16] --> Loop 12 

#### Loops of eval_id3_tag_findframe_bb9_in/2 
* Loop 12: eval_id3_tag_findframe_bb9_in(V_len_1,B) [] 

### Ranking functions of CR eval_id3_tag_findframe_bb9_in(V_len_1,B) 

#### Partial ranking functions of CR eval_id3_tag_findframe_bb9_in(V_len_1,B) 


### Resulting Chains:eval_id3_tag_findframe_bb9_in(V_len_1,B) 
* [12]


### Merging Chains  eval_id3_tag_findframe_bb9_in/2 into  External patterns of execution 
* [[12]] --> 1 


### Specialization of cost equations eval_id3_tag_findframe_11/2 
* CE 7 is refined into CE [17] 


#### Refined cost equations eval_id3_tag_findframe_11/2 
* CE 17: eval_id3_tag_findframe_11(V_13,B) = 0+ eval_id3_tag_findframe_bb9_in(C,B):1
     [] 

### Cost equations --> "Loop" of eval_id3_tag_findframe_11/2 
* CEs [17] --> Loop 13 

#### Loops of eval_id3_tag_findframe_11/2 
* Loop 13: eval_id3_tag_findframe_11(V_13,B) [] 

### Ranking functions of CR eval_id3_tag_findframe_11(V_13,B) 

#### Partial ranking functions of CR eval_id3_tag_findframe_11(V_13,B) 


### Resulting Chains:eval_id3_tag_findframe_11(V_13,B) 
* [13]


### Merging Chains  eval_id3_tag_findframe_11/2 into  External patterns of execution 
* [[13]] --> 1 


### Specialization of cost equations eval_id3_tag_findframe_8/2 
* CE 5 is refined into CE [18] 
* CE 6 is refined into CE [19] 


#### Refined cost equations eval_id3_tag_findframe_8/2 
* CE 18: eval_id3_tag_findframe_8(V_12,B) = 0+ eval_id3_tag_findframe_11(V_12,B):1
     [] 
* CE 19: eval_id3_tag_findframe_8(V_12,B) = 0+ eval_id3_tag_findframe_bb9_in(V_12,B):1
     [] 

### Cost equations --> "Loop" of eval_id3_tag_findframe_8/2 
* CEs [18,19] --> Loop 14 

#### Loops of eval_id3_tag_findframe_8/2 
* Loop 14: eval_id3_tag_findframe_8(V_12,B) [] 

### Ranking functions of CR eval_id3_tag_findframe_8(V_12,B) 

#### Partial ranking functions of CR eval_id3_tag_findframe_8(V_12,B) 


### Resulting Chains:eval_id3_tag_findframe_8(V_12,B) 
* [14]


### Merging Chains  eval_id3_tag_findframe_8/2 into  External patterns of execution 
* [[14]] --> 1 


### Specialization of cost equations eval_id3_tag_findframe_bb0_in/1 
* CE 3 is refined into CE [20] 
* CE 4 is refined into CE [21] 


#### Refined cost equations eval_id3_tag_findframe_bb0_in/1 
* CE 20: eval_id3_tag_findframe_bb0_in(B) = 0
     [] 
* CE 21: eval_id3_tag_findframe_bb0_in(B) = 0+ eval_id3_tag_findframe_8(C,B):1
     [] 

### Cost equations --> "Loop" of eval_id3_tag_findframe_bb0_in/1 
* CEs [20,21] --> Loop 15 

#### Loops of eval_id3_tag_findframe_bb0_in/1 
* Loop 15: eval_id3_tag_findframe_bb0_in(B) [] 

### Ranking functions of CR eval_id3_tag_findframe_bb0_in(B) 

#### Partial ranking functions of CR eval_id3_tag_findframe_bb0_in(B) 


### Resulting Chains:eval_id3_tag_findframe_bb0_in(B) 
* [15]


### Merging Chains  eval_id3_tag_findframe_bb0_in/1 into  External patterns of execution 
* [[15]] --> 1 


### Specialization of cost equations eval_id3_tag_findframe_start/2 
* CE 2 is refined into CE [22] 


#### Refined cost equations eval_id3_tag_findframe_start/2 
* CE 22: eval_id3_tag_findframe_start(V_index,B) = 0+ eval_id3_tag_findframe_bb0_in(B):1
     [] 

### Cost equations --> "Loop" of eval_id3_tag_findframe_start/2 
* CEs [22] --> Loop 16 

#### Loops of eval_id3_tag_findframe_start/2 
* Loop 16: eval_id3_tag_findframe_start(V_index,B) [] 

### Ranking functions of CR eval_id3_tag_findframe_start(V_index,B) 

#### Partial ranking functions of CR eval_id3_tag_findframe_start(V_index,B) 


### Resulting Chains:eval_id3_tag_findframe_start(V_index,B) 
* [16]


### Merging Chains  eval_id3_tag_findframe_start/2 into  External patterns of execution 
* [[16]] --> 1 


Computing Bounds
=====================================

#### Cost of loops [9] 

 * loop 9:eval_id3_tag_findframe_bb10_in(V_28,V_31,V_i_0,B) -> [eval_id3_tag_findframe_bb10_in(V_28',V_31',V_i_0',B')] 
1
#### Cost of phase [9]:eval_id3_tag_findframe_bb10_in(V_28,V_31,V_i_0,B) -> [eval_id3_tag_findframe_bb10_in(V_28',V_31',V_i_0',B')] 
1*it(9)+0
  Such that:it(9) =< V_28-V_i_0
it(9) =< V_28-V_i_0-V_28'+V_i_0'

#### Cost of phase [9]:eval_id3_tag_findframe_bb10_in(V_28,V_31,V_i_0,B) -> [eval_id3_tag_findframe_bb10_in(V_28',V_31',V_i_0',B')] 
1*it(9)+0
  Such that:it(9) =< V_28-V_i_0
it(9) =< V_28-V_i_0-V_28'+V_i_0'

#### Cost of chains of eval_id3_tag_findframe_bb10_in(V_28,V_31,V_i_0,B):
* Chain [[9],11]: 1*it(9)+0
  Such that:it(9) =< V_28-V_i_0

  with precondition: [B=2,V_i_0>=0,V_28>=V_i_0+1] 

* Chain [[9],10]: 1*it(9)+0
  Such that:it(9) =< V_28-V_i_0

  with precondition: [B=2,V_i_0>=0,V_28>=V_i_0+2] 

* Chain [11]: 0
  with precondition: [B=2,V_i_0>=0,V_i_0>=V_28] 

* Chain [10]: 0
  with precondition: [B=2,V_i_0>=0,V_28>=V_i_0+1] 


#### Cost of chains of eval_id3_tag_findframe_bb9_in(V_len_1,B):
* Chain [12]: 1*aux(2)+0
  with precondition: [] 


#### Cost of chains of eval_id3_tag_findframe_11(V_13,B):
* Chain [13]: 1*s(5)+0
  with precondition: [] 


#### Cost of chains of eval_id3_tag_findframe_8(V_12,B):
* Chain [14]: 1*aux(3)+0
  with precondition: [] 


#### Cost of chains of eval_id3_tag_findframe_bb0_in(B):
* Chain [15]: 1*aux(4)+0
  with precondition: [] 


#### Cost of chains of eval_id3_tag_findframe_start(V_index,B):
* Chain [16]: 1*s(9)+0
  with precondition: [] 


Closed-form bounds of eval_id3_tag_findframe_start(V_index,B): 
-------------------------------------
* Chain [16] with precondition: [] 
    - Upper bound: inf 
    - Complexity: infinity 

### Maximum cost of eval_id3_tag_findframe_start(V_index,B): inf 
Asymptotic class: infinity 

Time statistics: 
-------------------------------------
* Partial evaluation computed in 8 ms.
* Invariants computed in 9 ms.
   - Backward Invariants 6 ms.
   - Transitive Invariants 1 ms.
* Refinement performed in 12 ms.
* Termination proved in 2 ms.
* Upper bounds computed in 12 ms.
   - Equation cost structures 4 ms.
   - Phase cost structures 3 ms.
   - Chain cost structures 6 ms.
   - Solving cost expressions 0 ms.
* Total analysis performed in 59 ms.

