Warning: Ignored call to eval_id3_compat_lookup_stop/1 in equation eval_id3_compat_lookup_bb12_in/1 

Preprocessing Cost Relations
=====================================

#### Computed strongly connected components 
0. non_recursive  : [eval_id3_compat_lookup_bb12_in/1]
1. non_recursive  : [eval_id3_compat_lookup_15/1]
2. non_recursive  : [eval_id3_compat_lookup_14/2]
3. recursive  : [eval_id3_compat_lookup_38/3,eval_id3_compat_lookup_39/3,eval_id3_compat_lookup_bb11_in/2,eval_id3_compat_lookup_bb8_in/2]
4. non_recursive  : [loop_cont_eval_id3_compat_lookup_bb8_in/2]
5. non_recursive  : [eval_id3_compat_lookup_1/2]
6. non_recursive  : [eval_id3_compat_lookup_0/2]
7. non_recursive  : [eval_id3_compat_lookup_bb0_in/2]
8. non_recursive  : [eval_id3_compat_lookup_start/2]

#### Obtained direct recursion through partial evaluation 
0. SCC is completely evaluated into other SCCs
1. SCC is completely evaluated into other SCCs
2. SCC is completely evaluated into other SCCs
3. SCC is partially evaluated into eval_id3_compat_lookup_bb8_in/2
4. SCC is completely evaluated into other SCCs
5. SCC is partially evaluated into eval_id3_compat_lookup_1/2
6. SCC is completely evaluated into other SCCs
7. SCC is partially evaluated into eval_id3_compat_lookup_bb0_in/2
8. SCC is partially evaluated into eval_id3_compat_lookup_start/2

Control-Flow Refinement of Cost Relations
=====================================

### Specialization of cost equations eval_id3_compat_lookup_bb8_in/2 
* CE 8 is refined into CE [9] 
* CE 7 is refined into CE [10] 


#### Refined cost equations eval_id3_compat_lookup_bb8_in/2 
* CE 9: eval_id3_compat_lookup_bb8_in(V_len,B) = 1+ eval_id3_compat_lookup_bb8_in(V_len,C)
     [C=2,B=2] 
* CE 10: eval_id3_compat_lookup_bb8_in(V_len,B) = 0
     [B=2] 

### Cost equations --> "Loop" of eval_id3_compat_lookup_bb8_in/2 
* CEs [10] --> Loop 6 
* CEs [9] --> Loop 7 

#### Loops of eval_id3_compat_lookup_bb8_in/2 
* Loop 6: eval_id3_compat_lookup_bb8_in(V_len,B) [B=2] 
* Loop 7: eval_id3_compat_lookup_bb8_in(V_len,B)->  eval_id3_compat_lookup_bb8_in(V_len,B')
                  [B'=2,B=2] 

### Ranking functions of CR eval_id3_compat_lookup_bb8_in(V_len,B) 

#### Partial ranking functions of CR eval_id3_compat_lookup_bb8_in(V_len,B) 


### Resulting Chains:eval_id3_compat_lookup_bb8_in(V_len,B) 
* [[7]]...
* [[7],6]
* [6]


### Merging Chains  eval_id3_compat_lookup_bb8_in/2 into  External patterns of execution 
* [[6],[6,[7]]] --> 1 
* [[[7]]] --> 2 


### Specialization of cost equations eval_id3_compat_lookup_1/2 
* CE 5 is refined into CE [11] 
* CE 6 is refined into CE [12,13] 


#### Refined cost equations eval_id3_compat_lookup_1/2 
* CE 11: eval_id3_compat_lookup_1(V_len,B) = 0
     [] 
* CE 12: eval_id3_compat_lookup_1(V_len,B) = 1+ eval_id3_compat_lookup_bb8_in(V_len,C):1
     [C=2] 
* CE 13: eval_id3_compat_lookup_1(V_len,B) = 1+ eval_id3_compat_lookup_bb8_in(V_len,C):2
     [C=2] 

### Cost equations --> "Loop" of eval_id3_compat_lookup_1/2 
* CEs [13] --> Loop 8 
* CEs [11,12] --> Loop 9 

#### Loops of eval_id3_compat_lookup_1/2 
* Loop 8: eval_id3_compat_lookup_1(V_len,B) [] 
* Loop 9: eval_id3_compat_lookup_1(V_len,B) [] 

### Ranking functions of CR eval_id3_compat_lookup_1(V_len,B) 

#### Partial ranking functions of CR eval_id3_compat_lookup_1(V_len,B) 


### Resulting Chains:eval_id3_compat_lookup_1(V_len,B) 
* [9]
* [8]...


### Merging Chains  eval_id3_compat_lookup_1/2 into  External patterns of execution 
* [[9]] --> 1 
* [[8]] --> 2 


### Specialization of cost equations eval_id3_compat_lookup_bb0_in/2 
* CE 3 is refined into CE [14,15] 
* CE 4 is refined into CE [16] 


#### Refined cost equations eval_id3_compat_lookup_bb0_in/2 
* CE 14: eval_id3_compat_lookup_bb0_in(V_len,B) = 0+ eval_id3_compat_lookup_1(V_len,B):1
     [] 
* CE 15: eval_id3_compat_lookup_bb0_in(V_len,B) = 0+ eval_id3_compat_lookup_1(V_len,B):2
     [] 
* CE 16: eval_id3_compat_lookup_bb0_in(V_len,B) = 0
     [] 

### Cost equations --> "Loop" of eval_id3_compat_lookup_bb0_in/2 
* CEs [14,16] --> Loop 10 
* CEs [15] --> Loop 11 

#### Loops of eval_id3_compat_lookup_bb0_in/2 
* Loop 10: eval_id3_compat_lookup_bb0_in(V_len,B) [] 
* Loop 11: eval_id3_compat_lookup_bb0_in(V_len,B) [] 

### Ranking functions of CR eval_id3_compat_lookup_bb0_in(V_len,B) 

#### Partial ranking functions of CR eval_id3_compat_lookup_bb0_in(V_len,B) 


### Resulting Chains:eval_id3_compat_lookup_bb0_in(V_len,B) 
* [11]...
* [10]


### Merging Chains  eval_id3_compat_lookup_bb0_in/2 into  External patterns of execution 
* [[10]] --> 1 
* [[11]] --> 2 


### Specialization of cost equations eval_id3_compat_lookup_start/2 
* CE 2 is refined into CE [17,18] 


#### Refined cost equations eval_id3_compat_lookup_start/2 
* CE 17: eval_id3_compat_lookup_start(V_len,B) = 0+ eval_id3_compat_lookup_bb0_in(V_len,B):1
     [] 
* CE 18: eval_id3_compat_lookup_start(V_len,B) = 0+ eval_id3_compat_lookup_bb0_in(V_len,B):2
     [] 

### Cost equations --> "Loop" of eval_id3_compat_lookup_start/2 
* CEs [18] --> Loop 12 
* CEs [17] --> Loop 13 

#### Loops of eval_id3_compat_lookup_start/2 
* Loop 12: eval_id3_compat_lookup_start(V_len,B) [] 
* Loop 13: eval_id3_compat_lookup_start(V_len,B) [] 

### Ranking functions of CR eval_id3_compat_lookup_start(V_len,B) 

#### Partial ranking functions of CR eval_id3_compat_lookup_start(V_len,B) 


### Resulting Chains:eval_id3_compat_lookup_start(V_len,B) 
* [13]
* [12]...


### Merging Chains  eval_id3_compat_lookup_start/2 into  External patterns of execution 
* [[13]] --> 1 
* [[12]] --> 2 


Computing Bounds
=====================================

#### Cost of loops [7] 

 * loop 7:eval_id3_compat_lookup_bb8_in(V_len,B) -> [eval_id3_compat_lookup_bb8_in(V_len',B')] 
1
#### Cost of phase [7]:eval_id3_compat_lookup_bb8_in(V_len,B) -> [eval_id3_compat_lookup_bb8_in(V_len',B')] 
1*it(7)+0
#### Cost of phase [7]:eval_id3_compat_lookup_bb8_in(V_len,B) -> [eval_id3_compat_lookup_bb8_in(V_len',B')] 
1*it(7)+0
#### Cost of chains of eval_id3_compat_lookup_bb8_in(V_len,B):
* Chain [[7]]...: 1*it(7)+0
  with precondition: [B=2] 

* Chain [[7],6]: 1*it(7)+0
  with precondition: [B=2] 

* Chain [6]: 0
  with precondition: [B=2] 


#### Cost of chains of eval_id3_compat_lookup_1(V_len,B):
* Chain [9]: 1*aux(2)+0
  with precondition: [] 

* Chain [8]...: 1*s(3)+1
  with precondition: [] 


#### Cost of chains of eval_id3_compat_lookup_bb0_in(V_len,B):
* Chain [11]...: 1*s(4)+1
  with precondition: [] 

* Chain [10]: 1*aux(3)+0
  with precondition: [] 


#### Cost of chains of eval_id3_compat_lookup_start(V_len,B):
* Chain [13]: 1*s(6)+0
  with precondition: [] 

* Chain [12]...: 1*s(7)+1
  with precondition: [] 


Closed-form bounds of eval_id3_compat_lookup_start(V_len,B): 
-------------------------------------
* Chain [13] with precondition: [] 
    - Upper bound: inf 
    - Complexity: infinity 
* Chain [12]... with precondition: [] 
    - Upper bound: inf 
    - Complexity: infinity 

### Maximum cost of eval_id3_compat_lookup_start(V_len,B): inf 
Asymptotic class: infinity 

Time statistics: 
-------------------------------------
* Partial evaluation computed in 6 ms.
* Invariants computed in 3 ms.
   - Backward Invariants 1 ms.
   - Transitive Invariants 1 ms.
* Refinement performed in 6 ms.
* Termination proved in 1 ms.
* Upper bounds computed in 11 ms.
   - Equation cost structures 7 ms.
   - Phase cost structures 2 ms.
   - Chain cost structures 1 ms.
   - Solving cost expressions 0 ms.
* Total analysis performed in 37 ms.

