WARNING: Excluded non-linear constraints:[S=F*E]
WARNING: Excluded non-linear constraints:[B-E*F>=0,B-E*F+1=<E]
WARNING: Excluded non-linear constraints:[B-E*F>=0,B-E*F+1=< -E]
WARNING: Excluded non-linear constraints:[-B+E*F>=0,-B+E*F+1=<E]
WARNING: Excluded non-linear constraints:[-B+E*F>=0,-B+E*F+1=< -E]
Warning: Ignored call to eval_create_colormap_stop/1 in equation loop_cont_eval_create_colormap_bb4_in/2 

Preprocessing Cost Relations
=====================================

#### Computed strongly connected components 
0. recursive  : [eval_create_colormap_bb9_in/18]
1. recursive  : [eval_create_colormap_bb8_in/15,loop_cont_eval_create_colormap_bb9_in/16]
2. recursive  : [eval_create_colormap_28/11,eval_create_colormap_29/11,eval_create_colormap_bb6_in/10,loop_cont_eval_create_colormap_bb8_in/11]
3. recursive  : [eval_create_colormap_bb4_in/4,loop_cont_eval_create_colormap_bb6_in/5]
4. non_recursive  : [loop_cont_eval_create_colormap_bb4_in/2]
5. non_recursive  : [eval_create_colormap_19/2]
6. non_recursive  : [eval_create_colormap_18/2]
7. non_recursive  : [eval_create_colormap_bb3_in/2]
8. non_recursive  : [eval_create_colormap_12/2]
9. non_recursive  : [eval_create_colormap_11/2]
10. non_recursive  : [eval_create_colormap_16/2]
11. non_recursive  : [eval_create_colormap_15/2]
12. non_recursive  : [eval_create_colormap_1/2]
13. non_recursive  : [eval_create_colormap_0/1]
14. non_recursive  : [eval_create_colormap_bb0_in/1]
15. non_recursive  : [eval_create_colormap_start/1]

#### Obtained direct recursion through partial evaluation 
0. SCC is partially evaluated into eval_create_colormap_bb9_in/18
1. SCC is partially evaluated into eval_create_colormap_bb8_in/15
2. SCC is partially evaluated into eval_create_colormap_bb6_in/10
3. SCC is partially evaluated into eval_create_colormap_bb4_in/4
4. SCC is completely evaluated into other SCCs
5. SCC is partially evaluated into eval_create_colormap_19/2
6. SCC is completely evaluated into other SCCs
7. SCC is completely evaluated into other SCCs
8. SCC is completely evaluated into other SCCs
9. SCC is completely evaluated into other SCCs
10. SCC is completely evaluated into other SCCs
11. SCC is completely evaluated into other SCCs
12. SCC is partially evaluated into eval_create_colormap_1/2
13. SCC is completely evaluated into other SCCs
14. SCC is completely evaluated into other SCCs
15. SCC is partially evaluated into eval_create_colormap_start/1

Control-Flow Refinement of Cost Relations
=====================================

### Specialization of cost equations eval_create_colormap_bb9_in/18 
* CE 16 is refined into CE [17] 
* CE 15 is refined into CE [18] 


#### Refined cost equations eval_create_colormap_bb9_in/18 
* CE 17: eval_create_colormap_bb9_in(A,B,C,D,E,F,G,H,I,J,A,B,C,D,E,F,G,K) = 0
     [A>=H+1,I>=E,I>=0,B+H=K,J=2] 
* CE 18: eval_create_colormap_bb9_in(V_5,V_blkdist_0,V_i_0,V_60,V_61,V_j_0,V_65,V_ptr_0,V_k_0,B,C,D,E,F,G,H,I,J) = 1+ eval_create_colormap_bb9_in(V_5,V_blkdist_0,V_i_0,V_60,V_61,V_j_0,V_65,V_ptr_0,K,L,C,D,E,F,G,H,I,J)
     [V_61>=V_k_0+1,V_5>=V_ptr_0+1,V_k_0>=0,V_k_0+1=K,L=2,B=2] 

### Cost equations --> "Loop" of eval_create_colormap_bb9_in/18 
* CEs [18] --> Loop 14 
* CEs [17] --> Loop 15 

#### Loops of eval_create_colormap_bb9_in/18 
* Loop 14: eval_create_colormap_bb9_in(V_5,V_blkdist_0,V_i_0,V_60,V_61,V_j_0,V_65,V_ptr_0,V_k_0,B,C,D,E,F,G,H,I,J)->  eval_create_colormap_bb9_in(V_5,V_blkdist_0,V_i_0,V_60,V_61,V_j_0,V_65,V_ptr_0,V_k_0',B',C,D,E,F,G,H,I,J)
                  [V_61>=V_k_0+1,V_5>=V_ptr_0+1,V_k_0>=0,V_k_0+1=V_k_0',B'=2,B=2] 
* Loop 15: eval_create_colormap_bb9_in(A,B,C,D,E,F,G,H,I,J,A,B,C,D,E,F,G,K) [A>=H+1,I>=E,I>=0,B+H=K,J=2] 

### Ranking functions of CR eval_create_colormap_bb9_in(V_5,V_blkdist_0,V_i_0,V_60,V_61,V_j_0,V_65,V_ptr_0,V_k_0,B,C,D,E,F,G,H,I,J) 
* RF of phase [14]: [V_61-V_k_0]

#### Partial ranking functions of CR eval_create_colormap_bb9_in(V_5,V_blkdist_0,V_i_0,V_60,V_61,V_j_0,V_65,V_ptr_0,V_k_0,B,C,D,E,F,G,H,I,J) 
* Partial RF of phase [14]:
  - RF of loop [14:1]:
    V_61-V_k_0


### Resulting Chains:eval_create_colormap_bb9_in(V_5,V_blkdist_0,V_i_0,V_60,V_61,V_j_0,V_65,V_ptr_0,V_k_0,B,C,D,E,F,G,H,I,J) 
* [[14],15]
* [15]


### Merging Chains  eval_create_colormap_bb9_in/18 into  External patterns of execution 
* [[15]] --> 1 
* [[15,[14]]] --> 2 


### Specialization of cost equations eval_create_colormap_bb8_in/15 
* CE 14 is refined into CE [19] 
* CE 13 is refined into CE [20,21] 


#### Refined cost equations eval_create_colormap_bb8_in/15 
* CE 19: eval_create_colormap_bb8_in(A,B,C,D,E,F,G,H,I,A,B,C,D,E,J) = 0
     [H>=A,J=F+1,I=3] 
* CE 20: eval_create_colormap_bb8_in(V_5,V_blkdist_0,V_i_0,V_60,V_61,V_j_0,V_65,V_ptr_0,B,C,D,E,F,G,H) = 2+ eval_create_colormap_bb9_in(V_5,V_blkdist_0,V_i_0,V_60,V_61,V_j_0,V_65,I,J,K,V_5,V_blkdist_0,V_i_0,V_60,V_61,V_j_0,V_65,L):1+ eval_create_colormap_bb8_in(V_5,V_blkdist_0,V_i_0,V_60,V_61,V_j_0,V_65,L,M,C,D,E,F,G,H)
     [V_5+V_blkdist_0>=L+1,0>=V_61,V_blkdist_0+I=L,V_blkdist_0+V_ptr_0=L,M=3,K=2,J=0,B=3] 
* CE 21: eval_create_colormap_bb8_in(V_5,V_blkdist_0,V_i_0,V_60,V_61,V_j_0,V_65,V_ptr_0,B,C,D,E,F,G,H) = 2+ eval_create_colormap_bb9_in(V_5,V_blkdist_0,V_i_0,V_60,V_61,V_j_0,V_65,I,J,K,V_5,V_blkdist_0,V_i_0,V_60,V_61,V_j_0,V_65,L):2+ eval_create_colormap_bb8_in(V_5,V_blkdist_0,V_i_0,V_60,V_61,V_j_0,V_65,L,M,C,D,E,F,G,H)
     [V_5+V_blkdist_0>=L+1,V_61>=1,V_blkdist_0+I=L,V_blkdist_0+V_ptr_0=L,M=3,K=2,J=0,B=3] 

### Cost equations --> "Loop" of eval_create_colormap_bb8_in/15 
* CEs [21] --> Loop 16 
* CEs [20] --> Loop 17 
* CEs [19] --> Loop 18 

#### Loops of eval_create_colormap_bb8_in/15 
* Loop 16: eval_create_colormap_bb8_in(V_5,V_blkdist_0,V_i_0,V_60,V_61,V_j_0,V_65,V_ptr_0,B,C,D,E,F,G,H)->  eval_create_colormap_bb8_in(V_5,V_blkdist_0,V_i_0,V_60,V_61,V_j_0,V_65,V_ptr_0',B',C,D,E,F,G,H)
                  [V_5>=V_ptr_0+1,V_61>=1,V_blkdist_0+V_ptr_0=V_ptr_0',B'=3,B=3] 
* Loop 17: eval_create_colormap_bb8_in(V_5,V_blkdist_0,V_i_0,V_60,V_61,V_j_0,V_65,V_ptr_0,B,C,D,E,F,G,H)->  eval_create_colormap_bb8_in(V_5,V_blkdist_0,V_i_0,V_60,V_61,V_j_0,V_65,V_ptr_0',B',C,D,E,F,G,H)
                  [V_5>=V_ptr_0+1,0>=V_61,V_blkdist_0+V_ptr_0=V_ptr_0',B'=3,B=3] 
* Loop 18: eval_create_colormap_bb8_in(A,B,C,D,E,F,G,H,I,A,B,C,D,E,J) [H>=A,F+1=J,I=3] 

### Ranking functions of CR eval_create_colormap_bb8_in(V_5,V_blkdist_0,V_i_0,V_60,V_61,V_j_0,V_65,V_ptr_0,B,C,D,E,F,G,H) 

#### Partial ranking functions of CR eval_create_colormap_bb8_in(V_5,V_blkdist_0,V_i_0,V_60,V_61,V_j_0,V_65,V_ptr_0,B,C,D,E,F,G,H) 


### Resulting Chains:eval_create_colormap_bb8_in(V_5,V_blkdist_0,V_i_0,V_60,V_61,V_j_0,V_65,V_ptr_0,B,C,D,E,F,G,H) 
* [[17]]...
* [[17],18]
* [[16]]...
* [[16],18]
* [18]


### Merging Chains  eval_create_colormap_bb8_in/15 into  External patterns of execution 
* [[18]] --> 1 
* [[18,[17]]] --> 2 
* [[18,[16]]] --> 3 
* [[[17]]] --> 4 
* [[[16]]] --> 5 


### Specialization of cost equations eval_create_colormap_bb6_in/10 
* CE 12 is refined into CE [22] 
* CE 11 is refined into CE [23,24,25,26,27] 


#### Refined cost equations eval_create_colormap_bb6_in/10 
* CE 22: eval_create_colormap_bb6_in(A,B,C,D,E,F,G,A,E,H) = 0
     [F>=D,H=C+1,G=4] 
* CE 23: eval_create_colormap_bb6_in(V_5,V_blkdist_0,V_i_0,V_60,V_61,V_j_0,B,C,D,E) = 2+ eval_create_colormap_bb8_in(V_5,V_blkdist_0,V_i_0,F,V_61,G,H,I,J,V_5,V_blkdist_0,V_i_0,K,V_61,L):1+ eval_create_colormap_bb6_in(V_5,V_blkdist_0,V_i_0,M,V_61,L,N,C,D,E)
     [H+1>=L,I>=V_5,H+1=M,H+1=K,L=G+1,H+1=F,L=V_j_0+1,H+1=V_60,N=4,J=3,B=4] 
* CE 24: eval_create_colormap_bb6_in(V_5,V_blkdist_0,V_i_0,V_60,V_61,V_j_0,B,C,D,E) = 2+ eval_create_colormap_bb8_in(V_5,V_blkdist_0,V_i_0,F,V_61,G,H,I,J,V_5,V_blkdist_0,V_i_0,K,V_61,L):2+ eval_create_colormap_bb6_in(V_5,V_blkdist_0,V_i_0,M,V_61,L,N,C,D,E)
     [H+1>=L,V_5>=I+1,V_blkdist_0>=1,0>=V_61,H+1=M,H+1=K,L=G+1,H+1=F,L=V_j_0+1,H+1=V_60,N=4,J=3,B=4] 
* CE 25: eval_create_colormap_bb6_in(V_5,V_blkdist_0,V_i_0,V_60,V_61,V_j_0,B,C,D,E) = 2+ eval_create_colormap_bb8_in(V_5,V_blkdist_0,V_i_0,F,V_61,G,H,I,J,V_5,V_blkdist_0,V_i_0,K,V_61,L):3+ eval_create_colormap_bb6_in(V_5,V_blkdist_0,V_i_0,M,V_61,L,N,C,D,E)
     [H+1>=L,V_5>=I+1,V_61>=1,V_blkdist_0>=1,H+1=M,H+1=K,L=G+1,H+1=F,L=V_j_0+1,H+1=V_60,N=4,J=3,B=4] 
* CE 26: eval_create_colormap_bb6_in(V_5,V_blkdist_0,V_i_0,V_60,V_61,V_j_0,B,C,D,E) = 2+ eval_create_colormap_bb8_in(V_5,V_blkdist_0,V_i_0,V_60,V_61,V_j_0,F,G,H,I,J,K,L,M,N):4
     [V_5>=G+1,V_60>=V_j_0+1,0>=V_61,V_60=F+1,O=4,H=3,B=4] 
* CE 27: eval_create_colormap_bb6_in(V_5,V_blkdist_0,V_i_0,V_60,V_61,V_j_0,B,C,D,E) = 2+ eval_create_colormap_bb8_in(V_5,V_blkdist_0,V_i_0,V_60,V_61,V_j_0,F,G,H,I,J,K,L,M,N):5
     [V_5>=G+1,V_60>=V_j_0+1,V_61>=1,V_60=F+1,O=4,H=3,B=4] 

### Cost equations --> "Loop" of eval_create_colormap_bb6_in/10 
* CEs [27] --> Loop 19 
* CEs [26] --> Loop 20 
* CEs [25] --> Loop 21 
* CEs [23,24] --> Loop 22 
* CEs [22] --> Loop 23 

#### Loops of eval_create_colormap_bb6_in/10 
* Loop 19: eval_create_colormap_bb6_in(V_5,V_blkdist_0,V_i_0,V_60,V_61,V_j_0,B,C,D,E) [V_60>=V_j_0+1,V_61>=1,B=4] 
* Loop 20: eval_create_colormap_bb6_in(V_5,V_blkdist_0,V_i_0,V_60,V_61,V_j_0,B,C,D,E) [V_60>=V_j_0+1,0>=V_61,B=4] 
* Loop 21: eval_create_colormap_bb6_in(V_5,V_blkdist_0,V_i_0,V_60,V_61,V_j_0,B,C,D,E)->  eval_create_colormap_bb6_in(V_5,V_blkdist_0,V_i_0,V_60,V_61,V_j_0',B',C,D,E)
                  [V_60>=V_j_0+1,V_61>=1,V_blkdist_0>=1,V_j_0+1=V_j_0',B'=4,B=4] 
* Loop 22: eval_create_colormap_bb6_in(V_5,V_blkdist_0,V_i_0,V_60,V_61,V_j_0,B,C,D,E)->  eval_create_colormap_bb6_in(V_5,V_blkdist_0,V_i_0,V_60,V_61,V_j_0',B',C,D,E)
                  [V_60>=V_j_0',V_j_0'=V_j_0+1,B'=4,B=4] 
* Loop 23: eval_create_colormap_bb6_in(A,B,C,D,E,F,G,A,E,H) [F>=D,C+1=H,G=4] 

### Ranking functions of CR eval_create_colormap_bb6_in(V_5,V_blkdist_0,V_i_0,V_60,V_61,V_j_0,B,C,D,E) 
* RF of phase [21,22]: [V_60-V_j_0]

#### Partial ranking functions of CR eval_create_colormap_bb6_in(V_5,V_blkdist_0,V_i_0,V_60,V_61,V_j_0,B,C,D,E) 
* Partial RF of phase [21,22]:
  - RF of loop [21:1,22:1]:
    V_60-V_j_0


### Resulting Chains:eval_create_colormap_bb6_in(V_5,V_blkdist_0,V_i_0,V_60,V_61,V_j_0,B,C,D,E) 
* [[21,22],23]
* [[21,22],20]...
* [[21,22],19]...
* [23]
* [20]...
* [19]...


### Merging Chains  eval_create_colormap_bb6_in/10 into  External patterns of execution 
* [[23]] --> 1 
* [[23,[21,22]]] --> 2 
* [[20]] --> 3 
* [[20,[21,22]]] --> 4 
* [[19]] --> 5 
* [[19,[21,22]]] --> 6 


### Specialization of cost equations eval_create_colormap_bb4_in/4 
* CE 10 is refined into CE [28] 
* CE 7 is refined into CE [29] 
* CE 8 is refined into CE [30,31,32,33,34] 
* CE 5 is refined into CE [35] 
* CE 6 is refined into CE [36,37,38] 
* CE 9 is refined into CE [39,40,41,42] 


#### Refined cost equations eval_create_colormap_bb4_in/4 
* CE 28: eval_create_colormap_bb4_in(V_5,V_blkdist_0,V_i_0,B) = 0
     [B=5] 
* CE 29: eval_create_colormap_bb4_in(V_5,V_blkdist_0,V_i_0,B) = 2+ eval_create_colormap_bb6_in(V_5,V_blkdist_0,C,D,E,F,G,V_5,E,H):1+ eval_create_colormap_bb4_in(V_5,E,H,I)
     [V_blkdist_0>=1,0>=E,0>=D+1,H=C+1,H=V_i_0+1,I=5,G=4,F=0,B=5] 
* CE 30: eval_create_colormap_bb4_in(V_5,V_blkdist_0,V_i_0,B) = 2+ eval_create_colormap_bb6_in(V_5,V_blkdist_0,C,D,E,F,G,V_5,E,H):2+ eval_create_colormap_bb4_in(V_5,E,H,I)
     [E>=0,D>=1,V_blkdist_0>=1,H=C+1,H=V_i_0+1,I=5,G=4,F=0,B=5] 
* CE 31: eval_create_colormap_bb4_in(V_5,V_blkdist_0,V_i_0,B) = 2+ eval_create_colormap_bb6_in(V_5,V_blkdist_0,V_i_0,C,D,E,F,G,H,I):3
     [C>=1,V_blkdist_0>=1,J=5,F=4,E=0,D=0,B=5] 
* CE 32: eval_create_colormap_bb4_in(V_5,V_blkdist_0,V_i_0,B) = 2+ eval_create_colormap_bb6_in(V_5,V_blkdist_0,V_i_0,C,D,E,F,G,H,I):4
     [C>=2,V_blkdist_0>=1,J=5,F=4,E=0,D=0,B=5] 
* CE 33: eval_create_colormap_bb4_in(V_5,V_blkdist_0,V_i_0,B) = 2+ eval_create_colormap_bb6_in(V_5,V_blkdist_0,V_i_0,C,D,E,F,G,H,I):5
     [D>=1,C>=1,V_blkdist_0>=1,J=5,F=4,E=0,B=5] 
* CE 34: eval_create_colormap_bb4_in(V_5,V_blkdist_0,V_i_0,B) = 2+ eval_create_colormap_bb6_in(V_5,V_blkdist_0,V_i_0,C,D,E,F,G,H,I):6
     [D>=1,C>=2,V_blkdist_0>=1,J=5,F=4,E=0,B=5] 
* CE 35: eval_create_colormap_bb4_in(V_5,V_blkdist_0,V_i_0,B) = 2+ eval_create_colormap_bb6_in(V_5,V_blkdist_0,C,D,E,F,G,V_5,E,H):1+ eval_create_colormap_bb4_in(V_5,E,H,I)
     [E>=0,0>=D+1,0>=V_blkdist_0+1,H=C+1,H=V_i_0+1,I=5,G=4,F=0,B=5] 
* CE 36: eval_create_colormap_bb4_in(V_5,V_blkdist_0,V_i_0,B) = 2+ eval_create_colormap_bb6_in(V_5,V_blkdist_0,C,D,E,F,G,V_5,E,H):2+ eval_create_colormap_bb4_in(V_5,E,H,I)
     [D>=1,0>=E,0>=V_blkdist_0+1,H=C+1,H=V_i_0+1,I=5,G=4,F=0,B=5] 
* CE 37: eval_create_colormap_bb4_in(V_5,V_blkdist_0,V_i_0,B) = 2+ eval_create_colormap_bb6_in(V_5,V_blkdist_0,V_i_0,C,D,E,F,G,H,I):3
     [C>=1,0>=D,0>=V_blkdist_0+1,J=5,F=4,E=0,B=5] 
* CE 38: eval_create_colormap_bb4_in(V_5,V_blkdist_0,V_i_0,B) = 2+ eval_create_colormap_bb6_in(V_5,V_blkdist_0,V_i_0,C,D,E,F,G,H,I):4
     [C>=2,0>=D,0>=V_blkdist_0+1,J=5,F=4,E=0,B=5] 
* CE 39: eval_create_colormap_bb4_in(V_5,V_blkdist_0,V_i_0,B) = 2+ eval_create_colormap_bb6_in(V_5,C,D,E,F,G,H,V_5,I,J):1+ eval_create_colormap_bb4_in(V_5,K,J,L)
     [0>=E,J=D+1,J=V_i_0+1,L=5,K=0,I=0,H=4,G=0,F=0,C=0,B=5,V_blkdist_0=0] 
* CE 40: eval_create_colormap_bb4_in(V_5,V_blkdist_0,V_i_0,B) = 2+ eval_create_colormap_bb6_in(V_5,C,D,E,F,G,H,V_5,I,J):2+ eval_create_colormap_bb4_in(V_5,K,J,L)
     [E>=1,J=D+1,J=V_i_0+1,L=5,K=0,I=0,H=4,G=0,F=0,C=0,B=5,V_blkdist_0=0] 
* CE 41: eval_create_colormap_bb4_in(V_5,V_blkdist_0,V_i_0,B) = 2+ eval_create_colormap_bb6_in(V_5,C,V_i_0,D,E,F,G,H,I,J):3
     [D>=1,K=5,G=4,F=0,E=0,C=0,B=5,V_blkdist_0=0] 
* CE 42: eval_create_colormap_bb4_in(V_5,V_blkdist_0,V_i_0,B) = 2+ eval_create_colormap_bb6_in(V_5,C,V_i_0,D,E,F,G,H,I,J):4
     [D>=2,K=5,G=4,F=0,E=0,C=0,B=5,V_blkdist_0=0] 

### Cost equations --> "Loop" of eval_create_colormap_bb4_in/4 
* CEs [31,32,33,34] --> Loop 24 
* CEs [37,38] --> Loop 25 
* CEs [41,42] --> Loop 26 
* CEs [30] --> Loop 27 
* CEs [29] --> Loop 28 
* CEs [35] --> Loop 29 
* CEs [36] --> Loop 30 
* CEs [39,40] --> Loop 31 
* CEs [28] --> Loop 32 

#### Loops of eval_create_colormap_bb4_in/4 
* Loop 24: eval_create_colormap_bb4_in(V_5,V_blkdist_0,V_i_0,B) [V_blkdist_0>=1,B=5] 
* Loop 25: eval_create_colormap_bb4_in(V_5,V_blkdist_0,V_i_0,B) [0>=V_blkdist_0+1,B=5] 
* Loop 26: eval_create_colormap_bb4_in(V_5,V_blkdist_0,V_i_0,B) [B=5,V_blkdist_0=0] 
* Loop 27: eval_create_colormap_bb4_in(V_5,V_blkdist_0,V_i_0,B)->  eval_create_colormap_bb4_in(V_5,V_blkdist_0',V_i_0',B')
                  [V_blkdist_0'>=0,V_blkdist_0>=1,V_i_0+1=V_i_0',B'=5,B=5] 
* Loop 28: eval_create_colormap_bb4_in(V_5,V_blkdist_0,V_i_0,B)->  eval_create_colormap_bb4_in(V_5,V_blkdist_0',V_i_0',B')
                  [V_blkdist_0>=1,0>=V_blkdist_0',V_i_0+1=V_i_0',B'=5,B=5] 
* Loop 29: eval_create_colormap_bb4_in(V_5,V_blkdist_0,V_i_0,B)->  eval_create_colormap_bb4_in(V_5,V_blkdist_0',V_i_0',B')
                  [V_blkdist_0'>=0,0>=V_blkdist_0+1,V_i_0+1=V_i_0',B'=5,B=5] 
* Loop 30: eval_create_colormap_bb4_in(V_5,V_blkdist_0,V_i_0,B)->  eval_create_colormap_bb4_in(V_5,V_blkdist_0',V_i_0',B')
                  [0>=V_blkdist_0',0>=V_blkdist_0+1,V_i_0+1=V_i_0',B'=5,B=5] 
* Loop 31: eval_create_colormap_bb4_in(V_5,V_blkdist_0,V_i_0,B)->  eval_create_colormap_bb4_in(V_5,V_blkdist_0',V_i_0',B')
                  [V_i_0+1=V_i_0',B'=5,V_blkdist_0'=0,B=5,V_blkdist_0=0] 
* Loop 32: eval_create_colormap_bb4_in(V_5,V_blkdist_0,V_i_0,B) [B=5] 

### Ranking functions of CR eval_create_colormap_bb4_in(V_5,V_blkdist_0,V_i_0,B) 

#### Partial ranking functions of CR eval_create_colormap_bb4_in(V_5,V_blkdist_0,V_i_0,B) 
* Partial RF of phase [27,28,29,30]:
  - RF of loop [28:1]:
    V_blkdist_0 depends on loops [27:1,29:1,30:1] 
  - RF of loop [29:1]:
    -V_blkdist_0 depends on loops [27:1,28:1,30:1] 


### Resulting Chains:eval_create_colormap_bb4_in(V_5,V_blkdist_0,V_i_0,B) 
* [[31]]...
* [[31],32]
* [[31],26]...
* [[27,28,29,30]]...
* [[27,28,29,30],[31]]...
* [[27,28,29,30],[31],32]
* [[27,28,29,30],[31],26]...
* [[27,28,29,30],32]
* [[27,28,29,30],26]...
* [[27,28,29,30],25]...
* [[27,28,29,30],24]...
* [32]
* [26]...
* [25]...
* [24]...


### Merging Chains  eval_create_colormap_bb4_in/4 into  External patterns of execution 
* [[32],[32,[27,28,29,30]],[32,[31],[27,28,29,30]],[32,[31]]] --> 1 
* [[[31]]] --> 2 
* [[26],[26,[31]]] --> 3 
* [[[27,28,29,30]]] --> 4 
* [[25]] --> 5 
* [[24]] --> 6 
* [[24,[27,28,29,30]],[25,[27,28,29,30]],[26,[27,28,29,30]],[[31],[27,28,29,30]],[26,[31],[27,28,29,30]]] --> 7 


### Specialization of cost equations eval_create_colormap_19/2 
* CE 4 is refined into CE [43,44,45,46,47,48,49] 


#### Refined cost equations eval_create_colormap_19/2 
* CE 43: eval_create_colormap_19(V_5,B) = 1+ eval_create_colormap_bb4_in(V_5,V_5,C,D):1
     [D=5,C=0] 
* CE 44: eval_create_colormap_19(V_5,B) = 1+ eval_create_colormap_bb4_in(C,D,E,F):2
     [F=5,E=0,D=0,C=0,V_5=0] 
* CE 45: eval_create_colormap_19(V_5,B) = 1+ eval_create_colormap_bb4_in(C,D,E,F):3
     [F=5,E=0,D=0,C=0,V_5=0] 
* CE 46: eval_create_colormap_19(V_5,B) = 1+ eval_create_colormap_bb4_in(V_5,V_5,C,D):4
     [D=5,C=0] 
* CE 47: eval_create_colormap_19(V_5,B) = 1+ eval_create_colormap_bb4_in(V_5,V_5,C,D):5
     [0>=V_5+1,D=5,C=0] 
* CE 48: eval_create_colormap_19(V_5,B) = 1+ eval_create_colormap_bb4_in(V_5,V_5,C,D):6
     [V_5>=1,D=5,C=0] 
* CE 49: eval_create_colormap_19(V_5,B) = 1+ eval_create_colormap_bb4_in(V_5,V_5,C,D):7
     [D=5,C=0] 

### Cost equations --> "Loop" of eval_create_colormap_19/2 
* CEs [44,45,46,47,48,49] --> Loop 33 
* CEs [43] --> Loop 34 

#### Loops of eval_create_colormap_19/2 
* Loop 33: eval_create_colormap_19(V_5,B) [] 
* Loop 34: eval_create_colormap_19(V_5,B) [] 

### Ranking functions of CR eval_create_colormap_19(V_5,B) 

#### Partial ranking functions of CR eval_create_colormap_19(V_5,B) 


### Resulting Chains:eval_create_colormap_19(V_5,B) 
* [34]
* [33]...


### Merging Chains  eval_create_colormap_19/2 into  External patterns of execution 
* [[34]] --> 1 
* [[33]] --> 2 


### Specialization of cost equations eval_create_colormap_1/2 
* CE 3 is refined into CE [50,51] 


#### Refined cost equations eval_create_colormap_1/2 
* CE 50: eval_create_colormap_1(V_5,B) = 0+ eval_create_colormap_19(V_5,B):1
     [] 
* CE 51: eval_create_colormap_1(V_5,B) = 0+ eval_create_colormap_19(V_5,B):2
     [] 

### Cost equations --> "Loop" of eval_create_colormap_1/2 
* CEs [51] --> Loop 35 
* CEs [50] --> Loop 36 

#### Loops of eval_create_colormap_1/2 
* Loop 35: eval_create_colormap_1(V_5,B) [] 
* Loop 36: eval_create_colormap_1(V_5,B) [] 

### Ranking functions of CR eval_create_colormap_1(V_5,B) 

#### Partial ranking functions of CR eval_create_colormap_1(V_5,B) 


### Resulting Chains:eval_create_colormap_1(V_5,B) 
* [36]
* [35]...


### Merging Chains  eval_create_colormap_1/2 into  External patterns of execution 
* [[36]] --> 1 
* [[35]] --> 2 


### Specialization of cost equations eval_create_colormap_start/1 
* CE 2 is refined into CE [52,53] 


#### Refined cost equations eval_create_colormap_start/1 
* CE 52: eval_create_colormap_start(B) = 0+ eval_create_colormap_1(C,B):1
     [] 
* CE 53: eval_create_colormap_start(B) = 0+ eval_create_colormap_1(C,B):2
     [] 

### Cost equations --> "Loop" of eval_create_colormap_start/1 
* CEs [53] --> Loop 37 
* CEs [52] --> Loop 38 

#### Loops of eval_create_colormap_start/1 
* Loop 37: eval_create_colormap_start(B) [] 
* Loop 38: eval_create_colormap_start(B) [] 

### Ranking functions of CR eval_create_colormap_start(B) 

#### Partial ranking functions of CR eval_create_colormap_start(B) 


### Resulting Chains:eval_create_colormap_start(B) 
* [38]
* [37]...


### Merging Chains  eval_create_colormap_start/1 into  External patterns of execution 
* [[38]] --> 1 
* [[37]] --> 2 


Computing Bounds
=====================================

#### Cost of loops [14] 

 * loop 14:eval_create_colormap_bb9_in(V_5,V_blkdist_0,V_i_0,V_60,V_61,V_j_0,V_65,V_ptr_0,V_k_0,B,C,D,E,F,G,H,I,J) -> [eval_create_colormap_bb9_in(V_5',V_blkdist_0',V_i_0',V_60',V_61',V_j_0',V_65',V_ptr_0',V_k_0',B',C',D',E',F',G',H',I',J')] 
1
#### Cost of phase [14]:eval_create_colormap_bb9_in(V_5,V_blkdist_0,V_i_0,V_60,V_61,V_j_0,V_65,V_ptr_0,V_k_0,B,C,D,E,F,G,H,I,J) -> [eval_create_colormap_bb9_in(V_5',V_blkdist_0',V_i_0',V_60',V_61',V_j_0',V_65',V_ptr_0',V_k_0',B',C',D',E',F',G',H',I',J')] 
1*it(14)+0
  Such that:it(14) =< V_61-V_k_0
it(14) =< V_61-V_k_0-V_61'+V_k_0'

#### Cost of chains of eval_create_colormap_bb9_in(V_5,V_blkdist_0,V_i_0,V_60,V_61,V_j_0,V_65,V_ptr_0,V_k_0,B,C,D,E,F,G,H,I,J):
* Chain [[14],15]: 1*it(14)+0
  Such that:it(14) =< -V_k_0+G

  with precondition: [B=2,V_5=C,V_blkdist_0=D,V_i_0=E,V_60=F,V_61=G,V_j_0=H,V_65=I,V_blkdist_0+V_ptr_0=J,V_k_0>=0,V_5>=V_ptr_0+1,V_61>=V_k_0+1] 

* Chain [15]: 0
  with precondition: [B=2,E=V_i_0,F=V_60,H=V_j_0,I=V_65,V_5=C,V_blkdist_0=D,V_61=G,V_blkdist_0+V_ptr_0=J,V_k_0>=0,V_k_0>=V_61,V_5>=V_ptr_0+1] 


#### Cost of loops [17] 

 * loop 17:eval_create_colormap_bb8_in(V_5,V_blkdist_0,V_i_0,V_60,V_61,V_j_0,V_65,V_ptr_0,B,C,D,E,F,G,H) -> [eval_create_colormap_bb8_in(V_5',V_blkdist_0',V_i_0',V_60',V_61',V_j_0',V_65',V_ptr_0',B',C',D',E',F',G',H')] 
2
#### Cost of phase [17]:eval_create_colormap_bb8_in(V_5,V_blkdist_0,V_i_0,V_60,V_61,V_j_0,V_65,V_ptr_0,B,C,D,E,F,G,H) -> [eval_create_colormap_bb8_in(V_5',V_blkdist_0',V_i_0',V_60',V_61',V_j_0',V_65',V_ptr_0',B',C',D',E',F',G',H')] 
2*it(17)+0
#### Cost of phase [17]:eval_create_colormap_bb8_in(V_5,V_blkdist_0,V_i_0,V_60,V_61,V_j_0,V_65,V_ptr_0,B,C,D,E,F,G,H) -> [eval_create_colormap_bb8_in(V_5',V_blkdist_0',V_i_0',V_60',V_61',V_j_0',V_65',V_ptr_0',B',C',D',E',F',G',H')] 
2*it(17)+0
#### Cost of loops [16] 

 * loop 16:eval_create_colormap_bb8_in(V_5,V_blkdist_0,V_i_0,V_60,V_61,V_j_0,V_65,V_ptr_0,B,C,D,E,F,G,H) -> [eval_create_colormap_bb8_in(V_5',V_blkdist_0',V_i_0',V_60',V_61',V_j_0',V_65',V_ptr_0',B',C',D',E',F',G',H')] 
1*s(2)+2
  Such that:s(2) =< V_61'

#### Cost of phase [16]:eval_create_colormap_bb8_in(V_5,V_blkdist_0,V_i_0,V_60,V_61,V_j_0,V_65,V_ptr_0,B,C,D,E,F,G,H) -> [eval_create_colormap_bb8_in(V_5',V_blkdist_0',V_i_0',V_60',V_61',V_j_0',V_65',V_ptr_0',B',C',D',E',F',G',H')] 
2*it(16)+1*s(3)+0
#### Cost of phase [16]:eval_create_colormap_bb8_in(V_5,V_blkdist_0,V_i_0,V_60,V_61,V_j_0,V_65,V_ptr_0,B,C,D,E,F,G,H) -> [eval_create_colormap_bb8_in(V_5',V_blkdist_0',V_i_0',V_60',V_61',V_j_0',V_65',V_ptr_0',B',C',D',E',F',G',H')] 
2*it(16)+1*s(3)+0
#### Cost of chains of eval_create_colormap_bb8_in(V_5,V_blkdist_0,V_i_0,V_60,V_61,V_j_0,V_65,V_ptr_0,B,C,D,E,F,G,H):
* Chain [[17]]...: 2*it(17)+0
  with precondition: [V_5>=V_ptr_0+1,0>=V_61,B=3] 

* Chain [[17],18]: 2*it(17)+0
  with precondition: [B=3,V_60=V_65+1,V_5=C,V_blkdist_0=D,V_i_0=E,V_60=F,V_61=G,V_j_0+1=H,0>=V_61,V_blkdist_0>=1,V_60>=V_j_0+1,V_5>=V_ptr_0+1] 

* Chain [[16]]...: 3*it(16)+0
  with precondition: [V_5>=V_ptr_0+1,V_61>=1,B=3] 

* Chain [[16],18]: 3*it(16)+0
  with precondition: [B=3,V_60=V_65+1,V_5=C,V_blkdist_0=D,V_i_0=E,V_60=F,V_61=G,V_j_0+1=H,V_blkdist_0>=1,V_61>=1,V_60>=V_j_0+1,V_5>=V_ptr_0+1] 

* Chain [18]: 0
  with precondition: [B=3,D=V_blkdist_0,E=V_i_0,G=V_61,V_60=V_65+1,V_5=C,V_60=F,V_j_0+1=H,V_ptr_0>=V_5,V_60>=V_j_0+1] 


#### Cost of loops [21,22] 

 * loop 21:eval_create_colormap_bb6_in(V_5,V_blkdist_0,V_i_0,V_60,V_61,V_j_0,B,C,D,E) -> [eval_create_colormap_bb6_in(V_5',V_blkdist_0',V_i_0',V_60',V_61',V_j_0',B',C',D',E')] 
3*s(5)+2
 * loop 22:eval_create_colormap_bb6_in(V_5,V_blkdist_0,V_i_0,V_60,V_61,V_j_0,B,C,D,E) -> [eval_create_colormap_bb6_in(V_5',V_blkdist_0',V_i_0',V_60',V_61',V_j_0',B',C',D',E')] 
1*s(7)+0
#### Cost of phase [21,22]:eval_create_colormap_bb6_in(V_5,V_blkdist_0,V_i_0,V_60,V_61,V_j_0,B,C,D,E) -> [eval_create_colormap_bb6_in(V_5',V_blkdist_0',V_i_0',V_60',V_61',V_j_0',B',C',D',E')] 
2*it(21)+4*s(8)+0
  Such that:aux(3) =< V_60-V_j_0
aux(4) =< V_60-V_j_0-V_60'+V_j_0'
it(21) =< aux(3)
it(21) =< aux(4)

#### Cost of phase [21,22]:eval_create_colormap_bb6_in(V_5,V_blkdist_0,V_i_0,V_60,V_61,V_j_0,B,C,D,E) -> [eval_create_colormap_bb6_in(V_5',V_blkdist_0',V_i_0',V_60',V_61',V_j_0',B',C',D',E')] 
2*it(21)+4*s(8)+0
  Such that:aux(3) =< V_60-V_j_0
aux(4) =< V_60-V_j_0-V_60'+V_j_0'
it(21) =< aux(3)
it(21) =< aux(4)

#### Cost of phase [21,22]:eval_create_colormap_bb6_in(V_5,V_blkdist_0,V_i_0,V_60,V_61,V_j_0,B,C,D,E) -> [eval_create_colormap_bb6_in(V_5',V_blkdist_0',V_i_0',V_60',V_61',V_j_0',B',C',D',E')] 
2*it(21)+4*s(8)+0
  Such that:aux(3) =< V_60-V_j_0
aux(4) =< V_60-V_j_0-V_60'+V_j_0'
it(21) =< aux(3)
it(21) =< aux(4)

#### Cost of chains of eval_create_colormap_bb6_in(V_5,V_blkdist_0,V_i_0,V_60,V_61,V_j_0,B,C,D,E):
* Chain [[21,22],23]: 2*it(21)+4*s(8)+0
  Such that:aux(5) =< V_60-V_j_0
it(21) =< aux(5)

  with precondition: [B=4,V_5=C,V_61=D,V_i_0+1=E,V_j_0>=0,V_60>=V_j_0+1] 

* Chain [[21,22],20]...: 2*it(21)+6*s(8)+2
  Such that:aux(6) =< V_60-V_j_0
it(21) =< aux(6)

  with precondition: [B=4,0>=V_61,V_j_0>=0,V_60>=V_j_0+2] 

* Chain [[21,22],19]...: 2*it(21)+7*s(8)+2
  Such that:aux(7) =< V_60-V_j_0
it(21) =< aux(7)

  with precondition: [B=4,V_61>=1,V_j_0>=0,V_60>=V_j_0+2] 

* Chain [23]: 0
  with precondition: [B=4,C=V_5,E=V_i_0+1,D=V_61,V_j_0>=0,V_j_0>=V_60] 

* Chain [20]...: 2*s(10)+2
  with precondition: [B=4,0>=V_61,V_j_0>=0,V_60>=V_j_0+1] 

* Chain [19]...: 3*s(11)+2
  with precondition: [B=4,V_61>=1,V_j_0>=0,V_60>=V_j_0+1] 


#### Cost of loops [31] 

 * loop 31:eval_create_colormap_bb4_in(V_5,V_blkdist_0,V_i_0,B) -> [eval_create_colormap_bb4_in(V_5',V_blkdist_0',V_i_0',B')] 
1*s(15)+0
#### Cost of phase [31]:eval_create_colormap_bb4_in(V_5,V_blkdist_0,V_i_0,B) -> [eval_create_colormap_bb4_in(V_5',V_blkdist_0',V_i_0',B')] 
1*s(16)+0
#### Cost of phase [31]:eval_create_colormap_bb4_in(V_5,V_blkdist_0,V_i_0,B) -> [eval_create_colormap_bb4_in(V_5',V_blkdist_0',V_i_0',B')] 
1*s(16)+0
#### Cost of phase [31]:eval_create_colormap_bb4_in(V_5,V_blkdist_0,V_i_0,B) -> [eval_create_colormap_bb4_in(V_5',V_blkdist_0',V_i_0',B')] 
1*s(16)+0
#### Cost of loops [27,28,29,30] 

 * loop 27:eval_create_colormap_bb4_in(V_5,V_blkdist_0,V_i_0,B) -> [eval_create_colormap_bb4_in(V_5',V_blkdist_0',V_i_0',B')] 
2*s(24)+4*s(25)+2
 * loop 28:eval_create_colormap_bb4_in(V_5,V_blkdist_0,V_i_0,B) -> [eval_create_colormap_bb4_in(V_5',V_blkdist_0',V_i_0',B')] 
2
 * loop 29:eval_create_colormap_bb4_in(V_5,V_blkdist_0,V_i_0,B) -> [eval_create_colormap_bb4_in(V_5',V_blkdist_0',V_i_0',B')] 
2
 * loop 30:eval_create_colormap_bb4_in(V_5,V_blkdist_0,V_i_0,B) -> [eval_create_colormap_bb4_in(V_5',V_blkdist_0',V_i_0',B')] 
2*s(29)+4*s(30)+2
#### Cost of phase [27,28,29,30]:eval_create_colormap_bb4_in(V_5,V_blkdist_0,V_i_0,B) -> [eval_create_colormap_bb4_in(V_5',V_blkdist_0',V_i_0',B')] 
20*it(27)+0
#### Cost of phase [27,28,29,30]:eval_create_colormap_bb4_in(V_5,V_blkdist_0,V_i_0,B) -> [eval_create_colormap_bb4_in(V_5',V_blkdist_0',V_i_0',B')] 
20*it(27)+0
#### Cost of phase [27,28,29,30]:eval_create_colormap_bb4_in(V_5,V_blkdist_0,V_i_0,B) -> [eval_create_colormap_bb4_in(V_5',V_blkdist_0',V_i_0',B')] 
20*it(27)+0
#### Cost of phase [27,28,29,30]:eval_create_colormap_bb4_in(V_5,V_blkdist_0,V_i_0,B) -> [eval_create_colormap_bb4_in(V_5',V_blkdist_0',V_i_0',B')] 
20*it(27)+0
#### Cost of phase [27,28,29,30]:eval_create_colormap_bb4_in(V_5,V_blkdist_0,V_i_0,B) -> [eval_create_colormap_bb4_in(V_5',V_blkdist_0',V_i_0',B')] 
20*it(27)+0
#### Cost of phase [27,28,29,30]:eval_create_colormap_bb4_in(V_5,V_blkdist_0,V_i_0,B) -> [eval_create_colormap_bb4_in(V_5',V_blkdist_0',V_i_0',B')] 
20*it(27)+0
#### Cost of phase [27,28,29,30]:eval_create_colormap_bb4_in(V_5,V_blkdist_0,V_i_0,B) -> [eval_create_colormap_bb4_in(V_5',V_blkdist_0',V_i_0',B')] 
20*it(27)+0
#### Cost of phase [27,28,29,30]:eval_create_colormap_bb4_in(V_5,V_blkdist_0,V_i_0,B) -> [eval_create_colormap_bb4_in(V_5',V_blkdist_0',V_i_0',B')] 
20*it(27)+0
#### Cost of chains of eval_create_colormap_bb4_in(V_5,V_blkdist_0,V_i_0,B):
* Chain [[31]]...: 1*s(16)+0
  with precondition: [V_blkdist_0=0,B=5] 

* Chain [[31],32]: 1*s(16)+0
  with precondition: [V_blkdist_0=0,B=5,V_i_0>=0] 

* Chain [[31],26]...: 2*aux(9)+0
  with precondition: [V_blkdist_0=0,B=5,V_i_0>=0] 

* Chain [[27,28,29,30]]...: 20*it(27)+0
  with precondition: [B=5] 

* Chain [[27,28,29,30],[31]]...: 21*it(27)+0
  with precondition: [B=5,V_i_0>=0] 

* Chain [[27,28,29,30],[31],32]: 21*it(27)+0
  with precondition: [B=5,V_i_0>=0] 

* Chain [[27,28,29,30],[31],26]...: 22*aux(9)+0
  with precondition: [B=5,V_i_0>=0] 

* Chain [[27,28,29,30],32]: 20*it(27)+0
  with precondition: [B=5,V_i_0>=0] 

* Chain [[27,28,29,30],26]...: 21*aux(9)+0
  with precondition: [B=5,V_i_0>=0] 

* Chain [[27,28,29,30],25]...: 21*aux(11)+0
  with precondition: [B=5,V_i_0>=0] 

* Chain [[27,28,29,30],24]...: 21*aux(12)+0
  with precondition: [B=5,V_i_0>=0] 

* Chain [32]: 0
  with precondition: [B=5,V_i_0>=0] 

* Chain [26]...: 1*aux(9)+0
  with precondition: [V_blkdist_0=0,B=5,V_i_0>=0] 

* Chain [25]...: 1*aux(11)+0
  with precondition: [B=5,0>=V_blkdist_0+1,V_i_0>=0] 

* Chain [24]...: 1*aux(12)+0
  with precondition: [B=5,V_blkdist_0>=1,V_i_0>=0] 


#### Cost of chains of eval_create_colormap_19(V_5,B):
* Chain [34]: 1*s(57)+1
  with precondition: [] 

* Chain [33]...: 1*aux(16)+0
  with precondition: [] 


#### Cost of chains of eval_create_colormap_1(V_5,B):
* Chain [36]: 1*s(64)+1
  with precondition: [] 

* Chain [35]...: 1*s(65)+0
  with precondition: [] 


#### Cost of chains of eval_create_colormap_start(B):
* Chain [38]: 1*s(66)+1
  with precondition: [] 

* Chain [37]...: 1*s(67)+0
  with precondition: [] 


Closed-form bounds of eval_create_colormap_start(B): 
-------------------------------------
* Chain [38] with precondition: [] 
    - Upper bound: inf 
    - Complexity: infinity 
* Chain [37]... with precondition: [] 
    - Upper bound: inf 
    - Complexity: infinity 

### Maximum cost of eval_create_colormap_start(B): inf 
Asymptotic class: infinity 

Time statistics: 
-------------------------------------
* Partial evaluation computed in 165 ms.
* Invariants computed in 376 ms.
   - Backward Invariants 201 ms.
   - Transitive Invariants 75 ms.
* Refinement performed in 542 ms.
* Termination proved in 75 ms.
* Upper bounds computed in 494 ms.
   - Equation cost structures 157 ms.
   - Phase cost structures 238 ms.
   - Chain cost structures 173 ms.
   - Solving cost expressions 0 ms.
* Total analysis performed in 1833 ms.

