WARNING: Excluded non-linear constraints:[D*E=0,D*E-1=0]
WARNING: Excluded non-linear constraints:[D*E=0,D*E-1>=0+1,D*E-C*F-1>=0,D*E-C*F-1+1=<C]
WARNING: Excluded non-linear constraints:[D*E=0,D*E-1>=0+1,D*E-C*F-1>=0,D*E-C*F-1+1=< -C]
WARNING: Excluded non-linear constraints:[D*E=0,D*E-1+1=<0,-D*E+C*F+1>=0,-D*E+C*F+1+1=<C]
WARNING: Excluded non-linear constraints:[D*E=0,D*E-1+1=<0,-D*E+C*F+1>=0,-D*E+C*F+1+1=< -C]
WARNING: Excluded non-linear constraints:[D*E=0,D*E=1,D*E-1=0]
WARNING: Excluded non-linear constraints:[D*E=0,D*E=1,D*E-1>=0+1,D*E-C*F-1>=0,D*E-C*F-1+1=<C]
WARNING: Excluded non-linear constraints:[D*E=0,D*E=1,D*E-1>=0+1,D*E-C*F-1>=0,D*E-C*F-1+1=< -C]
WARNING: Excluded non-linear constraints:[D*E=0,D*E=1,D*E-1+1=<0,-D*E+C*F+1>=0,-D*E+C*F+1+1=<C]
WARNING: Excluded non-linear constraints:[D*E=0,D*E=1,D*E-1+1=<0,-D*E+C*F+1>=0,-D*E+C*F+1+1=< -C]
WARNING: Excluded non-linear constraints:[D*E=0,D*E= -1,D*E-1=0]
WARNING: Excluded non-linear constraints:[D*E=0,D*E= -1,D*E-1>=0+1,D*E-C*F-1>=0,D*E-C*F-1+1=<C]
WARNING: Excluded non-linear constraints:[D*E=0,D*E= -1,D*E-1>=0+1,D*E-C*F-1>=0,D*E-C*F-1+1=< -C]
WARNING: Excluded non-linear constraints:[D*E=0,D*E= -1,D*E-1+1=<0,-D*E+C*F+1>=0,-D*E+C*F+1+1=<C]
WARNING: Excluded non-linear constraints:[D*E=0,D*E= -1,D*E-1+1=<0,-D*E+C*F+1>=0,-D*E+C*F+1+1=< -C]
WARNING: Excluded non-linear constraints:[D*E=0,D*E>=1+1,F+1=<D*E,D*E-1=0]
WARNING: Excluded non-linear constraints:[D*E=0,D*E>=1+1,F+1=<D*E,D*E-1>=0+1,D*E-C*G-1>=0,D*E-C*G-1+1=<C]
WARNING: Excluded non-linear constraints:[D*E=0,D*E>=1+1,F+1=<D*E,D*E-1>=0+1,D*E-C*G-1>=0,D*E-C*G-1+1=< -C]
WARNING: Excluded non-linear constraints:[D*E=0,D*E>=1+1,F+1=<D*E,D*E-1+1=<0,-D*E+C*G+1>=0,-D*E+C*G+1+1=<C]
WARNING: Excluded non-linear constraints:[D*E=0,D*E>=1+1,F+1=<D*E,D*E-1+1=<0,-D*E+C*G+1>=0,-D*E+C*G+1+1=< -C]
WARNING: Excluded non-linear constraints:[D*E=0,D*E>=1+1,F>= -D*E+1,D*E-1=0]
WARNING: Excluded non-linear constraints:[D*E=0,D*E>=1+1,F>= -D*E+1,D*E-1>=0+1,D*E-C*G-1>=0,D*E-C*G-1+1=<C]
WARNING: Excluded non-linear constraints:[D*E=0,D*E>=1+1,F>= -D*E+1,D*E-1>=0+1,D*E-C*G-1>=0,D*E-C*G-1+1=< -C]
WARNING: Excluded non-linear constraints:[D*E=0,D*E>=1+1,F>= -D*E+1,D*E-1+1=<0,-D*E+C*G+1>=0,-D*E+C*G+1+1=<C]
WARNING: Excluded non-linear constraints:[D*E=0,D*E>=1+1,F>= -D*E+1,D*E-1+1=<0,-D*E+C*G+1>=0,-D*E+C*G+1+1=< -C]
WARNING: Excluded non-linear constraints:[D*E=0,D*E+1=< -1,F+1=< -D*E,D*E-1=0]
WARNING: Excluded non-linear constraints:[D*E=0,D*E+1=< -1,F+1=< -D*E,D*E-1>=0+1,D*E-C*G-1>=0,D*E-C*G-1+1=<C]
WARNING: Excluded non-linear constraints:[D*E=0,D*E+1=< -1,F+1=< -D*E,D*E-1>=0+1,D*E-C*G-1>=0,D*E-C*G-1+1=< -C]
WARNING: Excluded non-linear constraints:[D*E=0,D*E+1=< -1,F+1=< -D*E,D*E-1+1=<0,-D*E+C*G+1>=0,-D*E+C*G+1+1=<C]
WARNING: Excluded non-linear constraints:[D*E=0,D*E+1=< -1,F+1=< -D*E,D*E-1+1=<0,-D*E+C*G+1>=0,-D*E+C*G+1+1=< -C]
WARNING: Excluded non-linear constraints:[D*E=0,D*E+1=< -1,F>=D*E+1,D*E-1=0]
WARNING: Excluded non-linear constraints:[D*E=0,D*E+1=< -1,F>=D*E+1,D*E-1>=0+1,D*E-C*G-1>=0,D*E-C*G-1+1=<C]
WARNING: Excluded non-linear constraints:[D*E=0,D*E+1=< -1,F>=D*E+1,D*E-1>=0+1,D*E-C*G-1>=0,D*E-C*G-1+1=< -C]
WARNING: Excluded non-linear constraints:[D*E=0,D*E+1=< -1,F>=D*E+1,D*E-1+1=<0,-D*E+C*G+1>=0,-D*E+C*G+1+1=<C]
WARNING: Excluded non-linear constraints:[D*E=0,D*E+1=< -1,F>=D*E+1,D*E-1+1=<0,-D*E+C*G+1>=0,-D*E+C*G+1+1=< -C]
WARNING: Excluded non-linear constraints:[E*F>=0+1,E*F-D*C>=0,E*F-D*C+1=<D,E*F-1=0]
WARNING: Excluded non-linear constraints:[E*F>=0+1,E*F-D*C>=0,E*F-D*C+1=<D,E*F-1>=0+1,E*F-C*G-1>=0,E*F-C*G-1+1=<C]
WARNING: Excluded non-linear constraints:[E*F>=0+1,E*F-D*C>=0,E*F-D*C+1=<D,E*F-1>=0+1,E*F-C*G-1>=0,E*F-C*G-1+1=< -C]
WARNING: Excluded non-linear constraints:[E*F>=0+1,E*F-D*C>=0,E*F-D*C+1=<D,E*F-1+1=<0,-E*F+C*G+1>=0,-E*F+C*G+1+1=<C]
WARNING: Excluded non-linear constraints:[E*F>=0+1,E*F-D*C>=0,E*F-D*C+1=<D,E*F-1+1=<0,-E*F+C*G+1>=0,-E*F+C*G+1+1=< -C]
WARNING: Excluded non-linear constraints:[E*F>=0+1,E*F-D*C>=0,E*F-D*C+1=<D,E*F=1,E*F-1=0]
WARNING: Excluded non-linear constraints:[E*F>=0+1,E*F-D*C>=0,E*F-D*C+1=<D,E*F=1,E*F-1>=0+1,E*F-C*G-1>=0,E*F-C*G-1+1=<C]
WARNING: Excluded non-linear constraints:[E*F>=0+1,E*F-D*C>=0,E*F-D*C+1=<D,E*F=1,E*F-1>=0+1,E*F-C*G-1>=0,E*F-C*G-1+1=< -C]
WARNING: Excluded non-linear constraints:[E*F>=0+1,E*F-D*C>=0,E*F-D*C+1=<D,E*F=1,E*F-1+1=<0,-E*F+C*G+1>=0,-E*F+C*G+1+1=<C]
WARNING: Excluded non-linear constraints:[E*F>=0+1,E*F-D*C>=0,E*F-D*C+1=<D,E*F=1,E*F-1+1=<0,-E*F+C*G+1>=0,-E*F+C*G+1+1=< -C]
WARNING: Excluded non-linear constraints:[E*F>=0+1,E*F-D*C>=0,E*F-D*C+1=<D,E*F= -1,E*F-1=0]
WARNING: Excluded non-linear constraints:[E*F>=0+1,E*F-D*C>=0,E*F-D*C+1=<D,E*F= -1,E*F-1>=0+1,E*F-C*G-1>=0,E*F-C*G-1+1=<C]
WARNING: Excluded non-linear constraints:[E*F>=0+1,E*F-D*C>=0,E*F-D*C+1=<D,E*F= -1,E*F-1>=0+1,E*F-C*G-1>=0,E*F-C*G-1+1=< -C]
WARNING: Excluded non-linear constraints:[E*F>=0+1,E*F-D*C>=0,E*F-D*C+1=<D,E*F= -1,E*F-1+1=<0,-E*F+C*G+1>=0,-E*F+C*G+1+1=<C]
WARNING: Excluded non-linear constraints:[E*F>=0+1,E*F-D*C>=0,E*F-D*C+1=<D,E*F= -1,E*F-1+1=<0,-E*F+C*G+1>=0,-E*F+C*G+1+1=< -C]
WARNING: Excluded non-linear constraints:[E*F>=0+1,E*F-D*C>=0,E*F-D*C+1=<D,E*F>=1+1,G+1=<E*F,E*F-1=0]
WARNING: Excluded non-linear constraints:[E*F>=0+1,E*F-D*C>=0,E*F-D*C+1=<D,E*F>=1+1,G+1=<E*F,E*F-1>=0+1,E*F-C*H-1>=0,E*F-C*H-1+1=<C]
WARNING: Excluded non-linear constraints:[E*F>=0+1,E*F-D*C>=0,E*F-D*C+1=<D,E*F>=1+1,G+1=<E*F,E*F-1>=0+1,E*F-C*H-1>=0,E*F-C*H-1+1=< -C]
WARNING: Excluded non-linear constraints:[E*F>=0+1,E*F-D*C>=0,E*F-D*C+1=<D,E*F>=1+1,G+1=<E*F,E*F-1+1=<0,-E*F+C*H+1>=0,-E*F+C*H+1+1=<C]
WARNING: Excluded non-linear constraints:[E*F>=0+1,E*F-D*C>=0,E*F-D*C+1=<D,E*F>=1+1,G+1=<E*F,E*F-1+1=<0,-E*F+C*H+1>=0,-E*F+C*H+1+1=< -C]
WARNING: Excluded non-linear constraints:[E*F>=0+1,E*F-D*C>=0,E*F-D*C+1=<D,E*F>=1+1,G>= -E*F+1,E*F-1=0]
WARNING: Excluded non-linear constraints:[E*F>=0+1,E*F-D*C>=0,E*F-D*C+1=<D,E*F>=1+1,G>= -E*F+1,E*F-1>=0+1,E*F-C*H-1>=0,E*F-C*H-1+1=<C]
WARNING: Excluded non-linear constraints:[E*F>=0+1,E*F-D*C>=0,E*F-D*C+1=<D,E*F>=1+1,G>= -E*F+1,E*F-1>=0+1,E*F-C*H-1>=0,E*F-C*H-1+1=< -C]
WARNING: Excluded non-linear constraints:[E*F>=0+1,E*F-D*C>=0,E*F-D*C+1=<D,E*F>=1+1,G>= -E*F+1,E*F-1+1=<0,-E*F+C*H+1>=0,-E*F+C*H+1+1=<C]
WARNING: Excluded non-linear constraints:[E*F>=0+1,E*F-D*C>=0,E*F-D*C+1=<D,E*F>=1+1,G>= -E*F+1,E*F-1+1=<0,-E*F+C*H+1>=0,-E*F+C*H+1+1=< -C]
WARNING: Excluded non-linear constraints:[E*F>=0+1,E*F-D*C>=0,E*F-D*C+1=<D,E*F+1=< -1,G+1=< -E*F,E*F-1=0]
WARNING: Excluded non-linear constraints:[E*F>=0+1,E*F-D*C>=0,E*F-D*C+1=<D,E*F+1=< -1,G+1=< -E*F,E*F-1>=0+1,E*F-C*H-1>=0,E*F-C*H-1+1=<C]
WARNING: Excluded non-linear constraints:[E*F>=0+1,E*F-D*C>=0,E*F-D*C+1=<D,E*F+1=< -1,G+1=< -E*F,E*F-1>=0+1,E*F-C*H-1>=0,E*F-C*H-1+1=< -C]
WARNING: Excluded non-linear constraints:[E*F>=0+1,E*F-D*C>=0,E*F-D*C+1=<D,E*F+1=< -1,G+1=< -E*F,E*F-1+1=<0,-E*F+C*H+1>=0,-E*F+C*H+1+1=<C]
WARNING: Excluded non-linear constraints:[E*F>=0+1,E*F-D*C>=0,E*F-D*C+1=<D,E*F+1=< -1,G+1=< -E*F,E*F-1+1=<0,-E*F+C*H+1>=0,-E*F+C*H+1+1=< -C]
WARNING: Excluded non-linear constraints:[E*F>=0+1,E*F-D*C>=0,E*F-D*C+1=<D,E*F+1=< -1,G>=E*F+1,E*F-1=0]
WARNING: Excluded non-linear constraints:[E*F>=0+1,E*F-D*C>=0,E*F-D*C+1=<D,E*F+1=< -1,G>=E*F+1,E*F-1>=0+1,E*F-C*H-1>=0,E*F-C*H-1+1=<C]
WARNING: Excluded non-linear constraints:[E*F>=0+1,E*F-D*C>=0,E*F-D*C+1=<D,E*F+1=< -1,G>=E*F+1,E*F-1>=0+1,E*F-C*H-1>=0,E*F-C*H-1+1=< -C]
WARNING: Excluded non-linear constraints:[E*F>=0+1,E*F-D*C>=0,E*F-D*C+1=<D,E*F+1=< -1,G>=E*F+1,E*F-1+1=<0,-E*F+C*H+1>=0,-E*F+C*H+1+1=<C]
WARNING: Excluded non-linear constraints:[E*F>=0+1,E*F-D*C>=0,E*F-D*C+1=<D,E*F+1=< -1,G>=E*F+1,E*F-1+1=<0,-E*F+C*H+1>=0,-E*F+C*H+1+1=< -C]
WARNING: Excluded non-linear constraints:[E*F>=0+1,E*F-D*C>=0,E*F-D*C+1=< -D,E*F-1=0]
WARNING: Excluded non-linear constraints:[E*F>=0+1,E*F-D*C>=0,E*F-D*C+1=< -D,E*F-1>=0+1,E*F-C*G-1>=0,E*F-C*G-1+1=<C]
WARNING: Excluded non-linear constraints:[E*F>=0+1,E*F-D*C>=0,E*F-D*C+1=< -D,E*F-1>=0+1,E*F-C*G-1>=0,E*F-C*G-1+1=< -C]
WARNING: Excluded non-linear constraints:[E*F>=0+1,E*F-D*C>=0,E*F-D*C+1=< -D,E*F-1+1=<0,-E*F+C*G+1>=0,-E*F+C*G+1+1=<C]
WARNING: Excluded non-linear constraints:[E*F>=0+1,E*F-D*C>=0,E*F-D*C+1=< -D,E*F-1+1=<0,-E*F+C*G+1>=0,-E*F+C*G+1+1=< -C]
WARNING: Excluded non-linear constraints:[E*F>=0+1,E*F-D*C>=0,E*F-D*C+1=< -D,E*F=1,E*F-1=0]
WARNING: Excluded non-linear constraints:[E*F>=0+1,E*F-D*C>=0,E*F-D*C+1=< -D,E*F=1,E*F-1>=0+1,E*F-C*G-1>=0,E*F-C*G-1+1=<C]
WARNING: Excluded non-linear constraints:[E*F>=0+1,E*F-D*C>=0,E*F-D*C+1=< -D,E*F=1,E*F-1>=0+1,E*F-C*G-1>=0,E*F-C*G-1+1=< -C]
WARNING: Excluded non-linear constraints:[E*F>=0+1,E*F-D*C>=0,E*F-D*C+1=< -D,E*F=1,E*F-1+1=<0,-E*F+C*G+1>=0,-E*F+C*G+1+1=<C]
WARNING: Excluded non-linear constraints:[E*F>=0+1,E*F-D*C>=0,E*F-D*C+1=< -D,E*F=1,E*F-1+1=<0,-E*F+C*G+1>=0,-E*F+C*G+1+1=< -C]
WARNING: Excluded non-linear constraints:[E*F>=0+1,E*F-D*C>=0,E*F-D*C+1=< -D,E*F= -1,E*F-1=0]
WARNING: Excluded non-linear constraints:[E*F>=0+1,E*F-D*C>=0,E*F-D*C+1=< -D,E*F= -1,E*F-1>=0+1,E*F-C*G-1>=0,E*F-C*G-1+1=<C]
WARNING: Excluded non-linear constraints:[E*F>=0+1,E*F-D*C>=0,E*F-D*C+1=< -D,E*F= -1,E*F-1>=0+1,E*F-C*G-1>=0,E*F-C*G-1+1=< -C]
WARNING: Excluded non-linear constraints:[E*F>=0+1,E*F-D*C>=0,E*F-D*C+1=< -D,E*F= -1,E*F-1+1=<0,-E*F+C*G+1>=0,-E*F+C*G+1+1=<C]
WARNING: Excluded non-linear constraints:[E*F>=0+1,E*F-D*C>=0,E*F-D*C+1=< -D,E*F= -1,E*F-1+1=<0,-E*F+C*G+1>=0,-E*F+C*G+1+1=< -C]
WARNING: Excluded non-linear constraints:[E*F>=0+1,E*F-D*C>=0,E*F-D*C+1=< -D,E*F>=1+1,G+1=<E*F,E*F-1=0]
WARNING: Excluded non-linear constraints:[E*F>=0+1,E*F-D*C>=0,E*F-D*C+1=< -D,E*F>=1+1,G+1=<E*F,E*F-1>=0+1,E*F-C*H-1>=0,E*F-C*H-1+1=<C]
WARNING: Excluded non-linear constraints:[E*F>=0+1,E*F-D*C>=0,E*F-D*C+1=< -D,E*F>=1+1,G+1=<E*F,E*F-1>=0+1,E*F-C*H-1>=0,E*F-C*H-1+1=< -C]
WARNING: Excluded non-linear constraints:[E*F>=0+1,E*F-D*C>=0,E*F-D*C+1=< -D,E*F>=1+1,G+1=<E*F,E*F-1+1=<0,-E*F+C*H+1>=0,-E*F+C*H+1+1=<C]
WARNING: Excluded non-linear constraints:[E*F>=0+1,E*F-D*C>=0,E*F-D*C+1=< -D,E*F>=1+1,G+1=<E*F,E*F-1+1=<0,-E*F+C*H+1>=0,-E*F+C*H+1+1=< -C]
WARNING: Excluded non-linear constraints:[E*F>=0+1,E*F-D*C>=0,E*F-D*C+1=< -D,E*F>=1+1,G>= -E*F+1,E*F-1=0]
WARNING: Excluded non-linear constraints:[E*F>=0+1,E*F-D*C>=0,E*F-D*C+1=< -D,E*F>=1+1,G>= -E*F+1,E*F-1>=0+1,E*F-C*H-1>=0,E*F-C*H-1+1=<C]
WARNING: Excluded non-linear constraints:[E*F>=0+1,E*F-D*C>=0,E*F-D*C+1=< -D,E*F>=1+1,G>= -E*F+1,E*F-1>=0+1,E*F-C*H-1>=0,E*F-C*H-1+1=< -C]
WARNING: Excluded non-linear constraints:[E*F>=0+1,E*F-D*C>=0,E*F-D*C+1=< -D,E*F>=1+1,G>= -E*F+1,E*F-1+1=<0,-E*F+C*H+1>=0,-E*F+C*H+1+1=<C]
WARNING: Excluded non-linear constraints:[E*F>=0+1,E*F-D*C>=0,E*F-D*C+1=< -D,E*F>=1+1,G>= -E*F+1,E*F-1+1=<0,-E*F+C*H+1>=0,-E*F+C*H+1+1=< -C]
WARNING: Excluded non-linear constraints:[E*F>=0+1,E*F-D*C>=0,E*F-D*C+1=< -D,E*F+1=< -1,G+1=< -E*F,E*F-1=0]
WARNING: Excluded non-linear constraints:[E*F>=0+1,E*F-D*C>=0,E*F-D*C+1=< -D,E*F+1=< -1,G+1=< -E*F,E*F-1>=0+1,E*F-C*H-1>=0,E*F-C*H-1+1=<C]
WARNING: Excluded non-linear constraints:[E*F>=0+1,E*F-D*C>=0,E*F-D*C+1=< -D,E*F+1=< -1,G+1=< -E*F,E*F-1>=0+1,E*F-C*H-1>=0,E*F-C*H-1+1=< -C]
WARNING: Excluded non-linear constraints:[E*F>=0+1,E*F-D*C>=0,E*F-D*C+1=< -D,E*F+1=< -1,G+1=< -E*F,E*F-1+1=<0,-E*F+C*H+1>=0,-E*F+C*H+1+1=<C]
WARNING: Excluded non-linear constraints:[E*F>=0+1,E*F-D*C>=0,E*F-D*C+1=< -D,E*F+1=< -1,G+1=< -E*F,E*F-1+1=<0,-E*F+C*H+1>=0,-E*F+C*H+1+1=< -C]
WARNING: Excluded non-linear constraints:[E*F>=0+1,E*F-D*C>=0,E*F-D*C+1=< -D,E*F+1=< -1,G>=E*F+1,E*F-1=0]
WARNING: Excluded non-linear constraints:[E*F>=0+1,E*F-D*C>=0,E*F-D*C+1=< -D,E*F+1=< -1,G>=E*F+1,E*F-1>=0+1,E*F-C*H-1>=0,E*F-C*H-1+1=<C]
WARNING: Excluded non-linear constraints:[E*F>=0+1,E*F-D*C>=0,E*F-D*C+1=< -D,E*F+1=< -1,G>=E*F+1,E*F-1>=0+1,E*F-C*H-1>=0,E*F-C*H-1+1=< -C]
WARNING: Excluded non-linear constraints:[E*F>=0+1,E*F-D*C>=0,E*F-D*C+1=< -D,E*F+1=< -1,G>=E*F+1,E*F-1+1=<0,-E*F+C*H+1>=0,-E*F+C*H+1+1=<C]
WARNING: Excluded non-linear constraints:[E*F>=0+1,E*F-D*C>=0,E*F-D*C+1=< -D,E*F+1=< -1,G>=E*F+1,E*F-1+1=<0,-E*F+C*H+1>=0,-E*F+C*H+1+1=< -C]
WARNING: Excluded non-linear constraints:[E*F+1=<0,-E*F+D*C>=0,-E*F+D*C+1=<D,E*F-1=0]
WARNING: Excluded non-linear constraints:[E*F+1=<0,-E*F+D*C>=0,-E*F+D*C+1=<D,E*F-1>=0+1,E*F-C*G-1>=0,E*F-C*G-1+1=<C]
WARNING: Excluded non-linear constraints:[E*F+1=<0,-E*F+D*C>=0,-E*F+D*C+1=<D,E*F-1>=0+1,E*F-C*G-1>=0,E*F-C*G-1+1=< -C]
WARNING: Excluded non-linear constraints:[E*F+1=<0,-E*F+D*C>=0,-E*F+D*C+1=<D,E*F-1+1=<0,-E*F+C*G+1>=0,-E*F+C*G+1+1=<C]
WARNING: Excluded non-linear constraints:[E*F+1=<0,-E*F+D*C>=0,-E*F+D*C+1=<D,E*F-1+1=<0,-E*F+C*G+1>=0,-E*F+C*G+1+1=< -C]
WARNING: Excluded non-linear constraints:[E*F+1=<0,-E*F+D*C>=0,-E*F+D*C+1=<D,E*F=1,E*F-1=0]
WARNING: Excluded non-linear constraints:[E*F+1=<0,-E*F+D*C>=0,-E*F+D*C+1=<D,E*F=1,E*F-1>=0+1,E*F-C*G-1>=0,E*F-C*G-1+1=<C]
WARNING: Excluded non-linear constraints:[E*F+1=<0,-E*F+D*C>=0,-E*F+D*C+1=<D,E*F=1,E*F-1>=0+1,E*F-C*G-1>=0,E*F-C*G-1+1=< -C]
WARNING: Excluded non-linear constraints:[E*F+1=<0,-E*F+D*C>=0,-E*F+D*C+1=<D,E*F=1,E*F-1+1=<0,-E*F+C*G+1>=0,-E*F+C*G+1+1=<C]
WARNING: Excluded non-linear constraints:[E*F+1=<0,-E*F+D*C>=0,-E*F+D*C+1=<D,E*F=1,E*F-1+1=<0,-E*F+C*G+1>=0,-E*F+C*G+1+1=< -C]
WARNING: Excluded non-linear constraints:[E*F+1=<0,-E*F+D*C>=0,-E*F+D*C+1=<D,E*F= -1,E*F-1=0]
WARNING: Excluded non-linear constraints:[E*F+1=<0,-E*F+D*C>=0,-E*F+D*C+1=<D,E*F= -1,E*F-1>=0+1,E*F-C*G-1>=0,E*F-C*G-1+1=<C]
WARNING: Excluded non-linear constraints:[E*F+1=<0,-E*F+D*C>=0,-E*F+D*C+1=<D,E*F= -1,E*F-1>=0+1,E*F-C*G-1>=0,E*F-C*G-1+1=< -C]
WARNING: Excluded non-linear constraints:[E*F+1=<0,-E*F+D*C>=0,-E*F+D*C+1=<D,E*F= -1,E*F-1+1=<0,-E*F+C*G+1>=0,-E*F+C*G+1+1=<C]
WARNING: Excluded non-linear constraints:[E*F+1=<0,-E*F+D*C>=0,-E*F+D*C+1=<D,E*F= -1,E*F-1+1=<0,-E*F+C*G+1>=0,-E*F+C*G+1+1=< -C]
WARNING: Excluded non-linear constraints:[E*F+1=<0,-E*F+D*C>=0,-E*F+D*C+1=<D,E*F>=1+1,G+1=<E*F,E*F-1=0]
WARNING: Excluded non-linear constraints:[E*F+1=<0,-E*F+D*C>=0,-E*F+D*C+1=<D,E*F>=1+1,G+1=<E*F,E*F-1>=0+1,E*F-C*H-1>=0,E*F-C*H-1+1=<C]
WARNING: Excluded non-linear constraints:[E*F+1=<0,-E*F+D*C>=0,-E*F+D*C+1=<D,E*F>=1+1,G+1=<E*F,E*F-1>=0+1,E*F-C*H-1>=0,E*F-C*H-1+1=< -C]
WARNING: Excluded non-linear constraints:[E*F+1=<0,-E*F+D*C>=0,-E*F+D*C+1=<D,E*F>=1+1,G+1=<E*F,E*F-1+1=<0,-E*F+C*H+1>=0,-E*F+C*H+1+1=<C]
WARNING: Excluded non-linear constraints:[E*F+1=<0,-E*F+D*C>=0,-E*F+D*C+1=<D,E*F>=1+1,G+1=<E*F,E*F-1+1=<0,-E*F+C*H+1>=0,-E*F+C*H+1+1=< -C]
WARNING: Excluded non-linear constraints:[E*F+1=<0,-E*F+D*C>=0,-E*F+D*C+1=<D,E*F>=1+1,G>= -E*F+1,E*F-1=0]
WARNING: Excluded non-linear constraints:[E*F+1=<0,-E*F+D*C>=0,-E*F+D*C+1=<D,E*F>=1+1,G>= -E*F+1,E*F-1>=0+1,E*F-C*H-1>=0,E*F-C*H-1+1=<C]
WARNING: Excluded non-linear constraints:[E*F+1=<0,-E*F+D*C>=0,-E*F+D*C+1=<D,E*F>=1+1,G>= -E*F+1,E*F-1>=0+1,E*F-C*H-1>=0,E*F-C*H-1+1=< -C]
WARNING: Excluded non-linear constraints:[E*F+1=<0,-E*F+D*C>=0,-E*F+D*C+1=<D,E*F>=1+1,G>= -E*F+1,E*F-1+1=<0,-E*F+C*H+1>=0,-E*F+C*H+1+1=<C]
WARNING: Excluded non-linear constraints:[E*F+1=<0,-E*F+D*C>=0,-E*F+D*C+1=<D,E*F>=1+1,G>= -E*F+1,E*F-1+1=<0,-E*F+C*H+1>=0,-E*F+C*H+1+1=< -C]
WARNING: Excluded non-linear constraints:[E*F+1=<0,-E*F+D*C>=0,-E*F+D*C+1=<D,E*F+1=< -1,G+1=< -E*F,E*F-1=0]
WARNING: Excluded non-linear constraints:[E*F+1=<0,-E*F+D*C>=0,-E*F+D*C+1=<D,E*F+1=< -1,G+1=< -E*F,E*F-1>=0+1,E*F-C*H-1>=0,E*F-C*H-1+1=<C]
WARNING: Excluded non-linear constraints:[E*F+1=<0,-E*F+D*C>=0,-E*F+D*C+1=<D,E*F+1=< -1,G+1=< -E*F,E*F-1>=0+1,E*F-C*H-1>=0,E*F-C*H-1+1=< -C]
WARNING: Excluded non-linear constraints:[E*F+1=<0,-E*F+D*C>=0,-E*F+D*C+1=<D,E*F+1=< -1,G+1=< -E*F,E*F-1+1=<0,-E*F+C*H+1>=0,-E*F+C*H+1+1=<C]
WARNING: Excluded non-linear constraints:[E*F+1=<0,-E*F+D*C>=0,-E*F+D*C+1=<D,E*F+1=< -1,G+1=< -E*F,E*F-1+1=<0,-E*F+C*H+1>=0,-E*F+C*H+1+1=< -C]
WARNING: Excluded non-linear constraints:[E*F+1=<0,-E*F+D*C>=0,-E*F+D*C+1=<D,E*F+1=< -1,G>=E*F+1,E*F-1=0]
WARNING: Excluded non-linear constraints:[E*F+1=<0,-E*F+D*C>=0,-E*F+D*C+1=<D,E*F+1=< -1,G>=E*F+1,E*F-1>=0+1,E*F-C*H-1>=0,E*F-C*H-1+1=<C]
WARNING: Excluded non-linear constraints:[E*F+1=<0,-E*F+D*C>=0,-E*F+D*C+1=<D,E*F+1=< -1,G>=E*F+1,E*F-1>=0+1,E*F-C*H-1>=0,E*F-C*H-1+1=< -C]
WARNING: Excluded non-linear constraints:[E*F+1=<0,-E*F+D*C>=0,-E*F+D*C+1=<D,E*F+1=< -1,G>=E*F+1,E*F-1+1=<0,-E*F+C*H+1>=0,-E*F+C*H+1+1=<C]
WARNING: Excluded non-linear constraints:[E*F+1=<0,-E*F+D*C>=0,-E*F+D*C+1=<D,E*F+1=< -1,G>=E*F+1,E*F-1+1=<0,-E*F+C*H+1>=0,-E*F+C*H+1+1=< -C]
WARNING: Excluded non-linear constraints:[E*F+1=<0,-E*F+D*C>=0,-E*F+D*C+1=< -D,E*F-1=0]
WARNING: Excluded non-linear constraints:[E*F+1=<0,-E*F+D*C>=0,-E*F+D*C+1=< -D,E*F-1>=0+1,E*F-C*G-1>=0,E*F-C*G-1+1=<C]
WARNING: Excluded non-linear constraints:[E*F+1=<0,-E*F+D*C>=0,-E*F+D*C+1=< -D,E*F-1>=0+1,E*F-C*G-1>=0,E*F-C*G-1+1=< -C]
WARNING: Excluded non-linear constraints:[E*F+1=<0,-E*F+D*C>=0,-E*F+D*C+1=< -D,E*F-1+1=<0,-E*F+C*G+1>=0,-E*F+C*G+1+1=<C]
WARNING: Excluded non-linear constraints:[E*F+1=<0,-E*F+D*C>=0,-E*F+D*C+1=< -D,E*F-1+1=<0,-E*F+C*G+1>=0,-E*F+C*G+1+1=< -C]
WARNING: Excluded non-linear constraints:[E*F+1=<0,-E*F+D*C>=0,-E*F+D*C+1=< -D,E*F=1,E*F-1=0]
WARNING: Excluded non-linear constraints:[E*F+1=<0,-E*F+D*C>=0,-E*F+D*C+1=< -D,E*F=1,E*F-1>=0+1,E*F-C*G-1>=0,E*F-C*G-1+1=<C]
WARNING: Excluded non-linear constraints:[E*F+1=<0,-E*F+D*C>=0,-E*F+D*C+1=< -D,E*F=1,E*F-1>=0+1,E*F-C*G-1>=0,E*F-C*G-1+1=< -C]
WARNING: Excluded non-linear constraints:[E*F+1=<0,-E*F+D*C>=0,-E*F+D*C+1=< -D,E*F=1,E*F-1+1=<0,-E*F+C*G+1>=0,-E*F+C*G+1+1=<C]
WARNING: Excluded non-linear constraints:[E*F+1=<0,-E*F+D*C>=0,-E*F+D*C+1=< -D,E*F=1,E*F-1+1=<0,-E*F+C*G+1>=0,-E*F+C*G+1+1=< -C]
WARNING: Excluded non-linear constraints:[E*F+1=<0,-E*F+D*C>=0,-E*F+D*C+1=< -D,E*F= -1,E*F-1=0]
WARNING: Excluded non-linear constraints:[E*F+1=<0,-E*F+D*C>=0,-E*F+D*C+1=< -D,E*F= -1,E*F-1>=0+1,E*F-C*G-1>=0,E*F-C*G-1+1=<C]
WARNING: Excluded non-linear constraints:[E*F+1=<0,-E*F+D*C>=0,-E*F+D*C+1=< -D,E*F= -1,E*F-1>=0+1,E*F-C*G-1>=0,E*F-C*G-1+1=< -C]
WARNING: Excluded non-linear constraints:[E*F+1=<0,-E*F+D*C>=0,-E*F+D*C+1=< -D,E*F= -1,E*F-1+1=<0,-E*F+C*G+1>=0,-E*F+C*G+1+1=<C]
WARNING: Excluded non-linear constraints:[E*F+1=<0,-E*F+D*C>=0,-E*F+D*C+1=< -D,E*F= -1,E*F-1+1=<0,-E*F+C*G+1>=0,-E*F+C*G+1+1=< -C]
WARNING: Excluded non-linear constraints:[E*F+1=<0,-E*F+D*C>=0,-E*F+D*C+1=< -D,E*F>=1+1,G+1=<E*F,E*F-1=0]
WARNING: Excluded non-linear constraints:[E*F+1=<0,-E*F+D*C>=0,-E*F+D*C+1=< -D,E*F>=1+1,G+1=<E*F,E*F-1>=0+1,E*F-C*H-1>=0,E*F-C*H-1+1=<C]
WARNING: Excluded non-linear constraints:[E*F+1=<0,-E*F+D*C>=0,-E*F+D*C+1=< -D,E*F>=1+1,G+1=<E*F,E*F-1>=0+1,E*F-C*H-1>=0,E*F-C*H-1+1=< -C]
WARNING: Excluded non-linear constraints:[E*F+1=<0,-E*F+D*C>=0,-E*F+D*C+1=< -D,E*F>=1+1,G+1=<E*F,E*F-1+1=<0,-E*F+C*H+1>=0,-E*F+C*H+1+1=<C]
WARNING: Excluded non-linear constraints:[E*F+1=<0,-E*F+D*C>=0,-E*F+D*C+1=< -D,E*F>=1+1,G+1=<E*F,E*F-1+1=<0,-E*F+C*H+1>=0,-E*F+C*H+1+1=< -C]
WARNING: Excluded non-linear constraints:[E*F+1=<0,-E*F+D*C>=0,-E*F+D*C+1=< -D,E*F>=1+1,G>= -E*F+1,E*F-1=0]
WARNING: Excluded non-linear constraints:[E*F+1=<0,-E*F+D*C>=0,-E*F+D*C+1=< -D,E*F>=1+1,G>= -E*F+1,E*F-1>=0+1,E*F-C*H-1>=0,E*F-C*H-1+1=<C]
WARNING: Excluded non-linear constraints:[E*F+1=<0,-E*F+D*C>=0,-E*F+D*C+1=< -D,E*F>=1+1,G>= -E*F+1,E*F-1>=0+1,E*F-C*H-1>=0,E*F-C*H-1+1=< -C]
WARNING: Excluded non-linear constraints:[E*F+1=<0,-E*F+D*C>=0,-E*F+D*C+1=< -D,E*F>=1+1,G>= -E*F+1,E*F-1+1=<0,-E*F+C*H+1>=0,-E*F+C*H+1+1=<C]
WARNING: Excluded non-linear constraints:[E*F+1=<0,-E*F+D*C>=0,-E*F+D*C+1=< -D,E*F>=1+1,G>= -E*F+1,E*F-1+1=<0,-E*F+C*H+1>=0,-E*F+C*H+1+1=< -C]
WARNING: Excluded non-linear constraints:[E*F+1=<0,-E*F+D*C>=0,-E*F+D*C+1=< -D,E*F+1=< -1,G+1=< -E*F,E*F-1=0]
WARNING: Excluded non-linear constraints:[E*F+1=<0,-E*F+D*C>=0,-E*F+D*C+1=< -D,E*F+1=< -1,G+1=< -E*F,E*F-1>=0+1,E*F-C*H-1>=0,E*F-C*H-1+1=<C]
WARNING: Excluded non-linear constraints:[E*F+1=<0,-E*F+D*C>=0,-E*F+D*C+1=< -D,E*F+1=< -1,G+1=< -E*F,E*F-1>=0+1,E*F-C*H-1>=0,E*F-C*H-1+1=< -C]
WARNING: Excluded non-linear constraints:[E*F+1=<0,-E*F+D*C>=0,-E*F+D*C+1=< -D,E*F+1=< -1,G+1=< -E*F,E*F-1+1=<0,-E*F+C*H+1>=0,-E*F+C*H+1+1=<C]
WARNING: Excluded non-linear constraints:[E*F+1=<0,-E*F+D*C>=0,-E*F+D*C+1=< -D,E*F+1=< -1,G+1=< -E*F,E*F-1+1=<0,-E*F+C*H+1>=0,-E*F+C*H+1+1=< -C]
WARNING: Excluded non-linear constraints:[E*F+1=<0,-E*F+D*C>=0,-E*F+D*C+1=< -D,E*F+1=< -1,G>=E*F+1,E*F-1=0]
WARNING: Excluded non-linear constraints:[E*F+1=<0,-E*F+D*C>=0,-E*F+D*C+1=< -D,E*F+1=< -1,G>=E*F+1,E*F-1>=0+1,E*F-C*H-1>=0,E*F-C*H-1+1=<C]
WARNING: Excluded non-linear constraints:[E*F+1=<0,-E*F+D*C>=0,-E*F+D*C+1=< -D,E*F+1=< -1,G>=E*F+1,E*F-1>=0+1,E*F-C*H-1>=0,E*F-C*H-1+1=< -C]
WARNING: Excluded non-linear constraints:[E*F+1=<0,-E*F+D*C>=0,-E*F+D*C+1=< -D,E*F+1=< -1,G>=E*F+1,E*F-1+1=<0,-E*F+C*H+1>=0,-E*F+C*H+1+1=<C]
WARNING: Excluded non-linear constraints:[E*F+1=<0,-E*F+D*C>=0,-E*F+D*C+1=< -D,E*F+1=< -1,G>=E*F+1,E*F-1+1=<0,-E*F+C*H+1>=0,-E*F+C*H+1+1=< -C]
WARNING: Excluded non-linear constraints:[D*E=0]
WARNING: Excluded non-linear constraints:[D*E=0,D*E=1]
WARNING: Excluded non-linear constraints:[D*E=0,D*E= -1]
WARNING: Excluded non-linear constraints:[D*E=0,D*E>=1+1,F+1=<D*E]
WARNING: Excluded non-linear constraints:[D*E=0,D*E>=1+1,F>= -D*E+1]
WARNING: Excluded non-linear constraints:[D*E=0,D*E+1=< -1,F+1=< -D*E]
WARNING: Excluded non-linear constraints:[D*E=0,D*E+1=< -1,F>=D*E+1]
WARNING: Excluded non-linear constraints:[E*F>=0+1,E*F-D*C>=0,E*F-D*C+1=<D]
WARNING: Excluded non-linear constraints:[E*F>=0+1,E*F-D*C>=0,E*F-D*C+1=<D,E*F=1]
WARNING: Excluded non-linear constraints:[E*F>=0+1,E*F-D*C>=0,E*F-D*C+1=<D,E*F= -1]
WARNING: Excluded non-linear constraints:[E*F>=0+1,E*F-D*C>=0,E*F-D*C+1=<D,E*F>=1+1,G+1=<E*F]
WARNING: Excluded non-linear constraints:[E*F>=0+1,E*F-D*C>=0,E*F-D*C+1=<D,E*F>=1+1,G>= -E*F+1]
WARNING: Excluded non-linear constraints:[E*F>=0+1,E*F-D*C>=0,E*F-D*C+1=<D,E*F+1=< -1,G+1=< -E*F]
WARNING: Excluded non-linear constraints:[E*F>=0+1,E*F-D*C>=0,E*F-D*C+1=<D,E*F+1=< -1,G>=E*F+1]
WARNING: Excluded non-linear constraints:[E*F>=0+1,E*F-D*C>=0,E*F-D*C+1=< -D]
WARNING: Excluded non-linear constraints:[E*F>=0+1,E*F-D*C>=0,E*F-D*C+1=< -D,E*F=1]
WARNING: Excluded non-linear constraints:[E*F>=0+1,E*F-D*C>=0,E*F-D*C+1=< -D,E*F= -1]
WARNING: Excluded non-linear constraints:[E*F>=0+1,E*F-D*C>=0,E*F-D*C+1=< -D,E*F>=1+1,G+1=<E*F]
WARNING: Excluded non-linear constraints:[E*F>=0+1,E*F-D*C>=0,E*F-D*C+1=< -D,E*F>=1+1,G>= -E*F+1]
WARNING: Excluded non-linear constraints:[E*F>=0+1,E*F-D*C>=0,E*F-D*C+1=< -D,E*F+1=< -1,G+1=< -E*F]
WARNING: Excluded non-linear constraints:[E*F>=0+1,E*F-D*C>=0,E*F-D*C+1=< -D,E*F+1=< -1,G>=E*F+1]
WARNING: Excluded non-linear constraints:[E*F+1=<0,-E*F+D*C>=0,-E*F+D*C+1=<D]
WARNING: Excluded non-linear constraints:[E*F+1=<0,-E*F+D*C>=0,-E*F+D*C+1=<D,E*F=1]
WARNING: Excluded non-linear constraints:[E*F+1=<0,-E*F+D*C>=0,-E*F+D*C+1=<D,E*F= -1]
WARNING: Excluded non-linear constraints:[E*F+1=<0,-E*F+D*C>=0,-E*F+D*C+1=<D,E*F>=1+1,G+1=<E*F]
WARNING: Excluded non-linear constraints:[E*F+1=<0,-E*F+D*C>=0,-E*F+D*C+1=<D,E*F>=1+1,G>= -E*F+1]
WARNING: Excluded non-linear constraints:[E*F+1=<0,-E*F+D*C>=0,-E*F+D*C+1=<D,E*F+1=< -1,G+1=< -E*F]
WARNING: Excluded non-linear constraints:[E*F+1=<0,-E*F+D*C>=0,-E*F+D*C+1=<D,E*F+1=< -1,G>=E*F+1]
WARNING: Excluded non-linear constraints:[E*F+1=<0,-E*F+D*C>=0,-E*F+D*C+1=< -D]
WARNING: Excluded non-linear constraints:[E*F+1=<0,-E*F+D*C>=0,-E*F+D*C+1=< -D,E*F=1]
WARNING: Excluded non-linear constraints:[E*F+1=<0,-E*F+D*C>=0,-E*F+D*C+1=< -D,E*F= -1]
WARNING: Excluded non-linear constraints:[E*F+1=<0,-E*F+D*C>=0,-E*F+D*C+1=< -D,E*F>=1+1,G+1=<E*F]
WARNING: Excluded non-linear constraints:[E*F+1=<0,-E*F+D*C>=0,-E*F+D*C+1=< -D,E*F>=1+1,G>= -E*F+1]
WARNING: Excluded non-linear constraints:[E*F+1=<0,-E*F+D*C>=0,-E*F+D*C+1=< -D,E*F+1=< -1,G+1=< -E*F]
WARNING: Excluded non-linear constraints:[E*F+1=<0,-E*F+D*C>=0,-E*F+D*C+1=< -D,E*F+1=< -1,G>=E*F+1]
WARNING: Excluded non-linear constraints:[D*E=0]
WARNING: Excluded non-linear constraints:[D*E=0,F-C*G-1>=0,F-C*G-1+1=<C]
WARNING: Excluded non-linear constraints:[D*E=0,F-C*G-1>=0,F-C*G-1+1=< -C]
WARNING: Excluded non-linear constraints:[D*E=0,-F+C*G+1>=0,-F+C*G+1+1=<C]
WARNING: Excluded non-linear constraints:[D*E=0,-F+C*G+1>=0,-F+C*G+1+1=< -C]
WARNING: Excluded non-linear constraints:[D*E=0,D*E=1]
WARNING: Excluded non-linear constraints:[D*E=0,D*E=1,F-C*G-1>=0,F-C*G-1+1=<C]
WARNING: Excluded non-linear constraints:[D*E=0,D*E=1,F-C*G-1>=0,F-C*G-1+1=< -C]
WARNING: Excluded non-linear constraints:[D*E=0,D*E=1,-F+C*G+1>=0,-F+C*G+1+1=<C]
WARNING: Excluded non-linear constraints:[D*E=0,D*E=1,-F+C*G+1>=0,-F+C*G+1+1=< -C]
WARNING: Excluded non-linear constraints:[D*E=0,D*E= -1]
WARNING: Excluded non-linear constraints:[D*E=0,D*E= -1,F-C*G-1>=0,F-C*G-1+1=<C]
WARNING: Excluded non-linear constraints:[D*E=0,D*E= -1,F-C*G-1>=0,F-C*G-1+1=< -C]
WARNING: Excluded non-linear constraints:[D*E=0,D*E= -1,-F+C*G+1>=0,-F+C*G+1+1=<C]
WARNING: Excluded non-linear constraints:[D*E=0,D*E= -1,-F+C*G+1>=0,-F+C*G+1+1=< -C]
WARNING: Excluded non-linear constraints:[D*E=0,D*E>=1+1,F+1=<D*E]
WARNING: Excluded non-linear constraints:[D*E=0,D*E>=1+1,F+1=<D*E,F-C*G-1>=0,F-C*G-1+1=<C]
WARNING: Excluded non-linear constraints:[D*E=0,D*E>=1+1,F+1=<D*E,F-C*G-1>=0,F-C*G-1+1=< -C]
WARNING: Excluded non-linear constraints:[D*E=0,D*E>=1+1,F+1=<D*E,-F+C*G+1>=0,-F+C*G+1+1=<C]
WARNING: Excluded non-linear constraints:[D*E=0,D*E>=1+1,F+1=<D*E,-F+C*G+1>=0,-F+C*G+1+1=< -C]
WARNING: Excluded non-linear constraints:[D*E=0,D*E>=1+1,F>= -D*E+1]
WARNING: Excluded non-linear constraints:[D*E=0,D*E>=1+1,F>= -D*E+1,F-C*G-1>=0,F-C*G-1+1=<C]
WARNING: Excluded non-linear constraints:[D*E=0,D*E>=1+1,F>= -D*E+1,F-C*G-1>=0,F-C*G-1+1=< -C]
WARNING: Excluded non-linear constraints:[D*E=0,D*E>=1+1,F>= -D*E+1,-F+C*G+1>=0,-F+C*G+1+1=<C]
WARNING: Excluded non-linear constraints:[D*E=0,D*E>=1+1,F>= -D*E+1,-F+C*G+1>=0,-F+C*G+1+1=< -C]
WARNING: Excluded non-linear constraints:[D*E=0,D*E+1=< -1,F+1=< -D*E]
WARNING: Excluded non-linear constraints:[D*E=0,D*E+1=< -1,F+1=< -D*E,F-C*G-1>=0,F-C*G-1+1=<C]
WARNING: Excluded non-linear constraints:[D*E=0,D*E+1=< -1,F+1=< -D*E,F-C*G-1>=0,F-C*G-1+1=< -C]
WARNING: Excluded non-linear constraints:[D*E=0,D*E+1=< -1,F+1=< -D*E,-F+C*G+1>=0,-F+C*G+1+1=<C]
WARNING: Excluded non-linear constraints:[D*E=0,D*E+1=< -1,F+1=< -D*E,-F+C*G+1>=0,-F+C*G+1+1=< -C]
WARNING: Excluded non-linear constraints:[D*E=0,D*E+1=< -1,F>=D*E+1]
WARNING: Excluded non-linear constraints:[D*E=0,D*E+1=< -1,F>=D*E+1,F-C*G-1>=0,F-C*G-1+1=<C]
WARNING: Excluded non-linear constraints:[D*E=0,D*E+1=< -1,F>=D*E+1,F-C*G-1>=0,F-C*G-1+1=< -C]
WARNING: Excluded non-linear constraints:[D*E=0,D*E+1=< -1,F>=D*E+1,-F+C*G+1>=0,-F+C*G+1+1=<C]
WARNING: Excluded non-linear constraints:[D*E=0,D*E+1=< -1,F>=D*E+1,-F+C*G+1>=0,-F+C*G+1+1=< -C]
WARNING: Excluded non-linear constraints:[E*F>=0+1,E*F-D*C>=0,E*F-D*C+1=<D]
WARNING: Excluded non-linear constraints:[E*F>=0+1,E*F-D*C>=0,E*F-D*C+1=<D,G-C*H-1>=0,G-C*H-1+1=<C]
WARNING: Excluded non-linear constraints:[E*F>=0+1,E*F-D*C>=0,E*F-D*C+1=<D,G-C*H-1>=0,G-C*H-1+1=< -C]
WARNING: Excluded non-linear constraints:[E*F>=0+1,E*F-D*C>=0,E*F-D*C+1=<D,-G+C*H+1>=0,-G+C*H+1+1=<C]
WARNING: Excluded non-linear constraints:[E*F>=0+1,E*F-D*C>=0,E*F-D*C+1=<D,-G+C*H+1>=0,-G+C*H+1+1=< -C]
WARNING: Excluded non-linear constraints:[E*F>=0+1,E*F-D*C>=0,E*F-D*C+1=<D,E*F=1]
WARNING: Excluded non-linear constraints:[E*F>=0+1,E*F-D*C>=0,E*F-D*C+1=<D,E*F=1,G-C*H-1>=0,G-C*H-1+1=<C]
WARNING: Excluded non-linear constraints:[E*F>=0+1,E*F-D*C>=0,E*F-D*C+1=<D,E*F=1,G-C*H-1>=0,G-C*H-1+1=< -C]
WARNING: Excluded non-linear constraints:[E*F>=0+1,E*F-D*C>=0,E*F-D*C+1=<D,E*F=1,-G+C*H+1>=0,-G+C*H+1+1=<C]
WARNING: Excluded non-linear constraints:[E*F>=0+1,E*F-D*C>=0,E*F-D*C+1=<D,E*F=1,-G+C*H+1>=0,-G+C*H+1+1=< -C]
WARNING: Excluded non-linear constraints:[E*F>=0+1,E*F-D*C>=0,E*F-D*C+1=<D,E*F= -1]
WARNING: Excluded non-linear constraints:[E*F>=0+1,E*F-D*C>=0,E*F-D*C+1=<D,E*F= -1,G-C*H-1>=0,G-C*H-1+1=<C]
WARNING: Excluded non-linear constraints:[E*F>=0+1,E*F-D*C>=0,E*F-D*C+1=<D,E*F= -1,G-C*H-1>=0,G-C*H-1+1=< -C]
WARNING: Excluded non-linear constraints:[E*F>=0+1,E*F-D*C>=0,E*F-D*C+1=<D,E*F= -1,-G+C*H+1>=0,-G+C*H+1+1=<C]
WARNING: Excluded non-linear constraints:[E*F>=0+1,E*F-D*C>=0,E*F-D*C+1=<D,E*F= -1,-G+C*H+1>=0,-G+C*H+1+1=< -C]
WARNING: Excluded non-linear constraints:[E*F>=0+1,E*F-D*C>=0,E*F-D*C+1=<D,E*F>=1+1,G+1=<E*F]
WARNING: Excluded non-linear constraints:[E*F>=0+1,E*F-D*C>=0,E*F-D*C+1=<D,E*F>=1+1,G+1=<E*F,G-C*H-1>=0,G-C*H-1+1=<C]
WARNING: Excluded non-linear constraints:[E*F>=0+1,E*F-D*C>=0,E*F-D*C+1=<D,E*F>=1+1,G+1=<E*F,G-C*H-1>=0,G-C*H-1+1=< -C]
WARNING: Excluded non-linear constraints:[E*F>=0+1,E*F-D*C>=0,E*F-D*C+1=<D,E*F>=1+1,G+1=<E*F,-G+C*H+1>=0,-G+C*H+1+1=<C]
WARNING: Excluded non-linear constraints:[E*F>=0+1,E*F-D*C>=0,E*F-D*C+1=<D,E*F>=1+1,G+1=<E*F,-G+C*H+1>=0,-G+C*H+1+1=< -C]
WARNING: Excluded non-linear constraints:[E*F>=0+1,E*F-D*C>=0,E*F-D*C+1=<D,E*F>=1+1,G>= -E*F+1]
WARNING: Excluded non-linear constraints:[E*F>=0+1,E*F-D*C>=0,E*F-D*C+1=<D,E*F>=1+1,G>= -E*F+1,G-C*H-1>=0,G-C*H-1+1=<C]
WARNING: Excluded non-linear constraints:[E*F>=0+1,E*F-D*C>=0,E*F-D*C+1=<D,E*F>=1+1,G>= -E*F+1,G-C*H-1>=0,G-C*H-1+1=< -C]
WARNING: Excluded non-linear constraints:[E*F>=0+1,E*F-D*C>=0,E*F-D*C+1=<D,E*F>=1+1,G>= -E*F+1,-G+C*H+1>=0,-G+C*H+1+1=<C]
WARNING: Excluded non-linear constraints:[E*F>=0+1,E*F-D*C>=0,E*F-D*C+1=<D,E*F>=1+1,G>= -E*F+1,-G+C*H+1>=0,-G+C*H+1+1=< -C]
WARNING: Excluded non-linear constraints:[E*F>=0+1,E*F-D*C>=0,E*F-D*C+1=<D,E*F+1=< -1,G+1=< -E*F]
WARNING: Excluded non-linear constraints:[E*F>=0+1,E*F-D*C>=0,E*F-D*C+1=<D,E*F+1=< -1,G+1=< -E*F,G-C*H-1>=0,G-C*H-1+1=<C]
WARNING: Excluded non-linear constraints:[E*F>=0+1,E*F-D*C>=0,E*F-D*C+1=<D,E*F+1=< -1,G+1=< -E*F,G-C*H-1>=0,G-C*H-1+1=< -C]
WARNING: Excluded non-linear constraints:[E*F>=0+1,E*F-D*C>=0,E*F-D*C+1=<D,E*F+1=< -1,G+1=< -E*F,-G+C*H+1>=0,-G+C*H+1+1=<C]
WARNING: Excluded non-linear constraints:[E*F>=0+1,E*F-D*C>=0,E*F-D*C+1=<D,E*F+1=< -1,G+1=< -E*F,-G+C*H+1>=0,-G+C*H+1+1=< -C]
WARNING: Excluded non-linear constraints:[E*F>=0+1,E*F-D*C>=0,E*F-D*C+1=<D,E*F+1=< -1,G>=E*F+1]
WARNING: Excluded non-linear constraints:[E*F>=0+1,E*F-D*C>=0,E*F-D*C+1=<D,E*F+1=< -1,G>=E*F+1,G-C*H-1>=0,G-C*H-1+1=<C]
WARNING: Excluded non-linear constraints:[E*F>=0+1,E*F-D*C>=0,E*F-D*C+1=<D,E*F+1=< -1,G>=E*F+1,G-C*H-1>=0,G-C*H-1+1=< -C]
WARNING: Excluded non-linear constraints:[E*F>=0+1,E*F-D*C>=0,E*F-D*C+1=<D,E*F+1=< -1,G>=E*F+1,-G+C*H+1>=0,-G+C*H+1+1=<C]
WARNING: Excluded non-linear constraints:[E*F>=0+1,E*F-D*C>=0,E*F-D*C+1=<D,E*F+1=< -1,G>=E*F+1,-G+C*H+1>=0,-G+C*H+1+1=< -C]
WARNING: Excluded non-linear constraints:[E*F>=0+1,E*F-D*C>=0,E*F-D*C+1=< -D]
WARNING: Excluded non-linear constraints:[E*F>=0+1,E*F-D*C>=0,E*F-D*C+1=< -D,G-C*H-1>=0,G-C*H-1+1=<C]
WARNING: Excluded non-linear constraints:[E*F>=0+1,E*F-D*C>=0,E*F-D*C+1=< -D,G-C*H-1>=0,G-C*H-1+1=< -C]
WARNING: Excluded non-linear constraints:[E*F>=0+1,E*F-D*C>=0,E*F-D*C+1=< -D,-G+C*H+1>=0,-G+C*H+1+1=<C]
WARNING: Excluded non-linear constraints:[E*F>=0+1,E*F-D*C>=0,E*F-D*C+1=< -D,-G+C*H+1>=0,-G+C*H+1+1=< -C]
WARNING: Excluded non-linear constraints:[E*F>=0+1,E*F-D*C>=0,E*F-D*C+1=< -D,E*F=1]
WARNING: Excluded non-linear constraints:[E*F>=0+1,E*F-D*C>=0,E*F-D*C+1=< -D,E*F=1,G-C*H-1>=0,G-C*H-1+1=<C]
WARNING: Excluded non-linear constraints:[E*F>=0+1,E*F-D*C>=0,E*F-D*C+1=< -D,E*F=1,G-C*H-1>=0,G-C*H-1+1=< -C]
WARNING: Excluded non-linear constraints:[E*F>=0+1,E*F-D*C>=0,E*F-D*C+1=< -D,E*F=1,-G+C*H+1>=0,-G+C*H+1+1=<C]
WARNING: Excluded non-linear constraints:[E*F>=0+1,E*F-D*C>=0,E*F-D*C+1=< -D,E*F=1,-G+C*H+1>=0,-G+C*H+1+1=< -C]
WARNING: Excluded non-linear constraints:[E*F>=0+1,E*F-D*C>=0,E*F-D*C+1=< -D,E*F= -1]
WARNING: Excluded non-linear constraints:[E*F>=0+1,E*F-D*C>=0,E*F-D*C+1=< -D,E*F= -1,G-C*H-1>=0,G-C*H-1+1=<C]
WARNING: Excluded non-linear constraints:[E*F>=0+1,E*F-D*C>=0,E*F-D*C+1=< -D,E*F= -1,G-C*H-1>=0,G-C*H-1+1=< -C]
WARNING: Excluded non-linear constraints:[E*F>=0+1,E*F-D*C>=0,E*F-D*C+1=< -D,E*F= -1,-G+C*H+1>=0,-G+C*H+1+1=<C]
WARNING: Excluded non-linear constraints:[E*F>=0+1,E*F-D*C>=0,E*F-D*C+1=< -D,E*F= -1,-G+C*H+1>=0,-G+C*H+1+1=< -C]
WARNING: Excluded non-linear constraints:[E*F>=0+1,E*F-D*C>=0,E*F-D*C+1=< -D,E*F>=1+1,G+1=<E*F]
WARNING: Excluded non-linear constraints:[E*F>=0+1,E*F-D*C>=0,E*F-D*C+1=< -D,E*F>=1+1,G+1=<E*F,G-C*H-1>=0,G-C*H-1+1=<C]
WARNING: Excluded non-linear constraints:[E*F>=0+1,E*F-D*C>=0,E*F-D*C+1=< -D,E*F>=1+1,G+1=<E*F,G-C*H-1>=0,G-C*H-1+1=< -C]
WARNING: Excluded non-linear constraints:[E*F>=0+1,E*F-D*C>=0,E*F-D*C+1=< -D,E*F>=1+1,G+1=<E*F,-G+C*H+1>=0,-G+C*H+1+1=<C]
WARNING: Excluded non-linear constraints:[E*F>=0+1,E*F-D*C>=0,E*F-D*C+1=< -D,E*F>=1+1,G+1=<E*F,-G+C*H+1>=0,-G+C*H+1+1=< -C]
WARNING: Excluded non-linear constraints:[E*F>=0+1,E*F-D*C>=0,E*F-D*C+1=< -D,E*F>=1+1,G>= -E*F+1]
WARNING: Excluded non-linear constraints:[E*F>=0+1,E*F-D*C>=0,E*F-D*C+1=< -D,E*F>=1+1,G>= -E*F+1,G-C*H-1>=0,G-C*H-1+1=<C]
WARNING: Excluded non-linear constraints:[E*F>=0+1,E*F-D*C>=0,E*F-D*C+1=< -D,E*F>=1+1,G>= -E*F+1,G-C*H-1>=0,G-C*H-1+1=< -C]
WARNING: Excluded non-linear constraints:[E*F>=0+1,E*F-D*C>=0,E*F-D*C+1=< -D,E*F>=1+1,G>= -E*F+1,-G+C*H+1>=0,-G+C*H+1+1=<C]
WARNING: Excluded non-linear constraints:[E*F>=0+1,E*F-D*C>=0,E*F-D*C+1=< -D,E*F>=1+1,G>= -E*F+1,-G+C*H+1>=0,-G+C*H+1+1=< -C]
WARNING: Excluded non-linear constraints:[E*F>=0+1,E*F-D*C>=0,E*F-D*C+1=< -D,E*F+1=< -1,G+1=< -E*F]
WARNING: Excluded non-linear constraints:[E*F>=0+1,E*F-D*C>=0,E*F-D*C+1=< -D,E*F+1=< -1,G+1=< -E*F,G-C*H-1>=0,G-C*H-1+1=<C]
WARNING: Excluded non-linear constraints:[E*F>=0+1,E*F-D*C>=0,E*F-D*C+1=< -D,E*F+1=< -1,G+1=< -E*F,G-C*H-1>=0,G-C*H-1+1=< -C]
WARNING: Excluded non-linear constraints:[E*F>=0+1,E*F-D*C>=0,E*F-D*C+1=< -D,E*F+1=< -1,G+1=< -E*F,-G+C*H+1>=0,-G+C*H+1+1=<C]
WARNING: Excluded non-linear constraints:[E*F>=0+1,E*F-D*C>=0,E*F-D*C+1=< -D,E*F+1=< -1,G+1=< -E*F,-G+C*H+1>=0,-G+C*H+1+1=< -C]
WARNING: Excluded non-linear constraints:[E*F>=0+1,E*F-D*C>=0,E*F-D*C+1=< -D,E*F+1=< -1,G>=E*F+1]
WARNING: Excluded non-linear constraints:[E*F>=0+1,E*F-D*C>=0,E*F-D*C+1=< -D,E*F+1=< -1,G>=E*F+1,G-C*H-1>=0,G-C*H-1+1=<C]
WARNING: Excluded non-linear constraints:[E*F>=0+1,E*F-D*C>=0,E*F-D*C+1=< -D,E*F+1=< -1,G>=E*F+1,G-C*H-1>=0,G-C*H-1+1=< -C]
WARNING: Excluded non-linear constraints:[E*F>=0+1,E*F-D*C>=0,E*F-D*C+1=< -D,E*F+1=< -1,G>=E*F+1,-G+C*H+1>=0,-G+C*H+1+1=<C]
WARNING: Excluded non-linear constraints:[E*F>=0+1,E*F-D*C>=0,E*F-D*C+1=< -D,E*F+1=< -1,G>=E*F+1,-G+C*H+1>=0,-G+C*H+1+1=< -C]
WARNING: Excluded non-linear constraints:[E*F+1=<0,-E*F+D*C>=0,-E*F+D*C+1=<D]
WARNING: Excluded non-linear constraints:[E*F+1=<0,-E*F+D*C>=0,-E*F+D*C+1=<D,G-C*H-1>=0,G-C*H-1+1=<C]
WARNING: Excluded non-linear constraints:[E*F+1=<0,-E*F+D*C>=0,-E*F+D*C+1=<D,G-C*H-1>=0,G-C*H-1+1=< -C]
WARNING: Excluded non-linear constraints:[E*F+1=<0,-E*F+D*C>=0,-E*F+D*C+1=<D,-G+C*H+1>=0,-G+C*H+1+1=<C]
WARNING: Excluded non-linear constraints:[E*F+1=<0,-E*F+D*C>=0,-E*F+D*C+1=<D,-G+C*H+1>=0,-G+C*H+1+1=< -C]
WARNING: Excluded non-linear constraints:[E*F+1=<0,-E*F+D*C>=0,-E*F+D*C+1=<D,E*F=1]
WARNING: Excluded non-linear constraints:[E*F+1=<0,-E*F+D*C>=0,-E*F+D*C+1=<D,E*F=1,G-C*H-1>=0,G-C*H-1+1=<C]
WARNING: Excluded non-linear constraints:[E*F+1=<0,-E*F+D*C>=0,-E*F+D*C+1=<D,E*F=1,G-C*H-1>=0,G-C*H-1+1=< -C]
WARNING: Excluded non-linear constraints:[E*F+1=<0,-E*F+D*C>=0,-E*F+D*C+1=<D,E*F=1,-G+C*H+1>=0,-G+C*H+1+1=<C]
WARNING: Excluded non-linear constraints:[E*F+1=<0,-E*F+D*C>=0,-E*F+D*C+1=<D,E*F=1,-G+C*H+1>=0,-G+C*H+1+1=< -C]
WARNING: Excluded non-linear constraints:[E*F+1=<0,-E*F+D*C>=0,-E*F+D*C+1=<D,E*F= -1]
WARNING: Excluded non-linear constraints:[E*F+1=<0,-E*F+D*C>=0,-E*F+D*C+1=<D,E*F= -1,G-C*H-1>=0,G-C*H-1+1=<C]
WARNING: Excluded non-linear constraints:[E*F+1=<0,-E*F+D*C>=0,-E*F+D*C+1=<D,E*F= -1,G-C*H-1>=0,G-C*H-1+1=< -C]
WARNING: Excluded non-linear constraints:[E*F+1=<0,-E*F+D*C>=0,-E*F+D*C+1=<D,E*F= -1,-G+C*H+1>=0,-G+C*H+1+1=<C]
WARNING: Excluded non-linear constraints:[E*F+1=<0,-E*F+D*C>=0,-E*F+D*C+1=<D,E*F= -1,-G+C*H+1>=0,-G+C*H+1+1=< -C]
WARNING: Excluded non-linear constraints:[E*F+1=<0,-E*F+D*C>=0,-E*F+D*C+1=<D,E*F>=1+1,G+1=<E*F]
WARNING: Excluded non-linear constraints:[E*F+1=<0,-E*F+D*C>=0,-E*F+D*C+1=<D,E*F>=1+1,G+1=<E*F,G-C*H-1>=0,G-C*H-1+1=<C]
WARNING: Excluded non-linear constraints:[E*F+1=<0,-E*F+D*C>=0,-E*F+D*C+1=<D,E*F>=1+1,G+1=<E*F,G-C*H-1>=0,G-C*H-1+1=< -C]
WARNING: Excluded non-linear constraints:[E*F+1=<0,-E*F+D*C>=0,-E*F+D*C+1=<D,E*F>=1+1,G+1=<E*F,-G+C*H+1>=0,-G+C*H+1+1=<C]
WARNING: Excluded non-linear constraints:[E*F+1=<0,-E*F+D*C>=0,-E*F+D*C+1=<D,E*F>=1+1,G+1=<E*F,-G+C*H+1>=0,-G+C*H+1+1=< -C]
WARNING: Excluded non-linear constraints:[E*F+1=<0,-E*F+D*C>=0,-E*F+D*C+1=<D,E*F>=1+1,G>= -E*F+1]
WARNING: Excluded non-linear constraints:[E*F+1=<0,-E*F+D*C>=0,-E*F+D*C+1=<D,E*F>=1+1,G>= -E*F+1,G-C*H-1>=0,G-C*H-1+1=<C]
WARNING: Excluded non-linear constraints:[E*F+1=<0,-E*F+D*C>=0,-E*F+D*C+1=<D,E*F>=1+1,G>= -E*F+1,G-C*H-1>=0,G-C*H-1+1=< -C]
WARNING: Excluded non-linear constraints:[E*F+1=<0,-E*F+D*C>=0,-E*F+D*C+1=<D,E*F>=1+1,G>= -E*F+1,-G+C*H+1>=0,-G+C*H+1+1=<C]
WARNING: Excluded non-linear constraints:[E*F+1=<0,-E*F+D*C>=0,-E*F+D*C+1=<D,E*F>=1+1,G>= -E*F+1,-G+C*H+1>=0,-G+C*H+1+1=< -C]
WARNING: Excluded non-linear constraints:[E*F+1=<0,-E*F+D*C>=0,-E*F+D*C+1=<D,E*F+1=< -1,G+1=< -E*F]
WARNING: Excluded non-linear constraints:[E*F+1=<0,-E*F+D*C>=0,-E*F+D*C+1=<D,E*F+1=< -1,G+1=< -E*F,G-C*H-1>=0,G-C*H-1+1=<C]
WARNING: Excluded non-linear constraints:[E*F+1=<0,-E*F+D*C>=0,-E*F+D*C+1=<D,E*F+1=< -1,G+1=< -E*F,G-C*H-1>=0,G-C*H-1+1=< -C]
WARNING: Excluded non-linear constraints:[E*F+1=<0,-E*F+D*C>=0,-E*F+D*C+1=<D,E*F+1=< -1,G+1=< -E*F,-G+C*H+1>=0,-G+C*H+1+1=<C]
WARNING: Excluded non-linear constraints:[E*F+1=<0,-E*F+D*C>=0,-E*F+D*C+1=<D,E*F+1=< -1,G+1=< -E*F,-G+C*H+1>=0,-G+C*H+1+1=< -C]
WARNING: Excluded non-linear constraints:[E*F+1=<0,-E*F+D*C>=0,-E*F+D*C+1=<D,E*F+1=< -1,G>=E*F+1]
WARNING: Excluded non-linear constraints:[E*F+1=<0,-E*F+D*C>=0,-E*F+D*C+1=<D,E*F+1=< -1,G>=E*F+1,G-C*H-1>=0,G-C*H-1+1=<C]
WARNING: Excluded non-linear constraints:[E*F+1=<0,-E*F+D*C>=0,-E*F+D*C+1=<D,E*F+1=< -1,G>=E*F+1,G-C*H-1>=0,G-C*H-1+1=< -C]
WARNING: Excluded non-linear constraints:[E*F+1=<0,-E*F+D*C>=0,-E*F+D*C+1=<D,E*F+1=< -1,G>=E*F+1,-G+C*H+1>=0,-G+C*H+1+1=<C]
WARNING: Excluded non-linear constraints:[E*F+1=<0,-E*F+D*C>=0,-E*F+D*C+1=<D,E*F+1=< -1,G>=E*F+1,-G+C*H+1>=0,-G+C*H+1+1=< -C]
WARNING: Excluded non-linear constraints:[E*F+1=<0,-E*F+D*C>=0,-E*F+D*C+1=< -D]
WARNING: Excluded non-linear constraints:[E*F+1=<0,-E*F+D*C>=0,-E*F+D*C+1=< -D,G-C*H-1>=0,G-C*H-1+1=<C]
WARNING: Excluded non-linear constraints:[E*F+1=<0,-E*F+D*C>=0,-E*F+D*C+1=< -D,G-C*H-1>=0,G-C*H-1+1=< -C]
WARNING: Excluded non-linear constraints:[E*F+1=<0,-E*F+D*C>=0,-E*F+D*C+1=< -D,-G+C*H+1>=0,-G+C*H+1+1=<C]
WARNING: Excluded non-linear constraints:[E*F+1=<0,-E*F+D*C>=0,-E*F+D*C+1=< -D,-G+C*H+1>=0,-G+C*H+1+1=< -C]
WARNING: Excluded non-linear constraints:[E*F+1=<0,-E*F+D*C>=0,-E*F+D*C+1=< -D,E*F=1]
WARNING: Excluded non-linear constraints:[E*F+1=<0,-E*F+D*C>=0,-E*F+D*C+1=< -D,E*F=1,G-C*H-1>=0,G-C*H-1+1=<C]
WARNING: Excluded non-linear constraints:[E*F+1=<0,-E*F+D*C>=0,-E*F+D*C+1=< -D,E*F=1,G-C*H-1>=0,G-C*H-1+1=< -C]
WARNING: Excluded non-linear constraints:[E*F+1=<0,-E*F+D*C>=0,-E*F+D*C+1=< -D,E*F=1,-G+C*H+1>=0,-G+C*H+1+1=<C]
WARNING: Excluded non-linear constraints:[E*F+1=<0,-E*F+D*C>=0,-E*F+D*C+1=< -D,E*F=1,-G+C*H+1>=0,-G+C*H+1+1=< -C]
WARNING: Excluded non-linear constraints:[E*F+1=<0,-E*F+D*C>=0,-E*F+D*C+1=< -D,E*F= -1]
WARNING: Excluded non-linear constraints:[E*F+1=<0,-E*F+D*C>=0,-E*F+D*C+1=< -D,E*F= -1,G-C*H-1>=0,G-C*H-1+1=<C]
WARNING: Excluded non-linear constraints:[E*F+1=<0,-E*F+D*C>=0,-E*F+D*C+1=< -D,E*F= -1,G-C*H-1>=0,G-C*H-1+1=< -C]
WARNING: Excluded non-linear constraints:[E*F+1=<0,-E*F+D*C>=0,-E*F+D*C+1=< -D,E*F= -1,-G+C*H+1>=0,-G+C*H+1+1=<C]
WARNING: Excluded non-linear constraints:[E*F+1=<0,-E*F+D*C>=0,-E*F+D*C+1=< -D,E*F= -1,-G+C*H+1>=0,-G+C*H+1+1=< -C]
WARNING: Excluded non-linear constraints:[E*F+1=<0,-E*F+D*C>=0,-E*F+D*C+1=< -D,E*F>=1+1,G+1=<E*F]
WARNING: Excluded non-linear constraints:[E*F+1=<0,-E*F+D*C>=0,-E*F+D*C+1=< -D,E*F>=1+1,G+1=<E*F,G-C*H-1>=0,G-C*H-1+1=<C]
WARNING: Excluded non-linear constraints:[E*F+1=<0,-E*F+D*C>=0,-E*F+D*C+1=< -D,E*F>=1+1,G+1=<E*F,G-C*H-1>=0,G-C*H-1+1=< -C]
WARNING: Excluded non-linear constraints:[E*F+1=<0,-E*F+D*C>=0,-E*F+D*C+1=< -D,E*F>=1+1,G+1=<E*F,-G+C*H+1>=0,-G+C*H+1+1=<C]
WARNING: Excluded non-linear constraints:[E*F+1=<0,-E*F+D*C>=0,-E*F+D*C+1=< -D,E*F>=1+1,G+1=<E*F,-G+C*H+1>=0,-G+C*H+1+1=< -C]
WARNING: Excluded non-linear constraints:[E*F+1=<0,-E*F+D*C>=0,-E*F+D*C+1=< -D,E*F>=1+1,G>= -E*F+1]
WARNING: Excluded non-linear constraints:[E*F+1=<0,-E*F+D*C>=0,-E*F+D*C+1=< -D,E*F>=1+1,G>= -E*F+1,G-C*H-1>=0,G-C*H-1+1=<C]
WARNING: Excluded non-linear constraints:[E*F+1=<0,-E*F+D*C>=0,-E*F+D*C+1=< -D,E*F>=1+1,G>= -E*F+1,G-C*H-1>=0,G-C*H-1+1=< -C]
WARNING: Excluded non-linear constraints:[E*F+1=<0,-E*F+D*C>=0,-E*F+D*C+1=< -D,E*F>=1+1,G>= -E*F+1,-G+C*H+1>=0,-G+C*H+1+1=<C]
WARNING: Excluded non-linear constraints:[E*F+1=<0,-E*F+D*C>=0,-E*F+D*C+1=< -D,E*F>=1+1,G>= -E*F+1,-G+C*H+1>=0,-G+C*H+1+1=< -C]
WARNING: Excluded non-linear constraints:[E*F+1=<0,-E*F+D*C>=0,-E*F+D*C+1=< -D,E*F+1=< -1,G+1=< -E*F]
WARNING: Excluded non-linear constraints:[E*F+1=<0,-E*F+D*C>=0,-E*F+D*C+1=< -D,E*F+1=< -1,G+1=< -E*F,G-C*H-1>=0,G-C*H-1+1=<C]
WARNING: Excluded non-linear constraints:[E*F+1=<0,-E*F+D*C>=0,-E*F+D*C+1=< -D,E*F+1=< -1,G+1=< -E*F,G-C*H-1>=0,G-C*H-1+1=< -C]
WARNING: Excluded non-linear constraints:[E*F+1=<0,-E*F+D*C>=0,-E*F+D*C+1=< -D,E*F+1=< -1,G+1=< -E*F,-G+C*H+1>=0,-G+C*H+1+1=<C]
WARNING: Excluded non-linear constraints:[E*F+1=<0,-E*F+D*C>=0,-E*F+D*C+1=< -D,E*F+1=< -1,G+1=< -E*F,-G+C*H+1>=0,-G+C*H+1+1=< -C]
WARNING: Excluded non-linear constraints:[E*F+1=<0,-E*F+D*C>=0,-E*F+D*C+1=< -D,E*F+1=< -1,G>=E*F+1]
WARNING: Excluded non-linear constraints:[E*F+1=<0,-E*F+D*C>=0,-E*F+D*C+1=< -D,E*F+1=< -1,G>=E*F+1,G-C*H-1>=0,G-C*H-1+1=<C]
WARNING: Excluded non-linear constraints:[E*F+1=<0,-E*F+D*C>=0,-E*F+D*C+1=< -D,E*F+1=< -1,G>=E*F+1,G-C*H-1>=0,G-C*H-1+1=< -C]
WARNING: Excluded non-linear constraints:[E*F+1=<0,-E*F+D*C>=0,-E*F+D*C+1=< -D,E*F+1=< -1,G>=E*F+1,-G+C*H+1>=0,-G+C*H+1+1=<C]
WARNING: Excluded non-linear constraints:[E*F+1=<0,-E*F+D*C>=0,-E*F+D*C+1=< -D,E*F+1=< -1,G>=E*F+1,-G+C*H+1>=0,-G+C*H+1+1=< -C]
Warning: Ignored call to eval_set_bottom_pointers_stop/1 in equation loop_cont_eval_set_bottom_pointers_bb1_in/2 

Preprocessing Cost Relations
=====================================

#### Computed strongly connected components 
0. recursive  : [eval_set_bottom_pointers_bb5_in/5]
1. recursive  : [eval_set_bottom_pointers_bb1_in/2,eval_set_bottom_pointers_bb4_in/3,loop_cont_eval_set_bottom_pointers_bb5_in/3]
2. non_recursive  : [loop_cont_eval_set_bottom_pointers_bb1_in/2]
3. non_recursive  : [eval_set_bottom_pointers_bb0_in/1]
4. non_recursive  : [eval_set_bottom_pointers_start/1]

#### Obtained direct recursion through partial evaluation 
0. SCC is partially evaluated into eval_set_bottom_pointers_bb5_in/5
1. SCC is partially evaluated into eval_set_bottom_pointers_bb1_in/2
2. SCC is completely evaluated into other SCCs
3. SCC is partially evaluated into eval_set_bottom_pointers_bb0_in/1
4. SCC is partially evaluated into eval_set_bottom_pointers_start/1

Control-Flow Refinement of Cost Relations
=====================================

### Specialization of cost equations eval_set_bottom_pointers_bb5_in/5 
* CE 8 is refined into CE [9] 
* CE 7 is refined into CE [10] 


#### Refined cost equations eval_set_bottom_pointers_bb5_in/5 
* CE 9: eval_set_bottom_pointers_bb5_in(V_ci_0,V_18,V_i_0,B,C) = 0
     [V_i_0>=2*V_18,V_i_0>=0,C=V_ci_0+1,B=2] 
* CE 10: eval_set_bottom_pointers_bb5_in(V_ci_0,V_18,V_i_0,B,C) = 1+ eval_set_bottom_pointers_bb5_in(V_ci_0,V_18,D,E,C)
     [2*V_18>=V_i_0+1,V_i_0>=0,V_i_0+1=D,E=2,B=2] 

### Cost equations --> "Loop" of eval_set_bottom_pointers_bb5_in/5 
* CEs [10] --> Loop 7 
* CEs [9] --> Loop 8 

#### Loops of eval_set_bottom_pointers_bb5_in/5 
* Loop 7: eval_set_bottom_pointers_bb5_in(V_ci_0,V_18,V_i_0,B,C)->  eval_set_bottom_pointers_bb5_in(V_ci_0,V_18,V_i_0',B',C)
                  [2*V_18>=V_i_0+1,V_i_0>=0,V_i_0+1=V_i_0',B'=2,B=2] 
* Loop 8: eval_set_bottom_pointers_bb5_in(V_ci_0,V_18,V_i_0,B,C) [V_i_0>=2*V_18,V_i_0>=0,V_ci_0+1=C,B=2] 

### Ranking functions of CR eval_set_bottom_pointers_bb5_in(V_ci_0,V_18,V_i_0,B,C) 
* RF of phase [7]: [2*V_18-V_i_0]

#### Partial ranking functions of CR eval_set_bottom_pointers_bb5_in(V_ci_0,V_18,V_i_0,B,C) 
* Partial RF of phase [7]:
  - RF of loop [7:1]:
    2*V_18-V_i_0


### Resulting Chains:eval_set_bottom_pointers_bb5_in(V_ci_0,V_18,V_i_0,B,C) 
* [[7],8]
* [8]


### Merging Chains  eval_set_bottom_pointers_bb5_in/5 into  External patterns of execution 
* [[8]] --> 1 
* [[8,[7]]] --> 2 


### Specialization of cost equations eval_set_bottom_pointers_bb1_in/2 
* CE 6 is refined into CE [11] 
* CE 4 is refined into CE [12] 
* CE 5 is refined into CE [13,14] 


#### Refined cost equations eval_set_bottom_pointers_bb1_in/2 
* CE 11: eval_set_bottom_pointers_bb1_in(V_ci_0,B) = 0
     [B=3] 
* CE 12: eval_set_bottom_pointers_bb1_in(V_ci_0,B) = 2+ eval_set_bottom_pointers_bb5_in(C,D,E,F,G):1+ eval_set_bottom_pointers_bb1_in(G,H)
     [0>=D,G=C+1,G=V_ci_0+1,H=3,F=2,E=0,B=3] 
* CE 13: eval_set_bottom_pointers_bb1_in(V_ci_0,B) = 2+ eval_set_bottom_pointers_bb5_in(C,D,E,F,G):1+ eval_set_bottom_pointers_bb1_in(G,H)
     [G=C+1,G=V_ci_0+1,H=3,F=2,E=0,D=0,B=3] 
* CE 14: eval_set_bottom_pointers_bb1_in(V_ci_0,B) = 2+ eval_set_bottom_pointers_bb5_in(C,D,E,F,G):2+ eval_set_bottom_pointers_bb1_in(G,H)
     [2*D>=1,G=C+1,G=V_ci_0+1,H=3,F=2,E=0,B=3] 

### Cost equations --> "Loop" of eval_set_bottom_pointers_bb1_in/2 
* CEs [12,13,14] --> Loop 9 
* CEs [11] --> Loop 10 

#### Loops of eval_set_bottom_pointers_bb1_in/2 
* Loop 9: eval_set_bottom_pointers_bb1_in(V_ci_0,B)->  eval_set_bottom_pointers_bb1_in(V_ci_0',B')
                  [V_ci_0+1=V_ci_0',B'=3,B=3] 
* Loop 10: eval_set_bottom_pointers_bb1_in(V_ci_0,B) [B=3] 

### Ranking functions of CR eval_set_bottom_pointers_bb1_in(V_ci_0,B) 

#### Partial ranking functions of CR eval_set_bottom_pointers_bb1_in(V_ci_0,B) 


### Resulting Chains:eval_set_bottom_pointers_bb1_in(V_ci_0,B) 
* [[9]]...
* [[9],10]
* [10]


### Merging Chains  eval_set_bottom_pointers_bb1_in/2 into  External patterns of execution 
* [[10],[10,[9]]] --> 1 
* [[[9]]] --> 2 


### Specialization of cost equations eval_set_bottom_pointers_bb0_in/1 
* CE 3 is refined into CE [15,16] 


#### Refined cost equations eval_set_bottom_pointers_bb0_in/1 
* CE 15: eval_set_bottom_pointers_bb0_in(B) = 1+ eval_set_bottom_pointers_bb1_in(C,D):1
     [D=3,C=0] 
* CE 16: eval_set_bottom_pointers_bb0_in(B) = 1+ eval_set_bottom_pointers_bb1_in(C,D):2
     [D=3,C=0] 

### Cost equations --> "Loop" of eval_set_bottom_pointers_bb0_in/1 
* CEs [16] --> Loop 11 
* CEs [15] --> Loop 12 

#### Loops of eval_set_bottom_pointers_bb0_in/1 
* Loop 11: eval_set_bottom_pointers_bb0_in(B) [] 
* Loop 12: eval_set_bottom_pointers_bb0_in(B) [] 

### Ranking functions of CR eval_set_bottom_pointers_bb0_in(B) 

#### Partial ranking functions of CR eval_set_bottom_pointers_bb0_in(B) 


### Resulting Chains:eval_set_bottom_pointers_bb0_in(B) 
* [12]
* [11]...


### Merging Chains  eval_set_bottom_pointers_bb0_in/1 into  External patterns of execution 
* [[12]] --> 1 
* [[11]] --> 2 


### Specialization of cost equations eval_set_bottom_pointers_start/1 
* CE 2 is refined into CE [17,18] 


#### Refined cost equations eval_set_bottom_pointers_start/1 
* CE 17: eval_set_bottom_pointers_start(B) = 0+ eval_set_bottom_pointers_bb0_in(B):1
     [] 
* CE 18: eval_set_bottom_pointers_start(B) = 0+ eval_set_bottom_pointers_bb0_in(B):2
     [] 

### Cost equations --> "Loop" of eval_set_bottom_pointers_start/1 
* CEs [18] --> Loop 13 
* CEs [17] --> Loop 14 

#### Loops of eval_set_bottom_pointers_start/1 
* Loop 13: eval_set_bottom_pointers_start(B) [] 
* Loop 14: eval_set_bottom_pointers_start(B) [] 

### Ranking functions of CR eval_set_bottom_pointers_start(B) 

#### Partial ranking functions of CR eval_set_bottom_pointers_start(B) 


### Resulting Chains:eval_set_bottom_pointers_start(B) 
* [14]
* [13]...


### Merging Chains  eval_set_bottom_pointers_start/1 into  External patterns of execution 
* [[14]] --> 1 
* [[13]] --> 2 


Computing Bounds
=====================================

#### Cost of loops [7] 

 * loop 7:eval_set_bottom_pointers_bb5_in(V_ci_0,V_18,V_i_0,B,C) -> [eval_set_bottom_pointers_bb5_in(V_ci_0',V_18',V_i_0',B',C')] 
1
#### Cost of phase [7]:eval_set_bottom_pointers_bb5_in(V_ci_0,V_18,V_i_0,B,C) -> [eval_set_bottom_pointers_bb5_in(V_ci_0',V_18',V_i_0',B',C')] 
1*it(7)+0
  Such that:it(7) =< 2*V_18-V_i_0
it(7) =< 2*V_18-V_i_0-2*V_18'+V_i_0'

#### Cost of chains of eval_set_bottom_pointers_bb5_in(V_ci_0,V_18,V_i_0,B,C):
* Chain [[7],8]: 1*it(7)+0
  Such that:it(7) =< 2*V_18-V_i_0

  with precondition: [B=2,V_ci_0+1=C,V_i_0>=0,2*V_18>=V_i_0+1] 

* Chain [8]: 0
  with precondition: [B=2,C=V_ci_0+1,V_i_0>=0,V_i_0>=2*V_18] 


#### Cost of loops [9] 

 * loop 9:eval_set_bottom_pointers_bb1_in(V_ci_0,B) -> [eval_set_bottom_pointers_bb1_in(V_ci_0',B')] 
1*s(2)+0
#### Cost of phase [9]:eval_set_bottom_pointers_bb1_in(V_ci_0,B) -> [eval_set_bottom_pointers_bb1_in(V_ci_0',B')] 
1*s(3)+0
#### Cost of phase [9]:eval_set_bottom_pointers_bb1_in(V_ci_0,B) -> [eval_set_bottom_pointers_bb1_in(V_ci_0',B')] 
1*s(3)+0
#### Cost of chains of eval_set_bottom_pointers_bb1_in(V_ci_0,B):
* Chain [[9]]...: 1*s(3)+0
  with precondition: [B=3] 

* Chain [[9],10]: 1*s(3)+0
  with precondition: [B=3,V_ci_0>=0] 

* Chain [10]: 0
  with precondition: [B=3,V_ci_0>=0] 


#### Cost of chains of eval_set_bottom_pointers_bb0_in(B):
* Chain [12]: 1*s(5)+1
  with precondition: [] 

* Chain [11]...: 1*s(6)+1
  with precondition: [] 


#### Cost of chains of eval_set_bottom_pointers_start(B):
* Chain [14]: 1*s(7)+1
  with precondition: [] 

* Chain [13]...: 1*s(8)+1
  with precondition: [] 


Closed-form bounds of eval_set_bottom_pointers_start(B): 
-------------------------------------
* Chain [14] with precondition: [] 
    - Upper bound: inf 
    - Complexity: infinity 
* Chain [13]... with precondition: [] 
    - Upper bound: inf 
    - Complexity: infinity 

### Maximum cost of eval_set_bottom_pointers_start(B): inf 
Asymptotic class: infinity 

Time statistics: 
-------------------------------------
* Partial evaluation computed in 15 ms.
* Invariants computed in 12 ms.
   - Backward Invariants 4 ms.
   - Transitive Invariants 3 ms.
* Refinement performed in 17 ms.
* Termination proved in 4 ms.
* Upper bounds computed in 14 ms.
   - Equation cost structures 4 ms.
   - Phase cost structures 6 ms.
   - Chain cost structures 6 ms.
   - Solving cost expressions 0 ms.
* Total analysis performed in 236 ms.

