Warning: Ignored call to eval_best_scalefac_store_stop/1 in equation eval_best_scalefac_store_bb53_in/1 

Preprocessing Cost Relations
=====================================

#### Computed strongly connected components 
0. recursive  : [eval_best_scalefac_store_bb4_in/9]
1. recursive  : [eval_best_scalefac_store_bb1_in/5,eval_best_scalefac_store_bb7_in/7,eval_best_scalefac_store_bb9_in/5,loop_cont_eval_best_scalefac_store_bb4_in/8]
2. recursive  : [eval_best_scalefac_store_bb16_in/11]
3. recursive  : [eval_best_scalefac_store_bb13_in/6,eval_best_scalefac_store_bb19_in/8,eval_best_scalefac_store_bb21_in/6,loop_cont_eval_best_scalefac_store_bb16_in/9]
4. recursive  : [eval_best_scalefac_store_bb11_in/6,loop_cont_eval_best_scalefac_store_bb13_in/7]
5. recursive  : [eval_best_scalefac_store_bb26_in/6]
6. non_recursive  : [eval_best_scalefac_store_bb53_in/1]
7. non_recursive  : [eval_best_scalefac_store_150/1]
8. non_recursive  : [eval_best_scalefac_store_149/2]
9. non_recursive  : [eval_best_scalefac_store_bb47_in/2]
10. recursive  : [eval_best_scalefac_store_bb31_in/6]
11. recursive  : [eval_best_scalefac_store_bb29_in/5,loop_cont_eval_best_scalefac_store_bb31_in/6]
12. recursive  : [eval_best_scalefac_store_bb36_in/5]
13. recursive  : [eval_best_scalefac_store_bb41_in/6]
14. recursive  : [eval_best_scalefac_store_bb39_in/4,loop_cont_eval_best_scalefac_store_bb41_in/5]
15. non_recursive  : [eval_best_scalefac_store_128/2]
16. non_recursive  : [eval_best_scalefac_store_127/2]
17. non_recursive  : [eval_best_scalefac_store_130/2]
18. non_recursive  : [eval_best_scalefac_store_129/2]
19. non_recursive  : [loop_cont_eval_best_scalefac_store_bb39_in/3]
20. non_recursive  : [loop_cont_eval_best_scalefac_store_bb36_in/4]
21. non_recursive  : [loop_cont_eval_best_scalefac_store_bb29_in/4]
22. non_recursive  : [loop_cont_eval_best_scalefac_store_bb26_in/4]
23. non_recursive  : [loop_cont_eval_best_scalefac_store_bb11_in/5]
24. non_recursive  : [loop_cont_eval_best_scalefac_store_bb1_in/4]
25. non_recursive  : [eval_best_scalefac_store_bb0_in/2]
26. non_recursive  : [eval_best_scalefac_store_start/3]

#### Obtained direct recursion through partial evaluation 
0. SCC is partially evaluated into eval_best_scalefac_store_bb4_in/9
1. SCC is partially evaluated into eval_best_scalefac_store_bb1_in/5
2. SCC is partially evaluated into eval_best_scalefac_store_bb16_in/11
3. SCC is partially evaluated into eval_best_scalefac_store_bb13_in/6
4. SCC is partially evaluated into eval_best_scalefac_store_bb11_in/6
5. SCC is partially evaluated into eval_best_scalefac_store_bb26_in/6
6. SCC is completely evaluated into other SCCs
7. SCC is completely evaluated into other SCCs
8. SCC is completely evaluated into other SCCs
9. SCC is partially evaluated into eval_best_scalefac_store_bb47_in/2
10. SCC is partially evaluated into eval_best_scalefac_store_bb31_in/6
11. SCC is partially evaluated into eval_best_scalefac_store_bb29_in/5
12. SCC is partially evaluated into eval_best_scalefac_store_bb36_in/5
13. SCC is partially evaluated into eval_best_scalefac_store_bb41_in/6
14. SCC is partially evaluated into eval_best_scalefac_store_bb39_in/4
15. SCC is completely evaluated into other SCCs
16. SCC is completely evaluated into other SCCs
17. SCC is completely evaluated into other SCCs
18. SCC is completely evaluated into other SCCs
19. SCC is partially evaluated into loop_cont_eval_best_scalefac_store_bb39_in/3
20. SCC is partially evaluated into loop_cont_eval_best_scalefac_store_bb36_in/4
21. SCC is partially evaluated into loop_cont_eval_best_scalefac_store_bb29_in/4
22. SCC is partially evaluated into loop_cont_eval_best_scalefac_store_bb26_in/4
23. SCC is partially evaluated into loop_cont_eval_best_scalefac_store_bb11_in/5
24. SCC is partially evaluated into loop_cont_eval_best_scalefac_store_bb1_in/4
25. SCC is partially evaluated into eval_best_scalefac_store_bb0_in/2
26. SCC is partially evaluated into eval_best_scalefac_store_start/3

Control-Flow Refinement of Cost Relations
=====================================

### Specialization of cost equations eval_best_scalefac_store_bb4_in/9 
* CE 8 is refined into CE [43] 
* CE 10 is refined into CE [44] 
* CE 9 is refined into CE [45] 


#### Refined cost equations eval_best_scalefac_store_bb4_in/9 
* CE 43: eval_best_scalefac_store_bb4_in(A,B,C,D,E,A,B,C,D) = 0
     [C>=D+1,E=4] 
* CE 44: eval_best_scalefac_store_bb4_in(A,B,C,D,E,A,B,C,D) = 0
     [D>=C,E=4] 
* CE 45: eval_best_scalefac_store_bb4_in(V_ch,V_sfb_0,V_31,V_l_0,B,C,D,E,F) = 1+ eval_best_scalefac_store_bb4_in(V_ch,V_sfb_0,V_31,G,H,C,D,E,F)
     [V_31>=V_l_0+1,V_l_0+1=G,H=4,B=4] 

### Cost equations --> "Loop" of eval_best_scalefac_store_bb4_in/9 
* CEs [45] --> Loop 40 
* CEs [43] --> Loop 41 
* CEs [44] --> Loop 42 

#### Loops of eval_best_scalefac_store_bb4_in/9 
* Loop 40: eval_best_scalefac_store_bb4_in(V_ch,V_sfb_0,V_31,V_l_0,B,C,D,E,F)->  eval_best_scalefac_store_bb4_in(V_ch,V_sfb_0,V_31,V_l_0',B',C,D,E,F)
                  [V_31>=V_l_0+1,V_l_0+1=V_l_0',B'=4,B=4] 
* Loop 41: eval_best_scalefac_store_bb4_in(A,B,C,D,E,A,B,C,D) [C>=D+1,E=4] 
* Loop 42: eval_best_scalefac_store_bb4_in(A,B,C,D,E,A,B,C,D) [D>=C,E=4] 

### Ranking functions of CR eval_best_scalefac_store_bb4_in(V_ch,V_sfb_0,V_31,V_l_0,B,C,D,E,F) 
* RF of phase [40]: [V_31-V_l_0]

#### Partial ranking functions of CR eval_best_scalefac_store_bb4_in(V_ch,V_sfb_0,V_31,V_l_0,B,C,D,E,F) 
* Partial RF of phase [40]:
  - RF of loop [40:1]:
    V_31-V_l_0


### Resulting Chains:eval_best_scalefac_store_bb4_in(V_ch,V_sfb_0,V_31,V_l_0,B,C,D,E,F) 
* [[40],42]
* [[40],41]
* [42]
* [41]


### Merging Chains  eval_best_scalefac_store_bb4_in/9 into  External patterns of execution 
* [[42]] --> 1 
* [[41]] --> 2 
* [[42,[40]]] --> 3 
* [[41,[40]]] --> 4 


### Specialization of cost equations eval_best_scalefac_store_bb1_in/5 
* CE 6 is refined into CE [46] 
* CE 4 is refined into CE [47,48,49,50] 
* CE 5 is refined into CE [51] 


#### Refined cost equations eval_best_scalefac_store_bb1_in/5 
* CE 46: eval_best_scalefac_store_bb1_in(A,B,C,A,D) = 0
     [D=0,C=6] 
* CE 47: eval_best_scalefac_store_bb1_in(V_ch,V_sfb_0,B,C,D) = 2+ eval_best_scalefac_store_bb4_in(V_ch,V_sfb_0,E,F,G,V_ch,V_sfb_0,E,F):1+ eval_best_scalefac_store_bb1_in(V_ch,H,B,C,D)
     [F>=E,V_sfb_0+1=H,G=4] 
* CE 48: eval_best_scalefac_store_bb1_in(V_ch,V_sfb_0,B,C,D) = 2+ eval_best_scalefac_store_bb4_in(V_ch,V_sfb_0,E,F,G,V_ch,V_sfb_0,E,F):2+ eval_best_scalefac_store_bb1_in(V_ch,H,B,C,D)
     [E>=F+1,V_sfb_0+1=H,G=4] 
* CE 49: eval_best_scalefac_store_bb1_in(V_ch,V_sfb_0,B,C,D) = 2+ eval_best_scalefac_store_bb4_in(V_ch,V_sfb_0,E,F,G,V_ch,V_sfb_0,E,E):3+ eval_best_scalefac_store_bb1_in(V_ch,H,B,C,D)
     [E>=F+1,V_sfb_0+1=H,G=4] 
* CE 50: eval_best_scalefac_store_bb1_in(V_ch,V_sfb_0,B,C,D) = 2+ eval_best_scalefac_store_bb4_in(V_ch,V_sfb_0,E,F,G,V_ch,V_sfb_0,E,H):4+ eval_best_scalefac_store_bb1_in(V_ch,I,B,C,D)
     [E>=H+1,H>=F+1,V_sfb_0+1=I,G=4] 
* CE 51: eval_best_scalefac_store_bb1_in(V_ch,V_sfb_0,B,C,D) = 1+ eval_best_scalefac_store_bb1_in(V_ch,E,B,C,D)
     [E=V_sfb_0+1] 

### Cost equations --> "Loop" of eval_best_scalefac_store_bb1_in/5 
* CEs [47,48,49,50,51] --> Loop 43 
* CEs [46] --> Loop 44 

#### Loops of eval_best_scalefac_store_bb1_in/5 
* Loop 43: eval_best_scalefac_store_bb1_in(V_ch,V_sfb_0,B,C,D)->  eval_best_scalefac_store_bb1_in(V_ch,V_sfb_0',B,C,D)
                  [V_sfb_0+1=V_sfb_0'] 
* Loop 44: eval_best_scalefac_store_bb1_in(A,B,C,A,D) [D=0,C=6] 

### Ranking functions of CR eval_best_scalefac_store_bb1_in(V_ch,V_sfb_0,B,C,D) 

#### Partial ranking functions of CR eval_best_scalefac_store_bb1_in(V_ch,V_sfb_0,B,C,D) 


### Resulting Chains:eval_best_scalefac_store_bb1_in(V_ch,V_sfb_0,B,C,D) 
* [[43]]...
* [[43],44]
* [44]


### Merging Chains  eval_best_scalefac_store_bb1_in/5 into  External patterns of execution 
* [[44],[44,[43]]] --> 1 
* [[[43]]] --> 2 


### Specialization of cost equations eval_best_scalefac_store_bb16_in/11 
* CE 23 is refined into CE [52] 
* CE 25 is refined into CE [53] 
* CE 24 is refined into CE [54] 


#### Refined cost equations eval_best_scalefac_store_bb16_in/11 
* CE 52: eval_best_scalefac_store_bb16_in(A,B,C,D,E,F,A,B,C,D,E) = 0
     [D>=E+1,11>=C,F=5] 
* CE 53: eval_best_scalefac_store_bb16_in(A,B,C,D,E,F,A,B,C,D,E) = 0
     [E>=D,11>=C,F=5] 
* CE 54: eval_best_scalefac_store_bb16_in(V_ch,V_i_0,V_sfb_1,V_74,V_l_1,B,C,D,E,F,G) = 1+ eval_best_scalefac_store_bb16_in(V_ch,V_i_0,V_sfb_1,V_74,H,I,C,D,E,F,G)
     [V_74>=V_l_1+1,11>=V_sfb_1,V_l_1+1=H,I=5,B=5] 

### Cost equations --> "Loop" of eval_best_scalefac_store_bb16_in/11 
* CEs [54] --> Loop 45 
* CEs [52] --> Loop 46 
* CEs [53] --> Loop 47 

#### Loops of eval_best_scalefac_store_bb16_in/11 
* Loop 45: eval_best_scalefac_store_bb16_in(V_ch,V_i_0,V_sfb_1,V_74,V_l_1,B,C,D,E,F,G)->  eval_best_scalefac_store_bb16_in(V_ch,V_i_0,V_sfb_1,V_74,V_l_1',B',C,D,E,F,G)
                  [V_74>=V_l_1+1,11>=V_sfb_1,V_l_1+1=V_l_1',B'=5,B=5] 
* Loop 46: eval_best_scalefac_store_bb16_in(A,B,C,D,E,F,A,B,C,D,E) [D>=E+1,11>=C,F=5] 
* Loop 47: eval_best_scalefac_store_bb16_in(A,B,C,D,E,F,A,B,C,D,E) [E>=D,11>=C,F=5] 

### Ranking functions of CR eval_best_scalefac_store_bb16_in(V_ch,V_i_0,V_sfb_1,V_74,V_l_1,B,C,D,E,F,G) 
* RF of phase [45]: [V_74-V_l_1]

#### Partial ranking functions of CR eval_best_scalefac_store_bb16_in(V_ch,V_i_0,V_sfb_1,V_74,V_l_1,B,C,D,E,F,G) 
* Partial RF of phase [45]:
  - RF of loop [45:1]:
    V_74-V_l_1


### Resulting Chains:eval_best_scalefac_store_bb16_in(V_ch,V_i_0,V_sfb_1,V_74,V_l_1,B,C,D,E,F,G) 
* [[45],47]
* [[45],46]
* [47]
* [46]


### Merging Chains  eval_best_scalefac_store_bb16_in/11 into  External patterns of execution 
* [[47]] --> 1 
* [[46]] --> 2 
* [[47,[45]]] --> 3 
* [[46,[45]]] --> 4 


### Specialization of cost equations eval_best_scalefac_store_bb13_in/6 
* CE 18 is refined into CE [55] 
* CE 16 is refined into CE [56,57,58,59] 
* CE 17 is refined into CE [60] 


#### Refined cost equations eval_best_scalefac_store_bb13_in/6 
* CE 55: eval_best_scalefac_store_bb13_in(A,B,C,D,A,E) = 0
     [C>=12,E=B+1,D=6] 
* CE 56: eval_best_scalefac_store_bb13_in(V_ch,V_i_0,V_sfb_1,B,C,D) = 2+ eval_best_scalefac_store_bb16_in(V_ch,V_i_0,V_sfb_1,E,F,G,V_ch,V_i_0,V_sfb_1,E,F):1+ eval_best_scalefac_store_bb13_in(V_ch,V_i_0,H,I,C,D)
     [F>=E,11>=V_sfb_1,V_sfb_1+1=H,I=6,G=5,B=6] 
* CE 57: eval_best_scalefac_store_bb13_in(V_ch,V_i_0,V_sfb_1,B,C,D) = 2+ eval_best_scalefac_store_bb16_in(V_ch,V_i_0,V_sfb_1,E,F,G,V_ch,V_i_0,V_sfb_1,E,F):2+ eval_best_scalefac_store_bb13_in(V_ch,V_i_0,H,I,C,D)
     [E>=F+1,11>=V_sfb_1,V_sfb_1+1=H,I=6,G=5,B=6] 
* CE 58: eval_best_scalefac_store_bb13_in(V_ch,V_i_0,V_sfb_1,B,C,D) = 2+ eval_best_scalefac_store_bb16_in(V_ch,V_i_0,V_sfb_1,E,F,G,V_ch,V_i_0,V_sfb_1,E,E):3+ eval_best_scalefac_store_bb13_in(V_ch,V_i_0,H,I,C,D)
     [E>=F+1,11>=V_sfb_1,V_sfb_1+1=H,I=6,G=5,B=6] 
* CE 59: eval_best_scalefac_store_bb13_in(V_ch,V_i_0,V_sfb_1,B,C,D) = 2+ eval_best_scalefac_store_bb16_in(V_ch,V_i_0,V_sfb_1,E,F,G,V_ch,V_i_0,V_sfb_1,E,H):4+ eval_best_scalefac_store_bb13_in(V_ch,V_i_0,I,J,C,D)
     [E>=H+1,H>=F+1,11>=V_sfb_1,V_sfb_1+1=I,J=6,G=5,B=6] 
* CE 60: eval_best_scalefac_store_bb13_in(V_ch,V_i_0,V_sfb_1,B,C,D) = 1+ eval_best_scalefac_store_bb13_in(V_ch,V_i_0,E,F,C,D)
     [11>=V_sfb_1,V_sfb_1+1=E,F=6,B=6] 

### Cost equations --> "Loop" of eval_best_scalefac_store_bb13_in/6 
* CEs [56,57,58,59,60] --> Loop 48 
* CEs [55] --> Loop 49 

#### Loops of eval_best_scalefac_store_bb13_in/6 
* Loop 48: eval_best_scalefac_store_bb13_in(V_ch,V_i_0,V_sfb_1,B,C,D)->  eval_best_scalefac_store_bb13_in(V_ch,V_i_0,V_sfb_1',B',C,D)
                  [11>=V_sfb_1,V_sfb_1+1=V_sfb_1',B'=6,B=6] 
* Loop 49: eval_best_scalefac_store_bb13_in(A,B,C,D,A,E) [C>=12,B+1=E,D=6] 

### Ranking functions of CR eval_best_scalefac_store_bb13_in(V_ch,V_i_0,V_sfb_1,B,C,D) 
* RF of phase [48]: [-V_sfb_1+12]

#### Partial ranking functions of CR eval_best_scalefac_store_bb13_in(V_ch,V_i_0,V_sfb_1,B,C,D) 
* Partial RF of phase [48]:
  - RF of loop [48:1]:
    -V_sfb_1+12


### Resulting Chains:eval_best_scalefac_store_bb13_in(V_ch,V_i_0,V_sfb_1,B,C,D) 
* [[48],49]
* [49]


### Merging Chains  eval_best_scalefac_store_bb13_in/6 into  External patterns of execution 
* [[49]] --> 1 
* [[49,[48]]] --> 2 


### Specialization of cost equations eval_best_scalefac_store_bb11_in/6 
* CE 13 is refined into CE [61] 
* CE 12 is refined into CE [62] 
* CE 11 is refined into CE [63,64] 


#### Refined cost equations eval_best_scalefac_store_bb11_in/6 
* CE 61: eval_best_scalefac_store_bb11_in(A,B,C,A,D,E) = 0
     [B>=3,E=0,C=11] 
* CE 62: eval_best_scalefac_store_bb11_in(A,B,C,A,D,E) = 0
     [B>=3,C=10] 
* CE 63: eval_best_scalefac_store_bb11_in(V_ch,V_i_0,B,C,D,E) = 2+ eval_best_scalefac_store_bb13_in(V_ch,F,G,H,V_ch,I):1+ eval_best_scalefac_store_bb11_in(V_ch,I,B,C,D,E)
     [G>=12,3>=I,I=F+1,I=V_i_0+1,H=6] 
* CE 64: eval_best_scalefac_store_bb11_in(V_ch,V_i_0,B,C,D,E) = 2+ eval_best_scalefac_store_bb13_in(V_ch,F,G,H,V_ch,I):2+ eval_best_scalefac_store_bb11_in(V_ch,I,B,C,D,E)
     [3>=I,11>=G,I=F+1,I=V_i_0+1,H=6] 

### Cost equations --> "Loop" of eval_best_scalefac_store_bb11_in/6 
* CEs [63,64] --> Loop 50 
* CEs [61] --> Loop 51 
* CEs [62] --> Loop 52 

#### Loops of eval_best_scalefac_store_bb11_in/6 
* Loop 50: eval_best_scalefac_store_bb11_in(V_ch,V_i_0,B,C,D,E)->  eval_best_scalefac_store_bb11_in(V_ch,V_i_0',B,C,D,E)
                  [2>=V_i_0,V_i_0+1=V_i_0'] 
* Loop 51: eval_best_scalefac_store_bb11_in(A,B,C,A,D,E) [B>=3,E=0,C=11] 
* Loop 52: eval_best_scalefac_store_bb11_in(A,B,C,A,D,E) [B>=3,C=10] 

### Ranking functions of CR eval_best_scalefac_store_bb11_in(V_ch,V_i_0,B,C,D,E) 
* RF of phase [50]: [-V_i_0+3]

#### Partial ranking functions of CR eval_best_scalefac_store_bb11_in(V_ch,V_i_0,B,C,D,E) 
* Partial RF of phase [50]:
  - RF of loop [50:1]:
    -V_i_0+3


### Resulting Chains:eval_best_scalefac_store_bb11_in(V_ch,V_i_0,B,C,D,E) 
* [[50],52]
* [[50],51]
* [52]
* [51]


### Merging Chains  eval_best_scalefac_store_bb11_in/6 into  External patterns of execution 
* [[52]] --> 1 
* [[52,[50]]] --> 2 
* [[51]] --> 3 
* [[51,[50]]] --> 4 


### Specialization of cost equations eval_best_scalefac_store_bb26_in/6 
* CE 21 is refined into CE [65] 
* CE 20 is refined into CE [66] 


#### Refined cost equations eval_best_scalefac_store_bb26_in/6 
* CE 65: eval_best_scalefac_store_bb26_in(A,B,C,D,A,E) = 0
     [C>=B,D=3] 
* CE 66: eval_best_scalefac_store_bb26_in(V_ch,V_107,V_sfb1_0,B,C,D) = 1+ eval_best_scalefac_store_bb26_in(V_ch,V_107,E,B,C,D)
     [V_107>=V_sfb1_0+1,V_sfb1_0+1=E] 

### Cost equations --> "Loop" of eval_best_scalefac_store_bb26_in/6 
* CEs [66] --> Loop 53 
* CEs [65] --> Loop 54 

#### Loops of eval_best_scalefac_store_bb26_in/6 
* Loop 53: eval_best_scalefac_store_bb26_in(V_ch,V_107,V_sfb1_0,B,C,D)->  eval_best_scalefac_store_bb26_in(V_ch,V_107,V_sfb1_0',B,C,D)
                  [V_107>=V_sfb1_0+1,V_sfb1_0+1=V_sfb1_0'] 
* Loop 54: eval_best_scalefac_store_bb26_in(A,B,C,D,A,E) [C>=B,D=3] 

### Ranking functions of CR eval_best_scalefac_store_bb26_in(V_ch,V_107,V_sfb1_0,B,C,D) 
* RF of phase [53]: [V_107-V_sfb1_0]

#### Partial ranking functions of CR eval_best_scalefac_store_bb26_in(V_ch,V_107,V_sfb1_0,B,C,D) 
* Partial RF of phase [53]:
  - RF of loop [53:1]:
    V_107-V_sfb1_0


### Resulting Chains:eval_best_scalefac_store_bb26_in(V_ch,V_107,V_sfb1_0,B,C,D) 
* [[53],54]
* [54]


### Merging Chains  eval_best_scalefac_store_bb26_in/6 into  External patterns of execution 
* [[54]] --> 1 
* [[54,[53]]] --> 2 


### Specialization of cost equations eval_best_scalefac_store_bb47_in/2 
* CE 19 is refined into CE [67] 


#### Refined cost equations eval_best_scalefac_store_bb47_in/2 
* CE 67: eval_best_scalefac_store_bb47_in(V_ch,B) = 0
     [] 

### Cost equations --> "Loop" of eval_best_scalefac_store_bb47_in/2 
* CEs [67] --> Loop 55 

#### Loops of eval_best_scalefac_store_bb47_in/2 
* Loop 55: eval_best_scalefac_store_bb47_in(V_ch,B) [] 

### Ranking functions of CR eval_best_scalefac_store_bb47_in(V_ch,B) 

#### Partial ranking functions of CR eval_best_scalefac_store_bb47_in(V_ch,B) 


### Resulting Chains:eval_best_scalefac_store_bb47_in(V_ch,B) 
* [55]


### Merging Chains  eval_best_scalefac_store_bb47_in/2 into  External patterns of execution 
* [[55]] --> 1 


### Specialization of cost equations eval_best_scalefac_store_bb31_in/6 
* CE 32 is refined into CE [68] 
* CE 31 is refined into CE [69] 


#### Refined cost equations eval_best_scalefac_store_bb31_in/6 
* CE 68: eval_best_scalefac_store_bb31_in(A,B,C,D,A,E) = 0
     [C>=3,11>=B,B+1=E,D=3] 
* CE 69: eval_best_scalefac_store_bb31_in(V_ch,V_sfb1_1,V_b_0,B,C,D) = 1+ eval_best_scalefac_store_bb31_in(V_ch,V_sfb1_1,E,F,C,D)
     [V_b_0>=0,2>=V_b_0,11>=V_sfb1_1,V_b_0+1=E,F=3,B=3] 

### Cost equations --> "Loop" of eval_best_scalefac_store_bb31_in/6 
* CEs [69] --> Loop 56 
* CEs [68] --> Loop 57 

#### Loops of eval_best_scalefac_store_bb31_in/6 
* Loop 56: eval_best_scalefac_store_bb31_in(V_ch,V_sfb1_1,V_b_0,B,C,D)->  eval_best_scalefac_store_bb31_in(V_ch,V_sfb1_1,V_b_0',B',C,D)
                  [V_b_0>=0,2>=V_b_0,11>=V_sfb1_1,V_b_0+1=V_b_0',B'=3,B=3] 
* Loop 57: eval_best_scalefac_store_bb31_in(A,B,C,D,A,E) [C>=3,11>=B,B+1=E,D=3] 

### Ranking functions of CR eval_best_scalefac_store_bb31_in(V_ch,V_sfb1_1,V_b_0,B,C,D) 
* RF of phase [56]: [-V_b_0+3]

#### Partial ranking functions of CR eval_best_scalefac_store_bb31_in(V_ch,V_sfb1_1,V_b_0,B,C,D) 
* Partial RF of phase [56]:
  - RF of loop [56:1]:
    -V_b_0+3


### Resulting Chains:eval_best_scalefac_store_bb31_in(V_ch,V_sfb1_1,V_b_0,B,C,D) 
* [[56],57]


### Merging Chains  eval_best_scalefac_store_bb31_in/6 into  External patterns of execution 
* [[57,[56]]] --> 1 


### Specialization of cost equations eval_best_scalefac_store_bb29_in/5 
* CE 28 is refined into CE [70] 
* CE 27 is refined into CE [71] 
* CE 26 is refined into CE [72] 


#### Refined cost equations eval_best_scalefac_store_bb29_in/5 
* CE 70: eval_best_scalefac_store_bb29_in(A,B,C,A,D) = 0
     [B>=12,C=10] 
* CE 71: eval_best_scalefac_store_bb29_in(A,B,C,A,D) = 0
     [B>=12,D=0,C=9] 
* CE 72: eval_best_scalefac_store_bb29_in(V_ch,V_sfb1_1,B,C,D) = 2+ eval_best_scalefac_store_bb31_in(V_ch,E,F,G,V_ch,H):1+ eval_best_scalefac_store_bb29_in(V_ch,H,B,C,D)
     [12>=H,H=E+1,H=V_sfb1_1+1,G=3,F=0] 

### Cost equations --> "Loop" of eval_best_scalefac_store_bb29_in/5 
* CEs [72] --> Loop 58 
* CEs [70] --> Loop 59 
* CEs [71] --> Loop 60 

#### Loops of eval_best_scalefac_store_bb29_in/5 
* Loop 58: eval_best_scalefac_store_bb29_in(V_ch,V_sfb1_1,B,C,D)->  eval_best_scalefac_store_bb29_in(V_ch,V_sfb1_1',B,C,D)
                  [11>=V_sfb1_1,V_sfb1_1+1=V_sfb1_1'] 
* Loop 59: eval_best_scalefac_store_bb29_in(A,B,C,A,D) [B>=12,C=10] 
* Loop 60: eval_best_scalefac_store_bb29_in(A,B,C,A,D) [B>=12,D=0,C=9] 

### Ranking functions of CR eval_best_scalefac_store_bb29_in(V_ch,V_sfb1_1,B,C,D) 
* RF of phase [58]: [-V_sfb1_1+12]

#### Partial ranking functions of CR eval_best_scalefac_store_bb29_in(V_ch,V_sfb1_1,B,C,D) 
* Partial RF of phase [58]:
  - RF of loop [58:1]:
    -V_sfb1_1+12


### Resulting Chains:eval_best_scalefac_store_bb29_in(V_ch,V_sfb1_1,B,C,D) 
* [[58],60]
* [[58],59]
* [60]
* [59]


### Merging Chains  eval_best_scalefac_store_bb29_in/5 into  External patterns of execution 
* [[60]] --> 1 
* [[60,[58]]] --> 2 
* [[59]] --> 3 
* [[59,[58]]] --> 4 


### Specialization of cost equations eval_best_scalefac_store_bb36_in/5 
* CE 34 is refined into CE [73] 
* CE 33 is refined into CE [74] 


#### Refined cost equations eval_best_scalefac_store_bb36_in/5 
* CE 73: eval_best_scalefac_store_bb36_in(A,B,C,A,D) = 0
     [C=2] 
* CE 74: eval_best_scalefac_store_bb36_in(V_ch,V_sfb1_2,B,C,D) = 1+ eval_best_scalefac_store_bb36_in(V_ch,E,B,C,D)
     [E=V_sfb1_2+1] 

### Cost equations --> "Loop" of eval_best_scalefac_store_bb36_in/5 
* CEs [74] --> Loop 61 
* CEs [73] --> Loop 62 

#### Loops of eval_best_scalefac_store_bb36_in/5 
* Loop 61: eval_best_scalefac_store_bb36_in(V_ch,V_sfb1_2,B,C,D)->  eval_best_scalefac_store_bb36_in(V_ch,V_sfb1_2',B,C,D)
                  [V_sfb1_2+1=V_sfb1_2'] 
* Loop 62: eval_best_scalefac_store_bb36_in(A,B,C,A,D) [C=2] 

### Ranking functions of CR eval_best_scalefac_store_bb36_in(V_ch,V_sfb1_2,B,C,D) 

#### Partial ranking functions of CR eval_best_scalefac_store_bb36_in(V_ch,V_sfb1_2,B,C,D) 


### Resulting Chains:eval_best_scalefac_store_bb36_in(V_ch,V_sfb1_2,B,C,D) 
* [[61]]...
* [[61],62]
* [62]


### Merging Chains  eval_best_scalefac_store_bb36_in/5 into  External patterns of execution 
* [[62],[62,[61]]] --> 1 
* [[[61]]] --> 2 


### Specialization of cost equations eval_best_scalefac_store_bb41_in/6 
* CE 42 is refined into CE [75] 
* CE 41 is refined into CE [76] 


#### Refined cost equations eval_best_scalefac_store_bb41_in/6 
* CE 75: eval_best_scalefac_store_bb41_in(A,B,C,D,A,E) = 0
     [C>=3,11>=B,B+1=E,D=2] 
* CE 76: eval_best_scalefac_store_bb41_in(V_ch,V_sfb1_3,V_b_1,B,C,D) = 1+ eval_best_scalefac_store_bb41_in(V_ch,V_sfb1_3,E,F,C,D)
     [V_b_1>=0,2>=V_b_1,11>=V_sfb1_3,V_b_1+1=E,F=2,B=2] 

### Cost equations --> "Loop" of eval_best_scalefac_store_bb41_in/6 
* CEs [76] --> Loop 63 
* CEs [75] --> Loop 64 

#### Loops of eval_best_scalefac_store_bb41_in/6 
* Loop 63: eval_best_scalefac_store_bb41_in(V_ch,V_sfb1_3,V_b_1,B,C,D)->  eval_best_scalefac_store_bb41_in(V_ch,V_sfb1_3,V_b_1',B',C,D)
                  [V_b_1>=0,2>=V_b_1,11>=V_sfb1_3,V_b_1+1=V_b_1',B'=2,B=2] 
* Loop 64: eval_best_scalefac_store_bb41_in(A,B,C,D,A,E) [C>=3,11>=B,B+1=E,D=2] 

### Ranking functions of CR eval_best_scalefac_store_bb41_in(V_ch,V_sfb1_3,V_b_1,B,C,D) 
* RF of phase [63]: [-V_b_1+3]

#### Partial ranking functions of CR eval_best_scalefac_store_bb41_in(V_ch,V_sfb1_3,V_b_1,B,C,D) 
* Partial RF of phase [63]:
  - RF of loop [63:1]:
    -V_b_1+3


### Resulting Chains:eval_best_scalefac_store_bb41_in(V_ch,V_sfb1_3,V_b_1,B,C,D) 
* [[63],64]


### Merging Chains  eval_best_scalefac_store_bb41_in/6 into  External patterns of execution 
* [[64,[63]]] --> 1 


### Specialization of cost equations eval_best_scalefac_store_bb39_in/4 
* CE 38 is refined into CE [77] 
* CE 37 is refined into CE [78] 
* CE 36 is refined into CE [79] 


#### Refined cost equations eval_best_scalefac_store_bb39_in/4 
* CE 77: eval_best_scalefac_store_bb39_in(A,B,C,A) = 0
     [B>=12,C=8] 
* CE 78: eval_best_scalefac_store_bb39_in(A,B,C,A) = 0
     [B>=12,C=7] 
* CE 79: eval_best_scalefac_store_bb39_in(V_ch,V_sfb1_3,B,C) = 2+ eval_best_scalefac_store_bb41_in(V_ch,D,E,F,V_ch,G):1+ eval_best_scalefac_store_bb39_in(V_ch,G,B,C)
     [12>=G,G=D+1,G=V_sfb1_3+1,F=2,E=0] 

### Cost equations --> "Loop" of eval_best_scalefac_store_bb39_in/4 
* CEs [79] --> Loop 65 
* CEs [77] --> Loop 66 
* CEs [78] --> Loop 67 

#### Loops of eval_best_scalefac_store_bb39_in/4 
* Loop 65: eval_best_scalefac_store_bb39_in(V_ch,V_sfb1_3,B,C)->  eval_best_scalefac_store_bb39_in(V_ch,V_sfb1_3',B,C)
                  [11>=V_sfb1_3,V_sfb1_3+1=V_sfb1_3'] 
* Loop 66: eval_best_scalefac_store_bb39_in(A,B,C,A) [B>=12,C=8] 
* Loop 67: eval_best_scalefac_store_bb39_in(A,B,C,A) [B>=12,C=7] 

### Ranking functions of CR eval_best_scalefac_store_bb39_in(V_ch,V_sfb1_3,B,C) 
* RF of phase [65]: [-V_sfb1_3+12]

#### Partial ranking functions of CR eval_best_scalefac_store_bb39_in(V_ch,V_sfb1_3,B,C) 
* Partial RF of phase [65]:
  - RF of loop [65:1]:
    -V_sfb1_3+12


### Resulting Chains:eval_best_scalefac_store_bb39_in(V_ch,V_sfb1_3,B,C) 
* [[65],67]
* [[65],66]
* [67]
* [66]


### Merging Chains  eval_best_scalefac_store_bb39_in/4 into  External patterns of execution 
* [[67]] --> 1 
* [[67,[65]]] --> 2 
* [[66]] --> 3 
* [[66,[65]]] --> 4 


### Specialization of cost equations loop_cont_eval_best_scalefac_store_bb39_in/3 
* CE 40 is refined into CE [80] 
* CE 39 is refined into CE [81] 


#### Refined cost equations loop_cont_eval_best_scalefac_store_bb39_in/3 
* CE 80: loop_cont_eval_best_scalefac_store_bb39_in(D,A,B) = 0+ eval_best_scalefac_store_bb47_in(A,B):1
     [D=8] 
* CE 81: loop_cont_eval_best_scalefac_store_bb39_in(D,A,B) = 0+ eval_best_scalefac_store_bb47_in(A,B):1
     [D=7] 

### Cost equations --> "Loop" of loop_cont_eval_best_scalefac_store_bb39_in/3 
* CEs [80] --> Loop 68 
* CEs [81] --> Loop 69 

#### Loops of loop_cont_eval_best_scalefac_store_bb39_in/3 
* Loop 68: loop_cont_eval_best_scalefac_store_bb39_in(D,A,B) [D=8] 
* Loop 69: loop_cont_eval_best_scalefac_store_bb39_in(D,A,B) [D=7] 

### Ranking functions of CR loop_cont_eval_best_scalefac_store_bb39_in(D,A,B) 

#### Partial ranking functions of CR loop_cont_eval_best_scalefac_store_bb39_in(D,A,B) 


### Resulting Chains:loop_cont_eval_best_scalefac_store_bb39_in(D,A,B) 
* [69]
* [68]


### Merging Chains  loop_cont_eval_best_scalefac_store_bb39_in/3 into  External patterns of execution 
* [[69]] --> 1 
* [[68]] --> 2 


### Specialization of cost equations loop_cont_eval_best_scalefac_store_bb36_in/4 
* CE 35 is refined into CE [82,83,84,85] 


#### Refined cost equations loop_cont_eval_best_scalefac_store_bb36_in/4 
* CE 82: loop_cont_eval_best_scalefac_store_bb36_in(F,A,B,C) = 1+ eval_best_scalefac_store_bb39_in(A,B,G,A):1+ loop_cont_eval_best_scalefac_store_bb39_in(H,A,C):1
     [B>=12,H=7,G=7,F=2] 
* CE 83: loop_cont_eval_best_scalefac_store_bb36_in(F,A,B,C) = 1+ eval_best_scalefac_store_bb39_in(A,B,G,A):2+ loop_cont_eval_best_scalefac_store_bb39_in(H,A,C):1
     [11>=B,H=7,G=7,F=2] 
* CE 84: loop_cont_eval_best_scalefac_store_bb36_in(F,A,B,C) = 1+ eval_best_scalefac_store_bb39_in(A,B,G,A):3+ loop_cont_eval_best_scalefac_store_bb39_in(H,A,C):2
     [B>=12,H=8,G=8,F=2] 
* CE 85: loop_cont_eval_best_scalefac_store_bb36_in(F,A,B,C) = 1+ eval_best_scalefac_store_bb39_in(A,B,G,A):4+ loop_cont_eval_best_scalefac_store_bb39_in(H,A,C):2
     [11>=B,H=8,G=8,F=2] 

### Cost equations --> "Loop" of loop_cont_eval_best_scalefac_store_bb36_in/4 
* CEs [82,84] --> Loop 70 
* CEs [83,85] --> Loop 71 

#### Loops of loop_cont_eval_best_scalefac_store_bb36_in/4 
* Loop 70: loop_cont_eval_best_scalefac_store_bb36_in(F,A,B,C) [B>=12,F=2] 
* Loop 71: loop_cont_eval_best_scalefac_store_bb36_in(F,A,B,C) [11>=B,F=2] 

### Ranking functions of CR loop_cont_eval_best_scalefac_store_bb36_in(F,A,B,C) 

#### Partial ranking functions of CR loop_cont_eval_best_scalefac_store_bb36_in(F,A,B,C) 


### Resulting Chains:loop_cont_eval_best_scalefac_store_bb36_in(F,A,B,C) 
* [71]
* [70]


### Merging Chains  loop_cont_eval_best_scalefac_store_bb36_in/4 into  External patterns of execution 
* [[71]] --> 1 
* [[70]] --> 2 


### Specialization of cost equations loop_cont_eval_best_scalefac_store_bb29_in/4 
* CE 30 is refined into CE [86] 
* CE 29 is refined into CE [87,88,89] 


#### Refined cost equations loop_cont_eval_best_scalefac_store_bb29_in/4 
* CE 86: loop_cont_eval_best_scalefac_store_bb29_in(H,A,B,C) = 0+ eval_best_scalefac_store_bb47_in(A,C):1
     [H=10] 
* CE 87: loop_cont_eval_best_scalefac_store_bb29_in(H,A,B,C) = 1+ eval_best_scalefac_store_bb36_in(A,B,I,A,J):1+ loop_cont_eval_best_scalefac_store_bb36_in(K,A,J,C):1
     [11>=J,K=2,I=2,H=9] 
* CE 88: loop_cont_eval_best_scalefac_store_bb29_in(H,A,B,C) = 1+ eval_best_scalefac_store_bb36_in(A,B,I,A,J):1+ loop_cont_eval_best_scalefac_store_bb36_in(K,A,J,C):2
     [J>=12,K=2,I=2,H=9] 
* CE 89: loop_cont_eval_best_scalefac_store_bb29_in(H,A,B,C) = 1+ eval_best_scalefac_store_bb36_in(A,B,I,J,K):2
     [H=9] 

### Cost equations --> "Loop" of loop_cont_eval_best_scalefac_store_bb29_in/4 
* CEs [89] --> Loop 72 
* CEs [86] --> Loop 73 
* CEs [87,88] --> Loop 74 

#### Loops of loop_cont_eval_best_scalefac_store_bb29_in/4 
* Loop 72: loop_cont_eval_best_scalefac_store_bb29_in(H,A,B,C) [H=9] 
* Loop 73: loop_cont_eval_best_scalefac_store_bb29_in(H,A,B,C) [H=10] 
* Loop 74: loop_cont_eval_best_scalefac_store_bb29_in(H,A,B,C) [H=9] 

### Ranking functions of CR loop_cont_eval_best_scalefac_store_bb29_in(H,A,B,C) 

#### Partial ranking functions of CR loop_cont_eval_best_scalefac_store_bb29_in(H,A,B,C) 


### Resulting Chains:loop_cont_eval_best_scalefac_store_bb29_in(H,A,B,C) 
* [74]
* [73]
* [72]...


### Merging Chains  loop_cont_eval_best_scalefac_store_bb29_in/4 into  External patterns of execution 
* [[74]] --> 1 
* [[73]] --> 2 
* [[72]] --> 3 


### Specialization of cost equations loop_cont_eval_best_scalefac_store_bb26_in/4 
* CE 22 is refined into CE [90,91,92,93,94,95] 


#### Refined cost equations loop_cont_eval_best_scalefac_store_bb26_in/4 
* CE 90: loop_cont_eval_best_scalefac_store_bb26_in(I,A,B,C) = 1+ eval_best_scalefac_store_bb29_in(A,B,J,A,K):1+ loop_cont_eval_best_scalefac_store_bb29_in(L,A,M,C):1
     [B>=12,M=0,L=9,K=0,J=9,I=3] 
* CE 91: loop_cont_eval_best_scalefac_store_bb26_in(I,A,B,C) = 1+ eval_best_scalefac_store_bb29_in(A,B,J,A,K):1+ loop_cont_eval_best_scalefac_store_bb29_in(L,A,M,C):3
     [B>=12,M=0,L=9,K=0,J=9,I=3] 
* CE 92: loop_cont_eval_best_scalefac_store_bb26_in(I,A,B,C) = 1+ eval_best_scalefac_store_bb29_in(A,B,J,A,K):2+ loop_cont_eval_best_scalefac_store_bb29_in(L,A,M,C):1
     [11>=B,M=0,L=9,K=0,J=9,I=3] 
* CE 93: loop_cont_eval_best_scalefac_store_bb26_in(I,A,B,C) = 1+ eval_best_scalefac_store_bb29_in(A,B,J,A,K):2+ loop_cont_eval_best_scalefac_store_bb29_in(L,A,M,C):3
     [11>=B,M=0,L=9,K=0,J=9,I=3] 
* CE 94: loop_cont_eval_best_scalefac_store_bb26_in(I,A,B,C) = 1+ eval_best_scalefac_store_bb29_in(A,B,J,A,K):3+ loop_cont_eval_best_scalefac_store_bb29_in(L,A,K,C):2
     [B>=12,L=10,J=10,I=3] 
* CE 95: loop_cont_eval_best_scalefac_store_bb26_in(I,A,B,C) = 1+ eval_best_scalefac_store_bb29_in(A,B,J,A,K):4+ loop_cont_eval_best_scalefac_store_bb29_in(L,A,K,C):2
     [11>=B,L=10,J=10,I=3] 

### Cost equations --> "Loop" of loop_cont_eval_best_scalefac_store_bb26_in/4 
* CEs [90,94] --> Loop 75 
* CEs [92,95] --> Loop 76 
* CEs [91] --> Loop 77 
* CEs [93] --> Loop 78 

#### Loops of loop_cont_eval_best_scalefac_store_bb26_in/4 
* Loop 75: loop_cont_eval_best_scalefac_store_bb26_in(I,A,B,C) [B>=12,I=3] 
* Loop 76: loop_cont_eval_best_scalefac_store_bb26_in(I,A,B,C) [11>=B,I=3] 
* Loop 77: loop_cont_eval_best_scalefac_store_bb26_in(I,A,B,C) [B>=12,I=3] 
* Loop 78: loop_cont_eval_best_scalefac_store_bb26_in(I,A,B,C) [11>=B,I=3] 

### Ranking functions of CR loop_cont_eval_best_scalefac_store_bb26_in(I,A,B,C) 

#### Partial ranking functions of CR loop_cont_eval_best_scalefac_store_bb26_in(I,A,B,C) 


### Resulting Chains:loop_cont_eval_best_scalefac_store_bb26_in(I,A,B,C) 
* [78]...
* [77]...
* [76]
* [75]


### Merging Chains  loop_cont_eval_best_scalefac_store_bb26_in/4 into  External patterns of execution 
* [[76]] --> 1 
* [[75]] --> 2 
* [[78]] --> 3 
* [[77]] --> 4 


### Specialization of cost equations loop_cont_eval_best_scalefac_store_bb11_in/5 
* CE 15 is refined into CE [96,97,98,99,100,101,102,103] 
* CE 14 is refined into CE [104] 


#### Refined cost equations loop_cont_eval_best_scalefac_store_bb11_in/5 
* CE 96: loop_cont_eval_best_scalefac_store_bb11_in(F,A,B,C,D) = 1+ eval_best_scalefac_store_bb26_in(A,B,C,G,A,H):1+ loop_cont_eval_best_scalefac_store_bb26_in(I,A,H,D):1
     [C>=B,11>=H,I=3,G=3,F=11] 
* CE 97: loop_cont_eval_best_scalefac_store_bb11_in(F,A,B,C,D) = 1+ eval_best_scalefac_store_bb26_in(A,B,C,G,A,H):1+ loop_cont_eval_best_scalefac_store_bb26_in(I,A,H,D):2
     [C>=B,H>=12,I=3,G=3,F=11] 
* CE 98: loop_cont_eval_best_scalefac_store_bb11_in(F,A,B,C,D) = 1+ eval_best_scalefac_store_bb26_in(A,B,C,G,A,H):1+ loop_cont_eval_best_scalefac_store_bb26_in(I,A,H,D):3
     [C>=B,11>=H,I=3,G=3,F=11] 
* CE 99: loop_cont_eval_best_scalefac_store_bb11_in(F,A,B,C,D) = 1+ eval_best_scalefac_store_bb26_in(A,B,C,G,A,H):1+ loop_cont_eval_best_scalefac_store_bb26_in(I,A,H,D):4
     [C>=B,H>=12,I=3,G=3,F=11] 
* CE 100: loop_cont_eval_best_scalefac_store_bb11_in(F,A,B,C,D) = 1+ eval_best_scalefac_store_bb26_in(A,B,C,G,A,H):2+ loop_cont_eval_best_scalefac_store_bb26_in(I,A,H,D):1
     [B>=C+1,11>=H,I=3,G=3,F=11] 
* CE 101: loop_cont_eval_best_scalefac_store_bb11_in(F,A,B,C,D) = 1+ eval_best_scalefac_store_bb26_in(A,B,C,G,A,H):2+ loop_cont_eval_best_scalefac_store_bb26_in(I,A,H,D):2
     [B>=C+1,H>=12,I=3,G=3,F=11] 
* CE 102: loop_cont_eval_best_scalefac_store_bb11_in(F,A,B,C,D) = 1+ eval_best_scalefac_store_bb26_in(A,B,C,G,A,H):2+ loop_cont_eval_best_scalefac_store_bb26_in(I,A,H,D):3
     [B>=C+1,11>=H,I=3,G=3,F=11] 
* CE 103: loop_cont_eval_best_scalefac_store_bb11_in(F,A,B,C,D) = 1+ eval_best_scalefac_store_bb26_in(A,B,C,G,A,H):2+ loop_cont_eval_best_scalefac_store_bb26_in(I,A,H,D):4
     [B>=C+1,H>=12,I=3,G=3,F=11] 
* CE 104: loop_cont_eval_best_scalefac_store_bb11_in(F,A,B,C,D) = 0+ eval_best_scalefac_store_bb47_in(A,D):1
     [F=10] 

### Cost equations --> "Loop" of loop_cont_eval_best_scalefac_store_bb11_in/5 
* CEs [100,101] --> Loop 79 
* CEs [96,97] --> Loop 80 
* CEs [104] --> Loop 81 
* CEs [102,103] --> Loop 82 
* CEs [98,99] --> Loop 83 

#### Loops of loop_cont_eval_best_scalefac_store_bb11_in/5 
* Loop 79: loop_cont_eval_best_scalefac_store_bb11_in(F,A,B,C,D) [B>=C+1,F=11] 
* Loop 80: loop_cont_eval_best_scalefac_store_bb11_in(F,A,B,C,D) [C>=B,F=11] 
* Loop 81: loop_cont_eval_best_scalefac_store_bb11_in(F,A,B,C,D) [F=10] 
* Loop 82: loop_cont_eval_best_scalefac_store_bb11_in(F,A,B,C,D) [B>=C+1,F=11] 
* Loop 83: loop_cont_eval_best_scalefac_store_bb11_in(F,A,B,C,D) [C>=B,F=11] 

### Ranking functions of CR loop_cont_eval_best_scalefac_store_bb11_in(F,A,B,C,D) 

#### Partial ranking functions of CR loop_cont_eval_best_scalefac_store_bb11_in(F,A,B,C,D) 


### Resulting Chains:loop_cont_eval_best_scalefac_store_bb11_in(F,A,B,C,D) 
* [83]...
* [82]...
* [81]
* [80]
* [79]


### Merging Chains  loop_cont_eval_best_scalefac_store_bb11_in/5 into  External patterns of execution 
* [[81]] --> 1 
* [[80]] --> 2 
* [[79]] --> 3 
* [[83]] --> 4 
* [[82]] --> 5 


### Specialization of cost equations loop_cont_eval_best_scalefac_store_bb1_in/4 
* CE 7 is refined into CE [105,106,107,108,109,110,111,112,113,114] 


#### Refined cost equations loop_cont_eval_best_scalefac_store_bb1_in/4 
* CE 105: loop_cont_eval_best_scalefac_store_bb1_in(H,A,B,C) = 1+ eval_best_scalefac_store_bb11_in(A,B,I,A,J,K):1+ loop_cont_eval_best_scalefac_store_bb11_in(L,A,J,K,C):1
     [B>=3,L=10,I=10,H=6] 
* CE 106: loop_cont_eval_best_scalefac_store_bb1_in(H,A,B,C) = 1+ eval_best_scalefac_store_bb11_in(A,B,I,A,J,K):2+ loop_cont_eval_best_scalefac_store_bb11_in(L,A,J,K,C):1
     [2>=B,L=10,I=10,H=6] 
* CE 107: loop_cont_eval_best_scalefac_store_bb1_in(H,A,B,C) = 1+ eval_best_scalefac_store_bb11_in(A,B,I,A,J,K):3+ loop_cont_eval_best_scalefac_store_bb11_in(L,A,J,M,C):2
     [B>=3,0>=J,M=0,L=11,K=0,I=11,H=6] 
* CE 108: loop_cont_eval_best_scalefac_store_bb1_in(H,A,B,C) = 1+ eval_best_scalefac_store_bb11_in(A,B,I,A,J,K):3+ loop_cont_eval_best_scalefac_store_bb11_in(L,A,J,M,C):3
     [J>=1,B>=3,M=0,L=11,K=0,I=11,H=6] 
* CE 109: loop_cont_eval_best_scalefac_store_bb1_in(H,A,B,C) = 1+ eval_best_scalefac_store_bb11_in(A,B,I,A,J,K):3+ loop_cont_eval_best_scalefac_store_bb11_in(L,A,J,M,C):4
     [B>=3,0>=J,M=0,L=11,K=0,I=11,H=6] 
* CE 110: loop_cont_eval_best_scalefac_store_bb1_in(H,A,B,C) = 1+ eval_best_scalefac_store_bb11_in(A,B,I,A,J,K):3+ loop_cont_eval_best_scalefac_store_bb11_in(L,A,J,M,C):5
     [J>=1,B>=3,M=0,L=11,K=0,I=11,H=6] 
* CE 111: loop_cont_eval_best_scalefac_store_bb1_in(H,A,B,C) = 1+ eval_best_scalefac_store_bb11_in(A,B,I,A,J,K):4+ loop_cont_eval_best_scalefac_store_bb11_in(L,A,J,M,C):2
     [0>=J,2>=B,M=0,L=11,K=0,I=11,H=6] 
* CE 112: loop_cont_eval_best_scalefac_store_bb1_in(H,A,B,C) = 1+ eval_best_scalefac_store_bb11_in(A,B,I,A,J,K):4+ loop_cont_eval_best_scalefac_store_bb11_in(L,A,J,M,C):3
     [J>=1,2>=B,M=0,L=11,K=0,I=11,H=6] 
* CE 113: loop_cont_eval_best_scalefac_store_bb1_in(H,A,B,C) = 1+ eval_best_scalefac_store_bb11_in(A,B,I,A,J,K):4+ loop_cont_eval_best_scalefac_store_bb11_in(L,A,J,M,C):4
     [0>=J,2>=B,M=0,L=11,K=0,I=11,H=6] 
* CE 114: loop_cont_eval_best_scalefac_store_bb1_in(H,A,B,C) = 1+ eval_best_scalefac_store_bb11_in(A,B,I,A,J,K):4+ loop_cont_eval_best_scalefac_store_bb11_in(L,A,J,M,C):5
     [J>=1,2>=B,M=0,L=11,K=0,I=11,H=6] 

### Cost equations --> "Loop" of loop_cont_eval_best_scalefac_store_bb1_in/4 
* CEs [109,110] --> Loop 84 
* CEs [113,114] --> Loop 85 
* CEs [105,107,108] --> Loop 86 
* CEs [106,111,112] --> Loop 87 

#### Loops of loop_cont_eval_best_scalefac_store_bb1_in/4 
* Loop 84: loop_cont_eval_best_scalefac_store_bb1_in(H,A,B,C) [B>=3,H=6] 
* Loop 85: loop_cont_eval_best_scalefac_store_bb1_in(H,A,B,C) [2>=B,H=6] 
* Loop 86: loop_cont_eval_best_scalefac_store_bb1_in(H,A,B,C) [B>=3,H=6] 
* Loop 87: loop_cont_eval_best_scalefac_store_bb1_in(H,A,B,C) [2>=B,H=6] 

### Ranking functions of CR loop_cont_eval_best_scalefac_store_bb1_in(H,A,B,C) 

#### Partial ranking functions of CR loop_cont_eval_best_scalefac_store_bb1_in(H,A,B,C) 


### Resulting Chains:loop_cont_eval_best_scalefac_store_bb1_in(H,A,B,C) 
* [87]
* [86]
* [85]...
* [84]...


### Merging Chains  loop_cont_eval_best_scalefac_store_bb1_in/4 into  External patterns of execution 
* [[87]] --> 1 
* [[86]] --> 2 
* [[85]] --> 3 
* [[84]] --> 4 


### Specialization of cost equations eval_best_scalefac_store_bb0_in/2 
* CE 3 is refined into CE [115,116,117] 


#### Refined cost equations eval_best_scalefac_store_bb0_in/2 
* CE 115: eval_best_scalefac_store_bb0_in(V_ch,B) = 1+ eval_best_scalefac_store_bb1_in(V_ch,C,D,V_ch,E):1+ loop_cont_eval_best_scalefac_store_bb1_in(F,V_ch,G,B):1
     [G=0,F=6,E=0,D=6,C=0] 
* CE 116: eval_best_scalefac_store_bb0_in(V_ch,B) = 1+ eval_best_scalefac_store_bb1_in(V_ch,C,D,V_ch,E):1+ loop_cont_eval_best_scalefac_store_bb1_in(F,V_ch,G,B):3
     [G=0,F=6,E=0,D=6,C=0] 
* CE 117: eval_best_scalefac_store_bb0_in(V_ch,B) = 1+ eval_best_scalefac_store_bb1_in(V_ch,C,D,E,F):2
     [C=0] 

### Cost equations --> "Loop" of eval_best_scalefac_store_bb0_in/2 
* CEs [116,117] --> Loop 88 
* CEs [115] --> Loop 89 

#### Loops of eval_best_scalefac_store_bb0_in/2 
* Loop 88: eval_best_scalefac_store_bb0_in(V_ch,B) [] 
* Loop 89: eval_best_scalefac_store_bb0_in(V_ch,B) [] 

### Ranking functions of CR eval_best_scalefac_store_bb0_in(V_ch,B) 

#### Partial ranking functions of CR eval_best_scalefac_store_bb0_in(V_ch,B) 


### Resulting Chains:eval_best_scalefac_store_bb0_in(V_ch,B) 
* [89]
* [88]...


### Merging Chains  eval_best_scalefac_store_bb0_in/2 into  External patterns of execution 
* [[89]] --> 1 
* [[88]] --> 2 


### Specialization of cost equations eval_best_scalefac_store_start/3 
* CE 2 is refined into CE [118,119] 


#### Refined cost equations eval_best_scalefac_store_start/3 
* CE 118: eval_best_scalefac_store_start(V_gr,V_ch,B) = 0+ eval_best_scalefac_store_bb0_in(V_ch,B):1
     [] 
* CE 119: eval_best_scalefac_store_start(V_gr,V_ch,B) = 0+ eval_best_scalefac_store_bb0_in(V_ch,B):2
     [] 

### Cost equations --> "Loop" of eval_best_scalefac_store_start/3 
* CEs [119] --> Loop 90 
* CEs [118] --> Loop 91 

#### Loops of eval_best_scalefac_store_start/3 
* Loop 90: eval_best_scalefac_store_start(V_gr,V_ch,B) [] 
* Loop 91: eval_best_scalefac_store_start(V_gr,V_ch,B) [] 

### Ranking functions of CR eval_best_scalefac_store_start(V_gr,V_ch,B) 

#### Partial ranking functions of CR eval_best_scalefac_store_start(V_gr,V_ch,B) 


### Resulting Chains:eval_best_scalefac_store_start(V_gr,V_ch,B) 
* [91]
* [90]...


### Merging Chains  eval_best_scalefac_store_start/3 into  External patterns of execution 
* [[91]] --> 1 
* [[90]] --> 2 


Computing Bounds
=====================================

#### Cost of loops [40] 

 * loop 40:eval_best_scalefac_store_bb4_in(V_ch,V_sfb_0,V_31,V_l_0,B,C,D,E,F) -> [eval_best_scalefac_store_bb4_in(V_ch',V_sfb_0',V_31',V_l_0',B',C',D',E',F')] 
1
#### Cost of phase [40]:eval_best_scalefac_store_bb4_in(V_ch,V_sfb_0,V_31,V_l_0,B,C,D,E,F) -> [eval_best_scalefac_store_bb4_in(V_ch',V_sfb_0',V_31',V_l_0',B',C',D',E',F')] 
1*it(40)+0
  Such that:it(40) =< V_31-V_l_0
it(40) =< V_31-V_l_0-V_31'+V_l_0'

#### Cost of phase [40]:eval_best_scalefac_store_bb4_in(V_ch,V_sfb_0,V_31,V_l_0,B,C,D,E,F) -> [eval_best_scalefac_store_bb4_in(V_ch',V_sfb_0',V_31',V_l_0',B',C',D',E',F')] 
1*it(40)+0
  Such that:it(40) =< V_31-V_l_0
it(40) =< V_31-V_l_0-V_31'+V_l_0'

#### Cost of chains of eval_best_scalefac_store_bb4_in(V_ch,V_sfb_0,V_31,V_l_0,B,C,D,E,F):
* Chain [[40],42]: 1*it(40)+0
  Such that:it(40) =< V_31-V_l_0

  with precondition: [B=4,V_ch=C,V_sfb_0=D,V_31=E,V_31=F,V_31>=V_l_0+1] 

* Chain [[40],41]: 1*it(40)+0
  Such that:it(40) =< -V_l_0+F

  with precondition: [B=4,V_ch=C,V_sfb_0=D,V_31=E,F>=V_l_0+1,V_31>=F+1] 

* Chain [42]: 0
  with precondition: [B=4,C=V_ch,D=V_sfb_0,V_31=E,V_l_0=F,V_l_0>=V_31] 

* Chain [41]: 0
  with precondition: [B=4,C=V_ch,D=V_sfb_0,V_31=E,V_l_0=F,V_31>=V_l_0+1] 


#### Cost of loops [43] 

 * loop 43:eval_best_scalefac_store_bb1_in(V_ch,V_sfb_0,B,C,D) -> [eval_best_scalefac_store_bb1_in(V_ch',V_sfb_0',B',C',D')] 
1*s(3)+0
#### Cost of phase [43]:eval_best_scalefac_store_bb1_in(V_ch,V_sfb_0,B,C,D) -> [eval_best_scalefac_store_bb1_in(V_ch',V_sfb_0',B',C',D')] 
1*s(4)+0
#### Cost of phase [43]:eval_best_scalefac_store_bb1_in(V_ch,V_sfb_0,B,C,D) -> [eval_best_scalefac_store_bb1_in(V_ch',V_sfb_0',B',C',D')] 
1*s(4)+0
#### Cost of chains of eval_best_scalefac_store_bb1_in(V_ch,V_sfb_0,B,C,D):
* Chain [[43]]...: 1*s(4)+0
  with precondition: [] 

* Chain [[43],44]: 1*s(4)+0
  with precondition: [B=6,D=0,V_ch=C,V_sfb_0>=0] 

* Chain [44]: 0
  with precondition: [B=6,D=0,C=V_ch,V_sfb_0>=0] 


#### Cost of loops [45] 

 * loop 45:eval_best_scalefac_store_bb16_in(V_ch,V_i_0,V_sfb_1,V_74,V_l_1,B,C,D,E,F,G) -> [eval_best_scalefac_store_bb16_in(V_ch',V_i_0',V_sfb_1',V_74',V_l_1',B',C',D',E',F',G')] 
1
#### Cost of phase [45]:eval_best_scalefac_store_bb16_in(V_ch,V_i_0,V_sfb_1,V_74,V_l_1,B,C,D,E,F,G) -> [eval_best_scalefac_store_bb16_in(V_ch',V_i_0',V_sfb_1',V_74',V_l_1',B',C',D',E',F',G')] 
1*it(45)+0
  Such that:it(45) =< V_74-V_l_1
it(45) =< V_74-V_l_1-V_74'+V_l_1'

#### Cost of phase [45]:eval_best_scalefac_store_bb16_in(V_ch,V_i_0,V_sfb_1,V_74,V_l_1,B,C,D,E,F,G) -> [eval_best_scalefac_store_bb16_in(V_ch',V_i_0',V_sfb_1',V_74',V_l_1',B',C',D',E',F',G')] 
1*it(45)+0
  Such that:it(45) =< V_74-V_l_1
it(45) =< V_74-V_l_1-V_74'+V_l_1'

#### Cost of chains of eval_best_scalefac_store_bb16_in(V_ch,V_i_0,V_sfb_1,V_74,V_l_1,B,C,D,E,F,G):
* Chain [[45],47]: 1*it(45)+0
  Such that:it(45) =< V_74-V_l_1

  with precondition: [B=5,V_ch=C,V_i_0=D,V_sfb_1=E,V_74=F,V_74=G,11>=V_sfb_1,V_74>=V_l_1+1] 

* Chain [[45],46]: 1*it(45)+0
  Such that:it(45) =< -V_l_1+G

  with precondition: [B=5,V_ch=C,V_i_0=D,V_sfb_1=E,V_74=F,11>=V_sfb_1,G>=V_l_1+1,V_74>=G+1] 

* Chain [47]: 0
  with precondition: [B=5,C=V_ch,D=V_i_0,V_sfb_1=E,V_74=F,V_l_1=G,11>=V_sfb_1,V_l_1>=V_74] 

* Chain [46]: 0
  with precondition: [B=5,C=V_ch,D=V_i_0,V_sfb_1=E,V_74=F,V_l_1=G,11>=V_sfb_1,V_74>=V_l_1+1] 


#### Cost of loops [48] 

 * loop 48:eval_best_scalefac_store_bb13_in(V_ch,V_i_0,V_sfb_1,B,C,D) -> [eval_best_scalefac_store_bb13_in(V_ch',V_i_0',V_sfb_1',B',C',D')] 
1*s(8)+0
#### Cost of phase [48]:eval_best_scalefac_store_bb13_in(V_ch,V_i_0,V_sfb_1,B,C,D) -> [eval_best_scalefac_store_bb13_in(V_ch',V_i_0',V_sfb_1',B',C',D')] 
1*s(9)+0
#### Cost of chains of eval_best_scalefac_store_bb13_in(V_ch,V_i_0,V_sfb_1,B,C,D):
* Chain [[48],49]: 1*s(9)+0
  with precondition: [B=6,V_ch=C,V_i_0+1=D,2>=V_i_0,11>=V_sfb_1] 

* Chain [49]: 0
  with precondition: [B=6,C=V_ch,V_i_0+1=D,2>=V_i_0,V_sfb_1>=12] 


#### Cost of loops [50] 

 * loop 50:eval_best_scalefac_store_bb11_in(V_ch,V_i_0,B,C,D,E) -> [eval_best_scalefac_store_bb11_in(V_ch',V_i_0',B',C',D',E')] 
1*s(11)+0
#### Cost of phase [50]:eval_best_scalefac_store_bb11_in(V_ch,V_i_0,B,C,D,E) -> [eval_best_scalefac_store_bb11_in(V_ch',V_i_0',B',C',D',E')] 
1*s(12)+0
#### Cost of phase [50]:eval_best_scalefac_store_bb11_in(V_ch,V_i_0,B,C,D,E) -> [eval_best_scalefac_store_bb11_in(V_ch',V_i_0',B',C',D',E')] 
1*s(12)+0
#### Cost of chains of eval_best_scalefac_store_bb11_in(V_ch,V_i_0,B,C,D,E):
* Chain [[50],52]: 1*s(12)+0
  with precondition: [B=10,V_ch=C,2>=V_i_0] 

* Chain [[50],51]: 1*s(12)+0
  with precondition: [B=11,E=0,V_ch=C,2>=V_i_0] 

* Chain [52]: 0
  with precondition: [B=10,C=V_ch,V_i_0>=3] 

* Chain [51]: 0
  with precondition: [B=11,E=0,C=V_ch,V_i_0>=3] 


#### Cost of loops [53] 

 * loop 53:eval_best_scalefac_store_bb26_in(V_ch,V_107,V_sfb1_0,B,C,D) -> [eval_best_scalefac_store_bb26_in(V_ch',V_107',V_sfb1_0',B',C',D')] 
1
#### Cost of phase [53]:eval_best_scalefac_store_bb26_in(V_ch,V_107,V_sfb1_0,B,C,D) -> [eval_best_scalefac_store_bb26_in(V_ch',V_107',V_sfb1_0',B',C',D')] 
1*it(53)+0
  Such that:it(53) =< V_107-V_sfb1_0
it(53) =< V_107-V_sfb1_0-V_107'+V_sfb1_0'

#### Cost of chains of eval_best_scalefac_store_bb26_in(V_ch,V_107,V_sfb1_0,B,C,D):
* Chain [[53],54]: 1*it(53)+0
  Such that:it(53) =< V_107-V_sfb1_0

  with precondition: [B=3,V_ch=C,V_107>=V_sfb1_0+1] 

* Chain [54]: 0
  with precondition: [B=3,C=V_ch,V_sfb1_0>=V_107] 


#### Cost of chains of eval_best_scalefac_store_bb47_in(V_ch,B):
* Chain [55]: 0
  with precondition: [] 


#### Cost of loops [56] 

 * loop 56:eval_best_scalefac_store_bb31_in(V_ch,V_sfb1_1,V_b_0,B,C,D) -> [eval_best_scalefac_store_bb31_in(V_ch',V_sfb1_1',V_b_0',B',C',D')] 
1
#### Cost of phase [56]:eval_best_scalefac_store_bb31_in(V_ch,V_sfb1_1,V_b_0,B,C,D) -> [eval_best_scalefac_store_bb31_in(V_ch',V_sfb1_1',V_b_0',B',C',D')] 
1*it(56)+0
  Such that:it(56) =< -V_b_0+3
it(56) =< -V_b_0+V_b_0'

#### Cost of chains of eval_best_scalefac_store_bb31_in(V_ch,V_sfb1_1,V_b_0,B,C,D):
* Chain [[56],57]: 1*it(56)+0
  Such that:it(56) =< -V_b_0+3

  with precondition: [B=3,V_ch=C,V_sfb1_1+1=D,11>=V_sfb1_1,2>=V_b_0,V_b_0>=0] 


#### Cost of loops [58] 

 * loop 58:eval_best_scalefac_store_bb29_in(V_ch,V_sfb1_1,B,C,D) -> [eval_best_scalefac_store_bb29_in(V_ch',V_sfb1_1',B',C',D')] 
1*s(14)+2
  Such that:s(14) =< 3

#### Cost of phase [58]:eval_best_scalefac_store_bb29_in(V_ch,V_sfb1_1,B,C,D) -> [eval_best_scalefac_store_bb29_in(V_ch',V_sfb1_1',B',C',D')] 
2*it(58)+1*s(15)+0
  Such that:aux(6) =< -V_sfb1_1+12
aux(7) =< -V_sfb1_1+V_sfb1_1'
aux(5) =< aux(6)
it(58) =< aux(6)
aux(5) =< aux(7)
it(58) =< aux(7)
s(15) =< aux(5)*3

#### Cost of phase [58]:eval_best_scalefac_store_bb29_in(V_ch,V_sfb1_1,B,C,D) -> [eval_best_scalefac_store_bb29_in(V_ch',V_sfb1_1',B',C',D')] 
2*it(58)+1*s(15)+0
  Such that:aux(6) =< -V_sfb1_1+12
aux(7) =< -V_sfb1_1+V_sfb1_1'
aux(5) =< aux(6)
it(58) =< aux(6)
aux(5) =< aux(7)
it(58) =< aux(7)
s(15) =< aux(5)*3

#### Cost of chains of eval_best_scalefac_store_bb29_in(V_ch,V_sfb1_1,B,C,D):
* Chain [[58],60]: 2*it(58)+1*s(15)+0
  Such that:aux(8) =< -V_sfb1_1+12
it(58) =< aux(8)
s(15) =< aux(8)*3

  with precondition: [B=9,D=0,V_ch=C,11>=V_sfb1_1] 

* Chain [[58],59]: 2*it(58)+1*s(15)+0
  Such that:aux(9) =< -V_sfb1_1+12
it(58) =< aux(9)
s(15) =< aux(9)*3

  with precondition: [B=10,V_ch=C,11>=V_sfb1_1] 

* Chain [60]: 0
  with precondition: [B=9,D=0,C=V_ch,V_sfb1_1>=12] 

* Chain [59]: 0
  with precondition: [B=10,C=V_ch,V_sfb1_1>=12] 


#### Cost of loops [61] 

 * loop 61:eval_best_scalefac_store_bb36_in(V_ch,V_sfb1_2,B,C,D) -> [eval_best_scalefac_store_bb36_in(V_ch',V_sfb1_2',B',C',D')] 
1
#### Cost of phase [61]:eval_best_scalefac_store_bb36_in(V_ch,V_sfb1_2,B,C,D) -> [eval_best_scalefac_store_bb36_in(V_ch',V_sfb1_2',B',C',D')] 
1*it(61)+0
#### Cost of phase [61]:eval_best_scalefac_store_bb36_in(V_ch,V_sfb1_2,B,C,D) -> [eval_best_scalefac_store_bb36_in(V_ch',V_sfb1_2',B',C',D')] 
1*it(61)+0
#### Cost of chains of eval_best_scalefac_store_bb36_in(V_ch,V_sfb1_2,B,C,D):
* Chain [[61]]...: 1*it(61)+0
  with precondition: [] 

* Chain [[61],62]: 1*it(61)+0
  with precondition: [B=2,V_ch=C] 

* Chain [62]: 0
  with precondition: [B=2,C=V_ch] 


#### Cost of loops [63] 

 * loop 63:eval_best_scalefac_store_bb41_in(V_ch,V_sfb1_3,V_b_1,B,C,D) -> [eval_best_scalefac_store_bb41_in(V_ch',V_sfb1_3',V_b_1',B',C',D')] 
1
#### Cost of phase [63]:eval_best_scalefac_store_bb41_in(V_ch,V_sfb1_3,V_b_1,B,C,D) -> [eval_best_scalefac_store_bb41_in(V_ch',V_sfb1_3',V_b_1',B',C',D')] 
1*it(63)+0
  Such that:it(63) =< -V_b_1+3
it(63) =< -V_b_1+V_b_1'

#### Cost of chains of eval_best_scalefac_store_bb41_in(V_ch,V_sfb1_3,V_b_1,B,C,D):
* Chain [[63],64]: 1*it(63)+0
  Such that:it(63) =< -V_b_1+3

  with precondition: [B=2,V_ch=C,V_sfb1_3+1=D,11>=V_sfb1_3,2>=V_b_1,V_b_1>=0] 


#### Cost of loops [65] 

 * loop 65:eval_best_scalefac_store_bb39_in(V_ch,V_sfb1_3,B,C) -> [eval_best_scalefac_store_bb39_in(V_ch',V_sfb1_3',B',C')] 
1*s(18)+2
  Such that:s(18) =< 3

#### Cost of phase [65]:eval_best_scalefac_store_bb39_in(V_ch,V_sfb1_3,B,C) -> [eval_best_scalefac_store_bb39_in(V_ch',V_sfb1_3',B',C')] 
2*it(65)+1*s(19)+0
  Such that:aux(12) =< -V_sfb1_3+12
aux(13) =< -V_sfb1_3+V_sfb1_3'
aux(11) =< aux(12)
it(65) =< aux(12)
aux(11) =< aux(13)
it(65) =< aux(13)
s(19) =< aux(11)*3

#### Cost of phase [65]:eval_best_scalefac_store_bb39_in(V_ch,V_sfb1_3,B,C) -> [eval_best_scalefac_store_bb39_in(V_ch',V_sfb1_3',B',C')] 
2*it(65)+1*s(19)+0
  Such that:aux(12) =< -V_sfb1_3+12
aux(13) =< -V_sfb1_3+V_sfb1_3'
aux(11) =< aux(12)
it(65) =< aux(12)
aux(11) =< aux(13)
it(65) =< aux(13)
s(19) =< aux(11)*3

#### Cost of chains of eval_best_scalefac_store_bb39_in(V_ch,V_sfb1_3,B,C):
* Chain [[65],67]: 2*it(65)+1*s(19)+0
  Such that:aux(14) =< -V_sfb1_3+12
it(65) =< aux(14)
s(19) =< aux(14)*3

  with precondition: [B=7,V_ch=C,11>=V_sfb1_3] 

* Chain [[65],66]: 2*it(65)+1*s(19)+0
  Such that:aux(15) =< -V_sfb1_3+12
it(65) =< aux(15)
s(19) =< aux(15)*3

  with precondition: [B=8,V_ch=C,11>=V_sfb1_3] 

* Chain [67]: 0
  with precondition: [B=7,C=V_ch,V_sfb1_3>=12] 

* Chain [66]: 0
  with precondition: [B=8,C=V_ch,V_sfb1_3>=12] 


#### Cost of chains of loop_cont_eval_best_scalefac_store_bb39_in(D,A,B):
* Chain [69]: 0
  with precondition: [D=7] 

* Chain [68]: 0
  with precondition: [D=8] 


#### Cost of chains of loop_cont_eval_best_scalefac_store_bb36_in(F,A,B,C):
* Chain [71]: 4*s(21)+2*s(22)+1
  Such that:aux(16) =< -B+12
s(21) =< aux(16)
s(22) =< aux(16)*3

  with precondition: [F=2,11>=B] 

* Chain [70]: 1
  with precondition: [F=2,B>=12] 


#### Cost of chains of loop_cont_eval_best_scalefac_store_bb29_in(H,A,B,C):
* Chain [74]: 1*aux(17)+0
  with precondition: [H=9] 

* Chain [73]: 0
  with precondition: [H=10] 

* Chain [72]...: 1*s(31)+1
  with precondition: [H=9] 


#### Cost of chains of loop_cont_eval_best_scalefac_store_bb26_in(I,A,B,C):
* Chain [78]...: 2*s(33)+1*s(34)+1*s(35)+2
  Such that:s(32) =< -B+12
s(33) =< s(32)
s(34) =< s(32)*3

  with precondition: [I=3,11>=B] 

* Chain [77]...: 1*s(36)+2
  with precondition: [I=3,B>=12] 

* Chain [76]: 4*s(38)+2*s(39)+1*s(40)+1
  Such that:aux(18) =< -B+12
s(38) =< aux(18)
s(39) =< aux(18)*3

  with precondition: [I=3,11>=B] 

* Chain [75]: 1*aux(19)+0
  with precondition: [I=3,B>=12] 


#### Cost of chains of loop_cont_eval_best_scalefac_store_bb11_in(F,A,B,C,D):
* Chain [83]...: 1*aux(20)+0
  with precondition: [F=11,C>=B] 

* Chain [82]...: 2*s(50)+5*s(52)+3
  Such that:aux(21) =< B-C
s(50) =< aux(21)

  with precondition: [F=11,B>=C+1] 

* Chain [81]: 0
  with precondition: [F=10] 

* Chain [80]: 1*aux(22)+0
  with precondition: [F=11,C>=B] 

* Chain [79]: 2*s(62)+8*s(64)+2
  Such that:aux(23) =< B-C
s(62) =< aux(23)

  with precondition: [F=11,B>=C+1] 


#### Cost of chains of loop_cont_eval_best_scalefac_store_bb1_in(H,A,B,C):
* Chain [87]: 1*aux(24)+0
  with precondition: [H=6,2>=B] 

* Chain [86]: 1*aux(25)+0
  with precondition: [H=6,B>=3] 

* Chain [85]...: 1*aux(26)+0
  with precondition: [H=6,2>=B] 

* Chain [84]...: 1*aux(27)+0
  with precondition: [H=6,B>=3] 


#### Cost of chains of eval_best_scalefac_store_bb0_in(V_ch,B):
* Chain [89]: 2*s(90)+1
  with precondition: [] 

* Chain [88]...: 1*aux(28)+0
  with precondition: [] 


#### Cost of chains of eval_best_scalefac_store_start(V_gr,V_ch,B):
* Chain [91]: 2*s(95)+1
  with precondition: [] 

* Chain [90]...: 1*s(96)+0
  with precondition: [] 


Closed-form bounds of eval_best_scalefac_store_start(V_gr,V_ch,B): 
-------------------------------------
* Chain [91] with precondition: [] 
    - Upper bound: inf 
    - Complexity: infinity 
* Chain [90]... with precondition: [] 
    - Upper bound: inf 
    - Complexity: infinity 

### Maximum cost of eval_best_scalefac_store_start(V_gr,V_ch,B): inf 
Asymptotic class: infinity 

Time statistics: 
-------------------------------------
* Partial evaluation computed in 169 ms.
* Invariants computed in 328 ms.
   - Backward Invariants 178 ms.
   - Transitive Invariants 68 ms.
* Refinement performed in 707 ms.
* Termination proved in 67 ms.
* Upper bounds computed in 493 ms.
   - Equation cost structures 241 ms.
   - Phase cost structures 160 ms.
   - Chain cost structures 157 ms.
   - Solving cost expressions 0 ms.
* Total analysis performed in 2052 ms.

