Warning: Ignored call to eval_III_imdct_l_stop/1 in equation eval_III_imdct_l_bb15_in/1 

Preprocessing Cost Relations
=====================================

#### Computed strongly connected components 
0. non_recursive  : [eval_III_imdct_l_bb15_in/1]
1. non_recursive  : [eval_III_imdct_l_NewDefault_in/1]
2. recursive  : [eval_III_imdct_l_bb1_in/2]
3. recursive  : [eval_III_imdct_l_bb3_in/3]
4. recursive  : [eval_III_imdct_l_bb9_in/3]
5. non_recursive  : [loop_cont_eval_III_imdct_l_bb1_in/2]
6. recursive  : [eval_III_imdct_l_bb5_in/3]
7. recursive  : [eval_III_imdct_l_bb7_in/2]
8. non_recursive  : [loop_cont_eval_III_imdct_l_bb7_in/2]
9. non_recursive  : [loop_cont_eval_III_imdct_l_bb5_in/3]
10. non_recursive  : [loop_cont_eval_III_imdct_l_bb3_in/3]
11. recursive  : [eval_III_imdct_l_bb11_in/3]
12. recursive  : [eval_III_imdct_l_bb13_in/2]
13. non_recursive  : [loop_cont_eval_III_imdct_l_bb13_in/2]
14. non_recursive  : [loop_cont_eval_III_imdct_l_bb11_in/3]
15. non_recursive  : [loop_cont_eval_III_imdct_l_bb9_in/3]
16. non_recursive  : [eval_III_imdct_l_1/1]
17. non_recursive  : [eval_III_imdct_l_0/1]
18. non_recursive  : [eval_III_imdct_l_bb0_in/1]
19. non_recursive  : [eval_III_imdct_l_start/2]

#### Obtained direct recursion through partial evaluation 
0. SCC is completely evaluated into other SCCs
1. SCC is completely evaluated into other SCCs
2. SCC is partially evaluated into eval_III_imdct_l_bb1_in/2
3. SCC is partially evaluated into eval_III_imdct_l_bb3_in/3
4. SCC is partially evaluated into eval_III_imdct_l_bb9_in/3
5. SCC is completely evaluated into other SCCs
6. SCC is partially evaluated into eval_III_imdct_l_bb5_in/3
7. SCC is partially evaluated into eval_III_imdct_l_bb7_in/2
8. SCC is completely evaluated into other SCCs
9. SCC is partially evaluated into loop_cont_eval_III_imdct_l_bb5_in/3
10. SCC is partially evaluated into loop_cont_eval_III_imdct_l_bb3_in/3
11. SCC is partially evaluated into eval_III_imdct_l_bb11_in/3
12. SCC is partially evaluated into eval_III_imdct_l_bb13_in/2
13. SCC is completely evaluated into other SCCs
14. SCC is partially evaluated into loop_cont_eval_III_imdct_l_bb11_in/3
15. SCC is partially evaluated into loop_cont_eval_III_imdct_l_bb9_in/3
16. SCC is partially evaluated into eval_III_imdct_l_1/1
17. SCC is completely evaluated into other SCCs
18. SCC is completely evaluated into other SCCs
19. SCC is partially evaluated into eval_III_imdct_l_start/2

Control-Flow Refinement of Cost Relations
=====================================

### Specialization of cost equations eval_III_imdct_l_bb1_in/2 
* CE 8 is refined into CE [25] 
* CE 7 is refined into CE [26] 


#### Refined cost equations eval_III_imdct_l_bb1_in/2 
* CE 25: eval_III_imdct_l_bb1_in(V_i_0,B) = 0
     [V_i_0>=36,B=3] 
* CE 26: eval_III_imdct_l_bb1_in(V_i_0,B) = 1+ eval_III_imdct_l_bb1_in(C,D)
     [V_i_0>=0,35>=V_i_0,V_i_0+4=C,D=3,B=3] 

### Cost equations --> "Loop" of eval_III_imdct_l_bb1_in/2 
* CEs [26] --> Loop 21 
* CEs [25] --> Loop 22 

#### Loops of eval_III_imdct_l_bb1_in/2 
* Loop 21: eval_III_imdct_l_bb1_in(V_i_0,B)->  eval_III_imdct_l_bb1_in(V_i_0',B')
                  [V_i_0>=0,35>=V_i_0,V_i_0+4=V_i_0',B'=3,B=3] 
* Loop 22: eval_III_imdct_l_bb1_in(V_i_0,B) [V_i_0>=36,B=3] 

### Ranking functions of CR eval_III_imdct_l_bb1_in(V_i_0,B) 
* RF of phase [21]: [-V_i_0/4+9]

#### Partial ranking functions of CR eval_III_imdct_l_bb1_in(V_i_0,B) 
* Partial RF of phase [21]:
  - RF of loop [21:1]:
    -V_i_0/4+9


### Resulting Chains:eval_III_imdct_l_bb1_in(V_i_0,B) 
* [[21],22]


### Merging Chains  eval_III_imdct_l_bb1_in/2 into  External patterns of execution 
* [[22,[21]]] --> 1 


### Specialization of cost equations eval_III_imdct_l_bb3_in/3 
* CE 10 is refined into CE [27] 
* CE 9 is refined into CE [28] 


#### Refined cost equations eval_III_imdct_l_bb3_in/3 
* CE 27: eval_III_imdct_l_bb3_in(V_i_1,B,C) = 0
     [V_i_1>=18,C=24,B=5] 
* CE 28: eval_III_imdct_l_bb3_in(V_i_1,B,C) = 1+ eval_III_imdct_l_bb3_in(D,B,C)
     [V_i_1>=0,17>=V_i_1,V_i_1+1=D] 

### Cost equations --> "Loop" of eval_III_imdct_l_bb3_in/3 
* CEs [28] --> Loop 23 
* CEs [27] --> Loop 24 

#### Loops of eval_III_imdct_l_bb3_in/3 
* Loop 23: eval_III_imdct_l_bb3_in(V_i_1,B,C)->  eval_III_imdct_l_bb3_in(V_i_1',B,C)
                  [V_i_1>=0,17>=V_i_1,V_i_1+1=V_i_1'] 
* Loop 24: eval_III_imdct_l_bb3_in(V_i_1,B,C) [V_i_1>=18,C=24,B=5] 

### Ranking functions of CR eval_III_imdct_l_bb3_in(V_i_1,B,C) 
* RF of phase [23]: [-V_i_1+18]

#### Partial ranking functions of CR eval_III_imdct_l_bb3_in(V_i_1,B,C) 
* Partial RF of phase [23]:
  - RF of loop [23:1]:
    -V_i_1+18


### Resulting Chains:eval_III_imdct_l_bb3_in(V_i_1,B,C) 
* [[23],24]


### Merging Chains  eval_III_imdct_l_bb3_in/3 into  External patterns of execution 
* [[24,[23]]] --> 1 


### Specialization of cost equations eval_III_imdct_l_bb9_in/3 
* CE 13 is refined into CE [29] 
* CE 12 is refined into CE [30] 


#### Refined cost equations eval_III_imdct_l_bb9_in/3 
* CE 29: eval_III_imdct_l_bb9_in(V_i_4,B,C) = 0
     [V_i_4>=6,C=6,B=2] 
* CE 30: eval_III_imdct_l_bb9_in(V_i_4,B,C) = 1+ eval_III_imdct_l_bb9_in(D,B,C)
     [V_i_4>=0,5>=V_i_4,V_i_4+1=D] 

### Cost equations --> "Loop" of eval_III_imdct_l_bb9_in/3 
* CEs [30] --> Loop 25 
* CEs [29] --> Loop 26 

#### Loops of eval_III_imdct_l_bb9_in/3 
* Loop 25: eval_III_imdct_l_bb9_in(V_i_4,B,C)->  eval_III_imdct_l_bb9_in(V_i_4',B,C)
                  [V_i_4>=0,5>=V_i_4,V_i_4+1=V_i_4'] 
* Loop 26: eval_III_imdct_l_bb9_in(V_i_4,B,C) [V_i_4>=6,C=6,B=2] 

### Ranking functions of CR eval_III_imdct_l_bb9_in(V_i_4,B,C) 
* RF of phase [25]: [-V_i_4+6]

#### Partial ranking functions of CR eval_III_imdct_l_bb9_in(V_i_4,B,C) 
* Partial RF of phase [25]:
  - RF of loop [25:1]:
    -V_i_4+6


### Resulting Chains:eval_III_imdct_l_bb9_in(V_i_4,B,C) 
* [[25],26]


### Merging Chains  eval_III_imdct_l_bb9_in/3 into  External patterns of execution 
* [[26,[25]]] --> 1 


### Specialization of cost equations eval_III_imdct_l_bb5_in/3 
* CE 16 is refined into CE [31] 
* CE 15 is refined into CE [32] 


#### Refined cost equations eval_III_imdct_l_bb5_in/3 
* CE 31: eval_III_imdct_l_bb5_in(V_i_2,B,C) = 0
     [V_i_2>=30,C=30,B=4] 
* CE 32: eval_III_imdct_l_bb5_in(V_i_2,B,C) = 1+ eval_III_imdct_l_bb5_in(D,B,C)
     [29>=V_i_2,V_i_2+1=D] 

### Cost equations --> "Loop" of eval_III_imdct_l_bb5_in/3 
* CEs [32] --> Loop 27 
* CEs [31] --> Loop 28 

#### Loops of eval_III_imdct_l_bb5_in/3 
* Loop 27: eval_III_imdct_l_bb5_in(V_i_2,B,C)->  eval_III_imdct_l_bb5_in(V_i_2',B,C)
                  [29>=V_i_2,V_i_2+1=V_i_2'] 
* Loop 28: eval_III_imdct_l_bb5_in(V_i_2,B,C) [V_i_2>=30,C=30,B=4] 

### Ranking functions of CR eval_III_imdct_l_bb5_in(V_i_2,B,C) 
* RF of phase [27]: [-V_i_2+30]

#### Partial ranking functions of CR eval_III_imdct_l_bb5_in(V_i_2,B,C) 
* Partial RF of phase [27]:
  - RF of loop [27:1]:
    -V_i_2+30


### Resulting Chains:eval_III_imdct_l_bb5_in(V_i_2,B,C) 
* [[27],28]
* [28]


### Merging Chains  eval_III_imdct_l_bb5_in/3 into  External patterns of execution 
* [[28,[27]]] --> 1 
* [[28]] --> 2 


### Specialization of cost equations eval_III_imdct_l_bb7_in/2 
* CE 22 is refined into CE [33] 
* CE 21 is refined into CE [34] 


#### Refined cost equations eval_III_imdct_l_bb7_in/2 
* CE 33: eval_III_imdct_l_bb7_in(V_i_3,B) = 0
     [V_i_3>=36,B=3] 
* CE 34: eval_III_imdct_l_bb7_in(V_i_3,B) = 1+ eval_III_imdct_l_bb7_in(C,D)
     [35>=V_i_3,V_i_3+1=C,D=3,B=3] 

### Cost equations --> "Loop" of eval_III_imdct_l_bb7_in/2 
* CEs [34] --> Loop 29 
* CEs [33] --> Loop 30 

#### Loops of eval_III_imdct_l_bb7_in/2 
* Loop 29: eval_III_imdct_l_bb7_in(V_i_3,B)->  eval_III_imdct_l_bb7_in(V_i_3',B')
                  [35>=V_i_3,V_i_3+1=V_i_3',B'=3,B=3] 
* Loop 30: eval_III_imdct_l_bb7_in(V_i_3,B) [V_i_3>=36,B=3] 

### Ranking functions of CR eval_III_imdct_l_bb7_in(V_i_3,B) 
* RF of phase [29]: [-V_i_3+36]

#### Partial ranking functions of CR eval_III_imdct_l_bb7_in(V_i_3,B) 
* Partial RF of phase [29]:
  - RF of loop [29:1]:
    -V_i_3+36


### Resulting Chains:eval_III_imdct_l_bb7_in(V_i_3,B) 
* [[29],30]
* [30]


### Merging Chains  eval_III_imdct_l_bb7_in/2 into  External patterns of execution 
* [[30,[29]]] --> 1 
* [[30]] --> 2 


### Specialization of cost equations loop_cont_eval_III_imdct_l_bb5_in/3 
* CE 17 is refined into CE [35,36] 


#### Refined cost equations loop_cont_eval_III_imdct_l_bb5_in/3 
* CE 35: loop_cont_eval_III_imdct_l_bb5_in(E,A,B) = 1+ eval_III_imdct_l_bb7_in(A,F):1
     [35>=A,F=3,E=4] 
* CE 36: loop_cont_eval_III_imdct_l_bb5_in(E,A,B) = 1+ eval_III_imdct_l_bb7_in(A,F):2
     [A>=36,F=3,E=4] 

### Cost equations --> "Loop" of loop_cont_eval_III_imdct_l_bb5_in/3 
* CEs [36] --> Loop 31 
* CEs [35] --> Loop 32 

#### Loops of loop_cont_eval_III_imdct_l_bb5_in/3 
* Loop 31: loop_cont_eval_III_imdct_l_bb5_in(E,A,B) [A>=36,E=4] 
* Loop 32: loop_cont_eval_III_imdct_l_bb5_in(E,A,B) [35>=A,E=4] 

### Ranking functions of CR loop_cont_eval_III_imdct_l_bb5_in(E,A,B) 

#### Partial ranking functions of CR loop_cont_eval_III_imdct_l_bb5_in(E,A,B) 


### Resulting Chains:loop_cont_eval_III_imdct_l_bb5_in(E,A,B) 
* [32]
* [31]


### Merging Chains  loop_cont_eval_III_imdct_l_bb5_in/3 into  External patterns of execution 
* [[32]] --> 1 
* [[31]] --> 2 


### Specialization of cost equations loop_cont_eval_III_imdct_l_bb3_in/3 
* CE 11 is refined into CE [37,38] 


#### Refined cost equations loop_cont_eval_III_imdct_l_bb3_in/3 
* CE 37: loop_cont_eval_III_imdct_l_bb3_in(F,A,B) = 1+ eval_III_imdct_l_bb5_in(A,G,H):1+ loop_cont_eval_III_imdct_l_bb5_in(I,J,B):1
     [29>=A,J=30,I=4,H=30,G=4,F=5] 
* CE 38: loop_cont_eval_III_imdct_l_bb3_in(F,A,B) = 1+ eval_III_imdct_l_bb5_in(A,G,H):2+ loop_cont_eval_III_imdct_l_bb5_in(I,J,B):1
     [A>=30,J=30,I=4,H=30,G=4,F=5] 

### Cost equations --> "Loop" of loop_cont_eval_III_imdct_l_bb3_in/3 
* CEs [38] --> Loop 33 
* CEs [37] --> Loop 34 

#### Loops of loop_cont_eval_III_imdct_l_bb3_in/3 
* Loop 33: loop_cont_eval_III_imdct_l_bb3_in(F,A,B) [A>=30,F=5] 
* Loop 34: loop_cont_eval_III_imdct_l_bb3_in(F,A,B) [29>=A,F=5] 

### Ranking functions of CR loop_cont_eval_III_imdct_l_bb3_in(F,A,B) 

#### Partial ranking functions of CR loop_cont_eval_III_imdct_l_bb3_in(F,A,B) 


### Resulting Chains:loop_cont_eval_III_imdct_l_bb3_in(F,A,B) 
* [34]
* [33]


### Merging Chains  loop_cont_eval_III_imdct_l_bb3_in/3 into  External patterns of execution 
* [[34]] --> 1 
* [[33]] --> 2 


### Specialization of cost equations eval_III_imdct_l_bb11_in/3 
* CE 19 is refined into CE [39] 
* CE 18 is refined into CE [40] 


#### Refined cost equations eval_III_imdct_l_bb11_in/3 
* CE 39: eval_III_imdct_l_bb11_in(V_i_5,B,C) = 0
     [V_i_5>=12,C=18,B=6] 
* CE 40: eval_III_imdct_l_bb11_in(V_i_5,B,C) = 1+ eval_III_imdct_l_bb11_in(D,B,C)
     [11>=V_i_5,V_i_5+1=D] 

### Cost equations --> "Loop" of eval_III_imdct_l_bb11_in/3 
* CEs [40] --> Loop 35 
* CEs [39] --> Loop 36 

#### Loops of eval_III_imdct_l_bb11_in/3 
* Loop 35: eval_III_imdct_l_bb11_in(V_i_5,B,C)->  eval_III_imdct_l_bb11_in(V_i_5',B,C)
                  [11>=V_i_5,V_i_5+1=V_i_5'] 
* Loop 36: eval_III_imdct_l_bb11_in(V_i_5,B,C) [V_i_5>=12,C=18,B=6] 

### Ranking functions of CR eval_III_imdct_l_bb11_in(V_i_5,B,C) 
* RF of phase [35]: [-V_i_5+12]

#### Partial ranking functions of CR eval_III_imdct_l_bb11_in(V_i_5,B,C) 
* Partial RF of phase [35]:
  - RF of loop [35:1]:
    -V_i_5+12


### Resulting Chains:eval_III_imdct_l_bb11_in(V_i_5,B,C) 
* [[35],36]
* [36]


### Merging Chains  eval_III_imdct_l_bb11_in/3 into  External patterns of execution 
* [[36,[35]]] --> 1 
* [[36]] --> 2 


### Specialization of cost equations eval_III_imdct_l_bb13_in/2 
* CE 24 is refined into CE [41] 
* CE 23 is refined into CE [42] 


#### Refined cost equations eval_III_imdct_l_bb13_in/2 
* CE 41: eval_III_imdct_l_bb13_in(V_i_6,B) = 0
     [V_i_6>=36,B=3] 
* CE 42: eval_III_imdct_l_bb13_in(V_i_6,B) = 1+ eval_III_imdct_l_bb13_in(C,D)
     [35>=V_i_6,V_i_6+1=C,D=3,B=3] 

### Cost equations --> "Loop" of eval_III_imdct_l_bb13_in/2 
* CEs [42] --> Loop 37 
* CEs [41] --> Loop 38 

#### Loops of eval_III_imdct_l_bb13_in/2 
* Loop 37: eval_III_imdct_l_bb13_in(V_i_6,B)->  eval_III_imdct_l_bb13_in(V_i_6',B')
                  [35>=V_i_6,V_i_6+1=V_i_6',B'=3,B=3] 
* Loop 38: eval_III_imdct_l_bb13_in(V_i_6,B) [V_i_6>=36,B=3] 

### Ranking functions of CR eval_III_imdct_l_bb13_in(V_i_6,B) 
* RF of phase [37]: [-V_i_6+36]

#### Partial ranking functions of CR eval_III_imdct_l_bb13_in(V_i_6,B) 
* Partial RF of phase [37]:
  - RF of loop [37:1]:
    -V_i_6+36


### Resulting Chains:eval_III_imdct_l_bb13_in(V_i_6,B) 
* [[37],38]
* [38]


### Merging Chains  eval_III_imdct_l_bb13_in/2 into  External patterns of execution 
* [[38,[37]]] --> 1 
* [[38]] --> 2 


### Specialization of cost equations loop_cont_eval_III_imdct_l_bb11_in/3 
* CE 20 is refined into CE [43,44] 


#### Refined cost equations loop_cont_eval_III_imdct_l_bb11_in/3 
* CE 43: loop_cont_eval_III_imdct_l_bb11_in(E,A,B) = 1+ eval_III_imdct_l_bb13_in(A,F):1
     [35>=A,F=3,E=6] 
* CE 44: loop_cont_eval_III_imdct_l_bb11_in(E,A,B) = 1+ eval_III_imdct_l_bb13_in(A,F):2
     [A>=36,F=3,E=6] 

### Cost equations --> "Loop" of loop_cont_eval_III_imdct_l_bb11_in/3 
* CEs [44] --> Loop 39 
* CEs [43] --> Loop 40 

#### Loops of loop_cont_eval_III_imdct_l_bb11_in/3 
* Loop 39: loop_cont_eval_III_imdct_l_bb11_in(E,A,B) [A>=36,E=6] 
* Loop 40: loop_cont_eval_III_imdct_l_bb11_in(E,A,B) [35>=A,E=6] 

### Ranking functions of CR loop_cont_eval_III_imdct_l_bb11_in(E,A,B) 

#### Partial ranking functions of CR loop_cont_eval_III_imdct_l_bb11_in(E,A,B) 


### Resulting Chains:loop_cont_eval_III_imdct_l_bb11_in(E,A,B) 
* [40]
* [39]


### Merging Chains  loop_cont_eval_III_imdct_l_bb11_in/3 into  External patterns of execution 
* [[40]] --> 1 
* [[39]] --> 2 


### Specialization of cost equations loop_cont_eval_III_imdct_l_bb9_in/3 
* CE 14 is refined into CE [45,46] 


#### Refined cost equations loop_cont_eval_III_imdct_l_bb9_in/3 
* CE 45: loop_cont_eval_III_imdct_l_bb9_in(F,A,B) = 1+ eval_III_imdct_l_bb11_in(A,G,H):1+ loop_cont_eval_III_imdct_l_bb11_in(I,J,B):1
     [11>=A,J=18,I=6,H=18,G=6,F=2] 
* CE 46: loop_cont_eval_III_imdct_l_bb9_in(F,A,B) = 1+ eval_III_imdct_l_bb11_in(A,G,H):2+ loop_cont_eval_III_imdct_l_bb11_in(I,J,B):1
     [A>=12,J=18,I=6,H=18,G=6,F=2] 

### Cost equations --> "Loop" of loop_cont_eval_III_imdct_l_bb9_in/3 
* CEs [46] --> Loop 41 
* CEs [45] --> Loop 42 

#### Loops of loop_cont_eval_III_imdct_l_bb9_in/3 
* Loop 41: loop_cont_eval_III_imdct_l_bb9_in(F,A,B) [A>=12,F=2] 
* Loop 42: loop_cont_eval_III_imdct_l_bb9_in(F,A,B) [11>=A,F=2] 

### Ranking functions of CR loop_cont_eval_III_imdct_l_bb9_in(F,A,B) 

#### Partial ranking functions of CR loop_cont_eval_III_imdct_l_bb9_in(F,A,B) 


### Resulting Chains:loop_cont_eval_III_imdct_l_bb9_in(F,A,B) 
* [42]
* [41]


### Merging Chains  loop_cont_eval_III_imdct_l_bb9_in/3 into  External patterns of execution 
* [[42]] --> 1 
* [[41]] --> 2 


### Specialization of cost equations eval_III_imdct_l_1/1 
* CE 3 is refined into CE [47] 
* CE 4 is refined into CE [48] 
* CE 5 is refined into CE [49] 
* CE 6 is refined into CE [50] 


#### Refined cost equations eval_III_imdct_l_1/1 
* CE 47: eval_III_imdct_l_1(B) = 1+ eval_III_imdct_l_bb1_in(C,D):1
     [D=3,C=0] 
* CE 48: eval_III_imdct_l_1(B) = 0
     [] 
* CE 49: eval_III_imdct_l_1(B) = 1+ eval_III_imdct_l_bb3_in(C,D,E):1+ loop_cont_eval_III_imdct_l_bb3_in(F,G,B):1
     [G=24,F=5,E=24,D=5,C=0] 
* CE 50: eval_III_imdct_l_1(B) = 1+ eval_III_imdct_l_bb9_in(C,D,E):1+ loop_cont_eval_III_imdct_l_bb9_in(F,G,B):1
     [G=6,F=2,E=6,D=2,C=0] 

### Cost equations --> "Loop" of eval_III_imdct_l_1/1 
* CEs [47,48,49,50] --> Loop 43 

#### Loops of eval_III_imdct_l_1/1 
* Loop 43: eval_III_imdct_l_1(B) [] 

### Ranking functions of CR eval_III_imdct_l_1(B) 

#### Partial ranking functions of CR eval_III_imdct_l_1(B) 


### Resulting Chains:eval_III_imdct_l_1(B) 
* [43]


### Merging Chains  eval_III_imdct_l_1/1 into  External patterns of execution 
* [[43]] --> 1 


### Specialization of cost equations eval_III_imdct_l_start/2 
* CE 2 is refined into CE [51] 


#### Refined cost equations eval_III_imdct_l_start/2 
* CE 51: eval_III_imdct_l_start(V_block_type,B) = 0+ eval_III_imdct_l_1(B):1
     [] 

### Cost equations --> "Loop" of eval_III_imdct_l_start/2 
* CEs [51] --> Loop 44 

#### Loops of eval_III_imdct_l_start/2 
* Loop 44: eval_III_imdct_l_start(V_block_type,B) [] 

### Ranking functions of CR eval_III_imdct_l_start(V_block_type,B) 

#### Partial ranking functions of CR eval_III_imdct_l_start(V_block_type,B) 


### Resulting Chains:eval_III_imdct_l_start(V_block_type,B) 
* [44]


### Merging Chains  eval_III_imdct_l_start/2 into  External patterns of execution 
* [[44]] --> 1 


Computing Bounds
=====================================

#### Cost of loops [21] 

 * loop 21:eval_III_imdct_l_bb1_in(V_i_0,B) -> [eval_III_imdct_l_bb1_in(V_i_0',B')] 
1
#### Cost of phase [21]:eval_III_imdct_l_bb1_in(V_i_0,B) -> [eval_III_imdct_l_bb1_in(V_i_0',B')] 
1*it(21)+0
  Such that:it(21) =< -V_i_0/4+9
it(21) =< -V_i_0/4+V_i_0'/4

#### Cost of chains of eval_III_imdct_l_bb1_in(V_i_0,B):
* Chain [[21],22]: 1*it(21)+0
  Such that:it(21) =< -V_i_0/4+9

  with precondition: [B=3,35>=V_i_0,V_i_0>=0] 


#### Cost of loops [23] 

 * loop 23:eval_III_imdct_l_bb3_in(V_i_1,B,C) -> [eval_III_imdct_l_bb3_in(V_i_1',B',C')] 
1
#### Cost of phase [23]:eval_III_imdct_l_bb3_in(V_i_1,B,C) -> [eval_III_imdct_l_bb3_in(V_i_1',B',C')] 
1*it(23)+0
  Such that:it(23) =< -V_i_1+18
it(23) =< -V_i_1+V_i_1'

#### Cost of chains of eval_III_imdct_l_bb3_in(V_i_1,B,C):
* Chain [[23],24]: 1*it(23)+0
  Such that:it(23) =< -V_i_1+18

  with precondition: [B=5,C=24,17>=V_i_1,V_i_1>=0] 


#### Cost of loops [25] 

 * loop 25:eval_III_imdct_l_bb9_in(V_i_4,B,C) -> [eval_III_imdct_l_bb9_in(V_i_4',B',C')] 
1
#### Cost of phase [25]:eval_III_imdct_l_bb9_in(V_i_4,B,C) -> [eval_III_imdct_l_bb9_in(V_i_4',B',C')] 
1*it(25)+0
  Such that:it(25) =< -V_i_4+6
it(25) =< -V_i_4+V_i_4'

#### Cost of chains of eval_III_imdct_l_bb9_in(V_i_4,B,C):
* Chain [[25],26]: 1*it(25)+0
  Such that:it(25) =< -V_i_4+6

  with precondition: [B=2,C=6,5>=V_i_4,V_i_4>=0] 


#### Cost of loops [27] 

 * loop 27:eval_III_imdct_l_bb5_in(V_i_2,B,C) -> [eval_III_imdct_l_bb5_in(V_i_2',B',C')] 
1
#### Cost of phase [27]:eval_III_imdct_l_bb5_in(V_i_2,B,C) -> [eval_III_imdct_l_bb5_in(V_i_2',B',C')] 
1*it(27)+0
  Such that:it(27) =< -V_i_2+30
it(27) =< -V_i_2+V_i_2'

#### Cost of chains of eval_III_imdct_l_bb5_in(V_i_2,B,C):
* Chain [[27],28]: 1*it(27)+0
  Such that:it(27) =< -V_i_2+30

  with precondition: [B=4,C=30,29>=V_i_2] 

* Chain [28]: 0
  with precondition: [B=4,C=30,V_i_2>=30] 


#### Cost of loops [29] 

 * loop 29:eval_III_imdct_l_bb7_in(V_i_3,B) -> [eval_III_imdct_l_bb7_in(V_i_3',B')] 
1
#### Cost of phase [29]:eval_III_imdct_l_bb7_in(V_i_3,B) -> [eval_III_imdct_l_bb7_in(V_i_3',B')] 
1*it(29)+0
  Such that:it(29) =< -V_i_3+36
it(29) =< -V_i_3+V_i_3'

#### Cost of chains of eval_III_imdct_l_bb7_in(V_i_3,B):
* Chain [[29],30]: 1*it(29)+0
  Such that:it(29) =< -V_i_3+36

  with precondition: [B=3,35>=V_i_3] 

* Chain [30]: 0
  with precondition: [B=3,V_i_3>=36] 


#### Cost of chains of loop_cont_eval_III_imdct_l_bb5_in(E,A,B):
* Chain [32]: 1*s(1)+1
  Such that:s(1) =< -A+36

  with precondition: [E=4,35>=A] 

* Chain [31]: 1
  with precondition: [E=4,A>=36] 


#### Cost of chains of loop_cont_eval_III_imdct_l_bb3_in(F,A,B):
* Chain [34]: 1*s(2)+1*s(3)+2
  Such that:s(3) =< 6
s(2) =< -A+30

  with precondition: [F=5,29>=A] 

* Chain [33]: 1*s(4)+2
  Such that:s(4) =< 6

  with precondition: [F=5,A>=30] 


#### Cost of loops [35] 

 * loop 35:eval_III_imdct_l_bb11_in(V_i_5,B,C) -> [eval_III_imdct_l_bb11_in(V_i_5',B',C')] 
1
#### Cost of phase [35]:eval_III_imdct_l_bb11_in(V_i_5,B,C) -> [eval_III_imdct_l_bb11_in(V_i_5',B',C')] 
1*it(35)+0
  Such that:it(35) =< -V_i_5+12
it(35) =< -V_i_5+V_i_5'

#### Cost of chains of eval_III_imdct_l_bb11_in(V_i_5,B,C):
* Chain [[35],36]: 1*it(35)+0
  Such that:it(35) =< -V_i_5+12

  with precondition: [B=6,C=18,11>=V_i_5] 

* Chain [36]: 0
  with precondition: [B=6,C=18,V_i_5>=12] 


#### Cost of loops [37] 

 * loop 37:eval_III_imdct_l_bb13_in(V_i_6,B) -> [eval_III_imdct_l_bb13_in(V_i_6',B')] 
1
#### Cost of phase [37]:eval_III_imdct_l_bb13_in(V_i_6,B) -> [eval_III_imdct_l_bb13_in(V_i_6',B')] 
1*it(37)+0
  Such that:it(37) =< -V_i_6+36
it(37) =< -V_i_6+V_i_6'

#### Cost of chains of eval_III_imdct_l_bb13_in(V_i_6,B):
* Chain [[37],38]: 1*it(37)+0
  Such that:it(37) =< -V_i_6+36

  with precondition: [B=3,35>=V_i_6] 

* Chain [38]: 0
  with precondition: [B=3,V_i_6>=36] 


#### Cost of chains of loop_cont_eval_III_imdct_l_bb11_in(E,A,B):
* Chain [40]: 1*s(5)+1
  Such that:s(5) =< -A+36

  with precondition: [E=6,35>=A] 

* Chain [39]: 1
  with precondition: [E=6,A>=36] 


#### Cost of chains of loop_cont_eval_III_imdct_l_bb9_in(F,A,B):
* Chain [42]: 1*s(6)+1*s(7)+2
  Such that:s(7) =< 18
s(6) =< -A+12

  with precondition: [F=2,11>=A] 

* Chain [41]: 1*s(8)+2
  Such that:s(8) =< 18

  with precondition: [F=2,A>=12] 


#### Cost of chains of eval_III_imdct_l_1(B):
* Chain [43]: 72
  with precondition: [] 


#### Cost of chains of eval_III_imdct_l_start(V_block_type,B):
* Chain [44]: 72
  with precondition: [] 


Closed-form bounds of eval_III_imdct_l_start(V_block_type,B): 
-------------------------------------
* Chain [44] with precondition: [] 
    - Upper bound: 72 
    - Complexity: constant 

### Maximum cost of eval_III_imdct_l_start(V_block_type,B): 72 
Asymptotic class: constant 

Time statistics: 
-------------------------------------
* Partial evaluation computed in 13 ms.
* Invariants computed in 30 ms.
   - Backward Invariants 13 ms.
   - Transitive Invariants 8 ms.
* Refinement performed in 53 ms.
* Termination proved in 8 ms.
* Upper bounds computed in 39 ms.
   - Equation cost structures 16 ms.
   - Phase cost structures 12 ms.
   - Chain cost structures 12 ms.
   - Solving cost expressions 0 ms.
* Total analysis performed in 178 ms.

