Warning: Ignored call to eval_do_sarray_io_stop/1 in equation eval_do_sarray_io_bb14_in/1 

Preprocessing Cost Relations
=====================================

#### Computed strongly connected components 
0. recursive  : [eval_do_sarray_io_44/2,eval_do_sarray_io_45/2,eval_do_sarray_io_46/2,eval_do_sarray_io_47/2,eval_do_sarray_io_bb13_in/2,eval_do_sarray_io_bb1_in/2,eval_do_sarray_io_bb5_in/2,eval_do_sarray_io_bb7_in/2,eval_do_sarray_io_bb9_in/2]
1. non_recursive  : [eval_do_sarray_io_bb14_in/1]
2. non_recursive  : [loop_cont_eval_do_sarray_io_bb1_in/2]
3. non_recursive  : [eval_do_sarray_io_bb0_in/1]
4. non_recursive  : [eval_do_sarray_io_start/2]

#### Obtained direct recursion through partial evaluation 
0. SCC is partially evaluated into eval_do_sarray_io_bb1_in/2
1. SCC is completely evaluated into other SCCs
2. SCC is completely evaluated into other SCCs
3. SCC is partially evaluated into eval_do_sarray_io_bb0_in/1
4. SCC is partially evaluated into eval_do_sarray_io_start/2

Control-Flow Refinement of Cost Relations
=====================================

### Specialization of cost equations eval_do_sarray_io_bb1_in/2 
* CE 5 is refined into CE [6] 
* CE 4 is refined into CE [7] 


#### Refined cost equations eval_do_sarray_io_bb1_in/2 
* CE 6: eval_do_sarray_io_bb1_in(V_i_0,B) = 1+ eval_do_sarray_io_bb1_in(C,D)
     [D=2,B=2] 
* CE 7: eval_do_sarray_io_bb1_in(V_i_0,B) = 0
     [B=2] 

### Cost equations --> "Loop" of eval_do_sarray_io_bb1_in/2 
* CEs [7] --> Loop 5 
* CEs [6] --> Loop 6 

#### Loops of eval_do_sarray_io_bb1_in/2 
* Loop 5: eval_do_sarray_io_bb1_in(V_i_0,B) [B=2] 
* Loop 6: eval_do_sarray_io_bb1_in(V_i_0,B)->  eval_do_sarray_io_bb1_in(V_i_0',B')
                  [B'=2,B=2] 

### Ranking functions of CR eval_do_sarray_io_bb1_in(V_i_0,B) 

#### Partial ranking functions of CR eval_do_sarray_io_bb1_in(V_i_0,B) 


### Resulting Chains:eval_do_sarray_io_bb1_in(V_i_0,B) 
* [[6]]...
* [[6],5]
* [5]


### Merging Chains  eval_do_sarray_io_bb1_in/2 into  External patterns of execution 
* [[5],[5,[6]]] --> 1 
* [[[6]]] --> 2 


### Specialization of cost equations eval_do_sarray_io_bb0_in/1 
* CE 3 is refined into CE [8,9] 


#### Refined cost equations eval_do_sarray_io_bb0_in/1 
* CE 8: eval_do_sarray_io_bb0_in(B) = 1+ eval_do_sarray_io_bb1_in(C,D):1
     [D=2,C=0] 
* CE 9: eval_do_sarray_io_bb0_in(B) = 1+ eval_do_sarray_io_bb1_in(C,D):2
     [D=2,C=0] 

### Cost equations --> "Loop" of eval_do_sarray_io_bb0_in/1 
* CEs [9] --> Loop 7 
* CEs [8] --> Loop 8 

#### Loops of eval_do_sarray_io_bb0_in/1 
* Loop 7: eval_do_sarray_io_bb0_in(B) [] 
* Loop 8: eval_do_sarray_io_bb0_in(B) [] 

### Ranking functions of CR eval_do_sarray_io_bb0_in(B) 

#### Partial ranking functions of CR eval_do_sarray_io_bb0_in(B) 


### Resulting Chains:eval_do_sarray_io_bb0_in(B) 
* [8]
* [7]...


### Merging Chains  eval_do_sarray_io_bb0_in/1 into  External patterns of execution 
* [[8]] --> 1 
* [[7]] --> 2 


### Specialization of cost equations eval_do_sarray_io_start/2 
* CE 2 is refined into CE [10,11] 


#### Refined cost equations eval_do_sarray_io_start/2 
* CE 10: eval_do_sarray_io_start(V_writing,B) = 0+ eval_do_sarray_io_bb0_in(B):1
     [] 
* CE 11: eval_do_sarray_io_start(V_writing,B) = 0+ eval_do_sarray_io_bb0_in(B):2
     [] 

### Cost equations --> "Loop" of eval_do_sarray_io_start/2 
* CEs [11] --> Loop 9 
* CEs [10] --> Loop 10 

#### Loops of eval_do_sarray_io_start/2 
* Loop 9: eval_do_sarray_io_start(V_writing,B) [] 
* Loop 10: eval_do_sarray_io_start(V_writing,B) [] 

### Ranking functions of CR eval_do_sarray_io_start(V_writing,B) 

#### Partial ranking functions of CR eval_do_sarray_io_start(V_writing,B) 


### Resulting Chains:eval_do_sarray_io_start(V_writing,B) 
* [10]
* [9]...


### Merging Chains  eval_do_sarray_io_start/2 into  External patterns of execution 
* [[10]] --> 1 
* [[9]] --> 2 


Computing Bounds
=====================================

#### Cost of loops [6] 

 * loop 6:eval_do_sarray_io_bb1_in(V_i_0,B) -> [eval_do_sarray_io_bb1_in(V_i_0',B')] 
1
#### Cost of phase [6]:eval_do_sarray_io_bb1_in(V_i_0,B) -> [eval_do_sarray_io_bb1_in(V_i_0',B')] 
1*it(6)+0
#### Cost of phase [6]:eval_do_sarray_io_bb1_in(V_i_0,B) -> [eval_do_sarray_io_bb1_in(V_i_0',B')] 
1*it(6)+0
#### Cost of chains of eval_do_sarray_io_bb1_in(V_i_0,B):
* Chain [[6]]...: 1*it(6)+0
  with precondition: [B=2] 

* Chain [[6],5]: 1*it(6)+0
  with precondition: [B=2] 

* Chain [5]: 0
  with precondition: [B=2] 


#### Cost of chains of eval_do_sarray_io_bb0_in(B):
* Chain [8]: 1*s(2)+1
  with precondition: [] 

* Chain [7]...: 1*s(3)+1
  with precondition: [] 


#### Cost of chains of eval_do_sarray_io_start(V_writing,B):
* Chain [10]: 1*s(4)+1
  with precondition: [] 

* Chain [9]...: 1*s(5)+1
  with precondition: [] 


Closed-form bounds of eval_do_sarray_io_start(V_writing,B): 
-------------------------------------
* Chain [10] with precondition: [] 
    - Upper bound: inf 
    - Complexity: infinity 
* Chain [9]... with precondition: [] 
    - Upper bound: inf 
    - Complexity: infinity 

### Maximum cost of eval_do_sarray_io_start(V_writing,B): inf 
Asymptotic class: infinity 

Time statistics: 
-------------------------------------
* Partial evaluation computed in 14 ms.
* Invariants computed in 8 ms.
   - Backward Invariants 4 ms.
   - Transitive Invariants 1 ms.
* Refinement performed in 15 ms.
* Termination proved in 3 ms.
* Upper bounds computed in 14 ms.
   - Equation cost structures 3 ms.
   - Phase cost structures 4 ms.
   - Chain cost structures 3 ms.
   - Solving cost expressions 0 ms.
* Total analysis performed in 81 ms.

