Warning: Ignored call to eval_expand_pre_stop/1 in equation loop_cont_eval_expand_pre_bb1_in/2 

Preprocessing Cost Relations
=====================================

#### Computed strongly connected components 
0. recursive  : [eval_expand_pre_10/4,eval_expand_pre_9/4,eval_expand_pre_bb1_in/4,eval_expand_pre_bb4_in/4]
1. non_recursive  : [loop_cont_eval_expand_pre_bb1_in/2]
2. non_recursive  : [eval_expand_pre_bb0_in/3]
3. non_recursive  : [eval_expand_pre_start/3]

#### Obtained direct recursion through partial evaluation 
0. SCC is partially evaluated into eval_expand_pre_bb1_in/4
1. SCC is completely evaluated into other SCCs
2. SCC is partially evaluated into eval_expand_pre_bb0_in/3
3. SCC is partially evaluated into eval_expand_pre_start/3

Control-Flow Refinement of Cost Relations
=====================================

### Specialization of cost equations eval_expand_pre_bb1_in/4 
* CE 5 is refined into CE [6] 
* CE 4 is refined into CE [7] 


#### Refined cost equations eval_expand_pre_bb1_in/4 
* CE 6: eval_expand_pre_bb1_in(V_option,V__numpflags,V_entcount_0,B) = 0
     [V__numpflags>=V_entcount_0,0>=V_entcount_0,B=2] 
* CE 7: eval_expand_pre_bb1_in(V_option,V__numpflags,V_entcount_0,B) = 1+ eval_expand_pre_bb1_in(V_option,V__numpflags,C,D)
     [V__numpflags>=V_entcount_0,V_entcount_0>=1,V_entcount_0=C+1,D=2,B=2] 

### Cost equations --> "Loop" of eval_expand_pre_bb1_in/4 
* CEs [7] --> Loop 5 
* CEs [6] --> Loop 6 

#### Loops of eval_expand_pre_bb1_in/4 
* Loop 5: eval_expand_pre_bb1_in(V_option,V__numpflags,V_entcount_0,B)->  eval_expand_pre_bb1_in(V_option,V__numpflags,V_entcount_0',B')
                  [V__numpflags>=V_entcount_0,V_entcount_0>=1,V_entcount_0=V_entcount_0'+1,B'=2,B=2] 
* Loop 6: eval_expand_pre_bb1_in(V_option,V__numpflags,V_entcount_0,B) [V__numpflags>=V_entcount_0,0>=V_entcount_0,B=2] 

### Ranking functions of CR eval_expand_pre_bb1_in(V_option,V__numpflags,V_entcount_0,B) 
* RF of phase [5]: [V_entcount_0]

#### Partial ranking functions of CR eval_expand_pre_bb1_in(V_option,V__numpflags,V_entcount_0,B) 
* Partial RF of phase [5]:
  - RF of loop [5:1]:
    V_entcount_0


### Resulting Chains:eval_expand_pre_bb1_in(V_option,V__numpflags,V_entcount_0,B) 
* [[5],6]
* [6]


### Merging Chains  eval_expand_pre_bb1_in/4 into  External patterns of execution 
* [[6]] --> 1 
* [[6,[5]]] --> 2 


### Specialization of cost equations eval_expand_pre_bb0_in/3 
* CE 3 is refined into CE [8,9] 


#### Refined cost equations eval_expand_pre_bb0_in/3 
* CE 8: eval_expand_pre_bb0_in(V_option,V__numpflags,B) = 1+ eval_expand_pre_bb1_in(V_option,V__numpflags,V__numpflags,C):1
     [0>=V__numpflags,C=2] 
* CE 9: eval_expand_pre_bb0_in(V_option,V__numpflags,B) = 1+ eval_expand_pre_bb1_in(V_option,V__numpflags,V__numpflags,C):2
     [V__numpflags>=1,C=2] 

### Cost equations --> "Loop" of eval_expand_pre_bb0_in/3 
* CEs [9] --> Loop 7 
* CEs [8] --> Loop 8 

#### Loops of eval_expand_pre_bb0_in/3 
* Loop 7: eval_expand_pre_bb0_in(V_option,V__numpflags,B) [V__numpflags>=1] 
* Loop 8: eval_expand_pre_bb0_in(V_option,V__numpflags,B) [0>=V__numpflags] 

### Ranking functions of CR eval_expand_pre_bb0_in(V_option,V__numpflags,B) 

#### Partial ranking functions of CR eval_expand_pre_bb0_in(V_option,V__numpflags,B) 


### Resulting Chains:eval_expand_pre_bb0_in(V_option,V__numpflags,B) 
* [8]
* [7]


### Merging Chains  eval_expand_pre_bb0_in/3 into  External patterns of execution 
* [[8]] --> 1 
* [[7]] --> 2 


### Specialization of cost equations eval_expand_pre_start/3 
* CE 2 is refined into CE [10,11] 


#### Refined cost equations eval_expand_pre_start/3 
* CE 10: eval_expand_pre_start(V_option,V__numpflags,B) = 0+ eval_expand_pre_bb0_in(V_option,V__numpflags,B):1
     [0>=V__numpflags] 
* CE 11: eval_expand_pre_start(V_option,V__numpflags,B) = 0+ eval_expand_pre_bb0_in(V_option,V__numpflags,B):2
     [V__numpflags>=1] 

### Cost equations --> "Loop" of eval_expand_pre_start/3 
* CEs [11] --> Loop 9 
* CEs [10] --> Loop 10 

#### Loops of eval_expand_pre_start/3 
* Loop 9: eval_expand_pre_start(V_option,V__numpflags,B) [V__numpflags>=1] 
* Loop 10: eval_expand_pre_start(V_option,V__numpflags,B) [0>=V__numpflags] 

### Ranking functions of CR eval_expand_pre_start(V_option,V__numpflags,B) 

#### Partial ranking functions of CR eval_expand_pre_start(V_option,V__numpflags,B) 


### Resulting Chains:eval_expand_pre_start(V_option,V__numpflags,B) 
* [10]
* [9]


### Merging Chains  eval_expand_pre_start/3 into  External patterns of execution 
* [[10]] --> 1 
* [[9]] --> 2 


Computing Bounds
=====================================

#### Cost of loops [5] 

 * loop 5:eval_expand_pre_bb1_in(V_option,V__numpflags,V_entcount_0,B) -> [eval_expand_pre_bb1_in(V_option',V__numpflags',V_entcount_0',B')] 
1
#### Cost of phase [5]:eval_expand_pre_bb1_in(V_option,V__numpflags,V_entcount_0,B) -> [eval_expand_pre_bb1_in(V_option',V__numpflags',V_entcount_0',B')] 
1*it(5)+0
  Such that:it(5) =< V_entcount_0
it(5) =< V_entcount_0-V_entcount_0'

#### Cost of chains of eval_expand_pre_bb1_in(V_option,V__numpflags,V_entcount_0,B):
* Chain [[5],6]: 1*it(5)+0
  Such that:it(5) =< V_entcount_0

  with precondition: [B=2,V_entcount_0>=1,V__numpflags>=V_entcount_0] 

* Chain [6]: 0
  with precondition: [B=2,0>=V_entcount_0,V__numpflags>=V_entcount_0] 


#### Cost of chains of eval_expand_pre_bb0_in(V_option,V__numpflags,B):
* Chain [8]: 1
  with precondition: [0>=V__numpflags] 

* Chain [7]: 1*s(1)+1
  Such that:s(1) =< V__numpflags

  with precondition: [V__numpflags>=1] 


#### Cost of chains of eval_expand_pre_start(V_option,V__numpflags,B):
* Chain [10]: 1
  with precondition: [0>=V__numpflags] 

* Chain [9]: 1*s(2)+1
  Such that:s(2) =< V__numpflags

  with precondition: [V__numpflags>=1] 


Closed-form bounds of eval_expand_pre_start(V_option,V__numpflags,B): 
-------------------------------------
* Chain [10] with precondition: [0>=V__numpflags] 
    - Upper bound: 1 
    - Complexity: constant 
* Chain [9] with precondition: [V__numpflags>=1] 
    - Upper bound: V__numpflags+1 
    - Complexity: n 

### Maximum cost of eval_expand_pre_start(V_option,V__numpflags,B): nat(V__numpflags)+1 
Asymptotic class: n 

Time statistics: 
-------------------------------------
* Partial evaluation computed in 17 ms.
* Invariants computed in 22 ms.
   - Backward Invariants 9 ms.
   - Transitive Invariants 5 ms.
* Refinement performed in 37 ms.
* Termination proved in 6 ms.
* Upper bounds computed in 30 ms.
   - Equation cost structures 13 ms.
   - Phase cost structures 8 ms.
   - Chain cost structures 8 ms.
   - Solving cost expressions 1 ms.
* Total analysis performed in 148 ms.

