Warning: Ignored call to eval_init_search_stop/1 in equation loop_cont_eval_init_search_bb3_in/2 

Preprocessing Cost Relations
=====================================

#### Computed strongly connected components 
0. recursive  : [eval_init_search_bb1_in/5]
1. recursive  : [eval_init_search_bb3_in/3]
2. non_recursive  : [loop_cont_eval_init_search_bb3_in/2]
3. non_recursive  : [loop_cont_eval_init_search_bb1_in/4]
4. non_recursive  : [eval_init_search_1/3]
5. non_recursive  : [eval_init_search_0/2]
6. non_recursive  : [eval_init_search_bb0_in/2]
7. non_recursive  : [eval_init_search_start/2]

#### Obtained direct recursion through partial evaluation 
0. SCC is partially evaluated into eval_init_search_bb1_in/5
1. SCC is partially evaluated into eval_init_search_bb3_in/3
2. SCC is completely evaluated into other SCCs
3. SCC is partially evaluated into loop_cont_eval_init_search_bb1_in/4
4. SCC is partially evaluated into eval_init_search_1/3
5. SCC is completely evaluated into other SCCs
6. SCC is completely evaluated into other SCCs
7. SCC is partially evaluated into eval_init_search_start/2

Control-Flow Refinement of Cost Relations
=====================================

### Specialization of cost equations eval_init_search_bb1_in/5 
* CE 5 is refined into CE [9] 
* CE 4 is refined into CE [10] 


#### Refined cost equations eval_init_search_bb1_in/5 
* CE 9: eval_init_search_bb1_in(A,B,C,A,D) = 0
     [B>=256,D=0,C=3] 
* CE 10: eval_init_search_bb1_in(V__len,V_i_0,B,C,D) = 1+ eval_init_search_bb1_in(V__len,E,B,C,D)
     [V_i_0>=0,255>=V_i_0,V_i_0+1=E] 

### Cost equations --> "Loop" of eval_init_search_bb1_in/5 
* CEs [10] --> Loop 8 
* CEs [9] --> Loop 9 

#### Loops of eval_init_search_bb1_in/5 
* Loop 8: eval_init_search_bb1_in(V__len,V_i_0,B,C,D)->  eval_init_search_bb1_in(V__len,V_i_0',B,C,D)
                  [V_i_0>=0,255>=V_i_0,V_i_0+1=V_i_0'] 
* Loop 9: eval_init_search_bb1_in(A,B,C,A,D) [B>=256,D=0,C=3] 

### Ranking functions of CR eval_init_search_bb1_in(V__len,V_i_0,B,C,D) 
* RF of phase [8]: [-V_i_0+256]

#### Partial ranking functions of CR eval_init_search_bb1_in(V__len,V_i_0,B,C,D) 
* Partial RF of phase [8]:
  - RF of loop [8:1]:
    -V_i_0+256


### Resulting Chains:eval_init_search_bb1_in(V__len,V_i_0,B,C,D) 
* [[8],9]


### Merging Chains  eval_init_search_bb1_in/5 into  External patterns of execution 
* [[9,[8]]] --> 1 


### Specialization of cost equations eval_init_search_bb3_in/3 
* CE 8 is refined into CE [11] 
* CE 7 is refined into CE [12] 


#### Refined cost equations eval_init_search_bb3_in/3 
* CE 11: eval_init_search_bb3_in(V__len,V_i_1,B) = 0
     [V_i_1>=V__len,B=2] 
* CE 12: eval_init_search_bb3_in(V__len,V_i_1,B) = 1+ eval_init_search_bb3_in(V__len,C,D)
     [V__len>=V_i_1+1,V_i_1+1=C,D=2,B=2] 

### Cost equations --> "Loop" of eval_init_search_bb3_in/3 
* CEs [12] --> Loop 10 
* CEs [11] --> Loop 11 

#### Loops of eval_init_search_bb3_in/3 
* Loop 10: eval_init_search_bb3_in(V__len,V_i_1,B)->  eval_init_search_bb3_in(V__len,V_i_1',B')
                  [V__len>=V_i_1+1,V_i_1+1=V_i_1',B'=2,B=2] 
* Loop 11: eval_init_search_bb3_in(V__len,V_i_1,B) [V_i_1>=V__len,B=2] 

### Ranking functions of CR eval_init_search_bb3_in(V__len,V_i_1,B) 
* RF of phase [10]: [V__len-V_i_1]

#### Partial ranking functions of CR eval_init_search_bb3_in(V__len,V_i_1,B) 
* Partial RF of phase [10]:
  - RF of loop [10:1]:
    V__len-V_i_1


### Resulting Chains:eval_init_search_bb3_in(V__len,V_i_1,B) 
* [[10],11]
* [11]


### Merging Chains  eval_init_search_bb3_in/3 into  External patterns of execution 
* [[11]] --> 1 
* [[11,[10]]] --> 2 


### Specialization of cost equations loop_cont_eval_init_search_bb1_in/4 
* CE 6 is refined into CE [13,14] 


#### Refined cost equations loop_cont_eval_init_search_bb1_in/4 
* CE 13: loop_cont_eval_init_search_bb1_in(F,A,B,C) = 1+ eval_init_search_bb3_in(A,B,G):1
     [B>=A,G=2,F=3] 
* CE 14: loop_cont_eval_init_search_bb1_in(F,A,B,C) = 1+ eval_init_search_bb3_in(A,B,G):2
     [A>=B+1,G=2,F=3] 

### Cost equations --> "Loop" of loop_cont_eval_init_search_bb1_in/4 
* CEs [14] --> Loop 12 
* CEs [13] --> Loop 13 

#### Loops of loop_cont_eval_init_search_bb1_in/4 
* Loop 12: loop_cont_eval_init_search_bb1_in(F,A,B,C) [A>=B+1,F=3] 
* Loop 13: loop_cont_eval_init_search_bb1_in(F,A,B,C) [B>=A,F=3] 

### Ranking functions of CR loop_cont_eval_init_search_bb1_in(F,A,B,C) 

#### Partial ranking functions of CR loop_cont_eval_init_search_bb1_in(F,A,B,C) 


### Resulting Chains:loop_cont_eval_init_search_bb1_in(F,A,B,C) 
* [13]
* [12]


### Merging Chains  loop_cont_eval_init_search_bb1_in/4 into  External patterns of execution 
* [[13]] --> 1 
* [[12]] --> 2 


### Specialization of cost equations eval_init_search_1/3 
* CE 3 is refined into CE [15,16] 


#### Refined cost equations eval_init_search_1/3 
* CE 15: eval_init_search_1(V__len,V_0,B) = 1+ eval_init_search_bb1_in(V_0,C,D,V_0,E):1+ loop_cont_eval_init_search_bb1_in(F,V_0,G,B):1
     [0>=V_0,G=0,F=3,E=0,D=3,C=0] 
* CE 16: eval_init_search_1(V__len,V_0,B) = 1+ eval_init_search_bb1_in(V_0,C,D,V_0,E):1+ loop_cont_eval_init_search_bb1_in(F,V_0,G,B):2
     [V_0>=1,G=0,F=3,E=0,D=3,C=0] 

### Cost equations --> "Loop" of eval_init_search_1/3 
* CEs [16] --> Loop 14 
* CEs [15] --> Loop 15 

#### Loops of eval_init_search_1/3 
* Loop 14: eval_init_search_1(V__len,V_0,B) [V_0>=1] 
* Loop 15: eval_init_search_1(V__len,V_0,B) [0>=V_0] 

### Ranking functions of CR eval_init_search_1(V__len,V_0,B) 

#### Partial ranking functions of CR eval_init_search_1(V__len,V_0,B) 


### Resulting Chains:eval_init_search_1(V__len,V_0,B) 
* [15]
* [14]


### Merging Chains  eval_init_search_1/3 into  External patterns of execution 
* [[15]] --> 1 
* [[14]] --> 2 


### Specialization of cost equations eval_init_search_start/2 
* CE 2 is refined into CE [17,18] 


#### Refined cost equations eval_init_search_start/2 
* CE 17: eval_init_search_start(V__len,B) = 0+ eval_init_search_1(V__len,C,B):1
     [0>=C] 
* CE 18: eval_init_search_start(V__len,B) = 0+ eval_init_search_1(V__len,C,B):2
     [C>=1] 

### Cost equations --> "Loop" of eval_init_search_start/2 
* CEs [17,18] --> Loop 16 

#### Loops of eval_init_search_start/2 
* Loop 16: eval_init_search_start(V__len,B) [] 

### Ranking functions of CR eval_init_search_start(V__len,B) 

#### Partial ranking functions of CR eval_init_search_start(V__len,B) 


### Resulting Chains:eval_init_search_start(V__len,B) 
* [16]


### Merging Chains  eval_init_search_start/2 into  External patterns of execution 
* [[16]] --> 1 


Computing Bounds
=====================================

#### Cost of loops [8] 

 * loop 8:eval_init_search_bb1_in(V__len,V_i_0,B,C,D) -> [eval_init_search_bb1_in(V__len',V_i_0',B',C',D')] 
1
#### Cost of phase [8]:eval_init_search_bb1_in(V__len,V_i_0,B,C,D) -> [eval_init_search_bb1_in(V__len',V_i_0',B',C',D')] 
1*it(8)+0
  Such that:it(8) =< -V_i_0+256
it(8) =< -V_i_0+V_i_0'

#### Cost of chains of eval_init_search_bb1_in(V__len,V_i_0,B,C,D):
* Chain [[8],9]: 1*it(8)+0
  Such that:it(8) =< -V_i_0+256

  with precondition: [B=3,D=0,V__len=C,255>=V_i_0,V_i_0>=0] 


#### Cost of loops [10] 

 * loop 10:eval_init_search_bb3_in(V__len,V_i_1,B) -> [eval_init_search_bb3_in(V__len',V_i_1',B')] 
1
#### Cost of phase [10]:eval_init_search_bb3_in(V__len,V_i_1,B) -> [eval_init_search_bb3_in(V__len',V_i_1',B')] 
1*it(10)+0
  Such that:it(10) =< V__len-V_i_1
it(10) =< V__len-V_i_1-V__len'+V_i_1'

#### Cost of chains of eval_init_search_bb3_in(V__len,V_i_1,B):
* Chain [[10],11]: 1*it(10)+0
  Such that:it(10) =< V__len-V_i_1

  with precondition: [B=2,V__len>=V_i_1+1] 

* Chain [11]: 0
  with precondition: [B=2,V_i_1>=V__len] 


#### Cost of chains of loop_cont_eval_init_search_bb1_in(F,A,B,C):
* Chain [13]: 1
  with precondition: [F=3,B>=A] 

* Chain [12]: 1*s(1)+1
  Such that:s(1) =< A-B

  with precondition: [F=3,A>=B+1] 


#### Cost of chains of eval_init_search_1(V__len,V_0,B):
* Chain [15]: 1*s(2)+2
  Such that:s(2) =< 256

  with precondition: [0>=V_0] 

* Chain [14]: 1*s(3)+1*s(4)+2
  Such that:s(3) =< 256
s(4) =< V_0

  with precondition: [V_0>=1] 


#### Cost of chains of eval_init_search_start(V__len,B):
* Chain [16]: 1*aux(2)+0
  with precondition: [] 


Closed-form bounds of eval_init_search_start(V__len,B): 
-------------------------------------
* Chain [16] with precondition: [] 
    - Upper bound: inf 
    - Complexity: infinity 

### Maximum cost of eval_init_search_start(V__len,B): inf 
Asymptotic class: infinity 

Time statistics: 
-------------------------------------
* Partial evaluation computed in 18 ms.
* Invariants computed in 34 ms.
   - Backward Invariants 15 ms.
   - Transitive Invariants 10 ms.
* Refinement performed in 70 ms.
* Termination proved in 13 ms.
* Upper bounds computed in 52 ms.
   - Equation cost structures 24 ms.
   - Phase cost structures 15 ms.
   - Chain cost structures 14 ms.
   - Solving cost expressions 0 ms.
* Total analysis performed in 230 ms.

