Warning: Ignored call to eval_zcolor_remap_one_store_stop/1 in equation eval_zcolor_remap_one_store_bb9_in/1 

Preprocessing Cost Relations
=====================================

#### Computed strongly connected components 
0. recursive  : [eval_zcolor_remap_one_store_7/3,eval_zcolor_remap_one_store_8/3,eval_zcolor_remap_one_store_9/3,eval_zcolor_remap_one_store_bb2_in/2,eval_zcolor_remap_one_store_bb7_in/3]
1. non_recursive  : [eval_zcolor_remap_one_store_bb9_in/1]
2. non_recursive  : [eval_zcolor_remap_one_store_19/1]
3. non_recursive  : [eval_zcolor_remap_one_store_18/1]
4. non_recursive  : [loop_cont_eval_zcolor_remap_one_store_bb2_in/2]
5. non_recursive  : [eval_zcolor_remap_one_store_1/1]
6. non_recursive  : [eval_zcolor_remap_one_store_0/1]
7. non_recursive  : [eval_zcolor_remap_one_store_bb0_in/1]
8. non_recursive  : [eval_zcolor_remap_one_store_start/1]

#### Obtained direct recursion through partial evaluation 
0. SCC is partially evaluated into eval_zcolor_remap_one_store_bb2_in/2
1. SCC is completely evaluated into other SCCs
2. SCC is completely evaluated into other SCCs
3. SCC is completely evaluated into other SCCs
4. SCC is partially evaluated into loop_cont_eval_zcolor_remap_one_store_bb2_in/2
5. SCC is partially evaluated into eval_zcolor_remap_one_store_1/1
6. SCC is completely evaluated into other SCCs
7. SCC is completely evaluated into other SCCs
8. SCC is partially evaluated into eval_zcolor_remap_one_store_start/1

Control-Flow Refinement of Cost Relations
=====================================

### Specialization of cost equations eval_zcolor_remap_one_store_bb2_in/2 
* CE 7 is refined into CE [10] 
* CE 5 is refined into CE [11] 
* CE 6 is refined into CE [12] 


#### Refined cost equations eval_zcolor_remap_one_store_bb2_in/2 
* CE 10: eval_zcolor_remap_one_store_bb2_in(V_i_0,B) = 0
     [V_i_0>=256,B=3] 
* CE 11: eval_zcolor_remap_one_store_bb2_in(V_i_0,B) = 0
     [V_i_0>=0,255>=V_i_0,B=2] 
* CE 12: eval_zcolor_remap_one_store_bb2_in(V_i_0,B) = 1+ eval_zcolor_remap_one_store_bb2_in(C,B)
     [V_i_0>=0,255>=V_i_0,V_i_0+1=C] 

### Cost equations --> "Loop" of eval_zcolor_remap_one_store_bb2_in/2 
* CEs [12] --> Loop 8 
* CEs [10] --> Loop 9 
* CEs [11] --> Loop 10 

#### Loops of eval_zcolor_remap_one_store_bb2_in/2 
* Loop 8: eval_zcolor_remap_one_store_bb2_in(V_i_0,B)->  eval_zcolor_remap_one_store_bb2_in(V_i_0',B)
                  [V_i_0>=0,255>=V_i_0,V_i_0+1=V_i_0'] 
* Loop 9: eval_zcolor_remap_one_store_bb2_in(V_i_0,B) [V_i_0>=256,B=3] 
* Loop 10: eval_zcolor_remap_one_store_bb2_in(V_i_0,B) [V_i_0>=0,255>=V_i_0,B=2] 

### Ranking functions of CR eval_zcolor_remap_one_store_bb2_in(V_i_0,B) 
* RF of phase [8]: [-V_i_0+256]

#### Partial ranking functions of CR eval_zcolor_remap_one_store_bb2_in(V_i_0,B) 
* Partial RF of phase [8]:
  - RF of loop [8:1]:
    -V_i_0+256


### Resulting Chains:eval_zcolor_remap_one_store_bb2_in(V_i_0,B) 
* [[8],10]
* [[8],9]
* [10]


### Merging Chains  eval_zcolor_remap_one_store_bb2_in/2 into  External patterns of execution 
* [[10],[10,[8]]] --> 1 
* [[9,[8]]] --> 2 


### Specialization of cost equations loop_cont_eval_zcolor_remap_one_store_bb2_in/2 
* CE 9 is refined into CE [13] 
* CE 8 is refined into CE [14] 


#### Refined cost equations loop_cont_eval_zcolor_remap_one_store_bb2_in/2 
* CE 13: loop_cont_eval_zcolor_remap_one_store_bb2_in(B,A) = 0
     [B=3] 
* CE 14: loop_cont_eval_zcolor_remap_one_store_bb2_in(B,A) = 0
     [B=2] 

### Cost equations --> "Loop" of loop_cont_eval_zcolor_remap_one_store_bb2_in/2 
* CEs [13] --> Loop 11 
* CEs [14] --> Loop 12 

#### Loops of loop_cont_eval_zcolor_remap_one_store_bb2_in/2 
* Loop 11: loop_cont_eval_zcolor_remap_one_store_bb2_in(B,A) [B=3] 
* Loop 12: loop_cont_eval_zcolor_remap_one_store_bb2_in(B,A) [B=2] 

### Ranking functions of CR loop_cont_eval_zcolor_remap_one_store_bb2_in(B,A) 

#### Partial ranking functions of CR loop_cont_eval_zcolor_remap_one_store_bb2_in(B,A) 


### Resulting Chains:loop_cont_eval_zcolor_remap_one_store_bb2_in(B,A) 
* [12]
* [11]


### Merging Chains  loop_cont_eval_zcolor_remap_one_store_bb2_in/2 into  External patterns of execution 
* [[12]] --> 1 
* [[11]] --> 2 


### Specialization of cost equations eval_zcolor_remap_one_store_1/1 
* CE 3 is refined into CE [15] 
* CE 4 is refined into CE [16,17] 


#### Refined cost equations eval_zcolor_remap_one_store_1/1 
* CE 15: eval_zcolor_remap_one_store_1(B) = 0
     [] 
* CE 16: eval_zcolor_remap_one_store_1(B) = 1+ eval_zcolor_remap_one_store_bb2_in(C,D):1+ loop_cont_eval_zcolor_remap_one_store_bb2_in(E,B):1
     [E=2,D=2,C=0] 
* CE 17: eval_zcolor_remap_one_store_1(B) = 1+ eval_zcolor_remap_one_store_bb2_in(C,D):2+ loop_cont_eval_zcolor_remap_one_store_bb2_in(E,B):2
     [E=3,D=3,C=0] 

### Cost equations --> "Loop" of eval_zcolor_remap_one_store_1/1 
* CEs [15,16,17] --> Loop 13 

#### Loops of eval_zcolor_remap_one_store_1/1 
* Loop 13: eval_zcolor_remap_one_store_1(B) [] 

### Ranking functions of CR eval_zcolor_remap_one_store_1(B) 

#### Partial ranking functions of CR eval_zcolor_remap_one_store_1(B) 


### Resulting Chains:eval_zcolor_remap_one_store_1(B) 
* [13]


### Merging Chains  eval_zcolor_remap_one_store_1/1 into  External patterns of execution 
* [[13]] --> 1 


### Specialization of cost equations eval_zcolor_remap_one_store_start/1 
* CE 2 is refined into CE [18] 


#### Refined cost equations eval_zcolor_remap_one_store_start/1 
* CE 18: eval_zcolor_remap_one_store_start(B) = 0+ eval_zcolor_remap_one_store_1(B):1
     [] 

### Cost equations --> "Loop" of eval_zcolor_remap_one_store_start/1 
* CEs [18] --> Loop 14 

#### Loops of eval_zcolor_remap_one_store_start/1 
* Loop 14: eval_zcolor_remap_one_store_start(B) [] 

### Ranking functions of CR eval_zcolor_remap_one_store_start(B) 

#### Partial ranking functions of CR eval_zcolor_remap_one_store_start(B) 


### Resulting Chains:eval_zcolor_remap_one_store_start(B) 
* [14]


### Merging Chains  eval_zcolor_remap_one_store_start/1 into  External patterns of execution 
* [[14]] --> 1 


Computing Bounds
=====================================

#### Cost of loops [8] 

 * loop 8:eval_zcolor_remap_one_store_bb2_in(V_i_0,B) -> [eval_zcolor_remap_one_store_bb2_in(V_i_0',B')] 
1
#### Cost of phase [8]:eval_zcolor_remap_one_store_bb2_in(V_i_0,B) -> [eval_zcolor_remap_one_store_bb2_in(V_i_0',B')] 
1*it(8)+0
  Such that:it(8) =< -V_i_0+256
it(8) =< -V_i_0+V_i_0'

#### Cost of phase [8]:eval_zcolor_remap_one_store_bb2_in(V_i_0,B) -> [eval_zcolor_remap_one_store_bb2_in(V_i_0',B')] 
1*it(8)+0
  Such that:it(8) =< -V_i_0+256
it(8) =< -V_i_0+V_i_0'

#### Cost of chains of eval_zcolor_remap_one_store_bb2_in(V_i_0,B):
* Chain [[8],10]: 1*it(8)+0
  Such that:it(8) =< -V_i_0+255

  with precondition: [B=2,254>=V_i_0,V_i_0>=0] 

* Chain [[8],9]: 1*it(8)+0
  Such that:it(8) =< -V_i_0+256

  with precondition: [B=3,255>=V_i_0,V_i_0>=0] 

* Chain [10]: 0
  with precondition: [B=2,255>=V_i_0,V_i_0>=0] 


#### Cost of chains of loop_cont_eval_zcolor_remap_one_store_bb2_in(B,A):
* Chain [12]: 0
  with precondition: [B=2] 

* Chain [11]: 0
  with precondition: [B=3] 


#### Cost of chains of eval_zcolor_remap_one_store_1(B):
* Chain [13]: 512
  with precondition: [] 


#### Cost of chains of eval_zcolor_remap_one_store_start(B):
* Chain [14]: 512
  with precondition: [] 


Closed-form bounds of eval_zcolor_remap_one_store_start(B): 
-------------------------------------
* Chain [14] with precondition: [] 
    - Upper bound: 512 
    - Complexity: constant 

### Maximum cost of eval_zcolor_remap_one_store_start(B): 512 
Asymptotic class: constant 

Time statistics: 
-------------------------------------
* Partial evaluation computed in 20 ms.
* Invariants computed in 20 ms.
   - Backward Invariants 12 ms.
   - Transitive Invariants 3 ms.
* Refinement performed in 33 ms.
* Termination proved in 5 ms.
* Upper bounds computed in 29 ms.
   - Equation cost structures 11 ms.
   - Phase cost structures 6 ms.
   - Chain cost structures 11 ms.
   - Solving cost expressions 0 ms.
* Total analysis performed in 140 ms.

