Warning: Ignored call to eval_toutent_stop/1 in equation loop_cont_eval_toutent_bb3_in/2 

Preprocessing Cost Relations
=====================================

#### Computed strongly connected components 
0. recursive  : [eval_toutent_11/2,eval_toutent_12/2,eval_toutent_13/2,eval_toutent_14/2,eval_toutent_18/2,eval_toutent_19/2,eval_toutent_20/2,eval_toutent_21/2,eval_toutent_22/2,eval_toutent_23/2,eval_toutent_27/2,eval_toutent_28/2,eval_toutent_29/2,eval_toutent_30/2,eval_toutent_31/2,eval_toutent_NewDefault_in/2,eval_toutent_bb11_in/2,eval_toutent_bb3_in/2,eval_toutent_bb5_in/2]
1. non_recursive  : [loop_cont_eval_toutent_bb3_in/2]
2. non_recursive  : [eval_toutent_bb2_in/2]
3. non_recursive  : [eval_toutent_4/2]
4. non_recursive  : [eval_toutent_3/2]
5. non_recursive  : [eval_toutent_1/2]
6. non_recursive  : [eval_toutent_0/2]
7. non_recursive  : [eval_toutent_bb0_in/2]
8. non_recursive  : [eval_toutent_start/3]

#### Obtained direct recursion through partial evaluation 
0. SCC is partially evaluated into eval_toutent_bb3_in/2
1. SCC is completely evaluated into other SCCs
2. SCC is partially evaluated into eval_toutent_bb2_in/2
3. SCC is completely evaluated into other SCCs
4. SCC is completely evaluated into other SCCs
5. SCC is partially evaluated into eval_toutent_1/2
6. SCC is completely evaluated into other SCCs
7. SCC is completely evaluated into other SCCs
8. SCC is partially evaluated into eval_toutent_start/3

Control-Flow Refinement of Cost Relations
=====================================

### Specialization of cost equations eval_toutent_bb3_in/2 
* CE 6 is refined into CE [7] 
* CE 5 is refined into CE [8] 


#### Refined cost equations eval_toutent_bb3_in/2 
* CE 7: eval_toutent_bb3_in(V__cbench_print,B) = 1+ eval_toutent_bb3_in(V__cbench_print,C)
     [C=2,B=2] 
* CE 8: eval_toutent_bb3_in(V__cbench_print,B) = 0
     [B=2] 

### Cost equations --> "Loop" of eval_toutent_bb3_in/2 
* CEs [8] --> Loop 6 
* CEs [7] --> Loop 7 

#### Loops of eval_toutent_bb3_in/2 
* Loop 6: eval_toutent_bb3_in(V__cbench_print,B) [B=2] 
* Loop 7: eval_toutent_bb3_in(V__cbench_print,B)->  eval_toutent_bb3_in(V__cbench_print,B')
                  [B'=2,B=2] 

### Ranking functions of CR eval_toutent_bb3_in(V__cbench_print,B) 

#### Partial ranking functions of CR eval_toutent_bb3_in(V__cbench_print,B) 


### Resulting Chains:eval_toutent_bb3_in(V__cbench_print,B) 
* [[7]]...
* [[7],6]
* [6]


### Merging Chains  eval_toutent_bb3_in/2 into  External patterns of execution 
* [[6],[6,[7]]] --> 1 
* [[[7]]] --> 2 


### Specialization of cost equations eval_toutent_bb2_in/2 
* CE 4 is refined into CE [9,10] 


#### Refined cost equations eval_toutent_bb2_in/2 
* CE 9: eval_toutent_bb2_in(V__cbench_print,B) = 1+ eval_toutent_bb3_in(V__cbench_print,C):1
     [C=2] 
* CE 10: eval_toutent_bb2_in(V__cbench_print,B) = 1+ eval_toutent_bb3_in(V__cbench_print,C):2
     [C=2] 

### Cost equations --> "Loop" of eval_toutent_bb2_in/2 
* CEs [10] --> Loop 8 
* CEs [9] --> Loop 9 

#### Loops of eval_toutent_bb2_in/2 
* Loop 8: eval_toutent_bb2_in(V__cbench_print,B) [] 
* Loop 9: eval_toutent_bb2_in(V__cbench_print,B) [] 

### Ranking functions of CR eval_toutent_bb2_in(V__cbench_print,B) 

#### Partial ranking functions of CR eval_toutent_bb2_in(V__cbench_print,B) 


### Resulting Chains:eval_toutent_bb2_in(V__cbench_print,B) 
* [9]
* [8]...


### Merging Chains  eval_toutent_bb2_in/2 into  External patterns of execution 
* [[9]] --> 1 
* [[8]] --> 2 


### Specialization of cost equations eval_toutent_1/2 
* CE 3 is refined into CE [11,12] 


#### Refined cost equations eval_toutent_1/2 
* CE 11: eval_toutent_1(V__cbench_print,B) = 0+ eval_toutent_bb2_in(V__cbench_print,B):1
     [] 
* CE 12: eval_toutent_1(V__cbench_print,B) = 0+ eval_toutent_bb2_in(V__cbench_print,B):2
     [] 

### Cost equations --> "Loop" of eval_toutent_1/2 
* CEs [12] --> Loop 10 
* CEs [11] --> Loop 11 

#### Loops of eval_toutent_1/2 
* Loop 10: eval_toutent_1(V__cbench_print,B) [] 
* Loop 11: eval_toutent_1(V__cbench_print,B) [] 

### Ranking functions of CR eval_toutent_1(V__cbench_print,B) 

#### Partial ranking functions of CR eval_toutent_1(V__cbench_print,B) 


### Resulting Chains:eval_toutent_1(V__cbench_print,B) 
* [11]
* [10]...


### Merging Chains  eval_toutent_1/2 into  External patterns of execution 
* [[11]] --> 1 
* [[10]] --> 2 


### Specialization of cost equations eval_toutent_start/3 
* CE 2 is refined into CE [13,14] 


#### Refined cost equations eval_toutent_start/3 
* CE 13: eval_toutent_start(V_onlykeep,V__cbench_print,B) = 0+ eval_toutent_1(V__cbench_print,B):1
     [] 
* CE 14: eval_toutent_start(V_onlykeep,V__cbench_print,B) = 0+ eval_toutent_1(V__cbench_print,B):2
     [] 

### Cost equations --> "Loop" of eval_toutent_start/3 
* CEs [14] --> Loop 12 
* CEs [13] --> Loop 13 

#### Loops of eval_toutent_start/3 
* Loop 12: eval_toutent_start(V_onlykeep,V__cbench_print,B) [] 
* Loop 13: eval_toutent_start(V_onlykeep,V__cbench_print,B) [] 

### Ranking functions of CR eval_toutent_start(V_onlykeep,V__cbench_print,B) 

#### Partial ranking functions of CR eval_toutent_start(V_onlykeep,V__cbench_print,B) 


### Resulting Chains:eval_toutent_start(V_onlykeep,V__cbench_print,B) 
* [13]
* [12]...


### Merging Chains  eval_toutent_start/3 into  External patterns of execution 
* [[13]] --> 1 
* [[12]] --> 2 


Computing Bounds
=====================================

#### Cost of loops [7] 

 * loop 7:eval_toutent_bb3_in(V__cbench_print,B) -> [eval_toutent_bb3_in(V__cbench_print',B')] 
1
#### Cost of phase [7]:eval_toutent_bb3_in(V__cbench_print,B) -> [eval_toutent_bb3_in(V__cbench_print',B')] 
1*it(7)+0
#### Cost of phase [7]:eval_toutent_bb3_in(V__cbench_print,B) -> [eval_toutent_bb3_in(V__cbench_print',B')] 
1*it(7)+0
#### Cost of chains of eval_toutent_bb3_in(V__cbench_print,B):
* Chain [[7]]...: 1*it(7)+0
  with precondition: [B=2] 

* Chain [[7],6]: 1*it(7)+0
  with precondition: [B=2] 

* Chain [6]: 0
  with precondition: [B=2] 


#### Cost of chains of eval_toutent_bb2_in(V__cbench_print,B):
* Chain [9]: 1*s(2)+1
  with precondition: [] 

* Chain [8]...: 1*s(3)+1
  with precondition: [] 


#### Cost of chains of eval_toutent_1(V__cbench_print,B):
* Chain [11]: 1*s(4)+1
  with precondition: [] 

* Chain [10]...: 1*s(5)+1
  with precondition: [] 


#### Cost of chains of eval_toutent_start(V_onlykeep,V__cbench_print,B):
* Chain [13]: 1*s(6)+1
  with precondition: [] 

* Chain [12]...: 1*s(7)+1
  with precondition: [] 


Closed-form bounds of eval_toutent_start(V_onlykeep,V__cbench_print,B): 
-------------------------------------
* Chain [13] with precondition: [] 
    - Upper bound: inf 
    - Complexity: infinity 
* Chain [12]... with precondition: [] 
    - Upper bound: inf 
    - Complexity: infinity 

### Maximum cost of eval_toutent_start(V_onlykeep,V__cbench_print,B): inf 
Asymptotic class: infinity 

Time statistics: 
-------------------------------------
* Partial evaluation computed in 10 ms.
* Invariants computed in 4 ms.
   - Backward Invariants 3 ms.
   - Transitive Invariants 0 ms.
* Refinement performed in 7 ms.
* Termination proved in 0 ms.
* Upper bounds computed in 6 ms.
   - Equation cost structures 1 ms.
   - Phase cost structures 1 ms.
   - Chain cost structures 2 ms.
   - Solving cost expressions 0 ms.
* Total analysis performed in 42 ms.

