Warning: Ignored call to eval_heap_available_stop/1 in equation loop_cont_eval_heap_available_bb4_in/2 

Preprocessing Cost Relations
=====================================

#### Computed strongly connected components 
0. recursive  : [eval_heap_available_0/3,eval_heap_available_1/3,eval_heap_available_bb1_in/3]
1. recursive  : [eval_heap_available_10/3,eval_heap_available_9/3,eval_heap_available_bb4_in/2]
2. non_recursive  : [loop_cont_eval_heap_available_bb4_in/2]
3. non_recursive  : [loop_cont_eval_heap_available_bb1_in/3]
4. non_recursive  : [eval_heap_available_bb0_in/1]
5. non_recursive  : [eval_heap_available_start/1]

#### Obtained direct recursion through partial evaluation 
0. SCC is partially evaluated into eval_heap_available_bb1_in/3
1. SCC is partially evaluated into eval_heap_available_bb4_in/2
2. SCC is completely evaluated into other SCCs
3. SCC is partially evaluated into loop_cont_eval_heap_available_bb1_in/3
4. SCC is partially evaluated into eval_heap_available_bb0_in/1
5. SCC is partially evaluated into eval_heap_available_start/1

Control-Flow Refinement of Cost Relations
=====================================

### Specialization of cost equations eval_heap_available_bb1_in/3 
* CE 6 is refined into CE [11] 
* CE 5 is refined into CE [12] 
* CE 4 is refined into CE [13] 


#### Refined cost equations eval_heap_available_bb1_in/3 
* CE 11: eval_heap_available_bb1_in(A,B,A) = 0
     [A>=20,B=3] 
* CE 12: eval_heap_available_bb1_in(A,B,A) = 0
     [A>=0,19>=A,B=3] 
* CE 13: eval_heap_available_bb1_in(V_n_0,B,C) = 1+ eval_heap_available_bb1_in(D,B,C)
     [V_n_0>=0,19>=V_n_0,V_n_0+1=D] 

### Cost equations --> "Loop" of eval_heap_available_bb1_in/3 
* CEs [13] --> Loop 10 
* CEs [11] --> Loop 11 
* CEs [12] --> Loop 12 

#### Loops of eval_heap_available_bb1_in/3 
* Loop 10: eval_heap_available_bb1_in(V_n_0,B,C)->  eval_heap_available_bb1_in(V_n_0',B,C)
                  [V_n_0>=0,19>=V_n_0,V_n_0+1=V_n_0'] 
* Loop 11: eval_heap_available_bb1_in(A,B,A) [A>=20,B=3] 
* Loop 12: eval_heap_available_bb1_in(A,B,A) [A>=0,19>=A,B=3] 

### Ranking functions of CR eval_heap_available_bb1_in(V_n_0,B,C) 
* RF of phase [10]: [-V_n_0+20]

#### Partial ranking functions of CR eval_heap_available_bb1_in(V_n_0,B,C) 
* Partial RF of phase [10]:
  - RF of loop [10:1]:
    -V_n_0+20


### Resulting Chains:eval_heap_available_bb1_in(V_n_0,B,C) 
* [[10],12]
* [[10],11]
* [12]


### Merging Chains  eval_heap_available_bb1_in/3 into  External patterns of execution 
* [[11,[10]]] --> 1 
* [[12]] --> 2 
* [[12,[10]]] --> 3 


### Specialization of cost equations eval_heap_available_bb4_in/2 
* CE 10 is refined into CE [14] 
* CE 8 is refined into CE [15] 
* CE 9 is refined into CE [16] 


#### Refined cost equations eval_heap_available_bb4_in/2 
* CE 14: eval_heap_available_bb4_in(V_n_1,B) = 0
     [B=2,V_n_1=0] 
* CE 15: eval_heap_available_bb4_in(V_n_1,B) = 1+ eval_heap_available_bb4_in(C,D)
     [V_n_1>=1,V_n_1=C+1,D=2,B=2] 
* CE 16: eval_heap_available_bb4_in(V_n_1,B) = 1+ eval_heap_available_bb4_in(C,D)
     [0>=V_n_1+1,V_n_1=C+1,D=2,B=2] 

### Cost equations --> "Loop" of eval_heap_available_bb4_in/2 
* CEs [15] --> Loop 13 
* CEs [16] --> Loop 14 
* CEs [14] --> Loop 15 

#### Loops of eval_heap_available_bb4_in/2 
* Loop 13: eval_heap_available_bb4_in(V_n_1,B)->  eval_heap_available_bb4_in(V_n_1',B')
                  [V_n_1>=1,V_n_1=V_n_1'+1,B'=2,B=2] 
* Loop 14: eval_heap_available_bb4_in(V_n_1,B)->  eval_heap_available_bb4_in(V_n_1',B')
                  [0>=V_n_1+1,V_n_1=V_n_1'+1,B'=2,B=2] 
* Loop 15: eval_heap_available_bb4_in(V_n_1,B) [B=2,V_n_1=0] 

### Ranking functions of CR eval_heap_available_bb4_in(V_n_1,B) 
* RF of phase [13]: [V_n_1]

#### Partial ranking functions of CR eval_heap_available_bb4_in(V_n_1,B) 
* Partial RF of phase [13]:
  - RF of loop [13:1]:
    V_n_1


### Resulting Chains:eval_heap_available_bb4_in(V_n_1,B) 
* [[14]]...
* [[13],15]
* [15]


### Merging Chains  eval_heap_available_bb4_in/2 into  External patterns of execution 
* [[15]] --> 1 
* [[15,[13]]] --> 2 
* [[[14]]] --> 3 


### Specialization of cost equations loop_cont_eval_heap_available_bb1_in/3 
* CE 7 is refined into CE [17,18,19] 


#### Refined cost equations loop_cont_eval_heap_available_bb1_in/3 
* CE 17: loop_cont_eval_heap_available_bb1_in(D,A,B) = 1+ eval_heap_available_bb4_in(E,F):1
     [F=2,E=0,A=0,D=3] 
* CE 18: loop_cont_eval_heap_available_bb1_in(D,A,B) = 1+ eval_heap_available_bb4_in(A,E):2
     [A>=1,E=2,D=3] 
* CE 19: loop_cont_eval_heap_available_bb1_in(D,A,B) = 1+ eval_heap_available_bb4_in(A,E):3
     [0>=A+1,E=2,D=3] 

### Cost equations --> "Loop" of loop_cont_eval_heap_available_bb1_in/3 
* CEs [19] --> Loop 16 
* CEs [18] --> Loop 17 
* CEs [17] --> Loop 18 

#### Loops of loop_cont_eval_heap_available_bb1_in/3 
* Loop 16: loop_cont_eval_heap_available_bb1_in(D,A,B) [0>=A+1,D=3] 
* Loop 17: loop_cont_eval_heap_available_bb1_in(D,A,B) [A>=1,D=3] 
* Loop 18: loop_cont_eval_heap_available_bb1_in(D,A,B) [A=0,D=3] 

### Ranking functions of CR loop_cont_eval_heap_available_bb1_in(D,A,B) 

#### Partial ranking functions of CR loop_cont_eval_heap_available_bb1_in(D,A,B) 


### Resulting Chains:loop_cont_eval_heap_available_bb1_in(D,A,B) 
* [18]
* [17]
* [16]...


### Merging Chains  loop_cont_eval_heap_available_bb1_in/3 into  External patterns of execution 
* [[18]] --> 1 
* [[17]] --> 2 
* [[16]] --> 3 


### Specialization of cost equations eval_heap_available_bb0_in/1 
* CE 3 is refined into CE [20,21,22] 


#### Refined cost equations eval_heap_available_bb0_in/1 
* CE 20: eval_heap_available_bb0_in(B) = 1+ eval_heap_available_bb1_in(C,D,E):1+ loop_cont_eval_heap_available_bb1_in(F,G,B):2
     [G=20,F=3,E=20,D=3,C=0] 
* CE 21: eval_heap_available_bb0_in(B) = 1+ eval_heap_available_bb1_in(C,D,E):2+ loop_cont_eval_heap_available_bb1_in(F,G,B):1
     [G=0,F=3,E=0,D=3,C=0] 
* CE 22: eval_heap_available_bb0_in(B) = 1+ eval_heap_available_bb1_in(C,D,E):3+ loop_cont_eval_heap_available_bb1_in(F,E,B):2
     [E>=1,19>=E,F=3,D=3,C=0] 

### Cost equations --> "Loop" of eval_heap_available_bb0_in/1 
* CEs [20,21,22] --> Loop 19 

#### Loops of eval_heap_available_bb0_in/1 
* Loop 19: eval_heap_available_bb0_in(B) [] 

### Ranking functions of CR eval_heap_available_bb0_in(B) 

#### Partial ranking functions of CR eval_heap_available_bb0_in(B) 


### Resulting Chains:eval_heap_available_bb0_in(B) 
* [19]


### Merging Chains  eval_heap_available_bb0_in/1 into  External patterns of execution 
* [[19]] --> 1 


### Specialization of cost equations eval_heap_available_start/1 
* CE 2 is refined into CE [23] 


#### Refined cost equations eval_heap_available_start/1 
* CE 23: eval_heap_available_start(B) = 0+ eval_heap_available_bb0_in(B):1
     [] 

### Cost equations --> "Loop" of eval_heap_available_start/1 
* CEs [23] --> Loop 20 

#### Loops of eval_heap_available_start/1 
* Loop 20: eval_heap_available_start(B) [] 

### Ranking functions of CR eval_heap_available_start(B) 

#### Partial ranking functions of CR eval_heap_available_start(B) 


### Resulting Chains:eval_heap_available_start(B) 
* [20]


### Merging Chains  eval_heap_available_start/1 into  External patterns of execution 
* [[20]] --> 1 


Computing Bounds
=====================================

#### Cost of loops [10] 

 * loop 10:eval_heap_available_bb1_in(V_n_0,B,C) -> [eval_heap_available_bb1_in(V_n_0',B',C')] 
1
#### Cost of phase [10]:eval_heap_available_bb1_in(V_n_0,B,C) -> [eval_heap_available_bb1_in(V_n_0',B',C')] 
1*it(10)+0
  Such that:it(10) =< -V_n_0+20
it(10) =< -V_n_0+V_n_0'

#### Cost of phase [10]:eval_heap_available_bb1_in(V_n_0,B,C) -> [eval_heap_available_bb1_in(V_n_0',B',C')] 
1*it(10)+0
  Such that:it(10) =< -V_n_0+20
it(10) =< -V_n_0+V_n_0'

#### Cost of chains of eval_heap_available_bb1_in(V_n_0,B,C):
* Chain [[10],12]: 1*it(10)+0
  Such that:it(10) =< -V_n_0+C

  with precondition: [B=3,19>=C,V_n_0>=0,C>=V_n_0+1] 

* Chain [[10],11]: 1*it(10)+0
  Such that:it(10) =< -V_n_0+20

  with precondition: [B=3,C=20,19>=V_n_0,V_n_0>=0] 

* Chain [12]: 0
  with precondition: [B=3,V_n_0=C,19>=V_n_0,V_n_0>=0] 


#### Cost of loops [14] 

 * loop 14:eval_heap_available_bb4_in(V_n_1,B) -> [eval_heap_available_bb4_in(V_n_1',B')] 
1
#### Cost of phase [14]:eval_heap_available_bb4_in(V_n_1,B) -> [eval_heap_available_bb4_in(V_n_1',B')] 
1*it(14)+0
#### Cost of loops [13] 

 * loop 13:eval_heap_available_bb4_in(V_n_1,B) -> [eval_heap_available_bb4_in(V_n_1',B')] 
1
#### Cost of phase [13]:eval_heap_available_bb4_in(V_n_1,B) -> [eval_heap_available_bb4_in(V_n_1',B')] 
1*it(13)+0
  Such that:it(13) =< V_n_1
it(13) =< V_n_1-V_n_1'

#### Cost of chains of eval_heap_available_bb4_in(V_n_1,B):
* Chain [[14]]...: 1*it(14)+0
  with precondition: [0>=V_n_1+1,B=2] 

* Chain [[13],15]: 1*it(13)+0
  Such that:it(13) =< V_n_1

  with precondition: [B=2,V_n_1>=1] 

* Chain [15]: 0
  with precondition: [V_n_1=0,B=2] 


#### Cost of chains of loop_cont_eval_heap_available_bb1_in(D,A,B):
* Chain [18]: 1
  with precondition: [D=3,A=0] 

* Chain [17]: 1*s(1)+1
  Such that:s(1) =< A

  with precondition: [D=3,A>=1] 

* Chain [16]...: 1*s(2)+1
  with precondition: [D=3,0>=A+1] 


#### Cost of chains of eval_heap_available_bb0_in(B):
* Chain [19]: 80
  with precondition: [] 


#### Cost of chains of eval_heap_available_start(B):
* Chain [20]: 80
  with precondition: [] 


Closed-form bounds of eval_heap_available_start(B): 
-------------------------------------
* Chain [20] with precondition: [] 
    - Upper bound: 80 
    - Complexity: constant 

### Maximum cost of eval_heap_available_start(B): 80 
Asymptotic class: constant 

Time statistics: 
-------------------------------------
* Partial evaluation computed in 24 ms.
* Invariants computed in 44 ms.
   - Backward Invariants 22 ms.
   - Transitive Invariants 10 ms.
* Refinement performed in 79 ms.
* Termination proved in 9 ms.
* Upper bounds computed in 60 ms.
   - Equation cost structures 23 ms.
   - Phase cost structures 17 ms.
   - Chain cost structures 21 ms.
   - Solving cost expressions 0 ms.
* Total analysis performed in 266 ms.

