Warning: Ignored call to eval_skiptoword_stop/1 in equation eval_skiptoword_bb74_in/1 

Preprocessing Cost Relations
=====================================

#### Computed strongly connected components 
0. recursive  : [eval_skiptoword_bb70_in/19]
1. recursive  : [eval_skiptoword_bb17_in/19,eval_skiptoword_bb21_in/19,eval_skiptoword_bb22_in/19]
2. recursive  : [eval_skiptoword_12/12,eval_skiptoword_125/12,eval_skiptoword_126/12,eval_skiptoword_127/12,eval_skiptoword_128/12,eval_skiptoword_13/12,eval_skiptoword_136/12,eval_skiptoword_137/12,eval_skiptoword_145/12,eval_skiptoword_146/12,eval_skiptoword_148/12,eval_skiptoword_149/12,eval_skiptoword_51/12,eval_skiptoword_52/12,eval_skiptoword_56/12,eval_skiptoword_57/12,eval_skiptoword_85/12,eval_skiptoword_86/12,eval_skiptoword_95/12,eval_skiptoword_96/12,eval_skiptoword_NewDefault_in/12,eval_skiptoword__critedge1_in/12,eval_skiptoword_bb14_in/12,eval_skiptoword_bb16_in/12,eval_skiptoword_bb1_in/12,eval_skiptoword_bb27_in/12,eval_skiptoword_bb30_in/12,eval_skiptoword_bb35_in/12,eval_skiptoword_bb39_in/12,eval_skiptoword_bb41_in/12,eval_skiptoword_bb44_in/12,eval_skiptoword_bb48_in/12,eval_skiptoword_bb4_in/12,eval_skiptoword_bb56_in/12,eval_skiptoword_bb57_in/12,eval_skiptoword_bb5_in/12,eval_skiptoword_bb65_in/12,eval_skiptoword_bb68_in/12,eval_skiptoword_bb72_in/12,loop_cont_eval_skiptoword_bb17_in/13,loop_cont_eval_skiptoword_bb70_in/13]
3. non_recursive  : [eval_skiptoword_bb74_in/1]
4. non_recursive  : [eval_skiptoword__critedge_in/3]
5. non_recursive  : [loop_cont_eval_skiptoword_bb1_in/4]
6. non_recursive  : [eval_skiptoword_3/10]
7. non_recursive  : [eval_skiptoword_2/10]
8. non_recursive  : [eval_skiptoword_1/10]
9. non_recursive  : [eval_skiptoword_bb0_in/10]
10. non_recursive  : [eval_skiptoword_start/10]

#### Obtained direct recursion through partial evaluation 
0. SCC is partially evaluated into eval_skiptoword_bb70_in/19
1. SCC is partially evaluated into eval_skiptoword_bb17_in/19
2. SCC is partially evaluated into eval_skiptoword_bb1_in/12
3. SCC is completely evaluated into other SCCs
4. SCC is completely evaluated into other SCCs
5. SCC is completely evaluated into other SCCs
6. SCC is partially evaluated into eval_skiptoword_3/10
7. SCC is completely evaluated into other SCCs
8. SCC is completely evaluated into other SCCs
9. SCC is completely evaluated into other SCCs
10. SCC is partially evaluated into eval_skiptoword_start/10

Control-Flow Refinement of Cost Relations
=====================================

### Specialization of cost equations eval_skiptoword_bb70_in/19 
* CE 30 is refined into CE [31] 
* CE 29 is refined into CE [32] 


#### Refined cost equations eval_skiptoword_bb70_in/19 
* CE 31: eval_skiptoword_bb70_in(A,B,C,D,E,F,G,H,I,J,A,B,C,D,E,F,G,H,I) = 0
     [J=4] 
* CE 32: eval_skiptoword_bb70_in(V__TeX_comment,V__save_math_mode,V__math_mode,V__save_LaTeX_Mode,V__LaTeX_Mode,V__tflag,V__aflag,V__cbench_print,V__terse,B,C,D,E,F,G,H,I,J,K) = 1+ eval_skiptoword_bb70_in(V__TeX_comment,V__save_math_mode,V__math_mode,V__save_LaTeX_Mode,V__LaTeX_Mode,V__tflag,V__aflag,V__cbench_print,V__terse,L,C,D,E,F,G,H,I,J,K)
     [L=4,B=4] 

### Cost equations --> "Loop" of eval_skiptoword_bb70_in/19 
* CEs [32] --> Loop 15 
* CEs [31] --> Loop 16 

#### Loops of eval_skiptoword_bb70_in/19 
* Loop 15: eval_skiptoword_bb70_in(V__TeX_comment,V__save_math_mode,V__math_mode,V__save_LaTeX_Mode,V__LaTeX_Mode,V__tflag,V__aflag,V__cbench_print,V__terse,B,C,D,E,F,G,H,I,J,K)->  eval_skiptoword_bb70_in(V__TeX_comment,V__save_math_mode,V__math_mode,V__save_LaTeX_Mode,V__LaTeX_Mode,V__tflag,V__aflag,V__cbench_print,V__terse,B',C,D,E,F,G,H,I,J,K)
                  [B'=4,B=4] 
* Loop 16: eval_skiptoword_bb70_in(A,B,C,D,E,F,G,H,I,J,A,B,C,D,E,F,G,H,I) [J=4] 

### Ranking functions of CR eval_skiptoword_bb70_in(V__TeX_comment,V__save_math_mode,V__math_mode,V__save_LaTeX_Mode,V__LaTeX_Mode,V__tflag,V__aflag,V__cbench_print,V__terse,B,C,D,E,F,G,H,I,J,K) 

#### Partial ranking functions of CR eval_skiptoword_bb70_in(V__TeX_comment,V__save_math_mode,V__math_mode,V__save_LaTeX_Mode,V__LaTeX_Mode,V__tflag,V__aflag,V__cbench_print,V__terse,B,C,D,E,F,G,H,I,J,K) 


### Resulting Chains:eval_skiptoword_bb70_in(V__TeX_comment,V__save_math_mode,V__math_mode,V__save_LaTeX_Mode,V__LaTeX_Mode,V__tflag,V__aflag,V__cbench_print,V__terse,B,C,D,E,F,G,H,I,J,K) 
* [[15]]...
* [[15],16]
* [16]


### Merging Chains  eval_skiptoword_bb70_in/19 into  External patterns of execution 
* [[16],[16,[15]]] --> 1 
* [[[15]]] --> 2 


### Specialization of cost equations eval_skiptoword_bb17_in/19 
* CE 28 is refined into CE [33] 
* CE 26 is refined into CE [34] 
* CE 27 is refined into CE [35] 


#### Refined cost equations eval_skiptoword_bb17_in/19 
* CE 33: eval_skiptoword_bb17_in(V__TeX_comment,V__save_math_mode,V__math_mode,V__save_LaTeX_Mode,V__LaTeX_Mode,V__tflag,V__aflag,V__cbench_print,V__terse,B,C,D,E,F,G,H,I,J,K) = 1+ eval_skiptoword_bb17_in(V__TeX_comment,V__save_math_mode,V__math_mode,V__save_LaTeX_Mode,V__LaTeX_Mode,V__tflag,V__aflag,V__cbench_print,V__terse,B,C,D,E,F,G,H,I,J,K)
     [B>=2,3>=B] 
* CE 34: eval_skiptoword_bb17_in(A,B,C,D,E,F,G,H,I,J,A,B,C,D,E,F,G,H,I) = 0
     [J=3] 
* CE 35: eval_skiptoword_bb17_in(A,B,C,D,E,F,G,H,I,J,B,D,K,L,M,N,O,P,Q) = 0
     [J=2] 

### Cost equations --> "Loop" of eval_skiptoword_bb17_in/19 
* CEs [34] --> Loop 17 
* CEs [35] --> Loop 18 
* CEs [33] --> Loop 19 

#### Loops of eval_skiptoword_bb17_in/19 
* Loop 17: eval_skiptoword_bb17_in(A,B,C,D,E,F,G,H,I,J,A,B,C,D,E,F,G,H,I) [J=3] 
* Loop 18: eval_skiptoword_bb17_in(A,B,C,D,E,F,G,H,I,J,B,D,K,L,M,N,O,P,Q) [J=2] 
* Loop 19: eval_skiptoword_bb17_in(V__TeX_comment,V__save_math_mode,V__math_mode,V__save_LaTeX_Mode,V__LaTeX_Mode,V__tflag,V__aflag,V__cbench_print,V__terse,B,C,D,E,F,G,H,I,J,K)->  eval_skiptoword_bb17_in(V__TeX_comment,V__save_math_mode,V__math_mode,V__save_LaTeX_Mode,V__LaTeX_Mode,V__tflag,V__aflag,V__cbench_print,V__terse,B,C,D,E,F,G,H,I,J,K)
                  [B>=2,3>=B] 

### Ranking functions of CR eval_skiptoword_bb17_in(V__TeX_comment,V__save_math_mode,V__math_mode,V__save_LaTeX_Mode,V__LaTeX_Mode,V__tflag,V__aflag,V__cbench_print,V__terse,B,C,D,E,F,G,H,I,J,K) 

#### Partial ranking functions of CR eval_skiptoword_bb17_in(V__TeX_comment,V__save_math_mode,V__math_mode,V__save_LaTeX_Mode,V__LaTeX_Mode,V__tflag,V__aflag,V__cbench_print,V__terse,B,C,D,E,F,G,H,I,J,K) 


### Resulting Chains:eval_skiptoword_bb17_in(V__TeX_comment,V__save_math_mode,V__math_mode,V__save_LaTeX_Mode,V__LaTeX_Mode,V__tflag,V__aflag,V__cbench_print,V__terse,B,C,D,E,F,G,H,I,J,K) 
* [[19]]...
* [[19],18]
* [[19],17]
* [18]
* [17]


### Merging Chains  eval_skiptoword_bb17_in/19 into  External patterns of execution 
* [[18],[18,[19]]] --> 1 
* [[17],[17,[19]]] --> 2 
* [[[19]]] --> 3 


### Specialization of cost equations eval_skiptoword_bb1_in/12 
* CE 9 is refined into CE [36] 
* CE 17 is refined into CE [37] 
* CE 18 is refined into CE [38] 
* CE 19 is refined into CE [39] 
* CE 10 is refined into CE [40] 
* CE 6 is refined into CE [41,42] 
* CE 7 is refined into CE [43,44] 
* CE 8 is refined into CE [45,46] 
* CE 11 is refined into CE [47,48,49] 
* CE 12 is refined into CE [50,51,52] 
* CE 13 is refined into CE [53,54,55] 
* CE 14 is refined into CE [56,57] 
* CE 15 is refined into CE [58,59] 
* CE 20 is refined into CE [60,61] 
* CE 21 is refined into CE [62,63] 
* CE 22 is refined into CE [64,65] 
* CE 24 is refined into CE [66] 
* CE 25 is refined into CE [67,68] 
* CE 4 is refined into CE [69,70] 
* CE 5 is refined into CE [71] 
* CE 16 is refined into CE [72,73] 
* CE 23 is refined into CE [74] 


#### Refined cost equations eval_skiptoword_bb1_in/12 
* CE 36: eval_skiptoword_bb1_in(V__TeX_comment,V__save_math_mode,V__math_mode,V__save_LaTeX_Mode,V__LaTeX_Mode,V__tflag,V__aflag,V__cbench_print,V__terse,B,C,D) = 1+ eval_skiptoword_bb1_in(V__TeX_comment,V__save_math_mode,E,V__save_LaTeX_Mode,V__LaTeX_Mode,V__tflag,V__aflag,V__cbench_print,V__terse,F,C,D)
     [E+1=V__math_mode,F=2,B=2] 
* CE 37: eval_skiptoword_bb1_in(V__TeX_comment,V__save_math_mode,V__math_mode,V__save_LaTeX_Mode,V__LaTeX_Mode,V__tflag,V__aflag,V__cbench_print,V__terse,B,C,D) = 1+ eval_skiptoword_bb1_in(V__TeX_comment,V__save_math_mode,V__math_mode,V__save_LaTeX_Mode,V__LaTeX_Mode,V__tflag,V__aflag,V__cbench_print,V__terse,E,C,D)
     [E=2,B=2] 
* CE 38: eval_skiptoword_bb1_in(V__TeX_comment,V__save_math_mode,V__math_mode,V__save_LaTeX_Mode,V__LaTeX_Mode,V__tflag,V__aflag,V__cbench_print,V__terse,B,C,D) = 1+ eval_skiptoword_bb1_in(V__TeX_comment,V__save_math_mode,E,V__save_LaTeX_Mode,V__LaTeX_Mode,V__tflag,V__aflag,V__cbench_print,V__terse,F,C,D)
     [E=V__math_mode+1,F=2,B=2] 
* CE 39: eval_skiptoword_bb1_in(V__TeX_comment,V__save_math_mode,V__math_mode,V__save_LaTeX_Mode,V__LaTeX_Mode,V__tflag,V__aflag,V__cbench_print,V__terse,B,C,D) = 1+ eval_skiptoword_bb1_in(V__TeX_comment,V__save_math_mode,V__math_mode,V__save_LaTeX_Mode,E,V__tflag,V__aflag,V__cbench_print,V__terse,F,C,D)
     [F=2,E=80,B=2] 
* CE 40: eval_skiptoword_bb1_in(V__TeX_comment,V__save_math_mode,V__math_mode,V__save_LaTeX_Mode,V__LaTeX_Mode,V__tflag,V__aflag,V__cbench_print,V__terse,B,C,D) = 1+ eval_skiptoword_bb1_in(V__TeX_comment,V__save_math_mode,E,V__save_LaTeX_Mode,V__LaTeX_Mode,V__tflag,V__aflag,V__cbench_print,V__terse,F,C,D)
     [F=2,E=0,B=2] 
* CE 41: eval_skiptoword_bb1_in(V__TeX_comment,V__save_math_mode,V__math_mode,V__save_LaTeX_Mode,V__LaTeX_Mode,V__tflag,V__aflag,V__cbench_print,V__terse,B,C,D) = 2+ eval_skiptoword_bb17_in(V__TeX_comment,V__save_math_mode,V__math_mode,V__save_LaTeX_Mode,V__LaTeX_Mode,V__tflag,V__aflag,V__cbench_print,V__terse,E,V__TeX_comment,V__save_math_mode,V__math_mode,V__save_LaTeX_Mode,V__LaTeX_Mode,V__tflag,V__aflag,V__cbench_print,V__terse):2+ eval_skiptoword_bb1_in(V__TeX_comment,V__save_math_mode,F,V__save_LaTeX_Mode,V__LaTeX_Mode,V__tflag,V__aflag,V__cbench_print,V__terse,G,C,D)
     [G=2,F=0,E=3,B=2] 
* CE 42: eval_skiptoword_bb1_in(V__TeX_comment,V__save_math_mode,V__math_mode,V__save_LaTeX_Mode,V__LaTeX_Mode,V__tflag,V__aflag,V__cbench_print,V__terse,B,C,D) = 2+ eval_skiptoword_bb17_in(V__TeX_comment,V__save_math_mode,V__math_mode,V__save_LaTeX_Mode,V__LaTeX_Mode,V__tflag,V__aflag,V__cbench_print,V__terse,E,F,G,H,I,J,K,L,M,N):3
     [O=2,P=0,E=3,B=2] 
* CE 43: eval_skiptoword_bb1_in(V__TeX_comment,V__save_math_mode,V__math_mode,V__save_LaTeX_Mode,V__LaTeX_Mode,V__tflag,V__aflag,V__cbench_print,V__terse,B,C,D) = 2+ eval_skiptoword_bb17_in(V__TeX_comment,V__save_math_mode,V__math_mode,V__save_LaTeX_Mode,V__LaTeX_Mode,V__tflag,V__aflag,V__cbench_print,V__terse,E,V__TeX_comment,V__save_math_mode,V__math_mode,V__save_LaTeX_Mode,V__LaTeX_Mode,V__tflag,V__aflag,V__cbench_print,V__terse):2+ eval_skiptoword_bb1_in(V__TeX_comment,V__save_math_mode,F,V__save_LaTeX_Mode,V__LaTeX_Mode,V__tflag,V__aflag,V__cbench_print,V__terse,G,C,D)
     [V__math_mode=F+1,G=2,E=3,B=2] 
* CE 44: eval_skiptoword_bb1_in(V__TeX_comment,V__save_math_mode,V__math_mode,V__save_LaTeX_Mode,V__LaTeX_Mode,V__tflag,V__aflag,V__cbench_print,V__terse,B,C,D) = 2+ eval_skiptoword_bb17_in(V__TeX_comment,V__save_math_mode,V__math_mode,V__save_LaTeX_Mode,V__LaTeX_Mode,V__tflag,V__aflag,V__cbench_print,V__terse,E,F,G,H,I,J,K,L,M,N):3
     [O+1=H,P=2,E=3,B=2] 
* CE 45: eval_skiptoword_bb1_in(V__TeX_comment,V__save_math_mode,V__math_mode,V__save_LaTeX_Mode,V__LaTeX_Mode,V__tflag,V__aflag,V__cbench_print,V__terse,B,C,D) = 2+ eval_skiptoword_bb17_in(V__TeX_comment,V__save_math_mode,V__math_mode,V__save_LaTeX_Mode,V__LaTeX_Mode,V__tflag,V__aflag,V__cbench_print,V__terse,E,V__TeX_comment,V__save_math_mode,V__math_mode,V__save_LaTeX_Mode,V__LaTeX_Mode,V__tflag,V__aflag,V__cbench_print,V__terse):2+ eval_skiptoword_bb1_in(V__TeX_comment,V__save_math_mode,V__math_mode,V__save_LaTeX_Mode,V__LaTeX_Mode,V__tflag,V__aflag,V__cbench_print,V__terse,F,C,D)
     [F=2,E=3,B=2] 
* CE 46: eval_skiptoword_bb1_in(V__TeX_comment,V__save_math_mode,V__math_mode,V__save_LaTeX_Mode,V__LaTeX_Mode,V__tflag,V__aflag,V__cbench_print,V__terse,B,C,D) = 2+ eval_skiptoword_bb17_in(V__TeX_comment,V__save_math_mode,V__math_mode,V__save_LaTeX_Mode,V__LaTeX_Mode,V__tflag,V__aflag,V__cbench_print,V__terse,E,F,G,H,I,J,K,L,M,N):3
     [O=2,E=3,B=2] 
* CE 47: eval_skiptoword_bb1_in(V__TeX_comment,V__save_math_mode,V__math_mode,V__save_LaTeX_Mode,V__LaTeX_Mode,V__tflag,V__aflag,V__cbench_print,V__terse,B,C,D) = 3+ eval_skiptoword_bb17_in(V__TeX_comment,V__save_math_mode,V__math_mode,V__save_LaTeX_Mode,V__LaTeX_Mode,V__tflag,V__aflag,V__cbench_print,V__terse,E,V__TeX_comment,V__save_math_mode,V__math_mode,V__save_LaTeX_Mode,V__LaTeX_Mode,V__tflag,V__aflag,V__cbench_print,V__terse):2+ eval_skiptoword_bb70_in(V__TeX_comment,V__save_math_mode,F,V__save_LaTeX_Mode,V__LaTeX_Mode,V__tflag,V__aflag,V__cbench_print,V__terse,G,V__TeX_comment,V__save_math_mode,H,V__save_LaTeX_Mode,V__LaTeX_Mode,V__tflag,V__aflag,V__cbench_print,V__terse):1+ eval_skiptoword_bb1_in(V__TeX_comment,V__save_math_mode,I,V__save_LaTeX_Mode,V__LaTeX_Mode,V__tflag,V__aflag,V__cbench_print,V__terse,J,C,D)
     [J=2,I=0,H=0,G=4,F=0,E=3,B=2] 
* CE 48: eval_skiptoword_bb1_in(V__TeX_comment,V__save_math_mode,V__math_mode,V__save_LaTeX_Mode,V__LaTeX_Mode,V__tflag,V__aflag,V__cbench_print,V__terse,B,C,D) = 3+ eval_skiptoword_bb17_in(V__TeX_comment,V__save_math_mode,V__math_mode,V__save_LaTeX_Mode,V__LaTeX_Mode,V__tflag,V__aflag,V__cbench_print,V__terse,E,V__TeX_comment,V__save_math_mode,V__math_mode,V__save_LaTeX_Mode,V__LaTeX_Mode,V__tflag,V__aflag,V__cbench_print,V__terse):2+ eval_skiptoword_bb70_in(V__TeX_comment,V__save_math_mode,F,V__save_LaTeX_Mode,V__LaTeX_Mode,V__tflag,V__aflag,V__cbench_print,V__terse,G,H,I,J,K,L,M,N,O,P):2
     [Q=2,G=4,F=0,E=3,B=2] 
* CE 49: eval_skiptoword_bb1_in(V__TeX_comment,V__save_math_mode,V__math_mode,V__save_LaTeX_Mode,V__LaTeX_Mode,V__tflag,V__aflag,V__cbench_print,V__terse,B,C,D) = 3+ eval_skiptoword_bb17_in(V__TeX_comment,V__save_math_mode,V__math_mode,V__save_LaTeX_Mode,V__LaTeX_Mode,V__tflag,V__aflag,V__cbench_print,V__terse,E,F,G,H,I,J,K,L,M,N):3
     [O=2,P=4,Q=0,E=3,B=2] 
* CE 50: eval_skiptoword_bb1_in(V__TeX_comment,V__save_math_mode,V__math_mode,V__save_LaTeX_Mode,V__LaTeX_Mode,V__tflag,V__aflag,V__cbench_print,V__terse,B,C,D) = 3+ eval_skiptoword_bb17_in(V__TeX_comment,V__save_math_mode,E,V__save_LaTeX_Mode,V__LaTeX_Mode,V__tflag,V__aflag,V__cbench_print,V__terse,F,V__TeX_comment,V__save_math_mode,G,V__save_LaTeX_Mode,V__LaTeX_Mode,V__tflag,V__aflag,V__cbench_print,V__terse):2+ eval_skiptoword_bb70_in(V__TeX_comment,V__save_math_mode,H,V__save_LaTeX_Mode,V__LaTeX_Mode,V__tflag,V__aflag,V__cbench_print,V__terse,I,V__TeX_comment,V__save_math_mode,H,V__save_LaTeX_Mode,V__LaTeX_Mode,V__tflag,V__aflag,V__cbench_print,V__terse):1+ eval_skiptoword_bb1_in(V__TeX_comment,V__save_math_mode,H,V__save_LaTeX_Mode,V__LaTeX_Mode,V__tflag,V__aflag,V__cbench_print,V__terse,J,C,D)
     [H+1=G,H+1=E,H+1=V__math_mode,J=2,I=4,F=3,B=2] 
* CE 51: eval_skiptoword_bb1_in(V__TeX_comment,V__save_math_mode,V__math_mode,V__save_LaTeX_Mode,V__LaTeX_Mode,V__tflag,V__aflag,V__cbench_print,V__terse,B,C,D) = 3+ eval_skiptoword_bb17_in(V__TeX_comment,V__save_math_mode,V__math_mode,V__save_LaTeX_Mode,V__LaTeX_Mode,V__tflag,V__aflag,V__cbench_print,V__terse,E,V__TeX_comment,V__save_math_mode,V__math_mode,V__save_LaTeX_Mode,V__LaTeX_Mode,V__tflag,V__aflag,V__cbench_print,V__terse):2+ eval_skiptoword_bb70_in(V__TeX_comment,V__save_math_mode,F,V__save_LaTeX_Mode,V__LaTeX_Mode,V__tflag,V__aflag,V__cbench_print,V__terse,G,H,I,J,K,L,M,N,O,P):2
     [V__math_mode=F+1,Q=2,G=4,E=3,B=2] 
* CE 52: eval_skiptoword_bb1_in(V__TeX_comment,V__save_math_mode,V__math_mode,V__save_LaTeX_Mode,V__LaTeX_Mode,V__tflag,V__aflag,V__cbench_print,V__terse,B,C,D) = 3+ eval_skiptoword_bb17_in(V__TeX_comment,V__save_math_mode,V__math_mode,V__save_LaTeX_Mode,V__LaTeX_Mode,V__tflag,V__aflag,V__cbench_print,V__terse,E,F,G,H,I,J,K,L,M,N):3
     [O+1=H,P=2,Q=4,E=3,B=2] 
* CE 53: eval_skiptoword_bb1_in(V__TeX_comment,V__save_math_mode,V__math_mode,V__save_LaTeX_Mode,V__LaTeX_Mode,V__tflag,V__aflag,V__cbench_print,V__terse,B,C,D) = 3+ eval_skiptoword_bb17_in(V__TeX_comment,V__save_math_mode,V__math_mode,V__save_LaTeX_Mode,V__LaTeX_Mode,V__tflag,V__aflag,V__cbench_print,V__terse,E,V__TeX_comment,V__save_math_mode,V__math_mode,V__save_LaTeX_Mode,V__LaTeX_Mode,V__tflag,V__aflag,V__cbench_print,V__terse):2+ eval_skiptoword_bb70_in(V__TeX_comment,V__save_math_mode,V__math_mode,V__save_LaTeX_Mode,V__LaTeX_Mode,V__tflag,V__aflag,V__cbench_print,V__terse,F,V__TeX_comment,V__save_math_mode,V__math_mode,V__save_LaTeX_Mode,V__LaTeX_Mode,V__tflag,V__aflag,V__cbench_print,V__terse):1+ eval_skiptoword_bb1_in(V__TeX_comment,V__save_math_mode,V__math_mode,V__save_LaTeX_Mode,V__LaTeX_Mode,V__tflag,V__aflag,V__cbench_print,V__terse,G,C,D)
     [G=2,F=4,E=3,B=2] 
* CE 54: eval_skiptoword_bb1_in(V__TeX_comment,V__save_math_mode,V__math_mode,V__save_LaTeX_Mode,V__LaTeX_Mode,V__tflag,V__aflag,V__cbench_print,V__terse,B,C,D) = 3+ eval_skiptoword_bb17_in(V__TeX_comment,V__save_math_mode,V__math_mode,V__save_LaTeX_Mode,V__LaTeX_Mode,V__tflag,V__aflag,V__cbench_print,V__terse,E,V__TeX_comment,V__save_math_mode,V__math_mode,V__save_LaTeX_Mode,V__LaTeX_Mode,V__tflag,V__aflag,V__cbench_print,V__terse):2+ eval_skiptoword_bb70_in(V__TeX_comment,V__save_math_mode,V__math_mode,V__save_LaTeX_Mode,V__LaTeX_Mode,V__tflag,V__aflag,V__cbench_print,V__terse,F,G,H,I,J,K,L,M,N,O):2
     [P=2,F=4,E=3,B=2] 
* CE 55: eval_skiptoword_bb1_in(V__TeX_comment,V__save_math_mode,V__math_mode,V__save_LaTeX_Mode,V__LaTeX_Mode,V__tflag,V__aflag,V__cbench_print,V__terse,B,C,D) = 3+ eval_skiptoword_bb17_in(V__TeX_comment,V__save_math_mode,V__math_mode,V__save_LaTeX_Mode,V__LaTeX_Mode,V__tflag,V__aflag,V__cbench_print,V__terse,E,F,G,H,I,J,K,L,M,N):3
     [O=2,P=4,E=3,B=2] 
* CE 56: eval_skiptoword_bb1_in(V__TeX_comment,V__save_math_mode,V__math_mode,V__save_LaTeX_Mode,V__LaTeX_Mode,V__tflag,V__aflag,V__cbench_print,V__terse,B,C,D) = 2+ eval_skiptoword_bb70_in(V__TeX_comment,V__save_math_mode,E,V__save_LaTeX_Mode,V__LaTeX_Mode,V__tflag,V__aflag,V__cbench_print,V__terse,F,V__TeX_comment,V__save_math_mode,E,V__save_LaTeX_Mode,V__LaTeX_Mode,V__tflag,V__aflag,V__cbench_print,V__terse):1+ eval_skiptoword_bb1_in(V__TeX_comment,V__save_math_mode,E,V__save_LaTeX_Mode,V__LaTeX_Mode,V__tflag,V__aflag,V__cbench_print,V__terse,G,C,D)
     [E+1=V__math_mode,G=2,F=4,B=2] 
* CE 57: eval_skiptoword_bb1_in(V__TeX_comment,V__save_math_mode,V__math_mode,V__save_LaTeX_Mode,V__LaTeX_Mode,V__tflag,V__aflag,V__cbench_print,V__terse,B,C,D) = 2+ eval_skiptoword_bb70_in(V__TeX_comment,V__save_math_mode,E,V__save_LaTeX_Mode,V__LaTeX_Mode,V__tflag,V__aflag,V__cbench_print,V__terse,F,G,H,I,J,K,L,M,N,O):2
     [E+1=V__math_mode,P=2,F=4,B=2] 
* CE 58: eval_skiptoword_bb1_in(V__TeX_comment,V__save_math_mode,V__math_mode,V__save_LaTeX_Mode,V__LaTeX_Mode,V__tflag,V__aflag,V__cbench_print,V__terse,B,C,D) = 2+ eval_skiptoword_bb70_in(V__TeX_comment,V__save_math_mode,E,V__save_LaTeX_Mode,V__LaTeX_Mode,V__tflag,V__aflag,V__cbench_print,V__terse,F,V__TeX_comment,V__save_math_mode,G,V__save_LaTeX_Mode,V__LaTeX_Mode,V__tflag,V__aflag,V__cbench_print,V__terse):1+ eval_skiptoword_bb1_in(V__TeX_comment,V__save_math_mode,H,V__save_LaTeX_Mode,V__LaTeX_Mode,V__tflag,V__aflag,V__cbench_print,V__terse,I,C,D)
     [I=2,H=0,G=0,F=4,E=0,B=2] 
* CE 59: eval_skiptoword_bb1_in(V__TeX_comment,V__save_math_mode,V__math_mode,V__save_LaTeX_Mode,V__LaTeX_Mode,V__tflag,V__aflag,V__cbench_print,V__terse,B,C,D) = 2+ eval_skiptoword_bb70_in(V__TeX_comment,V__save_math_mode,E,V__save_LaTeX_Mode,V__LaTeX_Mode,V__tflag,V__aflag,V__cbench_print,V__terse,F,G,H,I,J,K,L,M,N,O):2
     [P=2,F=4,E=0,B=2] 
* CE 60: eval_skiptoword_bb1_in(V__TeX_comment,V__save_math_mode,V__math_mode,V__save_LaTeX_Mode,V__LaTeX_Mode,V__tflag,V__aflag,V__cbench_print,V__terse,B,C,D) = 2+ eval_skiptoword_bb70_in(V__TeX_comment,V__save_math_mode,V__math_mode,V__save_LaTeX_Mode,V__LaTeX_Mode,V__tflag,V__aflag,V__cbench_print,V__terse,E,V__TeX_comment,V__save_math_mode,V__math_mode,V__save_LaTeX_Mode,V__LaTeX_Mode,V__tflag,V__aflag,V__cbench_print,V__terse):1+ eval_skiptoword_bb1_in(V__TeX_comment,V__save_math_mode,V__math_mode,V__save_LaTeX_Mode,V__LaTeX_Mode,V__tflag,V__aflag,V__cbench_print,V__terse,F,C,D)
     [F=2,E=4,B=2] 
* CE 61: eval_skiptoword_bb1_in(V__TeX_comment,V__save_math_mode,V__math_mode,V__save_LaTeX_Mode,V__LaTeX_Mode,V__tflag,V__aflag,V__cbench_print,V__terse,B,C,D) = 2+ eval_skiptoword_bb70_in(V__TeX_comment,V__save_math_mode,V__math_mode,V__save_LaTeX_Mode,V__LaTeX_Mode,V__tflag,V__aflag,V__cbench_print,V__terse,E,F,G,H,I,J,K,L,M,N):2
     [O=2,E=4,B=2] 
* CE 62: eval_skiptoword_bb1_in(V__TeX_comment,V__save_math_mode,V__math_mode,V__save_LaTeX_Mode,V__LaTeX_Mode,V__tflag,V__aflag,V__cbench_print,V__terse,B,C,D) = 2+ eval_skiptoword_bb70_in(V__TeX_comment,V__save_math_mode,E,V__save_LaTeX_Mode,V__LaTeX_Mode,V__tflag,V__aflag,V__cbench_print,V__terse,F,V__TeX_comment,V__save_math_mode,E,V__save_LaTeX_Mode,V__LaTeX_Mode,V__tflag,V__aflag,V__cbench_print,V__terse):1+ eval_skiptoword_bb1_in(V__TeX_comment,V__save_math_mode,E,V__save_LaTeX_Mode,V__LaTeX_Mode,V__tflag,V__aflag,V__cbench_print,V__terse,G,C,D)
     [E=V__math_mode+1,G=2,F=4,B=2] 
* CE 63: eval_skiptoword_bb1_in(V__TeX_comment,V__save_math_mode,V__math_mode,V__save_LaTeX_Mode,V__LaTeX_Mode,V__tflag,V__aflag,V__cbench_print,V__terse,B,C,D) = 2+ eval_skiptoword_bb70_in(V__TeX_comment,V__save_math_mode,E,V__save_LaTeX_Mode,V__LaTeX_Mode,V__tflag,V__aflag,V__cbench_print,V__terse,F,G,H,I,J,K,L,M,N,O):2
     [E=V__math_mode+1,P=2,F=4,B=2] 
* CE 64: eval_skiptoword_bb1_in(V__TeX_comment,V__save_math_mode,V__math_mode,V__save_LaTeX_Mode,V__LaTeX_Mode,V__tflag,V__aflag,V__cbench_print,V__terse,B,C,D) = 2+ eval_skiptoword_bb70_in(V__TeX_comment,V__save_math_mode,V__math_mode,V__save_LaTeX_Mode,E,V__tflag,V__aflag,V__cbench_print,V__terse,F,V__TeX_comment,V__save_math_mode,V__math_mode,V__save_LaTeX_Mode,G,V__tflag,V__aflag,V__cbench_print,V__terse):1+ eval_skiptoword_bb1_in(V__TeX_comment,V__save_math_mode,V__math_mode,V__save_LaTeX_Mode,H,V__tflag,V__aflag,V__cbench_print,V__terse,I,C,D)
     [I=2,H=80,G=80,F=4,E=80,B=2] 
* CE 65: eval_skiptoword_bb1_in(V__TeX_comment,V__save_math_mode,V__math_mode,V__save_LaTeX_Mode,V__LaTeX_Mode,V__tflag,V__aflag,V__cbench_print,V__terse,B,C,D) = 2+ eval_skiptoword_bb70_in(V__TeX_comment,V__save_math_mode,V__math_mode,V__save_LaTeX_Mode,E,V__tflag,V__aflag,V__cbench_print,V__terse,F,G,H,I,J,K,L,M,N,O):2
     [P=2,F=4,E=80,B=2] 
* CE 66: eval_skiptoword_bb1_in(V__TeX_comment,V__save_math_mode,V__math_mode,V__save_LaTeX_Mode,V__LaTeX_Mode,V__tflag,V__aflag,V__cbench_print,V__terse,B,C,D) = 1+ eval_skiptoword_bb1_in(E,V__math_mode,F,V__LaTeX_Mode,G,V__tflag,V__aflag,V__cbench_print,V__terse,H,C,D)
     [H=2,G=80,F=0,E=1,B=2] 
* CE 67: eval_skiptoword_bb1_in(V__TeX_comment,V__save_math_mode,V__math_mode,V__save_LaTeX_Mode,V__LaTeX_Mode,V__tflag,V__aflag,V__cbench_print,V__terse,B,C,D) = 2+ eval_skiptoword_bb70_in(E,V__math_mode,F,V__LaTeX_Mode,G,V__tflag,V__aflag,V__cbench_print,V__terse,H,I,V__math_mode,J,V__LaTeX_Mode,K,V__tflag,V__aflag,V__cbench_print,V__terse):1+ eval_skiptoword_bb1_in(L,V__math_mode,M,V__LaTeX_Mode,N,V__tflag,V__aflag,V__cbench_print,V__terse,O,C,D)
     [O=2,N=80,M=0,L=1,K=80,J=0,I=1,H=4,G=80,F=0,E=1,B=2] 
* CE 68: eval_skiptoword_bb1_in(V__TeX_comment,V__save_math_mode,V__math_mode,V__save_LaTeX_Mode,V__LaTeX_Mode,V__tflag,V__aflag,V__cbench_print,V__terse,B,C,D) = 2+ eval_skiptoword_bb70_in(E,V__math_mode,F,V__LaTeX_Mode,G,V__tflag,V__aflag,V__cbench_print,V__terse,H,I,J,K,L,M,N,O,P,Q):2
     [R=2,H=4,G=80,F=0,E=1,B=2] 
* CE 69: eval_skiptoword_bb1_in(A,B,C,D,E,F,G,H,I,J,B,D) = 1+ eval_skiptoword_bb17_in(A,B,C,D,E,F,G,H,I,K,A,B,C,D,E,F,G,H,I):2
     [K=3,J=2] 
* CE 70: eval_skiptoword_bb1_in(V__TeX_comment,V__save_math_mode,V__math_mode,V__save_LaTeX_Mode,V__LaTeX_Mode,V__tflag,V__aflag,V__cbench_print,V__terse,B,C,D) = 1+ eval_skiptoword_bb17_in(V__TeX_comment,V__save_math_mode,V__math_mode,V__save_LaTeX_Mode,V__LaTeX_Mode,V__tflag,V__aflag,V__cbench_print,V__terse,E,F,C,G,D,H,I,J,K,L):3
     [E=3,B=2] 
* CE 71: eval_skiptoword_bb1_in(A,B,C,D,E,F,G,H,I,J,B,D) = 0
     [J=2] 
* CE 72: eval_skiptoword_bb1_in(A,B,C,D,E,F,G,H,I,J,B,D) = 1+ eval_skiptoword_bb17_in(A,B,C,D,E,F,G,H,I,K,B,D,L,M,N,O,P,Q,R):1
     [K=2,J=2] 
* CE 73: eval_skiptoword_bb1_in(V__TeX_comment,V__save_math_mode,V__math_mode,V__save_LaTeX_Mode,V__LaTeX_Mode,V__tflag,V__aflag,V__cbench_print,V__terse,B,C,D) = 1+ eval_skiptoword_bb17_in(V__TeX_comment,V__save_math_mode,V__math_mode,V__save_LaTeX_Mode,V__LaTeX_Mode,V__tflag,V__aflag,V__cbench_print,V__terse,E,C,D,F,G,H,I,J,K,L):3
     [E=2,B=2] 
* CE 74: eval_skiptoword_bb1_in(A,B,C,D,E,F,G,H,I,J,C,E) = 0
     [J=2] 

### Cost equations --> "Loop" of eval_skiptoword_bb1_in/12 
* CEs [74] --> Loop 20 
* CEs [69,71,72] --> Loop 21 
* CEs [42,44,46,48,49,51,52,54,55,57,59,61,63,65,68,70,73] --> Loop 22 
* CEs [36,43,50,56] --> Loop 23 
* CEs [37,45,53,60] --> Loop 24 
* CEs [38,62] --> Loop 25 
* CEs [39,64] --> Loop 26 
* CEs [40,41,47,58] --> Loop 27 
* CEs [66,67] --> Loop 28 

#### Loops of eval_skiptoword_bb1_in/12 
* Loop 20: eval_skiptoword_bb1_in(A,B,C,D,E,F,G,H,I,J,C,E) [J=2] 
* Loop 21: eval_skiptoword_bb1_in(A,B,C,D,E,F,G,H,I,J,B,D) [J=2] 
* Loop 22: eval_skiptoword_bb1_in(V__TeX_comment,V__save_math_mode,V__math_mode,V__save_LaTeX_Mode,V__LaTeX_Mode,V__tflag,V__aflag,V__cbench_print,V__terse,B,C,D) [B=2] 
* Loop 23: eval_skiptoword_bb1_in(V__TeX_comment,V__save_math_mode,V__math_mode,V__save_LaTeX_Mode,V__LaTeX_Mode,V__tflag,V__aflag,V__cbench_print,V__terse,B,C,D)->  eval_skiptoword_bb1_in(V__TeX_comment,V__save_math_mode,V__math_mode',V__save_LaTeX_Mode,V__LaTeX_Mode,V__tflag,V__aflag,V__cbench_print,V__terse,B',C,D)
                  [V__math_mode=V__math_mode'+1,B'=2,B=2] 
* Loop 24: eval_skiptoword_bb1_in(V__TeX_comment,V__save_math_mode,V__math_mode,V__save_LaTeX_Mode,V__LaTeX_Mode,V__tflag,V__aflag,V__cbench_print,V__terse,B,C,D)->  eval_skiptoword_bb1_in(V__TeX_comment,V__save_math_mode,V__math_mode,V__save_LaTeX_Mode,V__LaTeX_Mode,V__tflag,V__aflag,V__cbench_print,V__terse,B',C,D)
                  [B'=2,B=2] 
* Loop 25: eval_skiptoword_bb1_in(V__TeX_comment,V__save_math_mode,V__math_mode,V__save_LaTeX_Mode,V__LaTeX_Mode,V__tflag,V__aflag,V__cbench_print,V__terse,B,C,D)->  eval_skiptoword_bb1_in(V__TeX_comment,V__save_math_mode,V__math_mode',V__save_LaTeX_Mode,V__LaTeX_Mode,V__tflag,V__aflag,V__cbench_print,V__terse,B',C,D)
                  [V__math_mode+1=V__math_mode',B'=2,B=2] 
* Loop 26: eval_skiptoword_bb1_in(V__TeX_comment,V__save_math_mode,V__math_mode,V__save_LaTeX_Mode,V__LaTeX_Mode,V__tflag,V__aflag,V__cbench_print,V__terse,B,C,D)->  eval_skiptoword_bb1_in(V__TeX_comment,V__save_math_mode,V__math_mode,V__save_LaTeX_Mode,V__LaTeX_Mode',V__tflag,V__aflag,V__cbench_print,V__terse,B',C,D)
                  [B'=2,V__LaTeX_Mode'=80,B=2] 
* Loop 27: eval_skiptoword_bb1_in(V__TeX_comment,V__save_math_mode,V__math_mode,V__save_LaTeX_Mode,V__LaTeX_Mode,V__tflag,V__aflag,V__cbench_print,V__terse,B,C,D)->  eval_skiptoword_bb1_in(V__TeX_comment,V__save_math_mode,V__math_mode',V__save_LaTeX_Mode,V__LaTeX_Mode,V__tflag,V__aflag,V__cbench_print,V__terse,B',C,D)
                  [B'=2,V__math_mode'=0,B=2] 
* Loop 28: eval_skiptoword_bb1_in(V__TeX_comment,V__save_math_mode,V__math_mode,V__save_LaTeX_Mode,V__LaTeX_Mode,V__tflag,V__aflag,V__cbench_print,V__terse,B,C,D)->  eval_skiptoword_bb1_in(A',V__math_mode,B',V__LaTeX_Mode,C',V__tflag,V__aflag,V__cbench_print,V__terse,D',C,D)
                  [D'=2,C'=80,B'=0,A'=1,B=2] 

### Ranking functions of CR eval_skiptoword_bb1_in(V__TeX_comment,V__save_math_mode,V__math_mode,V__save_LaTeX_Mode,V__LaTeX_Mode,V__tflag,V__aflag,V__cbench_print,V__terse,B,C,D) 

#### Partial ranking functions of CR eval_skiptoword_bb1_in(V__TeX_comment,V__save_math_mode,V__math_mode,V__save_LaTeX_Mode,V__LaTeX_Mode,V__tflag,V__aflag,V__cbench_print,V__terse,B,C,D) 


### Resulting Chains:eval_skiptoword_bb1_in(V__TeX_comment,V__save_math_mode,V__math_mode,V__save_LaTeX_Mode,V__LaTeX_Mode,V__tflag,V__aflag,V__cbench_print,V__terse,B,C,D) 
* [[23,24,25,26,27,28]]...
* [[23,24,25,26,27,28],22]...
* [[23,24,25,26,27,28],21]
* [[23,24,25,26,27,28],20]
* [22]...
* [21]
* [20]


### Merging Chains  eval_skiptoword_bb1_in/12 into  External patterns of execution 
* [[20],[21],[20,[23,24,25,26,27,28]],[21,[23,24,25,26,27,28]]] --> 1 
* [[22],[[23,24,25,26,27,28]],[22,[23,24,25,26,27,28]]] --> 2 


### Specialization of cost equations eval_skiptoword_3/10 
* CE 3 is refined into CE [75,76] 


#### Refined cost equations eval_skiptoword_3/10 
* CE 75: eval_skiptoword_3(V__TeX_comment,V__save_math_mode,V__math_mode,V__save_LaTeX_Mode,V__LaTeX_Mode,V__tflag,V__aflag,V__cbench_print,V__terse,B) = 1+ eval_skiptoword_bb1_in(V__TeX_comment,V__save_math_mode,V__math_mode,V__save_LaTeX_Mode,V__LaTeX_Mode,V__tflag,V__aflag,V__cbench_print,V__terse,C,D,E):1
     [C=2] 
* CE 76: eval_skiptoword_3(V__TeX_comment,V__save_math_mode,V__math_mode,V__save_LaTeX_Mode,V__LaTeX_Mode,V__tflag,V__aflag,V__cbench_print,V__terse,B) = 1+ eval_skiptoword_bb1_in(V__TeX_comment,V__save_math_mode,V__math_mode,V__save_LaTeX_Mode,V__LaTeX_Mode,V__tflag,V__aflag,V__cbench_print,V__terse,C,D,E):2
     [C=2] 

### Cost equations --> "Loop" of eval_skiptoword_3/10 
* CEs [76] --> Loop 29 
* CEs [75] --> Loop 30 

#### Loops of eval_skiptoword_3/10 
* Loop 29: eval_skiptoword_3(V__TeX_comment,V__save_math_mode,V__math_mode,V__save_LaTeX_Mode,V__LaTeX_Mode,V__tflag,V__aflag,V__cbench_print,V__terse,B) [] 
* Loop 30: eval_skiptoword_3(V__TeX_comment,V__save_math_mode,V__math_mode,V__save_LaTeX_Mode,V__LaTeX_Mode,V__tflag,V__aflag,V__cbench_print,V__terse,B) [] 

### Ranking functions of CR eval_skiptoword_3(V__TeX_comment,V__save_math_mode,V__math_mode,V__save_LaTeX_Mode,V__LaTeX_Mode,V__tflag,V__aflag,V__cbench_print,V__terse,B) 

#### Partial ranking functions of CR eval_skiptoword_3(V__TeX_comment,V__save_math_mode,V__math_mode,V__save_LaTeX_Mode,V__LaTeX_Mode,V__tflag,V__aflag,V__cbench_print,V__terse,B) 


### Resulting Chains:eval_skiptoword_3(V__TeX_comment,V__save_math_mode,V__math_mode,V__save_LaTeX_Mode,V__LaTeX_Mode,V__tflag,V__aflag,V__cbench_print,V__terse,B) 
* [30]
* [29]...


### Merging Chains  eval_skiptoword_3/10 into  External patterns of execution 
* [[30]] --> 1 
* [[29]] --> 2 


### Specialization of cost equations eval_skiptoword_start/10 
* CE 2 is refined into CE [77,78] 


#### Refined cost equations eval_skiptoword_start/10 
* CE 77: eval_skiptoword_start(V__TeX_comment,V__save_math_mode,V__math_mode,V__save_LaTeX_Mode,V__LaTeX_Mode,V__tflag,V__aflag,V__cbench_print,V__terse,B) = 0+ eval_skiptoword_3(V__TeX_comment,V__save_math_mode,V__math_mode,V__save_LaTeX_Mode,V__LaTeX_Mode,V__tflag,V__aflag,V__cbench_print,V__terse,B):1
     [] 
* CE 78: eval_skiptoword_start(V__TeX_comment,V__save_math_mode,V__math_mode,V__save_LaTeX_Mode,V__LaTeX_Mode,V__tflag,V__aflag,V__cbench_print,V__terse,B) = 0+ eval_skiptoword_3(V__TeX_comment,V__save_math_mode,V__math_mode,V__save_LaTeX_Mode,V__LaTeX_Mode,V__tflag,V__aflag,V__cbench_print,V__terse,B):2
     [] 

### Cost equations --> "Loop" of eval_skiptoword_start/10 
* CEs [78] --> Loop 31 
* CEs [77] --> Loop 32 

#### Loops of eval_skiptoword_start/10 
* Loop 31: eval_skiptoword_start(V__TeX_comment,V__save_math_mode,V__math_mode,V__save_LaTeX_Mode,V__LaTeX_Mode,V__tflag,V__aflag,V__cbench_print,V__terse,B) [] 
* Loop 32: eval_skiptoword_start(V__TeX_comment,V__save_math_mode,V__math_mode,V__save_LaTeX_Mode,V__LaTeX_Mode,V__tflag,V__aflag,V__cbench_print,V__terse,B) [] 

### Ranking functions of CR eval_skiptoword_start(V__TeX_comment,V__save_math_mode,V__math_mode,V__save_LaTeX_Mode,V__LaTeX_Mode,V__tflag,V__aflag,V__cbench_print,V__terse,B) 

#### Partial ranking functions of CR eval_skiptoword_start(V__TeX_comment,V__save_math_mode,V__math_mode,V__save_LaTeX_Mode,V__LaTeX_Mode,V__tflag,V__aflag,V__cbench_print,V__terse,B) 


### Resulting Chains:eval_skiptoword_start(V__TeX_comment,V__save_math_mode,V__math_mode,V__save_LaTeX_Mode,V__LaTeX_Mode,V__tflag,V__aflag,V__cbench_print,V__terse,B) 
* [32]
* [31]...


### Merging Chains  eval_skiptoword_start/10 into  External patterns of execution 
* [[32]] --> 1 
* [[31]] --> 2 


Computing Bounds
=====================================

#### Cost of loops [15] 

 * loop 15:eval_skiptoword_bb70_in(V__TeX_comment,V__save_math_mode,V__math_mode,V__save_LaTeX_Mode,V__LaTeX_Mode,V__tflag,V__aflag,V__cbench_print,V__terse,B,C,D,E,F,G,H,I,J,K) -> [eval_skiptoword_bb70_in(V__TeX_comment',V__save_math_mode',V__math_mode',V__save_LaTeX_Mode',V__LaTeX_Mode',V__tflag',V__aflag',V__cbench_print',V__terse',B',C',D',E',F',G',H',I',J',K')] 
1
#### Cost of phase [15]:eval_skiptoword_bb70_in(V__TeX_comment,V__save_math_mode,V__math_mode,V__save_LaTeX_Mode,V__LaTeX_Mode,V__tflag,V__aflag,V__cbench_print,V__terse,B,C,D,E,F,G,H,I,J,K) -> [eval_skiptoword_bb70_in(V__TeX_comment',V__save_math_mode',V__math_mode',V__save_LaTeX_Mode',V__LaTeX_Mode',V__tflag',V__aflag',V__cbench_print',V__terse',B',C',D',E',F',G',H',I',J',K')] 
1*it(15)+0
#### Cost of phase [15]:eval_skiptoword_bb70_in(V__TeX_comment,V__save_math_mode,V__math_mode,V__save_LaTeX_Mode,V__LaTeX_Mode,V__tflag,V__aflag,V__cbench_print,V__terse,B,C,D,E,F,G,H,I,J,K) -> [eval_skiptoword_bb70_in(V__TeX_comment',V__save_math_mode',V__math_mode',V__save_LaTeX_Mode',V__LaTeX_Mode',V__tflag',V__aflag',V__cbench_print',V__terse',B',C',D',E',F',G',H',I',J',K')] 
1*it(15)+0
#### Cost of chains of eval_skiptoword_bb70_in(V__TeX_comment,V__save_math_mode,V__math_mode,V__save_LaTeX_Mode,V__LaTeX_Mode,V__tflag,V__aflag,V__cbench_print,V__terse,B,C,D,E,F,G,H,I,J,K):
* Chain [[15]]...: 1*it(15)+0
  with precondition: [B=4] 

* Chain [[15],16]: 1*it(15)+0
  with precondition: [B=4,V__TeX_comment=C,V__save_math_mode=D,V__math_mode=E,V__save_LaTeX_Mode=F,V__LaTeX_Mode=G,V__tflag=H,V__aflag=I,V__cbench_print=J,V__terse=K] 

* Chain [16]: 0
  with precondition: [B=4,C=V__TeX_comment,D=V__save_math_mode,E=V__math_mode,F=V__save_LaTeX_Mode,G=V__LaTeX_Mode,H=V__tflag,I=V__aflag,J=V__cbench_print,K=V__terse] 


#### Cost of loops [19] 

 * loop 19:eval_skiptoword_bb17_in(V__TeX_comment,V__save_math_mode,V__math_mode,V__save_LaTeX_Mode,V__LaTeX_Mode,V__tflag,V__aflag,V__cbench_print,V__terse,B,C,D,E,F,G,H,I,J,K) -> [eval_skiptoword_bb17_in(V__TeX_comment',V__save_math_mode',V__math_mode',V__save_LaTeX_Mode',V__LaTeX_Mode',V__tflag',V__aflag',V__cbench_print',V__terse',B',C',D',E',F',G',H',I',J',K')] 
1
#### Cost of phase [19]:eval_skiptoword_bb17_in(V__TeX_comment,V__save_math_mode,V__math_mode,V__save_LaTeX_Mode,V__LaTeX_Mode,V__tflag,V__aflag,V__cbench_print,V__terse,B,C,D,E,F,G,H,I,J,K) -> [eval_skiptoword_bb17_in(V__TeX_comment',V__save_math_mode',V__math_mode',V__save_LaTeX_Mode',V__LaTeX_Mode',V__tflag',V__aflag',V__cbench_print',V__terse',B',C',D',E',F',G',H',I',J',K')] 
1*it(19)+0
#### Cost of phase [19]:eval_skiptoword_bb17_in(V__TeX_comment,V__save_math_mode,V__math_mode,V__save_LaTeX_Mode,V__LaTeX_Mode,V__tflag,V__aflag,V__cbench_print,V__terse,B,C,D,E,F,G,H,I,J,K) -> [eval_skiptoword_bb17_in(V__TeX_comment',V__save_math_mode',V__math_mode',V__save_LaTeX_Mode',V__LaTeX_Mode',V__tflag',V__aflag',V__cbench_print',V__terse',B',C',D',E',F',G',H',I',J',K')] 
1*it(19)+0
#### Cost of phase [19]:eval_skiptoword_bb17_in(V__TeX_comment,V__save_math_mode,V__math_mode,V__save_LaTeX_Mode,V__LaTeX_Mode,V__tflag,V__aflag,V__cbench_print,V__terse,B,C,D,E,F,G,H,I,J,K) -> [eval_skiptoword_bb17_in(V__TeX_comment',V__save_math_mode',V__math_mode',V__save_LaTeX_Mode',V__LaTeX_Mode',V__tflag',V__aflag',V__cbench_print',V__terse',B',C',D',E',F',G',H',I',J',K')] 
1*it(19)+0
#### Cost of chains of eval_skiptoword_bb17_in(V__TeX_comment,V__save_math_mode,V__math_mode,V__save_LaTeX_Mode,V__LaTeX_Mode,V__tflag,V__aflag,V__cbench_print,V__terse,B,C,D,E,F,G,H,I,J,K):
* Chain [[19]]...: 1*it(19)+0
  with precondition: [B>=2,3>=B] 

* Chain [[19],18]: 1*it(19)+0
  with precondition: [B=2,V__save_math_mode=C,V__save_LaTeX_Mode=D] 

* Chain [[19],17]: 1*it(19)+0
  with precondition: [B=3,V__TeX_comment=C,V__save_math_mode=D,V__math_mode=E,V__save_LaTeX_Mode=F,V__LaTeX_Mode=G,V__tflag=H,V__aflag=I,V__cbench_print=J,V__terse=K] 

* Chain [18]: 0
  with precondition: [B=2,C=V__save_math_mode,D=V__save_LaTeX_Mode] 

* Chain [17]: 0
  with precondition: [B=3,C=V__TeX_comment,D=V__save_math_mode,E=V__math_mode,F=V__save_LaTeX_Mode,G=V__LaTeX_Mode,H=V__tflag,I=V__aflag,J=V__cbench_print,K=V__terse] 


#### Cost of loops [23,24,25,26,27,28] 

 * loop 23:eval_skiptoword_bb1_in(V__TeX_comment,V__save_math_mode,V__math_mode,V__save_LaTeX_Mode,V__LaTeX_Mode,V__tflag,V__aflag,V__cbench_print,V__terse,B,C,D) -> [eval_skiptoword_bb1_in(V__TeX_comment',V__save_math_mode',V__math_mode',V__save_LaTeX_Mode',V__LaTeX_Mode',V__tflag',V__aflag',V__cbench_print',V__terse',B',C',D')] 
1*s(8)+0
 * loop 24:eval_skiptoword_bb1_in(V__TeX_comment,V__save_math_mode,V__math_mode,V__save_LaTeX_Mode,V__LaTeX_Mode,V__tflag,V__aflag,V__cbench_print,V__terse,B,C,D) -> [eval_skiptoword_bb1_in(V__TeX_comment',V__save_math_mode',V__math_mode',V__save_LaTeX_Mode',V__LaTeX_Mode',V__tflag',V__aflag',V__cbench_print',V__terse',B',C',D')] 
1*s(13)+0
 * loop 25:eval_skiptoword_bb1_in(V__TeX_comment,V__save_math_mode,V__math_mode,V__save_LaTeX_Mode,V__LaTeX_Mode,V__tflag,V__aflag,V__cbench_print,V__terse,B,C,D) -> [eval_skiptoword_bb1_in(V__TeX_comment',V__save_math_mode',V__math_mode',V__save_LaTeX_Mode',V__LaTeX_Mode',V__tflag',V__aflag',V__cbench_print',V__terse',B',C',D')] 
1*s(15)+0
 * loop 26:eval_skiptoword_bb1_in(V__TeX_comment,V__save_math_mode,V__math_mode,V__save_LaTeX_Mode,V__LaTeX_Mode,V__tflag,V__aflag,V__cbench_print,V__terse,B,C,D) -> [eval_skiptoword_bb1_in(V__TeX_comment',V__save_math_mode',V__math_mode',V__save_LaTeX_Mode',V__LaTeX_Mode',V__tflag',V__aflag',V__cbench_print',V__terse',B',C',D')] 
1*s(17)+0
 * loop 27:eval_skiptoword_bb1_in(V__TeX_comment,V__save_math_mode,V__math_mode,V__save_LaTeX_Mode,V__LaTeX_Mode,V__tflag,V__aflag,V__cbench_print,V__terse,B,C,D) -> [eval_skiptoword_bb1_in(V__TeX_comment',V__save_math_mode',V__math_mode',V__save_LaTeX_Mode',V__LaTeX_Mode',V__tflag',V__aflag',V__cbench_print',V__terse',B',C',D')] 
1*s(22)+0
 * loop 28:eval_skiptoword_bb1_in(V__TeX_comment,V__save_math_mode,V__math_mode,V__save_LaTeX_Mode,V__LaTeX_Mode,V__tflag,V__aflag,V__cbench_print,V__terse,B,C,D) -> [eval_skiptoword_bb1_in(V__TeX_comment',V__save_math_mode',V__math_mode',V__save_LaTeX_Mode',V__LaTeX_Mode',V__tflag',V__aflag',V__cbench_print',V__terse',B',C',D')] 
1*s(24)+0
#### Cost of phase [23,24,25,26,27,28]:eval_skiptoword_bb1_in(V__TeX_comment,V__save_math_mode,V__math_mode,V__save_LaTeX_Mode,V__LaTeX_Mode,V__tflag,V__aflag,V__cbench_print,V__terse,B,C,D) -> [eval_skiptoword_bb1_in(V__TeX_comment',V__save_math_mode',V__math_mode',V__save_LaTeX_Mode',V__LaTeX_Mode',V__tflag',V__aflag',V__cbench_print',V__terse',B',C',D')] 
6*s(25)+0
#### Cost of phase [23,24,25,26,27,28]:eval_skiptoword_bb1_in(V__TeX_comment,V__save_math_mode,V__math_mode,V__save_LaTeX_Mode,V__LaTeX_Mode,V__tflag,V__aflag,V__cbench_print,V__terse,B,C,D) -> [eval_skiptoword_bb1_in(V__TeX_comment',V__save_math_mode',V__math_mode',V__save_LaTeX_Mode',V__LaTeX_Mode',V__tflag',V__aflag',V__cbench_print',V__terse',B',C',D')] 
6*s(25)+0
#### Cost of phase [23,24,25,26,27,28]:eval_skiptoword_bb1_in(V__TeX_comment,V__save_math_mode,V__math_mode,V__save_LaTeX_Mode,V__LaTeX_Mode,V__tflag,V__aflag,V__cbench_print,V__terse,B,C,D) -> [eval_skiptoword_bb1_in(V__TeX_comment',V__save_math_mode',V__math_mode',V__save_LaTeX_Mode',V__LaTeX_Mode',V__tflag',V__aflag',V__cbench_print',V__terse',B',C',D')] 
6*s(25)+0
#### Cost of phase [23,24,25,26,27,28]:eval_skiptoword_bb1_in(V__TeX_comment,V__save_math_mode,V__math_mode,V__save_LaTeX_Mode,V__LaTeX_Mode,V__tflag,V__aflag,V__cbench_print,V__terse,B,C,D) -> [eval_skiptoword_bb1_in(V__TeX_comment',V__save_math_mode',V__math_mode',V__save_LaTeX_Mode',V__LaTeX_Mode',V__tflag',V__aflag',V__cbench_print',V__terse',B',C',D')] 
6*s(25)+0
#### Cost of chains of eval_skiptoword_bb1_in(V__TeX_comment,V__save_math_mode,V__math_mode,V__save_LaTeX_Mode,V__LaTeX_Mode,V__tflag,V__aflag,V__cbench_print,V__terse,B,C,D):
* Chain [[23,24,25,26,27,28]]...: 6*s(25)+0
  with precondition: [B=2] 

* Chain [[23,24,25,26,27,28],22]...: 7*aux(10)+0
  with precondition: [B=2] 

* Chain [[23,24,25,26,27,28],21]: 7*aux(11)+0
  with precondition: [B=2] 

* Chain [[23,24,25,26,27,28],20]: 6*s(25)+0
  with precondition: [B=2] 

* Chain [22]...: 1*aux(10)+0
  with precondition: [B=2] 

* Chain [21]: 1*aux(11)+0
  with precondition: [B=2,C=V__save_math_mode,D=V__save_LaTeX_Mode] 

* Chain [20]: 0
  with precondition: [B=2,C=V__math_mode,D=V__LaTeX_Mode] 


#### Cost of chains of eval_skiptoword_3(V__TeX_comment,V__save_math_mode,V__math_mode,V__save_LaTeX_Mode,V__LaTeX_Mode,V__tflag,V__aflag,V__cbench_print,V__terse,B):
* Chain [30]: 1*s(59)+1
  with precondition: [] 

* Chain [29]...: 1*s(60)+1
  with precondition: [] 


#### Cost of chains of eval_skiptoword_start(V__TeX_comment,V__save_math_mode,V__math_mode,V__save_LaTeX_Mode,V__LaTeX_Mode,V__tflag,V__aflag,V__cbench_print,V__terse,B):
* Chain [32]: 1*s(61)+1
  with precondition: [] 

* Chain [31]...: 1*s(62)+1
  with precondition: [] 


Closed-form bounds of eval_skiptoword_start(V__TeX_comment,V__save_math_mode,V__math_mode,V__save_LaTeX_Mode,V__LaTeX_Mode,V__tflag,V__aflag,V__cbench_print,V__terse,B): 
-------------------------------------
* Chain [32] with precondition: [] 
    - Upper bound: inf 
    - Complexity: infinity 
* Chain [31]... with precondition: [] 
    - Upper bound: inf 
    - Complexity: infinity 

### Maximum cost of eval_skiptoword_start(V__TeX_comment,V__save_math_mode,V__math_mode,V__save_LaTeX_Mode,V__LaTeX_Mode,V__tflag,V__aflag,V__cbench_print,V__terse,B): inf 
Asymptotic class: infinity 

Time statistics: 
-------------------------------------
* Partial evaluation computed in 737 ms.
* Invariants computed in 76 ms.
   - Backward Invariants 41 ms.
   - Transitive Invariants 14 ms.
* Refinement performed in 325 ms.
* Termination proved in 15 ms.
* Upper bounds computed in 154 ms.
   - Equation cost structures 105 ms.
   - Phase cost structures 76 ms.
   - Chain cost structures 30 ms.
   - Solving cost expressions 0 ms.
* Total analysis performed in 1493 ms.

