Warning: Ignored call to eval_bwbs_compare_rotations_stop/1 in equation eval_bwbs_compare_rotations_bb14_in/1 

Preprocessing Cost Relations
=====================================

#### Computed strongly connected components 
0. non_recursive  : [eval_bwbs_compare_rotations_bb14_in/1]
1. recursive  : [eval_bwbs_compare_rotations_bb3_in/1]
2. recursive  : [eval_bwbs_compare_rotations_bb6_in/1]
3. recursive  : [eval_bwbs_compare_rotations_bb10_in/1]
4. non_recursive  : [loop_cont_eval_bwbs_compare_rotations_bb10_in/2]
5. non_recursive  : [loop_cont_eval_bwbs_compare_rotations_bb6_in/2]
6. non_recursive  : [loop_cont_eval_bwbs_compare_rotations_bb3_in/2]
7. non_recursive  : [eval_bwbs_compare_rotations_bb0_in/1]
8. non_recursive  : [eval_bwbs_compare_rotations_start/1]

#### Obtained direct recursion through partial evaluation 
0. SCC is completely evaluated into other SCCs
1. SCC is partially evaluated into eval_bwbs_compare_rotations_bb3_in/1
2. SCC is partially evaluated into eval_bwbs_compare_rotations_bb6_in/1
3. SCC is partially evaluated into eval_bwbs_compare_rotations_bb10_in/1
4. SCC is completely evaluated into other SCCs
5. SCC is partially evaluated into loop_cont_eval_bwbs_compare_rotations_bb6_in/2
6. SCC is partially evaluated into loop_cont_eval_bwbs_compare_rotations_bb3_in/2
7. SCC is partially evaluated into eval_bwbs_compare_rotations_bb0_in/1
8. SCC is partially evaluated into eval_bwbs_compare_rotations_start/1

Control-Flow Refinement of Cost Relations
=====================================

### Specialization of cost equations eval_bwbs_compare_rotations_bb3_in/1 
* CE 7 is refined into CE [17] 
* CE 5 is refined into CE [18] 
* CE 6 is refined into CE [19] 


#### Refined cost equations eval_bwbs_compare_rotations_bb3_in/1 
* CE 17: eval_bwbs_compare_rotations_bb3_in(B) = 0
     [B=4] 
* CE 18: eval_bwbs_compare_rotations_bb3_in(B) = 0
     [B=2] 
* CE 19: eval_bwbs_compare_rotations_bb3_in(B) = 1+ eval_bwbs_compare_rotations_bb3_in(B)
     [] 

### Cost equations --> "Loop" of eval_bwbs_compare_rotations_bb3_in/1 
* CEs [19] --> Loop 15 
* CEs [17] --> Loop 16 
* CEs [18] --> Loop 17 

#### Loops of eval_bwbs_compare_rotations_bb3_in/1 
* Loop 15: eval_bwbs_compare_rotations_bb3_in(B)->  eval_bwbs_compare_rotations_bb3_in(B)
                  [] 
* Loop 16: eval_bwbs_compare_rotations_bb3_in(B) [B=4] 
* Loop 17: eval_bwbs_compare_rotations_bb3_in(B) [B=2] 

### Ranking functions of CR eval_bwbs_compare_rotations_bb3_in(B) 

#### Partial ranking functions of CR eval_bwbs_compare_rotations_bb3_in(B) 


### Resulting Chains:eval_bwbs_compare_rotations_bb3_in(B) 
* [[15]]...
* [[15],17]
* [[15],16]
* [17]
* [16]


### Merging Chains  eval_bwbs_compare_rotations_bb3_in/1 into  External patterns of execution 
* [[17],[17,[15]]] --> 1 
* [[16],[16,[15]]] --> 2 
* [[[15]]] --> 3 


### Specialization of cost equations eval_bwbs_compare_rotations_bb6_in/1 
* CE 12 is refined into CE [20] 
* CE 10 is refined into CE [21] 
* CE 11 is refined into CE [22] 


#### Refined cost equations eval_bwbs_compare_rotations_bb6_in/1 
* CE 20: eval_bwbs_compare_rotations_bb6_in(B) = 0
     [B=3] 
* CE 21: eval_bwbs_compare_rotations_bb6_in(B) = 0
     [B=2] 
* CE 22: eval_bwbs_compare_rotations_bb6_in(B) = 1+ eval_bwbs_compare_rotations_bb6_in(B)
     [] 

### Cost equations --> "Loop" of eval_bwbs_compare_rotations_bb6_in/1 
* CEs [22] --> Loop 18 
* CEs [20] --> Loop 19 
* CEs [21] --> Loop 20 

#### Loops of eval_bwbs_compare_rotations_bb6_in/1 
* Loop 18: eval_bwbs_compare_rotations_bb6_in(B)->  eval_bwbs_compare_rotations_bb6_in(B)
                  [] 
* Loop 19: eval_bwbs_compare_rotations_bb6_in(B) [B=3] 
* Loop 20: eval_bwbs_compare_rotations_bb6_in(B) [B=2] 

### Ranking functions of CR eval_bwbs_compare_rotations_bb6_in(B) 

#### Partial ranking functions of CR eval_bwbs_compare_rotations_bb6_in(B) 


### Resulting Chains:eval_bwbs_compare_rotations_bb6_in(B) 
* [[18]]...
* [[18],20]
* [[18],19]
* [20]
* [19]


### Merging Chains  eval_bwbs_compare_rotations_bb6_in/1 into  External patterns of execution 
* [[20],[20,[18]]] --> 1 
* [[19],[19,[18]]] --> 2 
* [[[18]]] --> 3 


### Specialization of cost equations eval_bwbs_compare_rotations_bb10_in/1 
* CE 16 is refined into CE [23] 
* CE 15 is refined into CE [24] 


#### Refined cost equations eval_bwbs_compare_rotations_bb10_in/1 
* CE 23: eval_bwbs_compare_rotations_bb10_in(B) = 1+ eval_bwbs_compare_rotations_bb10_in(C)
     [C=2,B=2] 
* CE 24: eval_bwbs_compare_rotations_bb10_in(B) = 0
     [B=2] 

### Cost equations --> "Loop" of eval_bwbs_compare_rotations_bb10_in/1 
* CEs [24] --> Loop 21 
* CEs [23] --> Loop 22 

#### Loops of eval_bwbs_compare_rotations_bb10_in/1 
* Loop 21: eval_bwbs_compare_rotations_bb10_in(B) [B=2] 
* Loop 22: eval_bwbs_compare_rotations_bb10_in(B)->  eval_bwbs_compare_rotations_bb10_in(B')
                  [B'=2,B=2] 

### Ranking functions of CR eval_bwbs_compare_rotations_bb10_in(B) 

#### Partial ranking functions of CR eval_bwbs_compare_rotations_bb10_in(B) 


### Resulting Chains:eval_bwbs_compare_rotations_bb10_in(B) 
* [[22]]...
* [[22],21]
* [21]


### Merging Chains  eval_bwbs_compare_rotations_bb10_in/1 into  External patterns of execution 
* [[21],[21,[22]]] --> 1 
* [[[22]]] --> 2 


### Specialization of cost equations loop_cont_eval_bwbs_compare_rotations_bb6_in/2 
* CE 14 is refined into CE [25,26] 
* CE 13 is refined into CE [27] 


#### Refined cost equations loop_cont_eval_bwbs_compare_rotations_bb6_in/2 
* CE 25: loop_cont_eval_bwbs_compare_rotations_bb6_in(B,A) = 1+ eval_bwbs_compare_rotations_bb10_in(C):1
     [C=2,B=3] 
* CE 26: loop_cont_eval_bwbs_compare_rotations_bb6_in(B,A) = 1+ eval_bwbs_compare_rotations_bb10_in(C):2
     [C=2,B=3] 
* CE 27: loop_cont_eval_bwbs_compare_rotations_bb6_in(B,A) = 0
     [B=2] 

### Cost equations --> "Loop" of loop_cont_eval_bwbs_compare_rotations_bb6_in/2 
* CEs [25] --> Loop 23 
* CEs [27] --> Loop 24 
* CEs [26] --> Loop 25 

#### Loops of loop_cont_eval_bwbs_compare_rotations_bb6_in/2 
* Loop 23: loop_cont_eval_bwbs_compare_rotations_bb6_in(B,A) [B=3] 
* Loop 24: loop_cont_eval_bwbs_compare_rotations_bb6_in(B,A) [B=2] 
* Loop 25: loop_cont_eval_bwbs_compare_rotations_bb6_in(B,A) [B=3] 

### Ranking functions of CR loop_cont_eval_bwbs_compare_rotations_bb6_in(B,A) 

#### Partial ranking functions of CR loop_cont_eval_bwbs_compare_rotations_bb6_in(B,A) 


### Resulting Chains:loop_cont_eval_bwbs_compare_rotations_bb6_in(B,A) 
* [25]...
* [24]
* [23]


### Merging Chains  loop_cont_eval_bwbs_compare_rotations_bb6_in/2 into  External patterns of execution 
* [[24]] --> 1 
* [[23]] --> 2 
* [[25]] --> 3 


### Specialization of cost equations loop_cont_eval_bwbs_compare_rotations_bb3_in/2 
* CE 9 is refined into CE [28,29,30,31] 
* CE 8 is refined into CE [32] 


#### Refined cost equations loop_cont_eval_bwbs_compare_rotations_bb3_in/2 
* CE 28: loop_cont_eval_bwbs_compare_rotations_bb3_in(B,A) = 1+ eval_bwbs_compare_rotations_bb6_in(C):1+ loop_cont_eval_bwbs_compare_rotations_bb6_in(D,A):1
     [D=2,C=2,B=4] 
* CE 29: loop_cont_eval_bwbs_compare_rotations_bb3_in(B,A) = 1+ eval_bwbs_compare_rotations_bb6_in(C):2+ loop_cont_eval_bwbs_compare_rotations_bb6_in(D,A):2
     [D=3,C=3,B=4] 
* CE 30: loop_cont_eval_bwbs_compare_rotations_bb3_in(B,A) = 1+ eval_bwbs_compare_rotations_bb6_in(C):2+ loop_cont_eval_bwbs_compare_rotations_bb6_in(D,A):3
     [D=3,C=3,B=4] 
* CE 31: loop_cont_eval_bwbs_compare_rotations_bb3_in(B,A) = 1+ eval_bwbs_compare_rotations_bb6_in(C):3
     [B=4] 
* CE 32: loop_cont_eval_bwbs_compare_rotations_bb3_in(B,A) = 0
     [B=2] 

### Cost equations --> "Loop" of loop_cont_eval_bwbs_compare_rotations_bb3_in/2 
* CEs [28,29] --> Loop 26 
* CEs [32] --> Loop 27 
* CEs [30,31] --> Loop 28 

#### Loops of loop_cont_eval_bwbs_compare_rotations_bb3_in/2 
* Loop 26: loop_cont_eval_bwbs_compare_rotations_bb3_in(B,A) [B=4] 
* Loop 27: loop_cont_eval_bwbs_compare_rotations_bb3_in(B,A) [B=2] 
* Loop 28: loop_cont_eval_bwbs_compare_rotations_bb3_in(B,A) [B=4] 

### Ranking functions of CR loop_cont_eval_bwbs_compare_rotations_bb3_in(B,A) 

#### Partial ranking functions of CR loop_cont_eval_bwbs_compare_rotations_bb3_in(B,A) 


### Resulting Chains:loop_cont_eval_bwbs_compare_rotations_bb3_in(B,A) 
* [28]...
* [27]
* [26]


### Merging Chains  loop_cont_eval_bwbs_compare_rotations_bb3_in/2 into  External patterns of execution 
* [[27]] --> 1 
* [[26]] --> 2 
* [[28]] --> 3 


### Specialization of cost equations eval_bwbs_compare_rotations_bb0_in/1 
* CE 3 is refined into CE [33] 
* CE 4 is refined into CE [34,35,36,37] 


#### Refined cost equations eval_bwbs_compare_rotations_bb0_in/1 
* CE 33: eval_bwbs_compare_rotations_bb0_in(B) = 0
     [] 
* CE 34: eval_bwbs_compare_rotations_bb0_in(B) = 1+ eval_bwbs_compare_rotations_bb3_in(C):1+ loop_cont_eval_bwbs_compare_rotations_bb3_in(D,B):1
     [D=2,C=2] 
* CE 35: eval_bwbs_compare_rotations_bb0_in(B) = 1+ eval_bwbs_compare_rotations_bb3_in(C):2+ loop_cont_eval_bwbs_compare_rotations_bb3_in(D,B):2
     [D=4,C=4] 
* CE 36: eval_bwbs_compare_rotations_bb0_in(B) = 1+ eval_bwbs_compare_rotations_bb3_in(C):2+ loop_cont_eval_bwbs_compare_rotations_bb3_in(D,B):3
     [D=4,C=4] 
* CE 37: eval_bwbs_compare_rotations_bb0_in(B) = 1+ eval_bwbs_compare_rotations_bb3_in(C):3
     [] 

### Cost equations --> "Loop" of eval_bwbs_compare_rotations_bb0_in/1 
* CEs [36,37] --> Loop 29 
* CEs [33,34,35] --> Loop 30 

#### Loops of eval_bwbs_compare_rotations_bb0_in/1 
* Loop 29: eval_bwbs_compare_rotations_bb0_in(B) [] 
* Loop 30: eval_bwbs_compare_rotations_bb0_in(B) [] 

### Ranking functions of CR eval_bwbs_compare_rotations_bb0_in(B) 

#### Partial ranking functions of CR eval_bwbs_compare_rotations_bb0_in(B) 


### Resulting Chains:eval_bwbs_compare_rotations_bb0_in(B) 
* [30]
* [29]...


### Merging Chains  eval_bwbs_compare_rotations_bb0_in/1 into  External patterns of execution 
* [[30]] --> 1 
* [[29]] --> 2 


### Specialization of cost equations eval_bwbs_compare_rotations_start/1 
* CE 2 is refined into CE [38,39] 


#### Refined cost equations eval_bwbs_compare_rotations_start/1 
* CE 38: eval_bwbs_compare_rotations_start(B) = 0+ eval_bwbs_compare_rotations_bb0_in(B):1
     [] 
* CE 39: eval_bwbs_compare_rotations_start(B) = 0+ eval_bwbs_compare_rotations_bb0_in(B):2
     [] 

### Cost equations --> "Loop" of eval_bwbs_compare_rotations_start/1 
* CEs [39] --> Loop 31 
* CEs [38] --> Loop 32 

#### Loops of eval_bwbs_compare_rotations_start/1 
* Loop 31: eval_bwbs_compare_rotations_start(B) [] 
* Loop 32: eval_bwbs_compare_rotations_start(B) [] 

### Ranking functions of CR eval_bwbs_compare_rotations_start(B) 

#### Partial ranking functions of CR eval_bwbs_compare_rotations_start(B) 


### Resulting Chains:eval_bwbs_compare_rotations_start(B) 
* [32]
* [31]...


### Merging Chains  eval_bwbs_compare_rotations_start/1 into  External patterns of execution 
* [[32]] --> 1 
* [[31]] --> 2 


Computing Bounds
=====================================

#### Cost of loops [15] 

 * loop 15:eval_bwbs_compare_rotations_bb3_in(B) -> [eval_bwbs_compare_rotations_bb3_in(B')] 
1
#### Cost of phase [15]:eval_bwbs_compare_rotations_bb3_in(B) -> [eval_bwbs_compare_rotations_bb3_in(B')] 
1*it(15)+0
#### Cost of phase [15]:eval_bwbs_compare_rotations_bb3_in(B) -> [eval_bwbs_compare_rotations_bb3_in(B')] 
1*it(15)+0
#### Cost of phase [15]:eval_bwbs_compare_rotations_bb3_in(B) -> [eval_bwbs_compare_rotations_bb3_in(B')] 
1*it(15)+0
#### Cost of chains of eval_bwbs_compare_rotations_bb3_in(B):
* Chain [[15]]...: 1*it(15)+0
  with precondition: [] 

* Chain [[15],17]: 1*it(15)+0
  with precondition: [B=2] 

* Chain [[15],16]: 1*it(15)+0
  with precondition: [B=4] 

* Chain [17]: 0
  with precondition: [B=2] 

* Chain [16]: 0
  with precondition: [B=4] 


#### Cost of loops [18] 

 * loop 18:eval_bwbs_compare_rotations_bb6_in(B) -> [eval_bwbs_compare_rotations_bb6_in(B')] 
1
#### Cost of phase [18]:eval_bwbs_compare_rotations_bb6_in(B) -> [eval_bwbs_compare_rotations_bb6_in(B')] 
1*it(18)+0
#### Cost of phase [18]:eval_bwbs_compare_rotations_bb6_in(B) -> [eval_bwbs_compare_rotations_bb6_in(B')] 
1*it(18)+0
#### Cost of phase [18]:eval_bwbs_compare_rotations_bb6_in(B) -> [eval_bwbs_compare_rotations_bb6_in(B')] 
1*it(18)+0
#### Cost of chains of eval_bwbs_compare_rotations_bb6_in(B):
* Chain [[18]]...: 1*it(18)+0
  with precondition: [] 

* Chain [[18],20]: 1*it(18)+0
  with precondition: [B=2] 

* Chain [[18],19]: 1*it(18)+0
  with precondition: [B=3] 

* Chain [20]: 0
  with precondition: [B=2] 

* Chain [19]: 0
  with precondition: [B=3] 


#### Cost of loops [22] 

 * loop 22:eval_bwbs_compare_rotations_bb10_in(B) -> [eval_bwbs_compare_rotations_bb10_in(B')] 
1
#### Cost of phase [22]:eval_bwbs_compare_rotations_bb10_in(B) -> [eval_bwbs_compare_rotations_bb10_in(B')] 
1*it(22)+0
#### Cost of phase [22]:eval_bwbs_compare_rotations_bb10_in(B) -> [eval_bwbs_compare_rotations_bb10_in(B')] 
1*it(22)+0
#### Cost of chains of eval_bwbs_compare_rotations_bb10_in(B):
* Chain [[22]]...: 1*it(22)+0
  with precondition: [B=2] 

* Chain [[22],21]: 1*it(22)+0
  with precondition: [B=2] 

* Chain [21]: 0
  with precondition: [B=2] 


#### Cost of chains of loop_cont_eval_bwbs_compare_rotations_bb6_in(B,A):
* Chain [25]...: 1*s(6)+1
  with precondition: [B=3] 

* Chain [24]: 0
  with precondition: [B=2] 

* Chain [23]: 1*s(7)+1
  with precondition: [B=3] 


#### Cost of chains of loop_cont_eval_bwbs_compare_rotations_bb3_in(B,A):
* Chain [28]...: 1*aux(6)+0
  with precondition: [B=4] 

* Chain [27]: 0
  with precondition: [B=2] 

* Chain [26]: 1*aux(7)+0
  with precondition: [B=4] 


#### Cost of chains of eval_bwbs_compare_rotations_bb0_in(B):
* Chain [30]: 1*aux(8)+0
  with precondition: [] 

* Chain [29]...: 1*aux(9)+0
  with precondition: [] 


#### Cost of chains of eval_bwbs_compare_rotations_start(B):
* Chain [32]: 1*s(20)+0
  with precondition: [] 

* Chain [31]...: 1*s(21)+0
  with precondition: [] 


Closed-form bounds of eval_bwbs_compare_rotations_start(B): 
-------------------------------------
* Chain [32] with precondition: [] 
    - Upper bound: inf 
    - Complexity: infinity 
* Chain [31]... with precondition: [] 
    - Upper bound: inf 
    - Complexity: infinity 

### Maximum cost of eval_bwbs_compare_rotations_start(B): inf 
Asymptotic class: infinity 

Time statistics: 
-------------------------------------
* Partial evaluation computed in 5 ms.
* Invariants computed in 7 ms.
   - Backward Invariants 2 ms.
   - Transitive Invariants 2 ms.
* Refinement performed in 17 ms.
* Termination proved in 2 ms.
* Upper bounds computed in 13 ms.
   - Equation cost structures 4 ms.
   - Phase cost structures 2 ms.
   - Chain cost structures 4 ms.
   - Solving cost expressions 0 ms.
* Total analysis performed in 58 ms.

