Warning: Ignored call to eval_s_BHCD_process_stop/1 in equation eval_s_BHCD_process_bb38_in/1 

Preprocessing Cost Relations
=====================================

#### Computed strongly connected components 
0. recursive  : [eval_s_BHCD_process_bb4_in/7]
1. recursive  : [eval_s_BHCD_process_bb13_in/6,eval_s_BHCD_process_bb18_in/6,eval_s_BHCD_process_bb19_in/6,eval_s_BHCD_process_bb20_in/6,eval_s_BHCD_process_bb24_in/6,eval_s_BHCD_process_bb29_in/6,eval_s_BHCD_process_bb33_in/6,eval_s_BHCD_process_bb34_in/6,eval_s_BHCD_process_bb36_in/6,eval_s_BHCD_process_bb8_in/6]
2. recursive  : [eval_s_BHCD_process_bb3_in/3,loop_cont_eval_s_BHCD_process_bb4_in/5,loop_cont_eval_s_BHCD_process_bb8_in/4]
3. non_recursive  : [eval_s_BHCD_process_bb38_in/1]
4. non_recursive  : [loop_cont_eval_s_BHCD_process_bb3_in/2]
5. non_recursive  : [eval_s_BHCD_process_bb2_in/2]
6. non_recursive  : [eval_s_BHCD_process_bb0_in/1]
7. non_recursive  : [eval_s_BHCD_process_start/2]

#### Obtained direct recursion through partial evaluation 
0. SCC is partially evaluated into eval_s_BHCD_process_bb4_in/7
1. SCC is partially evaluated into eval_s_BHCD_process_bb8_in/6
2. SCC is partially evaluated into eval_s_BHCD_process_bb3_in/3
3. SCC is completely evaluated into other SCCs
4. SCC is completely evaluated into other SCCs
5. SCC is partially evaluated into eval_s_BHCD_process_bb2_in/2
6. SCC is completely evaluated into other SCCs
7. SCC is partially evaluated into eval_s_BHCD_process_start/2

Control-Flow Refinement of Cost Relations
=====================================

### Specialization of cost equations eval_s_BHCD_process_bb4_in/7 
* CE 9 is refined into CE [13] 
* CE 7 is refined into CE [14] 
* CE 8 is refined into CE [15] 


#### Refined cost equations eval_s_BHCD_process_bb4_in/7 
* CE 13: eval_s_BHCD_process_bb4_in(A,B,C,D,A,B,C) = 0
     [B>=C,0>=C,D=3] 
* CE 14: eval_s_BHCD_process_bb4_in(V_14,V_zeros_0,V_zeros_1,B,C,D,E) = 0
     [V_zeros_0>=V_zeros_1,V_zeros_1>=1,B=2] 
* CE 15: eval_s_BHCD_process_bb4_in(V_14,V_zeros_0,V_zeros_1,B,C,D,E) = 1+ eval_s_BHCD_process_bb4_in(V_14,V_zeros_0,F,B,C,D,E)
     [V_zeros_0>=V_zeros_1,B>=2,V_zeros_1>=1,3>=B,V_zeros_1=F+1] 

### Cost equations --> "Loop" of eval_s_BHCD_process_bb4_in/7 
* CEs [15] --> Loop 11 
* CEs [13] --> Loop 12 
* CEs [14] --> Loop 13 

#### Loops of eval_s_BHCD_process_bb4_in/7 
* Loop 11: eval_s_BHCD_process_bb4_in(V_14,V_zeros_0,V_zeros_1,B,C,D,E)->  eval_s_BHCD_process_bb4_in(V_14,V_zeros_0,V_zeros_1',B,C,D,E)
                  [V_zeros_0>=V_zeros_1,B>=2,V_zeros_1>=1,3>=B,V_zeros_1=V_zeros_1'+1] 
* Loop 12: eval_s_BHCD_process_bb4_in(A,B,C,D,A,B,C) [B>=C,0>=C,D=3] 
* Loop 13: eval_s_BHCD_process_bb4_in(V_14,V_zeros_0,V_zeros_1,B,C,D,E) [V_zeros_0>=V_zeros_1,V_zeros_1>=1,B=2] 

### Ranking functions of CR eval_s_BHCD_process_bb4_in(V_14,V_zeros_0,V_zeros_1,B,C,D,E) 
* RF of phase [11]: [V_zeros_1]

#### Partial ranking functions of CR eval_s_BHCD_process_bb4_in(V_14,V_zeros_0,V_zeros_1,B,C,D,E) 
* Partial RF of phase [11]:
  - RF of loop [11:1]:
    V_zeros_1


### Resulting Chains:eval_s_BHCD_process_bb4_in(V_14,V_zeros_0,V_zeros_1,B,C,D,E) 
* [[11],13]
* [[11],12]
* [13]
* [12]


### Merging Chains  eval_s_BHCD_process_bb4_in/7 into  External patterns of execution 
* [[13],[13,[11]]] --> 1 
* [[12,[11]]] --> 2 
* [[12]] --> 3 


### Specialization of cost equations eval_s_BHCD_process_bb8_in/6 
* CE 12 is refined into CE [16] 
* CE 11 is refined into CE [17] 
* CE 10 is refined into CE [18] 


#### Refined cost equations eval_s_BHCD_process_bb8_in/6 
* CE 16: eval_s_BHCD_process_bb8_in(V_14,V_zeros_0,V_zeros_1,B,C,D) = 1+ eval_s_BHCD_process_bb8_in(V_14,V_zeros_0,V_zeros_1,B,C,D)
     [B>=2,4>=B] 
* CE 17: eval_s_BHCD_process_bb8_in(A,B,C,D,A,E) = 0
     [D=4] 
* CE 18: eval_s_BHCD_process_bb8_in(V_14,V_zeros_0,V_zeros_1,B,C,D) = 0
     [B=2] 

### Cost equations --> "Loop" of eval_s_BHCD_process_bb8_in/6 
* CEs [17] --> Loop 14 
* CEs [18] --> Loop 15 
* CEs [16] --> Loop 16 

#### Loops of eval_s_BHCD_process_bb8_in/6 
* Loop 14: eval_s_BHCD_process_bb8_in(A,B,C,D,A,E) [D=4] 
* Loop 15: eval_s_BHCD_process_bb8_in(V_14,V_zeros_0,V_zeros_1,B,C,D) [B=2] 
* Loop 16: eval_s_BHCD_process_bb8_in(V_14,V_zeros_0,V_zeros_1,B,C,D)->  eval_s_BHCD_process_bb8_in(V_14,V_zeros_0,V_zeros_1,B,C,D)
                  [B>=2,4>=B] 

### Ranking functions of CR eval_s_BHCD_process_bb8_in(V_14,V_zeros_0,V_zeros_1,B,C,D) 

#### Partial ranking functions of CR eval_s_BHCD_process_bb8_in(V_14,V_zeros_0,V_zeros_1,B,C,D) 


### Resulting Chains:eval_s_BHCD_process_bb8_in(V_14,V_zeros_0,V_zeros_1,B,C,D) 
* [[16]]...
* [[16],15]
* [[16],14]
* [15]
* [14]


### Merging Chains  eval_s_BHCD_process_bb8_in/6 into  External patterns of execution 
* [[15],[15,[16]]] --> 1 
* [[14],[14,[16]]] --> 2 
* [[[16]]] --> 3 


### Specialization of cost equations eval_s_BHCD_process_bb3_in/3 
* CE 6 is refined into CE [19,20,21,22] 
* CE 4 is refined into CE [23] 
* CE 5 is refined into CE [24,25,26,27] 


#### Refined cost equations eval_s_BHCD_process_bb3_in/3 
* CE 19: eval_s_BHCD_process_bb3_in(V_14,V_zeros_0,B) = 3+ eval_s_BHCD_process_bb4_in(V_14,V_zeros_0,V_zeros_0,C,V_14,V_zeros_0,D):2+ eval_s_BHCD_process_bb8_in(V_14,V_zeros_0,E,F,V_14,G):2+ eval_s_BHCD_process_bb3_in(V_14,G,H)
     [V_zeros_0>=1,H=2,F=4,E=0,D=0,C=3,B=2] 
* CE 20: eval_s_BHCD_process_bb3_in(V_14,V_zeros_0,B) = 3+ eval_s_BHCD_process_bb4_in(V_14,V_zeros_0,V_zeros_0,C,V_14,V_zeros_0,D):2+ eval_s_BHCD_process_bb8_in(V_14,V_zeros_0,E,F,G,H):3
     [V_zeros_0>=1,I=2,F=4,E=0,D=0,C=3,B=2] 
* CE 21: eval_s_BHCD_process_bb3_in(V_14,V_zeros_0,B) = 3+ eval_s_BHCD_process_bb4_in(V_14,V_zeros_0,V_zeros_0,C,V_14,V_zeros_0,V_zeros_0):3+ eval_s_BHCD_process_bb8_in(V_14,V_zeros_0,V_zeros_0,D,V_14,E):2+ eval_s_BHCD_process_bb3_in(V_14,E,F)
     [0>=V_zeros_0,F=2,D=4,C=3,B=2] 
* CE 22: eval_s_BHCD_process_bb3_in(V_14,V_zeros_0,B) = 3+ eval_s_BHCD_process_bb4_in(V_14,V_zeros_0,V_zeros_0,C,V_14,V_zeros_0,V_zeros_0):3+ eval_s_BHCD_process_bb8_in(V_14,V_zeros_0,V_zeros_0,D,E,F):3
     [0>=V_zeros_0,G=2,D=4,C=3,B=2] 
* CE 23: eval_s_BHCD_process_bb3_in(V_14,V_zeros_0,B) = 1+ eval_s_BHCD_process_bb4_in(V_14,V_zeros_0,V_zeros_0,C,D,E,F):1
     [V_zeros_0>=1,C=2,B=2] 
* CE 24: eval_s_BHCD_process_bb3_in(V_14,V_zeros_0,B) = 2+ eval_s_BHCD_process_bb4_in(V_14,V_zeros_0,V_zeros_0,C,V_14,V_zeros_0,D):2+ eval_s_BHCD_process_bb8_in(V_14,V_zeros_0,E,F,G,H):1
     [V_zeros_0>=1,F=2,E=0,D=0,C=3,B=2] 
* CE 25: eval_s_BHCD_process_bb3_in(V_14,V_zeros_0,B) = 2+ eval_s_BHCD_process_bb4_in(V_14,V_zeros_0,V_zeros_0,C,V_14,V_zeros_0,D):2+ eval_s_BHCD_process_bb8_in(V_14,V_zeros_0,E,F,G,H):3
     [V_zeros_0>=1,F=2,E=0,D=0,C=3,B=2] 
* CE 26: eval_s_BHCD_process_bb3_in(V_14,V_zeros_0,B) = 2+ eval_s_BHCD_process_bb4_in(V_14,V_zeros_0,V_zeros_0,C,V_14,V_zeros_0,V_zeros_0):3+ eval_s_BHCD_process_bb8_in(V_14,V_zeros_0,V_zeros_0,D,E,F):1
     [0>=V_zeros_0,D=2,C=3,B=2] 
* CE 27: eval_s_BHCD_process_bb3_in(V_14,V_zeros_0,B) = 2+ eval_s_BHCD_process_bb4_in(V_14,V_zeros_0,V_zeros_0,C,V_14,V_zeros_0,V_zeros_0):3+ eval_s_BHCD_process_bb8_in(V_14,V_zeros_0,V_zeros_0,D,E,F):3
     [0>=V_zeros_0,D=2,C=3,B=2] 

### Cost equations --> "Loop" of eval_s_BHCD_process_bb3_in/3 
* CEs [20,25] --> Loop 17 
* CEs [22,27] --> Loop 18 
* CEs [23,24] --> Loop 19 
* CEs [26] --> Loop 20 
* CEs [19] --> Loop 21 
* CEs [21] --> Loop 22 

#### Loops of eval_s_BHCD_process_bb3_in/3 
* Loop 17: eval_s_BHCD_process_bb3_in(V_14,V_zeros_0,B) [V_zeros_0>=1,B=2] 
* Loop 18: eval_s_BHCD_process_bb3_in(V_14,V_zeros_0,B) [0>=V_zeros_0,B=2] 
* Loop 19: eval_s_BHCD_process_bb3_in(V_14,V_zeros_0,B) [V_zeros_0>=1,B=2] 
* Loop 20: eval_s_BHCD_process_bb3_in(V_14,V_zeros_0,B) [0>=V_zeros_0,B=2] 
* Loop 21: eval_s_BHCD_process_bb3_in(V_14,V_zeros_0,B)->  eval_s_BHCD_process_bb3_in(V_14,V_zeros_0',B')
                  [V_zeros_0>=1,B'=2,B=2] 
* Loop 22: eval_s_BHCD_process_bb3_in(V_14,V_zeros_0,B)->  eval_s_BHCD_process_bb3_in(V_14,V_zeros_0',B')
                  [0>=V_zeros_0,B'=2,B=2] 

### Ranking functions of CR eval_s_BHCD_process_bb3_in(V_14,V_zeros_0,B) 

#### Partial ranking functions of CR eval_s_BHCD_process_bb3_in(V_14,V_zeros_0,B) 


### Resulting Chains:eval_s_BHCD_process_bb3_in(V_14,V_zeros_0,B) 
* [[21,22]]...
* [[21,22],20]
* [[21,22],19]
* [[21,22],18]...
* [[21,22],17]...
* [20]
* [19]
* [18]...
* [17]...


### Merging Chains  eval_s_BHCD_process_bb3_in/3 into  External patterns of execution 
* [[19],[20],[19,[21,22]],[20,[21,22]]] --> 1 
* [[[21,22]],[17,[21,22]],[18,[21,22]]] --> 2 
* [[18]] --> 3 
* [[17]] --> 4 


### Specialization of cost equations eval_s_BHCD_process_bb2_in/2 
* CE 3 is refined into CE [28,29,30,31] 


#### Refined cost equations eval_s_BHCD_process_bb2_in/2 
* CE 28: eval_s_BHCD_process_bb2_in(V_14,B) = 1+ eval_s_BHCD_process_bb3_in(V_14,C,D):1
     [D=2] 
* CE 29: eval_s_BHCD_process_bb2_in(V_14,B) = 1+ eval_s_BHCD_process_bb3_in(V_14,C,D):2
     [D=2] 
* CE 30: eval_s_BHCD_process_bb2_in(V_14,B) = 1+ eval_s_BHCD_process_bb3_in(V_14,C,D):3
     [0>=C,D=2] 
* CE 31: eval_s_BHCD_process_bb2_in(V_14,B) = 1+ eval_s_BHCD_process_bb3_in(V_14,C,D):4
     [C>=1,D=2] 

### Cost equations --> "Loop" of eval_s_BHCD_process_bb2_in/2 
* CEs [29,30,31] --> Loop 23 
* CEs [28] --> Loop 24 

#### Loops of eval_s_BHCD_process_bb2_in/2 
* Loop 23: eval_s_BHCD_process_bb2_in(V_14,B) [] 
* Loop 24: eval_s_BHCD_process_bb2_in(V_14,B) [] 

### Ranking functions of CR eval_s_BHCD_process_bb2_in(V_14,B) 

#### Partial ranking functions of CR eval_s_BHCD_process_bb2_in(V_14,B) 


### Resulting Chains:eval_s_BHCD_process_bb2_in(V_14,B) 
* [24]
* [23]...


### Merging Chains  eval_s_BHCD_process_bb2_in/2 into  External patterns of execution 
* [[24]] --> 1 
* [[23]] --> 2 


### Specialization of cost equations eval_s_BHCD_process_start/2 
* CE 2 is refined into CE [32,33] 


#### Refined cost equations eval_s_BHCD_process_start/2 
* CE 32: eval_s_BHCD_process_start(V_last,B) = 0+ eval_s_BHCD_process_bb2_in(C,B):1
     [] 
* CE 33: eval_s_BHCD_process_start(V_last,B) = 0+ eval_s_BHCD_process_bb2_in(C,B):2
     [] 

### Cost equations --> "Loop" of eval_s_BHCD_process_start/2 
* CEs [33] --> Loop 25 
* CEs [32] --> Loop 26 

#### Loops of eval_s_BHCD_process_start/2 
* Loop 25: eval_s_BHCD_process_start(V_last,B) [] 
* Loop 26: eval_s_BHCD_process_start(V_last,B) [] 

### Ranking functions of CR eval_s_BHCD_process_start(V_last,B) 

#### Partial ranking functions of CR eval_s_BHCD_process_start(V_last,B) 


### Resulting Chains:eval_s_BHCD_process_start(V_last,B) 
* [26]
* [25]...


### Merging Chains  eval_s_BHCD_process_start/2 into  External patterns of execution 
* [[26]] --> 1 
* [[25]] --> 2 


Computing Bounds
=====================================

#### Cost of loops [11] 

 * loop 11:eval_s_BHCD_process_bb4_in(V_14,V_zeros_0,V_zeros_1,B,C,D,E) -> [eval_s_BHCD_process_bb4_in(V_14',V_zeros_0',V_zeros_1',B',C',D',E')] 
1
#### Cost of phase [11]:eval_s_BHCD_process_bb4_in(V_14,V_zeros_0,V_zeros_1,B,C,D,E) -> [eval_s_BHCD_process_bb4_in(V_14',V_zeros_0',V_zeros_1',B',C',D',E')] 
1*it(11)+0
  Such that:it(11) =< V_zeros_1
it(11) =< V_zeros_1-V_zeros_1'

#### Cost of phase [11]:eval_s_BHCD_process_bb4_in(V_14,V_zeros_0,V_zeros_1,B,C,D,E) -> [eval_s_BHCD_process_bb4_in(V_14',V_zeros_0',V_zeros_1',B',C',D',E')] 
1*it(11)+0
  Such that:it(11) =< V_zeros_1
it(11) =< V_zeros_1-V_zeros_1'

#### Cost of chains of eval_s_BHCD_process_bb4_in(V_14,V_zeros_0,V_zeros_1,B,C,D,E):
* Chain [[11],13]: 1*it(11)+0
  Such that:it(11) =< V_zeros_1

  with precondition: [B=2,V_zeros_1>=2,V_zeros_0>=V_zeros_1] 

* Chain [[11],12]: 1*it(11)+0
  Such that:it(11) =< V_zeros_1

  with precondition: [B=3,E=0,V_14=C,V_zeros_0=D,V_zeros_1>=1,V_zeros_0>=V_zeros_1] 

* Chain [13]: 0
  with precondition: [B=2,V_zeros_1>=1,V_zeros_0>=V_zeros_1] 

* Chain [12]: 0
  with precondition: [B=3,C=V_14,V_zeros_0=D,V_zeros_1=E,0>=V_zeros_1,V_zeros_0>=V_zeros_1] 


#### Cost of loops [16] 

 * loop 16:eval_s_BHCD_process_bb8_in(V_14,V_zeros_0,V_zeros_1,B,C,D) -> [eval_s_BHCD_process_bb8_in(V_14',V_zeros_0',V_zeros_1',B',C',D')] 
1
#### Cost of phase [16]:eval_s_BHCD_process_bb8_in(V_14,V_zeros_0,V_zeros_1,B,C,D) -> [eval_s_BHCD_process_bb8_in(V_14',V_zeros_0',V_zeros_1',B',C',D')] 
1*it(16)+0
#### Cost of phase [16]:eval_s_BHCD_process_bb8_in(V_14,V_zeros_0,V_zeros_1,B,C,D) -> [eval_s_BHCD_process_bb8_in(V_14',V_zeros_0',V_zeros_1',B',C',D')] 
1*it(16)+0
#### Cost of phase [16]:eval_s_BHCD_process_bb8_in(V_14,V_zeros_0,V_zeros_1,B,C,D) -> [eval_s_BHCD_process_bb8_in(V_14',V_zeros_0',V_zeros_1',B',C',D')] 
1*it(16)+0
#### Cost of chains of eval_s_BHCD_process_bb8_in(V_14,V_zeros_0,V_zeros_1,B,C,D):
* Chain [[16]]...: 1*it(16)+0
  with precondition: [B>=2,4>=B] 

* Chain [[16],15]: 1*it(16)+0
  with precondition: [B=2] 

* Chain [[16],14]: 1*it(16)+0
  with precondition: [B=4,V_14=C] 

* Chain [15]: 0
  with precondition: [B=2] 

* Chain [14]: 0
  with precondition: [B=4,C=V_14] 


#### Cost of loops [21,22] 

 * loop 21:eval_s_BHCD_process_bb3_in(V_14,V_zeros_0,B) -> [eval_s_BHCD_process_bb3_in(V_14',V_zeros_0',B')] 
1*s(6)+1*s(7)+3
  Such that:s(6) =< V_zeros_0

 * loop 22:eval_s_BHCD_process_bb3_in(V_14,V_zeros_0,B) -> [eval_s_BHCD_process_bb3_in(V_14',V_zeros_0',B')] 
1*s(9)+3
#### Cost of phase [21,22]:eval_s_BHCD_process_bb3_in(V_14,V_zeros_0,B) -> [eval_s_BHCD_process_bb3_in(V_14',V_zeros_0',B')] 
8*it(21)+1*s(10)+0
#### Cost of phase [21,22]:eval_s_BHCD_process_bb3_in(V_14,V_zeros_0,B) -> [eval_s_BHCD_process_bb3_in(V_14',V_zeros_0',B')] 
8*it(21)+1*s(10)+0
#### Cost of phase [21,22]:eval_s_BHCD_process_bb3_in(V_14,V_zeros_0,B) -> [eval_s_BHCD_process_bb3_in(V_14',V_zeros_0',B')] 
8*it(21)+1*s(10)+0
#### Cost of loops [21,22] 

 * loop 21:eval_s_BHCD_process_bb3_in(V_14,V_zeros_0,B) -> [eval_s_BHCD_process_bb3_in(V_14',V_zeros_0',B')] 
1*s(6)+1*s(7)+3
  Such that:s(6) =< V_zeros_0

 * loop 22:eval_s_BHCD_process_bb3_in(V_14,V_zeros_0,B) -> [eval_s_BHCD_process_bb3_in(V_14',V_zeros_0',B')] 
1*s(9)+3
#### Cost of phase [21,22]:eval_s_BHCD_process_bb3_in(V_14,V_zeros_0,B) -> [] 
9*it(21)+2*it([19])+1*s(10)+2*s(17)+0
  Such that:it([19]) =< 1

#### Cost of phase [21,22]:eval_s_BHCD_process_bb3_in(V_14,V_zeros_0,B) -> [eval_s_BHCD_process_bb3_in(V_14',V_zeros_0',B')] 
8*it(21)+1*s(10)+0
#### Cost of phase [21,22]:eval_s_BHCD_process_bb3_in(V_14,V_zeros_0,B) -> [eval_s_BHCD_process_bb3_in(V_14',V_zeros_0',B')] 
8*it(21)+1*s(10)+0
#### Cost of loops [21,22] 

 * loop 21:eval_s_BHCD_process_bb3_in(V_14,V_zeros_0,B) -> [eval_s_BHCD_process_bb3_in(V_14',V_zeros_0',B')] 
1*s(6)+1*s(7)+3
  Such that:s(6) =< V_zeros_0

 * loop 22:eval_s_BHCD_process_bb3_in(V_14,V_zeros_0,B) -> [eval_s_BHCD_process_bb3_in(V_14',V_zeros_0',B')] 
1*s(9)+3
#### Cost of phase [21,22]:eval_s_BHCD_process_bb3_in(V_14,V_zeros_0,B) -> [] 
10*it(21)+3*it([17])+1*s(10)+2*s(26)+0
  Such that:it([17]) =< 1

#### Cost of chains of eval_s_BHCD_process_bb3_in(V_14,V_zeros_0,B):
* Chain [[21,22]]...: 9*it(21)+0
  with precondition: [B=2] 

* Chain [[21,22],20]: 10*it(21)+2
  with precondition: [B=2] 

* Chain [[21,22],19]: 9*it(21)+2*it([19])+1*s(10)+2*s(17)+0
  Such that:it([19]) =< 1

  with precondition: [B=2] 

* Chain [[21,22],18]...: 10*aux(11)+0
  with precondition: [B=2] 

* Chain [[21,22],17]...: 10*it(21)+3*it([17])+1*s(10)+2*s(26)+0
  Such that:it([17]) =< 1

  with precondition: [B=2] 

* Chain [20]: 1*s(13)+2
  with precondition: [B=2,0>=V_zeros_0] 

* Chain [19]: 2*s(14)+1*s(16)+2
  Such that:aux(6) =< V_zeros_0
s(14) =< aux(6)

  with precondition: [B=2,V_zeros_0>=1] 

* Chain [18]...: 1*aux(11)+0
  with precondition: [B=2,0>=V_zeros_0] 

* Chain [17]...: 2*s(22)+2*s(23)+3
  Such that:aux(12) =< V_zeros_0
s(22) =< aux(12)

  with precondition: [B=2,V_zeros_0>=1] 


#### Cost of chains of eval_s_BHCD_process_bb2_in(V_14,B):
* Chain [24]: 2*s(44)+2*s(46)+24*s(47)+3
  Such that:s(44) =< 1

  with precondition: [] 

* Chain [23]...: 1*aux(18)+0
  with precondition: [] 


#### Cost of chains of eval_s_BHCD_process_start(V_last,B):
* Chain [26]: 2*s(53)+26*s(54)+3
  Such that:s(53) =< 1

  with precondition: [] 

* Chain [25]...: 1*s(56)+0
  with precondition: [] 


Closed-form bounds of eval_s_BHCD_process_start(V_last,B): 
-------------------------------------
* Chain [26] with precondition: [] 
    - Upper bound: inf 
    - Complexity: infinity 
* Chain [25]... with precondition: [] 
    - Upper bound: inf 
    - Complexity: infinity 

### Maximum cost of eval_s_BHCD_process_start(V_last,B): inf 
Asymptotic class: infinity 

Time statistics: 
-------------------------------------
* Partial evaluation computed in 32 ms.
* Invariants computed in 31 ms.
   - Backward Invariants 17 ms.
   - Transitive Invariants 5 ms.
* Refinement performed in 49 ms.
* Termination proved in 5 ms.
* Upper bounds computed in 69 ms.
   - Equation cost structures 16 ms.
   - Phase cost structures 38 ms.
   - Chain cost structures 17 ms.
   - Solving cost expressions 1 ms.
* Total analysis performed in 223 ms.

