Warning: Ignored call to eval_makepossibilities_stop/1 in equation eval_makepossibilities_bb22_in/1 

Preprocessing Cost Relations
=====================================

#### Computed strongly connected components 
0. recursive  : [eval_makepossibilities_bb1_in/14]
1. non_recursive  : [eval_makepossibilities_bb22_in/1]
2. non_recursive  : [eval_makepossibilities_59/1]
3. non_recursive  : [eval_makepossibilities_58/8]
4. non_recursive  : [eval_makepossibilities_bb20_in/7]
5. non_recursive  : [eval_makepossibilities_48/7]
6. non_recursive  : [eval_makepossibilities_47/8]
7. non_recursive  : [eval_makepossibilities_bb18_in/7]
8. non_recursive  : [eval_makepossibilities_bb15_in/7]
9. non_recursive  : [eval_makepossibilities_35/7]
10. non_recursive  : [eval_makepossibilities_34/7]
11. non_recursive  : [eval_makepossibilities_bb13_in/7]
12. non_recursive  : [eval_makepossibilities_28/7]
13. non_recursive  : [eval_makepossibilities_27/7]
14. non_recursive  : [eval_makepossibilities_bb11_in/7]
15. non_recursive  : [eval_makepossibilities_23/7]
16. non_recursive  : [eval_makepossibilities_22/7]
17. non_recursive  : [eval_makepossibilities_bb9_in/7]
18. non_recursive  : [eval_makepossibilities_19/7]
19. non_recursive  : [eval_makepossibilities_18/7]
20. non_recursive  : [eval_makepossibilities_bb7_in/7]
21. non_recursive  : [eval_makepossibilities_15/7]
22. non_recursive  : [eval_makepossibilities_14/7]
23. non_recursive  : [eval_makepossibilities_bb5_in/7]
24. non_recursive  : [eval_makepossibilities_11/7]
25. non_recursive  : [eval_makepossibilities_10/7]
26. non_recursive  : [eval_makepossibilities_8/7]
27. non_recursive  : [eval_makepossibilities_7/7]
28. non_recursive  : [loop_cont_eval_makepossibilities_bb1_in/8]
29. non_recursive  : [eval_makepossibilities_bb0_in/7]
30. non_recursive  : [eval_makepossibilities_start/7]

#### Obtained direct recursion through partial evaluation 
0. SCC is partially evaluated into eval_makepossibilities_bb1_in/14
1. SCC is completely evaluated into other SCCs
2. SCC is completely evaluated into other SCCs
3. SCC is completely evaluated into other SCCs
4. SCC is partially evaluated into eval_makepossibilities_bb20_in/7
5. SCC is completely evaluated into other SCCs
6. SCC is completely evaluated into other SCCs
7. SCC is partially evaluated into eval_makepossibilities_bb18_in/7
8. SCC is partially evaluated into eval_makepossibilities_bb15_in/7
9. SCC is completely evaluated into other SCCs
10. SCC is completely evaluated into other SCCs
11. SCC is partially evaluated into eval_makepossibilities_bb13_in/7
12. SCC is completely evaluated into other SCCs
13. SCC is completely evaluated into other SCCs
14. SCC is partially evaluated into eval_makepossibilities_bb11_in/7
15. SCC is completely evaluated into other SCCs
16. SCC is completely evaluated into other SCCs
17. SCC is partially evaluated into eval_makepossibilities_bb9_in/7
18. SCC is completely evaluated into other SCCs
19. SCC is completely evaluated into other SCCs
20. SCC is partially evaluated into eval_makepossibilities_bb7_in/7
21. SCC is completely evaluated into other SCCs
22. SCC is completely evaluated into other SCCs
23. SCC is partially evaluated into eval_makepossibilities_bb5_in/7
24. SCC is completely evaluated into other SCCs
25. SCC is completely evaluated into other SCCs
26. SCC is partially evaluated into eval_makepossibilities_8/7
27. SCC is completely evaluated into other SCCs
28. SCC is completely evaluated into other SCCs
29. SCC is partially evaluated into eval_makepossibilities_bb0_in/7
30. SCC is partially evaluated into eval_makepossibilities_start/7

Control-Flow Refinement of Cost Relations
=====================================

### Specialization of cost equations eval_makepossibilities_bb1_in/14 
* CE 5 is refined into CE [16] 
* CE 4 is refined into CE [17] 


#### Refined cost equations eval_makepossibilities_bb1_in/14 
* CE 16: eval_makepossibilities_bb1_in(A,B,C,D,E,F,G,H,I,J,K,D,E,F) = 0
     [G>=100,K=0,J=0,I=0,H=2] 
* CE 17: eval_makepossibilities_bb1_in(V__maxposslen,V__pcount,V__easypossibilities,V__compoundflag,V__tryhardflag,V__sortit,V_i_0,B,C,D,E,F,G,H) = 1+ eval_makepossibilities_bb1_in(V__maxposslen,V__pcount,V__easypossibilities,V__compoundflag,V__tryhardflag,V__sortit,I,J,C,D,E,F,G,H)
     [V_i_0>=0,99>=V_i_0,V_i_0+1=I,J=2,B=2] 

### Cost equations --> "Loop" of eval_makepossibilities_bb1_in/14 
* CEs [17] --> Loop 14 
* CEs [16] --> Loop 15 

#### Loops of eval_makepossibilities_bb1_in/14 
* Loop 14: eval_makepossibilities_bb1_in(V__maxposslen,V__pcount,V__easypossibilities,V__compoundflag,V__tryhardflag,V__sortit,V_i_0,B,C,D,E,F,G,H)->  eval_makepossibilities_bb1_in(V__maxposslen,V__pcount,V__easypossibilities,V__compoundflag,V__tryhardflag,V__sortit,V_i_0',B',C,D,E,F,G,H)
                  [V_i_0>=0,99>=V_i_0,V_i_0+1=V_i_0',B'=2,B=2] 
* Loop 15: eval_makepossibilities_bb1_in(A,B,C,D,E,F,G,H,I,J,K,D,E,F) [G>=100,K=0,J=0,I=0,H=2] 

### Ranking functions of CR eval_makepossibilities_bb1_in(V__maxposslen,V__pcount,V__easypossibilities,V__compoundflag,V__tryhardflag,V__sortit,V_i_0,B,C,D,E,F,G,H) 
* RF of phase [14]: [-V_i_0+100]

#### Partial ranking functions of CR eval_makepossibilities_bb1_in(V__maxposslen,V__pcount,V__easypossibilities,V__compoundflag,V__tryhardflag,V__sortit,V_i_0,B,C,D,E,F,G,H) 
* Partial RF of phase [14]:
  - RF of loop [14:1]:
    -V_i_0+100


### Resulting Chains:eval_makepossibilities_bb1_in(V__maxposslen,V__pcount,V__easypossibilities,V__compoundflag,V__tryhardflag,V__sortit,V_i_0,B,C,D,E,F,G,H) 
* [[14],15]


### Merging Chains  eval_makepossibilities_bb1_in/14 into  External patterns of execution 
* [[15,[14]]] --> 1 


### Specialization of cost equations eval_makepossibilities_bb20_in/7 
* CE 15 is refined into CE [18] 


#### Refined cost equations eval_makepossibilities_bb20_in/7 
* CE 18: eval_makepossibilities_bb20_in(A,B,B,C,D,E,F) = 0
     [] 

### Cost equations --> "Loop" of eval_makepossibilities_bb20_in/7 
* CEs [18] --> Loop 16 

#### Loops of eval_makepossibilities_bb20_in/7 
* Loop 16: eval_makepossibilities_bb20_in(A,B,B,C,D,E,F) [] 

### Ranking functions of CR eval_makepossibilities_bb20_in(V__maxposslen,V__pcount,V__easypossibilities,V__compoundflag,V__tryhardflag,V__sortit,B) 

#### Partial ranking functions of CR eval_makepossibilities_bb20_in(V__maxposslen,V__pcount,V__easypossibilities,V__compoundflag,V__tryhardflag,V__sortit,B) 


### Resulting Chains:eval_makepossibilities_bb20_in(V__maxposslen,V__pcount,V__easypossibilities,V__compoundflag,V__tryhardflag,V__sortit,B) 
* [16]


### Merging Chains  eval_makepossibilities_bb20_in/7 into  External patterns of execution 
* [[16]] --> 1 


### Specialization of cost equations eval_makepossibilities_bb18_in/7 
* CE 14 is refined into CE [19] 


#### Refined cost equations eval_makepossibilities_bb18_in/7 
* CE 19: eval_makepossibilities_bb18_in(A,B,B,C,D,E,F) = 0+ eval_makepossibilities_bb20_in(A,B,B,C,D,E,F):1
     [] 

### Cost equations --> "Loop" of eval_makepossibilities_bb18_in/7 
* CEs [19] --> Loop 17 

#### Loops of eval_makepossibilities_bb18_in/7 
* Loop 17: eval_makepossibilities_bb18_in(A,B,B,C,D,E,F) [] 

### Ranking functions of CR eval_makepossibilities_bb18_in(V__maxposslen,V__pcount,V__easypossibilities,V__compoundflag,V__tryhardflag,V__sortit,B) 

#### Partial ranking functions of CR eval_makepossibilities_bb18_in(V__maxposslen,V__pcount,V__easypossibilities,V__compoundflag,V__tryhardflag,V__sortit,B) 


### Resulting Chains:eval_makepossibilities_bb18_in(V__maxposslen,V__pcount,V__easypossibilities,V__compoundflag,V__tryhardflag,V__sortit,B) 
* [17]


### Merging Chains  eval_makepossibilities_bb18_in/7 into  External patterns of execution 
* [[17]] --> 1 


### Specialization of cost equations eval_makepossibilities_bb15_in/7 
* CE 12 is refined into CE [20] 
* CE 13 is refined into CE [21] 


#### Refined cost equations eval_makepossibilities_bb15_in/7 
* CE 20: eval_makepossibilities_bb15_in(A,B,B,C,D,E,F) = 0+ eval_makepossibilities_bb18_in(A,B,B,C,D,E,F):1
     [] 
* CE 21: eval_makepossibilities_bb15_in(A,B,B,C,D,E,F) = 0
     [] 

### Cost equations --> "Loop" of eval_makepossibilities_bb15_in/7 
* CEs [20,21] --> Loop 18 

#### Loops of eval_makepossibilities_bb15_in/7 
* Loop 18: eval_makepossibilities_bb15_in(A,B,B,C,D,E,F) [] 

### Ranking functions of CR eval_makepossibilities_bb15_in(V__maxposslen,V__pcount,V__easypossibilities,V__compoundflag,V__tryhardflag,V__sortit,B) 

#### Partial ranking functions of CR eval_makepossibilities_bb15_in(V__maxposslen,V__pcount,V__easypossibilities,V__compoundflag,V__tryhardflag,V__sortit,B) 


### Resulting Chains:eval_makepossibilities_bb15_in(V__maxposslen,V__pcount,V__easypossibilities,V__compoundflag,V__tryhardflag,V__sortit,B) 
* [18]


### Merging Chains  eval_makepossibilities_bb15_in/7 into  External patterns of execution 
* [[18]] --> 1 


### Specialization of cost equations eval_makepossibilities_bb13_in/7 
* CE 11 is refined into CE [22] 


#### Refined cost equations eval_makepossibilities_bb13_in/7 
* CE 22: eval_makepossibilities_bb13_in(V__maxposslen,V__pcount,V__easypossibilities,V__compoundflag,V__tryhardflag,V__sortit,B) = 0+ eval_makepossibilities_bb15_in(V__maxposslen,V__pcount,V__pcount,V__compoundflag,V__tryhardflag,V__sortit,B):1
     [] 

### Cost equations --> "Loop" of eval_makepossibilities_bb13_in/7 
* CEs [22] --> Loop 19 

#### Loops of eval_makepossibilities_bb13_in/7 
* Loop 19: eval_makepossibilities_bb13_in(V__maxposslen,V__pcount,V__easypossibilities,V__compoundflag,V__tryhardflag,V__sortit,B) [] 

### Ranking functions of CR eval_makepossibilities_bb13_in(V__maxposslen,V__pcount,V__easypossibilities,V__compoundflag,V__tryhardflag,V__sortit,B) 

#### Partial ranking functions of CR eval_makepossibilities_bb13_in(V__maxposslen,V__pcount,V__easypossibilities,V__compoundflag,V__tryhardflag,V__sortit,B) 


### Resulting Chains:eval_makepossibilities_bb13_in(V__maxposslen,V__pcount,V__easypossibilities,V__compoundflag,V__tryhardflag,V__sortit,B) 
* [19]


### Merging Chains  eval_makepossibilities_bb13_in/7 into  External patterns of execution 
* [[19]] --> 1 


### Specialization of cost equations eval_makepossibilities_bb11_in/7 
* CE 10 is refined into CE [23] 


#### Refined cost equations eval_makepossibilities_bb11_in/7 
* CE 23: eval_makepossibilities_bb11_in(V__maxposslen,V__pcount,V__easypossibilities,V__compoundflag,V__tryhardflag,V__sortit,B) = 0+ eval_makepossibilities_bb13_in(V__maxposslen,V__pcount,V__easypossibilities,V__compoundflag,V__tryhardflag,V__sortit,B):1
     [] 

### Cost equations --> "Loop" of eval_makepossibilities_bb11_in/7 
* CEs [23] --> Loop 20 

#### Loops of eval_makepossibilities_bb11_in/7 
* Loop 20: eval_makepossibilities_bb11_in(V__maxposslen,V__pcount,V__easypossibilities,V__compoundflag,V__tryhardflag,V__sortit,B) [] 

### Ranking functions of CR eval_makepossibilities_bb11_in(V__maxposslen,V__pcount,V__easypossibilities,V__compoundflag,V__tryhardflag,V__sortit,B) 

#### Partial ranking functions of CR eval_makepossibilities_bb11_in(V__maxposslen,V__pcount,V__easypossibilities,V__compoundflag,V__tryhardflag,V__sortit,B) 


### Resulting Chains:eval_makepossibilities_bb11_in(V__maxposslen,V__pcount,V__easypossibilities,V__compoundflag,V__tryhardflag,V__sortit,B) 
* [20]


### Merging Chains  eval_makepossibilities_bb11_in/7 into  External patterns of execution 
* [[20]] --> 1 


### Specialization of cost equations eval_makepossibilities_bb9_in/7 
* CE 9 is refined into CE [24] 


#### Refined cost equations eval_makepossibilities_bb9_in/7 
* CE 24: eval_makepossibilities_bb9_in(V__maxposslen,V__pcount,V__easypossibilities,V__compoundflag,V__tryhardflag,V__sortit,B) = 0+ eval_makepossibilities_bb11_in(V__maxposslen,V__pcount,V__easypossibilities,V__compoundflag,V__tryhardflag,V__sortit,B):1
     [] 

### Cost equations --> "Loop" of eval_makepossibilities_bb9_in/7 
* CEs [24] --> Loop 21 

#### Loops of eval_makepossibilities_bb9_in/7 
* Loop 21: eval_makepossibilities_bb9_in(V__maxposslen,V__pcount,V__easypossibilities,V__compoundflag,V__tryhardflag,V__sortit,B) [] 

### Ranking functions of CR eval_makepossibilities_bb9_in(V__maxposslen,V__pcount,V__easypossibilities,V__compoundflag,V__tryhardflag,V__sortit,B) 

#### Partial ranking functions of CR eval_makepossibilities_bb9_in(V__maxposslen,V__pcount,V__easypossibilities,V__compoundflag,V__tryhardflag,V__sortit,B) 


### Resulting Chains:eval_makepossibilities_bb9_in(V__maxposslen,V__pcount,V__easypossibilities,V__compoundflag,V__tryhardflag,V__sortit,B) 
* [21]


### Merging Chains  eval_makepossibilities_bb9_in/7 into  External patterns of execution 
* [[21]] --> 1 


### Specialization of cost equations eval_makepossibilities_bb7_in/7 
* CE 8 is refined into CE [25] 


#### Refined cost equations eval_makepossibilities_bb7_in/7 
* CE 25: eval_makepossibilities_bb7_in(V__maxposslen,V__pcount,V__easypossibilities,V__compoundflag,V__tryhardflag,V__sortit,B) = 0+ eval_makepossibilities_bb9_in(V__maxposslen,V__pcount,V__easypossibilities,V__compoundflag,V__tryhardflag,V__sortit,B):1
     [] 

### Cost equations --> "Loop" of eval_makepossibilities_bb7_in/7 
* CEs [25] --> Loop 22 

#### Loops of eval_makepossibilities_bb7_in/7 
* Loop 22: eval_makepossibilities_bb7_in(V__maxposslen,V__pcount,V__easypossibilities,V__compoundflag,V__tryhardflag,V__sortit,B) [] 

### Ranking functions of CR eval_makepossibilities_bb7_in(V__maxposslen,V__pcount,V__easypossibilities,V__compoundflag,V__tryhardflag,V__sortit,B) 

#### Partial ranking functions of CR eval_makepossibilities_bb7_in(V__maxposslen,V__pcount,V__easypossibilities,V__compoundflag,V__tryhardflag,V__sortit,B) 


### Resulting Chains:eval_makepossibilities_bb7_in(V__maxposslen,V__pcount,V__easypossibilities,V__compoundflag,V__tryhardflag,V__sortit,B) 
* [22]


### Merging Chains  eval_makepossibilities_bb7_in/7 into  External patterns of execution 
* [[22]] --> 1 


### Specialization of cost equations eval_makepossibilities_bb5_in/7 
* CE 7 is refined into CE [26] 


#### Refined cost equations eval_makepossibilities_bb5_in/7 
* CE 26: eval_makepossibilities_bb5_in(V__maxposslen,V__pcount,V__easypossibilities,V__compoundflag,V__tryhardflag,V__sortit,B) = 0+ eval_makepossibilities_bb7_in(V__maxposslen,V__pcount,V__easypossibilities,V__compoundflag,V__tryhardflag,V__sortit,B):1
     [] 

### Cost equations --> "Loop" of eval_makepossibilities_bb5_in/7 
* CEs [26] --> Loop 23 

#### Loops of eval_makepossibilities_bb5_in/7 
* Loop 23: eval_makepossibilities_bb5_in(V__maxposslen,V__pcount,V__easypossibilities,V__compoundflag,V__tryhardflag,V__sortit,B) [] 

### Ranking functions of CR eval_makepossibilities_bb5_in(V__maxposslen,V__pcount,V__easypossibilities,V__compoundflag,V__tryhardflag,V__sortit,B) 

#### Partial ranking functions of CR eval_makepossibilities_bb5_in(V__maxposslen,V__pcount,V__easypossibilities,V__compoundflag,V__tryhardflag,V__sortit,B) 


### Resulting Chains:eval_makepossibilities_bb5_in(V__maxposslen,V__pcount,V__easypossibilities,V__compoundflag,V__tryhardflag,V__sortit,B) 
* [23]


### Merging Chains  eval_makepossibilities_bb5_in/7 into  External patterns of execution 
* [[23]] --> 1 


### Specialization of cost equations eval_makepossibilities_8/7 
* CE 6 is refined into CE [27] 


#### Refined cost equations eval_makepossibilities_8/7 
* CE 27: eval_makepossibilities_8(V__maxposslen,V__pcount,V__easypossibilities,V__compoundflag,V__tryhardflag,V__sortit,B) = 0+ eval_makepossibilities_bb5_in(V__maxposslen,V__pcount,V__easypossibilities,V__compoundflag,V__tryhardflag,V__sortit,B):1
     [] 

### Cost equations --> "Loop" of eval_makepossibilities_8/7 
* CEs [27] --> Loop 24 

#### Loops of eval_makepossibilities_8/7 
* Loop 24: eval_makepossibilities_8(V__maxposslen,V__pcount,V__easypossibilities,V__compoundflag,V__tryhardflag,V__sortit,B) [] 

### Ranking functions of CR eval_makepossibilities_8(V__maxposslen,V__pcount,V__easypossibilities,V__compoundflag,V__tryhardflag,V__sortit,B) 

#### Partial ranking functions of CR eval_makepossibilities_8(V__maxposslen,V__pcount,V__easypossibilities,V__compoundflag,V__tryhardflag,V__sortit,B) 


### Resulting Chains:eval_makepossibilities_8(V__maxposslen,V__pcount,V__easypossibilities,V__compoundflag,V__tryhardflag,V__sortit,B) 
* [24]


### Merging Chains  eval_makepossibilities_8/7 into  External patterns of execution 
* [[24]] --> 1 


### Specialization of cost equations eval_makepossibilities_bb0_in/7 
* CE 3 is refined into CE [28] 


#### Refined cost equations eval_makepossibilities_bb0_in/7 
* CE 28: eval_makepossibilities_bb0_in(V__maxposslen,V__pcount,V__easypossibilities,V__compoundflag,V__tryhardflag,V__sortit,B) = 1+ eval_makepossibilities_bb1_in(V__maxposslen,V__pcount,V__easypossibilities,V__compoundflag,V__tryhardflag,V__sortit,C,D,E,F,G,V__compoundflag,V__tryhardflag,V__sortit):1+ eval_makepossibilities_8(H,I,J,V__compoundflag,V__tryhardflag,V__sortit,B):1
     [J=0,I=0,H=0,G=0,F=0,E=0,D=2,C=0] 

### Cost equations --> "Loop" of eval_makepossibilities_bb0_in/7 
* CEs [28] --> Loop 25 

#### Loops of eval_makepossibilities_bb0_in/7 
* Loop 25: eval_makepossibilities_bb0_in(V__maxposslen,V__pcount,V__easypossibilities,V__compoundflag,V__tryhardflag,V__sortit,B) [] 

### Ranking functions of CR eval_makepossibilities_bb0_in(V__maxposslen,V__pcount,V__easypossibilities,V__compoundflag,V__tryhardflag,V__sortit,B) 

#### Partial ranking functions of CR eval_makepossibilities_bb0_in(V__maxposslen,V__pcount,V__easypossibilities,V__compoundflag,V__tryhardflag,V__sortit,B) 


### Resulting Chains:eval_makepossibilities_bb0_in(V__maxposslen,V__pcount,V__easypossibilities,V__compoundflag,V__tryhardflag,V__sortit,B) 
* [25]


### Merging Chains  eval_makepossibilities_bb0_in/7 into  External patterns of execution 
* [[25]] --> 1 


### Specialization of cost equations eval_makepossibilities_start/7 
* CE 2 is refined into CE [29] 


#### Refined cost equations eval_makepossibilities_start/7 
* CE 29: eval_makepossibilities_start(V__maxposslen,V__pcount,V__easypossibilities,V__compoundflag,V__tryhardflag,V__sortit,B) = 0+ eval_makepossibilities_bb0_in(V__maxposslen,V__pcount,V__easypossibilities,V__compoundflag,V__tryhardflag,V__sortit,B):1
     [] 

### Cost equations --> "Loop" of eval_makepossibilities_start/7 
* CEs [29] --> Loop 26 

#### Loops of eval_makepossibilities_start/7 
* Loop 26: eval_makepossibilities_start(V__maxposslen,V__pcount,V__easypossibilities,V__compoundflag,V__tryhardflag,V__sortit,B) [] 

### Ranking functions of CR eval_makepossibilities_start(V__maxposslen,V__pcount,V__easypossibilities,V__compoundflag,V__tryhardflag,V__sortit,B) 

#### Partial ranking functions of CR eval_makepossibilities_start(V__maxposslen,V__pcount,V__easypossibilities,V__compoundflag,V__tryhardflag,V__sortit,B) 


### Resulting Chains:eval_makepossibilities_start(V__maxposslen,V__pcount,V__easypossibilities,V__compoundflag,V__tryhardflag,V__sortit,B) 
* [26]


### Merging Chains  eval_makepossibilities_start/7 into  External patterns of execution 
* [[26]] --> 1 


Computing Bounds
=====================================

#### Cost of loops [14] 

 * loop 14:eval_makepossibilities_bb1_in(V__maxposslen,V__pcount,V__easypossibilities,V__compoundflag,V__tryhardflag,V__sortit,V_i_0,B,C,D,E,F,G,H) -> [eval_makepossibilities_bb1_in(V__maxposslen',V__pcount',V__easypossibilities',V__compoundflag',V__tryhardflag',V__sortit',V_i_0',B',C',D',E',F',G',H')] 
1
#### Cost of phase [14]:eval_makepossibilities_bb1_in(V__maxposslen,V__pcount,V__easypossibilities,V__compoundflag,V__tryhardflag,V__sortit,V_i_0,B,C,D,E,F,G,H) -> [eval_makepossibilities_bb1_in(V__maxposslen',V__pcount',V__easypossibilities',V__compoundflag',V__tryhardflag',V__sortit',V_i_0',B',C',D',E',F',G',H')] 
1*it(14)+0
  Such that:it(14) =< -V_i_0+100
it(14) =< -V_i_0+V_i_0'

#### Cost of chains of eval_makepossibilities_bb1_in(V__maxposslen,V__pcount,V__easypossibilities,V__compoundflag,V__tryhardflag,V__sortit,V_i_0,B,C,D,E,F,G,H):
* Chain [[14],15]: 1*it(14)+0
  Such that:it(14) =< -V_i_0+100

  with precondition: [B=2,C=0,D=0,E=0,V__compoundflag=F,V__tryhardflag=G,V__sortit=H,99>=V_i_0,V_i_0>=0] 


#### Cost of chains of eval_makepossibilities_bb20_in(V__maxposslen,V__pcount,V__easypossibilities,V__compoundflag,V__tryhardflag,V__sortit,B):
* Chain [16]: 0
  with precondition: [V__easypossibilities=V__pcount] 


#### Cost of chains of eval_makepossibilities_bb18_in(V__maxposslen,V__pcount,V__easypossibilities,V__compoundflag,V__tryhardflag,V__sortit,B):
* Chain [17]: 0
  with precondition: [V__easypossibilities=V__pcount] 


#### Cost of chains of eval_makepossibilities_bb15_in(V__maxposslen,V__pcount,V__easypossibilities,V__compoundflag,V__tryhardflag,V__sortit,B):
* Chain [18]: 0
  with precondition: [V__easypossibilities=V__pcount] 


#### Cost of chains of eval_makepossibilities_bb13_in(V__maxposslen,V__pcount,V__easypossibilities,V__compoundflag,V__tryhardflag,V__sortit,B):
* Chain [19]: 0
  with precondition: [] 


#### Cost of chains of eval_makepossibilities_bb11_in(V__maxposslen,V__pcount,V__easypossibilities,V__compoundflag,V__tryhardflag,V__sortit,B):
* Chain [20]: 0
  with precondition: [] 


#### Cost of chains of eval_makepossibilities_bb9_in(V__maxposslen,V__pcount,V__easypossibilities,V__compoundflag,V__tryhardflag,V__sortit,B):
* Chain [21]: 0
  with precondition: [] 


#### Cost of chains of eval_makepossibilities_bb7_in(V__maxposslen,V__pcount,V__easypossibilities,V__compoundflag,V__tryhardflag,V__sortit,B):
* Chain [22]: 0
  with precondition: [] 


#### Cost of chains of eval_makepossibilities_bb5_in(V__maxposslen,V__pcount,V__easypossibilities,V__compoundflag,V__tryhardflag,V__sortit,B):
* Chain [23]: 0
  with precondition: [] 


#### Cost of chains of eval_makepossibilities_8(V__maxposslen,V__pcount,V__easypossibilities,V__compoundflag,V__tryhardflag,V__sortit,B):
* Chain [24]: 0
  with precondition: [] 


#### Cost of chains of eval_makepossibilities_bb0_in(V__maxposslen,V__pcount,V__easypossibilities,V__compoundflag,V__tryhardflag,V__sortit,B):
* Chain [25]: 1*s(1)+1
  Such that:s(1) =< 100

  with precondition: [] 


#### Cost of chains of eval_makepossibilities_start(V__maxposslen,V__pcount,V__easypossibilities,V__compoundflag,V__tryhardflag,V__sortit,B):
* Chain [26]: 1*s(2)+1
  Such that:s(2) =< 100

  with precondition: [] 


Closed-form bounds of eval_makepossibilities_start(V__maxposslen,V__pcount,V__easypossibilities,V__compoundflag,V__tryhardflag,V__sortit,B): 
-------------------------------------
* Chain [26] with precondition: [] 
    - Upper bound: 101 
    - Complexity: constant 

### Maximum cost of eval_makepossibilities_start(V__maxposslen,V__pcount,V__easypossibilities,V__compoundflag,V__tryhardflag,V__sortit,B): 101 
Asymptotic class: constant 

Time statistics: 
-------------------------------------
* Partial evaluation computed in 128 ms.
* Invariants computed in 49 ms.
   - Backward Invariants 20 ms.
   - Transitive Invariants 14 ms.
* Refinement performed in 122 ms.
* Termination proved in 13 ms.
* Upper bounds computed in 69 ms.
   - Equation cost structures 37 ms.
   - Phase cost structures 18 ms.
   - Chain cost structures 17 ms.
   - Solving cost expressions 0 ms.
* Total analysis performed in 531 ms.

