WARNING: Excluded non-linear constraints:[M=L*I-J]
WARNING: Excluded non-linear constraints:[M=L*I-J,J-I*L>=0,J-I*L+1=<I]
WARNING: Excluded non-linear constraints:[M=L*I-J,J-I*L>=0,J-I*L+1=< -I]
WARNING: Excluded non-linear constraints:[M=L*I-J,-J+I*L>=0,-J+I*L+1=<I]
WARNING: Excluded non-linear constraints:[M=L*I-J,-J+I*L>=0,-J+I*L+1=< -I]
WARNING: Excluded non-linear constraints:[M=L*I-J]
WARNING: Excluded non-linear constraints:[M=L*I-J,J-I*L>=0,J-I*L+1=<I]
WARNING: Excluded non-linear constraints:[M=L*I-J,J-I*L>=0,J-I*L+1=< -I]
WARNING: Excluded non-linear constraints:[M=L*I-J,-J+I*L>=0,-J+I*L+1=<I]
WARNING: Excluded non-linear constraints:[M=L*I-J,-J+I*L>=0,-J+I*L+1=< -I]
WARNING: Excluded non-linear constraints:[J-I*L>=0,J-I*L+1=<I]
WARNING: Excluded non-linear constraints:[J-I*L>=0,J-I*L+1=< -I]
WARNING: Excluded non-linear constraints:[-J+I*L>=0,-J+I*L+1=<I]
WARNING: Excluded non-linear constraints:[-J+I*L>=0,-J+I*L+1=< -I]
WARNING: Excluded non-linear constraints:[J-I*L>=0,J-I*L+1=<I]
WARNING: Excluded non-linear constraints:[J-I*L>=0,J-I*L+1=< -I]
WARNING: Excluded non-linear constraints:[-J+I*L>=0,-J+I*L+1=<I]
WARNING: Excluded non-linear constraints:[-J+I*L>=0,-J+I*L+1=< -I]
Warning: Ignored call to eval_clist_strip_tile_rectangle_stop/1 in equation eval_clist_strip_tile_rectangle_bb27_in/1 

Preprocessing Cost Relations
=====================================

#### Computed strongly connected components 
0. recursive  : [eval_clist_strip_tile_rectangle_35/12,eval_clist_strip_tile_rectangle_36/12,eval_clist_strip_tile_rectangle_51/12,eval_clist_strip_tile_rectangle_52/12,eval_clist_strip_tile_rectangle_53/12,eval_clist_strip_tile_rectangle_54/12,eval_clist_strip_tile_rectangle_59/12,eval_clist_strip_tile_rectangle_60/12,eval_clist_strip_tile_rectangle_65/12,eval_clist_strip_tile_rectangle_66/12,eval_clist_strip_tile_rectangle_67/12,eval_clist_strip_tile_rectangle_68/12,eval_clist_strip_tile_rectangle_bb10_in/11,eval_clist_strip_tile_rectangle_bb13_in/12,eval_clist_strip_tile_rectangle_bb16_in/12,eval_clist_strip_tile_rectangle_bb18_in/12,eval_clist_strip_tile_rectangle_bb19_in/12,eval_clist_strip_tile_rectangle_bb21_in/12,eval_clist_strip_tile_rectangle_bb22_in/12,eval_clist_strip_tile_rectangle_bb24_in/12,eval_clist_strip_tile_rectangle_bb25_in/12,eval_clist_strip_tile_rectangle_bb26_in/12]
1. non_recursive  : [eval_clist_strip_tile_rectangle_bb27_in/1]
2. non_recursive  : [loop_cont_eval_clist_strip_tile_rectangle_bb10_in/2]
3. non_recursive  : [eval_clist_strip_tile_rectangle_bb8_in/10]
4. non_recursive  : [eval_clist_strip_tile_rectangle_bb6_in/10]
5. non_recursive  : [eval_clist_strip_tile_rectangle_bb4_in/10]
6. non_recursive  : [eval_clist_strip_tile_rectangle_bb2_in/10]
7. non_recursive  : [eval_clist_strip_tile_rectangle_bb0_in/9]
8. non_recursive  : [eval_clist_strip_tile_rectangle_start/9]

#### Obtained direct recursion through partial evaluation 
0. SCC is partially evaluated into eval_clist_strip_tile_rectangle_bb10_in/11
1. SCC is completely evaluated into other SCCs
2. SCC is completely evaluated into other SCCs
3. SCC is partially evaluated into eval_clist_strip_tile_rectangle_bb8_in/10
4. SCC is partially evaluated into eval_clist_strip_tile_rectangle_bb6_in/10
5. SCC is partially evaluated into eval_clist_strip_tile_rectangle_bb4_in/10
6. SCC is partially evaluated into eval_clist_strip_tile_rectangle_bb2_in/10
7. SCC is partially evaluated into eval_clist_strip_tile_rectangle_bb0_in/9
8. SCC is partially evaluated into eval_clist_strip_tile_rectangle_start/9

Control-Flow Refinement of Cost Relations
=====================================

### Specialization of cost equations eval_clist_strip_tile_rectangle_bb10_in/11 
* CE 32 is refined into CE [34] 
* CE 30 is refined into CE [35] 
* CE 31 is refined into CE [36] 
* CE 29 is refined into CE [37] 
* CE 33 is refined into CE [38] 
* CE 27 is refined into CE [39] 
* CE 25 is refined into CE [40] 
* CE 26 is refined into CE [41] 
* CE 24 is refined into CE [42] 
* CE 28 is refined into CE [43] 


#### Refined cost equations eval_clist_strip_tile_rectangle_bb10_in/11 
* CE 34: eval_clist_strip_tile_rectangle_bb10_in(V_color0,V_color1,V_px,V_py,V_5,V__1,V__26,V_28,V_34,V__2,B) = 1+ eval_clist_strip_tile_rectangle_bb10_in(V_color0,V_color1,V_px,V_py,V_5,V__1,V__26,V_28,V_34,C,D)
     [V_28>=C+1,V__2>=1,V_34>=1,D=2,B=2] 
* CE 35: eval_clist_strip_tile_rectangle_bb10_in(V_color0,V_color1,V_px,V_py,V_5,V__1,V__26,V_28,V_34,V__2,B) = 1+ eval_clist_strip_tile_rectangle_bb10_in(V_color0,V_color1,V_px,V_py,V_5,V__1,V__26,V_28,V_34,C,D)
     [V_28>=C+1,V_34>=1,0>=V__2+1,D=2,B=2] 
* CE 36: eval_clist_strip_tile_rectangle_bb10_in(V_color0,V_color1,V_px,V_py,V_5,V__1,V__26,V_28,V_34,V__2,B) = 1+ eval_clist_strip_tile_rectangle_bb10_in(V_color0,V_color1,V_px,V_py,V_5,V__1,V__26,V_28,V_34,C,D)
     [V_28>=C+1,V__2>=1,0>=V_34+1,D=2,B=2] 
* CE 37: eval_clist_strip_tile_rectangle_bb10_in(V_color0,V_color1,V_px,V_py,V_5,V__1,V__26,V_28,V_34,V__2,B) = 1+ eval_clist_strip_tile_rectangle_bb10_in(V_color0,V_color1,V_px,V_py,V_5,V__1,V__26,V_28,V_34,C,D)
     [V_28>=C+1,0>=V__2+1,0>=V_34+1,D=2,B=2] 
* CE 38: eval_clist_strip_tile_rectangle_bb10_in(V_color0,V_color1,V_px,V_py,V_5,V__1,V__26,V_28,V_34,V__2,B) = 1+ eval_clist_strip_tile_rectangle_bb10_in(V_color0,V_color1,V_px,V_py,V_5,V__1,V__26,V_28,V_34,C,D)
     [V_28>=C+1,D=2,B=2,V__2=0] 
* CE 39: eval_clist_strip_tile_rectangle_bb10_in(V_color0,V_color1,V_px,V_py,V_5,V__1,V__26,V_28,V_34,V__2,B) = 0
     [V__2>=1,V_34>=1,B=2] 
* CE 40: eval_clist_strip_tile_rectangle_bb10_in(V_color0,V_color1,V_px,V_py,V_5,V__1,V__26,V_28,V_34,V__2,B) = 0
     [V_34>=1,0>=V__2+1,B=2] 
* CE 41: eval_clist_strip_tile_rectangle_bb10_in(V_color0,V_color1,V_px,V_py,V_5,V__1,V__26,V_28,V_34,V__2,B) = 0
     [V__2>=1,0>=V_34+1,B=2] 
* CE 42: eval_clist_strip_tile_rectangle_bb10_in(V_color0,V_color1,V_px,V_py,V_5,V__1,V__26,V_28,V_34,V__2,B) = 0
     [0>=V__2+1,0>=V_34+1,B=2] 
* CE 43: eval_clist_strip_tile_rectangle_bb10_in(V_color0,V_color1,V_px,V_py,V_5,V__1,V__26,V_28,V_34,V__2,B) = 0
     [B=2,V__2=0] 

### Cost equations --> "Loop" of eval_clist_strip_tile_rectangle_bb10_in/11 
* CEs [39] --> Loop 17 
* CEs [40] --> Loop 18 
* CEs [41] --> Loop 19 
* CEs [42] --> Loop 20 
* CEs [43] --> Loop 21 
* CEs [34] --> Loop 22 
* CEs [35] --> Loop 23 
* CEs [36] --> Loop 24 
* CEs [37] --> Loop 25 
* CEs [38] --> Loop 26 

#### Loops of eval_clist_strip_tile_rectangle_bb10_in/11 
* Loop 17: eval_clist_strip_tile_rectangle_bb10_in(V_color0,V_color1,V_px,V_py,V_5,V__1,V__26,V_28,V_34,V__2,B) [V__2>=1,V_34>=1,B=2] 
* Loop 18: eval_clist_strip_tile_rectangle_bb10_in(V_color0,V_color1,V_px,V_py,V_5,V__1,V__26,V_28,V_34,V__2,B) [V_34>=1,0>=V__2+1,B=2] 
* Loop 19: eval_clist_strip_tile_rectangle_bb10_in(V_color0,V_color1,V_px,V_py,V_5,V__1,V__26,V_28,V_34,V__2,B) [V__2>=1,0>=V_34+1,B=2] 
* Loop 20: eval_clist_strip_tile_rectangle_bb10_in(V_color0,V_color1,V_px,V_py,V_5,V__1,V__26,V_28,V_34,V__2,B) [0>=V__2+1,0>=V_34+1,B=2] 
* Loop 21: eval_clist_strip_tile_rectangle_bb10_in(V_color0,V_color1,V_px,V_py,V_5,V__1,V__26,V_28,V_34,V__2,B) [B=2,V__2=0] 
* Loop 22: eval_clist_strip_tile_rectangle_bb10_in(V_color0,V_color1,V_px,V_py,V_5,V__1,V__26,V_28,V_34,V__2,B)->  eval_clist_strip_tile_rectangle_bb10_in(V_color0,V_color1,V_px,V_py,V_5,V__1,V__26,V_28,V_34,V__2',B')
                  [V_28>=V__2'+1,V__2>=1,V_34>=1,B'=2,B=2] 
* Loop 23: eval_clist_strip_tile_rectangle_bb10_in(V_color0,V_color1,V_px,V_py,V_5,V__1,V__26,V_28,V_34,V__2,B)->  eval_clist_strip_tile_rectangle_bb10_in(V_color0,V_color1,V_px,V_py,V_5,V__1,V__26,V_28,V_34,V__2',B')
                  [V_28>=V__2'+1,V_34>=1,0>=V__2+1,B'=2,B=2] 
* Loop 24: eval_clist_strip_tile_rectangle_bb10_in(V_color0,V_color1,V_px,V_py,V_5,V__1,V__26,V_28,V_34,V__2,B)->  eval_clist_strip_tile_rectangle_bb10_in(V_color0,V_color1,V_px,V_py,V_5,V__1,V__26,V_28,V_34,V__2',B')
                  [V_28>=V__2'+1,V__2>=1,0>=V_34+1,B'=2,B=2] 
* Loop 25: eval_clist_strip_tile_rectangle_bb10_in(V_color0,V_color1,V_px,V_py,V_5,V__1,V__26,V_28,V_34,V__2,B)->  eval_clist_strip_tile_rectangle_bb10_in(V_color0,V_color1,V_px,V_py,V_5,V__1,V__26,V_28,V_34,V__2',B')
                  [V_28>=V__2'+1,0>=V__2+1,0>=V_34+1,B'=2,B=2] 
* Loop 26: eval_clist_strip_tile_rectangle_bb10_in(V_color0,V_color1,V_px,V_py,V_5,V__1,V__26,V_28,V_34,V__2,B)->  eval_clist_strip_tile_rectangle_bb10_in(V_color0,V_color1,V_px,V_py,V_5,V__1,V__26,V_28,V_34,V__2',B')
                  [V_28>=V__2'+1,B'=2,B=2,V__2=0] 

### Ranking functions of CR eval_clist_strip_tile_rectangle_bb10_in(V_color0,V_color1,V_px,V_py,V_5,V__1,V__26,V_28,V_34,V__2,B) 

#### Partial ranking functions of CR eval_clist_strip_tile_rectangle_bb10_in(V_color0,V_color1,V_px,V_py,V_5,V__1,V__26,V_28,V_34,V__2,B) 


### Resulting Chains:eval_clist_strip_tile_rectangle_bb10_in(V_color0,V_color1,V_px,V_py,V_5,V__1,V__26,V_28,V_34,V__2,B) 
* [[22,23,24,25,26]]...
* [[22,23,24,25,26],21]
* [[22,23,24,25,26],20]
* [[22,23,24,25,26],19]
* [[22,23,24,25,26],18]
* [[22,23,24,25,26],17]
* [21]
* [20]
* [19]
* [18]
* [17]


### Merging Chains  eval_clist_strip_tile_rectangle_bb10_in/11 into  External patterns of execution 
* [[21]] --> 1 
* [[19],[20],[19,[22,23,24,25,26]],[20,[22,23,24,25,26]]] --> 2 
* [[17],[18],[18,[22,23,24,25,26]]] --> 3 
* [[17,[22,23,24,25,26]],[21,[22,23,24,25,26]]] --> 4 
* [[[22,23,24,25,26]]] --> 5 


### Specialization of cost equations eval_clist_strip_tile_rectangle_bb8_in/10 
* CE 22 is refined into CE [44] 
* CE 23 is refined into CE [45,46,47,48,49] 


#### Refined cost equations eval_clist_strip_tile_rectangle_bb8_in/10 
* CE 44: eval_clist_strip_tile_rectangle_bb8_in(V_color0,V_color1,V_px,V_py,V_5,V__13,V__1,V__26,V__29,B) = 0
     [] 
* CE 45: eval_clist_strip_tile_rectangle_bb8_in(V_color0,V_color1,V_px,V_py,V_5,V__13,V__1,V__26,V__29,B) = 1+ eval_clist_strip_tile_rectangle_bb10_in(V_color0,V_color1,V_px,V_py,V_5,V__1,V__26,V__29,C,D,E):1
     [E=2,D=0,V__13=0] 
* CE 46: eval_clist_strip_tile_rectangle_bb8_in(V_color0,V_color1,V_px,V_py,V_5,V__13,V__1,V__26,V__29,B) = 1+ eval_clist_strip_tile_rectangle_bb10_in(V_color0,V_color1,V_px,V_py,V_5,V__1,V__26,C,D,V__13,E):2
     [0>=D+1,V__13+V__29=C,E=2] 
* CE 47: eval_clist_strip_tile_rectangle_bb8_in(V_color0,V_color1,V_px,V_py,V_5,V__13,V__1,V__26,V__29,B) = 1+ eval_clist_strip_tile_rectangle_bb10_in(V_color0,V_color1,V_px,V_py,V_5,V__1,V__26,C,D,V__13,E):3
     [D>=1,V__13+V__29=C,E=2] 
* CE 48: eval_clist_strip_tile_rectangle_bb8_in(V_color0,V_color1,V_px,V_py,V_5,V__13,V__1,V__26,V__29,B) = 1+ eval_clist_strip_tile_rectangle_bb10_in(V_color0,V_color1,V_px,V_py,V_5,V__1,V__26,C,D,V__13,E):4
     [C>=1,C=V__13+V__29,E=2] 
* CE 49: eval_clist_strip_tile_rectangle_bb8_in(V_color0,V_color1,V_px,V_py,V_5,V__13,V__1,V__26,V__29,B) = 1+ eval_clist_strip_tile_rectangle_bb10_in(V_color0,V_color1,V_px,V_py,V_5,V__1,V__26,C,D,V__13,E):5
     [V__13+V__29=C,E=2] 

### Cost equations --> "Loop" of eval_clist_strip_tile_rectangle_bb8_in/10 
* CEs [49] --> Loop 27 
* CEs [44,45,46,47,48] --> Loop 28 

#### Loops of eval_clist_strip_tile_rectangle_bb8_in/10 
* Loop 27: eval_clist_strip_tile_rectangle_bb8_in(V_color0,V_color1,V_px,V_py,V_5,V__13,V__1,V__26,V__29,B) [] 
* Loop 28: eval_clist_strip_tile_rectangle_bb8_in(V_color0,V_color1,V_px,V_py,V_5,V__13,V__1,V__26,V__29,B) [] 

### Ranking functions of CR eval_clist_strip_tile_rectangle_bb8_in(V_color0,V_color1,V_px,V_py,V_5,V__13,V__1,V__26,V__29,B) 

#### Partial ranking functions of CR eval_clist_strip_tile_rectangle_bb8_in(V_color0,V_color1,V_px,V_py,V_5,V__13,V__1,V__26,V__29,B) 


### Resulting Chains:eval_clist_strip_tile_rectangle_bb8_in(V_color0,V_color1,V_px,V_py,V_5,V__13,V__1,V__26,V__29,B) 
* [28]
* [27]...


### Merging Chains  eval_clist_strip_tile_rectangle_bb8_in/10 into  External patterns of execution 
* [[28]] --> 1 
* [[27]] --> 2 


### Specialization of cost equations eval_clist_strip_tile_rectangle_bb6_in/10 
* CE 21 is refined into CE [50,51] 


#### Refined cost equations eval_clist_strip_tile_rectangle_bb6_in/10 
* CE 50: eval_clist_strip_tile_rectangle_bb6_in(V_color0,V_color1,V_px,V_py,V_5,V__18,V__13,V__1,V__26,B) = 0+ eval_clist_strip_tile_rectangle_bb8_in(V_color0,V_color1,V_px,V_py,V_5,V__13,V__1,V__26,C,B):1
     [] 
* CE 51: eval_clist_strip_tile_rectangle_bb6_in(V_color0,V_color1,V_px,V_py,V_5,V__18,V__13,V__1,V__26,B) = 0+ eval_clist_strip_tile_rectangle_bb8_in(V_color0,V_color1,V_px,V_py,V_5,V__13,V__1,V__26,C,B):2
     [] 

### Cost equations --> "Loop" of eval_clist_strip_tile_rectangle_bb6_in/10 
* CEs [51] --> Loop 29 
* CEs [50] --> Loop 30 

#### Loops of eval_clist_strip_tile_rectangle_bb6_in/10 
* Loop 29: eval_clist_strip_tile_rectangle_bb6_in(V_color0,V_color1,V_px,V_py,V_5,V__18,V__13,V__1,V__26,B) [] 
* Loop 30: eval_clist_strip_tile_rectangle_bb6_in(V_color0,V_color1,V_px,V_py,V_5,V__18,V__13,V__1,V__26,B) [] 

### Ranking functions of CR eval_clist_strip_tile_rectangle_bb6_in(V_color0,V_color1,V_px,V_py,V_5,V__18,V__13,V__1,V__26,B) 

#### Partial ranking functions of CR eval_clist_strip_tile_rectangle_bb6_in(V_color0,V_color1,V_px,V_py,V_5,V__18,V__13,V__1,V__26,B) 


### Resulting Chains:eval_clist_strip_tile_rectangle_bb6_in(V_color0,V_color1,V_px,V_py,V_5,V__18,V__13,V__1,V__26,B) 
* [30]
* [29]...


### Merging Chains  eval_clist_strip_tile_rectangle_bb6_in/10 into  External patterns of execution 
* [[30]] --> 1 
* [[29]] --> 2 


### Specialization of cost equations eval_clist_strip_tile_rectangle_bb4_in/10 
* CE 20 is refined into CE [52,53] 


#### Refined cost equations eval_clist_strip_tile_rectangle_bb4_in/10 
* CE 52: eval_clist_strip_tile_rectangle_bb4_in(V_color0,V_color1,V_px,V_py,V_5,V__18,V__15,V__13,V__1,B) = 0+ eval_clist_strip_tile_rectangle_bb6_in(V_color0,V_color1,V_px,V_py,V_5,V__18,V__13,V__1,C,B):1
     [] 
* CE 53: eval_clist_strip_tile_rectangle_bb4_in(V_color0,V_color1,V_px,V_py,V_5,V__18,V__15,V__13,V__1,B) = 0+ eval_clist_strip_tile_rectangle_bb6_in(V_color0,V_color1,V_px,V_py,V_5,V__18,V__13,V__1,C,B):2
     [] 

### Cost equations --> "Loop" of eval_clist_strip_tile_rectangle_bb4_in/10 
* CEs [53] --> Loop 31 
* CEs [52] --> Loop 32 

#### Loops of eval_clist_strip_tile_rectangle_bb4_in/10 
* Loop 31: eval_clist_strip_tile_rectangle_bb4_in(V_color0,V_color1,V_px,V_py,V_5,V__18,V__15,V__13,V__1,B) [] 
* Loop 32: eval_clist_strip_tile_rectangle_bb4_in(V_color0,V_color1,V_px,V_py,V_5,V__18,V__15,V__13,V__1,B) [] 

### Ranking functions of CR eval_clist_strip_tile_rectangle_bb4_in(V_color0,V_color1,V_px,V_py,V_5,V__18,V__15,V__13,V__1,B) 

#### Partial ranking functions of CR eval_clist_strip_tile_rectangle_bb4_in(V_color0,V_color1,V_px,V_py,V_5,V__18,V__15,V__13,V__1,B) 


### Resulting Chains:eval_clist_strip_tile_rectangle_bb4_in(V_color0,V_color1,V_px,V_py,V_5,V__18,V__15,V__13,V__1,B) 
* [32]
* [31]...


### Merging Chains  eval_clist_strip_tile_rectangle_bb4_in/10 into  External patterns of execution 
* [[32]] --> 1 
* [[31]] --> 2 


### Specialization of cost equations eval_clist_strip_tile_rectangle_bb2_in/10 
* CE 4 is refined into CE [54,55] 
* CE 5 is refined into CE [56,57] 
* CE 6 is refined into CE [58,59] 
* CE 7 is refined into CE [60,61] 
* CE 8 is refined into CE [62,63] 
* CE 9 is refined into CE [64,65] 
* CE 10 is refined into CE [66,67] 
* CE 11 is refined into CE [68,69] 
* CE 12 is refined into CE [70,71] 
* CE 13 is refined into CE [72,73] 
* CE 14 is refined into CE [74,75] 
* CE 15 is refined into CE [76,77] 
* CE 16 is refined into CE [78,79] 
* CE 17 is refined into CE [80,81] 
* CE 18 is refined into CE [82,83] 
* CE 19 is refined into CE [84,85] 


#### Refined cost equations eval_clist_strip_tile_rectangle_bb2_in/10 
* CE 54: eval_clist_strip_tile_rectangle_bb2_in(V_x,V_y,V_width,V_height,V_color0,V_color1,V_px,V_py,V_5,B) = 0+ eval_clist_strip_tile_rectangle_bb4_in(V_color0,V_color1,V_px,V_py,V_5,C,D,E,F,B):1
     [C=V_y+V_height,D=V_x+V_width,F=0,E=0] 
* CE 55: eval_clist_strip_tile_rectangle_bb2_in(V_x,V_y,V_width,V_height,V_color0,V_color1,V_px,V_py,V_5,B) = 0+ eval_clist_strip_tile_rectangle_bb4_in(V_color0,V_color1,V_px,V_py,V_5,C,D,E,F,B):2
     [C=V_y+V_height,D=V_x+V_width,F=0,E=0] 
* CE 56: eval_clist_strip_tile_rectangle_bb2_in(V_x,V_y,V_width,V_height,V_color0,V_color1,V_px,V_py,V_5,B) = 0+ eval_clist_strip_tile_rectangle_bb4_in(V_color0,V_color1,V_px,V_py,V_5,C,D,V_y,E,B):1
     [V_y+V_height=C,D=V_x+V_width,E=0] 
* CE 57: eval_clist_strip_tile_rectangle_bb2_in(V_x,V_y,V_width,V_height,V_color0,V_color1,V_px,V_py,V_5,B) = 0+ eval_clist_strip_tile_rectangle_bb4_in(V_color0,V_color1,V_px,V_py,V_5,C,D,V_y,E,B):2
     [V_y+V_height=C,D=V_x+V_width,E=0] 
* CE 58: eval_clist_strip_tile_rectangle_bb2_in(V_x,V_y,V_width,V_height,V_color0,V_color1,V_px,V_py,V_5,B) = 0+ eval_clist_strip_tile_rectangle_bb4_in(V_color0,V_color1,V_px,V_py,V_5,V_height,C,D,E,B):1
     [C=V_x+V_width,E=0,D=0] 
* CE 59: eval_clist_strip_tile_rectangle_bb2_in(V_x,V_y,V_width,V_height,V_color0,V_color1,V_px,V_py,V_5,B) = 0+ eval_clist_strip_tile_rectangle_bb4_in(V_color0,V_color1,V_px,V_py,V_5,V_height,C,D,E,B):2
     [C=V_x+V_width,E=0,D=0] 
* CE 60: eval_clist_strip_tile_rectangle_bb2_in(V_x,V_y,V_width,V_height,V_color0,V_color1,V_px,V_py,V_5,B) = 0+ eval_clist_strip_tile_rectangle_bb4_in(V_color0,V_color1,V_px,V_py,V_5,V_height,C,V_y,D,B):1
     [C=V_x+V_width,D=0] 
* CE 61: eval_clist_strip_tile_rectangle_bb2_in(V_x,V_y,V_width,V_height,V_color0,V_color1,V_px,V_py,V_5,B) = 0+ eval_clist_strip_tile_rectangle_bb4_in(V_color0,V_color1,V_px,V_py,V_5,V_height,C,V_y,D,B):2
     [C=V_x+V_width,D=0] 
* CE 62: eval_clist_strip_tile_rectangle_bb2_in(V_x,V_y,V_width,V_height,V_color0,V_color1,V_px,V_py,V_5,B) = 0+ eval_clist_strip_tile_rectangle_bb4_in(V_color0,V_color1,V_px,V_py,V_5,C,D,E,V_x,B):1
     [V_x+V_width=D,C=V_y+V_height,E=0] 
* CE 63: eval_clist_strip_tile_rectangle_bb2_in(V_x,V_y,V_width,V_height,V_color0,V_color1,V_px,V_py,V_5,B) = 0+ eval_clist_strip_tile_rectangle_bb4_in(V_color0,V_color1,V_px,V_py,V_5,C,D,E,V_x,B):2
     [V_x+V_width=D,C=V_y+V_height,E=0] 
* CE 64: eval_clist_strip_tile_rectangle_bb2_in(V_x,V_y,V_width,V_height,V_color0,V_color1,V_px,V_py,V_5,B) = 0+ eval_clist_strip_tile_rectangle_bb4_in(V_color0,V_color1,V_px,V_py,V_5,C,D,V_y,V_x,B):1
     [V_x+V_width=D,V_y+V_height=C] 
* CE 65: eval_clist_strip_tile_rectangle_bb2_in(V_x,V_y,V_width,V_height,V_color0,V_color1,V_px,V_py,V_5,B) = 0+ eval_clist_strip_tile_rectangle_bb4_in(V_color0,V_color1,V_px,V_py,V_5,C,D,V_y,V_x,B):2
     [V_x+V_width=D,V_y+V_height=C] 
* CE 66: eval_clist_strip_tile_rectangle_bb2_in(V_x,V_y,V_width,V_height,V_color0,V_color1,V_px,V_py,V_5,B) = 0+ eval_clist_strip_tile_rectangle_bb4_in(V_color0,V_color1,V_px,V_py,V_5,V_height,C,D,V_x,B):1
     [V_x+V_width=C,D=0] 
* CE 67: eval_clist_strip_tile_rectangle_bb2_in(V_x,V_y,V_width,V_height,V_color0,V_color1,V_px,V_py,V_5,B) = 0+ eval_clist_strip_tile_rectangle_bb4_in(V_color0,V_color1,V_px,V_py,V_5,V_height,C,D,V_x,B):2
     [V_x+V_width=C,D=0] 
* CE 68: eval_clist_strip_tile_rectangle_bb2_in(V_x,V_y,V_width,V_height,V_color0,V_color1,V_px,V_py,V_5,B) = 0+ eval_clist_strip_tile_rectangle_bb4_in(V_color0,V_color1,V_px,V_py,V_5,V_height,C,V_y,V_x,B):1
     [V_x+V_width=C] 
* CE 69: eval_clist_strip_tile_rectangle_bb2_in(V_x,V_y,V_width,V_height,V_color0,V_color1,V_px,V_py,V_5,B) = 0+ eval_clist_strip_tile_rectangle_bb4_in(V_color0,V_color1,V_px,V_py,V_5,V_height,C,V_y,V_x,B):2
     [V_x+V_width=C] 
* CE 70: eval_clist_strip_tile_rectangle_bb2_in(V_x,V_y,V_width,V_height,V_color0,V_color1,V_px,V_py,V_5,B) = 0+ eval_clist_strip_tile_rectangle_bb4_in(V_color0,V_color1,V_px,V_py,V_5,C,V_width,D,E,B):1
     [C=V_y+V_height,E=0,D=0] 
* CE 71: eval_clist_strip_tile_rectangle_bb2_in(V_x,V_y,V_width,V_height,V_color0,V_color1,V_px,V_py,V_5,B) = 0+ eval_clist_strip_tile_rectangle_bb4_in(V_color0,V_color1,V_px,V_py,V_5,C,V_width,D,E,B):2
     [C=V_y+V_height,E=0,D=0] 
* CE 72: eval_clist_strip_tile_rectangle_bb2_in(V_x,V_y,V_width,V_height,V_color0,V_color1,V_px,V_py,V_5,B) = 0+ eval_clist_strip_tile_rectangle_bb4_in(V_color0,V_color1,V_px,V_py,V_5,C,V_width,V_y,D,B):1
     [V_y+V_height=C,D=0] 
* CE 73: eval_clist_strip_tile_rectangle_bb2_in(V_x,V_y,V_width,V_height,V_color0,V_color1,V_px,V_py,V_5,B) = 0+ eval_clist_strip_tile_rectangle_bb4_in(V_color0,V_color1,V_px,V_py,V_5,C,V_width,V_y,D,B):2
     [V_y+V_height=C,D=0] 
* CE 74: eval_clist_strip_tile_rectangle_bb2_in(V_x,V_y,V_width,V_height,V_color0,V_color1,V_px,V_py,V_5,B) = 0+ eval_clist_strip_tile_rectangle_bb4_in(V_color0,V_color1,V_px,V_py,V_5,V_height,V_width,C,D,B):1
     [D=0,C=0] 
* CE 75: eval_clist_strip_tile_rectangle_bb2_in(V_x,V_y,V_width,V_height,V_color0,V_color1,V_px,V_py,V_5,B) = 0+ eval_clist_strip_tile_rectangle_bb4_in(V_color0,V_color1,V_px,V_py,V_5,V_height,V_width,C,D,B):2
     [D=0,C=0] 
* CE 76: eval_clist_strip_tile_rectangle_bb2_in(V_x,V_y,V_width,V_height,V_color0,V_color1,V_px,V_py,V_5,B) = 0+ eval_clist_strip_tile_rectangle_bb4_in(V_color0,V_color1,V_px,V_py,V_5,V_height,V_width,V_y,C,B):1
     [C=0] 
* CE 77: eval_clist_strip_tile_rectangle_bb2_in(V_x,V_y,V_width,V_height,V_color0,V_color1,V_px,V_py,V_5,B) = 0+ eval_clist_strip_tile_rectangle_bb4_in(V_color0,V_color1,V_px,V_py,V_5,V_height,V_width,V_y,C,B):2
     [C=0] 
* CE 78: eval_clist_strip_tile_rectangle_bb2_in(V_x,V_y,V_width,V_height,V_color0,V_color1,V_px,V_py,V_5,B) = 0+ eval_clist_strip_tile_rectangle_bb4_in(V_color0,V_color1,V_px,V_py,V_5,C,V_width,D,V_x,B):1
     [C=V_y+V_height,D=0] 
* CE 79: eval_clist_strip_tile_rectangle_bb2_in(V_x,V_y,V_width,V_height,V_color0,V_color1,V_px,V_py,V_5,B) = 0+ eval_clist_strip_tile_rectangle_bb4_in(V_color0,V_color1,V_px,V_py,V_5,C,V_width,D,V_x,B):2
     [C=V_y+V_height,D=0] 
* CE 80: eval_clist_strip_tile_rectangle_bb2_in(V_x,V_y,V_width,V_height,V_color0,V_color1,V_px,V_py,V_5,B) = 0+ eval_clist_strip_tile_rectangle_bb4_in(V_color0,V_color1,V_px,V_py,V_5,C,V_width,V_y,V_x,B):1
     [V_y+V_height=C] 
* CE 81: eval_clist_strip_tile_rectangle_bb2_in(V_x,V_y,V_width,V_height,V_color0,V_color1,V_px,V_py,V_5,B) = 0+ eval_clist_strip_tile_rectangle_bb4_in(V_color0,V_color1,V_px,V_py,V_5,C,V_width,V_y,V_x,B):2
     [V_y+V_height=C] 
* CE 82: eval_clist_strip_tile_rectangle_bb2_in(V_x,V_y,V_width,V_height,V_color0,V_color1,V_px,V_py,V_5,B) = 0+ eval_clist_strip_tile_rectangle_bb4_in(V_color0,V_color1,V_px,V_py,V_5,V_height,V_width,C,V_x,B):1
     [C=0] 
* CE 83: eval_clist_strip_tile_rectangle_bb2_in(V_x,V_y,V_width,V_height,V_color0,V_color1,V_px,V_py,V_5,B) = 0+ eval_clist_strip_tile_rectangle_bb4_in(V_color0,V_color1,V_px,V_py,V_5,V_height,V_width,C,V_x,B):2
     [C=0] 
* CE 84: eval_clist_strip_tile_rectangle_bb2_in(V_x,V_y,V_width,V_height,V_color0,V_color1,V_px,V_py,V_5,B) = 0+ eval_clist_strip_tile_rectangle_bb4_in(V_color0,V_color1,V_px,V_py,V_5,V_height,V_width,V_y,V_x,B):1
     [] 
* CE 85: eval_clist_strip_tile_rectangle_bb2_in(V_x,V_y,V_width,V_height,V_color0,V_color1,V_px,V_py,V_5,B) = 0+ eval_clist_strip_tile_rectangle_bb4_in(V_color0,V_color1,V_px,V_py,V_5,V_height,V_width,V_y,V_x,B):2
     [] 

### Cost equations --> "Loop" of eval_clist_strip_tile_rectangle_bb2_in/10 
* CEs [55,57,59,61,63,65,67,69,71,73,75,77,79,81,83,85] --> Loop 33 
* CEs [54,56,58,60,62,64,66,68,70,72,74,76,78,80,82,84] --> Loop 34 

#### Loops of eval_clist_strip_tile_rectangle_bb2_in/10 
* Loop 33: eval_clist_strip_tile_rectangle_bb2_in(V_x,V_y,V_width,V_height,V_color0,V_color1,V_px,V_py,V_5,B) [] 
* Loop 34: eval_clist_strip_tile_rectangle_bb2_in(V_x,V_y,V_width,V_height,V_color0,V_color1,V_px,V_py,V_5,B) [] 

### Ranking functions of CR eval_clist_strip_tile_rectangle_bb2_in(V_x,V_y,V_width,V_height,V_color0,V_color1,V_px,V_py,V_5,B) 

#### Partial ranking functions of CR eval_clist_strip_tile_rectangle_bb2_in(V_x,V_y,V_width,V_height,V_color0,V_color1,V_px,V_py,V_5,B) 


### Resulting Chains:eval_clist_strip_tile_rectangle_bb2_in(V_x,V_y,V_width,V_height,V_color0,V_color1,V_px,V_py,V_5,B) 
* [34]
* [33]...


### Merging Chains  eval_clist_strip_tile_rectangle_bb2_in/10 into  External patterns of execution 
* [[34]] --> 1 
* [[33]] --> 2 


### Specialization of cost equations eval_clist_strip_tile_rectangle_bb0_in/9 
* CE 3 is refined into CE [86,87] 


#### Refined cost equations eval_clist_strip_tile_rectangle_bb0_in/9 
* CE 86: eval_clist_strip_tile_rectangle_bb0_in(V_x,V_y,V_width,V_height,V_color0,V_color1,V_px,V_py,B) = 0+ eval_clist_strip_tile_rectangle_bb2_in(V_x,V_y,V_width,V_height,V_color0,V_color1,V_px,V_py,C,B):1
     [] 
* CE 87: eval_clist_strip_tile_rectangle_bb0_in(V_x,V_y,V_width,V_height,V_color0,V_color1,V_px,V_py,B) = 0+ eval_clist_strip_tile_rectangle_bb2_in(V_x,V_y,V_width,V_height,V_color0,V_color1,V_px,V_py,C,B):2
     [] 

### Cost equations --> "Loop" of eval_clist_strip_tile_rectangle_bb0_in/9 
* CEs [87] --> Loop 35 
* CEs [86] --> Loop 36 

#### Loops of eval_clist_strip_tile_rectangle_bb0_in/9 
* Loop 35: eval_clist_strip_tile_rectangle_bb0_in(V_x,V_y,V_width,V_height,V_color0,V_color1,V_px,V_py,B) [] 
* Loop 36: eval_clist_strip_tile_rectangle_bb0_in(V_x,V_y,V_width,V_height,V_color0,V_color1,V_px,V_py,B) [] 

### Ranking functions of CR eval_clist_strip_tile_rectangle_bb0_in(V_x,V_y,V_width,V_height,V_color0,V_color1,V_px,V_py,B) 

#### Partial ranking functions of CR eval_clist_strip_tile_rectangle_bb0_in(V_x,V_y,V_width,V_height,V_color0,V_color1,V_px,V_py,B) 


### Resulting Chains:eval_clist_strip_tile_rectangle_bb0_in(V_x,V_y,V_width,V_height,V_color0,V_color1,V_px,V_py,B) 
* [36]
* [35]...


### Merging Chains  eval_clist_strip_tile_rectangle_bb0_in/9 into  External patterns of execution 
* [[36]] --> 1 
* [[35]] --> 2 


### Specialization of cost equations eval_clist_strip_tile_rectangle_start/9 
* CE 2 is refined into CE [88,89] 


#### Refined cost equations eval_clist_strip_tile_rectangle_start/9 
* CE 88: eval_clist_strip_tile_rectangle_start(V_x,V_y,V_width,V_height,V_color0,V_color1,V_px,V_py,B) = 0+ eval_clist_strip_tile_rectangle_bb0_in(V_x,V_y,V_width,V_height,V_color0,V_color1,V_px,V_py,B):1
     [] 
* CE 89: eval_clist_strip_tile_rectangle_start(V_x,V_y,V_width,V_height,V_color0,V_color1,V_px,V_py,B) = 0+ eval_clist_strip_tile_rectangle_bb0_in(V_x,V_y,V_width,V_height,V_color0,V_color1,V_px,V_py,B):2
     [] 

### Cost equations --> "Loop" of eval_clist_strip_tile_rectangle_start/9 
* CEs [89] --> Loop 37 
* CEs [88] --> Loop 38 

#### Loops of eval_clist_strip_tile_rectangle_start/9 
* Loop 37: eval_clist_strip_tile_rectangle_start(V_x,V_y,V_width,V_height,V_color0,V_color1,V_px,V_py,B) [] 
* Loop 38: eval_clist_strip_tile_rectangle_start(V_x,V_y,V_width,V_height,V_color0,V_color1,V_px,V_py,B) [] 

### Ranking functions of CR eval_clist_strip_tile_rectangle_start(V_x,V_y,V_width,V_height,V_color0,V_color1,V_px,V_py,B) 

#### Partial ranking functions of CR eval_clist_strip_tile_rectangle_start(V_x,V_y,V_width,V_height,V_color0,V_color1,V_px,V_py,B) 


### Resulting Chains:eval_clist_strip_tile_rectangle_start(V_x,V_y,V_width,V_height,V_color0,V_color1,V_px,V_py,B) 
* [38]
* [37]...


### Merging Chains  eval_clist_strip_tile_rectangle_start/9 into  External patterns of execution 
* [[38]] --> 1 
* [[37]] --> 2 


Computing Bounds
=====================================

#### Cost of loops [22,23,24,25,26] 

 * loop 22:eval_clist_strip_tile_rectangle_bb10_in(V_color0,V_color1,V_px,V_py,V_5,V__1,V__26,V_28,V_34,V__2,B) -> [eval_clist_strip_tile_rectangle_bb10_in(V_color0',V_color1',V_px',V_py',V_5',V__1',V__26',V_28',V_34',V__2',B')] 
1
 * loop 23:eval_clist_strip_tile_rectangle_bb10_in(V_color0,V_color1,V_px,V_py,V_5,V__1,V__26,V_28,V_34,V__2,B) -> [eval_clist_strip_tile_rectangle_bb10_in(V_color0',V_color1',V_px',V_py',V_5',V__1',V__26',V_28',V_34',V__2',B')] 
1
 * loop 24:eval_clist_strip_tile_rectangle_bb10_in(V_color0,V_color1,V_px,V_py,V_5,V__1,V__26,V_28,V_34,V__2,B) -> [eval_clist_strip_tile_rectangle_bb10_in(V_color0',V_color1',V_px',V_py',V_5',V__1',V__26',V_28',V_34',V__2',B')] 
1
 * loop 25:eval_clist_strip_tile_rectangle_bb10_in(V_color0,V_color1,V_px,V_py,V_5,V__1,V__26,V_28,V_34,V__2,B) -> [eval_clist_strip_tile_rectangle_bb10_in(V_color0',V_color1',V_px',V_py',V_5',V__1',V__26',V_28',V_34',V__2',B')] 
1
 * loop 26:eval_clist_strip_tile_rectangle_bb10_in(V_color0,V_color1,V_px,V_py,V_5,V__1,V__26,V_28,V_34,V__2,B) -> [eval_clist_strip_tile_rectangle_bb10_in(V_color0',V_color1',V_px',V_py',V_5',V__1',V__26',V_28',V_34',V__2',B')] 
1
#### Cost of phase [22,23,24,25,26]:eval_clist_strip_tile_rectangle_bb10_in(V_color0,V_color1,V_px,V_py,V_5,V__1,V__26,V_28,V_34,V__2,B) -> [eval_clist_strip_tile_rectangle_bb10_in(V_color0',V_color1',V_px',V_py',V_5',V__1',V__26',V_28',V_34',V__2',B')] 
5*it(22)+0
#### Cost of phase [22,23,24,25,26]:eval_clist_strip_tile_rectangle_bb10_in(V_color0,V_color1,V_px,V_py,V_5,V__1,V__26,V_28,V_34,V__2,B) -> [eval_clist_strip_tile_rectangle_bb10_in(V_color0',V_color1',V_px',V_py',V_5',V__1',V__26',V_28',V_34',V__2',B')] 
5*it(22)+0
#### Cost of phase [22,23,24,25,26]:eval_clist_strip_tile_rectangle_bb10_in(V_color0,V_color1,V_px,V_py,V_5,V__1,V__26,V_28,V_34,V__2,B) -> [eval_clist_strip_tile_rectangle_bb10_in(V_color0',V_color1',V_px',V_py',V_5',V__1',V__26',V_28',V_34',V__2',B')] 
5*it(22)+0
#### Cost of phase [22,23,24,25,26]:eval_clist_strip_tile_rectangle_bb10_in(V_color0,V_color1,V_px,V_py,V_5,V__1,V__26,V_28,V_34,V__2,B) -> [eval_clist_strip_tile_rectangle_bb10_in(V_color0',V_color1',V_px',V_py',V_5',V__1',V__26',V_28',V_34',V__2',B')] 
5*it(22)+0
#### Cost of phase [22,23,24,25,26]:eval_clist_strip_tile_rectangle_bb10_in(V_color0,V_color1,V_px,V_py,V_5,V__1,V__26,V_28,V_34,V__2,B) -> [eval_clist_strip_tile_rectangle_bb10_in(V_color0',V_color1',V_px',V_py',V_5',V__1',V__26',V_28',V_34',V__2',B')] 
5*it(22)+0
#### Cost of phase [22,23,24,25,26]:eval_clist_strip_tile_rectangle_bb10_in(V_color0,V_color1,V_px,V_py,V_5,V__1,V__26,V_28,V_34,V__2,B) -> [eval_clist_strip_tile_rectangle_bb10_in(V_color0',V_color1',V_px',V_py',V_5',V__1',V__26',V_28',V_34',V__2',B')] 
5*it(22)+0
#### Cost of chains of eval_clist_strip_tile_rectangle_bb10_in(V_color0,V_color1,V_px,V_py,V_5,V__1,V__26,V_28,V_34,V__2,B):
* Chain [[22,23,24,25,26]]...: 5*it(22)+0
  with precondition: [B=2] 

* Chain [[22,23,24,25,26],21]: 5*it(22)+0
  with precondition: [B=2,V_28>=1] 

* Chain [[22,23,24,25,26],20]: 5*it(22)+0
  with precondition: [B=2,0>=V_34+1] 

* Chain [[22,23,24,25,26],19]: 5*it(22)+0
  with precondition: [B=2,0>=V_34+1,V_28>=2] 

* Chain [[22,23,24,25,26],18]: 5*it(22)+0
  with precondition: [B=2,V_34>=1] 

* Chain [[22,23,24,25,26],17]: 5*it(22)+0
  with precondition: [B=2,V_28>=2,V_34>=1] 

* Chain [21]: 0
  with precondition: [V__2=0,B=2] 

* Chain [20]: 0
  with precondition: [B=2,0>=V_34+1,0>=V__2+1] 

* Chain [19]: 0
  with precondition: [B=2,0>=V_34+1,V__2>=1] 

* Chain [18]: 0
  with precondition: [B=2,0>=V__2+1,V_34>=1] 

* Chain [17]: 0
  with precondition: [B=2,V_34>=1,V__2>=1] 


#### Cost of chains of eval_clist_strip_tile_rectangle_bb8_in(V_color0,V_color1,V_px,V_py,V_5,V__13,V__1,V__26,V__29,B):
* Chain [28]: 1*aux(4)+0
  with precondition: [] 

* Chain [27]...: 5*s(9)+1
  with precondition: [] 


#### Cost of chains of eval_clist_strip_tile_rectangle_bb6_in(V_color0,V_color1,V_px,V_py,V_5,V__18,V__13,V__1,V__26,B):
* Chain [30]: 1*s(10)+0
  with precondition: [] 

* Chain [29]...: 5*s(11)+1
  with precondition: [] 


#### Cost of chains of eval_clist_strip_tile_rectangle_bb4_in(V_color0,V_color1,V_px,V_py,V_5,V__18,V__15,V__13,V__1,B):
* Chain [32]: 1*s(12)+0
  with precondition: [] 

* Chain [31]...: 5*s(13)+1
  with precondition: [] 


#### Cost of chains of eval_clist_strip_tile_rectangle_bb2_in(V_x,V_y,V_width,V_height,V_color0,V_color1,V_px,V_py,V_5,B):
* Chain [34]: 1*aux(5)+0
  with precondition: [] 

* Chain [33]...: 1*aux(6)+0
  with precondition: [] 


#### Cost of chains of eval_clist_strip_tile_rectangle_bb0_in(V_x,V_y,V_width,V_height,V_color0,V_color1,V_px,V_py,B):
* Chain [36]: 1*s(46)+0
  with precondition: [] 

* Chain [35]...: 1*s(47)+0
  with precondition: [] 


#### Cost of chains of eval_clist_strip_tile_rectangle_start(V_x,V_y,V_width,V_height,V_color0,V_color1,V_px,V_py,B):
* Chain [38]: 1*s(48)+0
  with precondition: [] 

* Chain [37]...: 1*s(49)+0
  with precondition: [] 


Closed-form bounds of eval_clist_strip_tile_rectangle_start(V_x,V_y,V_width,V_height,V_color0,V_color1,V_px,V_py,B): 
-------------------------------------
* Chain [38] with precondition: [] 
    - Upper bound: inf 
    - Complexity: infinity 
* Chain [37]... with precondition: [] 
    - Upper bound: inf 
    - Complexity: infinity 

### Maximum cost of eval_clist_strip_tile_rectangle_start(V_x,V_y,V_width,V_height,V_color0,V_color1,V_px,V_py,B): inf 
Asymptotic class: infinity 

Time statistics: 
-------------------------------------
* Partial evaluation computed in 1006 ms.
* Invariants computed in 158 ms.
   - Backward Invariants 97 ms.
   - Transitive Invariants 22 ms.
* Refinement performed in 550 ms.
* Termination proved in 29 ms.
* Upper bounds computed in 241 ms.
   - Equation cost structures 154 ms.
   - Phase cost structures 61 ms.
   - Chain cost structures 51 ms.
   - Solving cost expressions 1 ms.
* Total analysis performed in 2162 ms.

