Warning: Ignored call to eval_compute_zones_stop/1 in equation loop_cont_eval_compute_zones_bb4_in/2 

Preprocessing Cost Relations
=====================================

#### Computed strongly connected components 
0. recursive  : [eval_compute_zones_13/3,eval_compute_zones_14/3,eval_compute_zones_24/3,eval_compute_zones_25/3,eval_compute_zones_bb10_in/3,eval_compute_zones_bb13_in/3,eval_compute_zones_bb16_in/3,eval_compute_zones_bb17_in/3,eval_compute_zones_bb18_in/3,eval_compute_zones_bb19_in/3,eval_compute_zones_bb4_in/3]
1. non_recursive  : [loop_cont_eval_compute_zones_bb4_in/2]
2. non_recursive  : [eval_compute_zones_bb3_in/2]
3. non_recursive  : [eval_compute_zones_bb0_in/2]
4. non_recursive  : [eval_compute_zones_start/2]

#### Obtained direct recursion through partial evaluation 
0. SCC is partially evaluated into eval_compute_zones_bb4_in/3
1. SCC is completely evaluated into other SCCs
2. SCC is partially evaluated into eval_compute_zones_bb3_in/2
3. SCC is completely evaluated into other SCCs
4. SCC is partially evaluated into eval_compute_zones_start/2

Control-Flow Refinement of Cost Relations
=====================================

### Specialization of cost equations eval_compute_zones_bb4_in/3 
* CE 5 is refined into CE [6] 
* CE 4 is refined into CE [7] 


#### Refined cost equations eval_compute_zones_bb4_in/3 
* CE 6: eval_compute_zones_bb4_in(V_bottom_count,V_i_0,B) = 0
     [V_i_0>=0,B=2] 
* CE 7: eval_compute_zones_bb4_in(V_bottom_count,V_i_0,B) = 1+ eval_compute_zones_bb4_in(V_bottom_count,C,D)
     [V_i_0>=0,V_i_0+2=C,D=2,B=2] 

### Cost equations --> "Loop" of eval_compute_zones_bb4_in/3 
* CEs [7] --> Loop 5 
* CEs [6] --> Loop 6 

#### Loops of eval_compute_zones_bb4_in/3 
* Loop 5: eval_compute_zones_bb4_in(V_bottom_count,V_i_0,B)->  eval_compute_zones_bb4_in(V_bottom_count,V_i_0',B')
                  [V_i_0>=0,V_i_0+2=V_i_0',B'=2,B=2] 
* Loop 6: eval_compute_zones_bb4_in(V_bottom_count,V_i_0,B) [V_i_0>=0,B=2] 

### Ranking functions of CR eval_compute_zones_bb4_in(V_bottom_count,V_i_0,B) 

#### Partial ranking functions of CR eval_compute_zones_bb4_in(V_bottom_count,V_i_0,B) 


### Resulting Chains:eval_compute_zones_bb4_in(V_bottom_count,V_i_0,B) 
* [[5]]...
* [[5],6]
* [6]


### Merging Chains  eval_compute_zones_bb4_in/3 into  External patterns of execution 
* [[6],[6,[5]]] --> 1 
* [[[5]]] --> 2 


### Specialization of cost equations eval_compute_zones_bb3_in/2 
* CE 3 is refined into CE [8,9] 


#### Refined cost equations eval_compute_zones_bb3_in/2 
* CE 8: eval_compute_zones_bb3_in(V_bottom_count,B) = 1+ eval_compute_zones_bb4_in(V_bottom_count,C,D):1
     [D=2,C=0] 
* CE 9: eval_compute_zones_bb3_in(V_bottom_count,B) = 1+ eval_compute_zones_bb4_in(V_bottom_count,C,D):2
     [D=2,C=0] 

### Cost equations --> "Loop" of eval_compute_zones_bb3_in/2 
* CEs [9] --> Loop 7 
* CEs [8] --> Loop 8 

#### Loops of eval_compute_zones_bb3_in/2 
* Loop 7: eval_compute_zones_bb3_in(V_bottom_count,B) [] 
* Loop 8: eval_compute_zones_bb3_in(V_bottom_count,B) [] 

### Ranking functions of CR eval_compute_zones_bb3_in(V_bottom_count,B) 

#### Partial ranking functions of CR eval_compute_zones_bb3_in(V_bottom_count,B) 


### Resulting Chains:eval_compute_zones_bb3_in(V_bottom_count,B) 
* [8]
* [7]...


### Merging Chains  eval_compute_zones_bb3_in/2 into  External patterns of execution 
* [[8]] --> 1 
* [[7]] --> 2 


### Specialization of cost equations eval_compute_zones_start/2 
* CE 2 is refined into CE [10,11] 


#### Refined cost equations eval_compute_zones_start/2 
* CE 10: eval_compute_zones_start(V_bottom_count,B) = 0+ eval_compute_zones_bb3_in(V_bottom_count,B):1
     [] 
* CE 11: eval_compute_zones_start(V_bottom_count,B) = 0+ eval_compute_zones_bb3_in(V_bottom_count,B):2
     [] 

### Cost equations --> "Loop" of eval_compute_zones_start/2 
* CEs [11] --> Loop 9 
* CEs [10] --> Loop 10 

#### Loops of eval_compute_zones_start/2 
* Loop 9: eval_compute_zones_start(V_bottom_count,B) [] 
* Loop 10: eval_compute_zones_start(V_bottom_count,B) [] 

### Ranking functions of CR eval_compute_zones_start(V_bottom_count,B) 

#### Partial ranking functions of CR eval_compute_zones_start(V_bottom_count,B) 


### Resulting Chains:eval_compute_zones_start(V_bottom_count,B) 
* [10]
* [9]...


### Merging Chains  eval_compute_zones_start/2 into  External patterns of execution 
* [[10]] --> 1 
* [[9]] --> 2 


Computing Bounds
=====================================

#### Cost of loops [5] 

 * loop 5:eval_compute_zones_bb4_in(V_bottom_count,V_i_0,B) -> [eval_compute_zones_bb4_in(V_bottom_count',V_i_0',B')] 
1
#### Cost of phase [5]:eval_compute_zones_bb4_in(V_bottom_count,V_i_0,B) -> [eval_compute_zones_bb4_in(V_bottom_count',V_i_0',B')] 
1*it(5)+0
#### Cost of phase [5]:eval_compute_zones_bb4_in(V_bottom_count,V_i_0,B) -> [eval_compute_zones_bb4_in(V_bottom_count',V_i_0',B')] 
1*it(5)+0
#### Cost of chains of eval_compute_zones_bb4_in(V_bottom_count,V_i_0,B):
* Chain [[5]]...: 1*it(5)+0
  with precondition: [V_i_0>=0,B=2] 

* Chain [[5],6]: 1*it(5)+0
  with precondition: [B=2,V_i_0>=0] 

* Chain [6]: 0
  with precondition: [B=2,V_i_0>=0] 


#### Cost of chains of eval_compute_zones_bb3_in(V_bottom_count,B):
* Chain [8]: 1*s(2)+1
  with precondition: [] 

* Chain [7]...: 1*s(3)+1
  with precondition: [] 


#### Cost of chains of eval_compute_zones_start(V_bottom_count,B):
* Chain [10]: 1*s(4)+1
  with precondition: [] 

* Chain [9]...: 1*s(5)+1
  with precondition: [] 


Closed-form bounds of eval_compute_zones_start(V_bottom_count,B): 
-------------------------------------
* Chain [10] with precondition: [] 
    - Upper bound: inf 
    - Complexity: infinity 
* Chain [9]... with precondition: [] 
    - Upper bound: inf 
    - Complexity: infinity 

### Maximum cost of eval_compute_zones_start(V_bottom_count,B): inf 
Asymptotic class: infinity 

Time statistics: 
-------------------------------------
* Partial evaluation computed in 8 ms.
* Invariants computed in 4 ms.
   - Backward Invariants 2 ms.
   - Transitive Invariants 1 ms.
* Refinement performed in 9 ms.
* Termination proved in 1 ms.
* Upper bounds computed in 7 ms.
   - Equation cost structures 2 ms.
   - Phase cost structures 2 ms.
   - Chain cost structures 2 ms.
   - Solving cost expressions 0 ms.
* Total analysis performed in 42 ms.

