Warning: Ignored call to eval_zexecn_stop/1 in equation eval_zexecn_bb18_in/1 

Preprocessing Cost Relations
=====================================

#### Computed strongly connected components 
0. non_recursive  : [eval_zexecn_bb18_in/1]
1. recursive  : [eval_zexecn_18/4,eval_zexecn_19/4,eval_zexecn_41/4,eval_zexecn_42/4,eval_zexecn_NewDefault_in/4,eval_zexecn_bb11_in/4,eval_zexecn_bb13_in/4,eval_zexecn_bb6_in/3,eval_zexecn_bb8_in/4]
2. non_recursive  : [eval_zexecn_bb16_in/1]
3. non_recursive  : [loop_cont_eval_zexecn_bb6_in/2]
4. non_recursive  : [eval_zexecn_bb5_in/2]
5. non_recursive  : [eval_zexecn_15/2]
6. non_recursive  : [eval_zexecn_14/2]
7. non_recursive  : [eval_zexecn_57/1]
8. non_recursive  : [eval_zexecn_56/1]
9. non_recursive  : [eval_zexecn_bb0_in/1]
10. non_recursive  : [eval_zexecn_start/1]

#### Obtained direct recursion through partial evaluation 
0. SCC is completely evaluated into other SCCs
1. SCC is partially evaluated into eval_zexecn_bb6_in/3
2. SCC is completely evaluated into other SCCs
3. SCC is partially evaluated into loop_cont_eval_zexecn_bb6_in/2
4. SCC is partially evaluated into eval_zexecn_bb5_in/2
5. SCC is partially evaluated into eval_zexecn_15/2
6. SCC is completely evaluated into other SCCs
7. SCC is completely evaluated into other SCCs
8. SCC is completely evaluated into other SCCs
9. SCC is partially evaluated into eval_zexecn_bb0_in/1
10. SCC is partially evaluated into eval_zexecn_start/1

Control-Flow Refinement of Cost Relations
=====================================

### Specialization of cost equations eval_zexecn_bb6_in/3 
* CE 9 is refined into CE [14] 
* CE 11 is refined into CE [15] 
* CE 10 is refined into CE [16] 


#### Refined cost equations eval_zexecn_bb6_in/3 
* CE 14: eval_zexecn_bb6_in(V_14,V_i_0,B) = 0
     [V_14>=V_i_0+1,V_i_0>=0,B=3] 
* CE 15: eval_zexecn_bb6_in(V_14,V_i_0,B) = 0
     [V_i_0>=V_14,V_i_0>=0,B=2] 
* CE 16: eval_zexecn_bb6_in(V_14,V_i_0,B) = 1+ eval_zexecn_bb6_in(V_14,C,B)
     [V_14>=C,C>=1,C=V_i_0+1] 

### Cost equations --> "Loop" of eval_zexecn_bb6_in/3 
* CEs [16] --> Loop 10 
* CEs [14] --> Loop 11 
* CEs [15] --> Loop 12 

#### Loops of eval_zexecn_bb6_in/3 
* Loop 10: eval_zexecn_bb6_in(V_14,V_i_0,B)->  eval_zexecn_bb6_in(V_14,V_i_0',B)
                  [V_14>=V_i_0',V_i_0'>=1,V_i_0'=V_i_0+1] 
* Loop 11: eval_zexecn_bb6_in(V_14,V_i_0,B) [V_14>=V_i_0+1,V_i_0>=0,B=3] 
* Loop 12: eval_zexecn_bb6_in(V_14,V_i_0,B) [V_i_0>=V_14,V_i_0>=0,B=2] 

### Ranking functions of CR eval_zexecn_bb6_in(V_14,V_i_0,B) 
* RF of phase [10]: [V_14-V_i_0]

#### Partial ranking functions of CR eval_zexecn_bb6_in(V_14,V_i_0,B) 
* Partial RF of phase [10]:
  - RF of loop [10:1]:
    V_14-V_i_0


### Resulting Chains:eval_zexecn_bb6_in(V_14,V_i_0,B) 
* [[10],12]
* [[10],11]
* [12]
* [11]


### Merging Chains  eval_zexecn_bb6_in/3 into  External patterns of execution 
* [[12]] --> 1 
* [[12,[10]]] --> 2 
* [[11],[11,[10]]] --> 3 


### Specialization of cost equations loop_cont_eval_zexecn_bb6_in/2 
* CE 13 is refined into CE [17] 
* CE 12 is refined into CE [18] 


#### Refined cost equations loop_cont_eval_zexecn_bb6_in/2 
* CE 17: loop_cont_eval_zexecn_bb6_in(D,A) = 0
     [D=3] 
* CE 18: loop_cont_eval_zexecn_bb6_in(D,A) = 0
     [D=2] 

### Cost equations --> "Loop" of loop_cont_eval_zexecn_bb6_in/2 
* CEs [17] --> Loop 13 
* CEs [18] --> Loop 14 

#### Loops of loop_cont_eval_zexecn_bb6_in/2 
* Loop 13: loop_cont_eval_zexecn_bb6_in(D,A) [D=3] 
* Loop 14: loop_cont_eval_zexecn_bb6_in(D,A) [D=2] 

### Ranking functions of CR loop_cont_eval_zexecn_bb6_in(D,A) 

#### Partial ranking functions of CR loop_cont_eval_zexecn_bb6_in(D,A) 


### Resulting Chains:loop_cont_eval_zexecn_bb6_in(D,A) 
* [14]
* [13]


### Merging Chains  loop_cont_eval_zexecn_bb6_in/2 into  External patterns of execution 
* [[14]] --> 1 
* [[13]] --> 2 


### Specialization of cost equations eval_zexecn_bb5_in/2 
* CE 8 is refined into CE [19,20,21] 


#### Refined cost equations eval_zexecn_bb5_in/2 
* CE 19: eval_zexecn_bb5_in(V_14,B) = 1+ eval_zexecn_bb6_in(V_14,C,D):1+ loop_cont_eval_zexecn_bb6_in(E,B):1
     [0>=V_14,E=2,D=2,C=0] 
* CE 20: eval_zexecn_bb5_in(V_14,B) = 1+ eval_zexecn_bb6_in(V_14,C,D):2+ loop_cont_eval_zexecn_bb6_in(E,B):1
     [V_14>=1,E=2,D=2,C=0] 
* CE 21: eval_zexecn_bb5_in(V_14,B) = 1+ eval_zexecn_bb6_in(V_14,C,D):3+ loop_cont_eval_zexecn_bb6_in(E,B):2
     [V_14>=1,E=3,D=3,C=0] 

### Cost equations --> "Loop" of eval_zexecn_bb5_in/2 
* CEs [20,21] --> Loop 15 
* CEs [19] --> Loop 16 

#### Loops of eval_zexecn_bb5_in/2 
* Loop 15: eval_zexecn_bb5_in(V_14,B) [V_14>=1] 
* Loop 16: eval_zexecn_bb5_in(V_14,B) [0>=V_14] 

### Ranking functions of CR eval_zexecn_bb5_in(V_14,B) 

#### Partial ranking functions of CR eval_zexecn_bb5_in(V_14,B) 


### Resulting Chains:eval_zexecn_bb5_in(V_14,B) 
* [16]
* [15]


### Merging Chains  eval_zexecn_bb5_in/2 into  External patterns of execution 
* [[16]] --> 1 
* [[15]] --> 2 


### Specialization of cost equations eval_zexecn_15/2 
* CE 6 is refined into CE [22] 
* CE 7 is refined into CE [23,24] 


#### Refined cost equations eval_zexecn_15/2 
* CE 22: eval_zexecn_15(V_14,B) = 0
     [] 
* CE 23: eval_zexecn_15(V_14,B) = 0+ eval_zexecn_bb5_in(V_14,B):1
     [0>=V_14] 
* CE 24: eval_zexecn_15(V_14,B) = 0+ eval_zexecn_bb5_in(V_14,B):2
     [V_14>=1] 

### Cost equations --> "Loop" of eval_zexecn_15/2 
* CEs [22,23,24] --> Loop 17 

#### Loops of eval_zexecn_15/2 
* Loop 17: eval_zexecn_15(V_14,B) [] 

### Ranking functions of CR eval_zexecn_15(V_14,B) 

#### Partial ranking functions of CR eval_zexecn_15(V_14,B) 


### Resulting Chains:eval_zexecn_15(V_14,B) 
* [17]


### Merging Chains  eval_zexecn_15/2 into  External patterns of execution 
* [[17]] --> 1 


### Specialization of cost equations eval_zexecn_bb0_in/1 
* CE 3 is refined into CE [25] 
* CE 4 is refined into CE [26] 
* CE 5 is refined into CE [27,28] 


#### Refined cost equations eval_zexecn_bb0_in/1 
* CE 25: eval_zexecn_bb0_in(B) = 0
     [] 
* CE 26: eval_zexecn_bb0_in(B) = 0+ eval_zexecn_15(C,B):1
     [] 
* CE 27: eval_zexecn_bb0_in(B) = 0+ eval_zexecn_bb5_in(C,B):1
     [0>=C] 
* CE 28: eval_zexecn_bb0_in(B) = 0+ eval_zexecn_bb5_in(C,B):2
     [C>=1] 

### Cost equations --> "Loop" of eval_zexecn_bb0_in/1 
* CEs [25,26,27,28] --> Loop 18 

#### Loops of eval_zexecn_bb0_in/1 
* Loop 18: eval_zexecn_bb0_in(B) [] 

### Ranking functions of CR eval_zexecn_bb0_in(B) 

#### Partial ranking functions of CR eval_zexecn_bb0_in(B) 


### Resulting Chains:eval_zexecn_bb0_in(B) 
* [18]


### Merging Chains  eval_zexecn_bb0_in/1 into  External patterns of execution 
* [[18]] --> 1 


### Specialization of cost equations eval_zexecn_start/1 
* CE 2 is refined into CE [29] 


#### Refined cost equations eval_zexecn_start/1 
* CE 29: eval_zexecn_start(B) = 0+ eval_zexecn_bb0_in(B):1
     [] 

### Cost equations --> "Loop" of eval_zexecn_start/1 
* CEs [29] --> Loop 19 

#### Loops of eval_zexecn_start/1 
* Loop 19: eval_zexecn_start(B) [] 

### Ranking functions of CR eval_zexecn_start(B) 

#### Partial ranking functions of CR eval_zexecn_start(B) 


### Resulting Chains:eval_zexecn_start(B) 
* [19]


### Merging Chains  eval_zexecn_start/1 into  External patterns of execution 
* [[19]] --> 1 


Computing Bounds
=====================================

#### Cost of loops [10] 

 * loop 10:eval_zexecn_bb6_in(V_14,V_i_0,B) -> [eval_zexecn_bb6_in(V_14',V_i_0',B')] 
1
#### Cost of phase [10]:eval_zexecn_bb6_in(V_14,V_i_0,B) -> [eval_zexecn_bb6_in(V_14',V_i_0',B')] 
1*it(10)+0
  Such that:it(10) =< V_14-V_i_0
it(10) =< V_14-V_i_0-V_14'+V_i_0'

#### Cost of phase [10]:eval_zexecn_bb6_in(V_14,V_i_0,B) -> [eval_zexecn_bb6_in(V_14',V_i_0',B')] 
1*it(10)+0
  Such that:it(10) =< V_14-V_i_0
it(10) =< V_14-V_i_0-V_14'+V_i_0'

#### Cost of chains of eval_zexecn_bb6_in(V_14,V_i_0,B):
* Chain [[10],12]: 1*it(10)+0
  Such that:it(10) =< V_14-V_i_0

  with precondition: [B=2,V_i_0>=0,V_14>=V_i_0+1] 

* Chain [[10],11]: 1*it(10)+0
  Such that:it(10) =< V_14-V_i_0

  with precondition: [B=3,V_i_0>=0,V_14>=V_i_0+2] 

* Chain [12]: 0
  with precondition: [B=2,V_i_0>=0,V_i_0>=V_14] 

* Chain [11]: 0
  with precondition: [B=3,V_i_0>=0,V_14>=V_i_0+1] 


#### Cost of chains of loop_cont_eval_zexecn_bb6_in(D,A):
* Chain [14]: 0
  with precondition: [D=2] 

* Chain [13]: 0
  with precondition: [D=3] 


#### Cost of chains of eval_zexecn_bb5_in(V_14,B):
* Chain [16]: 1
  with precondition: [0>=V_14] 

* Chain [15]: 2*s(2)+1
  Such that:aux(1) =< V_14
s(2) =< aux(1)

  with precondition: [V_14>=1] 


#### Cost of chains of eval_zexecn_15(V_14,B):
* Chain [17]: 2*s(5)+1
  Such that:s(4) =< V_14
s(5) =< s(4)

  with precondition: [] 


#### Cost of chains of eval_zexecn_bb0_in(B):
* Chain [18]: 1*aux(2)+0
  with precondition: [] 


#### Cost of chains of eval_zexecn_start(B):
* Chain [19]: 1*s(10)+0
  with precondition: [] 


Closed-form bounds of eval_zexecn_start(B): 
-------------------------------------
* Chain [19] with precondition: [] 
    - Upper bound: inf 
    - Complexity: infinity 

### Maximum cost of eval_zexecn_start(B): inf 
Asymptotic class: infinity 

Time statistics: 
-------------------------------------
* Partial evaluation computed in 12 ms.
* Invariants computed in 8 ms.
   - Backward Invariants 6 ms.
   - Transitive Invariants 1 ms.
* Refinement performed in 17 ms.
* Termination proved in 3 ms.
* Upper bounds computed in 14 ms.
   - Equation cost structures 7 ms.
   - Phase cost structures 3 ms.
   - Chain cost structures 4 ms.
   - Solving cost expressions 0 ms.
* Total analysis performed in 71 ms.

