WARNING: Excluded non-linear constraints:[P*G-Q*G=0,R*G-S*G=0,T*G-U*G=0]
WARNING: Excluded non-linear constraints:[P*G-Q*G=0,R*G-S*G=0,T*G-U*G>=0+1,T*G-U*G-15*V>=0,T*G-U*G-15*V+1=<15]
WARNING: Excluded non-linear constraints:[P*G-Q*G=0,R*G-S*G=0,T*G-U*G+1=<0,-T*G+U*G+15*V>=0,-T*G+U*G+15*V+1=<15]
WARNING: Excluded non-linear constraints:[P*G-Q*G=0,R*G-S*G>=0+1,R*G-S*G-15*T>=0,R*G-S*G-15*T+1=<15,U*G-V*G=0]
WARNING: Excluded non-linear constraints:[P*G-Q*G=0,R*G-S*G>=0+1,R*G-S*G-15*T>=0,R*G-S*G-15*T+1=<15,U*G-V*G>=0+1,U*G-V*G-15*W>=0,U*G-V*G-15*W+1=<15]
WARNING: Excluded non-linear constraints:[P*G-Q*G=0,R*G-S*G>=0+1,R*G-S*G-15*T>=0,R*G-S*G-15*T+1=<15,U*G-V*G+1=<0,-U*G+V*G+15*W>=0,-U*G+V*G+15*W+1=<15]
WARNING: Excluded non-linear constraints:[P*G-Q*G=0,R*G-S*G+1=<0,-R*G+S*G+15*T>=0,-R*G+S*G+15*T+1=<15,U*G-V*G=0]
WARNING: Excluded non-linear constraints:[P*G-Q*G=0,R*G-S*G+1=<0,-R*G+S*G+15*T>=0,-R*G+S*G+15*T+1=<15,U*G-V*G>=0+1,U*G-V*G-15*W>=0,U*G-V*G-15*W+1=<15]
WARNING: Excluded non-linear constraints:[P*G-Q*G=0,R*G-S*G+1=<0,-R*G+S*G+15*T>=0,-R*G+S*G+15*T+1=<15,U*G-V*G+1=<0,-U*G+V*G+15*W>=0,-U*G+V*G+15*W+1=<15]
WARNING: Excluded non-linear constraints:[P*G-Q*G>=0+1,P*G-Q*G-15*R>=0,P*G-Q*G-15*R+1=<15,S*G-T*G=0,U*G-V*G=0]
WARNING: Excluded non-linear constraints:[P*G-Q*G>=0+1,P*G-Q*G-15*R>=0,P*G-Q*G-15*R+1=<15,S*G-T*G=0,U*G-V*G>=0+1,U*G-V*G-15*W>=0,U*G-V*G-15*W+1=<15]
WARNING: Excluded non-linear constraints:[P*G-Q*G>=0+1,P*G-Q*G-15*R>=0,P*G-Q*G-15*R+1=<15,S*G-T*G=0,U*G-V*G+1=<0,-U*G+V*G+15*W>=0,-U*G+V*G+15*W+1=<15]
WARNING: Excluded non-linear constraints:[P*G-Q*G>=0+1,P*G-Q*G-15*R>=0,P*G-Q*G-15*R+1=<15,S*G-T*G>=0+1,S*G-T*G-15*U>=0,S*G-T*G-15*U+1=<15,V*G-W*G=0]
WARNING: Excluded non-linear constraints:[P*G-Q*G>=0+1,P*G-Q*G-15*R>=0,P*G-Q*G-15*R+1=<15,S*G-T*G>=0+1,S*G-T*G-15*U>=0,S*G-T*G-15*U+1=<15,V*G-W*G>=0+1,V*G-W*G-15*X>=0,V*G-W*G-15*X+1=<15]
WARNING: Excluded non-linear constraints:[P*G-Q*G>=0+1,P*G-Q*G-15*R>=0,P*G-Q*G-15*R+1=<15,S*G-T*G>=0+1,S*G-T*G-15*U>=0,S*G-T*G-15*U+1=<15,V*G-W*G+1=<0,-V*G+W*G+15*X>=0,-V*G+W*G+15*X+1=<15]
WARNING: Excluded non-linear constraints:[P*G-Q*G>=0+1,P*G-Q*G-15*R>=0,P*G-Q*G-15*R+1=<15,S*G-T*G+1=<0,-S*G+T*G+15*U>=0,-S*G+T*G+15*U+1=<15,V*G-W*G=0]
WARNING: Excluded non-linear constraints:[P*G-Q*G>=0+1,P*G-Q*G-15*R>=0,P*G-Q*G-15*R+1=<15,S*G-T*G+1=<0,-S*G+T*G+15*U>=0,-S*G+T*G+15*U+1=<15,V*G-W*G>=0+1,V*G-W*G-15*X>=0,V*G-W*G-15*X+1=<15]
WARNING: Excluded non-linear constraints:[P*G-Q*G>=0+1,P*G-Q*G-15*R>=0,P*G-Q*G-15*R+1=<15,S*G-T*G+1=<0,-S*G+T*G+15*U>=0,-S*G+T*G+15*U+1=<15,V*G-W*G+1=<0,-V*G+W*G+15*X>=0,-V*G+W*G+15*X+1=<15]
WARNING: Excluded non-linear constraints:[P*G-Q*G+1=<0,-P*G+Q*G+15*R>=0,-P*G+Q*G+15*R+1=<15,S*G-T*G=0,U*G-V*G=0]
WARNING: Excluded non-linear constraints:[P*G-Q*G+1=<0,-P*G+Q*G+15*R>=0,-P*G+Q*G+15*R+1=<15,S*G-T*G=0,U*G-V*G>=0+1,U*G-V*G-15*W>=0,U*G-V*G-15*W+1=<15]
WARNING: Excluded non-linear constraints:[P*G-Q*G+1=<0,-P*G+Q*G+15*R>=0,-P*G+Q*G+15*R+1=<15,S*G-T*G=0,U*G-V*G+1=<0,-U*G+V*G+15*W>=0,-U*G+V*G+15*W+1=<15]
WARNING: Excluded non-linear constraints:[P*G-Q*G+1=<0,-P*G+Q*G+15*R>=0,-P*G+Q*G+15*R+1=<15,S*G-T*G>=0+1,S*G-T*G-15*U>=0,S*G-T*G-15*U+1=<15,V*G-W*G=0]
WARNING: Excluded non-linear constraints:[P*G-Q*G+1=<0,-P*G+Q*G+15*R>=0,-P*G+Q*G+15*R+1=<15,S*G-T*G>=0+1,S*G-T*G-15*U>=0,S*G-T*G-15*U+1=<15,V*G-W*G>=0+1,V*G-W*G-15*X>=0,V*G-W*G-15*X+1=<15]
WARNING: Excluded non-linear constraints:[P*G-Q*G+1=<0,-P*G+Q*G+15*R>=0,-P*G+Q*G+15*R+1=<15,S*G-T*G>=0+1,S*G-T*G-15*U>=0,S*G-T*G-15*U+1=<15,V*G-W*G+1=<0,-V*G+W*G+15*X>=0,-V*G+W*G+15*X+1=<15]
WARNING: Excluded non-linear constraints:[P*G-Q*G+1=<0,-P*G+Q*G+15*R>=0,-P*G+Q*G+15*R+1=<15,S*G-T*G+1=<0,-S*G+T*G+15*U>=0,-S*G+T*G+15*U+1=<15,V*G-W*G=0]
WARNING: Excluded non-linear constraints:[P*G-Q*G+1=<0,-P*G+Q*G+15*R>=0,-P*G+Q*G+15*R+1=<15,S*G-T*G+1=<0,-S*G+T*G+15*U>=0,-S*G+T*G+15*U+1=<15,V*G-W*G>=0+1,V*G-W*G-15*X>=0,V*G-W*G-15*X+1=<15]
WARNING: Excluded non-linear constraints:[P*G-Q*G+1=<0,-P*G+Q*G+15*R>=0,-P*G+Q*G+15*R+1=<15,S*G-T*G+1=<0,-S*G+T*G+15*U>=0,-S*G+T*G+15*U+1=<15,V*G-W*G+1=<0,-V*G+W*G+15*X>=0,-V*G+W*G+15*X+1=<15]
Warning: Ignored call to eval_gx_default_copy_alpha_stop/1 in equation eval_gx_default_copy_alpha_bb46_in/1 

Preprocessing Cost Relations
=====================================

#### Computed strongly connected components 
0. non_recursive  : [eval_gx_default_copy_alpha_bb46_in/1]
1. non_recursive  : [eval_gx_default_copy_alpha_1/1]
2. non_recursive  : [eval_gx_default_copy_alpha_0/1]
3. recursive  : [eval_gx_default_copy_alpha_100/15,eval_gx_default_copy_alpha_139/15,eval_gx_default_copy_alpha_140/15,eval_gx_default_copy_alpha_99/15,eval_gx_default_copy_alpha_NewDefault_in/15,eval_gx_default_copy_alpha_bb20_in/15,eval_gx_default_copy_alpha_bb26_in/15,eval_gx_default_copy_alpha_bb27_in/15,eval_gx_default_copy_alpha_bb28_in/15,eval_gx_default_copy_alpha_bb29_in/15]
4. recursive  : [eval_gx_default_copy_alpha_NewDefault24_in/14,eval_gx_default_copy_alpha_bb16_in/13,eval_gx_default_copy_alpha_bb32_in/14,eval_gx_default_copy_alpha_bb36_in/14,eval_gx_default_copy_alpha_bb37_in/14,eval_gx_default_copy_alpha_bb38_in/14,eval_gx_default_copy_alpha_bb39_in/14,loop_cont_eval_gx_default_copy_alpha_bb20_in/15]
5. recursive  : [eval_gx_default_copy_alpha_184/7,eval_gx_default_copy_alpha_185/7,eval_gx_default_copy_alpha_41/6,eval_gx_default_copy_alpha_42/6,eval_gx_default_copy_alpha_bb14_in/6,eval_gx_default_copy_alpha_bb43_in/7,eval_gx_default_copy_alpha_bb44_in/7,loop_cont_eval_gx_default_copy_alpha_bb16_in/8]
6. non_recursive  : [eval_gx_default_copy_alpha_191/1]
7. non_recursive  : [eval_gx_default_copy_alpha_190/1]
8. non_recursive  : [eval_gx_default_copy_alpha_189/1]
9. non_recursive  : [eval_gx_default_copy_alpha_bb45_in/1]
10. non_recursive  : [loop_cont_eval_gx_default_copy_alpha_bb14_in/2]
11. non_recursive  : [eval_gx_default_copy_alpha_34/5]
12. non_recursive  : [eval_gx_default_copy_alpha_33/5]
13. non_recursive  : [eval_gx_default_copy_alpha_32/5]
14. non_recursive  : [eval_gx_default_copy_alpha_31/5]
15. non_recursive  : [eval_gx_default_copy_alpha_30/5]
16. non_recursive  : [eval_gx_default_copy_alpha_bb11_in/5]
17. non_recursive  : [eval_gx_default_copy_alpha_bb9_in/5]
18. non_recursive  : [eval_gx_default_copy_alpha_bb7_in/6]
19. non_recursive  : [eval_gx_default_copy_alpha_bb5_in/6]
20. non_recursive  : [eval_gx_default_copy_alpha_4/6]
21. non_recursive  : [eval_gx_default_copy_alpha_3/6]
22. non_recursive  : [eval_gx_default_copy_alpha_bb0_in/6]
23. non_recursive  : [eval_gx_default_copy_alpha_start/10]

#### Obtained direct recursion through partial evaluation 
0. SCC is completely evaluated into other SCCs
1. SCC is completely evaluated into other SCCs
2. SCC is completely evaluated into other SCCs
3. SCC is partially evaluated into eval_gx_default_copy_alpha_bb20_in/15
4. SCC is partially evaluated into eval_gx_default_copy_alpha_bb16_in/13
5. SCC is partially evaluated into eval_gx_default_copy_alpha_bb14_in/6
6. SCC is completely evaluated into other SCCs
7. SCC is completely evaluated into other SCCs
8. SCC is completely evaluated into other SCCs
9. SCC is completely evaluated into other SCCs
10. SCC is partially evaluated into loop_cont_eval_gx_default_copy_alpha_bb14_in/2
11. SCC is partially evaluated into eval_gx_default_copy_alpha_34/5
12. SCC is completely evaluated into other SCCs
13. SCC is partially evaluated into eval_gx_default_copy_alpha_32/5
14. SCC is completely evaluated into other SCCs
15. SCC is completely evaluated into other SCCs
16. SCC is partially evaluated into eval_gx_default_copy_alpha_bb11_in/5
17. SCC is partially evaluated into eval_gx_default_copy_alpha_bb9_in/5
18. SCC is partially evaluated into eval_gx_default_copy_alpha_bb7_in/6
19. SCC is partially evaluated into eval_gx_default_copy_alpha_bb5_in/6
20. SCC is partially evaluated into eval_gx_default_copy_alpha_4/6
21. SCC is completely evaluated into other SCCs
22. SCC is partially evaluated into eval_gx_default_copy_alpha_bb0_in/6
23. SCC is partially evaluated into eval_gx_default_copy_alpha_start/10

Control-Flow Refinement of Cost Relations
=====================================

### Specialization of cost equations eval_gx_default_copy_alpha_bb20_in/15 
* CE 27 is refined into CE [32] 
* CE 28 is refined into CE [33] 
* CE 31 is refined into CE [34] 
* CE 29 is refined into CE [35] 
* CE 30 is refined into CE [36] 


#### Refined cost equations eval_gx_default_copy_alpha_bb20_in/15 
* CE 32: eval_gx_default_copy_alpha_bb20_in(A,B,C,D,E,F,G,H,A,B,C,D,E,F,G) = 0
     [B+C>=F+1,G>=16,H=2] 
* CE 33: eval_gx_default_copy_alpha_bb20_in(A,B,C,D,E,F,G,H,A,B,C,D,E,F,G) = 0
     [B+C>=F+1,14>=G,H=2] 
* CE 34: eval_gx_default_copy_alpha_bb20_in(A,B,C,D,E,F,G,H,A,B,C,D,E,F,I) = 0
     [B+C>=F+1,I=15,H=2,G=15] 
* CE 35: eval_gx_default_copy_alpha_bb20_in(V__17,V__13,V__2,V__212,V_ry_0,V_sx_0,V_alpha_1,B,C,D,E,F,G,H,I) = 1+ eval_gx_default_copy_alpha_bb20_in(V__17,V__13,V__2,V__212,V_ry_0,V_sx_0,J,K,C,D,E,F,G,H,I)
     [V__13+V__2>=V_sx_0+1,V_alpha_1>=16,K=2,B=2] 
* CE 36: eval_gx_default_copy_alpha_bb20_in(V__17,V__13,V__2,V__212,V_ry_0,V_sx_0,V_alpha_1,B,C,D,E,F,G,H,I) = 1+ eval_gx_default_copy_alpha_bb20_in(V__17,V__13,V__2,V__212,V_ry_0,V_sx_0,J,K,C,D,E,F,G,H,I)
     [V__13+V__2>=V_sx_0+1,14>=V_alpha_1,K=2,B=2] 

### Cost equations --> "Loop" of eval_gx_default_copy_alpha_bb20_in/15 
* CEs [35] --> Loop 24 
* CEs [36] --> Loop 25 
* CEs [32] --> Loop 26 
* CEs [33] --> Loop 27 
* CEs [34] --> Loop 28 

#### Loops of eval_gx_default_copy_alpha_bb20_in/15 
* Loop 24: eval_gx_default_copy_alpha_bb20_in(V__17,V__13,V__2,V__212,V_ry_0,V_sx_0,V_alpha_1,B,C,D,E,F,G,H,I)->  eval_gx_default_copy_alpha_bb20_in(V__17,V__13,V__2,V__212,V_ry_0,V_sx_0,V_alpha_1',B',C,D,E,F,G,H,I)
                  [V__13+V__2>=V_sx_0+1,V_alpha_1>=16,B'=2,B=2] 
* Loop 25: eval_gx_default_copy_alpha_bb20_in(V__17,V__13,V__2,V__212,V_ry_0,V_sx_0,V_alpha_1,B,C,D,E,F,G,H,I)->  eval_gx_default_copy_alpha_bb20_in(V__17,V__13,V__2,V__212,V_ry_0,V_sx_0,V_alpha_1',B',C,D,E,F,G,H,I)
                  [V__13+V__2>=V_sx_0+1,14>=V_alpha_1,B'=2,B=2] 
* Loop 26: eval_gx_default_copy_alpha_bb20_in(A,B,C,D,E,F,G,H,A,B,C,D,E,F,G) [B+C>=F+1,G>=16,H=2] 
* Loop 27: eval_gx_default_copy_alpha_bb20_in(A,B,C,D,E,F,G,H,A,B,C,D,E,F,G) [B+C>=F+1,14>=G,H=2] 
* Loop 28: eval_gx_default_copy_alpha_bb20_in(A,B,C,D,E,F,G,H,A,B,C,D,E,F,I) [B+C>=F+1,I=15,H=2,G=15] 

### Ranking functions of CR eval_gx_default_copy_alpha_bb20_in(V__17,V__13,V__2,V__212,V_ry_0,V_sx_0,V_alpha_1,B,C,D,E,F,G,H,I) 

#### Partial ranking functions of CR eval_gx_default_copy_alpha_bb20_in(V__17,V__13,V__2,V__212,V_ry_0,V_sx_0,V_alpha_1,B,C,D,E,F,G,H,I) 


### Resulting Chains:eval_gx_default_copy_alpha_bb20_in(V__17,V__13,V__2,V__212,V_ry_0,V_sx_0,V_alpha_1,B,C,D,E,F,G,H,I) 
* [[24,25]]...
* [[24,25],28]
* [[24,25],27]
* [[24,25],26]
* [28]
* [27]
* [26]


### Merging Chains  eval_gx_default_copy_alpha_bb20_in/15 into  External patterns of execution 
* [[28],[28,[24,25]]] --> 1 
* [[27],[27,[24,25]]] --> 2 
* [[26],[26,[24,25]]] --> 3 
* [[[24,25]]] --> 4 


### Specialization of cost equations eval_gx_default_copy_alpha_bb16_in/13 
* CE 26 is refined into CE [37] 
* CE 25 is refined into CE [38] 
* CE 24 is refined into CE [39,40,41,42] 


#### Refined cost equations eval_gx_default_copy_alpha_bb16_in/13 
* CE 37: eval_gx_default_copy_alpha_bb16_in(A,B,C,D,E,F,G,A,B,C,D,E,F) = 0
     [F>=B+C,G=4] 
* CE 38: eval_gx_default_copy_alpha_bb16_in(A,B,C,D,E,F,G,A,B,C,D,E,F) = 0
     [F>=B+C,G=3] 
* CE 39: eval_gx_default_copy_alpha_bb16_in(V__17,V__13,V__2,V__212,V_ry_0,V_sx_0,B,C,D,E,F,G,H) = 2+ eval_gx_default_copy_alpha_bb20_in(V__17,V__13,V__2,V__212,V_ry_0,V_sx_0,I,J,V__17,V__13,V__2,V__212,V_ry_0,V_sx_0,K):1+ eval_gx_default_copy_alpha_bb16_in(V__17,V__13,V__2,V__212,V_ry_0,L,B,C,D,E,F,G,H)
     [V__13+V__2>=V_sx_0+1,B>=3,4>=B,V_sx_0+1=L,K=15,J=2] 
* CE 40: eval_gx_default_copy_alpha_bb16_in(V__17,V__13,V__2,V__212,V_ry_0,V_sx_0,B,C,D,E,F,G,H) = 2+ eval_gx_default_copy_alpha_bb20_in(V__17,V__13,V__2,V__212,V_ry_0,V_sx_0,I,J,V__17,V__13,V__2,V__212,V_ry_0,V_sx_0,K):2+ eval_gx_default_copy_alpha_bb16_in(V__17,V__13,V__2,V__212,V_ry_0,L,B,C,D,E,F,G,H)
     [V__13+V__2>=V_sx_0+1,B>=3,14>=K,4>=B,V_sx_0+1=L,J=2] 
* CE 41: eval_gx_default_copy_alpha_bb16_in(V__17,V__13,V__2,V__212,V_ry_0,V_sx_0,B,C,D,E,F,G,H) = 2+ eval_gx_default_copy_alpha_bb20_in(V__17,V__13,V__2,V__212,V_ry_0,V_sx_0,I,J,V__17,V__13,V__2,V__212,V_ry_0,V_sx_0,K):3+ eval_gx_default_copy_alpha_bb16_in(V__17,V__13,V__2,V__212,V_ry_0,L,B,C,D,E,F,G,H)
     [V__13+V__2>=V_sx_0+1,K>=16,B>=3,4>=B,V_sx_0+1=L,J=2] 
* CE 42: eval_gx_default_copy_alpha_bb16_in(V__17,V__13,V__2,V__212,V_ry_0,V_sx_0,B,C,D,E,F,G,H) = 2+ eval_gx_default_copy_alpha_bb20_in(V__17,V__13,V__2,V__212,V_ry_0,V_sx_0,I,J,K,L,M,N,O,P,Q):4
     [V__13+V__2>=V_sx_0+1,B>=3,4>=B,R=P+1,J=2] 

### Cost equations --> "Loop" of eval_gx_default_copy_alpha_bb16_in/13 
* CEs [42] --> Loop 29 
* CEs [39,40,41] --> Loop 30 
* CEs [37] --> Loop 31 
* CEs [38] --> Loop 32 

#### Loops of eval_gx_default_copy_alpha_bb16_in/13 
* Loop 29: eval_gx_default_copy_alpha_bb16_in(V__17,V__13,V__2,V__212,V_ry_0,V_sx_0,B,C,D,E,F,G,H) [V__13+V__2>=V_sx_0+1,B>=3,4>=B] 
* Loop 30: eval_gx_default_copy_alpha_bb16_in(V__17,V__13,V__2,V__212,V_ry_0,V_sx_0,B,C,D,E,F,G,H)->  eval_gx_default_copy_alpha_bb16_in(V__17,V__13,V__2,V__212,V_ry_0,V_sx_0',B,C,D,E,F,G,H)
                  [V__13+V__2>=V_sx_0+1,B>=3,4>=B,V_sx_0+1=V_sx_0'] 
* Loop 31: eval_gx_default_copy_alpha_bb16_in(A,B,C,D,E,F,G,A,B,C,D,E,F) [F>=B+C,G=4] 
* Loop 32: eval_gx_default_copy_alpha_bb16_in(A,B,C,D,E,F,G,A,B,C,D,E,F) [F>=B+C,G=3] 

### Ranking functions of CR eval_gx_default_copy_alpha_bb16_in(V__17,V__13,V__2,V__212,V_ry_0,V_sx_0,B,C,D,E,F,G,H) 
* RF of phase [30]: [V__13+V__2-V_sx_0]

#### Partial ranking functions of CR eval_gx_default_copy_alpha_bb16_in(V__17,V__13,V__2,V__212,V_ry_0,V_sx_0,B,C,D,E,F,G,H) 
* Partial RF of phase [30]:
  - RF of loop [30:1]:
    V__13+V__2-V_sx_0


### Resulting Chains:eval_gx_default_copy_alpha_bb16_in(V__17,V__13,V__2,V__212,V_ry_0,V_sx_0,B,C,D,E,F,G,H) 
* [[30],32]
* [[30],31]
* [[30],29]...
* [32]
* [31]
* [29]...


### Merging Chains  eval_gx_default_copy_alpha_bb16_in/13 into  External patterns of execution 
* [[32]] --> 1 
* [[32,[30]]] --> 2 
* [[31]] --> 3 
* [[31,[30]]] --> 4 
* [[29]] --> 5 
* [[29,[30]]] --> 6 


### Specialization of cost equations eval_gx_default_copy_alpha_bb14_in/6 
* CE 17 is refined into CE [43] 
* CE 21 is refined into CE [44] 
* CE 20 is refined into CE [45,46,47,48] 
* CE 18 is refined into CE [49,50,51,52] 
* CE 19 is refined into CE [53,54,55,56] 


#### Refined cost equations eval_gx_default_copy_alpha_bb14_in/6 
* CE 43: eval_gx_default_copy_alpha_bb14_in(V__17,V__13,V__2,V__212,V_ry_0,B) = 0
     [V__17+V__212>=V_ry_0+1,B=6] 
* CE 44: eval_gx_default_copy_alpha_bb14_in(V__17,V__13,V__2,V__212,V_ry_0,B) = 0
     [V_ry_0>=V__17+V__212,B=6] 
* CE 45: eval_gx_default_copy_alpha_bb14_in(V__17,V__13,V__2,V__212,V_ry_0,B) = 1+ eval_gx_default_copy_alpha_bb16_in(V__17,V__13,V__2,V__212,V_ry_0,V__13,C,V__17,V__13,V__2,V__212,V_ry_0,V__13):1
     [V__17+V__212>=V_ry_0+1,0>=V__2,C=3,B=5] 
* CE 46: eval_gx_default_copy_alpha_bb14_in(V__17,V__13,V__2,V__212,V_ry_0,B) = 1+ eval_gx_default_copy_alpha_bb16_in(V__17,V__13,V__2,V__212,V_ry_0,V__13,C,V__17,V__13,V__2,V__212,V_ry_0,D):2
     [V__17+V__212>=V_ry_0+1,V__2>=1,V__13+V__2=D,C=3,B=5] 
* CE 47: eval_gx_default_copy_alpha_bb14_in(V__17,V__13,V__2,V__212,V_ry_0,B) = 1+ eval_gx_default_copy_alpha_bb16_in(V__17,V__13,V__2,V__212,V_ry_0,V__13,C,D,E,F,G,H,I):5
     [V__17+V__212>=V_ry_0+1,V__2>=1,C=3,B=5] 
* CE 48: eval_gx_default_copy_alpha_bb14_in(V__17,V__13,V__2,V__212,V_ry_0,B) = 1+ eval_gx_default_copy_alpha_bb16_in(V__17,V__13,V__2,V__212,V_ry_0,V__13,C,D,E,F,G,H,I):6
     [V__17+V__212>=V_ry_0+1,V__2>=2,C=3,B=5] 
* CE 49: eval_gx_default_copy_alpha_bb14_in(V__17,V__13,V__2,V__212,V_ry_0,B) = 2+ eval_gx_default_copy_alpha_bb16_in(V__17,V__13,V__2,V__212,V_ry_0,V__13,C,V__17,V__13,V__2,V__212,V_ry_0,V__13):3+ eval_gx_default_copy_alpha_bb14_in(V__17,V__13,V__2,V__212,D,B)
     [V__17+V__212>=V_ry_0+1,0>=V__2,V_ry_0+1=D,C=4] 
* CE 50: eval_gx_default_copy_alpha_bb14_in(V__17,V__13,V__2,V__212,V_ry_0,B) = 2+ eval_gx_default_copy_alpha_bb16_in(V__17,V__13,V__2,V__212,V_ry_0,V__13,C,V__17,V__13,V__2,V__212,V_ry_0,D):4+ eval_gx_default_copy_alpha_bb14_in(V__17,V__13,V__2,V__212,E,B)
     [V__17+V__212>=V_ry_0+1,V__2>=1,V__13+V__2=D,V_ry_0+1=E,C=4] 
* CE 51: eval_gx_default_copy_alpha_bb14_in(V__17,V__13,V__2,V__212,V_ry_0,B) = 2+ eval_gx_default_copy_alpha_bb16_in(V__17,V__13,V__2,V__212,V_ry_0,V__13,C,D,E,F,G,H,I):5
     [V__17+V__212>=V_ry_0+1,V__2>=1,J=H+1,C=4] 
* CE 52: eval_gx_default_copy_alpha_bb14_in(V__17,V__13,V__2,V__212,V_ry_0,B) = 2+ eval_gx_default_copy_alpha_bb16_in(V__17,V__13,V__2,V__212,V_ry_0,V__13,C,D,E,F,G,H,I):6
     [V__17+V__212>=V_ry_0+1,V__2>=2,J=H+1,C=4] 
* CE 53: eval_gx_default_copy_alpha_bb14_in(V__17,V__13,V__2,V__212,V_ry_0,B) = 2+ eval_gx_default_copy_alpha_bb16_in(V__17,V__13,V__2,V__212,V_ry_0,V__13,C,V__17,V__13,V__2,V__212,V_ry_0,V__13):1+ eval_gx_default_copy_alpha_bb14_in(V__17,V__13,V__2,V__212,D,B)
     [V__17+V__212>=V_ry_0+1,0>=V__2,V_ry_0+1=D,C=3] 
* CE 54: eval_gx_default_copy_alpha_bb14_in(V__17,V__13,V__2,V__212,V_ry_0,B) = 2+ eval_gx_default_copy_alpha_bb16_in(V__17,V__13,V__2,V__212,V_ry_0,V__13,C,V__17,V__13,V__2,V__212,V_ry_0,D):2+ eval_gx_default_copy_alpha_bb14_in(V__17,V__13,V__2,V__212,E,B)
     [V__17+V__212>=V_ry_0+1,V__2>=1,V__13+V__2=D,V_ry_0+1=E,C=3] 
* CE 55: eval_gx_default_copy_alpha_bb14_in(V__17,V__13,V__2,V__212,V_ry_0,B) = 2+ eval_gx_default_copy_alpha_bb16_in(V__17,V__13,V__2,V__212,V_ry_0,V__13,C,D,E,F,G,H,I):5
     [V__17+V__212>=V_ry_0+1,V__2>=1,J=H+1,C=3] 
* CE 56: eval_gx_default_copy_alpha_bb14_in(V__17,V__13,V__2,V__212,V_ry_0,B) = 2+ eval_gx_default_copy_alpha_bb16_in(V__17,V__13,V__2,V__212,V_ry_0,V__13,C,D,E,F,G,H,I):6
     [V__17+V__212>=V_ry_0+1,V__2>=2,J=H+1,C=3] 

### Cost equations --> "Loop" of eval_gx_default_copy_alpha_bb14_in/6 
* CEs [47,48,51,52,55,56] --> Loop 33 
* CEs [50,54] --> Loop 34 
* CEs [49,53] --> Loop 35 
* CEs [43] --> Loop 36 
* CEs [44] --> Loop 37 
* CEs [46] --> Loop 38 
* CEs [45] --> Loop 39 

#### Loops of eval_gx_default_copy_alpha_bb14_in/6 
* Loop 33: eval_gx_default_copy_alpha_bb14_in(V__17,V__13,V__2,V__212,V_ry_0,B) [V__17+V__212>=V_ry_0+1,V__2>=1] 
* Loop 34: eval_gx_default_copy_alpha_bb14_in(V__17,V__13,V__2,V__212,V_ry_0,B)->  eval_gx_default_copy_alpha_bb14_in(V__17,V__13,V__2,V__212,V_ry_0',B)
                  [V__17+V__212>=V_ry_0+1,V__2>=1,V_ry_0+1=V_ry_0'] 
* Loop 35: eval_gx_default_copy_alpha_bb14_in(V__17,V__13,V__2,V__212,V_ry_0,B)->  eval_gx_default_copy_alpha_bb14_in(V__17,V__13,V__2,V__212,V_ry_0',B)
                  [V__17+V__212>=V_ry_0+1,0>=V__2,V_ry_0+1=V_ry_0'] 
* Loop 36: eval_gx_default_copy_alpha_bb14_in(V__17,V__13,V__2,V__212,V_ry_0,B) [V__17+V__212>=V_ry_0+1,B=6] 
* Loop 37: eval_gx_default_copy_alpha_bb14_in(V__17,V__13,V__2,V__212,V_ry_0,B) [V_ry_0>=V__17+V__212,B=6] 
* Loop 38: eval_gx_default_copy_alpha_bb14_in(V__17,V__13,V__2,V__212,V_ry_0,B) [V__17+V__212>=V_ry_0+1,V__2>=1,B=5] 
* Loop 39: eval_gx_default_copy_alpha_bb14_in(V__17,V__13,V__2,V__212,V_ry_0,B) [V__17+V__212>=V_ry_0+1,0>=V__2,B=5] 

### Ranking functions of CR eval_gx_default_copy_alpha_bb14_in(V__17,V__13,V__2,V__212,V_ry_0,B) 
* RF of phase [34]: [V__17+V__212-V_ry_0]
* RF of phase [35]: [V__17+V__212-V_ry_0]

#### Partial ranking functions of CR eval_gx_default_copy_alpha_bb14_in(V__17,V__13,V__2,V__212,V_ry_0,B) 
* Partial RF of phase [34]:
  - RF of loop [34:1]:
    V__17+V__212-V_ry_0
* Partial RF of phase [35]:
  - RF of loop [35:1]:
    V__17+V__212-V_ry_0


### Resulting Chains:eval_gx_default_copy_alpha_bb14_in(V__17,V__13,V__2,V__212,V_ry_0,B) 
* [[35],39]
* [[35],37]
* [[35],36]
* [[34],38]
* [[34],37]
* [[34],36]
* [[34],33]...
* [39]
* [38]
* [37]
* [36]
* [33]...


### Merging Chains  eval_gx_default_copy_alpha_bb14_in/6 into  External patterns of execution 
* [[39],[39,[35]]] --> 1 
* [[38],[38,[34]]] --> 2 
* [[36],[36,[35]],[37,[35]]] --> 3 
* [[36,[34]],[37,[34]]] --> 4 
* [[37]] --> 5 
* [[33]] --> 6 
* [[33,[34]]] --> 7 


### Specialization of cost equations loop_cont_eval_gx_default_copy_alpha_bb14_in/2 
* CE 23 is refined into CE [57] 
* CE 22 is refined into CE [58] 


#### Refined cost equations loop_cont_eval_gx_default_copy_alpha_bb14_in/2 
* CE 57: loop_cont_eval_gx_default_copy_alpha_bb14_in(B,A) = 0
     [B=6] 
* CE 58: loop_cont_eval_gx_default_copy_alpha_bb14_in(B,A) = 0
     [B=5] 

### Cost equations --> "Loop" of loop_cont_eval_gx_default_copy_alpha_bb14_in/2 
* CEs [57] --> Loop 40 
* CEs [58] --> Loop 41 

#### Loops of loop_cont_eval_gx_default_copy_alpha_bb14_in/2 
* Loop 40: loop_cont_eval_gx_default_copy_alpha_bb14_in(B,A) [B=6] 
* Loop 41: loop_cont_eval_gx_default_copy_alpha_bb14_in(B,A) [B=5] 

### Ranking functions of CR loop_cont_eval_gx_default_copy_alpha_bb14_in(B,A) 

#### Partial ranking functions of CR loop_cont_eval_gx_default_copy_alpha_bb14_in(B,A) 


### Resulting Chains:loop_cont_eval_gx_default_copy_alpha_bb14_in(B,A) 
* [41]
* [40]


### Merging Chains  loop_cont_eval_gx_default_copy_alpha_bb14_in/2 into  External patterns of execution 
* [[41]] --> 1 
* [[40]] --> 2 


### Specialization of cost equations eval_gx_default_copy_alpha_34/5 
* CE 16 is refined into CE [59,60,61,62,63,64,65] 


#### Refined cost equations eval_gx_default_copy_alpha_34/5 
* CE 59: eval_gx_default_copy_alpha_34(V__17,V__13,V__2,V__212,B) = 1+ eval_gx_default_copy_alpha_bb14_in(V__17,V__13,V__2,V__212,V__17,C):1+ loop_cont_eval_gx_default_copy_alpha_bb14_in(D,B):1
     [V__212>=1,0>=V__2,D=5,C=5] 
* CE 60: eval_gx_default_copy_alpha_34(V__17,V__13,V__2,V__212,B) = 1+ eval_gx_default_copy_alpha_bb14_in(V__17,V__13,V__2,V__212,V__17,C):2+ loop_cont_eval_gx_default_copy_alpha_bb14_in(D,B):1
     [V__212>=1,V__2>=1,D=5,C=5] 
* CE 61: eval_gx_default_copy_alpha_34(V__17,V__13,V__2,V__212,B) = 1+ eval_gx_default_copy_alpha_bb14_in(V__17,V__13,V__2,V__212,V__17,C):3+ loop_cont_eval_gx_default_copy_alpha_bb14_in(D,B):2
     [V__212>=1,D=6,C=6] 
* CE 62: eval_gx_default_copy_alpha_34(V__17,V__13,V__2,V__212,B) = 1+ eval_gx_default_copy_alpha_bb14_in(V__17,V__13,V__2,V__212,V__17,C):4+ loop_cont_eval_gx_default_copy_alpha_bb14_in(D,B):2
     [V__212>=1,V__2>=1,D=6,C=6] 
* CE 63: eval_gx_default_copy_alpha_34(V__17,V__13,V__2,V__212,B) = 1+ eval_gx_default_copy_alpha_bb14_in(V__17,V__13,V__2,V__212,V__17,C):5+ loop_cont_eval_gx_default_copy_alpha_bb14_in(D,B):2
     [0>=V__212,D=6,C=6] 
* CE 64: eval_gx_default_copy_alpha_34(V__17,V__13,V__2,V__212,B) = 1+ eval_gx_default_copy_alpha_bb14_in(V__17,V__13,V__2,V__212,V__17,C):6
     [V__212>=1,V__2>=1] 
* CE 65: eval_gx_default_copy_alpha_34(V__17,V__13,V__2,V__212,B) = 1+ eval_gx_default_copy_alpha_bb14_in(V__17,V__13,V__2,V__212,V__17,C):7
     [V__212>=2,V__2>=1] 

### Cost equations --> "Loop" of eval_gx_default_copy_alpha_34/5 
* CEs [64,65] --> Loop 42 
* CEs [60,62] --> Loop 43 
* CEs [63] --> Loop 44 
* CEs [59,61] --> Loop 45 

#### Loops of eval_gx_default_copy_alpha_34/5 
* Loop 42: eval_gx_default_copy_alpha_34(V__17,V__13,V__2,V__212,B) [V__212>=1,V__2>=1] 
* Loop 43: eval_gx_default_copy_alpha_34(V__17,V__13,V__2,V__212,B) [V__212>=1,V__2>=1] 
* Loop 44: eval_gx_default_copy_alpha_34(V__17,V__13,V__2,V__212,B) [0>=V__212] 
* Loop 45: eval_gx_default_copy_alpha_34(V__17,V__13,V__2,V__212,B) [V__212>=1] 

### Ranking functions of CR eval_gx_default_copy_alpha_34(V__17,V__13,V__2,V__212,B) 

#### Partial ranking functions of CR eval_gx_default_copy_alpha_34(V__17,V__13,V__2,V__212,B) 


### Resulting Chains:eval_gx_default_copy_alpha_34(V__17,V__13,V__2,V__212,B) 
* [45]
* [44]
* [43]
* [42]...


### Merging Chains  eval_gx_default_copy_alpha_34/5 into  External patterns of execution 
* [[44]] --> 1 
* [[43],[45]] --> 2 
* [[42]] --> 3 


### Specialization of cost equations eval_gx_default_copy_alpha_32/5 
* CE 14 is refined into CE [66] 
* CE 15 is refined into CE [67,68,69] 


#### Refined cost equations eval_gx_default_copy_alpha_32/5 
* CE 66: eval_gx_default_copy_alpha_32(V__17,V__13,V__2,V__212,B) = 0
     [] 
* CE 67: eval_gx_default_copy_alpha_32(V__17,V__13,V__2,V__212,B) = 0+ eval_gx_default_copy_alpha_34(V__17,V__13,V__2,V__212,B):1
     [0>=V__212] 
* CE 68: eval_gx_default_copy_alpha_32(V__17,V__13,V__2,V__212,B) = 0+ eval_gx_default_copy_alpha_34(V__17,V__13,V__2,V__212,B):2
     [V__212>=1] 
* CE 69: eval_gx_default_copy_alpha_32(V__17,V__13,V__2,V__212,B) = 0+ eval_gx_default_copy_alpha_34(V__17,V__13,V__2,V__212,B):3
     [V__212>=1,V__2>=1] 

### Cost equations --> "Loop" of eval_gx_default_copy_alpha_32/5 
* CEs [69] --> Loop 46 
* CEs [66,67,68] --> Loop 47 

#### Loops of eval_gx_default_copy_alpha_32/5 
* Loop 46: eval_gx_default_copy_alpha_32(V__17,V__13,V__2,V__212,B) [V__212>=1,V__2>=1] 
* Loop 47: eval_gx_default_copy_alpha_32(V__17,V__13,V__2,V__212,B) [] 

### Ranking functions of CR eval_gx_default_copy_alpha_32(V__17,V__13,V__2,V__212,B) 

#### Partial ranking functions of CR eval_gx_default_copy_alpha_32(V__17,V__13,V__2,V__212,B) 


### Resulting Chains:eval_gx_default_copy_alpha_32(V__17,V__13,V__2,V__212,B) 
* [47]
* [46]...


### Merging Chains  eval_gx_default_copy_alpha_32/5 into  External patterns of execution 
* [[47]] --> 1 
* [[46]] --> 2 


### Specialization of cost equations eval_gx_default_copy_alpha_bb11_in/5 
* CE 12 is refined into CE [70] 
* CE 13 is refined into CE [71,72] 


#### Refined cost equations eval_gx_default_copy_alpha_bb11_in/5 
* CE 70: eval_gx_default_copy_alpha_bb11_in(V__17,V__13,V__2,V__212,B) = 0
     [] 
* CE 71: eval_gx_default_copy_alpha_bb11_in(V__17,V__13,V__2,V__212,B) = 0+ eval_gx_default_copy_alpha_32(V__17,V__13,V__2,V__212,B):1
     [] 
* CE 72: eval_gx_default_copy_alpha_bb11_in(V__17,V__13,V__2,V__212,B) = 0+ eval_gx_default_copy_alpha_32(V__17,V__13,V__2,V__212,B):2
     [V__212>=1,V__2>=1] 

### Cost equations --> "Loop" of eval_gx_default_copy_alpha_bb11_in/5 
* CEs [72] --> Loop 48 
* CEs [70,71] --> Loop 49 

#### Loops of eval_gx_default_copy_alpha_bb11_in/5 
* Loop 48: eval_gx_default_copy_alpha_bb11_in(V__17,V__13,V__2,V__212,B) [V__212>=1,V__2>=1] 
* Loop 49: eval_gx_default_copy_alpha_bb11_in(V__17,V__13,V__2,V__212,B) [] 

### Ranking functions of CR eval_gx_default_copy_alpha_bb11_in(V__17,V__13,V__2,V__212,B) 

#### Partial ranking functions of CR eval_gx_default_copy_alpha_bb11_in(V__17,V__13,V__2,V__212,B) 


### Resulting Chains:eval_gx_default_copy_alpha_bb11_in(V__17,V__13,V__2,V__212,B) 
* [49]
* [48]...


### Merging Chains  eval_gx_default_copy_alpha_bb11_in/5 into  External patterns of execution 
* [[49]] --> 1 
* [[48]] --> 2 


### Specialization of cost equations eval_gx_default_copy_alpha_bb9_in/5 
* CE 11 is refined into CE [73,74] 


#### Refined cost equations eval_gx_default_copy_alpha_bb9_in/5 
* CE 73: eval_gx_default_copy_alpha_bb9_in(V__111,V__17,V__13,V__2,B) = 0+ eval_gx_default_copy_alpha_bb11_in(V__17,V__13,V__2,C,B):1
     [] 
* CE 74: eval_gx_default_copy_alpha_bb9_in(V__111,V__17,V__13,V__2,B) = 0+ eval_gx_default_copy_alpha_bb11_in(V__17,V__13,V__2,C,B):2
     [C>=1,V__2>=1] 

### Cost equations --> "Loop" of eval_gx_default_copy_alpha_bb9_in/5 
* CEs [74] --> Loop 50 
* CEs [73] --> Loop 51 

#### Loops of eval_gx_default_copy_alpha_bb9_in/5 
* Loop 50: eval_gx_default_copy_alpha_bb9_in(V__111,V__17,V__13,V__2,B) [V__2>=1] 
* Loop 51: eval_gx_default_copy_alpha_bb9_in(V__111,V__17,V__13,V__2,B) [] 

### Ranking functions of CR eval_gx_default_copy_alpha_bb9_in(V__111,V__17,V__13,V__2,B) 

#### Partial ranking functions of CR eval_gx_default_copy_alpha_bb9_in(V__111,V__17,V__13,V__2,B) 


### Resulting Chains:eval_gx_default_copy_alpha_bb9_in(V__111,V__17,V__13,V__2,B) 
* [51]
* [50]...


### Merging Chains  eval_gx_default_copy_alpha_bb9_in/5 into  External patterns of execution 
* [[51]] --> 1 
* [[50]] --> 2 


### Specialization of cost equations eval_gx_default_copy_alpha_bb7_in/6 
* CE 10 is refined into CE [75,76] 


#### Refined cost equations eval_gx_default_copy_alpha_bb7_in/6 
* CE 75: eval_gx_default_copy_alpha_bb7_in(V__111,V__19,V__17,V__15,V__13,B) = 0+ eval_gx_default_copy_alpha_bb9_in(V__111,V__17,V__13,C,B):1
     [] 
* CE 76: eval_gx_default_copy_alpha_bb7_in(V__111,V__19,V__17,V__15,V__13,B) = 0+ eval_gx_default_copy_alpha_bb9_in(V__111,V__17,V__13,C,B):2
     [C>=1] 

### Cost equations --> "Loop" of eval_gx_default_copy_alpha_bb7_in/6 
* CEs [76] --> Loop 52 
* CEs [75] --> Loop 53 

#### Loops of eval_gx_default_copy_alpha_bb7_in/6 
* Loop 52: eval_gx_default_copy_alpha_bb7_in(V__111,V__19,V__17,V__15,V__13,B) [] 
* Loop 53: eval_gx_default_copy_alpha_bb7_in(V__111,V__19,V__17,V__15,V__13,B) [] 

### Ranking functions of CR eval_gx_default_copy_alpha_bb7_in(V__111,V__19,V__17,V__15,V__13,B) 

#### Partial ranking functions of CR eval_gx_default_copy_alpha_bb7_in(V__111,V__19,V__17,V__15,V__13,B) 


### Resulting Chains:eval_gx_default_copy_alpha_bb7_in(V__111,V__19,V__17,V__15,V__13,B) 
* [53]
* [52]...


### Merging Chains  eval_gx_default_copy_alpha_bb7_in/6 into  External patterns of execution 
* [[53]] --> 1 
* [[52]] --> 2 


### Specialization of cost equations eval_gx_default_copy_alpha_bb5_in/6 
* CE 8 is refined into CE [77,78] 
* CE 9 is refined into CE [79,80] 


#### Refined cost equations eval_gx_default_copy_alpha_bb5_in/6 
* CE 77: eval_gx_default_copy_alpha_bb5_in(V_y,V_height,V__08,V__04,V__02,B) = 0+ eval_gx_default_copy_alpha_bb7_in(C,V__08,D,V__04,V__02,B):1
     [C=V_y+V_height,D=0] 
* CE 78: eval_gx_default_copy_alpha_bb5_in(V_y,V_height,V__08,V__04,V__02,B) = 0+ eval_gx_default_copy_alpha_bb7_in(C,V__08,D,V__04,V__02,B):2
     [C=V_y+V_height,D=0] 
* CE 79: eval_gx_default_copy_alpha_bb5_in(V_y,V_height,V__08,V__04,V__02,B) = 0+ eval_gx_default_copy_alpha_bb7_in(V_height,V__08,V_y,V__04,V__02,B):1
     [] 
* CE 80: eval_gx_default_copy_alpha_bb5_in(V_y,V_height,V__08,V__04,V__02,B) = 0+ eval_gx_default_copy_alpha_bb7_in(V_height,V__08,V_y,V__04,V__02,B):2
     [] 

### Cost equations --> "Loop" of eval_gx_default_copy_alpha_bb5_in/6 
* CEs [78,80] --> Loop 54 
* CEs [77,79] --> Loop 55 

#### Loops of eval_gx_default_copy_alpha_bb5_in/6 
* Loop 54: eval_gx_default_copy_alpha_bb5_in(V_y,V_height,V__08,V__04,V__02,B) [] 
* Loop 55: eval_gx_default_copy_alpha_bb5_in(V_y,V_height,V__08,V__04,V__02,B) [] 

### Ranking functions of CR eval_gx_default_copy_alpha_bb5_in(V_y,V_height,V__08,V__04,V__02,B) 

#### Partial ranking functions of CR eval_gx_default_copy_alpha_bb5_in(V_y,V_height,V__08,V__04,V__02,B) 


### Resulting Chains:eval_gx_default_copy_alpha_bb5_in(V_y,V_height,V__08,V__04,V__02,B) 
* [55]
* [54]...


### Merging Chains  eval_gx_default_copy_alpha_bb5_in/6 into  External patterns of execution 
* [[55]] --> 1 
* [[54]] --> 2 


### Specialization of cost equations eval_gx_default_copy_alpha_4/6 
* CE 5 is refined into CE [81,82] 
* CE 6 is refined into CE [83,84] 
* CE 7 is refined into CE [85,86] 


#### Refined cost equations eval_gx_default_copy_alpha_4/6 
* CE 81: eval_gx_default_copy_alpha_4(V_data_x,V_x,V_y,V_width,V_height,B) = 0+ eval_gx_default_copy_alpha_bb5_in(V_y,V_height,C,D,E,B):1
     [V_x+V_width=C,V_x+E=V_data_x,D=0] 
* CE 82: eval_gx_default_copy_alpha_4(V_data_x,V_x,V_y,V_width,V_height,B) = 0+ eval_gx_default_copy_alpha_bb5_in(V_y,V_height,C,D,E,B):2
     [V_x+V_width=C,V_x+E=V_data_x,D=0] 
* CE 83: eval_gx_default_copy_alpha_4(V_data_x,V_x,V_y,V_width,V_height,B) = 0+ eval_gx_default_copy_alpha_bb5_in(V_y,V_height,V_width,V_x,V_data_x,B):1
     [] 
* CE 84: eval_gx_default_copy_alpha_4(V_data_x,V_x,V_y,V_width,V_height,B) = 0+ eval_gx_default_copy_alpha_bb5_in(V_y,V_height,V_width,V_x,V_data_x,B):2
     [] 
* CE 85: eval_gx_default_copy_alpha_4(V_data_x,V_x,V_y,V_width,V_height,B) = 0+ eval_gx_default_copy_alpha_bb7_in(V_height,V_width,V_y,V_x,V_data_x,B):1
     [] 
* CE 86: eval_gx_default_copy_alpha_4(V_data_x,V_x,V_y,V_width,V_height,B) = 0+ eval_gx_default_copy_alpha_bb7_in(V_height,V_width,V_y,V_x,V_data_x,B):2
     [] 

### Cost equations --> "Loop" of eval_gx_default_copy_alpha_4/6 
* CEs [82,84,86] --> Loop 56 
* CEs [81,83,85] --> Loop 57 

#### Loops of eval_gx_default_copy_alpha_4/6 
* Loop 56: eval_gx_default_copy_alpha_4(V_data_x,V_x,V_y,V_width,V_height,B) [] 
* Loop 57: eval_gx_default_copy_alpha_4(V_data_x,V_x,V_y,V_width,V_height,B) [] 

### Ranking functions of CR eval_gx_default_copy_alpha_4(V_data_x,V_x,V_y,V_width,V_height,B) 

#### Partial ranking functions of CR eval_gx_default_copy_alpha_4(V_data_x,V_x,V_y,V_width,V_height,B) 


### Resulting Chains:eval_gx_default_copy_alpha_4(V_data_x,V_x,V_y,V_width,V_height,B) 
* [57]
* [56]...


### Merging Chains  eval_gx_default_copy_alpha_4/6 into  External patterns of execution 
* [[57]] --> 1 
* [[56]] --> 2 


### Specialization of cost equations eval_gx_default_copy_alpha_bb0_in/6 
* CE 3 is refined into CE [87] 
* CE 4 is refined into CE [88,89] 


#### Refined cost equations eval_gx_default_copy_alpha_bb0_in/6 
* CE 87: eval_gx_default_copy_alpha_bb0_in(V_data_x,V_x,V_y,V_width,V_height,B) = 0
     [] 
* CE 88: eval_gx_default_copy_alpha_bb0_in(V_data_x,V_x,V_y,V_width,V_height,B) = 0+ eval_gx_default_copy_alpha_4(V_data_x,V_x,V_y,V_width,V_height,B):1
     [] 
* CE 89: eval_gx_default_copy_alpha_bb0_in(V_data_x,V_x,V_y,V_width,V_height,B) = 0+ eval_gx_default_copy_alpha_4(V_data_x,V_x,V_y,V_width,V_height,B):2
     [] 

### Cost equations --> "Loop" of eval_gx_default_copy_alpha_bb0_in/6 
* CEs [89] --> Loop 58 
* CEs [87,88] --> Loop 59 

#### Loops of eval_gx_default_copy_alpha_bb0_in/6 
* Loop 58: eval_gx_default_copy_alpha_bb0_in(V_data_x,V_x,V_y,V_width,V_height,B) [] 
* Loop 59: eval_gx_default_copy_alpha_bb0_in(V_data_x,V_x,V_y,V_width,V_height,B) [] 

### Ranking functions of CR eval_gx_default_copy_alpha_bb0_in(V_data_x,V_x,V_y,V_width,V_height,B) 

#### Partial ranking functions of CR eval_gx_default_copy_alpha_bb0_in(V_data_x,V_x,V_y,V_width,V_height,B) 


### Resulting Chains:eval_gx_default_copy_alpha_bb0_in(V_data_x,V_x,V_y,V_width,V_height,B) 
* [59]
* [58]...


### Merging Chains  eval_gx_default_copy_alpha_bb0_in/6 into  External patterns of execution 
* [[59]] --> 1 
* [[58]] --> 2 


### Specialization of cost equations eval_gx_default_copy_alpha_start/10 
* CE 2 is refined into CE [90,91] 


#### Refined cost equations eval_gx_default_copy_alpha_start/10 
* CE 90: eval_gx_default_copy_alpha_start(V_data_x,V_raster,V_id,V_x,V_y,V_width,V_height,V_color,V_depth,B) = 0+ eval_gx_default_copy_alpha_bb0_in(V_data_x,V_x,V_y,V_width,V_height,B):1
     [] 
* CE 91: eval_gx_default_copy_alpha_start(V_data_x,V_raster,V_id,V_x,V_y,V_width,V_height,V_color,V_depth,B) = 0+ eval_gx_default_copy_alpha_bb0_in(V_data_x,V_x,V_y,V_width,V_height,B):2
     [] 

### Cost equations --> "Loop" of eval_gx_default_copy_alpha_start/10 
* CEs [91] --> Loop 60 
* CEs [90] --> Loop 61 

#### Loops of eval_gx_default_copy_alpha_start/10 
* Loop 60: eval_gx_default_copy_alpha_start(V_data_x,V_raster,V_id,V_x,V_y,V_width,V_height,V_color,V_depth,B) [] 
* Loop 61: eval_gx_default_copy_alpha_start(V_data_x,V_raster,V_id,V_x,V_y,V_width,V_height,V_color,V_depth,B) [] 

### Ranking functions of CR eval_gx_default_copy_alpha_start(V_data_x,V_raster,V_id,V_x,V_y,V_width,V_height,V_color,V_depth,B) 

#### Partial ranking functions of CR eval_gx_default_copy_alpha_start(V_data_x,V_raster,V_id,V_x,V_y,V_width,V_height,V_color,V_depth,B) 


### Resulting Chains:eval_gx_default_copy_alpha_start(V_data_x,V_raster,V_id,V_x,V_y,V_width,V_height,V_color,V_depth,B) 
* [61]
* [60]...


### Merging Chains  eval_gx_default_copy_alpha_start/10 into  External patterns of execution 
* [[61]] --> 1 
* [[60]] --> 2 


Computing Bounds
=====================================

#### Cost of loops [24,25] 

 * loop 24:eval_gx_default_copy_alpha_bb20_in(V__17,V__13,V__2,V__212,V_ry_0,V_sx_0,V_alpha_1,B,C,D,E,F,G,H,I) -> [eval_gx_default_copy_alpha_bb20_in(V__17',V__13',V__2',V__212',V_ry_0',V_sx_0',V_alpha_1',B',C',D',E',F',G',H',I')] 
1
 * loop 25:eval_gx_default_copy_alpha_bb20_in(V__17,V__13,V__2,V__212,V_ry_0,V_sx_0,V_alpha_1,B,C,D,E,F,G,H,I) -> [eval_gx_default_copy_alpha_bb20_in(V__17',V__13',V__2',V__212',V_ry_0',V_sx_0',V_alpha_1',B',C',D',E',F',G',H',I')] 
1
#### Cost of phase [24,25]:eval_gx_default_copy_alpha_bb20_in(V__17,V__13,V__2,V__212,V_ry_0,V_sx_0,V_alpha_1,B,C,D,E,F,G,H,I) -> [eval_gx_default_copy_alpha_bb20_in(V__17',V__13',V__2',V__212',V_ry_0',V_sx_0',V_alpha_1',B',C',D',E',F',G',H',I')] 
2*it(24)+0
#### Cost of phase [24,25]:eval_gx_default_copy_alpha_bb20_in(V__17,V__13,V__2,V__212,V_ry_0,V_sx_0,V_alpha_1,B,C,D,E,F,G,H,I) -> [eval_gx_default_copy_alpha_bb20_in(V__17',V__13',V__2',V__212',V_ry_0',V_sx_0',V_alpha_1',B',C',D',E',F',G',H',I')] 
2*it(24)+0
#### Cost of phase [24,25]:eval_gx_default_copy_alpha_bb20_in(V__17,V__13,V__2,V__212,V_ry_0,V_sx_0,V_alpha_1,B,C,D,E,F,G,H,I) -> [eval_gx_default_copy_alpha_bb20_in(V__17',V__13',V__2',V__212',V_ry_0',V_sx_0',V_alpha_1',B',C',D',E',F',G',H',I')] 
2*it(24)+0
#### Cost of phase [24,25]:eval_gx_default_copy_alpha_bb20_in(V__17,V__13,V__2,V__212,V_ry_0,V_sx_0,V_alpha_1,B,C,D,E,F,G,H,I) -> [eval_gx_default_copy_alpha_bb20_in(V__17',V__13',V__2',V__212',V_ry_0',V_sx_0',V_alpha_1',B',C',D',E',F',G',H',I')] 
2*it(24)+0
#### Cost of chains of eval_gx_default_copy_alpha_bb20_in(V__17,V__13,V__2,V__212,V_ry_0,V_sx_0,V_alpha_1,B,C,D,E,F,G,H,I):
* Chain [[24,25]]...: 2*it(24)+0
  with precondition: [V__13+V__2>=V_sx_0+1,B=2] 

* Chain [[24,25],28]: 2*it(24)+0
  with precondition: [B=2,I=15,V__17=C,V__13=D,V__2=E,V__212=F,V_ry_0=G,V_sx_0=H,V__13+V__2>=V_sx_0+1] 

* Chain [[24,25],27]: 2*it(24)+0
  with precondition: [B=2,V__17=C,V__13=D,V__2=E,V__212=F,V_ry_0=G,V_sx_0=H,14>=I,V__13+V__2>=V_sx_0+1] 

* Chain [[24,25],26]: 2*it(24)+0
  with precondition: [B=2,V__17=C,V__13=D,V__2=E,V__212=F,V_ry_0=G,V_sx_0=H,I>=16,V__13+V__2>=V_sx_0+1] 

* Chain [28]: 0
  with precondition: [V_alpha_1=15,B=2,I=15,C=V__17,F=V__212,G=V_ry_0,V__13=D,V__2=E,V_sx_0=H,V__13+V__2>=V_sx_0+1] 

* Chain [27]: 0
  with precondition: [B=2,C=V__17,F=V__212,G=V_ry_0,V__13=D,V__2=E,V_sx_0=H,V_alpha_1=I,14>=V_alpha_1,V__13+V__2>=V_sx_0+1] 

* Chain [26]: 0
  with precondition: [B=2,C=V__17,F=V__212,G=V_ry_0,V__13=D,V__2=E,V_sx_0=H,V_alpha_1=I,V_alpha_1>=16,V__13+V__2>=V_sx_0+1] 


#### Cost of loops [30] 

 * loop 30:eval_gx_default_copy_alpha_bb16_in(V__17,V__13,V__2,V__212,V_ry_0,V_sx_0,B,C,D,E,F,G,H) -> [eval_gx_default_copy_alpha_bb16_in(V__17',V__13',V__2',V__212',V_ry_0',V_sx_0',B',C',D',E',F',G',H')] 
1*s(7)+0
#### Cost of phase [30]:eval_gx_default_copy_alpha_bb16_in(V__17,V__13,V__2,V__212,V_ry_0,V_sx_0,B,C,D,E,F,G,H) -> [eval_gx_default_copy_alpha_bb16_in(V__17',V__13',V__2',V__212',V_ry_0',V_sx_0',B',C',D',E',F',G',H')] 
1*s(8)+0
#### Cost of phase [30]:eval_gx_default_copy_alpha_bb16_in(V__17,V__13,V__2,V__212,V_ry_0,V_sx_0,B,C,D,E,F,G,H) -> [eval_gx_default_copy_alpha_bb16_in(V__17',V__13',V__2',V__212',V_ry_0',V_sx_0',B',C',D',E',F',G',H')] 
1*s(8)+0
#### Cost of phase [30]:eval_gx_default_copy_alpha_bb16_in(V__17,V__13,V__2,V__212,V_ry_0,V_sx_0,B,C,D,E,F,G,H) -> [eval_gx_default_copy_alpha_bb16_in(V__17',V__13',V__2',V__212',V_ry_0',V_sx_0',B',C',D',E',F',G',H')] 
1*s(8)+0
#### Cost of chains of eval_gx_default_copy_alpha_bb16_in(V__17,V__13,V__2,V__212,V_ry_0,V_sx_0,B,C,D,E,F,G,H):
* Chain [[30],32]: 1*s(8)+0
  with precondition: [B=3,V__17=C,V__13=D,V__2=E,V__212=F,V_ry_0=G,V__13+V__2=H,V_sx_0>=V__13,V__17+V__212>=V_ry_0+1,V__13+V__2>=V_sx_0+1] 

* Chain [[30],31]: 1*s(8)+0
  with precondition: [B=4,V__17=C,V__13=D,V__2=E,V__212=F,V_ry_0=G,V__13+V__2=H,V_sx_0>=V__13,V__17+V__212>=V_ry_0+1,V__13+V__2>=V_sx_0+1] 

* Chain [[30],29]...: 3*s(8)+2
  with precondition: [4>=B,B>=3,V_sx_0>=V__13,V__17+V__212>=V_ry_0+1,V__13+V__2>=V_sx_0+2] 

* Chain [32]: 0
  with precondition: [B=3,V__17=C,V__13=D,V__2=E,V__212=F,V_ry_0=G,V_sx_0=H,V_sx_0>=V__13,V_sx_0>=V__13+V__2,V__17+V__212>=V_ry_0+1] 

* Chain [31]: 0
  with precondition: [B=4,V__17=C,V__13=D,V__2=E,V__212=F,V_ry_0=G,V_sx_0=H,V_sx_0>=V__13,V_sx_0>=V__13+V__2,V__17+V__212>=V_ry_0+1] 

* Chain [29]...: 2*s(9)+2
  with precondition: [4>=B,B>=3,V_sx_0>=V__13,V__17+V__212>=V_ry_0+1,V__13+V__2>=V_sx_0+1] 


#### Cost of loops [35] 

 * loop 35:eval_gx_default_copy_alpha_bb14_in(V__17,V__13,V__2,V__212,V_ry_0,B) -> [eval_gx_default_copy_alpha_bb14_in(V__17',V__13',V__2',V__212',V_ry_0',B')] 
2
#### Cost of phase [35]:eval_gx_default_copy_alpha_bb14_in(V__17,V__13,V__2,V__212,V_ry_0,B) -> [eval_gx_default_copy_alpha_bb14_in(V__17',V__13',V__2',V__212',V_ry_0',B')] 
2*it(35)+0
  Such that:it(35) =< V__17+V__212-V_ry_0
it(35) =< V__17+V__212-V_ry_0-V__17'-V__212'+V_ry_0'

#### Cost of phase [35]:eval_gx_default_copy_alpha_bb14_in(V__17,V__13,V__2,V__212,V_ry_0,B) -> [eval_gx_default_copy_alpha_bb14_in(V__17',V__13',V__2',V__212',V_ry_0',B')] 
2*it(35)+0
  Such that:it(35) =< V__17+V__212-V_ry_0
it(35) =< V__17+V__212-V_ry_0-V__17'-V__212'+V_ry_0'

#### Cost of phase [35]:eval_gx_default_copy_alpha_bb14_in(V__17,V__13,V__2,V__212,V_ry_0,B) -> [eval_gx_default_copy_alpha_bb14_in(V__17',V__13',V__2',V__212',V_ry_0',B')] 
2*it(35)+0
  Such that:it(35) =< V__17+V__212-V_ry_0
it(35) =< V__17+V__212-V_ry_0-V__17'-V__212'+V_ry_0'

#### Cost of loops [34] 

 * loop 34:eval_gx_default_copy_alpha_bb14_in(V__17,V__13,V__2,V__212,V_ry_0,B) -> [eval_gx_default_copy_alpha_bb14_in(V__17',V__13',V__2',V__212',V_ry_0',B')] 
1*s(13)+0
#### Cost of phase [34]:eval_gx_default_copy_alpha_bb14_in(V__17,V__13,V__2,V__212,V_ry_0,B) -> [eval_gx_default_copy_alpha_bb14_in(V__17',V__13',V__2',V__212',V_ry_0',B')] 
1*s(14)+0
#### Cost of phase [34]:eval_gx_default_copy_alpha_bb14_in(V__17,V__13,V__2,V__212,V_ry_0,B) -> [eval_gx_default_copy_alpha_bb14_in(V__17',V__13',V__2',V__212',V_ry_0',B')] 
1*s(14)+0
#### Cost of phase [34]:eval_gx_default_copy_alpha_bb14_in(V__17,V__13,V__2,V__212,V_ry_0,B) -> [eval_gx_default_copy_alpha_bb14_in(V__17',V__13',V__2',V__212',V_ry_0',B')] 
1*s(14)+0
#### Cost of phase [34]:eval_gx_default_copy_alpha_bb14_in(V__17,V__13,V__2,V__212,V_ry_0,B) -> [eval_gx_default_copy_alpha_bb14_in(V__17',V__13',V__2',V__212',V_ry_0',B')] 
1*s(14)+0
#### Cost of chains of eval_gx_default_copy_alpha_bb14_in(V__17,V__13,V__2,V__212,V_ry_0,B):
* Chain [[35],39]: 2*it(35)+1
  Such that:it(35) =< V__17+V__212-V_ry_0

  with precondition: [B=5,0>=V__2,V_ry_0>=V__17,V__17+V__212>=V_ry_0+2] 

* Chain [[35],37]: 2*it(35)+0
  Such that:it(35) =< V__17+V__212-V_ry_0

  with precondition: [B=6,0>=V__2,V_ry_0>=V__17,V__17+V__212>=V_ry_0+1] 

* Chain [[35],36]: 2*it(35)+0
  Such that:it(35) =< V__17+V__212-V_ry_0

  with precondition: [B=6,0>=V__2,V_ry_0>=V__17,V__17+V__212>=V_ry_0+2] 

* Chain [[34],38]: 2*s(10)+1
  with precondition: [B=5,V__2>=1,V_ry_0>=V__17,V__17+V__212>=V_ry_0+2] 

* Chain [[34],37]: 1*s(14)+0
  with precondition: [B=6,V__2>=1,V_ry_0>=V__17,V__17+V__212>=V_ry_0+1] 

* Chain [[34],36]: 1*s(14)+0
  with precondition: [B=6,V__2>=1,V_ry_0>=V__17,V__17+V__212>=V_ry_0+2] 

* Chain [[34],33]...: 2*aux(6)+0
  with precondition: [V__2>=1,V_ry_0>=V__17,V__17+V__212>=V_ry_0+2] 

* Chain [39]: 1
  with precondition: [B=5,0>=V__2,V_ry_0>=V__17,V__17+V__212>=V_ry_0+1] 

* Chain [38]: 1*s(10)+1
  with precondition: [B=5,V__2>=1,V_ry_0>=V__17,V__17+V__212>=V_ry_0+1] 

* Chain [37]: 0
  with precondition: [B=6,V_ry_0>=V__17,V_ry_0>=V__17+V__212] 

* Chain [36]: 0
  with precondition: [B=6,V_ry_0>=V__17,V__17+V__212>=V_ry_0+1] 

* Chain [33]...: 1*aux(6)+0
  with precondition: [V__2>=1,V_ry_0>=V__17,V__17+V__212>=V_ry_0+1] 


#### Cost of chains of loop_cont_eval_gx_default_copy_alpha_bb14_in(B,A):
* Chain [41]: 0
  with precondition: [B=5] 

* Chain [40]: 0
  with precondition: [B=6] 


#### Cost of chains of eval_gx_default_copy_alpha_34(V__17,V__13,V__2,V__212,B):
* Chain [45]: 6*s(28)+2
  Such that:aux(10) =< V__212
s(28) =< aux(10)

  with precondition: [V__212>=1] 

* Chain [44]: 1
  with precondition: [0>=V__212] 

* Chain [43]: 1*aux(11)+0
  with precondition: [V__2>=1,V__212>=1] 

* Chain [42]...: 1*aux(12)+0
  with precondition: [V__2>=1,V__212>=1] 


#### Cost of chains of eval_gx_default_copy_alpha_32(V__17,V__13,V__2,V__212,B):
* Chain [47]: 6*s(39)+1*s(40)+2
  Such that:s(38) =< V__212
s(39) =< s(38)

  with precondition: [] 

* Chain [46]...: 1*s(41)+0
  with precondition: [V__2>=1,V__212>=1] 


#### Cost of chains of eval_gx_default_copy_alpha_bb11_in(V__17,V__13,V__2,V__212,B):
* Chain [49]: 6*s(43)+1*s(44)+2
  Such that:s(42) =< V__212
s(43) =< s(42)

  with precondition: [] 

* Chain [48]...: 1*s(45)+0
  with precondition: [V__2>=1,V__212>=1] 


#### Cost of chains of eval_gx_default_copy_alpha_bb9_in(V__111,V__17,V__13,V__2,B):
* Chain [51]: 6*s(47)+1*s(48)+2
  with precondition: [] 

* Chain [50]...: 1*s(49)+0
  with precondition: [V__2>=1] 


#### Cost of chains of eval_gx_default_copy_alpha_bb7_in(V__111,V__19,V__17,V__15,V__13,B):
* Chain [53]: 7*s(50)+2
  with precondition: [] 

* Chain [52]...: 1*s(52)+0
  with precondition: [] 


#### Cost of chains of eval_gx_default_copy_alpha_bb5_in(V_y,V_height,V__08,V__04,V__02,B):
* Chain [55]: 1*aux(13)+0
  with precondition: [] 

* Chain [54]...: 1*aux(14)+0
  with precondition: [] 


#### Cost of chains of eval_gx_default_copy_alpha_4(V_data_x,V_x,V_y,V_width,V_height,B):
* Chain [57]: 1*aux(15)+0
  with precondition: [] 

* Chain [56]...: 1*aux(16)+0
  with precondition: [] 


#### Cost of chains of eval_gx_default_copy_alpha_bb0_in(V_data_x,V_x,V_y,V_width,V_height,B):
* Chain [59]: 1*aux(17)+0
  with precondition: [] 

* Chain [58]...: 1*s(64)+0
  with precondition: [] 


#### Cost of chains of eval_gx_default_copy_alpha_start(V_data_x,V_raster,V_id,V_x,V_y,V_width,V_height,V_color,V_depth,B):
* Chain [61]: 1*s(65)+0
  with precondition: [] 

* Chain [60]...: 1*s(66)+0
  with precondition: [] 


Closed-form bounds of eval_gx_default_copy_alpha_start(V_data_x,V_raster,V_id,V_x,V_y,V_width,V_height,V_color,V_depth,B): 
-------------------------------------
* Chain [61] with precondition: [] 
    - Upper bound: inf 
    - Complexity: infinity 
* Chain [60]... with precondition: [] 
    - Upper bound: inf 
    - Complexity: infinity 

### Maximum cost of eval_gx_default_copy_alpha_start(V_data_x,V_raster,V_id,V_x,V_y,V_width,V_height,V_color,V_depth,B): inf 
Asymptotic class: infinity 

Time statistics: 
-------------------------------------
* Partial evaluation computed in 158 ms.
* Invariants computed in 100 ms.
   - Backward Invariants 65 ms.
   - Transitive Invariants 12 ms.
* Refinement performed in 190 ms.
* Termination proved in 14 ms.
* Upper bounds computed in 139 ms.
   - Equation cost structures 65 ms.
   - Phase cost structures 39 ms.
   - Chain cost structures 52 ms.
   - Solving cost expressions 0 ms.
* Total analysis performed in 780 ms.

