Warning: Ignored call to eval_image_file_continue_stop/1 in equation eval_image_file_continue_bb26_in/1 

Preprocessing Cost Relations
=====================================

#### Computed strongly connected components 
0. recursive  : [eval_image_file_continue_49/10,eval_image_file_continue_50/11,eval_image_file_continue_bb20_in/10]
1. recursive  : [eval_image_file_continue_bb22_in/8]
2. recursive  : [eval_image_file_continue_21/10,eval_image_file_continue_22/10,eval_image_file_continue_bb10_in/11,eval_image_file_continue_bb13_in/11,eval_image_file_continue_bb6_in/9]
3. recursive  : [eval_image_file_continue_bb16_in/7,eval_image_file_continue_bb18_in/8,eval_image_file_continue_bb19_in/4,eval_image_file_continue_bb1_in/4,eval_image_file_continue_bb24_in/4,eval_image_file_continue_bb5_in/4,loop_cont_eval_image_file_continue_bb20_in/8,loop_cont_eval_image_file_continue_bb22_in/5,loop_cont_eval_image_file_continue_bb6_in/8]
4. non_recursive  : [eval_image_file_continue_bb26_in/1]
5. non_recursive  : [eval_image_file_continue_33/1]
6. non_recursive  : [eval_image_file_continue_32/2]
7. non_recursive  : [eval_image_file_continue_47/1]
8. non_recursive  : [eval_image_file_continue_46/1]
9. non_recursive  : [eval_image_file_continue_NewDefault_in/1]
10. non_recursive  : [loop_cont_eval_image_file_continue_bb1_in/3]
11. non_recursive  : [eval_image_file_continue_bb0_in/1]
12. non_recursive  : [eval_image_file_continue_start/1]

#### Obtained direct recursion through partial evaluation 
0. SCC is partially evaluated into eval_image_file_continue_bb20_in/10
1. SCC is partially evaluated into eval_image_file_continue_bb22_in/8
2. SCC is partially evaluated into eval_image_file_continue_bb6_in/9
3. SCC is partially evaluated into eval_image_file_continue_bb1_in/4
4. SCC is completely evaluated into other SCCs
5. SCC is completely evaluated into other SCCs
6. SCC is completely evaluated into other SCCs
7. SCC is completely evaluated into other SCCs
8. SCC is completely evaluated into other SCCs
9. SCC is completely evaluated into other SCCs
10. SCC is partially evaluated into loop_cont_eval_image_file_continue_bb1_in/3
11. SCC is partially evaluated into eval_image_file_continue_bb0_in/1
12. SCC is partially evaluated into eval_image_file_continue_start/1

Control-Flow Refinement of Cost Relations
=====================================

### Specialization of cost equations eval_image_file_continue_bb20_in/10 
* CE 28 is refined into CE [33] 
* CE 30 is refined into CE [34] 
* CE 29 is refined into CE [35] 
* CE 27 is refined into CE [36] 


#### Refined cost equations eval_image_file_continue_bb20_in/10 
* CE 33: eval_image_file_continue_bb20_in(A,B,C,D,E,A,B,C,D,F) = 0
     [C>=A,C>=0,F=0,E=5] 
* CE 34: eval_image_file_continue_bb20_in(A,B,C,D,E,A,B,C,D,F) = 0
     [D>=1,C>=0,F=0,E=5] 
* CE 35: eval_image_file_continue_bb20_in(A,B,C,D,E,A,B,C,D,F) = 0
     [C>=0,0>=D+1,F=0,E=5] 
* CE 36: eval_image_file_continue_bb20_in(V_pn_0,V_size_0,V_px_0,V_code_0,B,C,D,E,F,G) = 1+ eval_image_file_continue_bb20_in(V_pn_0,V_size_0,H,I,J,C,D,E,F,G)
     [V_pn_0>=V_px_0+1,V_px_0>=0,V_px_0+1=H,J=5,B=5,V_code_0=0] 

### Cost equations --> "Loop" of eval_image_file_continue_bb20_in/10 
* CEs [36] --> Loop 23 
* CEs [33] --> Loop 24 
* CEs [34] --> Loop 25 
* CEs [35] --> Loop 26 

#### Loops of eval_image_file_continue_bb20_in/10 
* Loop 23: eval_image_file_continue_bb20_in(V_pn_0,V_size_0,V_px_0,V_code_0,B,C,D,E,F,G)->  eval_image_file_continue_bb20_in(V_pn_0,V_size_0,V_px_0',V_code_0',B',C,D,E,F,G)
                  [V_pn_0>=V_px_0+1,V_px_0>=0,V_px_0+1=V_px_0',B'=5,B=5,V_code_0=0] 
* Loop 24: eval_image_file_continue_bb20_in(A,B,C,D,E,A,B,C,D,F) [C>=A,C>=0,F=0,E=5] 
* Loop 25: eval_image_file_continue_bb20_in(A,B,C,D,E,A,B,C,D,F) [D>=1,C>=0,F=0,E=5] 
* Loop 26: eval_image_file_continue_bb20_in(A,B,C,D,E,A,B,C,D,F) [C>=0,0>=D+1,F=0,E=5] 

### Ranking functions of CR eval_image_file_continue_bb20_in(V_pn_0,V_size_0,V_px_0,V_code_0,B,C,D,E,F,G) 
* RF of phase [23]: [V_pn_0-V_px_0]

#### Partial ranking functions of CR eval_image_file_continue_bb20_in(V_pn_0,V_size_0,V_px_0,V_code_0,B,C,D,E,F,G) 
* Partial RF of phase [23]:
  - RF of loop [23:1]:
    V_pn_0-V_px_0


### Resulting Chains:eval_image_file_continue_bb20_in(V_pn_0,V_size_0,V_px_0,V_code_0,B,C,D,E,F,G) 
* [[23],26]
* [[23],25]
* [[23],24]
* [24]


### Merging Chains  eval_image_file_continue_bb20_in/10 into  External patterns of execution 
* [[24,[23]]] --> 1 
* [[26,[23]]] --> 2 
* [[25,[23]]] --> 3 
* [[24]] --> 4 


### Specialization of cost equations eval_image_file_continue_bb22_in/8 
* CE 32 is refined into CE [37] 
* CE 31 is refined into CE [38] 


#### Refined cost equations eval_image_file_continue_bb22_in/8 
* CE 37: eval_image_file_continue_bb22_in(A,B,C,D,E,F,A,B) = 0
     [E>=C,F=6] 
* CE 38: eval_image_file_continue_bb22_in(V_pn_0,V_size_0,V_px_0,V_code_0,V_pi_0,B,C,D) = 1+ eval_image_file_continue_bb22_in(V_pn_0,V_size_0,V_px_0,V_code_0,E,F,C,D)
     [V_px_0>=V_pi_0+1,V_pi_0+1=E,F=6,B=6] 

### Cost equations --> "Loop" of eval_image_file_continue_bb22_in/8 
* CEs [38] --> Loop 27 
* CEs [37] --> Loop 28 

#### Loops of eval_image_file_continue_bb22_in/8 
* Loop 27: eval_image_file_continue_bb22_in(V_pn_0,V_size_0,V_px_0,V_code_0,V_pi_0,B,C,D)->  eval_image_file_continue_bb22_in(V_pn_0,V_size_0,V_px_0,V_code_0,V_pi_0',B',C,D)
                  [V_px_0>=V_pi_0+1,V_pi_0+1=V_pi_0',B'=6,B=6] 
* Loop 28: eval_image_file_continue_bb22_in(A,B,C,D,E,F,A,B) [E>=C,F=6] 

### Ranking functions of CR eval_image_file_continue_bb22_in(V_pn_0,V_size_0,V_px_0,V_code_0,V_pi_0,B,C,D) 
* RF of phase [27]: [V_px_0-V_pi_0]

#### Partial ranking functions of CR eval_image_file_continue_bb22_in(V_pn_0,V_size_0,V_px_0,V_code_0,V_pi_0,B,C,D) 
* Partial RF of phase [27]:
  - RF of loop [27:1]:
    V_px_0-V_pi_0


### Resulting Chains:eval_image_file_continue_bb22_in(V_pn_0,V_size_0,V_px_0,V_code_0,V_pi_0,B,C,D) 
* [[27],28]
* [28]


### Merging Chains  eval_image_file_continue_bb22_in/8 into  External patterns of execution 
* [[28]] --> 1 
* [[28,[27]]] --> 2 


### Specialization of cost equations eval_image_file_continue_bb6_in/9 
* CE 21 is refined into CE [39] 
* CE 26 is refined into CE [40] 
* CE 22 is refined into CE [41] 
* CE 23 is refined into CE [42] 
* CE 24 is refined into CE [43] 
* CE 25 is refined into CE [44] 


#### Refined cost equations eval_image_file_continue_bb6_in/9 
* CE 39: eval_image_file_continue_bb6_in(A,B,C,D,A,B,C,E,F) = 0
     [C>=E,C>=0,1>=C,D=4] 
* CE 40: eval_image_file_continue_bb6_in(A,B,C,D,A,B,C,E,F) = 0
     [E>=C+1,C>=0,1>=C,D=4] 
* CE 41: eval_image_file_continue_bb6_in(V_pn_0,V_size_0,V_min_left_0,B,C,D,E,F,G) = 0
     [V_min_left_0>=0,1>=V_min_left_0,B=3] 
* CE 42: eval_image_file_continue_bb6_in(V_pn_0,V_size_0,V_min_left_0,B,C,D,E,F,G) = 0
     [V_min_left_0>=0,1>=V_min_left_0,B=2] 
* CE 43: eval_image_file_continue_bb6_in(V_pn_0,V_size_0,V_min_left_0,B,C,D,E,F,G) = 1+ eval_image_file_continue_bb6_in(V_pn_0,V_size_0,V_min_left_0,B,C,D,E,F,G)
     [B>=2,V_min_left_0>=0,4>=B,1>=V_min_left_0] 
* CE 44: eval_image_file_continue_bb6_in(V_pn_0,V_size_0,V_min_left_0,B,C,D,E,F,G) = 1+ eval_image_file_continue_bb6_in(V_pn_0,V_size_0,H,B,C,D,E,F,G)
     [B>=2,V_min_left_0>=0,4>=B,1>=V_min_left_0,H=0] 

### Cost equations --> "Loop" of eval_image_file_continue_bb6_in/9 
* CEs [43] --> Loop 29 
* CEs [44] --> Loop 30 
* CEs [39] --> Loop 31 
* CEs [40] --> Loop 32 
* CEs [41] --> Loop 33 
* CEs [42] --> Loop 34 

#### Loops of eval_image_file_continue_bb6_in/9 
* Loop 29: eval_image_file_continue_bb6_in(V_pn_0,V_size_0,V_min_left_0,B,C,D,E,F,G)->  eval_image_file_continue_bb6_in(V_pn_0,V_size_0,V_min_left_0,B,C,D,E,F,G)
                  [B>=2,V_min_left_0>=0,4>=B,1>=V_min_left_0] 
* Loop 30: eval_image_file_continue_bb6_in(V_pn_0,V_size_0,V_min_left_0,B,C,D,E,F,G)->  eval_image_file_continue_bb6_in(V_pn_0,V_size_0,V_min_left_0',B,C,D,E,F,G)
                  [B>=2,V_min_left_0>=0,4>=B,1>=V_min_left_0,V_min_left_0'=0] 
* Loop 31: eval_image_file_continue_bb6_in(A,B,C,D,A,B,C,E,F) [C>=E,C>=0,1>=C,D=4] 
* Loop 32: eval_image_file_continue_bb6_in(A,B,C,D,A,B,C,E,F) [E>=C+1,C>=0,1>=C,D=4] 
* Loop 33: eval_image_file_continue_bb6_in(V_pn_0,V_size_0,V_min_left_0,B,C,D,E,F,G) [V_min_left_0>=0,1>=V_min_left_0,B=3] 
* Loop 34: eval_image_file_continue_bb6_in(V_pn_0,V_size_0,V_min_left_0,B,C,D,E,F,G) [V_min_left_0>=0,1>=V_min_left_0,B=2] 

### Ranking functions of CR eval_image_file_continue_bb6_in(V_pn_0,V_size_0,V_min_left_0,B,C,D,E,F,G) 

#### Partial ranking functions of CR eval_image_file_continue_bb6_in(V_pn_0,V_size_0,V_min_left_0,B,C,D,E,F,G) 


### Resulting Chains:eval_image_file_continue_bb6_in(V_pn_0,V_size_0,V_min_left_0,B,C,D,E,F,G) 
* [[29,30]]...
* [[29,30],34]
* [[29,30],33]
* [[29,30],32]
* [[29,30],31]
* [34]
* [33]
* [32]
* [31]


### Merging Chains  eval_image_file_continue_bb6_in/9 into  External patterns of execution 
* [[34],[34,[29,30]]] --> 1 
* [[33],[33,[29,30]]] --> 2 
* [[32],[32,[29,30]]] --> 3 
* [[31],[31,[29,30]]] --> 4 
* [[[29,30]]] --> 5 


### Specialization of cost equations eval_image_file_continue_bb1_in/4 
* CE 8 is refined into CE [45,46,47] 
* CE 9 is refined into CE [48,49,50] 
* CE 10 is refined into CE [51,52,53] 
* CE 11 is refined into CE [54,55,56] 
* CE 12 is refined into CE [57,58,59] 
* CE 13 is refined into CE [60,61,62] 
* CE 16 is refined into CE [63] 
* CE 17 is refined into CE [64,65,66,67] 
* CE 14 is refined into CE [68] 
* CE 15 is refined into CE [69,70,71,72] 
* CE 4 is refined into CE [73,74] 
* CE 5 is refined into CE [75,76] 
* CE 6 is refined into CE [77,78] 
* CE 7 is refined into CE [79,80] 


#### Refined cost equations eval_image_file_continue_bb1_in/4 
* CE 45: eval_image_file_continue_bb1_in(V_pn_0,V_size_0,B,C) = 2+ eval_image_file_continue_bb6_in(V_pn_0,V_size_0,D,E,V_pn_0,V_size_0,F,G,H):3+ eval_image_file_continue_bb1_in(I,J,B,C)
     [G>=F+1,F>=0,1>=F,V_pn_0+1=I,J=0,E=4,D=1] 
* CE 46: eval_image_file_continue_bb1_in(V_pn_0,V_size_0,B,C) = 2+ eval_image_file_continue_bb6_in(V_pn_0,V_size_0,D,E,V_pn_0,V_size_0,F,G,H):4+ eval_image_file_continue_bb1_in(I,J,B,C)
     [F>=G,F>=0,1>=F,V_pn_0+1=I,J=0,E=4,D=1] 
* CE 47: eval_image_file_continue_bb1_in(V_pn_0,V_size_0,B,C) = 2+ eval_image_file_continue_bb6_in(V_pn_0,V_size_0,D,E,F,G,H,I,J):5
     [K=F+1,L=0,E=4,D=1] 
* CE 48: eval_image_file_continue_bb1_in(V_pn_0,V_size_0,B,C) = 2+ eval_image_file_continue_bb6_in(V_pn_0,V_size_0,D,E,V_pn_0,V_size_0,F,G,H):3+ eval_image_file_continue_bb1_in(I,J,B,C)
     [G>=1,V_pn_0+1=I,J=0,F=0,E=4,D=0] 
* CE 49: eval_image_file_continue_bb1_in(V_pn_0,V_size_0,B,C) = 2+ eval_image_file_continue_bb6_in(V_pn_0,V_size_0,D,E,V_pn_0,V_size_0,F,G,H):4+ eval_image_file_continue_bb1_in(I,J,B,C)
     [0>=G,V_pn_0+1=I,J=0,F=0,E=4,D=0] 
* CE 50: eval_image_file_continue_bb1_in(V_pn_0,V_size_0,B,C) = 2+ eval_image_file_continue_bb6_in(V_pn_0,V_size_0,D,E,F,G,H,I,J):5
     [K=F+1,L=0,E=4,D=0] 
* CE 51: eval_image_file_continue_bb1_in(V_pn_0,V_size_0,B,C) = 2+ eval_image_file_continue_bb6_in(V_pn_0,V_size_0,D,E,V_pn_0,V_size_0,F,G,H):3+ eval_image_file_continue_bb1_in(I,V_size_0,B,C)
     [G>=F+1,F>=0,1>=F,V_pn_0+1=I,E=4,D=1] 
* CE 52: eval_image_file_continue_bb1_in(V_pn_0,V_size_0,B,C) = 2+ eval_image_file_continue_bb6_in(V_pn_0,V_size_0,D,E,V_pn_0,V_size_0,F,G,H):4+ eval_image_file_continue_bb1_in(I,V_size_0,B,C)
     [F>=G,F>=0,1>=F,V_pn_0+1=I,E=4,D=1] 
* CE 53: eval_image_file_continue_bb1_in(V_pn_0,V_size_0,B,C) = 2+ eval_image_file_continue_bb6_in(V_pn_0,V_size_0,D,E,F,G,H,I,J):5
     [K=F+1,E=4,D=1] 
* CE 54: eval_image_file_continue_bb1_in(V_pn_0,V_size_0,B,C) = 2+ eval_image_file_continue_bb6_in(V_pn_0,V_size_0,D,E,V_pn_0,V_size_0,F,G,H):3+ eval_image_file_continue_bb1_in(I,V_size_0,B,C)
     [G>=1,V_pn_0+1=I,F=0,E=4,D=0] 
* CE 55: eval_image_file_continue_bb1_in(V_pn_0,V_size_0,B,C) = 2+ eval_image_file_continue_bb6_in(V_pn_0,V_size_0,D,E,V_pn_0,V_size_0,F,G,H):4+ eval_image_file_continue_bb1_in(I,V_size_0,B,C)
     [0>=G,V_pn_0+1=I,F=0,E=4,D=0] 
* CE 56: eval_image_file_continue_bb1_in(V_pn_0,V_size_0,B,C) = 2+ eval_image_file_continue_bb6_in(V_pn_0,V_size_0,D,E,F,G,H,I,J):5
     [K=F+1,E=4,D=0] 
* CE 57: eval_image_file_continue_bb1_in(V_pn_0,V_size_0,B,C) = 2+ eval_image_file_continue_bb6_in(V_pn_0,V_size_0,D,E,V_pn_0,V_size_0,F,G,H):3+ eval_image_file_continue_bb1_in(I,J,B,C)
     [G>=F+1,F>=0,1>=F,F+J=G,V_pn_0+1=I,E=4,D=1] 
* CE 58: eval_image_file_continue_bb1_in(V_pn_0,V_size_0,B,C) = 2+ eval_image_file_continue_bb6_in(V_pn_0,V_size_0,D,E,V_pn_0,V_size_0,F,G,H):4+ eval_image_file_continue_bb1_in(I,J,B,C)
     [F>=G,F>=0,1>=F,F+J=G,V_pn_0+1=I,E=4,D=1] 
* CE 59: eval_image_file_continue_bb1_in(V_pn_0,V_size_0,B,C) = 2+ eval_image_file_continue_bb6_in(V_pn_0,V_size_0,D,E,F,G,H,I,J):5
     [I=H+K,L=F+1,E=4,D=1] 
* CE 60: eval_image_file_continue_bb1_in(V_pn_0,V_size_0,B,C) = 2+ eval_image_file_continue_bb6_in(V_pn_0,V_size_0,D,E,V_pn_0,V_size_0,F,G,H):3+ eval_image_file_continue_bb1_in(I,G,B,C)
     [G>=1,V_pn_0+1=I,F=0,E=4,D=0] 
* CE 61: eval_image_file_continue_bb1_in(V_pn_0,V_size_0,B,C) = 2+ eval_image_file_continue_bb6_in(V_pn_0,V_size_0,D,E,V_pn_0,V_size_0,F,G,H):4+ eval_image_file_continue_bb1_in(I,G,B,C)
     [0>=G,V_pn_0+1=I,F=0,E=4,D=0] 
* CE 62: eval_image_file_continue_bb1_in(V_pn_0,V_size_0,B,C) = 2+ eval_image_file_continue_bb6_in(V_pn_0,V_size_0,D,E,F,G,H,I,J):5
     [I=H+K,L=F+1,E=4,D=0] 
* CE 63: eval_image_file_continue_bb1_in(V_pn_0,V_size_0,B,C) = 1+ eval_image_file_continue_bb1_in(D,E,B,C)
     [E+1=0,D=0] 
* CE 64: eval_image_file_continue_bb1_in(V_pn_0,V_size_0,B,C) = 3+ eval_image_file_continue_bb20_in(V_pn_0,V_size_0,D,E,F,V_pn_0,V_size_0,V_pn_0,G,H):1+ eval_image_file_continue_bb22_in(V_pn_0,V_size_0,V_pn_0,G,I,J,V_pn_0,V_size_0):2+ eval_image_file_continue_bb1_in(K,L,B,C)
     [V_pn_0>=1,L+1=0,K=0,J=6,I=0,H=0,F=5,E=0,D=0] 
* CE 65: eval_image_file_continue_bb1_in(V_pn_0,V_size_0,B,C) = 3+ eval_image_file_continue_bb20_in(V_pn_0,V_size_0,D,E,F,V_pn_0,V_size_0,G,H,I):2+ eval_image_file_continue_bb22_in(V_pn_0,V_size_0,G,H,J,K,V_pn_0,V_size_0):2+ eval_image_file_continue_bb1_in(L,M,B,C)
     [V_pn_0>=G,G>=1,0>=H+1,M+1=0,L=0,K=6,J=0,I=0,F=5,E=0,D=0] 
* CE 66: eval_image_file_continue_bb1_in(V_pn_0,V_size_0,B,C) = 3+ eval_image_file_continue_bb20_in(V_pn_0,V_size_0,D,E,F,V_pn_0,V_size_0,G,H,I):3+ eval_image_file_continue_bb22_in(V_pn_0,V_size_0,G,H,J,K,V_pn_0,V_size_0):2+ eval_image_file_continue_bb1_in(L,M,B,C)
     [V_pn_0>=G,G>=1,H>=1,M+1=0,L=0,K=6,J=0,I=0,F=5,E=0,D=0] 
* CE 67: eval_image_file_continue_bb1_in(V_pn_0,V_size_0,B,C) = 3+ eval_image_file_continue_bb20_in(V_pn_0,V_size_0,D,E,F,V_pn_0,V_size_0,G,H,I):4+ eval_image_file_continue_bb22_in(V_pn_0,V_size_0,J,K,L,M,V_pn_0,V_size_0):1+ eval_image_file_continue_bb1_in(N,O,B,C)
     [0>=V_pn_0,O+1=0,N=0,M=6,L=0,K=0,J=0,I=0,H=0,G=0,F=5,E=0,D=0] 
* CE 68: eval_image_file_continue_bb1_in(V_pn_0,V_size_0,B,C) = 0
     [B=7] 
* CE 69: eval_image_file_continue_bb1_in(V_pn_0,V_size_0,B,C) = 2+ eval_image_file_continue_bb20_in(V_pn_0,V_size_0,D,E,F,V_pn_0,V_size_0,V_pn_0,G,H):1+ eval_image_file_continue_bb22_in(V_pn_0,V_size_0,V_pn_0,G,I,J,V_pn_0,V_size_0):2
     [V_pn_0>=1,J=6,I=0,H=0,F=5,E=0,D=0,B=7] 
* CE 70: eval_image_file_continue_bb1_in(V_pn_0,V_size_0,B,C) = 2+ eval_image_file_continue_bb20_in(V_pn_0,V_size_0,D,E,F,V_pn_0,V_size_0,G,H,I):2+ eval_image_file_continue_bb22_in(V_pn_0,V_size_0,G,H,J,K,V_pn_0,V_size_0):2
     [V_pn_0>=G,G>=1,0>=H+1,K=6,J=0,I=0,F=5,E=0,D=0,B=7] 
* CE 71: eval_image_file_continue_bb1_in(V_pn_0,V_size_0,B,C) = 2+ eval_image_file_continue_bb20_in(V_pn_0,V_size_0,D,E,F,V_pn_0,V_size_0,G,H,I):3+ eval_image_file_continue_bb22_in(V_pn_0,V_size_0,G,H,J,K,V_pn_0,V_size_0):2
     [V_pn_0>=G,G>=1,H>=1,K=6,J=0,I=0,F=5,E=0,D=0,B=7] 
* CE 72: eval_image_file_continue_bb1_in(V_pn_0,V_size_0,B,C) = 2+ eval_image_file_continue_bb20_in(V_pn_0,V_size_0,D,E,F,V_pn_0,V_size_0,G,H,I):4+ eval_image_file_continue_bb22_in(V_pn_0,V_size_0,J,K,L,M,V_pn_0,V_size_0):1
     [0>=V_pn_0,M=6,L=0,K=0,J=0,I=0,H=0,G=0,F=5,E=0,D=0,B=7] 
* CE 73: eval_image_file_continue_bb1_in(V_pn_0,V_size_0,B,C) = 1+ eval_image_file_continue_bb6_in(V_pn_0,V_size_0,D,E,F,G,H,I,J):2
     [E=3,D=1,B=3] 
* CE 74: eval_image_file_continue_bb1_in(V_pn_0,V_size_0,B,C) = 1+ eval_image_file_continue_bb6_in(V_pn_0,V_size_0,D,E,F,G,H,I,J):5
     [E=3,D=1,B=3] 
* CE 75: eval_image_file_continue_bb1_in(V_pn_0,V_size_0,B,C) = 1+ eval_image_file_continue_bb6_in(V_pn_0,V_size_0,D,E,F,G,H,I,J):2
     [E=3,D=0,B=3] 
* CE 76: eval_image_file_continue_bb1_in(V_pn_0,V_size_0,B,C) = 1+ eval_image_file_continue_bb6_in(V_pn_0,V_size_0,D,E,F,G,H,I,J):5
     [E=3,D=0,B=3] 
* CE 77: eval_image_file_continue_bb1_in(V_pn_0,V_size_0,B,C) = 1+ eval_image_file_continue_bb6_in(V_pn_0,V_size_0,D,E,C,F,G,H,I):1
     [E=2,D=1,B=2] 
* CE 78: eval_image_file_continue_bb1_in(V_pn_0,V_size_0,B,C) = 1+ eval_image_file_continue_bb6_in(V_pn_0,V_size_0,D,E,C,F,G,H,I):5
     [E=2,D=1,B=2] 
* CE 79: eval_image_file_continue_bb1_in(V_pn_0,V_size_0,B,C) = 1+ eval_image_file_continue_bb6_in(V_pn_0,V_size_0,D,E,C,F,G,H,I):1
     [E=2,D=0,B=2] 
* CE 80: eval_image_file_continue_bb1_in(V_pn_0,V_size_0,B,C) = 1+ eval_image_file_continue_bb6_in(V_pn_0,V_size_0,D,E,C,F,G,H,I):5
     [E=2,D=0,B=2] 

### Cost equations --> "Loop" of eval_image_file_continue_bb1_in/4 
* CEs [47,50,53,56,59,62,74,76,78,80] --> Loop 35 
* CEs [68,69,70,71,72] --> Loop 36 
* CEs [73,75] --> Loop 37 
* CEs [77,79] --> Loop 38 
* CEs [57,60] --> Loop 39 
* CEs [51,52,54,55] --> Loop 40 
* CEs [45,46,48,49,58,61] --> Loop 41 
* CEs [63,64,65,66,67] --> Loop 42 

#### Loops of eval_image_file_continue_bb1_in/4 
* Loop 35: eval_image_file_continue_bb1_in(V_pn_0,V_size_0,B,C) [] 
* Loop 36: eval_image_file_continue_bb1_in(V_pn_0,V_size_0,B,C) [B=7] 
* Loop 37: eval_image_file_continue_bb1_in(V_pn_0,V_size_0,B,C) [B=3] 
* Loop 38: eval_image_file_continue_bb1_in(V_pn_0,V_size_0,B,C) [B=2] 
* Loop 39: eval_image_file_continue_bb1_in(V_pn_0,V_size_0,B,C)->  eval_image_file_continue_bb1_in(V_pn_0',V_size_0',B,C)
                  [V_size_0'>=1,V_pn_0+1=V_pn_0'] 
* Loop 40: eval_image_file_continue_bb1_in(V_pn_0,V_size_0,B,C)->  eval_image_file_continue_bb1_in(V_pn_0',V_size_0,B,C)
                  [V_pn_0+1=V_pn_0'] 
* Loop 41: eval_image_file_continue_bb1_in(V_pn_0,V_size_0,B,C)->  eval_image_file_continue_bb1_in(V_pn_0',V_size_0',B,C)
                  [0>=V_size_0',V_pn_0+1=V_pn_0'] 
* Loop 42: eval_image_file_continue_bb1_in(V_pn_0,V_size_0,B,C)->  eval_image_file_continue_bb1_in(V_pn_0',V_size_0',B,C)
                  [V_size_0'+1=0,V_pn_0'=0] 

### Ranking functions of CR eval_image_file_continue_bb1_in(V_pn_0,V_size_0,B,C) 

#### Partial ranking functions of CR eval_image_file_continue_bb1_in(V_pn_0,V_size_0,B,C) 


### Resulting Chains:eval_image_file_continue_bb1_in(V_pn_0,V_size_0,B,C) 
* [[39,40,41,42]]...
* [[39,40,41,42],38]
* [[39,40,41,42],37]
* [[39,40,41,42],36]
* [[39,40,41,42],35]...
* [38]
* [37]
* [36]
* [35]...


### Merging Chains  eval_image_file_continue_bb1_in/4 into  External patterns of execution 
* [[38],[38,[39,40,41,42]]] --> 1 
* [[37],[37,[39,40,41,42]]] --> 2 
* [[36],[36,[39,40,41,42]]] --> 3 
* [[[39,40,41,42]]] --> 4 
* [[35],[35,[39,40,41,42]]] --> 5 


### Specialization of cost equations loop_cont_eval_image_file_continue_bb1_in/3 
* CE 18 is refined into CE [81] 
* CE 20 is refined into CE [82] 
* CE 19 is refined into CE [83] 


#### Refined cost equations loop_cont_eval_image_file_continue_bb1_in/3 
* CE 81: loop_cont_eval_image_file_continue_bb1_in(C,A,B) = 0
     [C=7] 
* CE 82: loop_cont_eval_image_file_continue_bb1_in(C,A,B) = 0
     [C=3] 
* CE 83: loop_cont_eval_image_file_continue_bb1_in(C,A,B) = 0
     [C=2] 

### Cost equations --> "Loop" of loop_cont_eval_image_file_continue_bb1_in/3 
* CEs [81] --> Loop 43 
* CEs [82] --> Loop 44 
* CEs [83] --> Loop 45 

#### Loops of loop_cont_eval_image_file_continue_bb1_in/3 
* Loop 43: loop_cont_eval_image_file_continue_bb1_in(C,A,B) [C=7] 
* Loop 44: loop_cont_eval_image_file_continue_bb1_in(C,A,B) [C=3] 
* Loop 45: loop_cont_eval_image_file_continue_bb1_in(C,A,B) [C=2] 

### Ranking functions of CR loop_cont_eval_image_file_continue_bb1_in(C,A,B) 

#### Partial ranking functions of CR loop_cont_eval_image_file_continue_bb1_in(C,A,B) 


### Resulting Chains:loop_cont_eval_image_file_continue_bb1_in(C,A,B) 
* [45]
* [44]
* [43]


### Merging Chains  loop_cont_eval_image_file_continue_bb1_in/3 into  External patterns of execution 
* [[45]] --> 1 
* [[44]] --> 2 
* [[43]] --> 3 


### Specialization of cost equations eval_image_file_continue_bb0_in/1 
* CE 3 is refined into CE [84,85,86,87,88] 


#### Refined cost equations eval_image_file_continue_bb0_in/1 
* CE 84: eval_image_file_continue_bb0_in(B) = 1+ eval_image_file_continue_bb1_in(C,D,E,F):1+ loop_cont_eval_image_file_continue_bb1_in(G,F,B):1
     [G=2,E=2,D+1=0,C=0] 
* CE 85: eval_image_file_continue_bb0_in(B) = 1+ eval_image_file_continue_bb1_in(C,D,E,F):2+ loop_cont_eval_image_file_continue_bb1_in(G,F,B):2
     [G=3,E=3,D+1=0,C=0] 
* CE 86: eval_image_file_continue_bb0_in(B) = 1+ eval_image_file_continue_bb1_in(C,D,E,F):3+ loop_cont_eval_image_file_continue_bb1_in(G,F,B):3
     [G=7,E=7,D+1=0,C=0] 
* CE 87: eval_image_file_continue_bb0_in(B) = 1+ eval_image_file_continue_bb1_in(C,D,E,F):4
     [D+1=0,C=0] 
* CE 88: eval_image_file_continue_bb0_in(B) = 1+ eval_image_file_continue_bb1_in(C,D,E,F):5
     [D+1=0,C=0] 

### Cost equations --> "Loop" of eval_image_file_continue_bb0_in/1 
* CEs [87,88] --> Loop 46 
* CEs [84,85,86] --> Loop 47 

#### Loops of eval_image_file_continue_bb0_in/1 
* Loop 46: eval_image_file_continue_bb0_in(B) [] 
* Loop 47: eval_image_file_continue_bb0_in(B) [] 

### Ranking functions of CR eval_image_file_continue_bb0_in(B) 

#### Partial ranking functions of CR eval_image_file_continue_bb0_in(B) 


### Resulting Chains:eval_image_file_continue_bb0_in(B) 
* [47]
* [46]...


### Merging Chains  eval_image_file_continue_bb0_in/1 into  External patterns of execution 
* [[47]] --> 1 
* [[46]] --> 2 


### Specialization of cost equations eval_image_file_continue_start/1 
* CE 2 is refined into CE [89,90] 


#### Refined cost equations eval_image_file_continue_start/1 
* CE 89: eval_image_file_continue_start(B) = 0+ eval_image_file_continue_bb0_in(B):1
     [] 
* CE 90: eval_image_file_continue_start(B) = 0+ eval_image_file_continue_bb0_in(B):2
     [] 

### Cost equations --> "Loop" of eval_image_file_continue_start/1 
* CEs [90] --> Loop 48 
* CEs [89] --> Loop 49 

#### Loops of eval_image_file_continue_start/1 
* Loop 48: eval_image_file_continue_start(B) [] 
* Loop 49: eval_image_file_continue_start(B) [] 

### Ranking functions of CR eval_image_file_continue_start(B) 

#### Partial ranking functions of CR eval_image_file_continue_start(B) 


### Resulting Chains:eval_image_file_continue_start(B) 
* [49]
* [48]...


### Merging Chains  eval_image_file_continue_start/1 into  External patterns of execution 
* [[49]] --> 1 
* [[48]] --> 2 


Computing Bounds
=====================================

#### Cost of loops [23] 

 * loop 23:eval_image_file_continue_bb20_in(V_pn_0,V_size_0,V_px_0,V_code_0,B,C,D,E,F,G) -> [eval_image_file_continue_bb20_in(V_pn_0',V_size_0',V_px_0',V_code_0',B',C',D',E',F',G')] 
1
#### Cost of phase [23]:eval_image_file_continue_bb20_in(V_pn_0,V_size_0,V_px_0,V_code_0,B,C,D,E,F,G) -> [eval_image_file_continue_bb20_in(V_pn_0',V_size_0',V_px_0',V_code_0',B',C',D',E',F',G')] 
1*it(23)+0
  Such that:it(23) =< V_pn_0-V_px_0
it(23) =< V_pn_0-V_px_0-V_pn_0'+V_px_0'

#### Cost of phase [23]:eval_image_file_continue_bb20_in(V_pn_0,V_size_0,V_px_0,V_code_0,B,C,D,E,F,G) -> [eval_image_file_continue_bb20_in(V_pn_0',V_size_0',V_px_0',V_code_0',B',C',D',E',F',G')] 
1*it(23)+0
  Such that:it(23) =< V_pn_0-V_px_0
it(23) =< V_pn_0-V_px_0-V_pn_0'+V_px_0'

#### Cost of phase [23]:eval_image_file_continue_bb20_in(V_pn_0,V_size_0,V_px_0,V_code_0,B,C,D,E,F,G) -> [eval_image_file_continue_bb20_in(V_pn_0',V_size_0',V_px_0',V_code_0',B',C',D',E',F',G')] 
1*it(23)+0
  Such that:it(23) =< V_pn_0-V_px_0
it(23) =< V_pn_0-V_px_0-V_pn_0'+V_px_0'

#### Cost of chains of eval_image_file_continue_bb20_in(V_pn_0,V_size_0,V_px_0,V_code_0,B,C,D,E,F,G):
* Chain [[23],26]: 1*it(23)+0
  Such that:it(23) =< -V_px_0+E

  with precondition: [V_code_0=0,B=5,G=0,V_pn_0=C,V_size_0=D,0>=F+1,V_px_0>=0,E>=V_px_0+1,V_pn_0>=E] 

* Chain [[23],25]: 1*it(23)+0
  Such that:it(23) =< -V_px_0+E

  with precondition: [V_code_0=0,B=5,G=0,V_pn_0=C,V_size_0=D,V_px_0>=0,F>=1,E>=V_px_0+1,V_pn_0>=E] 

* Chain [[23],24]: 1*it(23)+0
  Such that:it(23) =< -V_px_0+E

  with precondition: [V_code_0=0,B=5,G=0,V_pn_0=C,V_size_0=D,V_pn_0=E,V_px_0>=0,V_pn_0>=V_px_0+1] 

* Chain [24]: 0
  with precondition: [B=5,G=0,D=V_size_0,F=V_code_0,V_pn_0=C,V_px_0=E,V_px_0>=0,V_px_0>=V_pn_0] 


#### Cost of loops [27] 

 * loop 27:eval_image_file_continue_bb22_in(V_pn_0,V_size_0,V_px_0,V_code_0,V_pi_0,B,C,D) -> [eval_image_file_continue_bb22_in(V_pn_0',V_size_0',V_px_0',V_code_0',V_pi_0',B',C',D')] 
1
#### Cost of phase [27]:eval_image_file_continue_bb22_in(V_pn_0,V_size_0,V_px_0,V_code_0,V_pi_0,B,C,D) -> [eval_image_file_continue_bb22_in(V_pn_0',V_size_0',V_px_0',V_code_0',V_pi_0',B',C',D')] 
1*it(27)+0
  Such that:it(27) =< V_px_0-V_pi_0
it(27) =< V_px_0-V_pi_0-V_px_0'+V_pi_0'

#### Cost of chains of eval_image_file_continue_bb22_in(V_pn_0,V_size_0,V_px_0,V_code_0,V_pi_0,B,C,D):
* Chain [[27],28]: 1*it(27)+0
  Such that:it(27) =< V_px_0-V_pi_0

  with precondition: [B=6,V_pn_0=C,V_size_0=D,V_px_0>=V_pi_0+1] 

* Chain [28]: 0
  with precondition: [B=6,C=V_pn_0,D=V_size_0,V_pi_0>=V_px_0] 


#### Cost of loops [29,30] 

 * loop 29:eval_image_file_continue_bb6_in(V_pn_0,V_size_0,V_min_left_0,B,C,D,E,F,G) -> [eval_image_file_continue_bb6_in(V_pn_0',V_size_0',V_min_left_0',B',C',D',E',F',G')] 
1
 * loop 30:eval_image_file_continue_bb6_in(V_pn_0,V_size_0,V_min_left_0,B,C,D,E,F,G) -> [eval_image_file_continue_bb6_in(V_pn_0',V_size_0',V_min_left_0',B',C',D',E',F',G')] 
1
#### Cost of phase [29,30]:eval_image_file_continue_bb6_in(V_pn_0,V_size_0,V_min_left_0,B,C,D,E,F,G) -> [eval_image_file_continue_bb6_in(V_pn_0',V_size_0',V_min_left_0',B',C',D',E',F',G')] 
2*it(29)+0
#### Cost of phase [29,30]:eval_image_file_continue_bb6_in(V_pn_0,V_size_0,V_min_left_0,B,C,D,E,F,G) -> [eval_image_file_continue_bb6_in(V_pn_0',V_size_0',V_min_left_0',B',C',D',E',F',G')] 
2*it(29)+0
#### Cost of phase [29,30]:eval_image_file_continue_bb6_in(V_pn_0,V_size_0,V_min_left_0,B,C,D,E,F,G) -> [eval_image_file_continue_bb6_in(V_pn_0',V_size_0',V_min_left_0',B',C',D',E',F',G')] 
2*it(29)+0
#### Cost of phase [29,30]:eval_image_file_continue_bb6_in(V_pn_0,V_size_0,V_min_left_0,B,C,D,E,F,G) -> [eval_image_file_continue_bb6_in(V_pn_0',V_size_0',V_min_left_0',B',C',D',E',F',G')] 
2*it(29)+0
#### Cost of phase [29,30]:eval_image_file_continue_bb6_in(V_pn_0,V_size_0,V_min_left_0,B,C,D,E,F,G) -> [eval_image_file_continue_bb6_in(V_pn_0',V_size_0',V_min_left_0',B',C',D',E',F',G')] 
2*it(29)+0
#### Cost of chains of eval_image_file_continue_bb6_in(V_pn_0,V_size_0,V_min_left_0,B,C,D,E,F,G):
* Chain [[29,30]]...: 2*it(29)+0
  with precondition: [1>=V_min_left_0,V_min_left_0>=0,B>=2,4>=B] 

* Chain [[29,30],34]: 2*it(29)+0
  with precondition: [B=2,1>=V_min_left_0,V_min_left_0>=0] 

* Chain [[29,30],33]: 2*it(29)+0
  with precondition: [B=3,1>=V_min_left_0,V_min_left_0>=0] 

* Chain [[29,30],32]: 2*it(29)+0
  with precondition: [B=4,V_pn_0=C,V_size_0=D,1>=V_min_left_0,E>=0,V_min_left_0>=E,F>=E+1] 

* Chain [[29,30],31]: 2*it(29)+0
  with precondition: [B=4,V_pn_0=C,V_size_0=D,1>=V_min_left_0,E>=0,V_min_left_0>=E,E>=F] 

* Chain [34]: 0
  with precondition: [B=2,1>=V_min_left_0,V_min_left_0>=0] 

* Chain [33]: 0
  with precondition: [B=3,1>=V_min_left_0,V_min_left_0>=0] 

* Chain [32]: 0
  with precondition: [B=4,C=V_pn_0,D=V_size_0,V_min_left_0=E,1>=V_min_left_0,V_min_left_0>=0,F>=V_min_left_0+1] 

* Chain [31]: 0
  with precondition: [B=4,C=V_pn_0,D=V_size_0,V_min_left_0=E,1>=V_min_left_0,V_min_left_0>=0,V_min_left_0>=F] 


#### Cost of loops [39,40,41,42] 

 * loop 39:eval_image_file_continue_bb1_in(V_pn_0,V_size_0,B,C) -> [eval_image_file_continue_bb1_in(V_pn_0',V_size_0',B',C')] 
1*s(7)+0
 * loop 40:eval_image_file_continue_bb1_in(V_pn_0,V_size_0,B,C) -> [eval_image_file_continue_bb1_in(V_pn_0',V_size_0',B',C')] 
1*s(12)+0
 * loop 41:eval_image_file_continue_bb1_in(V_pn_0,V_size_0,B,C) -> [eval_image_file_continue_bb1_in(V_pn_0',V_size_0',B',C')] 
1*s(19)+0
 * loop 42:eval_image_file_continue_bb1_in(V_pn_0,V_size_0,B,C) -> [eval_image_file_continue_bb1_in(V_pn_0',V_size_0',B',C')] 
6*s(27)+3
  Such that:s(26) =< V_pn_0
s(27) =< s(26)

#### Cost of phase [39,40,41,42]:eval_image_file_continue_bb1_in(V_pn_0,V_size_0,B,C) -> [eval_image_file_continue_bb1_in(V_pn_0',V_size_0',B',C')] 
6*it(42)+6*s(31)+0
#### Cost of phase [39,40,41,42]:eval_image_file_continue_bb1_in(V_pn_0,V_size_0,B,C) -> [eval_image_file_continue_bb1_in(V_pn_0',V_size_0',B',C')] 
6*it(42)+6*s(31)+0
#### Cost of phase [39,40,41,42]:eval_image_file_continue_bb1_in(V_pn_0,V_size_0,B,C) -> [eval_image_file_continue_bb1_in(V_pn_0',V_size_0',B',C')] 
6*it(42)+6*s(31)+0
#### Cost of phase [39,40,41,42]:eval_image_file_continue_bb1_in(V_pn_0,V_size_0,B,C) -> [eval_image_file_continue_bb1_in(V_pn_0',V_size_0',B',C')] 
6*it(42)+6*s(31)+0
#### Cost of loops [39,40,41,42] 

 * loop 39:eval_image_file_continue_bb1_in(V_pn_0,V_size_0,B,C) -> [eval_image_file_continue_bb1_in(V_pn_0',V_size_0',B',C')] 
1*s(7)+0
 * loop 40:eval_image_file_continue_bb1_in(V_pn_0,V_size_0,B,C) -> [eval_image_file_continue_bb1_in(V_pn_0',V_size_0',B',C')] 
1*s(12)+0
 * loop 41:eval_image_file_continue_bb1_in(V_pn_0,V_size_0,B,C) -> [eval_image_file_continue_bb1_in(V_pn_0',V_size_0',B',C')] 
1*s(19)+0
 * loop 42:eval_image_file_continue_bb1_in(V_pn_0,V_size_0,B,C) -> [eval_image_file_continue_bb1_in(V_pn_0',V_size_0',B',C')] 
6*s(27)+3
  Such that:s(26) =< V_pn_0
s(27) =< s(26)

#### Cost of phase [39,40,41,42]:eval_image_file_continue_bb1_in(V_pn_0,V_size_0,B,C) -> [] 
6*it(42)+2*it([36])+6*s(31)+6*s(43)+0
  Such that:it([36]) =< 1

#### Cost of phase [39,40,41,42]:eval_image_file_continue_bb1_in(V_pn_0,V_size_0,B,C) -> [eval_image_file_continue_bb1_in(V_pn_0',V_size_0',B',C')] 
6*it(42)+6*s(31)+0
#### Cost of chains of eval_image_file_continue_bb1_in(V_pn_0,V_size_0,B,C):
* Chain [[39,40,41,42]]...: 12*it(42)+0
  with precondition: [] 

* Chain [[39,40,41,42],38]: 13*aux(17)+0
  with precondition: [B=2,V_pn_0>=0] 

* Chain [[39,40,41,42],37]: 13*aux(18)+0
  with precondition: [B=3,V_pn_0>=0] 

* Chain [[39,40,41,42],36]: 6*it(42)+2*it([36])+6*s(31)+6*s(43)+0
  Such that:it([36]) =< 1

  with precondition: [B=7,V_pn_0>=0] 

* Chain [[39,40,41,42],35]...: 13*aux(31)+0
  with precondition: [V_pn_0>=0] 

* Chain [38]: 1*aux(17)+0
  with precondition: [B=2,V_pn_0>=0] 

* Chain [37]: 1*aux(18)+0
  with precondition: [B=3,V_pn_0>=0] 

* Chain [36]: 6*s(37)+2
  Such that:aux(22) =< V_pn_0
s(37) =< aux(22)

  with precondition: [B=7,V_pn_0>=0] 

* Chain [35]...: 1*aux(31)+0
  with precondition: [V_pn_0>=0] 


#### Cost of chains of loop_cont_eval_image_file_continue_bb1_in(C,A,B):
* Chain [45]: 0
  with precondition: [C=2] 

* Chain [44]: 0
  with precondition: [C=3] 

* Chain [43]: 0
  with precondition: [C=7] 


#### Cost of chains of eval_image_file_continue_bb0_in(B):
* Chain [47]: 1*aux(35)+0
  with precondition: [] 

* Chain [46]...: 1*aux(36)+0
  with precondition: [] 


#### Cost of chains of eval_image_file_continue_start(B):
* Chain [49]: 1*s(75)+0
  with precondition: [] 

* Chain [48]...: 1*s(76)+0
  with precondition: [] 


Closed-form bounds of eval_image_file_continue_start(B): 
-------------------------------------
* Chain [49] with precondition: [] 
    - Upper bound: inf 
    - Complexity: infinity 
* Chain [48]... with precondition: [] 
    - Upper bound: inf 
    - Complexity: infinity 

### Maximum cost of eval_image_file_continue_start(B): inf 
Asymptotic class: infinity 

Time statistics: 
-------------------------------------
* Partial evaluation computed in 97 ms.
* Invariants computed in 75 ms.
   - Backward Invariants 46 ms.
   - Transitive Invariants 11 ms.
* Refinement performed in 178 ms.
* Termination proved in 12 ms.
* Upper bounds computed in 132 ms.
   - Equation cost structures 56 ms.
   - Phase cost structures 63 ms.
   - Chain cost structures 38 ms.
   - Solving cost expressions 0 ms.
* Total analysis performed in 562 ms.

