Warning: Ignored call to eval_monotonize_internal_stop/1 in equation eval_monotonize_internal_bb15_in/1 

Preprocessing Cost Relations
=====================================

#### Computed strongly connected components 
0. recursive  : [eval_monotonize_internal_22/9,eval_monotonize_internal_23/9,eval_monotonize_internal_24/9,eval_monotonize_internal_25/9,eval_monotonize_internal_26/9,eval_monotonize_internal_27/9,eval_monotonize_internal_30/11,eval_monotonize_internal_31/11,eval_monotonize_internal_bb10_in/9,eval_monotonize_internal_bb5_in/6]
1. recursive  : [eval_monotonize_internal_52/10,eval_monotonize_internal_53/10,eval_monotonize_internal_bb12_in/3]
2. non_recursive  : [eval_monotonize_internal_bb15_in/1]
3. non_recursive  : [loop_cont_eval_monotonize_internal_bb12_in/2]
4. non_recursive  : [loop_cont_eval_monotonize_internal_bb5_in/4]
5. non_recursive  : [eval_monotonize_internal_bb4_in/4]
6. non_recursive  : [eval_monotonize_internal_12/4]
7. non_recursive  : [eval_monotonize_internal_11/4]
8. non_recursive  : [eval_monotonize_internal_18/4]
9. non_recursive  : [eval_monotonize_internal_17/6]
10. non_recursive  : [eval_monotonize_internal_14/4]
11. non_recursive  : [eval_monotonize_internal_13/4]
12. non_recursive  : [eval_monotonize_internal_8/4]
13. non_recursive  : [eval_monotonize_internal_7/6]
14. non_recursive  : [eval_monotonize_internal_bb0_in/1]
15. non_recursive  : [eval_monotonize_internal_start/1]

#### Obtained direct recursion through partial evaluation 
0. SCC is partially evaluated into eval_monotonize_internal_bb5_in/6
1. SCC is partially evaluated into eval_monotonize_internal_bb12_in/3
2. SCC is completely evaluated into other SCCs
3. SCC is completely evaluated into other SCCs
4. SCC is partially evaluated into loop_cont_eval_monotonize_internal_bb5_in/4
5. SCC is partially evaluated into eval_monotonize_internal_bb4_in/4
6. SCC is completely evaluated into other SCCs
7. SCC is completely evaluated into other SCCs
8. SCC is completely evaluated into other SCCs
9. SCC is completely evaluated into other SCCs
10. SCC is partially evaluated into eval_monotonize_internal_14/4
11. SCC is completely evaluated into other SCCs
12. SCC is partially evaluated into eval_monotonize_internal_8/4
13. SCC is completely evaluated into other SCCs
14. SCC is completely evaluated into other SCCs
15. SCC is partially evaluated into eval_monotonize_internal_start/1

Control-Flow Refinement of Cost Relations
=====================================

### Specialization of cost equations eval_monotonize_internal_bb5_in/6 
* CE 8 is refined into CE [14] 
* CE 9 is refined into CE [15] 
* CE 7 is refined into CE [16] 


#### Refined cost equations eval_monotonize_internal_bb5_in/6 
* CE 14: eval_monotonize_internal_bb5_in(V_j_0,V_y0_0,V_x0_0,B,C,D) = 0
     [C>=0,V_j_0>=9,D=0,B=2] 
* CE 15: eval_monotonize_internal_bb5_in(V_j_0,V_y0_0,V_x0_0,B,C,D) = 0
     [V_j_0>=9,0>=C,D=0,B=2] 
* CE 16: eval_monotonize_internal_bb5_in(V_j_0,V_y0_0,V_x0_0,B,C,D) = 1+ eval_monotonize_internal_bb5_in(E,F,G,B,C,D)
     [8>=V_j_0,V_j_0+1=E] 

### Cost equations --> "Loop" of eval_monotonize_internal_bb5_in/6 
* CEs [16] --> Loop 12 
* CEs [14] --> Loop 13 
* CEs [15] --> Loop 14 

#### Loops of eval_monotonize_internal_bb5_in/6 
* Loop 12: eval_monotonize_internal_bb5_in(V_j_0,V_y0_0,V_x0_0,B,C,D)->  eval_monotonize_internal_bb5_in(V_j_0',V_y0_0',V_x0_0',B,C,D)
                  [8>=V_j_0,V_j_0+1=V_j_0'] 
* Loop 13: eval_monotonize_internal_bb5_in(V_j_0,V_y0_0,V_x0_0,B,C,D) [C>=0,V_j_0>=9,D=0,B=2] 
* Loop 14: eval_monotonize_internal_bb5_in(V_j_0,V_y0_0,V_x0_0,B,C,D) [V_j_0>=9,0>=C,D=0,B=2] 

### Ranking functions of CR eval_monotonize_internal_bb5_in(V_j_0,V_y0_0,V_x0_0,B,C,D) 
* RF of phase [12]: [-V_j_0+9]

#### Partial ranking functions of CR eval_monotonize_internal_bb5_in(V_j_0,V_y0_0,V_x0_0,B,C,D) 
* Partial RF of phase [12]:
  - RF of loop [12:1]:
    -V_j_0+9


### Resulting Chains:eval_monotonize_internal_bb5_in(V_j_0,V_y0_0,V_x0_0,B,C,D) 
* [[12],14]
* [[12],13]
* [14]
* [13]


### Merging Chains  eval_monotonize_internal_bb5_in/6 into  External patterns of execution 
* [[14,[12]]] --> 1 
* [[13,[12]]] --> 2 
* [[14]] --> 3 
* [[13]] --> 4 


### Specialization of cost equations eval_monotonize_internal_bb12_in/3 
* CE 12 is refined into CE [17] 
* CE 13 is refined into CE [18] 
* CE 11 is refined into CE [19] 


#### Refined cost equations eval_monotonize_internal_bb12_in/3 
* CE 17: eval_monotonize_internal_bb12_in(V_105,V_i_0,B) = 0
     [V_105>=V_i_0+1,B=3] 
* CE 18: eval_monotonize_internal_bb12_in(V_105,V_i_0,B) = 0
     [V_i_0>=V_105,B=3] 
* CE 19: eval_monotonize_internal_bb12_in(V_105,V_i_0,B) = 1+ eval_monotonize_internal_bb12_in(V_105,C,D)
     [V_105>=V_i_0+1,V_i_0+1=C,D=3,B=3] 

### Cost equations --> "Loop" of eval_monotonize_internal_bb12_in/3 
* CEs [19] --> Loop 15 
* CEs [17] --> Loop 16 
* CEs [18] --> Loop 17 

#### Loops of eval_monotonize_internal_bb12_in/3 
* Loop 15: eval_monotonize_internal_bb12_in(V_105,V_i_0,B)->  eval_monotonize_internal_bb12_in(V_105,V_i_0',B')
                  [V_105>=V_i_0+1,V_i_0+1=V_i_0',B'=3,B=3] 
* Loop 16: eval_monotonize_internal_bb12_in(V_105,V_i_0,B) [V_105>=V_i_0+1,B=3] 
* Loop 17: eval_monotonize_internal_bb12_in(V_105,V_i_0,B) [V_i_0>=V_105,B=3] 

### Ranking functions of CR eval_monotonize_internal_bb12_in(V_105,V_i_0,B) 
* RF of phase [15]: [V_105-V_i_0]

#### Partial ranking functions of CR eval_monotonize_internal_bb12_in(V_105,V_i_0,B) 
* Partial RF of phase [15]:
  - RF of loop [15:1]:
    V_105-V_i_0


### Resulting Chains:eval_monotonize_internal_bb12_in(V_105,V_i_0,B) 
* [[15],17]
* [[15],16]
* [17]
* [16]


### Merging Chains  eval_monotonize_internal_bb12_in/3 into  External patterns of execution 
* [[17]] --> 1 
* [[16],[16,[15]],[17,[15]]] --> 2 


### Specialization of cost equations loop_cont_eval_monotonize_internal_bb5_in/4 
* CE 10 is refined into CE [20,21] 


#### Refined cost equations loop_cont_eval_monotonize_internal_bb5_in/4 
* CE 20: loop_cont_eval_monotonize_internal_bb5_in(I,A,B,C) = 1+ eval_monotonize_internal_bb12_in(A,B,J):1
     [B>=A,J=3,I=2] 
* CE 21: loop_cont_eval_monotonize_internal_bb5_in(I,A,B,C) = 1+ eval_monotonize_internal_bb12_in(A,B,J):2
     [A>=B+1,J=3,I=2] 

### Cost equations --> "Loop" of loop_cont_eval_monotonize_internal_bb5_in/4 
* CEs [21] --> Loop 18 
* CEs [20] --> Loop 19 

#### Loops of loop_cont_eval_monotonize_internal_bb5_in/4 
* Loop 18: loop_cont_eval_monotonize_internal_bb5_in(I,A,B,C) [A>=B+1,I=2] 
* Loop 19: loop_cont_eval_monotonize_internal_bb5_in(I,A,B,C) [B>=A,I=2] 

### Ranking functions of CR loop_cont_eval_monotonize_internal_bb5_in(I,A,B,C) 

#### Partial ranking functions of CR loop_cont_eval_monotonize_internal_bb5_in(I,A,B,C) 


### Resulting Chains:loop_cont_eval_monotonize_internal_bb5_in(I,A,B,C) 
* [19]
* [18]


### Merging Chains  loop_cont_eval_monotonize_internal_bb5_in/4 into  External patterns of execution 
* [[19]] --> 1 
* [[18]] --> 2 


### Specialization of cost equations eval_monotonize_internal_bb4_in/4 
* CE 5 is refined into CE [22,23,24,25,26,27] 


#### Refined cost equations eval_monotonize_internal_bb4_in/4 
* CE 22: eval_monotonize_internal_bb4_in(V_2,V_5,V_20,B) = 1+ eval_monotonize_internal_bb5_in(V_20,V_5,V_2,C,D,E):1+ loop_cont_eval_monotonize_internal_bb5_in(F,D,G,B):1
     [0>=D,8>=V_20,G=0,F=2,E=0,C=2] 
* CE 23: eval_monotonize_internal_bb4_in(V_2,V_5,V_20,B) = 1+ eval_monotonize_internal_bb5_in(V_20,V_5,V_2,C,D,E):2+ loop_cont_eval_monotonize_internal_bb5_in(F,G,H,B):1
     [8>=V_20,H=0,G=0,F=2,E=0,D=0,C=2] 
* CE 24: eval_monotonize_internal_bb4_in(V_2,V_5,V_20,B) = 1+ eval_monotonize_internal_bb5_in(V_20,V_5,V_2,C,D,E):2+ loop_cont_eval_monotonize_internal_bb5_in(F,D,G,B):2
     [D>=1,8>=V_20,G=0,F=2,E=0,C=2] 
* CE 25: eval_monotonize_internal_bb4_in(V_2,V_5,V_20,B) = 1+ eval_monotonize_internal_bb5_in(V_20,V_5,V_2,C,D,E):3+ loop_cont_eval_monotonize_internal_bb5_in(F,D,G,B):1
     [V_20>=9,0>=D,G=0,F=2,E=0,C=2] 
* CE 26: eval_monotonize_internal_bb4_in(V_2,V_5,V_20,B) = 1+ eval_monotonize_internal_bb5_in(V_20,V_5,V_2,C,D,E):4+ loop_cont_eval_monotonize_internal_bb5_in(F,G,H,B):1
     [V_20>=9,H=0,G=0,F=2,E=0,D=0,C=2] 
* CE 27: eval_monotonize_internal_bb4_in(V_2,V_5,V_20,B) = 1+ eval_monotonize_internal_bb5_in(V_20,V_5,V_2,C,D,E):4+ loop_cont_eval_monotonize_internal_bb5_in(F,D,G,B):2
     [D>=1,V_20>=9,G=0,F=2,E=0,C=2] 

### Cost equations --> "Loop" of eval_monotonize_internal_bb4_in/4 
* CEs [25,26,27] --> Loop 20 
* CEs [22,23,24] --> Loop 21 

#### Loops of eval_monotonize_internal_bb4_in/4 
* Loop 20: eval_monotonize_internal_bb4_in(V_2,V_5,V_20,B) [V_20>=9] 
* Loop 21: eval_monotonize_internal_bb4_in(V_2,V_5,V_20,B) [8>=V_20] 

### Ranking functions of CR eval_monotonize_internal_bb4_in(V_2,V_5,V_20,B) 

#### Partial ranking functions of CR eval_monotonize_internal_bb4_in(V_2,V_5,V_20,B) 


### Resulting Chains:eval_monotonize_internal_bb4_in(V_2,V_5,V_20,B) 
* [21]
* [20]


### Merging Chains  eval_monotonize_internal_bb4_in/4 into  External patterns of execution 
* [[21]] --> 1 
* [[20]] --> 2 


### Specialization of cost equations eval_monotonize_internal_14/4 
* CE 6 is refined into CE [28,29] 


#### Refined cost equations eval_monotonize_internal_14/4 
* CE 28: eval_monotonize_internal_14(V_2,V_5,V_20,B) = 0+ eval_monotonize_internal_bb4_in(V_2,V_5,V_20,B):1
     [8>=V_20] 
* CE 29: eval_monotonize_internal_14(V_2,V_5,V_20,B) = 0+ eval_monotonize_internal_bb4_in(V_2,V_5,V_20,B):2
     [V_20>=9] 

### Cost equations --> "Loop" of eval_monotonize_internal_14/4 
* CEs [29] --> Loop 22 
* CEs [28] --> Loop 23 

#### Loops of eval_monotonize_internal_14/4 
* Loop 22: eval_monotonize_internal_14(V_2,V_5,V_20,B) [V_20>=9] 
* Loop 23: eval_monotonize_internal_14(V_2,V_5,V_20,B) [8>=V_20] 

### Ranking functions of CR eval_monotonize_internal_14(V_2,V_5,V_20,B) 

#### Partial ranking functions of CR eval_monotonize_internal_14(V_2,V_5,V_20,B) 


### Resulting Chains:eval_monotonize_internal_14(V_2,V_5,V_20,B) 
* [23]
* [22]


### Merging Chains  eval_monotonize_internal_14/4 into  External patterns of execution 
* [[23]] --> 1 
* [[22]] --> 2 


### Specialization of cost equations eval_monotonize_internal_8/4 
* CE 3 is refined into CE [30,31] 
* CE 4 is refined into CE [32,33] 


#### Refined cost equations eval_monotonize_internal_8/4 
* CE 30: eval_monotonize_internal_8(V_2,V_5,V_19,B) = 0+ eval_monotonize_internal_bb4_in(V_2,V_5,C,B):1
     [8>=C,V_19+C=8] 
* CE 31: eval_monotonize_internal_8(V_2,V_5,V_19,B) = 0+ eval_monotonize_internal_bb4_in(V_2,V_5,C,B):2
     [C>=9,V_19+C=8] 
* CE 32: eval_monotonize_internal_8(V_2,V_5,V_19,B) = 0+ eval_monotonize_internal_14(V_2,V_5,C,B):1
     [8>=C,V_19+C=8] 
* CE 33: eval_monotonize_internal_8(V_2,V_5,V_19,B) = 0+ eval_monotonize_internal_14(V_2,V_5,C,B):2
     [C>=9,V_19+C=8] 

### Cost equations --> "Loop" of eval_monotonize_internal_8/4 
* CEs [30,32] --> Loop 24 
* CEs [31,33] --> Loop 25 

#### Loops of eval_monotonize_internal_8/4 
* Loop 24: eval_monotonize_internal_8(V_2,V_5,V_19,B) [V_19>=0] 
* Loop 25: eval_monotonize_internal_8(V_2,V_5,V_19,B) [0>=V_19+1] 

### Ranking functions of CR eval_monotonize_internal_8(V_2,V_5,V_19,B) 

#### Partial ranking functions of CR eval_monotonize_internal_8(V_2,V_5,V_19,B) 


### Resulting Chains:eval_monotonize_internal_8(V_2,V_5,V_19,B) 
* [25]
* [24]


### Merging Chains  eval_monotonize_internal_8/4 into  External patterns of execution 
* [[25]] --> 1 
* [[24]] --> 2 


### Specialization of cost equations eval_monotonize_internal_start/1 
* CE 2 is refined into CE [34,35] 


#### Refined cost equations eval_monotonize_internal_start/1 
* CE 34: eval_monotonize_internal_start(B) = 0+ eval_monotonize_internal_8(C,D,E,B):1
     [0>=E+1] 
* CE 35: eval_monotonize_internal_start(B) = 0+ eval_monotonize_internal_8(C,D,E,B):2
     [E>=0] 

### Cost equations --> "Loop" of eval_monotonize_internal_start/1 
* CEs [34,35] --> Loop 26 

#### Loops of eval_monotonize_internal_start/1 
* Loop 26: eval_monotonize_internal_start(B) [] 

### Ranking functions of CR eval_monotonize_internal_start(B) 

#### Partial ranking functions of CR eval_monotonize_internal_start(B) 


### Resulting Chains:eval_monotonize_internal_start(B) 
* [26]


### Merging Chains  eval_monotonize_internal_start/1 into  External patterns of execution 
* [[26]] --> 1 


Computing Bounds
=====================================

#### Cost of loops [12] 

 * loop 12:eval_monotonize_internal_bb5_in(V_j_0,V_y0_0,V_x0_0,B,C,D) -> [eval_monotonize_internal_bb5_in(V_j_0',V_y0_0',V_x0_0',B',C',D')] 
1
#### Cost of phase [12]:eval_monotonize_internal_bb5_in(V_j_0,V_y0_0,V_x0_0,B,C,D) -> [eval_monotonize_internal_bb5_in(V_j_0',V_y0_0',V_x0_0',B',C',D')] 
1*it(12)+0
  Such that:it(12) =< -V_j_0+9
it(12) =< -V_j_0+V_j_0'

#### Cost of phase [12]:eval_monotonize_internal_bb5_in(V_j_0,V_y0_0,V_x0_0,B,C,D) -> [eval_monotonize_internal_bb5_in(V_j_0',V_y0_0',V_x0_0',B',C',D')] 
1*it(12)+0
  Such that:it(12) =< -V_j_0+9
it(12) =< -V_j_0+V_j_0'

#### Cost of chains of eval_monotonize_internal_bb5_in(V_j_0,V_y0_0,V_x0_0,B,C,D):
* Chain [[12],14]: 1*it(12)+0
  Such that:it(12) =< -V_j_0+9

  with precondition: [B=2,D=0,8>=V_j_0,0>=C] 

* Chain [[12],13]: 1*it(12)+0
  Such that:it(12) =< -V_j_0+9

  with precondition: [B=2,D=0,8>=V_j_0,C>=0] 

* Chain [14]: 0
  with precondition: [B=2,D=0,0>=C,V_j_0>=9] 

* Chain [13]: 0
  with precondition: [B=2,D=0,V_j_0>=9,C>=0] 


#### Cost of loops [15] 

 * loop 15:eval_monotonize_internal_bb12_in(V_105,V_i_0,B) -> [eval_monotonize_internal_bb12_in(V_105',V_i_0',B')] 
1
#### Cost of phase [15]:eval_monotonize_internal_bb12_in(V_105,V_i_0,B) -> [eval_monotonize_internal_bb12_in(V_105',V_i_0',B')] 
1*it(15)+0
  Such that:it(15) =< V_105-V_i_0
it(15) =< V_105-V_i_0-V_105'+V_i_0'

#### Cost of phase [15]:eval_monotonize_internal_bb12_in(V_105,V_i_0,B) -> [eval_monotonize_internal_bb12_in(V_105',V_i_0',B')] 
1*it(15)+0
  Such that:it(15) =< V_105-V_i_0
it(15) =< V_105-V_i_0-V_105'+V_i_0'

#### Cost of chains of eval_monotonize_internal_bb12_in(V_105,V_i_0,B):
* Chain [[15],17]: 1*it(15)+0
  Such that:it(15) =< V_105-V_i_0

  with precondition: [B=3,V_105>=V_i_0+1] 

* Chain [[15],16]: 1*it(15)+0
  Such that:it(15) =< V_105-V_i_0

  with precondition: [B=3,V_105>=V_i_0+2] 

* Chain [17]: 0
  with precondition: [B=3,V_i_0>=V_105] 

* Chain [16]: 0
  with precondition: [B=3,V_105>=V_i_0+1] 


#### Cost of chains of loop_cont_eval_monotonize_internal_bb5_in(I,A,B,C):
* Chain [19]: 1
  with precondition: [I=2,B>=A] 

* Chain [18]: 2*s(4)+1
  Such that:s(3) =< A-B
s(4) =< s(3)

  with precondition: [I=2,A>=B+1] 


#### Cost of chains of eval_monotonize_internal_bb4_in(V_2,V_5,V_20,B):
* Chain [21]: 3*s(5)+2*s(9)+2
  Such that:aux(2) =< -V_20+9
s(5) =< aux(2)

  with precondition: [8>=V_20] 

* Chain [20]: 1*aux(3)+0
  with precondition: [V_20>=9] 


#### Cost of chains of eval_monotonize_internal_14(V_2,V_5,V_20,B):
* Chain [23]: 3*s(13)+2*s(14)+2
  Such that:s(12) =< -V_20+9
s(13) =< s(12)

  with precondition: [8>=V_20] 

* Chain [22]: 1*s(15)+0
  with precondition: [V_20>=9] 


#### Cost of chains of eval_monotonize_internal_8(V_2,V_5,V_19,B):
* Chain [25]: 1*aux(4)+0
  with precondition: [0>=V_19+1] 

* Chain [24]: 6*s(19)+4*s(20)+2
  Such that:aux(5) =< V_19+1
s(19) =< aux(5)

  with precondition: [V_19>=0] 


#### Cost of chains of eval_monotonize_internal_start(B):
* Chain [26]: 1*aux(6)+0
  with precondition: [] 


Closed-form bounds of eval_monotonize_internal_start(B): 
-------------------------------------
* Chain [26] with precondition: [] 
    - Upper bound: inf 
    - Complexity: infinity 

### Maximum cost of eval_monotonize_internal_start(B): inf 
Asymptotic class: infinity 

Time statistics: 
-------------------------------------
* Partial evaluation computed in 30 ms.
* Invariants computed in 18 ms.
   - Backward Invariants 9 ms.
   - Transitive Invariants 3 ms.
* Refinement performed in 40 ms.
* Termination proved in 2 ms.
* Upper bounds computed in 29 ms.
   - Equation cost structures 18 ms.
   - Phase cost structures 4 ms.
   - Chain cost structures 8 ms.
   - Solving cost expressions 0 ms.
* Total analysis performed in 156 ms.

