Warning: Ignored call to eval_gs_malloc_release_stop/1 in equation loop_cont_eval_gs_malloc_release_bb1_in/2 

Preprocessing Cost Relations
=====================================

#### Computed strongly connected components 
0. recursive  : [eval_gs_malloc_release_10/2,eval_gs_malloc_release_11/2,eval_gs_malloc_release_8/4,eval_gs_malloc_release_9/4,eval_gs_malloc_release_bb1_in/2,eval_gs_malloc_release_bb4_in/2]
1. non_recursive  : [loop_cont_eval_gs_malloc_release_bb1_in/2]
2. non_recursive  : [eval_gs_malloc_release_bb0_in/2]
3. non_recursive  : [eval_gs_malloc_release_start/2]

#### Obtained direct recursion through partial evaluation 
0. SCC is partially evaluated into eval_gs_malloc_release_bb1_in/2
1. SCC is completely evaluated into other SCCs
2. SCC is partially evaluated into eval_gs_malloc_release_bb0_in/2
3. SCC is partially evaluated into eval_gs_malloc_release_start/2

Control-Flow Refinement of Cost Relations
=====================================

### Specialization of cost equations eval_gs_malloc_release_bb1_in/2 
* CE 5 is refined into CE [6] 
* CE 4 is refined into CE [7] 


#### Refined cost equations eval_gs_malloc_release_bb1_in/2 
* CE 6: eval_gs_malloc_release_bb1_in(V__malloc_used,B) = 0
     [B=2] 
* CE 7: eval_gs_malloc_release_bb1_in(V__malloc_used,B) = 1+ eval_gs_malloc_release_bb1_in(V__malloc_used,C)
     [C=2,B=2] 

### Cost equations --> "Loop" of eval_gs_malloc_release_bb1_in/2 
* CEs [7] --> Loop 5 
* CEs [6] --> Loop 6 

#### Loops of eval_gs_malloc_release_bb1_in/2 
* Loop 5: eval_gs_malloc_release_bb1_in(V__malloc_used,B)->  eval_gs_malloc_release_bb1_in(V__malloc_used,B')
                  [B'=2,B=2] 
* Loop 6: eval_gs_malloc_release_bb1_in(V__malloc_used,B) [B=2] 

### Ranking functions of CR eval_gs_malloc_release_bb1_in(V__malloc_used,B) 

#### Partial ranking functions of CR eval_gs_malloc_release_bb1_in(V__malloc_used,B) 


### Resulting Chains:eval_gs_malloc_release_bb1_in(V__malloc_used,B) 
* [[5]]...
* [[5],6]
* [6]


### Merging Chains  eval_gs_malloc_release_bb1_in/2 into  External patterns of execution 
* [[6],[6,[5]]] --> 1 
* [[[5]]] --> 2 


### Specialization of cost equations eval_gs_malloc_release_bb0_in/2 
* CE 3 is refined into CE [8,9] 


#### Refined cost equations eval_gs_malloc_release_bb0_in/2 
* CE 8: eval_gs_malloc_release_bb0_in(V__malloc_used,B) = 1+ eval_gs_malloc_release_bb1_in(V__malloc_used,C):1
     [C=2] 
* CE 9: eval_gs_malloc_release_bb0_in(V__malloc_used,B) = 1+ eval_gs_malloc_release_bb1_in(V__malloc_used,C):2
     [C=2] 

### Cost equations --> "Loop" of eval_gs_malloc_release_bb0_in/2 
* CEs [9] --> Loop 7 
* CEs [8] --> Loop 8 

#### Loops of eval_gs_malloc_release_bb0_in/2 
* Loop 7: eval_gs_malloc_release_bb0_in(V__malloc_used,B) [] 
* Loop 8: eval_gs_malloc_release_bb0_in(V__malloc_used,B) [] 

### Ranking functions of CR eval_gs_malloc_release_bb0_in(V__malloc_used,B) 

#### Partial ranking functions of CR eval_gs_malloc_release_bb0_in(V__malloc_used,B) 


### Resulting Chains:eval_gs_malloc_release_bb0_in(V__malloc_used,B) 
* [8]
* [7]...


### Merging Chains  eval_gs_malloc_release_bb0_in/2 into  External patterns of execution 
* [[8]] --> 1 
* [[7]] --> 2 


### Specialization of cost equations eval_gs_malloc_release_start/2 
* CE 2 is refined into CE [10,11] 


#### Refined cost equations eval_gs_malloc_release_start/2 
* CE 10: eval_gs_malloc_release_start(V__malloc_used,B) = 0+ eval_gs_malloc_release_bb0_in(V__malloc_used,B):1
     [] 
* CE 11: eval_gs_malloc_release_start(V__malloc_used,B) = 0+ eval_gs_malloc_release_bb0_in(V__malloc_used,B):2
     [] 

### Cost equations --> "Loop" of eval_gs_malloc_release_start/2 
* CEs [11] --> Loop 9 
* CEs [10] --> Loop 10 

#### Loops of eval_gs_malloc_release_start/2 
* Loop 9: eval_gs_malloc_release_start(V__malloc_used,B) [] 
* Loop 10: eval_gs_malloc_release_start(V__malloc_used,B) [] 

### Ranking functions of CR eval_gs_malloc_release_start(V__malloc_used,B) 

#### Partial ranking functions of CR eval_gs_malloc_release_start(V__malloc_used,B) 


### Resulting Chains:eval_gs_malloc_release_start(V__malloc_used,B) 
* [10]
* [9]...


### Merging Chains  eval_gs_malloc_release_start/2 into  External patterns of execution 
* [[10]] --> 1 
* [[9]] --> 2 


Computing Bounds
=====================================

#### Cost of loops [5] 

 * loop 5:eval_gs_malloc_release_bb1_in(V__malloc_used,B) -> [eval_gs_malloc_release_bb1_in(V__malloc_used',B')] 
1
#### Cost of phase [5]:eval_gs_malloc_release_bb1_in(V__malloc_used,B) -> [eval_gs_malloc_release_bb1_in(V__malloc_used',B')] 
1*it(5)+0
#### Cost of phase [5]:eval_gs_malloc_release_bb1_in(V__malloc_used,B) -> [eval_gs_malloc_release_bb1_in(V__malloc_used',B')] 
1*it(5)+0
#### Cost of chains of eval_gs_malloc_release_bb1_in(V__malloc_used,B):
* Chain [[5]]...: 1*it(5)+0
  with precondition: [B=2] 

* Chain [[5],6]: 1*it(5)+0
  with precondition: [B=2] 

* Chain [6]: 0
  with precondition: [B=2] 


#### Cost of chains of eval_gs_malloc_release_bb0_in(V__malloc_used,B):
* Chain [8]: 1*s(2)+1
  with precondition: [] 

* Chain [7]...: 1*s(3)+1
  with precondition: [] 


#### Cost of chains of eval_gs_malloc_release_start(V__malloc_used,B):
* Chain [10]: 1*s(4)+1
  with precondition: [] 

* Chain [9]...: 1*s(5)+1
  with precondition: [] 


Closed-form bounds of eval_gs_malloc_release_start(V__malloc_used,B): 
-------------------------------------
* Chain [10] with precondition: [] 
    - Upper bound: inf 
    - Complexity: infinity 
* Chain [9]... with precondition: [] 
    - Upper bound: inf 
    - Complexity: infinity 

### Maximum cost of eval_gs_malloc_release_start(V__malloc_used,B): inf 
Asymptotic class: infinity 

Time statistics: 
-------------------------------------
* Partial evaluation computed in 12 ms.
* Invariants computed in 9 ms.
   - Backward Invariants 4 ms.
   - Transitive Invariants 1 ms.
* Refinement performed in 16 ms.
* Termination proved in 3 ms.
* Upper bounds computed in 16 ms.
   - Equation cost structures 6 ms.
   - Phase cost structures 5 ms.
   - Chain cost structures 4 ms.
   - Solving cost expressions 1 ms.
* Total analysis performed in 81 ms.

