Warning: Ignored call to eval_execstack_continue_stop/1 in equation eval_execstack_continue_bb12_in/1 

Preprocessing Cost Relations
=====================================

#### Computed strongly connected components 
0. non_recursive  : [eval_execstack_continue_bb12_in/1]
1. recursive  : [eval_execstack_continue_11/3,eval_execstack_continue_12/3,eval_execstack_continue_13/3,eval_execstack_continue_15/3,eval_execstack_continue_16/3,eval_execstack_continue_22/3,eval_execstack_continue_23/3,eval_execstack_continue_NewDefault_in/3,eval_execstack_continue_bb10_in/3,eval_execstack_continue_bb11_in/3,eval_execstack_continue_bb2_in/3,eval_execstack_continue_bb8_in/3]
2. non_recursive  : [loop_cont_eval_execstack_continue_bb2_in/2]
3. non_recursive  : [eval_execstack_continue_3/1]
4. non_recursive  : [eval_execstack_continue_2/2]
5. non_recursive  : [eval_execstack_continue_bb0_in/1]
6. non_recursive  : [eval_execstack_continue_start/1]

#### Obtained direct recursion through partial evaluation 
0. SCC is completely evaluated into other SCCs
1. SCC is partially evaluated into eval_execstack_continue_bb2_in/3
2. SCC is completely evaluated into other SCCs
3. SCC is partially evaluated into eval_execstack_continue_3/1
4. SCC is completely evaluated into other SCCs
5. SCC is completely evaluated into other SCCs
6. SCC is partially evaluated into eval_execstack_continue_start/1

Control-Flow Refinement of Cost Relations
=====================================

### Specialization of cost equations eval_execstack_continue_bb2_in/3 
* CE 6 is refined into CE [7] 
* CE 5 is refined into CE [8] 


#### Refined cost equations eval_execstack_continue_bb2_in/3 
* CE 7: eval_execstack_continue_bb2_in(V_9,V_i_0,B) = 0
     [V_i_0>=V_9,V_i_0>=0,B=2] 
* CE 8: eval_execstack_continue_bb2_in(V_9,V_i_0,B) = 1+ eval_execstack_continue_bb2_in(V_9,C,D)
     [V_9>=V_i_0+1,V_i_0>=0,V_i_0+1=C,D=2,B=2] 

### Cost equations --> "Loop" of eval_execstack_continue_bb2_in/3 
* CEs [8] --> Loop 5 
* CEs [7] --> Loop 6 

#### Loops of eval_execstack_continue_bb2_in/3 
* Loop 5: eval_execstack_continue_bb2_in(V_9,V_i_0,B)->  eval_execstack_continue_bb2_in(V_9,V_i_0',B')
                  [V_9>=V_i_0+1,V_i_0>=0,V_i_0+1=V_i_0',B'=2,B=2] 
* Loop 6: eval_execstack_continue_bb2_in(V_9,V_i_0,B) [V_i_0>=V_9,V_i_0>=0,B=2] 

### Ranking functions of CR eval_execstack_continue_bb2_in(V_9,V_i_0,B) 
* RF of phase [5]: [V_9-V_i_0]

#### Partial ranking functions of CR eval_execstack_continue_bb2_in(V_9,V_i_0,B) 
* Partial RF of phase [5]:
  - RF of loop [5:1]:
    V_9-V_i_0


### Resulting Chains:eval_execstack_continue_bb2_in(V_9,V_i_0,B) 
* [[5],6]
* [6]


### Merging Chains  eval_execstack_continue_bb2_in/3 into  External patterns of execution 
* [[6]] --> 1 
* [[6,[5]]] --> 2 


### Specialization of cost equations eval_execstack_continue_3/1 
* CE 3 is refined into CE [9] 
* CE 4 is refined into CE [10,11] 


#### Refined cost equations eval_execstack_continue_3/1 
* CE 9: eval_execstack_continue_3(B) = 0
     [] 
* CE 10: eval_execstack_continue_3(B) = 1+ eval_execstack_continue_bb2_in(C,D,E):1
     [0>=C,E=2,D=0] 
* CE 11: eval_execstack_continue_3(B) = 1+ eval_execstack_continue_bb2_in(C,D,E):2
     [C>=1,E=2,D=0] 

### Cost equations --> "Loop" of eval_execstack_continue_3/1 
* CEs [9,10,11] --> Loop 7 

#### Loops of eval_execstack_continue_3/1 
* Loop 7: eval_execstack_continue_3(B) [] 

### Ranking functions of CR eval_execstack_continue_3(B) 

#### Partial ranking functions of CR eval_execstack_continue_3(B) 


### Resulting Chains:eval_execstack_continue_3(B) 
* [7]


### Merging Chains  eval_execstack_continue_3/1 into  External patterns of execution 
* [[7]] --> 1 


### Specialization of cost equations eval_execstack_continue_start/1 
* CE 2 is refined into CE [12] 


#### Refined cost equations eval_execstack_continue_start/1 
* CE 12: eval_execstack_continue_start(B) = 0+ eval_execstack_continue_3(B):1
     [] 

### Cost equations --> "Loop" of eval_execstack_continue_start/1 
* CEs [12] --> Loop 8 

#### Loops of eval_execstack_continue_start/1 
* Loop 8: eval_execstack_continue_start(B) [] 

### Ranking functions of CR eval_execstack_continue_start(B) 

#### Partial ranking functions of CR eval_execstack_continue_start(B) 


### Resulting Chains:eval_execstack_continue_start(B) 
* [8]


### Merging Chains  eval_execstack_continue_start/1 into  External patterns of execution 
* [[8]] --> 1 


Computing Bounds
=====================================

#### Cost of loops [5] 

 * loop 5:eval_execstack_continue_bb2_in(V_9,V_i_0,B) -> [eval_execstack_continue_bb2_in(V_9',V_i_0',B')] 
1
#### Cost of phase [5]:eval_execstack_continue_bb2_in(V_9,V_i_0,B) -> [eval_execstack_continue_bb2_in(V_9',V_i_0',B')] 
1*it(5)+0
  Such that:it(5) =< V_9-V_i_0
it(5) =< V_9-V_i_0-V_9'+V_i_0'

#### Cost of chains of eval_execstack_continue_bb2_in(V_9,V_i_0,B):
* Chain [[5],6]: 1*it(5)+0
  Such that:it(5) =< V_9-V_i_0

  with precondition: [B=2,V_i_0>=0,V_9>=V_i_0+1] 

* Chain [6]: 0
  with precondition: [B=2,V_i_0>=0,V_i_0>=V_9] 


#### Cost of chains of eval_execstack_continue_3(B):
* Chain [7]: 1*aux(1)+0
  with precondition: [] 


#### Cost of chains of eval_execstack_continue_start(B):
* Chain [8]: 1*s(2)+0
  with precondition: [] 


Closed-form bounds of eval_execstack_continue_start(B): 
-------------------------------------
* Chain [8] with precondition: [] 
    - Upper bound: inf 
    - Complexity: infinity 

### Maximum cost of eval_execstack_continue_start(B): inf 
Asymptotic class: infinity 

Time statistics: 
-------------------------------------
* Partial evaluation computed in 31 ms.
* Invariants computed in 18 ms.
   - Backward Invariants 7 ms.
   - Transitive Invariants 5 ms.
* Refinement performed in 27 ms.
* Termination proved in 5 ms.
* Upper bounds computed in 17 ms.
   - Equation cost structures 6 ms.
   - Phase cost structures 7 ms.
   - Chain cost structures 6 ms.
   - Solving cost expressions 0 ms.
* Total analysis performed in 145 ms.

