Warning: Ignored call to eval_addto_keyring_stop/1 in equation eval_addto_keyring_bb7_in/1 

Preprocessing Cost Relations
=====================================

#### Computed strongly connected components 
0. recursive  : [eval_addto_keyring_11/3,eval_addto_keyring_12/3,eval_addto_keyring_13/3,eval_addto_keyring_14/3,eval_addto_keyring_4/2,eval_addto_keyring_5/3,eval_addto_keyring_6/3,eval_addto_keyring_7/3,eval_addto_keyring_8/3,eval_addto_keyring_bb1_in/1]
1. non_recursive  : [eval_addto_keyring_bb7_in/1]
2. non_recursive  : [eval_addto_keyring_17/1]
3. non_recursive  : [eval_addto_keyring_16/1]
4. non_recursive  : [eval_addto_keyring_15/1]
5. non_recursive  : [eval_addto_keyring_10/1]
6. non_recursive  : [eval_addto_keyring_9/1]
7. non_recursive  : [loop_cont_eval_addto_keyring_bb1_in/2]
8. non_recursive  : [eval_addto_keyring_2/1]
9. non_recursive  : [eval_addto_keyring_1/1]
10. non_recursive  : [eval_addto_keyring_bb0_in/1]
11. non_recursive  : [eval_addto_keyring_start/1]

#### Obtained direct recursion through partial evaluation 
0. SCC is partially evaluated into eval_addto_keyring_bb1_in/1
1. SCC is completely evaluated into other SCCs
2. SCC is completely evaluated into other SCCs
3. SCC is completely evaluated into other SCCs
4. SCC is completely evaluated into other SCCs
5. SCC is completely evaluated into other SCCs
6. SCC is completely evaluated into other SCCs
7. SCC is partially evaluated into loop_cont_eval_addto_keyring_bb1_in/2
8. SCC is partially evaluated into eval_addto_keyring_2/1
9. SCC is completely evaluated into other SCCs
10. SCC is completely evaluated into other SCCs
11. SCC is partially evaluated into eval_addto_keyring_start/1

Control-Flow Refinement of Cost Relations
=====================================

### Specialization of cost equations eval_addto_keyring_bb1_in/1 
* CE 8 is refined into CE [12] 
* CE 5 is refined into CE [13] 
* CE 6 is refined into CE [14] 
* CE 7 is refined into CE [15] 


#### Refined cost equations eval_addto_keyring_bb1_in/1 
* CE 12: eval_addto_keyring_bb1_in(B) = 0
     [B=4] 
* CE 13: eval_addto_keyring_bb1_in(B) = 0
     [B=3] 
* CE 14: eval_addto_keyring_bb1_in(B) = 0
     [B=2] 
* CE 15: eval_addto_keyring_bb1_in(B) = 1+ eval_addto_keyring_bb1_in(B)
     [] 

### Cost equations --> "Loop" of eval_addto_keyring_bb1_in/1 
* CEs [15] --> Loop 10 
* CEs [12] --> Loop 11 
* CEs [13] --> Loop 12 
* CEs [14] --> Loop 13 

#### Loops of eval_addto_keyring_bb1_in/1 
* Loop 10: eval_addto_keyring_bb1_in(B)->  eval_addto_keyring_bb1_in(B)
                  [] 
* Loop 11: eval_addto_keyring_bb1_in(B) [B=4] 
* Loop 12: eval_addto_keyring_bb1_in(B) [B=3] 
* Loop 13: eval_addto_keyring_bb1_in(B) [B=2] 

### Ranking functions of CR eval_addto_keyring_bb1_in(B) 

#### Partial ranking functions of CR eval_addto_keyring_bb1_in(B) 


### Resulting Chains:eval_addto_keyring_bb1_in(B) 
* [[10]]...
* [[10],13]
* [[10],12]
* [[10],11]
* [13]
* [12]
* [11]


### Merging Chains  eval_addto_keyring_bb1_in/1 into  External patterns of execution 
* [[13],[13,[10]]] --> 1 
* [[12],[12,[10]]] --> 2 
* [[11],[11,[10]]] --> 3 
* [[[10]]] --> 4 


### Specialization of cost equations loop_cont_eval_addto_keyring_bb1_in/2 
* CE 11 is refined into CE [16] 
* CE 10 is refined into CE [17] 
* CE 9 is refined into CE [18] 


#### Refined cost equations loop_cont_eval_addto_keyring_bb1_in/2 
* CE 16: loop_cont_eval_addto_keyring_bb1_in(C,A) = 0
     [C=4] 
* CE 17: loop_cont_eval_addto_keyring_bb1_in(C,A) = 0
     [C=3] 
* CE 18: loop_cont_eval_addto_keyring_bb1_in(C,A) = 0
     [C=2] 

### Cost equations --> "Loop" of loop_cont_eval_addto_keyring_bb1_in/2 
* CEs [16] --> Loop 14 
* CEs [17] --> Loop 15 
* CEs [18] --> Loop 16 

#### Loops of loop_cont_eval_addto_keyring_bb1_in/2 
* Loop 14: loop_cont_eval_addto_keyring_bb1_in(C,A) [C=4] 
* Loop 15: loop_cont_eval_addto_keyring_bb1_in(C,A) [C=3] 
* Loop 16: loop_cont_eval_addto_keyring_bb1_in(C,A) [C=2] 

### Ranking functions of CR loop_cont_eval_addto_keyring_bb1_in(C,A) 

#### Partial ranking functions of CR loop_cont_eval_addto_keyring_bb1_in(C,A) 


### Resulting Chains:loop_cont_eval_addto_keyring_bb1_in(C,A) 
* [16]
* [15]
* [14]


### Merging Chains  loop_cont_eval_addto_keyring_bb1_in/2 into  External patterns of execution 
* [[16]] --> 1 
* [[15]] --> 2 
* [[14]] --> 3 


### Specialization of cost equations eval_addto_keyring_2/1 
* CE 3 is refined into CE [19] 
* CE 4 is refined into CE [20,21,22,23] 


#### Refined cost equations eval_addto_keyring_2/1 
* CE 19: eval_addto_keyring_2(B) = 0
     [] 
* CE 20: eval_addto_keyring_2(B) = 1+ eval_addto_keyring_bb1_in(C):1+ loop_cont_eval_addto_keyring_bb1_in(D,B):1
     [D=2,C=2] 
* CE 21: eval_addto_keyring_2(B) = 1+ eval_addto_keyring_bb1_in(C):2+ loop_cont_eval_addto_keyring_bb1_in(D,B):2
     [D=3,C=3] 
* CE 22: eval_addto_keyring_2(B) = 1+ eval_addto_keyring_bb1_in(C):3+ loop_cont_eval_addto_keyring_bb1_in(D,B):3
     [D=4,C=4] 
* CE 23: eval_addto_keyring_2(B) = 1+ eval_addto_keyring_bb1_in(C):4
     [] 

### Cost equations --> "Loop" of eval_addto_keyring_2/1 
* CEs [23] --> Loop 17 
* CEs [19,20,21,22] --> Loop 18 

#### Loops of eval_addto_keyring_2/1 
* Loop 17: eval_addto_keyring_2(B) [] 
* Loop 18: eval_addto_keyring_2(B) [] 

### Ranking functions of CR eval_addto_keyring_2(B) 

#### Partial ranking functions of CR eval_addto_keyring_2(B) 


### Resulting Chains:eval_addto_keyring_2(B) 
* [18]
* [17]...


### Merging Chains  eval_addto_keyring_2/1 into  External patterns of execution 
* [[18]] --> 1 
* [[17]] --> 2 


### Specialization of cost equations eval_addto_keyring_start/1 
* CE 2 is refined into CE [24,25] 


#### Refined cost equations eval_addto_keyring_start/1 
* CE 24: eval_addto_keyring_start(B) = 0+ eval_addto_keyring_2(B):1
     [] 
* CE 25: eval_addto_keyring_start(B) = 0+ eval_addto_keyring_2(B):2
     [] 

### Cost equations --> "Loop" of eval_addto_keyring_start/1 
* CEs [25] --> Loop 19 
* CEs [24] --> Loop 20 

#### Loops of eval_addto_keyring_start/1 
* Loop 19: eval_addto_keyring_start(B) [] 
* Loop 20: eval_addto_keyring_start(B) [] 

### Ranking functions of CR eval_addto_keyring_start(B) 

#### Partial ranking functions of CR eval_addto_keyring_start(B) 


### Resulting Chains:eval_addto_keyring_start(B) 
* [20]
* [19]...


### Merging Chains  eval_addto_keyring_start/1 into  External patterns of execution 
* [[20]] --> 1 
* [[19]] --> 2 


Computing Bounds
=====================================

#### Cost of loops [10] 

 * loop 10:eval_addto_keyring_bb1_in(B) -> [eval_addto_keyring_bb1_in(B')] 
1
#### Cost of phase [10]:eval_addto_keyring_bb1_in(B) -> [eval_addto_keyring_bb1_in(B')] 
1*it(10)+0
#### Cost of phase [10]:eval_addto_keyring_bb1_in(B) -> [eval_addto_keyring_bb1_in(B')] 
1*it(10)+0
#### Cost of phase [10]:eval_addto_keyring_bb1_in(B) -> [eval_addto_keyring_bb1_in(B')] 
1*it(10)+0
#### Cost of phase [10]:eval_addto_keyring_bb1_in(B) -> [eval_addto_keyring_bb1_in(B')] 
1*it(10)+0
#### Cost of chains of eval_addto_keyring_bb1_in(B):
* Chain [[10]]...: 1*it(10)+0
  with precondition: [] 

* Chain [[10],13]: 1*it(10)+0
  with precondition: [B=2] 

* Chain [[10],12]: 1*it(10)+0
  with precondition: [B=3] 

* Chain [[10],11]: 1*it(10)+0
  with precondition: [B=4] 

* Chain [13]: 0
  with precondition: [B=2] 

* Chain [12]: 0
  with precondition: [B=3] 

* Chain [11]: 0
  with precondition: [B=4] 


#### Cost of chains of loop_cont_eval_addto_keyring_bb1_in(C,A):
* Chain [16]: 0
  with precondition: [C=2] 

* Chain [15]: 0
  with precondition: [C=3] 

* Chain [14]: 0
  with precondition: [C=4] 


#### Cost of chains of eval_addto_keyring_2(B):
* Chain [18]: 1*aux(4)+0
  with precondition: [] 

* Chain [17]...: 1*s(7)+1
  with precondition: [] 


#### Cost of chains of eval_addto_keyring_start(B):
* Chain [20]: 1*s(8)+0
  with precondition: [] 

* Chain [19]...: 1*s(9)+1
  with precondition: [] 


Closed-form bounds of eval_addto_keyring_start(B): 
-------------------------------------
* Chain [20] with precondition: [] 
    - Upper bound: inf 
    - Complexity: infinity 
* Chain [19]... with precondition: [] 
    - Upper bound: inf 
    - Complexity: infinity 

### Maximum cost of eval_addto_keyring_start(B): inf 
Asymptotic class: infinity 

Time statistics: 
-------------------------------------
* Partial evaluation computed in 11 ms.
* Invariants computed in 2 ms.
   - Backward Invariants 1 ms.
   - Transitive Invariants 1 ms.
* Refinement performed in 13 ms.
* Termination proved in 1 ms.
* Upper bounds computed in 7 ms.
   - Equation cost structures 3 ms.
   - Phase cost structures 1 ms.
   - Chain cost structures 1 ms.
   - Solving cost expressions 0 ms.
* Total analysis performed in 45 ms.

