Warning: Ignored call to eval_randPoolGetBytes_stop/1 in equation eval_randPoolGetBytes_bb5_in/1 

Preprocessing Cost Relations
=====================================

#### Computed strongly connected components 
0. recursive  : [eval_randPoolGetBytes_11/9,eval_randPoolGetBytes_12/9,eval_randPoolGetBytes_8/8,eval_randPoolGetBytes_9/8,eval_randPoolGetBytes_bb1_in/6]
1. non_recursive  : [eval_randPoolGetBytes_bb5_in/1]
2. non_recursive  : [eval_randPoolGetBytes_17/3]
3. non_recursive  : [eval_randPoolGetBytes_16/4]
4. non_recursive  : [loop_cont_eval_randPoolGetBytes_bb1_in/5]
5. non_recursive  : [eval_randPoolGetBytes_bb0_in/3]
6. non_recursive  : [eval_randPoolGetBytes_start/3]

#### Obtained direct recursion through partial evaluation 
0. SCC is partially evaluated into eval_randPoolGetBytes_bb1_in/6
1. SCC is completely evaluated into other SCCs
2. SCC is completely evaluated into other SCCs
3. SCC is completely evaluated into other SCCs
4. SCC is partially evaluated into loop_cont_eval_randPoolGetBytes_bb1_in/5
5. SCC is partially evaluated into eval_randPoolGetBytes_bb0_in/3
6. SCC is partially evaluated into eval_randPoolGetBytes_start/3

Control-Flow Refinement of Cost Relations
=====================================

### Specialization of cost equations eval_randPoolGetBytes_bb1_in/6 
* CE 6 is refined into CE [9] 
* CE 5 is refined into CE [10] 
* CE 4 is refined into CE [11] 


#### Refined cost equations eval_randPoolGetBytes_bb1_in/6 
* CE 9: eval_randPoolGetBytes_bb1_in(V__randPoolGetPos,V__01,B,C,D,E) = 0
     [768>=V__randPoolGetPos+V__01,B=3] 
* CE 10: eval_randPoolGetBytes_bb1_in(A,B,C,A,B,B) = 0
     [768>=A+B,C=2] 
* CE 11: eval_randPoolGetBytes_bb1_in(V__randPoolGetPos,V__01,B,C,D,E) = 1+ eval_randPoolGetBytes_bb1_in(V__randPoolGetPos,F,B,C,D,E)
     [F>=1,F+768=V__randPoolGetPos+V__01] 

### Cost equations --> "Loop" of eval_randPoolGetBytes_bb1_in/6 
* CEs [11] --> Loop 8 
* CEs [9] --> Loop 9 
* CEs [10] --> Loop 10 

#### Loops of eval_randPoolGetBytes_bb1_in/6 
* Loop 8: eval_randPoolGetBytes_bb1_in(V__randPoolGetPos,V__01,B,C,D,E)->  eval_randPoolGetBytes_bb1_in(V__randPoolGetPos,V__01',B,C,D,E)
                  [V__01'>=1,V__01'+768=V__randPoolGetPos+V__01] 
* Loop 9: eval_randPoolGetBytes_bb1_in(V__randPoolGetPos,V__01,B,C,D,E) [768>=V__randPoolGetPos+V__01,B=3] 
* Loop 10: eval_randPoolGetBytes_bb1_in(A,B,C,A,B,B) [768>=A+B,C=2] 

### Ranking functions of CR eval_randPoolGetBytes_bb1_in(V__randPoolGetPos,V__01,B,C,D,E) 

#### Partial ranking functions of CR eval_randPoolGetBytes_bb1_in(V__randPoolGetPos,V__01,B,C,D,E) 


### Resulting Chains:eval_randPoolGetBytes_bb1_in(V__randPoolGetPos,V__01,B,C,D,E) 
* [[8]]...
* [[8],10]
* [[8],9]
* [10]
* [9]


### Merging Chains  eval_randPoolGetBytes_bb1_in/6 into  External patterns of execution 
* [[10]] --> 1 
* [[10,[8]]] --> 2 
* [[9,[8]]] --> 3 
* [[9]] --> 4 
* [[[8]]] --> 5 


### Specialization of cost equations loop_cont_eval_randPoolGetBytes_bb1_in/5 
* CE 8 is refined into CE [12] 
* CE 7 is refined into CE [13] 


#### Refined cost equations loop_cont_eval_randPoolGetBytes_bb1_in/5 
* CE 12: loop_cont_eval_randPoolGetBytes_bb1_in(G,A,B,C,D) = 0
     [G=3] 
* CE 13: loop_cont_eval_randPoolGetBytes_bb1_in(G,A,B,C,D) = 0
     [G=2] 

### Cost equations --> "Loop" of loop_cont_eval_randPoolGetBytes_bb1_in/5 
* CEs [12] --> Loop 11 
* CEs [13] --> Loop 12 

#### Loops of loop_cont_eval_randPoolGetBytes_bb1_in/5 
* Loop 11: loop_cont_eval_randPoolGetBytes_bb1_in(G,A,B,C,D) [G=3] 
* Loop 12: loop_cont_eval_randPoolGetBytes_bb1_in(G,A,B,C,D) [G=2] 

### Ranking functions of CR loop_cont_eval_randPoolGetBytes_bb1_in(G,A,B,C,D) 

#### Partial ranking functions of CR loop_cont_eval_randPoolGetBytes_bb1_in(G,A,B,C,D) 


### Resulting Chains:loop_cont_eval_randPoolGetBytes_bb1_in(G,A,B,C,D) 
* [12]
* [11]


### Merging Chains  loop_cont_eval_randPoolGetBytes_bb1_in/5 into  External patterns of execution 
* [[12]] --> 1 
* [[11]] --> 2 


### Specialization of cost equations eval_randPoolGetBytes_bb0_in/3 
* CE 3 is refined into CE [14,15,16,17,18] 


#### Refined cost equations eval_randPoolGetBytes_bb0_in/3 
* CE 14: eval_randPoolGetBytes_bb0_in(V_len,V__randPoolGetPos,B) = 1+ eval_randPoolGetBytes_bb1_in(V__randPoolGetPos,V_len,C,V__randPoolGetPos,V_len,V_len):1+ loop_cont_eval_randPoolGetBytes_bb1_in(D,V__randPoolGetPos,V_len,V_len,B):1
     [768>=V_len+V__randPoolGetPos,D=2,C=2] 
* CE 15: eval_randPoolGetBytes_bb0_in(V_len,V__randPoolGetPos,B) = 1+ eval_randPoolGetBytes_bb1_in(V__randPoolGetPos,V_len,C,V__randPoolGetPos,D,D):2+ loop_cont_eval_randPoolGetBytes_bb1_in(E,V__randPoolGetPos,D,D,B):1
     [V_len+V__randPoolGetPos>=D+768,768>=V__randPoolGetPos+D,D>=1,E=2,C=2] 
* CE 16: eval_randPoolGetBytes_bb0_in(V_len,V__randPoolGetPos,B) = 1+ eval_randPoolGetBytes_bb1_in(V__randPoolGetPos,V_len,C,D,E,F):3+ loop_cont_eval_randPoolGetBytes_bb1_in(G,D,E,F,B):2
     [V_len+V__randPoolGetPos>=769,767>=V__randPoolGetPos,G=3,C=3] 
* CE 17: eval_randPoolGetBytes_bb0_in(V_len,V__randPoolGetPos,B) = 1+ eval_randPoolGetBytes_bb1_in(V__randPoolGetPos,V_len,C,D,E,F):4+ loop_cont_eval_randPoolGetBytes_bb1_in(G,D,E,F,B):2
     [768>=V_len+V__randPoolGetPos,G=3,C=3] 
* CE 18: eval_randPoolGetBytes_bb0_in(V_len,V__randPoolGetPos,B) = 1+ eval_randPoolGetBytes_bb1_in(V__randPoolGetPos,V_len,C,D,E,F):5
     [V_len+V__randPoolGetPos>=769] 

### Cost equations --> "Loop" of eval_randPoolGetBytes_bb0_in/3 
* CEs [18] --> Loop 13 
* CEs [14,17] --> Loop 14 
* CEs [15,16] --> Loop 15 

#### Loops of eval_randPoolGetBytes_bb0_in/3 
* Loop 13: eval_randPoolGetBytes_bb0_in(V_len,V__randPoolGetPos,B) [V_len+V__randPoolGetPos>=769] 
* Loop 14: eval_randPoolGetBytes_bb0_in(V_len,V__randPoolGetPos,B) [768>=V_len+V__randPoolGetPos] 
* Loop 15: eval_randPoolGetBytes_bb0_in(V_len,V__randPoolGetPos,B) [V_len+V__randPoolGetPos>=769,767>=V__randPoolGetPos] 

### Ranking functions of CR eval_randPoolGetBytes_bb0_in(V_len,V__randPoolGetPos,B) 

#### Partial ranking functions of CR eval_randPoolGetBytes_bb0_in(V_len,V__randPoolGetPos,B) 


### Resulting Chains:eval_randPoolGetBytes_bb0_in(V_len,V__randPoolGetPos,B) 
* [15]
* [14]
* [13]...


### Merging Chains  eval_randPoolGetBytes_bb0_in/3 into  External patterns of execution 
* [[15]] --> 1 
* [[14]] --> 2 
* [[13]] --> 3 


### Specialization of cost equations eval_randPoolGetBytes_start/3 
* CE 2 is refined into CE [19,20,21] 


#### Refined cost equations eval_randPoolGetBytes_start/3 
* CE 19: eval_randPoolGetBytes_start(V_len,V__randPoolGetPos,B) = 0+ eval_randPoolGetBytes_bb0_in(V_len,V__randPoolGetPos,B):1
     [V_len+V__randPoolGetPos>=769,767>=V__randPoolGetPos] 
* CE 20: eval_randPoolGetBytes_start(V_len,V__randPoolGetPos,B) = 0+ eval_randPoolGetBytes_bb0_in(V_len,V__randPoolGetPos,B):2
     [768>=V_len+V__randPoolGetPos] 
* CE 21: eval_randPoolGetBytes_start(V_len,V__randPoolGetPos,B) = 0+ eval_randPoolGetBytes_bb0_in(V_len,V__randPoolGetPos,B):3
     [V_len+V__randPoolGetPos>=769] 

### Cost equations --> "Loop" of eval_randPoolGetBytes_start/3 
* CEs [21] --> Loop 16 
* CEs [20] --> Loop 17 
* CEs [19] --> Loop 18 

#### Loops of eval_randPoolGetBytes_start/3 
* Loop 16: eval_randPoolGetBytes_start(V_len,V__randPoolGetPos,B) [V_len+V__randPoolGetPos>=769] 
* Loop 17: eval_randPoolGetBytes_start(V_len,V__randPoolGetPos,B) [768>=V_len+V__randPoolGetPos] 
* Loop 18: eval_randPoolGetBytes_start(V_len,V__randPoolGetPos,B) [V_len+V__randPoolGetPos>=769,767>=V__randPoolGetPos] 

### Ranking functions of CR eval_randPoolGetBytes_start(V_len,V__randPoolGetPos,B) 

#### Partial ranking functions of CR eval_randPoolGetBytes_start(V_len,V__randPoolGetPos,B) 


### Resulting Chains:eval_randPoolGetBytes_start(V_len,V__randPoolGetPos,B) 
* [18]
* [17]
* [16]...


### Merging Chains  eval_randPoolGetBytes_start/3 into  External patterns of execution 
* [[18]] --> 1 
* [[17]] --> 2 
* [[16]] --> 3 


Computing Bounds
=====================================

#### Cost of loops [8] 

 * loop 8:eval_randPoolGetBytes_bb1_in(V__randPoolGetPos,V__01,B,C,D,E) -> [eval_randPoolGetBytes_bb1_in(V__randPoolGetPos',V__01',B',C',D',E')] 
1
#### Cost of phase [8]:eval_randPoolGetBytes_bb1_in(V__randPoolGetPos,V__01,B,C,D,E) -> [eval_randPoolGetBytes_bb1_in(V__randPoolGetPos',V__01',B',C',D',E')] 
1*it(8)+0
#### Cost of phase [8]:eval_randPoolGetBytes_bb1_in(V__randPoolGetPos,V__01,B,C,D,E) -> [eval_randPoolGetBytes_bb1_in(V__randPoolGetPos',V__01',B',C',D',E')] 
1*it(8)+0
#### Cost of phase [8]:eval_randPoolGetBytes_bb1_in(V__randPoolGetPos,V__01,B,C,D,E) -> [eval_randPoolGetBytes_bb1_in(V__randPoolGetPos',V__01',B',C',D',E')] 
1*it(8)+0
#### Cost of chains of eval_randPoolGetBytes_bb1_in(V__randPoolGetPos,V__01,B,C,D,E):
* Chain [[8]]...: 1*it(8)+0
  with precondition: [V__01+V__randPoolGetPos>=769] 

* Chain [[8],10]: 1*it(8)+0
  with precondition: [B=2,V__randPoolGetPos=C,D=E,D>=1,768>=V__randPoolGetPos+D,V__01+V__randPoolGetPos>=D+768] 

* Chain [[8],9]: 1*it(8)+0
  with precondition: [B=3,767>=V__randPoolGetPos,V__01+V__randPoolGetPos>=769] 

* Chain [10]: 0
  with precondition: [B=2,V__randPoolGetPos=C,V__01=D,V__01=E,768>=V__01+V__randPoolGetPos] 

* Chain [9]: 0
  with precondition: [B=3,768>=V__01+V__randPoolGetPos] 


#### Cost of chains of loop_cont_eval_randPoolGetBytes_bb1_in(G,A,B,C,D):
* Chain [12]: 0
  with precondition: [G=2] 

* Chain [11]: 0
  with precondition: [G=3] 


#### Cost of chains of eval_randPoolGetBytes_bb0_in(V_len,V__randPoolGetPos,B):
* Chain [15]: 1*aux(1)+0
  with precondition: [767>=V__randPoolGetPos,V__randPoolGetPos+V_len>=769] 

* Chain [14]: 1
  with precondition: [768>=V__randPoolGetPos+V_len] 

* Chain [13]...: 1*s(3)+1
  with precondition: [V__randPoolGetPos+V_len>=769] 


#### Cost of chains of eval_randPoolGetBytes_start(V_len,V__randPoolGetPos,B):
* Chain [18]: 1*s(4)+0
  with precondition: [767>=V__randPoolGetPos,V__randPoolGetPos+V_len>=769] 

* Chain [17]: 1
  with precondition: [768>=V__randPoolGetPos+V_len] 

* Chain [16]...: 1*s(5)+1
  with precondition: [V__randPoolGetPos+V_len>=769] 


Closed-form bounds of eval_randPoolGetBytes_start(V_len,V__randPoolGetPos,B): 
-------------------------------------
* Chain [18] with precondition: [767>=V__randPoolGetPos,V_len+V__randPoolGetPos>=769] 
    - Upper bound: inf 
    - Complexity: infinity 
* Chain [17] with precondition: [768>=V_len+V__randPoolGetPos] 
    - Upper bound: 1 
    - Complexity: constant 
* Chain [16]... with precondition: [V_len+V__randPoolGetPos>=769] 
    - Upper bound: inf 
    - Complexity: infinity 

### Maximum cost of eval_randPoolGetBytes_start(V_len,V__randPoolGetPos,B): inf 
Asymptotic class: infinity 

Time statistics: 
-------------------------------------
* Partial evaluation computed in 11 ms.
* Invariants computed in 11 ms.
   - Backward Invariants 8 ms.
   - Transitive Invariants 2 ms.
* Refinement performed in 27 ms.
* Termination proved in 2 ms.
* Upper bounds computed in 18 ms.
   - Equation cost structures 8 ms.
   - Phase cost structures 3 ms.
   - Chain cost structures 6 ms.
   - Solving cost expressions 0 ms.
* Total analysis performed in 87 ms.

