Warning: Ignored call to eval_lookup_by_keyID_stop/1 in equation eval_lookup_by_keyID_bb7_in/1 

Preprocessing Cost Relations
=====================================

#### Computed strongly connected components 
0. recursive  : [eval_lookup_by_keyID_10/5,eval_lookup_by_keyID_11/5,eval_lookup_by_keyID_14/5,eval_lookup_by_keyID_15/6,eval_lookup_by_keyID_2/3,eval_lookup_by_keyID_3/4,eval_lookup_by_keyID_8/5,eval_lookup_by_keyID_9/5,eval_lookup_by_keyID_bb1_in/3,eval_lookup_by_keyID_bb8_in/5]
1. non_recursive  : [eval_lookup_by_keyID_bb7_in/1]
2. non_recursive  : [eval_lookup_by_keyID_13/1]
3. non_recursive  : [eval_lookup_by_keyID_12/2]
4. non_recursive  : [loop_cont_eval_lookup_by_keyID_bb1_in/3]
5. non_recursive  : [eval_lookup_by_keyID_1/1]
6. non_recursive  : [eval_lookup_by_keyID_0/1]
7. non_recursive  : [eval_lookup_by_keyID_bb0_in/1]
8. non_recursive  : [eval_lookup_by_keyID_start/1]

#### Obtained direct recursion through partial evaluation 
0. SCC is partially evaluated into eval_lookup_by_keyID_bb1_in/3
1. SCC is completely evaluated into other SCCs
2. SCC is completely evaluated into other SCCs
3. SCC is completely evaluated into other SCCs
4. SCC is partially evaluated into loop_cont_eval_lookup_by_keyID_bb1_in/3
5. SCC is partially evaluated into eval_lookup_by_keyID_1/1
6. SCC is completely evaluated into other SCCs
7. SCC is completely evaluated into other SCCs
8. SCC is partially evaluated into eval_lookup_by_keyID_start/1

Control-Flow Refinement of Cost Relations
=====================================

### Specialization of cost equations eval_lookup_by_keyID_bb1_in/3 
* CE 5 is refined into CE [9] 
* CE 6 is refined into CE [10] 
* CE 4 is refined into CE [11] 


#### Refined cost equations eval_lookup_by_keyID_bb1_in/3 
* CE 9: eval_lookup_by_keyID_bb1_in(V_keypos_0,B,C) = 0
     [B=3] 
* CE 10: eval_lookup_by_keyID_bb1_in(A,B,A) = 0
     [B=2] 
* CE 11: eval_lookup_by_keyID_bb1_in(V_keypos_0,B,C) = 1+ eval_lookup_by_keyID_bb1_in(D,B,C)
     [] 

### Cost equations --> "Loop" of eval_lookup_by_keyID_bb1_in/3 
* CEs [11] --> Loop 8 
* CEs [9] --> Loop 9 
* CEs [10] --> Loop 10 

#### Loops of eval_lookup_by_keyID_bb1_in/3 
* Loop 8: eval_lookup_by_keyID_bb1_in(V_keypos_0,B,C)->  eval_lookup_by_keyID_bb1_in(V_keypos_0',B,C)
                  [] 
* Loop 9: eval_lookup_by_keyID_bb1_in(V_keypos_0,B,C) [B=3] 
* Loop 10: eval_lookup_by_keyID_bb1_in(A,B,A) [B=2] 

### Ranking functions of CR eval_lookup_by_keyID_bb1_in(V_keypos_0,B,C) 

#### Partial ranking functions of CR eval_lookup_by_keyID_bb1_in(V_keypos_0,B,C) 


### Resulting Chains:eval_lookup_by_keyID_bb1_in(V_keypos_0,B,C) 
* [[8]]...
* [[8],10]
* [[8],9]
* [10]
* [9]


### Merging Chains  eval_lookup_by_keyID_bb1_in/3 into  External patterns of execution 
* [[10],[10,[8]]] --> 1 
* [[9],[9,[8]]] --> 2 
* [[[8]]] --> 3 


### Specialization of cost equations loop_cont_eval_lookup_by_keyID_bb1_in/3 
* CE 8 is refined into CE [12] 
* CE 7 is refined into CE [13] 


#### Refined cost equations loop_cont_eval_lookup_by_keyID_bb1_in/3 
* CE 12: loop_cont_eval_lookup_by_keyID_bb1_in(C,A,B) = 0
     [C=3] 
* CE 13: loop_cont_eval_lookup_by_keyID_bb1_in(C,A,B) = 0
     [C=2] 

### Cost equations --> "Loop" of loop_cont_eval_lookup_by_keyID_bb1_in/3 
* CEs [12] --> Loop 11 
* CEs [13] --> Loop 12 

#### Loops of loop_cont_eval_lookup_by_keyID_bb1_in/3 
* Loop 11: loop_cont_eval_lookup_by_keyID_bb1_in(C,A,B) [C=3] 
* Loop 12: loop_cont_eval_lookup_by_keyID_bb1_in(C,A,B) [C=2] 

### Ranking functions of CR loop_cont_eval_lookup_by_keyID_bb1_in(C,A,B) 

#### Partial ranking functions of CR loop_cont_eval_lookup_by_keyID_bb1_in(C,A,B) 


### Resulting Chains:loop_cont_eval_lookup_by_keyID_bb1_in(C,A,B) 
* [12]
* [11]


### Merging Chains  loop_cont_eval_lookup_by_keyID_bb1_in/3 into  External patterns of execution 
* [[12]] --> 1 
* [[11]] --> 2 


### Specialization of cost equations eval_lookup_by_keyID_1/1 
* CE 3 is refined into CE [14,15,16] 


#### Refined cost equations eval_lookup_by_keyID_1/1 
* CE 14: eval_lookup_by_keyID_1(B) = 1+ eval_lookup_by_keyID_bb1_in(C,D,E):1+ loop_cont_eval_lookup_by_keyID_bb1_in(F,E,B):1
     [F=2,D=2,C=0] 
* CE 15: eval_lookup_by_keyID_1(B) = 1+ eval_lookup_by_keyID_bb1_in(C,D,E):2+ loop_cont_eval_lookup_by_keyID_bb1_in(F,E,B):2
     [F=3,D=3,C=0] 
* CE 16: eval_lookup_by_keyID_1(B) = 1+ eval_lookup_by_keyID_bb1_in(C,D,E):3
     [C=0] 

### Cost equations --> "Loop" of eval_lookup_by_keyID_1/1 
* CEs [16] --> Loop 13 
* CEs [14,15] --> Loop 14 

#### Loops of eval_lookup_by_keyID_1/1 
* Loop 13: eval_lookup_by_keyID_1(B) [] 
* Loop 14: eval_lookup_by_keyID_1(B) [] 

### Ranking functions of CR eval_lookup_by_keyID_1(B) 

#### Partial ranking functions of CR eval_lookup_by_keyID_1(B) 


### Resulting Chains:eval_lookup_by_keyID_1(B) 
* [14]
* [13]...


### Merging Chains  eval_lookup_by_keyID_1/1 into  External patterns of execution 
* [[14]] --> 1 
* [[13]] --> 2 


### Specialization of cost equations eval_lookup_by_keyID_start/1 
* CE 2 is refined into CE [17,18] 


#### Refined cost equations eval_lookup_by_keyID_start/1 
* CE 17: eval_lookup_by_keyID_start(B) = 0+ eval_lookup_by_keyID_1(B):1
     [] 
* CE 18: eval_lookup_by_keyID_start(B) = 0+ eval_lookup_by_keyID_1(B):2
     [] 

### Cost equations --> "Loop" of eval_lookup_by_keyID_start/1 
* CEs [18] --> Loop 15 
* CEs [17] --> Loop 16 

#### Loops of eval_lookup_by_keyID_start/1 
* Loop 15: eval_lookup_by_keyID_start(B) [] 
* Loop 16: eval_lookup_by_keyID_start(B) [] 

### Ranking functions of CR eval_lookup_by_keyID_start(B) 

#### Partial ranking functions of CR eval_lookup_by_keyID_start(B) 


### Resulting Chains:eval_lookup_by_keyID_start(B) 
* [16]
* [15]...


### Merging Chains  eval_lookup_by_keyID_start/1 into  External patterns of execution 
* [[16]] --> 1 
* [[15]] --> 2 


Computing Bounds
=====================================

#### Cost of loops [8] 

 * loop 8:eval_lookup_by_keyID_bb1_in(V_keypos_0,B,C) -> [eval_lookup_by_keyID_bb1_in(V_keypos_0',B',C')] 
1
#### Cost of phase [8]:eval_lookup_by_keyID_bb1_in(V_keypos_0,B,C) -> [eval_lookup_by_keyID_bb1_in(V_keypos_0',B',C')] 
1*it(8)+0
#### Cost of phase [8]:eval_lookup_by_keyID_bb1_in(V_keypos_0,B,C) -> [eval_lookup_by_keyID_bb1_in(V_keypos_0',B',C')] 
1*it(8)+0
#### Cost of phase [8]:eval_lookup_by_keyID_bb1_in(V_keypos_0,B,C) -> [eval_lookup_by_keyID_bb1_in(V_keypos_0',B',C')] 
1*it(8)+0
#### Cost of chains of eval_lookup_by_keyID_bb1_in(V_keypos_0,B,C):
* Chain [[8]]...: 1*it(8)+0
  with precondition: [] 

* Chain [[8],10]: 1*it(8)+0
  with precondition: [B=2] 

* Chain [[8],9]: 1*it(8)+0
  with precondition: [B=3] 

* Chain [10]: 0
  with precondition: [B=2,C=V_keypos_0] 

* Chain [9]: 0
  with precondition: [B=3] 


#### Cost of chains of loop_cont_eval_lookup_by_keyID_bb1_in(C,A,B):
* Chain [12]: 0
  with precondition: [C=2] 

* Chain [11]: 0
  with precondition: [C=3] 


#### Cost of chains of eval_lookup_by_keyID_1(B):
* Chain [14]: 1*aux(3)+0
  with precondition: [] 

* Chain [13]...: 1*s(5)+1
  with precondition: [] 


#### Cost of chains of eval_lookup_by_keyID_start(B):
* Chain [16]: 1*s(6)+0
  with precondition: [] 

* Chain [15]...: 1*s(7)+1
  with precondition: [] 


Closed-form bounds of eval_lookup_by_keyID_start(B): 
-------------------------------------
* Chain [16] with precondition: [] 
    - Upper bound: inf 
    - Complexity: infinity 
* Chain [15]... with precondition: [] 
    - Upper bound: inf 
    - Complexity: infinity 

### Maximum cost of eval_lookup_by_keyID_start(B): inf 
Asymptotic class: infinity 

Time statistics: 
-------------------------------------
* Partial evaluation computed in 39 ms.
* Invariants computed in 13 ms.
   - Backward Invariants 9 ms.
   - Transitive Invariants 1 ms.
* Refinement performed in 30 ms.
* Termination proved in 2 ms.
* Upper bounds computed in 21 ms.
   - Equation cost structures 9 ms.
   - Phase cost structures 4 ms.
   - Chain cost structures 6 ms.
   - Solving cost expressions 1 ms.
* Total analysis performed in 153 ms.

