Warning: Ignored call to eval_cryptRandInit_stop/1 in equation eval_cryptRandInit_13/1 

Preprocessing Cost Relations
=====================================

#### Computed strongly connected components 
0. recursive  : [eval_cryptRandInit_2/4,eval_cryptRandInit_3/4,eval_cryptRandInit_bb1_in/4]
1. non_recursive  : [eval_cryptRandInit_13/1]
2. non_recursive  : [eval_cryptRandInit_12/2]
3. non_recursive  : [eval_cryptRandInit_11/2]
4. non_recursive  : [eval_cryptRandInit_10/2]
5. non_recursive  : [eval_cryptRandInit_bb5_in/2]
6. non_recursive  : [eval_cryptRandInit_9/2]
7. non_recursive  : [eval_cryptRandInit_8/2]
8. non_recursive  : [loop_cont_eval_cryptRandInit_bb1_in/3]
9. non_recursive  : [eval_cryptRandInit_bb0_in/2]
10. non_recursive  : [eval_cryptRandInit_start/2]

#### Obtained direct recursion through partial evaluation 
0. SCC is partially evaluated into eval_cryptRandInit_bb1_in/4
1. SCC is completely evaluated into other SCCs
2. SCC is completely evaluated into other SCCs
3. SCC is completely evaluated into other SCCs
4. SCC is completely evaluated into other SCCs
5. SCC is completely evaluated into other SCCs
6. SCC is completely evaluated into other SCCs
7. SCC is completely evaluated into other SCCs
8. SCC is partially evaluated into loop_cont_eval_cryptRandInit_bb1_in/3
9. SCC is partially evaluated into eval_cryptRandInit_bb0_in/2
10. SCC is partially evaluated into eval_cryptRandInit_start/2

Control-Flow Refinement of Cost Relations
=====================================

### Specialization of cost equations eval_cryptRandInit_bb1_in/4 
* CE 6 is refined into CE [9] 
* CE 5 is refined into CE [10] 
* CE 4 is refined into CE [11] 


#### Refined cost equations eval_cryptRandInit_bb1_in/4 
* CE 9: eval_cryptRandInit_bb1_in(A,B,C,A) = 0
     [B>=24,C=3] 
* CE 10: eval_cryptRandInit_bb1_in(A,B,C,A) = 0
     [B>=24,C=2] 
* CE 11: eval_cryptRandInit_bb1_in(V__randSeedOpen,V_i_0,B,C) = 1+ eval_cryptRandInit_bb1_in(V__randSeedOpen,D,B,C)
     [V_i_0>=0,23>=V_i_0,V_i_0+1=D] 

### Cost equations --> "Loop" of eval_cryptRandInit_bb1_in/4 
* CEs [11] --> Loop 8 
* CEs [9] --> Loop 9 
* CEs [10] --> Loop 10 

#### Loops of eval_cryptRandInit_bb1_in/4 
* Loop 8: eval_cryptRandInit_bb1_in(V__randSeedOpen,V_i_0,B,C)->  eval_cryptRandInit_bb1_in(V__randSeedOpen,V_i_0',B,C)
                  [V_i_0>=0,23>=V_i_0,V_i_0+1=V_i_0'] 
* Loop 9: eval_cryptRandInit_bb1_in(A,B,C,A) [B>=24,C=3] 
* Loop 10: eval_cryptRandInit_bb1_in(A,B,C,A) [B>=24,C=2] 

### Ranking functions of CR eval_cryptRandInit_bb1_in(V__randSeedOpen,V_i_0,B,C) 
* RF of phase [8]: [-V_i_0+24]

#### Partial ranking functions of CR eval_cryptRandInit_bb1_in(V__randSeedOpen,V_i_0,B,C) 
* Partial RF of phase [8]:
  - RF of loop [8:1]:
    -V_i_0+24


### Resulting Chains:eval_cryptRandInit_bb1_in(V__randSeedOpen,V_i_0,B,C) 
* [[8],10]
* [[8],9]


### Merging Chains  eval_cryptRandInit_bb1_in/4 into  External patterns of execution 
* [[10,[8]]] --> 1 
* [[9,[8]]] --> 2 


### Specialization of cost equations loop_cont_eval_cryptRandInit_bb1_in/3 
* CE 8 is refined into CE [12] 
* CE 7 is refined into CE [13] 


#### Refined cost equations loop_cont_eval_cryptRandInit_bb1_in/3 
* CE 12: loop_cont_eval_cryptRandInit_bb1_in(D,A,B) = 0
     [D=3] 
* CE 13: loop_cont_eval_cryptRandInit_bb1_in(D,A,B) = 0
     [D=2] 

### Cost equations --> "Loop" of loop_cont_eval_cryptRandInit_bb1_in/3 
* CEs [12] --> Loop 11 
* CEs [13] --> Loop 12 

#### Loops of loop_cont_eval_cryptRandInit_bb1_in/3 
* Loop 11: loop_cont_eval_cryptRandInit_bb1_in(D,A,B) [D=3] 
* Loop 12: loop_cont_eval_cryptRandInit_bb1_in(D,A,B) [D=2] 

### Ranking functions of CR loop_cont_eval_cryptRandInit_bb1_in(D,A,B) 

#### Partial ranking functions of CR loop_cont_eval_cryptRandInit_bb1_in(D,A,B) 


### Resulting Chains:loop_cont_eval_cryptRandInit_bb1_in(D,A,B) 
* [12]
* [11]


### Merging Chains  loop_cont_eval_cryptRandInit_bb1_in/3 into  External patterns of execution 
* [[12]] --> 1 
* [[11]] --> 2 


### Specialization of cost equations eval_cryptRandInit_bb0_in/2 
* CE 3 is refined into CE [14,15] 


#### Refined cost equations eval_cryptRandInit_bb0_in/2 
* CE 14: eval_cryptRandInit_bb0_in(V__randSeedOpen,B) = 1+ eval_cryptRandInit_bb1_in(V__randSeedOpen,C,D,V__randSeedOpen):1+ loop_cont_eval_cryptRandInit_bb1_in(E,V__randSeedOpen,B):1
     [E=2,D=2,C=0] 
* CE 15: eval_cryptRandInit_bb0_in(V__randSeedOpen,B) = 1+ eval_cryptRandInit_bb1_in(V__randSeedOpen,C,D,V__randSeedOpen):2+ loop_cont_eval_cryptRandInit_bb1_in(E,V__randSeedOpen,B):2
     [E=3,D=3,C=0] 

### Cost equations --> "Loop" of eval_cryptRandInit_bb0_in/2 
* CEs [14,15] --> Loop 13 

#### Loops of eval_cryptRandInit_bb0_in/2 
* Loop 13: eval_cryptRandInit_bb0_in(V__randSeedOpen,B) [] 

### Ranking functions of CR eval_cryptRandInit_bb0_in(V__randSeedOpen,B) 

#### Partial ranking functions of CR eval_cryptRandInit_bb0_in(V__randSeedOpen,B) 


### Resulting Chains:eval_cryptRandInit_bb0_in(V__randSeedOpen,B) 
* [13]


### Merging Chains  eval_cryptRandInit_bb0_in/2 into  External patterns of execution 
* [[13]] --> 1 


### Specialization of cost equations eval_cryptRandInit_start/2 
* CE 2 is refined into CE [16] 


#### Refined cost equations eval_cryptRandInit_start/2 
* CE 16: eval_cryptRandInit_start(V__randSeedOpen,B) = 0+ eval_cryptRandInit_bb0_in(V__randSeedOpen,B):1
     [] 

### Cost equations --> "Loop" of eval_cryptRandInit_start/2 
* CEs [16] --> Loop 14 

#### Loops of eval_cryptRandInit_start/2 
* Loop 14: eval_cryptRandInit_start(V__randSeedOpen,B) [] 

### Ranking functions of CR eval_cryptRandInit_start(V__randSeedOpen,B) 

#### Partial ranking functions of CR eval_cryptRandInit_start(V__randSeedOpen,B) 


### Resulting Chains:eval_cryptRandInit_start(V__randSeedOpen,B) 
* [14]


### Merging Chains  eval_cryptRandInit_start/2 into  External patterns of execution 
* [[14]] --> 1 


Computing Bounds
=====================================

#### Cost of loops [8] 

 * loop 8:eval_cryptRandInit_bb1_in(V__randSeedOpen,V_i_0,B,C) -> [eval_cryptRandInit_bb1_in(V__randSeedOpen',V_i_0',B',C')] 
1
#### Cost of phase [8]:eval_cryptRandInit_bb1_in(V__randSeedOpen,V_i_0,B,C) -> [eval_cryptRandInit_bb1_in(V__randSeedOpen',V_i_0',B',C')] 
1*it(8)+0
  Such that:it(8) =< -V_i_0+24
it(8) =< -V_i_0+V_i_0'

#### Cost of phase [8]:eval_cryptRandInit_bb1_in(V__randSeedOpen,V_i_0,B,C) -> [eval_cryptRandInit_bb1_in(V__randSeedOpen',V_i_0',B',C')] 
1*it(8)+0
  Such that:it(8) =< -V_i_0+24
it(8) =< -V_i_0+V_i_0'

#### Cost of chains of eval_cryptRandInit_bb1_in(V__randSeedOpen,V_i_0,B,C):
* Chain [[8],10]: 1*it(8)+0
  Such that:it(8) =< -V_i_0+24

  with precondition: [B=2,V__randSeedOpen=C,23>=V_i_0,V_i_0>=0] 

* Chain [[8],9]: 1*it(8)+0
  Such that:it(8) =< -V_i_0+24

  with precondition: [B=3,V__randSeedOpen=C,23>=V_i_0,V_i_0>=0] 


#### Cost of chains of loop_cont_eval_cryptRandInit_bb1_in(D,A,B):
* Chain [12]: 0
  with precondition: [D=2] 

* Chain [11]: 0
  with precondition: [D=3] 


#### Cost of chains of eval_cryptRandInit_bb0_in(V__randSeedOpen,B):
* Chain [13]: 49
  with precondition: [] 


#### Cost of chains of eval_cryptRandInit_start(V__randSeedOpen,B):
* Chain [14]: 49
  with precondition: [] 


Closed-form bounds of eval_cryptRandInit_start(V__randSeedOpen,B): 
-------------------------------------
* Chain [14] with precondition: [] 
    - Upper bound: 49 
    - Complexity: constant 

### Maximum cost of eval_cryptRandInit_start(V__randSeedOpen,B): 49 
Asymptotic class: constant 

Time statistics: 
-------------------------------------
* Partial evaluation computed in 9 ms.
* Invariants computed in 7 ms.
   - Backward Invariants 4 ms.
   - Transitive Invariants 1 ms.
* Refinement performed in 12 ms.
* Termination proved in 2 ms.
* Upper bounds computed in 11 ms.
   - Equation cost structures 3 ms.
   - Phase cost structures 3 ms.
   - Chain cost structures 5 ms.
   - Solving cost expressions 0 ms.
* Total analysis performed in 57 ms.

