Warning: Ignored call to eval_decryptfile_stop/1 in equation eval_decryptfile_bb63_in/1 

Preprocessing Cost Relations
=====================================

#### Computed strongly connected components 
0. non_recursive  : [eval_decryptfile_bb63_in/1]
1. non_recursive  : [eval_decryptfile_8/1]
2. non_recursive  : [eval_decryptfile_7/4]
3. non_recursive  : [eval_decryptfile_6/4]
4. recursive  : [eval_decryptfile_10/14,eval_decryptfile_11/14,eval_decryptfile_20/15,eval_decryptfile_21/15,eval_decryptfile_22/16,eval_decryptfile_24/17,eval_decryptfile_25/17,eval_decryptfile_28/17,eval_decryptfile_29/17,eval_decryptfile_30/17,eval_decryptfile_31/17,eval_decryptfile_32/17,eval_decryptfile_33/17,eval_decryptfile_34/17,eval_decryptfile_35/17,eval_decryptfile_36/17,eval_decryptfile_37/17,eval_decryptfile_38/18,eval_decryptfile_40/19,eval_decryptfile_41/19,eval_decryptfile_48/20,eval_decryptfile_49/20,eval_decryptfile_54/20,eval_decryptfile_55/20,eval_decryptfile_58/20,eval_decryptfile_59/20,eval_decryptfile_60/20,eval_decryptfile_61/20,eval_decryptfile_62/20,eval_decryptfile_63/21,eval_decryptfile_78/21,eval_decryptfile_79/21,eval_decryptfile_80/21,eval_decryptfile_81/22,eval_decryptfile_bb11_in/17,eval_decryptfile_bb17_in/20,eval_decryptfile_bb20_in/20,eval_decryptfile_bb29_in/21,eval_decryptfile_bb30_in/18,eval_decryptfile_bb5_in/14]
5. non_recursive  : [eval_decryptfile_180/1]
6. non_recursive  : [eval_decryptfile_179/4]
7. non_recursive  : [eval_decryptfile_178/4]
8. non_recursive  : [eval_decryptfile_177/4]
9. non_recursive  : [eval_decryptfile_27/1]
10. non_recursive  : [eval_decryptfile_26/4]
11. non_recursive  : [eval_decryptfile_43/1]
12. non_recursive  : [eval_decryptfile_42/4]
13. non_recursive  : [eval_decryptfile_75/1]
14. non_recursive  : [eval_decryptfile_74/4]
15. non_recursive  : [eval_decryptfile_bb26_in/4]
16. non_recursive  : [eval_decryptfile_69/4]
17. non_recursive  : [eval_decryptfile_68/4]
18. non_recursive  : [eval_decryptfile_67/4]
19. non_recursive  : [eval_decryptfile_71/4]
20. non_recursive  : [eval_decryptfile_70/4]
21. non_recursive  : [eval_decryptfile_73/4]
22. non_recursive  : [eval_decryptfile_72/5]
23. non_recursive  : [eval_decryptfile_NewDefault_in/5]
24. non_recursive  : [eval_decryptfile_66/4]
25. non_recursive  : [eval_decryptfile_65/4]
26. non_recursive  : [eval_decryptfile_64/4]
27. non_recursive  : [eval_decryptfile_bb22_in/4]
28. recursive  : [eval_decryptfile_100/13,eval_decryptfile_93/13,eval_decryptfile_94/13,eval_decryptfile_95/13,eval_decryptfile_96/13,eval_decryptfile_97/13,eval_decryptfile_98/13,eval_decryptfile_99/13,eval_decryptfile_bb36_in/13,eval_decryptfile_bb40_in/13]
29. recursive  : [eval_decryptfile_103/13,eval_decryptfile_104/13,eval_decryptfile_bb42_in/13]
30. non_recursive  : [eval_decryptfile_113/1]
31. non_recursive  : [eval_decryptfile_112/4]
32. non_recursive  : [eval_decryptfile_125/1]
33. non_recursive  : [eval_decryptfile_124/4]
34. non_recursive  : [eval_decryptfile_123/4]
35. non_recursive  : [eval_decryptfile_122/4]
36. non_recursive  : [eval_decryptfile_172/1]
37. non_recursive  : [eval_decryptfile_171/4]
38. non_recursive  : [eval_decryptfile_170/4]
39. non_recursive  : [eval_decryptfile_169/4]
40. non_recursive  : [eval_decryptfile_168/4]
41. non_recursive  : [eval_decryptfile_167/4]
42. non_recursive  : [eval_decryptfile_166/4]
43. non_recursive  : [eval_decryptfile_165/4]
44. non_recursive  : [eval_decryptfile_bb60_in/4]
45. non_recursive  : [eval_decryptfile_130/4]
46. non_recursive  : [eval_decryptfile_129/4]
47. non_recursive  : [eval_decryptfile_128/4]
48. non_recursive  : [eval_decryptfile_161/1]
49. non_recursive  : [eval_decryptfile_160/4]
50. non_recursive  : [eval_decryptfile_159/4]
51. non_recursive  : [eval_decryptfile_158/4]
52. non_recursive  : [eval_decryptfile_157/4]
53. non_recursive  : [eval_decryptfile_156/4]
54. non_recursive  : [eval_decryptfile_155/4]
55. non_recursive  : [eval_decryptfile_154/4]
56. non_recursive  : [eval_decryptfile_153/4]
57. non_recursive  : [eval_decryptfile_152/4]
58. non_recursive  : [eval_decryptfile_151/4]
59. non_recursive  : [eval_decryptfile_bb57_in/4]
60. non_recursive  : [eval_decryptfile_150/4]
61. non_recursive  : [eval_decryptfile_149/4]
62. non_recursive  : [eval_decryptfile_bb55_in/4]
63. non_recursive  : [eval_decryptfile_146/4]
64. non_recursive  : [eval_decryptfile_145/4]
65. non_recursive  : [eval_decryptfile_144/4]
66. non_recursive  : [eval_decryptfile_143/4]
67. non_recursive  : [eval_decryptfile_142/5]
68. non_recursive  : [eval_decryptfile_141/5]
69. non_recursive  : [eval_decryptfile_164/4]
70. non_recursive  : [eval_decryptfile_163/4]
71. non_recursive  : [eval_decryptfile_bb59_in/4]
72. non_recursive  : [eval_decryptfile_132/4]
73. non_recursive  : [eval_decryptfile_131/4]
74. non_recursive  : [eval_decryptfile_127/4]
75. non_recursive  : [eval_decryptfile_126/4]
76. non_recursive  : [eval_decryptfile_120/4]
77. non_recursive  : [eval_decryptfile_119/5]
78. non_recursive  : [eval_decryptfile_117/5]
79. non_recursive  : [eval_decryptfile_116/5]
80. non_recursive  : [eval_decryptfile_111/5]
81. non_recursive  : [eval_decryptfile_110/6]
82. non_recursive  : [eval_decryptfile_106/6]
83. non_recursive  : [eval_decryptfile_105/7]
84. non_recursive  : [eval_decryptfile_176/1]
85. non_recursive  : [eval_decryptfile_175/4]
86. non_recursive  : [eval_decryptfile_174/4]
87. non_recursive  : [eval_decryptfile_173/4]
88. non_recursive  : [loop_cont_eval_decryptfile_bb42_in/8]
89. non_recursive  : [eval_decryptfile_102/7]
90. non_recursive  : [eval_decryptfile_101/7]
91. non_recursive  : [loop_cont_eval_decryptfile_bb36_in/8]
92. non_recursive  : [eval_decryptfile_89/7]
93. non_recursive  : [eval_decryptfile_88/7]
94. non_recursive  : [eval_decryptfile_92/7]
95. non_recursive  : [eval_decryptfile_91/7]
96. non_recursive  : [eval_decryptfile_90/7]
97. non_recursive  : [eval_decryptfile_87/7]
98. non_recursive  : [eval_decryptfile_86/7]
99. non_recursive  : [eval_decryptfile_85/7]
100. non_recursive  : [eval_decryptfile_bb33_in/7]
101. non_recursive  : [loop_cont_eval_decryptfile_bb5_in/8]
102. non_recursive  : [eval_decryptfile_5/4]
103. non_recursive  : [eval_decryptfile_4/4]
104. non_recursive  : [eval_decryptfile_bb2_in/4]
105. non_recursive  : [eval_decryptfile_3/4]
106. non_recursive  : [eval_decryptfile_2/4]
107. non_recursive  : [eval_decryptfile_bb0_in/4]
108. non_recursive  : [eval_decryptfile_start/4]

#### Obtained direct recursion through partial evaluation 
0. SCC is completely evaluated into other SCCs
1. SCC is completely evaluated into other SCCs
2. SCC is completely evaluated into other SCCs
3. SCC is completely evaluated into other SCCs
4. SCC is partially evaluated into eval_decryptfile_bb5_in/14
5. SCC is completely evaluated into other SCCs
6. SCC is completely evaluated into other SCCs
7. SCC is completely evaluated into other SCCs
8. SCC is completely evaluated into other SCCs
9. SCC is completely evaluated into other SCCs
10. SCC is completely evaluated into other SCCs
11. SCC is completely evaluated into other SCCs
12. SCC is completely evaluated into other SCCs
13. SCC is completely evaluated into other SCCs
14. SCC is completely evaluated into other SCCs
15. SCC is completely evaluated into other SCCs
16. SCC is completely evaluated into other SCCs
17. SCC is completely evaluated into other SCCs
18. SCC is completely evaluated into other SCCs
19. SCC is completely evaluated into other SCCs
20. SCC is completely evaluated into other SCCs
21. SCC is completely evaluated into other SCCs
22. SCC is completely evaluated into other SCCs
23. SCC is completely evaluated into other SCCs
24. SCC is completely evaluated into other SCCs
25. SCC is completely evaluated into other SCCs
26. SCC is completely evaluated into other SCCs
27. SCC is completely evaluated into other SCCs
28. SCC is partially evaluated into eval_decryptfile_bb36_in/13
29. SCC is partially evaluated into eval_decryptfile_bb42_in/13
30. SCC is completely evaluated into other SCCs
31. SCC is completely evaluated into other SCCs
32. SCC is completely evaluated into other SCCs
33. SCC is completely evaluated into other SCCs
34. SCC is completely evaluated into other SCCs
35. SCC is completely evaluated into other SCCs
36. SCC is completely evaluated into other SCCs
37. SCC is completely evaluated into other SCCs
38. SCC is completely evaluated into other SCCs
39. SCC is completely evaluated into other SCCs
40. SCC is completely evaluated into other SCCs
41. SCC is completely evaluated into other SCCs
42. SCC is completely evaluated into other SCCs
43. SCC is completely evaluated into other SCCs
44. SCC is completely evaluated into other SCCs
45. SCC is completely evaluated into other SCCs
46. SCC is completely evaluated into other SCCs
47. SCC is completely evaluated into other SCCs
48. SCC is completely evaluated into other SCCs
49. SCC is completely evaluated into other SCCs
50. SCC is completely evaluated into other SCCs
51. SCC is completely evaluated into other SCCs
52. SCC is completely evaluated into other SCCs
53. SCC is completely evaluated into other SCCs
54. SCC is completely evaluated into other SCCs
55. SCC is completely evaluated into other SCCs
56. SCC is partially evaluated into eval_decryptfile_153/4
57. SCC is completely evaluated into other SCCs
58. SCC is completely evaluated into other SCCs
59. SCC is completely evaluated into other SCCs
60. SCC is completely evaluated into other SCCs
61. SCC is completely evaluated into other SCCs
62. SCC is partially evaluated into eval_decryptfile_bb55_in/4
63. SCC is completely evaluated into other SCCs
64. SCC is completely evaluated into other SCCs
65. SCC is completely evaluated into other SCCs
66. SCC is partially evaluated into eval_decryptfile_143/4
67. SCC is completely evaluated into other SCCs
68. SCC is completely evaluated into other SCCs
69. SCC is completely evaluated into other SCCs
70. SCC is completely evaluated into other SCCs
71. SCC is completely evaluated into other SCCs
72. SCC is partially evaluated into eval_decryptfile_132/4
73. SCC is completely evaluated into other SCCs
74. SCC is partially evaluated into eval_decryptfile_127/4
75. SCC is completely evaluated into other SCCs
76. SCC is partially evaluated into eval_decryptfile_120/4
77. SCC is completely evaluated into other SCCs
78. SCC is completely evaluated into other SCCs
79. SCC is completely evaluated into other SCCs
80. SCC is partially evaluated into eval_decryptfile_111/5
81. SCC is completely evaluated into other SCCs
82. SCC is completely evaluated into other SCCs
83. SCC is completely evaluated into other SCCs
84. SCC is completely evaluated into other SCCs
85. SCC is completely evaluated into other SCCs
86. SCC is completely evaluated into other SCCs
87. SCC is completely evaluated into other SCCs
88. SCC is partially evaluated into loop_cont_eval_decryptfile_bb42_in/8
89. SCC is partially evaluated into eval_decryptfile_102/7
90. SCC is completely evaluated into other SCCs
91. SCC is completely evaluated into other SCCs
92. SCC is partially evaluated into eval_decryptfile_89/7
93. SCC is completely evaluated into other SCCs
94. SCC is partially evaluated into eval_decryptfile_92/7
95. SCC is completely evaluated into other SCCs
96. SCC is completely evaluated into other SCCs
97. SCC is partially evaluated into eval_decryptfile_87/7
98. SCC is completely evaluated into other SCCs
99. SCC is completely evaluated into other SCCs
100. SCC is completely evaluated into other SCCs
101. SCC is partially evaluated into loop_cont_eval_decryptfile_bb5_in/8
102. SCC is partially evaluated into eval_decryptfile_5/4
103. SCC is completely evaluated into other SCCs
104. SCC is completely evaluated into other SCCs
105. SCC is completely evaluated into other SCCs
106. SCC is completely evaluated into other SCCs
107. SCC is partially evaluated into eval_decryptfile_bb0_in/4
108. SCC is partially evaluated into eval_decryptfile_start/4

Control-Flow Refinement of Cost Relations
=====================================

### Specialization of cost equations eval_decryptfile_bb5_in/14 
* CE 10 is discarded (unfeasible) 
* CE 12 is discarded (unfeasible) 
* CE 6 is refined into CE [57] 
* CE 9 is discarded (unfeasible) 
* CE 11 is discarded (unfeasible) 
* CE 14 is discarded (unfeasible) 
* CE 16 is discarded (unfeasible) 
* CE 7 is refined into CE [58] 
* CE 13 is discarded (unfeasible) 
* CE 15 is discarded (unfeasible) 
* CE 19 is refined into CE [59] 
* CE 20 is refined into CE [60] 
* CE 21 is refined into CE [61] 
* CE 22 is refined into CE [62] 
* CE 23 is refined into CE [63] 
* CE 24 is refined into CE [64] 
* CE 8 is refined into CE [65] 
* CE 18 is refined into CE [66] 
* CE 17 is refined into CE [67] 


#### Refined cost equations eval_decryptfile_bb5_in/14 
* CE 57: eval_decryptfile_bb5_in(A,B,C,D,E,F,G,H,I,B,C,D,E,G) = 0
     [D>=0,130>=D,I=130,H=10,F=0] 
* CE 58: eval_decryptfile_bb5_in(A,B,C,D,E,F,G,H,I,B,C,D,E,G) = 0
     [D>=0,130>=D,I=130,H=9,F=0] 
* CE 59: eval_decryptfile_bb5_in(A,B,C,D,E,F,G,H,I,B,C,J,K,L) = 0
     [D>=0,130>=D,I=130,H=8,F=0] 
* CE 60: eval_decryptfile_bb5_in(A,B,C,D,E,F,G,H,I,B,C,J,K,L) = 0
     [D>=0,130>=D,I=130,H=7,F=0] 
* CE 61: eval_decryptfile_bb5_in(A,B,C,D,E,F,G,H,I,B,C,J,K,L) = 0
     [D>=0,130>=D,I=130,H=6,F=0] 
* CE 62: eval_decryptfile_bb5_in(A,B,C,D,E,F,G,H,I,B,C,J,K,L) = 0
     [D>=0,130>=D,I=130,H=5,F=0] 
* CE 63: eval_decryptfile_bb5_in(A,B,C,D,E,F,G,H,I,B,C,J,K,L) = 0
     [D>=0,130>=D,I=130,H=4,F=0] 
* CE 64: eval_decryptfile_bb5_in(A,B,C,D,E,F,G,H,I,B,C,J,K,L) = 0
     [D>=0,130>=D,I=130,H=3,F=0] 
* CE 65: eval_decryptfile_bb5_in(A,B,C,D,E,F,G,H,I,B,C,J,K,L) = 0
     [D>=0,130>=D,I=130,H=2,F=0] 
* CE 66: eval_decryptfile_bb5_in(V__global_precision,V__verbose,V__quietmode,V_realprecision_0,V_fpos_0,V_end_of_pkes_0,V_count_0,B,C,D,E,F,G,H) = 1+ eval_decryptfile_bb5_in(I,V__verbose,V__quietmode,V_realprecision_0,J,K,L,B,C,D,E,F,G,H)
     [V_realprecision_0>=0,130>=V_realprecision_0,K=0,I=130,V_end_of_pkes_0=0] 
* CE 67: eval_decryptfile_bb5_in(V__global_precision,V__verbose,V__quietmode,V_realprecision_0,V_fpos_0,V_end_of_pkes_0,V_count_0,B,C,D,E,F,G,H) = 1+ eval_decryptfile_bb5_in(I,V__verbose,V__quietmode,J,K,L,M,B,C,D,E,F,G,H)
     [V_realprecision_0>=0,130>=V_realprecision_0,L=0,J=130,I=130,V_end_of_pkes_0=0] 

### Cost equations --> "Loop" of eval_decryptfile_bb5_in/14 
* CEs [66] --> Loop 50 
* CEs [67] --> Loop 51 
* CEs [57] --> Loop 52 
* CEs [58] --> Loop 53 
* CEs [59] --> Loop 54 
* CEs [60] --> Loop 55 
* CEs [61] --> Loop 56 
* CEs [62] --> Loop 57 
* CEs [63] --> Loop 58 
* CEs [64] --> Loop 59 
* CEs [65] --> Loop 60 

#### Loops of eval_decryptfile_bb5_in/14 
* Loop 50: eval_decryptfile_bb5_in(V__global_precision,V__verbose,V__quietmode,V_realprecision_0,V_fpos_0,V_end_of_pkes_0,V_count_0,B,C,D,E,F,G,H)->  eval_decryptfile_bb5_in(V__global_precision',V__verbose,V__quietmode,V_realprecision_0,V_fpos_0',V_end_of_pkes_0',V_count_0',B,C,D,E,F,G,H)
                  [V_realprecision_0>=0,130>=V_realprecision_0,V_end_of_pkes_0'=0,V__global_precision'=130,V_end_of_pkes_0=0] 
* Loop 51: eval_decryptfile_bb5_in(V__global_precision,V__verbose,V__quietmode,V_realprecision_0,V_fpos_0,V_end_of_pkes_0,V_count_0,B,C,D,E,F,G,H)->  eval_decryptfile_bb5_in(V__global_precision',V__verbose,V__quietmode,V_realprecision_0',V_fpos_0',V_end_of_pkes_0',V_count_0',B,C,D,E,F,G,H)
                  [V_realprecision_0>=0,130>=V_realprecision_0,V_end_of_pkes_0'=0,V_realprecision_0'=130,V__global_precision'=130,V_end_of_pkes_0=0] 
* Loop 52: eval_decryptfile_bb5_in(A,B,C,D,E,F,G,H,I,B,C,D,E,G) [D>=0,130>=D,I=130,H=10,F=0] 
* Loop 53: eval_decryptfile_bb5_in(A,B,C,D,E,F,G,H,I,B,C,D,E,G) [D>=0,130>=D,I=130,H=9,F=0] 
* Loop 54: eval_decryptfile_bb5_in(A,B,C,D,E,F,G,H,I,B,C,J,K,L) [D>=0,130>=D,I=130,H=8,F=0] 
* Loop 55: eval_decryptfile_bb5_in(A,B,C,D,E,F,G,H,I,B,C,J,K,L) [D>=0,130>=D,I=130,H=7,F=0] 
* Loop 56: eval_decryptfile_bb5_in(A,B,C,D,E,F,G,H,I,B,C,J,K,L) [D>=0,130>=D,I=130,H=6,F=0] 
* Loop 57: eval_decryptfile_bb5_in(A,B,C,D,E,F,G,H,I,B,C,J,K,L) [D>=0,130>=D,I=130,H=5,F=0] 
* Loop 58: eval_decryptfile_bb5_in(A,B,C,D,E,F,G,H,I,B,C,J,K,L) [D>=0,130>=D,I=130,H=4,F=0] 
* Loop 59: eval_decryptfile_bb5_in(A,B,C,D,E,F,G,H,I,B,C,J,K,L) [D>=0,130>=D,I=130,H=3,F=0] 
* Loop 60: eval_decryptfile_bb5_in(A,B,C,D,E,F,G,H,I,B,C,J,K,L) [D>=0,130>=D,I=130,H=2,F=0] 

### Ranking functions of CR eval_decryptfile_bb5_in(V__global_precision,V__verbose,V__quietmode,V_realprecision_0,V_fpos_0,V_end_of_pkes_0,V_count_0,B,C,D,E,F,G,H) 

#### Partial ranking functions of CR eval_decryptfile_bb5_in(V__global_precision,V__verbose,V__quietmode,V_realprecision_0,V_fpos_0,V_end_of_pkes_0,V_count_0,B,C,D,E,F,G,H) 


### Resulting Chains:eval_decryptfile_bb5_in(V__global_precision,V__verbose,V__quietmode,V_realprecision_0,V_fpos_0,V_end_of_pkes_0,V_count_0,B,C,D,E,F,G,H) 
* [[50,51]]...
* [[50,51],60]
* [[50,51],59]
* [[50,51],58]
* [[50,51],57]
* [[50,51],56]
* [[50,51],55]
* [[50,51],54]
* [[50,51],53]
* [[50,51],52]
* [60]
* [59]
* [58]
* [57]
* [56]
* [55]
* [54]
* [53]
* [52]


### Merging Chains  eval_decryptfile_bb5_in/14 into  External patterns of execution 
* [[60],[60,[50,51]]] --> 1 
* [[59],[59,[50,51]]] --> 2 
* [[58],[58,[50,51]]] --> 3 
* [[57],[57,[50,51]]] --> 4 
* [[56],[56,[50,51]]] --> 5 
* [[55],[55,[50,51]]] --> 6 
* [[54],[54,[50,51]]] --> 7 
* [[53],[53,[50,51]]] --> 8 
* [[52],[52,[50,51]]] --> 9 
* [[[50,51]]] --> 10 


### Specialization of cost equations eval_decryptfile_bb36_in/13 
* CE 46 is refined into CE [68] 
* CE 45 is refined into CE [69] 


#### Refined cost equations eval_decryptfile_bb36_in/13 
* CE 68: eval_decryptfile_bb36_in(A,B,C,D,E,F,G,A,B,C,D,E,F) = 0
     [G=13] 
* CE 69: eval_decryptfile_bb36_in(V__global_precision,V__verbose,V__quietmode,V_realprecision_3,V_fpos_1,V_count_2,B,C,D,E,F,G,H) = 1+ eval_decryptfile_bb36_in(V__global_precision,V__verbose,V__quietmode,V_realprecision_3,V_fpos_1,V_count_2,I,C,D,E,F,G,H)
     [I=13,B=13] 

### Cost equations --> "Loop" of eval_decryptfile_bb36_in/13 
* CEs [69] --> Loop 61 
* CEs [68] --> Loop 62 

#### Loops of eval_decryptfile_bb36_in/13 
* Loop 61: eval_decryptfile_bb36_in(V__global_precision,V__verbose,V__quietmode,V_realprecision_3,V_fpos_1,V_count_2,B,C,D,E,F,G,H)->  eval_decryptfile_bb36_in(V__global_precision,V__verbose,V__quietmode,V_realprecision_3,V_fpos_1,V_count_2,B',C,D,E,F,G,H)
                  [B'=13,B=13] 
* Loop 62: eval_decryptfile_bb36_in(A,B,C,D,E,F,G,A,B,C,D,E,F) [G=13] 

### Ranking functions of CR eval_decryptfile_bb36_in(V__global_precision,V__verbose,V__quietmode,V_realprecision_3,V_fpos_1,V_count_2,B,C,D,E,F,G,H) 

#### Partial ranking functions of CR eval_decryptfile_bb36_in(V__global_precision,V__verbose,V__quietmode,V_realprecision_3,V_fpos_1,V_count_2,B,C,D,E,F,G,H) 


### Resulting Chains:eval_decryptfile_bb36_in(V__global_precision,V__verbose,V__quietmode,V_realprecision_3,V_fpos_1,V_count_2,B,C,D,E,F,G,H) 
* [[61]]...
* [[61],62]
* [62]


### Merging Chains  eval_decryptfile_bb36_in/13 into  External patterns of execution 
* [[62],[62,[61]]] --> 1 
* [[[61]]] --> 2 


### Specialization of cost equations eval_decryptfile_bb42_in/13 
* CE 38 is refined into CE [70] 
* CE 37 is refined into CE [71] 
* CE 36 is refined into CE [72] 


#### Refined cost equations eval_decryptfile_bb42_in/13 
* CE 70: eval_decryptfile_bb42_in(A,B,C,D,E,F,G,A,B,C,H,I,J) = 0
     [G=12] 
* CE 71: eval_decryptfile_bb42_in(A,B,C,D,E,F,G,A,B,C,D,E,F) = 0
     [G=11] 
* CE 72: eval_decryptfile_bb42_in(V__global_precision,V__verbose,V__quietmode,V_realprecision_3,V_fpos_1,V_count_2,B,C,D,E,F,G,H) = 1+ eval_decryptfile_bb42_in(V__global_precision,V__verbose,V__quietmode,V_realprecision_3,V_fpos_1,V_count_2,B,C,D,E,F,G,H)
     [] 

### Cost equations --> "Loop" of eval_decryptfile_bb42_in/13 
* CEs [72] --> Loop 63 
* CEs [70] --> Loop 64 
* CEs [71] --> Loop 65 

#### Loops of eval_decryptfile_bb42_in/13 
* Loop 63: eval_decryptfile_bb42_in(V__global_precision,V__verbose,V__quietmode,V_realprecision_3,V_fpos_1,V_count_2,B,C,D,E,F,G,H)->  eval_decryptfile_bb42_in(V__global_precision,V__verbose,V__quietmode,V_realprecision_3,V_fpos_1,V_count_2,B,C,D,E,F,G,H)
                  [] 
* Loop 64: eval_decryptfile_bb42_in(A,B,C,D,E,F,G,A,B,C,H,I,J) [G=12] 
* Loop 65: eval_decryptfile_bb42_in(A,B,C,D,E,F,G,A,B,C,D,E,F) [G=11] 

### Ranking functions of CR eval_decryptfile_bb42_in(V__global_precision,V__verbose,V__quietmode,V_realprecision_3,V_fpos_1,V_count_2,B,C,D,E,F,G,H) 

#### Partial ranking functions of CR eval_decryptfile_bb42_in(V__global_precision,V__verbose,V__quietmode,V_realprecision_3,V_fpos_1,V_count_2,B,C,D,E,F,G,H) 


### Resulting Chains:eval_decryptfile_bb42_in(V__global_precision,V__verbose,V__quietmode,V_realprecision_3,V_fpos_1,V_count_2,B,C,D,E,F,G,H) 
* [[63]]...
* [[63],65]
* [[63],64]
* [65]
* [64]


### Merging Chains  eval_decryptfile_bb42_in/13 into  External patterns of execution 
* [[65],[65,[63]]] --> 1 
* [[64],[64,[63]]] --> 2 
* [[[63]]] --> 3 


### Specialization of cost equations eval_decryptfile_153/4 
* CE 56 is refined into CE [73] 


#### Refined cost equations eval_decryptfile_153/4 
* CE 73: eval_decryptfile_153(V__global_precision,V__verbose,V__quietmode,B) = 0
     [] 

### Cost equations --> "Loop" of eval_decryptfile_153/4 
* CEs [73] --> Loop 66 

#### Loops of eval_decryptfile_153/4 
* Loop 66: eval_decryptfile_153(V__global_precision,V__verbose,V__quietmode,B) [] 

### Ranking functions of CR eval_decryptfile_153(V__global_precision,V__verbose,V__quietmode,B) 

#### Partial ranking functions of CR eval_decryptfile_153(V__global_precision,V__verbose,V__quietmode,B) 


### Resulting Chains:eval_decryptfile_153(V__global_precision,V__verbose,V__quietmode,B) 
* [66]


### Merging Chains  eval_decryptfile_153/4 into  External patterns of execution 
* [[66]] --> 1 


### Specialization of cost equations eval_decryptfile_bb55_in/4 
* CE 55 is refined into CE [74] 


#### Refined cost equations eval_decryptfile_bb55_in/4 
* CE 74: eval_decryptfile_bb55_in(V__global_precision,V__verbose,V__quietmode,B) = 0+ eval_decryptfile_153(V__global_precision,V__verbose,V__quietmode,B):1
     [] 

### Cost equations --> "Loop" of eval_decryptfile_bb55_in/4 
* CEs [74] --> Loop 67 

#### Loops of eval_decryptfile_bb55_in/4 
* Loop 67: eval_decryptfile_bb55_in(V__global_precision,V__verbose,V__quietmode,B) [] 

### Ranking functions of CR eval_decryptfile_bb55_in(V__global_precision,V__verbose,V__quietmode,B) 

#### Partial ranking functions of CR eval_decryptfile_bb55_in(V__global_precision,V__verbose,V__quietmode,B) 


### Resulting Chains:eval_decryptfile_bb55_in(V__global_precision,V__verbose,V__quietmode,B) 
* [67]


### Merging Chains  eval_decryptfile_bb55_in/4 into  External patterns of execution 
* [[67]] --> 1 


### Specialization of cost equations eval_decryptfile_143/4 
* CE 54 is refined into CE [75] 


#### Refined cost equations eval_decryptfile_143/4 
* CE 75: eval_decryptfile_143(V__global_precision,V__verbose,V__quietmode,B) = 0+ eval_decryptfile_bb55_in(V__global_precision,V__verbose,V__quietmode,B):1
     [] 

### Cost equations --> "Loop" of eval_decryptfile_143/4 
* CEs [75] --> Loop 68 

#### Loops of eval_decryptfile_143/4 
* Loop 68: eval_decryptfile_143(V__global_precision,V__verbose,V__quietmode,B) [] 

### Ranking functions of CR eval_decryptfile_143(V__global_precision,V__verbose,V__quietmode,B) 

#### Partial ranking functions of CR eval_decryptfile_143(V__global_precision,V__verbose,V__quietmode,B) 


### Resulting Chains:eval_decryptfile_143(V__global_precision,V__verbose,V__quietmode,B) 
* [68]


### Merging Chains  eval_decryptfile_143/4 into  External patterns of execution 
* [[68]] --> 1 


### Specialization of cost equations eval_decryptfile_132/4 
* CE 52 is refined into CE [76] 
* CE 53 is refined into CE [77] 


#### Refined cost equations eval_decryptfile_132/4 
* CE 76: eval_decryptfile_132(V__global_precision,V__verbose,V__quietmode,B) = 0+ eval_decryptfile_143(V__global_precision,V__verbose,V__quietmode,B):1
     [] 
* CE 77: eval_decryptfile_132(V__global_precision,V__verbose,V__quietmode,B) = 0
     [] 

### Cost equations --> "Loop" of eval_decryptfile_132/4 
* CEs [76,77] --> Loop 69 

#### Loops of eval_decryptfile_132/4 
* Loop 69: eval_decryptfile_132(V__global_precision,V__verbose,V__quietmode,B) [] 

### Ranking functions of CR eval_decryptfile_132(V__global_precision,V__verbose,V__quietmode,B) 

#### Partial ranking functions of CR eval_decryptfile_132(V__global_precision,V__verbose,V__quietmode,B) 


### Resulting Chains:eval_decryptfile_132(V__global_precision,V__verbose,V__quietmode,B) 
* [69]


### Merging Chains  eval_decryptfile_132/4 into  External patterns of execution 
* [[69]] --> 1 


### Specialization of cost equations eval_decryptfile_127/4 
* CE 50 is refined into CE [78] 
* CE 51 is refined into CE [79] 


#### Refined cost equations eval_decryptfile_127/4 
* CE 78: eval_decryptfile_127(V__global_precision,V__verbose,V__quietmode,B) = 0
     [] 
* CE 79: eval_decryptfile_127(V__global_precision,V__verbose,V__quietmode,B) = 0+ eval_decryptfile_132(V__global_precision,V__verbose,V__quietmode,B):1
     [] 

### Cost equations --> "Loop" of eval_decryptfile_127/4 
* CEs [78,79] --> Loop 70 

#### Loops of eval_decryptfile_127/4 
* Loop 70: eval_decryptfile_127(V__global_precision,V__verbose,V__quietmode,B) [] 

### Ranking functions of CR eval_decryptfile_127(V__global_precision,V__verbose,V__quietmode,B) 

#### Partial ranking functions of CR eval_decryptfile_127(V__global_precision,V__verbose,V__quietmode,B) 


### Resulting Chains:eval_decryptfile_127(V__global_precision,V__verbose,V__quietmode,B) 
* [70]


### Merging Chains  eval_decryptfile_127/4 into  External patterns of execution 
* [[70]] --> 1 


### Specialization of cost equations eval_decryptfile_120/4 
* CE 48 is refined into CE [80] 
* CE 49 is refined into CE [81] 


#### Refined cost equations eval_decryptfile_120/4 
* CE 80: eval_decryptfile_120(V__global_precision,V__verbose,V__quietmode,B) = 0
     [] 
* CE 81: eval_decryptfile_120(V__global_precision,V__verbose,V__quietmode,B) = 0+ eval_decryptfile_127(V__global_precision,V__verbose,V__quietmode,B):1
     [] 

### Cost equations --> "Loop" of eval_decryptfile_120/4 
* CEs [80,81] --> Loop 71 

#### Loops of eval_decryptfile_120/4 
* Loop 71: eval_decryptfile_120(V__global_precision,V__verbose,V__quietmode,B) [] 

### Ranking functions of CR eval_decryptfile_120(V__global_precision,V__verbose,V__quietmode,B) 

#### Partial ranking functions of CR eval_decryptfile_120(V__global_precision,V__verbose,V__quietmode,B) 


### Resulting Chains:eval_decryptfile_120(V__global_precision,V__verbose,V__quietmode,B) 
* [71]


### Merging Chains  eval_decryptfile_120/4 into  External patterns of execution 
* [[71]] --> 1 


### Specialization of cost equations eval_decryptfile_111/5 
* CE 43 is refined into CE [82] 
* CE 44 is refined into CE [83] 


#### Refined cost equations eval_decryptfile_111/5 
* CE 82: eval_decryptfile_111(V__global_precision,V__verbose,V__quietmode,V_146,B) = 0
     [] 
* CE 83: eval_decryptfile_111(V__global_precision,V__verbose,V__quietmode,V_146,B) = 0+ eval_decryptfile_120(V__global_precision,V__verbose,V__quietmode,B):1
     [] 

### Cost equations --> "Loop" of eval_decryptfile_111/5 
* CEs [82,83] --> Loop 72 

#### Loops of eval_decryptfile_111/5 
* Loop 72: eval_decryptfile_111(V__global_precision,V__verbose,V__quietmode,V_146,B) [] 

### Ranking functions of CR eval_decryptfile_111(V__global_precision,V__verbose,V__quietmode,V_146,B) 

#### Partial ranking functions of CR eval_decryptfile_111(V__global_precision,V__verbose,V__quietmode,V_146,B) 


### Resulting Chains:eval_decryptfile_111(V__global_precision,V__verbose,V__quietmode,V_146,B) 
* [72]


### Merging Chains  eval_decryptfile_111/5 into  External patterns of execution 
* [[72]] --> 1 


### Specialization of cost equations loop_cont_eval_decryptfile_bb42_in/8 
* CE 40 is refined into CE [84] 
* CE 39 is refined into CE [85] 


#### Refined cost equations loop_cont_eval_decryptfile_bb42_in/8 
* CE 84: loop_cont_eval_decryptfile_bb42_in(H,A,B,C,D,E,F,G) = 0
     [H=12] 
* CE 85: loop_cont_eval_decryptfile_bb42_in(H,A,B,C,D,E,F,G) = 0+ eval_decryptfile_111(D,B,C,I,G):1
     [I+1=F,H=11] 

### Cost equations --> "Loop" of loop_cont_eval_decryptfile_bb42_in/8 
* CEs [84] --> Loop 73 
* CEs [85] --> Loop 74 

#### Loops of loop_cont_eval_decryptfile_bb42_in/8 
* Loop 73: loop_cont_eval_decryptfile_bb42_in(H,A,B,C,D,E,F,G) [H=12] 
* Loop 74: loop_cont_eval_decryptfile_bb42_in(H,A,B,C,D,E,F,G) [H=11] 

### Ranking functions of CR loop_cont_eval_decryptfile_bb42_in(H,A,B,C,D,E,F,G) 

#### Partial ranking functions of CR loop_cont_eval_decryptfile_bb42_in(H,A,B,C,D,E,F,G) 


### Resulting Chains:loop_cont_eval_decryptfile_bb42_in(H,A,B,C,D,E,F,G) 
* [74]
* [73]


### Merging Chains  loop_cont_eval_decryptfile_bb42_in/8 into  External patterns of execution 
* [[74]] --> 1 
* [[73]] --> 2 


### Specialization of cost equations eval_decryptfile_102/7 
* CE 47 is refined into CE [86,87,88] 


#### Refined cost equations eval_decryptfile_102/7 
* CE 86: eval_decryptfile_102(V__global_precision,V__verbose,V__quietmode,V_realprecision_3,V_fpos_1,V_count_2,B) = 1+ eval_decryptfile_bb42_in(V__global_precision,V__verbose,V__quietmode,V_realprecision_3,V_fpos_1,V_count_2,C,V__global_precision,V__verbose,V__quietmode,V_realprecision_3,V_fpos_1,V_count_2):1+ loop_cont_eval_decryptfile_bb42_in(D,V__global_precision,V__verbose,V__quietmode,V_realprecision_3,V_fpos_1,V_count_2,B):1
     [D=11,C=11] 
* CE 87: eval_decryptfile_102(V__global_precision,V__verbose,V__quietmode,V_realprecision_3,V_fpos_1,V_count_2,B) = 1+ eval_decryptfile_bb42_in(V__global_precision,V__verbose,V__quietmode,V_realprecision_3,V_fpos_1,V_count_2,C,V__global_precision,V__verbose,V__quietmode,D,E,F):2+ loop_cont_eval_decryptfile_bb42_in(G,V__global_precision,V__verbose,V__quietmode,D,E,F,B):2
     [G=12,C=12] 
* CE 88: eval_decryptfile_102(V__global_precision,V__verbose,V__quietmode,V_realprecision_3,V_fpos_1,V_count_2,B) = 1+ eval_decryptfile_bb42_in(V__global_precision,V__verbose,V__quietmode,V_realprecision_3,V_fpos_1,V_count_2,C,D,E,F,G,H,I):3
     [] 

### Cost equations --> "Loop" of eval_decryptfile_102/7 
* CEs [88] --> Loop 75 
* CEs [86,87] --> Loop 76 

#### Loops of eval_decryptfile_102/7 
* Loop 75: eval_decryptfile_102(V__global_precision,V__verbose,V__quietmode,V_realprecision_3,V_fpos_1,V_count_2,B) [] 
* Loop 76: eval_decryptfile_102(V__global_precision,V__verbose,V__quietmode,V_realprecision_3,V_fpos_1,V_count_2,B) [] 

### Ranking functions of CR eval_decryptfile_102(V__global_precision,V__verbose,V__quietmode,V_realprecision_3,V_fpos_1,V_count_2,B) 

#### Partial ranking functions of CR eval_decryptfile_102(V__global_precision,V__verbose,V__quietmode,V_realprecision_3,V_fpos_1,V_count_2,B) 


### Resulting Chains:eval_decryptfile_102(V__global_precision,V__verbose,V__quietmode,V_realprecision_3,V_fpos_1,V_count_2,B) 
* [76]
* [75]...


### Merging Chains  eval_decryptfile_102/7 into  External patterns of execution 
* [[76]] --> 1 
* [[75]] --> 2 


### Specialization of cost equations eval_decryptfile_89/7 
* CE 41 is refined into CE [89,90,91] 


#### Refined cost equations eval_decryptfile_89/7 
* CE 89: eval_decryptfile_89(V__global_precision,V__verbose,V__quietmode,V_realprecision_3,V_fpos_1,V_count_2,B) = 1+ eval_decryptfile_bb36_in(V__global_precision,V__verbose,V__quietmode,V_realprecision_3,V_fpos_1,V_count_2,C,V__global_precision,V__verbose,V__quietmode,V_realprecision_3,V_fpos_1,V_count_2):1+ eval_decryptfile_102(V__global_precision,V__verbose,V__quietmode,V_realprecision_3,V_fpos_1,V_count_2,B):1
     [C=13] 
* CE 90: eval_decryptfile_89(V__global_precision,V__verbose,V__quietmode,V_realprecision_3,V_fpos_1,V_count_2,B) = 1+ eval_decryptfile_bb36_in(V__global_precision,V__verbose,V__quietmode,V_realprecision_3,V_fpos_1,V_count_2,C,V__global_precision,V__verbose,V__quietmode,V_realprecision_3,V_fpos_1,V_count_2):1+ eval_decryptfile_102(V__global_precision,V__verbose,V__quietmode,V_realprecision_3,V_fpos_1,V_count_2,B):2
     [C=13] 
* CE 91: eval_decryptfile_89(V__global_precision,V__verbose,V__quietmode,V_realprecision_3,V_fpos_1,V_count_2,B) = 1+ eval_decryptfile_bb36_in(V__global_precision,V__verbose,V__quietmode,V_realprecision_3,V_fpos_1,V_count_2,C,D,E,F,G,H,I):2
     [C=13] 

### Cost equations --> "Loop" of eval_decryptfile_89/7 
* CEs [90,91] --> Loop 77 
* CEs [89] --> Loop 78 

#### Loops of eval_decryptfile_89/7 
* Loop 77: eval_decryptfile_89(V__global_precision,V__verbose,V__quietmode,V_realprecision_3,V_fpos_1,V_count_2,B) [] 
* Loop 78: eval_decryptfile_89(V__global_precision,V__verbose,V__quietmode,V_realprecision_3,V_fpos_1,V_count_2,B) [] 

### Ranking functions of CR eval_decryptfile_89(V__global_precision,V__verbose,V__quietmode,V_realprecision_3,V_fpos_1,V_count_2,B) 

#### Partial ranking functions of CR eval_decryptfile_89(V__global_precision,V__verbose,V__quietmode,V_realprecision_3,V_fpos_1,V_count_2,B) 


### Resulting Chains:eval_decryptfile_89(V__global_precision,V__verbose,V__quietmode,V_realprecision_3,V_fpos_1,V_count_2,B) 
* [78]
* [77]...


### Merging Chains  eval_decryptfile_89/7 into  External patterns of execution 
* [[78]] --> 1 
* [[77]] --> 2 


### Specialization of cost equations eval_decryptfile_92/7 
* CE 42 is refined into CE [92,93,94] 


#### Refined cost equations eval_decryptfile_92/7 
* CE 92: eval_decryptfile_92(V__global_precision,V__verbose,V__quietmode,V_realprecision_3,V_fpos_1,V_count_2,B) = 1+ eval_decryptfile_bb36_in(V__global_precision,V__verbose,V__quietmode,V_realprecision_3,V_fpos_1,V_count_2,C,V__global_precision,V__verbose,V__quietmode,V_realprecision_3,V_fpos_1,V_count_2):1+ eval_decryptfile_102(V__global_precision,V__verbose,V__quietmode,V_realprecision_3,V_fpos_1,V_count_2,B):1
     [C=13] 
* CE 93: eval_decryptfile_92(V__global_precision,V__verbose,V__quietmode,V_realprecision_3,V_fpos_1,V_count_2,B) = 1+ eval_decryptfile_bb36_in(V__global_precision,V__verbose,V__quietmode,V_realprecision_3,V_fpos_1,V_count_2,C,V__global_precision,V__verbose,V__quietmode,V_realprecision_3,V_fpos_1,V_count_2):1+ eval_decryptfile_102(V__global_precision,V__verbose,V__quietmode,V_realprecision_3,V_fpos_1,V_count_2,B):2
     [C=13] 
* CE 94: eval_decryptfile_92(V__global_precision,V__verbose,V__quietmode,V_realprecision_3,V_fpos_1,V_count_2,B) = 1+ eval_decryptfile_bb36_in(V__global_precision,V__verbose,V__quietmode,V_realprecision_3,V_fpos_1,V_count_2,C,D,E,F,G,H,I):2
     [C=13] 

### Cost equations --> "Loop" of eval_decryptfile_92/7 
* CEs [93,94] --> Loop 79 
* CEs [92] --> Loop 80 

#### Loops of eval_decryptfile_92/7 
* Loop 79: eval_decryptfile_92(V__global_precision,V__verbose,V__quietmode,V_realprecision_3,V_fpos_1,V_count_2,B) [] 
* Loop 80: eval_decryptfile_92(V__global_precision,V__verbose,V__quietmode,V_realprecision_3,V_fpos_1,V_count_2,B) [] 

### Ranking functions of CR eval_decryptfile_92(V__global_precision,V__verbose,V__quietmode,V_realprecision_3,V_fpos_1,V_count_2,B) 

#### Partial ranking functions of CR eval_decryptfile_92(V__global_precision,V__verbose,V__quietmode,V_realprecision_3,V_fpos_1,V_count_2,B) 


### Resulting Chains:eval_decryptfile_92(V__global_precision,V__verbose,V__quietmode,V_realprecision_3,V_fpos_1,V_count_2,B) 
* [80]
* [79]...


### Merging Chains  eval_decryptfile_92/7 into  External patterns of execution 
* [[80]] --> 1 
* [[79]] --> 2 


### Specialization of cost equations eval_decryptfile_87/7 
* CE 34 is refined into CE [95,96] 
* CE 35 is refined into CE [97,98] 


#### Refined cost equations eval_decryptfile_87/7 
* CE 95: eval_decryptfile_87(V__global_precision,V__verbose,V__quietmode,V_realprecision_3,V_fpos_1,V_count_2,B) = 0+ eval_decryptfile_89(V__global_precision,V__verbose,V__quietmode,V_realprecision_3,V_fpos_1,V_count_2,B):1
     [] 
* CE 96: eval_decryptfile_87(V__global_precision,V__verbose,V__quietmode,V_realprecision_3,V_fpos_1,V_count_2,B) = 0+ eval_decryptfile_89(V__global_precision,V__verbose,V__quietmode,V_realprecision_3,V_fpos_1,V_count_2,B):2
     [] 
* CE 97: eval_decryptfile_87(V__global_precision,V__verbose,V__quietmode,V_realprecision_3,V_fpos_1,V_count_2,B) = 0+ eval_decryptfile_92(V__global_precision,V__verbose,V__quietmode,V_realprecision_3,V_fpos_1,V_count_2,B):1
     [] 
* CE 98: eval_decryptfile_87(V__global_precision,V__verbose,V__quietmode,V_realprecision_3,V_fpos_1,V_count_2,B) = 0+ eval_decryptfile_92(V__global_precision,V__verbose,V__quietmode,V_realprecision_3,V_fpos_1,V_count_2,B):2
     [] 

### Cost equations --> "Loop" of eval_decryptfile_87/7 
* CEs [96,98] --> Loop 81 
* CEs [95,97] --> Loop 82 

#### Loops of eval_decryptfile_87/7 
* Loop 81: eval_decryptfile_87(V__global_precision,V__verbose,V__quietmode,V_realprecision_3,V_fpos_1,V_count_2,B) [] 
* Loop 82: eval_decryptfile_87(V__global_precision,V__verbose,V__quietmode,V_realprecision_3,V_fpos_1,V_count_2,B) [] 

### Ranking functions of CR eval_decryptfile_87(V__global_precision,V__verbose,V__quietmode,V_realprecision_3,V_fpos_1,V_count_2,B) 

#### Partial ranking functions of CR eval_decryptfile_87(V__global_precision,V__verbose,V__quietmode,V_realprecision_3,V_fpos_1,V_count_2,B) 


### Resulting Chains:eval_decryptfile_87(V__global_precision,V__verbose,V__quietmode,V_realprecision_3,V_fpos_1,V_count_2,B) 
* [82]
* [81]...


### Merging Chains  eval_decryptfile_87/7 into  External patterns of execution 
* [[82]] --> 1 
* [[81]] --> 2 


### Specialization of cost equations loop_cont_eval_decryptfile_bb5_in/8 
* CE 33 is refined into CE [99,100,101] 
* CE 32 is refined into CE [102,103] 
* CE 31 is refined into CE [104] 
* CE 30 is refined into CE [105] 
* CE 29 is refined into CE [106] 
* CE 28 is refined into CE [107] 
* CE 27 is refined into CE [108] 
* CE 26 is refined into CE [109] 
* CE 25 is refined into CE [110] 


#### Refined cost equations loop_cont_eval_decryptfile_bb5_in/8 
* CE 99: loop_cont_eval_decryptfile_bb5_in(H,A,B,C,D,E,F,G) = 1+ eval_decryptfile_bb42_in(A,B,C,D,E,F,I,A,B,C,D,E,F):1+ loop_cont_eval_decryptfile_bb42_in(J,A,B,C,D,E,F,G):1
     [J=11,I=11,H=10] 
* CE 100: loop_cont_eval_decryptfile_bb5_in(H,A,B,C,D,E,F,G) = 1+ eval_decryptfile_bb42_in(A,B,C,D,E,F,I,A,B,C,J,K,L):2+ loop_cont_eval_decryptfile_bb42_in(M,A,B,C,J,K,L,G):2
     [M=12,I=12,H=10] 
* CE 101: loop_cont_eval_decryptfile_bb5_in(H,A,B,C,D,E,F,G) = 1+ eval_decryptfile_bb42_in(A,B,C,D,E,F,I,J,K,L,M,N,O):3
     [H=10] 
* CE 102: loop_cont_eval_decryptfile_bb5_in(H,A,B,C,D,E,F,G) = 0+ eval_decryptfile_87(A,B,C,D,E,F,G):1
     [H=9] 
* CE 103: loop_cont_eval_decryptfile_bb5_in(H,A,B,C,D,E,F,G) = 0+ eval_decryptfile_87(A,B,C,D,E,F,G):2
     [H=9] 
* CE 104: loop_cont_eval_decryptfile_bb5_in(H,A,B,C,D,E,F,G) = 0
     [H=8] 
* CE 105: loop_cont_eval_decryptfile_bb5_in(H,A,B,C,D,E,F,G) = 0
     [H=7] 
* CE 106: loop_cont_eval_decryptfile_bb5_in(H,A,B,C,D,E,F,G) = 0
     [H=6] 
* CE 107: loop_cont_eval_decryptfile_bb5_in(H,A,B,C,D,E,F,G) = 0
     [H=5] 
* CE 108: loop_cont_eval_decryptfile_bb5_in(H,A,B,C,D,E,F,G) = 0
     [H=4] 
* CE 109: loop_cont_eval_decryptfile_bb5_in(H,A,B,C,D,E,F,G) = 0
     [H=3] 
* CE 110: loop_cont_eval_decryptfile_bb5_in(H,A,B,C,D,E,F,G) = 0
     [H=2] 

### Cost equations --> "Loop" of loop_cont_eval_decryptfile_bb5_in/8 
* CEs [99,100] --> Loop 83 
* CEs [102] --> Loop 84 
* CEs [104] --> Loop 85 
* CEs [105] --> Loop 86 
* CEs [106] --> Loop 87 
* CEs [107] --> Loop 88 
* CEs [108] --> Loop 89 
* CEs [109] --> Loop 90 
* CEs [110] --> Loop 91 
* CEs [101] --> Loop 92 
* CEs [103] --> Loop 93 

#### Loops of loop_cont_eval_decryptfile_bb5_in/8 
* Loop 83: loop_cont_eval_decryptfile_bb5_in(H,A,B,C,D,E,F,G) [H=10] 
* Loop 84: loop_cont_eval_decryptfile_bb5_in(H,A,B,C,D,E,F,G) [H=9] 
* Loop 85: loop_cont_eval_decryptfile_bb5_in(H,A,B,C,D,E,F,G) [H=8] 
* Loop 86: loop_cont_eval_decryptfile_bb5_in(H,A,B,C,D,E,F,G) [H=7] 
* Loop 87: loop_cont_eval_decryptfile_bb5_in(H,A,B,C,D,E,F,G) [H=6] 
* Loop 88: loop_cont_eval_decryptfile_bb5_in(H,A,B,C,D,E,F,G) [H=5] 
* Loop 89: loop_cont_eval_decryptfile_bb5_in(H,A,B,C,D,E,F,G) [H=4] 
* Loop 90: loop_cont_eval_decryptfile_bb5_in(H,A,B,C,D,E,F,G) [H=3] 
* Loop 91: loop_cont_eval_decryptfile_bb5_in(H,A,B,C,D,E,F,G) [H=2] 
* Loop 92: loop_cont_eval_decryptfile_bb5_in(H,A,B,C,D,E,F,G) [H=10] 
* Loop 93: loop_cont_eval_decryptfile_bb5_in(H,A,B,C,D,E,F,G) [H=9] 

### Ranking functions of CR loop_cont_eval_decryptfile_bb5_in(H,A,B,C,D,E,F,G) 

#### Partial ranking functions of CR loop_cont_eval_decryptfile_bb5_in(H,A,B,C,D,E,F,G) 


### Resulting Chains:loop_cont_eval_decryptfile_bb5_in(H,A,B,C,D,E,F,G) 
* [93]...
* [92]...
* [91]
* [90]
* [89]
* [88]
* [87]
* [86]
* [85]
* [84]
* [83]


### Merging Chains  loop_cont_eval_decryptfile_bb5_in/8 into  External patterns of execution 
* [[91]] --> 1 
* [[90]] --> 2 
* [[89]] --> 3 
* [[88]] --> 4 
* [[87]] --> 5 
* [[86]] --> 6 
* [[85]] --> 7 
* [[84]] --> 8 
* [[83]] --> 9 
* [[93]] --> 10 
* [[92]] --> 11 


### Specialization of cost equations eval_decryptfile_5/4 
* CE 4 is refined into CE [111] 
* CE 5 is refined into CE [112,113,114,115,116,117,118,119,120,121,122,123] 


#### Refined cost equations eval_decryptfile_5/4 
* CE 111: eval_decryptfile_5(V__global_precision,V__verbose,V__quietmode,B) = 0
     [] 
* CE 112: eval_decryptfile_5(V__global_precision,V__verbose,V__quietmode,B) = 1+ eval_decryptfile_bb5_in(V__global_precision,V__verbose,V__quietmode,C,D,E,F,G,H,V__verbose,V__quietmode,I,J,K):1+ loop_cont_eval_decryptfile_bb5_in(L,M,V__verbose,V__quietmode,I,J,K,B):1
     [M=130,L=2,H=130,G=2,F=0,E=0,D=0,C=0] 
* CE 113: eval_decryptfile_5(V__global_precision,V__verbose,V__quietmode,B) = 1+ eval_decryptfile_bb5_in(V__global_precision,V__verbose,V__quietmode,C,D,E,F,G,H,V__verbose,V__quietmode,I,J,K):2+ loop_cont_eval_decryptfile_bb5_in(L,M,V__verbose,V__quietmode,I,J,K,B):2
     [M=130,L=3,H=130,G=3,F=0,E=0,D=0,C=0] 
* CE 114: eval_decryptfile_5(V__global_precision,V__verbose,V__quietmode,B) = 1+ eval_decryptfile_bb5_in(V__global_precision,V__verbose,V__quietmode,C,D,E,F,G,H,V__verbose,V__quietmode,I,J,K):3+ loop_cont_eval_decryptfile_bb5_in(L,M,V__verbose,V__quietmode,I,J,K,B):3
     [M=130,L=4,H=130,G=4,F=0,E=0,D=0,C=0] 
* CE 115: eval_decryptfile_5(V__global_precision,V__verbose,V__quietmode,B) = 1+ eval_decryptfile_bb5_in(V__global_precision,V__verbose,V__quietmode,C,D,E,F,G,H,V__verbose,V__quietmode,I,J,K):4+ loop_cont_eval_decryptfile_bb5_in(L,M,V__verbose,V__quietmode,I,J,K,B):4
     [M=130,L=5,H=130,G=5,F=0,E=0,D=0,C=0] 
* CE 116: eval_decryptfile_5(V__global_precision,V__verbose,V__quietmode,B) = 1+ eval_decryptfile_bb5_in(V__global_precision,V__verbose,V__quietmode,C,D,E,F,G,H,V__verbose,V__quietmode,I,J,K):5+ loop_cont_eval_decryptfile_bb5_in(L,M,V__verbose,V__quietmode,I,J,K,B):5
     [M=130,L=6,H=130,G=6,F=0,E=0,D=0,C=0] 
* CE 117: eval_decryptfile_5(V__global_precision,V__verbose,V__quietmode,B) = 1+ eval_decryptfile_bb5_in(V__global_precision,V__verbose,V__quietmode,C,D,E,F,G,H,V__verbose,V__quietmode,I,J,K):6+ loop_cont_eval_decryptfile_bb5_in(L,M,V__verbose,V__quietmode,I,J,K,B):6
     [M=130,L=7,H=130,G=7,F=0,E=0,D=0,C=0] 
* CE 118: eval_decryptfile_5(V__global_precision,V__verbose,V__quietmode,B) = 1+ eval_decryptfile_bb5_in(V__global_precision,V__verbose,V__quietmode,C,D,E,F,G,H,V__verbose,V__quietmode,I,J,K):7+ loop_cont_eval_decryptfile_bb5_in(L,M,V__verbose,V__quietmode,I,J,K,B):7
     [M=130,L=8,H=130,G=8,F=0,E=0,D=0,C=0] 
* CE 119: eval_decryptfile_5(V__global_precision,V__verbose,V__quietmode,B) = 1+ eval_decryptfile_bb5_in(V__global_precision,V__verbose,V__quietmode,C,D,E,F,G,H,V__verbose,V__quietmode,I,J,K):8+ loop_cont_eval_decryptfile_bb5_in(L,M,V__verbose,V__quietmode,I,J,K,B):8
     [I>=0,130>=I,M=130,L=9,H=130,G=9,F=0,E=0,D=0,C=0] 
* CE 120: eval_decryptfile_5(V__global_precision,V__verbose,V__quietmode,B) = 1+ eval_decryptfile_bb5_in(V__global_precision,V__verbose,V__quietmode,C,D,E,F,G,H,V__verbose,V__quietmode,I,J,K):8+ loop_cont_eval_decryptfile_bb5_in(L,M,V__verbose,V__quietmode,I,J,K,B):10
     [I>=0,130>=I,M=130,L=9,H=130,G=9,F=0,E=0,D=0,C=0] 
* CE 121: eval_decryptfile_5(V__global_precision,V__verbose,V__quietmode,B) = 1+ eval_decryptfile_bb5_in(V__global_precision,V__verbose,V__quietmode,C,D,E,F,G,H,V__verbose,V__quietmode,I,J,K):9+ loop_cont_eval_decryptfile_bb5_in(L,M,V__verbose,V__quietmode,I,J,K,B):9
     [I>=0,130>=I,M=130,L=10,H=130,G=10,F=0,E=0,D=0,C=0] 
* CE 122: eval_decryptfile_5(V__global_precision,V__verbose,V__quietmode,B) = 1+ eval_decryptfile_bb5_in(V__global_precision,V__verbose,V__quietmode,C,D,E,F,G,H,V__verbose,V__quietmode,I,J,K):9+ loop_cont_eval_decryptfile_bb5_in(L,M,V__verbose,V__quietmode,I,J,K,B):11
     [I>=0,130>=I,M=130,L=10,H=130,G=10,F=0,E=0,D=0,C=0] 
* CE 123: eval_decryptfile_5(V__global_precision,V__verbose,V__quietmode,B) = 1+ eval_decryptfile_bb5_in(V__global_precision,V__verbose,V__quietmode,C,D,E,F,G,H,I,J,K,L,M):10
     [F=0,E=0,D=0,C=0] 

### Cost equations --> "Loop" of eval_decryptfile_5/4 
* CEs [120,122,123] --> Loop 94 
* CEs [111,112,113,114,115,116,117,118,119,121] --> Loop 95 

#### Loops of eval_decryptfile_5/4 
* Loop 94: eval_decryptfile_5(V__global_precision,V__verbose,V__quietmode,B) [] 
* Loop 95: eval_decryptfile_5(V__global_precision,V__verbose,V__quietmode,B) [] 

### Ranking functions of CR eval_decryptfile_5(V__global_precision,V__verbose,V__quietmode,B) 

#### Partial ranking functions of CR eval_decryptfile_5(V__global_precision,V__verbose,V__quietmode,B) 


### Resulting Chains:eval_decryptfile_5(V__global_precision,V__verbose,V__quietmode,B) 
* [95]
* [94]...


### Merging Chains  eval_decryptfile_5/4 into  External patterns of execution 
* [[95]] --> 1 
* [[94]] --> 2 


### Specialization of cost equations eval_decryptfile_bb0_in/4 
* CE 3 is refined into CE [124,125] 


#### Refined cost equations eval_decryptfile_bb0_in/4 
* CE 124: eval_decryptfile_bb0_in(V__global_precision,V__verbose,V__quietmode,B) = 0+ eval_decryptfile_5(V__global_precision,V__verbose,V__quietmode,B):1
     [] 
* CE 125: eval_decryptfile_bb0_in(V__global_precision,V__verbose,V__quietmode,B) = 0+ eval_decryptfile_5(V__global_precision,V__verbose,V__quietmode,B):2
     [] 

### Cost equations --> "Loop" of eval_decryptfile_bb0_in/4 
* CEs [125] --> Loop 96 
* CEs [124] --> Loop 97 

#### Loops of eval_decryptfile_bb0_in/4 
* Loop 96: eval_decryptfile_bb0_in(V__global_precision,V__verbose,V__quietmode,B) [] 
* Loop 97: eval_decryptfile_bb0_in(V__global_precision,V__verbose,V__quietmode,B) [] 

### Ranking functions of CR eval_decryptfile_bb0_in(V__global_precision,V__verbose,V__quietmode,B) 

#### Partial ranking functions of CR eval_decryptfile_bb0_in(V__global_precision,V__verbose,V__quietmode,B) 


### Resulting Chains:eval_decryptfile_bb0_in(V__global_precision,V__verbose,V__quietmode,B) 
* [97]
* [96]...


### Merging Chains  eval_decryptfile_bb0_in/4 into  External patterns of execution 
* [[97]] --> 1 
* [[96]] --> 2 


### Specialization of cost equations eval_decryptfile_start/4 
* CE 2 is refined into CE [126,127] 


#### Refined cost equations eval_decryptfile_start/4 
* CE 126: eval_decryptfile_start(V__global_precision,V__verbose,V__quietmode,B) = 0+ eval_decryptfile_bb0_in(V__global_precision,V__verbose,V__quietmode,B):1
     [] 
* CE 127: eval_decryptfile_start(V__global_precision,V__verbose,V__quietmode,B) = 0+ eval_decryptfile_bb0_in(V__global_precision,V__verbose,V__quietmode,B):2
     [] 

### Cost equations --> "Loop" of eval_decryptfile_start/4 
* CEs [127] --> Loop 98 
* CEs [126] --> Loop 99 

#### Loops of eval_decryptfile_start/4 
* Loop 98: eval_decryptfile_start(V__global_precision,V__verbose,V__quietmode,B) [] 
* Loop 99: eval_decryptfile_start(V__global_precision,V__verbose,V__quietmode,B) [] 

### Ranking functions of CR eval_decryptfile_start(V__global_precision,V__verbose,V__quietmode,B) 

#### Partial ranking functions of CR eval_decryptfile_start(V__global_precision,V__verbose,V__quietmode,B) 


### Resulting Chains:eval_decryptfile_start(V__global_precision,V__verbose,V__quietmode,B) 
* [99]
* [98]...


### Merging Chains  eval_decryptfile_start/4 into  External patterns of execution 
* [[99]] --> 1 
* [[98]] --> 2 


Computing Bounds
=====================================

#### Cost of loops [50,51] 

 * loop 50:eval_decryptfile_bb5_in(V__global_precision,V__verbose,V__quietmode,V_realprecision_0,V_fpos_0,V_end_of_pkes_0,V_count_0,B,C,D,E,F,G,H) -> [eval_decryptfile_bb5_in(V__global_precision',V__verbose',V__quietmode',V_realprecision_0',V_fpos_0',V_end_of_pkes_0',V_count_0',B',C',D',E',F',G',H')] 
1
 * loop 51:eval_decryptfile_bb5_in(V__global_precision,V__verbose,V__quietmode,V_realprecision_0,V_fpos_0,V_end_of_pkes_0,V_count_0,B,C,D,E,F,G,H) -> [eval_decryptfile_bb5_in(V__global_precision',V__verbose',V__quietmode',V_realprecision_0',V_fpos_0',V_end_of_pkes_0',V_count_0',B',C',D',E',F',G',H')] 
1
#### Cost of phase [50,51]:eval_decryptfile_bb5_in(V__global_precision,V__verbose,V__quietmode,V_realprecision_0,V_fpos_0,V_end_of_pkes_0,V_count_0,B,C,D,E,F,G,H) -> [eval_decryptfile_bb5_in(V__global_precision',V__verbose',V__quietmode',V_realprecision_0',V_fpos_0',V_end_of_pkes_0',V_count_0',B',C',D',E',F',G',H')] 
2*it(50)+0
#### Cost of phase [50,51]:eval_decryptfile_bb5_in(V__global_precision,V__verbose,V__quietmode,V_realprecision_0,V_fpos_0,V_end_of_pkes_0,V_count_0,B,C,D,E,F,G,H) -> [eval_decryptfile_bb5_in(V__global_precision',V__verbose',V__quietmode',V_realprecision_0',V_fpos_0',V_end_of_pkes_0',V_count_0',B',C',D',E',F',G',H')] 
2*it(50)+0
#### Cost of phase [50,51]:eval_decryptfile_bb5_in(V__global_precision,V__verbose,V__quietmode,V_realprecision_0,V_fpos_0,V_end_of_pkes_0,V_count_0,B,C,D,E,F,G,H) -> [eval_decryptfile_bb5_in(V__global_precision',V__verbose',V__quietmode',V_realprecision_0',V_fpos_0',V_end_of_pkes_0',V_count_0',B',C',D',E',F',G',H')] 
2*it(50)+0
#### Cost of phase [50,51]:eval_decryptfile_bb5_in(V__global_precision,V__verbose,V__quietmode,V_realprecision_0,V_fpos_0,V_end_of_pkes_0,V_count_0,B,C,D,E,F,G,H) -> [eval_decryptfile_bb5_in(V__global_precision',V__verbose',V__quietmode',V_realprecision_0',V_fpos_0',V_end_of_pkes_0',V_count_0',B',C',D',E',F',G',H')] 
2*it(50)+0
#### Cost of phase [50,51]:eval_decryptfile_bb5_in(V__global_precision,V__verbose,V__quietmode,V_realprecision_0,V_fpos_0,V_end_of_pkes_0,V_count_0,B,C,D,E,F,G,H) -> [eval_decryptfile_bb5_in(V__global_precision',V__verbose',V__quietmode',V_realprecision_0',V_fpos_0',V_end_of_pkes_0',V_count_0',B',C',D',E',F',G',H')] 
2*it(50)+0
#### Cost of phase [50,51]:eval_decryptfile_bb5_in(V__global_precision,V__verbose,V__quietmode,V_realprecision_0,V_fpos_0,V_end_of_pkes_0,V_count_0,B,C,D,E,F,G,H) -> [eval_decryptfile_bb5_in(V__global_precision',V__verbose',V__quietmode',V_realprecision_0',V_fpos_0',V_end_of_pkes_0',V_count_0',B',C',D',E',F',G',H')] 
2*it(50)+0
#### Cost of phase [50,51]:eval_decryptfile_bb5_in(V__global_precision,V__verbose,V__quietmode,V_realprecision_0,V_fpos_0,V_end_of_pkes_0,V_count_0,B,C,D,E,F,G,H) -> [eval_decryptfile_bb5_in(V__global_precision',V__verbose',V__quietmode',V_realprecision_0',V_fpos_0',V_end_of_pkes_0',V_count_0',B',C',D',E',F',G',H')] 
2*it(50)+0
#### Cost of phase [50,51]:eval_decryptfile_bb5_in(V__global_precision,V__verbose,V__quietmode,V_realprecision_0,V_fpos_0,V_end_of_pkes_0,V_count_0,B,C,D,E,F,G,H) -> [eval_decryptfile_bb5_in(V__global_precision',V__verbose',V__quietmode',V_realprecision_0',V_fpos_0',V_end_of_pkes_0',V_count_0',B',C',D',E',F',G',H')] 
2*it(50)+0
#### Cost of phase [50,51]:eval_decryptfile_bb5_in(V__global_precision,V__verbose,V__quietmode,V_realprecision_0,V_fpos_0,V_end_of_pkes_0,V_count_0,B,C,D,E,F,G,H) -> [eval_decryptfile_bb5_in(V__global_precision',V__verbose',V__quietmode',V_realprecision_0',V_fpos_0',V_end_of_pkes_0',V_count_0',B',C',D',E',F',G',H')] 
2*it(50)+0
#### Cost of phase [50,51]:eval_decryptfile_bb5_in(V__global_precision,V__verbose,V__quietmode,V_realprecision_0,V_fpos_0,V_end_of_pkes_0,V_count_0,B,C,D,E,F,G,H) -> [eval_decryptfile_bb5_in(V__global_precision',V__verbose',V__quietmode',V_realprecision_0',V_fpos_0',V_end_of_pkes_0',V_count_0',B',C',D',E',F',G',H')] 
2*it(50)+0
#### Cost of chains of eval_decryptfile_bb5_in(V__global_precision,V__verbose,V__quietmode,V_realprecision_0,V_fpos_0,V_end_of_pkes_0,V_count_0,B,C,D,E,F,G,H):
* Chain [[50,51]]...: 2*it(50)+0
  with precondition: [130>=V_realprecision_0,V_realprecision_0>=0,V_end_of_pkes_0=0] 

* Chain [[50,51],60]: 2*it(50)+0
  with precondition: [V_end_of_pkes_0=0,B=2,C=130,V__verbose=D,V__quietmode=E,130>=V_realprecision_0,V_realprecision_0>=0] 

* Chain [[50,51],59]: 2*it(50)+0
  with precondition: [V_end_of_pkes_0=0,B=3,C=130,V__verbose=D,V__quietmode=E,130>=V_realprecision_0,V_realprecision_0>=0] 

* Chain [[50,51],58]: 2*it(50)+0
  with precondition: [V_end_of_pkes_0=0,B=4,C=130,V__verbose=D,V__quietmode=E,130>=V_realprecision_0,V_realprecision_0>=0] 

* Chain [[50,51],57]: 2*it(50)+0
  with precondition: [V_end_of_pkes_0=0,B=5,C=130,V__verbose=D,V__quietmode=E,130>=V_realprecision_0,V_realprecision_0>=0] 

* Chain [[50,51],56]: 2*it(50)+0
  with precondition: [V_end_of_pkes_0=0,B=6,C=130,V__verbose=D,V__quietmode=E,130>=V_realprecision_0,V_realprecision_0>=0] 

* Chain [[50,51],55]: 2*it(50)+0
  with precondition: [V_end_of_pkes_0=0,B=7,C=130,V__verbose=D,V__quietmode=E,130>=V_realprecision_0,V_realprecision_0>=0] 

* Chain [[50,51],54]: 2*it(50)+0
  with precondition: [V_end_of_pkes_0=0,B=8,C=130,V__verbose=D,V__quietmode=E,130>=V_realprecision_0,V_realprecision_0>=0] 

* Chain [[50,51],53]: 2*it(50)+0
  with precondition: [V_end_of_pkes_0=0,B=9,C=130,V__verbose=D,V__quietmode=E,130>=F,V_realprecision_0>=0,F>=V_realprecision_0] 

* Chain [[50,51],52]: 2*it(50)+0
  with precondition: [V_end_of_pkes_0=0,B=10,C=130,V__verbose=D,V__quietmode=E,130>=F,V_realprecision_0>=0,F>=V_realprecision_0] 

* Chain [60]: 0
  with precondition: [V_end_of_pkes_0=0,B=2,C=130,D=V__verbose,E=V__quietmode,130>=V_realprecision_0,V_realprecision_0>=0] 

* Chain [59]: 0
  with precondition: [V_end_of_pkes_0=0,B=3,C=130,D=V__verbose,E=V__quietmode,130>=V_realprecision_0,V_realprecision_0>=0] 

* Chain [58]: 0
  with precondition: [V_end_of_pkes_0=0,B=4,C=130,D=V__verbose,E=V__quietmode,130>=V_realprecision_0,V_realprecision_0>=0] 

* Chain [57]: 0
  with precondition: [V_end_of_pkes_0=0,B=5,C=130,D=V__verbose,E=V__quietmode,130>=V_realprecision_0,V_realprecision_0>=0] 

* Chain [56]: 0
  with precondition: [V_end_of_pkes_0=0,B=6,C=130,D=V__verbose,E=V__quietmode,130>=V_realprecision_0,V_realprecision_0>=0] 

* Chain [55]: 0
  with precondition: [V_end_of_pkes_0=0,B=7,C=130,D=V__verbose,E=V__quietmode,130>=V_realprecision_0,V_realprecision_0>=0] 

* Chain [54]: 0
  with precondition: [V_end_of_pkes_0=0,B=8,C=130,D=V__verbose,E=V__quietmode,130>=V_realprecision_0,V_realprecision_0>=0] 

* Chain [53]: 0
  with precondition: [V_end_of_pkes_0=0,B=9,C=130,D=V__verbose,E=V__quietmode,G=V_fpos_0,H=V_count_0,V_realprecision_0=F,130>=V_realprecision_0,V_realprecision_0>=0] 

* Chain [52]: 0
  with precondition: [V_end_of_pkes_0=0,B=10,C=130,D=V__verbose,E=V__quietmode,G=V_fpos_0,H=V_count_0,V_realprecision_0=F,130>=V_realprecision_0,V_realprecision_0>=0] 


#### Cost of loops [61] 

 * loop 61:eval_decryptfile_bb36_in(V__global_precision,V__verbose,V__quietmode,V_realprecision_3,V_fpos_1,V_count_2,B,C,D,E,F,G,H) -> [eval_decryptfile_bb36_in(V__global_precision',V__verbose',V__quietmode',V_realprecision_3',V_fpos_1',V_count_2',B',C',D',E',F',G',H')] 
1
#### Cost of phase [61]:eval_decryptfile_bb36_in(V__global_precision,V__verbose,V__quietmode,V_realprecision_3,V_fpos_1,V_count_2,B,C,D,E,F,G,H) -> [eval_decryptfile_bb36_in(V__global_precision',V__verbose',V__quietmode',V_realprecision_3',V_fpos_1',V_count_2',B',C',D',E',F',G',H')] 
1*it(61)+0
#### Cost of phase [61]:eval_decryptfile_bb36_in(V__global_precision,V__verbose,V__quietmode,V_realprecision_3,V_fpos_1,V_count_2,B,C,D,E,F,G,H) -> [eval_decryptfile_bb36_in(V__global_precision',V__verbose',V__quietmode',V_realprecision_3',V_fpos_1',V_count_2',B',C',D',E',F',G',H')] 
1*it(61)+0
#### Cost of chains of eval_decryptfile_bb36_in(V__global_precision,V__verbose,V__quietmode,V_realprecision_3,V_fpos_1,V_count_2,B,C,D,E,F,G,H):
* Chain [[61]]...: 1*it(61)+0
  with precondition: [B=13] 

* Chain [[61],62]: 1*it(61)+0
  with precondition: [B=13,V__global_precision=C,V__verbose=D,V__quietmode=E,V_realprecision_3=F,V_fpos_1=G,V_count_2=H] 

* Chain [62]: 0
  with precondition: [B=13,C=V__global_precision,D=V__verbose,E=V__quietmode,F=V_realprecision_3,G=V_fpos_1,H=V_count_2] 


#### Cost of loops [63] 

 * loop 63:eval_decryptfile_bb42_in(V__global_precision,V__verbose,V__quietmode,V_realprecision_3,V_fpos_1,V_count_2,B,C,D,E,F,G,H) -> [eval_decryptfile_bb42_in(V__global_precision',V__verbose',V__quietmode',V_realprecision_3',V_fpos_1',V_count_2',B',C',D',E',F',G',H')] 
1
#### Cost of phase [63]:eval_decryptfile_bb42_in(V__global_precision,V__verbose,V__quietmode,V_realprecision_3,V_fpos_1,V_count_2,B,C,D,E,F,G,H) -> [eval_decryptfile_bb42_in(V__global_precision',V__verbose',V__quietmode',V_realprecision_3',V_fpos_1',V_count_2',B',C',D',E',F',G',H')] 
1*it(63)+0
#### Cost of phase [63]:eval_decryptfile_bb42_in(V__global_precision,V__verbose,V__quietmode,V_realprecision_3,V_fpos_1,V_count_2,B,C,D,E,F,G,H) -> [eval_decryptfile_bb42_in(V__global_precision',V__verbose',V__quietmode',V_realprecision_3',V_fpos_1',V_count_2',B',C',D',E',F',G',H')] 
1*it(63)+0
#### Cost of phase [63]:eval_decryptfile_bb42_in(V__global_precision,V__verbose,V__quietmode,V_realprecision_3,V_fpos_1,V_count_2,B,C,D,E,F,G,H) -> [eval_decryptfile_bb42_in(V__global_precision',V__verbose',V__quietmode',V_realprecision_3',V_fpos_1',V_count_2',B',C',D',E',F',G',H')] 
1*it(63)+0
#### Cost of chains of eval_decryptfile_bb42_in(V__global_precision,V__verbose,V__quietmode,V_realprecision_3,V_fpos_1,V_count_2,B,C,D,E,F,G,H):
* Chain [[63]]...: 1*it(63)+0
  with precondition: [] 

* Chain [[63],65]: 1*it(63)+0
  with precondition: [B=11,V__global_precision=C,V__verbose=D,V__quietmode=E,V_realprecision_3=F,V_fpos_1=G,V_count_2=H] 

* Chain [[63],64]: 1*it(63)+0
  with precondition: [B=12,V__global_precision=C,V__verbose=D,V__quietmode=E] 

* Chain [65]: 0
  with precondition: [B=11,C=V__global_precision,D=V__verbose,E=V__quietmode,F=V_realprecision_3,G=V_fpos_1,H=V_count_2] 

* Chain [64]: 0
  with precondition: [B=12,C=V__global_precision,D=V__verbose,E=V__quietmode] 


#### Cost of chains of eval_decryptfile_153(V__global_precision,V__verbose,V__quietmode,B):
* Chain [66]: 0
  with precondition: [] 


#### Cost of chains of eval_decryptfile_bb55_in(V__global_precision,V__verbose,V__quietmode,B):
* Chain [67]: 0
  with precondition: [] 


#### Cost of chains of eval_decryptfile_143(V__global_precision,V__verbose,V__quietmode,B):
* Chain [68]: 0
  with precondition: [] 


#### Cost of chains of eval_decryptfile_132(V__global_precision,V__verbose,V__quietmode,B):
* Chain [69]: 0
  with precondition: [] 


#### Cost of chains of eval_decryptfile_127(V__global_precision,V__verbose,V__quietmode,B):
* Chain [70]: 0
  with precondition: [] 


#### Cost of chains of eval_decryptfile_120(V__global_precision,V__verbose,V__quietmode,B):
* Chain [71]: 0
  with precondition: [] 


#### Cost of chains of eval_decryptfile_111(V__global_precision,V__verbose,V__quietmode,V_146,B):
* Chain [72]: 0
  with precondition: [] 


#### Cost of chains of loop_cont_eval_decryptfile_bb42_in(H,A,B,C,D,E,F,G):
* Chain [74]: 0
  with precondition: [H=11] 

* Chain [73]: 0
  with precondition: [H=12] 


#### Cost of chains of eval_decryptfile_102(V__global_precision,V__verbose,V__quietmode,V_realprecision_3,V_fpos_1,V_count_2,B):
* Chain [76]: 1*aux(13)+0
  with precondition: [] 

* Chain [75]...: 1*s(15)+1
  with precondition: [] 


#### Cost of chains of eval_decryptfile_89(V__global_precision,V__verbose,V__quietmode,V_realprecision_3,V_fpos_1,V_count_2,B):
* Chain [78]: 2*s(16)+1
  with precondition: [] 

* Chain [77]...: 1*aux(14)+0
  with precondition: [] 


#### Cost of chains of eval_decryptfile_92(V__global_precision,V__verbose,V__quietmode,V_realprecision_3,V_fpos_1,V_count_2,B):
* Chain [80]: 2*s(21)+1
  with precondition: [] 

* Chain [79]...: 1*aux(15)+0
  with precondition: [] 


#### Cost of chains of eval_decryptfile_87(V__global_precision,V__verbose,V__quietmode,V_realprecision_3,V_fpos_1,V_count_2,B):
* Chain [82]: 1*aux(16)+0
  with precondition: [] 

* Chain [81]...: 1*aux(17)+0
  with precondition: [] 


#### Cost of chains of loop_cont_eval_decryptfile_bb5_in(H,A,B,C,D,E,F,G):
* Chain [93]...: 1*s(30)+0
  with precondition: [H=9] 

* Chain [92]...: 1*s(31)+1
  with precondition: [H=10] 

* Chain [91]: 0
  with precondition: [H=2] 

* Chain [90]: 0
  with precondition: [H=3] 

* Chain [89]: 0
  with precondition: [H=4] 

* Chain [88]: 0
  with precondition: [H=5] 

* Chain [87]: 0
  with precondition: [H=6] 

* Chain [86]: 0
  with precondition: [H=7] 

* Chain [85]: 0
  with precondition: [H=8] 

* Chain [84]: 1*s(32)+0
  with precondition: [H=9] 

* Chain [83]: 1*aux(18)+0
  with precondition: [H=10] 


#### Cost of chains of eval_decryptfile_5(V__global_precision,V__verbose,V__quietmode,B):
* Chain [95]: 1*aux(19)+0
  with precondition: [] 

* Chain [94]...: 1*aux(20)+0
  with precondition: [] 


#### Cost of chains of eval_decryptfile_bb0_in(V__global_precision,V__verbose,V__quietmode,B):
* Chain [97]: 1*s(51)+0
  with precondition: [] 

* Chain [96]...: 1*s(52)+0
  with precondition: [] 


#### Cost of chains of eval_decryptfile_start(V__global_precision,V__verbose,V__quietmode,B):
* Chain [99]: 1*s(53)+0
  with precondition: [] 

* Chain [98]...: 1*s(54)+0
  with precondition: [] 


Closed-form bounds of eval_decryptfile_start(V__global_precision,V__verbose,V__quietmode,B): 
-------------------------------------
* Chain [99] with precondition: [] 
    - Upper bound: inf 
    - Complexity: infinity 
* Chain [98]... with precondition: [] 
    - Upper bound: inf 
    - Complexity: infinity 

### Maximum cost of eval_decryptfile_start(V__global_precision,V__verbose,V__quietmode,B): inf 
Asymptotic class: infinity 

Time statistics: 
-------------------------------------
* Partial evaluation computed in 1317 ms.
* Invariants computed in 98 ms.
   - Backward Invariants 69 ms.
   - Transitive Invariants 9 ms.
* Refinement performed in 231 ms.
* Termination proved in 8 ms.
* Upper bounds computed in 131 ms.
   - Equation cost structures 58 ms.
   - Phase cost structures 15 ms.
   - Chain cost structures 56 ms.
   - Solving cost expressions 0 ms.
* Total analysis performed in 2505 ms.

