MAYBE

Initial complexity problem:
1:	T:
		(1, 1)    eval_bstr_i_start(v_5) -> Com_1(eval_bstr_i_bb0_in(v_5))
		(?, 1)    eval_bstr_i_bb0_in(v_5) -> Com_1(eval_bstr_i_bb1_in(v_5))
		(?, 1)    eval_bstr_i_bb1_in(v_5) -> Com_1(eval_bstr_i_5(nondef.1))
		(?, 1)    eval_bstr_i_bb1_in(v_5) -> Com_1(eval_bstr_i_.critedge_in(v_5))
		(?, 1)    eval_bstr_i_5(v_5) -> Com_2(eval_strchr_start(v_5), eval_bstr_i_6(v_5))
		(?, 1)    eval_bstr_i_6(v_5) -> Com_1(eval_bstr_i_bb1_in(v_5))
		(?, 1)    eval_bstr_i_6(v_5) -> Com_1(eval_bstr_i_.critedge_in(v_5))
		(?, 1)    eval_bstr_i_.critedge_in(v_5) -> Com_1(eval_bstr_i_stop(v_5))
	start location:	eval_bstr_i_start
	leaf cost:	0

Repeatedly propagating knowledge in problem 1 produces the following problem:
2:	T:
		(1, 1)    eval_bstr_i_start(v_5) -> Com_1(eval_bstr_i_bb0_in(v_5))
		(1, 1)    eval_bstr_i_bb0_in(v_5) -> Com_1(eval_bstr_i_bb1_in(v_5))
		(?, 1)    eval_bstr_i_bb1_in(v_5) -> Com_1(eval_bstr_i_5(nondef.1))
		(?, 1)    eval_bstr_i_bb1_in(v_5) -> Com_1(eval_bstr_i_.critedge_in(v_5))
		(?, 1)    eval_bstr_i_5(v_5) -> Com_2(eval_strchr_start(v_5), eval_bstr_i_6(v_5))
		(?, 1)    eval_bstr_i_6(v_5) -> Com_1(eval_bstr_i_bb1_in(v_5))
		(?, 1)    eval_bstr_i_6(v_5) -> Com_1(eval_bstr_i_.critedge_in(v_5))
		(?, 1)    eval_bstr_i_.critedge_in(v_5) -> Com_1(eval_bstr_i_stop(v_5))
	start location:	eval_bstr_i_start
	leaf cost:	0

A polynomial rank function with
	Pol(eval_bstr_i_start) = 2
	Pol(eval_bstr_i_bb0_in) = 2
	Pol(eval_bstr_i_bb1_in) = 2
	Pol(eval_bstr_i_5) = 2
	Pol(eval_bstr_i_.critedge_in) = 1
	Pol(eval_strchr_start) = 0
	Pol(eval_bstr_i_6) = 2
	Pol(eval_bstr_i_stop) = 0
orients all transitions weakly and the transitions
	eval_bstr_i_bb1_in(v_5) -> Com_1(eval_bstr_i_.critedge_in(v_5))
	eval_bstr_i_6(v_5) -> Com_1(eval_bstr_i_.critedge_in(v_5))
	eval_bstr_i_.critedge_in(v_5) -> Com_1(eval_bstr_i_stop(v_5))
strictly and produces the following problem:
3:	T:
		(1, 1)    eval_bstr_i_start(v_5) -> Com_1(eval_bstr_i_bb0_in(v_5))
		(1, 1)    eval_bstr_i_bb0_in(v_5) -> Com_1(eval_bstr_i_bb1_in(v_5))
		(?, 1)    eval_bstr_i_bb1_in(v_5) -> Com_1(eval_bstr_i_5(nondef.1))
		(2, 1)    eval_bstr_i_bb1_in(v_5) -> Com_1(eval_bstr_i_.critedge_in(v_5))
		(?, 1)    eval_bstr_i_5(v_5) -> Com_2(eval_strchr_start(v_5), eval_bstr_i_6(v_5))
		(?, 1)    eval_bstr_i_6(v_5) -> Com_1(eval_bstr_i_bb1_in(v_5))
		(2, 1)    eval_bstr_i_6(v_5) -> Com_1(eval_bstr_i_.critedge_in(v_5))
		(2, 1)    eval_bstr_i_.critedge_in(v_5) -> Com_1(eval_bstr_i_stop(v_5))
	start location:	eval_bstr_i_start
	leaf cost:	0

By chaining the transition eval_bstr_i_start(v_5) -> Com_1(eval_bstr_i_bb0_in(v_5)) with all transitions in problem 3, the following new transition is obtained:
	eval_bstr_i_start(v_5) -> Com_1(eval_bstr_i_bb1_in(v_5))
We thus obtain the following problem:
4:	T:
		(1, 2)    eval_bstr_i_start(v_5) -> Com_1(eval_bstr_i_bb1_in(v_5))
		(1, 1)    eval_bstr_i_bb0_in(v_5) -> Com_1(eval_bstr_i_bb1_in(v_5))
		(?, 1)    eval_bstr_i_bb1_in(v_5) -> Com_1(eval_bstr_i_5(nondef.1))
		(2, 1)    eval_bstr_i_bb1_in(v_5) -> Com_1(eval_bstr_i_.critedge_in(v_5))
		(?, 1)    eval_bstr_i_5(v_5) -> Com_2(eval_strchr_start(v_5), eval_bstr_i_6(v_5))
		(?, 1)    eval_bstr_i_6(v_5) -> Com_1(eval_bstr_i_bb1_in(v_5))
		(2, 1)    eval_bstr_i_6(v_5) -> Com_1(eval_bstr_i_.critedge_in(v_5))
		(2, 1)    eval_bstr_i_.critedge_in(v_5) -> Com_1(eval_bstr_i_stop(v_5))
	start location:	eval_bstr_i_start
	leaf cost:	0

Testing for reachability in the complexity graph removes the following transition from problem 4:
	eval_bstr_i_bb0_in(v_5) -> Com_1(eval_bstr_i_bb1_in(v_5))
We thus obtain the following problem:
5:	T:
		(2, 1)    eval_bstr_i_6(v_5) -> Com_1(eval_bstr_i_.critedge_in(v_5))
		(?, 1)    eval_bstr_i_6(v_5) -> Com_1(eval_bstr_i_bb1_in(v_5))
		(2, 1)    eval_bstr_i_.critedge_in(v_5) -> Com_1(eval_bstr_i_stop(v_5))
		(?, 1)    eval_bstr_i_5(v_5) -> Com_2(eval_strchr_start(v_5), eval_bstr_i_6(v_5))
		(2, 1)    eval_bstr_i_bb1_in(v_5) -> Com_1(eval_bstr_i_.critedge_in(v_5))
		(?, 1)    eval_bstr_i_bb1_in(v_5) -> Com_1(eval_bstr_i_5(nondef.1))
		(1, 2)    eval_bstr_i_start(v_5) -> Com_1(eval_bstr_i_bb1_in(v_5))
	start location:	eval_bstr_i_start
	leaf cost:	0

By chaining the transition eval_bstr_i_6(v_5) -> Com_1(eval_bstr_i_.critedge_in(v_5)) with all transitions in problem 5, the following new transition is obtained:
	eval_bstr_i_6(v_5) -> Com_1(eval_bstr_i_stop(v_5))
We thus obtain the following problem:
6:	T:
		(2, 2)    eval_bstr_i_6(v_5) -> Com_1(eval_bstr_i_stop(v_5))
		(?, 1)    eval_bstr_i_6(v_5) -> Com_1(eval_bstr_i_bb1_in(v_5))
		(2, 1)    eval_bstr_i_.critedge_in(v_5) -> Com_1(eval_bstr_i_stop(v_5))
		(?, 1)    eval_bstr_i_5(v_5) -> Com_2(eval_strchr_start(v_5), eval_bstr_i_6(v_5))
		(2, 1)    eval_bstr_i_bb1_in(v_5) -> Com_1(eval_bstr_i_.critedge_in(v_5))
		(?, 1)    eval_bstr_i_bb1_in(v_5) -> Com_1(eval_bstr_i_5(nondef.1))
		(1, 2)    eval_bstr_i_start(v_5) -> Com_1(eval_bstr_i_bb1_in(v_5))
	start location:	eval_bstr_i_start
	leaf cost:	0

By chaining the transition eval_bstr_i_bb1_in(v_5) -> Com_1(eval_bstr_i_.critedge_in(v_5)) with all transitions in problem 6, the following new transition is obtained:
	eval_bstr_i_bb1_in(v_5) -> Com_1(eval_bstr_i_stop(v_5))
We thus obtain the following problem:
7:	T:
		(2, 2)    eval_bstr_i_bb1_in(v_5) -> Com_1(eval_bstr_i_stop(v_5))
		(2, 2)    eval_bstr_i_6(v_5) -> Com_1(eval_bstr_i_stop(v_5))
		(?, 1)    eval_bstr_i_6(v_5) -> Com_1(eval_bstr_i_bb1_in(v_5))
		(2, 1)    eval_bstr_i_.critedge_in(v_5) -> Com_1(eval_bstr_i_stop(v_5))
		(?, 1)    eval_bstr_i_5(v_5) -> Com_2(eval_strchr_start(v_5), eval_bstr_i_6(v_5))
		(?, 1)    eval_bstr_i_bb1_in(v_5) -> Com_1(eval_bstr_i_5(nondef.1))
		(1, 2)    eval_bstr_i_start(v_5) -> Com_1(eval_bstr_i_bb1_in(v_5))
	start location:	eval_bstr_i_start
	leaf cost:	0

Testing for reachability in the complexity graph removes the following transition from problem 7:
	eval_bstr_i_.critedge_in(v_5) -> Com_1(eval_bstr_i_stop(v_5))
We thus obtain the following problem:
8:	T:
		(2, 2)    eval_bstr_i_6(v_5) -> Com_1(eval_bstr_i_stop(v_5))
		(?, 1)    eval_bstr_i_6(v_5) -> Com_1(eval_bstr_i_bb1_in(v_5))
		(?, 1)    eval_bstr_i_5(v_5) -> Com_2(eval_strchr_start(v_5), eval_bstr_i_6(v_5))
		(2, 2)    eval_bstr_i_bb1_in(v_5) -> Com_1(eval_bstr_i_stop(v_5))
		(?, 1)    eval_bstr_i_bb1_in(v_5) -> Com_1(eval_bstr_i_5(nondef.1))
		(1, 2)    eval_bstr_i_start(v_5) -> Com_1(eval_bstr_i_bb1_in(v_5))
	start location:	eval_bstr_i_start
	leaf cost:	0

By chaining the transition eval_bstr_i_bb1_in(v_5) -> Com_1(eval_bstr_i_5(nondef.1)) with all transitions in problem 8, the following new transition is obtained:
	eval_bstr_i_bb1_in(v_5) -> Com_2(eval_strchr_start(nondef.1), eval_bstr_i_6(nondef.1))
We thus obtain the following problem:
9:	T:
		(?, 2)    eval_bstr_i_bb1_in(v_5) -> Com_2(eval_strchr_start(nondef.1), eval_bstr_i_6(nondef.1))
		(2, 2)    eval_bstr_i_6(v_5) -> Com_1(eval_bstr_i_stop(v_5))
		(?, 1)    eval_bstr_i_6(v_5) -> Com_1(eval_bstr_i_bb1_in(v_5))
		(?, 1)    eval_bstr_i_5(v_5) -> Com_2(eval_strchr_start(v_5), eval_bstr_i_6(v_5))
		(2, 2)    eval_bstr_i_bb1_in(v_5) -> Com_1(eval_bstr_i_stop(v_5))
		(1, 2)    eval_bstr_i_start(v_5) -> Com_1(eval_bstr_i_bb1_in(v_5))
	start location:	eval_bstr_i_start
	leaf cost:	0

Testing for reachability in the complexity graph removes the following transition from problem 9:
	eval_bstr_i_5(v_5) -> Com_2(eval_strchr_start(v_5), eval_bstr_i_6(v_5))
We thus obtain the following problem:
10:	T:
		(2, 2)    eval_bstr_i_6(v_5) -> Com_1(eval_bstr_i_stop(v_5))
		(?, 1)    eval_bstr_i_6(v_5) -> Com_1(eval_bstr_i_bb1_in(v_5))
		(?, 2)    eval_bstr_i_bb1_in(v_5) -> Com_2(eval_strchr_start(nondef.1), eval_bstr_i_6(nondef.1))
		(2, 2)    eval_bstr_i_bb1_in(v_5) -> Com_1(eval_bstr_i_stop(v_5))
		(1, 2)    eval_bstr_i_start(v_5) -> Com_1(eval_bstr_i_bb1_in(v_5))
	start location:	eval_bstr_i_start
	leaf cost:	0

By chaining the transition eval_bstr_i_6(v_5) -> Com_1(eval_bstr_i_bb1_in(v_5)) with all transitions in problem 10, the following new transitions are obtained:
	eval_bstr_i_6(v_5) -> Com_2(eval_strchr_start(nondef.1), eval_bstr_i_6(nondef.1))
	eval_bstr_i_6(v_5) -> Com_1(eval_bstr_i_stop(v_5))
We thus obtain the following problem:
11:	T:
		(?, 3)    eval_bstr_i_6(v_5) -> Com_2(eval_strchr_start(nondef.1), eval_bstr_i_6(nondef.1))
		(?, 3)    eval_bstr_i_6(v_5) -> Com_1(eval_bstr_i_stop(v_5))
		(?, 3)    eval_bstr_i_6(v_5) -> Com_1(eval_bstr_i_stop(v_5))
		(?, 2)    eval_bstr_i_bb1_in(v_5) -> Com_2(eval_strchr_start(nondef.1), eval_bstr_i_6(nondef.1))
		(2, 2)    eval_bstr_i_bb1_in(v_5) -> Com_1(eval_bstr_i_stop(v_5))
		(1, 2)    eval_bstr_i_start(v_5) -> Com_1(eval_bstr_i_bb1_in(v_5))
	start location:	eval_bstr_i_start
	leaf cost:	0

Repeatedly propagating knowledge in problem 11 produces the following problem:
12:	T:
		(?, 3)    eval_bstr_i_6(v_5) -> Com_2(eval_strchr_start(nondef.1), eval_bstr_i_6(nondef.1))
		(?, 3)    eval_bstr_i_6(v_5) -> Com_1(eval_bstr_i_stop(v_5))
		(?, 3)    eval_bstr_i_6(v_5) -> Com_1(eval_bstr_i_stop(v_5))
		(1, 2)    eval_bstr_i_bb1_in(v_5) -> Com_2(eval_strchr_start(nondef.1), eval_bstr_i_6(nondef.1))
		(2, 2)    eval_bstr_i_bb1_in(v_5) -> Com_1(eval_bstr_i_stop(v_5))
		(1, 2)    eval_bstr_i_start(v_5) -> Com_1(eval_bstr_i_bb1_in(v_5))
	start location:	eval_bstr_i_start
	leaf cost:	0

A polynomial rank function with
	Pol(eval_bstr_i_6) = 1
	Pol(eval_strchr_start) = 0
	Pol(eval_bstr_i_stop) = 0
	Pol(eval_bstr_i_bb1_in) = 1
	Pol(eval_bstr_i_start) = 1
orients all transitions weakly and the transition
	eval_bstr_i_6(v_5) -> Com_1(eval_bstr_i_stop(v_5))
strictly and produces the following problem:
13:	T:
		(?, 3)    eval_bstr_i_6(v_5) -> Com_2(eval_strchr_start(nondef.1), eval_bstr_i_6(nondef.1))
		(1, 3)    eval_bstr_i_6(v_5) -> Com_1(eval_bstr_i_stop(v_5))
		(1, 3)    eval_bstr_i_6(v_5) -> Com_1(eval_bstr_i_stop(v_5))
		(1, 2)    eval_bstr_i_bb1_in(v_5) -> Com_2(eval_strchr_start(nondef.1), eval_bstr_i_6(nondef.1))
		(2, 2)    eval_bstr_i_bb1_in(v_5) -> Com_1(eval_bstr_i_stop(v_5))
		(1, 2)    eval_bstr_i_start(v_5) -> Com_1(eval_bstr_i_bb1_in(v_5))
	start location:	eval_bstr_i_start
	leaf cost:	0

By chaining the transition eval_bstr_i_start(v_5) -> Com_1(eval_bstr_i_bb1_in(v_5)) with all transitions in problem 13, the following new transitions are obtained:
	eval_bstr_i_start(v_5) -> Com_2(eval_strchr_start(nondef.1), eval_bstr_i_6(nondef.1))
	eval_bstr_i_start(v_5) -> Com_1(eval_bstr_i_stop(v_5))
We thus obtain the following problem:
14:	T:
		(1, 4)    eval_bstr_i_start(v_5) -> Com_2(eval_strchr_start(nondef.1), eval_bstr_i_6(nondef.1))
		(1, 4)    eval_bstr_i_start(v_5) -> Com_1(eval_bstr_i_stop(v_5))
		(?, 3)    eval_bstr_i_6(v_5) -> Com_2(eval_strchr_start(nondef.1), eval_bstr_i_6(nondef.1))
		(1, 3)    eval_bstr_i_6(v_5) -> Com_1(eval_bstr_i_stop(v_5))
		(1, 3)    eval_bstr_i_6(v_5) -> Com_1(eval_bstr_i_stop(v_5))
		(1, 2)    eval_bstr_i_bb1_in(v_5) -> Com_2(eval_strchr_start(nondef.1), eval_bstr_i_6(nondef.1))
		(2, 2)    eval_bstr_i_bb1_in(v_5) -> Com_1(eval_bstr_i_stop(v_5))
	start location:	eval_bstr_i_start
	leaf cost:	0

Testing for reachability in the complexity graph removes the following transitions from problem 14:
	eval_bstr_i_bb1_in(v_5) -> Com_2(eval_strchr_start(nondef.1), eval_bstr_i_6(nondef.1))
	eval_bstr_i_bb1_in(v_5) -> Com_1(eval_bstr_i_stop(v_5))
We thus obtain the following problem:
15:	T:
		(1, 3)    eval_bstr_i_6(v_5) -> Com_1(eval_bstr_i_stop(v_5))
		(?, 3)    eval_bstr_i_6(v_5) -> Com_2(eval_strchr_start(nondef.1), eval_bstr_i_6(nondef.1))
		(1, 3)    eval_bstr_i_6(v_5) -> Com_1(eval_bstr_i_stop(v_5))
		(1, 4)    eval_bstr_i_start(v_5) -> Com_1(eval_bstr_i_stop(v_5))
		(1, 4)    eval_bstr_i_start(v_5) -> Com_2(eval_strchr_start(nondef.1), eval_bstr_i_6(nondef.1))
	start location:	eval_bstr_i_start
	leaf cost:	0

Complexity upper bound ?

Time: 0.091 sec (SMT: 0.079 sec)
