MAYBE

Initial complexity problem:
1:	T:
		(1, 1)    eval_id3_utf8_serialize_start(v_11, v_15, v_19, v_23, v_26, v_5, v_7, v_terminate) -> Com_1(eval_id3_utf8_serialize_bb0_in(v_11, v_15, v_19, v_23, v_26, v_5, v_7, v_terminate))
		(?, 1)    eval_id3_utf8_serialize_bb0_in(v_11, v_15, v_19, v_23, v_26, v_5, v_7, v_terminate) -> Com_1(eval_id3_utf8_serialize_bb1_in(v_11, v_15, v_19, v_23, v_26, v_5, v_7, v_terminate))
		(?, 1)    eval_id3_utf8_serialize_bb1_in(v_11, v_15, v_19, v_23, v_26, v_5, v_7, v_terminate) -> Com_1(eval_id3_utf8_serialize_3(v_11, v_15, v_19, v_23, v_26, nondef.1, v_7, v_terminate))
		(?, 1)    eval_id3_utf8_serialize_bb1_in(v_11, v_15, v_19, v_23, v_26, v_5, v_7, v_terminate) -> Com_1(eval_id3_utf8_serialize_29(v_11, v_15, v_19, v_23, v_26, v_5, v_7, v_terminate))
		(?, 1)    eval_id3_utf8_serialize_bb1_in(v_11, v_15, v_19, v_23, v_26, v_5, v_7, v_terminate) -> Com_1(eval_id3_utf8_serialize_bb11_in(v_11, v_15, v_19, v_23, v_26, v_5, v_7, v_terminate))
		(?, 1)    eval_id3_utf8_serialize_3(v_11, v_15, v_19, v_23, v_26, v_5, v_7, v_terminate) -> Com_2(eval_id3_utf8_encodechar_start(v_11, v_15, v_19, v_23, v_26, v_5, v_7, v_terminate), eval_id3_utf8_serialize_4(v_11, v_15, v_19, v_23, v_26, v_5, v_7, v_terminate))
		(?, 1)    eval_id3_utf8_serialize_4(v_11, v_15, v_19, v_23, v_26, v_5, v_7, v_terminate) -> Com_1(eval_id3_utf8_serialize_bb8_in(v_11, v_15, v_19, v_23, v_26, v_5, v_7, v_terminate))
		(?, 1)    eval_id3_utf8_serialize_4(v_11, v_15, v_19, v_23, v_26, v_5, v_7, v_terminate) -> Com_1(eval_id3_utf8_serialize_NewDefault_in(v_11, v_15, v_19, v_23, v_26, v_5, v_7, v_terminate))
		(?, 1)    eval_id3_utf8_serialize_4(v_11, v_15, v_19, v_23, v_26, v_5, v_7, v_terminate) -> Com_1(eval_id3_utf8_serialize_bb7_in(v_11, v_15, v_19, v_23, v_26, v_5, v_7, v_terminate))
		(?, 1)    eval_id3_utf8_serialize_4(v_11, v_15, v_19, v_23, v_26, v_5, v_7, v_terminate) -> Com_1(eval_id3_utf8_serialize_bb6_in(v_11, v_15, v_19, v_23, v_26, v_5, v_7, v_terminate))
		(?, 1)    eval_id3_utf8_serialize_4(v_11, v_15, v_19, v_23, v_26, v_5, v_7, v_terminate) -> Com_1(eval_id3_utf8_serialize_bb5_in(v_11, v_15, v_19, v_23, v_26, v_5, v_7, v_terminate))
		(?, 1)    eval_id3_utf8_serialize_4(v_11, v_15, v_19, v_23, v_26, v_5, v_7, v_terminate) -> Com_1(eval_id3_utf8_serialize_bb4_in(v_11, v_15, v_19, v_23, v_26, v_5, v_7, v_terminate))
		(?, 1)    eval_id3_utf8_serialize_4(v_11, v_15, v_19, v_23, v_26, v_5, v_7, v_terminate) -> Com_1(eval_id3_utf8_serialize_6(v_11, v_15, v_19, v_23, v_26, v_5, nondef.3, v_terminate))
		(?, 1)    eval_id3_utf8_serialize_6(v_11, v_15, v_19, v_23, v_26, v_5, v_7, v_terminate) -> Com_2(eval_id3_utf8_put_start(v_11, v_15, v_19, v_23, v_26, v_5, v_7, v_terminate), eval_id3_utf8_serialize_7(v_11, v_15, v_19, v_23, v_26, v_5, v_7, v_terminate))
		(?, 1)    eval_id3_utf8_serialize_7(v_11, v_15, v_19, v_23, v_26, v_5, v_7, v_terminate) -> Com_1(eval_id3_utf8_serialize_bb4_in(v_11, v_15, v_19, v_23, v_26, v_5, v_7, v_terminate))
		(?, 1)    eval_id3_utf8_serialize_bb4_in(v_11, v_15, v_19, v_23, v_26, v_5, v_7, v_terminate) -> Com_1(eval_id3_utf8_serialize_10(nondef.5, v_15, v_19, v_23, v_26, v_5, v_7, v_terminate))
		(?, 1)    eval_id3_utf8_serialize_10(v_11, v_15, v_19, v_23, v_26, v_5, v_7, v_terminate) -> Com_2(eval_id3_utf8_put_start(v_11, v_15, v_19, v_23, v_26, v_5, v_7, v_terminate), eval_id3_utf8_serialize_11(v_11, v_15, v_19, v_23, v_26, v_5, v_7, v_terminate))
		(?, 1)    eval_id3_utf8_serialize_11(v_11, v_15, v_19, v_23, v_26, v_5, v_7, v_terminate) -> Com_1(eval_id3_utf8_serialize_bb5_in(v_11, v_15, v_19, v_23, v_26, v_5, v_7, v_terminate))
		(?, 1)    eval_id3_utf8_serialize_bb5_in(v_11, v_15, v_19, v_23, v_26, v_5, v_7, v_terminate) -> Com_1(eval_id3_utf8_serialize_14(v_11, nondef.7, v_19, v_23, v_26, v_5, v_7, v_terminate))
		(?, 1)    eval_id3_utf8_serialize_14(v_11, v_15, v_19, v_23, v_26, v_5, v_7, v_terminate) -> Com_2(eval_id3_utf8_put_start(v_11, v_15, v_19, v_23, v_26, v_5, v_7, v_terminate), eval_id3_utf8_serialize_15(v_11, v_15, v_19, v_23, v_26, v_5, v_7, v_terminate))
		(?, 1)    eval_id3_utf8_serialize_15(v_11, v_15, v_19, v_23, v_26, v_5, v_7, v_terminate) -> Com_1(eval_id3_utf8_serialize_bb6_in(v_11, v_15, v_19, v_23, v_26, v_5, v_7, v_terminate))
		(?, 1)    eval_id3_utf8_serialize_bb6_in(v_11, v_15, v_19, v_23, v_26, v_5, v_7, v_terminate) -> Com_1(eval_id3_utf8_serialize_18(v_11, v_15, nondef.9, v_23, v_26, v_5, v_7, v_terminate))
		(?, 1)    eval_id3_utf8_serialize_18(v_11, v_15, v_19, v_23, v_26, v_5, v_7, v_terminate) -> Com_2(eval_id3_utf8_put_start(v_11, v_15, v_19, v_23, v_26, v_5, v_7, v_terminate), eval_id3_utf8_serialize_19(v_11, v_15, v_19, v_23, v_26, v_5, v_7, v_terminate))
		(?, 1)    eval_id3_utf8_serialize_19(v_11, v_15, v_19, v_23, v_26, v_5, v_7, v_terminate) -> Com_1(eval_id3_utf8_serialize_bb7_in(v_11, v_15, v_19, v_23, v_26, v_5, v_7, v_terminate))
		(?, 1)    eval_id3_utf8_serialize_bb7_in(v_11, v_15, v_19, v_23, v_26, v_5, v_7, v_terminate) -> Com_1(eval_id3_utf8_serialize_22(v_11, v_15, v_19, nondef.11, v_26, v_5, v_7, v_terminate))
		(?, 1)    eval_id3_utf8_serialize_22(v_11, v_15, v_19, v_23, v_26, v_5, v_7, v_terminate) -> Com_2(eval_id3_utf8_put_start(v_11, v_15, v_19, v_23, v_26, v_5, v_7, v_terminate), eval_id3_utf8_serialize_23(v_11, v_15, v_19, v_23, v_26, v_5, v_7, v_terminate))
		(?, 1)    eval_id3_utf8_serialize_23(v_11, v_15, v_19, v_23, v_26, v_5, v_7, v_terminate) -> Com_1(eval_id3_utf8_serialize_bb8_in(v_11, v_15, v_19, v_23, v_26, v_5, v_7, v_terminate))
		(?, 1)    eval_id3_utf8_serialize_bb8_in(v_11, v_15, v_19, v_23, v_26, v_5, v_7, v_terminate) -> Com_1(eval_id3_utf8_serialize_26(v_11, v_15, v_19, v_23, nondef.13, v_5, v_7, v_terminate))
		(?, 1)    eval_id3_utf8_serialize_26(v_11, v_15, v_19, v_23, v_26, v_5, v_7, v_terminate) -> Com_2(eval_id3_utf8_put_start(v_11, v_15, v_19, v_23, v_26, v_5, v_7, v_terminate), eval_id3_utf8_serialize_27(v_11, v_15, v_19, v_23, v_26, v_5, v_7, v_terminate))
		(?, 1)    eval_id3_utf8_serialize_27(v_11, v_15, v_19, v_23, v_26, v_5, v_7, v_terminate) -> Com_1(eval_id3_utf8_serialize_bb1_in(v_11, v_15, v_19, v_23, v_26, v_5, v_7, v_terminate))
		(?, 1)    eval_id3_utf8_serialize_NewDefault_in(v_11, v_15, v_19, v_23, v_26, v_5, v_7, v_terminate) -> Com_1(eval_id3_utf8_serialize_bb1_in(v_11, v_15, v_19, v_23, v_26, v_5, v_7, v_terminate))
		(?, 1)    eval_id3_utf8_serialize_29(v_11, v_15, v_19, v_23, v_26, v_5, v_7, v_terminate) -> Com_2(eval_id3_utf8_put_start(v_11, v_15, v_19, v_23, v_26, v_5, v_7, v_terminate), eval_id3_utf8_serialize_30(v_11, v_15, v_19, v_23, v_26, v_5, v_7, v_terminate))
		(?, 1)    eval_id3_utf8_serialize_30(v_11, v_15, v_19, v_23, v_26, v_5, v_7, v_terminate) -> Com_1(eval_id3_utf8_serialize_bb11_in(v_11, v_15, v_19, v_23, v_26, v_5, v_7, v_terminate))
		(?, 1)    eval_id3_utf8_serialize_bb11_in(v_11, v_15, v_19, v_23, v_26, v_5, v_7, v_terminate) -> Com_1(eval_id3_utf8_serialize_stop(v_11, v_15, v_19, v_23, v_26, v_5, v_7, v_terminate))
	start location:	eval_id3_utf8_serialize_start
	leaf cost:	0

Slicing away variables that do not contribute to conditions from problem 1 leaves variables [].
We thus obtain the following problem:
2:	T:
		(?, 1)    eval_id3_utf8_serialize_bb11_in() -> Com_1(eval_id3_utf8_serialize_stop())
		(?, 1)    eval_id3_utf8_serialize_30() -> Com_1(eval_id3_utf8_serialize_bb11_in())
		(?, 1)    eval_id3_utf8_serialize_29() -> Com_2(eval_id3_utf8_put_start(), eval_id3_utf8_serialize_30())
		(?, 1)    eval_id3_utf8_serialize_NewDefault_in() -> Com_1(eval_id3_utf8_serialize_bb1_in())
		(?, 1)    eval_id3_utf8_serialize_27() -> Com_1(eval_id3_utf8_serialize_bb1_in())
		(?, 1)    eval_id3_utf8_serialize_26() -> Com_2(eval_id3_utf8_put_start(), eval_id3_utf8_serialize_27())
		(?, 1)    eval_id3_utf8_serialize_bb8_in() -> Com_1(eval_id3_utf8_serialize_26())
		(?, 1)    eval_id3_utf8_serialize_23() -> Com_1(eval_id3_utf8_serialize_bb8_in())
		(?, 1)    eval_id3_utf8_serialize_22() -> Com_2(eval_id3_utf8_put_start(), eval_id3_utf8_serialize_23())
		(?, 1)    eval_id3_utf8_serialize_bb7_in() -> Com_1(eval_id3_utf8_serialize_22())
		(?, 1)    eval_id3_utf8_serialize_19() -> Com_1(eval_id3_utf8_serialize_bb7_in())
		(?, 1)    eval_id3_utf8_serialize_18() -> Com_2(eval_id3_utf8_put_start(), eval_id3_utf8_serialize_19())
		(?, 1)    eval_id3_utf8_serialize_bb6_in() -> Com_1(eval_id3_utf8_serialize_18())
		(?, 1)    eval_id3_utf8_serialize_15() -> Com_1(eval_id3_utf8_serialize_bb6_in())
		(?, 1)    eval_id3_utf8_serialize_14() -> Com_2(eval_id3_utf8_put_start(), eval_id3_utf8_serialize_15())
		(?, 1)    eval_id3_utf8_serialize_bb5_in() -> Com_1(eval_id3_utf8_serialize_14())
		(?, 1)    eval_id3_utf8_serialize_11() -> Com_1(eval_id3_utf8_serialize_bb5_in())
		(?, 1)    eval_id3_utf8_serialize_10() -> Com_2(eval_id3_utf8_put_start(), eval_id3_utf8_serialize_11())
		(?, 1)    eval_id3_utf8_serialize_bb4_in() -> Com_1(eval_id3_utf8_serialize_10())
		(?, 1)    eval_id3_utf8_serialize_7() -> Com_1(eval_id3_utf8_serialize_bb4_in())
		(?, 1)    eval_id3_utf8_serialize_6() -> Com_2(eval_id3_utf8_put_start(), eval_id3_utf8_serialize_7())
		(?, 1)    eval_id3_utf8_serialize_4() -> Com_1(eval_id3_utf8_serialize_6())
		(?, 1)    eval_id3_utf8_serialize_4() -> Com_1(eval_id3_utf8_serialize_bb4_in())
		(?, 1)    eval_id3_utf8_serialize_4() -> Com_1(eval_id3_utf8_serialize_bb5_in())
		(?, 1)    eval_id3_utf8_serialize_4() -> Com_1(eval_id3_utf8_serialize_bb6_in())
		(?, 1)    eval_id3_utf8_serialize_4() -> Com_1(eval_id3_utf8_serialize_bb7_in())
		(?, 1)    eval_id3_utf8_serialize_4() -> Com_1(eval_id3_utf8_serialize_NewDefault_in())
		(?, 1)    eval_id3_utf8_serialize_4() -> Com_1(eval_id3_utf8_serialize_bb8_in())
		(?, 1)    eval_id3_utf8_serialize_3() -> Com_2(eval_id3_utf8_encodechar_start(), eval_id3_utf8_serialize_4())
		(?, 1)    eval_id3_utf8_serialize_bb1_in() -> Com_1(eval_id3_utf8_serialize_bb11_in())
		(?, 1)    eval_id3_utf8_serialize_bb1_in() -> Com_1(eval_id3_utf8_serialize_29())
		(?, 1)    eval_id3_utf8_serialize_bb1_in() -> Com_1(eval_id3_utf8_serialize_3())
		(?, 1)    eval_id3_utf8_serialize_bb0_in() -> Com_1(eval_id3_utf8_serialize_bb1_in())
		(1, 1)    eval_id3_utf8_serialize_start() -> Com_1(eval_id3_utf8_serialize_bb0_in())
	start location:	eval_id3_utf8_serialize_start
	leaf cost:	0

Repeatedly propagating knowledge in problem 2 produces the following problem:
3:	T:
		(?, 1)    eval_id3_utf8_serialize_bb11_in() -> Com_1(eval_id3_utf8_serialize_stop())
		(?, 1)    eval_id3_utf8_serialize_30() -> Com_1(eval_id3_utf8_serialize_bb11_in())
		(?, 1)    eval_id3_utf8_serialize_29() -> Com_2(eval_id3_utf8_put_start(), eval_id3_utf8_serialize_30())
		(?, 1)    eval_id3_utf8_serialize_NewDefault_in() -> Com_1(eval_id3_utf8_serialize_bb1_in())
		(?, 1)    eval_id3_utf8_serialize_27() -> Com_1(eval_id3_utf8_serialize_bb1_in())
		(?, 1)    eval_id3_utf8_serialize_26() -> Com_2(eval_id3_utf8_put_start(), eval_id3_utf8_serialize_27())
		(?, 1)    eval_id3_utf8_serialize_bb8_in() -> Com_1(eval_id3_utf8_serialize_26())
		(?, 1)    eval_id3_utf8_serialize_23() -> Com_1(eval_id3_utf8_serialize_bb8_in())
		(?, 1)    eval_id3_utf8_serialize_22() -> Com_2(eval_id3_utf8_put_start(), eval_id3_utf8_serialize_23())
		(?, 1)    eval_id3_utf8_serialize_bb7_in() -> Com_1(eval_id3_utf8_serialize_22())
		(?, 1)    eval_id3_utf8_serialize_19() -> Com_1(eval_id3_utf8_serialize_bb7_in())
		(?, 1)    eval_id3_utf8_serialize_18() -> Com_2(eval_id3_utf8_put_start(), eval_id3_utf8_serialize_19())
		(?, 1)    eval_id3_utf8_serialize_bb6_in() -> Com_1(eval_id3_utf8_serialize_18())
		(?, 1)    eval_id3_utf8_serialize_15() -> Com_1(eval_id3_utf8_serialize_bb6_in())
		(?, 1)    eval_id3_utf8_serialize_14() -> Com_2(eval_id3_utf8_put_start(), eval_id3_utf8_serialize_15())
		(?, 1)    eval_id3_utf8_serialize_bb5_in() -> Com_1(eval_id3_utf8_serialize_14())
		(?, 1)    eval_id3_utf8_serialize_11() -> Com_1(eval_id3_utf8_serialize_bb5_in())
		(?, 1)    eval_id3_utf8_serialize_10() -> Com_2(eval_id3_utf8_put_start(), eval_id3_utf8_serialize_11())
		(?, 1)    eval_id3_utf8_serialize_bb4_in() -> Com_1(eval_id3_utf8_serialize_10())
		(?, 1)    eval_id3_utf8_serialize_7() -> Com_1(eval_id3_utf8_serialize_bb4_in())
		(?, 1)    eval_id3_utf8_serialize_6() -> Com_2(eval_id3_utf8_put_start(), eval_id3_utf8_serialize_7())
		(?, 1)    eval_id3_utf8_serialize_4() -> Com_1(eval_id3_utf8_serialize_6())
		(?, 1)    eval_id3_utf8_serialize_4() -> Com_1(eval_id3_utf8_serialize_bb4_in())
		(?, 1)    eval_id3_utf8_serialize_4() -> Com_1(eval_id3_utf8_serialize_bb5_in())
		(?, 1)    eval_id3_utf8_serialize_4() -> Com_1(eval_id3_utf8_serialize_bb6_in())
		(?, 1)    eval_id3_utf8_serialize_4() -> Com_1(eval_id3_utf8_serialize_bb7_in())
		(?, 1)    eval_id3_utf8_serialize_4() -> Com_1(eval_id3_utf8_serialize_NewDefault_in())
		(?, 1)    eval_id3_utf8_serialize_4() -> Com_1(eval_id3_utf8_serialize_bb8_in())
		(?, 1)    eval_id3_utf8_serialize_3() -> Com_2(eval_id3_utf8_encodechar_start(), eval_id3_utf8_serialize_4())
		(?, 1)    eval_id3_utf8_serialize_bb1_in() -> Com_1(eval_id3_utf8_serialize_bb11_in())
		(?, 1)    eval_id3_utf8_serialize_bb1_in() -> Com_1(eval_id3_utf8_serialize_29())
		(?, 1)    eval_id3_utf8_serialize_bb1_in() -> Com_1(eval_id3_utf8_serialize_3())
		(1, 1)    eval_id3_utf8_serialize_bb0_in() -> Com_1(eval_id3_utf8_serialize_bb1_in())
		(1, 1)    eval_id3_utf8_serialize_start() -> Com_1(eval_id3_utf8_serialize_bb0_in())
	start location:	eval_id3_utf8_serialize_start
	leaf cost:	0

A polynomial rank function with
	Pol(eval_id3_utf8_serialize_bb11_in) = 1
	Pol(eval_id3_utf8_serialize_stop) = 0
	Pol(eval_id3_utf8_serialize_30) = 2
	Pol(eval_id3_utf8_serialize_29) = 3
	Pol(eval_id3_utf8_put_start) = 0
	Pol(eval_id3_utf8_serialize_NewDefault_in) = 4
	Pol(eval_id3_utf8_serialize_bb1_in) = 4
	Pol(eval_id3_utf8_serialize_27) = 4
	Pol(eval_id3_utf8_serialize_26) = 4
	Pol(eval_id3_utf8_serialize_bb8_in) = 4
	Pol(eval_id3_utf8_serialize_23) = 4
	Pol(eval_id3_utf8_serialize_22) = 4
	Pol(eval_id3_utf8_serialize_bb7_in) = 4
	Pol(eval_id3_utf8_serialize_19) = 4
	Pol(eval_id3_utf8_serialize_18) = 4
	Pol(eval_id3_utf8_serialize_bb6_in) = 4
	Pol(eval_id3_utf8_serialize_15) = 4
	Pol(eval_id3_utf8_serialize_14) = 4
	Pol(eval_id3_utf8_serialize_bb5_in) = 4
	Pol(eval_id3_utf8_serialize_11) = 4
	Pol(eval_id3_utf8_serialize_10) = 4
	Pol(eval_id3_utf8_serialize_bb4_in) = 4
	Pol(eval_id3_utf8_serialize_7) = 4
	Pol(eval_id3_utf8_serialize_6) = 4
	Pol(eval_id3_utf8_serialize_4) = 4
	Pol(eval_id3_utf8_serialize_3) = 4
	Pol(eval_id3_utf8_encodechar_start) = 0
	Pol(eval_id3_utf8_serialize_bb0_in) = 4
	Pol(eval_id3_utf8_serialize_start) = 4
orients all transitions weakly and the transitions
	eval_id3_utf8_serialize_bb1_in() -> Com_1(eval_id3_utf8_serialize_bb11_in())
	eval_id3_utf8_serialize_bb1_in() -> Com_1(eval_id3_utf8_serialize_29())
	eval_id3_utf8_serialize_bb11_in() -> Com_1(eval_id3_utf8_serialize_stop())
	eval_id3_utf8_serialize_30() -> Com_1(eval_id3_utf8_serialize_bb11_in())
	eval_id3_utf8_serialize_29() -> Com_2(eval_id3_utf8_put_start(), eval_id3_utf8_serialize_30())
strictly and produces the following problem:
4:	T:
		(4, 1)    eval_id3_utf8_serialize_bb11_in() -> Com_1(eval_id3_utf8_serialize_stop())
		(4, 1)    eval_id3_utf8_serialize_30() -> Com_1(eval_id3_utf8_serialize_bb11_in())
		(4, 1)    eval_id3_utf8_serialize_29() -> Com_2(eval_id3_utf8_put_start(), eval_id3_utf8_serialize_30())
		(?, 1)    eval_id3_utf8_serialize_NewDefault_in() -> Com_1(eval_id3_utf8_serialize_bb1_in())
		(?, 1)    eval_id3_utf8_serialize_27() -> Com_1(eval_id3_utf8_serialize_bb1_in())
		(?, 1)    eval_id3_utf8_serialize_26() -> Com_2(eval_id3_utf8_put_start(), eval_id3_utf8_serialize_27())
		(?, 1)    eval_id3_utf8_serialize_bb8_in() -> Com_1(eval_id3_utf8_serialize_26())
		(?, 1)    eval_id3_utf8_serialize_23() -> Com_1(eval_id3_utf8_serialize_bb8_in())
		(?, 1)    eval_id3_utf8_serialize_22() -> Com_2(eval_id3_utf8_put_start(), eval_id3_utf8_serialize_23())
		(?, 1)    eval_id3_utf8_serialize_bb7_in() -> Com_1(eval_id3_utf8_serialize_22())
		(?, 1)    eval_id3_utf8_serialize_19() -> Com_1(eval_id3_utf8_serialize_bb7_in())
		(?, 1)    eval_id3_utf8_serialize_18() -> Com_2(eval_id3_utf8_put_start(), eval_id3_utf8_serialize_19())
		(?, 1)    eval_id3_utf8_serialize_bb6_in() -> Com_1(eval_id3_utf8_serialize_18())
		(?, 1)    eval_id3_utf8_serialize_15() -> Com_1(eval_id3_utf8_serialize_bb6_in())
		(?, 1)    eval_id3_utf8_serialize_14() -> Com_2(eval_id3_utf8_put_start(), eval_id3_utf8_serialize_15())
		(?, 1)    eval_id3_utf8_serialize_bb5_in() -> Com_1(eval_id3_utf8_serialize_14())
		(?, 1)    eval_id3_utf8_serialize_11() -> Com_1(eval_id3_utf8_serialize_bb5_in())
		(?, 1)    eval_id3_utf8_serialize_10() -> Com_2(eval_id3_utf8_put_start(), eval_id3_utf8_serialize_11())
		(?, 1)    eval_id3_utf8_serialize_bb4_in() -> Com_1(eval_id3_utf8_serialize_10())
		(?, 1)    eval_id3_utf8_serialize_7() -> Com_1(eval_id3_utf8_serialize_bb4_in())
		(?, 1)    eval_id3_utf8_serialize_6() -> Com_2(eval_id3_utf8_put_start(), eval_id3_utf8_serialize_7())
		(?, 1)    eval_id3_utf8_serialize_4() -> Com_1(eval_id3_utf8_serialize_6())
		(?, 1)    eval_id3_utf8_serialize_4() -> Com_1(eval_id3_utf8_serialize_bb4_in())
		(?, 1)    eval_id3_utf8_serialize_4() -> Com_1(eval_id3_utf8_serialize_bb5_in())
		(?, 1)    eval_id3_utf8_serialize_4() -> Com_1(eval_id3_utf8_serialize_bb6_in())
		(?, 1)    eval_id3_utf8_serialize_4() -> Com_1(eval_id3_utf8_serialize_bb7_in())
		(?, 1)    eval_id3_utf8_serialize_4() -> Com_1(eval_id3_utf8_serialize_NewDefault_in())
		(?, 1)    eval_id3_utf8_serialize_4() -> Com_1(eval_id3_utf8_serialize_bb8_in())
		(?, 1)    eval_id3_utf8_serialize_3() -> Com_2(eval_id3_utf8_encodechar_start(), eval_id3_utf8_serialize_4())
		(4, 1)    eval_id3_utf8_serialize_bb1_in() -> Com_1(eval_id3_utf8_serialize_bb11_in())
		(4, 1)    eval_id3_utf8_serialize_bb1_in() -> Com_1(eval_id3_utf8_serialize_29())
		(?, 1)    eval_id3_utf8_serialize_bb1_in() -> Com_1(eval_id3_utf8_serialize_3())
		(1, 1)    eval_id3_utf8_serialize_bb0_in() -> Com_1(eval_id3_utf8_serialize_bb1_in())
		(1, 1)    eval_id3_utf8_serialize_start() -> Com_1(eval_id3_utf8_serialize_bb0_in())
	start location:	eval_id3_utf8_serialize_start
	leaf cost:	0

By chaining the transition eval_id3_utf8_serialize_30() -> Com_1(eval_id3_utf8_serialize_bb11_in()) with all transitions in problem 4, the following new transition is obtained:
	eval_id3_utf8_serialize_30() -> Com_1(eval_id3_utf8_serialize_stop())
We thus obtain the following problem:
5:	T:
		(4, 2)    eval_id3_utf8_serialize_30() -> Com_1(eval_id3_utf8_serialize_stop())
		(4, 1)    eval_id3_utf8_serialize_bb11_in() -> Com_1(eval_id3_utf8_serialize_stop())
		(4, 1)    eval_id3_utf8_serialize_29() -> Com_2(eval_id3_utf8_put_start(), eval_id3_utf8_serialize_30())
		(?, 1)    eval_id3_utf8_serialize_NewDefault_in() -> Com_1(eval_id3_utf8_serialize_bb1_in())
		(?, 1)    eval_id3_utf8_serialize_27() -> Com_1(eval_id3_utf8_serialize_bb1_in())
		(?, 1)    eval_id3_utf8_serialize_26() -> Com_2(eval_id3_utf8_put_start(), eval_id3_utf8_serialize_27())
		(?, 1)    eval_id3_utf8_serialize_bb8_in() -> Com_1(eval_id3_utf8_serialize_26())
		(?, 1)    eval_id3_utf8_serialize_23() -> Com_1(eval_id3_utf8_serialize_bb8_in())
		(?, 1)    eval_id3_utf8_serialize_22() -> Com_2(eval_id3_utf8_put_start(), eval_id3_utf8_serialize_23())
		(?, 1)    eval_id3_utf8_serialize_bb7_in() -> Com_1(eval_id3_utf8_serialize_22())
		(?, 1)    eval_id3_utf8_serialize_19() -> Com_1(eval_id3_utf8_serialize_bb7_in())
		(?, 1)    eval_id3_utf8_serialize_18() -> Com_2(eval_id3_utf8_put_start(), eval_id3_utf8_serialize_19())
		(?, 1)    eval_id3_utf8_serialize_bb6_in() -> Com_1(eval_id3_utf8_serialize_18())
		(?, 1)    eval_id3_utf8_serialize_15() -> Com_1(eval_id3_utf8_serialize_bb6_in())
		(?, 1)    eval_id3_utf8_serialize_14() -> Com_2(eval_id3_utf8_put_start(), eval_id3_utf8_serialize_15())
		(?, 1)    eval_id3_utf8_serialize_bb5_in() -> Com_1(eval_id3_utf8_serialize_14())
		(?, 1)    eval_id3_utf8_serialize_11() -> Com_1(eval_id3_utf8_serialize_bb5_in())
		(?, 1)    eval_id3_utf8_serialize_10() -> Com_2(eval_id3_utf8_put_start(), eval_id3_utf8_serialize_11())
		(?, 1)    eval_id3_utf8_serialize_bb4_in() -> Com_1(eval_id3_utf8_serialize_10())
		(?, 1)    eval_id3_utf8_serialize_7() -> Com_1(eval_id3_utf8_serialize_bb4_in())
		(?, 1)    eval_id3_utf8_serialize_6() -> Com_2(eval_id3_utf8_put_start(), eval_id3_utf8_serialize_7())
		(?, 1)    eval_id3_utf8_serialize_4() -> Com_1(eval_id3_utf8_serialize_6())
		(?, 1)    eval_id3_utf8_serialize_4() -> Com_1(eval_id3_utf8_serialize_bb4_in())
		(?, 1)    eval_id3_utf8_serialize_4() -> Com_1(eval_id3_utf8_serialize_bb5_in())
		(?, 1)    eval_id3_utf8_serialize_4() -> Com_1(eval_id3_utf8_serialize_bb6_in())
		(?, 1)    eval_id3_utf8_serialize_4() -> Com_1(eval_id3_utf8_serialize_bb7_in())
		(?, 1)    eval_id3_utf8_serialize_4() -> Com_1(eval_id3_utf8_serialize_NewDefault_in())
		(?, 1)    eval_id3_utf8_serialize_4() -> Com_1(eval_id3_utf8_serialize_bb8_in())
		(?, 1)    eval_id3_utf8_serialize_3() -> Com_2(eval_id3_utf8_encodechar_start(), eval_id3_utf8_serialize_4())
		(4, 1)    eval_id3_utf8_serialize_bb1_in() -> Com_1(eval_id3_utf8_serialize_bb11_in())
		(4, 1)    eval_id3_utf8_serialize_bb1_in() -> Com_1(eval_id3_utf8_serialize_29())
		(?, 1)    eval_id3_utf8_serialize_bb1_in() -> Com_1(eval_id3_utf8_serialize_3())
		(1, 1)    eval_id3_utf8_serialize_bb0_in() -> Com_1(eval_id3_utf8_serialize_bb1_in())
		(1, 1)    eval_id3_utf8_serialize_start() -> Com_1(eval_id3_utf8_serialize_bb0_in())
	start location:	eval_id3_utf8_serialize_start
	leaf cost:	0

By chaining the transition eval_id3_utf8_serialize_bb8_in() -> Com_1(eval_id3_utf8_serialize_26()) with all transitions in problem 5, the following new transition is obtained:
	eval_id3_utf8_serialize_bb8_in() -> Com_2(eval_id3_utf8_put_start(), eval_id3_utf8_serialize_27())
We thus obtain the following problem:
6:	T:
		(?, 2)    eval_id3_utf8_serialize_bb8_in() -> Com_2(eval_id3_utf8_put_start(), eval_id3_utf8_serialize_27())
		(4, 2)    eval_id3_utf8_serialize_30() -> Com_1(eval_id3_utf8_serialize_stop())
		(4, 1)    eval_id3_utf8_serialize_bb11_in() -> Com_1(eval_id3_utf8_serialize_stop())
		(4, 1)    eval_id3_utf8_serialize_29() -> Com_2(eval_id3_utf8_put_start(), eval_id3_utf8_serialize_30())
		(?, 1)    eval_id3_utf8_serialize_NewDefault_in() -> Com_1(eval_id3_utf8_serialize_bb1_in())
		(?, 1)    eval_id3_utf8_serialize_27() -> Com_1(eval_id3_utf8_serialize_bb1_in())
		(?, 1)    eval_id3_utf8_serialize_26() -> Com_2(eval_id3_utf8_put_start(), eval_id3_utf8_serialize_27())
		(?, 1)    eval_id3_utf8_serialize_23() -> Com_1(eval_id3_utf8_serialize_bb8_in())
		(?, 1)    eval_id3_utf8_serialize_22() -> Com_2(eval_id3_utf8_put_start(), eval_id3_utf8_serialize_23())
		(?, 1)    eval_id3_utf8_serialize_bb7_in() -> Com_1(eval_id3_utf8_serialize_22())
		(?, 1)    eval_id3_utf8_serialize_19() -> Com_1(eval_id3_utf8_serialize_bb7_in())
		(?, 1)    eval_id3_utf8_serialize_18() -> Com_2(eval_id3_utf8_put_start(), eval_id3_utf8_serialize_19())
		(?, 1)    eval_id3_utf8_serialize_bb6_in() -> Com_1(eval_id3_utf8_serialize_18())
		(?, 1)    eval_id3_utf8_serialize_15() -> Com_1(eval_id3_utf8_serialize_bb6_in())
		(?, 1)    eval_id3_utf8_serialize_14() -> Com_2(eval_id3_utf8_put_start(), eval_id3_utf8_serialize_15())
		(?, 1)    eval_id3_utf8_serialize_bb5_in() -> Com_1(eval_id3_utf8_serialize_14())
		(?, 1)    eval_id3_utf8_serialize_11() -> Com_1(eval_id3_utf8_serialize_bb5_in())
		(?, 1)    eval_id3_utf8_serialize_10() -> Com_2(eval_id3_utf8_put_start(), eval_id3_utf8_serialize_11())
		(?, 1)    eval_id3_utf8_serialize_bb4_in() -> Com_1(eval_id3_utf8_serialize_10())
		(?, 1)    eval_id3_utf8_serialize_7() -> Com_1(eval_id3_utf8_serialize_bb4_in())
		(?, 1)    eval_id3_utf8_serialize_6() -> Com_2(eval_id3_utf8_put_start(), eval_id3_utf8_serialize_7())
		(?, 1)    eval_id3_utf8_serialize_4() -> Com_1(eval_id3_utf8_serialize_6())
		(?, 1)    eval_id3_utf8_serialize_4() -> Com_1(eval_id3_utf8_serialize_bb4_in())
		(?, 1)    eval_id3_utf8_serialize_4() -> Com_1(eval_id3_utf8_serialize_bb5_in())
		(?, 1)    eval_id3_utf8_serialize_4() -> Com_1(eval_id3_utf8_serialize_bb6_in())
		(?, 1)    eval_id3_utf8_serialize_4() -> Com_1(eval_id3_utf8_serialize_bb7_in())
		(?, 1)    eval_id3_utf8_serialize_4() -> Com_1(eval_id3_utf8_serialize_NewDefault_in())
		(?, 1)    eval_id3_utf8_serialize_4() -> Com_1(eval_id3_utf8_serialize_bb8_in())
		(?, 1)    eval_id3_utf8_serialize_3() -> Com_2(eval_id3_utf8_encodechar_start(), eval_id3_utf8_serialize_4())
		(4, 1)    eval_id3_utf8_serialize_bb1_in() -> Com_1(eval_id3_utf8_serialize_bb11_in())
		(4, 1)    eval_id3_utf8_serialize_bb1_in() -> Com_1(eval_id3_utf8_serialize_29())
		(?, 1)    eval_id3_utf8_serialize_bb1_in() -> Com_1(eval_id3_utf8_serialize_3())
		(1, 1)    eval_id3_utf8_serialize_bb0_in() -> Com_1(eval_id3_utf8_serialize_bb1_in())
		(1, 1)    eval_id3_utf8_serialize_start() -> Com_1(eval_id3_utf8_serialize_bb0_in())
	start location:	eval_id3_utf8_serialize_start
	leaf cost:	0

Testing for reachability in the complexity graph removes the following transition from problem 6:
	eval_id3_utf8_serialize_26() -> Com_2(eval_id3_utf8_put_start(), eval_id3_utf8_serialize_27())
We thus obtain the following problem:
7:	T:
		(?, 1)    eval_id3_utf8_serialize_11() -> Com_1(eval_id3_utf8_serialize_bb5_in())
		(?, 1)    eval_id3_utf8_serialize_15() -> Com_1(eval_id3_utf8_serialize_bb6_in())
		(?, 1)    eval_id3_utf8_serialize_19() -> Com_1(eval_id3_utf8_serialize_bb7_in())
		(?, 1)    eval_id3_utf8_serialize_23() -> Com_1(eval_id3_utf8_serialize_bb8_in())
		(?, 1)    eval_id3_utf8_serialize_27() -> Com_1(eval_id3_utf8_serialize_bb1_in())
		(?, 1)    eval_id3_utf8_serialize_7() -> Com_1(eval_id3_utf8_serialize_bb4_in())
		(?, 1)    eval_id3_utf8_serialize_10() -> Com_2(eval_id3_utf8_put_start(), eval_id3_utf8_serialize_11())
		(?, 1)    eval_id3_utf8_serialize_14() -> Com_2(eval_id3_utf8_put_start(), eval_id3_utf8_serialize_15())
		(?, 1)    eval_id3_utf8_serialize_18() -> Com_2(eval_id3_utf8_put_start(), eval_id3_utf8_serialize_19())
		(?, 1)    eval_id3_utf8_serialize_22() -> Com_2(eval_id3_utf8_put_start(), eval_id3_utf8_serialize_23())
		(?, 2)    eval_id3_utf8_serialize_bb8_in() -> Com_2(eval_id3_utf8_put_start(), eval_id3_utf8_serialize_27())
		(?, 1)    eval_id3_utf8_serialize_NewDefault_in() -> Com_1(eval_id3_utf8_serialize_bb1_in())
		(?, 1)    eval_id3_utf8_serialize_bb7_in() -> Com_1(eval_id3_utf8_serialize_22())
		(?, 1)    eval_id3_utf8_serialize_bb6_in() -> Com_1(eval_id3_utf8_serialize_18())
		(?, 1)    eval_id3_utf8_serialize_bb5_in() -> Com_1(eval_id3_utf8_serialize_14())
		(?, 1)    eval_id3_utf8_serialize_bb4_in() -> Com_1(eval_id3_utf8_serialize_10())
		(?, 1)    eval_id3_utf8_serialize_6() -> Com_2(eval_id3_utf8_put_start(), eval_id3_utf8_serialize_7())
		(?, 1)    eval_id3_utf8_serialize_4() -> Com_1(eval_id3_utf8_serialize_bb8_in())
		(?, 1)    eval_id3_utf8_serialize_4() -> Com_1(eval_id3_utf8_serialize_NewDefault_in())
		(?, 1)    eval_id3_utf8_serialize_4() -> Com_1(eval_id3_utf8_serialize_bb7_in())
		(?, 1)    eval_id3_utf8_serialize_4() -> Com_1(eval_id3_utf8_serialize_bb6_in())
		(?, 1)    eval_id3_utf8_serialize_4() -> Com_1(eval_id3_utf8_serialize_bb5_in())
		(?, 1)    eval_id3_utf8_serialize_4() -> Com_1(eval_id3_utf8_serialize_bb4_in())
		(?, 1)    eval_id3_utf8_serialize_4() -> Com_1(eval_id3_utf8_serialize_6())
		(4, 2)    eval_id3_utf8_serialize_30() -> Com_1(eval_id3_utf8_serialize_stop())
		(?, 1)    eval_id3_utf8_serialize_3() -> Com_2(eval_id3_utf8_encodechar_start(), eval_id3_utf8_serialize_4())
		(4, 1)    eval_id3_utf8_serialize_29() -> Com_2(eval_id3_utf8_put_start(), eval_id3_utf8_serialize_30())
		(4, 1)    eval_id3_utf8_serialize_bb11_in() -> Com_1(eval_id3_utf8_serialize_stop())
		(?, 1)    eval_id3_utf8_serialize_bb1_in() -> Com_1(eval_id3_utf8_serialize_3())
		(4, 1)    eval_id3_utf8_serialize_bb1_in() -> Com_1(eval_id3_utf8_serialize_29())
		(4, 1)    eval_id3_utf8_serialize_bb1_in() -> Com_1(eval_id3_utf8_serialize_bb11_in())
		(1, 1)    eval_id3_utf8_serialize_bb0_in() -> Com_1(eval_id3_utf8_serialize_bb1_in())
		(1, 1)    eval_id3_utf8_serialize_start() -> Com_1(eval_id3_utf8_serialize_bb0_in())
	start location:	eval_id3_utf8_serialize_start
	leaf cost:	0

By chaining the transition eval_id3_utf8_serialize_11() -> Com_1(eval_id3_utf8_serialize_bb5_in()) with all transitions in problem 7, the following new transition is obtained:
	eval_id3_utf8_serialize_11() -> Com_1(eval_id3_utf8_serialize_14())
We thus obtain the following problem:
8:	T:
		(?, 2)    eval_id3_utf8_serialize_11() -> Com_1(eval_id3_utf8_serialize_14())
		(?, 1)    eval_id3_utf8_serialize_15() -> Com_1(eval_id3_utf8_serialize_bb6_in())
		(?, 1)    eval_id3_utf8_serialize_19() -> Com_1(eval_id3_utf8_serialize_bb7_in())
		(?, 1)    eval_id3_utf8_serialize_23() -> Com_1(eval_id3_utf8_serialize_bb8_in())
		(?, 1)    eval_id3_utf8_serialize_27() -> Com_1(eval_id3_utf8_serialize_bb1_in())
		(?, 1)    eval_id3_utf8_serialize_7() -> Com_1(eval_id3_utf8_serialize_bb4_in())
		(?, 1)    eval_id3_utf8_serialize_10() -> Com_2(eval_id3_utf8_put_start(), eval_id3_utf8_serialize_11())
		(?, 1)    eval_id3_utf8_serialize_14() -> Com_2(eval_id3_utf8_put_start(), eval_id3_utf8_serialize_15())
		(?, 1)    eval_id3_utf8_serialize_18() -> Com_2(eval_id3_utf8_put_start(), eval_id3_utf8_serialize_19())
		(?, 1)    eval_id3_utf8_serialize_22() -> Com_2(eval_id3_utf8_put_start(), eval_id3_utf8_serialize_23())
		(?, 2)    eval_id3_utf8_serialize_bb8_in() -> Com_2(eval_id3_utf8_put_start(), eval_id3_utf8_serialize_27())
		(?, 1)    eval_id3_utf8_serialize_NewDefault_in() -> Com_1(eval_id3_utf8_serialize_bb1_in())
		(?, 1)    eval_id3_utf8_serialize_bb7_in() -> Com_1(eval_id3_utf8_serialize_22())
		(?, 1)    eval_id3_utf8_serialize_bb6_in() -> Com_1(eval_id3_utf8_serialize_18())
		(?, 1)    eval_id3_utf8_serialize_bb5_in() -> Com_1(eval_id3_utf8_serialize_14())
		(?, 1)    eval_id3_utf8_serialize_bb4_in() -> Com_1(eval_id3_utf8_serialize_10())
		(?, 1)    eval_id3_utf8_serialize_6() -> Com_2(eval_id3_utf8_put_start(), eval_id3_utf8_serialize_7())
		(?, 1)    eval_id3_utf8_serialize_4() -> Com_1(eval_id3_utf8_serialize_bb8_in())
		(?, 1)    eval_id3_utf8_serialize_4() -> Com_1(eval_id3_utf8_serialize_NewDefault_in())
		(?, 1)    eval_id3_utf8_serialize_4() -> Com_1(eval_id3_utf8_serialize_bb7_in())
		(?, 1)    eval_id3_utf8_serialize_4() -> Com_1(eval_id3_utf8_serialize_bb6_in())
		(?, 1)    eval_id3_utf8_serialize_4() -> Com_1(eval_id3_utf8_serialize_bb5_in())
		(?, 1)    eval_id3_utf8_serialize_4() -> Com_1(eval_id3_utf8_serialize_bb4_in())
		(?, 1)    eval_id3_utf8_serialize_4() -> Com_1(eval_id3_utf8_serialize_6())
		(4, 2)    eval_id3_utf8_serialize_30() -> Com_1(eval_id3_utf8_serialize_stop())
		(?, 1)    eval_id3_utf8_serialize_3() -> Com_2(eval_id3_utf8_encodechar_start(), eval_id3_utf8_serialize_4())
		(4, 1)    eval_id3_utf8_serialize_29() -> Com_2(eval_id3_utf8_put_start(), eval_id3_utf8_serialize_30())
		(4, 1)    eval_id3_utf8_serialize_bb11_in() -> Com_1(eval_id3_utf8_serialize_stop())
		(?, 1)    eval_id3_utf8_serialize_bb1_in() -> Com_1(eval_id3_utf8_serialize_3())
		(4, 1)    eval_id3_utf8_serialize_bb1_in() -> Com_1(eval_id3_utf8_serialize_29())
		(4, 1)    eval_id3_utf8_serialize_bb1_in() -> Com_1(eval_id3_utf8_serialize_bb11_in())
		(1, 1)    eval_id3_utf8_serialize_bb0_in() -> Com_1(eval_id3_utf8_serialize_bb1_in())
		(1, 1)    eval_id3_utf8_serialize_start() -> Com_1(eval_id3_utf8_serialize_bb0_in())
	start location:	eval_id3_utf8_serialize_start
	leaf cost:	0

By chaining the transition eval_id3_utf8_serialize_11() -> Com_1(eval_id3_utf8_serialize_14()) with all transitions in problem 8, the following new transition is obtained:
	eval_id3_utf8_serialize_11() -> Com_2(eval_id3_utf8_put_start(), eval_id3_utf8_serialize_15())
We thus obtain the following problem:
9:	T:
		(?, 3)    eval_id3_utf8_serialize_11() -> Com_2(eval_id3_utf8_put_start(), eval_id3_utf8_serialize_15())
		(?, 1)    eval_id3_utf8_serialize_15() -> Com_1(eval_id3_utf8_serialize_bb6_in())
		(?, 1)    eval_id3_utf8_serialize_19() -> Com_1(eval_id3_utf8_serialize_bb7_in())
		(?, 1)    eval_id3_utf8_serialize_23() -> Com_1(eval_id3_utf8_serialize_bb8_in())
		(?, 1)    eval_id3_utf8_serialize_27() -> Com_1(eval_id3_utf8_serialize_bb1_in())
		(?, 1)    eval_id3_utf8_serialize_7() -> Com_1(eval_id3_utf8_serialize_bb4_in())
		(?, 1)    eval_id3_utf8_serialize_10() -> Com_2(eval_id3_utf8_put_start(), eval_id3_utf8_serialize_11())
		(?, 1)    eval_id3_utf8_serialize_14() -> Com_2(eval_id3_utf8_put_start(), eval_id3_utf8_serialize_15())
		(?, 1)    eval_id3_utf8_serialize_18() -> Com_2(eval_id3_utf8_put_start(), eval_id3_utf8_serialize_19())
		(?, 1)    eval_id3_utf8_serialize_22() -> Com_2(eval_id3_utf8_put_start(), eval_id3_utf8_serialize_23())
		(?, 2)    eval_id3_utf8_serialize_bb8_in() -> Com_2(eval_id3_utf8_put_start(), eval_id3_utf8_serialize_27())
		(?, 1)    eval_id3_utf8_serialize_NewDefault_in() -> Com_1(eval_id3_utf8_serialize_bb1_in())
		(?, 1)    eval_id3_utf8_serialize_bb7_in() -> Com_1(eval_id3_utf8_serialize_22())
		(?, 1)    eval_id3_utf8_serialize_bb6_in() -> Com_1(eval_id3_utf8_serialize_18())
		(?, 1)    eval_id3_utf8_serialize_bb5_in() -> Com_1(eval_id3_utf8_serialize_14())
		(?, 1)    eval_id3_utf8_serialize_bb4_in() -> Com_1(eval_id3_utf8_serialize_10())
		(?, 1)    eval_id3_utf8_serialize_6() -> Com_2(eval_id3_utf8_put_start(), eval_id3_utf8_serialize_7())
		(?, 1)    eval_id3_utf8_serialize_4() -> Com_1(eval_id3_utf8_serialize_bb8_in())
		(?, 1)    eval_id3_utf8_serialize_4() -> Com_1(eval_id3_utf8_serialize_NewDefault_in())
		(?, 1)    eval_id3_utf8_serialize_4() -> Com_1(eval_id3_utf8_serialize_bb7_in())
		(?, 1)    eval_id3_utf8_serialize_4() -> Com_1(eval_id3_utf8_serialize_bb6_in())
		(?, 1)    eval_id3_utf8_serialize_4() -> Com_1(eval_id3_utf8_serialize_bb5_in())
		(?, 1)    eval_id3_utf8_serialize_4() -> Com_1(eval_id3_utf8_serialize_bb4_in())
		(?, 1)    eval_id3_utf8_serialize_4() -> Com_1(eval_id3_utf8_serialize_6())
		(4, 2)    eval_id3_utf8_serialize_30() -> Com_1(eval_id3_utf8_serialize_stop())
		(?, 1)    eval_id3_utf8_serialize_3() -> Com_2(eval_id3_utf8_encodechar_start(), eval_id3_utf8_serialize_4())
		(4, 1)    eval_id3_utf8_serialize_29() -> Com_2(eval_id3_utf8_put_start(), eval_id3_utf8_serialize_30())
		(4, 1)    eval_id3_utf8_serialize_bb11_in() -> Com_1(eval_id3_utf8_serialize_stop())
		(?, 1)    eval_id3_utf8_serialize_bb1_in() -> Com_1(eval_id3_utf8_serialize_3())
		(4, 1)    eval_id3_utf8_serialize_bb1_in() -> Com_1(eval_id3_utf8_serialize_29())
		(4, 1)    eval_id3_utf8_serialize_bb1_in() -> Com_1(eval_id3_utf8_serialize_bb11_in())
		(1, 1)    eval_id3_utf8_serialize_bb0_in() -> Com_1(eval_id3_utf8_serialize_bb1_in())
		(1, 1)    eval_id3_utf8_serialize_start() -> Com_1(eval_id3_utf8_serialize_bb0_in())
	start location:	eval_id3_utf8_serialize_start
	leaf cost:	0

By chaining the transition eval_id3_utf8_serialize_15() -> Com_1(eval_id3_utf8_serialize_bb6_in()) with all transitions in problem 9, the following new transition is obtained:
	eval_id3_utf8_serialize_15() -> Com_1(eval_id3_utf8_serialize_18())
We thus obtain the following problem:
10:	T:
		(?, 2)    eval_id3_utf8_serialize_15() -> Com_1(eval_id3_utf8_serialize_18())
		(?, 3)    eval_id3_utf8_serialize_11() -> Com_2(eval_id3_utf8_put_start(), eval_id3_utf8_serialize_15())
		(?, 1)    eval_id3_utf8_serialize_19() -> Com_1(eval_id3_utf8_serialize_bb7_in())
		(?, 1)    eval_id3_utf8_serialize_23() -> Com_1(eval_id3_utf8_serialize_bb8_in())
		(?, 1)    eval_id3_utf8_serialize_27() -> Com_1(eval_id3_utf8_serialize_bb1_in())
		(?, 1)    eval_id3_utf8_serialize_7() -> Com_1(eval_id3_utf8_serialize_bb4_in())
		(?, 1)    eval_id3_utf8_serialize_10() -> Com_2(eval_id3_utf8_put_start(), eval_id3_utf8_serialize_11())
		(?, 1)    eval_id3_utf8_serialize_14() -> Com_2(eval_id3_utf8_put_start(), eval_id3_utf8_serialize_15())
		(?, 1)    eval_id3_utf8_serialize_18() -> Com_2(eval_id3_utf8_put_start(), eval_id3_utf8_serialize_19())
		(?, 1)    eval_id3_utf8_serialize_22() -> Com_2(eval_id3_utf8_put_start(), eval_id3_utf8_serialize_23())
		(?, 2)    eval_id3_utf8_serialize_bb8_in() -> Com_2(eval_id3_utf8_put_start(), eval_id3_utf8_serialize_27())
		(?, 1)    eval_id3_utf8_serialize_NewDefault_in() -> Com_1(eval_id3_utf8_serialize_bb1_in())
		(?, 1)    eval_id3_utf8_serialize_bb7_in() -> Com_1(eval_id3_utf8_serialize_22())
		(?, 1)    eval_id3_utf8_serialize_bb6_in() -> Com_1(eval_id3_utf8_serialize_18())
		(?, 1)    eval_id3_utf8_serialize_bb5_in() -> Com_1(eval_id3_utf8_serialize_14())
		(?, 1)    eval_id3_utf8_serialize_bb4_in() -> Com_1(eval_id3_utf8_serialize_10())
		(?, 1)    eval_id3_utf8_serialize_6() -> Com_2(eval_id3_utf8_put_start(), eval_id3_utf8_serialize_7())
		(?, 1)    eval_id3_utf8_serialize_4() -> Com_1(eval_id3_utf8_serialize_bb8_in())
		(?, 1)    eval_id3_utf8_serialize_4() -> Com_1(eval_id3_utf8_serialize_NewDefault_in())
		(?, 1)    eval_id3_utf8_serialize_4() -> Com_1(eval_id3_utf8_serialize_bb7_in())
		(?, 1)    eval_id3_utf8_serialize_4() -> Com_1(eval_id3_utf8_serialize_bb6_in())
		(?, 1)    eval_id3_utf8_serialize_4() -> Com_1(eval_id3_utf8_serialize_bb5_in())
		(?, 1)    eval_id3_utf8_serialize_4() -> Com_1(eval_id3_utf8_serialize_bb4_in())
		(?, 1)    eval_id3_utf8_serialize_4() -> Com_1(eval_id3_utf8_serialize_6())
		(4, 2)    eval_id3_utf8_serialize_30() -> Com_1(eval_id3_utf8_serialize_stop())
		(?, 1)    eval_id3_utf8_serialize_3() -> Com_2(eval_id3_utf8_encodechar_start(), eval_id3_utf8_serialize_4())
		(4, 1)    eval_id3_utf8_serialize_29() -> Com_2(eval_id3_utf8_put_start(), eval_id3_utf8_serialize_30())
		(4, 1)    eval_id3_utf8_serialize_bb11_in() -> Com_1(eval_id3_utf8_serialize_stop())
		(?, 1)    eval_id3_utf8_serialize_bb1_in() -> Com_1(eval_id3_utf8_serialize_3())
		(4, 1)    eval_id3_utf8_serialize_bb1_in() -> Com_1(eval_id3_utf8_serialize_29())
		(4, 1)    eval_id3_utf8_serialize_bb1_in() -> Com_1(eval_id3_utf8_serialize_bb11_in())
		(1, 1)    eval_id3_utf8_serialize_bb0_in() -> Com_1(eval_id3_utf8_serialize_bb1_in())
		(1, 1)    eval_id3_utf8_serialize_start() -> Com_1(eval_id3_utf8_serialize_bb0_in())
	start location:	eval_id3_utf8_serialize_start
	leaf cost:	0

By chaining the transition eval_id3_utf8_serialize_15() -> Com_1(eval_id3_utf8_serialize_18()) with all transitions in problem 10, the following new transition is obtained:
	eval_id3_utf8_serialize_15() -> Com_2(eval_id3_utf8_put_start(), eval_id3_utf8_serialize_19())
We thus obtain the following problem:
11:	T:
		(?, 3)    eval_id3_utf8_serialize_15() -> Com_2(eval_id3_utf8_put_start(), eval_id3_utf8_serialize_19())
		(?, 3)    eval_id3_utf8_serialize_11() -> Com_2(eval_id3_utf8_put_start(), eval_id3_utf8_serialize_15())
		(?, 1)    eval_id3_utf8_serialize_19() -> Com_1(eval_id3_utf8_serialize_bb7_in())
		(?, 1)    eval_id3_utf8_serialize_23() -> Com_1(eval_id3_utf8_serialize_bb8_in())
		(?, 1)    eval_id3_utf8_serialize_27() -> Com_1(eval_id3_utf8_serialize_bb1_in())
		(?, 1)    eval_id3_utf8_serialize_7() -> Com_1(eval_id3_utf8_serialize_bb4_in())
		(?, 1)    eval_id3_utf8_serialize_10() -> Com_2(eval_id3_utf8_put_start(), eval_id3_utf8_serialize_11())
		(?, 1)    eval_id3_utf8_serialize_14() -> Com_2(eval_id3_utf8_put_start(), eval_id3_utf8_serialize_15())
		(?, 1)    eval_id3_utf8_serialize_18() -> Com_2(eval_id3_utf8_put_start(), eval_id3_utf8_serialize_19())
		(?, 1)    eval_id3_utf8_serialize_22() -> Com_2(eval_id3_utf8_put_start(), eval_id3_utf8_serialize_23())
		(?, 2)    eval_id3_utf8_serialize_bb8_in() -> Com_2(eval_id3_utf8_put_start(), eval_id3_utf8_serialize_27())
		(?, 1)    eval_id3_utf8_serialize_NewDefault_in() -> Com_1(eval_id3_utf8_serialize_bb1_in())
		(?, 1)    eval_id3_utf8_serialize_bb7_in() -> Com_1(eval_id3_utf8_serialize_22())
		(?, 1)    eval_id3_utf8_serialize_bb6_in() -> Com_1(eval_id3_utf8_serialize_18())
		(?, 1)    eval_id3_utf8_serialize_bb5_in() -> Com_1(eval_id3_utf8_serialize_14())
		(?, 1)    eval_id3_utf8_serialize_bb4_in() -> Com_1(eval_id3_utf8_serialize_10())
		(?, 1)    eval_id3_utf8_serialize_6() -> Com_2(eval_id3_utf8_put_start(), eval_id3_utf8_serialize_7())
		(?, 1)    eval_id3_utf8_serialize_4() -> Com_1(eval_id3_utf8_serialize_bb8_in())
		(?, 1)    eval_id3_utf8_serialize_4() -> Com_1(eval_id3_utf8_serialize_NewDefault_in())
		(?, 1)    eval_id3_utf8_serialize_4() -> Com_1(eval_id3_utf8_serialize_bb7_in())
		(?, 1)    eval_id3_utf8_serialize_4() -> Com_1(eval_id3_utf8_serialize_bb6_in())
		(?, 1)    eval_id3_utf8_serialize_4() -> Com_1(eval_id3_utf8_serialize_bb5_in())
		(?, 1)    eval_id3_utf8_serialize_4() -> Com_1(eval_id3_utf8_serialize_bb4_in())
		(?, 1)    eval_id3_utf8_serialize_4() -> Com_1(eval_id3_utf8_serialize_6())
		(4, 2)    eval_id3_utf8_serialize_30() -> Com_1(eval_id3_utf8_serialize_stop())
		(?, 1)    eval_id3_utf8_serialize_3() -> Com_2(eval_id3_utf8_encodechar_start(), eval_id3_utf8_serialize_4())
		(4, 1)    eval_id3_utf8_serialize_29() -> Com_2(eval_id3_utf8_put_start(), eval_id3_utf8_serialize_30())
		(4, 1)    eval_id3_utf8_serialize_bb11_in() -> Com_1(eval_id3_utf8_serialize_stop())
		(?, 1)    eval_id3_utf8_serialize_bb1_in() -> Com_1(eval_id3_utf8_serialize_3())
		(4, 1)    eval_id3_utf8_serialize_bb1_in() -> Com_1(eval_id3_utf8_serialize_29())
		(4, 1)    eval_id3_utf8_serialize_bb1_in() -> Com_1(eval_id3_utf8_serialize_bb11_in())
		(1, 1)    eval_id3_utf8_serialize_bb0_in() -> Com_1(eval_id3_utf8_serialize_bb1_in())
		(1, 1)    eval_id3_utf8_serialize_start() -> Com_1(eval_id3_utf8_serialize_bb0_in())
	start location:	eval_id3_utf8_serialize_start
	leaf cost:	0

By chaining the transition eval_id3_utf8_serialize_19() -> Com_1(eval_id3_utf8_serialize_bb7_in()) with all transitions in problem 11, the following new transition is obtained:
	eval_id3_utf8_serialize_19() -> Com_1(eval_id3_utf8_serialize_22())
We thus obtain the following problem:
12:	T:
		(?, 2)    eval_id3_utf8_serialize_19() -> Com_1(eval_id3_utf8_serialize_22())
		(?, 3)    eval_id3_utf8_serialize_15() -> Com_2(eval_id3_utf8_put_start(), eval_id3_utf8_serialize_19())
		(?, 3)    eval_id3_utf8_serialize_11() -> Com_2(eval_id3_utf8_put_start(), eval_id3_utf8_serialize_15())
		(?, 1)    eval_id3_utf8_serialize_23() -> Com_1(eval_id3_utf8_serialize_bb8_in())
		(?, 1)    eval_id3_utf8_serialize_27() -> Com_1(eval_id3_utf8_serialize_bb1_in())
		(?, 1)    eval_id3_utf8_serialize_7() -> Com_1(eval_id3_utf8_serialize_bb4_in())
		(?, 1)    eval_id3_utf8_serialize_10() -> Com_2(eval_id3_utf8_put_start(), eval_id3_utf8_serialize_11())
		(?, 1)    eval_id3_utf8_serialize_14() -> Com_2(eval_id3_utf8_put_start(), eval_id3_utf8_serialize_15())
		(?, 1)    eval_id3_utf8_serialize_18() -> Com_2(eval_id3_utf8_put_start(), eval_id3_utf8_serialize_19())
		(?, 1)    eval_id3_utf8_serialize_22() -> Com_2(eval_id3_utf8_put_start(), eval_id3_utf8_serialize_23())
		(?, 2)    eval_id3_utf8_serialize_bb8_in() -> Com_2(eval_id3_utf8_put_start(), eval_id3_utf8_serialize_27())
		(?, 1)    eval_id3_utf8_serialize_NewDefault_in() -> Com_1(eval_id3_utf8_serialize_bb1_in())
		(?, 1)    eval_id3_utf8_serialize_bb7_in() -> Com_1(eval_id3_utf8_serialize_22())
		(?, 1)    eval_id3_utf8_serialize_bb6_in() -> Com_1(eval_id3_utf8_serialize_18())
		(?, 1)    eval_id3_utf8_serialize_bb5_in() -> Com_1(eval_id3_utf8_serialize_14())
		(?, 1)    eval_id3_utf8_serialize_bb4_in() -> Com_1(eval_id3_utf8_serialize_10())
		(?, 1)    eval_id3_utf8_serialize_6() -> Com_2(eval_id3_utf8_put_start(), eval_id3_utf8_serialize_7())
		(?, 1)    eval_id3_utf8_serialize_4() -> Com_1(eval_id3_utf8_serialize_bb8_in())
		(?, 1)    eval_id3_utf8_serialize_4() -> Com_1(eval_id3_utf8_serialize_NewDefault_in())
		(?, 1)    eval_id3_utf8_serialize_4() -> Com_1(eval_id3_utf8_serialize_bb7_in())
		(?, 1)    eval_id3_utf8_serialize_4() -> Com_1(eval_id3_utf8_serialize_bb6_in())
		(?, 1)    eval_id3_utf8_serialize_4() -> Com_1(eval_id3_utf8_serialize_bb5_in())
		(?, 1)    eval_id3_utf8_serialize_4() -> Com_1(eval_id3_utf8_serialize_bb4_in())
		(?, 1)    eval_id3_utf8_serialize_4() -> Com_1(eval_id3_utf8_serialize_6())
		(4, 2)    eval_id3_utf8_serialize_30() -> Com_1(eval_id3_utf8_serialize_stop())
		(?, 1)    eval_id3_utf8_serialize_3() -> Com_2(eval_id3_utf8_encodechar_start(), eval_id3_utf8_serialize_4())
		(4, 1)    eval_id3_utf8_serialize_29() -> Com_2(eval_id3_utf8_put_start(), eval_id3_utf8_serialize_30())
		(4, 1)    eval_id3_utf8_serialize_bb11_in() -> Com_1(eval_id3_utf8_serialize_stop())
		(?, 1)    eval_id3_utf8_serialize_bb1_in() -> Com_1(eval_id3_utf8_serialize_3())
		(4, 1)    eval_id3_utf8_serialize_bb1_in() -> Com_1(eval_id3_utf8_serialize_29())
		(4, 1)    eval_id3_utf8_serialize_bb1_in() -> Com_1(eval_id3_utf8_serialize_bb11_in())
		(1, 1)    eval_id3_utf8_serialize_bb0_in() -> Com_1(eval_id3_utf8_serialize_bb1_in())
		(1, 1)    eval_id3_utf8_serialize_start() -> Com_1(eval_id3_utf8_serialize_bb0_in())
	start location:	eval_id3_utf8_serialize_start
	leaf cost:	0

By chaining the transition eval_id3_utf8_serialize_19() -> Com_1(eval_id3_utf8_serialize_22()) with all transitions in problem 12, the following new transition is obtained:
	eval_id3_utf8_serialize_19() -> Com_2(eval_id3_utf8_put_start(), eval_id3_utf8_serialize_23())
We thus obtain the following problem:
13:	T:
		(?, 3)    eval_id3_utf8_serialize_19() -> Com_2(eval_id3_utf8_put_start(), eval_id3_utf8_serialize_23())
		(?, 3)    eval_id3_utf8_serialize_15() -> Com_2(eval_id3_utf8_put_start(), eval_id3_utf8_serialize_19())
		(?, 3)    eval_id3_utf8_serialize_11() -> Com_2(eval_id3_utf8_put_start(), eval_id3_utf8_serialize_15())
		(?, 1)    eval_id3_utf8_serialize_23() -> Com_1(eval_id3_utf8_serialize_bb8_in())
		(?, 1)    eval_id3_utf8_serialize_27() -> Com_1(eval_id3_utf8_serialize_bb1_in())
		(?, 1)    eval_id3_utf8_serialize_7() -> Com_1(eval_id3_utf8_serialize_bb4_in())
		(?, 1)    eval_id3_utf8_serialize_10() -> Com_2(eval_id3_utf8_put_start(), eval_id3_utf8_serialize_11())
		(?, 1)    eval_id3_utf8_serialize_14() -> Com_2(eval_id3_utf8_put_start(), eval_id3_utf8_serialize_15())
		(?, 1)    eval_id3_utf8_serialize_18() -> Com_2(eval_id3_utf8_put_start(), eval_id3_utf8_serialize_19())
		(?, 1)    eval_id3_utf8_serialize_22() -> Com_2(eval_id3_utf8_put_start(), eval_id3_utf8_serialize_23())
		(?, 2)    eval_id3_utf8_serialize_bb8_in() -> Com_2(eval_id3_utf8_put_start(), eval_id3_utf8_serialize_27())
		(?, 1)    eval_id3_utf8_serialize_NewDefault_in() -> Com_1(eval_id3_utf8_serialize_bb1_in())
		(?, 1)    eval_id3_utf8_serialize_bb7_in() -> Com_1(eval_id3_utf8_serialize_22())
		(?, 1)    eval_id3_utf8_serialize_bb6_in() -> Com_1(eval_id3_utf8_serialize_18())
		(?, 1)    eval_id3_utf8_serialize_bb5_in() -> Com_1(eval_id3_utf8_serialize_14())
		(?, 1)    eval_id3_utf8_serialize_bb4_in() -> Com_1(eval_id3_utf8_serialize_10())
		(?, 1)    eval_id3_utf8_serialize_6() -> Com_2(eval_id3_utf8_put_start(), eval_id3_utf8_serialize_7())
		(?, 1)    eval_id3_utf8_serialize_4() -> Com_1(eval_id3_utf8_serialize_bb8_in())
		(?, 1)    eval_id3_utf8_serialize_4() -> Com_1(eval_id3_utf8_serialize_NewDefault_in())
		(?, 1)    eval_id3_utf8_serialize_4() -> Com_1(eval_id3_utf8_serialize_bb7_in())
		(?, 1)    eval_id3_utf8_serialize_4() -> Com_1(eval_id3_utf8_serialize_bb6_in())
		(?, 1)    eval_id3_utf8_serialize_4() -> Com_1(eval_id3_utf8_serialize_bb5_in())
		(?, 1)    eval_id3_utf8_serialize_4() -> Com_1(eval_id3_utf8_serialize_bb4_in())
		(?, 1)    eval_id3_utf8_serialize_4() -> Com_1(eval_id3_utf8_serialize_6())
		(4, 2)    eval_id3_utf8_serialize_30() -> Com_1(eval_id3_utf8_serialize_stop())
		(?, 1)    eval_id3_utf8_serialize_3() -> Com_2(eval_id3_utf8_encodechar_start(), eval_id3_utf8_serialize_4())
		(4, 1)    eval_id3_utf8_serialize_29() -> Com_2(eval_id3_utf8_put_start(), eval_id3_utf8_serialize_30())
		(4, 1)    eval_id3_utf8_serialize_bb11_in() -> Com_1(eval_id3_utf8_serialize_stop())
		(?, 1)    eval_id3_utf8_serialize_bb1_in() -> Com_1(eval_id3_utf8_serialize_3())
		(4, 1)    eval_id3_utf8_serialize_bb1_in() -> Com_1(eval_id3_utf8_serialize_29())
		(4, 1)    eval_id3_utf8_serialize_bb1_in() -> Com_1(eval_id3_utf8_serialize_bb11_in())
		(1, 1)    eval_id3_utf8_serialize_bb0_in() -> Com_1(eval_id3_utf8_serialize_bb1_in())
		(1, 1)    eval_id3_utf8_serialize_start() -> Com_1(eval_id3_utf8_serialize_bb0_in())
	start location:	eval_id3_utf8_serialize_start
	leaf cost:	0

By chaining the transition eval_id3_utf8_serialize_23() -> Com_1(eval_id3_utf8_serialize_bb8_in()) with all transitions in problem 13, the following new transition is obtained:
	eval_id3_utf8_serialize_23() -> Com_2(eval_id3_utf8_put_start(), eval_id3_utf8_serialize_27())
We thus obtain the following problem:
14:	T:
		(?, 3)    eval_id3_utf8_serialize_23() -> Com_2(eval_id3_utf8_put_start(), eval_id3_utf8_serialize_27())
		(?, 3)    eval_id3_utf8_serialize_19() -> Com_2(eval_id3_utf8_put_start(), eval_id3_utf8_serialize_23())
		(?, 3)    eval_id3_utf8_serialize_15() -> Com_2(eval_id3_utf8_put_start(), eval_id3_utf8_serialize_19())
		(?, 3)    eval_id3_utf8_serialize_11() -> Com_2(eval_id3_utf8_put_start(), eval_id3_utf8_serialize_15())
		(?, 1)    eval_id3_utf8_serialize_27() -> Com_1(eval_id3_utf8_serialize_bb1_in())
		(?, 1)    eval_id3_utf8_serialize_7() -> Com_1(eval_id3_utf8_serialize_bb4_in())
		(?, 1)    eval_id3_utf8_serialize_10() -> Com_2(eval_id3_utf8_put_start(), eval_id3_utf8_serialize_11())
		(?, 1)    eval_id3_utf8_serialize_14() -> Com_2(eval_id3_utf8_put_start(), eval_id3_utf8_serialize_15())
		(?, 1)    eval_id3_utf8_serialize_18() -> Com_2(eval_id3_utf8_put_start(), eval_id3_utf8_serialize_19())
		(?, 1)    eval_id3_utf8_serialize_22() -> Com_2(eval_id3_utf8_put_start(), eval_id3_utf8_serialize_23())
		(?, 2)    eval_id3_utf8_serialize_bb8_in() -> Com_2(eval_id3_utf8_put_start(), eval_id3_utf8_serialize_27())
		(?, 1)    eval_id3_utf8_serialize_NewDefault_in() -> Com_1(eval_id3_utf8_serialize_bb1_in())
		(?, 1)    eval_id3_utf8_serialize_bb7_in() -> Com_1(eval_id3_utf8_serialize_22())
		(?, 1)    eval_id3_utf8_serialize_bb6_in() -> Com_1(eval_id3_utf8_serialize_18())
		(?, 1)    eval_id3_utf8_serialize_bb5_in() -> Com_1(eval_id3_utf8_serialize_14())
		(?, 1)    eval_id3_utf8_serialize_bb4_in() -> Com_1(eval_id3_utf8_serialize_10())
		(?, 1)    eval_id3_utf8_serialize_6() -> Com_2(eval_id3_utf8_put_start(), eval_id3_utf8_serialize_7())
		(?, 1)    eval_id3_utf8_serialize_4() -> Com_1(eval_id3_utf8_serialize_bb8_in())
		(?, 1)    eval_id3_utf8_serialize_4() -> Com_1(eval_id3_utf8_serialize_NewDefault_in())
		(?, 1)    eval_id3_utf8_serialize_4() -> Com_1(eval_id3_utf8_serialize_bb7_in())
		(?, 1)    eval_id3_utf8_serialize_4() -> Com_1(eval_id3_utf8_serialize_bb6_in())
		(?, 1)    eval_id3_utf8_serialize_4() -> Com_1(eval_id3_utf8_serialize_bb5_in())
		(?, 1)    eval_id3_utf8_serialize_4() -> Com_1(eval_id3_utf8_serialize_bb4_in())
		(?, 1)    eval_id3_utf8_serialize_4() -> Com_1(eval_id3_utf8_serialize_6())
		(4, 2)    eval_id3_utf8_serialize_30() -> Com_1(eval_id3_utf8_serialize_stop())
		(?, 1)    eval_id3_utf8_serialize_3() -> Com_2(eval_id3_utf8_encodechar_start(), eval_id3_utf8_serialize_4())
		(4, 1)    eval_id3_utf8_serialize_29() -> Com_2(eval_id3_utf8_put_start(), eval_id3_utf8_serialize_30())
		(4, 1)    eval_id3_utf8_serialize_bb11_in() -> Com_1(eval_id3_utf8_serialize_stop())
		(?, 1)    eval_id3_utf8_serialize_bb1_in() -> Com_1(eval_id3_utf8_serialize_3())
		(4, 1)    eval_id3_utf8_serialize_bb1_in() -> Com_1(eval_id3_utf8_serialize_29())
		(4, 1)    eval_id3_utf8_serialize_bb1_in() -> Com_1(eval_id3_utf8_serialize_bb11_in())
		(1, 1)    eval_id3_utf8_serialize_bb0_in() -> Com_1(eval_id3_utf8_serialize_bb1_in())
		(1, 1)    eval_id3_utf8_serialize_start() -> Com_1(eval_id3_utf8_serialize_bb0_in())
	start location:	eval_id3_utf8_serialize_start
	leaf cost:	0

By chaining the transition eval_id3_utf8_serialize_7() -> Com_1(eval_id3_utf8_serialize_bb4_in()) with all transitions in problem 14, the following new transition is obtained:
	eval_id3_utf8_serialize_7() -> Com_1(eval_id3_utf8_serialize_10())
We thus obtain the following problem:
15:	T:
		(?, 2)    eval_id3_utf8_serialize_7() -> Com_1(eval_id3_utf8_serialize_10())
		(?, 3)    eval_id3_utf8_serialize_23() -> Com_2(eval_id3_utf8_put_start(), eval_id3_utf8_serialize_27())
		(?, 3)    eval_id3_utf8_serialize_19() -> Com_2(eval_id3_utf8_put_start(), eval_id3_utf8_serialize_23())
		(?, 3)    eval_id3_utf8_serialize_15() -> Com_2(eval_id3_utf8_put_start(), eval_id3_utf8_serialize_19())
		(?, 3)    eval_id3_utf8_serialize_11() -> Com_2(eval_id3_utf8_put_start(), eval_id3_utf8_serialize_15())
		(?, 1)    eval_id3_utf8_serialize_27() -> Com_1(eval_id3_utf8_serialize_bb1_in())
		(?, 1)    eval_id3_utf8_serialize_10() -> Com_2(eval_id3_utf8_put_start(), eval_id3_utf8_serialize_11())
		(?, 1)    eval_id3_utf8_serialize_14() -> Com_2(eval_id3_utf8_put_start(), eval_id3_utf8_serialize_15())
		(?, 1)    eval_id3_utf8_serialize_18() -> Com_2(eval_id3_utf8_put_start(), eval_id3_utf8_serialize_19())
		(?, 1)    eval_id3_utf8_serialize_22() -> Com_2(eval_id3_utf8_put_start(), eval_id3_utf8_serialize_23())
		(?, 2)    eval_id3_utf8_serialize_bb8_in() -> Com_2(eval_id3_utf8_put_start(), eval_id3_utf8_serialize_27())
		(?, 1)    eval_id3_utf8_serialize_NewDefault_in() -> Com_1(eval_id3_utf8_serialize_bb1_in())
		(?, 1)    eval_id3_utf8_serialize_bb7_in() -> Com_1(eval_id3_utf8_serialize_22())
		(?, 1)    eval_id3_utf8_serialize_bb6_in() -> Com_1(eval_id3_utf8_serialize_18())
		(?, 1)    eval_id3_utf8_serialize_bb5_in() -> Com_1(eval_id3_utf8_serialize_14())
		(?, 1)    eval_id3_utf8_serialize_bb4_in() -> Com_1(eval_id3_utf8_serialize_10())
		(?, 1)    eval_id3_utf8_serialize_6() -> Com_2(eval_id3_utf8_put_start(), eval_id3_utf8_serialize_7())
		(?, 1)    eval_id3_utf8_serialize_4() -> Com_1(eval_id3_utf8_serialize_bb8_in())
		(?, 1)    eval_id3_utf8_serialize_4() -> Com_1(eval_id3_utf8_serialize_NewDefault_in())
		(?, 1)    eval_id3_utf8_serialize_4() -> Com_1(eval_id3_utf8_serialize_bb7_in())
		(?, 1)    eval_id3_utf8_serialize_4() -> Com_1(eval_id3_utf8_serialize_bb6_in())
		(?, 1)    eval_id3_utf8_serialize_4() -> Com_1(eval_id3_utf8_serialize_bb5_in())
		(?, 1)    eval_id3_utf8_serialize_4() -> Com_1(eval_id3_utf8_serialize_bb4_in())
		(?, 1)    eval_id3_utf8_serialize_4() -> Com_1(eval_id3_utf8_serialize_6())
		(4, 2)    eval_id3_utf8_serialize_30() -> Com_1(eval_id3_utf8_serialize_stop())
		(?, 1)    eval_id3_utf8_serialize_3() -> Com_2(eval_id3_utf8_encodechar_start(), eval_id3_utf8_serialize_4())
		(4, 1)    eval_id3_utf8_serialize_29() -> Com_2(eval_id3_utf8_put_start(), eval_id3_utf8_serialize_30())
		(4, 1)    eval_id3_utf8_serialize_bb11_in() -> Com_1(eval_id3_utf8_serialize_stop())
		(?, 1)    eval_id3_utf8_serialize_bb1_in() -> Com_1(eval_id3_utf8_serialize_3())
		(4, 1)    eval_id3_utf8_serialize_bb1_in() -> Com_1(eval_id3_utf8_serialize_29())
		(4, 1)    eval_id3_utf8_serialize_bb1_in() -> Com_1(eval_id3_utf8_serialize_bb11_in())
		(1, 1)    eval_id3_utf8_serialize_bb0_in() -> Com_1(eval_id3_utf8_serialize_bb1_in())
		(1, 1)    eval_id3_utf8_serialize_start() -> Com_1(eval_id3_utf8_serialize_bb0_in())
	start location:	eval_id3_utf8_serialize_start
	leaf cost:	0

By chaining the transition eval_id3_utf8_serialize_7() -> Com_1(eval_id3_utf8_serialize_10()) with all transitions in problem 15, the following new transition is obtained:
	eval_id3_utf8_serialize_7() -> Com_2(eval_id3_utf8_put_start(), eval_id3_utf8_serialize_11())
We thus obtain the following problem:
16:	T:
		(?, 3)    eval_id3_utf8_serialize_7() -> Com_2(eval_id3_utf8_put_start(), eval_id3_utf8_serialize_11())
		(?, 3)    eval_id3_utf8_serialize_23() -> Com_2(eval_id3_utf8_put_start(), eval_id3_utf8_serialize_27())
		(?, 3)    eval_id3_utf8_serialize_19() -> Com_2(eval_id3_utf8_put_start(), eval_id3_utf8_serialize_23())
		(?, 3)    eval_id3_utf8_serialize_15() -> Com_2(eval_id3_utf8_put_start(), eval_id3_utf8_serialize_19())
		(?, 3)    eval_id3_utf8_serialize_11() -> Com_2(eval_id3_utf8_put_start(), eval_id3_utf8_serialize_15())
		(?, 1)    eval_id3_utf8_serialize_27() -> Com_1(eval_id3_utf8_serialize_bb1_in())
		(?, 1)    eval_id3_utf8_serialize_10() -> Com_2(eval_id3_utf8_put_start(), eval_id3_utf8_serialize_11())
		(?, 1)    eval_id3_utf8_serialize_14() -> Com_2(eval_id3_utf8_put_start(), eval_id3_utf8_serialize_15())
		(?, 1)    eval_id3_utf8_serialize_18() -> Com_2(eval_id3_utf8_put_start(), eval_id3_utf8_serialize_19())
		(?, 1)    eval_id3_utf8_serialize_22() -> Com_2(eval_id3_utf8_put_start(), eval_id3_utf8_serialize_23())
		(?, 2)    eval_id3_utf8_serialize_bb8_in() -> Com_2(eval_id3_utf8_put_start(), eval_id3_utf8_serialize_27())
		(?, 1)    eval_id3_utf8_serialize_NewDefault_in() -> Com_1(eval_id3_utf8_serialize_bb1_in())
		(?, 1)    eval_id3_utf8_serialize_bb7_in() -> Com_1(eval_id3_utf8_serialize_22())
		(?, 1)    eval_id3_utf8_serialize_bb6_in() -> Com_1(eval_id3_utf8_serialize_18())
		(?, 1)    eval_id3_utf8_serialize_bb5_in() -> Com_1(eval_id3_utf8_serialize_14())
		(?, 1)    eval_id3_utf8_serialize_bb4_in() -> Com_1(eval_id3_utf8_serialize_10())
		(?, 1)    eval_id3_utf8_serialize_6() -> Com_2(eval_id3_utf8_put_start(), eval_id3_utf8_serialize_7())
		(?, 1)    eval_id3_utf8_serialize_4() -> Com_1(eval_id3_utf8_serialize_bb8_in())
		(?, 1)    eval_id3_utf8_serialize_4() -> Com_1(eval_id3_utf8_serialize_NewDefault_in())
		(?, 1)    eval_id3_utf8_serialize_4() -> Com_1(eval_id3_utf8_serialize_bb7_in())
		(?, 1)    eval_id3_utf8_serialize_4() -> Com_1(eval_id3_utf8_serialize_bb6_in())
		(?, 1)    eval_id3_utf8_serialize_4() -> Com_1(eval_id3_utf8_serialize_bb5_in())
		(?, 1)    eval_id3_utf8_serialize_4() -> Com_1(eval_id3_utf8_serialize_bb4_in())
		(?, 1)    eval_id3_utf8_serialize_4() -> Com_1(eval_id3_utf8_serialize_6())
		(4, 2)    eval_id3_utf8_serialize_30() -> Com_1(eval_id3_utf8_serialize_stop())
		(?, 1)    eval_id3_utf8_serialize_3() -> Com_2(eval_id3_utf8_encodechar_start(), eval_id3_utf8_serialize_4())
		(4, 1)    eval_id3_utf8_serialize_29() -> Com_2(eval_id3_utf8_put_start(), eval_id3_utf8_serialize_30())
		(4, 1)    eval_id3_utf8_serialize_bb11_in() -> Com_1(eval_id3_utf8_serialize_stop())
		(?, 1)    eval_id3_utf8_serialize_bb1_in() -> Com_1(eval_id3_utf8_serialize_3())
		(4, 1)    eval_id3_utf8_serialize_bb1_in() -> Com_1(eval_id3_utf8_serialize_29())
		(4, 1)    eval_id3_utf8_serialize_bb1_in() -> Com_1(eval_id3_utf8_serialize_bb11_in())
		(1, 1)    eval_id3_utf8_serialize_bb0_in() -> Com_1(eval_id3_utf8_serialize_bb1_in())
		(1, 1)    eval_id3_utf8_serialize_start() -> Com_1(eval_id3_utf8_serialize_bb0_in())
	start location:	eval_id3_utf8_serialize_start
	leaf cost:	0

By chaining the transition eval_id3_utf8_serialize_bb7_in() -> Com_1(eval_id3_utf8_serialize_22()) with all transitions in problem 16, the following new transition is obtained:
	eval_id3_utf8_serialize_bb7_in() -> Com_2(eval_id3_utf8_put_start(), eval_id3_utf8_serialize_23())
We thus obtain the following problem:
17:	T:
		(?, 2)    eval_id3_utf8_serialize_bb7_in() -> Com_2(eval_id3_utf8_put_start(), eval_id3_utf8_serialize_23())
		(?, 3)    eval_id3_utf8_serialize_7() -> Com_2(eval_id3_utf8_put_start(), eval_id3_utf8_serialize_11())
		(?, 3)    eval_id3_utf8_serialize_23() -> Com_2(eval_id3_utf8_put_start(), eval_id3_utf8_serialize_27())
		(?, 3)    eval_id3_utf8_serialize_19() -> Com_2(eval_id3_utf8_put_start(), eval_id3_utf8_serialize_23())
		(?, 3)    eval_id3_utf8_serialize_15() -> Com_2(eval_id3_utf8_put_start(), eval_id3_utf8_serialize_19())
		(?, 3)    eval_id3_utf8_serialize_11() -> Com_2(eval_id3_utf8_put_start(), eval_id3_utf8_serialize_15())
		(?, 1)    eval_id3_utf8_serialize_27() -> Com_1(eval_id3_utf8_serialize_bb1_in())
		(?, 1)    eval_id3_utf8_serialize_10() -> Com_2(eval_id3_utf8_put_start(), eval_id3_utf8_serialize_11())
		(?, 1)    eval_id3_utf8_serialize_14() -> Com_2(eval_id3_utf8_put_start(), eval_id3_utf8_serialize_15())
		(?, 1)    eval_id3_utf8_serialize_18() -> Com_2(eval_id3_utf8_put_start(), eval_id3_utf8_serialize_19())
		(?, 1)    eval_id3_utf8_serialize_22() -> Com_2(eval_id3_utf8_put_start(), eval_id3_utf8_serialize_23())
		(?, 2)    eval_id3_utf8_serialize_bb8_in() -> Com_2(eval_id3_utf8_put_start(), eval_id3_utf8_serialize_27())
		(?, 1)    eval_id3_utf8_serialize_NewDefault_in() -> Com_1(eval_id3_utf8_serialize_bb1_in())
		(?, 1)    eval_id3_utf8_serialize_bb6_in() -> Com_1(eval_id3_utf8_serialize_18())
		(?, 1)    eval_id3_utf8_serialize_bb5_in() -> Com_1(eval_id3_utf8_serialize_14())
		(?, 1)    eval_id3_utf8_serialize_bb4_in() -> Com_1(eval_id3_utf8_serialize_10())
		(?, 1)    eval_id3_utf8_serialize_6() -> Com_2(eval_id3_utf8_put_start(), eval_id3_utf8_serialize_7())
		(?, 1)    eval_id3_utf8_serialize_4() -> Com_1(eval_id3_utf8_serialize_bb8_in())
		(?, 1)    eval_id3_utf8_serialize_4() -> Com_1(eval_id3_utf8_serialize_NewDefault_in())
		(?, 1)    eval_id3_utf8_serialize_4() -> Com_1(eval_id3_utf8_serialize_bb7_in())
		(?, 1)    eval_id3_utf8_serialize_4() -> Com_1(eval_id3_utf8_serialize_bb6_in())
		(?, 1)    eval_id3_utf8_serialize_4() -> Com_1(eval_id3_utf8_serialize_bb5_in())
		(?, 1)    eval_id3_utf8_serialize_4() -> Com_1(eval_id3_utf8_serialize_bb4_in())
		(?, 1)    eval_id3_utf8_serialize_4() -> Com_1(eval_id3_utf8_serialize_6())
		(4, 2)    eval_id3_utf8_serialize_30() -> Com_1(eval_id3_utf8_serialize_stop())
		(?, 1)    eval_id3_utf8_serialize_3() -> Com_2(eval_id3_utf8_encodechar_start(), eval_id3_utf8_serialize_4())
		(4, 1)    eval_id3_utf8_serialize_29() -> Com_2(eval_id3_utf8_put_start(), eval_id3_utf8_serialize_30())
		(4, 1)    eval_id3_utf8_serialize_bb11_in() -> Com_1(eval_id3_utf8_serialize_stop())
		(?, 1)    eval_id3_utf8_serialize_bb1_in() -> Com_1(eval_id3_utf8_serialize_3())
		(4, 1)    eval_id3_utf8_serialize_bb1_in() -> Com_1(eval_id3_utf8_serialize_29())
		(4, 1)    eval_id3_utf8_serialize_bb1_in() -> Com_1(eval_id3_utf8_serialize_bb11_in())
		(1, 1)    eval_id3_utf8_serialize_bb0_in() -> Com_1(eval_id3_utf8_serialize_bb1_in())
		(1, 1)    eval_id3_utf8_serialize_start() -> Com_1(eval_id3_utf8_serialize_bb0_in())
	start location:	eval_id3_utf8_serialize_start
	leaf cost:	0

Testing for reachability in the complexity graph removes the following transition from problem 17:
	eval_id3_utf8_serialize_22() -> Com_2(eval_id3_utf8_put_start(), eval_id3_utf8_serialize_23())
We thus obtain the following problem:
18:	T:
		(?, 3)    eval_id3_utf8_serialize_11() -> Com_2(eval_id3_utf8_put_start(), eval_id3_utf8_serialize_15())
		(?, 3)    eval_id3_utf8_serialize_15() -> Com_2(eval_id3_utf8_put_start(), eval_id3_utf8_serialize_19())
		(?, 3)    eval_id3_utf8_serialize_19() -> Com_2(eval_id3_utf8_put_start(), eval_id3_utf8_serialize_23())
		(?, 3)    eval_id3_utf8_serialize_23() -> Com_2(eval_id3_utf8_put_start(), eval_id3_utf8_serialize_27())
		(?, 1)    eval_id3_utf8_serialize_27() -> Com_1(eval_id3_utf8_serialize_bb1_in())
		(?, 3)    eval_id3_utf8_serialize_7() -> Com_2(eval_id3_utf8_put_start(), eval_id3_utf8_serialize_11())
		(?, 1)    eval_id3_utf8_serialize_10() -> Com_2(eval_id3_utf8_put_start(), eval_id3_utf8_serialize_11())
		(?, 1)    eval_id3_utf8_serialize_14() -> Com_2(eval_id3_utf8_put_start(), eval_id3_utf8_serialize_15())
		(?, 1)    eval_id3_utf8_serialize_18() -> Com_2(eval_id3_utf8_put_start(), eval_id3_utf8_serialize_19())
		(?, 2)    eval_id3_utf8_serialize_bb8_in() -> Com_2(eval_id3_utf8_put_start(), eval_id3_utf8_serialize_27())
		(?, 1)    eval_id3_utf8_serialize_NewDefault_in() -> Com_1(eval_id3_utf8_serialize_bb1_in())
		(?, 2)    eval_id3_utf8_serialize_bb7_in() -> Com_2(eval_id3_utf8_put_start(), eval_id3_utf8_serialize_23())
		(?, 1)    eval_id3_utf8_serialize_bb6_in() -> Com_1(eval_id3_utf8_serialize_18())
		(?, 1)    eval_id3_utf8_serialize_bb5_in() -> Com_1(eval_id3_utf8_serialize_14())
		(?, 1)    eval_id3_utf8_serialize_bb4_in() -> Com_1(eval_id3_utf8_serialize_10())
		(?, 1)    eval_id3_utf8_serialize_6() -> Com_2(eval_id3_utf8_put_start(), eval_id3_utf8_serialize_7())
		(?, 1)    eval_id3_utf8_serialize_4() -> Com_1(eval_id3_utf8_serialize_bb8_in())
		(?, 1)    eval_id3_utf8_serialize_4() -> Com_1(eval_id3_utf8_serialize_NewDefault_in())
		(?, 1)    eval_id3_utf8_serialize_4() -> Com_1(eval_id3_utf8_serialize_bb7_in())
		(?, 1)    eval_id3_utf8_serialize_4() -> Com_1(eval_id3_utf8_serialize_bb6_in())
		(?, 1)    eval_id3_utf8_serialize_4() -> Com_1(eval_id3_utf8_serialize_bb5_in())
		(?, 1)    eval_id3_utf8_serialize_4() -> Com_1(eval_id3_utf8_serialize_bb4_in())
		(?, 1)    eval_id3_utf8_serialize_4() -> Com_1(eval_id3_utf8_serialize_6())
		(4, 2)    eval_id3_utf8_serialize_30() -> Com_1(eval_id3_utf8_serialize_stop())
		(?, 1)    eval_id3_utf8_serialize_3() -> Com_2(eval_id3_utf8_encodechar_start(), eval_id3_utf8_serialize_4())
		(4, 1)    eval_id3_utf8_serialize_29() -> Com_2(eval_id3_utf8_put_start(), eval_id3_utf8_serialize_30())
		(4, 1)    eval_id3_utf8_serialize_bb11_in() -> Com_1(eval_id3_utf8_serialize_stop())
		(?, 1)    eval_id3_utf8_serialize_bb1_in() -> Com_1(eval_id3_utf8_serialize_3())
		(4, 1)    eval_id3_utf8_serialize_bb1_in() -> Com_1(eval_id3_utf8_serialize_29())
		(4, 1)    eval_id3_utf8_serialize_bb1_in() -> Com_1(eval_id3_utf8_serialize_bb11_in())
		(1, 1)    eval_id3_utf8_serialize_bb0_in() -> Com_1(eval_id3_utf8_serialize_bb1_in())
		(1, 1)    eval_id3_utf8_serialize_start() -> Com_1(eval_id3_utf8_serialize_bb0_in())
	start location:	eval_id3_utf8_serialize_start
	leaf cost:	0

By chaining the transition eval_id3_utf8_serialize_bb6_in() -> Com_1(eval_id3_utf8_serialize_18()) with all transitions in problem 18, the following new transition is obtained:
	eval_id3_utf8_serialize_bb6_in() -> Com_2(eval_id3_utf8_put_start(), eval_id3_utf8_serialize_19())
We thus obtain the following problem:
19:	T:
		(?, 2)    eval_id3_utf8_serialize_bb6_in() -> Com_2(eval_id3_utf8_put_start(), eval_id3_utf8_serialize_19())
		(?, 3)    eval_id3_utf8_serialize_11() -> Com_2(eval_id3_utf8_put_start(), eval_id3_utf8_serialize_15())
		(?, 3)    eval_id3_utf8_serialize_15() -> Com_2(eval_id3_utf8_put_start(), eval_id3_utf8_serialize_19())
		(?, 3)    eval_id3_utf8_serialize_19() -> Com_2(eval_id3_utf8_put_start(), eval_id3_utf8_serialize_23())
		(?, 3)    eval_id3_utf8_serialize_23() -> Com_2(eval_id3_utf8_put_start(), eval_id3_utf8_serialize_27())
		(?, 1)    eval_id3_utf8_serialize_27() -> Com_1(eval_id3_utf8_serialize_bb1_in())
		(?, 3)    eval_id3_utf8_serialize_7() -> Com_2(eval_id3_utf8_put_start(), eval_id3_utf8_serialize_11())
		(?, 1)    eval_id3_utf8_serialize_10() -> Com_2(eval_id3_utf8_put_start(), eval_id3_utf8_serialize_11())
		(?, 1)    eval_id3_utf8_serialize_14() -> Com_2(eval_id3_utf8_put_start(), eval_id3_utf8_serialize_15())
		(?, 1)    eval_id3_utf8_serialize_18() -> Com_2(eval_id3_utf8_put_start(), eval_id3_utf8_serialize_19())
		(?, 2)    eval_id3_utf8_serialize_bb8_in() -> Com_2(eval_id3_utf8_put_start(), eval_id3_utf8_serialize_27())
		(?, 1)    eval_id3_utf8_serialize_NewDefault_in() -> Com_1(eval_id3_utf8_serialize_bb1_in())
		(?, 2)    eval_id3_utf8_serialize_bb7_in() -> Com_2(eval_id3_utf8_put_start(), eval_id3_utf8_serialize_23())
		(?, 1)    eval_id3_utf8_serialize_bb5_in() -> Com_1(eval_id3_utf8_serialize_14())
		(?, 1)    eval_id3_utf8_serialize_bb4_in() -> Com_1(eval_id3_utf8_serialize_10())
		(?, 1)    eval_id3_utf8_serialize_6() -> Com_2(eval_id3_utf8_put_start(), eval_id3_utf8_serialize_7())
		(?, 1)    eval_id3_utf8_serialize_4() -> Com_1(eval_id3_utf8_serialize_bb8_in())
		(?, 1)    eval_id3_utf8_serialize_4() -> Com_1(eval_id3_utf8_serialize_NewDefault_in())
		(?, 1)    eval_id3_utf8_serialize_4() -> Com_1(eval_id3_utf8_serialize_bb7_in())
		(?, 1)    eval_id3_utf8_serialize_4() -> Com_1(eval_id3_utf8_serialize_bb6_in())
		(?, 1)    eval_id3_utf8_serialize_4() -> Com_1(eval_id3_utf8_serialize_bb5_in())
		(?, 1)    eval_id3_utf8_serialize_4() -> Com_1(eval_id3_utf8_serialize_bb4_in())
		(?, 1)    eval_id3_utf8_serialize_4() -> Com_1(eval_id3_utf8_serialize_6())
		(4, 2)    eval_id3_utf8_serialize_30() -> Com_1(eval_id3_utf8_serialize_stop())
		(?, 1)    eval_id3_utf8_serialize_3() -> Com_2(eval_id3_utf8_encodechar_start(), eval_id3_utf8_serialize_4())
		(4, 1)    eval_id3_utf8_serialize_29() -> Com_2(eval_id3_utf8_put_start(), eval_id3_utf8_serialize_30())
		(4, 1)    eval_id3_utf8_serialize_bb11_in() -> Com_1(eval_id3_utf8_serialize_stop())
		(?, 1)    eval_id3_utf8_serialize_bb1_in() -> Com_1(eval_id3_utf8_serialize_3())
		(4, 1)    eval_id3_utf8_serialize_bb1_in() -> Com_1(eval_id3_utf8_serialize_29())
		(4, 1)    eval_id3_utf8_serialize_bb1_in() -> Com_1(eval_id3_utf8_serialize_bb11_in())
		(1, 1)    eval_id3_utf8_serialize_bb0_in() -> Com_1(eval_id3_utf8_serialize_bb1_in())
		(1, 1)    eval_id3_utf8_serialize_start() -> Com_1(eval_id3_utf8_serialize_bb0_in())
	start location:	eval_id3_utf8_serialize_start
	leaf cost:	0

Testing for reachability in the complexity graph removes the following transition from problem 19:
	eval_id3_utf8_serialize_18() -> Com_2(eval_id3_utf8_put_start(), eval_id3_utf8_serialize_19())
We thus obtain the following problem:
20:	T:
		(?, 3)    eval_id3_utf8_serialize_11() -> Com_2(eval_id3_utf8_put_start(), eval_id3_utf8_serialize_15())
		(?, 3)    eval_id3_utf8_serialize_15() -> Com_2(eval_id3_utf8_put_start(), eval_id3_utf8_serialize_19())
		(?, 3)    eval_id3_utf8_serialize_19() -> Com_2(eval_id3_utf8_put_start(), eval_id3_utf8_serialize_23())
		(?, 3)    eval_id3_utf8_serialize_23() -> Com_2(eval_id3_utf8_put_start(), eval_id3_utf8_serialize_27())
		(?, 1)    eval_id3_utf8_serialize_27() -> Com_1(eval_id3_utf8_serialize_bb1_in())
		(?, 3)    eval_id3_utf8_serialize_7() -> Com_2(eval_id3_utf8_put_start(), eval_id3_utf8_serialize_11())
		(?, 1)    eval_id3_utf8_serialize_10() -> Com_2(eval_id3_utf8_put_start(), eval_id3_utf8_serialize_11())
		(?, 1)    eval_id3_utf8_serialize_14() -> Com_2(eval_id3_utf8_put_start(), eval_id3_utf8_serialize_15())
		(?, 2)    eval_id3_utf8_serialize_bb8_in() -> Com_2(eval_id3_utf8_put_start(), eval_id3_utf8_serialize_27())
		(?, 1)    eval_id3_utf8_serialize_NewDefault_in() -> Com_1(eval_id3_utf8_serialize_bb1_in())
		(?, 2)    eval_id3_utf8_serialize_bb7_in() -> Com_2(eval_id3_utf8_put_start(), eval_id3_utf8_serialize_23())
		(?, 2)    eval_id3_utf8_serialize_bb6_in() -> Com_2(eval_id3_utf8_put_start(), eval_id3_utf8_serialize_19())
		(?, 1)    eval_id3_utf8_serialize_bb5_in() -> Com_1(eval_id3_utf8_serialize_14())
		(?, 1)    eval_id3_utf8_serialize_bb4_in() -> Com_1(eval_id3_utf8_serialize_10())
		(?, 1)    eval_id3_utf8_serialize_6() -> Com_2(eval_id3_utf8_put_start(), eval_id3_utf8_serialize_7())
		(?, 1)    eval_id3_utf8_serialize_4() -> Com_1(eval_id3_utf8_serialize_bb8_in())
		(?, 1)    eval_id3_utf8_serialize_4() -> Com_1(eval_id3_utf8_serialize_NewDefault_in())
		(?, 1)    eval_id3_utf8_serialize_4() -> Com_1(eval_id3_utf8_serialize_bb7_in())
		(?, 1)    eval_id3_utf8_serialize_4() -> Com_1(eval_id3_utf8_serialize_bb6_in())
		(?, 1)    eval_id3_utf8_serialize_4() -> Com_1(eval_id3_utf8_serialize_bb5_in())
		(?, 1)    eval_id3_utf8_serialize_4() -> Com_1(eval_id3_utf8_serialize_bb4_in())
		(?, 1)    eval_id3_utf8_serialize_4() -> Com_1(eval_id3_utf8_serialize_6())
		(4, 2)    eval_id3_utf8_serialize_30() -> Com_1(eval_id3_utf8_serialize_stop())
		(?, 1)    eval_id3_utf8_serialize_3() -> Com_2(eval_id3_utf8_encodechar_start(), eval_id3_utf8_serialize_4())
		(4, 1)    eval_id3_utf8_serialize_29() -> Com_2(eval_id3_utf8_put_start(), eval_id3_utf8_serialize_30())
		(4, 1)    eval_id3_utf8_serialize_bb11_in() -> Com_1(eval_id3_utf8_serialize_stop())
		(?, 1)    eval_id3_utf8_serialize_bb1_in() -> Com_1(eval_id3_utf8_serialize_3())
		(4, 1)    eval_id3_utf8_serialize_bb1_in() -> Com_1(eval_id3_utf8_serialize_29())
		(4, 1)    eval_id3_utf8_serialize_bb1_in() -> Com_1(eval_id3_utf8_serialize_bb11_in())
		(1, 1)    eval_id3_utf8_serialize_bb0_in() -> Com_1(eval_id3_utf8_serialize_bb1_in())
		(1, 1)    eval_id3_utf8_serialize_start() -> Com_1(eval_id3_utf8_serialize_bb0_in())
	start location:	eval_id3_utf8_serialize_start
	leaf cost:	0

By chaining the transition eval_id3_utf8_serialize_bb5_in() -> Com_1(eval_id3_utf8_serialize_14()) with all transitions in problem 20, the following new transition is obtained:
	eval_id3_utf8_serialize_bb5_in() -> Com_2(eval_id3_utf8_put_start(), eval_id3_utf8_serialize_15())
We thus obtain the following problem:
21:	T:
		(?, 2)    eval_id3_utf8_serialize_bb5_in() -> Com_2(eval_id3_utf8_put_start(), eval_id3_utf8_serialize_15())
		(?, 3)    eval_id3_utf8_serialize_11() -> Com_2(eval_id3_utf8_put_start(), eval_id3_utf8_serialize_15())
		(?, 3)    eval_id3_utf8_serialize_15() -> Com_2(eval_id3_utf8_put_start(), eval_id3_utf8_serialize_19())
		(?, 3)    eval_id3_utf8_serialize_19() -> Com_2(eval_id3_utf8_put_start(), eval_id3_utf8_serialize_23())
		(?, 3)    eval_id3_utf8_serialize_23() -> Com_2(eval_id3_utf8_put_start(), eval_id3_utf8_serialize_27())
		(?, 1)    eval_id3_utf8_serialize_27() -> Com_1(eval_id3_utf8_serialize_bb1_in())
		(?, 3)    eval_id3_utf8_serialize_7() -> Com_2(eval_id3_utf8_put_start(), eval_id3_utf8_serialize_11())
		(?, 1)    eval_id3_utf8_serialize_10() -> Com_2(eval_id3_utf8_put_start(), eval_id3_utf8_serialize_11())
		(?, 1)    eval_id3_utf8_serialize_14() -> Com_2(eval_id3_utf8_put_start(), eval_id3_utf8_serialize_15())
		(?, 2)    eval_id3_utf8_serialize_bb8_in() -> Com_2(eval_id3_utf8_put_start(), eval_id3_utf8_serialize_27())
		(?, 1)    eval_id3_utf8_serialize_NewDefault_in() -> Com_1(eval_id3_utf8_serialize_bb1_in())
		(?, 2)    eval_id3_utf8_serialize_bb7_in() -> Com_2(eval_id3_utf8_put_start(), eval_id3_utf8_serialize_23())
		(?, 2)    eval_id3_utf8_serialize_bb6_in() -> Com_2(eval_id3_utf8_put_start(), eval_id3_utf8_serialize_19())
		(?, 1)    eval_id3_utf8_serialize_bb4_in() -> Com_1(eval_id3_utf8_serialize_10())
		(?, 1)    eval_id3_utf8_serialize_6() -> Com_2(eval_id3_utf8_put_start(), eval_id3_utf8_serialize_7())
		(?, 1)    eval_id3_utf8_serialize_4() -> Com_1(eval_id3_utf8_serialize_bb8_in())
		(?, 1)    eval_id3_utf8_serialize_4() -> Com_1(eval_id3_utf8_serialize_NewDefault_in())
		(?, 1)    eval_id3_utf8_serialize_4() -> Com_1(eval_id3_utf8_serialize_bb7_in())
		(?, 1)    eval_id3_utf8_serialize_4() -> Com_1(eval_id3_utf8_serialize_bb6_in())
		(?, 1)    eval_id3_utf8_serialize_4() -> Com_1(eval_id3_utf8_serialize_bb5_in())
		(?, 1)    eval_id3_utf8_serialize_4() -> Com_1(eval_id3_utf8_serialize_bb4_in())
		(?, 1)    eval_id3_utf8_serialize_4() -> Com_1(eval_id3_utf8_serialize_6())
		(4, 2)    eval_id3_utf8_serialize_30() -> Com_1(eval_id3_utf8_serialize_stop())
		(?, 1)    eval_id3_utf8_serialize_3() -> Com_2(eval_id3_utf8_encodechar_start(), eval_id3_utf8_serialize_4())
		(4, 1)    eval_id3_utf8_serialize_29() -> Com_2(eval_id3_utf8_put_start(), eval_id3_utf8_serialize_30())
		(4, 1)    eval_id3_utf8_serialize_bb11_in() -> Com_1(eval_id3_utf8_serialize_stop())
		(?, 1)    eval_id3_utf8_serialize_bb1_in() -> Com_1(eval_id3_utf8_serialize_3())
		(4, 1)    eval_id3_utf8_serialize_bb1_in() -> Com_1(eval_id3_utf8_serialize_29())
		(4, 1)    eval_id3_utf8_serialize_bb1_in() -> Com_1(eval_id3_utf8_serialize_bb11_in())
		(1, 1)    eval_id3_utf8_serialize_bb0_in() -> Com_1(eval_id3_utf8_serialize_bb1_in())
		(1, 1)    eval_id3_utf8_serialize_start() -> Com_1(eval_id3_utf8_serialize_bb0_in())
	start location:	eval_id3_utf8_serialize_start
	leaf cost:	0

Testing for reachability in the complexity graph removes the following transition from problem 21:
	eval_id3_utf8_serialize_14() -> Com_2(eval_id3_utf8_put_start(), eval_id3_utf8_serialize_15())
We thus obtain the following problem:
22:	T:
		(?, 3)    eval_id3_utf8_serialize_11() -> Com_2(eval_id3_utf8_put_start(), eval_id3_utf8_serialize_15())
		(?, 3)    eval_id3_utf8_serialize_15() -> Com_2(eval_id3_utf8_put_start(), eval_id3_utf8_serialize_19())
		(?, 3)    eval_id3_utf8_serialize_19() -> Com_2(eval_id3_utf8_put_start(), eval_id3_utf8_serialize_23())
		(?, 3)    eval_id3_utf8_serialize_23() -> Com_2(eval_id3_utf8_put_start(), eval_id3_utf8_serialize_27())
		(?, 1)    eval_id3_utf8_serialize_27() -> Com_1(eval_id3_utf8_serialize_bb1_in())
		(?, 3)    eval_id3_utf8_serialize_7() -> Com_2(eval_id3_utf8_put_start(), eval_id3_utf8_serialize_11())
		(?, 1)    eval_id3_utf8_serialize_10() -> Com_2(eval_id3_utf8_put_start(), eval_id3_utf8_serialize_11())
		(?, 2)    eval_id3_utf8_serialize_bb8_in() -> Com_2(eval_id3_utf8_put_start(), eval_id3_utf8_serialize_27())
		(?, 1)    eval_id3_utf8_serialize_NewDefault_in() -> Com_1(eval_id3_utf8_serialize_bb1_in())
		(?, 2)    eval_id3_utf8_serialize_bb7_in() -> Com_2(eval_id3_utf8_put_start(), eval_id3_utf8_serialize_23())
		(?, 2)    eval_id3_utf8_serialize_bb6_in() -> Com_2(eval_id3_utf8_put_start(), eval_id3_utf8_serialize_19())
		(?, 2)    eval_id3_utf8_serialize_bb5_in() -> Com_2(eval_id3_utf8_put_start(), eval_id3_utf8_serialize_15())
		(?, 1)    eval_id3_utf8_serialize_bb4_in() -> Com_1(eval_id3_utf8_serialize_10())
		(?, 1)    eval_id3_utf8_serialize_6() -> Com_2(eval_id3_utf8_put_start(), eval_id3_utf8_serialize_7())
		(?, 1)    eval_id3_utf8_serialize_4() -> Com_1(eval_id3_utf8_serialize_bb8_in())
		(?, 1)    eval_id3_utf8_serialize_4() -> Com_1(eval_id3_utf8_serialize_NewDefault_in())
		(?, 1)    eval_id3_utf8_serialize_4() -> Com_1(eval_id3_utf8_serialize_bb7_in())
		(?, 1)    eval_id3_utf8_serialize_4() -> Com_1(eval_id3_utf8_serialize_bb6_in())
		(?, 1)    eval_id3_utf8_serialize_4() -> Com_1(eval_id3_utf8_serialize_bb5_in())
		(?, 1)    eval_id3_utf8_serialize_4() -> Com_1(eval_id3_utf8_serialize_bb4_in())
		(?, 1)    eval_id3_utf8_serialize_4() -> Com_1(eval_id3_utf8_serialize_6())
		(4, 2)    eval_id3_utf8_serialize_30() -> Com_1(eval_id3_utf8_serialize_stop())
		(?, 1)    eval_id3_utf8_serialize_3() -> Com_2(eval_id3_utf8_encodechar_start(), eval_id3_utf8_serialize_4())
		(4, 1)    eval_id3_utf8_serialize_29() -> Com_2(eval_id3_utf8_put_start(), eval_id3_utf8_serialize_30())
		(4, 1)    eval_id3_utf8_serialize_bb11_in() -> Com_1(eval_id3_utf8_serialize_stop())
		(?, 1)    eval_id3_utf8_serialize_bb1_in() -> Com_1(eval_id3_utf8_serialize_3())
		(4, 1)    eval_id3_utf8_serialize_bb1_in() -> Com_1(eval_id3_utf8_serialize_29())
		(4, 1)    eval_id3_utf8_serialize_bb1_in() -> Com_1(eval_id3_utf8_serialize_bb11_in())
		(1, 1)    eval_id3_utf8_serialize_bb0_in() -> Com_1(eval_id3_utf8_serialize_bb1_in())
		(1, 1)    eval_id3_utf8_serialize_start() -> Com_1(eval_id3_utf8_serialize_bb0_in())
	start location:	eval_id3_utf8_serialize_start
	leaf cost:	0

By chaining the transition eval_id3_utf8_serialize_bb4_in() -> Com_1(eval_id3_utf8_serialize_10()) with all transitions in problem 22, the following new transition is obtained:
	eval_id3_utf8_serialize_bb4_in() -> Com_2(eval_id3_utf8_put_start(), eval_id3_utf8_serialize_11())
We thus obtain the following problem:
23:	T:
		(?, 2)    eval_id3_utf8_serialize_bb4_in() -> Com_2(eval_id3_utf8_put_start(), eval_id3_utf8_serialize_11())
		(?, 3)    eval_id3_utf8_serialize_11() -> Com_2(eval_id3_utf8_put_start(), eval_id3_utf8_serialize_15())
		(?, 3)    eval_id3_utf8_serialize_15() -> Com_2(eval_id3_utf8_put_start(), eval_id3_utf8_serialize_19())
		(?, 3)    eval_id3_utf8_serialize_19() -> Com_2(eval_id3_utf8_put_start(), eval_id3_utf8_serialize_23())
		(?, 3)    eval_id3_utf8_serialize_23() -> Com_2(eval_id3_utf8_put_start(), eval_id3_utf8_serialize_27())
		(?, 1)    eval_id3_utf8_serialize_27() -> Com_1(eval_id3_utf8_serialize_bb1_in())
		(?, 3)    eval_id3_utf8_serialize_7() -> Com_2(eval_id3_utf8_put_start(), eval_id3_utf8_serialize_11())
		(?, 1)    eval_id3_utf8_serialize_10() -> Com_2(eval_id3_utf8_put_start(), eval_id3_utf8_serialize_11())
		(?, 2)    eval_id3_utf8_serialize_bb8_in() -> Com_2(eval_id3_utf8_put_start(), eval_id3_utf8_serialize_27())
		(?, 1)    eval_id3_utf8_serialize_NewDefault_in() -> Com_1(eval_id3_utf8_serialize_bb1_in())
		(?, 2)    eval_id3_utf8_serialize_bb7_in() -> Com_2(eval_id3_utf8_put_start(), eval_id3_utf8_serialize_23())
		(?, 2)    eval_id3_utf8_serialize_bb6_in() -> Com_2(eval_id3_utf8_put_start(), eval_id3_utf8_serialize_19())
		(?, 2)    eval_id3_utf8_serialize_bb5_in() -> Com_2(eval_id3_utf8_put_start(), eval_id3_utf8_serialize_15())
		(?, 1)    eval_id3_utf8_serialize_6() -> Com_2(eval_id3_utf8_put_start(), eval_id3_utf8_serialize_7())
		(?, 1)    eval_id3_utf8_serialize_4() -> Com_1(eval_id3_utf8_serialize_bb8_in())
		(?, 1)    eval_id3_utf8_serialize_4() -> Com_1(eval_id3_utf8_serialize_NewDefault_in())
		(?, 1)    eval_id3_utf8_serialize_4() -> Com_1(eval_id3_utf8_serialize_bb7_in())
		(?, 1)    eval_id3_utf8_serialize_4() -> Com_1(eval_id3_utf8_serialize_bb6_in())
		(?, 1)    eval_id3_utf8_serialize_4() -> Com_1(eval_id3_utf8_serialize_bb5_in())
		(?, 1)    eval_id3_utf8_serialize_4() -> Com_1(eval_id3_utf8_serialize_bb4_in())
		(?, 1)    eval_id3_utf8_serialize_4() -> Com_1(eval_id3_utf8_serialize_6())
		(4, 2)    eval_id3_utf8_serialize_30() -> Com_1(eval_id3_utf8_serialize_stop())
		(?, 1)    eval_id3_utf8_serialize_3() -> Com_2(eval_id3_utf8_encodechar_start(), eval_id3_utf8_serialize_4())
		(4, 1)    eval_id3_utf8_serialize_29() -> Com_2(eval_id3_utf8_put_start(), eval_id3_utf8_serialize_30())
		(4, 1)    eval_id3_utf8_serialize_bb11_in() -> Com_1(eval_id3_utf8_serialize_stop())
		(?, 1)    eval_id3_utf8_serialize_bb1_in() -> Com_1(eval_id3_utf8_serialize_3())
		(4, 1)    eval_id3_utf8_serialize_bb1_in() -> Com_1(eval_id3_utf8_serialize_29())
		(4, 1)    eval_id3_utf8_serialize_bb1_in() -> Com_1(eval_id3_utf8_serialize_bb11_in())
		(1, 1)    eval_id3_utf8_serialize_bb0_in() -> Com_1(eval_id3_utf8_serialize_bb1_in())
		(1, 1)    eval_id3_utf8_serialize_start() -> Com_1(eval_id3_utf8_serialize_bb0_in())
	start location:	eval_id3_utf8_serialize_start
	leaf cost:	0

Testing for reachability in the complexity graph removes the following transition from problem 23:
	eval_id3_utf8_serialize_10() -> Com_2(eval_id3_utf8_put_start(), eval_id3_utf8_serialize_11())
We thus obtain the following problem:
24:	T:
		(?, 3)    eval_id3_utf8_serialize_11() -> Com_2(eval_id3_utf8_put_start(), eval_id3_utf8_serialize_15())
		(?, 3)    eval_id3_utf8_serialize_15() -> Com_2(eval_id3_utf8_put_start(), eval_id3_utf8_serialize_19())
		(?, 3)    eval_id3_utf8_serialize_19() -> Com_2(eval_id3_utf8_put_start(), eval_id3_utf8_serialize_23())
		(?, 3)    eval_id3_utf8_serialize_23() -> Com_2(eval_id3_utf8_put_start(), eval_id3_utf8_serialize_27())
		(?, 1)    eval_id3_utf8_serialize_27() -> Com_1(eval_id3_utf8_serialize_bb1_in())
		(?, 3)    eval_id3_utf8_serialize_7() -> Com_2(eval_id3_utf8_put_start(), eval_id3_utf8_serialize_11())
		(?, 2)    eval_id3_utf8_serialize_bb8_in() -> Com_2(eval_id3_utf8_put_start(), eval_id3_utf8_serialize_27())
		(?, 1)    eval_id3_utf8_serialize_NewDefault_in() -> Com_1(eval_id3_utf8_serialize_bb1_in())
		(?, 2)    eval_id3_utf8_serialize_bb7_in() -> Com_2(eval_id3_utf8_put_start(), eval_id3_utf8_serialize_23())
		(?, 2)    eval_id3_utf8_serialize_bb6_in() -> Com_2(eval_id3_utf8_put_start(), eval_id3_utf8_serialize_19())
		(?, 2)    eval_id3_utf8_serialize_bb5_in() -> Com_2(eval_id3_utf8_put_start(), eval_id3_utf8_serialize_15())
		(?, 2)    eval_id3_utf8_serialize_bb4_in() -> Com_2(eval_id3_utf8_put_start(), eval_id3_utf8_serialize_11())
		(?, 1)    eval_id3_utf8_serialize_6() -> Com_2(eval_id3_utf8_put_start(), eval_id3_utf8_serialize_7())
		(?, 1)    eval_id3_utf8_serialize_4() -> Com_1(eval_id3_utf8_serialize_bb8_in())
		(?, 1)    eval_id3_utf8_serialize_4() -> Com_1(eval_id3_utf8_serialize_NewDefault_in())
		(?, 1)    eval_id3_utf8_serialize_4() -> Com_1(eval_id3_utf8_serialize_bb7_in())
		(?, 1)    eval_id3_utf8_serialize_4() -> Com_1(eval_id3_utf8_serialize_bb6_in())
		(?, 1)    eval_id3_utf8_serialize_4() -> Com_1(eval_id3_utf8_serialize_bb5_in())
		(?, 1)    eval_id3_utf8_serialize_4() -> Com_1(eval_id3_utf8_serialize_bb4_in())
		(?, 1)    eval_id3_utf8_serialize_4() -> Com_1(eval_id3_utf8_serialize_6())
		(4, 2)    eval_id3_utf8_serialize_30() -> Com_1(eval_id3_utf8_serialize_stop())
		(?, 1)    eval_id3_utf8_serialize_3() -> Com_2(eval_id3_utf8_encodechar_start(), eval_id3_utf8_serialize_4())
		(4, 1)    eval_id3_utf8_serialize_29() -> Com_2(eval_id3_utf8_put_start(), eval_id3_utf8_serialize_30())
		(4, 1)    eval_id3_utf8_serialize_bb11_in() -> Com_1(eval_id3_utf8_serialize_stop())
		(?, 1)    eval_id3_utf8_serialize_bb1_in() -> Com_1(eval_id3_utf8_serialize_3())
		(4, 1)    eval_id3_utf8_serialize_bb1_in() -> Com_1(eval_id3_utf8_serialize_29())
		(4, 1)    eval_id3_utf8_serialize_bb1_in() -> Com_1(eval_id3_utf8_serialize_bb11_in())
		(1, 1)    eval_id3_utf8_serialize_bb0_in() -> Com_1(eval_id3_utf8_serialize_bb1_in())
		(1, 1)    eval_id3_utf8_serialize_start() -> Com_1(eval_id3_utf8_serialize_bb0_in())
	start location:	eval_id3_utf8_serialize_start
	leaf cost:	0

Complexity upper bound ?

Time: 1.342 sec (SMT: 1.169 sec)
