YES(?, 144)

Initial complexity problem:
1:	T:
		(1, 1)    eval_Fax3Close_start(v_code.0, v_i.0, v_length.0) -> Com_1(eval_Fax3Close_bb0_in(v_code.0, v_i.0, v_length.0))
		(?, 1)    eval_Fax3Close_bb0_in(v_code.0, v_i.0, v_length.0) -> Com_1(eval_Fax3Close_bb3_in(nondef.6, v_i.0, 13))
		(?, 1)    eval_Fax3Close_bb0_in(v_code.0, v_i.0, v_length.0) -> Com_1(eval_Fax3Close_bb3_in(1, v_i.0, 12))
		(?, 1)    eval_Fax3Close_bb0_in(v_code.0, v_i.0, v_length.0) -> Com_1(eval_Fax3Close_bb9_in(v_code.0, v_i.0, v_length.0))
		(?, 1)    eval_Fax3Close_bb3_in(v_code.0, v_i.0, v_length.0) -> Com_1(eval_Fax3Close_bb4_in(v_code.0, 0, v_length.0))
		(?, 1)    eval_Fax3Close_bb4_in(v_code.0, v_i.0, v_length.0) -> Com_1(eval_Fax3Close_12(v_code.0, v_i.0, v_length.0)) [ v_i.0 < 6 ]
		(?, 1)    eval_Fax3Close_bb4_in(v_code.0, v_i.0, v_length.0) -> Com_1(eval_Fax3Close_18(v_code.0, v_i.0, v_length.0)) [ v_i.0 >= 6 ]
		(?, 1)    eval_Fax3Close_bb4_in(v_code.0, v_i.0, v_length.0) -> Com_1(eval_Fax3Close_bb8_in(v_code.0, v_i.0, v_length.0)) [ v_i.0 >= 6 ]
		(?, 1)    eval_Fax3Close_12(v_code.0, v_i.0, v_length.0) -> Com_2(eval_Fax3PutBits_start(v_code.0, v_i.0, v_length.0), eval_Fax3Close_13(v_code.0, v_i.0, v_length.0))
		(?, 1)    eval_Fax3Close_13(v_code.0, v_i.0, v_length.0) -> Com_1(eval_Fax3Close_bb4_in(v_code.0, v_i.0 + 1, v_length.0))
		(?, 1)    eval_Fax3Close_18(v_code.0, v_i.0, v_length.0) -> Com_2(eval_TIFFFlushData1_start(v_code.0, v_i.0, v_length.0), eval_Fax3Close_19(v_code.0, v_i.0, v_length.0))
		(?, 1)    eval_Fax3Close_19(v_code.0, v_i.0, v_length.0) -> Com_1(eval_Fax3Close_bb8_in(v_code.0, v_i.0, v_length.0))
		(?, 1)    eval_Fax3Close_bb8_in(v_code.0, v_i.0, v_length.0) -> Com_1(eval_Fax3Close_bb9_in(v_code.0, v_i.0, v_length.0))
		(?, 1)    eval_Fax3Close_bb9_in(v_code.0, v_i.0, v_length.0) -> Com_1(eval_Fax3Close_stop(v_code.0, v_i.0, v_length.0))
	start location:	eval_Fax3Close_start
	leaf cost:	0

Slicing away variables that do not contribute to conditions from problem 1 leaves variables [v_i.0].
We thus obtain the following problem:
2:	T:
		(?, 1)    eval_Fax3Close_bb9_in(v_i.0) -> Com_1(eval_Fax3Close_stop(v_i.0))
		(?, 1)    eval_Fax3Close_bb8_in(v_i.0) -> Com_1(eval_Fax3Close_bb9_in(v_i.0))
		(?, 1)    eval_Fax3Close_19(v_i.0) -> Com_1(eval_Fax3Close_bb8_in(v_i.0))
		(?, 1)    eval_Fax3Close_18(v_i.0) -> Com_2(eval_TIFFFlushData1_start(v_i.0), eval_Fax3Close_19(v_i.0))
		(?, 1)    eval_Fax3Close_13(v_i.0) -> Com_1(eval_Fax3Close_bb4_in(v_i.0 + 1))
		(?, 1)    eval_Fax3Close_12(v_i.0) -> Com_2(eval_Fax3PutBits_start(v_i.0), eval_Fax3Close_13(v_i.0))
		(?, 1)    eval_Fax3Close_bb4_in(v_i.0) -> Com_1(eval_Fax3Close_bb8_in(v_i.0)) [ v_i.0 >= 6 ]
		(?, 1)    eval_Fax3Close_bb4_in(v_i.0) -> Com_1(eval_Fax3Close_18(v_i.0)) [ v_i.0 >= 6 ]
		(?, 1)    eval_Fax3Close_bb4_in(v_i.0) -> Com_1(eval_Fax3Close_12(v_i.0)) [ v_i.0 < 6 ]
		(?, 1)    eval_Fax3Close_bb3_in(v_i.0) -> Com_1(eval_Fax3Close_bb4_in(0))
		(?, 1)    eval_Fax3Close_bb0_in(v_i.0) -> Com_1(eval_Fax3Close_bb9_in(v_i.0))
		(?, 1)    eval_Fax3Close_bb0_in(v_i.0) -> Com_1(eval_Fax3Close_bb3_in(v_i.0))
		(?, 1)    eval_Fax3Close_bb0_in(v_i.0) -> Com_1(eval_Fax3Close_bb3_in(v_i.0))
		(1, 1)    eval_Fax3Close_start(v_i.0) -> Com_1(eval_Fax3Close_bb0_in(v_i.0))
	start location:	eval_Fax3Close_start
	leaf cost:	0

Repeatedly propagating knowledge in problem 2 produces the following problem:
3:	T:
		(?, 1)    eval_Fax3Close_bb9_in(v_i.0) -> Com_1(eval_Fax3Close_stop(v_i.0))
		(?, 1)    eval_Fax3Close_bb8_in(v_i.0) -> Com_1(eval_Fax3Close_bb9_in(v_i.0))
		(?, 1)    eval_Fax3Close_19(v_i.0) -> Com_1(eval_Fax3Close_bb8_in(v_i.0))
		(?, 1)    eval_Fax3Close_18(v_i.0) -> Com_2(eval_TIFFFlushData1_start(v_i.0), eval_Fax3Close_19(v_i.0))
		(?, 1)    eval_Fax3Close_13(v_i.0) -> Com_1(eval_Fax3Close_bb4_in(v_i.0 + 1))
		(?, 1)    eval_Fax3Close_12(v_i.0) -> Com_2(eval_Fax3PutBits_start(v_i.0), eval_Fax3Close_13(v_i.0))
		(?, 1)    eval_Fax3Close_bb4_in(v_i.0) -> Com_1(eval_Fax3Close_bb8_in(v_i.0)) [ v_i.0 >= 6 ]
		(?, 1)    eval_Fax3Close_bb4_in(v_i.0) -> Com_1(eval_Fax3Close_18(v_i.0)) [ v_i.0 >= 6 ]
		(?, 1)    eval_Fax3Close_bb4_in(v_i.0) -> Com_1(eval_Fax3Close_12(v_i.0)) [ v_i.0 < 6 ]
		(2, 1)    eval_Fax3Close_bb3_in(v_i.0) -> Com_1(eval_Fax3Close_bb4_in(0))
		(1, 1)    eval_Fax3Close_bb0_in(v_i.0) -> Com_1(eval_Fax3Close_bb9_in(v_i.0))
		(1, 1)    eval_Fax3Close_bb0_in(v_i.0) -> Com_1(eval_Fax3Close_bb3_in(v_i.0))
		(1, 1)    eval_Fax3Close_bb0_in(v_i.0) -> Com_1(eval_Fax3Close_bb3_in(v_i.0))
		(1, 1)    eval_Fax3Close_start(v_i.0) -> Com_1(eval_Fax3Close_bb0_in(v_i.0))
	start location:	eval_Fax3Close_start
	leaf cost:	0

A polynomial rank function with
	Pol(eval_Fax3Close_bb9_in) = 1
	Pol(eval_Fax3Close_stop) = 0
	Pol(eval_Fax3Close_bb8_in) = 2
	Pol(eval_Fax3Close_19) = 3
	Pol(eval_Fax3Close_18) = 4
	Pol(eval_TIFFFlushData1_start) = 0
	Pol(eval_Fax3Close_13) = 5
	Pol(eval_Fax3Close_bb4_in) = 5
	Pol(eval_Fax3Close_12) = 5
	Pol(eval_Fax3PutBits_start) = 0
	Pol(eval_Fax3Close_bb3_in) = 5
	Pol(eval_Fax3Close_bb0_in) = 5
	Pol(eval_Fax3Close_start) = 5
orients all transitions weakly and the transitions
	eval_Fax3Close_bb9_in(v_i.0) -> Com_1(eval_Fax3Close_stop(v_i.0))
	eval_Fax3Close_bb8_in(v_i.0) -> Com_1(eval_Fax3Close_bb9_in(v_i.0))
	eval_Fax3Close_bb4_in(v_i.0) -> Com_1(eval_Fax3Close_bb8_in(v_i.0)) [ v_i.0 >= 6 ]
	eval_Fax3Close_bb4_in(v_i.0) -> Com_1(eval_Fax3Close_18(v_i.0)) [ v_i.0 >= 6 ]
	eval_Fax3Close_19(v_i.0) -> Com_1(eval_Fax3Close_bb8_in(v_i.0))
	eval_Fax3Close_18(v_i.0) -> Com_2(eval_TIFFFlushData1_start(v_i.0), eval_Fax3Close_19(v_i.0))
strictly and produces the following problem:
4:	T:
		(5, 1)    eval_Fax3Close_bb9_in(v_i.0) -> Com_1(eval_Fax3Close_stop(v_i.0))
		(5, 1)    eval_Fax3Close_bb8_in(v_i.0) -> Com_1(eval_Fax3Close_bb9_in(v_i.0))
		(5, 1)    eval_Fax3Close_19(v_i.0) -> Com_1(eval_Fax3Close_bb8_in(v_i.0))
		(5, 1)    eval_Fax3Close_18(v_i.0) -> Com_2(eval_TIFFFlushData1_start(v_i.0), eval_Fax3Close_19(v_i.0))
		(?, 1)    eval_Fax3Close_13(v_i.0) -> Com_1(eval_Fax3Close_bb4_in(v_i.0 + 1))
		(?, 1)    eval_Fax3Close_12(v_i.0) -> Com_2(eval_Fax3PutBits_start(v_i.0), eval_Fax3Close_13(v_i.0))
		(5, 1)    eval_Fax3Close_bb4_in(v_i.0) -> Com_1(eval_Fax3Close_bb8_in(v_i.0)) [ v_i.0 >= 6 ]
		(5, 1)    eval_Fax3Close_bb4_in(v_i.0) -> Com_1(eval_Fax3Close_18(v_i.0)) [ v_i.0 >= 6 ]
		(?, 1)    eval_Fax3Close_bb4_in(v_i.0) -> Com_1(eval_Fax3Close_12(v_i.0)) [ v_i.0 < 6 ]
		(2, 1)    eval_Fax3Close_bb3_in(v_i.0) -> Com_1(eval_Fax3Close_bb4_in(0))
		(1, 1)    eval_Fax3Close_bb0_in(v_i.0) -> Com_1(eval_Fax3Close_bb9_in(v_i.0))
		(1, 1)    eval_Fax3Close_bb0_in(v_i.0) -> Com_1(eval_Fax3Close_bb3_in(v_i.0))
		(1, 1)    eval_Fax3Close_bb0_in(v_i.0) -> Com_1(eval_Fax3Close_bb3_in(v_i.0))
		(1, 1)    eval_Fax3Close_start(v_i.0) -> Com_1(eval_Fax3Close_bb0_in(v_i.0))
	start location:	eval_Fax3Close_start
	leaf cost:	0

Applied AI with 'oct' on problem 4 to obtain the following invariants:
  For symbol eval_Fax3Close_12: -X_1 + 5 >= 0 /\ X_1 >= 0
  For symbol eval_Fax3Close_13: -X_1 + 5 >= 0 /\ X_1 >= 0
  For symbol eval_Fax3Close_18: X_1 - 6 >= 0
  For symbol eval_Fax3Close_19: X_1 - 6 >= 0
  For symbol eval_Fax3Close_bb4_in: X_1 >= 0
  For symbol eval_Fax3Close_bb8_in: X_1 - 6 >= 0


This yielded the following problem:
5:	T:
		(1, 1)    eval_Fax3Close_start(v_i.0) -> Com_1(eval_Fax3Close_bb0_in(v_i.0))
		(1, 1)    eval_Fax3Close_bb0_in(v_i.0) -> Com_1(eval_Fax3Close_bb3_in(v_i.0))
		(1, 1)    eval_Fax3Close_bb0_in(v_i.0) -> Com_1(eval_Fax3Close_bb3_in(v_i.0))
		(1, 1)    eval_Fax3Close_bb0_in(v_i.0) -> Com_1(eval_Fax3Close_bb9_in(v_i.0))
		(2, 1)    eval_Fax3Close_bb3_in(v_i.0) -> Com_1(eval_Fax3Close_bb4_in(0))
		(?, 1)    eval_Fax3Close_bb4_in(v_i.0) -> Com_1(eval_Fax3Close_12(v_i.0)) [ v_i.0 >= 0 /\ v_i.0 < 6 ]
		(5, 1)    eval_Fax3Close_bb4_in(v_i.0) -> Com_1(eval_Fax3Close_18(v_i.0)) [ v_i.0 >= 0 /\ v_i.0 >= 6 ]
		(5, 1)    eval_Fax3Close_bb4_in(v_i.0) -> Com_1(eval_Fax3Close_bb8_in(v_i.0)) [ v_i.0 >= 0 /\ v_i.0 >= 6 ]
		(?, 1)    eval_Fax3Close_12(v_i.0) -> Com_2(eval_Fax3PutBits_start(v_i.0), eval_Fax3Close_13(v_i.0)) [ -v_i.0 + 5 >= 0 /\ v_i.0 >= 0 ]
		(?, 1)    eval_Fax3Close_13(v_i.0) -> Com_1(eval_Fax3Close_bb4_in(v_i.0 + 1)) [ -v_i.0 + 5 >= 0 /\ v_i.0 >= 0 ]
		(5, 1)    eval_Fax3Close_18(v_i.0) -> Com_2(eval_TIFFFlushData1_start(v_i.0), eval_Fax3Close_19(v_i.0)) [ v_i.0 - 6 >= 0 ]
		(5, 1)    eval_Fax3Close_19(v_i.0) -> Com_1(eval_Fax3Close_bb8_in(v_i.0)) [ v_i.0 - 6 >= 0 ]
		(5, 1)    eval_Fax3Close_bb8_in(v_i.0) -> Com_1(eval_Fax3Close_bb9_in(v_i.0)) [ v_i.0 - 6 >= 0 ]
		(5, 1)    eval_Fax3Close_bb9_in(v_i.0) -> Com_1(eval_Fax3Close_stop(v_i.0))
	start location:	eval_Fax3Close_start
	leaf cost:	0

A polynomial rank function with
	Pol(eval_Fax3Close_bb4_in) = -3*V_1 + 18
	Pol(eval_Fax3Close_12) = -3*V_1 + 17
	Pol(eval_Fax3Close_13) = -3*V_1 + 16
	Pol(eval_Fax3PutBits_start) = -3*V_1
and size complexities
	S("eval_Fax3Close_bb9_in(v_i.0) -> Com_1(eval_Fax3Close_stop(v_i.0))", 0-0) = v_i.0 + 6
	S("eval_Fax3Close_bb8_in(v_i.0) -> Com_1(eval_Fax3Close_bb9_in(v_i.0)) [ v_i.0 - 6 >= 0 ]", 0-0) = 6
	S("eval_Fax3Close_19(v_i.0) -> Com_1(eval_Fax3Close_bb8_in(v_i.0)) [ v_i.0 - 6 >= 0 ]", 0-0) = 6
	S("eval_Fax3Close_18(v_i.0) -> Com_2(eval_TIFFFlushData1_start(v_i.0), eval_Fax3Close_19(v_i.0)) [ v_i.0 - 6 >= 0 ]", 0-0) = 6
	S("eval_Fax3Close_18(v_i.0) -> Com_2(eval_TIFFFlushData1_start(v_i.0), eval_Fax3Close_19(v_i.0)) [ v_i.0 - 6 >= 0 ]", 1-0) = 6
	S("eval_Fax3Close_13(v_i.0) -> Com_1(eval_Fax3Close_bb4_in(v_i.0 + 1)) [ -v_i.0 + 5 >= 0 /\\ v_i.0 >= 0 ]", 0-0) = 6
	S("eval_Fax3Close_12(v_i.0) -> Com_2(eval_Fax3PutBits_start(v_i.0), eval_Fax3Close_13(v_i.0)) [ -v_i.0 + 5 >= 0 /\\ v_i.0 >= 0 ]", 0-0) = 5
	S("eval_Fax3Close_12(v_i.0) -> Com_2(eval_Fax3PutBits_start(v_i.0), eval_Fax3Close_13(v_i.0)) [ -v_i.0 + 5 >= 0 /\\ v_i.0 >= 0 ]", 1-0) = 5
	S("eval_Fax3Close_bb4_in(v_i.0) -> Com_1(eval_Fax3Close_bb8_in(v_i.0)) [ v_i.0 >= 0 /\\ v_i.0 >= 6 ]", 0-0) = 6
	S("eval_Fax3Close_bb4_in(v_i.0) -> Com_1(eval_Fax3Close_18(v_i.0)) [ v_i.0 >= 0 /\\ v_i.0 >= 6 ]", 0-0) = 6
	S("eval_Fax3Close_bb4_in(v_i.0) -> Com_1(eval_Fax3Close_12(v_i.0)) [ v_i.0 >= 0 /\\ v_i.0 < 6 ]", 0-0) = 5
	S("eval_Fax3Close_bb3_in(v_i.0) -> Com_1(eval_Fax3Close_bb4_in(0))", 0-0) = 0
	S("eval_Fax3Close_bb0_in(v_i.0) -> Com_1(eval_Fax3Close_bb9_in(v_i.0))", 0-0) = v_i.0
	S("eval_Fax3Close_bb0_in(v_i.0) -> Com_1(eval_Fax3Close_bb3_in(v_i.0))", 0-0) = v_i.0
	S("eval_Fax3Close_bb0_in(v_i.0) -> Com_1(eval_Fax3Close_bb3_in(v_i.0))", 0-0) = v_i.0
	S("eval_Fax3Close_start(v_i.0) -> Com_1(eval_Fax3Close_bb0_in(v_i.0))", 0-0) = v_i.0
orients the transitions
	eval_Fax3Close_bb4_in(v_i.0) -> Com_1(eval_Fax3Close_12(v_i.0)) [ v_i.0 >= 0 /\ v_i.0 < 6 ]
	eval_Fax3Close_13(v_i.0) -> Com_1(eval_Fax3Close_bb4_in(v_i.0 + 1)) [ -v_i.0 + 5 >= 0 /\ v_i.0 >= 0 ]
	eval_Fax3Close_12(v_i.0) -> Com_2(eval_Fax3PutBits_start(v_i.0), eval_Fax3Close_13(v_i.0)) [ -v_i.0 + 5 >= 0 /\ v_i.0 >= 0 ]
weakly and the transitions
	eval_Fax3Close_bb4_in(v_i.0) -> Com_1(eval_Fax3Close_12(v_i.0)) [ v_i.0 >= 0 /\ v_i.0 < 6 ]
	eval_Fax3Close_13(v_i.0) -> Com_1(eval_Fax3Close_bb4_in(v_i.0 + 1)) [ -v_i.0 + 5 >= 0 /\ v_i.0 >= 0 ]
	eval_Fax3Close_12(v_i.0) -> Com_2(eval_Fax3PutBits_start(v_i.0), eval_Fax3Close_13(v_i.0)) [ -v_i.0 + 5 >= 0 /\ v_i.0 >= 0 ]
strictly and produces the following problem:
6:	T:
		(1, 1)     eval_Fax3Close_start(v_i.0) -> Com_1(eval_Fax3Close_bb0_in(v_i.0))
		(1, 1)     eval_Fax3Close_bb0_in(v_i.0) -> Com_1(eval_Fax3Close_bb3_in(v_i.0))
		(1, 1)     eval_Fax3Close_bb0_in(v_i.0) -> Com_1(eval_Fax3Close_bb3_in(v_i.0))
		(1, 1)     eval_Fax3Close_bb0_in(v_i.0) -> Com_1(eval_Fax3Close_bb9_in(v_i.0))
		(2, 1)     eval_Fax3Close_bb3_in(v_i.0) -> Com_1(eval_Fax3Close_bb4_in(0))
		(36, 1)    eval_Fax3Close_bb4_in(v_i.0) -> Com_1(eval_Fax3Close_12(v_i.0)) [ v_i.0 >= 0 /\ v_i.0 < 6 ]
		(5, 1)     eval_Fax3Close_bb4_in(v_i.0) -> Com_1(eval_Fax3Close_18(v_i.0)) [ v_i.0 >= 0 /\ v_i.0 >= 6 ]
		(5, 1)     eval_Fax3Close_bb4_in(v_i.0) -> Com_1(eval_Fax3Close_bb8_in(v_i.0)) [ v_i.0 >= 0 /\ v_i.0 >= 6 ]
		(36, 1)    eval_Fax3Close_12(v_i.0) -> Com_2(eval_Fax3PutBits_start(v_i.0), eval_Fax3Close_13(v_i.0)) [ -v_i.0 + 5 >= 0 /\ v_i.0 >= 0 ]
		(36, 1)    eval_Fax3Close_13(v_i.0) -> Com_1(eval_Fax3Close_bb4_in(v_i.0 + 1)) [ -v_i.0 + 5 >= 0 /\ v_i.0 >= 0 ]
		(5, 1)     eval_Fax3Close_18(v_i.0) -> Com_2(eval_TIFFFlushData1_start(v_i.0), eval_Fax3Close_19(v_i.0)) [ v_i.0 - 6 >= 0 ]
		(5, 1)     eval_Fax3Close_19(v_i.0) -> Com_1(eval_Fax3Close_bb8_in(v_i.0)) [ v_i.0 - 6 >= 0 ]
		(5, 1)     eval_Fax3Close_bb8_in(v_i.0) -> Com_1(eval_Fax3Close_bb9_in(v_i.0)) [ v_i.0 - 6 >= 0 ]
		(5, 1)     eval_Fax3Close_bb9_in(v_i.0) -> Com_1(eval_Fax3Close_stop(v_i.0))
	start location:	eval_Fax3Close_start
	leaf cost:	0

Complexity upper bound 144

Time: 0.089 sec (SMT: 0.080 sec)
