YES(?, 52)

Initial complexity problem:
1:	T:
		(1, 1)    eval_jpeg_idct_islow_start(v_ctr.0, v_ctr.1, v_output_col) -> eval_jpeg_idct_islow_bb0_in(v_ctr.0, v_ctr.1, v_output_col)
		(?, 1)    eval_jpeg_idct_islow_bb0_in(v_ctr.0, v_ctr.1, v_output_col) -> eval_jpeg_idct_islow_bb1_in(8, v_ctr.1, v_output_col)
		(?, 1)    eval_jpeg_idct_islow_bb1_in(v_ctr.0, v_ctr.1, v_output_col) -> eval_jpeg_idct_islow_bb5_in(v_ctr.0, v_ctr.1, v_output_col) [ v_ctr.0 > 0 ]
		(?, 1)    eval_jpeg_idct_islow_bb1_in(v_ctr.0, v_ctr.1, v_output_col) -> eval_jpeg_idct_islow_bb7_in(v_ctr.0, 0, v_output_col) [ v_ctr.0 <= 0 ]
		(?, 1)    eval_jpeg_idct_islow_bb5_in(v_ctr.0, v_ctr.1, v_output_col) -> eval_jpeg_idct_islow_bb1_in(v_ctr.0 - 1, v_ctr.1, v_output_col)
		(?, 1)    eval_jpeg_idct_islow_bb7_in(v_ctr.0, v_ctr.1, v_output_col) -> eval_jpeg_idct_islow_bb11_in(v_ctr.0, v_ctr.1, v_output_col) [ v_ctr.1 < 8 ]
		(?, 1)    eval_jpeg_idct_islow_bb7_in(v_ctr.0, v_ctr.1, v_output_col) -> eval_jpeg_idct_islow_stop(v_ctr.0, v_ctr.1, v_output_col) [ v_ctr.1 >= 8 ]
		(?, 1)    eval_jpeg_idct_islow_bb11_in(v_ctr.0, v_ctr.1, v_output_col) -> eval_jpeg_idct_islow_bb7_in(v_ctr.0, v_ctr.1 + 1, v_output_col)
	start location:	eval_jpeg_idct_islow_start
	leaf cost:	0

Repeatedly removing leaves of the complexity graph in problem 1 produces the following problem:
2:	T:
		(1, 1)    eval_jpeg_idct_islow_start(v_ctr.0, v_ctr.1, v_output_col) -> eval_jpeg_idct_islow_bb0_in(v_ctr.0, v_ctr.1, v_output_col)
		(?, 1)    eval_jpeg_idct_islow_bb0_in(v_ctr.0, v_ctr.1, v_output_col) -> eval_jpeg_idct_islow_bb1_in(8, v_ctr.1, v_output_col)
		(?, 1)    eval_jpeg_idct_islow_bb1_in(v_ctr.0, v_ctr.1, v_output_col) -> eval_jpeg_idct_islow_bb5_in(v_ctr.0, v_ctr.1, v_output_col) [ v_ctr.0 > 0 ]
		(?, 1)    eval_jpeg_idct_islow_bb1_in(v_ctr.0, v_ctr.1, v_output_col) -> eval_jpeg_idct_islow_bb7_in(v_ctr.0, 0, v_output_col) [ v_ctr.0 <= 0 ]
		(?, 1)    eval_jpeg_idct_islow_bb5_in(v_ctr.0, v_ctr.1, v_output_col) -> eval_jpeg_idct_islow_bb1_in(v_ctr.0 - 1, v_ctr.1, v_output_col)
		(?, 1)    eval_jpeg_idct_islow_bb7_in(v_ctr.0, v_ctr.1, v_output_col) -> eval_jpeg_idct_islow_bb11_in(v_ctr.0, v_ctr.1, v_output_col) [ v_ctr.1 < 8 ]
		(?, 1)    eval_jpeg_idct_islow_bb11_in(v_ctr.0, v_ctr.1, v_output_col) -> eval_jpeg_idct_islow_bb7_in(v_ctr.0, v_ctr.1 + 1, v_output_col)
	start location:	eval_jpeg_idct_islow_start
	leaf cost:	1

Repeatedly propagating knowledge in problem 2 produces the following problem:
3:	T:
		(1, 1)    eval_jpeg_idct_islow_start(v_ctr.0, v_ctr.1, v_output_col) -> eval_jpeg_idct_islow_bb0_in(v_ctr.0, v_ctr.1, v_output_col)
		(1, 1)    eval_jpeg_idct_islow_bb0_in(v_ctr.0, v_ctr.1, v_output_col) -> eval_jpeg_idct_islow_bb1_in(8, v_ctr.1, v_output_col)
		(?, 1)    eval_jpeg_idct_islow_bb1_in(v_ctr.0, v_ctr.1, v_output_col) -> eval_jpeg_idct_islow_bb5_in(v_ctr.0, v_ctr.1, v_output_col) [ v_ctr.0 > 0 ]
		(?, 1)    eval_jpeg_idct_islow_bb1_in(v_ctr.0, v_ctr.1, v_output_col) -> eval_jpeg_idct_islow_bb7_in(v_ctr.0, 0, v_output_col) [ v_ctr.0 <= 0 ]
		(?, 1)    eval_jpeg_idct_islow_bb5_in(v_ctr.0, v_ctr.1, v_output_col) -> eval_jpeg_idct_islow_bb1_in(v_ctr.0 - 1, v_ctr.1, v_output_col)
		(?, 1)    eval_jpeg_idct_islow_bb7_in(v_ctr.0, v_ctr.1, v_output_col) -> eval_jpeg_idct_islow_bb11_in(v_ctr.0, v_ctr.1, v_output_col) [ v_ctr.1 < 8 ]
		(?, 1)    eval_jpeg_idct_islow_bb11_in(v_ctr.0, v_ctr.1, v_output_col) -> eval_jpeg_idct_islow_bb7_in(v_ctr.0, v_ctr.1 + 1, v_output_col)
	start location:	eval_jpeg_idct_islow_start
	leaf cost:	1

A polynomial rank function with
	Pol(eval_jpeg_idct_islow_start) = 1
	Pol(eval_jpeg_idct_islow_bb0_in) = 1
	Pol(eval_jpeg_idct_islow_bb1_in) = 1
	Pol(eval_jpeg_idct_islow_bb5_in) = 1
	Pol(eval_jpeg_idct_islow_bb7_in) = 0
	Pol(eval_jpeg_idct_islow_bb11_in) = 0
orients all transitions weakly and the transition
	eval_jpeg_idct_islow_bb1_in(v_ctr.0, v_ctr.1, v_output_col) -> eval_jpeg_idct_islow_bb7_in(v_ctr.0, 0, v_output_col) [ v_ctr.0 <= 0 ]
strictly and produces the following problem:
4:	T:
		(1, 1)    eval_jpeg_idct_islow_start(v_ctr.0, v_ctr.1, v_output_col) -> eval_jpeg_idct_islow_bb0_in(v_ctr.0, v_ctr.1, v_output_col)
		(1, 1)    eval_jpeg_idct_islow_bb0_in(v_ctr.0, v_ctr.1, v_output_col) -> eval_jpeg_idct_islow_bb1_in(8, v_ctr.1, v_output_col)
		(?, 1)    eval_jpeg_idct_islow_bb1_in(v_ctr.0, v_ctr.1, v_output_col) -> eval_jpeg_idct_islow_bb5_in(v_ctr.0, v_ctr.1, v_output_col) [ v_ctr.0 > 0 ]
		(1, 1)    eval_jpeg_idct_islow_bb1_in(v_ctr.0, v_ctr.1, v_output_col) -> eval_jpeg_idct_islow_bb7_in(v_ctr.0, 0, v_output_col) [ v_ctr.0 <= 0 ]
		(?, 1)    eval_jpeg_idct_islow_bb5_in(v_ctr.0, v_ctr.1, v_output_col) -> eval_jpeg_idct_islow_bb1_in(v_ctr.0 - 1, v_ctr.1, v_output_col)
		(?, 1)    eval_jpeg_idct_islow_bb7_in(v_ctr.0, v_ctr.1, v_output_col) -> eval_jpeg_idct_islow_bb11_in(v_ctr.0, v_ctr.1, v_output_col) [ v_ctr.1 < 8 ]
		(?, 1)    eval_jpeg_idct_islow_bb11_in(v_ctr.0, v_ctr.1, v_output_col) -> eval_jpeg_idct_islow_bb7_in(v_ctr.0, v_ctr.1 + 1, v_output_col)
	start location:	eval_jpeg_idct_islow_start
	leaf cost:	1

A polynomial rank function with
	Pol(eval_jpeg_idct_islow_start) = 16
	Pol(eval_jpeg_idct_islow_bb0_in) = 16
	Pol(eval_jpeg_idct_islow_bb1_in) = V_1 + 8
	Pol(eval_jpeg_idct_islow_bb5_in) = V_1 + 7
	Pol(eval_jpeg_idct_islow_bb7_in) = V_1 - V_2 + 8
	Pol(eval_jpeg_idct_islow_bb11_in) = V_1 - V_2 + 7
orients all transitions weakly and the transition
	eval_jpeg_idct_islow_bb1_in(v_ctr.0, v_ctr.1, v_output_col) -> eval_jpeg_idct_islow_bb5_in(v_ctr.0, v_ctr.1, v_output_col) [ v_ctr.0 > 0 ]
strictly and produces the following problem:
5:	T:
		(1, 1)     eval_jpeg_idct_islow_start(v_ctr.0, v_ctr.1, v_output_col) -> eval_jpeg_idct_islow_bb0_in(v_ctr.0, v_ctr.1, v_output_col)
		(1, 1)     eval_jpeg_idct_islow_bb0_in(v_ctr.0, v_ctr.1, v_output_col) -> eval_jpeg_idct_islow_bb1_in(8, v_ctr.1, v_output_col)
		(16, 1)    eval_jpeg_idct_islow_bb1_in(v_ctr.0, v_ctr.1, v_output_col) -> eval_jpeg_idct_islow_bb5_in(v_ctr.0, v_ctr.1, v_output_col) [ v_ctr.0 > 0 ]
		(1, 1)     eval_jpeg_idct_islow_bb1_in(v_ctr.0, v_ctr.1, v_output_col) -> eval_jpeg_idct_islow_bb7_in(v_ctr.0, 0, v_output_col) [ v_ctr.0 <= 0 ]
		(?, 1)     eval_jpeg_idct_islow_bb5_in(v_ctr.0, v_ctr.1, v_output_col) -> eval_jpeg_idct_islow_bb1_in(v_ctr.0 - 1, v_ctr.1, v_output_col)
		(?, 1)     eval_jpeg_idct_islow_bb7_in(v_ctr.0, v_ctr.1, v_output_col) -> eval_jpeg_idct_islow_bb11_in(v_ctr.0, v_ctr.1, v_output_col) [ v_ctr.1 < 8 ]
		(?, 1)     eval_jpeg_idct_islow_bb11_in(v_ctr.0, v_ctr.1, v_output_col) -> eval_jpeg_idct_islow_bb7_in(v_ctr.0, v_ctr.1 + 1, v_output_col)
	start location:	eval_jpeg_idct_islow_start
	leaf cost:	1

Repeatedly propagating knowledge in problem 5 produces the following problem:
6:	T:
		(1, 1)     eval_jpeg_idct_islow_start(v_ctr.0, v_ctr.1, v_output_col) -> eval_jpeg_idct_islow_bb0_in(v_ctr.0, v_ctr.1, v_output_col)
		(1, 1)     eval_jpeg_idct_islow_bb0_in(v_ctr.0, v_ctr.1, v_output_col) -> eval_jpeg_idct_islow_bb1_in(8, v_ctr.1, v_output_col)
		(16, 1)    eval_jpeg_idct_islow_bb1_in(v_ctr.0, v_ctr.1, v_output_col) -> eval_jpeg_idct_islow_bb5_in(v_ctr.0, v_ctr.1, v_output_col) [ v_ctr.0 > 0 ]
		(1, 1)     eval_jpeg_idct_islow_bb1_in(v_ctr.0, v_ctr.1, v_output_col) -> eval_jpeg_idct_islow_bb7_in(v_ctr.0, 0, v_output_col) [ v_ctr.0 <= 0 ]
		(16, 1)    eval_jpeg_idct_islow_bb5_in(v_ctr.0, v_ctr.1, v_output_col) -> eval_jpeg_idct_islow_bb1_in(v_ctr.0 - 1, v_ctr.1, v_output_col)
		(?, 1)     eval_jpeg_idct_islow_bb7_in(v_ctr.0, v_ctr.1, v_output_col) -> eval_jpeg_idct_islow_bb11_in(v_ctr.0, v_ctr.1, v_output_col) [ v_ctr.1 < 8 ]
		(?, 1)     eval_jpeg_idct_islow_bb11_in(v_ctr.0, v_ctr.1, v_output_col) -> eval_jpeg_idct_islow_bb7_in(v_ctr.0, v_ctr.1 + 1, v_output_col)
	start location:	eval_jpeg_idct_islow_start
	leaf cost:	1

A polynomial rank function with
	Pol(eval_jpeg_idct_islow_start) = 8
	Pol(eval_jpeg_idct_islow_bb0_in) = 8
	Pol(eval_jpeg_idct_islow_bb1_in) = 8
	Pol(eval_jpeg_idct_islow_bb5_in) = 8
	Pol(eval_jpeg_idct_islow_bb7_in) = -V_2 + 8
	Pol(eval_jpeg_idct_islow_bb11_in) = -V_2 + 7
orients all transitions weakly and the transition
	eval_jpeg_idct_islow_bb7_in(v_ctr.0, v_ctr.1, v_output_col) -> eval_jpeg_idct_islow_bb11_in(v_ctr.0, v_ctr.1, v_output_col) [ v_ctr.1 < 8 ]
strictly and produces the following problem:
7:	T:
		(1, 1)     eval_jpeg_idct_islow_start(v_ctr.0, v_ctr.1, v_output_col) -> eval_jpeg_idct_islow_bb0_in(v_ctr.0, v_ctr.1, v_output_col)
		(1, 1)     eval_jpeg_idct_islow_bb0_in(v_ctr.0, v_ctr.1, v_output_col) -> eval_jpeg_idct_islow_bb1_in(8, v_ctr.1, v_output_col)
		(16, 1)    eval_jpeg_idct_islow_bb1_in(v_ctr.0, v_ctr.1, v_output_col) -> eval_jpeg_idct_islow_bb5_in(v_ctr.0, v_ctr.1, v_output_col) [ v_ctr.0 > 0 ]
		(1, 1)     eval_jpeg_idct_islow_bb1_in(v_ctr.0, v_ctr.1, v_output_col) -> eval_jpeg_idct_islow_bb7_in(v_ctr.0, 0, v_output_col) [ v_ctr.0 <= 0 ]
		(16, 1)    eval_jpeg_idct_islow_bb5_in(v_ctr.0, v_ctr.1, v_output_col) -> eval_jpeg_idct_islow_bb1_in(v_ctr.0 - 1, v_ctr.1, v_output_col)
		(8, 1)     eval_jpeg_idct_islow_bb7_in(v_ctr.0, v_ctr.1, v_output_col) -> eval_jpeg_idct_islow_bb11_in(v_ctr.0, v_ctr.1, v_output_col) [ v_ctr.1 < 8 ]
		(?, 1)     eval_jpeg_idct_islow_bb11_in(v_ctr.0, v_ctr.1, v_output_col) -> eval_jpeg_idct_islow_bb7_in(v_ctr.0, v_ctr.1 + 1, v_output_col)
	start location:	eval_jpeg_idct_islow_start
	leaf cost:	1

Repeatedly propagating knowledge in problem 7 produces the following problem:
8:	T:
		(1, 1)     eval_jpeg_idct_islow_start(v_ctr.0, v_ctr.1, v_output_col) -> eval_jpeg_idct_islow_bb0_in(v_ctr.0, v_ctr.1, v_output_col)
		(1, 1)     eval_jpeg_idct_islow_bb0_in(v_ctr.0, v_ctr.1, v_output_col) -> eval_jpeg_idct_islow_bb1_in(8, v_ctr.1, v_output_col)
		(16, 1)    eval_jpeg_idct_islow_bb1_in(v_ctr.0, v_ctr.1, v_output_col) -> eval_jpeg_idct_islow_bb5_in(v_ctr.0, v_ctr.1, v_output_col) [ v_ctr.0 > 0 ]
		(1, 1)     eval_jpeg_idct_islow_bb1_in(v_ctr.0, v_ctr.1, v_output_col) -> eval_jpeg_idct_islow_bb7_in(v_ctr.0, 0, v_output_col) [ v_ctr.0 <= 0 ]
		(16, 1)    eval_jpeg_idct_islow_bb5_in(v_ctr.0, v_ctr.1, v_output_col) -> eval_jpeg_idct_islow_bb1_in(v_ctr.0 - 1, v_ctr.1, v_output_col)
		(8, 1)     eval_jpeg_idct_islow_bb7_in(v_ctr.0, v_ctr.1, v_output_col) -> eval_jpeg_idct_islow_bb11_in(v_ctr.0, v_ctr.1, v_output_col) [ v_ctr.1 < 8 ]
		(8, 1)     eval_jpeg_idct_islow_bb11_in(v_ctr.0, v_ctr.1, v_output_col) -> eval_jpeg_idct_islow_bb7_in(v_ctr.0, v_ctr.1 + 1, v_output_col)
	start location:	eval_jpeg_idct_islow_start
	leaf cost:	1

Complexity upper bound 52

Time: 0.129 sec (SMT: 0.117 sec)
