YES(?, 108*v_length + 45)

Initial complexity problem:
1:	T:
		(1, 1)    eval_id3_field_setstrings_start(v_20, v_5, v_i.0, v_i.1, v_length) -> Com_1(eval_id3_field_setstrings_bb0_in(v_20, v_5, v_i.0, v_i.1, v_length))
		(?, 1)    eval_id3_field_setstrings_bb0_in(v_20, v_5, v_i.0, v_i.1, v_length) -> Com_1(eval_id3_field_setstrings_bb10_in(v_20, v_5, v_i.0, v_i.1, v_length))
		(?, 1)    eval_id3_field_setstrings_bb0_in(v_20, v_5, v_i.0, v_i.1, v_length) -> Com_1(eval_id3_field_setstrings_2(v_20, v_5, v_i.0, v_i.1, v_length))
		(?, 1)    eval_id3_field_setstrings_2(v_20, v_5, v_i.0, v_i.1, v_length) -> Com_2(eval_id3_field_finish_start(v_20, v_5, v_i.0, v_i.1, v_length), eval_id3_field_setstrings_3(v_20, v_5, v_i.0, v_i.1, v_length))
		(?, 1)    eval_id3_field_setstrings_3(v_20, v_5, v_i.0, v_i.1, v_length) -> Com_1(eval_id3_field_setstrings_bb10_in(v_20, v_5, v_i.0, v_i.1, v_length))
		(?, 1)    eval_id3_field_setstrings_3(v_20, v_5, v_i.0, v_i.1, v_length) -> Com_1(eval_id3_field_setstrings_6(v_20, 8*v_length, v_i.0, v_i.1, v_length))
		(?, 1)    eval_id3_field_setstrings_6(v_20, v_5, v_i.0, v_i.1, v_length) -> Com_2(eval_malloc_start(v_20, v_5, v_i.0, v_i.1, v_length), eval_id3_field_setstrings_7(v_20, v_5, v_i.0, v_i.1, v_length))
		(?, 1)    eval_id3_field_setstrings_7(v_20, v_5, v_i.0, v_i.1, v_length) -> Com_1(eval_id3_field_setstrings_bb10_in(v_20, v_5, v_i.0, v_i.1, v_length))
		(?, 1)    eval_id3_field_setstrings_7(v_20, v_5, v_i.0, v_i.1, v_length) -> Com_1(eval_id3_field_setstrings_bb3_in(v_20, v_5, 0, v_i.1, v_length))
		(?, 1)    eval_id3_field_setstrings_bb3_in(v_20, v_5, v_i.0, v_i.1, v_length) -> Com_1(eval_id3_field_setstrings_9(v_20, v_5, v_i.0, v_i.1, v_length)) [ v_i.0 < v_length ]
		(?, 1)    eval_id3_field_setstrings_bb3_in(v_20, v_5, v_i.0, v_i.1, v_length) -> Com_1(eval_id3_field_setstrings_bb10_in(v_20, v_5, v_i.0, v_i.1, v_length)) [ v_i.0 >= v_length ]
		(?, 1)    eval_id3_field_setstrings_9(v_20, v_5, v_i.0, v_i.1, v_length) -> Com_2(eval_id3_ucs4_duplicate_start(v_20, v_5, v_i.0, v_i.1, v_length), eval_id3_field_setstrings_10(v_20, v_5, v_i.0, v_i.1, v_length))
		(?, 1)    eval_id3_field_setstrings_10(v_20, v_5, v_i.0, v_i.1, v_length) -> Com_1(eval_id3_field_setstrings_bb5_in(v_20, v_5, v_i.0, v_i.0, v_length))
		(?, 1)    eval_id3_field_setstrings_10(v_20, v_5, v_i.0, v_i.1, v_length) -> Com_1(eval_id3_field_setstrings_bb3_in(v_20, v_5, v_i.0 + 1, v_i.1, v_length))
		(?, 1)    eval_id3_field_setstrings_bb5_in(v_20, v_5, v_i.0, v_i.1, v_length) -> Com_1(eval_id3_field_setstrings_17(v_i.1 - 1, v_5, v_i.0, v_i.1, v_length)) [ v_i.1 < 0 ]
		(?, 1)    eval_id3_field_setstrings_bb5_in(v_20, v_5, v_i.0, v_i.1, v_length) -> Com_1(eval_id3_field_setstrings_17(v_i.1 - 1, v_5, v_i.0, v_i.1, v_length)) [ v_i.1 > 0 ]
		(?, 1)    eval_id3_field_setstrings_bb5_in(v_20, v_5, v_i.0, v_i.1, v_length) -> Com_1(eval_id3_field_setstrings_19(v_20, v_5, v_i.0, v_i.1, v_length)) [ v_i.1 = 0 ]
		(?, 1)    eval_id3_field_setstrings_17(v_20, v_5, v_i.0, v_i.1, v_length) -> Com_2(eval_free_start(v_20, v_5, v_i.0, v_i.1, v_length), eval_id3_field_setstrings_18(v_20, v_5, v_i.0, v_i.1, v_length))
		(?, 1)    eval_id3_field_setstrings_18(v_20, v_5, v_i.0, v_i.1, v_length) -> Com_1(eval_id3_field_setstrings_bb5_in(v_20, v_5, v_i.0, v_20, v_length))
		(?, 1)    eval_id3_field_setstrings_19(v_20, v_5, v_i.0, v_i.1, v_length) -> Com_2(eval_free_start(v_20, v_5, v_i.0, v_i.1, v_length), eval_id3_field_setstrings_20(v_20, v_5, v_i.0, v_i.1, v_length))
		(?, 1)    eval_id3_field_setstrings_20(v_20, v_5, v_i.0, v_i.1, v_length) -> Com_1(eval_id3_field_setstrings_bb10_in(v_20, v_5, v_i.0, v_i.1, v_length))
		(?, 1)    eval_id3_field_setstrings_bb10_in(v_20, v_5, v_i.0, v_i.1, v_length) -> Com_1(eval_id3_field_setstrings_stop(v_20, v_5, v_i.0, v_i.1, v_length))
	start location:	eval_id3_field_setstrings_start
	leaf cost:	0

Slicing away variables that do not contribute to conditions from problem 1 leaves variables [v_20, v_i.0, v_i.1, v_length].
We thus obtain the following problem:
2:	T:
		(?, 1)    eval_id3_field_setstrings_bb10_in(v_20, v_i.0, v_i.1, v_length) -> Com_1(eval_id3_field_setstrings_stop(v_20, v_i.0, v_i.1, v_length))
		(?, 1)    eval_id3_field_setstrings_20(v_20, v_i.0, v_i.1, v_length) -> Com_1(eval_id3_field_setstrings_bb10_in(v_20, v_i.0, v_i.1, v_length))
		(?, 1)    eval_id3_field_setstrings_19(v_20, v_i.0, v_i.1, v_length) -> Com_2(eval_free_start(v_20, v_i.0, v_i.1, v_length), eval_id3_field_setstrings_20(v_20, v_i.0, v_i.1, v_length))
		(?, 1)    eval_id3_field_setstrings_18(v_20, v_i.0, v_i.1, v_length) -> Com_1(eval_id3_field_setstrings_bb5_in(v_20, v_i.0, v_20, v_length))
		(?, 1)    eval_id3_field_setstrings_17(v_20, v_i.0, v_i.1, v_length) -> Com_2(eval_free_start(v_20, v_i.0, v_i.1, v_length), eval_id3_field_setstrings_18(v_20, v_i.0, v_i.1, v_length))
		(?, 1)    eval_id3_field_setstrings_bb5_in(v_20, v_i.0, v_i.1, v_length) -> Com_1(eval_id3_field_setstrings_19(v_20, v_i.0, v_i.1, v_length)) [ v_i.1 = 0 ]
		(?, 1)    eval_id3_field_setstrings_bb5_in(v_20, v_i.0, v_i.1, v_length) -> Com_1(eval_id3_field_setstrings_17(v_i.1 - 1, v_i.0, v_i.1, v_length)) [ v_i.1 > 0 ]
		(?, 1)    eval_id3_field_setstrings_bb5_in(v_20, v_i.0, v_i.1, v_length) -> Com_1(eval_id3_field_setstrings_17(v_i.1 - 1, v_i.0, v_i.1, v_length)) [ v_i.1 < 0 ]
		(?, 1)    eval_id3_field_setstrings_10(v_20, v_i.0, v_i.1, v_length) -> Com_1(eval_id3_field_setstrings_bb3_in(v_20, v_i.0 + 1, v_i.1, v_length))
		(?, 1)    eval_id3_field_setstrings_10(v_20, v_i.0, v_i.1, v_length) -> Com_1(eval_id3_field_setstrings_bb5_in(v_20, v_i.0, v_i.0, v_length))
		(?, 1)    eval_id3_field_setstrings_9(v_20, v_i.0, v_i.1, v_length) -> Com_2(eval_id3_ucs4_duplicate_start(v_20, v_i.0, v_i.1, v_length), eval_id3_field_setstrings_10(v_20, v_i.0, v_i.1, v_length))
		(?, 1)    eval_id3_field_setstrings_bb3_in(v_20, v_i.0, v_i.1, v_length) -> Com_1(eval_id3_field_setstrings_bb10_in(v_20, v_i.0, v_i.1, v_length)) [ v_i.0 >= v_length ]
		(?, 1)    eval_id3_field_setstrings_bb3_in(v_20, v_i.0, v_i.1, v_length) -> Com_1(eval_id3_field_setstrings_9(v_20, v_i.0, v_i.1, v_length)) [ v_i.0 < v_length ]
		(?, 1)    eval_id3_field_setstrings_7(v_20, v_i.0, v_i.1, v_length) -> Com_1(eval_id3_field_setstrings_bb3_in(v_20, 0, v_i.1, v_length))
		(?, 1)    eval_id3_field_setstrings_7(v_20, v_i.0, v_i.1, v_length) -> Com_1(eval_id3_field_setstrings_bb10_in(v_20, v_i.0, v_i.1, v_length))
		(?, 1)    eval_id3_field_setstrings_6(v_20, v_i.0, v_i.1, v_length) -> Com_2(eval_malloc_start(v_20, v_i.0, v_i.1, v_length), eval_id3_field_setstrings_7(v_20, v_i.0, v_i.1, v_length))
		(?, 1)    eval_id3_field_setstrings_3(v_20, v_i.0, v_i.1, v_length) -> Com_1(eval_id3_field_setstrings_6(v_20, v_i.0, v_i.1, v_length))
		(?, 1)    eval_id3_field_setstrings_3(v_20, v_i.0, v_i.1, v_length) -> Com_1(eval_id3_field_setstrings_bb10_in(v_20, v_i.0, v_i.1, v_length))
		(?, 1)    eval_id3_field_setstrings_2(v_20, v_i.0, v_i.1, v_length) -> Com_2(eval_id3_field_finish_start(v_20, v_i.0, v_i.1, v_length), eval_id3_field_setstrings_3(v_20, v_i.0, v_i.1, v_length))
		(?, 1)    eval_id3_field_setstrings_bb0_in(v_20, v_i.0, v_i.1, v_length) -> Com_1(eval_id3_field_setstrings_2(v_20, v_i.0, v_i.1, v_length))
		(?, 1)    eval_id3_field_setstrings_bb0_in(v_20, v_i.0, v_i.1, v_length) -> Com_1(eval_id3_field_setstrings_bb10_in(v_20, v_i.0, v_i.1, v_length))
		(1, 1)    eval_id3_field_setstrings_start(v_20, v_i.0, v_i.1, v_length) -> Com_1(eval_id3_field_setstrings_bb0_in(v_20, v_i.0, v_i.1, v_length))
	start location:	eval_id3_field_setstrings_start
	leaf cost:	0

Repeatedly propagating knowledge in problem 2 produces the following problem:
3:	T:
		(?, 1)    eval_id3_field_setstrings_bb10_in(v_20, v_i.0, v_i.1, v_length) -> Com_1(eval_id3_field_setstrings_stop(v_20, v_i.0, v_i.1, v_length))
		(?, 1)    eval_id3_field_setstrings_20(v_20, v_i.0, v_i.1, v_length) -> Com_1(eval_id3_field_setstrings_bb10_in(v_20, v_i.0, v_i.1, v_length))
		(?, 1)    eval_id3_field_setstrings_19(v_20, v_i.0, v_i.1, v_length) -> Com_2(eval_free_start(v_20, v_i.0, v_i.1, v_length), eval_id3_field_setstrings_20(v_20, v_i.0, v_i.1, v_length))
		(?, 1)    eval_id3_field_setstrings_18(v_20, v_i.0, v_i.1, v_length) -> Com_1(eval_id3_field_setstrings_bb5_in(v_20, v_i.0, v_20, v_length))
		(?, 1)    eval_id3_field_setstrings_17(v_20, v_i.0, v_i.1, v_length) -> Com_2(eval_free_start(v_20, v_i.0, v_i.1, v_length), eval_id3_field_setstrings_18(v_20, v_i.0, v_i.1, v_length))
		(?, 1)    eval_id3_field_setstrings_bb5_in(v_20, v_i.0, v_i.1, v_length) -> Com_1(eval_id3_field_setstrings_19(v_20, v_i.0, v_i.1, v_length)) [ v_i.1 = 0 ]
		(?, 1)    eval_id3_field_setstrings_bb5_in(v_20, v_i.0, v_i.1, v_length) -> Com_1(eval_id3_field_setstrings_17(v_i.1 - 1, v_i.0, v_i.1, v_length)) [ v_i.1 > 0 ]
		(?, 1)    eval_id3_field_setstrings_bb5_in(v_20, v_i.0, v_i.1, v_length) -> Com_1(eval_id3_field_setstrings_17(v_i.1 - 1, v_i.0, v_i.1, v_length)) [ v_i.1 < 0 ]
		(?, 1)    eval_id3_field_setstrings_10(v_20, v_i.0, v_i.1, v_length) -> Com_1(eval_id3_field_setstrings_bb3_in(v_20, v_i.0 + 1, v_i.1, v_length))
		(?, 1)    eval_id3_field_setstrings_10(v_20, v_i.0, v_i.1, v_length) -> Com_1(eval_id3_field_setstrings_bb5_in(v_20, v_i.0, v_i.0, v_length))
		(?, 1)    eval_id3_field_setstrings_9(v_20, v_i.0, v_i.1, v_length) -> Com_2(eval_id3_ucs4_duplicate_start(v_20, v_i.0, v_i.1, v_length), eval_id3_field_setstrings_10(v_20, v_i.0, v_i.1, v_length))
		(?, 1)    eval_id3_field_setstrings_bb3_in(v_20, v_i.0, v_i.1, v_length) -> Com_1(eval_id3_field_setstrings_bb10_in(v_20, v_i.0, v_i.1, v_length)) [ v_i.0 >= v_length ]
		(?, 1)    eval_id3_field_setstrings_bb3_in(v_20, v_i.0, v_i.1, v_length) -> Com_1(eval_id3_field_setstrings_9(v_20, v_i.0, v_i.1, v_length)) [ v_i.0 < v_length ]
		(1, 1)    eval_id3_field_setstrings_7(v_20, v_i.0, v_i.1, v_length) -> Com_1(eval_id3_field_setstrings_bb3_in(v_20, 0, v_i.1, v_length))
		(1, 1)    eval_id3_field_setstrings_7(v_20, v_i.0, v_i.1, v_length) -> Com_1(eval_id3_field_setstrings_bb10_in(v_20, v_i.0, v_i.1, v_length))
		(1, 1)    eval_id3_field_setstrings_6(v_20, v_i.0, v_i.1, v_length) -> Com_2(eval_malloc_start(v_20, v_i.0, v_i.1, v_length), eval_id3_field_setstrings_7(v_20, v_i.0, v_i.1, v_length))
		(1, 1)    eval_id3_field_setstrings_3(v_20, v_i.0, v_i.1, v_length) -> Com_1(eval_id3_field_setstrings_6(v_20, v_i.0, v_i.1, v_length))
		(1, 1)    eval_id3_field_setstrings_3(v_20, v_i.0, v_i.1, v_length) -> Com_1(eval_id3_field_setstrings_bb10_in(v_20, v_i.0, v_i.1, v_length))
		(1, 1)    eval_id3_field_setstrings_2(v_20, v_i.0, v_i.1, v_length) -> Com_2(eval_id3_field_finish_start(v_20, v_i.0, v_i.1, v_length), eval_id3_field_setstrings_3(v_20, v_i.0, v_i.1, v_length))
		(1, 1)    eval_id3_field_setstrings_bb0_in(v_20, v_i.0, v_i.1, v_length) -> Com_1(eval_id3_field_setstrings_2(v_20, v_i.0, v_i.1, v_length))
		(1, 1)    eval_id3_field_setstrings_bb0_in(v_20, v_i.0, v_i.1, v_length) -> Com_1(eval_id3_field_setstrings_bb10_in(v_20, v_i.0, v_i.1, v_length))
		(1, 1)    eval_id3_field_setstrings_start(v_20, v_i.0, v_i.1, v_length) -> Com_1(eval_id3_field_setstrings_bb0_in(v_20, v_i.0, v_i.1, v_length))
	start location:	eval_id3_field_setstrings_start
	leaf cost:	0

A polynomial rank function with
	Pol(eval_id3_field_setstrings_bb10_in) = 1
	Pol(eval_id3_field_setstrings_stop) = 0
	Pol(eval_id3_field_setstrings_20) = 2
	Pol(eval_id3_field_setstrings_19) = 3
	Pol(eval_free_start) = 0
	Pol(eval_id3_field_setstrings_18) = 4
	Pol(eval_id3_field_setstrings_bb5_in) = 4
	Pol(eval_id3_field_setstrings_17) = 4
	Pol(eval_id3_field_setstrings_10) = 5
	Pol(eval_id3_field_setstrings_bb3_in) = 5
	Pol(eval_id3_field_setstrings_9) = 5
	Pol(eval_id3_ucs4_duplicate_start) = 0
	Pol(eval_id3_field_setstrings_7) = 5
	Pol(eval_id3_field_setstrings_6) = 5
	Pol(eval_malloc_start) = 0
	Pol(eval_id3_field_setstrings_3) = 5
	Pol(eval_id3_field_setstrings_2) = 5
	Pol(eval_id3_field_finish_start) = 0
	Pol(eval_id3_field_setstrings_bb0_in) = 5
	Pol(eval_id3_field_setstrings_start) = 5
orients all transitions weakly and the transitions
	eval_id3_field_setstrings_bb5_in(v_20, v_i.0, v_i.1, v_length) -> Com_1(eval_id3_field_setstrings_19(v_20, v_i.0, v_i.1, v_length)) [ v_i.1 = 0 ]
	eval_id3_field_setstrings_bb3_in(v_20, v_i.0, v_i.1, v_length) -> Com_1(eval_id3_field_setstrings_bb10_in(v_20, v_i.0, v_i.1, v_length)) [ v_i.0 >= v_length ]
	eval_id3_field_setstrings_bb10_in(v_20, v_i.0, v_i.1, v_length) -> Com_1(eval_id3_field_setstrings_stop(v_20, v_i.0, v_i.1, v_length))
	eval_id3_field_setstrings_20(v_20, v_i.0, v_i.1, v_length) -> Com_1(eval_id3_field_setstrings_bb10_in(v_20, v_i.0, v_i.1, v_length))
	eval_id3_field_setstrings_19(v_20, v_i.0, v_i.1, v_length) -> Com_2(eval_free_start(v_20, v_i.0, v_i.1, v_length), eval_id3_field_setstrings_20(v_20, v_i.0, v_i.1, v_length))
	eval_id3_field_setstrings_10(v_20, v_i.0, v_i.1, v_length) -> Com_1(eval_id3_field_setstrings_bb5_in(v_20, v_i.0, v_i.0, v_length))
strictly and produces the following problem:
4:	T:
		(5, 1)    eval_id3_field_setstrings_bb10_in(v_20, v_i.0, v_i.1, v_length) -> Com_1(eval_id3_field_setstrings_stop(v_20, v_i.0, v_i.1, v_length))
		(5, 1)    eval_id3_field_setstrings_20(v_20, v_i.0, v_i.1, v_length) -> Com_1(eval_id3_field_setstrings_bb10_in(v_20, v_i.0, v_i.1, v_length))
		(5, 1)    eval_id3_field_setstrings_19(v_20, v_i.0, v_i.1, v_length) -> Com_2(eval_free_start(v_20, v_i.0, v_i.1, v_length), eval_id3_field_setstrings_20(v_20, v_i.0, v_i.1, v_length))
		(?, 1)    eval_id3_field_setstrings_18(v_20, v_i.0, v_i.1, v_length) -> Com_1(eval_id3_field_setstrings_bb5_in(v_20, v_i.0, v_20, v_length))
		(?, 1)    eval_id3_field_setstrings_17(v_20, v_i.0, v_i.1, v_length) -> Com_2(eval_free_start(v_20, v_i.0, v_i.1, v_length), eval_id3_field_setstrings_18(v_20, v_i.0, v_i.1, v_length))
		(5, 1)    eval_id3_field_setstrings_bb5_in(v_20, v_i.0, v_i.1, v_length) -> Com_1(eval_id3_field_setstrings_19(v_20, v_i.0, v_i.1, v_length)) [ v_i.1 = 0 ]
		(?, 1)    eval_id3_field_setstrings_bb5_in(v_20, v_i.0, v_i.1, v_length) -> Com_1(eval_id3_field_setstrings_17(v_i.1 - 1, v_i.0, v_i.1, v_length)) [ v_i.1 > 0 ]
		(?, 1)    eval_id3_field_setstrings_bb5_in(v_20, v_i.0, v_i.1, v_length) -> Com_1(eval_id3_field_setstrings_17(v_i.1 - 1, v_i.0, v_i.1, v_length)) [ v_i.1 < 0 ]
		(?, 1)    eval_id3_field_setstrings_10(v_20, v_i.0, v_i.1, v_length) -> Com_1(eval_id3_field_setstrings_bb3_in(v_20, v_i.0 + 1, v_i.1, v_length))
		(5, 1)    eval_id3_field_setstrings_10(v_20, v_i.0, v_i.1, v_length) -> Com_1(eval_id3_field_setstrings_bb5_in(v_20, v_i.0, v_i.0, v_length))
		(?, 1)    eval_id3_field_setstrings_9(v_20, v_i.0, v_i.1, v_length) -> Com_2(eval_id3_ucs4_duplicate_start(v_20, v_i.0, v_i.1, v_length), eval_id3_field_setstrings_10(v_20, v_i.0, v_i.1, v_length))
		(5, 1)    eval_id3_field_setstrings_bb3_in(v_20, v_i.0, v_i.1, v_length) -> Com_1(eval_id3_field_setstrings_bb10_in(v_20, v_i.0, v_i.1, v_length)) [ v_i.0 >= v_length ]
		(?, 1)    eval_id3_field_setstrings_bb3_in(v_20, v_i.0, v_i.1, v_length) -> Com_1(eval_id3_field_setstrings_9(v_20, v_i.0, v_i.1, v_length)) [ v_i.0 < v_length ]
		(1, 1)    eval_id3_field_setstrings_7(v_20, v_i.0, v_i.1, v_length) -> Com_1(eval_id3_field_setstrings_bb3_in(v_20, 0, v_i.1, v_length))
		(1, 1)    eval_id3_field_setstrings_7(v_20, v_i.0, v_i.1, v_length) -> Com_1(eval_id3_field_setstrings_bb10_in(v_20, v_i.0, v_i.1, v_length))
		(1, 1)    eval_id3_field_setstrings_6(v_20, v_i.0, v_i.1, v_length) -> Com_2(eval_malloc_start(v_20, v_i.0, v_i.1, v_length), eval_id3_field_setstrings_7(v_20, v_i.0, v_i.1, v_length))
		(1, 1)    eval_id3_field_setstrings_3(v_20, v_i.0, v_i.1, v_length) -> Com_1(eval_id3_field_setstrings_6(v_20, v_i.0, v_i.1, v_length))
		(1, 1)    eval_id3_field_setstrings_3(v_20, v_i.0, v_i.1, v_length) -> Com_1(eval_id3_field_setstrings_bb10_in(v_20, v_i.0, v_i.1, v_length))
		(1, 1)    eval_id3_field_setstrings_2(v_20, v_i.0, v_i.1, v_length) -> Com_2(eval_id3_field_finish_start(v_20, v_i.0, v_i.1, v_length), eval_id3_field_setstrings_3(v_20, v_i.0, v_i.1, v_length))
		(1, 1)    eval_id3_field_setstrings_bb0_in(v_20, v_i.0, v_i.1, v_length) -> Com_1(eval_id3_field_setstrings_2(v_20, v_i.0, v_i.1, v_length))
		(1, 1)    eval_id3_field_setstrings_bb0_in(v_20, v_i.0, v_i.1, v_length) -> Com_1(eval_id3_field_setstrings_bb10_in(v_20, v_i.0, v_i.1, v_length))
		(1, 1)    eval_id3_field_setstrings_start(v_20, v_i.0, v_i.1, v_length) -> Com_1(eval_id3_field_setstrings_bb0_in(v_20, v_i.0, v_i.1, v_length))
	start location:	eval_id3_field_setstrings_start
	leaf cost:	0

Applied AI with 'oct' on problem 4 to obtain the following invariants:
  For symbol eval_id3_field_setstrings_10: X_4 - 1 >= 0 /\ X_2 + X_4 - 1 >= 0 /\ -X_2 + X_4 - 1 >= 0 /\ X_2 >= 0
  For symbol eval_id3_field_setstrings_17: X_4 - 2 >= 0 /\ X_3 + X_4 - 3 >= 0 /\ -X_3 + X_4 - 1 >= 0 /\ X_2 + X_4 - 3 >= 0 /\ -X_2 + X_4 - 1 >= 0 /\ X_1 + X_4 - 2 >= 0 /\ -X_1 + X_4 - 2 >= 0 /\ X_2 - X_3 >= 0 /\ X_1 - X_3 + 1 >= 0 /\ X_3 - 1 >= 0 /\ X_2 + X_3 - 2 >= 0 /\ X_1 + X_3 - 1 >= 0 /\ -X_1 + X_3 - 1 >= 0 /\ X_2 - 1 >= 0 /\ X_1 + X_2 - 1 >= 0 /\ -X_1 + X_2 - 1 >= 0 /\ X_1 >= 0
  For symbol eval_id3_field_setstrings_18: X_4 - 2 >= 0 /\ X_3 + X_4 - 3 >= 0 /\ -X_3 + X_4 - 1 >= 0 /\ X_2 + X_4 - 3 >= 0 /\ -X_2 + X_4 - 1 >= 0 /\ X_1 + X_4 - 2 >= 0 /\ -X_1 + X_4 - 2 >= 0 /\ X_2 - X_3 >= 0 /\ X_1 - X_3 + 1 >= 0 /\ X_3 - 1 >= 0 /\ X_2 + X_3 - 2 >= 0 /\ X_1 + X_3 - 1 >= 0 /\ -X_1 + X_3 - 1 >= 0 /\ X_2 - 1 >= 0 /\ X_1 + X_2 - 1 >= 0 /\ -X_1 + X_2 - 1 >= 0 /\ X_1 >= 0
  For symbol eval_id3_field_setstrings_19: X_4 - 1 >= 0 /\ X_3 + X_4 - 1 >= 0 /\ -X_3 + X_4 - 1 >= 0 /\ X_2 + X_4 - 1 >= 0 /\ -X_2 + X_4 - 1 >= 0 /\ -X_3 >= 0 /\ X_2 - X_3 >= 0 /\ X_3 >= 0 /\ X_2 + X_3 >= 0 /\ X_2 >= 0
  For symbol eval_id3_field_setstrings_20: X_4 - 1 >= 0 /\ X_3 + X_4 - 1 >= 0 /\ -X_3 + X_4 - 1 >= 0 /\ X_2 + X_4 - 1 >= 0 /\ -X_2 + X_4 - 1 >= 0 /\ -X_3 >= 0 /\ X_2 - X_3 >= 0 /\ X_3 >= 0 /\ X_2 + X_3 >= 0 /\ X_2 >= 0
  For symbol eval_id3_field_setstrings_9: X_4 - 1 >= 0 /\ X_2 + X_4 - 1 >= 0 /\ -X_2 + X_4 - 1 >= 0 /\ X_2 >= 0
  For symbol eval_id3_field_setstrings_bb3_in: X_2 >= 0
  For symbol eval_id3_field_setstrings_bb5_in: X_4 - 1 >= 0 /\ X_3 + X_4 - 1 >= 0 /\ -X_3 + X_4 - 1 >= 0 /\ X_2 + X_4 - 1 >= 0 /\ -X_2 + X_4 - 1 >= 0 /\ X_2 - X_3 >= 0 /\ X_3 >= 0 /\ X_2 + X_3 >= 0 /\ X_2 >= 0


This yielded the following problem:
5:	T:
		(1, 1)    eval_id3_field_setstrings_start(v_20, v_i.0, v_i.1, v_length) -> Com_1(eval_id3_field_setstrings_bb0_in(v_20, v_i.0, v_i.1, v_length))
		(1, 1)    eval_id3_field_setstrings_bb0_in(v_20, v_i.0, v_i.1, v_length) -> Com_1(eval_id3_field_setstrings_bb10_in(v_20, v_i.0, v_i.1, v_length))
		(1, 1)    eval_id3_field_setstrings_bb0_in(v_20, v_i.0, v_i.1, v_length) -> Com_1(eval_id3_field_setstrings_2(v_20, v_i.0, v_i.1, v_length))
		(1, 1)    eval_id3_field_setstrings_2(v_20, v_i.0, v_i.1, v_length) -> Com_2(eval_id3_field_finish_start(v_20, v_i.0, v_i.1, v_length), eval_id3_field_setstrings_3(v_20, v_i.0, v_i.1, v_length))
		(1, 1)    eval_id3_field_setstrings_3(v_20, v_i.0, v_i.1, v_length) -> Com_1(eval_id3_field_setstrings_bb10_in(v_20, v_i.0, v_i.1, v_length))
		(1, 1)    eval_id3_field_setstrings_3(v_20, v_i.0, v_i.1, v_length) -> Com_1(eval_id3_field_setstrings_6(v_20, v_i.0, v_i.1, v_length))
		(1, 1)    eval_id3_field_setstrings_6(v_20, v_i.0, v_i.1, v_length) -> Com_2(eval_malloc_start(v_20, v_i.0, v_i.1, v_length), eval_id3_field_setstrings_7(v_20, v_i.0, v_i.1, v_length))
		(1, 1)    eval_id3_field_setstrings_7(v_20, v_i.0, v_i.1, v_length) -> Com_1(eval_id3_field_setstrings_bb10_in(v_20, v_i.0, v_i.1, v_length))
		(1, 1)    eval_id3_field_setstrings_7(v_20, v_i.0, v_i.1, v_length) -> Com_1(eval_id3_field_setstrings_bb3_in(v_20, 0, v_i.1, v_length))
		(?, 1)    eval_id3_field_setstrings_bb3_in(v_20, v_i.0, v_i.1, v_length) -> Com_1(eval_id3_field_setstrings_9(v_20, v_i.0, v_i.1, v_length)) [ v_i.0 >= 0 /\ v_i.0 < v_length ]
		(5, 1)    eval_id3_field_setstrings_bb3_in(v_20, v_i.0, v_i.1, v_length) -> Com_1(eval_id3_field_setstrings_bb10_in(v_20, v_i.0, v_i.1, v_length)) [ v_i.0 >= 0 /\ v_i.0 >= v_length ]
		(?, 1)    eval_id3_field_setstrings_9(v_20, v_i.0, v_i.1, v_length) -> Com_2(eval_id3_ucs4_duplicate_start(v_20, v_i.0, v_i.1, v_length), eval_id3_field_setstrings_10(v_20, v_i.0, v_i.1, v_length)) [ v_length - 1 >= 0 /\ v_i.0 + v_length - 1 >= 0 /\ -v_i.0 + v_length - 1 >= 0 /\ v_i.0 >= 0 ]
		(5, 1)    eval_id3_field_setstrings_10(v_20, v_i.0, v_i.1, v_length) -> Com_1(eval_id3_field_setstrings_bb5_in(v_20, v_i.0, v_i.0, v_length)) [ v_length - 1 >= 0 /\ v_i.0 + v_length - 1 >= 0 /\ -v_i.0 + v_length - 1 >= 0 /\ v_i.0 >= 0 ]
		(?, 1)    eval_id3_field_setstrings_10(v_20, v_i.0, v_i.1, v_length) -> Com_1(eval_id3_field_setstrings_bb3_in(v_20, v_i.0 + 1, v_i.1, v_length)) [ v_length - 1 >= 0 /\ v_i.0 + v_length - 1 >= 0 /\ -v_i.0 + v_length - 1 >= 0 /\ v_i.0 >= 0 ]
		(?, 1)    eval_id3_field_setstrings_bb5_in(v_20, v_i.0, v_i.1, v_length) -> Com_1(eval_id3_field_setstrings_17(v_i.1 - 1, v_i.0, v_i.1, v_length)) [ v_length - 1 >= 0 /\ v_i.1 + v_length - 1 >= 0 /\ -v_i.1 + v_length - 1 >= 0 /\ v_i.0 + v_length - 1 >= 0 /\ -v_i.0 + v_length - 1 >= 0 /\ v_i.0 - v_i.1 >= 0 /\ v_i.1 >= 0 /\ v_i.0 + v_i.1 >= 0 /\ v_i.0 >= 0 /\ v_i.1 < 0 ]
		(?, 1)    eval_id3_field_setstrings_bb5_in(v_20, v_i.0, v_i.1, v_length) -> Com_1(eval_id3_field_setstrings_17(v_i.1 - 1, v_i.0, v_i.1, v_length)) [ v_length - 1 >= 0 /\ v_i.1 + v_length - 1 >= 0 /\ -v_i.1 + v_length - 1 >= 0 /\ v_i.0 + v_length - 1 >= 0 /\ -v_i.0 + v_length - 1 >= 0 /\ v_i.0 - v_i.1 >= 0 /\ v_i.1 >= 0 /\ v_i.0 + v_i.1 >= 0 /\ v_i.0 >= 0 /\ v_i.1 > 0 ]
		(5, 1)    eval_id3_field_setstrings_bb5_in(v_20, v_i.0, v_i.1, v_length) -> Com_1(eval_id3_field_setstrings_19(v_20, v_i.0, v_i.1, v_length)) [ v_length - 1 >= 0 /\ v_i.1 + v_length - 1 >= 0 /\ -v_i.1 + v_length - 1 >= 0 /\ v_i.0 + v_length - 1 >= 0 /\ -v_i.0 + v_length - 1 >= 0 /\ v_i.0 - v_i.1 >= 0 /\ v_i.1 >= 0 /\ v_i.0 + v_i.1 >= 0 /\ v_i.0 >= 0 /\ v_i.1 = 0 ]
		(?, 1)    eval_id3_field_setstrings_17(v_20, v_i.0, v_i.1, v_length) -> Com_2(eval_free_start(v_20, v_i.0, v_i.1, v_length), eval_id3_field_setstrings_18(v_20, v_i.0, v_i.1, v_length)) [ v_length - 2 >= 0 /\ v_i.1 + v_length - 3 >= 0 /\ -v_i.1 + v_length - 1 >= 0 /\ v_i.0 + v_length - 3 >= 0 /\ -v_i.0 + v_length - 1 >= 0 /\ v_20 + v_length - 2 >= 0 /\ -v_20 + v_length - 2 >= 0 /\ v_i.0 - v_i.1 >= 0 /\ v_20 - v_i.1 + 1 >= 0 /\ v_i.1 - 1 >= 0 /\ v_i.0 + v_i.1 - 2 >= 0 /\ v_20 + v_i.1 - 1 >= 0 /\ -v_20 + v_i.1 - 1 >= 0 /\ v_i.0 - 1 >= 0 /\ v_20 + v_i.0 - 1 >= 0 /\ -v_20 + v_i.0 - 1 >= 0 /\ v_20 >= 0 ]
		(?, 1)    eval_id3_field_setstrings_18(v_20, v_i.0, v_i.1, v_length) -> Com_1(eval_id3_field_setstrings_bb5_in(v_20, v_i.0, v_20, v_length)) [ v_length - 2 >= 0 /\ v_i.1 + v_length - 3 >= 0 /\ -v_i.1 + v_length - 1 >= 0 /\ v_i.0 + v_length - 3 >= 0 /\ -v_i.0 + v_length - 1 >= 0 /\ v_20 + v_length - 2 >= 0 /\ -v_20 + v_length - 2 >= 0 /\ v_i.0 - v_i.1 >= 0 /\ v_20 - v_i.1 + 1 >= 0 /\ v_i.1 - 1 >= 0 /\ v_i.0 + v_i.1 - 2 >= 0 /\ v_20 + v_i.1 - 1 >= 0 /\ -v_20 + v_i.1 - 1 >= 0 /\ v_i.0 - 1 >= 0 /\ v_20 + v_i.0 - 1 >= 0 /\ -v_20 + v_i.0 - 1 >= 0 /\ v_20 >= 0 ]
		(5, 1)    eval_id3_field_setstrings_19(v_20, v_i.0, v_i.1, v_length) -> Com_2(eval_free_start(v_20, v_i.0, v_i.1, v_length), eval_id3_field_setstrings_20(v_20, v_i.0, v_i.1, v_length)) [ v_length - 1 >= 0 /\ v_i.1 + v_length - 1 >= 0 /\ -v_i.1 + v_length - 1 >= 0 /\ v_i.0 + v_length - 1 >= 0 /\ -v_i.0 + v_length - 1 >= 0 /\ -v_i.1 >= 0 /\ v_i.0 - v_i.1 >= 0 /\ v_i.1 >= 0 /\ v_i.0 + v_i.1 >= 0 /\ v_i.0 >= 0 ]
		(5, 1)    eval_id3_field_setstrings_20(v_20, v_i.0, v_i.1, v_length) -> Com_1(eval_id3_field_setstrings_bb10_in(v_20, v_i.0, v_i.1, v_length)) [ v_length - 1 >= 0 /\ v_i.1 + v_length - 1 >= 0 /\ -v_i.1 + v_length - 1 >= 0 /\ v_i.0 + v_length - 1 >= 0 /\ -v_i.0 + v_length - 1 >= 0 /\ -v_i.1 >= 0 /\ v_i.0 - v_i.1 >= 0 /\ v_i.1 >= 0 /\ v_i.0 + v_i.1 >= 0 /\ v_i.0 >= 0 ]
		(5, 1)    eval_id3_field_setstrings_bb10_in(v_20, v_i.0, v_i.1, v_length) -> Com_1(eval_id3_field_setstrings_stop(v_20, v_i.0, v_i.1, v_length))
	start location:	eval_id3_field_setstrings_start
	leaf cost:	0

Testing for unsatisfiable constraints removes the following transition from problem 5:
	eval_id3_field_setstrings_bb5_in(v_20, v_i.0, v_i.1, v_length) -> Com_1(eval_id3_field_setstrings_17(v_i.1 - 1, v_i.0, v_i.1, v_length)) [ v_length - 1 >= 0 /\ v_i.1 + v_length - 1 >= 0 /\ -v_i.1 + v_length - 1 >= 0 /\ v_i.0 + v_length - 1 >= 0 /\ -v_i.0 + v_length - 1 >= 0 /\ v_i.0 - v_i.1 >= 0 /\ v_i.1 >= 0 /\ v_i.0 + v_i.1 >= 0 /\ v_i.0 >= 0 /\ v_i.1 < 0 ]
We thus obtain the following problem:
6:	T:
		(1, 1)    eval_id3_field_setstrings_start(v_20, v_i.0, v_i.1, v_length) -> Com_1(eval_id3_field_setstrings_bb0_in(v_20, v_i.0, v_i.1, v_length))
		(1, 1)    eval_id3_field_setstrings_bb0_in(v_20, v_i.0, v_i.1, v_length) -> Com_1(eval_id3_field_setstrings_bb10_in(v_20, v_i.0, v_i.1, v_length))
		(1, 1)    eval_id3_field_setstrings_bb0_in(v_20, v_i.0, v_i.1, v_length) -> Com_1(eval_id3_field_setstrings_2(v_20, v_i.0, v_i.1, v_length))
		(1, 1)    eval_id3_field_setstrings_2(v_20, v_i.0, v_i.1, v_length) -> Com_2(eval_id3_field_finish_start(v_20, v_i.0, v_i.1, v_length), eval_id3_field_setstrings_3(v_20, v_i.0, v_i.1, v_length))
		(1, 1)    eval_id3_field_setstrings_3(v_20, v_i.0, v_i.1, v_length) -> Com_1(eval_id3_field_setstrings_bb10_in(v_20, v_i.0, v_i.1, v_length))
		(1, 1)    eval_id3_field_setstrings_3(v_20, v_i.0, v_i.1, v_length) -> Com_1(eval_id3_field_setstrings_6(v_20, v_i.0, v_i.1, v_length))
		(1, 1)    eval_id3_field_setstrings_6(v_20, v_i.0, v_i.1, v_length) -> Com_2(eval_malloc_start(v_20, v_i.0, v_i.1, v_length), eval_id3_field_setstrings_7(v_20, v_i.0, v_i.1, v_length))
		(1, 1)    eval_id3_field_setstrings_7(v_20, v_i.0, v_i.1, v_length) -> Com_1(eval_id3_field_setstrings_bb10_in(v_20, v_i.0, v_i.1, v_length))
		(1, 1)    eval_id3_field_setstrings_7(v_20, v_i.0, v_i.1, v_length) -> Com_1(eval_id3_field_setstrings_bb3_in(v_20, 0, v_i.1, v_length))
		(?, 1)    eval_id3_field_setstrings_bb3_in(v_20, v_i.0, v_i.1, v_length) -> Com_1(eval_id3_field_setstrings_9(v_20, v_i.0, v_i.1, v_length)) [ v_i.0 >= 0 /\ v_i.0 < v_length ]
		(5, 1)    eval_id3_field_setstrings_bb3_in(v_20, v_i.0, v_i.1, v_length) -> Com_1(eval_id3_field_setstrings_bb10_in(v_20, v_i.0, v_i.1, v_length)) [ v_i.0 >= 0 /\ v_i.0 >= v_length ]
		(?, 1)    eval_id3_field_setstrings_9(v_20, v_i.0, v_i.1, v_length) -> Com_2(eval_id3_ucs4_duplicate_start(v_20, v_i.0, v_i.1, v_length), eval_id3_field_setstrings_10(v_20, v_i.0, v_i.1, v_length)) [ v_length - 1 >= 0 /\ v_i.0 + v_length - 1 >= 0 /\ -v_i.0 + v_length - 1 >= 0 /\ v_i.0 >= 0 ]
		(5, 1)    eval_id3_field_setstrings_10(v_20, v_i.0, v_i.1, v_length) -> Com_1(eval_id3_field_setstrings_bb5_in(v_20, v_i.0, v_i.0, v_length)) [ v_length - 1 >= 0 /\ v_i.0 + v_length - 1 >= 0 /\ -v_i.0 + v_length - 1 >= 0 /\ v_i.0 >= 0 ]
		(?, 1)    eval_id3_field_setstrings_10(v_20, v_i.0, v_i.1, v_length) -> Com_1(eval_id3_field_setstrings_bb3_in(v_20, v_i.0 + 1, v_i.1, v_length)) [ v_length - 1 >= 0 /\ v_i.0 + v_length - 1 >= 0 /\ -v_i.0 + v_length - 1 >= 0 /\ v_i.0 >= 0 ]
		(?, 1)    eval_id3_field_setstrings_bb5_in(v_20, v_i.0, v_i.1, v_length) -> Com_1(eval_id3_field_setstrings_17(v_i.1 - 1, v_i.0, v_i.1, v_length)) [ v_length - 1 >= 0 /\ v_i.1 + v_length - 1 >= 0 /\ -v_i.1 + v_length - 1 >= 0 /\ v_i.0 + v_length - 1 >= 0 /\ -v_i.0 + v_length - 1 >= 0 /\ v_i.0 - v_i.1 >= 0 /\ v_i.1 >= 0 /\ v_i.0 + v_i.1 >= 0 /\ v_i.0 >= 0 /\ v_i.1 > 0 ]
		(5, 1)    eval_id3_field_setstrings_bb5_in(v_20, v_i.0, v_i.1, v_length) -> Com_1(eval_id3_field_setstrings_19(v_20, v_i.0, v_i.1, v_length)) [ v_length - 1 >= 0 /\ v_i.1 + v_length - 1 >= 0 /\ -v_i.1 + v_length - 1 >= 0 /\ v_i.0 + v_length - 1 >= 0 /\ -v_i.0 + v_length - 1 >= 0 /\ v_i.0 - v_i.1 >= 0 /\ v_i.1 >= 0 /\ v_i.0 + v_i.1 >= 0 /\ v_i.0 >= 0 /\ v_i.1 = 0 ]
		(?, 1)    eval_id3_field_setstrings_17(v_20, v_i.0, v_i.1, v_length) -> Com_2(eval_free_start(v_20, v_i.0, v_i.1, v_length), eval_id3_field_setstrings_18(v_20, v_i.0, v_i.1, v_length)) [ v_length - 2 >= 0 /\ v_i.1 + v_length - 3 >= 0 /\ -v_i.1 + v_length - 1 >= 0 /\ v_i.0 + v_length - 3 >= 0 /\ -v_i.0 + v_length - 1 >= 0 /\ v_20 + v_length - 2 >= 0 /\ -v_20 + v_length - 2 >= 0 /\ v_i.0 - v_i.1 >= 0 /\ v_20 - v_i.1 + 1 >= 0 /\ v_i.1 - 1 >= 0 /\ v_i.0 + v_i.1 - 2 >= 0 /\ v_20 + v_i.1 - 1 >= 0 /\ -v_20 + v_i.1 - 1 >= 0 /\ v_i.0 - 1 >= 0 /\ v_20 + v_i.0 - 1 >= 0 /\ -v_20 + v_i.0 - 1 >= 0 /\ v_20 >= 0 ]
		(?, 1)    eval_id3_field_setstrings_18(v_20, v_i.0, v_i.1, v_length) -> Com_1(eval_id3_field_setstrings_bb5_in(v_20, v_i.0, v_20, v_length)) [ v_length - 2 >= 0 /\ v_i.1 + v_length - 3 >= 0 /\ -v_i.1 + v_length - 1 >= 0 /\ v_i.0 + v_length - 3 >= 0 /\ -v_i.0 + v_length - 1 >= 0 /\ v_20 + v_length - 2 >= 0 /\ -v_20 + v_length - 2 >= 0 /\ v_i.0 - v_i.1 >= 0 /\ v_20 - v_i.1 + 1 >= 0 /\ v_i.1 - 1 >= 0 /\ v_i.0 + v_i.1 - 2 >= 0 /\ v_20 + v_i.1 - 1 >= 0 /\ -v_20 + v_i.1 - 1 >= 0 /\ v_i.0 - 1 >= 0 /\ v_20 + v_i.0 - 1 >= 0 /\ -v_20 + v_i.0 - 1 >= 0 /\ v_20 >= 0 ]
		(5, 1)    eval_id3_field_setstrings_19(v_20, v_i.0, v_i.1, v_length) -> Com_2(eval_free_start(v_20, v_i.0, v_i.1, v_length), eval_id3_field_setstrings_20(v_20, v_i.0, v_i.1, v_length)) [ v_length - 1 >= 0 /\ v_i.1 + v_length - 1 >= 0 /\ -v_i.1 + v_length - 1 >= 0 /\ v_i.0 + v_length - 1 >= 0 /\ -v_i.0 + v_length - 1 >= 0 /\ -v_i.1 >= 0 /\ v_i.0 - v_i.1 >= 0 /\ v_i.1 >= 0 /\ v_i.0 + v_i.1 >= 0 /\ v_i.0 >= 0 ]
		(5, 1)    eval_id3_field_setstrings_20(v_20, v_i.0, v_i.1, v_length) -> Com_1(eval_id3_field_setstrings_bb10_in(v_20, v_i.0, v_i.1, v_length)) [ v_length - 1 >= 0 /\ v_i.1 + v_length - 1 >= 0 /\ -v_i.1 + v_length - 1 >= 0 /\ v_i.0 + v_length - 1 >= 0 /\ -v_i.0 + v_length - 1 >= 0 /\ -v_i.1 >= 0 /\ v_i.0 - v_i.1 >= 0 /\ v_i.1 >= 0 /\ v_i.0 + v_i.1 >= 0 /\ v_i.0 >= 0 ]
		(5, 1)    eval_id3_field_setstrings_bb10_in(v_20, v_i.0, v_i.1, v_length) -> Com_1(eval_id3_field_setstrings_stop(v_20, v_i.0, v_i.1, v_length))
	start location:	eval_id3_field_setstrings_start
	leaf cost:	0

A polynomial rank function with
	Pol(eval_id3_field_setstrings_bb5_in) = 3*V_3
	Pol(eval_id3_field_setstrings_17) = 3*V_1 + 2
	Pol(eval_id3_field_setstrings_bb3_in) = -3*V_2 + 3*V_4 + 1
	Pol(eval_id3_field_setstrings_9) = -3*V_2 + 3*V_4
	Pol(eval_id3_ucs4_duplicate_start) = -3*V_2
	Pol(eval_id3_field_setstrings_10) = -3*V_2 + 3*V_4 - 1
	Pol(eval_id3_field_setstrings_18) = 3*V_1 + 1
	Pol(eval_free_start) = 0
and size complexities
	S("eval_id3_field_setstrings_bb10_in(v_20, v_i.0, v_i.1, v_length) -> Com_1(eval_id3_field_setstrings_stop(v_20, v_i.0, v_i.1, v_length))", 0-0) = v_20 + v_length
	S("eval_id3_field_setstrings_bb10_in(v_20, v_i.0, v_i.1, v_length) -> Com_1(eval_id3_field_setstrings_stop(v_20, v_i.0, v_i.1, v_length))", 0-1) = v_i.0 + v_length
	S("eval_id3_field_setstrings_bb10_in(v_20, v_i.0, v_i.1, v_length) -> Com_1(eval_id3_field_setstrings_stop(v_20, v_i.0, v_i.1, v_length))", 0-2) = v_i.1
	S("eval_id3_field_setstrings_bb10_in(v_20, v_i.0, v_i.1, v_length) -> Com_1(eval_id3_field_setstrings_stop(v_20, v_i.0, v_i.1, v_length))", 0-3) = v_length
	S("eval_id3_field_setstrings_20(v_20, v_i.0, v_i.1, v_length) -> Com_1(eval_id3_field_setstrings_bb10_in(v_20, v_i.0, v_i.1, v_length)) [ v_length - 1 >= 0 /\\ v_i.1 + v_length - 1 >= 0 /\\ -v_i.1 + v_length - 1 >= 0 /\\ v_i.0 + v_length - 1 >= 0 /\\ -v_i.0 + v_length - 1 >= 0 /\\ -v_i.1 >= 0 /\\ v_i.0 - v_i.1 >= 0 /\\ v_i.1 >= 0 /\\ v_i.0 + v_i.1 >= 0 /\\ v_i.0 >= 0 ]", 0-0) = v_20 + v_length
	S("eval_id3_field_setstrings_20(v_20, v_i.0, v_i.1, v_length) -> Com_1(eval_id3_field_setstrings_bb10_in(v_20, v_i.0, v_i.1, v_length)) [ v_length - 1 >= 0 /\\ v_i.1 + v_length - 1 >= 0 /\\ -v_i.1 + v_length - 1 >= 0 /\\ v_i.0 + v_length - 1 >= 0 /\\ -v_i.0 + v_length - 1 >= 0 /\\ -v_i.1 >= 0 /\\ v_i.0 - v_i.1 >= 0 /\\ v_i.1 >= 0 /\\ v_i.0 + v_i.1 >= 0 /\\ v_i.0 >= 0 ]", 0-1) = v_length
	S("eval_id3_field_setstrings_20(v_20, v_i.0, v_i.1, v_length) -> Com_1(eval_id3_field_setstrings_bb10_in(v_20, v_i.0, v_i.1, v_length)) [ v_length - 1 >= 0 /\\ v_i.1 + v_length - 1 >= 0 /\\ -v_i.1 + v_length - 1 >= 0 /\\ v_i.0 + v_length - 1 >= 0 /\\ -v_i.0 + v_length - 1 >= 0 /\\ -v_i.1 >= 0 /\\ v_i.0 - v_i.1 >= 0 /\\ v_i.1 >= 0 /\\ v_i.0 + v_i.1 >= 0 /\\ v_i.0 >= 0 ]", 0-2) = 0
	S("eval_id3_field_setstrings_20(v_20, v_i.0, v_i.1, v_length) -> Com_1(eval_id3_field_setstrings_bb10_in(v_20, v_i.0, v_i.1, v_length)) [ v_length - 1 >= 0 /\\ v_i.1 + v_length - 1 >= 0 /\\ -v_i.1 + v_length - 1 >= 0 /\\ v_i.0 + v_length - 1 >= 0 /\\ -v_i.0 + v_length - 1 >= 0 /\\ -v_i.1 >= 0 /\\ v_i.0 - v_i.1 >= 0 /\\ v_i.1 >= 0 /\\ v_i.0 + v_i.1 >= 0 /\\ v_i.0 >= 0 ]", 0-3) = v_length
	S("eval_id3_field_setstrings_19(v_20, v_i.0, v_i.1, v_length) -> Com_2(eval_free_start(v_20, v_i.0, v_i.1, v_length), eval_id3_field_setstrings_20(v_20, v_i.0, v_i.1, v_length)) [ v_length - 1 >= 0 /\\ v_i.1 + v_length - 1 >= 0 /\\ -v_i.1 + v_length - 1 >= 0 /\\ v_i.0 + v_length - 1 >= 0 /\\ -v_i.0 + v_length - 1 >= 0 /\\ -v_i.1 >= 0 /\\ v_i.0 - v_i.1 >= 0 /\\ v_i.1 >= 0 /\\ v_i.0 + v_i.1 >= 0 /\\ v_i.0 >= 0 ]", 0-0) = v_20 + v_length
	S("eval_id3_field_setstrings_19(v_20, v_i.0, v_i.1, v_length) -> Com_2(eval_free_start(v_20, v_i.0, v_i.1, v_length), eval_id3_field_setstrings_20(v_20, v_i.0, v_i.1, v_length)) [ v_length - 1 >= 0 /\\ v_i.1 + v_length - 1 >= 0 /\\ -v_i.1 + v_length - 1 >= 0 /\\ v_i.0 + v_length - 1 >= 0 /\\ -v_i.0 + v_length - 1 >= 0 /\\ -v_i.1 >= 0 /\\ v_i.0 - v_i.1 >= 0 /\\ v_i.1 >= 0 /\\ v_i.0 + v_i.1 >= 0 /\\ v_i.0 >= 0 ]", 0-1) = v_length
	S("eval_id3_field_setstrings_19(v_20, v_i.0, v_i.1, v_length) -> Com_2(eval_free_start(v_20, v_i.0, v_i.1, v_length), eval_id3_field_setstrings_20(v_20, v_i.0, v_i.1, v_length)) [ v_length - 1 >= 0 /\\ v_i.1 + v_length - 1 >= 0 /\\ -v_i.1 + v_length - 1 >= 0 /\\ v_i.0 + v_length - 1 >= 0 /\\ -v_i.0 + v_length - 1 >= 0 /\\ -v_i.1 >= 0 /\\ v_i.0 - v_i.1 >= 0 /\\ v_i.1 >= 0 /\\ v_i.0 + v_i.1 >= 0 /\\ v_i.0 >= 0 ]", 0-2) = 0
	S("eval_id3_field_setstrings_19(v_20, v_i.0, v_i.1, v_length) -> Com_2(eval_free_start(v_20, v_i.0, v_i.1, v_length), eval_id3_field_setstrings_20(v_20, v_i.0, v_i.1, v_length)) [ v_length - 1 >= 0 /\\ v_i.1 + v_length - 1 >= 0 /\\ -v_i.1 + v_length - 1 >= 0 /\\ v_i.0 + v_length - 1 >= 0 /\\ -v_i.0 + v_length - 1 >= 0 /\\ -v_i.1 >= 0 /\\ v_i.0 - v_i.1 >= 0 /\\ v_i.1 >= 0 /\\ v_i.0 + v_i.1 >= 0 /\\ v_i.0 >= 0 ]", 0-3) = v_length
	S("eval_id3_field_setstrings_19(v_20, v_i.0, v_i.1, v_length) -> Com_2(eval_free_start(v_20, v_i.0, v_i.1, v_length), eval_id3_field_setstrings_20(v_20, v_i.0, v_i.1, v_length)) [ v_length - 1 >= 0 /\\ v_i.1 + v_length - 1 >= 0 /\\ -v_i.1 + v_length - 1 >= 0 /\\ v_i.0 + v_length - 1 >= 0 /\\ -v_i.0 + v_length - 1 >= 0 /\\ -v_i.1 >= 0 /\\ v_i.0 - v_i.1 >= 0 /\\ v_i.1 >= 0 /\\ v_i.0 + v_i.1 >= 0 /\\ v_i.0 >= 0 ]", 1-0) = v_20 + v_length
	S("eval_id3_field_setstrings_19(v_20, v_i.0, v_i.1, v_length) -> Com_2(eval_free_start(v_20, v_i.0, v_i.1, v_length), eval_id3_field_setstrings_20(v_20, v_i.0, v_i.1, v_length)) [ v_length - 1 >= 0 /\\ v_i.1 + v_length - 1 >= 0 /\\ -v_i.1 + v_length - 1 >= 0 /\\ v_i.0 + v_length - 1 >= 0 /\\ -v_i.0 + v_length - 1 >= 0 /\\ -v_i.1 >= 0 /\\ v_i.0 - v_i.1 >= 0 /\\ v_i.1 >= 0 /\\ v_i.0 + v_i.1 >= 0 /\\ v_i.0 >= 0 ]", 1-1) = v_length
	S("eval_id3_field_setstrings_19(v_20, v_i.0, v_i.1, v_length) -> Com_2(eval_free_start(v_20, v_i.0, v_i.1, v_length), eval_id3_field_setstrings_20(v_20, v_i.0, v_i.1, v_length)) [ v_length - 1 >= 0 /\\ v_i.1 + v_length - 1 >= 0 /\\ -v_i.1 + v_length - 1 >= 0 /\\ v_i.0 + v_length - 1 >= 0 /\\ -v_i.0 + v_length - 1 >= 0 /\\ -v_i.1 >= 0 /\\ v_i.0 - v_i.1 >= 0 /\\ v_i.1 >= 0 /\\ v_i.0 + v_i.1 >= 0 /\\ v_i.0 >= 0 ]", 1-2) = 0
	S("eval_id3_field_setstrings_19(v_20, v_i.0, v_i.1, v_length) -> Com_2(eval_free_start(v_20, v_i.0, v_i.1, v_length), eval_id3_field_setstrings_20(v_20, v_i.0, v_i.1, v_length)) [ v_length - 1 >= 0 /\\ v_i.1 + v_length - 1 >= 0 /\\ -v_i.1 + v_length - 1 >= 0 /\\ v_i.0 + v_length - 1 >= 0 /\\ -v_i.0 + v_length - 1 >= 0 /\\ -v_i.1 >= 0 /\\ v_i.0 - v_i.1 >= 0 /\\ v_i.1 >= 0 /\\ v_i.0 + v_i.1 >= 0 /\\ v_i.0 >= 0 ]", 1-3) = v_length
	S("eval_id3_field_setstrings_18(v_20, v_i.0, v_i.1, v_length) -> Com_1(eval_id3_field_setstrings_bb5_in(v_20, v_i.0, v_20, v_length)) [ v_length - 2 >= 0 /\\ v_i.1 + v_length - 3 >= 0 /\\ -v_i.1 + v_length - 1 >= 0 /\\ v_i.0 + v_length - 3 >= 0 /\\ -v_i.0 + v_length - 1 >= 0 /\\ v_20 + v_length - 2 >= 0 /\\ -v_20 + v_length - 2 >= 0 /\\ v_i.0 - v_i.1 >= 0 /\\ v_20 - v_i.1 + 1 >= 0 /\\ v_i.1 - 1 >= 0 /\\ v_i.0 + v_i.1 - 2 >= 0 /\\ v_20 + v_i.1 - 1 >= 0 /\\ -v_20 + v_i.1 - 1 >= 0 /\\ v_i.0 - 1 >= 0 /\\ v_20 + v_i.0 - 1 >= 0 /\\ -v_20 + v_i.0 - 1 >= 0 /\\ v_20 >= 0 ]", 0-0) = v_length
	S("eval_id3_field_setstrings_18(v_20, v_i.0, v_i.1, v_length) -> Com_1(eval_id3_field_setstrings_bb5_in(v_20, v_i.0, v_20, v_length)) [ v_length - 2 >= 0 /\\ v_i.1 + v_length - 3 >= 0 /\\ -v_i.1 + v_length - 1 >= 0 /\\ v_i.0 + v_length - 3 >= 0 /\\ -v_i.0 + v_length - 1 >= 0 /\\ v_20 + v_length - 2 >= 0 /\\ -v_20 + v_length - 2 >= 0 /\\ v_i.0 - v_i.1 >= 0 /\\ v_20 - v_i.1 + 1 >= 0 /\\ v_i.1 - 1 >= 0 /\\ v_i.0 + v_i.1 - 2 >= 0 /\\ v_20 + v_i.1 - 1 >= 0 /\\ -v_20 + v_i.1 - 1 >= 0 /\\ v_i.0 - 1 >= 0 /\\ v_20 + v_i.0 - 1 >= 0 /\\ -v_20 + v_i.0 - 1 >= 0 /\\ v_20 >= 0 ]", 0-1) = v_length
	S("eval_id3_field_setstrings_18(v_20, v_i.0, v_i.1, v_length) -> Com_1(eval_id3_field_setstrings_bb5_in(v_20, v_i.0, v_20, v_length)) [ v_length - 2 >= 0 /\\ v_i.1 + v_length - 3 >= 0 /\\ -v_i.1 + v_length - 1 >= 0 /\\ v_i.0 + v_length - 3 >= 0 /\\ -v_i.0 + v_length - 1 >= 0 /\\ v_20 + v_length - 2 >= 0 /\\ -v_20 + v_length - 2 >= 0 /\\ v_i.0 - v_i.1 >= 0 /\\ v_20 - v_i.1 + 1 >= 0 /\\ v_i.1 - 1 >= 0 /\\ v_i.0 + v_i.1 - 2 >= 0 /\\ v_20 + v_i.1 - 1 >= 0 /\\ -v_20 + v_i.1 - 1 >= 0 /\\ v_i.0 - 1 >= 0 /\\ v_20 + v_i.0 - 1 >= 0 /\\ -v_20 + v_i.0 - 1 >= 0 /\\ v_20 >= 0 ]", 0-2) = v_length
	S("eval_id3_field_setstrings_18(v_20, v_i.0, v_i.1, v_length) -> Com_1(eval_id3_field_setstrings_bb5_in(v_20, v_i.0, v_20, v_length)) [ v_length - 2 >= 0 /\\ v_i.1 + v_length - 3 >= 0 /\\ -v_i.1 + v_length - 1 >= 0 /\\ v_i.0 + v_length - 3 >= 0 /\\ -v_i.0 + v_length - 1 >= 0 /\\ v_20 + v_length - 2 >= 0 /\\ -v_20 + v_length - 2 >= 0 /\\ v_i.0 - v_i.1 >= 0 /\\ v_20 - v_i.1 + 1 >= 0 /\\ v_i.1 - 1 >= 0 /\\ v_i.0 + v_i.1 - 2 >= 0 /\\ v_20 + v_i.1 - 1 >= 0 /\\ -v_20 + v_i.1 - 1 >= 0 /\\ v_i.0 - 1 >= 0 /\\ v_20 + v_i.0 - 1 >= 0 /\\ -v_20 + v_i.0 - 1 >= 0 /\\ v_20 >= 0 ]", 0-3) = v_length
	S("eval_id3_field_setstrings_17(v_20, v_i.0, v_i.1, v_length) -> Com_2(eval_free_start(v_20, v_i.0, v_i.1, v_length), eval_id3_field_setstrings_18(v_20, v_i.0, v_i.1, v_length)) [ v_length - 2 >= 0 /\\ v_i.1 + v_length - 3 >= 0 /\\ -v_i.1 + v_length - 1 >= 0 /\\ v_i.0 + v_length - 3 >= 0 /\\ -v_i.0 + v_length - 1 >= 0 /\\ v_20 + v_length - 2 >= 0 /\\ -v_20 + v_length - 2 >= 0 /\\ v_i.0 - v_i.1 >= 0 /\\ v_20 - v_i.1 + 1 >= 0 /\\ v_i.1 - 1 >= 0 /\\ v_i.0 + v_i.1 - 2 >= 0 /\\ v_20 + v_i.1 - 1 >= 0 /\\ -v_20 + v_i.1 - 1 >= 0 /\\ v_i.0 - 1 >= 0 /\\ v_20 + v_i.0 - 1 >= 0 /\\ -v_20 + v_i.0 - 1 >= 0 /\\ v_20 >= 0 ]", 0-0) = v_length
	S("eval_id3_field_setstrings_17(v_20, v_i.0, v_i.1, v_length) -> Com_2(eval_free_start(v_20, v_i.0, v_i.1, v_length), eval_id3_field_setstrings_18(v_20, v_i.0, v_i.1, v_length)) [ v_length - 2 >= 0 /\\ v_i.1 + v_length - 3 >= 0 /\\ -v_i.1 + v_length - 1 >= 0 /\\ v_i.0 + v_length - 3 >= 0 /\\ -v_i.0 + v_length - 1 >= 0 /\\ v_20 + v_length - 2 >= 0 /\\ -v_20 + v_length - 2 >= 0 /\\ v_i.0 - v_i.1 >= 0 /\\ v_20 - v_i.1 + 1 >= 0 /\\ v_i.1 - 1 >= 0 /\\ v_i.0 + v_i.1 - 2 >= 0 /\\ v_20 + v_i.1 - 1 >= 0 /\\ -v_20 + v_i.1 - 1 >= 0 /\\ v_i.0 - 1 >= 0 /\\ v_20 + v_i.0 - 1 >= 0 /\\ -v_20 + v_i.0 - 1 >= 0 /\\ v_20 >= 0 ]", 0-1) = v_length
	S("eval_id3_field_setstrings_17(v_20, v_i.0, v_i.1, v_length) -> Com_2(eval_free_start(v_20, v_i.0, v_i.1, v_length), eval_id3_field_setstrings_18(v_20, v_i.0, v_i.1, v_length)) [ v_length - 2 >= 0 /\\ v_i.1 + v_length - 3 >= 0 /\\ -v_i.1 + v_length - 1 >= 0 /\\ v_i.0 + v_length - 3 >= 0 /\\ -v_i.0 + v_length - 1 >= 0 /\\ v_20 + v_length - 2 >= 0 /\\ -v_20 + v_length - 2 >= 0 /\\ v_i.0 - v_i.1 >= 0 /\\ v_20 - v_i.1 + 1 >= 0 /\\ v_i.1 - 1 >= 0 /\\ v_i.0 + v_i.1 - 2 >= 0 /\\ v_20 + v_i.1 - 1 >= 0 /\\ -v_20 + v_i.1 - 1 >= 0 /\\ v_i.0 - 1 >= 0 /\\ v_20 + v_i.0 - 1 >= 0 /\\ -v_20 + v_i.0 - 1 >= 0 /\\ v_20 >= 0 ]", 0-2) = v_length
	S("eval_id3_field_setstrings_17(v_20, v_i.0, v_i.1, v_length) -> Com_2(eval_free_start(v_20, v_i.0, v_i.1, v_length), eval_id3_field_setstrings_18(v_20, v_i.0, v_i.1, v_length)) [ v_length - 2 >= 0 /\\ v_i.1 + v_length - 3 >= 0 /\\ -v_i.1 + v_length - 1 >= 0 /\\ v_i.0 + v_length - 3 >= 0 /\\ -v_i.0 + v_length - 1 >= 0 /\\ v_20 + v_length - 2 >= 0 /\\ -v_20 + v_length - 2 >= 0 /\\ v_i.0 - v_i.1 >= 0 /\\ v_20 - v_i.1 + 1 >= 0 /\\ v_i.1 - 1 >= 0 /\\ v_i.0 + v_i.1 - 2 >= 0 /\\ v_20 + v_i.1 - 1 >= 0 /\\ -v_20 + v_i.1 - 1 >= 0 /\\ v_i.0 - 1 >= 0 /\\ v_20 + v_i.0 - 1 >= 0 /\\ -v_20 + v_i.0 - 1 >= 0 /\\ v_20 >= 0 ]", 0-3) = v_length
	S("eval_id3_field_setstrings_17(v_20, v_i.0, v_i.1, v_length) -> Com_2(eval_free_start(v_20, v_i.0, v_i.1, v_length), eval_id3_field_setstrings_18(v_20, v_i.0, v_i.1, v_length)) [ v_length - 2 >= 0 /\\ v_i.1 + v_length - 3 >= 0 /\\ -v_i.1 + v_length - 1 >= 0 /\\ v_i.0 + v_length - 3 >= 0 /\\ -v_i.0 + v_length - 1 >= 0 /\\ v_20 + v_length - 2 >= 0 /\\ -v_20 + v_length - 2 >= 0 /\\ v_i.0 - v_i.1 >= 0 /\\ v_20 - v_i.1 + 1 >= 0 /\\ v_i.1 - 1 >= 0 /\\ v_i.0 + v_i.1 - 2 >= 0 /\\ v_20 + v_i.1 - 1 >= 0 /\\ -v_20 + v_i.1 - 1 >= 0 /\\ v_i.0 - 1 >= 0 /\\ v_20 + v_i.0 - 1 >= 0 /\\ -v_20 + v_i.0 - 1 >= 0 /\\ v_20 >= 0 ]", 1-0) = v_length
	S("eval_id3_field_setstrings_17(v_20, v_i.0, v_i.1, v_length) -> Com_2(eval_free_start(v_20, v_i.0, v_i.1, v_length), eval_id3_field_setstrings_18(v_20, v_i.0, v_i.1, v_length)) [ v_length - 2 >= 0 /\\ v_i.1 + v_length - 3 >= 0 /\\ -v_i.1 + v_length - 1 >= 0 /\\ v_i.0 + v_length - 3 >= 0 /\\ -v_i.0 + v_length - 1 >= 0 /\\ v_20 + v_length - 2 >= 0 /\\ -v_20 + v_length - 2 >= 0 /\\ v_i.0 - v_i.1 >= 0 /\\ v_20 - v_i.1 + 1 >= 0 /\\ v_i.1 - 1 >= 0 /\\ v_i.0 + v_i.1 - 2 >= 0 /\\ v_20 + v_i.1 - 1 >= 0 /\\ -v_20 + v_i.1 - 1 >= 0 /\\ v_i.0 - 1 >= 0 /\\ v_20 + v_i.0 - 1 >= 0 /\\ -v_20 + v_i.0 - 1 >= 0 /\\ v_20 >= 0 ]", 1-1) = v_length
	S("eval_id3_field_setstrings_17(v_20, v_i.0, v_i.1, v_length) -> Com_2(eval_free_start(v_20, v_i.0, v_i.1, v_length), eval_id3_field_setstrings_18(v_20, v_i.0, v_i.1, v_length)) [ v_length - 2 >= 0 /\\ v_i.1 + v_length - 3 >= 0 /\\ -v_i.1 + v_length - 1 >= 0 /\\ v_i.0 + v_length - 3 >= 0 /\\ -v_i.0 + v_length - 1 >= 0 /\\ v_20 + v_length - 2 >= 0 /\\ -v_20 + v_length - 2 >= 0 /\\ v_i.0 - v_i.1 >= 0 /\\ v_20 - v_i.1 + 1 >= 0 /\\ v_i.1 - 1 >= 0 /\\ v_i.0 + v_i.1 - 2 >= 0 /\\ v_20 + v_i.1 - 1 >= 0 /\\ -v_20 + v_i.1 - 1 >= 0 /\\ v_i.0 - 1 >= 0 /\\ v_20 + v_i.0 - 1 >= 0 /\\ -v_20 + v_i.0 - 1 >= 0 /\\ v_20 >= 0 ]", 1-2) = v_length
	S("eval_id3_field_setstrings_17(v_20, v_i.0, v_i.1, v_length) -> Com_2(eval_free_start(v_20, v_i.0, v_i.1, v_length), eval_id3_field_setstrings_18(v_20, v_i.0, v_i.1, v_length)) [ v_length - 2 >= 0 /\\ v_i.1 + v_length - 3 >= 0 /\\ -v_i.1 + v_length - 1 >= 0 /\\ v_i.0 + v_length - 3 >= 0 /\\ -v_i.0 + v_length - 1 >= 0 /\\ v_20 + v_length - 2 >= 0 /\\ -v_20 + v_length - 2 >= 0 /\\ v_i.0 - v_i.1 >= 0 /\\ v_20 - v_i.1 + 1 >= 0 /\\ v_i.1 - 1 >= 0 /\\ v_i.0 + v_i.1 - 2 >= 0 /\\ v_20 + v_i.1 - 1 >= 0 /\\ -v_20 + v_i.1 - 1 >= 0 /\\ v_i.0 - 1 >= 0 /\\ v_20 + v_i.0 - 1 >= 0 /\\ -v_20 + v_i.0 - 1 >= 0 /\\ v_20 >= 0 ]", 1-3) = v_length
	S("eval_id3_field_setstrings_bb5_in(v_20, v_i.0, v_i.1, v_length) -> Com_1(eval_id3_field_setstrings_19(v_20, v_i.0, v_i.1, v_length)) [ v_length - 1 >= 0 /\\ v_i.1 + v_length - 1 >= 0 /\\ -v_i.1 + v_length - 1 >= 0 /\\ v_i.0 + v_length - 1 >= 0 /\\ -v_i.0 + v_length - 1 >= 0 /\\ v_i.0 - v_i.1 >= 0 /\\ v_i.1 >= 0 /\\ v_i.0 + v_i.1 >= 0 /\\ v_i.0 >= 0 /\\ v_i.1 = 0 ]", 0-0) = v_20 + v_length
	S("eval_id3_field_setstrings_bb5_in(v_20, v_i.0, v_i.1, v_length) -> Com_1(eval_id3_field_setstrings_19(v_20, v_i.0, v_i.1, v_length)) [ v_length - 1 >= 0 /\\ v_i.1 + v_length - 1 >= 0 /\\ -v_i.1 + v_length - 1 >= 0 /\\ v_i.0 + v_length - 1 >= 0 /\\ -v_i.0 + v_length - 1 >= 0 /\\ v_i.0 - v_i.1 >= 0 /\\ v_i.1 >= 0 /\\ v_i.0 + v_i.1 >= 0 /\\ v_i.0 >= 0 /\\ v_i.1 = 0 ]", 0-1) = v_length
	S("eval_id3_field_setstrings_bb5_in(v_20, v_i.0, v_i.1, v_length) -> Com_1(eval_id3_field_setstrings_19(v_20, v_i.0, v_i.1, v_length)) [ v_length - 1 >= 0 /\\ v_i.1 + v_length - 1 >= 0 /\\ -v_i.1 + v_length - 1 >= 0 /\\ v_i.0 + v_length - 1 >= 0 /\\ -v_i.0 + v_length - 1 >= 0 /\\ v_i.0 - v_i.1 >= 0 /\\ v_i.1 >= 0 /\\ v_i.0 + v_i.1 >= 0 /\\ v_i.0 >= 0 /\\ v_i.1 = 0 ]", 0-2) = 0
	S("eval_id3_field_setstrings_bb5_in(v_20, v_i.0, v_i.1, v_length) -> Com_1(eval_id3_field_setstrings_19(v_20, v_i.0, v_i.1, v_length)) [ v_length - 1 >= 0 /\\ v_i.1 + v_length - 1 >= 0 /\\ -v_i.1 + v_length - 1 >= 0 /\\ v_i.0 + v_length - 1 >= 0 /\\ -v_i.0 + v_length - 1 >= 0 /\\ v_i.0 - v_i.1 >= 0 /\\ v_i.1 >= 0 /\\ v_i.0 + v_i.1 >= 0 /\\ v_i.0 >= 0 /\\ v_i.1 = 0 ]", 0-3) = v_length
	S("eval_id3_field_setstrings_bb5_in(v_20, v_i.0, v_i.1, v_length) -> Com_1(eval_id3_field_setstrings_17(v_i.1 - 1, v_i.0, v_i.1, v_length)) [ v_length - 1 >= 0 /\\ v_i.1 + v_length - 1 >= 0 /\\ -v_i.1 + v_length - 1 >= 0 /\\ v_i.0 + v_length - 1 >= 0 /\\ -v_i.0 + v_length - 1 >= 0 /\\ v_i.0 - v_i.1 >= 0 /\\ v_i.1 >= 0 /\\ v_i.0 + v_i.1 >= 0 /\\ v_i.0 >= 0 /\\ v_i.1 > 0 ]", 0-0) = v_length
	S("eval_id3_field_setstrings_bb5_in(v_20, v_i.0, v_i.1, v_length) -> Com_1(eval_id3_field_setstrings_17(v_i.1 - 1, v_i.0, v_i.1, v_length)) [ v_length - 1 >= 0 /\\ v_i.1 + v_length - 1 >= 0 /\\ -v_i.1 + v_length - 1 >= 0 /\\ v_i.0 + v_length - 1 >= 0 /\\ -v_i.0 + v_length - 1 >= 0 /\\ v_i.0 - v_i.1 >= 0 /\\ v_i.1 >= 0 /\\ v_i.0 + v_i.1 >= 0 /\\ v_i.0 >= 0 /\\ v_i.1 > 0 ]", 0-1) = v_length
	S("eval_id3_field_setstrings_bb5_in(v_20, v_i.0, v_i.1, v_length) -> Com_1(eval_id3_field_setstrings_17(v_i.1 - 1, v_i.0, v_i.1, v_length)) [ v_length - 1 >= 0 /\\ v_i.1 + v_length - 1 >= 0 /\\ -v_i.1 + v_length - 1 >= 0 /\\ v_i.0 + v_length - 1 >= 0 /\\ -v_i.0 + v_length - 1 >= 0 /\\ v_i.0 - v_i.1 >= 0 /\\ v_i.1 >= 0 /\\ v_i.0 + v_i.1 >= 0 /\\ v_i.0 >= 0 /\\ v_i.1 > 0 ]", 0-2) = v_length
	S("eval_id3_field_setstrings_bb5_in(v_20, v_i.0, v_i.1, v_length) -> Com_1(eval_id3_field_setstrings_17(v_i.1 - 1, v_i.0, v_i.1, v_length)) [ v_length - 1 >= 0 /\\ v_i.1 + v_length - 1 >= 0 /\\ -v_i.1 + v_length - 1 >= 0 /\\ v_i.0 + v_length - 1 >= 0 /\\ -v_i.0 + v_length - 1 >= 0 /\\ v_i.0 - v_i.1 >= 0 /\\ v_i.1 >= 0 /\\ v_i.0 + v_i.1 >= 0 /\\ v_i.0 >= 0 /\\ v_i.1 > 0 ]", 0-3) = v_length
	S("eval_id3_field_setstrings_10(v_20, v_i.0, v_i.1, v_length) -> Com_1(eval_id3_field_setstrings_bb3_in(v_20, v_i.0 + 1, v_i.1, v_length)) [ v_length - 1 >= 0 /\\ v_i.0 + v_length - 1 >= 0 /\\ -v_i.0 + v_length - 1 >= 0 /\\ v_i.0 >= 0 ]", 0-0) = v_20
	S("eval_id3_field_setstrings_10(v_20, v_i.0, v_i.1, v_length) -> Com_1(eval_id3_field_setstrings_bb3_in(v_20, v_i.0 + 1, v_i.1, v_length)) [ v_length - 1 >= 0 /\\ v_i.0 + v_length - 1 >= 0 /\\ -v_i.0 + v_length - 1 >= 0 /\\ v_i.0 >= 0 ]", 0-1) = v_length
	S("eval_id3_field_setstrings_10(v_20, v_i.0, v_i.1, v_length) -> Com_1(eval_id3_field_setstrings_bb3_in(v_20, v_i.0 + 1, v_i.1, v_length)) [ v_length - 1 >= 0 /\\ v_i.0 + v_length - 1 >= 0 /\\ -v_i.0 + v_length - 1 >= 0 /\\ v_i.0 >= 0 ]", 0-2) = v_i.1
	S("eval_id3_field_setstrings_10(v_20, v_i.0, v_i.1, v_length) -> Com_1(eval_id3_field_setstrings_bb3_in(v_20, v_i.0 + 1, v_i.1, v_length)) [ v_length - 1 >= 0 /\\ v_i.0 + v_length - 1 >= 0 /\\ -v_i.0 + v_length - 1 >= 0 /\\ v_i.0 >= 0 ]", 0-3) = v_length
	S("eval_id3_field_setstrings_10(v_20, v_i.0, v_i.1, v_length) -> Com_1(eval_id3_field_setstrings_bb5_in(v_20, v_i.0, v_i.0, v_length)) [ v_length - 1 >= 0 /\\ v_i.0 + v_length - 1 >= 0 /\\ -v_i.0 + v_length - 1 >= 0 /\\ v_i.0 >= 0 ]", 0-0) = v_20
	S("eval_id3_field_setstrings_10(v_20, v_i.0, v_i.1, v_length) -> Com_1(eval_id3_field_setstrings_bb5_in(v_20, v_i.0, v_i.0, v_length)) [ v_length - 1 >= 0 /\\ v_i.0 + v_length - 1 >= 0 /\\ -v_i.0 + v_length - 1 >= 0 /\\ v_i.0 >= 0 ]", 0-1) = v_length
	S("eval_id3_field_setstrings_10(v_20, v_i.0, v_i.1, v_length) -> Com_1(eval_id3_field_setstrings_bb5_in(v_20, v_i.0, v_i.0, v_length)) [ v_length - 1 >= 0 /\\ v_i.0 + v_length - 1 >= 0 /\\ -v_i.0 + v_length - 1 >= 0 /\\ v_i.0 >= 0 ]", 0-2) = v_length
	S("eval_id3_field_setstrings_10(v_20, v_i.0, v_i.1, v_length) -> Com_1(eval_id3_field_setstrings_bb5_in(v_20, v_i.0, v_i.0, v_length)) [ v_length - 1 >= 0 /\\ v_i.0 + v_length - 1 >= 0 /\\ -v_i.0 + v_length - 1 >= 0 /\\ v_i.0 >= 0 ]", 0-3) = v_length
	S("eval_id3_field_setstrings_9(v_20, v_i.0, v_i.1, v_length) -> Com_2(eval_id3_ucs4_duplicate_start(v_20, v_i.0, v_i.1, v_length), eval_id3_field_setstrings_10(v_20, v_i.0, v_i.1, v_length)) [ v_length - 1 >= 0 /\\ v_i.0 + v_length - 1 >= 0 /\\ -v_i.0 + v_length - 1 >= 0 /\\ v_i.0 >= 0 ]", 0-0) = v_20
	S("eval_id3_field_setstrings_9(v_20, v_i.0, v_i.1, v_length) -> Com_2(eval_id3_ucs4_duplicate_start(v_20, v_i.0, v_i.1, v_length), eval_id3_field_setstrings_10(v_20, v_i.0, v_i.1, v_length)) [ v_length - 1 >= 0 /\\ v_i.0 + v_length - 1 >= 0 /\\ -v_i.0 + v_length - 1 >= 0 /\\ v_i.0 >= 0 ]", 0-1) = v_length
	S("eval_id3_field_setstrings_9(v_20, v_i.0, v_i.1, v_length) -> Com_2(eval_id3_ucs4_duplicate_start(v_20, v_i.0, v_i.1, v_length), eval_id3_field_setstrings_10(v_20, v_i.0, v_i.1, v_length)) [ v_length - 1 >= 0 /\\ v_i.0 + v_length - 1 >= 0 /\\ -v_i.0 + v_length - 1 >= 0 /\\ v_i.0 >= 0 ]", 0-2) = v_i.1
	S("eval_id3_field_setstrings_9(v_20, v_i.0, v_i.1, v_length) -> Com_2(eval_id3_ucs4_duplicate_start(v_20, v_i.0, v_i.1, v_length), eval_id3_field_setstrings_10(v_20, v_i.0, v_i.1, v_length)) [ v_length - 1 >= 0 /\\ v_i.0 + v_length - 1 >= 0 /\\ -v_i.0 + v_length - 1 >= 0 /\\ v_i.0 >= 0 ]", 0-3) = v_length
	S("eval_id3_field_setstrings_9(v_20, v_i.0, v_i.1, v_length) -> Com_2(eval_id3_ucs4_duplicate_start(v_20, v_i.0, v_i.1, v_length), eval_id3_field_setstrings_10(v_20, v_i.0, v_i.1, v_length)) [ v_length - 1 >= 0 /\\ v_i.0 + v_length - 1 >= 0 /\\ -v_i.0 + v_length - 1 >= 0 /\\ v_i.0 >= 0 ]", 1-0) = v_20
	S("eval_id3_field_setstrings_9(v_20, v_i.0, v_i.1, v_length) -> Com_2(eval_id3_ucs4_duplicate_start(v_20, v_i.0, v_i.1, v_length), eval_id3_field_setstrings_10(v_20, v_i.0, v_i.1, v_length)) [ v_length - 1 >= 0 /\\ v_i.0 + v_length - 1 >= 0 /\\ -v_i.0 + v_length - 1 >= 0 /\\ v_i.0 >= 0 ]", 1-1) = v_length
	S("eval_id3_field_setstrings_9(v_20, v_i.0, v_i.1, v_length) -> Com_2(eval_id3_ucs4_duplicate_start(v_20, v_i.0, v_i.1, v_length), eval_id3_field_setstrings_10(v_20, v_i.0, v_i.1, v_length)) [ v_length - 1 >= 0 /\\ v_i.0 + v_length - 1 >= 0 /\\ -v_i.0 + v_length - 1 >= 0 /\\ v_i.0 >= 0 ]", 1-2) = v_i.1
	S("eval_id3_field_setstrings_9(v_20, v_i.0, v_i.1, v_length) -> Com_2(eval_id3_ucs4_duplicate_start(v_20, v_i.0, v_i.1, v_length), eval_id3_field_setstrings_10(v_20, v_i.0, v_i.1, v_length)) [ v_length - 1 >= 0 /\\ v_i.0 + v_length - 1 >= 0 /\\ -v_i.0 + v_length - 1 >= 0 /\\ v_i.0 >= 0 ]", 1-3) = v_length
	S("eval_id3_field_setstrings_bb3_in(v_20, v_i.0, v_i.1, v_length) -> Com_1(eval_id3_field_setstrings_bb10_in(v_20, v_i.0, v_i.1, v_length)) [ v_i.0 >= 0 /\\ v_i.0 >= v_length ]", 0-0) = v_20
	S("eval_id3_field_setstrings_bb3_in(v_20, v_i.0, v_i.1, v_length) -> Com_1(eval_id3_field_setstrings_bb10_in(v_20, v_i.0, v_i.1, v_length)) [ v_i.0 >= 0 /\\ v_i.0 >= v_length ]", 0-1) = v_length
	S("eval_id3_field_setstrings_bb3_in(v_20, v_i.0, v_i.1, v_length) -> Com_1(eval_id3_field_setstrings_bb10_in(v_20, v_i.0, v_i.1, v_length)) [ v_i.0 >= 0 /\\ v_i.0 >= v_length ]", 0-2) = v_i.1
	S("eval_id3_field_setstrings_bb3_in(v_20, v_i.0, v_i.1, v_length) -> Com_1(eval_id3_field_setstrings_bb10_in(v_20, v_i.0, v_i.1, v_length)) [ v_i.0 >= 0 /\\ v_i.0 >= v_length ]", 0-3) = v_length
	S("eval_id3_field_setstrings_bb3_in(v_20, v_i.0, v_i.1, v_length) -> Com_1(eval_id3_field_setstrings_9(v_20, v_i.0, v_i.1, v_length)) [ v_i.0 >= 0 /\\ v_i.0 < v_length ]", 0-0) = v_20
	S("eval_id3_field_setstrings_bb3_in(v_20, v_i.0, v_i.1, v_length) -> Com_1(eval_id3_field_setstrings_9(v_20, v_i.0, v_i.1, v_length)) [ v_i.0 >= 0 /\\ v_i.0 < v_length ]", 0-1) = v_length
	S("eval_id3_field_setstrings_bb3_in(v_20, v_i.0, v_i.1, v_length) -> Com_1(eval_id3_field_setstrings_9(v_20, v_i.0, v_i.1, v_length)) [ v_i.0 >= 0 /\\ v_i.0 < v_length ]", 0-2) = v_i.1
	S("eval_id3_field_setstrings_bb3_in(v_20, v_i.0, v_i.1, v_length) -> Com_1(eval_id3_field_setstrings_9(v_20, v_i.0, v_i.1, v_length)) [ v_i.0 >= 0 /\\ v_i.0 < v_length ]", 0-3) = v_length
	S("eval_id3_field_setstrings_7(v_20, v_i.0, v_i.1, v_length) -> Com_1(eval_id3_field_setstrings_bb3_in(v_20, 0, v_i.1, v_length))", 0-0) = v_20
	S("eval_id3_field_setstrings_7(v_20, v_i.0, v_i.1, v_length) -> Com_1(eval_id3_field_setstrings_bb3_in(v_20, 0, v_i.1, v_length))", 0-1) = 0
	S("eval_id3_field_setstrings_7(v_20, v_i.0, v_i.1, v_length) -> Com_1(eval_id3_field_setstrings_bb3_in(v_20, 0, v_i.1, v_length))", 0-2) = v_i.1
	S("eval_id3_field_setstrings_7(v_20, v_i.0, v_i.1, v_length) -> Com_1(eval_id3_field_setstrings_bb3_in(v_20, 0, v_i.1, v_length))", 0-3) = v_length
	S("eval_id3_field_setstrings_7(v_20, v_i.0, v_i.1, v_length) -> Com_1(eval_id3_field_setstrings_bb10_in(v_20, v_i.0, v_i.1, v_length))", 0-0) = v_20
	S("eval_id3_field_setstrings_7(v_20, v_i.0, v_i.1, v_length) -> Com_1(eval_id3_field_setstrings_bb10_in(v_20, v_i.0, v_i.1, v_length))", 0-1) = v_i.0
	S("eval_id3_field_setstrings_7(v_20, v_i.0, v_i.1, v_length) -> Com_1(eval_id3_field_setstrings_bb10_in(v_20, v_i.0, v_i.1, v_length))", 0-2) = v_i.1
	S("eval_id3_field_setstrings_7(v_20, v_i.0, v_i.1, v_length) -> Com_1(eval_id3_field_setstrings_bb10_in(v_20, v_i.0, v_i.1, v_length))", 0-3) = v_length
	S("eval_id3_field_setstrings_6(v_20, v_i.0, v_i.1, v_length) -> Com_2(eval_malloc_start(v_20, v_i.0, v_i.1, v_length), eval_id3_field_setstrings_7(v_20, v_i.0, v_i.1, v_length))", 0-0) = v_20
	S("eval_id3_field_setstrings_6(v_20, v_i.0, v_i.1, v_length) -> Com_2(eval_malloc_start(v_20, v_i.0, v_i.1, v_length), eval_id3_field_setstrings_7(v_20, v_i.0, v_i.1, v_length))", 0-1) = v_i.0
	S("eval_id3_field_setstrings_6(v_20, v_i.0, v_i.1, v_length) -> Com_2(eval_malloc_start(v_20, v_i.0, v_i.1, v_length), eval_id3_field_setstrings_7(v_20, v_i.0, v_i.1, v_length))", 0-2) = v_i.1
	S("eval_id3_field_setstrings_6(v_20, v_i.0, v_i.1, v_length) -> Com_2(eval_malloc_start(v_20, v_i.0, v_i.1, v_length), eval_id3_field_setstrings_7(v_20, v_i.0, v_i.1, v_length))", 0-3) = v_length
	S("eval_id3_field_setstrings_6(v_20, v_i.0, v_i.1, v_length) -> Com_2(eval_malloc_start(v_20, v_i.0, v_i.1, v_length), eval_id3_field_setstrings_7(v_20, v_i.0, v_i.1, v_length))", 1-0) = v_20
	S("eval_id3_field_setstrings_6(v_20, v_i.0, v_i.1, v_length) -> Com_2(eval_malloc_start(v_20, v_i.0, v_i.1, v_length), eval_id3_field_setstrings_7(v_20, v_i.0, v_i.1, v_length))", 1-1) = v_i.0
	S("eval_id3_field_setstrings_6(v_20, v_i.0, v_i.1, v_length) -> Com_2(eval_malloc_start(v_20, v_i.0, v_i.1, v_length), eval_id3_field_setstrings_7(v_20, v_i.0, v_i.1, v_length))", 1-2) = v_i.1
	S("eval_id3_field_setstrings_6(v_20, v_i.0, v_i.1, v_length) -> Com_2(eval_malloc_start(v_20, v_i.0, v_i.1, v_length), eval_id3_field_setstrings_7(v_20, v_i.0, v_i.1, v_length))", 1-3) = v_length
	S("eval_id3_field_setstrings_3(v_20, v_i.0, v_i.1, v_length) -> Com_1(eval_id3_field_setstrings_6(v_20, v_i.0, v_i.1, v_length))", 0-0) = v_20
	S("eval_id3_field_setstrings_3(v_20, v_i.0, v_i.1, v_length) -> Com_1(eval_id3_field_setstrings_6(v_20, v_i.0, v_i.1, v_length))", 0-1) = v_i.0
	S("eval_id3_field_setstrings_3(v_20, v_i.0, v_i.1, v_length) -> Com_1(eval_id3_field_setstrings_6(v_20, v_i.0, v_i.1, v_length))", 0-2) = v_i.1
	S("eval_id3_field_setstrings_3(v_20, v_i.0, v_i.1, v_length) -> Com_1(eval_id3_field_setstrings_6(v_20, v_i.0, v_i.1, v_length))", 0-3) = v_length
	S("eval_id3_field_setstrings_3(v_20, v_i.0, v_i.1, v_length) -> Com_1(eval_id3_field_setstrings_bb10_in(v_20, v_i.0, v_i.1, v_length))", 0-0) = v_20
	S("eval_id3_field_setstrings_3(v_20, v_i.0, v_i.1, v_length) -> Com_1(eval_id3_field_setstrings_bb10_in(v_20, v_i.0, v_i.1, v_length))", 0-1) = v_i.0
	S("eval_id3_field_setstrings_3(v_20, v_i.0, v_i.1, v_length) -> Com_1(eval_id3_field_setstrings_bb10_in(v_20, v_i.0, v_i.1, v_length))", 0-2) = v_i.1
	S("eval_id3_field_setstrings_3(v_20, v_i.0, v_i.1, v_length) -> Com_1(eval_id3_field_setstrings_bb10_in(v_20, v_i.0, v_i.1, v_length))", 0-3) = v_length
	S("eval_id3_field_setstrings_2(v_20, v_i.0, v_i.1, v_length) -> Com_2(eval_id3_field_finish_start(v_20, v_i.0, v_i.1, v_length), eval_id3_field_setstrings_3(v_20, v_i.0, v_i.1, v_length))", 0-0) = v_20
	S("eval_id3_field_setstrings_2(v_20, v_i.0, v_i.1, v_length) -> Com_2(eval_id3_field_finish_start(v_20, v_i.0, v_i.1, v_length), eval_id3_field_setstrings_3(v_20, v_i.0, v_i.1, v_length))", 0-1) = v_i.0
	S("eval_id3_field_setstrings_2(v_20, v_i.0, v_i.1, v_length) -> Com_2(eval_id3_field_finish_start(v_20, v_i.0, v_i.1, v_length), eval_id3_field_setstrings_3(v_20, v_i.0, v_i.1, v_length))", 0-2) = v_i.1
	S("eval_id3_field_setstrings_2(v_20, v_i.0, v_i.1, v_length) -> Com_2(eval_id3_field_finish_start(v_20, v_i.0, v_i.1, v_length), eval_id3_field_setstrings_3(v_20, v_i.0, v_i.1, v_length))", 0-3) = v_length
	S("eval_id3_field_setstrings_2(v_20, v_i.0, v_i.1, v_length) -> Com_2(eval_id3_field_finish_start(v_20, v_i.0, v_i.1, v_length), eval_id3_field_setstrings_3(v_20, v_i.0, v_i.1, v_length))", 1-0) = v_20
	S("eval_id3_field_setstrings_2(v_20, v_i.0, v_i.1, v_length) -> Com_2(eval_id3_field_finish_start(v_20, v_i.0, v_i.1, v_length), eval_id3_field_setstrings_3(v_20, v_i.0, v_i.1, v_length))", 1-1) = v_i.0
	S("eval_id3_field_setstrings_2(v_20, v_i.0, v_i.1, v_length) -> Com_2(eval_id3_field_finish_start(v_20, v_i.0, v_i.1, v_length), eval_id3_field_setstrings_3(v_20, v_i.0, v_i.1, v_length))", 1-2) = v_i.1
	S("eval_id3_field_setstrings_2(v_20, v_i.0, v_i.1, v_length) -> Com_2(eval_id3_field_finish_start(v_20, v_i.0, v_i.1, v_length), eval_id3_field_setstrings_3(v_20, v_i.0, v_i.1, v_length))", 1-3) = v_length
	S("eval_id3_field_setstrings_bb0_in(v_20, v_i.0, v_i.1, v_length) -> Com_1(eval_id3_field_setstrings_2(v_20, v_i.0, v_i.1, v_length))", 0-0) = v_20
	S("eval_id3_field_setstrings_bb0_in(v_20, v_i.0, v_i.1, v_length) -> Com_1(eval_id3_field_setstrings_2(v_20, v_i.0, v_i.1, v_length))", 0-1) = v_i.0
	S("eval_id3_field_setstrings_bb0_in(v_20, v_i.0, v_i.1, v_length) -> Com_1(eval_id3_field_setstrings_2(v_20, v_i.0, v_i.1, v_length))", 0-2) = v_i.1
	S("eval_id3_field_setstrings_bb0_in(v_20, v_i.0, v_i.1, v_length) -> Com_1(eval_id3_field_setstrings_2(v_20, v_i.0, v_i.1, v_length))", 0-3) = v_length
	S("eval_id3_field_setstrings_bb0_in(v_20, v_i.0, v_i.1, v_length) -> Com_1(eval_id3_field_setstrings_bb10_in(v_20, v_i.0, v_i.1, v_length))", 0-0) = v_20
	S("eval_id3_field_setstrings_bb0_in(v_20, v_i.0, v_i.1, v_length) -> Com_1(eval_id3_field_setstrings_bb10_in(v_20, v_i.0, v_i.1, v_length))", 0-1) = v_i.0
	S("eval_id3_field_setstrings_bb0_in(v_20, v_i.0, v_i.1, v_length) -> Com_1(eval_id3_field_setstrings_bb10_in(v_20, v_i.0, v_i.1, v_length))", 0-2) = v_i.1
	S("eval_id3_field_setstrings_bb0_in(v_20, v_i.0, v_i.1, v_length) -> Com_1(eval_id3_field_setstrings_bb10_in(v_20, v_i.0, v_i.1, v_length))", 0-3) = v_length
	S("eval_id3_field_setstrings_start(v_20, v_i.0, v_i.1, v_length) -> Com_1(eval_id3_field_setstrings_bb0_in(v_20, v_i.0, v_i.1, v_length))", 0-0) = v_20
	S("eval_id3_field_setstrings_start(v_20, v_i.0, v_i.1, v_length) -> Com_1(eval_id3_field_setstrings_bb0_in(v_20, v_i.0, v_i.1, v_length))", 0-1) = v_i.0
	S("eval_id3_field_setstrings_start(v_20, v_i.0, v_i.1, v_length) -> Com_1(eval_id3_field_setstrings_bb0_in(v_20, v_i.0, v_i.1, v_length))", 0-2) = v_i.1
	S("eval_id3_field_setstrings_start(v_20, v_i.0, v_i.1, v_length) -> Com_1(eval_id3_field_setstrings_bb0_in(v_20, v_i.0, v_i.1, v_length))", 0-3) = v_length
orients the transitions
	eval_id3_field_setstrings_bb5_in(v_20, v_i.0, v_i.1, v_length) -> Com_1(eval_id3_field_setstrings_17(v_i.1 - 1, v_i.0, v_i.1, v_length)) [ v_length - 1 >= 0 /\ v_i.1 + v_length - 1 >= 0 /\ -v_i.1 + v_length - 1 >= 0 /\ v_i.0 + v_length - 1 >= 0 /\ -v_i.0 + v_length - 1 >= 0 /\ v_i.0 - v_i.1 >= 0 /\ v_i.1 >= 0 /\ v_i.0 + v_i.1 >= 0 /\ v_i.0 >= 0 /\ v_i.1 > 0 ]
	eval_id3_field_setstrings_bb3_in(v_20, v_i.0, v_i.1, v_length) -> Com_1(eval_id3_field_setstrings_9(v_20, v_i.0, v_i.1, v_length)) [ v_i.0 >= 0 /\ v_i.0 < v_length ]
	eval_id3_field_setstrings_9(v_20, v_i.0, v_i.1, v_length) -> Com_2(eval_id3_ucs4_duplicate_start(v_20, v_i.0, v_i.1, v_length), eval_id3_field_setstrings_10(v_20, v_i.0, v_i.1, v_length)) [ v_length - 1 >= 0 /\ v_i.0 + v_length - 1 >= 0 /\ -v_i.0 + v_length - 1 >= 0 /\ v_i.0 >= 0 ]
	eval_id3_field_setstrings_18(v_20, v_i.0, v_i.1, v_length) -> Com_1(eval_id3_field_setstrings_bb5_in(v_20, v_i.0, v_20, v_length)) [ v_length - 2 >= 0 /\ v_i.1 + v_length - 3 >= 0 /\ -v_i.1 + v_length - 1 >= 0 /\ v_i.0 + v_length - 3 >= 0 /\ -v_i.0 + v_length - 1 >= 0 /\ v_20 + v_length - 2 >= 0 /\ -v_20 + v_length - 2 >= 0 /\ v_i.0 - v_i.1 >= 0 /\ v_20 - v_i.1 + 1 >= 0 /\ v_i.1 - 1 >= 0 /\ v_i.0 + v_i.1 - 2 >= 0 /\ v_20 + v_i.1 - 1 >= 0 /\ -v_20 + v_i.1 - 1 >= 0 /\ v_i.0 - 1 >= 0 /\ v_20 + v_i.0 - 1 >= 0 /\ -v_20 + v_i.0 - 1 >= 0 /\ v_20 >= 0 ]
	eval_id3_field_setstrings_17(v_20, v_i.0, v_i.1, v_length) -> Com_2(eval_free_start(v_20, v_i.0, v_i.1, v_length), eval_id3_field_setstrings_18(v_20, v_i.0, v_i.1, v_length)) [ v_length - 2 >= 0 /\ v_i.1 + v_length - 3 >= 0 /\ -v_i.1 + v_length - 1 >= 0 /\ v_i.0 + v_length - 3 >= 0 /\ -v_i.0 + v_length - 1 >= 0 /\ v_20 + v_length - 2 >= 0 /\ -v_20 + v_length - 2 >= 0 /\ v_i.0 - v_i.1 >= 0 /\ v_20 - v_i.1 + 1 >= 0 /\ v_i.1 - 1 >= 0 /\ v_i.0 + v_i.1 - 2 >= 0 /\ v_20 + v_i.1 - 1 >= 0 /\ -v_20 + v_i.1 - 1 >= 0 /\ v_i.0 - 1 >= 0 /\ v_20 + v_i.0 - 1 >= 0 /\ -v_20 + v_i.0 - 1 >= 0 /\ v_20 >= 0 ]
	eval_id3_field_setstrings_10(v_20, v_i.0, v_i.1, v_length) -> Com_1(eval_id3_field_setstrings_bb3_in(v_20, v_i.0 + 1, v_i.1, v_length)) [ v_length - 1 >= 0 /\ v_i.0 + v_length - 1 >= 0 /\ -v_i.0 + v_length - 1 >= 0 /\ v_i.0 >= 0 ]
weakly and the transitions
	eval_id3_field_setstrings_bb5_in(v_20, v_i.0, v_i.1, v_length) -> Com_1(eval_id3_field_setstrings_17(v_i.1 - 1, v_i.0, v_i.1, v_length)) [ v_length - 1 >= 0 /\ v_i.1 + v_length - 1 >= 0 /\ -v_i.1 + v_length - 1 >= 0 /\ v_i.0 + v_length - 1 >= 0 /\ -v_i.0 + v_length - 1 >= 0 /\ v_i.0 - v_i.1 >= 0 /\ v_i.1 >= 0 /\ v_i.0 + v_i.1 >= 0 /\ v_i.0 >= 0 /\ v_i.1 > 0 ]
	eval_id3_field_setstrings_bb3_in(v_20, v_i.0, v_i.1, v_length) -> Com_1(eval_id3_field_setstrings_9(v_20, v_i.0, v_i.1, v_length)) [ v_i.0 >= 0 /\ v_i.0 < v_length ]
	eval_id3_field_setstrings_9(v_20, v_i.0, v_i.1, v_length) -> Com_2(eval_id3_ucs4_duplicate_start(v_20, v_i.0, v_i.1, v_length), eval_id3_field_setstrings_10(v_20, v_i.0, v_i.1, v_length)) [ v_length - 1 >= 0 /\ v_i.0 + v_length - 1 >= 0 /\ -v_i.0 + v_length - 1 >= 0 /\ v_i.0 >= 0 ]
	eval_id3_field_setstrings_18(v_20, v_i.0, v_i.1, v_length) -> Com_1(eval_id3_field_setstrings_bb5_in(v_20, v_i.0, v_20, v_length)) [ v_length - 2 >= 0 /\ v_i.1 + v_length - 3 >= 0 /\ -v_i.1 + v_length - 1 >= 0 /\ v_i.0 + v_length - 3 >= 0 /\ -v_i.0 + v_length - 1 >= 0 /\ v_20 + v_length - 2 >= 0 /\ -v_20 + v_length - 2 >= 0 /\ v_i.0 - v_i.1 >= 0 /\ v_20 - v_i.1 + 1 >= 0 /\ v_i.1 - 1 >= 0 /\ v_i.0 + v_i.1 - 2 >= 0 /\ v_20 + v_i.1 - 1 >= 0 /\ -v_20 + v_i.1 - 1 >= 0 /\ v_i.0 - 1 >= 0 /\ v_20 + v_i.0 - 1 >= 0 /\ -v_20 + v_i.0 - 1 >= 0 /\ v_20 >= 0 ]
	eval_id3_field_setstrings_17(v_20, v_i.0, v_i.1, v_length) -> Com_2(eval_free_start(v_20, v_i.0, v_i.1, v_length), eval_id3_field_setstrings_18(v_20, v_i.0, v_i.1, v_length)) [ v_length - 2 >= 0 /\ v_i.1 + v_length - 3 >= 0 /\ -v_i.1 + v_length - 1 >= 0 /\ v_i.0 + v_length - 3 >= 0 /\ -v_i.0 + v_length - 1 >= 0 /\ v_20 + v_length - 2 >= 0 /\ -v_20 + v_length - 2 >= 0 /\ v_i.0 - v_i.1 >= 0 /\ v_20 - v_i.1 + 1 >= 0 /\ v_i.1 - 1 >= 0 /\ v_i.0 + v_i.1 - 2 >= 0 /\ v_20 + v_i.1 - 1 >= 0 /\ -v_20 + v_i.1 - 1 >= 0 /\ v_i.0 - 1 >= 0 /\ v_20 + v_i.0 - 1 >= 0 /\ -v_20 + v_i.0 - 1 >= 0 /\ v_20 >= 0 ]
	eval_id3_field_setstrings_10(v_20, v_i.0, v_i.1, v_length) -> Com_1(eval_id3_field_setstrings_bb3_in(v_20, v_i.0 + 1, v_i.1, v_length)) [ v_length - 1 >= 0 /\ v_i.0 + v_length - 1 >= 0 /\ -v_i.0 + v_length - 1 >= 0 /\ v_i.0 >= 0 ]
strictly and produces the following problem:
7:	T:
		(1, 1)                  eval_id3_field_setstrings_start(v_20, v_i.0, v_i.1, v_length) -> Com_1(eval_id3_field_setstrings_bb0_in(v_20, v_i.0, v_i.1, v_length))
		(1, 1)                  eval_id3_field_setstrings_bb0_in(v_20, v_i.0, v_i.1, v_length) -> Com_1(eval_id3_field_setstrings_bb10_in(v_20, v_i.0, v_i.1, v_length))
		(1, 1)                  eval_id3_field_setstrings_bb0_in(v_20, v_i.0, v_i.1, v_length) -> Com_1(eval_id3_field_setstrings_2(v_20, v_i.0, v_i.1, v_length))
		(1, 1)                  eval_id3_field_setstrings_2(v_20, v_i.0, v_i.1, v_length) -> Com_2(eval_id3_field_finish_start(v_20, v_i.0, v_i.1, v_length), eval_id3_field_setstrings_3(v_20, v_i.0, v_i.1, v_length))
		(1, 1)                  eval_id3_field_setstrings_3(v_20, v_i.0, v_i.1, v_length) -> Com_1(eval_id3_field_setstrings_bb10_in(v_20, v_i.0, v_i.1, v_length))
		(1, 1)                  eval_id3_field_setstrings_3(v_20, v_i.0, v_i.1, v_length) -> Com_1(eval_id3_field_setstrings_6(v_20, v_i.0, v_i.1, v_length))
		(1, 1)                  eval_id3_field_setstrings_6(v_20, v_i.0, v_i.1, v_length) -> Com_2(eval_malloc_start(v_20, v_i.0, v_i.1, v_length), eval_id3_field_setstrings_7(v_20, v_i.0, v_i.1, v_length))
		(1, 1)                  eval_id3_field_setstrings_7(v_20, v_i.0, v_i.1, v_length) -> Com_1(eval_id3_field_setstrings_bb10_in(v_20, v_i.0, v_i.1, v_length))
		(1, 1)                  eval_id3_field_setstrings_7(v_20, v_i.0, v_i.1, v_length) -> Com_1(eval_id3_field_setstrings_bb3_in(v_20, 0, v_i.1, v_length))
		(18*v_length + 1, 1)    eval_id3_field_setstrings_bb3_in(v_20, v_i.0, v_i.1, v_length) -> Com_1(eval_id3_field_setstrings_9(v_20, v_i.0, v_i.1, v_length)) [ v_i.0 >= 0 /\ v_i.0 < v_length ]
		(5, 1)                  eval_id3_field_setstrings_bb3_in(v_20, v_i.0, v_i.1, v_length) -> Com_1(eval_id3_field_setstrings_bb10_in(v_20, v_i.0, v_i.1, v_length)) [ v_i.0 >= 0 /\ v_i.0 >= v_length ]
		(18*v_length + 1, 1)    eval_id3_field_setstrings_9(v_20, v_i.0, v_i.1, v_length) -> Com_2(eval_id3_ucs4_duplicate_start(v_20, v_i.0, v_i.1, v_length), eval_id3_field_setstrings_10(v_20, v_i.0, v_i.1, v_length)) [ v_length - 1 >= 0 /\ v_i.0 + v_length - 1 >= 0 /\ -v_i.0 + v_length - 1 >= 0 /\ v_i.0 >= 0 ]
		(5, 1)                  eval_id3_field_setstrings_10(v_20, v_i.0, v_i.1, v_length) -> Com_1(eval_id3_field_setstrings_bb5_in(v_20, v_i.0, v_i.0, v_length)) [ v_length - 1 >= 0 /\ v_i.0 + v_length - 1 >= 0 /\ -v_i.0 + v_length - 1 >= 0 /\ v_i.0 >= 0 ]
		(18*v_length + 1, 1)    eval_id3_field_setstrings_10(v_20, v_i.0, v_i.1, v_length) -> Com_1(eval_id3_field_setstrings_bb3_in(v_20, v_i.0 + 1, v_i.1, v_length)) [ v_length - 1 >= 0 /\ v_i.0 + v_length - 1 >= 0 /\ -v_i.0 + v_length - 1 >= 0 /\ v_i.0 >= 0 ]
		(18*v_length + 1, 1)    eval_id3_field_setstrings_bb5_in(v_20, v_i.0, v_i.1, v_length) -> Com_1(eval_id3_field_setstrings_17(v_i.1 - 1, v_i.0, v_i.1, v_length)) [ v_length - 1 >= 0 /\ v_i.1 + v_length - 1 >= 0 /\ -v_i.1 + v_length - 1 >= 0 /\ v_i.0 + v_length - 1 >= 0 /\ -v_i.0 + v_length - 1 >= 0 /\ v_i.0 - v_i.1 >= 0 /\ v_i.1 >= 0 /\ v_i.0 + v_i.1 >= 0 /\ v_i.0 >= 0 /\ v_i.1 > 0 ]
		(5, 1)                  eval_id3_field_setstrings_bb5_in(v_20, v_i.0, v_i.1, v_length) -> Com_1(eval_id3_field_setstrings_19(v_20, v_i.0, v_i.1, v_length)) [ v_length - 1 >= 0 /\ v_i.1 + v_length - 1 >= 0 /\ -v_i.1 + v_length - 1 >= 0 /\ v_i.0 + v_length - 1 >= 0 /\ -v_i.0 + v_length - 1 >= 0 /\ v_i.0 - v_i.1 >= 0 /\ v_i.1 >= 0 /\ v_i.0 + v_i.1 >= 0 /\ v_i.0 >= 0 /\ v_i.1 = 0 ]
		(18*v_length + 1, 1)    eval_id3_field_setstrings_17(v_20, v_i.0, v_i.1, v_length) -> Com_2(eval_free_start(v_20, v_i.0, v_i.1, v_length), eval_id3_field_setstrings_18(v_20, v_i.0, v_i.1, v_length)) [ v_length - 2 >= 0 /\ v_i.1 + v_length - 3 >= 0 /\ -v_i.1 + v_length - 1 >= 0 /\ v_i.0 + v_length - 3 >= 0 /\ -v_i.0 + v_length - 1 >= 0 /\ v_20 + v_length - 2 >= 0 /\ -v_20 + v_length - 2 >= 0 /\ v_i.0 - v_i.1 >= 0 /\ v_20 - v_i.1 + 1 >= 0 /\ v_i.1 - 1 >= 0 /\ v_i.0 + v_i.1 - 2 >= 0 /\ v_20 + v_i.1 - 1 >= 0 /\ -v_20 + v_i.1 - 1 >= 0 /\ v_i.0 - 1 >= 0 /\ v_20 + v_i.0 - 1 >= 0 /\ -v_20 + v_i.0 - 1 >= 0 /\ v_20 >= 0 ]
		(18*v_length + 1, 1)    eval_id3_field_setstrings_18(v_20, v_i.0, v_i.1, v_length) -> Com_1(eval_id3_field_setstrings_bb5_in(v_20, v_i.0, v_20, v_length)) [ v_length - 2 >= 0 /\ v_i.1 + v_length - 3 >= 0 /\ -v_i.1 + v_length - 1 >= 0 /\ v_i.0 + v_length - 3 >= 0 /\ -v_i.0 + v_length - 1 >= 0 /\ v_20 + v_length - 2 >= 0 /\ -v_20 + v_length - 2 >= 0 /\ v_i.0 - v_i.1 >= 0 /\ v_20 - v_i.1 + 1 >= 0 /\ v_i.1 - 1 >= 0 /\ v_i.0 + v_i.1 - 2 >= 0 /\ v_20 + v_i.1 - 1 >= 0 /\ -v_20 + v_i.1 - 1 >= 0 /\ v_i.0 - 1 >= 0 /\ v_20 + v_i.0 - 1 >= 0 /\ -v_20 + v_i.0 - 1 >= 0 /\ v_20 >= 0 ]
		(5, 1)                  eval_id3_field_setstrings_19(v_20, v_i.0, v_i.1, v_length) -> Com_2(eval_free_start(v_20, v_i.0, v_i.1, v_length), eval_id3_field_setstrings_20(v_20, v_i.0, v_i.1, v_length)) [ v_length - 1 >= 0 /\ v_i.1 + v_length - 1 >= 0 /\ -v_i.1 + v_length - 1 >= 0 /\ v_i.0 + v_length - 1 >= 0 /\ -v_i.0 + v_length - 1 >= 0 /\ -v_i.1 >= 0 /\ v_i.0 - v_i.1 >= 0 /\ v_i.1 >= 0 /\ v_i.0 + v_i.1 >= 0 /\ v_i.0 >= 0 ]
		(5, 1)                  eval_id3_field_setstrings_20(v_20, v_i.0, v_i.1, v_length) -> Com_1(eval_id3_field_setstrings_bb10_in(v_20, v_i.0, v_i.1, v_length)) [ v_length - 1 >= 0 /\ v_i.1 + v_length - 1 >= 0 /\ -v_i.1 + v_length - 1 >= 0 /\ v_i.0 + v_length - 1 >= 0 /\ -v_i.0 + v_length - 1 >= 0 /\ -v_i.1 >= 0 /\ v_i.0 - v_i.1 >= 0 /\ v_i.1 >= 0 /\ v_i.0 + v_i.1 >= 0 /\ v_i.0 >= 0 ]
		(5, 1)                  eval_id3_field_setstrings_bb10_in(v_20, v_i.0, v_i.1, v_length) -> Com_1(eval_id3_field_setstrings_stop(v_20, v_i.0, v_i.1, v_length))
	start location:	eval_id3_field_setstrings_start
	leaf cost:	0

Complexity upper bound 108*v_length + 45

Time: 0.384 sec (SMT: 0.280 sec)
