YES(?, 29)

Initial complexity problem:
1:	T:
		(1, 1)    eval_transencode_coef_controller_start(v_i.0) -> Com_1(eval_transencode_coef_controller_bb0_in(v_i.0))
		(?, 1)    eval_transencode_coef_controller_bb0_in(v_i.0) -> Com_1(eval_transencode_coef_controller_0(v_i.0))
		(?, 1)    eval_transencode_coef_controller_0(v_i.0) -> Com_1(eval_transencode_coef_controller_1(v_i.0))
		(?, 1)    eval_transencode_coef_controller_1(v_i.0) -> Com_1(eval_transencode_coef_controller_5(v_i.0))
		(?, 1)    eval_transencode_coef_controller_5(v_i.0) -> Com_1(eval_transencode_coef_controller_6(v_i.0))
		(?, 1)    eval_transencode_coef_controller_6(v_i.0) -> Com_2(eval_jzero_far_start(v_i.0), eval_transencode_coef_controller_7(v_i.0))
		(?, 1)    eval_transencode_coef_controller_7(v_i.0) -> Com_1(eval_transencode_coef_controller_bb1_in(0))
		(?, 1)    eval_transencode_coef_controller_bb1_in(v_i.0) -> Com_1(eval_transencode_coef_controller_bb1_in(v_i.0 + 1)) [ v_i.0 < 10 ]
		(?, 1)    eval_transencode_coef_controller_bb1_in(v_i.0) -> Com_1(eval_transencode_coef_controller_stop(v_i.0)) [ v_i.0 >= 10 ]
	start location:	eval_transencode_coef_controller_start
	leaf cost:	0

Repeatedly propagating knowledge in problem 1 produces the following problem:
2:	T:
		(1, 1)    eval_transencode_coef_controller_start(v_i.0) -> Com_1(eval_transencode_coef_controller_bb0_in(v_i.0))
		(1, 1)    eval_transencode_coef_controller_bb0_in(v_i.0) -> Com_1(eval_transencode_coef_controller_0(v_i.0))
		(1, 1)    eval_transencode_coef_controller_0(v_i.0) -> Com_1(eval_transencode_coef_controller_1(v_i.0))
		(1, 1)    eval_transencode_coef_controller_1(v_i.0) -> Com_1(eval_transencode_coef_controller_5(v_i.0))
		(1, 1)    eval_transencode_coef_controller_5(v_i.0) -> Com_1(eval_transencode_coef_controller_6(v_i.0))
		(1, 1)    eval_transencode_coef_controller_6(v_i.0) -> Com_2(eval_jzero_far_start(v_i.0), eval_transencode_coef_controller_7(v_i.0))
		(1, 1)    eval_transencode_coef_controller_7(v_i.0) -> Com_1(eval_transencode_coef_controller_bb1_in(0))
		(?, 1)    eval_transencode_coef_controller_bb1_in(v_i.0) -> Com_1(eval_transencode_coef_controller_bb1_in(v_i.0 + 1)) [ v_i.0 < 10 ]
		(?, 1)    eval_transencode_coef_controller_bb1_in(v_i.0) -> Com_1(eval_transencode_coef_controller_stop(v_i.0)) [ v_i.0 >= 10 ]
	start location:	eval_transencode_coef_controller_start
	leaf cost:	0

A polynomial rank function with
	Pol(eval_transencode_coef_controller_start) = 11
	Pol(eval_transencode_coef_controller_bb0_in) = 11
	Pol(eval_transencode_coef_controller_0) = 11
	Pol(eval_transencode_coef_controller_1) = 11
	Pol(eval_transencode_coef_controller_5) = 11
	Pol(eval_transencode_coef_controller_6) = 11
	Pol(eval_jzero_far_start) = 0
	Pol(eval_transencode_coef_controller_7) = 11
	Pol(eval_transencode_coef_controller_bb1_in) = -V_1 + 11
	Pol(eval_transencode_coef_controller_stop) = -V_1 + 10
orients all transitions weakly and the transition
	eval_transencode_coef_controller_bb1_in(v_i.0) -> Com_1(eval_transencode_coef_controller_bb1_in(v_i.0 + 1)) [ v_i.0 < 10 ]
strictly and produces the following problem:
3:	T:
		(1, 1)     eval_transencode_coef_controller_start(v_i.0) -> Com_1(eval_transencode_coef_controller_bb0_in(v_i.0))
		(1, 1)     eval_transencode_coef_controller_bb0_in(v_i.0) -> Com_1(eval_transencode_coef_controller_0(v_i.0))
		(1, 1)     eval_transencode_coef_controller_0(v_i.0) -> Com_1(eval_transencode_coef_controller_1(v_i.0))
		(1, 1)     eval_transencode_coef_controller_1(v_i.0) -> Com_1(eval_transencode_coef_controller_5(v_i.0))
		(1, 1)     eval_transencode_coef_controller_5(v_i.0) -> Com_1(eval_transencode_coef_controller_6(v_i.0))
		(1, 1)     eval_transencode_coef_controller_6(v_i.0) -> Com_2(eval_jzero_far_start(v_i.0), eval_transencode_coef_controller_7(v_i.0))
		(1, 1)     eval_transencode_coef_controller_7(v_i.0) -> Com_1(eval_transencode_coef_controller_bb1_in(0))
		(11, 1)    eval_transencode_coef_controller_bb1_in(v_i.0) -> Com_1(eval_transencode_coef_controller_bb1_in(v_i.0 + 1)) [ v_i.0 < 10 ]
		(?, 1)     eval_transencode_coef_controller_bb1_in(v_i.0) -> Com_1(eval_transencode_coef_controller_stop(v_i.0)) [ v_i.0 >= 10 ]
	start location:	eval_transencode_coef_controller_start
	leaf cost:	0

Repeatedly propagating knowledge in problem 3 produces the following problem:
4:	T:
		(1, 1)     eval_transencode_coef_controller_start(v_i.0) -> Com_1(eval_transencode_coef_controller_bb0_in(v_i.0))
		(1, 1)     eval_transencode_coef_controller_bb0_in(v_i.0) -> Com_1(eval_transencode_coef_controller_0(v_i.0))
		(1, 1)     eval_transencode_coef_controller_0(v_i.0) -> Com_1(eval_transencode_coef_controller_1(v_i.0))
		(1, 1)     eval_transencode_coef_controller_1(v_i.0) -> Com_1(eval_transencode_coef_controller_5(v_i.0))
		(1, 1)     eval_transencode_coef_controller_5(v_i.0) -> Com_1(eval_transencode_coef_controller_6(v_i.0))
		(1, 1)     eval_transencode_coef_controller_6(v_i.0) -> Com_2(eval_jzero_far_start(v_i.0), eval_transencode_coef_controller_7(v_i.0))
		(1, 1)     eval_transencode_coef_controller_7(v_i.0) -> Com_1(eval_transencode_coef_controller_bb1_in(0))
		(11, 1)    eval_transencode_coef_controller_bb1_in(v_i.0) -> Com_1(eval_transencode_coef_controller_bb1_in(v_i.0 + 1)) [ v_i.0 < 10 ]
		(11, 1)    eval_transencode_coef_controller_bb1_in(v_i.0) -> Com_1(eval_transencode_coef_controller_stop(v_i.0)) [ v_i.0 >= 10 ]
	start location:	eval_transencode_coef_controller_start
	leaf cost:	0

Complexity upper bound 29

Time: 0.025 sec (SMT: 0.023 sec)
