MAYBE

Initial complexity problem:
1:	T:
		(1, 1)    eval_Fax3Encode_start(v_.02, v_40, v_44, v_54, v_55, v_cc, v_s) -> Com_1(eval_Fax3Encode_bb0_in(v_.02, v_40, v_44, v_54, v_55, v_cc, v_s))
		(?, 1)    eval_Fax3Encode_bb0_in(v_.02, v_40, v_44, v_54, v_55, v_cc, v_s) -> Com_1(eval_Fax3Encode_bb1_in(v_cc, v_40, v_44, v_54, v_55, v_cc, v_s))
		(?, 1)    eval_Fax3Encode_bb1_in(v_.02, v_40, v_44, v_54, v_55, v_cc, v_s) -> Com_1(eval_Fax3Encode_5(v_.02, v_40, v_44, v_54, v_55, v_cc, v_s)) [ v_.02 > 0 ]
		(?, 1)    eval_Fax3Encode_bb1_in(v_.02, v_40, v_44, v_54, v_55, v_cc, v_s) -> Com_1(eval_Fax3Encode_bb4_in(v_.02, v_40, v_44, v_54, v_55, v_cc, v_s)) [ v_.02 > 0 ]
		(?, 1)    eval_Fax3Encode_bb1_in(v_.02, v_40, v_44, v_54, v_55, v_cc, v_s) -> Com_1(eval_Fax3Encode_bb16_in(v_.02, v_40, v_44, v_54, v_55, v_cc, v_s)) [ v_.02 <= 0 ]
		(?, 1)    eval_Fax3Encode_5(v_.02, v_40, v_44, v_54, v_55, v_cc, v_s) -> Com_2(eval_Fax3PutEOL_start(v_.02, v_40, v_44, v_54, v_55, v_cc, v_s), eval_Fax3Encode_6(v_.02, v_40, v_44, v_54, v_55, v_cc, v_s))
		(?, 1)    eval_Fax3Encode_6(v_.02, v_40, v_44, v_54, v_55, v_cc, v_s) -> Com_1(eval_Fax3Encode_bb4_in(v_.02, v_40, v_44, v_54, v_55, v_cc, v_s))
		(?, 1)    eval_Fax3Encode_bb4_in(v_.02, v_40, v_44, v_54, v_55, v_cc, v_s) -> Com_1(eval_Fax3Encode_13(v_.02, nondef.5, v_44, v_54, v_55, v_cc, v_s))
		(?, 1)    eval_Fax3Encode_bb4_in(v_.02, v_40, v_44, v_54, v_55, v_cc, v_s) -> Com_1(eval_Fax3Encode_18(v_.02, v_40, nondef.7, v_54, v_55, v_cc, v_s))
		(?, 1)    eval_Fax3Encode_bb4_in(v_.02, v_40, v_44, v_54, v_55, v_cc, v_s) -> Com_1(eval_Fax3Encode_35(v_.02, v_40, v_44, v_54, nondef.13, v_cc, v_s))
		(?, 1)    eval_Fax3Encode_13(v_.02, v_40, v_44, v_54, v_55, v_cc, v_s) -> Com_2(eval_Fax3Encode1DRow_start(v_.02, v_40, v_44, v_54, v_55, v_cc, v_s), eval_Fax3Encode_14(v_.02, v_40, v_44, v_54, v_55, v_cc, v_s))
		(?, 1)    eval_Fax3Encode_14(v_.02, v_40, v_44, v_54, v_55, v_cc, v_s) -> Com_1(eval_Fax3Encode_bb10_in(v_.02, v_40, v_44, v_54, v_55, v_cc, v_s))
		(?, 1)    eval_Fax3Encode_14(v_.02, v_40, v_44, v_54, v_55, v_cc, v_s) -> Com_1(eval_Fax3Encode_bb16_in(v_.02, v_40, v_44, v_54, v_55, v_cc, v_s))
		(?, 1)    eval_Fax3Encode_18(v_.02, v_40, v_44, v_54, v_55, v_cc, v_s) -> Com_2(eval_Fax3Encode2DRow_start(v_.02, v_40, v_44, v_54, v_55, v_cc, v_s), eval_Fax3Encode_19(v_.02, v_40, v_44, v_54, v_55, v_cc, v_s))
		(?, 1)    eval_Fax3Encode_19(v_.02, v_40, v_44, v_54, v_55, v_cc, v_s) -> Com_1(eval_Fax3Encode_bb10_in(v_.02, v_40, v_44, v_54, v_55, v_cc, v_s))
		(?, 1)    eval_Fax3Encode_19(v_.02, v_40, v_44, v_54, v_55, v_cc, v_s) -> Com_1(eval_Fax3Encode_bb16_in(v_.02, v_40, v_44, v_54, v_55, v_cc, v_s))
		(?, 1)    eval_Fax3Encode_bb10_in(v_.02, v_40, v_44, v_54, v_55, v_cc, v_s) -> Com_1(eval_Fax3Encode_bb14_in(v_.02, v_40, v_44, v_54, v_55, v_cc, v_s))
		(?, 1)    eval_Fax3Encode_bb10_in(v_.02, v_40, v_44, v_54, v_55, v_cc, v_s) -> Com_1(eval_Fax3Encode_32(v_.02, v_40, v_44, nondef.12, v_55, v_cc, v_s))
		(?, 1)    eval_Fax3Encode_32(v_.02, v_40, v_44, v_54, v_55, v_cc, v_s) -> Com_2(eval__TIFFmemcpy_start(v_.02, v_40, v_44, v_54, v_55, v_cc, v_s), eval_Fax3Encode_33(v_.02, v_40, v_44, v_54, v_55, v_cc, v_s))
		(?, 1)    eval_Fax3Encode_33(v_.02, v_40, v_44, v_54, v_55, v_cc, v_s) -> Com_1(eval_Fax3Encode_bb14_in(v_.02, v_40, v_44, v_54, v_55, v_cc, v_s))
		(?, 1)    eval_Fax3Encode_35(v_.02, v_40, v_44, v_54, v_55, v_cc, v_s) -> Com_2(eval_Fax3Encode1DRow_start(v_.02, v_40, v_44, v_54, v_55, v_cc, v_s), eval_Fax3Encode_36(v_.02, v_40, v_44, v_54, v_55, v_cc, v_s))
		(?, 1)    eval_Fax3Encode_36(v_.02, v_40, v_44, v_54, v_55, v_cc, v_s) -> Com_1(eval_Fax3Encode_bb14_in(v_.02, v_40, v_44, v_54, v_55, v_cc, v_s))
		(?, 1)    eval_Fax3Encode_36(v_.02, v_40, v_44, v_54, v_55, v_cc, v_s) -> Com_1(eval_Fax3Encode_bb16_in(v_.02, v_40, v_44, v_54, v_55, v_cc, v_s))
		(?, 1)    eval_Fax3Encode_bb14_in(v_.02, v_40, v_44, v_54, v_55, v_cc, v_s) -> Com_1(eval_Fax3Encode_bb1_in(v_.02 - nondef.16, v_40, v_44, v_54, v_55, v_cc, v_s))
		(?, 1)    eval_Fax3Encode_bb16_in(v_.02, v_40, v_44, v_54, v_55, v_cc, v_s) -> Com_1(eval_Fax3Encode_stop(v_.02, v_40, v_44, v_54, v_55, v_cc, v_s))
	start location:	eval_Fax3Encode_start
	leaf cost:	0

Slicing away variables that do not contribute to conditions from problem 1 leaves variables [v_.02, v_cc].
We thus obtain the following problem:
2:	T:
		(?, 1)    eval_Fax3Encode_bb16_in(v_.02, v_cc) -> Com_1(eval_Fax3Encode_stop(v_.02, v_cc))
		(?, 1)    eval_Fax3Encode_bb14_in(v_.02, v_cc) -> Com_1(eval_Fax3Encode_bb1_in(v_.02 - nondef.16, v_cc))
		(?, 1)    eval_Fax3Encode_36(v_.02, v_cc) -> Com_1(eval_Fax3Encode_bb16_in(v_.02, v_cc))
		(?, 1)    eval_Fax3Encode_36(v_.02, v_cc) -> Com_1(eval_Fax3Encode_bb14_in(v_.02, v_cc))
		(?, 1)    eval_Fax3Encode_35(v_.02, v_cc) -> Com_2(eval_Fax3Encode1DRow_start(v_.02, v_cc), eval_Fax3Encode_36(v_.02, v_cc))
		(?, 1)    eval_Fax3Encode_33(v_.02, v_cc) -> Com_1(eval_Fax3Encode_bb14_in(v_.02, v_cc))
		(?, 1)    eval_Fax3Encode_32(v_.02, v_cc) -> Com_2(eval__TIFFmemcpy_start(v_.02, v_cc), eval_Fax3Encode_33(v_.02, v_cc))
		(?, 1)    eval_Fax3Encode_bb10_in(v_.02, v_cc) -> Com_1(eval_Fax3Encode_32(v_.02, v_cc))
		(?, 1)    eval_Fax3Encode_bb10_in(v_.02, v_cc) -> Com_1(eval_Fax3Encode_bb14_in(v_.02, v_cc))
		(?, 1)    eval_Fax3Encode_19(v_.02, v_cc) -> Com_1(eval_Fax3Encode_bb16_in(v_.02, v_cc))
		(?, 1)    eval_Fax3Encode_19(v_.02, v_cc) -> Com_1(eval_Fax3Encode_bb10_in(v_.02, v_cc))
		(?, 1)    eval_Fax3Encode_18(v_.02, v_cc) -> Com_2(eval_Fax3Encode2DRow_start(v_.02, v_cc), eval_Fax3Encode_19(v_.02, v_cc))
		(?, 1)    eval_Fax3Encode_14(v_.02, v_cc) -> Com_1(eval_Fax3Encode_bb16_in(v_.02, v_cc))
		(?, 1)    eval_Fax3Encode_14(v_.02, v_cc) -> Com_1(eval_Fax3Encode_bb10_in(v_.02, v_cc))
		(?, 1)    eval_Fax3Encode_13(v_.02, v_cc) -> Com_2(eval_Fax3Encode1DRow_start(v_.02, v_cc), eval_Fax3Encode_14(v_.02, v_cc))
		(?, 1)    eval_Fax3Encode_bb4_in(v_.02, v_cc) -> Com_1(eval_Fax3Encode_35(v_.02, v_cc))
		(?, 1)    eval_Fax3Encode_bb4_in(v_.02, v_cc) -> Com_1(eval_Fax3Encode_18(v_.02, v_cc))
		(?, 1)    eval_Fax3Encode_bb4_in(v_.02, v_cc) -> Com_1(eval_Fax3Encode_13(v_.02, v_cc))
		(?, 1)    eval_Fax3Encode_6(v_.02, v_cc) -> Com_1(eval_Fax3Encode_bb4_in(v_.02, v_cc))
		(?, 1)    eval_Fax3Encode_5(v_.02, v_cc) -> Com_2(eval_Fax3PutEOL_start(v_.02, v_cc), eval_Fax3Encode_6(v_.02, v_cc))
		(?, 1)    eval_Fax3Encode_bb1_in(v_.02, v_cc) -> Com_1(eval_Fax3Encode_bb16_in(v_.02, v_cc)) [ v_.02 <= 0 ]
		(?, 1)    eval_Fax3Encode_bb1_in(v_.02, v_cc) -> Com_1(eval_Fax3Encode_bb4_in(v_.02, v_cc)) [ v_.02 > 0 ]
		(?, 1)    eval_Fax3Encode_bb1_in(v_.02, v_cc) -> Com_1(eval_Fax3Encode_5(v_.02, v_cc)) [ v_.02 > 0 ]
		(?, 1)    eval_Fax3Encode_bb0_in(v_.02, v_cc) -> Com_1(eval_Fax3Encode_bb1_in(v_cc, v_cc))
		(1, 1)    eval_Fax3Encode_start(v_.02, v_cc) -> Com_1(eval_Fax3Encode_bb0_in(v_.02, v_cc))
	start location:	eval_Fax3Encode_start
	leaf cost:	0

Repeatedly propagating knowledge in problem 2 produces the following problem:
3:	T:
		(?, 1)    eval_Fax3Encode_bb16_in(v_.02, v_cc) -> Com_1(eval_Fax3Encode_stop(v_.02, v_cc))
		(?, 1)    eval_Fax3Encode_bb14_in(v_.02, v_cc) -> Com_1(eval_Fax3Encode_bb1_in(v_.02 - nondef.16, v_cc))
		(?, 1)    eval_Fax3Encode_36(v_.02, v_cc) -> Com_1(eval_Fax3Encode_bb16_in(v_.02, v_cc))
		(?, 1)    eval_Fax3Encode_36(v_.02, v_cc) -> Com_1(eval_Fax3Encode_bb14_in(v_.02, v_cc))
		(?, 1)    eval_Fax3Encode_35(v_.02, v_cc) -> Com_2(eval_Fax3Encode1DRow_start(v_.02, v_cc), eval_Fax3Encode_36(v_.02, v_cc))
		(?, 1)    eval_Fax3Encode_33(v_.02, v_cc) -> Com_1(eval_Fax3Encode_bb14_in(v_.02, v_cc))
		(?, 1)    eval_Fax3Encode_32(v_.02, v_cc) -> Com_2(eval__TIFFmemcpy_start(v_.02, v_cc), eval_Fax3Encode_33(v_.02, v_cc))
		(?, 1)    eval_Fax3Encode_bb10_in(v_.02, v_cc) -> Com_1(eval_Fax3Encode_32(v_.02, v_cc))
		(?, 1)    eval_Fax3Encode_bb10_in(v_.02, v_cc) -> Com_1(eval_Fax3Encode_bb14_in(v_.02, v_cc))
		(?, 1)    eval_Fax3Encode_19(v_.02, v_cc) -> Com_1(eval_Fax3Encode_bb16_in(v_.02, v_cc))
		(?, 1)    eval_Fax3Encode_19(v_.02, v_cc) -> Com_1(eval_Fax3Encode_bb10_in(v_.02, v_cc))
		(?, 1)    eval_Fax3Encode_18(v_.02, v_cc) -> Com_2(eval_Fax3Encode2DRow_start(v_.02, v_cc), eval_Fax3Encode_19(v_.02, v_cc))
		(?, 1)    eval_Fax3Encode_14(v_.02, v_cc) -> Com_1(eval_Fax3Encode_bb16_in(v_.02, v_cc))
		(?, 1)    eval_Fax3Encode_14(v_.02, v_cc) -> Com_1(eval_Fax3Encode_bb10_in(v_.02, v_cc))
		(?, 1)    eval_Fax3Encode_13(v_.02, v_cc) -> Com_2(eval_Fax3Encode1DRow_start(v_.02, v_cc), eval_Fax3Encode_14(v_.02, v_cc))
		(?, 1)    eval_Fax3Encode_bb4_in(v_.02, v_cc) -> Com_1(eval_Fax3Encode_35(v_.02, v_cc))
		(?, 1)    eval_Fax3Encode_bb4_in(v_.02, v_cc) -> Com_1(eval_Fax3Encode_18(v_.02, v_cc))
		(?, 1)    eval_Fax3Encode_bb4_in(v_.02, v_cc) -> Com_1(eval_Fax3Encode_13(v_.02, v_cc))
		(?, 1)    eval_Fax3Encode_6(v_.02, v_cc) -> Com_1(eval_Fax3Encode_bb4_in(v_.02, v_cc))
		(?, 1)    eval_Fax3Encode_5(v_.02, v_cc) -> Com_2(eval_Fax3PutEOL_start(v_.02, v_cc), eval_Fax3Encode_6(v_.02, v_cc))
		(?, 1)    eval_Fax3Encode_bb1_in(v_.02, v_cc) -> Com_1(eval_Fax3Encode_bb16_in(v_.02, v_cc)) [ v_.02 <= 0 ]
		(?, 1)    eval_Fax3Encode_bb1_in(v_.02, v_cc) -> Com_1(eval_Fax3Encode_bb4_in(v_.02, v_cc)) [ v_.02 > 0 ]
		(?, 1)    eval_Fax3Encode_bb1_in(v_.02, v_cc) -> Com_1(eval_Fax3Encode_5(v_.02, v_cc)) [ v_.02 > 0 ]
		(1, 1)    eval_Fax3Encode_bb0_in(v_.02, v_cc) -> Com_1(eval_Fax3Encode_bb1_in(v_cc, v_cc))
		(1, 1)    eval_Fax3Encode_start(v_.02, v_cc) -> Com_1(eval_Fax3Encode_bb0_in(v_.02, v_cc))
	start location:	eval_Fax3Encode_start
	leaf cost:	0

A polynomial rank function with
	Pol(eval_Fax3Encode_bb16_in) = 1
	Pol(eval_Fax3Encode_stop) = 0
	Pol(eval_Fax3Encode_bb14_in) = 2
	Pol(eval_Fax3Encode_bb1_in) = 2
	Pol(eval_Fax3Encode_36) = 2
	Pol(eval_Fax3Encode_35) = 2
	Pol(eval_Fax3Encode1DRow_start) = 0
	Pol(eval_Fax3Encode_33) = 2
	Pol(eval_Fax3Encode_32) = 2
	Pol(eval__TIFFmemcpy_start) = 0
	Pol(eval_Fax3Encode_bb10_in) = 2
	Pol(eval_Fax3Encode_19) = 2
	Pol(eval_Fax3Encode_18) = 2
	Pol(eval_Fax3Encode2DRow_start) = 0
	Pol(eval_Fax3Encode_14) = 2
	Pol(eval_Fax3Encode_13) = 2
	Pol(eval_Fax3Encode_bb4_in) = 2
	Pol(eval_Fax3Encode_6) = 2
	Pol(eval_Fax3Encode_5) = 2
	Pol(eval_Fax3PutEOL_start) = 0
	Pol(eval_Fax3Encode_bb0_in) = 2
	Pol(eval_Fax3Encode_start) = 2
orients all transitions weakly and the transitions
	eval_Fax3Encode_bb1_in(v_.02, v_cc) -> Com_1(eval_Fax3Encode_bb16_in(v_.02, v_cc)) [ v_.02 <= 0 ]
	eval_Fax3Encode_bb16_in(v_.02, v_cc) -> Com_1(eval_Fax3Encode_stop(v_.02, v_cc))
	eval_Fax3Encode_36(v_.02, v_cc) -> Com_1(eval_Fax3Encode_bb16_in(v_.02, v_cc))
	eval_Fax3Encode_19(v_.02, v_cc) -> Com_1(eval_Fax3Encode_bb16_in(v_.02, v_cc))
	eval_Fax3Encode_14(v_.02, v_cc) -> Com_1(eval_Fax3Encode_bb16_in(v_.02, v_cc))
strictly and produces the following problem:
4:	T:
		(2, 1)    eval_Fax3Encode_bb16_in(v_.02, v_cc) -> Com_1(eval_Fax3Encode_stop(v_.02, v_cc))
		(?, 1)    eval_Fax3Encode_bb14_in(v_.02, v_cc) -> Com_1(eval_Fax3Encode_bb1_in(v_.02 - nondef.16, v_cc))
		(2, 1)    eval_Fax3Encode_36(v_.02, v_cc) -> Com_1(eval_Fax3Encode_bb16_in(v_.02, v_cc))
		(?, 1)    eval_Fax3Encode_36(v_.02, v_cc) -> Com_1(eval_Fax3Encode_bb14_in(v_.02, v_cc))
		(?, 1)    eval_Fax3Encode_35(v_.02, v_cc) -> Com_2(eval_Fax3Encode1DRow_start(v_.02, v_cc), eval_Fax3Encode_36(v_.02, v_cc))
		(?, 1)    eval_Fax3Encode_33(v_.02, v_cc) -> Com_1(eval_Fax3Encode_bb14_in(v_.02, v_cc))
		(?, 1)    eval_Fax3Encode_32(v_.02, v_cc) -> Com_2(eval__TIFFmemcpy_start(v_.02, v_cc), eval_Fax3Encode_33(v_.02, v_cc))
		(?, 1)    eval_Fax3Encode_bb10_in(v_.02, v_cc) -> Com_1(eval_Fax3Encode_32(v_.02, v_cc))
		(?, 1)    eval_Fax3Encode_bb10_in(v_.02, v_cc) -> Com_1(eval_Fax3Encode_bb14_in(v_.02, v_cc))
		(2, 1)    eval_Fax3Encode_19(v_.02, v_cc) -> Com_1(eval_Fax3Encode_bb16_in(v_.02, v_cc))
		(?, 1)    eval_Fax3Encode_19(v_.02, v_cc) -> Com_1(eval_Fax3Encode_bb10_in(v_.02, v_cc))
		(?, 1)    eval_Fax3Encode_18(v_.02, v_cc) -> Com_2(eval_Fax3Encode2DRow_start(v_.02, v_cc), eval_Fax3Encode_19(v_.02, v_cc))
		(2, 1)    eval_Fax3Encode_14(v_.02, v_cc) -> Com_1(eval_Fax3Encode_bb16_in(v_.02, v_cc))
		(?, 1)    eval_Fax3Encode_14(v_.02, v_cc) -> Com_1(eval_Fax3Encode_bb10_in(v_.02, v_cc))
		(?, 1)    eval_Fax3Encode_13(v_.02, v_cc) -> Com_2(eval_Fax3Encode1DRow_start(v_.02, v_cc), eval_Fax3Encode_14(v_.02, v_cc))
		(?, 1)    eval_Fax3Encode_bb4_in(v_.02, v_cc) -> Com_1(eval_Fax3Encode_35(v_.02, v_cc))
		(?, 1)    eval_Fax3Encode_bb4_in(v_.02, v_cc) -> Com_1(eval_Fax3Encode_18(v_.02, v_cc))
		(?, 1)    eval_Fax3Encode_bb4_in(v_.02, v_cc) -> Com_1(eval_Fax3Encode_13(v_.02, v_cc))
		(?, 1)    eval_Fax3Encode_6(v_.02, v_cc) -> Com_1(eval_Fax3Encode_bb4_in(v_.02, v_cc))
		(?, 1)    eval_Fax3Encode_5(v_.02, v_cc) -> Com_2(eval_Fax3PutEOL_start(v_.02, v_cc), eval_Fax3Encode_6(v_.02, v_cc))
		(2, 1)    eval_Fax3Encode_bb1_in(v_.02, v_cc) -> Com_1(eval_Fax3Encode_bb16_in(v_.02, v_cc)) [ v_.02 <= 0 ]
		(?, 1)    eval_Fax3Encode_bb1_in(v_.02, v_cc) -> Com_1(eval_Fax3Encode_bb4_in(v_.02, v_cc)) [ v_.02 > 0 ]
		(?, 1)    eval_Fax3Encode_bb1_in(v_.02, v_cc) -> Com_1(eval_Fax3Encode_5(v_.02, v_cc)) [ v_.02 > 0 ]
		(1, 1)    eval_Fax3Encode_bb0_in(v_.02, v_cc) -> Com_1(eval_Fax3Encode_bb1_in(v_cc, v_cc))
		(1, 1)    eval_Fax3Encode_start(v_.02, v_cc) -> Com_1(eval_Fax3Encode_bb0_in(v_.02, v_cc))
	start location:	eval_Fax3Encode_start
	leaf cost:	0

Applied AI with 'oct' on problem 4 to obtain the following invariants:
  For symbol eval_Fax3Encode_13: X_1 - 1 >= 0
  For symbol eval_Fax3Encode_14: X_1 - 1 >= 0
  For symbol eval_Fax3Encode_18: X_1 - 1 >= 0
  For symbol eval_Fax3Encode_19: X_1 - 1 >= 0
  For symbol eval_Fax3Encode_32: X_1 - 1 >= 0
  For symbol eval_Fax3Encode_33: X_1 - 1 >= 0
  For symbol eval_Fax3Encode_35: X_1 - 1 >= 0
  For symbol eval_Fax3Encode_36: X_1 - 1 >= 0
  For symbol eval_Fax3Encode_5: X_1 - 1 >= 0
  For symbol eval_Fax3Encode_6: X_1 - 1 >= 0
  For symbol eval_Fax3Encode_bb10_in: X_1 - 1 >= 0
  For symbol eval_Fax3Encode_bb14_in: X_1 - 1 >= 0
  For symbol eval_Fax3Encode_bb4_in: X_1 - 1 >= 0


This yielded the following problem:
5:	T:
		(1, 1)    eval_Fax3Encode_start(v_.02, v_cc) -> Com_1(eval_Fax3Encode_bb0_in(v_.02, v_cc))
		(1, 1)    eval_Fax3Encode_bb0_in(v_.02, v_cc) -> Com_1(eval_Fax3Encode_bb1_in(v_cc, v_cc))
		(?, 1)    eval_Fax3Encode_bb1_in(v_.02, v_cc) -> Com_1(eval_Fax3Encode_5(v_.02, v_cc)) [ v_.02 > 0 ]
		(?, 1)    eval_Fax3Encode_bb1_in(v_.02, v_cc) -> Com_1(eval_Fax3Encode_bb4_in(v_.02, v_cc)) [ v_.02 > 0 ]
		(2, 1)    eval_Fax3Encode_bb1_in(v_.02, v_cc) -> Com_1(eval_Fax3Encode_bb16_in(v_.02, v_cc)) [ v_.02 <= 0 ]
		(?, 1)    eval_Fax3Encode_5(v_.02, v_cc) -> Com_2(eval_Fax3PutEOL_start(v_.02, v_cc), eval_Fax3Encode_6(v_.02, v_cc)) [ v_.02 - 1 >= 0 ]
		(?, 1)    eval_Fax3Encode_6(v_.02, v_cc) -> Com_1(eval_Fax3Encode_bb4_in(v_.02, v_cc)) [ v_.02 - 1 >= 0 ]
		(?, 1)    eval_Fax3Encode_bb4_in(v_.02, v_cc) -> Com_1(eval_Fax3Encode_13(v_.02, v_cc)) [ v_.02 - 1 >= 0 ]
		(?, 1)    eval_Fax3Encode_bb4_in(v_.02, v_cc) -> Com_1(eval_Fax3Encode_18(v_.02, v_cc)) [ v_.02 - 1 >= 0 ]
		(?, 1)    eval_Fax3Encode_bb4_in(v_.02, v_cc) -> Com_1(eval_Fax3Encode_35(v_.02, v_cc)) [ v_.02 - 1 >= 0 ]
		(?, 1)    eval_Fax3Encode_13(v_.02, v_cc) -> Com_2(eval_Fax3Encode1DRow_start(v_.02, v_cc), eval_Fax3Encode_14(v_.02, v_cc)) [ v_.02 - 1 >= 0 ]
		(?, 1)    eval_Fax3Encode_14(v_.02, v_cc) -> Com_1(eval_Fax3Encode_bb10_in(v_.02, v_cc)) [ v_.02 - 1 >= 0 ]
		(2, 1)    eval_Fax3Encode_14(v_.02, v_cc) -> Com_1(eval_Fax3Encode_bb16_in(v_.02, v_cc)) [ v_.02 - 1 >= 0 ]
		(?, 1)    eval_Fax3Encode_18(v_.02, v_cc) -> Com_2(eval_Fax3Encode2DRow_start(v_.02, v_cc), eval_Fax3Encode_19(v_.02, v_cc)) [ v_.02 - 1 >= 0 ]
		(?, 1)    eval_Fax3Encode_19(v_.02, v_cc) -> Com_1(eval_Fax3Encode_bb10_in(v_.02, v_cc)) [ v_.02 - 1 >= 0 ]
		(2, 1)    eval_Fax3Encode_19(v_.02, v_cc) -> Com_1(eval_Fax3Encode_bb16_in(v_.02, v_cc)) [ v_.02 - 1 >= 0 ]
		(?, 1)    eval_Fax3Encode_bb10_in(v_.02, v_cc) -> Com_1(eval_Fax3Encode_bb14_in(v_.02, v_cc)) [ v_.02 - 1 >= 0 ]
		(?, 1)    eval_Fax3Encode_bb10_in(v_.02, v_cc) -> Com_1(eval_Fax3Encode_32(v_.02, v_cc)) [ v_.02 - 1 >= 0 ]
		(?, 1)    eval_Fax3Encode_32(v_.02, v_cc) -> Com_2(eval__TIFFmemcpy_start(v_.02, v_cc), eval_Fax3Encode_33(v_.02, v_cc)) [ v_.02 - 1 >= 0 ]
		(?, 1)    eval_Fax3Encode_33(v_.02, v_cc) -> Com_1(eval_Fax3Encode_bb14_in(v_.02, v_cc)) [ v_.02 - 1 >= 0 ]
		(?, 1)    eval_Fax3Encode_35(v_.02, v_cc) -> Com_2(eval_Fax3Encode1DRow_start(v_.02, v_cc), eval_Fax3Encode_36(v_.02, v_cc)) [ v_.02 - 1 >= 0 ]
		(?, 1)    eval_Fax3Encode_36(v_.02, v_cc) -> Com_1(eval_Fax3Encode_bb14_in(v_.02, v_cc)) [ v_.02 - 1 >= 0 ]
		(2, 1)    eval_Fax3Encode_36(v_.02, v_cc) -> Com_1(eval_Fax3Encode_bb16_in(v_.02, v_cc)) [ v_.02 - 1 >= 0 ]
		(?, 1)    eval_Fax3Encode_bb14_in(v_.02, v_cc) -> Com_1(eval_Fax3Encode_bb1_in(v_.02 - nondef.16, v_cc)) [ v_.02 - 1 >= 0 ]
		(2, 1)    eval_Fax3Encode_bb16_in(v_.02, v_cc) -> Com_1(eval_Fax3Encode_stop(v_.02, v_cc))
	start location:	eval_Fax3Encode_start
	leaf cost:	0

By chaining the transition eval_Fax3Encode_start(v_.02, v_cc) -> Com_1(eval_Fax3Encode_bb0_in(v_.02, v_cc)) with all transitions in problem 5, the following new transition is obtained:
	eval_Fax3Encode_start(v_.02, v_cc) -> Com_1(eval_Fax3Encode_bb1_in(v_cc, v_cc))
We thus obtain the following problem:
6:	T:
		(1, 2)    eval_Fax3Encode_start(v_.02, v_cc) -> Com_1(eval_Fax3Encode_bb1_in(v_cc, v_cc))
		(1, 1)    eval_Fax3Encode_bb0_in(v_.02, v_cc) -> Com_1(eval_Fax3Encode_bb1_in(v_cc, v_cc))
		(?, 1)    eval_Fax3Encode_bb1_in(v_.02, v_cc) -> Com_1(eval_Fax3Encode_5(v_.02, v_cc)) [ v_.02 > 0 ]
		(?, 1)    eval_Fax3Encode_bb1_in(v_.02, v_cc) -> Com_1(eval_Fax3Encode_bb4_in(v_.02, v_cc)) [ v_.02 > 0 ]
		(2, 1)    eval_Fax3Encode_bb1_in(v_.02, v_cc) -> Com_1(eval_Fax3Encode_bb16_in(v_.02, v_cc)) [ v_.02 <= 0 ]
		(?, 1)    eval_Fax3Encode_5(v_.02, v_cc) -> Com_2(eval_Fax3PutEOL_start(v_.02, v_cc), eval_Fax3Encode_6(v_.02, v_cc)) [ v_.02 - 1 >= 0 ]
		(?, 1)    eval_Fax3Encode_6(v_.02, v_cc) -> Com_1(eval_Fax3Encode_bb4_in(v_.02, v_cc)) [ v_.02 - 1 >= 0 ]
		(?, 1)    eval_Fax3Encode_bb4_in(v_.02, v_cc) -> Com_1(eval_Fax3Encode_13(v_.02, v_cc)) [ v_.02 - 1 >= 0 ]
		(?, 1)    eval_Fax3Encode_bb4_in(v_.02, v_cc) -> Com_1(eval_Fax3Encode_18(v_.02, v_cc)) [ v_.02 - 1 >= 0 ]
		(?, 1)    eval_Fax3Encode_bb4_in(v_.02, v_cc) -> Com_1(eval_Fax3Encode_35(v_.02, v_cc)) [ v_.02 - 1 >= 0 ]
		(?, 1)    eval_Fax3Encode_13(v_.02, v_cc) -> Com_2(eval_Fax3Encode1DRow_start(v_.02, v_cc), eval_Fax3Encode_14(v_.02, v_cc)) [ v_.02 - 1 >= 0 ]
		(?, 1)    eval_Fax3Encode_14(v_.02, v_cc) -> Com_1(eval_Fax3Encode_bb10_in(v_.02, v_cc)) [ v_.02 - 1 >= 0 ]
		(2, 1)    eval_Fax3Encode_14(v_.02, v_cc) -> Com_1(eval_Fax3Encode_bb16_in(v_.02, v_cc)) [ v_.02 - 1 >= 0 ]
		(?, 1)    eval_Fax3Encode_18(v_.02, v_cc) -> Com_2(eval_Fax3Encode2DRow_start(v_.02, v_cc), eval_Fax3Encode_19(v_.02, v_cc)) [ v_.02 - 1 >= 0 ]
		(?, 1)    eval_Fax3Encode_19(v_.02, v_cc) -> Com_1(eval_Fax3Encode_bb10_in(v_.02, v_cc)) [ v_.02 - 1 >= 0 ]
		(2, 1)    eval_Fax3Encode_19(v_.02, v_cc) -> Com_1(eval_Fax3Encode_bb16_in(v_.02, v_cc)) [ v_.02 - 1 >= 0 ]
		(?, 1)    eval_Fax3Encode_bb10_in(v_.02, v_cc) -> Com_1(eval_Fax3Encode_bb14_in(v_.02, v_cc)) [ v_.02 - 1 >= 0 ]
		(?, 1)    eval_Fax3Encode_bb10_in(v_.02, v_cc) -> Com_1(eval_Fax3Encode_32(v_.02, v_cc)) [ v_.02 - 1 >= 0 ]
		(?, 1)    eval_Fax3Encode_32(v_.02, v_cc) -> Com_2(eval__TIFFmemcpy_start(v_.02, v_cc), eval_Fax3Encode_33(v_.02, v_cc)) [ v_.02 - 1 >= 0 ]
		(?, 1)    eval_Fax3Encode_33(v_.02, v_cc) -> Com_1(eval_Fax3Encode_bb14_in(v_.02, v_cc)) [ v_.02 - 1 >= 0 ]
		(?, 1)    eval_Fax3Encode_35(v_.02, v_cc) -> Com_2(eval_Fax3Encode1DRow_start(v_.02, v_cc), eval_Fax3Encode_36(v_.02, v_cc)) [ v_.02 - 1 >= 0 ]
		(?, 1)    eval_Fax3Encode_36(v_.02, v_cc) -> Com_1(eval_Fax3Encode_bb14_in(v_.02, v_cc)) [ v_.02 - 1 >= 0 ]
		(2, 1)    eval_Fax3Encode_36(v_.02, v_cc) -> Com_1(eval_Fax3Encode_bb16_in(v_.02, v_cc)) [ v_.02 - 1 >= 0 ]
		(?, 1)    eval_Fax3Encode_bb14_in(v_.02, v_cc) -> Com_1(eval_Fax3Encode_bb1_in(v_.02 - nondef.16, v_cc)) [ v_.02 - 1 >= 0 ]
		(2, 1)    eval_Fax3Encode_bb16_in(v_.02, v_cc) -> Com_1(eval_Fax3Encode_stop(v_.02, v_cc))
	start location:	eval_Fax3Encode_start
	leaf cost:	0

Testing for reachability in the complexity graph removes the following transition from problem 6:
	eval_Fax3Encode_bb0_in(v_.02, v_cc) -> Com_1(eval_Fax3Encode_bb1_in(v_cc, v_cc))
We thus obtain the following problem:
7:	T:
		(?, 1)    eval_Fax3Encode_33(v_.02, v_cc) -> Com_1(eval_Fax3Encode_bb14_in(v_.02, v_cc)) [ v_.02 - 1 >= 0 ]
		(?, 1)    eval_Fax3Encode_32(v_.02, v_cc) -> Com_2(eval__TIFFmemcpy_start(v_.02, v_cc), eval_Fax3Encode_33(v_.02, v_cc)) [ v_.02 - 1 >= 0 ]
		(?, 1)    eval_Fax3Encode_bb14_in(v_.02, v_cc) -> Com_1(eval_Fax3Encode_bb1_in(v_.02 - nondef.16, v_cc)) [ v_.02 - 1 >= 0 ]
		(?, 1)    eval_Fax3Encode_bb10_in(v_.02, v_cc) -> Com_1(eval_Fax3Encode_32(v_.02, v_cc)) [ v_.02 - 1 >= 0 ]
		(?, 1)    eval_Fax3Encode_bb10_in(v_.02, v_cc) -> Com_1(eval_Fax3Encode_bb14_in(v_.02, v_cc)) [ v_.02 - 1 >= 0 ]
		(2, 1)    eval_Fax3Encode_36(v_.02, v_cc) -> Com_1(eval_Fax3Encode_bb16_in(v_.02, v_cc)) [ v_.02 - 1 >= 0 ]
		(?, 1)    eval_Fax3Encode_36(v_.02, v_cc) -> Com_1(eval_Fax3Encode_bb14_in(v_.02, v_cc)) [ v_.02 - 1 >= 0 ]
		(2, 1)    eval_Fax3Encode_19(v_.02, v_cc) -> Com_1(eval_Fax3Encode_bb16_in(v_.02, v_cc)) [ v_.02 - 1 >= 0 ]
		(?, 1)    eval_Fax3Encode_19(v_.02, v_cc) -> Com_1(eval_Fax3Encode_bb10_in(v_.02, v_cc)) [ v_.02 - 1 >= 0 ]
		(2, 1)    eval_Fax3Encode_14(v_.02, v_cc) -> Com_1(eval_Fax3Encode_bb16_in(v_.02, v_cc)) [ v_.02 - 1 >= 0 ]
		(?, 1)    eval_Fax3Encode_14(v_.02, v_cc) -> Com_1(eval_Fax3Encode_bb10_in(v_.02, v_cc)) [ v_.02 - 1 >= 0 ]
		(?, 1)    eval_Fax3Encode_35(v_.02, v_cc) -> Com_2(eval_Fax3Encode1DRow_start(v_.02, v_cc), eval_Fax3Encode_36(v_.02, v_cc)) [ v_.02 - 1 >= 0 ]
		(?, 1)    eval_Fax3Encode_18(v_.02, v_cc) -> Com_2(eval_Fax3Encode2DRow_start(v_.02, v_cc), eval_Fax3Encode_19(v_.02, v_cc)) [ v_.02 - 1 >= 0 ]
		(?, 1)    eval_Fax3Encode_13(v_.02, v_cc) -> Com_2(eval_Fax3Encode1DRow_start(v_.02, v_cc), eval_Fax3Encode_14(v_.02, v_cc)) [ v_.02 - 1 >= 0 ]
		(?, 1)    eval_Fax3Encode_6(v_.02, v_cc) -> Com_1(eval_Fax3Encode_bb4_in(v_.02, v_cc)) [ v_.02 - 1 >= 0 ]
		(2, 1)    eval_Fax3Encode_bb16_in(v_.02, v_cc) -> Com_1(eval_Fax3Encode_stop(v_.02, v_cc))
		(?, 1)    eval_Fax3Encode_bb4_in(v_.02, v_cc) -> Com_1(eval_Fax3Encode_35(v_.02, v_cc)) [ v_.02 - 1 >= 0 ]
		(?, 1)    eval_Fax3Encode_bb4_in(v_.02, v_cc) -> Com_1(eval_Fax3Encode_18(v_.02, v_cc)) [ v_.02 - 1 >= 0 ]
		(?, 1)    eval_Fax3Encode_bb4_in(v_.02, v_cc) -> Com_1(eval_Fax3Encode_13(v_.02, v_cc)) [ v_.02 - 1 >= 0 ]
		(?, 1)    eval_Fax3Encode_5(v_.02, v_cc) -> Com_2(eval_Fax3PutEOL_start(v_.02, v_cc), eval_Fax3Encode_6(v_.02, v_cc)) [ v_.02 - 1 >= 0 ]
		(2, 1)    eval_Fax3Encode_bb1_in(v_.02, v_cc) -> Com_1(eval_Fax3Encode_bb16_in(v_.02, v_cc)) [ v_.02 <= 0 ]
		(?, 1)    eval_Fax3Encode_bb1_in(v_.02, v_cc) -> Com_1(eval_Fax3Encode_bb4_in(v_.02, v_cc)) [ v_.02 > 0 ]
		(?, 1)    eval_Fax3Encode_bb1_in(v_.02, v_cc) -> Com_1(eval_Fax3Encode_5(v_.02, v_cc)) [ v_.02 > 0 ]
		(1, 2)    eval_Fax3Encode_start(v_.02, v_cc) -> Com_1(eval_Fax3Encode_bb1_in(v_cc, v_cc))
	start location:	eval_Fax3Encode_start
	leaf cost:	0

By chaining the transition eval_Fax3Encode_33(v_.02, v_cc) -> Com_1(eval_Fax3Encode_bb14_in(v_.02, v_cc)) [ v_.02 - 1 >= 0 ] with all transitions in problem 7, the following new transition is obtained:
	eval_Fax3Encode_33(v_.02, v_cc) -> Com_1(eval_Fax3Encode_bb1_in(v_.02 - nondef.16, v_cc)) [ v_.02 - 1 >= 0 ]
We thus obtain the following problem:
8:	T:
		(?, 2)    eval_Fax3Encode_33(v_.02, v_cc) -> Com_1(eval_Fax3Encode_bb1_in(v_.02 - nondef.16, v_cc)) [ v_.02 - 1 >= 0 ]
		(?, 1)    eval_Fax3Encode_32(v_.02, v_cc) -> Com_2(eval__TIFFmemcpy_start(v_.02, v_cc), eval_Fax3Encode_33(v_.02, v_cc)) [ v_.02 - 1 >= 0 ]
		(?, 1)    eval_Fax3Encode_bb14_in(v_.02, v_cc) -> Com_1(eval_Fax3Encode_bb1_in(v_.02 - nondef.16, v_cc)) [ v_.02 - 1 >= 0 ]
		(?, 1)    eval_Fax3Encode_bb10_in(v_.02, v_cc) -> Com_1(eval_Fax3Encode_32(v_.02, v_cc)) [ v_.02 - 1 >= 0 ]
		(?, 1)    eval_Fax3Encode_bb10_in(v_.02, v_cc) -> Com_1(eval_Fax3Encode_bb14_in(v_.02, v_cc)) [ v_.02 - 1 >= 0 ]
		(2, 1)    eval_Fax3Encode_36(v_.02, v_cc) -> Com_1(eval_Fax3Encode_bb16_in(v_.02, v_cc)) [ v_.02 - 1 >= 0 ]
		(?, 1)    eval_Fax3Encode_36(v_.02, v_cc) -> Com_1(eval_Fax3Encode_bb14_in(v_.02, v_cc)) [ v_.02 - 1 >= 0 ]
		(2, 1)    eval_Fax3Encode_19(v_.02, v_cc) -> Com_1(eval_Fax3Encode_bb16_in(v_.02, v_cc)) [ v_.02 - 1 >= 0 ]
		(?, 1)    eval_Fax3Encode_19(v_.02, v_cc) -> Com_1(eval_Fax3Encode_bb10_in(v_.02, v_cc)) [ v_.02 - 1 >= 0 ]
		(2, 1)    eval_Fax3Encode_14(v_.02, v_cc) -> Com_1(eval_Fax3Encode_bb16_in(v_.02, v_cc)) [ v_.02 - 1 >= 0 ]
		(?, 1)    eval_Fax3Encode_14(v_.02, v_cc) -> Com_1(eval_Fax3Encode_bb10_in(v_.02, v_cc)) [ v_.02 - 1 >= 0 ]
		(?, 1)    eval_Fax3Encode_35(v_.02, v_cc) -> Com_2(eval_Fax3Encode1DRow_start(v_.02, v_cc), eval_Fax3Encode_36(v_.02, v_cc)) [ v_.02 - 1 >= 0 ]
		(?, 1)    eval_Fax3Encode_18(v_.02, v_cc) -> Com_2(eval_Fax3Encode2DRow_start(v_.02, v_cc), eval_Fax3Encode_19(v_.02, v_cc)) [ v_.02 - 1 >= 0 ]
		(?, 1)    eval_Fax3Encode_13(v_.02, v_cc) -> Com_2(eval_Fax3Encode1DRow_start(v_.02, v_cc), eval_Fax3Encode_14(v_.02, v_cc)) [ v_.02 - 1 >= 0 ]
		(?, 1)    eval_Fax3Encode_6(v_.02, v_cc) -> Com_1(eval_Fax3Encode_bb4_in(v_.02, v_cc)) [ v_.02 - 1 >= 0 ]
		(2, 1)    eval_Fax3Encode_bb16_in(v_.02, v_cc) -> Com_1(eval_Fax3Encode_stop(v_.02, v_cc))
		(?, 1)    eval_Fax3Encode_bb4_in(v_.02, v_cc) -> Com_1(eval_Fax3Encode_35(v_.02, v_cc)) [ v_.02 - 1 >= 0 ]
		(?, 1)    eval_Fax3Encode_bb4_in(v_.02, v_cc) -> Com_1(eval_Fax3Encode_18(v_.02, v_cc)) [ v_.02 - 1 >= 0 ]
		(?, 1)    eval_Fax3Encode_bb4_in(v_.02, v_cc) -> Com_1(eval_Fax3Encode_13(v_.02, v_cc)) [ v_.02 - 1 >= 0 ]
		(?, 1)    eval_Fax3Encode_5(v_.02, v_cc) -> Com_2(eval_Fax3PutEOL_start(v_.02, v_cc), eval_Fax3Encode_6(v_.02, v_cc)) [ v_.02 - 1 >= 0 ]
		(2, 1)    eval_Fax3Encode_bb1_in(v_.02, v_cc) -> Com_1(eval_Fax3Encode_bb16_in(v_.02, v_cc)) [ v_.02 <= 0 ]
		(?, 1)    eval_Fax3Encode_bb1_in(v_.02, v_cc) -> Com_1(eval_Fax3Encode_bb4_in(v_.02, v_cc)) [ v_.02 > 0 ]
		(?, 1)    eval_Fax3Encode_bb1_in(v_.02, v_cc) -> Com_1(eval_Fax3Encode_5(v_.02, v_cc)) [ v_.02 > 0 ]
		(1, 2)    eval_Fax3Encode_start(v_.02, v_cc) -> Com_1(eval_Fax3Encode_bb1_in(v_cc, v_cc))
	start location:	eval_Fax3Encode_start
	leaf cost:	0

By chaining the transition eval_Fax3Encode_bb10_in(v_.02, v_cc) -> Com_1(eval_Fax3Encode_32(v_.02, v_cc)) [ v_.02 - 1 >= 0 ] with all transitions in problem 8, the following new transition is obtained:
	eval_Fax3Encode_bb10_in(v_.02, v_cc) -> Com_2(eval__TIFFmemcpy_start(v_.02, v_cc), eval_Fax3Encode_33(v_.02, v_cc)) [ v_.02 - 1 >= 0 ]
We thus obtain the following problem:
9:	T:
		(?, 2)    eval_Fax3Encode_bb10_in(v_.02, v_cc) -> Com_2(eval__TIFFmemcpy_start(v_.02, v_cc), eval_Fax3Encode_33(v_.02, v_cc)) [ v_.02 - 1 >= 0 ]
		(?, 2)    eval_Fax3Encode_33(v_.02, v_cc) -> Com_1(eval_Fax3Encode_bb1_in(v_.02 - nondef.16, v_cc)) [ v_.02 - 1 >= 0 ]
		(?, 1)    eval_Fax3Encode_32(v_.02, v_cc) -> Com_2(eval__TIFFmemcpy_start(v_.02, v_cc), eval_Fax3Encode_33(v_.02, v_cc)) [ v_.02 - 1 >= 0 ]
		(?, 1)    eval_Fax3Encode_bb14_in(v_.02, v_cc) -> Com_1(eval_Fax3Encode_bb1_in(v_.02 - nondef.16, v_cc)) [ v_.02 - 1 >= 0 ]
		(?, 1)    eval_Fax3Encode_bb10_in(v_.02, v_cc) -> Com_1(eval_Fax3Encode_bb14_in(v_.02, v_cc)) [ v_.02 - 1 >= 0 ]
		(2, 1)    eval_Fax3Encode_36(v_.02, v_cc) -> Com_1(eval_Fax3Encode_bb16_in(v_.02, v_cc)) [ v_.02 - 1 >= 0 ]
		(?, 1)    eval_Fax3Encode_36(v_.02, v_cc) -> Com_1(eval_Fax3Encode_bb14_in(v_.02, v_cc)) [ v_.02 - 1 >= 0 ]
		(2, 1)    eval_Fax3Encode_19(v_.02, v_cc) -> Com_1(eval_Fax3Encode_bb16_in(v_.02, v_cc)) [ v_.02 - 1 >= 0 ]
		(?, 1)    eval_Fax3Encode_19(v_.02, v_cc) -> Com_1(eval_Fax3Encode_bb10_in(v_.02, v_cc)) [ v_.02 - 1 >= 0 ]
		(2, 1)    eval_Fax3Encode_14(v_.02, v_cc) -> Com_1(eval_Fax3Encode_bb16_in(v_.02, v_cc)) [ v_.02 - 1 >= 0 ]
		(?, 1)    eval_Fax3Encode_14(v_.02, v_cc) -> Com_1(eval_Fax3Encode_bb10_in(v_.02, v_cc)) [ v_.02 - 1 >= 0 ]
		(?, 1)    eval_Fax3Encode_35(v_.02, v_cc) -> Com_2(eval_Fax3Encode1DRow_start(v_.02, v_cc), eval_Fax3Encode_36(v_.02, v_cc)) [ v_.02 - 1 >= 0 ]
		(?, 1)    eval_Fax3Encode_18(v_.02, v_cc) -> Com_2(eval_Fax3Encode2DRow_start(v_.02, v_cc), eval_Fax3Encode_19(v_.02, v_cc)) [ v_.02 - 1 >= 0 ]
		(?, 1)    eval_Fax3Encode_13(v_.02, v_cc) -> Com_2(eval_Fax3Encode1DRow_start(v_.02, v_cc), eval_Fax3Encode_14(v_.02, v_cc)) [ v_.02 - 1 >= 0 ]
		(?, 1)    eval_Fax3Encode_6(v_.02, v_cc) -> Com_1(eval_Fax3Encode_bb4_in(v_.02, v_cc)) [ v_.02 - 1 >= 0 ]
		(2, 1)    eval_Fax3Encode_bb16_in(v_.02, v_cc) -> Com_1(eval_Fax3Encode_stop(v_.02, v_cc))
		(?, 1)    eval_Fax3Encode_bb4_in(v_.02, v_cc) -> Com_1(eval_Fax3Encode_35(v_.02, v_cc)) [ v_.02 - 1 >= 0 ]
		(?, 1)    eval_Fax3Encode_bb4_in(v_.02, v_cc) -> Com_1(eval_Fax3Encode_18(v_.02, v_cc)) [ v_.02 - 1 >= 0 ]
		(?, 1)    eval_Fax3Encode_bb4_in(v_.02, v_cc) -> Com_1(eval_Fax3Encode_13(v_.02, v_cc)) [ v_.02 - 1 >= 0 ]
		(?, 1)    eval_Fax3Encode_5(v_.02, v_cc) -> Com_2(eval_Fax3PutEOL_start(v_.02, v_cc), eval_Fax3Encode_6(v_.02, v_cc)) [ v_.02 - 1 >= 0 ]
		(2, 1)    eval_Fax3Encode_bb1_in(v_.02, v_cc) -> Com_1(eval_Fax3Encode_bb16_in(v_.02, v_cc)) [ v_.02 <= 0 ]
		(?, 1)    eval_Fax3Encode_bb1_in(v_.02, v_cc) -> Com_1(eval_Fax3Encode_bb4_in(v_.02, v_cc)) [ v_.02 > 0 ]
		(?, 1)    eval_Fax3Encode_bb1_in(v_.02, v_cc) -> Com_1(eval_Fax3Encode_5(v_.02, v_cc)) [ v_.02 > 0 ]
		(1, 2)    eval_Fax3Encode_start(v_.02, v_cc) -> Com_1(eval_Fax3Encode_bb1_in(v_cc, v_cc))
	start location:	eval_Fax3Encode_start
	leaf cost:	0

Testing for reachability in the complexity graph removes the following transition from problem 9:
	eval_Fax3Encode_32(v_.02, v_cc) -> Com_2(eval__TIFFmemcpy_start(v_.02, v_cc), eval_Fax3Encode_33(v_.02, v_cc)) [ v_.02 - 1 >= 0 ]
We thus obtain the following problem:
10:	T:
		(?, 2)    eval_Fax3Encode_33(v_.02, v_cc) -> Com_1(eval_Fax3Encode_bb1_in(v_.02 - nondef.16, v_cc)) [ v_.02 - 1 >= 0 ]
		(?, 1)    eval_Fax3Encode_bb14_in(v_.02, v_cc) -> Com_1(eval_Fax3Encode_bb1_in(v_.02 - nondef.16, v_cc)) [ v_.02 - 1 >= 0 ]
		(?, 2)    eval_Fax3Encode_bb10_in(v_.02, v_cc) -> Com_2(eval__TIFFmemcpy_start(v_.02, v_cc), eval_Fax3Encode_33(v_.02, v_cc)) [ v_.02 - 1 >= 0 ]
		(?, 1)    eval_Fax3Encode_bb10_in(v_.02, v_cc) -> Com_1(eval_Fax3Encode_bb14_in(v_.02, v_cc)) [ v_.02 - 1 >= 0 ]
		(2, 1)    eval_Fax3Encode_36(v_.02, v_cc) -> Com_1(eval_Fax3Encode_bb16_in(v_.02, v_cc)) [ v_.02 - 1 >= 0 ]
		(?, 1)    eval_Fax3Encode_36(v_.02, v_cc) -> Com_1(eval_Fax3Encode_bb14_in(v_.02, v_cc)) [ v_.02 - 1 >= 0 ]
		(2, 1)    eval_Fax3Encode_19(v_.02, v_cc) -> Com_1(eval_Fax3Encode_bb16_in(v_.02, v_cc)) [ v_.02 - 1 >= 0 ]
		(?, 1)    eval_Fax3Encode_19(v_.02, v_cc) -> Com_1(eval_Fax3Encode_bb10_in(v_.02, v_cc)) [ v_.02 - 1 >= 0 ]
		(2, 1)    eval_Fax3Encode_14(v_.02, v_cc) -> Com_1(eval_Fax3Encode_bb16_in(v_.02, v_cc)) [ v_.02 - 1 >= 0 ]
		(?, 1)    eval_Fax3Encode_14(v_.02, v_cc) -> Com_1(eval_Fax3Encode_bb10_in(v_.02, v_cc)) [ v_.02 - 1 >= 0 ]
		(?, 1)    eval_Fax3Encode_35(v_.02, v_cc) -> Com_2(eval_Fax3Encode1DRow_start(v_.02, v_cc), eval_Fax3Encode_36(v_.02, v_cc)) [ v_.02 - 1 >= 0 ]
		(?, 1)    eval_Fax3Encode_18(v_.02, v_cc) -> Com_2(eval_Fax3Encode2DRow_start(v_.02, v_cc), eval_Fax3Encode_19(v_.02, v_cc)) [ v_.02 - 1 >= 0 ]
		(?, 1)    eval_Fax3Encode_13(v_.02, v_cc) -> Com_2(eval_Fax3Encode1DRow_start(v_.02, v_cc), eval_Fax3Encode_14(v_.02, v_cc)) [ v_.02 - 1 >= 0 ]
		(?, 1)    eval_Fax3Encode_6(v_.02, v_cc) -> Com_1(eval_Fax3Encode_bb4_in(v_.02, v_cc)) [ v_.02 - 1 >= 0 ]
		(2, 1)    eval_Fax3Encode_bb16_in(v_.02, v_cc) -> Com_1(eval_Fax3Encode_stop(v_.02, v_cc))
		(?, 1)    eval_Fax3Encode_bb4_in(v_.02, v_cc) -> Com_1(eval_Fax3Encode_35(v_.02, v_cc)) [ v_.02 - 1 >= 0 ]
		(?, 1)    eval_Fax3Encode_bb4_in(v_.02, v_cc) -> Com_1(eval_Fax3Encode_18(v_.02, v_cc)) [ v_.02 - 1 >= 0 ]
		(?, 1)    eval_Fax3Encode_bb4_in(v_.02, v_cc) -> Com_1(eval_Fax3Encode_13(v_.02, v_cc)) [ v_.02 - 1 >= 0 ]
		(?, 1)    eval_Fax3Encode_5(v_.02, v_cc) -> Com_2(eval_Fax3PutEOL_start(v_.02, v_cc), eval_Fax3Encode_6(v_.02, v_cc)) [ v_.02 - 1 >= 0 ]
		(2, 1)    eval_Fax3Encode_bb1_in(v_.02, v_cc) -> Com_1(eval_Fax3Encode_bb16_in(v_.02, v_cc)) [ v_.02 <= 0 ]
		(?, 1)    eval_Fax3Encode_bb1_in(v_.02, v_cc) -> Com_1(eval_Fax3Encode_bb4_in(v_.02, v_cc)) [ v_.02 > 0 ]
		(?, 1)    eval_Fax3Encode_bb1_in(v_.02, v_cc) -> Com_1(eval_Fax3Encode_5(v_.02, v_cc)) [ v_.02 > 0 ]
		(1, 2)    eval_Fax3Encode_start(v_.02, v_cc) -> Com_1(eval_Fax3Encode_bb1_in(v_cc, v_cc))
	start location:	eval_Fax3Encode_start
	leaf cost:	0

By chaining the transition eval_Fax3Encode_bb10_in(v_.02, v_cc) -> Com_1(eval_Fax3Encode_bb14_in(v_.02, v_cc)) [ v_.02 - 1 >= 0 ] with all transitions in problem 10, the following new transition is obtained:
	eval_Fax3Encode_bb10_in(v_.02, v_cc) -> Com_1(eval_Fax3Encode_bb1_in(v_.02 - nondef.16, v_cc)) [ v_.02 - 1 >= 0 ]
We thus obtain the following problem:
11:	T:
		(?, 2)    eval_Fax3Encode_bb10_in(v_.02, v_cc) -> Com_1(eval_Fax3Encode_bb1_in(v_.02 - nondef.16, v_cc)) [ v_.02 - 1 >= 0 ]
		(?, 2)    eval_Fax3Encode_33(v_.02, v_cc) -> Com_1(eval_Fax3Encode_bb1_in(v_.02 - nondef.16, v_cc)) [ v_.02 - 1 >= 0 ]
		(?, 1)    eval_Fax3Encode_bb14_in(v_.02, v_cc) -> Com_1(eval_Fax3Encode_bb1_in(v_.02 - nondef.16, v_cc)) [ v_.02 - 1 >= 0 ]
		(?, 2)    eval_Fax3Encode_bb10_in(v_.02, v_cc) -> Com_2(eval__TIFFmemcpy_start(v_.02, v_cc), eval_Fax3Encode_33(v_.02, v_cc)) [ v_.02 - 1 >= 0 ]
		(2, 1)    eval_Fax3Encode_36(v_.02, v_cc) -> Com_1(eval_Fax3Encode_bb16_in(v_.02, v_cc)) [ v_.02 - 1 >= 0 ]
		(?, 1)    eval_Fax3Encode_36(v_.02, v_cc) -> Com_1(eval_Fax3Encode_bb14_in(v_.02, v_cc)) [ v_.02 - 1 >= 0 ]
		(2, 1)    eval_Fax3Encode_19(v_.02, v_cc) -> Com_1(eval_Fax3Encode_bb16_in(v_.02, v_cc)) [ v_.02 - 1 >= 0 ]
		(?, 1)    eval_Fax3Encode_19(v_.02, v_cc) -> Com_1(eval_Fax3Encode_bb10_in(v_.02, v_cc)) [ v_.02 - 1 >= 0 ]
		(2, 1)    eval_Fax3Encode_14(v_.02, v_cc) -> Com_1(eval_Fax3Encode_bb16_in(v_.02, v_cc)) [ v_.02 - 1 >= 0 ]
		(?, 1)    eval_Fax3Encode_14(v_.02, v_cc) -> Com_1(eval_Fax3Encode_bb10_in(v_.02, v_cc)) [ v_.02 - 1 >= 0 ]
		(?, 1)    eval_Fax3Encode_35(v_.02, v_cc) -> Com_2(eval_Fax3Encode1DRow_start(v_.02, v_cc), eval_Fax3Encode_36(v_.02, v_cc)) [ v_.02 - 1 >= 0 ]
		(?, 1)    eval_Fax3Encode_18(v_.02, v_cc) -> Com_2(eval_Fax3Encode2DRow_start(v_.02, v_cc), eval_Fax3Encode_19(v_.02, v_cc)) [ v_.02 - 1 >= 0 ]
		(?, 1)    eval_Fax3Encode_13(v_.02, v_cc) -> Com_2(eval_Fax3Encode1DRow_start(v_.02, v_cc), eval_Fax3Encode_14(v_.02, v_cc)) [ v_.02 - 1 >= 0 ]
		(?, 1)    eval_Fax3Encode_6(v_.02, v_cc) -> Com_1(eval_Fax3Encode_bb4_in(v_.02, v_cc)) [ v_.02 - 1 >= 0 ]
		(2, 1)    eval_Fax3Encode_bb16_in(v_.02, v_cc) -> Com_1(eval_Fax3Encode_stop(v_.02, v_cc))
		(?, 1)    eval_Fax3Encode_bb4_in(v_.02, v_cc) -> Com_1(eval_Fax3Encode_35(v_.02, v_cc)) [ v_.02 - 1 >= 0 ]
		(?, 1)    eval_Fax3Encode_bb4_in(v_.02, v_cc) -> Com_1(eval_Fax3Encode_18(v_.02, v_cc)) [ v_.02 - 1 >= 0 ]
		(?, 1)    eval_Fax3Encode_bb4_in(v_.02, v_cc) -> Com_1(eval_Fax3Encode_13(v_.02, v_cc)) [ v_.02 - 1 >= 0 ]
		(?, 1)    eval_Fax3Encode_5(v_.02, v_cc) -> Com_2(eval_Fax3PutEOL_start(v_.02, v_cc), eval_Fax3Encode_6(v_.02, v_cc)) [ v_.02 - 1 >= 0 ]
		(2, 1)    eval_Fax3Encode_bb1_in(v_.02, v_cc) -> Com_1(eval_Fax3Encode_bb16_in(v_.02, v_cc)) [ v_.02 <= 0 ]
		(?, 1)    eval_Fax3Encode_bb1_in(v_.02, v_cc) -> Com_1(eval_Fax3Encode_bb4_in(v_.02, v_cc)) [ v_.02 > 0 ]
		(?, 1)    eval_Fax3Encode_bb1_in(v_.02, v_cc) -> Com_1(eval_Fax3Encode_5(v_.02, v_cc)) [ v_.02 > 0 ]
		(1, 2)    eval_Fax3Encode_start(v_.02, v_cc) -> Com_1(eval_Fax3Encode_bb1_in(v_cc, v_cc))
	start location:	eval_Fax3Encode_start
	leaf cost:	0

By chaining the transition eval_Fax3Encode_36(v_.02, v_cc) -> Com_1(eval_Fax3Encode_bb16_in(v_.02, v_cc)) [ v_.02 - 1 >= 0 ] with all transitions in problem 11, the following new transition is obtained:
	eval_Fax3Encode_36(v_.02, v_cc) -> Com_1(eval_Fax3Encode_stop(v_.02, v_cc)) [ v_.02 - 1 >= 0 ]
We thus obtain the following problem:
12:	T:
		(2, 2)    eval_Fax3Encode_36(v_.02, v_cc) -> Com_1(eval_Fax3Encode_stop(v_.02, v_cc)) [ v_.02 - 1 >= 0 ]
		(?, 2)    eval_Fax3Encode_bb10_in(v_.02, v_cc) -> Com_1(eval_Fax3Encode_bb1_in(v_.02 - nondef.16, v_cc)) [ v_.02 - 1 >= 0 ]
		(?, 2)    eval_Fax3Encode_33(v_.02, v_cc) -> Com_1(eval_Fax3Encode_bb1_in(v_.02 - nondef.16, v_cc)) [ v_.02 - 1 >= 0 ]
		(?, 1)    eval_Fax3Encode_bb14_in(v_.02, v_cc) -> Com_1(eval_Fax3Encode_bb1_in(v_.02 - nondef.16, v_cc)) [ v_.02 - 1 >= 0 ]
		(?, 2)    eval_Fax3Encode_bb10_in(v_.02, v_cc) -> Com_2(eval__TIFFmemcpy_start(v_.02, v_cc), eval_Fax3Encode_33(v_.02, v_cc)) [ v_.02 - 1 >= 0 ]
		(?, 1)    eval_Fax3Encode_36(v_.02, v_cc) -> Com_1(eval_Fax3Encode_bb14_in(v_.02, v_cc)) [ v_.02 - 1 >= 0 ]
		(2, 1)    eval_Fax3Encode_19(v_.02, v_cc) -> Com_1(eval_Fax3Encode_bb16_in(v_.02, v_cc)) [ v_.02 - 1 >= 0 ]
		(?, 1)    eval_Fax3Encode_19(v_.02, v_cc) -> Com_1(eval_Fax3Encode_bb10_in(v_.02, v_cc)) [ v_.02 - 1 >= 0 ]
		(2, 1)    eval_Fax3Encode_14(v_.02, v_cc) -> Com_1(eval_Fax3Encode_bb16_in(v_.02, v_cc)) [ v_.02 - 1 >= 0 ]
		(?, 1)    eval_Fax3Encode_14(v_.02, v_cc) -> Com_1(eval_Fax3Encode_bb10_in(v_.02, v_cc)) [ v_.02 - 1 >= 0 ]
		(?, 1)    eval_Fax3Encode_35(v_.02, v_cc) -> Com_2(eval_Fax3Encode1DRow_start(v_.02, v_cc), eval_Fax3Encode_36(v_.02, v_cc)) [ v_.02 - 1 >= 0 ]
		(?, 1)    eval_Fax3Encode_18(v_.02, v_cc) -> Com_2(eval_Fax3Encode2DRow_start(v_.02, v_cc), eval_Fax3Encode_19(v_.02, v_cc)) [ v_.02 - 1 >= 0 ]
		(?, 1)    eval_Fax3Encode_13(v_.02, v_cc) -> Com_2(eval_Fax3Encode1DRow_start(v_.02, v_cc), eval_Fax3Encode_14(v_.02, v_cc)) [ v_.02 - 1 >= 0 ]
		(?, 1)    eval_Fax3Encode_6(v_.02, v_cc) -> Com_1(eval_Fax3Encode_bb4_in(v_.02, v_cc)) [ v_.02 - 1 >= 0 ]
		(2, 1)    eval_Fax3Encode_bb16_in(v_.02, v_cc) -> Com_1(eval_Fax3Encode_stop(v_.02, v_cc))
		(?, 1)    eval_Fax3Encode_bb4_in(v_.02, v_cc) -> Com_1(eval_Fax3Encode_35(v_.02, v_cc)) [ v_.02 - 1 >= 0 ]
		(?, 1)    eval_Fax3Encode_bb4_in(v_.02, v_cc) -> Com_1(eval_Fax3Encode_18(v_.02, v_cc)) [ v_.02 - 1 >= 0 ]
		(?, 1)    eval_Fax3Encode_bb4_in(v_.02, v_cc) -> Com_1(eval_Fax3Encode_13(v_.02, v_cc)) [ v_.02 - 1 >= 0 ]
		(?, 1)    eval_Fax3Encode_5(v_.02, v_cc) -> Com_2(eval_Fax3PutEOL_start(v_.02, v_cc), eval_Fax3Encode_6(v_.02, v_cc)) [ v_.02 - 1 >= 0 ]
		(2, 1)    eval_Fax3Encode_bb1_in(v_.02, v_cc) -> Com_1(eval_Fax3Encode_bb16_in(v_.02, v_cc)) [ v_.02 <= 0 ]
		(?, 1)    eval_Fax3Encode_bb1_in(v_.02, v_cc) -> Com_1(eval_Fax3Encode_bb4_in(v_.02, v_cc)) [ v_.02 > 0 ]
		(?, 1)    eval_Fax3Encode_bb1_in(v_.02, v_cc) -> Com_1(eval_Fax3Encode_5(v_.02, v_cc)) [ v_.02 > 0 ]
		(1, 2)    eval_Fax3Encode_start(v_.02, v_cc) -> Com_1(eval_Fax3Encode_bb1_in(v_cc, v_cc))
	start location:	eval_Fax3Encode_start
	leaf cost:	0

By chaining the transition eval_Fax3Encode_36(v_.02, v_cc) -> Com_1(eval_Fax3Encode_bb14_in(v_.02, v_cc)) [ v_.02 - 1 >= 0 ] with all transitions in problem 12, the following new transition is obtained:
	eval_Fax3Encode_36(v_.02, v_cc) -> Com_1(eval_Fax3Encode_bb1_in(v_.02 - nondef.16, v_cc)) [ v_.02 - 1 >= 0 ]
We thus obtain the following problem:
13:	T:
		(?, 2)    eval_Fax3Encode_36(v_.02, v_cc) -> Com_1(eval_Fax3Encode_bb1_in(v_.02 - nondef.16, v_cc)) [ v_.02 - 1 >= 0 ]
		(2, 2)    eval_Fax3Encode_36(v_.02, v_cc) -> Com_1(eval_Fax3Encode_stop(v_.02, v_cc)) [ v_.02 - 1 >= 0 ]
		(?, 2)    eval_Fax3Encode_bb10_in(v_.02, v_cc) -> Com_1(eval_Fax3Encode_bb1_in(v_.02 - nondef.16, v_cc)) [ v_.02 - 1 >= 0 ]
		(?, 2)    eval_Fax3Encode_33(v_.02, v_cc) -> Com_1(eval_Fax3Encode_bb1_in(v_.02 - nondef.16, v_cc)) [ v_.02 - 1 >= 0 ]
		(?, 1)    eval_Fax3Encode_bb14_in(v_.02, v_cc) -> Com_1(eval_Fax3Encode_bb1_in(v_.02 - nondef.16, v_cc)) [ v_.02 - 1 >= 0 ]
		(?, 2)    eval_Fax3Encode_bb10_in(v_.02, v_cc) -> Com_2(eval__TIFFmemcpy_start(v_.02, v_cc), eval_Fax3Encode_33(v_.02, v_cc)) [ v_.02 - 1 >= 0 ]
		(2, 1)    eval_Fax3Encode_19(v_.02, v_cc) -> Com_1(eval_Fax3Encode_bb16_in(v_.02, v_cc)) [ v_.02 - 1 >= 0 ]
		(?, 1)    eval_Fax3Encode_19(v_.02, v_cc) -> Com_1(eval_Fax3Encode_bb10_in(v_.02, v_cc)) [ v_.02 - 1 >= 0 ]
		(2, 1)    eval_Fax3Encode_14(v_.02, v_cc) -> Com_1(eval_Fax3Encode_bb16_in(v_.02, v_cc)) [ v_.02 - 1 >= 0 ]
		(?, 1)    eval_Fax3Encode_14(v_.02, v_cc) -> Com_1(eval_Fax3Encode_bb10_in(v_.02, v_cc)) [ v_.02 - 1 >= 0 ]
		(?, 1)    eval_Fax3Encode_35(v_.02, v_cc) -> Com_2(eval_Fax3Encode1DRow_start(v_.02, v_cc), eval_Fax3Encode_36(v_.02, v_cc)) [ v_.02 - 1 >= 0 ]
		(?, 1)    eval_Fax3Encode_18(v_.02, v_cc) -> Com_2(eval_Fax3Encode2DRow_start(v_.02, v_cc), eval_Fax3Encode_19(v_.02, v_cc)) [ v_.02 - 1 >= 0 ]
		(?, 1)    eval_Fax3Encode_13(v_.02, v_cc) -> Com_2(eval_Fax3Encode1DRow_start(v_.02, v_cc), eval_Fax3Encode_14(v_.02, v_cc)) [ v_.02 - 1 >= 0 ]
		(?, 1)    eval_Fax3Encode_6(v_.02, v_cc) -> Com_1(eval_Fax3Encode_bb4_in(v_.02, v_cc)) [ v_.02 - 1 >= 0 ]
		(2, 1)    eval_Fax3Encode_bb16_in(v_.02, v_cc) -> Com_1(eval_Fax3Encode_stop(v_.02, v_cc))
		(?, 1)    eval_Fax3Encode_bb4_in(v_.02, v_cc) -> Com_1(eval_Fax3Encode_35(v_.02, v_cc)) [ v_.02 - 1 >= 0 ]
		(?, 1)    eval_Fax3Encode_bb4_in(v_.02, v_cc) -> Com_1(eval_Fax3Encode_18(v_.02, v_cc)) [ v_.02 - 1 >= 0 ]
		(?, 1)    eval_Fax3Encode_bb4_in(v_.02, v_cc) -> Com_1(eval_Fax3Encode_13(v_.02, v_cc)) [ v_.02 - 1 >= 0 ]
		(?, 1)    eval_Fax3Encode_5(v_.02, v_cc) -> Com_2(eval_Fax3PutEOL_start(v_.02, v_cc), eval_Fax3Encode_6(v_.02, v_cc)) [ v_.02 - 1 >= 0 ]
		(2, 1)    eval_Fax3Encode_bb1_in(v_.02, v_cc) -> Com_1(eval_Fax3Encode_bb16_in(v_.02, v_cc)) [ v_.02 <= 0 ]
		(?, 1)    eval_Fax3Encode_bb1_in(v_.02, v_cc) -> Com_1(eval_Fax3Encode_bb4_in(v_.02, v_cc)) [ v_.02 > 0 ]
		(?, 1)    eval_Fax3Encode_bb1_in(v_.02, v_cc) -> Com_1(eval_Fax3Encode_5(v_.02, v_cc)) [ v_.02 > 0 ]
		(1, 2)    eval_Fax3Encode_start(v_.02, v_cc) -> Com_1(eval_Fax3Encode_bb1_in(v_cc, v_cc))
	start location:	eval_Fax3Encode_start
	leaf cost:	0

Testing for reachability in the complexity graph removes the following transition from problem 13:
	eval_Fax3Encode_bb14_in(v_.02, v_cc) -> Com_1(eval_Fax3Encode_bb1_in(v_.02 - nondef.16, v_cc)) [ v_.02 - 1 >= 0 ]
We thus obtain the following problem:
14:	T:
		(?, 2)    eval_Fax3Encode_33(v_.02, v_cc) -> Com_1(eval_Fax3Encode_bb1_in(v_.02 - nondef.16, v_cc)) [ v_.02 - 1 >= 0 ]
		(?, 2)    eval_Fax3Encode_bb10_in(v_.02, v_cc) -> Com_1(eval_Fax3Encode_bb1_in(v_.02 - nondef.16, v_cc)) [ v_.02 - 1 >= 0 ]
		(?, 2)    eval_Fax3Encode_bb10_in(v_.02, v_cc) -> Com_2(eval__TIFFmemcpy_start(v_.02, v_cc), eval_Fax3Encode_33(v_.02, v_cc)) [ v_.02 - 1 >= 0 ]
		(?, 2)    eval_Fax3Encode_36(v_.02, v_cc) -> Com_1(eval_Fax3Encode_bb1_in(v_.02 - nondef.16, v_cc)) [ v_.02 - 1 >= 0 ]
		(2, 2)    eval_Fax3Encode_36(v_.02, v_cc) -> Com_1(eval_Fax3Encode_stop(v_.02, v_cc)) [ v_.02 - 1 >= 0 ]
		(2, 1)    eval_Fax3Encode_19(v_.02, v_cc) -> Com_1(eval_Fax3Encode_bb16_in(v_.02, v_cc)) [ v_.02 - 1 >= 0 ]
		(?, 1)    eval_Fax3Encode_19(v_.02, v_cc) -> Com_1(eval_Fax3Encode_bb10_in(v_.02, v_cc)) [ v_.02 - 1 >= 0 ]
		(2, 1)    eval_Fax3Encode_14(v_.02, v_cc) -> Com_1(eval_Fax3Encode_bb16_in(v_.02, v_cc)) [ v_.02 - 1 >= 0 ]
		(?, 1)    eval_Fax3Encode_14(v_.02, v_cc) -> Com_1(eval_Fax3Encode_bb10_in(v_.02, v_cc)) [ v_.02 - 1 >= 0 ]
		(?, 1)    eval_Fax3Encode_35(v_.02, v_cc) -> Com_2(eval_Fax3Encode1DRow_start(v_.02, v_cc), eval_Fax3Encode_36(v_.02, v_cc)) [ v_.02 - 1 >= 0 ]
		(?, 1)    eval_Fax3Encode_18(v_.02, v_cc) -> Com_2(eval_Fax3Encode2DRow_start(v_.02, v_cc), eval_Fax3Encode_19(v_.02, v_cc)) [ v_.02 - 1 >= 0 ]
		(?, 1)    eval_Fax3Encode_13(v_.02, v_cc) -> Com_2(eval_Fax3Encode1DRow_start(v_.02, v_cc), eval_Fax3Encode_14(v_.02, v_cc)) [ v_.02 - 1 >= 0 ]
		(?, 1)    eval_Fax3Encode_6(v_.02, v_cc) -> Com_1(eval_Fax3Encode_bb4_in(v_.02, v_cc)) [ v_.02 - 1 >= 0 ]
		(2, 1)    eval_Fax3Encode_bb16_in(v_.02, v_cc) -> Com_1(eval_Fax3Encode_stop(v_.02, v_cc))
		(?, 1)    eval_Fax3Encode_bb4_in(v_.02, v_cc) -> Com_1(eval_Fax3Encode_35(v_.02, v_cc)) [ v_.02 - 1 >= 0 ]
		(?, 1)    eval_Fax3Encode_bb4_in(v_.02, v_cc) -> Com_1(eval_Fax3Encode_18(v_.02, v_cc)) [ v_.02 - 1 >= 0 ]
		(?, 1)    eval_Fax3Encode_bb4_in(v_.02, v_cc) -> Com_1(eval_Fax3Encode_13(v_.02, v_cc)) [ v_.02 - 1 >= 0 ]
		(?, 1)    eval_Fax3Encode_5(v_.02, v_cc) -> Com_2(eval_Fax3PutEOL_start(v_.02, v_cc), eval_Fax3Encode_6(v_.02, v_cc)) [ v_.02 - 1 >= 0 ]
		(2, 1)    eval_Fax3Encode_bb1_in(v_.02, v_cc) -> Com_1(eval_Fax3Encode_bb16_in(v_.02, v_cc)) [ v_.02 <= 0 ]
		(?, 1)    eval_Fax3Encode_bb1_in(v_.02, v_cc) -> Com_1(eval_Fax3Encode_bb4_in(v_.02, v_cc)) [ v_.02 > 0 ]
		(?, 1)    eval_Fax3Encode_bb1_in(v_.02, v_cc) -> Com_1(eval_Fax3Encode_5(v_.02, v_cc)) [ v_.02 > 0 ]
		(1, 2)    eval_Fax3Encode_start(v_.02, v_cc) -> Com_1(eval_Fax3Encode_bb1_in(v_cc, v_cc))
	start location:	eval_Fax3Encode_start
	leaf cost:	0

By chaining the transition eval_Fax3Encode_19(v_.02, v_cc) -> Com_1(eval_Fax3Encode_bb16_in(v_.02, v_cc)) [ v_.02 - 1 >= 0 ] with all transitions in problem 14, the following new transition is obtained:
	eval_Fax3Encode_19(v_.02, v_cc) -> Com_1(eval_Fax3Encode_stop(v_.02, v_cc)) [ v_.02 - 1 >= 0 ]
We thus obtain the following problem:
15:	T:
		(2, 2)    eval_Fax3Encode_19(v_.02, v_cc) -> Com_1(eval_Fax3Encode_stop(v_.02, v_cc)) [ v_.02 - 1 >= 0 ]
		(?, 2)    eval_Fax3Encode_33(v_.02, v_cc) -> Com_1(eval_Fax3Encode_bb1_in(v_.02 - nondef.16, v_cc)) [ v_.02 - 1 >= 0 ]
		(?, 2)    eval_Fax3Encode_bb10_in(v_.02, v_cc) -> Com_1(eval_Fax3Encode_bb1_in(v_.02 - nondef.16, v_cc)) [ v_.02 - 1 >= 0 ]
		(?, 2)    eval_Fax3Encode_bb10_in(v_.02, v_cc) -> Com_2(eval__TIFFmemcpy_start(v_.02, v_cc), eval_Fax3Encode_33(v_.02, v_cc)) [ v_.02 - 1 >= 0 ]
		(?, 2)    eval_Fax3Encode_36(v_.02, v_cc) -> Com_1(eval_Fax3Encode_bb1_in(v_.02 - nondef.16, v_cc)) [ v_.02 - 1 >= 0 ]
		(2, 2)    eval_Fax3Encode_36(v_.02, v_cc) -> Com_1(eval_Fax3Encode_stop(v_.02, v_cc)) [ v_.02 - 1 >= 0 ]
		(?, 1)    eval_Fax3Encode_19(v_.02, v_cc) -> Com_1(eval_Fax3Encode_bb10_in(v_.02, v_cc)) [ v_.02 - 1 >= 0 ]
		(2, 1)    eval_Fax3Encode_14(v_.02, v_cc) -> Com_1(eval_Fax3Encode_bb16_in(v_.02, v_cc)) [ v_.02 - 1 >= 0 ]
		(?, 1)    eval_Fax3Encode_14(v_.02, v_cc) -> Com_1(eval_Fax3Encode_bb10_in(v_.02, v_cc)) [ v_.02 - 1 >= 0 ]
		(?, 1)    eval_Fax3Encode_35(v_.02, v_cc) -> Com_2(eval_Fax3Encode1DRow_start(v_.02, v_cc), eval_Fax3Encode_36(v_.02, v_cc)) [ v_.02 - 1 >= 0 ]
		(?, 1)    eval_Fax3Encode_18(v_.02, v_cc) -> Com_2(eval_Fax3Encode2DRow_start(v_.02, v_cc), eval_Fax3Encode_19(v_.02, v_cc)) [ v_.02 - 1 >= 0 ]
		(?, 1)    eval_Fax3Encode_13(v_.02, v_cc) -> Com_2(eval_Fax3Encode1DRow_start(v_.02, v_cc), eval_Fax3Encode_14(v_.02, v_cc)) [ v_.02 - 1 >= 0 ]
		(?, 1)    eval_Fax3Encode_6(v_.02, v_cc) -> Com_1(eval_Fax3Encode_bb4_in(v_.02, v_cc)) [ v_.02 - 1 >= 0 ]
		(2, 1)    eval_Fax3Encode_bb16_in(v_.02, v_cc) -> Com_1(eval_Fax3Encode_stop(v_.02, v_cc))
		(?, 1)    eval_Fax3Encode_bb4_in(v_.02, v_cc) -> Com_1(eval_Fax3Encode_35(v_.02, v_cc)) [ v_.02 - 1 >= 0 ]
		(?, 1)    eval_Fax3Encode_bb4_in(v_.02, v_cc) -> Com_1(eval_Fax3Encode_18(v_.02, v_cc)) [ v_.02 - 1 >= 0 ]
		(?, 1)    eval_Fax3Encode_bb4_in(v_.02, v_cc) -> Com_1(eval_Fax3Encode_13(v_.02, v_cc)) [ v_.02 - 1 >= 0 ]
		(?, 1)    eval_Fax3Encode_5(v_.02, v_cc) -> Com_2(eval_Fax3PutEOL_start(v_.02, v_cc), eval_Fax3Encode_6(v_.02, v_cc)) [ v_.02 - 1 >= 0 ]
		(2, 1)    eval_Fax3Encode_bb1_in(v_.02, v_cc) -> Com_1(eval_Fax3Encode_bb16_in(v_.02, v_cc)) [ v_.02 <= 0 ]
		(?, 1)    eval_Fax3Encode_bb1_in(v_.02, v_cc) -> Com_1(eval_Fax3Encode_bb4_in(v_.02, v_cc)) [ v_.02 > 0 ]
		(?, 1)    eval_Fax3Encode_bb1_in(v_.02, v_cc) -> Com_1(eval_Fax3Encode_5(v_.02, v_cc)) [ v_.02 > 0 ]
		(1, 2)    eval_Fax3Encode_start(v_.02, v_cc) -> Com_1(eval_Fax3Encode_bb1_in(v_cc, v_cc))
	start location:	eval_Fax3Encode_start
	leaf cost:	0

By chaining the transition eval_Fax3Encode_14(v_.02, v_cc) -> Com_1(eval_Fax3Encode_bb16_in(v_.02, v_cc)) [ v_.02 - 1 >= 0 ] with all transitions in problem 15, the following new transition is obtained:
	eval_Fax3Encode_14(v_.02, v_cc) -> Com_1(eval_Fax3Encode_stop(v_.02, v_cc)) [ v_.02 - 1 >= 0 ]
We thus obtain the following problem:
16:	T:
		(2, 2)    eval_Fax3Encode_14(v_.02, v_cc) -> Com_1(eval_Fax3Encode_stop(v_.02, v_cc)) [ v_.02 - 1 >= 0 ]
		(2, 2)    eval_Fax3Encode_19(v_.02, v_cc) -> Com_1(eval_Fax3Encode_stop(v_.02, v_cc)) [ v_.02 - 1 >= 0 ]
		(?, 2)    eval_Fax3Encode_33(v_.02, v_cc) -> Com_1(eval_Fax3Encode_bb1_in(v_.02 - nondef.16, v_cc)) [ v_.02 - 1 >= 0 ]
		(?, 2)    eval_Fax3Encode_bb10_in(v_.02, v_cc) -> Com_1(eval_Fax3Encode_bb1_in(v_.02 - nondef.16, v_cc)) [ v_.02 - 1 >= 0 ]
		(?, 2)    eval_Fax3Encode_bb10_in(v_.02, v_cc) -> Com_2(eval__TIFFmemcpy_start(v_.02, v_cc), eval_Fax3Encode_33(v_.02, v_cc)) [ v_.02 - 1 >= 0 ]
		(?, 2)    eval_Fax3Encode_36(v_.02, v_cc) -> Com_1(eval_Fax3Encode_bb1_in(v_.02 - nondef.16, v_cc)) [ v_.02 - 1 >= 0 ]
		(2, 2)    eval_Fax3Encode_36(v_.02, v_cc) -> Com_1(eval_Fax3Encode_stop(v_.02, v_cc)) [ v_.02 - 1 >= 0 ]
		(?, 1)    eval_Fax3Encode_19(v_.02, v_cc) -> Com_1(eval_Fax3Encode_bb10_in(v_.02, v_cc)) [ v_.02 - 1 >= 0 ]
		(?, 1)    eval_Fax3Encode_14(v_.02, v_cc) -> Com_1(eval_Fax3Encode_bb10_in(v_.02, v_cc)) [ v_.02 - 1 >= 0 ]
		(?, 1)    eval_Fax3Encode_35(v_.02, v_cc) -> Com_2(eval_Fax3Encode1DRow_start(v_.02, v_cc), eval_Fax3Encode_36(v_.02, v_cc)) [ v_.02 - 1 >= 0 ]
		(?, 1)    eval_Fax3Encode_18(v_.02, v_cc) -> Com_2(eval_Fax3Encode2DRow_start(v_.02, v_cc), eval_Fax3Encode_19(v_.02, v_cc)) [ v_.02 - 1 >= 0 ]
		(?, 1)    eval_Fax3Encode_13(v_.02, v_cc) -> Com_2(eval_Fax3Encode1DRow_start(v_.02, v_cc), eval_Fax3Encode_14(v_.02, v_cc)) [ v_.02 - 1 >= 0 ]
		(?, 1)    eval_Fax3Encode_6(v_.02, v_cc) -> Com_1(eval_Fax3Encode_bb4_in(v_.02, v_cc)) [ v_.02 - 1 >= 0 ]
		(2, 1)    eval_Fax3Encode_bb16_in(v_.02, v_cc) -> Com_1(eval_Fax3Encode_stop(v_.02, v_cc))
		(?, 1)    eval_Fax3Encode_bb4_in(v_.02, v_cc) -> Com_1(eval_Fax3Encode_35(v_.02, v_cc)) [ v_.02 - 1 >= 0 ]
		(?, 1)    eval_Fax3Encode_bb4_in(v_.02, v_cc) -> Com_1(eval_Fax3Encode_18(v_.02, v_cc)) [ v_.02 - 1 >= 0 ]
		(?, 1)    eval_Fax3Encode_bb4_in(v_.02, v_cc) -> Com_1(eval_Fax3Encode_13(v_.02, v_cc)) [ v_.02 - 1 >= 0 ]
		(?, 1)    eval_Fax3Encode_5(v_.02, v_cc) -> Com_2(eval_Fax3PutEOL_start(v_.02, v_cc), eval_Fax3Encode_6(v_.02, v_cc)) [ v_.02 - 1 >= 0 ]
		(2, 1)    eval_Fax3Encode_bb1_in(v_.02, v_cc) -> Com_1(eval_Fax3Encode_bb16_in(v_.02, v_cc)) [ v_.02 <= 0 ]
		(?, 1)    eval_Fax3Encode_bb1_in(v_.02, v_cc) -> Com_1(eval_Fax3Encode_bb4_in(v_.02, v_cc)) [ v_.02 > 0 ]
		(?, 1)    eval_Fax3Encode_bb1_in(v_.02, v_cc) -> Com_1(eval_Fax3Encode_5(v_.02, v_cc)) [ v_.02 > 0 ]
		(1, 2)    eval_Fax3Encode_start(v_.02, v_cc) -> Com_1(eval_Fax3Encode_bb1_in(v_cc, v_cc))
	start location:	eval_Fax3Encode_start
	leaf cost:	0

By chaining the transition eval_Fax3Encode_bb4_in(v_.02, v_cc) -> Com_1(eval_Fax3Encode_35(v_.02, v_cc)) [ v_.02 - 1 >= 0 ] with all transitions in problem 16, the following new transition is obtained:
	eval_Fax3Encode_bb4_in(v_.02, v_cc) -> Com_2(eval_Fax3Encode1DRow_start(v_.02, v_cc), eval_Fax3Encode_36(v_.02, v_cc)) [ v_.02 - 1 >= 0 ]
We thus obtain the following problem:
17:	T:
		(?, 2)    eval_Fax3Encode_bb4_in(v_.02, v_cc) -> Com_2(eval_Fax3Encode1DRow_start(v_.02, v_cc), eval_Fax3Encode_36(v_.02, v_cc)) [ v_.02 - 1 >= 0 ]
		(2, 2)    eval_Fax3Encode_14(v_.02, v_cc) -> Com_1(eval_Fax3Encode_stop(v_.02, v_cc)) [ v_.02 - 1 >= 0 ]
		(2, 2)    eval_Fax3Encode_19(v_.02, v_cc) -> Com_1(eval_Fax3Encode_stop(v_.02, v_cc)) [ v_.02 - 1 >= 0 ]
		(?, 2)    eval_Fax3Encode_33(v_.02, v_cc) -> Com_1(eval_Fax3Encode_bb1_in(v_.02 - nondef.16, v_cc)) [ v_.02 - 1 >= 0 ]
		(?, 2)    eval_Fax3Encode_bb10_in(v_.02, v_cc) -> Com_1(eval_Fax3Encode_bb1_in(v_.02 - nondef.16, v_cc)) [ v_.02 - 1 >= 0 ]
		(?, 2)    eval_Fax3Encode_bb10_in(v_.02, v_cc) -> Com_2(eval__TIFFmemcpy_start(v_.02, v_cc), eval_Fax3Encode_33(v_.02, v_cc)) [ v_.02 - 1 >= 0 ]
		(?, 2)    eval_Fax3Encode_36(v_.02, v_cc) -> Com_1(eval_Fax3Encode_bb1_in(v_.02 - nondef.16, v_cc)) [ v_.02 - 1 >= 0 ]
		(2, 2)    eval_Fax3Encode_36(v_.02, v_cc) -> Com_1(eval_Fax3Encode_stop(v_.02, v_cc)) [ v_.02 - 1 >= 0 ]
		(?, 1)    eval_Fax3Encode_19(v_.02, v_cc) -> Com_1(eval_Fax3Encode_bb10_in(v_.02, v_cc)) [ v_.02 - 1 >= 0 ]
		(?, 1)    eval_Fax3Encode_14(v_.02, v_cc) -> Com_1(eval_Fax3Encode_bb10_in(v_.02, v_cc)) [ v_.02 - 1 >= 0 ]
		(?, 1)    eval_Fax3Encode_35(v_.02, v_cc) -> Com_2(eval_Fax3Encode1DRow_start(v_.02, v_cc), eval_Fax3Encode_36(v_.02, v_cc)) [ v_.02 - 1 >= 0 ]
		(?, 1)    eval_Fax3Encode_18(v_.02, v_cc) -> Com_2(eval_Fax3Encode2DRow_start(v_.02, v_cc), eval_Fax3Encode_19(v_.02, v_cc)) [ v_.02 - 1 >= 0 ]
		(?, 1)    eval_Fax3Encode_13(v_.02, v_cc) -> Com_2(eval_Fax3Encode1DRow_start(v_.02, v_cc), eval_Fax3Encode_14(v_.02, v_cc)) [ v_.02 - 1 >= 0 ]
		(?, 1)    eval_Fax3Encode_6(v_.02, v_cc) -> Com_1(eval_Fax3Encode_bb4_in(v_.02, v_cc)) [ v_.02 - 1 >= 0 ]
		(2, 1)    eval_Fax3Encode_bb16_in(v_.02, v_cc) -> Com_1(eval_Fax3Encode_stop(v_.02, v_cc))
		(?, 1)    eval_Fax3Encode_bb4_in(v_.02, v_cc) -> Com_1(eval_Fax3Encode_18(v_.02, v_cc)) [ v_.02 - 1 >= 0 ]
		(?, 1)    eval_Fax3Encode_bb4_in(v_.02, v_cc) -> Com_1(eval_Fax3Encode_13(v_.02, v_cc)) [ v_.02 - 1 >= 0 ]
		(?, 1)    eval_Fax3Encode_5(v_.02, v_cc) -> Com_2(eval_Fax3PutEOL_start(v_.02, v_cc), eval_Fax3Encode_6(v_.02, v_cc)) [ v_.02 - 1 >= 0 ]
		(2, 1)    eval_Fax3Encode_bb1_in(v_.02, v_cc) -> Com_1(eval_Fax3Encode_bb16_in(v_.02, v_cc)) [ v_.02 <= 0 ]
		(?, 1)    eval_Fax3Encode_bb1_in(v_.02, v_cc) -> Com_1(eval_Fax3Encode_bb4_in(v_.02, v_cc)) [ v_.02 > 0 ]
		(?, 1)    eval_Fax3Encode_bb1_in(v_.02, v_cc) -> Com_1(eval_Fax3Encode_5(v_.02, v_cc)) [ v_.02 > 0 ]
		(1, 2)    eval_Fax3Encode_start(v_.02, v_cc) -> Com_1(eval_Fax3Encode_bb1_in(v_cc, v_cc))
	start location:	eval_Fax3Encode_start
	leaf cost:	0

Testing for reachability in the complexity graph removes the following transition from problem 17:
	eval_Fax3Encode_35(v_.02, v_cc) -> Com_2(eval_Fax3Encode1DRow_start(v_.02, v_cc), eval_Fax3Encode_36(v_.02, v_cc)) [ v_.02 - 1 >= 0 ]
We thus obtain the following problem:
18:	T:
		(?, 2)    eval_Fax3Encode_33(v_.02, v_cc) -> Com_1(eval_Fax3Encode_bb1_in(v_.02 - nondef.16, v_cc)) [ v_.02 - 1 >= 0 ]
		(?, 2)    eval_Fax3Encode_bb10_in(v_.02, v_cc) -> Com_1(eval_Fax3Encode_bb1_in(v_.02 - nondef.16, v_cc)) [ v_.02 - 1 >= 0 ]
		(?, 2)    eval_Fax3Encode_bb10_in(v_.02, v_cc) -> Com_2(eval__TIFFmemcpy_start(v_.02, v_cc), eval_Fax3Encode_33(v_.02, v_cc)) [ v_.02 - 1 >= 0 ]
		(2, 2)    eval_Fax3Encode_19(v_.02, v_cc) -> Com_1(eval_Fax3Encode_stop(v_.02, v_cc)) [ v_.02 - 1 >= 0 ]
		(?, 1)    eval_Fax3Encode_19(v_.02, v_cc) -> Com_1(eval_Fax3Encode_bb10_in(v_.02, v_cc)) [ v_.02 - 1 >= 0 ]
		(2, 2)    eval_Fax3Encode_14(v_.02, v_cc) -> Com_1(eval_Fax3Encode_stop(v_.02, v_cc)) [ v_.02 - 1 >= 0 ]
		(?, 1)    eval_Fax3Encode_14(v_.02, v_cc) -> Com_1(eval_Fax3Encode_bb10_in(v_.02, v_cc)) [ v_.02 - 1 >= 0 ]
		(?, 2)    eval_Fax3Encode_36(v_.02, v_cc) -> Com_1(eval_Fax3Encode_bb1_in(v_.02 - nondef.16, v_cc)) [ v_.02 - 1 >= 0 ]
		(2, 2)    eval_Fax3Encode_36(v_.02, v_cc) -> Com_1(eval_Fax3Encode_stop(v_.02, v_cc)) [ v_.02 - 1 >= 0 ]
		(?, 1)    eval_Fax3Encode_18(v_.02, v_cc) -> Com_2(eval_Fax3Encode2DRow_start(v_.02, v_cc), eval_Fax3Encode_19(v_.02, v_cc)) [ v_.02 - 1 >= 0 ]
		(?, 1)    eval_Fax3Encode_13(v_.02, v_cc) -> Com_2(eval_Fax3Encode1DRow_start(v_.02, v_cc), eval_Fax3Encode_14(v_.02, v_cc)) [ v_.02 - 1 >= 0 ]
		(?, 1)    eval_Fax3Encode_6(v_.02, v_cc) -> Com_1(eval_Fax3Encode_bb4_in(v_.02, v_cc)) [ v_.02 - 1 >= 0 ]
		(2, 1)    eval_Fax3Encode_bb16_in(v_.02, v_cc) -> Com_1(eval_Fax3Encode_stop(v_.02, v_cc))
		(?, 2)    eval_Fax3Encode_bb4_in(v_.02, v_cc) -> Com_2(eval_Fax3Encode1DRow_start(v_.02, v_cc), eval_Fax3Encode_36(v_.02, v_cc)) [ v_.02 - 1 >= 0 ]
		(?, 1)    eval_Fax3Encode_bb4_in(v_.02, v_cc) -> Com_1(eval_Fax3Encode_18(v_.02, v_cc)) [ v_.02 - 1 >= 0 ]
		(?, 1)    eval_Fax3Encode_bb4_in(v_.02, v_cc) -> Com_1(eval_Fax3Encode_13(v_.02, v_cc)) [ v_.02 - 1 >= 0 ]
		(?, 1)    eval_Fax3Encode_5(v_.02, v_cc) -> Com_2(eval_Fax3PutEOL_start(v_.02, v_cc), eval_Fax3Encode_6(v_.02, v_cc)) [ v_.02 - 1 >= 0 ]
		(2, 1)    eval_Fax3Encode_bb1_in(v_.02, v_cc) -> Com_1(eval_Fax3Encode_bb16_in(v_.02, v_cc)) [ v_.02 <= 0 ]
		(?, 1)    eval_Fax3Encode_bb1_in(v_.02, v_cc) -> Com_1(eval_Fax3Encode_bb4_in(v_.02, v_cc)) [ v_.02 > 0 ]
		(?, 1)    eval_Fax3Encode_bb1_in(v_.02, v_cc) -> Com_1(eval_Fax3Encode_5(v_.02, v_cc)) [ v_.02 > 0 ]
		(1, 2)    eval_Fax3Encode_start(v_.02, v_cc) -> Com_1(eval_Fax3Encode_bb1_in(v_cc, v_cc))
	start location:	eval_Fax3Encode_start
	leaf cost:	0

By chaining the transition eval_Fax3Encode_bb4_in(v_.02, v_cc) -> Com_1(eval_Fax3Encode_18(v_.02, v_cc)) [ v_.02 - 1 >= 0 ] with all transitions in problem 18, the following new transition is obtained:
	eval_Fax3Encode_bb4_in(v_.02, v_cc) -> Com_2(eval_Fax3Encode2DRow_start(v_.02, v_cc), eval_Fax3Encode_19(v_.02, v_cc)) [ v_.02 - 1 >= 0 ]
We thus obtain the following problem:
19:	T:
		(?, 2)    eval_Fax3Encode_bb4_in(v_.02, v_cc) -> Com_2(eval_Fax3Encode2DRow_start(v_.02, v_cc), eval_Fax3Encode_19(v_.02, v_cc)) [ v_.02 - 1 >= 0 ]
		(?, 2)    eval_Fax3Encode_33(v_.02, v_cc) -> Com_1(eval_Fax3Encode_bb1_in(v_.02 - nondef.16, v_cc)) [ v_.02 - 1 >= 0 ]
		(?, 2)    eval_Fax3Encode_bb10_in(v_.02, v_cc) -> Com_1(eval_Fax3Encode_bb1_in(v_.02 - nondef.16, v_cc)) [ v_.02 - 1 >= 0 ]
		(?, 2)    eval_Fax3Encode_bb10_in(v_.02, v_cc) -> Com_2(eval__TIFFmemcpy_start(v_.02, v_cc), eval_Fax3Encode_33(v_.02, v_cc)) [ v_.02 - 1 >= 0 ]
		(2, 2)    eval_Fax3Encode_19(v_.02, v_cc) -> Com_1(eval_Fax3Encode_stop(v_.02, v_cc)) [ v_.02 - 1 >= 0 ]
		(?, 1)    eval_Fax3Encode_19(v_.02, v_cc) -> Com_1(eval_Fax3Encode_bb10_in(v_.02, v_cc)) [ v_.02 - 1 >= 0 ]
		(2, 2)    eval_Fax3Encode_14(v_.02, v_cc) -> Com_1(eval_Fax3Encode_stop(v_.02, v_cc)) [ v_.02 - 1 >= 0 ]
		(?, 1)    eval_Fax3Encode_14(v_.02, v_cc) -> Com_1(eval_Fax3Encode_bb10_in(v_.02, v_cc)) [ v_.02 - 1 >= 0 ]
		(?, 2)    eval_Fax3Encode_36(v_.02, v_cc) -> Com_1(eval_Fax3Encode_bb1_in(v_.02 - nondef.16, v_cc)) [ v_.02 - 1 >= 0 ]
		(2, 2)    eval_Fax3Encode_36(v_.02, v_cc) -> Com_1(eval_Fax3Encode_stop(v_.02, v_cc)) [ v_.02 - 1 >= 0 ]
		(?, 1)    eval_Fax3Encode_18(v_.02, v_cc) -> Com_2(eval_Fax3Encode2DRow_start(v_.02, v_cc), eval_Fax3Encode_19(v_.02, v_cc)) [ v_.02 - 1 >= 0 ]
		(?, 1)    eval_Fax3Encode_13(v_.02, v_cc) -> Com_2(eval_Fax3Encode1DRow_start(v_.02, v_cc), eval_Fax3Encode_14(v_.02, v_cc)) [ v_.02 - 1 >= 0 ]
		(?, 1)    eval_Fax3Encode_6(v_.02, v_cc) -> Com_1(eval_Fax3Encode_bb4_in(v_.02, v_cc)) [ v_.02 - 1 >= 0 ]
		(2, 1)    eval_Fax3Encode_bb16_in(v_.02, v_cc) -> Com_1(eval_Fax3Encode_stop(v_.02, v_cc))
		(?, 2)    eval_Fax3Encode_bb4_in(v_.02, v_cc) -> Com_2(eval_Fax3Encode1DRow_start(v_.02, v_cc), eval_Fax3Encode_36(v_.02, v_cc)) [ v_.02 - 1 >= 0 ]
		(?, 1)    eval_Fax3Encode_bb4_in(v_.02, v_cc) -> Com_1(eval_Fax3Encode_13(v_.02, v_cc)) [ v_.02 - 1 >= 0 ]
		(?, 1)    eval_Fax3Encode_5(v_.02, v_cc) -> Com_2(eval_Fax3PutEOL_start(v_.02, v_cc), eval_Fax3Encode_6(v_.02, v_cc)) [ v_.02 - 1 >= 0 ]
		(2, 1)    eval_Fax3Encode_bb1_in(v_.02, v_cc) -> Com_1(eval_Fax3Encode_bb16_in(v_.02, v_cc)) [ v_.02 <= 0 ]
		(?, 1)    eval_Fax3Encode_bb1_in(v_.02, v_cc) -> Com_1(eval_Fax3Encode_bb4_in(v_.02, v_cc)) [ v_.02 > 0 ]
		(?, 1)    eval_Fax3Encode_bb1_in(v_.02, v_cc) -> Com_1(eval_Fax3Encode_5(v_.02, v_cc)) [ v_.02 > 0 ]
		(1, 2)    eval_Fax3Encode_start(v_.02, v_cc) -> Com_1(eval_Fax3Encode_bb1_in(v_cc, v_cc))
	start location:	eval_Fax3Encode_start
	leaf cost:	0

Testing for reachability in the complexity graph removes the following transition from problem 19:
	eval_Fax3Encode_18(v_.02, v_cc) -> Com_2(eval_Fax3Encode2DRow_start(v_.02, v_cc), eval_Fax3Encode_19(v_.02, v_cc)) [ v_.02 - 1 >= 0 ]
We thus obtain the following problem:
20:	T:
		(?, 2)    eval_Fax3Encode_33(v_.02, v_cc) -> Com_1(eval_Fax3Encode_bb1_in(v_.02 - nondef.16, v_cc)) [ v_.02 - 1 >= 0 ]
		(?, 2)    eval_Fax3Encode_bb10_in(v_.02, v_cc) -> Com_1(eval_Fax3Encode_bb1_in(v_.02 - nondef.16, v_cc)) [ v_.02 - 1 >= 0 ]
		(?, 2)    eval_Fax3Encode_bb10_in(v_.02, v_cc) -> Com_2(eval__TIFFmemcpy_start(v_.02, v_cc), eval_Fax3Encode_33(v_.02, v_cc)) [ v_.02 - 1 >= 0 ]
		(2, 2)    eval_Fax3Encode_14(v_.02, v_cc) -> Com_1(eval_Fax3Encode_stop(v_.02, v_cc)) [ v_.02 - 1 >= 0 ]
		(?, 1)    eval_Fax3Encode_14(v_.02, v_cc) -> Com_1(eval_Fax3Encode_bb10_in(v_.02, v_cc)) [ v_.02 - 1 >= 0 ]
		(2, 2)    eval_Fax3Encode_19(v_.02, v_cc) -> Com_1(eval_Fax3Encode_stop(v_.02, v_cc)) [ v_.02 - 1 >= 0 ]
		(?, 1)    eval_Fax3Encode_19(v_.02, v_cc) -> Com_1(eval_Fax3Encode_bb10_in(v_.02, v_cc)) [ v_.02 - 1 >= 0 ]
		(?, 2)    eval_Fax3Encode_36(v_.02, v_cc) -> Com_1(eval_Fax3Encode_bb1_in(v_.02 - nondef.16, v_cc)) [ v_.02 - 1 >= 0 ]
		(2, 2)    eval_Fax3Encode_36(v_.02, v_cc) -> Com_1(eval_Fax3Encode_stop(v_.02, v_cc)) [ v_.02 - 1 >= 0 ]
		(?, 1)    eval_Fax3Encode_13(v_.02, v_cc) -> Com_2(eval_Fax3Encode1DRow_start(v_.02, v_cc), eval_Fax3Encode_14(v_.02, v_cc)) [ v_.02 - 1 >= 0 ]
		(?, 1)    eval_Fax3Encode_6(v_.02, v_cc) -> Com_1(eval_Fax3Encode_bb4_in(v_.02, v_cc)) [ v_.02 - 1 >= 0 ]
		(2, 1)    eval_Fax3Encode_bb16_in(v_.02, v_cc) -> Com_1(eval_Fax3Encode_stop(v_.02, v_cc))
		(?, 2)    eval_Fax3Encode_bb4_in(v_.02, v_cc) -> Com_2(eval_Fax3Encode2DRow_start(v_.02, v_cc), eval_Fax3Encode_19(v_.02, v_cc)) [ v_.02 - 1 >= 0 ]
		(?, 2)    eval_Fax3Encode_bb4_in(v_.02, v_cc) -> Com_2(eval_Fax3Encode1DRow_start(v_.02, v_cc), eval_Fax3Encode_36(v_.02, v_cc)) [ v_.02 - 1 >= 0 ]
		(?, 1)    eval_Fax3Encode_bb4_in(v_.02, v_cc) -> Com_1(eval_Fax3Encode_13(v_.02, v_cc)) [ v_.02 - 1 >= 0 ]
		(?, 1)    eval_Fax3Encode_5(v_.02, v_cc) -> Com_2(eval_Fax3PutEOL_start(v_.02, v_cc), eval_Fax3Encode_6(v_.02, v_cc)) [ v_.02 - 1 >= 0 ]
		(2, 1)    eval_Fax3Encode_bb1_in(v_.02, v_cc) -> Com_1(eval_Fax3Encode_bb16_in(v_.02, v_cc)) [ v_.02 <= 0 ]
		(?, 1)    eval_Fax3Encode_bb1_in(v_.02, v_cc) -> Com_1(eval_Fax3Encode_bb4_in(v_.02, v_cc)) [ v_.02 > 0 ]
		(?, 1)    eval_Fax3Encode_bb1_in(v_.02, v_cc) -> Com_1(eval_Fax3Encode_5(v_.02, v_cc)) [ v_.02 > 0 ]
		(1, 2)    eval_Fax3Encode_start(v_.02, v_cc) -> Com_1(eval_Fax3Encode_bb1_in(v_cc, v_cc))
	start location:	eval_Fax3Encode_start
	leaf cost:	0

By chaining the transition eval_Fax3Encode_bb4_in(v_.02, v_cc) -> Com_1(eval_Fax3Encode_13(v_.02, v_cc)) [ v_.02 - 1 >= 0 ] with all transitions in problem 20, the following new transition is obtained:
	eval_Fax3Encode_bb4_in(v_.02, v_cc) -> Com_2(eval_Fax3Encode1DRow_start(v_.02, v_cc), eval_Fax3Encode_14(v_.02, v_cc)) [ v_.02 - 1 >= 0 ]
We thus obtain the following problem:
21:	T:
		(?, 2)    eval_Fax3Encode_bb4_in(v_.02, v_cc) -> Com_2(eval_Fax3Encode1DRow_start(v_.02, v_cc), eval_Fax3Encode_14(v_.02, v_cc)) [ v_.02 - 1 >= 0 ]
		(?, 2)    eval_Fax3Encode_33(v_.02, v_cc) -> Com_1(eval_Fax3Encode_bb1_in(v_.02 - nondef.16, v_cc)) [ v_.02 - 1 >= 0 ]
		(?, 2)    eval_Fax3Encode_bb10_in(v_.02, v_cc) -> Com_1(eval_Fax3Encode_bb1_in(v_.02 - nondef.16, v_cc)) [ v_.02 - 1 >= 0 ]
		(?, 2)    eval_Fax3Encode_bb10_in(v_.02, v_cc) -> Com_2(eval__TIFFmemcpy_start(v_.02, v_cc), eval_Fax3Encode_33(v_.02, v_cc)) [ v_.02 - 1 >= 0 ]
		(2, 2)    eval_Fax3Encode_14(v_.02, v_cc) -> Com_1(eval_Fax3Encode_stop(v_.02, v_cc)) [ v_.02 - 1 >= 0 ]
		(?, 1)    eval_Fax3Encode_14(v_.02, v_cc) -> Com_1(eval_Fax3Encode_bb10_in(v_.02, v_cc)) [ v_.02 - 1 >= 0 ]
		(2, 2)    eval_Fax3Encode_19(v_.02, v_cc) -> Com_1(eval_Fax3Encode_stop(v_.02, v_cc)) [ v_.02 - 1 >= 0 ]
		(?, 1)    eval_Fax3Encode_19(v_.02, v_cc) -> Com_1(eval_Fax3Encode_bb10_in(v_.02, v_cc)) [ v_.02 - 1 >= 0 ]
		(?, 2)    eval_Fax3Encode_36(v_.02, v_cc) -> Com_1(eval_Fax3Encode_bb1_in(v_.02 - nondef.16, v_cc)) [ v_.02 - 1 >= 0 ]
		(2, 2)    eval_Fax3Encode_36(v_.02, v_cc) -> Com_1(eval_Fax3Encode_stop(v_.02, v_cc)) [ v_.02 - 1 >= 0 ]
		(?, 1)    eval_Fax3Encode_13(v_.02, v_cc) -> Com_2(eval_Fax3Encode1DRow_start(v_.02, v_cc), eval_Fax3Encode_14(v_.02, v_cc)) [ v_.02 - 1 >= 0 ]
		(?, 1)    eval_Fax3Encode_6(v_.02, v_cc) -> Com_1(eval_Fax3Encode_bb4_in(v_.02, v_cc)) [ v_.02 - 1 >= 0 ]
		(2, 1)    eval_Fax3Encode_bb16_in(v_.02, v_cc) -> Com_1(eval_Fax3Encode_stop(v_.02, v_cc))
		(?, 2)    eval_Fax3Encode_bb4_in(v_.02, v_cc) -> Com_2(eval_Fax3Encode2DRow_start(v_.02, v_cc), eval_Fax3Encode_19(v_.02, v_cc)) [ v_.02 - 1 >= 0 ]
		(?, 2)    eval_Fax3Encode_bb4_in(v_.02, v_cc) -> Com_2(eval_Fax3Encode1DRow_start(v_.02, v_cc), eval_Fax3Encode_36(v_.02, v_cc)) [ v_.02 - 1 >= 0 ]
		(?, 1)    eval_Fax3Encode_5(v_.02, v_cc) -> Com_2(eval_Fax3PutEOL_start(v_.02, v_cc), eval_Fax3Encode_6(v_.02, v_cc)) [ v_.02 - 1 >= 0 ]
		(2, 1)    eval_Fax3Encode_bb1_in(v_.02, v_cc) -> Com_1(eval_Fax3Encode_bb16_in(v_.02, v_cc)) [ v_.02 <= 0 ]
		(?, 1)    eval_Fax3Encode_bb1_in(v_.02, v_cc) -> Com_1(eval_Fax3Encode_bb4_in(v_.02, v_cc)) [ v_.02 > 0 ]
		(?, 1)    eval_Fax3Encode_bb1_in(v_.02, v_cc) -> Com_1(eval_Fax3Encode_5(v_.02, v_cc)) [ v_.02 > 0 ]
		(1, 2)    eval_Fax3Encode_start(v_.02, v_cc) -> Com_1(eval_Fax3Encode_bb1_in(v_cc, v_cc))
	start location:	eval_Fax3Encode_start
	leaf cost:	0

Testing for reachability in the complexity graph removes the following transition from problem 21:
	eval_Fax3Encode_13(v_.02, v_cc) -> Com_2(eval_Fax3Encode1DRow_start(v_.02, v_cc), eval_Fax3Encode_14(v_.02, v_cc)) [ v_.02 - 1 >= 0 ]
We thus obtain the following problem:
22:	T:
		(?, 2)    eval_Fax3Encode_33(v_.02, v_cc) -> Com_1(eval_Fax3Encode_bb1_in(v_.02 - nondef.16, v_cc)) [ v_.02 - 1 >= 0 ]
		(?, 2)    eval_Fax3Encode_bb10_in(v_.02, v_cc) -> Com_1(eval_Fax3Encode_bb1_in(v_.02 - nondef.16, v_cc)) [ v_.02 - 1 >= 0 ]
		(?, 2)    eval_Fax3Encode_bb10_in(v_.02, v_cc) -> Com_2(eval__TIFFmemcpy_start(v_.02, v_cc), eval_Fax3Encode_33(v_.02, v_cc)) [ v_.02 - 1 >= 0 ]
		(2, 2)    eval_Fax3Encode_14(v_.02, v_cc) -> Com_1(eval_Fax3Encode_stop(v_.02, v_cc)) [ v_.02 - 1 >= 0 ]
		(?, 1)    eval_Fax3Encode_14(v_.02, v_cc) -> Com_1(eval_Fax3Encode_bb10_in(v_.02, v_cc)) [ v_.02 - 1 >= 0 ]
		(2, 2)    eval_Fax3Encode_19(v_.02, v_cc) -> Com_1(eval_Fax3Encode_stop(v_.02, v_cc)) [ v_.02 - 1 >= 0 ]
		(?, 1)    eval_Fax3Encode_19(v_.02, v_cc) -> Com_1(eval_Fax3Encode_bb10_in(v_.02, v_cc)) [ v_.02 - 1 >= 0 ]
		(?, 2)    eval_Fax3Encode_36(v_.02, v_cc) -> Com_1(eval_Fax3Encode_bb1_in(v_.02 - nondef.16, v_cc)) [ v_.02 - 1 >= 0 ]
		(2, 2)    eval_Fax3Encode_36(v_.02, v_cc) -> Com_1(eval_Fax3Encode_stop(v_.02, v_cc)) [ v_.02 - 1 >= 0 ]
		(?, 1)    eval_Fax3Encode_6(v_.02, v_cc) -> Com_1(eval_Fax3Encode_bb4_in(v_.02, v_cc)) [ v_.02 - 1 >= 0 ]
		(2, 1)    eval_Fax3Encode_bb16_in(v_.02, v_cc) -> Com_1(eval_Fax3Encode_stop(v_.02, v_cc))
		(?, 2)    eval_Fax3Encode_bb4_in(v_.02, v_cc) -> Com_2(eval_Fax3Encode1DRow_start(v_.02, v_cc), eval_Fax3Encode_14(v_.02, v_cc)) [ v_.02 - 1 >= 0 ]
		(?, 2)    eval_Fax3Encode_bb4_in(v_.02, v_cc) -> Com_2(eval_Fax3Encode2DRow_start(v_.02, v_cc), eval_Fax3Encode_19(v_.02, v_cc)) [ v_.02 - 1 >= 0 ]
		(?, 2)    eval_Fax3Encode_bb4_in(v_.02, v_cc) -> Com_2(eval_Fax3Encode1DRow_start(v_.02, v_cc), eval_Fax3Encode_36(v_.02, v_cc)) [ v_.02 - 1 >= 0 ]
		(?, 1)    eval_Fax3Encode_5(v_.02, v_cc) -> Com_2(eval_Fax3PutEOL_start(v_.02, v_cc), eval_Fax3Encode_6(v_.02, v_cc)) [ v_.02 - 1 >= 0 ]
		(2, 1)    eval_Fax3Encode_bb1_in(v_.02, v_cc) -> Com_1(eval_Fax3Encode_bb16_in(v_.02, v_cc)) [ v_.02 <= 0 ]
		(?, 1)    eval_Fax3Encode_bb1_in(v_.02, v_cc) -> Com_1(eval_Fax3Encode_bb4_in(v_.02, v_cc)) [ v_.02 > 0 ]
		(?, 1)    eval_Fax3Encode_bb1_in(v_.02, v_cc) -> Com_1(eval_Fax3Encode_5(v_.02, v_cc)) [ v_.02 > 0 ]
		(1, 2)    eval_Fax3Encode_start(v_.02, v_cc) -> Com_1(eval_Fax3Encode_bb1_in(v_cc, v_cc))
	start location:	eval_Fax3Encode_start
	leaf cost:	0

By chaining the transition eval_Fax3Encode_bb1_in(v_.02, v_cc) -> Com_1(eval_Fax3Encode_bb16_in(v_.02, v_cc)) [ v_.02 <= 0 ] with all transitions in problem 22, the following new transition is obtained:
	eval_Fax3Encode_bb1_in(v_.02, v_cc) -> Com_1(eval_Fax3Encode_stop(v_.02, v_cc)) [ v_.02 <= 0 ]
We thus obtain the following problem:
23:	T:
		(2, 2)    eval_Fax3Encode_bb1_in(v_.02, v_cc) -> Com_1(eval_Fax3Encode_stop(v_.02, v_cc)) [ v_.02 <= 0 ]
		(?, 2)    eval_Fax3Encode_33(v_.02, v_cc) -> Com_1(eval_Fax3Encode_bb1_in(v_.02 - nondef.16, v_cc)) [ v_.02 - 1 >= 0 ]
		(?, 2)    eval_Fax3Encode_bb10_in(v_.02, v_cc) -> Com_1(eval_Fax3Encode_bb1_in(v_.02 - nondef.16, v_cc)) [ v_.02 - 1 >= 0 ]
		(?, 2)    eval_Fax3Encode_bb10_in(v_.02, v_cc) -> Com_2(eval__TIFFmemcpy_start(v_.02, v_cc), eval_Fax3Encode_33(v_.02, v_cc)) [ v_.02 - 1 >= 0 ]
		(2, 2)    eval_Fax3Encode_14(v_.02, v_cc) -> Com_1(eval_Fax3Encode_stop(v_.02, v_cc)) [ v_.02 - 1 >= 0 ]
		(?, 1)    eval_Fax3Encode_14(v_.02, v_cc) -> Com_1(eval_Fax3Encode_bb10_in(v_.02, v_cc)) [ v_.02 - 1 >= 0 ]
		(2, 2)    eval_Fax3Encode_19(v_.02, v_cc) -> Com_1(eval_Fax3Encode_stop(v_.02, v_cc)) [ v_.02 - 1 >= 0 ]
		(?, 1)    eval_Fax3Encode_19(v_.02, v_cc) -> Com_1(eval_Fax3Encode_bb10_in(v_.02, v_cc)) [ v_.02 - 1 >= 0 ]
		(?, 2)    eval_Fax3Encode_36(v_.02, v_cc) -> Com_1(eval_Fax3Encode_bb1_in(v_.02 - nondef.16, v_cc)) [ v_.02 - 1 >= 0 ]
		(2, 2)    eval_Fax3Encode_36(v_.02, v_cc) -> Com_1(eval_Fax3Encode_stop(v_.02, v_cc)) [ v_.02 - 1 >= 0 ]
		(?, 1)    eval_Fax3Encode_6(v_.02, v_cc) -> Com_1(eval_Fax3Encode_bb4_in(v_.02, v_cc)) [ v_.02 - 1 >= 0 ]
		(2, 1)    eval_Fax3Encode_bb16_in(v_.02, v_cc) -> Com_1(eval_Fax3Encode_stop(v_.02, v_cc))
		(?, 2)    eval_Fax3Encode_bb4_in(v_.02, v_cc) -> Com_2(eval_Fax3Encode1DRow_start(v_.02, v_cc), eval_Fax3Encode_14(v_.02, v_cc)) [ v_.02 - 1 >= 0 ]
		(?, 2)    eval_Fax3Encode_bb4_in(v_.02, v_cc) -> Com_2(eval_Fax3Encode2DRow_start(v_.02, v_cc), eval_Fax3Encode_19(v_.02, v_cc)) [ v_.02 - 1 >= 0 ]
		(?, 2)    eval_Fax3Encode_bb4_in(v_.02, v_cc) -> Com_2(eval_Fax3Encode1DRow_start(v_.02, v_cc), eval_Fax3Encode_36(v_.02, v_cc)) [ v_.02 - 1 >= 0 ]
		(?, 1)    eval_Fax3Encode_5(v_.02, v_cc) -> Com_2(eval_Fax3PutEOL_start(v_.02, v_cc), eval_Fax3Encode_6(v_.02, v_cc)) [ v_.02 - 1 >= 0 ]
		(?, 1)    eval_Fax3Encode_bb1_in(v_.02, v_cc) -> Com_1(eval_Fax3Encode_bb4_in(v_.02, v_cc)) [ v_.02 > 0 ]
		(?, 1)    eval_Fax3Encode_bb1_in(v_.02, v_cc) -> Com_1(eval_Fax3Encode_5(v_.02, v_cc)) [ v_.02 > 0 ]
		(1, 2)    eval_Fax3Encode_start(v_.02, v_cc) -> Com_1(eval_Fax3Encode_bb1_in(v_cc, v_cc))
	start location:	eval_Fax3Encode_start
	leaf cost:	0

Testing for reachability in the complexity graph removes the following transition from problem 23:
	eval_Fax3Encode_bb16_in(v_.02, v_cc) -> Com_1(eval_Fax3Encode_stop(v_.02, v_cc))
We thus obtain the following problem:
24:	T:
		(?, 2)    eval_Fax3Encode_33(v_.02, v_cc) -> Com_1(eval_Fax3Encode_bb1_in(v_.02 - nondef.16, v_cc)) [ v_.02 - 1 >= 0 ]
		(?, 2)    eval_Fax3Encode_bb10_in(v_.02, v_cc) -> Com_1(eval_Fax3Encode_bb1_in(v_.02 - nondef.16, v_cc)) [ v_.02 - 1 >= 0 ]
		(?, 2)    eval_Fax3Encode_bb10_in(v_.02, v_cc) -> Com_2(eval__TIFFmemcpy_start(v_.02, v_cc), eval_Fax3Encode_33(v_.02, v_cc)) [ v_.02 - 1 >= 0 ]
		(2, 2)    eval_Fax3Encode_14(v_.02, v_cc) -> Com_1(eval_Fax3Encode_stop(v_.02, v_cc)) [ v_.02 - 1 >= 0 ]
		(?, 1)    eval_Fax3Encode_14(v_.02, v_cc) -> Com_1(eval_Fax3Encode_bb10_in(v_.02, v_cc)) [ v_.02 - 1 >= 0 ]
		(2, 2)    eval_Fax3Encode_19(v_.02, v_cc) -> Com_1(eval_Fax3Encode_stop(v_.02, v_cc)) [ v_.02 - 1 >= 0 ]
		(?, 1)    eval_Fax3Encode_19(v_.02, v_cc) -> Com_1(eval_Fax3Encode_bb10_in(v_.02, v_cc)) [ v_.02 - 1 >= 0 ]
		(?, 2)    eval_Fax3Encode_36(v_.02, v_cc) -> Com_1(eval_Fax3Encode_bb1_in(v_.02 - nondef.16, v_cc)) [ v_.02 - 1 >= 0 ]
		(2, 2)    eval_Fax3Encode_36(v_.02, v_cc) -> Com_1(eval_Fax3Encode_stop(v_.02, v_cc)) [ v_.02 - 1 >= 0 ]
		(?, 1)    eval_Fax3Encode_6(v_.02, v_cc) -> Com_1(eval_Fax3Encode_bb4_in(v_.02, v_cc)) [ v_.02 - 1 >= 0 ]
		(?, 2)    eval_Fax3Encode_bb4_in(v_.02, v_cc) -> Com_2(eval_Fax3Encode1DRow_start(v_.02, v_cc), eval_Fax3Encode_14(v_.02, v_cc)) [ v_.02 - 1 >= 0 ]
		(?, 2)    eval_Fax3Encode_bb4_in(v_.02, v_cc) -> Com_2(eval_Fax3Encode2DRow_start(v_.02, v_cc), eval_Fax3Encode_19(v_.02, v_cc)) [ v_.02 - 1 >= 0 ]
		(?, 2)    eval_Fax3Encode_bb4_in(v_.02, v_cc) -> Com_2(eval_Fax3Encode1DRow_start(v_.02, v_cc), eval_Fax3Encode_36(v_.02, v_cc)) [ v_.02 - 1 >= 0 ]
		(?, 1)    eval_Fax3Encode_5(v_.02, v_cc) -> Com_2(eval_Fax3PutEOL_start(v_.02, v_cc), eval_Fax3Encode_6(v_.02, v_cc)) [ v_.02 - 1 >= 0 ]
		(2, 2)    eval_Fax3Encode_bb1_in(v_.02, v_cc) -> Com_1(eval_Fax3Encode_stop(v_.02, v_cc)) [ v_.02 <= 0 ]
		(?, 1)    eval_Fax3Encode_bb1_in(v_.02, v_cc) -> Com_1(eval_Fax3Encode_bb4_in(v_.02, v_cc)) [ v_.02 > 0 ]
		(?, 1)    eval_Fax3Encode_bb1_in(v_.02, v_cc) -> Com_1(eval_Fax3Encode_5(v_.02, v_cc)) [ v_.02 > 0 ]
		(1, 2)    eval_Fax3Encode_start(v_.02, v_cc) -> Com_1(eval_Fax3Encode_bb1_in(v_cc, v_cc))
	start location:	eval_Fax3Encode_start
	leaf cost:	0

By chaining the transition eval_Fax3Encode_bb1_in(v_.02, v_cc) -> Com_1(eval_Fax3Encode_5(v_.02, v_cc)) [ v_.02 > 0 ] with all transitions in problem 24, the following new transition is obtained:
	eval_Fax3Encode_bb1_in(v_.02, v_cc) -> Com_2(eval_Fax3PutEOL_start(v_.02, v_cc), eval_Fax3Encode_6(v_.02, v_cc)) [ v_.02 > 0 /\ v_.02 - 1 >= 0 ]
We thus obtain the following problem:
25:	T:
		(?, 2)    eval_Fax3Encode_bb1_in(v_.02, v_cc) -> Com_2(eval_Fax3PutEOL_start(v_.02, v_cc), eval_Fax3Encode_6(v_.02, v_cc)) [ v_.02 > 0 /\ v_.02 - 1 >= 0 ]
		(?, 2)    eval_Fax3Encode_33(v_.02, v_cc) -> Com_1(eval_Fax3Encode_bb1_in(v_.02 - nondef.16, v_cc)) [ v_.02 - 1 >= 0 ]
		(?, 2)    eval_Fax3Encode_bb10_in(v_.02, v_cc) -> Com_1(eval_Fax3Encode_bb1_in(v_.02 - nondef.16, v_cc)) [ v_.02 - 1 >= 0 ]
		(?, 2)    eval_Fax3Encode_bb10_in(v_.02, v_cc) -> Com_2(eval__TIFFmemcpy_start(v_.02, v_cc), eval_Fax3Encode_33(v_.02, v_cc)) [ v_.02 - 1 >= 0 ]
		(2, 2)    eval_Fax3Encode_14(v_.02, v_cc) -> Com_1(eval_Fax3Encode_stop(v_.02, v_cc)) [ v_.02 - 1 >= 0 ]
		(?, 1)    eval_Fax3Encode_14(v_.02, v_cc) -> Com_1(eval_Fax3Encode_bb10_in(v_.02, v_cc)) [ v_.02 - 1 >= 0 ]
		(2, 2)    eval_Fax3Encode_19(v_.02, v_cc) -> Com_1(eval_Fax3Encode_stop(v_.02, v_cc)) [ v_.02 - 1 >= 0 ]
		(?, 1)    eval_Fax3Encode_19(v_.02, v_cc) -> Com_1(eval_Fax3Encode_bb10_in(v_.02, v_cc)) [ v_.02 - 1 >= 0 ]
		(?, 2)    eval_Fax3Encode_36(v_.02, v_cc) -> Com_1(eval_Fax3Encode_bb1_in(v_.02 - nondef.16, v_cc)) [ v_.02 - 1 >= 0 ]
		(2, 2)    eval_Fax3Encode_36(v_.02, v_cc) -> Com_1(eval_Fax3Encode_stop(v_.02, v_cc)) [ v_.02 - 1 >= 0 ]
		(?, 1)    eval_Fax3Encode_6(v_.02, v_cc) -> Com_1(eval_Fax3Encode_bb4_in(v_.02, v_cc)) [ v_.02 - 1 >= 0 ]
		(?, 2)    eval_Fax3Encode_bb4_in(v_.02, v_cc) -> Com_2(eval_Fax3Encode1DRow_start(v_.02, v_cc), eval_Fax3Encode_14(v_.02, v_cc)) [ v_.02 - 1 >= 0 ]
		(?, 2)    eval_Fax3Encode_bb4_in(v_.02, v_cc) -> Com_2(eval_Fax3Encode2DRow_start(v_.02, v_cc), eval_Fax3Encode_19(v_.02, v_cc)) [ v_.02 - 1 >= 0 ]
		(?, 2)    eval_Fax3Encode_bb4_in(v_.02, v_cc) -> Com_2(eval_Fax3Encode1DRow_start(v_.02, v_cc), eval_Fax3Encode_36(v_.02, v_cc)) [ v_.02 - 1 >= 0 ]
		(?, 1)    eval_Fax3Encode_5(v_.02, v_cc) -> Com_2(eval_Fax3PutEOL_start(v_.02, v_cc), eval_Fax3Encode_6(v_.02, v_cc)) [ v_.02 - 1 >= 0 ]
		(2, 2)    eval_Fax3Encode_bb1_in(v_.02, v_cc) -> Com_1(eval_Fax3Encode_stop(v_.02, v_cc)) [ v_.02 <= 0 ]
		(?, 1)    eval_Fax3Encode_bb1_in(v_.02, v_cc) -> Com_1(eval_Fax3Encode_bb4_in(v_.02, v_cc)) [ v_.02 > 0 ]
		(1, 2)    eval_Fax3Encode_start(v_.02, v_cc) -> Com_1(eval_Fax3Encode_bb1_in(v_cc, v_cc))
	start location:	eval_Fax3Encode_start
	leaf cost:	0

Testing for reachability in the complexity graph removes the following transition from problem 25:
	eval_Fax3Encode_5(v_.02, v_cc) -> Com_2(eval_Fax3PutEOL_start(v_.02, v_cc), eval_Fax3Encode_6(v_.02, v_cc)) [ v_.02 - 1 >= 0 ]
We thus obtain the following problem:
26:	T:
		(?, 2)    eval_Fax3Encode_33(v_.02, v_cc) -> Com_1(eval_Fax3Encode_bb1_in(v_.02 - nondef.16, v_cc)) [ v_.02 - 1 >= 0 ]
		(?, 2)    eval_Fax3Encode_bb10_in(v_.02, v_cc) -> Com_1(eval_Fax3Encode_bb1_in(v_.02 - nondef.16, v_cc)) [ v_.02 - 1 >= 0 ]
		(?, 2)    eval_Fax3Encode_bb10_in(v_.02, v_cc) -> Com_2(eval__TIFFmemcpy_start(v_.02, v_cc), eval_Fax3Encode_33(v_.02, v_cc)) [ v_.02 - 1 >= 0 ]
		(2, 2)    eval_Fax3Encode_14(v_.02, v_cc) -> Com_1(eval_Fax3Encode_stop(v_.02, v_cc)) [ v_.02 - 1 >= 0 ]
		(?, 1)    eval_Fax3Encode_14(v_.02, v_cc) -> Com_1(eval_Fax3Encode_bb10_in(v_.02, v_cc)) [ v_.02 - 1 >= 0 ]
		(2, 2)    eval_Fax3Encode_19(v_.02, v_cc) -> Com_1(eval_Fax3Encode_stop(v_.02, v_cc)) [ v_.02 - 1 >= 0 ]
		(?, 1)    eval_Fax3Encode_19(v_.02, v_cc) -> Com_1(eval_Fax3Encode_bb10_in(v_.02, v_cc)) [ v_.02 - 1 >= 0 ]
		(?, 2)    eval_Fax3Encode_36(v_.02, v_cc) -> Com_1(eval_Fax3Encode_bb1_in(v_.02 - nondef.16, v_cc)) [ v_.02 - 1 >= 0 ]
		(2, 2)    eval_Fax3Encode_36(v_.02, v_cc) -> Com_1(eval_Fax3Encode_stop(v_.02, v_cc)) [ v_.02 - 1 >= 0 ]
		(?, 1)    eval_Fax3Encode_6(v_.02, v_cc) -> Com_1(eval_Fax3Encode_bb4_in(v_.02, v_cc)) [ v_.02 - 1 >= 0 ]
		(?, 2)    eval_Fax3Encode_bb4_in(v_.02, v_cc) -> Com_2(eval_Fax3Encode1DRow_start(v_.02, v_cc), eval_Fax3Encode_14(v_.02, v_cc)) [ v_.02 - 1 >= 0 ]
		(?, 2)    eval_Fax3Encode_bb4_in(v_.02, v_cc) -> Com_2(eval_Fax3Encode2DRow_start(v_.02, v_cc), eval_Fax3Encode_19(v_.02, v_cc)) [ v_.02 - 1 >= 0 ]
		(?, 2)    eval_Fax3Encode_bb4_in(v_.02, v_cc) -> Com_2(eval_Fax3Encode1DRow_start(v_.02, v_cc), eval_Fax3Encode_36(v_.02, v_cc)) [ v_.02 - 1 >= 0 ]
		(?, 2)    eval_Fax3Encode_bb1_in(v_.02, v_cc) -> Com_2(eval_Fax3PutEOL_start(v_.02, v_cc), eval_Fax3Encode_6(v_.02, v_cc)) [ v_.02 > 0 /\ v_.02 - 1 >= 0 ]
		(2, 2)    eval_Fax3Encode_bb1_in(v_.02, v_cc) -> Com_1(eval_Fax3Encode_stop(v_.02, v_cc)) [ v_.02 <= 0 ]
		(?, 1)    eval_Fax3Encode_bb1_in(v_.02, v_cc) -> Com_1(eval_Fax3Encode_bb4_in(v_.02, v_cc)) [ v_.02 > 0 ]
		(1, 2)    eval_Fax3Encode_start(v_.02, v_cc) -> Com_1(eval_Fax3Encode_bb1_in(v_cc, v_cc))
	start location:	eval_Fax3Encode_start
	leaf cost:	0

By chaining the transition eval_Fax3Encode_14(v_.02, v_cc) -> Com_1(eval_Fax3Encode_bb10_in(v_.02, v_cc)) [ v_.02 - 1 >= 0 ] with all transitions in problem 26, the following new transitions are obtained:
	eval_Fax3Encode_14(v_.02, v_cc) -> Com_1(eval_Fax3Encode_bb1_in(v_.02 - nondef.16, v_cc)) [ v_.02 - 1 >= 0 ]
	eval_Fax3Encode_14(v_.02, v_cc) -> Com_2(eval__TIFFmemcpy_start(v_.02, v_cc), eval_Fax3Encode_33(v_.02, v_cc)) [ v_.02 - 1 >= 0 ]
We thus obtain the following problem:
27:	T:
		(?, 3)    eval_Fax3Encode_14(v_.02, v_cc) -> Com_1(eval_Fax3Encode_bb1_in(v_.02 - nondef.16, v_cc)) [ v_.02 - 1 >= 0 ]
		(?, 3)    eval_Fax3Encode_14(v_.02, v_cc) -> Com_2(eval__TIFFmemcpy_start(v_.02, v_cc), eval_Fax3Encode_33(v_.02, v_cc)) [ v_.02 - 1 >= 0 ]
		(?, 2)    eval_Fax3Encode_33(v_.02, v_cc) -> Com_1(eval_Fax3Encode_bb1_in(v_.02 - nondef.16, v_cc)) [ v_.02 - 1 >= 0 ]
		(?, 2)    eval_Fax3Encode_bb10_in(v_.02, v_cc) -> Com_1(eval_Fax3Encode_bb1_in(v_.02 - nondef.16, v_cc)) [ v_.02 - 1 >= 0 ]
		(?, 2)    eval_Fax3Encode_bb10_in(v_.02, v_cc) -> Com_2(eval__TIFFmemcpy_start(v_.02, v_cc), eval_Fax3Encode_33(v_.02, v_cc)) [ v_.02 - 1 >= 0 ]
		(2, 2)    eval_Fax3Encode_14(v_.02, v_cc) -> Com_1(eval_Fax3Encode_stop(v_.02, v_cc)) [ v_.02 - 1 >= 0 ]
		(2, 2)    eval_Fax3Encode_19(v_.02, v_cc) -> Com_1(eval_Fax3Encode_stop(v_.02, v_cc)) [ v_.02 - 1 >= 0 ]
		(?, 1)    eval_Fax3Encode_19(v_.02, v_cc) -> Com_1(eval_Fax3Encode_bb10_in(v_.02, v_cc)) [ v_.02 - 1 >= 0 ]
		(?, 2)    eval_Fax3Encode_36(v_.02, v_cc) -> Com_1(eval_Fax3Encode_bb1_in(v_.02 - nondef.16, v_cc)) [ v_.02 - 1 >= 0 ]
		(2, 2)    eval_Fax3Encode_36(v_.02, v_cc) -> Com_1(eval_Fax3Encode_stop(v_.02, v_cc)) [ v_.02 - 1 >= 0 ]
		(?, 1)    eval_Fax3Encode_6(v_.02, v_cc) -> Com_1(eval_Fax3Encode_bb4_in(v_.02, v_cc)) [ v_.02 - 1 >= 0 ]
		(?, 2)    eval_Fax3Encode_bb4_in(v_.02, v_cc) -> Com_2(eval_Fax3Encode1DRow_start(v_.02, v_cc), eval_Fax3Encode_14(v_.02, v_cc)) [ v_.02 - 1 >= 0 ]
		(?, 2)    eval_Fax3Encode_bb4_in(v_.02, v_cc) -> Com_2(eval_Fax3Encode2DRow_start(v_.02, v_cc), eval_Fax3Encode_19(v_.02, v_cc)) [ v_.02 - 1 >= 0 ]
		(?, 2)    eval_Fax3Encode_bb4_in(v_.02, v_cc) -> Com_2(eval_Fax3Encode1DRow_start(v_.02, v_cc), eval_Fax3Encode_36(v_.02, v_cc)) [ v_.02 - 1 >= 0 ]
		(?, 2)    eval_Fax3Encode_bb1_in(v_.02, v_cc) -> Com_2(eval_Fax3PutEOL_start(v_.02, v_cc), eval_Fax3Encode_6(v_.02, v_cc)) [ v_.02 > 0 /\ v_.02 - 1 >= 0 ]
		(2, 2)    eval_Fax3Encode_bb1_in(v_.02, v_cc) -> Com_1(eval_Fax3Encode_stop(v_.02, v_cc)) [ v_.02 <= 0 ]
		(?, 1)    eval_Fax3Encode_bb1_in(v_.02, v_cc) -> Com_1(eval_Fax3Encode_bb4_in(v_.02, v_cc)) [ v_.02 > 0 ]
		(1, 2)    eval_Fax3Encode_start(v_.02, v_cc) -> Com_1(eval_Fax3Encode_bb1_in(v_cc, v_cc))
	start location:	eval_Fax3Encode_start
	leaf cost:	0

By chaining the transition eval_Fax3Encode_19(v_.02, v_cc) -> Com_1(eval_Fax3Encode_bb10_in(v_.02, v_cc)) [ v_.02 - 1 >= 0 ] with all transitions in problem 27, the following new transitions are obtained:
	eval_Fax3Encode_19(v_.02, v_cc) -> Com_1(eval_Fax3Encode_bb1_in(v_.02 - nondef.16, v_cc)) [ v_.02 - 1 >= 0 ]
	eval_Fax3Encode_19(v_.02, v_cc) -> Com_2(eval__TIFFmemcpy_start(v_.02, v_cc), eval_Fax3Encode_33(v_.02, v_cc)) [ v_.02 - 1 >= 0 ]
We thus obtain the following problem:
28:	T:
		(?, 3)    eval_Fax3Encode_19(v_.02, v_cc) -> Com_1(eval_Fax3Encode_bb1_in(v_.02 - nondef.16, v_cc)) [ v_.02 - 1 >= 0 ]
		(?, 3)    eval_Fax3Encode_19(v_.02, v_cc) -> Com_2(eval__TIFFmemcpy_start(v_.02, v_cc), eval_Fax3Encode_33(v_.02, v_cc)) [ v_.02 - 1 >= 0 ]
		(?, 3)    eval_Fax3Encode_14(v_.02, v_cc) -> Com_1(eval_Fax3Encode_bb1_in(v_.02 - nondef.16, v_cc)) [ v_.02 - 1 >= 0 ]
		(?, 3)    eval_Fax3Encode_14(v_.02, v_cc) -> Com_2(eval__TIFFmemcpy_start(v_.02, v_cc), eval_Fax3Encode_33(v_.02, v_cc)) [ v_.02 - 1 >= 0 ]
		(?, 2)    eval_Fax3Encode_33(v_.02, v_cc) -> Com_1(eval_Fax3Encode_bb1_in(v_.02 - nondef.16, v_cc)) [ v_.02 - 1 >= 0 ]
		(?, 2)    eval_Fax3Encode_bb10_in(v_.02, v_cc) -> Com_1(eval_Fax3Encode_bb1_in(v_.02 - nondef.16, v_cc)) [ v_.02 - 1 >= 0 ]
		(?, 2)    eval_Fax3Encode_bb10_in(v_.02, v_cc) -> Com_2(eval__TIFFmemcpy_start(v_.02, v_cc), eval_Fax3Encode_33(v_.02, v_cc)) [ v_.02 - 1 >= 0 ]
		(2, 2)    eval_Fax3Encode_14(v_.02, v_cc) -> Com_1(eval_Fax3Encode_stop(v_.02, v_cc)) [ v_.02 - 1 >= 0 ]
		(2, 2)    eval_Fax3Encode_19(v_.02, v_cc) -> Com_1(eval_Fax3Encode_stop(v_.02, v_cc)) [ v_.02 - 1 >= 0 ]
		(?, 2)    eval_Fax3Encode_36(v_.02, v_cc) -> Com_1(eval_Fax3Encode_bb1_in(v_.02 - nondef.16, v_cc)) [ v_.02 - 1 >= 0 ]
		(2, 2)    eval_Fax3Encode_36(v_.02, v_cc) -> Com_1(eval_Fax3Encode_stop(v_.02, v_cc)) [ v_.02 - 1 >= 0 ]
		(?, 1)    eval_Fax3Encode_6(v_.02, v_cc) -> Com_1(eval_Fax3Encode_bb4_in(v_.02, v_cc)) [ v_.02 - 1 >= 0 ]
		(?, 2)    eval_Fax3Encode_bb4_in(v_.02, v_cc) -> Com_2(eval_Fax3Encode1DRow_start(v_.02, v_cc), eval_Fax3Encode_14(v_.02, v_cc)) [ v_.02 - 1 >= 0 ]
		(?, 2)    eval_Fax3Encode_bb4_in(v_.02, v_cc) -> Com_2(eval_Fax3Encode2DRow_start(v_.02, v_cc), eval_Fax3Encode_19(v_.02, v_cc)) [ v_.02 - 1 >= 0 ]
		(?, 2)    eval_Fax3Encode_bb4_in(v_.02, v_cc) -> Com_2(eval_Fax3Encode1DRow_start(v_.02, v_cc), eval_Fax3Encode_36(v_.02, v_cc)) [ v_.02 - 1 >= 0 ]
		(?, 2)    eval_Fax3Encode_bb1_in(v_.02, v_cc) -> Com_2(eval_Fax3PutEOL_start(v_.02, v_cc), eval_Fax3Encode_6(v_.02, v_cc)) [ v_.02 > 0 /\ v_.02 - 1 >= 0 ]
		(2, 2)    eval_Fax3Encode_bb1_in(v_.02, v_cc) -> Com_1(eval_Fax3Encode_stop(v_.02, v_cc)) [ v_.02 <= 0 ]
		(?, 1)    eval_Fax3Encode_bb1_in(v_.02, v_cc) -> Com_1(eval_Fax3Encode_bb4_in(v_.02, v_cc)) [ v_.02 > 0 ]
		(1, 2)    eval_Fax3Encode_start(v_.02, v_cc) -> Com_1(eval_Fax3Encode_bb1_in(v_cc, v_cc))
	start location:	eval_Fax3Encode_start
	leaf cost:	0

Testing for reachability in the complexity graph removes the following transitions from problem 28:
	eval_Fax3Encode_bb10_in(v_.02, v_cc) -> Com_1(eval_Fax3Encode_bb1_in(v_.02 - nondef.16, v_cc)) [ v_.02 - 1 >= 0 ]
	eval_Fax3Encode_bb10_in(v_.02, v_cc) -> Com_2(eval__TIFFmemcpy_start(v_.02, v_cc), eval_Fax3Encode_33(v_.02, v_cc)) [ v_.02 - 1 >= 0 ]
We thus obtain the following problem:
29:	T:
		(?, 2)    eval_Fax3Encode_33(v_.02, v_cc) -> Com_1(eval_Fax3Encode_bb1_in(v_.02 - nondef.16, v_cc)) [ v_.02 - 1 >= 0 ]
		(?, 3)    eval_Fax3Encode_14(v_.02, v_cc) -> Com_2(eval__TIFFmemcpy_start(v_.02, v_cc), eval_Fax3Encode_33(v_.02, v_cc)) [ v_.02 - 1 >= 0 ]
		(?, 3)    eval_Fax3Encode_14(v_.02, v_cc) -> Com_1(eval_Fax3Encode_bb1_in(v_.02 - nondef.16, v_cc)) [ v_.02 - 1 >= 0 ]
		(2, 2)    eval_Fax3Encode_14(v_.02, v_cc) -> Com_1(eval_Fax3Encode_stop(v_.02, v_cc)) [ v_.02 - 1 >= 0 ]
		(?, 3)    eval_Fax3Encode_19(v_.02, v_cc) -> Com_2(eval__TIFFmemcpy_start(v_.02, v_cc), eval_Fax3Encode_33(v_.02, v_cc)) [ v_.02 - 1 >= 0 ]
		(?, 3)    eval_Fax3Encode_19(v_.02, v_cc) -> Com_1(eval_Fax3Encode_bb1_in(v_.02 - nondef.16, v_cc)) [ v_.02 - 1 >= 0 ]
		(2, 2)    eval_Fax3Encode_19(v_.02, v_cc) -> Com_1(eval_Fax3Encode_stop(v_.02, v_cc)) [ v_.02 - 1 >= 0 ]
		(?, 2)    eval_Fax3Encode_36(v_.02, v_cc) -> Com_1(eval_Fax3Encode_bb1_in(v_.02 - nondef.16, v_cc)) [ v_.02 - 1 >= 0 ]
		(2, 2)    eval_Fax3Encode_36(v_.02, v_cc) -> Com_1(eval_Fax3Encode_stop(v_.02, v_cc)) [ v_.02 - 1 >= 0 ]
		(?, 1)    eval_Fax3Encode_6(v_.02, v_cc) -> Com_1(eval_Fax3Encode_bb4_in(v_.02, v_cc)) [ v_.02 - 1 >= 0 ]
		(?, 2)    eval_Fax3Encode_bb4_in(v_.02, v_cc) -> Com_2(eval_Fax3Encode1DRow_start(v_.02, v_cc), eval_Fax3Encode_14(v_.02, v_cc)) [ v_.02 - 1 >= 0 ]
		(?, 2)    eval_Fax3Encode_bb4_in(v_.02, v_cc) -> Com_2(eval_Fax3Encode2DRow_start(v_.02, v_cc), eval_Fax3Encode_19(v_.02, v_cc)) [ v_.02 - 1 >= 0 ]
		(?, 2)    eval_Fax3Encode_bb4_in(v_.02, v_cc) -> Com_2(eval_Fax3Encode1DRow_start(v_.02, v_cc), eval_Fax3Encode_36(v_.02, v_cc)) [ v_.02 - 1 >= 0 ]
		(?, 2)    eval_Fax3Encode_bb1_in(v_.02, v_cc) -> Com_2(eval_Fax3PutEOL_start(v_.02, v_cc), eval_Fax3Encode_6(v_.02, v_cc)) [ v_.02 > 0 /\ v_.02 - 1 >= 0 ]
		(2, 2)    eval_Fax3Encode_bb1_in(v_.02, v_cc) -> Com_1(eval_Fax3Encode_stop(v_.02, v_cc)) [ v_.02 <= 0 ]
		(?, 1)    eval_Fax3Encode_bb1_in(v_.02, v_cc) -> Com_1(eval_Fax3Encode_bb4_in(v_.02, v_cc)) [ v_.02 > 0 ]
		(1, 2)    eval_Fax3Encode_start(v_.02, v_cc) -> Com_1(eval_Fax3Encode_bb1_in(v_cc, v_cc))
	start location:	eval_Fax3Encode_start
	leaf cost:	0

Complexity upper bound ?

Time: 1.073 sec (SMT: 0.855 sec)
