MAYBE

Initial complexity problem:
1:	T:
		(1, 1)    eval_make_funny_pointers_start(v_22, v_4, v_ci.0, v_i.0, v_i.1, v_i.2) -> eval_make_funny_pointers_bb0_in(v_22, v_4, v_ci.0, v_i.0, v_i.1, v_i.2)
		(?, 1)    eval_make_funny_pointers_bb0_in(v_22, v_4, v_ci.0, v_i.0, v_i.1, v_i.2) -> eval_make_funny_pointers_bb1_in(v_22, nondef.0, 0, v_i.0, v_i.1, v_i.2)
		(?, 1)    eval_make_funny_pointers_bb1_in(v_22, v_4, v_ci.0, v_i.0, v_i.1, v_i.2) -> eval_make_funny_pointers_bb3_in(0, v_4, v_ci.0, 0, v_i.1, v_i.2) [ nondef.2*nondef.3 = 0 ]
		(?, 1)    eval_make_funny_pointers_bb1_in(v_22, v_4, v_ci.0, v_i.0, v_i.1, v_i.2) -> eval_make_funny_pointers_bb3_in(nondef.5, v_4, v_ci.0, 0, v_i.1, v_i.2) [ nondef.4 > 0 /\ nondef.2*nondef.3 > 0 /\ nondef.5 >= 0 /\ nondef.2*nondef.3 - nondef.4*nondef.5 >= 0 /\ nondef.2*nondef.3 - nondef.4*nondef.5 < nondef.4 ]
		(?, 1)    eval_make_funny_pointers_bb1_in(v_22, v_4, v_ci.0, v_i.0, v_i.1, v_i.2) -> eval_make_funny_pointers_bb3_in(nondef.5, v_4, v_ci.0, 0, v_i.1, v_i.2) [ nondef.4 < 0 /\ nondef.2*nondef.3 > 0 /\ nondef.5 <= 0 /\ nondef.2*nondef.3 - nondef.4*nondef.5 >= 0 /\ nondef.2*nondef.3 - nondef.4*nondef.5 < -nondef.4 ]
		(?, 1)    eval_make_funny_pointers_bb1_in(v_22, v_4, v_ci.0, v_i.0, v_i.1, v_i.2) -> eval_make_funny_pointers_bb3_in(nondef.5, v_4, v_ci.0, 0, v_i.1, v_i.2) [ nondef.4 > 0 /\ nondef.2*nondef.3 < 0 /\ nondef.5 <= 0 /\ -nondef.2*nondef.3 + nondef.4*nondef.5 >= 0 /\ -nondef.2*nondef.3 + nondef.4*nondef.5 < nondef.4 ]
		(?, 1)    eval_make_funny_pointers_bb1_in(v_22, v_4, v_ci.0, v_i.0, v_i.1, v_i.2) -> eval_make_funny_pointers_bb3_in(nondef.5, v_4, v_ci.0, 0, v_i.1, v_i.2) [ nondef.4 < 0 /\ nondef.2*nondef.3 < 0 /\ nondef.5 >= 0 /\ -nondef.2*nondef.3 + nondef.4*nondef.5 >= 0 /\ -nondef.2*nondef.3 + nondef.4*nondef.5 < -nondef.4 ]
		(?, 1)    eval_make_funny_pointers_bb1_in(v_22, v_4, v_ci.0, v_i.0, v_i.1, v_i.2) -> eval_make_funny_pointers_stop(v_22, v_4, v_ci.0, v_i.0, v_i.1, v_i.2)
		(?, 1)    eval_make_funny_pointers_bb3_in(v_22, v_4, v_ci.0, v_i.0, v_i.1, v_i.2) -> eval_make_funny_pointers_bb3_in(v_22, v_4, v_ci.0, v_i.0 + 1, v_i.1, v_i.2) [ v_i.0 < v_22*v_4 ]
		(?, 1)    eval_make_funny_pointers_bb3_in(v_22, v_4, v_ci.0, v_i.0, v_i.1, v_i.2) -> eval_make_funny_pointers_bb5_in(v_22, v_4, v_ci.0, v_i.0, 0, v_i.2) [ v_i.0 >= v_22*v_4 ]
		(?, 1)    eval_make_funny_pointers_bb5_in(v_22, v_4, v_ci.0, v_i.0, v_i.1, v_i.2) -> eval_make_funny_pointers_bb5_in(v_22, v_4, v_ci.0, v_i.0, v_i.1 + 1, v_i.2) [ v_i.1 < 2*v_22 ]
		(?, 1)    eval_make_funny_pointers_bb5_in(v_22, v_4, v_ci.0, v_i.0, v_i.1, v_i.2) -> eval_make_funny_pointers_bb8_in(v_22, v_4, v_ci.0, v_i.0, v_i.1, 0) [ v_i.1 >= 2*v_22 ]
		(?, 1)    eval_make_funny_pointers_bb8_in(v_22, v_4, v_ci.0, v_i.0, v_i.1, v_i.2) -> eval_make_funny_pointers_bb8_in(v_22, v_4, v_ci.0, v_i.0, v_i.1, v_i.2 + 1) [ v_i.2 < v_22 ]
		(?, 1)    eval_make_funny_pointers_bb8_in(v_22, v_4, v_ci.0, v_i.0, v_i.1, v_i.2) -> eval_make_funny_pointers_bb1_in(v_22, v_4, v_ci.0 + 1, v_i.0, v_i.1, v_i.2) [ v_i.2 >= v_22 ]
	start location:	eval_make_funny_pointers_start
	leaf cost:	0

Slicing away variables that do not contribute to conditions from problem 1 leaves variables [v_22, v_4, v_i.0, v_i.1, v_i.2].
We thus obtain the following problem:
2:	T:
		(?, 1)    eval_make_funny_pointers_bb8_in(v_22, v_4, v_i.0, v_i.1, v_i.2) -> eval_make_funny_pointers_bb1_in(v_22, v_4, v_i.0, v_i.1, v_i.2) [ v_i.2 >= v_22 ]
		(?, 1)    eval_make_funny_pointers_bb8_in(v_22, v_4, v_i.0, v_i.1, v_i.2) -> eval_make_funny_pointers_bb8_in(v_22, v_4, v_i.0, v_i.1, v_i.2 + 1) [ v_i.2 < v_22 ]
		(?, 1)    eval_make_funny_pointers_bb5_in(v_22, v_4, v_i.0, v_i.1, v_i.2) -> eval_make_funny_pointers_bb8_in(v_22, v_4, v_i.0, v_i.1, 0) [ v_i.1 >= 2*v_22 ]
		(?, 1)    eval_make_funny_pointers_bb5_in(v_22, v_4, v_i.0, v_i.1, v_i.2) -> eval_make_funny_pointers_bb5_in(v_22, v_4, v_i.0, v_i.1 + 1, v_i.2) [ v_i.1 < 2*v_22 ]
		(?, 1)    eval_make_funny_pointers_bb3_in(v_22, v_4, v_i.0, v_i.1, v_i.2) -> eval_make_funny_pointers_bb5_in(v_22, v_4, v_i.0, 0, v_i.2) [ v_i.0 >= v_22*v_4 ]
		(?, 1)    eval_make_funny_pointers_bb3_in(v_22, v_4, v_i.0, v_i.1, v_i.2) -> eval_make_funny_pointers_bb3_in(v_22, v_4, v_i.0 + 1, v_i.1, v_i.2) [ v_i.0 < v_22*v_4 ]
		(?, 1)    eval_make_funny_pointers_bb1_in(v_22, v_4, v_i.0, v_i.1, v_i.2) -> eval_make_funny_pointers_stop(v_22, v_4, v_i.0, v_i.1, v_i.2)
		(?, 1)    eval_make_funny_pointers_bb1_in(v_22, v_4, v_i.0, v_i.1, v_i.2) -> eval_make_funny_pointers_bb3_in(nondef.5, v_4, 0, v_i.1, v_i.2) [ nondef.4 < 0 /\ nondef.2*nondef.3 < 0 /\ nondef.5 >= 0 /\ -nondef.2*nondef.3 + nondef.4*nondef.5 >= 0 /\ -nondef.2*nondef.3 + nondef.4*nondef.5 < -nondef.4 ]
		(?, 1)    eval_make_funny_pointers_bb1_in(v_22, v_4, v_i.0, v_i.1, v_i.2) -> eval_make_funny_pointers_bb3_in(nondef.5, v_4, 0, v_i.1, v_i.2) [ nondef.4 > 0 /\ nondef.2*nondef.3 < 0 /\ nondef.5 <= 0 /\ -nondef.2*nondef.3 + nondef.4*nondef.5 >= 0 /\ -nondef.2*nondef.3 + nondef.4*nondef.5 < nondef.4 ]
		(?, 1)    eval_make_funny_pointers_bb1_in(v_22, v_4, v_i.0, v_i.1, v_i.2) -> eval_make_funny_pointers_bb3_in(nondef.5, v_4, 0, v_i.1, v_i.2) [ nondef.4 < 0 /\ nondef.2*nondef.3 > 0 /\ nondef.5 <= 0 /\ nondef.2*nondef.3 - nondef.4*nondef.5 >= 0 /\ nondef.2*nondef.3 - nondef.4*nondef.5 < -nondef.4 ]
		(?, 1)    eval_make_funny_pointers_bb1_in(v_22, v_4, v_i.0, v_i.1, v_i.2) -> eval_make_funny_pointers_bb3_in(nondef.5, v_4, 0, v_i.1, v_i.2) [ nondef.4 > 0 /\ nondef.2*nondef.3 > 0 /\ nondef.5 >= 0 /\ nondef.2*nondef.3 - nondef.4*nondef.5 >= 0 /\ nondef.2*nondef.3 - nondef.4*nondef.5 < nondef.4 ]
		(?, 1)    eval_make_funny_pointers_bb1_in(v_22, v_4, v_i.0, v_i.1, v_i.2) -> eval_make_funny_pointers_bb3_in(0, v_4, 0, v_i.1, v_i.2) [ nondef.2*nondef.3 = 0 ]
		(?, 1)    eval_make_funny_pointers_bb0_in(v_22, v_4, v_i.0, v_i.1, v_i.2) -> eval_make_funny_pointers_bb1_in(v_22, nondef.0, v_i.0, v_i.1, v_i.2)
		(1, 1)    eval_make_funny_pointers_start(v_22, v_4, v_i.0, v_i.1, v_i.2) -> eval_make_funny_pointers_bb0_in(v_22, v_4, v_i.0, v_i.1, v_i.2)
	start location:	eval_make_funny_pointers_start
	leaf cost:	0

Repeatedly removing leaves of the complexity graph in problem 2 produces the following problem:
3:	T:
		(?, 1)    eval_make_funny_pointers_bb8_in(v_22, v_4, v_i.0, v_i.1, v_i.2) -> eval_make_funny_pointers_bb1_in(v_22, v_4, v_i.0, v_i.1, v_i.2) [ v_i.2 >= v_22 ]
		(?, 1)    eval_make_funny_pointers_bb8_in(v_22, v_4, v_i.0, v_i.1, v_i.2) -> eval_make_funny_pointers_bb8_in(v_22, v_4, v_i.0, v_i.1, v_i.2 + 1) [ v_i.2 < v_22 ]
		(?, 1)    eval_make_funny_pointers_bb5_in(v_22, v_4, v_i.0, v_i.1, v_i.2) -> eval_make_funny_pointers_bb8_in(v_22, v_4, v_i.0, v_i.1, 0) [ v_i.1 >= 2*v_22 ]
		(?, 1)    eval_make_funny_pointers_bb5_in(v_22, v_4, v_i.0, v_i.1, v_i.2) -> eval_make_funny_pointers_bb5_in(v_22, v_4, v_i.0, v_i.1 + 1, v_i.2) [ v_i.1 < 2*v_22 ]
		(?, 1)    eval_make_funny_pointers_bb3_in(v_22, v_4, v_i.0, v_i.1, v_i.2) -> eval_make_funny_pointers_bb5_in(v_22, v_4, v_i.0, 0, v_i.2) [ v_i.0 >= v_22*v_4 ]
		(?, 1)    eval_make_funny_pointers_bb3_in(v_22, v_4, v_i.0, v_i.1, v_i.2) -> eval_make_funny_pointers_bb3_in(v_22, v_4, v_i.0 + 1, v_i.1, v_i.2) [ v_i.0 < v_22*v_4 ]
		(?, 1)    eval_make_funny_pointers_bb1_in(v_22, v_4, v_i.0, v_i.1, v_i.2) -> eval_make_funny_pointers_bb3_in(nondef.5, v_4, 0, v_i.1, v_i.2) [ nondef.4 < 0 /\ nondef.2*nondef.3 < 0 /\ nondef.5 >= 0 /\ -nondef.2*nondef.3 + nondef.4*nondef.5 >= 0 /\ -nondef.2*nondef.3 + nondef.4*nondef.5 < -nondef.4 ]
		(?, 1)    eval_make_funny_pointers_bb1_in(v_22, v_4, v_i.0, v_i.1, v_i.2) -> eval_make_funny_pointers_bb3_in(nondef.5, v_4, 0, v_i.1, v_i.2) [ nondef.4 > 0 /\ nondef.2*nondef.3 < 0 /\ nondef.5 <= 0 /\ -nondef.2*nondef.3 + nondef.4*nondef.5 >= 0 /\ -nondef.2*nondef.3 + nondef.4*nondef.5 < nondef.4 ]
		(?, 1)    eval_make_funny_pointers_bb1_in(v_22, v_4, v_i.0, v_i.1, v_i.2) -> eval_make_funny_pointers_bb3_in(nondef.5, v_4, 0, v_i.1, v_i.2) [ nondef.4 < 0 /\ nondef.2*nondef.3 > 0 /\ nondef.5 <= 0 /\ nondef.2*nondef.3 - nondef.4*nondef.5 >= 0 /\ nondef.2*nondef.3 - nondef.4*nondef.5 < -nondef.4 ]
		(?, 1)    eval_make_funny_pointers_bb1_in(v_22, v_4, v_i.0, v_i.1, v_i.2) -> eval_make_funny_pointers_bb3_in(nondef.5, v_4, 0, v_i.1, v_i.2) [ nondef.4 > 0 /\ nondef.2*nondef.3 > 0 /\ nondef.5 >= 0 /\ nondef.2*nondef.3 - nondef.4*nondef.5 >= 0 /\ nondef.2*nondef.3 - nondef.4*nondef.5 < nondef.4 ]
		(?, 1)    eval_make_funny_pointers_bb1_in(v_22, v_4, v_i.0, v_i.1, v_i.2) -> eval_make_funny_pointers_bb3_in(0, v_4, 0, v_i.1, v_i.2) [ nondef.2*nondef.3 = 0 ]
		(?, 1)    eval_make_funny_pointers_bb0_in(v_22, v_4, v_i.0, v_i.1, v_i.2) -> eval_make_funny_pointers_bb1_in(v_22, nondef.0, v_i.0, v_i.1, v_i.2)
		(1, 1)    eval_make_funny_pointers_start(v_22, v_4, v_i.0, v_i.1, v_i.2) -> eval_make_funny_pointers_bb0_in(v_22, v_4, v_i.0, v_i.1, v_i.2)
	start location:	eval_make_funny_pointers_start
	leaf cost:	1

Repeatedly propagating knowledge in problem 3 produces the following problem:
4:	T:
		(?, 1)    eval_make_funny_pointers_bb8_in(v_22, v_4, v_i.0, v_i.1, v_i.2) -> eval_make_funny_pointers_bb1_in(v_22, v_4, v_i.0, v_i.1, v_i.2) [ v_i.2 >= v_22 ]
		(?, 1)    eval_make_funny_pointers_bb8_in(v_22, v_4, v_i.0, v_i.1, v_i.2) -> eval_make_funny_pointers_bb8_in(v_22, v_4, v_i.0, v_i.1, v_i.2 + 1) [ v_i.2 < v_22 ]
		(?, 1)    eval_make_funny_pointers_bb5_in(v_22, v_4, v_i.0, v_i.1, v_i.2) -> eval_make_funny_pointers_bb8_in(v_22, v_4, v_i.0, v_i.1, 0) [ v_i.1 >= 2*v_22 ]
		(?, 1)    eval_make_funny_pointers_bb5_in(v_22, v_4, v_i.0, v_i.1, v_i.2) -> eval_make_funny_pointers_bb5_in(v_22, v_4, v_i.0, v_i.1 + 1, v_i.2) [ v_i.1 < 2*v_22 ]
		(?, 1)    eval_make_funny_pointers_bb3_in(v_22, v_4, v_i.0, v_i.1, v_i.2) -> eval_make_funny_pointers_bb5_in(v_22, v_4, v_i.0, 0, v_i.2) [ v_i.0 >= v_22*v_4 ]
		(?, 1)    eval_make_funny_pointers_bb3_in(v_22, v_4, v_i.0, v_i.1, v_i.2) -> eval_make_funny_pointers_bb3_in(v_22, v_4, v_i.0 + 1, v_i.1, v_i.2) [ v_i.0 < v_22*v_4 ]
		(?, 1)    eval_make_funny_pointers_bb1_in(v_22, v_4, v_i.0, v_i.1, v_i.2) -> eval_make_funny_pointers_bb3_in(nondef.5, v_4, 0, v_i.1, v_i.2) [ nondef.4 < 0 /\ nondef.2*nondef.3 < 0 /\ nondef.5 >= 0 /\ -nondef.2*nondef.3 + nondef.4*nondef.5 >= 0 /\ -nondef.2*nondef.3 + nondef.4*nondef.5 < -nondef.4 ]
		(?, 1)    eval_make_funny_pointers_bb1_in(v_22, v_4, v_i.0, v_i.1, v_i.2) -> eval_make_funny_pointers_bb3_in(nondef.5, v_4, 0, v_i.1, v_i.2) [ nondef.4 > 0 /\ nondef.2*nondef.3 < 0 /\ nondef.5 <= 0 /\ -nondef.2*nondef.3 + nondef.4*nondef.5 >= 0 /\ -nondef.2*nondef.3 + nondef.4*nondef.5 < nondef.4 ]
		(?, 1)    eval_make_funny_pointers_bb1_in(v_22, v_4, v_i.0, v_i.1, v_i.2) -> eval_make_funny_pointers_bb3_in(nondef.5, v_4, 0, v_i.1, v_i.2) [ nondef.4 < 0 /\ nondef.2*nondef.3 > 0 /\ nondef.5 <= 0 /\ nondef.2*nondef.3 - nondef.4*nondef.5 >= 0 /\ nondef.2*nondef.3 - nondef.4*nondef.5 < -nondef.4 ]
		(?, 1)    eval_make_funny_pointers_bb1_in(v_22, v_4, v_i.0, v_i.1, v_i.2) -> eval_make_funny_pointers_bb3_in(nondef.5, v_4, 0, v_i.1, v_i.2) [ nondef.4 > 0 /\ nondef.2*nondef.3 > 0 /\ nondef.5 >= 0 /\ nondef.2*nondef.3 - nondef.4*nondef.5 >= 0 /\ nondef.2*nondef.3 - nondef.4*nondef.5 < nondef.4 ]
		(?, 1)    eval_make_funny_pointers_bb1_in(v_22, v_4, v_i.0, v_i.1, v_i.2) -> eval_make_funny_pointers_bb3_in(0, v_4, 0, v_i.1, v_i.2) [ nondef.2*nondef.3 = 0 ]
		(1, 1)    eval_make_funny_pointers_bb0_in(v_22, v_4, v_i.0, v_i.1, v_i.2) -> eval_make_funny_pointers_bb1_in(v_22, nondef.0, v_i.0, v_i.1, v_i.2)
		(1, 1)    eval_make_funny_pointers_start(v_22, v_4, v_i.0, v_i.1, v_i.2) -> eval_make_funny_pointers_bb0_in(v_22, v_4, v_i.0, v_i.1, v_i.2)
	start location:	eval_make_funny_pointers_start
	leaf cost:	1

By chaining the transition eval_make_funny_pointers_bb1_in(v_22, v_4, v_i.0, v_i.1, v_i.2) -> eval_make_funny_pointers_bb3_in(0, v_4, 0, v_i.1, v_i.2) [ nondef.2*nondef.3 = 0 ] with all transitions in problem 4, the following new transition is obtained:
	eval_make_funny_pointers_bb1_in(v_22, v_4, v_i.0, v_i.1, v_i.2) -> eval_make_funny_pointers_bb5_in(0, v_4, 0, 0, v_i.2) [ nondef.2*nondef.3 = 0 /\ 0 >= 0 ]
We thus obtain the following problem:
5:	T:
		(?, 2)    eval_make_funny_pointers_bb1_in(v_22, v_4, v_i.0, v_i.1, v_i.2) -> eval_make_funny_pointers_bb5_in(0, v_4, 0, 0, v_i.2) [ nondef.2*nondef.3 = 0 /\ 0 >= 0 ]
		(?, 1)    eval_make_funny_pointers_bb8_in(v_22, v_4, v_i.0, v_i.1, v_i.2) -> eval_make_funny_pointers_bb1_in(v_22, v_4, v_i.0, v_i.1, v_i.2) [ v_i.2 >= v_22 ]
		(?, 1)    eval_make_funny_pointers_bb8_in(v_22, v_4, v_i.0, v_i.1, v_i.2) -> eval_make_funny_pointers_bb8_in(v_22, v_4, v_i.0, v_i.1, v_i.2 + 1) [ v_i.2 < v_22 ]
		(?, 1)    eval_make_funny_pointers_bb5_in(v_22, v_4, v_i.0, v_i.1, v_i.2) -> eval_make_funny_pointers_bb8_in(v_22, v_4, v_i.0, v_i.1, 0) [ v_i.1 >= 2*v_22 ]
		(?, 1)    eval_make_funny_pointers_bb5_in(v_22, v_4, v_i.0, v_i.1, v_i.2) -> eval_make_funny_pointers_bb5_in(v_22, v_4, v_i.0, v_i.1 + 1, v_i.2) [ v_i.1 < 2*v_22 ]
		(?, 1)    eval_make_funny_pointers_bb3_in(v_22, v_4, v_i.0, v_i.1, v_i.2) -> eval_make_funny_pointers_bb5_in(v_22, v_4, v_i.0, 0, v_i.2) [ v_i.0 >= v_22*v_4 ]
		(?, 1)    eval_make_funny_pointers_bb3_in(v_22, v_4, v_i.0, v_i.1, v_i.2) -> eval_make_funny_pointers_bb3_in(v_22, v_4, v_i.0 + 1, v_i.1, v_i.2) [ v_i.0 < v_22*v_4 ]
		(?, 1)    eval_make_funny_pointers_bb1_in(v_22, v_4, v_i.0, v_i.1, v_i.2) -> eval_make_funny_pointers_bb3_in(nondef.5, v_4, 0, v_i.1, v_i.2) [ nondef.4 < 0 /\ nondef.2*nondef.3 < 0 /\ nondef.5 >= 0 /\ -nondef.2*nondef.3 + nondef.4*nondef.5 >= 0 /\ -nondef.2*nondef.3 + nondef.4*nondef.5 < -nondef.4 ]
		(?, 1)    eval_make_funny_pointers_bb1_in(v_22, v_4, v_i.0, v_i.1, v_i.2) -> eval_make_funny_pointers_bb3_in(nondef.5, v_4, 0, v_i.1, v_i.2) [ nondef.4 > 0 /\ nondef.2*nondef.3 < 0 /\ nondef.5 <= 0 /\ -nondef.2*nondef.3 + nondef.4*nondef.5 >= 0 /\ -nondef.2*nondef.3 + nondef.4*nondef.5 < nondef.4 ]
		(?, 1)    eval_make_funny_pointers_bb1_in(v_22, v_4, v_i.0, v_i.1, v_i.2) -> eval_make_funny_pointers_bb3_in(nondef.5, v_4, 0, v_i.1, v_i.2) [ nondef.4 < 0 /\ nondef.2*nondef.3 > 0 /\ nondef.5 <= 0 /\ nondef.2*nondef.3 - nondef.4*nondef.5 >= 0 /\ nondef.2*nondef.3 - nondef.4*nondef.5 < -nondef.4 ]
		(?, 1)    eval_make_funny_pointers_bb1_in(v_22, v_4, v_i.0, v_i.1, v_i.2) -> eval_make_funny_pointers_bb3_in(nondef.5, v_4, 0, v_i.1, v_i.2) [ nondef.4 > 0 /\ nondef.2*nondef.3 > 0 /\ nondef.5 >= 0 /\ nondef.2*nondef.3 - nondef.4*nondef.5 >= 0 /\ nondef.2*nondef.3 - nondef.4*nondef.5 < nondef.4 ]
		(1, 1)    eval_make_funny_pointers_bb0_in(v_22, v_4, v_i.0, v_i.1, v_i.2) -> eval_make_funny_pointers_bb1_in(v_22, nondef.0, v_i.0, v_i.1, v_i.2)
		(1, 1)    eval_make_funny_pointers_start(v_22, v_4, v_i.0, v_i.1, v_i.2) -> eval_make_funny_pointers_bb0_in(v_22, v_4, v_i.0, v_i.1, v_i.2)
	start location:	eval_make_funny_pointers_start
	leaf cost:	1

By chaining the transition eval_make_funny_pointers_bb1_in(v_22, v_4, v_i.0, v_i.1, v_i.2) -> eval_make_funny_pointers_bb5_in(0, v_4, 0, 0, v_i.2) [ nondef.2*nondef.3 = 0 /\ 0 >= 0 ] with all transitions in problem 5, the following new transition is obtained:
	eval_make_funny_pointers_bb1_in(v_22, v_4, v_i.0, v_i.1, v_i.2) -> eval_make_funny_pointers_bb8_in(0, v_4, 0, 0, 0) [ nondef.2*nondef.3 = 0 /\ 0 >= 0 ]
We thus obtain the following problem:
6:	T:
		(?, 3)    eval_make_funny_pointers_bb1_in(v_22, v_4, v_i.0, v_i.1, v_i.2) -> eval_make_funny_pointers_bb8_in(0, v_4, 0, 0, 0) [ nondef.2*nondef.3 = 0 /\ 0 >= 0 ]
		(?, 1)    eval_make_funny_pointers_bb8_in(v_22, v_4, v_i.0, v_i.1, v_i.2) -> eval_make_funny_pointers_bb1_in(v_22, v_4, v_i.0, v_i.1, v_i.2) [ v_i.2 >= v_22 ]
		(?, 1)    eval_make_funny_pointers_bb8_in(v_22, v_4, v_i.0, v_i.1, v_i.2) -> eval_make_funny_pointers_bb8_in(v_22, v_4, v_i.0, v_i.1, v_i.2 + 1) [ v_i.2 < v_22 ]
		(?, 1)    eval_make_funny_pointers_bb5_in(v_22, v_4, v_i.0, v_i.1, v_i.2) -> eval_make_funny_pointers_bb8_in(v_22, v_4, v_i.0, v_i.1, 0) [ v_i.1 >= 2*v_22 ]
		(?, 1)    eval_make_funny_pointers_bb5_in(v_22, v_4, v_i.0, v_i.1, v_i.2) -> eval_make_funny_pointers_bb5_in(v_22, v_4, v_i.0, v_i.1 + 1, v_i.2) [ v_i.1 < 2*v_22 ]
		(?, 1)    eval_make_funny_pointers_bb3_in(v_22, v_4, v_i.0, v_i.1, v_i.2) -> eval_make_funny_pointers_bb5_in(v_22, v_4, v_i.0, 0, v_i.2) [ v_i.0 >= v_22*v_4 ]
		(?, 1)    eval_make_funny_pointers_bb3_in(v_22, v_4, v_i.0, v_i.1, v_i.2) -> eval_make_funny_pointers_bb3_in(v_22, v_4, v_i.0 + 1, v_i.1, v_i.2) [ v_i.0 < v_22*v_4 ]
		(?, 1)    eval_make_funny_pointers_bb1_in(v_22, v_4, v_i.0, v_i.1, v_i.2) -> eval_make_funny_pointers_bb3_in(nondef.5, v_4, 0, v_i.1, v_i.2) [ nondef.4 < 0 /\ nondef.2*nondef.3 < 0 /\ nondef.5 >= 0 /\ -nondef.2*nondef.3 + nondef.4*nondef.5 >= 0 /\ -nondef.2*nondef.3 + nondef.4*nondef.5 < -nondef.4 ]
		(?, 1)    eval_make_funny_pointers_bb1_in(v_22, v_4, v_i.0, v_i.1, v_i.2) -> eval_make_funny_pointers_bb3_in(nondef.5, v_4, 0, v_i.1, v_i.2) [ nondef.4 > 0 /\ nondef.2*nondef.3 < 0 /\ nondef.5 <= 0 /\ -nondef.2*nondef.3 + nondef.4*nondef.5 >= 0 /\ -nondef.2*nondef.3 + nondef.4*nondef.5 < nondef.4 ]
		(?, 1)    eval_make_funny_pointers_bb1_in(v_22, v_4, v_i.0, v_i.1, v_i.2) -> eval_make_funny_pointers_bb3_in(nondef.5, v_4, 0, v_i.1, v_i.2) [ nondef.4 < 0 /\ nondef.2*nondef.3 > 0 /\ nondef.5 <= 0 /\ nondef.2*nondef.3 - nondef.4*nondef.5 >= 0 /\ nondef.2*nondef.3 - nondef.4*nondef.5 < -nondef.4 ]
		(?, 1)    eval_make_funny_pointers_bb1_in(v_22, v_4, v_i.0, v_i.1, v_i.2) -> eval_make_funny_pointers_bb3_in(nondef.5, v_4, 0, v_i.1, v_i.2) [ nondef.4 > 0 /\ nondef.2*nondef.3 > 0 /\ nondef.5 >= 0 /\ nondef.2*nondef.3 - nondef.4*nondef.5 >= 0 /\ nondef.2*nondef.3 - nondef.4*nondef.5 < nondef.4 ]
		(1, 1)    eval_make_funny_pointers_bb0_in(v_22, v_4, v_i.0, v_i.1, v_i.2) -> eval_make_funny_pointers_bb1_in(v_22, nondef.0, v_i.0, v_i.1, v_i.2)
		(1, 1)    eval_make_funny_pointers_start(v_22, v_4, v_i.0, v_i.1, v_i.2) -> eval_make_funny_pointers_bb0_in(v_22, v_4, v_i.0, v_i.1, v_i.2)
	start location:	eval_make_funny_pointers_start
	leaf cost:	1

By chaining the transition eval_make_funny_pointers_bb1_in(v_22, v_4, v_i.0, v_i.1, v_i.2) -> eval_make_funny_pointers_bb8_in(0, v_4, 0, 0, 0) [ nondef.2*nondef.3 = 0 /\ 0 >= 0 ] with all transitions in problem 6, the following new transition is obtained:
	eval_make_funny_pointers_bb1_in(v_22, v_4, v_i.0, v_i.1, v_i.2) -> eval_make_funny_pointers_bb1_in(0, v_4, 0, 0, 0) [ nondef.2*nondef.3 = 0 /\ 0 >= 0 ]
We thus obtain the following problem:
7:	T:
		(?, 4)    eval_make_funny_pointers_bb1_in(v_22, v_4, v_i.0, v_i.1, v_i.2) -> eval_make_funny_pointers_bb1_in(0, v_4, 0, 0, 0) [ nondef.2*nondef.3 = 0 /\ 0 >= 0 ]
		(?, 1)    eval_make_funny_pointers_bb8_in(v_22, v_4, v_i.0, v_i.1, v_i.2) -> eval_make_funny_pointers_bb1_in(v_22, v_4, v_i.0, v_i.1, v_i.2) [ v_i.2 >= v_22 ]
		(?, 1)    eval_make_funny_pointers_bb8_in(v_22, v_4, v_i.0, v_i.1, v_i.2) -> eval_make_funny_pointers_bb8_in(v_22, v_4, v_i.0, v_i.1, v_i.2 + 1) [ v_i.2 < v_22 ]
		(?, 1)    eval_make_funny_pointers_bb5_in(v_22, v_4, v_i.0, v_i.1, v_i.2) -> eval_make_funny_pointers_bb8_in(v_22, v_4, v_i.0, v_i.1, 0) [ v_i.1 >= 2*v_22 ]
		(?, 1)    eval_make_funny_pointers_bb5_in(v_22, v_4, v_i.0, v_i.1, v_i.2) -> eval_make_funny_pointers_bb5_in(v_22, v_4, v_i.0, v_i.1 + 1, v_i.2) [ v_i.1 < 2*v_22 ]
		(?, 1)    eval_make_funny_pointers_bb3_in(v_22, v_4, v_i.0, v_i.1, v_i.2) -> eval_make_funny_pointers_bb5_in(v_22, v_4, v_i.0, 0, v_i.2) [ v_i.0 >= v_22*v_4 ]
		(?, 1)    eval_make_funny_pointers_bb3_in(v_22, v_4, v_i.0, v_i.1, v_i.2) -> eval_make_funny_pointers_bb3_in(v_22, v_4, v_i.0 + 1, v_i.1, v_i.2) [ v_i.0 < v_22*v_4 ]
		(?, 1)    eval_make_funny_pointers_bb1_in(v_22, v_4, v_i.0, v_i.1, v_i.2) -> eval_make_funny_pointers_bb3_in(nondef.5, v_4, 0, v_i.1, v_i.2) [ nondef.4 < 0 /\ nondef.2*nondef.3 < 0 /\ nondef.5 >= 0 /\ -nondef.2*nondef.3 + nondef.4*nondef.5 >= 0 /\ -nondef.2*nondef.3 + nondef.4*nondef.5 < -nondef.4 ]
		(?, 1)    eval_make_funny_pointers_bb1_in(v_22, v_4, v_i.0, v_i.1, v_i.2) -> eval_make_funny_pointers_bb3_in(nondef.5, v_4, 0, v_i.1, v_i.2) [ nondef.4 > 0 /\ nondef.2*nondef.3 < 0 /\ nondef.5 <= 0 /\ -nondef.2*nondef.3 + nondef.4*nondef.5 >= 0 /\ -nondef.2*nondef.3 + nondef.4*nondef.5 < nondef.4 ]
		(?, 1)    eval_make_funny_pointers_bb1_in(v_22, v_4, v_i.0, v_i.1, v_i.2) -> eval_make_funny_pointers_bb3_in(nondef.5, v_4, 0, v_i.1, v_i.2) [ nondef.4 < 0 /\ nondef.2*nondef.3 > 0 /\ nondef.5 <= 0 /\ nondef.2*nondef.3 - nondef.4*nondef.5 >= 0 /\ nondef.2*nondef.3 - nondef.4*nondef.5 < -nondef.4 ]
		(?, 1)    eval_make_funny_pointers_bb1_in(v_22, v_4, v_i.0, v_i.1, v_i.2) -> eval_make_funny_pointers_bb3_in(nondef.5, v_4, 0, v_i.1, v_i.2) [ nondef.4 > 0 /\ nondef.2*nondef.3 > 0 /\ nondef.5 >= 0 /\ nondef.2*nondef.3 - nondef.4*nondef.5 >= 0 /\ nondef.2*nondef.3 - nondef.4*nondef.5 < nondef.4 ]
		(1, 1)    eval_make_funny_pointers_bb0_in(v_22, v_4, v_i.0, v_i.1, v_i.2) -> eval_make_funny_pointers_bb1_in(v_22, nondef.0, v_i.0, v_i.1, v_i.2)
		(1, 1)    eval_make_funny_pointers_start(v_22, v_4, v_i.0, v_i.1, v_i.2) -> eval_make_funny_pointers_bb0_in(v_22, v_4, v_i.0, v_i.1, v_i.2)
	start location:	eval_make_funny_pointers_start
	leaf cost:	1

By chaining the transition eval_make_funny_pointers_start(v_22, v_4, v_i.0, v_i.1, v_i.2) -> eval_make_funny_pointers_bb0_in(v_22, v_4, v_i.0, v_i.1, v_i.2) with all transitions in problem 7, the following new transition is obtained:
	eval_make_funny_pointers_start(v_22, v_4, v_i.0, v_i.1, v_i.2) -> eval_make_funny_pointers_bb1_in(v_22, nondef.0, v_i.0, v_i.1, v_i.2)
We thus obtain the following problem:
8:	T:
		(1, 2)    eval_make_funny_pointers_start(v_22, v_4, v_i.0, v_i.1, v_i.2) -> eval_make_funny_pointers_bb1_in(v_22, nondef.0, v_i.0, v_i.1, v_i.2)
		(?, 4)    eval_make_funny_pointers_bb1_in(v_22, v_4, v_i.0, v_i.1, v_i.2) -> eval_make_funny_pointers_bb1_in(0, v_4, 0, 0, 0) [ nondef.2*nondef.3 = 0 /\ 0 >= 0 ]
		(?, 1)    eval_make_funny_pointers_bb8_in(v_22, v_4, v_i.0, v_i.1, v_i.2) -> eval_make_funny_pointers_bb1_in(v_22, v_4, v_i.0, v_i.1, v_i.2) [ v_i.2 >= v_22 ]
		(?, 1)    eval_make_funny_pointers_bb8_in(v_22, v_4, v_i.0, v_i.1, v_i.2) -> eval_make_funny_pointers_bb8_in(v_22, v_4, v_i.0, v_i.1, v_i.2 + 1) [ v_i.2 < v_22 ]
		(?, 1)    eval_make_funny_pointers_bb5_in(v_22, v_4, v_i.0, v_i.1, v_i.2) -> eval_make_funny_pointers_bb8_in(v_22, v_4, v_i.0, v_i.1, 0) [ v_i.1 >= 2*v_22 ]
		(?, 1)    eval_make_funny_pointers_bb5_in(v_22, v_4, v_i.0, v_i.1, v_i.2) -> eval_make_funny_pointers_bb5_in(v_22, v_4, v_i.0, v_i.1 + 1, v_i.2) [ v_i.1 < 2*v_22 ]
		(?, 1)    eval_make_funny_pointers_bb3_in(v_22, v_4, v_i.0, v_i.1, v_i.2) -> eval_make_funny_pointers_bb5_in(v_22, v_4, v_i.0, 0, v_i.2) [ v_i.0 >= v_22*v_4 ]
		(?, 1)    eval_make_funny_pointers_bb3_in(v_22, v_4, v_i.0, v_i.1, v_i.2) -> eval_make_funny_pointers_bb3_in(v_22, v_4, v_i.0 + 1, v_i.1, v_i.2) [ v_i.0 < v_22*v_4 ]
		(?, 1)    eval_make_funny_pointers_bb1_in(v_22, v_4, v_i.0, v_i.1, v_i.2) -> eval_make_funny_pointers_bb3_in(nondef.5, v_4, 0, v_i.1, v_i.2) [ nondef.4 < 0 /\ nondef.2*nondef.3 < 0 /\ nondef.5 >= 0 /\ -nondef.2*nondef.3 + nondef.4*nondef.5 >= 0 /\ -nondef.2*nondef.3 + nondef.4*nondef.5 < -nondef.4 ]
		(?, 1)    eval_make_funny_pointers_bb1_in(v_22, v_4, v_i.0, v_i.1, v_i.2) -> eval_make_funny_pointers_bb3_in(nondef.5, v_4, 0, v_i.1, v_i.2) [ nondef.4 > 0 /\ nondef.2*nondef.3 < 0 /\ nondef.5 <= 0 /\ -nondef.2*nondef.3 + nondef.4*nondef.5 >= 0 /\ -nondef.2*nondef.3 + nondef.4*nondef.5 < nondef.4 ]
		(?, 1)    eval_make_funny_pointers_bb1_in(v_22, v_4, v_i.0, v_i.1, v_i.2) -> eval_make_funny_pointers_bb3_in(nondef.5, v_4, 0, v_i.1, v_i.2) [ nondef.4 < 0 /\ nondef.2*nondef.3 > 0 /\ nondef.5 <= 0 /\ nondef.2*nondef.3 - nondef.4*nondef.5 >= 0 /\ nondef.2*nondef.3 - nondef.4*nondef.5 < -nondef.4 ]
		(?, 1)    eval_make_funny_pointers_bb1_in(v_22, v_4, v_i.0, v_i.1, v_i.2) -> eval_make_funny_pointers_bb3_in(nondef.5, v_4, 0, v_i.1, v_i.2) [ nondef.4 > 0 /\ nondef.2*nondef.3 > 0 /\ nondef.5 >= 0 /\ nondef.2*nondef.3 - nondef.4*nondef.5 >= 0 /\ nondef.2*nondef.3 - nondef.4*nondef.5 < nondef.4 ]
		(1, 1)    eval_make_funny_pointers_bb0_in(v_22, v_4, v_i.0, v_i.1, v_i.2) -> eval_make_funny_pointers_bb1_in(v_22, nondef.0, v_i.0, v_i.1, v_i.2)
	start location:	eval_make_funny_pointers_start
	leaf cost:	1

Testing for reachability in the complexity graph removes the following transition from problem 8:
	eval_make_funny_pointers_bb0_in(v_22, v_4, v_i.0, v_i.1, v_i.2) -> eval_make_funny_pointers_bb1_in(v_22, nondef.0, v_i.0, v_i.1, v_i.2)
We thus obtain the following problem:
9:	T:
		(?, 1)    eval_make_funny_pointers_bb8_in(v_22, v_4, v_i.0, v_i.1, v_i.2) -> eval_make_funny_pointers_bb8_in(v_22, v_4, v_i.0, v_i.1, v_i.2 + 1) [ v_i.2 < v_22 ]
		(?, 1)    eval_make_funny_pointers_bb8_in(v_22, v_4, v_i.0, v_i.1, v_i.2) -> eval_make_funny_pointers_bb1_in(v_22, v_4, v_i.0, v_i.1, v_i.2) [ v_i.2 >= v_22 ]
		(?, 1)    eval_make_funny_pointers_bb5_in(v_22, v_4, v_i.0, v_i.1, v_i.2) -> eval_make_funny_pointers_bb5_in(v_22, v_4, v_i.0, v_i.1 + 1, v_i.2) [ v_i.1 < 2*v_22 ]
		(?, 1)    eval_make_funny_pointers_bb5_in(v_22, v_4, v_i.0, v_i.1, v_i.2) -> eval_make_funny_pointers_bb8_in(v_22, v_4, v_i.0, v_i.1, 0) [ v_i.1 >= 2*v_22 ]
		(?, 1)    eval_make_funny_pointers_bb3_in(v_22, v_4, v_i.0, v_i.1, v_i.2) -> eval_make_funny_pointers_bb3_in(v_22, v_4, v_i.0 + 1, v_i.1, v_i.2) [ v_i.0 < v_22*v_4 ]
		(?, 1)    eval_make_funny_pointers_bb3_in(v_22, v_4, v_i.0, v_i.1, v_i.2) -> eval_make_funny_pointers_bb5_in(v_22, v_4, v_i.0, 0, v_i.2) [ v_i.0 >= v_22*v_4 ]
		(?, 4)    eval_make_funny_pointers_bb1_in(v_22, v_4, v_i.0, v_i.1, v_i.2) -> eval_make_funny_pointers_bb1_in(0, v_4, 0, 0, 0) [ nondef.2*nondef.3 = 0 /\ 0 >= 0 ]
		(?, 1)    eval_make_funny_pointers_bb1_in(v_22, v_4, v_i.0, v_i.1, v_i.2) -> eval_make_funny_pointers_bb3_in(nondef.5, v_4, 0, v_i.1, v_i.2) [ nondef.4 > 0 /\ nondef.2*nondef.3 > 0 /\ nondef.5 >= 0 /\ nondef.2*nondef.3 - nondef.4*nondef.5 >= 0 /\ nondef.2*nondef.3 - nondef.4*nondef.5 < nondef.4 ]
		(?, 1)    eval_make_funny_pointers_bb1_in(v_22, v_4, v_i.0, v_i.1, v_i.2) -> eval_make_funny_pointers_bb3_in(nondef.5, v_4, 0, v_i.1, v_i.2) [ nondef.4 < 0 /\ nondef.2*nondef.3 > 0 /\ nondef.5 <= 0 /\ nondef.2*nondef.3 - nondef.4*nondef.5 >= 0 /\ nondef.2*nondef.3 - nondef.4*nondef.5 < -nondef.4 ]
		(?, 1)    eval_make_funny_pointers_bb1_in(v_22, v_4, v_i.0, v_i.1, v_i.2) -> eval_make_funny_pointers_bb3_in(nondef.5, v_4, 0, v_i.1, v_i.2) [ nondef.4 > 0 /\ nondef.2*nondef.3 < 0 /\ nondef.5 <= 0 /\ -nondef.2*nondef.3 + nondef.4*nondef.5 >= 0 /\ -nondef.2*nondef.3 + nondef.4*nondef.5 < nondef.4 ]
		(?, 1)    eval_make_funny_pointers_bb1_in(v_22, v_4, v_i.0, v_i.1, v_i.2) -> eval_make_funny_pointers_bb3_in(nondef.5, v_4, 0, v_i.1, v_i.2) [ nondef.4 < 0 /\ nondef.2*nondef.3 < 0 /\ nondef.5 >= 0 /\ -nondef.2*nondef.3 + nondef.4*nondef.5 >= 0 /\ -nondef.2*nondef.3 + nondef.4*nondef.5 < -nondef.4 ]
		(1, 2)    eval_make_funny_pointers_start(v_22, v_4, v_i.0, v_i.1, v_i.2) -> eval_make_funny_pointers_bb1_in(v_22, nondef.0, v_i.0, v_i.1, v_i.2)
	start location:	eval_make_funny_pointers_start
	leaf cost:	1

By chaining the transition eval_make_funny_pointers_bb5_in(v_22, v_4, v_i.0, v_i.1, v_i.2) -> eval_make_funny_pointers_bb8_in(v_22, v_4, v_i.0, v_i.1, 0) [ v_i.1 >= 2*v_22 ] with all transitions in problem 9, the following new transitions are obtained:
	eval_make_funny_pointers_bb5_in(v_22, v_4, v_i.0, v_i.1, v_i.2) -> eval_make_funny_pointers_bb8_in(v_22, v_4, v_i.0, v_i.1, 1) [ v_i.1 >= 2*v_22 /\ 0 < v_22 ]
	eval_make_funny_pointers_bb5_in(v_22, v_4, v_i.0, v_i.1, v_i.2) -> eval_make_funny_pointers_bb1_in(v_22, v_4, v_i.0, v_i.1, 0) [ v_i.1 >= 2*v_22 /\ 0 >= v_22 ]
We thus obtain the following problem:
10:	T:
		(?, 2)    eval_make_funny_pointers_bb5_in(v_22, v_4, v_i.0, v_i.1, v_i.2) -> eval_make_funny_pointers_bb8_in(v_22, v_4, v_i.0, v_i.1, 1) [ v_i.1 >= 2*v_22 /\ 0 < v_22 ]
		(?, 2)    eval_make_funny_pointers_bb5_in(v_22, v_4, v_i.0, v_i.1, v_i.2) -> eval_make_funny_pointers_bb1_in(v_22, v_4, v_i.0, v_i.1, 0) [ v_i.1 >= 2*v_22 /\ 0 >= v_22 ]
		(?, 1)    eval_make_funny_pointers_bb8_in(v_22, v_4, v_i.0, v_i.1, v_i.2) -> eval_make_funny_pointers_bb8_in(v_22, v_4, v_i.0, v_i.1, v_i.2 + 1) [ v_i.2 < v_22 ]
		(?, 1)    eval_make_funny_pointers_bb8_in(v_22, v_4, v_i.0, v_i.1, v_i.2) -> eval_make_funny_pointers_bb1_in(v_22, v_4, v_i.0, v_i.1, v_i.2) [ v_i.2 >= v_22 ]
		(?, 1)    eval_make_funny_pointers_bb5_in(v_22, v_4, v_i.0, v_i.1, v_i.2) -> eval_make_funny_pointers_bb5_in(v_22, v_4, v_i.0, v_i.1 + 1, v_i.2) [ v_i.1 < 2*v_22 ]
		(?, 1)    eval_make_funny_pointers_bb3_in(v_22, v_4, v_i.0, v_i.1, v_i.2) -> eval_make_funny_pointers_bb3_in(v_22, v_4, v_i.0 + 1, v_i.1, v_i.2) [ v_i.0 < v_22*v_4 ]
		(?, 1)    eval_make_funny_pointers_bb3_in(v_22, v_4, v_i.0, v_i.1, v_i.2) -> eval_make_funny_pointers_bb5_in(v_22, v_4, v_i.0, 0, v_i.2) [ v_i.0 >= v_22*v_4 ]
		(?, 4)    eval_make_funny_pointers_bb1_in(v_22, v_4, v_i.0, v_i.1, v_i.2) -> eval_make_funny_pointers_bb1_in(0, v_4, 0, 0, 0) [ nondef.2*nondef.3 = 0 /\ 0 >= 0 ]
		(?, 1)    eval_make_funny_pointers_bb1_in(v_22, v_4, v_i.0, v_i.1, v_i.2) -> eval_make_funny_pointers_bb3_in(nondef.5, v_4, 0, v_i.1, v_i.2) [ nondef.4 > 0 /\ nondef.2*nondef.3 > 0 /\ nondef.5 >= 0 /\ nondef.2*nondef.3 - nondef.4*nondef.5 >= 0 /\ nondef.2*nondef.3 - nondef.4*nondef.5 < nondef.4 ]
		(?, 1)    eval_make_funny_pointers_bb1_in(v_22, v_4, v_i.0, v_i.1, v_i.2) -> eval_make_funny_pointers_bb3_in(nondef.5, v_4, 0, v_i.1, v_i.2) [ nondef.4 < 0 /\ nondef.2*nondef.3 > 0 /\ nondef.5 <= 0 /\ nondef.2*nondef.3 - nondef.4*nondef.5 >= 0 /\ nondef.2*nondef.3 - nondef.4*nondef.5 < -nondef.4 ]
		(?, 1)    eval_make_funny_pointers_bb1_in(v_22, v_4, v_i.0, v_i.1, v_i.2) -> eval_make_funny_pointers_bb3_in(nondef.5, v_4, 0, v_i.1, v_i.2) [ nondef.4 > 0 /\ nondef.2*nondef.3 < 0 /\ nondef.5 <= 0 /\ -nondef.2*nondef.3 + nondef.4*nondef.5 >= 0 /\ -nondef.2*nondef.3 + nondef.4*nondef.5 < nondef.4 ]
		(?, 1)    eval_make_funny_pointers_bb1_in(v_22, v_4, v_i.0, v_i.1, v_i.2) -> eval_make_funny_pointers_bb3_in(nondef.5, v_4, 0, v_i.1, v_i.2) [ nondef.4 < 0 /\ nondef.2*nondef.3 < 0 /\ nondef.5 >= 0 /\ -nondef.2*nondef.3 + nondef.4*nondef.5 >= 0 /\ -nondef.2*nondef.3 + nondef.4*nondef.5 < -nondef.4 ]
		(1, 2)    eval_make_funny_pointers_start(v_22, v_4, v_i.0, v_i.1, v_i.2) -> eval_make_funny_pointers_bb1_in(v_22, nondef.0, v_i.0, v_i.1, v_i.2)
	start location:	eval_make_funny_pointers_start
	leaf cost:	1

By chaining the transition eval_make_funny_pointers_bb5_in(v_22, v_4, v_i.0, v_i.1, v_i.2) -> eval_make_funny_pointers_bb8_in(v_22, v_4, v_i.0, v_i.1, 1) [ v_i.1 >= 2*v_22 /\ 0 < v_22 ] with all transitions in problem 10, the following new transitions are obtained:
	eval_make_funny_pointers_bb5_in(v_22, v_4, v_i.0, v_i.1, v_i.2) -> eval_make_funny_pointers_bb8_in(v_22, v_4, v_i.0, v_i.1, 2) [ v_i.1 >= 2*v_22 /\ 0 < v_22 /\ 1 < v_22 ]
	eval_make_funny_pointers_bb5_in(v_22, v_4, v_i.0, v_i.1, v_i.2) -> eval_make_funny_pointers_bb1_in(v_22, v_4, v_i.0, v_i.1, 1) [ v_i.1 >= 2*v_22 /\ 0 < v_22 /\ 1 >= v_22 ]
We thus obtain the following problem:
11:	T:
		(?, 3)    eval_make_funny_pointers_bb5_in(v_22, v_4, v_i.0, v_i.1, v_i.2) -> eval_make_funny_pointers_bb8_in(v_22, v_4, v_i.0, v_i.1, 2) [ v_i.1 >= 2*v_22 /\ 0 < v_22 /\ 1 < v_22 ]
		(?, 3)    eval_make_funny_pointers_bb5_in(v_22, v_4, v_i.0, v_i.1, v_i.2) -> eval_make_funny_pointers_bb1_in(v_22, v_4, v_i.0, v_i.1, 1) [ v_i.1 >= 2*v_22 /\ 0 < v_22 /\ 1 >= v_22 ]
		(?, 2)    eval_make_funny_pointers_bb5_in(v_22, v_4, v_i.0, v_i.1, v_i.2) -> eval_make_funny_pointers_bb1_in(v_22, v_4, v_i.0, v_i.1, 0) [ v_i.1 >= 2*v_22 /\ 0 >= v_22 ]
		(?, 1)    eval_make_funny_pointers_bb8_in(v_22, v_4, v_i.0, v_i.1, v_i.2) -> eval_make_funny_pointers_bb8_in(v_22, v_4, v_i.0, v_i.1, v_i.2 + 1) [ v_i.2 < v_22 ]
		(?, 1)    eval_make_funny_pointers_bb8_in(v_22, v_4, v_i.0, v_i.1, v_i.2) -> eval_make_funny_pointers_bb1_in(v_22, v_4, v_i.0, v_i.1, v_i.2) [ v_i.2 >= v_22 ]
		(?, 1)    eval_make_funny_pointers_bb5_in(v_22, v_4, v_i.0, v_i.1, v_i.2) -> eval_make_funny_pointers_bb5_in(v_22, v_4, v_i.0, v_i.1 + 1, v_i.2) [ v_i.1 < 2*v_22 ]
		(?, 1)    eval_make_funny_pointers_bb3_in(v_22, v_4, v_i.0, v_i.1, v_i.2) -> eval_make_funny_pointers_bb3_in(v_22, v_4, v_i.0 + 1, v_i.1, v_i.2) [ v_i.0 < v_22*v_4 ]
		(?, 1)    eval_make_funny_pointers_bb3_in(v_22, v_4, v_i.0, v_i.1, v_i.2) -> eval_make_funny_pointers_bb5_in(v_22, v_4, v_i.0, 0, v_i.2) [ v_i.0 >= v_22*v_4 ]
		(?, 4)    eval_make_funny_pointers_bb1_in(v_22, v_4, v_i.0, v_i.1, v_i.2) -> eval_make_funny_pointers_bb1_in(0, v_4, 0, 0, 0) [ nondef.2*nondef.3 = 0 /\ 0 >= 0 ]
		(?, 1)    eval_make_funny_pointers_bb1_in(v_22, v_4, v_i.0, v_i.1, v_i.2) -> eval_make_funny_pointers_bb3_in(nondef.5, v_4, 0, v_i.1, v_i.2) [ nondef.4 > 0 /\ nondef.2*nondef.3 > 0 /\ nondef.5 >= 0 /\ nondef.2*nondef.3 - nondef.4*nondef.5 >= 0 /\ nondef.2*nondef.3 - nondef.4*nondef.5 < nondef.4 ]
		(?, 1)    eval_make_funny_pointers_bb1_in(v_22, v_4, v_i.0, v_i.1, v_i.2) -> eval_make_funny_pointers_bb3_in(nondef.5, v_4, 0, v_i.1, v_i.2) [ nondef.4 < 0 /\ nondef.2*nondef.3 > 0 /\ nondef.5 <= 0 /\ nondef.2*nondef.3 - nondef.4*nondef.5 >= 0 /\ nondef.2*nondef.3 - nondef.4*nondef.5 < -nondef.4 ]
		(?, 1)    eval_make_funny_pointers_bb1_in(v_22, v_4, v_i.0, v_i.1, v_i.2) -> eval_make_funny_pointers_bb3_in(nondef.5, v_4, 0, v_i.1, v_i.2) [ nondef.4 > 0 /\ nondef.2*nondef.3 < 0 /\ nondef.5 <= 0 /\ -nondef.2*nondef.3 + nondef.4*nondef.5 >= 0 /\ -nondef.2*nondef.3 + nondef.4*nondef.5 < nondef.4 ]
		(?, 1)    eval_make_funny_pointers_bb1_in(v_22, v_4, v_i.0, v_i.1, v_i.2) -> eval_make_funny_pointers_bb3_in(nondef.5, v_4, 0, v_i.1, v_i.2) [ nondef.4 < 0 /\ nondef.2*nondef.3 < 0 /\ nondef.5 >= 0 /\ -nondef.2*nondef.3 + nondef.4*nondef.5 >= 0 /\ -nondef.2*nondef.3 + nondef.4*nondef.5 < -nondef.4 ]
		(1, 2)    eval_make_funny_pointers_start(v_22, v_4, v_i.0, v_i.1, v_i.2) -> eval_make_funny_pointers_bb1_in(v_22, nondef.0, v_i.0, v_i.1, v_i.2)
	start location:	eval_make_funny_pointers_start
	leaf cost:	1

By chaining the transition eval_make_funny_pointers_bb5_in(v_22, v_4, v_i.0, v_i.1, v_i.2) -> eval_make_funny_pointers_bb8_in(v_22, v_4, v_i.0, v_i.1, 2) [ v_i.1 >= 2*v_22 /\ 0 < v_22 /\ 1 < v_22 ] with all transitions in problem 11, the following new transitions are obtained:
	eval_make_funny_pointers_bb5_in(v_22, v_4, v_i.0, v_i.1, v_i.2) -> eval_make_funny_pointers_bb8_in(v_22, v_4, v_i.0, v_i.1, 3) [ v_i.1 >= 2*v_22 /\ 0 < v_22 /\ 1 < v_22 /\ 2 < v_22 ]
	eval_make_funny_pointers_bb5_in(v_22, v_4, v_i.0, v_i.1, v_i.2) -> eval_make_funny_pointers_bb1_in(v_22, v_4, v_i.0, v_i.1, 2) [ v_i.1 >= 2*v_22 /\ 0 < v_22 /\ 1 < v_22 /\ 2 >= v_22 ]
We thus obtain the following problem:
12:	T:
		(?, 4)    eval_make_funny_pointers_bb5_in(v_22, v_4, v_i.0, v_i.1, v_i.2) -> eval_make_funny_pointers_bb8_in(v_22, v_4, v_i.0, v_i.1, 3) [ v_i.1 >= 2*v_22 /\ 0 < v_22 /\ 1 < v_22 /\ 2 < v_22 ]
		(?, 4)    eval_make_funny_pointers_bb5_in(v_22, v_4, v_i.0, v_i.1, v_i.2) -> eval_make_funny_pointers_bb1_in(v_22, v_4, v_i.0, v_i.1, 2) [ v_i.1 >= 2*v_22 /\ 0 < v_22 /\ 1 < v_22 /\ 2 >= v_22 ]
		(?, 3)    eval_make_funny_pointers_bb5_in(v_22, v_4, v_i.0, v_i.1, v_i.2) -> eval_make_funny_pointers_bb1_in(v_22, v_4, v_i.0, v_i.1, 1) [ v_i.1 >= 2*v_22 /\ 0 < v_22 /\ 1 >= v_22 ]
		(?, 2)    eval_make_funny_pointers_bb5_in(v_22, v_4, v_i.0, v_i.1, v_i.2) -> eval_make_funny_pointers_bb1_in(v_22, v_4, v_i.0, v_i.1, 0) [ v_i.1 >= 2*v_22 /\ 0 >= v_22 ]
		(?, 1)    eval_make_funny_pointers_bb8_in(v_22, v_4, v_i.0, v_i.1, v_i.2) -> eval_make_funny_pointers_bb8_in(v_22, v_4, v_i.0, v_i.1, v_i.2 + 1) [ v_i.2 < v_22 ]
		(?, 1)    eval_make_funny_pointers_bb8_in(v_22, v_4, v_i.0, v_i.1, v_i.2) -> eval_make_funny_pointers_bb1_in(v_22, v_4, v_i.0, v_i.1, v_i.2) [ v_i.2 >= v_22 ]
		(?, 1)    eval_make_funny_pointers_bb5_in(v_22, v_4, v_i.0, v_i.1, v_i.2) -> eval_make_funny_pointers_bb5_in(v_22, v_4, v_i.0, v_i.1 + 1, v_i.2) [ v_i.1 < 2*v_22 ]
		(?, 1)    eval_make_funny_pointers_bb3_in(v_22, v_4, v_i.0, v_i.1, v_i.2) -> eval_make_funny_pointers_bb3_in(v_22, v_4, v_i.0 + 1, v_i.1, v_i.2) [ v_i.0 < v_22*v_4 ]
		(?, 1)    eval_make_funny_pointers_bb3_in(v_22, v_4, v_i.0, v_i.1, v_i.2) -> eval_make_funny_pointers_bb5_in(v_22, v_4, v_i.0, 0, v_i.2) [ v_i.0 >= v_22*v_4 ]
		(?, 4)    eval_make_funny_pointers_bb1_in(v_22, v_4, v_i.0, v_i.1, v_i.2) -> eval_make_funny_pointers_bb1_in(0, v_4, 0, 0, 0) [ nondef.2*nondef.3 = 0 /\ 0 >= 0 ]
		(?, 1)    eval_make_funny_pointers_bb1_in(v_22, v_4, v_i.0, v_i.1, v_i.2) -> eval_make_funny_pointers_bb3_in(nondef.5, v_4, 0, v_i.1, v_i.2) [ nondef.4 > 0 /\ nondef.2*nondef.3 > 0 /\ nondef.5 >= 0 /\ nondef.2*nondef.3 - nondef.4*nondef.5 >= 0 /\ nondef.2*nondef.3 - nondef.4*nondef.5 < nondef.4 ]
		(?, 1)    eval_make_funny_pointers_bb1_in(v_22, v_4, v_i.0, v_i.1, v_i.2) -> eval_make_funny_pointers_bb3_in(nondef.5, v_4, 0, v_i.1, v_i.2) [ nondef.4 < 0 /\ nondef.2*nondef.3 > 0 /\ nondef.5 <= 0 /\ nondef.2*nondef.3 - nondef.4*nondef.5 >= 0 /\ nondef.2*nondef.3 - nondef.4*nondef.5 < -nondef.4 ]
		(?, 1)    eval_make_funny_pointers_bb1_in(v_22, v_4, v_i.0, v_i.1, v_i.2) -> eval_make_funny_pointers_bb3_in(nondef.5, v_4, 0, v_i.1, v_i.2) [ nondef.4 > 0 /\ nondef.2*nondef.3 < 0 /\ nondef.5 <= 0 /\ -nondef.2*nondef.3 + nondef.4*nondef.5 >= 0 /\ -nondef.2*nondef.3 + nondef.4*nondef.5 < nondef.4 ]
		(?, 1)    eval_make_funny_pointers_bb1_in(v_22, v_4, v_i.0, v_i.1, v_i.2) -> eval_make_funny_pointers_bb3_in(nondef.5, v_4, 0, v_i.1, v_i.2) [ nondef.4 < 0 /\ nondef.2*nondef.3 < 0 /\ nondef.5 >= 0 /\ -nondef.2*nondef.3 + nondef.4*nondef.5 >= 0 /\ -nondef.2*nondef.3 + nondef.4*nondef.5 < -nondef.4 ]
		(1, 2)    eval_make_funny_pointers_start(v_22, v_4, v_i.0, v_i.1, v_i.2) -> eval_make_funny_pointers_bb1_in(v_22, nondef.0, v_i.0, v_i.1, v_i.2)
	start location:	eval_make_funny_pointers_start
	leaf cost:	1

By chaining the transition eval_make_funny_pointers_bb5_in(v_22, v_4, v_i.0, v_i.1, v_i.2) -> eval_make_funny_pointers_bb8_in(v_22, v_4, v_i.0, v_i.1, 3) [ v_i.1 >= 2*v_22 /\ 0 < v_22 /\ 1 < v_22 /\ 2 < v_22 ] with all transitions in problem 12, the following new transitions are obtained:
	eval_make_funny_pointers_bb5_in(v_22, v_4, v_i.0, v_i.1, v_i.2) -> eval_make_funny_pointers_bb8_in(v_22, v_4, v_i.0, v_i.1, 4) [ v_i.1 >= 2*v_22 /\ 0 < v_22 /\ 1 < v_22 /\ 2 < v_22 /\ 3 < v_22 ]
	eval_make_funny_pointers_bb5_in(v_22, v_4, v_i.0, v_i.1, v_i.2) -> eval_make_funny_pointers_bb1_in(v_22, v_4, v_i.0, v_i.1, 3) [ v_i.1 >= 2*v_22 /\ 0 < v_22 /\ 1 < v_22 /\ 2 < v_22 /\ 3 >= v_22 ]
We thus obtain the following problem:
13:	T:
		(?, 5)    eval_make_funny_pointers_bb5_in(v_22, v_4, v_i.0, v_i.1, v_i.2) -> eval_make_funny_pointers_bb8_in(v_22, v_4, v_i.0, v_i.1, 4) [ v_i.1 >= 2*v_22 /\ 0 < v_22 /\ 1 < v_22 /\ 2 < v_22 /\ 3 < v_22 ]
		(?, 5)    eval_make_funny_pointers_bb5_in(v_22, v_4, v_i.0, v_i.1, v_i.2) -> eval_make_funny_pointers_bb1_in(v_22, v_4, v_i.0, v_i.1, 3) [ v_i.1 >= 2*v_22 /\ 0 < v_22 /\ 1 < v_22 /\ 2 < v_22 /\ 3 >= v_22 ]
		(?, 4)    eval_make_funny_pointers_bb5_in(v_22, v_4, v_i.0, v_i.1, v_i.2) -> eval_make_funny_pointers_bb1_in(v_22, v_4, v_i.0, v_i.1, 2) [ v_i.1 >= 2*v_22 /\ 0 < v_22 /\ 1 < v_22 /\ 2 >= v_22 ]
		(?, 3)    eval_make_funny_pointers_bb5_in(v_22, v_4, v_i.0, v_i.1, v_i.2) -> eval_make_funny_pointers_bb1_in(v_22, v_4, v_i.0, v_i.1, 1) [ v_i.1 >= 2*v_22 /\ 0 < v_22 /\ 1 >= v_22 ]
		(?, 2)    eval_make_funny_pointers_bb5_in(v_22, v_4, v_i.0, v_i.1, v_i.2) -> eval_make_funny_pointers_bb1_in(v_22, v_4, v_i.0, v_i.1, 0) [ v_i.1 >= 2*v_22 /\ 0 >= v_22 ]
		(?, 1)    eval_make_funny_pointers_bb8_in(v_22, v_4, v_i.0, v_i.1, v_i.2) -> eval_make_funny_pointers_bb8_in(v_22, v_4, v_i.0, v_i.1, v_i.2 + 1) [ v_i.2 < v_22 ]
		(?, 1)    eval_make_funny_pointers_bb8_in(v_22, v_4, v_i.0, v_i.1, v_i.2) -> eval_make_funny_pointers_bb1_in(v_22, v_4, v_i.0, v_i.1, v_i.2) [ v_i.2 >= v_22 ]
		(?, 1)    eval_make_funny_pointers_bb5_in(v_22, v_4, v_i.0, v_i.1, v_i.2) -> eval_make_funny_pointers_bb5_in(v_22, v_4, v_i.0, v_i.1 + 1, v_i.2) [ v_i.1 < 2*v_22 ]
		(?, 1)    eval_make_funny_pointers_bb3_in(v_22, v_4, v_i.0, v_i.1, v_i.2) -> eval_make_funny_pointers_bb3_in(v_22, v_4, v_i.0 + 1, v_i.1, v_i.2) [ v_i.0 < v_22*v_4 ]
		(?, 1)    eval_make_funny_pointers_bb3_in(v_22, v_4, v_i.0, v_i.1, v_i.2) -> eval_make_funny_pointers_bb5_in(v_22, v_4, v_i.0, 0, v_i.2) [ v_i.0 >= v_22*v_4 ]
		(?, 4)    eval_make_funny_pointers_bb1_in(v_22, v_4, v_i.0, v_i.1, v_i.2) -> eval_make_funny_pointers_bb1_in(0, v_4, 0, 0, 0) [ nondef.2*nondef.3 = 0 /\ 0 >= 0 ]
		(?, 1)    eval_make_funny_pointers_bb1_in(v_22, v_4, v_i.0, v_i.1, v_i.2) -> eval_make_funny_pointers_bb3_in(nondef.5, v_4, 0, v_i.1, v_i.2) [ nondef.4 > 0 /\ nondef.2*nondef.3 > 0 /\ nondef.5 >= 0 /\ nondef.2*nondef.3 - nondef.4*nondef.5 >= 0 /\ nondef.2*nondef.3 - nondef.4*nondef.5 < nondef.4 ]
		(?, 1)    eval_make_funny_pointers_bb1_in(v_22, v_4, v_i.0, v_i.1, v_i.2) -> eval_make_funny_pointers_bb3_in(nondef.5, v_4, 0, v_i.1, v_i.2) [ nondef.4 < 0 /\ nondef.2*nondef.3 > 0 /\ nondef.5 <= 0 /\ nondef.2*nondef.3 - nondef.4*nondef.5 >= 0 /\ nondef.2*nondef.3 - nondef.4*nondef.5 < -nondef.4 ]
		(?, 1)    eval_make_funny_pointers_bb1_in(v_22, v_4, v_i.0, v_i.1, v_i.2) -> eval_make_funny_pointers_bb3_in(nondef.5, v_4, 0, v_i.1, v_i.2) [ nondef.4 > 0 /\ nondef.2*nondef.3 < 0 /\ nondef.5 <= 0 /\ -nondef.2*nondef.3 + nondef.4*nondef.5 >= 0 /\ -nondef.2*nondef.3 + nondef.4*nondef.5 < nondef.4 ]
		(?, 1)    eval_make_funny_pointers_bb1_in(v_22, v_4, v_i.0, v_i.1, v_i.2) -> eval_make_funny_pointers_bb3_in(nondef.5, v_4, 0, v_i.1, v_i.2) [ nondef.4 < 0 /\ nondef.2*nondef.3 < 0 /\ nondef.5 >= 0 /\ -nondef.2*nondef.3 + nondef.4*nondef.5 >= 0 /\ -nondef.2*nondef.3 + nondef.4*nondef.5 < -nondef.4 ]
		(1, 2)    eval_make_funny_pointers_start(v_22, v_4, v_i.0, v_i.1, v_i.2) -> eval_make_funny_pointers_bb1_in(v_22, nondef.0, v_i.0, v_i.1, v_i.2)
	start location:	eval_make_funny_pointers_start
	leaf cost:	1

By chaining the transition eval_make_funny_pointers_bb5_in(v_22, v_4, v_i.0, v_i.1, v_i.2) -> eval_make_funny_pointers_bb8_in(v_22, v_4, v_i.0, v_i.1, 4) [ v_i.1 >= 2*v_22 /\ 0 < v_22 /\ 1 < v_22 /\ 2 < v_22 /\ 3 < v_22 ] with all transitions in problem 13, the following new transitions are obtained:
	eval_make_funny_pointers_bb5_in(v_22, v_4, v_i.0, v_i.1, v_i.2) -> eval_make_funny_pointers_bb8_in(v_22, v_4, v_i.0, v_i.1, 5) [ v_i.1 >= 2*v_22 /\ 0 < v_22 /\ 1 < v_22 /\ 2 < v_22 /\ 3 < v_22 /\ 4 < v_22 ]
	eval_make_funny_pointers_bb5_in(v_22, v_4, v_i.0, v_i.1, v_i.2) -> eval_make_funny_pointers_bb1_in(v_22, v_4, v_i.0, v_i.1, 4) [ v_i.1 >= 2*v_22 /\ 0 < v_22 /\ 1 < v_22 /\ 2 < v_22 /\ 3 < v_22 /\ 4 >= v_22 ]
We thus obtain the following problem:
14:	T:
		(?, 6)    eval_make_funny_pointers_bb5_in(v_22, v_4, v_i.0, v_i.1, v_i.2) -> eval_make_funny_pointers_bb8_in(v_22, v_4, v_i.0, v_i.1, 5) [ v_i.1 >= 2*v_22 /\ 0 < v_22 /\ 1 < v_22 /\ 2 < v_22 /\ 3 < v_22 /\ 4 < v_22 ]
		(?, 6)    eval_make_funny_pointers_bb5_in(v_22, v_4, v_i.0, v_i.1, v_i.2) -> eval_make_funny_pointers_bb1_in(v_22, v_4, v_i.0, v_i.1, 4) [ v_i.1 >= 2*v_22 /\ 0 < v_22 /\ 1 < v_22 /\ 2 < v_22 /\ 3 < v_22 /\ 4 >= v_22 ]
		(?, 5)    eval_make_funny_pointers_bb5_in(v_22, v_4, v_i.0, v_i.1, v_i.2) -> eval_make_funny_pointers_bb1_in(v_22, v_4, v_i.0, v_i.1, 3) [ v_i.1 >= 2*v_22 /\ 0 < v_22 /\ 1 < v_22 /\ 2 < v_22 /\ 3 >= v_22 ]
		(?, 4)    eval_make_funny_pointers_bb5_in(v_22, v_4, v_i.0, v_i.1, v_i.2) -> eval_make_funny_pointers_bb1_in(v_22, v_4, v_i.0, v_i.1, 2) [ v_i.1 >= 2*v_22 /\ 0 < v_22 /\ 1 < v_22 /\ 2 >= v_22 ]
		(?, 3)    eval_make_funny_pointers_bb5_in(v_22, v_4, v_i.0, v_i.1, v_i.2) -> eval_make_funny_pointers_bb1_in(v_22, v_4, v_i.0, v_i.1, 1) [ v_i.1 >= 2*v_22 /\ 0 < v_22 /\ 1 >= v_22 ]
		(?, 2)    eval_make_funny_pointers_bb5_in(v_22, v_4, v_i.0, v_i.1, v_i.2) -> eval_make_funny_pointers_bb1_in(v_22, v_4, v_i.0, v_i.1, 0) [ v_i.1 >= 2*v_22 /\ 0 >= v_22 ]
		(?, 1)    eval_make_funny_pointers_bb8_in(v_22, v_4, v_i.0, v_i.1, v_i.2) -> eval_make_funny_pointers_bb8_in(v_22, v_4, v_i.0, v_i.1, v_i.2 + 1) [ v_i.2 < v_22 ]
		(?, 1)    eval_make_funny_pointers_bb8_in(v_22, v_4, v_i.0, v_i.1, v_i.2) -> eval_make_funny_pointers_bb1_in(v_22, v_4, v_i.0, v_i.1, v_i.2) [ v_i.2 >= v_22 ]
		(?, 1)    eval_make_funny_pointers_bb5_in(v_22, v_4, v_i.0, v_i.1, v_i.2) -> eval_make_funny_pointers_bb5_in(v_22, v_4, v_i.0, v_i.1 + 1, v_i.2) [ v_i.1 < 2*v_22 ]
		(?, 1)    eval_make_funny_pointers_bb3_in(v_22, v_4, v_i.0, v_i.1, v_i.2) -> eval_make_funny_pointers_bb3_in(v_22, v_4, v_i.0 + 1, v_i.1, v_i.2) [ v_i.0 < v_22*v_4 ]
		(?, 1)    eval_make_funny_pointers_bb3_in(v_22, v_4, v_i.0, v_i.1, v_i.2) -> eval_make_funny_pointers_bb5_in(v_22, v_4, v_i.0, 0, v_i.2) [ v_i.0 >= v_22*v_4 ]
		(?, 4)    eval_make_funny_pointers_bb1_in(v_22, v_4, v_i.0, v_i.1, v_i.2) -> eval_make_funny_pointers_bb1_in(0, v_4, 0, 0, 0) [ nondef.2*nondef.3 = 0 /\ 0 >= 0 ]
		(?, 1)    eval_make_funny_pointers_bb1_in(v_22, v_4, v_i.0, v_i.1, v_i.2) -> eval_make_funny_pointers_bb3_in(nondef.5, v_4, 0, v_i.1, v_i.2) [ nondef.4 > 0 /\ nondef.2*nondef.3 > 0 /\ nondef.5 >= 0 /\ nondef.2*nondef.3 - nondef.4*nondef.5 >= 0 /\ nondef.2*nondef.3 - nondef.4*nondef.5 < nondef.4 ]
		(?, 1)    eval_make_funny_pointers_bb1_in(v_22, v_4, v_i.0, v_i.1, v_i.2) -> eval_make_funny_pointers_bb3_in(nondef.5, v_4, 0, v_i.1, v_i.2) [ nondef.4 < 0 /\ nondef.2*nondef.3 > 0 /\ nondef.5 <= 0 /\ nondef.2*nondef.3 - nondef.4*nondef.5 >= 0 /\ nondef.2*nondef.3 - nondef.4*nondef.5 < -nondef.4 ]
		(?, 1)    eval_make_funny_pointers_bb1_in(v_22, v_4, v_i.0, v_i.1, v_i.2) -> eval_make_funny_pointers_bb3_in(nondef.5, v_4, 0, v_i.1, v_i.2) [ nondef.4 > 0 /\ nondef.2*nondef.3 < 0 /\ nondef.5 <= 0 /\ -nondef.2*nondef.3 + nondef.4*nondef.5 >= 0 /\ -nondef.2*nondef.3 + nondef.4*nondef.5 < nondef.4 ]
		(?, 1)    eval_make_funny_pointers_bb1_in(v_22, v_4, v_i.0, v_i.1, v_i.2) -> eval_make_funny_pointers_bb3_in(nondef.5, v_4, 0, v_i.1, v_i.2) [ nondef.4 < 0 /\ nondef.2*nondef.3 < 0 /\ nondef.5 >= 0 /\ -nondef.2*nondef.3 + nondef.4*nondef.5 >= 0 /\ -nondef.2*nondef.3 + nondef.4*nondef.5 < -nondef.4 ]
		(1, 2)    eval_make_funny_pointers_start(v_22, v_4, v_i.0, v_i.1, v_i.2) -> eval_make_funny_pointers_bb1_in(v_22, nondef.0, v_i.0, v_i.1, v_i.2)
	start location:	eval_make_funny_pointers_start
	leaf cost:	1

By chaining the transition eval_make_funny_pointers_bb5_in(v_22, v_4, v_i.0, v_i.1, v_i.2) -> eval_make_funny_pointers_bb8_in(v_22, v_4, v_i.0, v_i.1, 5) [ v_i.1 >= 2*v_22 /\ 0 < v_22 /\ 1 < v_22 /\ 2 < v_22 /\ 3 < v_22 /\ 4 < v_22 ] with all transitions in problem 14, the following new transitions are obtained:
	eval_make_funny_pointers_bb5_in(v_22, v_4, v_i.0, v_i.1, v_i.2) -> eval_make_funny_pointers_bb8_in(v_22, v_4, v_i.0, v_i.1, 6) [ v_i.1 >= 2*v_22 /\ 0 < v_22 /\ 1 < v_22 /\ 2 < v_22 /\ 3 < v_22 /\ 4 < v_22 /\ 5 < v_22 ]
	eval_make_funny_pointers_bb5_in(v_22, v_4, v_i.0, v_i.1, v_i.2) -> eval_make_funny_pointers_bb1_in(v_22, v_4, v_i.0, v_i.1, 5) [ v_i.1 >= 2*v_22 /\ 0 < v_22 /\ 1 < v_22 /\ 2 < v_22 /\ 3 < v_22 /\ 4 < v_22 /\ 5 >= v_22 ]
We thus obtain the following problem:
15:	T:
		(?, 7)    eval_make_funny_pointers_bb5_in(v_22, v_4, v_i.0, v_i.1, v_i.2) -> eval_make_funny_pointers_bb8_in(v_22, v_4, v_i.0, v_i.1, 6) [ v_i.1 >= 2*v_22 /\ 0 < v_22 /\ 1 < v_22 /\ 2 < v_22 /\ 3 < v_22 /\ 4 < v_22 /\ 5 < v_22 ]
		(?, 7)    eval_make_funny_pointers_bb5_in(v_22, v_4, v_i.0, v_i.1, v_i.2) -> eval_make_funny_pointers_bb1_in(v_22, v_4, v_i.0, v_i.1, 5) [ v_i.1 >= 2*v_22 /\ 0 < v_22 /\ 1 < v_22 /\ 2 < v_22 /\ 3 < v_22 /\ 4 < v_22 /\ 5 >= v_22 ]
		(?, 6)    eval_make_funny_pointers_bb5_in(v_22, v_4, v_i.0, v_i.1, v_i.2) -> eval_make_funny_pointers_bb1_in(v_22, v_4, v_i.0, v_i.1, 4) [ v_i.1 >= 2*v_22 /\ 0 < v_22 /\ 1 < v_22 /\ 2 < v_22 /\ 3 < v_22 /\ 4 >= v_22 ]
		(?, 5)    eval_make_funny_pointers_bb5_in(v_22, v_4, v_i.0, v_i.1, v_i.2) -> eval_make_funny_pointers_bb1_in(v_22, v_4, v_i.0, v_i.1, 3) [ v_i.1 >= 2*v_22 /\ 0 < v_22 /\ 1 < v_22 /\ 2 < v_22 /\ 3 >= v_22 ]
		(?, 4)    eval_make_funny_pointers_bb5_in(v_22, v_4, v_i.0, v_i.1, v_i.2) -> eval_make_funny_pointers_bb1_in(v_22, v_4, v_i.0, v_i.1, 2) [ v_i.1 >= 2*v_22 /\ 0 < v_22 /\ 1 < v_22 /\ 2 >= v_22 ]
		(?, 3)    eval_make_funny_pointers_bb5_in(v_22, v_4, v_i.0, v_i.1, v_i.2) -> eval_make_funny_pointers_bb1_in(v_22, v_4, v_i.0, v_i.1, 1) [ v_i.1 >= 2*v_22 /\ 0 < v_22 /\ 1 >= v_22 ]
		(?, 2)    eval_make_funny_pointers_bb5_in(v_22, v_4, v_i.0, v_i.1, v_i.2) -> eval_make_funny_pointers_bb1_in(v_22, v_4, v_i.0, v_i.1, 0) [ v_i.1 >= 2*v_22 /\ 0 >= v_22 ]
		(?, 1)    eval_make_funny_pointers_bb8_in(v_22, v_4, v_i.0, v_i.1, v_i.2) -> eval_make_funny_pointers_bb8_in(v_22, v_4, v_i.0, v_i.1, v_i.2 + 1) [ v_i.2 < v_22 ]
		(?, 1)    eval_make_funny_pointers_bb8_in(v_22, v_4, v_i.0, v_i.1, v_i.2) -> eval_make_funny_pointers_bb1_in(v_22, v_4, v_i.0, v_i.1, v_i.2) [ v_i.2 >= v_22 ]
		(?, 1)    eval_make_funny_pointers_bb5_in(v_22, v_4, v_i.0, v_i.1, v_i.2) -> eval_make_funny_pointers_bb5_in(v_22, v_4, v_i.0, v_i.1 + 1, v_i.2) [ v_i.1 < 2*v_22 ]
		(?, 1)    eval_make_funny_pointers_bb3_in(v_22, v_4, v_i.0, v_i.1, v_i.2) -> eval_make_funny_pointers_bb3_in(v_22, v_4, v_i.0 + 1, v_i.1, v_i.2) [ v_i.0 < v_22*v_4 ]
		(?, 1)    eval_make_funny_pointers_bb3_in(v_22, v_4, v_i.0, v_i.1, v_i.2) -> eval_make_funny_pointers_bb5_in(v_22, v_4, v_i.0, 0, v_i.2) [ v_i.0 >= v_22*v_4 ]
		(?, 4)    eval_make_funny_pointers_bb1_in(v_22, v_4, v_i.0, v_i.1, v_i.2) -> eval_make_funny_pointers_bb1_in(0, v_4, 0, 0, 0) [ nondef.2*nondef.3 = 0 /\ 0 >= 0 ]
		(?, 1)    eval_make_funny_pointers_bb1_in(v_22, v_4, v_i.0, v_i.1, v_i.2) -> eval_make_funny_pointers_bb3_in(nondef.5, v_4, 0, v_i.1, v_i.2) [ nondef.4 > 0 /\ nondef.2*nondef.3 > 0 /\ nondef.5 >= 0 /\ nondef.2*nondef.3 - nondef.4*nondef.5 >= 0 /\ nondef.2*nondef.3 - nondef.4*nondef.5 < nondef.4 ]
		(?, 1)    eval_make_funny_pointers_bb1_in(v_22, v_4, v_i.0, v_i.1, v_i.2) -> eval_make_funny_pointers_bb3_in(nondef.5, v_4, 0, v_i.1, v_i.2) [ nondef.4 < 0 /\ nondef.2*nondef.3 > 0 /\ nondef.5 <= 0 /\ nondef.2*nondef.3 - nondef.4*nondef.5 >= 0 /\ nondef.2*nondef.3 - nondef.4*nondef.5 < -nondef.4 ]
		(?, 1)    eval_make_funny_pointers_bb1_in(v_22, v_4, v_i.0, v_i.1, v_i.2) -> eval_make_funny_pointers_bb3_in(nondef.5, v_4, 0, v_i.1, v_i.2) [ nondef.4 > 0 /\ nondef.2*nondef.3 < 0 /\ nondef.5 <= 0 /\ -nondef.2*nondef.3 + nondef.4*nondef.5 >= 0 /\ -nondef.2*nondef.3 + nondef.4*nondef.5 < nondef.4 ]
		(?, 1)    eval_make_funny_pointers_bb1_in(v_22, v_4, v_i.0, v_i.1, v_i.2) -> eval_make_funny_pointers_bb3_in(nondef.5, v_4, 0, v_i.1, v_i.2) [ nondef.4 < 0 /\ nondef.2*nondef.3 < 0 /\ nondef.5 >= 0 /\ -nondef.2*nondef.3 + nondef.4*nondef.5 >= 0 /\ -nondef.2*nondef.3 + nondef.4*nondef.5 < -nondef.4 ]
		(1, 2)    eval_make_funny_pointers_start(v_22, v_4, v_i.0, v_i.1, v_i.2) -> eval_make_funny_pointers_bb1_in(v_22, nondef.0, v_i.0, v_i.1, v_i.2)
	start location:	eval_make_funny_pointers_start
	leaf cost:	1

By chaining the transition eval_make_funny_pointers_bb5_in(v_22, v_4, v_i.0, v_i.1, v_i.2) -> eval_make_funny_pointers_bb8_in(v_22, v_4, v_i.0, v_i.1, 6) [ v_i.1 >= 2*v_22 /\ 0 < v_22 /\ 1 < v_22 /\ 2 < v_22 /\ 3 < v_22 /\ 4 < v_22 /\ 5 < v_22 ] with all transitions in problem 15, the following new transitions are obtained:
	eval_make_funny_pointers_bb5_in(v_22, v_4, v_i.0, v_i.1, v_i.2) -> eval_make_funny_pointers_bb8_in(v_22, v_4, v_i.0, v_i.1, 7) [ v_i.1 >= 2*v_22 /\ 0 < v_22 /\ 1 < v_22 /\ 2 < v_22 /\ 3 < v_22 /\ 4 < v_22 /\ 5 < v_22 /\ 6 < v_22 ]
	eval_make_funny_pointers_bb5_in(v_22, v_4, v_i.0, v_i.1, v_i.2) -> eval_make_funny_pointers_bb1_in(v_22, v_4, v_i.0, v_i.1, 6) [ v_i.1 >= 2*v_22 /\ 0 < v_22 /\ 1 < v_22 /\ 2 < v_22 /\ 3 < v_22 /\ 4 < v_22 /\ 5 < v_22 /\ 6 >= v_22 ]
We thus obtain the following problem:
16:	T:
		(?, 8)    eval_make_funny_pointers_bb5_in(v_22, v_4, v_i.0, v_i.1, v_i.2) -> eval_make_funny_pointers_bb8_in(v_22, v_4, v_i.0, v_i.1, 7) [ v_i.1 >= 2*v_22 /\ 0 < v_22 /\ 1 < v_22 /\ 2 < v_22 /\ 3 < v_22 /\ 4 < v_22 /\ 5 < v_22 /\ 6 < v_22 ]
		(?, 8)    eval_make_funny_pointers_bb5_in(v_22, v_4, v_i.0, v_i.1, v_i.2) -> eval_make_funny_pointers_bb1_in(v_22, v_4, v_i.0, v_i.1, 6) [ v_i.1 >= 2*v_22 /\ 0 < v_22 /\ 1 < v_22 /\ 2 < v_22 /\ 3 < v_22 /\ 4 < v_22 /\ 5 < v_22 /\ 6 >= v_22 ]
		(?, 7)    eval_make_funny_pointers_bb5_in(v_22, v_4, v_i.0, v_i.1, v_i.2) -> eval_make_funny_pointers_bb1_in(v_22, v_4, v_i.0, v_i.1, 5) [ v_i.1 >= 2*v_22 /\ 0 < v_22 /\ 1 < v_22 /\ 2 < v_22 /\ 3 < v_22 /\ 4 < v_22 /\ 5 >= v_22 ]
		(?, 6)    eval_make_funny_pointers_bb5_in(v_22, v_4, v_i.0, v_i.1, v_i.2) -> eval_make_funny_pointers_bb1_in(v_22, v_4, v_i.0, v_i.1, 4) [ v_i.1 >= 2*v_22 /\ 0 < v_22 /\ 1 < v_22 /\ 2 < v_22 /\ 3 < v_22 /\ 4 >= v_22 ]
		(?, 5)    eval_make_funny_pointers_bb5_in(v_22, v_4, v_i.0, v_i.1, v_i.2) -> eval_make_funny_pointers_bb1_in(v_22, v_4, v_i.0, v_i.1, 3) [ v_i.1 >= 2*v_22 /\ 0 < v_22 /\ 1 < v_22 /\ 2 < v_22 /\ 3 >= v_22 ]
		(?, 4)    eval_make_funny_pointers_bb5_in(v_22, v_4, v_i.0, v_i.1, v_i.2) -> eval_make_funny_pointers_bb1_in(v_22, v_4, v_i.0, v_i.1, 2) [ v_i.1 >= 2*v_22 /\ 0 < v_22 /\ 1 < v_22 /\ 2 >= v_22 ]
		(?, 3)    eval_make_funny_pointers_bb5_in(v_22, v_4, v_i.0, v_i.1, v_i.2) -> eval_make_funny_pointers_bb1_in(v_22, v_4, v_i.0, v_i.1, 1) [ v_i.1 >= 2*v_22 /\ 0 < v_22 /\ 1 >= v_22 ]
		(?, 2)    eval_make_funny_pointers_bb5_in(v_22, v_4, v_i.0, v_i.1, v_i.2) -> eval_make_funny_pointers_bb1_in(v_22, v_4, v_i.0, v_i.1, 0) [ v_i.1 >= 2*v_22 /\ 0 >= v_22 ]
		(?, 1)    eval_make_funny_pointers_bb8_in(v_22, v_4, v_i.0, v_i.1, v_i.2) -> eval_make_funny_pointers_bb8_in(v_22, v_4, v_i.0, v_i.1, v_i.2 + 1) [ v_i.2 < v_22 ]
		(?, 1)    eval_make_funny_pointers_bb8_in(v_22, v_4, v_i.0, v_i.1, v_i.2) -> eval_make_funny_pointers_bb1_in(v_22, v_4, v_i.0, v_i.1, v_i.2) [ v_i.2 >= v_22 ]
		(?, 1)    eval_make_funny_pointers_bb5_in(v_22, v_4, v_i.0, v_i.1, v_i.2) -> eval_make_funny_pointers_bb5_in(v_22, v_4, v_i.0, v_i.1 + 1, v_i.2) [ v_i.1 < 2*v_22 ]
		(?, 1)    eval_make_funny_pointers_bb3_in(v_22, v_4, v_i.0, v_i.1, v_i.2) -> eval_make_funny_pointers_bb3_in(v_22, v_4, v_i.0 + 1, v_i.1, v_i.2) [ v_i.0 < v_22*v_4 ]
		(?, 1)    eval_make_funny_pointers_bb3_in(v_22, v_4, v_i.0, v_i.1, v_i.2) -> eval_make_funny_pointers_bb5_in(v_22, v_4, v_i.0, 0, v_i.2) [ v_i.0 >= v_22*v_4 ]
		(?, 4)    eval_make_funny_pointers_bb1_in(v_22, v_4, v_i.0, v_i.1, v_i.2) -> eval_make_funny_pointers_bb1_in(0, v_4, 0, 0, 0) [ nondef.2*nondef.3 = 0 /\ 0 >= 0 ]
		(?, 1)    eval_make_funny_pointers_bb1_in(v_22, v_4, v_i.0, v_i.1, v_i.2) -> eval_make_funny_pointers_bb3_in(nondef.5, v_4, 0, v_i.1, v_i.2) [ nondef.4 > 0 /\ nondef.2*nondef.3 > 0 /\ nondef.5 >= 0 /\ nondef.2*nondef.3 - nondef.4*nondef.5 >= 0 /\ nondef.2*nondef.3 - nondef.4*nondef.5 < nondef.4 ]
		(?, 1)    eval_make_funny_pointers_bb1_in(v_22, v_4, v_i.0, v_i.1, v_i.2) -> eval_make_funny_pointers_bb3_in(nondef.5, v_4, 0, v_i.1, v_i.2) [ nondef.4 < 0 /\ nondef.2*nondef.3 > 0 /\ nondef.5 <= 0 /\ nondef.2*nondef.3 - nondef.4*nondef.5 >= 0 /\ nondef.2*nondef.3 - nondef.4*nondef.5 < -nondef.4 ]
		(?, 1)    eval_make_funny_pointers_bb1_in(v_22, v_4, v_i.0, v_i.1, v_i.2) -> eval_make_funny_pointers_bb3_in(nondef.5, v_4, 0, v_i.1, v_i.2) [ nondef.4 > 0 /\ nondef.2*nondef.3 < 0 /\ nondef.5 <= 0 /\ -nondef.2*nondef.3 + nondef.4*nondef.5 >= 0 /\ -nondef.2*nondef.3 + nondef.4*nondef.5 < nondef.4 ]
		(?, 1)    eval_make_funny_pointers_bb1_in(v_22, v_4, v_i.0, v_i.1, v_i.2) -> eval_make_funny_pointers_bb3_in(nondef.5, v_4, 0, v_i.1, v_i.2) [ nondef.4 < 0 /\ nondef.2*nondef.3 < 0 /\ nondef.5 >= 0 /\ -nondef.2*nondef.3 + nondef.4*nondef.5 >= 0 /\ -nondef.2*nondef.3 + nondef.4*nondef.5 < -nondef.4 ]
		(1, 2)    eval_make_funny_pointers_start(v_22, v_4, v_i.0, v_i.1, v_i.2) -> eval_make_funny_pointers_bb1_in(v_22, nondef.0, v_i.0, v_i.1, v_i.2)
	start location:	eval_make_funny_pointers_start
	leaf cost:	1

By chaining the transition eval_make_funny_pointers_bb5_in(v_22, v_4, v_i.0, v_i.1, v_i.2) -> eval_make_funny_pointers_bb8_in(v_22, v_4, v_i.0, v_i.1, 7) [ v_i.1 >= 2*v_22 /\ 0 < v_22 /\ 1 < v_22 /\ 2 < v_22 /\ 3 < v_22 /\ 4 < v_22 /\ 5 < v_22 /\ 6 < v_22 ] with all transitions in problem 16, the following new transitions are obtained:
	eval_make_funny_pointers_bb5_in(v_22, v_4, v_i.0, v_i.1, v_i.2) -> eval_make_funny_pointers_bb8_in(v_22, v_4, v_i.0, v_i.1, 8) [ v_i.1 >= 2*v_22 /\ 0 < v_22 /\ 1 < v_22 /\ 2 < v_22 /\ 3 < v_22 /\ 4 < v_22 /\ 5 < v_22 /\ 6 < v_22 /\ 7 < v_22 ]
	eval_make_funny_pointers_bb5_in(v_22, v_4, v_i.0, v_i.1, v_i.2) -> eval_make_funny_pointers_bb1_in(v_22, v_4, v_i.0, v_i.1, 7) [ v_i.1 >= 2*v_22 /\ 0 < v_22 /\ 1 < v_22 /\ 2 < v_22 /\ 3 < v_22 /\ 4 < v_22 /\ 5 < v_22 /\ 6 < v_22 /\ 7 >= v_22 ]
We thus obtain the following problem:
17:	T:
		(?, 9)    eval_make_funny_pointers_bb5_in(v_22, v_4, v_i.0, v_i.1, v_i.2) -> eval_make_funny_pointers_bb8_in(v_22, v_4, v_i.0, v_i.1, 8) [ v_i.1 >= 2*v_22 /\ 0 < v_22 /\ 1 < v_22 /\ 2 < v_22 /\ 3 < v_22 /\ 4 < v_22 /\ 5 < v_22 /\ 6 < v_22 /\ 7 < v_22 ]
		(?, 9)    eval_make_funny_pointers_bb5_in(v_22, v_4, v_i.0, v_i.1, v_i.2) -> eval_make_funny_pointers_bb1_in(v_22, v_4, v_i.0, v_i.1, 7) [ v_i.1 >= 2*v_22 /\ 0 < v_22 /\ 1 < v_22 /\ 2 < v_22 /\ 3 < v_22 /\ 4 < v_22 /\ 5 < v_22 /\ 6 < v_22 /\ 7 >= v_22 ]
		(?, 8)    eval_make_funny_pointers_bb5_in(v_22, v_4, v_i.0, v_i.1, v_i.2) -> eval_make_funny_pointers_bb1_in(v_22, v_4, v_i.0, v_i.1, 6) [ v_i.1 >= 2*v_22 /\ 0 < v_22 /\ 1 < v_22 /\ 2 < v_22 /\ 3 < v_22 /\ 4 < v_22 /\ 5 < v_22 /\ 6 >= v_22 ]
		(?, 7)    eval_make_funny_pointers_bb5_in(v_22, v_4, v_i.0, v_i.1, v_i.2) -> eval_make_funny_pointers_bb1_in(v_22, v_4, v_i.0, v_i.1, 5) [ v_i.1 >= 2*v_22 /\ 0 < v_22 /\ 1 < v_22 /\ 2 < v_22 /\ 3 < v_22 /\ 4 < v_22 /\ 5 >= v_22 ]
		(?, 6)    eval_make_funny_pointers_bb5_in(v_22, v_4, v_i.0, v_i.1, v_i.2) -> eval_make_funny_pointers_bb1_in(v_22, v_4, v_i.0, v_i.1, 4) [ v_i.1 >= 2*v_22 /\ 0 < v_22 /\ 1 < v_22 /\ 2 < v_22 /\ 3 < v_22 /\ 4 >= v_22 ]
		(?, 5)    eval_make_funny_pointers_bb5_in(v_22, v_4, v_i.0, v_i.1, v_i.2) -> eval_make_funny_pointers_bb1_in(v_22, v_4, v_i.0, v_i.1, 3) [ v_i.1 >= 2*v_22 /\ 0 < v_22 /\ 1 < v_22 /\ 2 < v_22 /\ 3 >= v_22 ]
		(?, 4)    eval_make_funny_pointers_bb5_in(v_22, v_4, v_i.0, v_i.1, v_i.2) -> eval_make_funny_pointers_bb1_in(v_22, v_4, v_i.0, v_i.1, 2) [ v_i.1 >= 2*v_22 /\ 0 < v_22 /\ 1 < v_22 /\ 2 >= v_22 ]
		(?, 3)    eval_make_funny_pointers_bb5_in(v_22, v_4, v_i.0, v_i.1, v_i.2) -> eval_make_funny_pointers_bb1_in(v_22, v_4, v_i.0, v_i.1, 1) [ v_i.1 >= 2*v_22 /\ 0 < v_22 /\ 1 >= v_22 ]
		(?, 2)    eval_make_funny_pointers_bb5_in(v_22, v_4, v_i.0, v_i.1, v_i.2) -> eval_make_funny_pointers_bb1_in(v_22, v_4, v_i.0, v_i.1, 0) [ v_i.1 >= 2*v_22 /\ 0 >= v_22 ]
		(?, 1)    eval_make_funny_pointers_bb8_in(v_22, v_4, v_i.0, v_i.1, v_i.2) -> eval_make_funny_pointers_bb8_in(v_22, v_4, v_i.0, v_i.1, v_i.2 + 1) [ v_i.2 < v_22 ]
		(?, 1)    eval_make_funny_pointers_bb8_in(v_22, v_4, v_i.0, v_i.1, v_i.2) -> eval_make_funny_pointers_bb1_in(v_22, v_4, v_i.0, v_i.1, v_i.2) [ v_i.2 >= v_22 ]
		(?, 1)    eval_make_funny_pointers_bb5_in(v_22, v_4, v_i.0, v_i.1, v_i.2) -> eval_make_funny_pointers_bb5_in(v_22, v_4, v_i.0, v_i.1 + 1, v_i.2) [ v_i.1 < 2*v_22 ]
		(?, 1)    eval_make_funny_pointers_bb3_in(v_22, v_4, v_i.0, v_i.1, v_i.2) -> eval_make_funny_pointers_bb3_in(v_22, v_4, v_i.0 + 1, v_i.1, v_i.2) [ v_i.0 < v_22*v_4 ]
		(?, 1)    eval_make_funny_pointers_bb3_in(v_22, v_4, v_i.0, v_i.1, v_i.2) -> eval_make_funny_pointers_bb5_in(v_22, v_4, v_i.0, 0, v_i.2) [ v_i.0 >= v_22*v_4 ]
		(?, 4)    eval_make_funny_pointers_bb1_in(v_22, v_4, v_i.0, v_i.1, v_i.2) -> eval_make_funny_pointers_bb1_in(0, v_4, 0, 0, 0) [ nondef.2*nondef.3 = 0 /\ 0 >= 0 ]
		(?, 1)    eval_make_funny_pointers_bb1_in(v_22, v_4, v_i.0, v_i.1, v_i.2) -> eval_make_funny_pointers_bb3_in(nondef.5, v_4, 0, v_i.1, v_i.2) [ nondef.4 > 0 /\ nondef.2*nondef.3 > 0 /\ nondef.5 >= 0 /\ nondef.2*nondef.3 - nondef.4*nondef.5 >= 0 /\ nondef.2*nondef.3 - nondef.4*nondef.5 < nondef.4 ]
		(?, 1)    eval_make_funny_pointers_bb1_in(v_22, v_4, v_i.0, v_i.1, v_i.2) -> eval_make_funny_pointers_bb3_in(nondef.5, v_4, 0, v_i.1, v_i.2) [ nondef.4 < 0 /\ nondef.2*nondef.3 > 0 /\ nondef.5 <= 0 /\ nondef.2*nondef.3 - nondef.4*nondef.5 >= 0 /\ nondef.2*nondef.3 - nondef.4*nondef.5 < -nondef.4 ]
		(?, 1)    eval_make_funny_pointers_bb1_in(v_22, v_4, v_i.0, v_i.1, v_i.2) -> eval_make_funny_pointers_bb3_in(nondef.5, v_4, 0, v_i.1, v_i.2) [ nondef.4 > 0 /\ nondef.2*nondef.3 < 0 /\ nondef.5 <= 0 /\ -nondef.2*nondef.3 + nondef.4*nondef.5 >= 0 /\ -nondef.2*nondef.3 + nondef.4*nondef.5 < nondef.4 ]
		(?, 1)    eval_make_funny_pointers_bb1_in(v_22, v_4, v_i.0, v_i.1, v_i.2) -> eval_make_funny_pointers_bb3_in(nondef.5, v_4, 0, v_i.1, v_i.2) [ nondef.4 < 0 /\ nondef.2*nondef.3 < 0 /\ nondef.5 >= 0 /\ -nondef.2*nondef.3 + nondef.4*nondef.5 >= 0 /\ -nondef.2*nondef.3 + nondef.4*nondef.5 < -nondef.4 ]
		(1, 2)    eval_make_funny_pointers_start(v_22, v_4, v_i.0, v_i.1, v_i.2) -> eval_make_funny_pointers_bb1_in(v_22, nondef.0, v_i.0, v_i.1, v_i.2)
	start location:	eval_make_funny_pointers_start
	leaf cost:	1

By chaining the transition eval_make_funny_pointers_bb5_in(v_22, v_4, v_i.0, v_i.1, v_i.2) -> eval_make_funny_pointers_bb8_in(v_22, v_4, v_i.0, v_i.1, 8) [ v_i.1 >= 2*v_22 /\ 0 < v_22 /\ 1 < v_22 /\ 2 < v_22 /\ 3 < v_22 /\ 4 < v_22 /\ 5 < v_22 /\ 6 < v_22 /\ 7 < v_22 ] with all transitions in problem 17, the following new transitions are obtained:
	eval_make_funny_pointers_bb5_in(v_22, v_4, v_i.0, v_i.1, v_i.2) -> eval_make_funny_pointers_bb8_in(v_22, v_4, v_i.0, v_i.1, 9) [ v_i.1 >= 2*v_22 /\ 0 < v_22 /\ 1 < v_22 /\ 2 < v_22 /\ 3 < v_22 /\ 4 < v_22 /\ 5 < v_22 /\ 6 < v_22 /\ 7 < v_22 /\ 8 < v_22 ]
	eval_make_funny_pointers_bb5_in(v_22, v_4, v_i.0, v_i.1, v_i.2) -> eval_make_funny_pointers_bb1_in(v_22, v_4, v_i.0, v_i.1, 8) [ v_i.1 >= 2*v_22 /\ 0 < v_22 /\ 1 < v_22 /\ 2 < v_22 /\ 3 < v_22 /\ 4 < v_22 /\ 5 < v_22 /\ 6 < v_22 /\ 7 < v_22 /\ 8 >= v_22 ]
We thus obtain the following problem:
18:	T:
		(?, 10)    eval_make_funny_pointers_bb5_in(v_22, v_4, v_i.0, v_i.1, v_i.2) -> eval_make_funny_pointers_bb8_in(v_22, v_4, v_i.0, v_i.1, 9) [ v_i.1 >= 2*v_22 /\ 0 < v_22 /\ 1 < v_22 /\ 2 < v_22 /\ 3 < v_22 /\ 4 < v_22 /\ 5 < v_22 /\ 6 < v_22 /\ 7 < v_22 /\ 8 < v_22 ]
		(?, 10)    eval_make_funny_pointers_bb5_in(v_22, v_4, v_i.0, v_i.1, v_i.2) -> eval_make_funny_pointers_bb1_in(v_22, v_4, v_i.0, v_i.1, 8) [ v_i.1 >= 2*v_22 /\ 0 < v_22 /\ 1 < v_22 /\ 2 < v_22 /\ 3 < v_22 /\ 4 < v_22 /\ 5 < v_22 /\ 6 < v_22 /\ 7 < v_22 /\ 8 >= v_22 ]
		(?, 9)     eval_make_funny_pointers_bb5_in(v_22, v_4, v_i.0, v_i.1, v_i.2) -> eval_make_funny_pointers_bb1_in(v_22, v_4, v_i.0, v_i.1, 7) [ v_i.1 >= 2*v_22 /\ 0 < v_22 /\ 1 < v_22 /\ 2 < v_22 /\ 3 < v_22 /\ 4 < v_22 /\ 5 < v_22 /\ 6 < v_22 /\ 7 >= v_22 ]
		(?, 8)     eval_make_funny_pointers_bb5_in(v_22, v_4, v_i.0, v_i.1, v_i.2) -> eval_make_funny_pointers_bb1_in(v_22, v_4, v_i.0, v_i.1, 6) [ v_i.1 >= 2*v_22 /\ 0 < v_22 /\ 1 < v_22 /\ 2 < v_22 /\ 3 < v_22 /\ 4 < v_22 /\ 5 < v_22 /\ 6 >= v_22 ]
		(?, 7)     eval_make_funny_pointers_bb5_in(v_22, v_4, v_i.0, v_i.1, v_i.2) -> eval_make_funny_pointers_bb1_in(v_22, v_4, v_i.0, v_i.1, 5) [ v_i.1 >= 2*v_22 /\ 0 < v_22 /\ 1 < v_22 /\ 2 < v_22 /\ 3 < v_22 /\ 4 < v_22 /\ 5 >= v_22 ]
		(?, 6)     eval_make_funny_pointers_bb5_in(v_22, v_4, v_i.0, v_i.1, v_i.2) -> eval_make_funny_pointers_bb1_in(v_22, v_4, v_i.0, v_i.1, 4) [ v_i.1 >= 2*v_22 /\ 0 < v_22 /\ 1 < v_22 /\ 2 < v_22 /\ 3 < v_22 /\ 4 >= v_22 ]
		(?, 5)     eval_make_funny_pointers_bb5_in(v_22, v_4, v_i.0, v_i.1, v_i.2) -> eval_make_funny_pointers_bb1_in(v_22, v_4, v_i.0, v_i.1, 3) [ v_i.1 >= 2*v_22 /\ 0 < v_22 /\ 1 < v_22 /\ 2 < v_22 /\ 3 >= v_22 ]
		(?, 4)     eval_make_funny_pointers_bb5_in(v_22, v_4, v_i.0, v_i.1, v_i.2) -> eval_make_funny_pointers_bb1_in(v_22, v_4, v_i.0, v_i.1, 2) [ v_i.1 >= 2*v_22 /\ 0 < v_22 /\ 1 < v_22 /\ 2 >= v_22 ]
		(?, 3)     eval_make_funny_pointers_bb5_in(v_22, v_4, v_i.0, v_i.1, v_i.2) -> eval_make_funny_pointers_bb1_in(v_22, v_4, v_i.0, v_i.1, 1) [ v_i.1 >= 2*v_22 /\ 0 < v_22 /\ 1 >= v_22 ]
		(?, 2)     eval_make_funny_pointers_bb5_in(v_22, v_4, v_i.0, v_i.1, v_i.2) -> eval_make_funny_pointers_bb1_in(v_22, v_4, v_i.0, v_i.1, 0) [ v_i.1 >= 2*v_22 /\ 0 >= v_22 ]
		(?, 1)     eval_make_funny_pointers_bb8_in(v_22, v_4, v_i.0, v_i.1, v_i.2) -> eval_make_funny_pointers_bb8_in(v_22, v_4, v_i.0, v_i.1, v_i.2 + 1) [ v_i.2 < v_22 ]
		(?, 1)     eval_make_funny_pointers_bb8_in(v_22, v_4, v_i.0, v_i.1, v_i.2) -> eval_make_funny_pointers_bb1_in(v_22, v_4, v_i.0, v_i.1, v_i.2) [ v_i.2 >= v_22 ]
		(?, 1)     eval_make_funny_pointers_bb5_in(v_22, v_4, v_i.0, v_i.1, v_i.2) -> eval_make_funny_pointers_bb5_in(v_22, v_4, v_i.0, v_i.1 + 1, v_i.2) [ v_i.1 < 2*v_22 ]
		(?, 1)     eval_make_funny_pointers_bb3_in(v_22, v_4, v_i.0, v_i.1, v_i.2) -> eval_make_funny_pointers_bb3_in(v_22, v_4, v_i.0 + 1, v_i.1, v_i.2) [ v_i.0 < v_22*v_4 ]
		(?, 1)     eval_make_funny_pointers_bb3_in(v_22, v_4, v_i.0, v_i.1, v_i.2) -> eval_make_funny_pointers_bb5_in(v_22, v_4, v_i.0, 0, v_i.2) [ v_i.0 >= v_22*v_4 ]
		(?, 4)     eval_make_funny_pointers_bb1_in(v_22, v_4, v_i.0, v_i.1, v_i.2) -> eval_make_funny_pointers_bb1_in(0, v_4, 0, 0, 0) [ nondef.2*nondef.3 = 0 /\ 0 >= 0 ]
		(?, 1)     eval_make_funny_pointers_bb1_in(v_22, v_4, v_i.0, v_i.1, v_i.2) -> eval_make_funny_pointers_bb3_in(nondef.5, v_4, 0, v_i.1, v_i.2) [ nondef.4 > 0 /\ nondef.2*nondef.3 > 0 /\ nondef.5 >= 0 /\ nondef.2*nondef.3 - nondef.4*nondef.5 >= 0 /\ nondef.2*nondef.3 - nondef.4*nondef.5 < nondef.4 ]
		(?, 1)     eval_make_funny_pointers_bb1_in(v_22, v_4, v_i.0, v_i.1, v_i.2) -> eval_make_funny_pointers_bb3_in(nondef.5, v_4, 0, v_i.1, v_i.2) [ nondef.4 < 0 /\ nondef.2*nondef.3 > 0 /\ nondef.5 <= 0 /\ nondef.2*nondef.3 - nondef.4*nondef.5 >= 0 /\ nondef.2*nondef.3 - nondef.4*nondef.5 < -nondef.4 ]
		(?, 1)     eval_make_funny_pointers_bb1_in(v_22, v_4, v_i.0, v_i.1, v_i.2) -> eval_make_funny_pointers_bb3_in(nondef.5, v_4, 0, v_i.1, v_i.2) [ nondef.4 > 0 /\ nondef.2*nondef.3 < 0 /\ nondef.5 <= 0 /\ -nondef.2*nondef.3 + nondef.4*nondef.5 >= 0 /\ -nondef.2*nondef.3 + nondef.4*nondef.5 < nondef.4 ]
		(?, 1)     eval_make_funny_pointers_bb1_in(v_22, v_4, v_i.0, v_i.1, v_i.2) -> eval_make_funny_pointers_bb3_in(nondef.5, v_4, 0, v_i.1, v_i.2) [ nondef.4 < 0 /\ nondef.2*nondef.3 < 0 /\ nondef.5 >= 0 /\ -nondef.2*nondef.3 + nondef.4*nondef.5 >= 0 /\ -nondef.2*nondef.3 + nondef.4*nondef.5 < -nondef.4 ]
		(1, 2)     eval_make_funny_pointers_start(v_22, v_4, v_i.0, v_i.1, v_i.2) -> eval_make_funny_pointers_bb1_in(v_22, nondef.0, v_i.0, v_i.1, v_i.2)
	start location:	eval_make_funny_pointers_start
	leaf cost:	1

By chaining the transition eval_make_funny_pointers_bb5_in(v_22, v_4, v_i.0, v_i.1, v_i.2) -> eval_make_funny_pointers_bb8_in(v_22, v_4, v_i.0, v_i.1, 9) [ v_i.1 >= 2*v_22 /\ 0 < v_22 /\ 1 < v_22 /\ 2 < v_22 /\ 3 < v_22 /\ 4 < v_22 /\ 5 < v_22 /\ 6 < v_22 /\ 7 < v_22 /\ 8 < v_22 ] with all transitions in problem 18, the following new transitions are obtained:
	eval_make_funny_pointers_bb5_in(v_22, v_4, v_i.0, v_i.1, v_i.2) -> eval_make_funny_pointers_bb8_in(v_22, v_4, v_i.0, v_i.1, 10) [ v_i.1 >= 2*v_22 /\ 0 < v_22 /\ 1 < v_22 /\ 2 < v_22 /\ 3 < v_22 /\ 4 < v_22 /\ 5 < v_22 /\ 6 < v_22 /\ 7 < v_22 /\ 8 < v_22 /\ 9 < v_22 ]
	eval_make_funny_pointers_bb5_in(v_22, v_4, v_i.0, v_i.1, v_i.2) -> eval_make_funny_pointers_bb1_in(v_22, v_4, v_i.0, v_i.1, 9) [ v_i.1 >= 2*v_22 /\ 0 < v_22 /\ 1 < v_22 /\ 2 < v_22 /\ 3 < v_22 /\ 4 < v_22 /\ 5 < v_22 /\ 6 < v_22 /\ 7 < v_22 /\ 8 < v_22 /\ 9 >= v_22 ]
We thus obtain the following problem:
19:	T:
		(?, 11)    eval_make_funny_pointers_bb5_in(v_22, v_4, v_i.0, v_i.1, v_i.2) -> eval_make_funny_pointers_bb8_in(v_22, v_4, v_i.0, v_i.1, 10) [ v_i.1 >= 2*v_22 /\ 0 < v_22 /\ 1 < v_22 /\ 2 < v_22 /\ 3 < v_22 /\ 4 < v_22 /\ 5 < v_22 /\ 6 < v_22 /\ 7 < v_22 /\ 8 < v_22 /\ 9 < v_22 ]
		(?, 11)    eval_make_funny_pointers_bb5_in(v_22, v_4, v_i.0, v_i.1, v_i.2) -> eval_make_funny_pointers_bb1_in(v_22, v_4, v_i.0, v_i.1, 9) [ v_i.1 >= 2*v_22 /\ 0 < v_22 /\ 1 < v_22 /\ 2 < v_22 /\ 3 < v_22 /\ 4 < v_22 /\ 5 < v_22 /\ 6 < v_22 /\ 7 < v_22 /\ 8 < v_22 /\ 9 >= v_22 ]
		(?, 10)    eval_make_funny_pointers_bb5_in(v_22, v_4, v_i.0, v_i.1, v_i.2) -> eval_make_funny_pointers_bb1_in(v_22, v_4, v_i.0, v_i.1, 8) [ v_i.1 >= 2*v_22 /\ 0 < v_22 /\ 1 < v_22 /\ 2 < v_22 /\ 3 < v_22 /\ 4 < v_22 /\ 5 < v_22 /\ 6 < v_22 /\ 7 < v_22 /\ 8 >= v_22 ]
		(?, 9)     eval_make_funny_pointers_bb5_in(v_22, v_4, v_i.0, v_i.1, v_i.2) -> eval_make_funny_pointers_bb1_in(v_22, v_4, v_i.0, v_i.1, 7) [ v_i.1 >= 2*v_22 /\ 0 < v_22 /\ 1 < v_22 /\ 2 < v_22 /\ 3 < v_22 /\ 4 < v_22 /\ 5 < v_22 /\ 6 < v_22 /\ 7 >= v_22 ]
		(?, 8)     eval_make_funny_pointers_bb5_in(v_22, v_4, v_i.0, v_i.1, v_i.2) -> eval_make_funny_pointers_bb1_in(v_22, v_4, v_i.0, v_i.1, 6) [ v_i.1 >= 2*v_22 /\ 0 < v_22 /\ 1 < v_22 /\ 2 < v_22 /\ 3 < v_22 /\ 4 < v_22 /\ 5 < v_22 /\ 6 >= v_22 ]
		(?, 7)     eval_make_funny_pointers_bb5_in(v_22, v_4, v_i.0, v_i.1, v_i.2) -> eval_make_funny_pointers_bb1_in(v_22, v_4, v_i.0, v_i.1, 5) [ v_i.1 >= 2*v_22 /\ 0 < v_22 /\ 1 < v_22 /\ 2 < v_22 /\ 3 < v_22 /\ 4 < v_22 /\ 5 >= v_22 ]
		(?, 6)     eval_make_funny_pointers_bb5_in(v_22, v_4, v_i.0, v_i.1, v_i.2) -> eval_make_funny_pointers_bb1_in(v_22, v_4, v_i.0, v_i.1, 4) [ v_i.1 >= 2*v_22 /\ 0 < v_22 /\ 1 < v_22 /\ 2 < v_22 /\ 3 < v_22 /\ 4 >= v_22 ]
		(?, 5)     eval_make_funny_pointers_bb5_in(v_22, v_4, v_i.0, v_i.1, v_i.2) -> eval_make_funny_pointers_bb1_in(v_22, v_4, v_i.0, v_i.1, 3) [ v_i.1 >= 2*v_22 /\ 0 < v_22 /\ 1 < v_22 /\ 2 < v_22 /\ 3 >= v_22 ]
		(?, 4)     eval_make_funny_pointers_bb5_in(v_22, v_4, v_i.0, v_i.1, v_i.2) -> eval_make_funny_pointers_bb1_in(v_22, v_4, v_i.0, v_i.1, 2) [ v_i.1 >= 2*v_22 /\ 0 < v_22 /\ 1 < v_22 /\ 2 >= v_22 ]
		(?, 3)     eval_make_funny_pointers_bb5_in(v_22, v_4, v_i.0, v_i.1, v_i.2) -> eval_make_funny_pointers_bb1_in(v_22, v_4, v_i.0, v_i.1, 1) [ v_i.1 >= 2*v_22 /\ 0 < v_22 /\ 1 >= v_22 ]
		(?, 2)     eval_make_funny_pointers_bb5_in(v_22, v_4, v_i.0, v_i.1, v_i.2) -> eval_make_funny_pointers_bb1_in(v_22, v_4, v_i.0, v_i.1, 0) [ v_i.1 >= 2*v_22 /\ 0 >= v_22 ]
		(?, 1)     eval_make_funny_pointers_bb8_in(v_22, v_4, v_i.0, v_i.1, v_i.2) -> eval_make_funny_pointers_bb8_in(v_22, v_4, v_i.0, v_i.1, v_i.2 + 1) [ v_i.2 < v_22 ]
		(?, 1)     eval_make_funny_pointers_bb8_in(v_22, v_4, v_i.0, v_i.1, v_i.2) -> eval_make_funny_pointers_bb1_in(v_22, v_4, v_i.0, v_i.1, v_i.2) [ v_i.2 >= v_22 ]
		(?, 1)     eval_make_funny_pointers_bb5_in(v_22, v_4, v_i.0, v_i.1, v_i.2) -> eval_make_funny_pointers_bb5_in(v_22, v_4, v_i.0, v_i.1 + 1, v_i.2) [ v_i.1 < 2*v_22 ]
		(?, 1)     eval_make_funny_pointers_bb3_in(v_22, v_4, v_i.0, v_i.1, v_i.2) -> eval_make_funny_pointers_bb3_in(v_22, v_4, v_i.0 + 1, v_i.1, v_i.2) [ v_i.0 < v_22*v_4 ]
		(?, 1)     eval_make_funny_pointers_bb3_in(v_22, v_4, v_i.0, v_i.1, v_i.2) -> eval_make_funny_pointers_bb5_in(v_22, v_4, v_i.0, 0, v_i.2) [ v_i.0 >= v_22*v_4 ]
		(?, 4)     eval_make_funny_pointers_bb1_in(v_22, v_4, v_i.0, v_i.1, v_i.2) -> eval_make_funny_pointers_bb1_in(0, v_4, 0, 0, 0) [ nondef.2*nondef.3 = 0 /\ 0 >= 0 ]
		(?, 1)     eval_make_funny_pointers_bb1_in(v_22, v_4, v_i.0, v_i.1, v_i.2) -> eval_make_funny_pointers_bb3_in(nondef.5, v_4, 0, v_i.1, v_i.2) [ nondef.4 > 0 /\ nondef.2*nondef.3 > 0 /\ nondef.5 >= 0 /\ nondef.2*nondef.3 - nondef.4*nondef.5 >= 0 /\ nondef.2*nondef.3 - nondef.4*nondef.5 < nondef.4 ]
		(?, 1)     eval_make_funny_pointers_bb1_in(v_22, v_4, v_i.0, v_i.1, v_i.2) -> eval_make_funny_pointers_bb3_in(nondef.5, v_4, 0, v_i.1, v_i.2) [ nondef.4 < 0 /\ nondef.2*nondef.3 > 0 /\ nondef.5 <= 0 /\ nondef.2*nondef.3 - nondef.4*nondef.5 >= 0 /\ nondef.2*nondef.3 - nondef.4*nondef.5 < -nondef.4 ]
		(?, 1)     eval_make_funny_pointers_bb1_in(v_22, v_4, v_i.0, v_i.1, v_i.2) -> eval_make_funny_pointers_bb3_in(nondef.5, v_4, 0, v_i.1, v_i.2) [ nondef.4 > 0 /\ nondef.2*nondef.3 < 0 /\ nondef.5 <= 0 /\ -nondef.2*nondef.3 + nondef.4*nondef.5 >= 0 /\ -nondef.2*nondef.3 + nondef.4*nondef.5 < nondef.4 ]
		(?, 1)     eval_make_funny_pointers_bb1_in(v_22, v_4, v_i.0, v_i.1, v_i.2) -> eval_make_funny_pointers_bb3_in(nondef.5, v_4, 0, v_i.1, v_i.2) [ nondef.4 < 0 /\ nondef.2*nondef.3 < 0 /\ nondef.5 >= 0 /\ -nondef.2*nondef.3 + nondef.4*nondef.5 >= 0 /\ -nondef.2*nondef.3 + nondef.4*nondef.5 < -nondef.4 ]
		(1, 2)     eval_make_funny_pointers_start(v_22, v_4, v_i.0, v_i.1, v_i.2) -> eval_make_funny_pointers_bb1_in(v_22, nondef.0, v_i.0, v_i.1, v_i.2)
	start location:	eval_make_funny_pointers_start
	leaf cost:	1

By chaining the transition eval_make_funny_pointers_bb5_in(v_22, v_4, v_i.0, v_i.1, v_i.2) -> eval_make_funny_pointers_bb8_in(v_22, v_4, v_i.0, v_i.1, 10) [ v_i.1 >= 2*v_22 /\ 0 < v_22 /\ 1 < v_22 /\ 2 < v_22 /\ 3 < v_22 /\ 4 < v_22 /\ 5 < v_22 /\ 6 < v_22 /\ 7 < v_22 /\ 8 < v_22 /\ 9 < v_22 ] with all transitions in problem 19, the following new transitions are obtained:
	eval_make_funny_pointers_bb5_in(v_22, v_4, v_i.0, v_i.1, v_i.2) -> eval_make_funny_pointers_bb8_in(v_22, v_4, v_i.0, v_i.1, 11) [ v_i.1 >= 2*v_22 /\ 0 < v_22 /\ 1 < v_22 /\ 2 < v_22 /\ 3 < v_22 /\ 4 < v_22 /\ 5 < v_22 /\ 6 < v_22 /\ 7 < v_22 /\ 8 < v_22 /\ 9 < v_22 /\ 10 < v_22 ]
	eval_make_funny_pointers_bb5_in(v_22, v_4, v_i.0, v_i.1, v_i.2) -> eval_make_funny_pointers_bb1_in(v_22, v_4, v_i.0, v_i.1, 10) [ v_i.1 >= 2*v_22 /\ 0 < v_22 /\ 1 < v_22 /\ 2 < v_22 /\ 3 < v_22 /\ 4 < v_22 /\ 5 < v_22 /\ 6 < v_22 /\ 7 < v_22 /\ 8 < v_22 /\ 9 < v_22 /\ 10 >= v_22 ]
We thus obtain the following problem:
20:	T:
		(?, 12)    eval_make_funny_pointers_bb5_in(v_22, v_4, v_i.0, v_i.1, v_i.2) -> eval_make_funny_pointers_bb8_in(v_22, v_4, v_i.0, v_i.1, 11) [ v_i.1 >= 2*v_22 /\ 0 < v_22 /\ 1 < v_22 /\ 2 < v_22 /\ 3 < v_22 /\ 4 < v_22 /\ 5 < v_22 /\ 6 < v_22 /\ 7 < v_22 /\ 8 < v_22 /\ 9 < v_22 /\ 10 < v_22 ]
		(?, 12)    eval_make_funny_pointers_bb5_in(v_22, v_4, v_i.0, v_i.1, v_i.2) -> eval_make_funny_pointers_bb1_in(v_22, v_4, v_i.0, v_i.1, 10) [ v_i.1 >= 2*v_22 /\ 0 < v_22 /\ 1 < v_22 /\ 2 < v_22 /\ 3 < v_22 /\ 4 < v_22 /\ 5 < v_22 /\ 6 < v_22 /\ 7 < v_22 /\ 8 < v_22 /\ 9 < v_22 /\ 10 >= v_22 ]
		(?, 11)    eval_make_funny_pointers_bb5_in(v_22, v_4, v_i.0, v_i.1, v_i.2) -> eval_make_funny_pointers_bb1_in(v_22, v_4, v_i.0, v_i.1, 9) [ v_i.1 >= 2*v_22 /\ 0 < v_22 /\ 1 < v_22 /\ 2 < v_22 /\ 3 < v_22 /\ 4 < v_22 /\ 5 < v_22 /\ 6 < v_22 /\ 7 < v_22 /\ 8 < v_22 /\ 9 >= v_22 ]
		(?, 10)    eval_make_funny_pointers_bb5_in(v_22, v_4, v_i.0, v_i.1, v_i.2) -> eval_make_funny_pointers_bb1_in(v_22, v_4, v_i.0, v_i.1, 8) [ v_i.1 >= 2*v_22 /\ 0 < v_22 /\ 1 < v_22 /\ 2 < v_22 /\ 3 < v_22 /\ 4 < v_22 /\ 5 < v_22 /\ 6 < v_22 /\ 7 < v_22 /\ 8 >= v_22 ]
		(?, 9)     eval_make_funny_pointers_bb5_in(v_22, v_4, v_i.0, v_i.1, v_i.2) -> eval_make_funny_pointers_bb1_in(v_22, v_4, v_i.0, v_i.1, 7) [ v_i.1 >= 2*v_22 /\ 0 < v_22 /\ 1 < v_22 /\ 2 < v_22 /\ 3 < v_22 /\ 4 < v_22 /\ 5 < v_22 /\ 6 < v_22 /\ 7 >= v_22 ]
		(?, 8)     eval_make_funny_pointers_bb5_in(v_22, v_4, v_i.0, v_i.1, v_i.2) -> eval_make_funny_pointers_bb1_in(v_22, v_4, v_i.0, v_i.1, 6) [ v_i.1 >= 2*v_22 /\ 0 < v_22 /\ 1 < v_22 /\ 2 < v_22 /\ 3 < v_22 /\ 4 < v_22 /\ 5 < v_22 /\ 6 >= v_22 ]
		(?, 7)     eval_make_funny_pointers_bb5_in(v_22, v_4, v_i.0, v_i.1, v_i.2) -> eval_make_funny_pointers_bb1_in(v_22, v_4, v_i.0, v_i.1, 5) [ v_i.1 >= 2*v_22 /\ 0 < v_22 /\ 1 < v_22 /\ 2 < v_22 /\ 3 < v_22 /\ 4 < v_22 /\ 5 >= v_22 ]
		(?, 6)     eval_make_funny_pointers_bb5_in(v_22, v_4, v_i.0, v_i.1, v_i.2) -> eval_make_funny_pointers_bb1_in(v_22, v_4, v_i.0, v_i.1, 4) [ v_i.1 >= 2*v_22 /\ 0 < v_22 /\ 1 < v_22 /\ 2 < v_22 /\ 3 < v_22 /\ 4 >= v_22 ]
		(?, 5)     eval_make_funny_pointers_bb5_in(v_22, v_4, v_i.0, v_i.1, v_i.2) -> eval_make_funny_pointers_bb1_in(v_22, v_4, v_i.0, v_i.1, 3) [ v_i.1 >= 2*v_22 /\ 0 < v_22 /\ 1 < v_22 /\ 2 < v_22 /\ 3 >= v_22 ]
		(?, 4)     eval_make_funny_pointers_bb5_in(v_22, v_4, v_i.0, v_i.1, v_i.2) -> eval_make_funny_pointers_bb1_in(v_22, v_4, v_i.0, v_i.1, 2) [ v_i.1 >= 2*v_22 /\ 0 < v_22 /\ 1 < v_22 /\ 2 >= v_22 ]
		(?, 3)     eval_make_funny_pointers_bb5_in(v_22, v_4, v_i.0, v_i.1, v_i.2) -> eval_make_funny_pointers_bb1_in(v_22, v_4, v_i.0, v_i.1, 1) [ v_i.1 >= 2*v_22 /\ 0 < v_22 /\ 1 >= v_22 ]
		(?, 2)     eval_make_funny_pointers_bb5_in(v_22, v_4, v_i.0, v_i.1, v_i.2) -> eval_make_funny_pointers_bb1_in(v_22, v_4, v_i.0, v_i.1, 0) [ v_i.1 >= 2*v_22 /\ 0 >= v_22 ]
		(?, 1)     eval_make_funny_pointers_bb8_in(v_22, v_4, v_i.0, v_i.1, v_i.2) -> eval_make_funny_pointers_bb8_in(v_22, v_4, v_i.0, v_i.1, v_i.2 + 1) [ v_i.2 < v_22 ]
		(?, 1)     eval_make_funny_pointers_bb8_in(v_22, v_4, v_i.0, v_i.1, v_i.2) -> eval_make_funny_pointers_bb1_in(v_22, v_4, v_i.0, v_i.1, v_i.2) [ v_i.2 >= v_22 ]
		(?, 1)     eval_make_funny_pointers_bb5_in(v_22, v_4, v_i.0, v_i.1, v_i.2) -> eval_make_funny_pointers_bb5_in(v_22, v_4, v_i.0, v_i.1 + 1, v_i.2) [ v_i.1 < 2*v_22 ]
		(?, 1)     eval_make_funny_pointers_bb3_in(v_22, v_4, v_i.0, v_i.1, v_i.2) -> eval_make_funny_pointers_bb3_in(v_22, v_4, v_i.0 + 1, v_i.1, v_i.2) [ v_i.0 < v_22*v_4 ]
		(?, 1)     eval_make_funny_pointers_bb3_in(v_22, v_4, v_i.0, v_i.1, v_i.2) -> eval_make_funny_pointers_bb5_in(v_22, v_4, v_i.0, 0, v_i.2) [ v_i.0 >= v_22*v_4 ]
		(?, 4)     eval_make_funny_pointers_bb1_in(v_22, v_4, v_i.0, v_i.1, v_i.2) -> eval_make_funny_pointers_bb1_in(0, v_4, 0, 0, 0) [ nondef.2*nondef.3 = 0 /\ 0 >= 0 ]
		(?, 1)     eval_make_funny_pointers_bb1_in(v_22, v_4, v_i.0, v_i.1, v_i.2) -> eval_make_funny_pointers_bb3_in(nondef.5, v_4, 0, v_i.1, v_i.2) [ nondef.4 > 0 /\ nondef.2*nondef.3 > 0 /\ nondef.5 >= 0 /\ nondef.2*nondef.3 - nondef.4*nondef.5 >= 0 /\ nondef.2*nondef.3 - nondef.4*nondef.5 < nondef.4 ]
		(?, 1)     eval_make_funny_pointers_bb1_in(v_22, v_4, v_i.0, v_i.1, v_i.2) -> eval_make_funny_pointers_bb3_in(nondef.5, v_4, 0, v_i.1, v_i.2) [ nondef.4 < 0 /\ nondef.2*nondef.3 > 0 /\ nondef.5 <= 0 /\ nondef.2*nondef.3 - nondef.4*nondef.5 >= 0 /\ nondef.2*nondef.3 - nondef.4*nondef.5 < -nondef.4 ]
		(?, 1)     eval_make_funny_pointers_bb1_in(v_22, v_4, v_i.0, v_i.1, v_i.2) -> eval_make_funny_pointers_bb3_in(nondef.5, v_4, 0, v_i.1, v_i.2) [ nondef.4 > 0 /\ nondef.2*nondef.3 < 0 /\ nondef.5 <= 0 /\ -nondef.2*nondef.3 + nondef.4*nondef.5 >= 0 /\ -nondef.2*nondef.3 + nondef.4*nondef.5 < nondef.4 ]
		(?, 1)     eval_make_funny_pointers_bb1_in(v_22, v_4, v_i.0, v_i.1, v_i.2) -> eval_make_funny_pointers_bb3_in(nondef.5, v_4, 0, v_i.1, v_i.2) [ nondef.4 < 0 /\ nondef.2*nondef.3 < 0 /\ nondef.5 >= 0 /\ -nondef.2*nondef.3 + nondef.4*nondef.5 >= 0 /\ -nondef.2*nondef.3 + nondef.4*nondef.5 < -nondef.4 ]
		(1, 2)     eval_make_funny_pointers_start(v_22, v_4, v_i.0, v_i.1, v_i.2) -> eval_make_funny_pointers_bb1_in(v_22, nondef.0, v_i.0, v_i.1, v_i.2)
	start location:	eval_make_funny_pointers_start
	leaf cost:	1

Complexity upper bound ?

Time: 7.538 sec (SMT: 5.238 sec)
