MAYBE

Initial complexity problem:
1:	T:
		(1, 1)    eval_h2v1_fancy_upsample_start(v_colctr.0, v_inrow.0) -> eval_h2v1_fancy_upsample_bb0_in(v_colctr.0, v_inrow.0)
		(?, 1)    eval_h2v1_fancy_upsample_bb0_in(v_colctr.0, v_inrow.0) -> eval_h2v1_fancy_upsample_bb1_in(v_colctr.0, 0)
		(?, 1)    eval_h2v1_fancy_upsample_bb1_in(v_colctr.0, v_inrow.0) -> eval_h2v1_fancy_upsample_bb3_in(nondef.4 - 2, v_inrow.0)
		(?, 1)    eval_h2v1_fancy_upsample_bb1_in(v_colctr.0, v_inrow.0) -> eval_h2v1_fancy_upsample_stop(v_colctr.0, v_inrow.0)
		(?, 1)    eval_h2v1_fancy_upsample_bb3_in(v_colctr.0, v_inrow.0) -> eval_h2v1_fancy_upsample_bb3_in(v_colctr.0 - 1, v_inrow.0) [ v_colctr.0 > 0 ]
		(?, 1)    eval_h2v1_fancy_upsample_bb3_in(v_colctr.0, v_inrow.0) -> eval_h2v1_fancy_upsample_bb1_in(v_colctr.0, v_inrow.0 + 1) [ v_colctr.0 <= 0 ]
	start location:	eval_h2v1_fancy_upsample_start
	leaf cost:	0

Repeatedly removing leaves of the complexity graph in problem 1 produces the following problem:
2:	T:
		(1, 1)    eval_h2v1_fancy_upsample_start(v_colctr.0, v_inrow.0) -> eval_h2v1_fancy_upsample_bb0_in(v_colctr.0, v_inrow.0)
		(?, 1)    eval_h2v1_fancy_upsample_bb0_in(v_colctr.0, v_inrow.0) -> eval_h2v1_fancy_upsample_bb1_in(v_colctr.0, 0)
		(?, 1)    eval_h2v1_fancy_upsample_bb1_in(v_colctr.0, v_inrow.0) -> eval_h2v1_fancy_upsample_bb3_in(nondef.4 - 2, v_inrow.0)
		(?, 1)    eval_h2v1_fancy_upsample_bb3_in(v_colctr.0, v_inrow.0) -> eval_h2v1_fancy_upsample_bb3_in(v_colctr.0 - 1, v_inrow.0) [ v_colctr.0 > 0 ]
		(?, 1)    eval_h2v1_fancy_upsample_bb3_in(v_colctr.0, v_inrow.0) -> eval_h2v1_fancy_upsample_bb1_in(v_colctr.0, v_inrow.0 + 1) [ v_colctr.0 <= 0 ]
	start location:	eval_h2v1_fancy_upsample_start
	leaf cost:	1

Repeatedly propagating knowledge in problem 2 produces the following problem:
3:	T:
		(1, 1)    eval_h2v1_fancy_upsample_start(v_colctr.0, v_inrow.0) -> eval_h2v1_fancy_upsample_bb0_in(v_colctr.0, v_inrow.0)
		(1, 1)    eval_h2v1_fancy_upsample_bb0_in(v_colctr.0, v_inrow.0) -> eval_h2v1_fancy_upsample_bb1_in(v_colctr.0, 0)
		(?, 1)    eval_h2v1_fancy_upsample_bb1_in(v_colctr.0, v_inrow.0) -> eval_h2v1_fancy_upsample_bb3_in(nondef.4 - 2, v_inrow.0)
		(?, 1)    eval_h2v1_fancy_upsample_bb3_in(v_colctr.0, v_inrow.0) -> eval_h2v1_fancy_upsample_bb3_in(v_colctr.0 - 1, v_inrow.0) [ v_colctr.0 > 0 ]
		(?, 1)    eval_h2v1_fancy_upsample_bb3_in(v_colctr.0, v_inrow.0) -> eval_h2v1_fancy_upsample_bb1_in(v_colctr.0, v_inrow.0 + 1) [ v_colctr.0 <= 0 ]
	start location:	eval_h2v1_fancy_upsample_start
	leaf cost:	1

By chaining the transition eval_h2v1_fancy_upsample_start(v_colctr.0, v_inrow.0) -> eval_h2v1_fancy_upsample_bb0_in(v_colctr.0, v_inrow.0) with all transitions in problem 3, the following new transition is obtained:
	eval_h2v1_fancy_upsample_start(v_colctr.0, v_inrow.0) -> eval_h2v1_fancy_upsample_bb1_in(v_colctr.0, 0)
We thus obtain the following problem:
4:	T:
		(1, 2)    eval_h2v1_fancy_upsample_start(v_colctr.0, v_inrow.0) -> eval_h2v1_fancy_upsample_bb1_in(v_colctr.0, 0)
		(1, 1)    eval_h2v1_fancy_upsample_bb0_in(v_colctr.0, v_inrow.0) -> eval_h2v1_fancy_upsample_bb1_in(v_colctr.0, 0)
		(?, 1)    eval_h2v1_fancy_upsample_bb1_in(v_colctr.0, v_inrow.0) -> eval_h2v1_fancy_upsample_bb3_in(nondef.4 - 2, v_inrow.0)
		(?, 1)    eval_h2v1_fancy_upsample_bb3_in(v_colctr.0, v_inrow.0) -> eval_h2v1_fancy_upsample_bb3_in(v_colctr.0 - 1, v_inrow.0) [ v_colctr.0 > 0 ]
		(?, 1)    eval_h2v1_fancy_upsample_bb3_in(v_colctr.0, v_inrow.0) -> eval_h2v1_fancy_upsample_bb1_in(v_colctr.0, v_inrow.0 + 1) [ v_colctr.0 <= 0 ]
	start location:	eval_h2v1_fancy_upsample_start
	leaf cost:	1

Testing for reachability in the complexity graph removes the following transition from problem 4:
	eval_h2v1_fancy_upsample_bb0_in(v_colctr.0, v_inrow.0) -> eval_h2v1_fancy_upsample_bb1_in(v_colctr.0, 0)
We thus obtain the following problem:
5:	T:
		(?, 1)    eval_h2v1_fancy_upsample_bb3_in(v_colctr.0, v_inrow.0) -> eval_h2v1_fancy_upsample_bb1_in(v_colctr.0, v_inrow.0 + 1) [ v_colctr.0 <= 0 ]
		(?, 1)    eval_h2v1_fancy_upsample_bb3_in(v_colctr.0, v_inrow.0) -> eval_h2v1_fancy_upsample_bb3_in(v_colctr.0 - 1, v_inrow.0) [ v_colctr.0 > 0 ]
		(?, 1)    eval_h2v1_fancy_upsample_bb1_in(v_colctr.0, v_inrow.0) -> eval_h2v1_fancy_upsample_bb3_in(nondef.4 - 2, v_inrow.0)
		(1, 2)    eval_h2v1_fancy_upsample_start(v_colctr.0, v_inrow.0) -> eval_h2v1_fancy_upsample_bb1_in(v_colctr.0, 0)
	start location:	eval_h2v1_fancy_upsample_start
	leaf cost:	1

By chaining the transition eval_h2v1_fancy_upsample_bb3_in(v_colctr.0, v_inrow.0) -> eval_h2v1_fancy_upsample_bb1_in(v_colctr.0, v_inrow.0 + 1) [ v_colctr.0 <= 0 ] with all transitions in problem 5, the following new transition is obtained:
	eval_h2v1_fancy_upsample_bb3_in(v_colctr.0, v_inrow.0) -> eval_h2v1_fancy_upsample_bb3_in(nondef.4 - 2, v_inrow.0 + 1) [ v_colctr.0 <= 0 ]
We thus obtain the following problem:
6:	T:
		(?, 2)    eval_h2v1_fancy_upsample_bb3_in(v_colctr.0, v_inrow.0) -> eval_h2v1_fancy_upsample_bb3_in(nondef.4 - 2, v_inrow.0 + 1) [ v_colctr.0 <= 0 ]
		(?, 1)    eval_h2v1_fancy_upsample_bb3_in(v_colctr.0, v_inrow.0) -> eval_h2v1_fancy_upsample_bb3_in(v_colctr.0 - 1, v_inrow.0) [ v_colctr.0 > 0 ]
		(?, 1)    eval_h2v1_fancy_upsample_bb1_in(v_colctr.0, v_inrow.0) -> eval_h2v1_fancy_upsample_bb3_in(nondef.4 - 2, v_inrow.0)
		(1, 2)    eval_h2v1_fancy_upsample_start(v_colctr.0, v_inrow.0) -> eval_h2v1_fancy_upsample_bb1_in(v_colctr.0, 0)
	start location:	eval_h2v1_fancy_upsample_start
	leaf cost:	1

Repeatedly propagating knowledge in problem 6 produces the following problem:
7:	T:
		(?, 2)    eval_h2v1_fancy_upsample_bb3_in(v_colctr.0, v_inrow.0) -> eval_h2v1_fancy_upsample_bb3_in(nondef.4 - 2, v_inrow.0 + 1) [ v_colctr.0 <= 0 ]
		(?, 1)    eval_h2v1_fancy_upsample_bb3_in(v_colctr.0, v_inrow.0) -> eval_h2v1_fancy_upsample_bb3_in(v_colctr.0 - 1, v_inrow.0) [ v_colctr.0 > 0 ]
		(1, 1)    eval_h2v1_fancy_upsample_bb1_in(v_colctr.0, v_inrow.0) -> eval_h2v1_fancy_upsample_bb3_in(nondef.4 - 2, v_inrow.0)
		(1, 2)    eval_h2v1_fancy_upsample_start(v_colctr.0, v_inrow.0) -> eval_h2v1_fancy_upsample_bb1_in(v_colctr.0, 0)
	start location:	eval_h2v1_fancy_upsample_start
	leaf cost:	1

By chaining the transition eval_h2v1_fancy_upsample_start(v_colctr.0, v_inrow.0) -> eval_h2v1_fancy_upsample_bb1_in(v_colctr.0, 0) with all transitions in problem 7, the following new transition is obtained:
	eval_h2v1_fancy_upsample_start(v_colctr.0, v_inrow.0) -> eval_h2v1_fancy_upsample_bb3_in(nondef.4 - 2, 0)
We thus obtain the following problem:
8:	T:
		(1, 3)    eval_h2v1_fancy_upsample_start(v_colctr.0, v_inrow.0) -> eval_h2v1_fancy_upsample_bb3_in(nondef.4 - 2, 0)
		(?, 2)    eval_h2v1_fancy_upsample_bb3_in(v_colctr.0, v_inrow.0) -> eval_h2v1_fancy_upsample_bb3_in(nondef.4 - 2, v_inrow.0 + 1) [ v_colctr.0 <= 0 ]
		(?, 1)    eval_h2v1_fancy_upsample_bb3_in(v_colctr.0, v_inrow.0) -> eval_h2v1_fancy_upsample_bb3_in(v_colctr.0 - 1, v_inrow.0) [ v_colctr.0 > 0 ]
		(1, 1)    eval_h2v1_fancy_upsample_bb1_in(v_colctr.0, v_inrow.0) -> eval_h2v1_fancy_upsample_bb3_in(nondef.4 - 2, v_inrow.0)
	start location:	eval_h2v1_fancy_upsample_start
	leaf cost:	1

Testing for reachability in the complexity graph removes the following transition from problem 8:
	eval_h2v1_fancy_upsample_bb1_in(v_colctr.0, v_inrow.0) -> eval_h2v1_fancy_upsample_bb3_in(nondef.4 - 2, v_inrow.0)
We thus obtain the following problem:
9:	T:
		(?, 2)    eval_h2v1_fancy_upsample_bb3_in(v_colctr.0, v_inrow.0) -> eval_h2v1_fancy_upsample_bb3_in(nondef.4 - 2, v_inrow.0 + 1) [ v_colctr.0 <= 0 ]
		(?, 1)    eval_h2v1_fancy_upsample_bb3_in(v_colctr.0, v_inrow.0) -> eval_h2v1_fancy_upsample_bb3_in(v_colctr.0 - 1, v_inrow.0) [ v_colctr.0 > 0 ]
		(1, 3)    eval_h2v1_fancy_upsample_start(v_colctr.0, v_inrow.0) -> eval_h2v1_fancy_upsample_bb3_in(nondef.4 - 2, 0)
	start location:	eval_h2v1_fancy_upsample_start
	leaf cost:	1

By chaining the transition eval_h2v1_fancy_upsample_start(v_colctr.0, v_inrow.0) -> eval_h2v1_fancy_upsample_bb3_in(nondef.4 - 2, 0) with all transitions in problem 9, the following new transitions are obtained:
	eval_h2v1_fancy_upsample_start(v_colctr.0, v_inrow.0) -> eval_h2v1_fancy_upsample_bb3_in(nondef.4' - 2, 1) [ nondef.4 - 2 <= 0 ]
	eval_h2v1_fancy_upsample_start(v_colctr.0, v_inrow.0) -> eval_h2v1_fancy_upsample_bb3_in(nondef.4 - 3, 0) [ nondef.4 - 2 > 0 ]
We thus obtain the following problem:
10:	T:
		(1, 5)    eval_h2v1_fancy_upsample_start(v_colctr.0, v_inrow.0) -> eval_h2v1_fancy_upsample_bb3_in(nondef.4' - 2, 1) [ nondef.4 - 2 <= 0 ]
		(1, 4)    eval_h2v1_fancy_upsample_start(v_colctr.0, v_inrow.0) -> eval_h2v1_fancy_upsample_bb3_in(nondef.4 - 3, 0) [ nondef.4 - 2 > 0 ]
		(?, 2)    eval_h2v1_fancy_upsample_bb3_in(v_colctr.0, v_inrow.0) -> eval_h2v1_fancy_upsample_bb3_in(nondef.4 - 2, v_inrow.0 + 1) [ v_colctr.0 <= 0 ]
		(?, 1)    eval_h2v1_fancy_upsample_bb3_in(v_colctr.0, v_inrow.0) -> eval_h2v1_fancy_upsample_bb3_in(v_colctr.0 - 1, v_inrow.0) [ v_colctr.0 > 0 ]
	start location:	eval_h2v1_fancy_upsample_start
	leaf cost:	1

By chaining the transition eval_h2v1_fancy_upsample_start(v_colctr.0, v_inrow.0) -> eval_h2v1_fancy_upsample_bb3_in(nondef.4' - 2, 1) [ nondef.4 - 2 <= 0 ] with all transitions in problem 10, the following new transitions are obtained:
	eval_h2v1_fancy_upsample_start(v_colctr.0, v_inrow.0) -> eval_h2v1_fancy_upsample_bb3_in(nondef.4'' - 2, 2) [ nondef.4 - 2 <= 0 /\ nondef.4' - 2 <= 0 ]
	eval_h2v1_fancy_upsample_start(v_colctr.0, v_inrow.0) -> eval_h2v1_fancy_upsample_bb3_in(nondef.4' - 3, 1) [ nondef.4 - 2 <= 0 /\ nondef.4' - 2 > 0 ]
We thus obtain the following problem:
11:	T:
		(1, 7)    eval_h2v1_fancy_upsample_start(v_colctr.0, v_inrow.0) -> eval_h2v1_fancy_upsample_bb3_in(nondef.4'' - 2, 2) [ nondef.4 - 2 <= 0 /\ nondef.4' - 2 <= 0 ]
		(1, 6)    eval_h2v1_fancy_upsample_start(v_colctr.0, v_inrow.0) -> eval_h2v1_fancy_upsample_bb3_in(nondef.4' - 3, 1) [ nondef.4 - 2 <= 0 /\ nondef.4' - 2 > 0 ]
		(1, 4)    eval_h2v1_fancy_upsample_start(v_colctr.0, v_inrow.0) -> eval_h2v1_fancy_upsample_bb3_in(nondef.4 - 3, 0) [ nondef.4 - 2 > 0 ]
		(?, 2)    eval_h2v1_fancy_upsample_bb3_in(v_colctr.0, v_inrow.0) -> eval_h2v1_fancy_upsample_bb3_in(nondef.4 - 2, v_inrow.0 + 1) [ v_colctr.0 <= 0 ]
		(?, 1)    eval_h2v1_fancy_upsample_bb3_in(v_colctr.0, v_inrow.0) -> eval_h2v1_fancy_upsample_bb3_in(v_colctr.0 - 1, v_inrow.0) [ v_colctr.0 > 0 ]
	start location:	eval_h2v1_fancy_upsample_start
	leaf cost:	1

By chaining the transition eval_h2v1_fancy_upsample_start(v_colctr.0, v_inrow.0) -> eval_h2v1_fancy_upsample_bb3_in(nondef.4'' - 2, 2) [ nondef.4 - 2 <= 0 /\ nondef.4' - 2 <= 0 ] with all transitions in problem 11, the following new transitions are obtained:
	eval_h2v1_fancy_upsample_start(v_colctr.0, v_inrow.0) -> eval_h2v1_fancy_upsample_bb3_in(nondef.4''' - 2, 3) [ nondef.4 - 2 <= 0 /\ nondef.4' - 2 <= 0 /\ nondef.4'' - 2 <= 0 ]
	eval_h2v1_fancy_upsample_start(v_colctr.0, v_inrow.0) -> eval_h2v1_fancy_upsample_bb3_in(nondef.4'' - 3, 2) [ nondef.4 - 2 <= 0 /\ nondef.4' - 2 <= 0 /\ nondef.4'' - 2 > 0 ]
We thus obtain the following problem:
12:	T:
		(1, 9)    eval_h2v1_fancy_upsample_start(v_colctr.0, v_inrow.0) -> eval_h2v1_fancy_upsample_bb3_in(nondef.4''' - 2, 3) [ nondef.4 - 2 <= 0 /\ nondef.4' - 2 <= 0 /\ nondef.4'' - 2 <= 0 ]
		(1, 8)    eval_h2v1_fancy_upsample_start(v_colctr.0, v_inrow.0) -> eval_h2v1_fancy_upsample_bb3_in(nondef.4'' - 3, 2) [ nondef.4 - 2 <= 0 /\ nondef.4' - 2 <= 0 /\ nondef.4'' - 2 > 0 ]
		(1, 6)    eval_h2v1_fancy_upsample_start(v_colctr.0, v_inrow.0) -> eval_h2v1_fancy_upsample_bb3_in(nondef.4' - 3, 1) [ nondef.4 - 2 <= 0 /\ nondef.4' - 2 > 0 ]
		(1, 4)    eval_h2v1_fancy_upsample_start(v_colctr.0, v_inrow.0) -> eval_h2v1_fancy_upsample_bb3_in(nondef.4 - 3, 0) [ nondef.4 - 2 > 0 ]
		(?, 2)    eval_h2v1_fancy_upsample_bb3_in(v_colctr.0, v_inrow.0) -> eval_h2v1_fancy_upsample_bb3_in(nondef.4 - 2, v_inrow.0 + 1) [ v_colctr.0 <= 0 ]
		(?, 1)    eval_h2v1_fancy_upsample_bb3_in(v_colctr.0, v_inrow.0) -> eval_h2v1_fancy_upsample_bb3_in(v_colctr.0 - 1, v_inrow.0) [ v_colctr.0 > 0 ]
	start location:	eval_h2v1_fancy_upsample_start
	leaf cost:	1

By chaining the transition eval_h2v1_fancy_upsample_start(v_colctr.0, v_inrow.0) -> eval_h2v1_fancy_upsample_bb3_in(nondef.4''' - 2, 3) [ nondef.4 - 2 <= 0 /\ nondef.4' - 2 <= 0 /\ nondef.4'' - 2 <= 0 ] with all transitions in problem 12, the following new transitions are obtained:
	eval_h2v1_fancy_upsample_start(v_colctr.0, v_inrow.0) -> eval_h2v1_fancy_upsample_bb3_in(nondef.4'''' - 2, 4) [ nondef.4 - 2 <= 0 /\ nondef.4' - 2 <= 0 /\ nondef.4'' - 2 <= 0 /\ nondef.4''' - 2 <= 0 ]
	eval_h2v1_fancy_upsample_start(v_colctr.0, v_inrow.0) -> eval_h2v1_fancy_upsample_bb3_in(nondef.4''' - 3, 3) [ nondef.4 - 2 <= 0 /\ nondef.4' - 2 <= 0 /\ nondef.4'' - 2 <= 0 /\ nondef.4''' - 2 > 0 ]
We thus obtain the following problem:
13:	T:
		(1, 11)    eval_h2v1_fancy_upsample_start(v_colctr.0, v_inrow.0) -> eval_h2v1_fancy_upsample_bb3_in(nondef.4'''' - 2, 4) [ nondef.4 - 2 <= 0 /\ nondef.4' - 2 <= 0 /\ nondef.4'' - 2 <= 0 /\ nondef.4''' - 2 <= 0 ]
		(1, 10)    eval_h2v1_fancy_upsample_start(v_colctr.0, v_inrow.0) -> eval_h2v1_fancy_upsample_bb3_in(nondef.4''' - 3, 3) [ nondef.4 - 2 <= 0 /\ nondef.4' - 2 <= 0 /\ nondef.4'' - 2 <= 0 /\ nondef.4''' - 2 > 0 ]
		(1, 8)     eval_h2v1_fancy_upsample_start(v_colctr.0, v_inrow.0) -> eval_h2v1_fancy_upsample_bb3_in(nondef.4'' - 3, 2) [ nondef.4 - 2 <= 0 /\ nondef.4' - 2 <= 0 /\ nondef.4'' - 2 > 0 ]
		(1, 6)     eval_h2v1_fancy_upsample_start(v_colctr.0, v_inrow.0) -> eval_h2v1_fancy_upsample_bb3_in(nondef.4' - 3, 1) [ nondef.4 - 2 <= 0 /\ nondef.4' - 2 > 0 ]
		(1, 4)     eval_h2v1_fancy_upsample_start(v_colctr.0, v_inrow.0) -> eval_h2v1_fancy_upsample_bb3_in(nondef.4 - 3, 0) [ nondef.4 - 2 > 0 ]
		(?, 2)     eval_h2v1_fancy_upsample_bb3_in(v_colctr.0, v_inrow.0) -> eval_h2v1_fancy_upsample_bb3_in(nondef.4 - 2, v_inrow.0 + 1) [ v_colctr.0 <= 0 ]
		(?, 1)     eval_h2v1_fancy_upsample_bb3_in(v_colctr.0, v_inrow.0) -> eval_h2v1_fancy_upsample_bb3_in(v_colctr.0 - 1, v_inrow.0) [ v_colctr.0 > 0 ]
	start location:	eval_h2v1_fancy_upsample_start
	leaf cost:	1

By chaining the transition eval_h2v1_fancy_upsample_start(v_colctr.0, v_inrow.0) -> eval_h2v1_fancy_upsample_bb3_in(nondef.4'''' - 2, 4) [ nondef.4 - 2 <= 0 /\ nondef.4' - 2 <= 0 /\ nondef.4'' - 2 <= 0 /\ nondef.4''' - 2 <= 0 ] with all transitions in problem 13, the following new transitions are obtained:
	eval_h2v1_fancy_upsample_start(v_colctr.0, v_inrow.0) -> eval_h2v1_fancy_upsample_bb3_in(nondef.4''''' - 2, 5) [ nondef.4 - 2 <= 0 /\ nondef.4' - 2 <= 0 /\ nondef.4'' - 2 <= 0 /\ nondef.4''' - 2 <= 0 /\ nondef.4'''' - 2 <= 0 ]
	eval_h2v1_fancy_upsample_start(v_colctr.0, v_inrow.0) -> eval_h2v1_fancy_upsample_bb3_in(nondef.4'''' - 3, 4) [ nondef.4 - 2 <= 0 /\ nondef.4' - 2 <= 0 /\ nondef.4'' - 2 <= 0 /\ nondef.4''' - 2 <= 0 /\ nondef.4'''' - 2 > 0 ]
We thus obtain the following problem:
14:	T:
		(1, 13)    eval_h2v1_fancy_upsample_start(v_colctr.0, v_inrow.0) -> eval_h2v1_fancy_upsample_bb3_in(nondef.4''''' - 2, 5) [ nondef.4 - 2 <= 0 /\ nondef.4' - 2 <= 0 /\ nondef.4'' - 2 <= 0 /\ nondef.4''' - 2 <= 0 /\ nondef.4'''' - 2 <= 0 ]
		(1, 12)    eval_h2v1_fancy_upsample_start(v_colctr.0, v_inrow.0) -> eval_h2v1_fancy_upsample_bb3_in(nondef.4'''' - 3, 4) [ nondef.4 - 2 <= 0 /\ nondef.4' - 2 <= 0 /\ nondef.4'' - 2 <= 0 /\ nondef.4''' - 2 <= 0 /\ nondef.4'''' - 2 > 0 ]
		(1, 10)    eval_h2v1_fancy_upsample_start(v_colctr.0, v_inrow.0) -> eval_h2v1_fancy_upsample_bb3_in(nondef.4''' - 3, 3) [ nondef.4 - 2 <= 0 /\ nondef.4' - 2 <= 0 /\ nondef.4'' - 2 <= 0 /\ nondef.4''' - 2 > 0 ]
		(1, 8)     eval_h2v1_fancy_upsample_start(v_colctr.0, v_inrow.0) -> eval_h2v1_fancy_upsample_bb3_in(nondef.4'' - 3, 2) [ nondef.4 - 2 <= 0 /\ nondef.4' - 2 <= 0 /\ nondef.4'' - 2 > 0 ]
		(1, 6)     eval_h2v1_fancy_upsample_start(v_colctr.0, v_inrow.0) -> eval_h2v1_fancy_upsample_bb3_in(nondef.4' - 3, 1) [ nondef.4 - 2 <= 0 /\ nondef.4' - 2 > 0 ]
		(1, 4)     eval_h2v1_fancy_upsample_start(v_colctr.0, v_inrow.0) -> eval_h2v1_fancy_upsample_bb3_in(nondef.4 - 3, 0) [ nondef.4 - 2 > 0 ]
		(?, 2)     eval_h2v1_fancy_upsample_bb3_in(v_colctr.0, v_inrow.0) -> eval_h2v1_fancy_upsample_bb3_in(nondef.4 - 2, v_inrow.0 + 1) [ v_colctr.0 <= 0 ]
		(?, 1)     eval_h2v1_fancy_upsample_bb3_in(v_colctr.0, v_inrow.0) -> eval_h2v1_fancy_upsample_bb3_in(v_colctr.0 - 1, v_inrow.0) [ v_colctr.0 > 0 ]
	start location:	eval_h2v1_fancy_upsample_start
	leaf cost:	1

By chaining the transition eval_h2v1_fancy_upsample_start(v_colctr.0, v_inrow.0) -> eval_h2v1_fancy_upsample_bb3_in(nondef.4''''' - 2, 5) [ nondef.4 - 2 <= 0 /\ nondef.4' - 2 <= 0 /\ nondef.4'' - 2 <= 0 /\ nondef.4''' - 2 <= 0 /\ nondef.4'''' - 2 <= 0 ] with all transitions in problem 14, the following new transitions are obtained:
	eval_h2v1_fancy_upsample_start(v_colctr.0, v_inrow.0) -> eval_h2v1_fancy_upsample_bb3_in(nondef.4'''''' - 2, 6) [ nondef.4 - 2 <= 0 /\ nondef.4' - 2 <= 0 /\ nondef.4'' - 2 <= 0 /\ nondef.4''' - 2 <= 0 /\ nondef.4'''' - 2 <= 0 /\ nondef.4''''' - 2 <= 0 ]
	eval_h2v1_fancy_upsample_start(v_colctr.0, v_inrow.0) -> eval_h2v1_fancy_upsample_bb3_in(nondef.4''''' - 3, 5) [ nondef.4 - 2 <= 0 /\ nondef.4' - 2 <= 0 /\ nondef.4'' - 2 <= 0 /\ nondef.4''' - 2 <= 0 /\ nondef.4'''' - 2 <= 0 /\ nondef.4''''' - 2 > 0 ]
We thus obtain the following problem:
15:	T:
		(1, 15)    eval_h2v1_fancy_upsample_start(v_colctr.0, v_inrow.0) -> eval_h2v1_fancy_upsample_bb3_in(nondef.4'''''' - 2, 6) [ nondef.4 - 2 <= 0 /\ nondef.4' - 2 <= 0 /\ nondef.4'' - 2 <= 0 /\ nondef.4''' - 2 <= 0 /\ nondef.4'''' - 2 <= 0 /\ nondef.4''''' - 2 <= 0 ]
		(1, 14)    eval_h2v1_fancy_upsample_start(v_colctr.0, v_inrow.0) -> eval_h2v1_fancy_upsample_bb3_in(nondef.4''''' - 3, 5) [ nondef.4 - 2 <= 0 /\ nondef.4' - 2 <= 0 /\ nondef.4'' - 2 <= 0 /\ nondef.4''' - 2 <= 0 /\ nondef.4'''' - 2 <= 0 /\ nondef.4''''' - 2 > 0 ]
		(1, 12)    eval_h2v1_fancy_upsample_start(v_colctr.0, v_inrow.0) -> eval_h2v1_fancy_upsample_bb3_in(nondef.4'''' - 3, 4) [ nondef.4 - 2 <= 0 /\ nondef.4' - 2 <= 0 /\ nondef.4'' - 2 <= 0 /\ nondef.4''' - 2 <= 0 /\ nondef.4'''' - 2 > 0 ]
		(1, 10)    eval_h2v1_fancy_upsample_start(v_colctr.0, v_inrow.0) -> eval_h2v1_fancy_upsample_bb3_in(nondef.4''' - 3, 3) [ nondef.4 - 2 <= 0 /\ nondef.4' - 2 <= 0 /\ nondef.4'' - 2 <= 0 /\ nondef.4''' - 2 > 0 ]
		(1, 8)     eval_h2v1_fancy_upsample_start(v_colctr.0, v_inrow.0) -> eval_h2v1_fancy_upsample_bb3_in(nondef.4'' - 3, 2) [ nondef.4 - 2 <= 0 /\ nondef.4' - 2 <= 0 /\ nondef.4'' - 2 > 0 ]
		(1, 6)     eval_h2v1_fancy_upsample_start(v_colctr.0, v_inrow.0) -> eval_h2v1_fancy_upsample_bb3_in(nondef.4' - 3, 1) [ nondef.4 - 2 <= 0 /\ nondef.4' - 2 > 0 ]
		(1, 4)     eval_h2v1_fancy_upsample_start(v_colctr.0, v_inrow.0) -> eval_h2v1_fancy_upsample_bb3_in(nondef.4 - 3, 0) [ nondef.4 - 2 > 0 ]
		(?, 2)     eval_h2v1_fancy_upsample_bb3_in(v_colctr.0, v_inrow.0) -> eval_h2v1_fancy_upsample_bb3_in(nondef.4 - 2, v_inrow.0 + 1) [ v_colctr.0 <= 0 ]
		(?, 1)     eval_h2v1_fancy_upsample_bb3_in(v_colctr.0, v_inrow.0) -> eval_h2v1_fancy_upsample_bb3_in(v_colctr.0 - 1, v_inrow.0) [ v_colctr.0 > 0 ]
	start location:	eval_h2v1_fancy_upsample_start
	leaf cost:	1

By chaining the transition eval_h2v1_fancy_upsample_start(v_colctr.0, v_inrow.0) -> eval_h2v1_fancy_upsample_bb3_in(nondef.4'''''' - 2, 6) [ nondef.4 - 2 <= 0 /\ nondef.4' - 2 <= 0 /\ nondef.4'' - 2 <= 0 /\ nondef.4''' - 2 <= 0 /\ nondef.4'''' - 2 <= 0 /\ nondef.4''''' - 2 <= 0 ] with all transitions in problem 15, the following new transitions are obtained:
	eval_h2v1_fancy_upsample_start(v_colctr.0, v_inrow.0) -> eval_h2v1_fancy_upsample_bb3_in(nondef.4''''''' - 2, 7) [ nondef.4 - 2 <= 0 /\ nondef.4' - 2 <= 0 /\ nondef.4'' - 2 <= 0 /\ nondef.4''' - 2 <= 0 /\ nondef.4'''' - 2 <= 0 /\ nondef.4''''' - 2 <= 0 /\ nondef.4'''''' - 2 <= 0 ]
	eval_h2v1_fancy_upsample_start(v_colctr.0, v_inrow.0) -> eval_h2v1_fancy_upsample_bb3_in(nondef.4'''''' - 3, 6) [ nondef.4 - 2 <= 0 /\ nondef.4' - 2 <= 0 /\ nondef.4'' - 2 <= 0 /\ nondef.4''' - 2 <= 0 /\ nondef.4'''' - 2 <= 0 /\ nondef.4''''' - 2 <= 0 /\ nondef.4'''''' - 2 > 0 ]
We thus obtain the following problem:
16:	T:
		(1, 17)    eval_h2v1_fancy_upsample_start(v_colctr.0, v_inrow.0) -> eval_h2v1_fancy_upsample_bb3_in(nondef.4''''''' - 2, 7) [ nondef.4 - 2 <= 0 /\ nondef.4' - 2 <= 0 /\ nondef.4'' - 2 <= 0 /\ nondef.4''' - 2 <= 0 /\ nondef.4'''' - 2 <= 0 /\ nondef.4''''' - 2 <= 0 /\ nondef.4'''''' - 2 <= 0 ]
		(1, 16)    eval_h2v1_fancy_upsample_start(v_colctr.0, v_inrow.0) -> eval_h2v1_fancy_upsample_bb3_in(nondef.4'''''' - 3, 6) [ nondef.4 - 2 <= 0 /\ nondef.4' - 2 <= 0 /\ nondef.4'' - 2 <= 0 /\ nondef.4''' - 2 <= 0 /\ nondef.4'''' - 2 <= 0 /\ nondef.4''''' - 2 <= 0 /\ nondef.4'''''' - 2 > 0 ]
		(1, 14)    eval_h2v1_fancy_upsample_start(v_colctr.0, v_inrow.0) -> eval_h2v1_fancy_upsample_bb3_in(nondef.4''''' - 3, 5) [ nondef.4 - 2 <= 0 /\ nondef.4' - 2 <= 0 /\ nondef.4'' - 2 <= 0 /\ nondef.4''' - 2 <= 0 /\ nondef.4'''' - 2 <= 0 /\ nondef.4''''' - 2 > 0 ]
		(1, 12)    eval_h2v1_fancy_upsample_start(v_colctr.0, v_inrow.0) -> eval_h2v1_fancy_upsample_bb3_in(nondef.4'''' - 3, 4) [ nondef.4 - 2 <= 0 /\ nondef.4' - 2 <= 0 /\ nondef.4'' - 2 <= 0 /\ nondef.4''' - 2 <= 0 /\ nondef.4'''' - 2 > 0 ]
		(1, 10)    eval_h2v1_fancy_upsample_start(v_colctr.0, v_inrow.0) -> eval_h2v1_fancy_upsample_bb3_in(nondef.4''' - 3, 3) [ nondef.4 - 2 <= 0 /\ nondef.4' - 2 <= 0 /\ nondef.4'' - 2 <= 0 /\ nondef.4''' - 2 > 0 ]
		(1, 8)     eval_h2v1_fancy_upsample_start(v_colctr.0, v_inrow.0) -> eval_h2v1_fancy_upsample_bb3_in(nondef.4'' - 3, 2) [ nondef.4 - 2 <= 0 /\ nondef.4' - 2 <= 0 /\ nondef.4'' - 2 > 0 ]
		(1, 6)     eval_h2v1_fancy_upsample_start(v_colctr.0, v_inrow.0) -> eval_h2v1_fancy_upsample_bb3_in(nondef.4' - 3, 1) [ nondef.4 - 2 <= 0 /\ nondef.4' - 2 > 0 ]
		(1, 4)     eval_h2v1_fancy_upsample_start(v_colctr.0, v_inrow.0) -> eval_h2v1_fancy_upsample_bb3_in(nondef.4 - 3, 0) [ nondef.4 - 2 > 0 ]
		(?, 2)     eval_h2v1_fancy_upsample_bb3_in(v_colctr.0, v_inrow.0) -> eval_h2v1_fancy_upsample_bb3_in(nondef.4 - 2, v_inrow.0 + 1) [ v_colctr.0 <= 0 ]
		(?, 1)     eval_h2v1_fancy_upsample_bb3_in(v_colctr.0, v_inrow.0) -> eval_h2v1_fancy_upsample_bb3_in(v_colctr.0 - 1, v_inrow.0) [ v_colctr.0 > 0 ]
	start location:	eval_h2v1_fancy_upsample_start
	leaf cost:	1

By chaining the transition eval_h2v1_fancy_upsample_start(v_colctr.0, v_inrow.0) -> eval_h2v1_fancy_upsample_bb3_in(nondef.4''''''' - 2, 7) [ nondef.4 - 2 <= 0 /\ nondef.4' - 2 <= 0 /\ nondef.4'' - 2 <= 0 /\ nondef.4''' - 2 <= 0 /\ nondef.4'''' - 2 <= 0 /\ nondef.4''''' - 2 <= 0 /\ nondef.4'''''' - 2 <= 0 ] with all transitions in problem 16, the following new transitions are obtained:
	eval_h2v1_fancy_upsample_start(v_colctr.0, v_inrow.0) -> eval_h2v1_fancy_upsample_bb3_in(nondef.4'''''''' - 2, 8) [ nondef.4 - 2 <= 0 /\ nondef.4' - 2 <= 0 /\ nondef.4'' - 2 <= 0 /\ nondef.4''' - 2 <= 0 /\ nondef.4'''' - 2 <= 0 /\ nondef.4''''' - 2 <= 0 /\ nondef.4'''''' - 2 <= 0 /\ nondef.4''''''' - 2 <= 0 ]
	eval_h2v1_fancy_upsample_start(v_colctr.0, v_inrow.0) -> eval_h2v1_fancy_upsample_bb3_in(nondef.4''''''' - 3, 7) [ nondef.4 - 2 <= 0 /\ nondef.4' - 2 <= 0 /\ nondef.4'' - 2 <= 0 /\ nondef.4''' - 2 <= 0 /\ nondef.4'''' - 2 <= 0 /\ nondef.4''''' - 2 <= 0 /\ nondef.4'''''' - 2 <= 0 /\ nondef.4''''''' - 2 > 0 ]
We thus obtain the following problem:
17:	T:
		(1, 19)    eval_h2v1_fancy_upsample_start(v_colctr.0, v_inrow.0) -> eval_h2v1_fancy_upsample_bb3_in(nondef.4'''''''' - 2, 8) [ nondef.4 - 2 <= 0 /\ nondef.4' - 2 <= 0 /\ nondef.4'' - 2 <= 0 /\ nondef.4''' - 2 <= 0 /\ nondef.4'''' - 2 <= 0 /\ nondef.4''''' - 2 <= 0 /\ nondef.4'''''' - 2 <= 0 /\ nondef.4''''''' - 2 <= 0 ]
		(1, 18)    eval_h2v1_fancy_upsample_start(v_colctr.0, v_inrow.0) -> eval_h2v1_fancy_upsample_bb3_in(nondef.4''''''' - 3, 7) [ nondef.4 - 2 <= 0 /\ nondef.4' - 2 <= 0 /\ nondef.4'' - 2 <= 0 /\ nondef.4''' - 2 <= 0 /\ nondef.4'''' - 2 <= 0 /\ nondef.4''''' - 2 <= 0 /\ nondef.4'''''' - 2 <= 0 /\ nondef.4''''''' - 2 > 0 ]
		(1, 16)    eval_h2v1_fancy_upsample_start(v_colctr.0, v_inrow.0) -> eval_h2v1_fancy_upsample_bb3_in(nondef.4'''''' - 3, 6) [ nondef.4 - 2 <= 0 /\ nondef.4' - 2 <= 0 /\ nondef.4'' - 2 <= 0 /\ nondef.4''' - 2 <= 0 /\ nondef.4'''' - 2 <= 0 /\ nondef.4''''' - 2 <= 0 /\ nondef.4'''''' - 2 > 0 ]
		(1, 14)    eval_h2v1_fancy_upsample_start(v_colctr.0, v_inrow.0) -> eval_h2v1_fancy_upsample_bb3_in(nondef.4''''' - 3, 5) [ nondef.4 - 2 <= 0 /\ nondef.4' - 2 <= 0 /\ nondef.4'' - 2 <= 0 /\ nondef.4''' - 2 <= 0 /\ nondef.4'''' - 2 <= 0 /\ nondef.4''''' - 2 > 0 ]
		(1, 12)    eval_h2v1_fancy_upsample_start(v_colctr.0, v_inrow.0) -> eval_h2v1_fancy_upsample_bb3_in(nondef.4'''' - 3, 4) [ nondef.4 - 2 <= 0 /\ nondef.4' - 2 <= 0 /\ nondef.4'' - 2 <= 0 /\ nondef.4''' - 2 <= 0 /\ nondef.4'''' - 2 > 0 ]
		(1, 10)    eval_h2v1_fancy_upsample_start(v_colctr.0, v_inrow.0) -> eval_h2v1_fancy_upsample_bb3_in(nondef.4''' - 3, 3) [ nondef.4 - 2 <= 0 /\ nondef.4' - 2 <= 0 /\ nondef.4'' - 2 <= 0 /\ nondef.4''' - 2 > 0 ]
		(1, 8)     eval_h2v1_fancy_upsample_start(v_colctr.0, v_inrow.0) -> eval_h2v1_fancy_upsample_bb3_in(nondef.4'' - 3, 2) [ nondef.4 - 2 <= 0 /\ nondef.4' - 2 <= 0 /\ nondef.4'' - 2 > 0 ]
		(1, 6)     eval_h2v1_fancy_upsample_start(v_colctr.0, v_inrow.0) -> eval_h2v1_fancy_upsample_bb3_in(nondef.4' - 3, 1) [ nondef.4 - 2 <= 0 /\ nondef.4' - 2 > 0 ]
		(1, 4)     eval_h2v1_fancy_upsample_start(v_colctr.0, v_inrow.0) -> eval_h2v1_fancy_upsample_bb3_in(nondef.4 - 3, 0) [ nondef.4 - 2 > 0 ]
		(?, 2)     eval_h2v1_fancy_upsample_bb3_in(v_colctr.0, v_inrow.0) -> eval_h2v1_fancy_upsample_bb3_in(nondef.4 - 2, v_inrow.0 + 1) [ v_colctr.0 <= 0 ]
		(?, 1)     eval_h2v1_fancy_upsample_bb3_in(v_colctr.0, v_inrow.0) -> eval_h2v1_fancy_upsample_bb3_in(v_colctr.0 - 1, v_inrow.0) [ v_colctr.0 > 0 ]
	start location:	eval_h2v1_fancy_upsample_start
	leaf cost:	1

By chaining the transition eval_h2v1_fancy_upsample_start(v_colctr.0, v_inrow.0) -> eval_h2v1_fancy_upsample_bb3_in(nondef.4'''''''' - 2, 8) [ nondef.4 - 2 <= 0 /\ nondef.4' - 2 <= 0 /\ nondef.4'' - 2 <= 0 /\ nondef.4''' - 2 <= 0 /\ nondef.4'''' - 2 <= 0 /\ nondef.4''''' - 2 <= 0 /\ nondef.4'''''' - 2 <= 0 /\ nondef.4''''''' - 2 <= 0 ] with all transitions in problem 17, the following new transitions are obtained:
	eval_h2v1_fancy_upsample_start(v_colctr.0, v_inrow.0) -> eval_h2v1_fancy_upsample_bb3_in(nondef.4''''''''' - 2, 9) [ nondef.4 - 2 <= 0 /\ nondef.4' - 2 <= 0 /\ nondef.4'' - 2 <= 0 /\ nondef.4''' - 2 <= 0 /\ nondef.4'''' - 2 <= 0 /\ nondef.4''''' - 2 <= 0 /\ nondef.4'''''' - 2 <= 0 /\ nondef.4''''''' - 2 <= 0 /\ nondef.4'''''''' - 2 <= 0 ]
	eval_h2v1_fancy_upsample_start(v_colctr.0, v_inrow.0) -> eval_h2v1_fancy_upsample_bb3_in(nondef.4'''''''' - 3, 8) [ nondef.4 - 2 <= 0 /\ nondef.4' - 2 <= 0 /\ nondef.4'' - 2 <= 0 /\ nondef.4''' - 2 <= 0 /\ nondef.4'''' - 2 <= 0 /\ nondef.4''''' - 2 <= 0 /\ nondef.4'''''' - 2 <= 0 /\ nondef.4''''''' - 2 <= 0 /\ nondef.4'''''''' - 2 > 0 ]
We thus obtain the following problem:
18:	T:
		(1, 21)    eval_h2v1_fancy_upsample_start(v_colctr.0, v_inrow.0) -> eval_h2v1_fancy_upsample_bb3_in(nondef.4''''''''' - 2, 9) [ nondef.4 - 2 <= 0 /\ nondef.4' - 2 <= 0 /\ nondef.4'' - 2 <= 0 /\ nondef.4''' - 2 <= 0 /\ nondef.4'''' - 2 <= 0 /\ nondef.4''''' - 2 <= 0 /\ nondef.4'''''' - 2 <= 0 /\ nondef.4''''''' - 2 <= 0 /\ nondef.4'''''''' - 2 <= 0 ]
		(1, 20)    eval_h2v1_fancy_upsample_start(v_colctr.0, v_inrow.0) -> eval_h2v1_fancy_upsample_bb3_in(nondef.4'''''''' - 3, 8) [ nondef.4 - 2 <= 0 /\ nondef.4' - 2 <= 0 /\ nondef.4'' - 2 <= 0 /\ nondef.4''' - 2 <= 0 /\ nondef.4'''' - 2 <= 0 /\ nondef.4''''' - 2 <= 0 /\ nondef.4'''''' - 2 <= 0 /\ nondef.4''''''' - 2 <= 0 /\ nondef.4'''''''' - 2 > 0 ]
		(1, 18)    eval_h2v1_fancy_upsample_start(v_colctr.0, v_inrow.0) -> eval_h2v1_fancy_upsample_bb3_in(nondef.4''''''' - 3, 7) [ nondef.4 - 2 <= 0 /\ nondef.4' - 2 <= 0 /\ nondef.4'' - 2 <= 0 /\ nondef.4''' - 2 <= 0 /\ nondef.4'''' - 2 <= 0 /\ nondef.4''''' - 2 <= 0 /\ nondef.4'''''' - 2 <= 0 /\ nondef.4''''''' - 2 > 0 ]
		(1, 16)    eval_h2v1_fancy_upsample_start(v_colctr.0, v_inrow.0) -> eval_h2v1_fancy_upsample_bb3_in(nondef.4'''''' - 3, 6) [ nondef.4 - 2 <= 0 /\ nondef.4' - 2 <= 0 /\ nondef.4'' - 2 <= 0 /\ nondef.4''' - 2 <= 0 /\ nondef.4'''' - 2 <= 0 /\ nondef.4''''' - 2 <= 0 /\ nondef.4'''''' - 2 > 0 ]
		(1, 14)    eval_h2v1_fancy_upsample_start(v_colctr.0, v_inrow.0) -> eval_h2v1_fancy_upsample_bb3_in(nondef.4''''' - 3, 5) [ nondef.4 - 2 <= 0 /\ nondef.4' - 2 <= 0 /\ nondef.4'' - 2 <= 0 /\ nondef.4''' - 2 <= 0 /\ nondef.4'''' - 2 <= 0 /\ nondef.4''''' - 2 > 0 ]
		(1, 12)    eval_h2v1_fancy_upsample_start(v_colctr.0, v_inrow.0) -> eval_h2v1_fancy_upsample_bb3_in(nondef.4'''' - 3, 4) [ nondef.4 - 2 <= 0 /\ nondef.4' - 2 <= 0 /\ nondef.4'' - 2 <= 0 /\ nondef.4''' - 2 <= 0 /\ nondef.4'''' - 2 > 0 ]
		(1, 10)    eval_h2v1_fancy_upsample_start(v_colctr.0, v_inrow.0) -> eval_h2v1_fancy_upsample_bb3_in(nondef.4''' - 3, 3) [ nondef.4 - 2 <= 0 /\ nondef.4' - 2 <= 0 /\ nondef.4'' - 2 <= 0 /\ nondef.4''' - 2 > 0 ]
		(1, 8)     eval_h2v1_fancy_upsample_start(v_colctr.0, v_inrow.0) -> eval_h2v1_fancy_upsample_bb3_in(nondef.4'' - 3, 2) [ nondef.4 - 2 <= 0 /\ nondef.4' - 2 <= 0 /\ nondef.4'' - 2 > 0 ]
		(1, 6)     eval_h2v1_fancy_upsample_start(v_colctr.0, v_inrow.0) -> eval_h2v1_fancy_upsample_bb3_in(nondef.4' - 3, 1) [ nondef.4 - 2 <= 0 /\ nondef.4' - 2 > 0 ]
		(1, 4)     eval_h2v1_fancy_upsample_start(v_colctr.0, v_inrow.0) -> eval_h2v1_fancy_upsample_bb3_in(nondef.4 - 3, 0) [ nondef.4 - 2 > 0 ]
		(?, 2)     eval_h2v1_fancy_upsample_bb3_in(v_colctr.0, v_inrow.0) -> eval_h2v1_fancy_upsample_bb3_in(nondef.4 - 2, v_inrow.0 + 1) [ v_colctr.0 <= 0 ]
		(?, 1)     eval_h2v1_fancy_upsample_bb3_in(v_colctr.0, v_inrow.0) -> eval_h2v1_fancy_upsample_bb3_in(v_colctr.0 - 1, v_inrow.0) [ v_colctr.0 > 0 ]
	start location:	eval_h2v1_fancy_upsample_start
	leaf cost:	1

By chaining the transition eval_h2v1_fancy_upsample_start(v_colctr.0, v_inrow.0) -> eval_h2v1_fancy_upsample_bb3_in(nondef.4''''''''' - 2, 9) [ nondef.4 - 2 <= 0 /\ nondef.4' - 2 <= 0 /\ nondef.4'' - 2 <= 0 /\ nondef.4''' - 2 <= 0 /\ nondef.4'''' - 2 <= 0 /\ nondef.4''''' - 2 <= 0 /\ nondef.4'''''' - 2 <= 0 /\ nondef.4''''''' - 2 <= 0 /\ nondef.4'''''''' - 2 <= 0 ] with all transitions in problem 18, the following new transitions are obtained:
	eval_h2v1_fancy_upsample_start(v_colctr.0, v_inrow.0) -> eval_h2v1_fancy_upsample_bb3_in(nondef.4'''''''''' - 2, 10) [ nondef.4 - 2 <= 0 /\ nondef.4' - 2 <= 0 /\ nondef.4'' - 2 <= 0 /\ nondef.4''' - 2 <= 0 /\ nondef.4'''' - 2 <= 0 /\ nondef.4''''' - 2 <= 0 /\ nondef.4'''''' - 2 <= 0 /\ nondef.4''''''' - 2 <= 0 /\ nondef.4'''''''' - 2 <= 0 /\ nondef.4''''''''' - 2 <= 0 ]
	eval_h2v1_fancy_upsample_start(v_colctr.0, v_inrow.0) -> eval_h2v1_fancy_upsample_bb3_in(nondef.4''''''''' - 3, 9) [ nondef.4 - 2 <= 0 /\ nondef.4' - 2 <= 0 /\ nondef.4'' - 2 <= 0 /\ nondef.4''' - 2 <= 0 /\ nondef.4'''' - 2 <= 0 /\ nondef.4''''' - 2 <= 0 /\ nondef.4'''''' - 2 <= 0 /\ nondef.4''''''' - 2 <= 0 /\ nondef.4'''''''' - 2 <= 0 /\ nondef.4''''''''' - 2 > 0 ]
We thus obtain the following problem:
19:	T:
		(1, 23)    eval_h2v1_fancy_upsample_start(v_colctr.0, v_inrow.0) -> eval_h2v1_fancy_upsample_bb3_in(nondef.4'''''''''' - 2, 10) [ nondef.4 - 2 <= 0 /\ nondef.4' - 2 <= 0 /\ nondef.4'' - 2 <= 0 /\ nondef.4''' - 2 <= 0 /\ nondef.4'''' - 2 <= 0 /\ nondef.4''''' - 2 <= 0 /\ nondef.4'''''' - 2 <= 0 /\ nondef.4''''''' - 2 <= 0 /\ nondef.4'''''''' - 2 <= 0 /\ nondef.4''''''''' - 2 <= 0 ]
		(1, 22)    eval_h2v1_fancy_upsample_start(v_colctr.0, v_inrow.0) -> eval_h2v1_fancy_upsample_bb3_in(nondef.4''''''''' - 3, 9) [ nondef.4 - 2 <= 0 /\ nondef.4' - 2 <= 0 /\ nondef.4'' - 2 <= 0 /\ nondef.4''' - 2 <= 0 /\ nondef.4'''' - 2 <= 0 /\ nondef.4''''' - 2 <= 0 /\ nondef.4'''''' - 2 <= 0 /\ nondef.4''''''' - 2 <= 0 /\ nondef.4'''''''' - 2 <= 0 /\ nondef.4''''''''' - 2 > 0 ]
		(1, 20)    eval_h2v1_fancy_upsample_start(v_colctr.0, v_inrow.0) -> eval_h2v1_fancy_upsample_bb3_in(nondef.4'''''''' - 3, 8) [ nondef.4 - 2 <= 0 /\ nondef.4' - 2 <= 0 /\ nondef.4'' - 2 <= 0 /\ nondef.4''' - 2 <= 0 /\ nondef.4'''' - 2 <= 0 /\ nondef.4''''' - 2 <= 0 /\ nondef.4'''''' - 2 <= 0 /\ nondef.4''''''' - 2 <= 0 /\ nondef.4'''''''' - 2 > 0 ]
		(1, 18)    eval_h2v1_fancy_upsample_start(v_colctr.0, v_inrow.0) -> eval_h2v1_fancy_upsample_bb3_in(nondef.4''''''' - 3, 7) [ nondef.4 - 2 <= 0 /\ nondef.4' - 2 <= 0 /\ nondef.4'' - 2 <= 0 /\ nondef.4''' - 2 <= 0 /\ nondef.4'''' - 2 <= 0 /\ nondef.4''''' - 2 <= 0 /\ nondef.4'''''' - 2 <= 0 /\ nondef.4''''''' - 2 > 0 ]
		(1, 16)    eval_h2v1_fancy_upsample_start(v_colctr.0, v_inrow.0) -> eval_h2v1_fancy_upsample_bb3_in(nondef.4'''''' - 3, 6) [ nondef.4 - 2 <= 0 /\ nondef.4' - 2 <= 0 /\ nondef.4'' - 2 <= 0 /\ nondef.4''' - 2 <= 0 /\ nondef.4'''' - 2 <= 0 /\ nondef.4''''' - 2 <= 0 /\ nondef.4'''''' - 2 > 0 ]
		(1, 14)    eval_h2v1_fancy_upsample_start(v_colctr.0, v_inrow.0) -> eval_h2v1_fancy_upsample_bb3_in(nondef.4''''' - 3, 5) [ nondef.4 - 2 <= 0 /\ nondef.4' - 2 <= 0 /\ nondef.4'' - 2 <= 0 /\ nondef.4''' - 2 <= 0 /\ nondef.4'''' - 2 <= 0 /\ nondef.4''''' - 2 > 0 ]
		(1, 12)    eval_h2v1_fancy_upsample_start(v_colctr.0, v_inrow.0) -> eval_h2v1_fancy_upsample_bb3_in(nondef.4'''' - 3, 4) [ nondef.4 - 2 <= 0 /\ nondef.4' - 2 <= 0 /\ nondef.4'' - 2 <= 0 /\ nondef.4''' - 2 <= 0 /\ nondef.4'''' - 2 > 0 ]
		(1, 10)    eval_h2v1_fancy_upsample_start(v_colctr.0, v_inrow.0) -> eval_h2v1_fancy_upsample_bb3_in(nondef.4''' - 3, 3) [ nondef.4 - 2 <= 0 /\ nondef.4' - 2 <= 0 /\ nondef.4'' - 2 <= 0 /\ nondef.4''' - 2 > 0 ]
		(1, 8)     eval_h2v1_fancy_upsample_start(v_colctr.0, v_inrow.0) -> eval_h2v1_fancy_upsample_bb3_in(nondef.4'' - 3, 2) [ nondef.4 - 2 <= 0 /\ nondef.4' - 2 <= 0 /\ nondef.4'' - 2 > 0 ]
		(1, 6)     eval_h2v1_fancy_upsample_start(v_colctr.0, v_inrow.0) -> eval_h2v1_fancy_upsample_bb3_in(nondef.4' - 3, 1) [ nondef.4 - 2 <= 0 /\ nondef.4' - 2 > 0 ]
		(1, 4)     eval_h2v1_fancy_upsample_start(v_colctr.0, v_inrow.0) -> eval_h2v1_fancy_upsample_bb3_in(nondef.4 - 3, 0) [ nondef.4 - 2 > 0 ]
		(?, 2)     eval_h2v1_fancy_upsample_bb3_in(v_colctr.0, v_inrow.0) -> eval_h2v1_fancy_upsample_bb3_in(nondef.4 - 2, v_inrow.0 + 1) [ v_colctr.0 <= 0 ]
		(?, 1)     eval_h2v1_fancy_upsample_bb3_in(v_colctr.0, v_inrow.0) -> eval_h2v1_fancy_upsample_bb3_in(v_colctr.0 - 1, v_inrow.0) [ v_colctr.0 > 0 ]
	start location:	eval_h2v1_fancy_upsample_start
	leaf cost:	1

By chaining the transition eval_h2v1_fancy_upsample_start(v_colctr.0, v_inrow.0) -> eval_h2v1_fancy_upsample_bb3_in(nondef.4'''''''''' - 2, 10) [ nondef.4 - 2 <= 0 /\ nondef.4' - 2 <= 0 /\ nondef.4'' - 2 <= 0 /\ nondef.4''' - 2 <= 0 /\ nondef.4'''' - 2 <= 0 /\ nondef.4''''' - 2 <= 0 /\ nondef.4'''''' - 2 <= 0 /\ nondef.4''''''' - 2 <= 0 /\ nondef.4'''''''' - 2 <= 0 /\ nondef.4''''''''' - 2 <= 0 ] with all transitions in problem 19, the following new transitions are obtained:
	eval_h2v1_fancy_upsample_start(v_colctr.0, v_inrow.0) -> eval_h2v1_fancy_upsample_bb3_in(nondef.4''''''''''' - 2, 11) [ nondef.4 - 2 <= 0 /\ nondef.4' - 2 <= 0 /\ nondef.4'' - 2 <= 0 /\ nondef.4''' - 2 <= 0 /\ nondef.4'''' - 2 <= 0 /\ nondef.4''''' - 2 <= 0 /\ nondef.4'''''' - 2 <= 0 /\ nondef.4''''''' - 2 <= 0 /\ nondef.4'''''''' - 2 <= 0 /\ nondef.4''''''''' - 2 <= 0 /\ nondef.4'''''''''' - 2 <= 0 ]
	eval_h2v1_fancy_upsample_start(v_colctr.0, v_inrow.0) -> eval_h2v1_fancy_upsample_bb3_in(nondef.4'''''''''' - 3, 10) [ nondef.4 - 2 <= 0 /\ nondef.4' - 2 <= 0 /\ nondef.4'' - 2 <= 0 /\ nondef.4''' - 2 <= 0 /\ nondef.4'''' - 2 <= 0 /\ nondef.4''''' - 2 <= 0 /\ nondef.4'''''' - 2 <= 0 /\ nondef.4''''''' - 2 <= 0 /\ nondef.4'''''''' - 2 <= 0 /\ nondef.4''''''''' - 2 <= 0 /\ nondef.4'''''''''' - 2 > 0 ]
We thus obtain the following problem:
20:	T:
		(1, 25)    eval_h2v1_fancy_upsample_start(v_colctr.0, v_inrow.0) -> eval_h2v1_fancy_upsample_bb3_in(nondef.4''''''''''' - 2, 11) [ nondef.4 - 2 <= 0 /\ nondef.4' - 2 <= 0 /\ nondef.4'' - 2 <= 0 /\ nondef.4''' - 2 <= 0 /\ nondef.4'''' - 2 <= 0 /\ nondef.4''''' - 2 <= 0 /\ nondef.4'''''' - 2 <= 0 /\ nondef.4''''''' - 2 <= 0 /\ nondef.4'''''''' - 2 <= 0 /\ nondef.4''''''''' - 2 <= 0 /\ nondef.4'''''''''' - 2 <= 0 ]
		(1, 24)    eval_h2v1_fancy_upsample_start(v_colctr.0, v_inrow.0) -> eval_h2v1_fancy_upsample_bb3_in(nondef.4'''''''''' - 3, 10) [ nondef.4 - 2 <= 0 /\ nondef.4' - 2 <= 0 /\ nondef.4'' - 2 <= 0 /\ nondef.4''' - 2 <= 0 /\ nondef.4'''' - 2 <= 0 /\ nondef.4''''' - 2 <= 0 /\ nondef.4'''''' - 2 <= 0 /\ nondef.4''''''' - 2 <= 0 /\ nondef.4'''''''' - 2 <= 0 /\ nondef.4''''''''' - 2 <= 0 /\ nondef.4'''''''''' - 2 > 0 ]
		(1, 22)    eval_h2v1_fancy_upsample_start(v_colctr.0, v_inrow.0) -> eval_h2v1_fancy_upsample_bb3_in(nondef.4''''''''' - 3, 9) [ nondef.4 - 2 <= 0 /\ nondef.4' - 2 <= 0 /\ nondef.4'' - 2 <= 0 /\ nondef.4''' - 2 <= 0 /\ nondef.4'''' - 2 <= 0 /\ nondef.4''''' - 2 <= 0 /\ nondef.4'''''' - 2 <= 0 /\ nondef.4''''''' - 2 <= 0 /\ nondef.4'''''''' - 2 <= 0 /\ nondef.4''''''''' - 2 > 0 ]
		(1, 20)    eval_h2v1_fancy_upsample_start(v_colctr.0, v_inrow.0) -> eval_h2v1_fancy_upsample_bb3_in(nondef.4'''''''' - 3, 8) [ nondef.4 - 2 <= 0 /\ nondef.4' - 2 <= 0 /\ nondef.4'' - 2 <= 0 /\ nondef.4''' - 2 <= 0 /\ nondef.4'''' - 2 <= 0 /\ nondef.4''''' - 2 <= 0 /\ nondef.4'''''' - 2 <= 0 /\ nondef.4''''''' - 2 <= 0 /\ nondef.4'''''''' - 2 > 0 ]
		(1, 18)    eval_h2v1_fancy_upsample_start(v_colctr.0, v_inrow.0) -> eval_h2v1_fancy_upsample_bb3_in(nondef.4''''''' - 3, 7) [ nondef.4 - 2 <= 0 /\ nondef.4' - 2 <= 0 /\ nondef.4'' - 2 <= 0 /\ nondef.4''' - 2 <= 0 /\ nondef.4'''' - 2 <= 0 /\ nondef.4''''' - 2 <= 0 /\ nondef.4'''''' - 2 <= 0 /\ nondef.4''''''' - 2 > 0 ]
		(1, 16)    eval_h2v1_fancy_upsample_start(v_colctr.0, v_inrow.0) -> eval_h2v1_fancy_upsample_bb3_in(nondef.4'''''' - 3, 6) [ nondef.4 - 2 <= 0 /\ nondef.4' - 2 <= 0 /\ nondef.4'' - 2 <= 0 /\ nondef.4''' - 2 <= 0 /\ nondef.4'''' - 2 <= 0 /\ nondef.4''''' - 2 <= 0 /\ nondef.4'''''' - 2 > 0 ]
		(1, 14)    eval_h2v1_fancy_upsample_start(v_colctr.0, v_inrow.0) -> eval_h2v1_fancy_upsample_bb3_in(nondef.4''''' - 3, 5) [ nondef.4 - 2 <= 0 /\ nondef.4' - 2 <= 0 /\ nondef.4'' - 2 <= 0 /\ nondef.4''' - 2 <= 0 /\ nondef.4'''' - 2 <= 0 /\ nondef.4''''' - 2 > 0 ]
		(1, 12)    eval_h2v1_fancy_upsample_start(v_colctr.0, v_inrow.0) -> eval_h2v1_fancy_upsample_bb3_in(nondef.4'''' - 3, 4) [ nondef.4 - 2 <= 0 /\ nondef.4' - 2 <= 0 /\ nondef.4'' - 2 <= 0 /\ nondef.4''' - 2 <= 0 /\ nondef.4'''' - 2 > 0 ]
		(1, 10)    eval_h2v1_fancy_upsample_start(v_colctr.0, v_inrow.0) -> eval_h2v1_fancy_upsample_bb3_in(nondef.4''' - 3, 3) [ nondef.4 - 2 <= 0 /\ nondef.4' - 2 <= 0 /\ nondef.4'' - 2 <= 0 /\ nondef.4''' - 2 > 0 ]
		(1, 8)     eval_h2v1_fancy_upsample_start(v_colctr.0, v_inrow.0) -> eval_h2v1_fancy_upsample_bb3_in(nondef.4'' - 3, 2) [ nondef.4 - 2 <= 0 /\ nondef.4' - 2 <= 0 /\ nondef.4'' - 2 > 0 ]
		(1, 6)     eval_h2v1_fancy_upsample_start(v_colctr.0, v_inrow.0) -> eval_h2v1_fancy_upsample_bb3_in(nondef.4' - 3, 1) [ nondef.4 - 2 <= 0 /\ nondef.4' - 2 > 0 ]
		(1, 4)     eval_h2v1_fancy_upsample_start(v_colctr.0, v_inrow.0) -> eval_h2v1_fancy_upsample_bb3_in(nondef.4 - 3, 0) [ nondef.4 - 2 > 0 ]
		(?, 2)     eval_h2v1_fancy_upsample_bb3_in(v_colctr.0, v_inrow.0) -> eval_h2v1_fancy_upsample_bb3_in(nondef.4 - 2, v_inrow.0 + 1) [ v_colctr.0 <= 0 ]
		(?, 1)     eval_h2v1_fancy_upsample_bb3_in(v_colctr.0, v_inrow.0) -> eval_h2v1_fancy_upsample_bb3_in(v_colctr.0 - 1, v_inrow.0) [ v_colctr.0 > 0 ]
	start location:	eval_h2v1_fancy_upsample_start
	leaf cost:	1

By chaining the transition eval_h2v1_fancy_upsample_start(v_colctr.0, v_inrow.0) -> eval_h2v1_fancy_upsample_bb3_in(nondef.4''''''''''' - 2, 11) [ nondef.4 - 2 <= 0 /\ nondef.4' - 2 <= 0 /\ nondef.4'' - 2 <= 0 /\ nondef.4''' - 2 <= 0 /\ nondef.4'''' - 2 <= 0 /\ nondef.4''''' - 2 <= 0 /\ nondef.4'''''' - 2 <= 0 /\ nondef.4''''''' - 2 <= 0 /\ nondef.4'''''''' - 2 <= 0 /\ nondef.4''''''''' - 2 <= 0 /\ nondef.4'''''''''' - 2 <= 0 ] with all transitions in problem 20, the following new transitions are obtained:
	eval_h2v1_fancy_upsample_start(v_colctr.0, v_inrow.0) -> eval_h2v1_fancy_upsample_bb3_in(nondef.4'''''''''''' - 2, 12) [ nondef.4 - 2 <= 0 /\ nondef.4' - 2 <= 0 /\ nondef.4'' - 2 <= 0 /\ nondef.4''' - 2 <= 0 /\ nondef.4'''' - 2 <= 0 /\ nondef.4''''' - 2 <= 0 /\ nondef.4'''''' - 2 <= 0 /\ nondef.4''''''' - 2 <= 0 /\ nondef.4'''''''' - 2 <= 0 /\ nondef.4''''''''' - 2 <= 0 /\ nondef.4'''''''''' - 2 <= 0 /\ nondef.4''''''''''' - 2 <= 0 ]
	eval_h2v1_fancy_upsample_start(v_colctr.0, v_inrow.0) -> eval_h2v1_fancy_upsample_bb3_in(nondef.4''''''''''' - 3, 11) [ nondef.4 - 2 <= 0 /\ nondef.4' - 2 <= 0 /\ nondef.4'' - 2 <= 0 /\ nondef.4''' - 2 <= 0 /\ nondef.4'''' - 2 <= 0 /\ nondef.4''''' - 2 <= 0 /\ nondef.4'''''' - 2 <= 0 /\ nondef.4''''''' - 2 <= 0 /\ nondef.4'''''''' - 2 <= 0 /\ nondef.4''''''''' - 2 <= 0 /\ nondef.4'''''''''' - 2 <= 0 /\ nondef.4''''''''''' - 2 > 0 ]
We thus obtain the following problem:
21:	T:
		(1, 27)    eval_h2v1_fancy_upsample_start(v_colctr.0, v_inrow.0) -> eval_h2v1_fancy_upsample_bb3_in(nondef.4'''''''''''' - 2, 12) [ nondef.4 - 2 <= 0 /\ nondef.4' - 2 <= 0 /\ nondef.4'' - 2 <= 0 /\ nondef.4''' - 2 <= 0 /\ nondef.4'''' - 2 <= 0 /\ nondef.4''''' - 2 <= 0 /\ nondef.4'''''' - 2 <= 0 /\ nondef.4''''''' - 2 <= 0 /\ nondef.4'''''''' - 2 <= 0 /\ nondef.4''''''''' - 2 <= 0 /\ nondef.4'''''''''' - 2 <= 0 /\ nondef.4''''''''''' - 2 <= 0 ]
		(1, 26)    eval_h2v1_fancy_upsample_start(v_colctr.0, v_inrow.0) -> eval_h2v1_fancy_upsample_bb3_in(nondef.4''''''''''' - 3, 11) [ nondef.4 - 2 <= 0 /\ nondef.4' - 2 <= 0 /\ nondef.4'' - 2 <= 0 /\ nondef.4''' - 2 <= 0 /\ nondef.4'''' - 2 <= 0 /\ nondef.4''''' - 2 <= 0 /\ nondef.4'''''' - 2 <= 0 /\ nondef.4''''''' - 2 <= 0 /\ nondef.4'''''''' - 2 <= 0 /\ nondef.4''''''''' - 2 <= 0 /\ nondef.4'''''''''' - 2 <= 0 /\ nondef.4''''''''''' - 2 > 0 ]
		(1, 24)    eval_h2v1_fancy_upsample_start(v_colctr.0, v_inrow.0) -> eval_h2v1_fancy_upsample_bb3_in(nondef.4'''''''''' - 3, 10) [ nondef.4 - 2 <= 0 /\ nondef.4' - 2 <= 0 /\ nondef.4'' - 2 <= 0 /\ nondef.4''' - 2 <= 0 /\ nondef.4'''' - 2 <= 0 /\ nondef.4''''' - 2 <= 0 /\ nondef.4'''''' - 2 <= 0 /\ nondef.4''''''' - 2 <= 0 /\ nondef.4'''''''' - 2 <= 0 /\ nondef.4''''''''' - 2 <= 0 /\ nondef.4'''''''''' - 2 > 0 ]
		(1, 22)    eval_h2v1_fancy_upsample_start(v_colctr.0, v_inrow.0) -> eval_h2v1_fancy_upsample_bb3_in(nondef.4''''''''' - 3, 9) [ nondef.4 - 2 <= 0 /\ nondef.4' - 2 <= 0 /\ nondef.4'' - 2 <= 0 /\ nondef.4''' - 2 <= 0 /\ nondef.4'''' - 2 <= 0 /\ nondef.4''''' - 2 <= 0 /\ nondef.4'''''' - 2 <= 0 /\ nondef.4''''''' - 2 <= 0 /\ nondef.4'''''''' - 2 <= 0 /\ nondef.4''''''''' - 2 > 0 ]
		(1, 20)    eval_h2v1_fancy_upsample_start(v_colctr.0, v_inrow.0) -> eval_h2v1_fancy_upsample_bb3_in(nondef.4'''''''' - 3, 8) [ nondef.4 - 2 <= 0 /\ nondef.4' - 2 <= 0 /\ nondef.4'' - 2 <= 0 /\ nondef.4''' - 2 <= 0 /\ nondef.4'''' - 2 <= 0 /\ nondef.4''''' - 2 <= 0 /\ nondef.4'''''' - 2 <= 0 /\ nondef.4''''''' - 2 <= 0 /\ nondef.4'''''''' - 2 > 0 ]
		(1, 18)    eval_h2v1_fancy_upsample_start(v_colctr.0, v_inrow.0) -> eval_h2v1_fancy_upsample_bb3_in(nondef.4''''''' - 3, 7) [ nondef.4 - 2 <= 0 /\ nondef.4' - 2 <= 0 /\ nondef.4'' - 2 <= 0 /\ nondef.4''' - 2 <= 0 /\ nondef.4'''' - 2 <= 0 /\ nondef.4''''' - 2 <= 0 /\ nondef.4'''''' - 2 <= 0 /\ nondef.4''''''' - 2 > 0 ]
		(1, 16)    eval_h2v1_fancy_upsample_start(v_colctr.0, v_inrow.0) -> eval_h2v1_fancy_upsample_bb3_in(nondef.4'''''' - 3, 6) [ nondef.4 - 2 <= 0 /\ nondef.4' - 2 <= 0 /\ nondef.4'' - 2 <= 0 /\ nondef.4''' - 2 <= 0 /\ nondef.4'''' - 2 <= 0 /\ nondef.4''''' - 2 <= 0 /\ nondef.4'''''' - 2 > 0 ]
		(1, 14)    eval_h2v1_fancy_upsample_start(v_colctr.0, v_inrow.0) -> eval_h2v1_fancy_upsample_bb3_in(nondef.4''''' - 3, 5) [ nondef.4 - 2 <= 0 /\ nondef.4' - 2 <= 0 /\ nondef.4'' - 2 <= 0 /\ nondef.4''' - 2 <= 0 /\ nondef.4'''' - 2 <= 0 /\ nondef.4''''' - 2 > 0 ]
		(1, 12)    eval_h2v1_fancy_upsample_start(v_colctr.0, v_inrow.0) -> eval_h2v1_fancy_upsample_bb3_in(nondef.4'''' - 3, 4) [ nondef.4 - 2 <= 0 /\ nondef.4' - 2 <= 0 /\ nondef.4'' - 2 <= 0 /\ nondef.4''' - 2 <= 0 /\ nondef.4'''' - 2 > 0 ]
		(1, 10)    eval_h2v1_fancy_upsample_start(v_colctr.0, v_inrow.0) -> eval_h2v1_fancy_upsample_bb3_in(nondef.4''' - 3, 3) [ nondef.4 - 2 <= 0 /\ nondef.4' - 2 <= 0 /\ nondef.4'' - 2 <= 0 /\ nondef.4''' - 2 > 0 ]
		(1, 8)     eval_h2v1_fancy_upsample_start(v_colctr.0, v_inrow.0) -> eval_h2v1_fancy_upsample_bb3_in(nondef.4'' - 3, 2) [ nondef.4 - 2 <= 0 /\ nondef.4' - 2 <= 0 /\ nondef.4'' - 2 > 0 ]
		(1, 6)     eval_h2v1_fancy_upsample_start(v_colctr.0, v_inrow.0) -> eval_h2v1_fancy_upsample_bb3_in(nondef.4' - 3, 1) [ nondef.4 - 2 <= 0 /\ nondef.4' - 2 > 0 ]
		(1, 4)     eval_h2v1_fancy_upsample_start(v_colctr.0, v_inrow.0) -> eval_h2v1_fancy_upsample_bb3_in(nondef.4 - 3, 0) [ nondef.4 - 2 > 0 ]
		(?, 2)     eval_h2v1_fancy_upsample_bb3_in(v_colctr.0, v_inrow.0) -> eval_h2v1_fancy_upsample_bb3_in(nondef.4 - 2, v_inrow.0 + 1) [ v_colctr.0 <= 0 ]
		(?, 1)     eval_h2v1_fancy_upsample_bb3_in(v_colctr.0, v_inrow.0) -> eval_h2v1_fancy_upsample_bb3_in(v_colctr.0 - 1, v_inrow.0) [ v_colctr.0 > 0 ]
	start location:	eval_h2v1_fancy_upsample_start
	leaf cost:	1

Complexity upper bound ?

Time: 0.820 sec (SMT: 0.635 sec)
