MAYBE

Initial complexity problem:
1:	T:
		(1, 1)    eval_translate_TCON_start(v_12, v_18, v_19, v_38, v_length) -> Com_1(eval_translate_TCON_bb0_in(v_12, v_18, v_19, v_38, v_length))
		(?, 1)    eval_translate_TCON_bb0_in(v_12, v_18, v_19, v_38, v_length) -> Com_1(eval_translate_TCON_7(nondef.1 - nondef.2, v_18, v_19, v_38, v_length))
		(?, 1)    eval_translate_TCON_bb0_in(v_12, v_18, v_19, v_38, v_length) -> Com_1(eval_translate_TCON_35(v_12, v_18, v_19, v_38, v_length))
		(?, 1)    eval_translate_TCON_7(v_12, v_18, v_19, v_38, v_length) -> Com_2(eval_id3_field_parse_start(v_12, v_18, v_19, v_38, v_length), eval_translate_TCON_8(v_12, v_18, v_19, v_38, v_length))
		(?, 1)    eval_translate_TCON_8(v_12, v_18, v_19, v_38, v_length) -> Com_1(eval_translate_TCON_bb12_in(v_12, v_18, v_19, v_38, v_length))
		(?, 1)    eval_translate_TCON_8(v_12, v_18, v_19, v_38, v_length) -> Com_1(eval_translate_TCON_13(v_12, nondef.4 - nondef.5, nondef.6, v_38, v_length))
		(?, 1)    eval_translate_TCON_13(v_12, v_18, v_19, v_38, v_length) -> Com_2(eval_id3_parse_string_start(v_12, v_18, v_19, v_38, v_length), eval_translate_TCON_14(v_12, v_18, v_19, v_38, v_length))
		(?, 1)    eval_translate_TCON_14(v_12, v_18, v_19, v_38, v_length) -> Com_1(eval_translate_TCON_bb12_in(v_12, v_18, v_19, v_38, v_length))
		(?, 1)    eval_translate_TCON_14(v_12, v_18, v_19, v_38, v_length) -> Com_1(eval_translate_TCON_bb3_in(v_12, v_18, v_19, v_38, v_length))
		(?, 1)    eval_translate_TCON_bb3_in(v_12, v_18, v_19, v_38, v_length) -> Com_1(eval_translate_TCON_bb10_in(v_12, v_18, v_19, v_38, v_length))
		(?, 1)    eval_translate_TCON_bb3_in(v_12, v_18, v_19, v_38, v_length) -> Com_1(eval_translate_TCON_bb5_in(v_12, v_18, v_19, v_38, v_length))
		(?, 1)    eval_translate_TCON_bb5_in(v_12, v_18, v_19, v_38, v_length) -> Com_1(eval_translate_TCON_bb5_in(v_12, v_18, v_19, v_38, v_length))
		(?, 1)    eval_translate_TCON_bb5_in(v_12, v_18, v_19, v_38, v_length) -> Com_1(eval_translate_TCON_.critedge_in(v_12, v_18, v_19, v_38, v_length))
		(?, 1)    eval_translate_TCON_.critedge_in(v_12, v_18, v_19, v_38, v_length) -> Com_1(eval_translate_TCON_bb9_in(v_12, v_18, v_19, v_38, v_length))
		(?, 1)    eval_translate_TCON_bb9_in(v_12, v_18, v_19, v_38, v_length) -> Com_1(eval_translate_TCON_27(v_12, v_18, v_19, v_38, v_length))
		(?, 1)    eval_translate_TCON_27(v_12, v_18, v_19, v_38, v_length) -> Com_2(eval_id3_field_addstring_start(v_12, v_18, v_19, v_38, v_length), eval_translate_TCON_28(v_12, v_18, v_19, nondef.12, v_length))
		(?, 1)    eval_translate_TCON_28(v_12, v_18, v_19, v_38, v_length) -> Com_1(eval_translate_TCON_bb12_in(v_12, v_18, v_19, v_38, v_length)) [ v_38 = -1 ]
		(?, 1)    eval_translate_TCON_28(v_12, v_18, v_19, v_38, v_length) -> Com_1(eval_translate_TCON_bb3_in(v_12, v_18, v_19, v_38, v_length)) [ v_38 < -1 ]
		(?, 1)    eval_translate_TCON_28(v_12, v_18, v_19, v_38, v_length) -> Com_1(eval_translate_TCON_bb3_in(v_12, v_18, v_19, v_38, v_length)) [ v_38 > -1 ]
		(?, 1)    eval_translate_TCON_bb10_in(v_12, v_18, v_19, v_38, v_length) -> Com_1(eval_translate_TCON_31(v_12, v_18, v_19, v_38, v_length))
		(?, 1)    eval_translate_TCON_bb10_in(v_12, v_18, v_19, v_38, v_length) -> Com_1(eval_translate_TCON_bb13_in(v_12, v_18, v_19, v_38, v_length))
		(?, 1)    eval_translate_TCON_31(v_12, v_18, v_19, v_38, v_length) -> Com_2(eval_id3_field_addstring_start(v_12, v_18, v_19, v_38, v_length), eval_translate_TCON_32(v_12, v_18, v_19, v_38, v_length))
		(?, 1)    eval_translate_TCON_32(v_12, v_18, v_19, v_38, v_length) -> Com_1(eval_translate_TCON_bb12_in(v_12, v_18, v_19, v_38, v_length))
		(?, 1)    eval_translate_TCON_32(v_12, v_18, v_19, v_38, v_length) -> Com_1(eval_translate_TCON_bb13_in(v_12, v_18, v_19, v_38, v_length))
		(?, 1)    eval_translate_TCON_bb12_in(v_12, v_18, v_19, v_38, v_length) -> Com_1(eval_translate_TCON_bb13_in(v_12, v_18, v_19, v_38, v_length))
		(?, 1)    eval_translate_TCON_bb13_in(v_12, v_18, v_19, v_38, v_length) -> Com_1(eval_translate_TCON_33(v_12, v_18, v_19, v_38, v_length))
		(?, 1)    eval_translate_TCON_bb13_in(v_12, v_18, v_19, v_38, v_length) -> Com_1(eval_translate_TCON_bb15_in(v_12, v_18, v_19, v_38, v_length))
		(?, 1)    eval_translate_TCON_33(v_12, v_18, v_19, v_38, v_length) -> Com_2(eval_free_start(v_12, v_18, v_19, v_38, v_length), eval_translate_TCON_34(v_12, v_18, v_19, v_38, v_length))
		(?, 1)    eval_translate_TCON_34(v_12, v_18, v_19, v_38, v_length) -> Com_1(eval_translate_TCON_bb15_in(v_12, v_18, v_19, v_38, v_length))
		(?, 1)    eval_translate_TCON_bb15_in(v_12, v_18, v_19, v_38, v_length) -> Com_1(eval_translate_TCON_stop(v_12, v_18, v_19, v_38, v_length))
		(?, 1)    eval_translate_TCON_35(v_12, v_18, v_19, v_38, v_length) -> Com_2(eval___assert_fail_start(v_12, v_18, v_19, v_38, v_length), eval_translate_TCON_36(v_12, v_18, v_19, v_38, v_length))
		(?, 1)    eval_translate_TCON_36(v_12, v_18, v_19, v_38, v_length) -> Com_1(eval_translate_TCON_stop(v_12, v_18, v_19, v_38, v_length))
	start location:	eval_translate_TCON_start
	leaf cost:	0

Slicing away variables that do not contribute to conditions from problem 1 leaves variables [v_38].
We thus obtain the following problem:
2:	T:
		(?, 1)    eval_translate_TCON_36(v_38) -> Com_1(eval_translate_TCON_stop(v_38))
		(?, 1)    eval_translate_TCON_35(v_38) -> Com_2(eval___assert_fail_start(v_38), eval_translate_TCON_36(v_38))
		(?, 1)    eval_translate_TCON_bb15_in(v_38) -> Com_1(eval_translate_TCON_stop(v_38))
		(?, 1)    eval_translate_TCON_34(v_38) -> Com_1(eval_translate_TCON_bb15_in(v_38))
		(?, 1)    eval_translate_TCON_33(v_38) -> Com_2(eval_free_start(v_38), eval_translate_TCON_34(v_38))
		(?, 1)    eval_translate_TCON_bb13_in(v_38) -> Com_1(eval_translate_TCON_bb15_in(v_38))
		(?, 1)    eval_translate_TCON_bb13_in(v_38) -> Com_1(eval_translate_TCON_33(v_38))
		(?, 1)    eval_translate_TCON_bb12_in(v_38) -> Com_1(eval_translate_TCON_bb13_in(v_38))
		(?, 1)    eval_translate_TCON_32(v_38) -> Com_1(eval_translate_TCON_bb13_in(v_38))
		(?, 1)    eval_translate_TCON_32(v_38) -> Com_1(eval_translate_TCON_bb12_in(v_38))
		(?, 1)    eval_translate_TCON_31(v_38) -> Com_2(eval_id3_field_addstring_start(v_38), eval_translate_TCON_32(v_38))
		(?, 1)    eval_translate_TCON_bb10_in(v_38) -> Com_1(eval_translate_TCON_bb13_in(v_38))
		(?, 1)    eval_translate_TCON_bb10_in(v_38) -> Com_1(eval_translate_TCON_31(v_38))
		(?, 1)    eval_translate_TCON_28(v_38) -> Com_1(eval_translate_TCON_bb3_in(v_38)) [ v_38 > -1 ]
		(?, 1)    eval_translate_TCON_28(v_38) -> Com_1(eval_translate_TCON_bb3_in(v_38)) [ v_38 < -1 ]
		(?, 1)    eval_translate_TCON_28(v_38) -> Com_1(eval_translate_TCON_bb12_in(v_38)) [ v_38 = -1 ]
		(?, 1)    eval_translate_TCON_27(v_38) -> Com_2(eval_id3_field_addstring_start(v_38), eval_translate_TCON_28(nondef.12))
		(?, 1)    eval_translate_TCON_bb9_in(v_38) -> Com_1(eval_translate_TCON_27(v_38))
		(?, 1)    eval_translate_TCON_.critedge_in(v_38) -> Com_1(eval_translate_TCON_bb9_in(v_38))
		(?, 1)    eval_translate_TCON_bb5_in(v_38) -> Com_1(eval_translate_TCON_.critedge_in(v_38))
		(?, 1)    eval_translate_TCON_bb5_in(v_38) -> Com_1(eval_translate_TCON_bb5_in(v_38))
		(?, 1)    eval_translate_TCON_bb3_in(v_38) -> Com_1(eval_translate_TCON_bb5_in(v_38))
		(?, 1)    eval_translate_TCON_bb3_in(v_38) -> Com_1(eval_translate_TCON_bb10_in(v_38))
		(?, 1)    eval_translate_TCON_14(v_38) -> Com_1(eval_translate_TCON_bb3_in(v_38))
		(?, 1)    eval_translate_TCON_14(v_38) -> Com_1(eval_translate_TCON_bb12_in(v_38))
		(?, 1)    eval_translate_TCON_13(v_38) -> Com_2(eval_id3_parse_string_start(v_38), eval_translate_TCON_14(v_38))
		(?, 1)    eval_translate_TCON_8(v_38) -> Com_1(eval_translate_TCON_13(v_38))
		(?, 1)    eval_translate_TCON_8(v_38) -> Com_1(eval_translate_TCON_bb12_in(v_38))
		(?, 1)    eval_translate_TCON_7(v_38) -> Com_2(eval_id3_field_parse_start(v_38), eval_translate_TCON_8(v_38))
		(?, 1)    eval_translate_TCON_bb0_in(v_38) -> Com_1(eval_translate_TCON_35(v_38))
		(?, 1)    eval_translate_TCON_bb0_in(v_38) -> Com_1(eval_translate_TCON_7(v_38))
		(1, 1)    eval_translate_TCON_start(v_38) -> Com_1(eval_translate_TCON_bb0_in(v_38))
	start location:	eval_translate_TCON_start
	leaf cost:	0

Repeatedly propagating knowledge in problem 2 produces the following problem:
3:	T:
		(1, 1)    eval_translate_TCON_36(v_38) -> Com_1(eval_translate_TCON_stop(v_38))
		(1, 1)    eval_translate_TCON_35(v_38) -> Com_2(eval___assert_fail_start(v_38), eval_translate_TCON_36(v_38))
		(?, 1)    eval_translate_TCON_bb15_in(v_38) -> Com_1(eval_translate_TCON_stop(v_38))
		(?, 1)    eval_translate_TCON_34(v_38) -> Com_1(eval_translate_TCON_bb15_in(v_38))
		(?, 1)    eval_translate_TCON_33(v_38) -> Com_2(eval_free_start(v_38), eval_translate_TCON_34(v_38))
		(?, 1)    eval_translate_TCON_bb13_in(v_38) -> Com_1(eval_translate_TCON_bb15_in(v_38))
		(?, 1)    eval_translate_TCON_bb13_in(v_38) -> Com_1(eval_translate_TCON_33(v_38))
		(?, 1)    eval_translate_TCON_bb12_in(v_38) -> Com_1(eval_translate_TCON_bb13_in(v_38))
		(?, 1)    eval_translate_TCON_32(v_38) -> Com_1(eval_translate_TCON_bb13_in(v_38))
		(?, 1)    eval_translate_TCON_32(v_38) -> Com_1(eval_translate_TCON_bb12_in(v_38))
		(?, 1)    eval_translate_TCON_31(v_38) -> Com_2(eval_id3_field_addstring_start(v_38), eval_translate_TCON_32(v_38))
		(?, 1)    eval_translate_TCON_bb10_in(v_38) -> Com_1(eval_translate_TCON_bb13_in(v_38))
		(?, 1)    eval_translate_TCON_bb10_in(v_38) -> Com_1(eval_translate_TCON_31(v_38))
		(?, 1)    eval_translate_TCON_28(v_38) -> Com_1(eval_translate_TCON_bb3_in(v_38)) [ v_38 > -1 ]
		(?, 1)    eval_translate_TCON_28(v_38) -> Com_1(eval_translate_TCON_bb3_in(v_38)) [ v_38 < -1 ]
		(?, 1)    eval_translate_TCON_28(v_38) -> Com_1(eval_translate_TCON_bb12_in(v_38)) [ v_38 = -1 ]
		(?, 1)    eval_translate_TCON_27(v_38) -> Com_2(eval_id3_field_addstring_start(v_38), eval_translate_TCON_28(nondef.12))
		(?, 1)    eval_translate_TCON_bb9_in(v_38) -> Com_1(eval_translate_TCON_27(v_38))
		(?, 1)    eval_translate_TCON_.critedge_in(v_38) -> Com_1(eval_translate_TCON_bb9_in(v_38))
		(?, 1)    eval_translate_TCON_bb5_in(v_38) -> Com_1(eval_translate_TCON_.critedge_in(v_38))
		(?, 1)    eval_translate_TCON_bb5_in(v_38) -> Com_1(eval_translate_TCON_bb5_in(v_38))
		(?, 1)    eval_translate_TCON_bb3_in(v_38) -> Com_1(eval_translate_TCON_bb5_in(v_38))
		(?, 1)    eval_translate_TCON_bb3_in(v_38) -> Com_1(eval_translate_TCON_bb10_in(v_38))
		(1, 1)    eval_translate_TCON_14(v_38) -> Com_1(eval_translate_TCON_bb3_in(v_38))
		(1, 1)    eval_translate_TCON_14(v_38) -> Com_1(eval_translate_TCON_bb12_in(v_38))
		(1, 1)    eval_translate_TCON_13(v_38) -> Com_2(eval_id3_parse_string_start(v_38), eval_translate_TCON_14(v_38))
		(1, 1)    eval_translate_TCON_8(v_38) -> Com_1(eval_translate_TCON_13(v_38))
		(1, 1)    eval_translate_TCON_8(v_38) -> Com_1(eval_translate_TCON_bb12_in(v_38))
		(1, 1)    eval_translate_TCON_7(v_38) -> Com_2(eval_id3_field_parse_start(v_38), eval_translate_TCON_8(v_38))
		(1, 1)    eval_translate_TCON_bb0_in(v_38) -> Com_1(eval_translate_TCON_35(v_38))
		(1, 1)    eval_translate_TCON_bb0_in(v_38) -> Com_1(eval_translate_TCON_7(v_38))
		(1, 1)    eval_translate_TCON_start(v_38) -> Com_1(eval_translate_TCON_bb0_in(v_38))
	start location:	eval_translate_TCON_start
	leaf cost:	0

A polynomial rank function with
	Pol(eval_translate_TCON_36) = 0
	Pol(eval_translate_TCON_stop) = 0
	Pol(eval_translate_TCON_35) = 0
	Pol(eval___assert_fail_start) = 0
	Pol(eval_translate_TCON_bb15_in) = 1
	Pol(eval_translate_TCON_34) = 2
	Pol(eval_translate_TCON_33) = 3
	Pol(eval_free_start) = 0
	Pol(eval_translate_TCON_bb13_in) = 4
	Pol(eval_translate_TCON_bb12_in) = 5
	Pol(eval_translate_TCON_32) = 6
	Pol(eval_translate_TCON_31) = 7
	Pol(eval_id3_field_addstring_start) = 0
	Pol(eval_translate_TCON_bb10_in) = 8
	Pol(eval_translate_TCON_28) = 9
	Pol(eval_translate_TCON_bb3_in) = 9
	Pol(eval_translate_TCON_27) = 9
	Pol(eval_translate_TCON_bb9_in) = 9
	Pol(eval_translate_TCON_.critedge_in) = 9
	Pol(eval_translate_TCON_bb5_in) = 9
	Pol(eval_translate_TCON_14) = 9
	Pol(eval_translate_TCON_13) = 9
	Pol(eval_id3_parse_string_start) = 0
	Pol(eval_translate_TCON_8) = 9
	Pol(eval_translate_TCON_7) = 9
	Pol(eval_id3_field_parse_start) = 0
	Pol(eval_translate_TCON_bb0_in) = 9
	Pol(eval_translate_TCON_start) = 9
orients all transitions weakly and the transitions
	eval_translate_TCON_bb3_in(v_38) -> Com_1(eval_translate_TCON_bb10_in(v_38))
	eval_translate_TCON_bb15_in(v_38) -> Com_1(eval_translate_TCON_stop(v_38))
	eval_translate_TCON_bb13_in(v_38) -> Com_1(eval_translate_TCON_bb15_in(v_38))
	eval_translate_TCON_bb13_in(v_38) -> Com_1(eval_translate_TCON_33(v_38))
	eval_translate_TCON_bb12_in(v_38) -> Com_1(eval_translate_TCON_bb13_in(v_38))
	eval_translate_TCON_bb10_in(v_38) -> Com_1(eval_translate_TCON_bb13_in(v_38))
	eval_translate_TCON_bb10_in(v_38) -> Com_1(eval_translate_TCON_31(v_38))
	eval_translate_TCON_34(v_38) -> Com_1(eval_translate_TCON_bb15_in(v_38))
	eval_translate_TCON_33(v_38) -> Com_2(eval_free_start(v_38), eval_translate_TCON_34(v_38))
	eval_translate_TCON_32(v_38) -> Com_1(eval_translate_TCON_bb13_in(v_38))
	eval_translate_TCON_32(v_38) -> Com_1(eval_translate_TCON_bb12_in(v_38))
	eval_translate_TCON_31(v_38) -> Com_2(eval_id3_field_addstring_start(v_38), eval_translate_TCON_32(v_38))
	eval_translate_TCON_28(v_38) -> Com_1(eval_translate_TCON_bb12_in(v_38)) [ v_38 = -1 ]
strictly and produces the following problem:
4:	T:
		(1, 1)    eval_translate_TCON_36(v_38) -> Com_1(eval_translate_TCON_stop(v_38))
		(1, 1)    eval_translate_TCON_35(v_38) -> Com_2(eval___assert_fail_start(v_38), eval_translate_TCON_36(v_38))
		(9, 1)    eval_translate_TCON_bb15_in(v_38) -> Com_1(eval_translate_TCON_stop(v_38))
		(9, 1)    eval_translate_TCON_34(v_38) -> Com_1(eval_translate_TCON_bb15_in(v_38))
		(9, 1)    eval_translate_TCON_33(v_38) -> Com_2(eval_free_start(v_38), eval_translate_TCON_34(v_38))
		(9, 1)    eval_translate_TCON_bb13_in(v_38) -> Com_1(eval_translate_TCON_bb15_in(v_38))
		(9, 1)    eval_translate_TCON_bb13_in(v_38) -> Com_1(eval_translate_TCON_33(v_38))
		(9, 1)    eval_translate_TCON_bb12_in(v_38) -> Com_1(eval_translate_TCON_bb13_in(v_38))
		(9, 1)    eval_translate_TCON_32(v_38) -> Com_1(eval_translate_TCON_bb13_in(v_38))
		(9, 1)    eval_translate_TCON_32(v_38) -> Com_1(eval_translate_TCON_bb12_in(v_38))
		(9, 1)    eval_translate_TCON_31(v_38) -> Com_2(eval_id3_field_addstring_start(v_38), eval_translate_TCON_32(v_38))
		(9, 1)    eval_translate_TCON_bb10_in(v_38) -> Com_1(eval_translate_TCON_bb13_in(v_38))
		(9, 1)    eval_translate_TCON_bb10_in(v_38) -> Com_1(eval_translate_TCON_31(v_38))
		(?, 1)    eval_translate_TCON_28(v_38) -> Com_1(eval_translate_TCON_bb3_in(v_38)) [ v_38 > -1 ]
		(?, 1)    eval_translate_TCON_28(v_38) -> Com_1(eval_translate_TCON_bb3_in(v_38)) [ v_38 < -1 ]
		(9, 1)    eval_translate_TCON_28(v_38) -> Com_1(eval_translate_TCON_bb12_in(v_38)) [ v_38 = -1 ]
		(?, 1)    eval_translate_TCON_27(v_38) -> Com_2(eval_id3_field_addstring_start(v_38), eval_translate_TCON_28(nondef.12))
		(?, 1)    eval_translate_TCON_bb9_in(v_38) -> Com_1(eval_translate_TCON_27(v_38))
		(?, 1)    eval_translate_TCON_.critedge_in(v_38) -> Com_1(eval_translate_TCON_bb9_in(v_38))
		(?, 1)    eval_translate_TCON_bb5_in(v_38) -> Com_1(eval_translate_TCON_.critedge_in(v_38))
		(?, 1)    eval_translate_TCON_bb5_in(v_38) -> Com_1(eval_translate_TCON_bb5_in(v_38))
		(?, 1)    eval_translate_TCON_bb3_in(v_38) -> Com_1(eval_translate_TCON_bb5_in(v_38))
		(9, 1)    eval_translate_TCON_bb3_in(v_38) -> Com_1(eval_translate_TCON_bb10_in(v_38))
		(1, 1)    eval_translate_TCON_14(v_38) -> Com_1(eval_translate_TCON_bb3_in(v_38))
		(1, 1)    eval_translate_TCON_14(v_38) -> Com_1(eval_translate_TCON_bb12_in(v_38))
		(1, 1)    eval_translate_TCON_13(v_38) -> Com_2(eval_id3_parse_string_start(v_38), eval_translate_TCON_14(v_38))
		(1, 1)    eval_translate_TCON_8(v_38) -> Com_1(eval_translate_TCON_13(v_38))
		(1, 1)    eval_translate_TCON_8(v_38) -> Com_1(eval_translate_TCON_bb12_in(v_38))
		(1, 1)    eval_translate_TCON_7(v_38) -> Com_2(eval_id3_field_parse_start(v_38), eval_translate_TCON_8(v_38))
		(1, 1)    eval_translate_TCON_bb0_in(v_38) -> Com_1(eval_translate_TCON_35(v_38))
		(1, 1)    eval_translate_TCON_bb0_in(v_38) -> Com_1(eval_translate_TCON_7(v_38))
		(1, 1)    eval_translate_TCON_start(v_38) -> Com_1(eval_translate_TCON_bb0_in(v_38))
	start location:	eval_translate_TCON_start
	leaf cost:	0

By chaining the transition eval_translate_TCON_34(v_38) -> Com_1(eval_translate_TCON_bb15_in(v_38)) with all transitions in problem 4, the following new transition is obtained:
	eval_translate_TCON_34(v_38) -> Com_1(eval_translate_TCON_stop(v_38))
We thus obtain the following problem:
5:	T:
		(9, 2)    eval_translate_TCON_34(v_38) -> Com_1(eval_translate_TCON_stop(v_38))
		(1, 1)    eval_translate_TCON_36(v_38) -> Com_1(eval_translate_TCON_stop(v_38))
		(1, 1)    eval_translate_TCON_35(v_38) -> Com_2(eval___assert_fail_start(v_38), eval_translate_TCON_36(v_38))
		(9, 1)    eval_translate_TCON_bb15_in(v_38) -> Com_1(eval_translate_TCON_stop(v_38))
		(9, 1)    eval_translate_TCON_33(v_38) -> Com_2(eval_free_start(v_38), eval_translate_TCON_34(v_38))
		(9, 1)    eval_translate_TCON_bb13_in(v_38) -> Com_1(eval_translate_TCON_bb15_in(v_38))
		(9, 1)    eval_translate_TCON_bb13_in(v_38) -> Com_1(eval_translate_TCON_33(v_38))
		(9, 1)    eval_translate_TCON_bb12_in(v_38) -> Com_1(eval_translate_TCON_bb13_in(v_38))
		(9, 1)    eval_translate_TCON_32(v_38) -> Com_1(eval_translate_TCON_bb13_in(v_38))
		(9, 1)    eval_translate_TCON_32(v_38) -> Com_1(eval_translate_TCON_bb12_in(v_38))
		(9, 1)    eval_translate_TCON_31(v_38) -> Com_2(eval_id3_field_addstring_start(v_38), eval_translate_TCON_32(v_38))
		(9, 1)    eval_translate_TCON_bb10_in(v_38) -> Com_1(eval_translate_TCON_bb13_in(v_38))
		(9, 1)    eval_translate_TCON_bb10_in(v_38) -> Com_1(eval_translate_TCON_31(v_38))
		(?, 1)    eval_translate_TCON_28(v_38) -> Com_1(eval_translate_TCON_bb3_in(v_38)) [ v_38 > -1 ]
		(?, 1)    eval_translate_TCON_28(v_38) -> Com_1(eval_translate_TCON_bb3_in(v_38)) [ v_38 < -1 ]
		(9, 1)    eval_translate_TCON_28(v_38) -> Com_1(eval_translate_TCON_bb12_in(v_38)) [ v_38 = -1 ]
		(?, 1)    eval_translate_TCON_27(v_38) -> Com_2(eval_id3_field_addstring_start(v_38), eval_translate_TCON_28(nondef.12))
		(?, 1)    eval_translate_TCON_bb9_in(v_38) -> Com_1(eval_translate_TCON_27(v_38))
		(?, 1)    eval_translate_TCON_.critedge_in(v_38) -> Com_1(eval_translate_TCON_bb9_in(v_38))
		(?, 1)    eval_translate_TCON_bb5_in(v_38) -> Com_1(eval_translate_TCON_.critedge_in(v_38))
		(?, 1)    eval_translate_TCON_bb5_in(v_38) -> Com_1(eval_translate_TCON_bb5_in(v_38))
		(?, 1)    eval_translate_TCON_bb3_in(v_38) -> Com_1(eval_translate_TCON_bb5_in(v_38))
		(9, 1)    eval_translate_TCON_bb3_in(v_38) -> Com_1(eval_translate_TCON_bb10_in(v_38))
		(1, 1)    eval_translate_TCON_14(v_38) -> Com_1(eval_translate_TCON_bb3_in(v_38))
		(1, 1)    eval_translate_TCON_14(v_38) -> Com_1(eval_translate_TCON_bb12_in(v_38))
		(1, 1)    eval_translate_TCON_13(v_38) -> Com_2(eval_id3_parse_string_start(v_38), eval_translate_TCON_14(v_38))
		(1, 1)    eval_translate_TCON_8(v_38) -> Com_1(eval_translate_TCON_13(v_38))
		(1, 1)    eval_translate_TCON_8(v_38) -> Com_1(eval_translate_TCON_bb12_in(v_38))
		(1, 1)    eval_translate_TCON_7(v_38) -> Com_2(eval_id3_field_parse_start(v_38), eval_translate_TCON_8(v_38))
		(1, 1)    eval_translate_TCON_bb0_in(v_38) -> Com_1(eval_translate_TCON_35(v_38))
		(1, 1)    eval_translate_TCON_bb0_in(v_38) -> Com_1(eval_translate_TCON_7(v_38))
		(1, 1)    eval_translate_TCON_start(v_38) -> Com_1(eval_translate_TCON_bb0_in(v_38))
	start location:	eval_translate_TCON_start
	leaf cost:	0

By chaining the transition eval_translate_TCON_bb13_in(v_38) -> Com_1(eval_translate_TCON_bb15_in(v_38)) with all transitions in problem 5, the following new transition is obtained:
	eval_translate_TCON_bb13_in(v_38) -> Com_1(eval_translate_TCON_stop(v_38))
We thus obtain the following problem:
6:	T:
		(9, 2)    eval_translate_TCON_bb13_in(v_38) -> Com_1(eval_translate_TCON_stop(v_38))
		(9, 2)    eval_translate_TCON_34(v_38) -> Com_1(eval_translate_TCON_stop(v_38))
		(1, 1)    eval_translate_TCON_36(v_38) -> Com_1(eval_translate_TCON_stop(v_38))
		(1, 1)    eval_translate_TCON_35(v_38) -> Com_2(eval___assert_fail_start(v_38), eval_translate_TCON_36(v_38))
		(9, 1)    eval_translate_TCON_bb15_in(v_38) -> Com_1(eval_translate_TCON_stop(v_38))
		(9, 1)    eval_translate_TCON_33(v_38) -> Com_2(eval_free_start(v_38), eval_translate_TCON_34(v_38))
		(9, 1)    eval_translate_TCON_bb13_in(v_38) -> Com_1(eval_translate_TCON_33(v_38))
		(9, 1)    eval_translate_TCON_bb12_in(v_38) -> Com_1(eval_translate_TCON_bb13_in(v_38))
		(9, 1)    eval_translate_TCON_32(v_38) -> Com_1(eval_translate_TCON_bb13_in(v_38))
		(9, 1)    eval_translate_TCON_32(v_38) -> Com_1(eval_translate_TCON_bb12_in(v_38))
		(9, 1)    eval_translate_TCON_31(v_38) -> Com_2(eval_id3_field_addstring_start(v_38), eval_translate_TCON_32(v_38))
		(9, 1)    eval_translate_TCON_bb10_in(v_38) -> Com_1(eval_translate_TCON_bb13_in(v_38))
		(9, 1)    eval_translate_TCON_bb10_in(v_38) -> Com_1(eval_translate_TCON_31(v_38))
		(?, 1)    eval_translate_TCON_28(v_38) -> Com_1(eval_translate_TCON_bb3_in(v_38)) [ v_38 > -1 ]
		(?, 1)    eval_translate_TCON_28(v_38) -> Com_1(eval_translate_TCON_bb3_in(v_38)) [ v_38 < -1 ]
		(9, 1)    eval_translate_TCON_28(v_38) -> Com_1(eval_translate_TCON_bb12_in(v_38)) [ v_38 = -1 ]
		(?, 1)    eval_translate_TCON_27(v_38) -> Com_2(eval_id3_field_addstring_start(v_38), eval_translate_TCON_28(nondef.12))
		(?, 1)    eval_translate_TCON_bb9_in(v_38) -> Com_1(eval_translate_TCON_27(v_38))
		(?, 1)    eval_translate_TCON_.critedge_in(v_38) -> Com_1(eval_translate_TCON_bb9_in(v_38))
		(?, 1)    eval_translate_TCON_bb5_in(v_38) -> Com_1(eval_translate_TCON_.critedge_in(v_38))
		(?, 1)    eval_translate_TCON_bb5_in(v_38) -> Com_1(eval_translate_TCON_bb5_in(v_38))
		(?, 1)    eval_translate_TCON_bb3_in(v_38) -> Com_1(eval_translate_TCON_bb5_in(v_38))
		(9, 1)    eval_translate_TCON_bb3_in(v_38) -> Com_1(eval_translate_TCON_bb10_in(v_38))
		(1, 1)    eval_translate_TCON_14(v_38) -> Com_1(eval_translate_TCON_bb3_in(v_38))
		(1, 1)    eval_translate_TCON_14(v_38) -> Com_1(eval_translate_TCON_bb12_in(v_38))
		(1, 1)    eval_translate_TCON_13(v_38) -> Com_2(eval_id3_parse_string_start(v_38), eval_translate_TCON_14(v_38))
		(1, 1)    eval_translate_TCON_8(v_38) -> Com_1(eval_translate_TCON_13(v_38))
		(1, 1)    eval_translate_TCON_8(v_38) -> Com_1(eval_translate_TCON_bb12_in(v_38))
		(1, 1)    eval_translate_TCON_7(v_38) -> Com_2(eval_id3_field_parse_start(v_38), eval_translate_TCON_8(v_38))
		(1, 1)    eval_translate_TCON_bb0_in(v_38) -> Com_1(eval_translate_TCON_35(v_38))
		(1, 1)    eval_translate_TCON_bb0_in(v_38) -> Com_1(eval_translate_TCON_7(v_38))
		(1, 1)    eval_translate_TCON_start(v_38) -> Com_1(eval_translate_TCON_bb0_in(v_38))
	start location:	eval_translate_TCON_start
	leaf cost:	0

Testing for reachability in the complexity graph removes the following transition from problem 6:
	eval_translate_TCON_bb15_in(v_38) -> Com_1(eval_translate_TCON_stop(v_38))
We thus obtain the following problem:
7:	T:
		(9, 1)    eval_translate_TCON_28(v_38) -> Com_1(eval_translate_TCON_bb12_in(v_38)) [ v_38 = -1 ]
		(?, 1)    eval_translate_TCON_28(v_38) -> Com_1(eval_translate_TCON_bb3_in(v_38)) [ v_38 < -1 ]
		(?, 1)    eval_translate_TCON_28(v_38) -> Com_1(eval_translate_TCON_bb3_in(v_38)) [ v_38 > -1 ]
		(?, 1)    eval_translate_TCON_27(v_38) -> Com_2(eval_id3_field_addstring_start(v_38), eval_translate_TCON_28(nondef.12))
		(?, 1)    eval_translate_TCON_bb9_in(v_38) -> Com_1(eval_translate_TCON_27(v_38))
		(9, 1)    eval_translate_TCON_32(v_38) -> Com_1(eval_translate_TCON_bb12_in(v_38))
		(9, 1)    eval_translate_TCON_32(v_38) -> Com_1(eval_translate_TCON_bb13_in(v_38))
		(?, 1)    eval_translate_TCON_.critedge_in(v_38) -> Com_1(eval_translate_TCON_bb9_in(v_38))
		(9, 1)    eval_translate_TCON_31(v_38) -> Com_2(eval_id3_field_addstring_start(v_38), eval_translate_TCON_32(v_38))
		(9, 1)    eval_translate_TCON_bb10_in(v_38) -> Com_1(eval_translate_TCON_31(v_38))
		(9, 1)    eval_translate_TCON_bb10_in(v_38) -> Com_1(eval_translate_TCON_bb13_in(v_38))
		(?, 1)    eval_translate_TCON_bb5_in(v_38) -> Com_1(eval_translate_TCON_bb5_in(v_38))
		(?, 1)    eval_translate_TCON_bb5_in(v_38) -> Com_1(eval_translate_TCON_.critedge_in(v_38))
		(9, 2)    eval_translate_TCON_34(v_38) -> Com_1(eval_translate_TCON_stop(v_38))
		(9, 1)    eval_translate_TCON_bb3_in(v_38) -> Com_1(eval_translate_TCON_bb10_in(v_38))
		(?, 1)    eval_translate_TCON_bb3_in(v_38) -> Com_1(eval_translate_TCON_bb5_in(v_38))
		(9, 1)    eval_translate_TCON_33(v_38) -> Com_2(eval_free_start(v_38), eval_translate_TCON_34(v_38))
		(1, 1)    eval_translate_TCON_14(v_38) -> Com_1(eval_translate_TCON_bb12_in(v_38))
		(1, 1)    eval_translate_TCON_14(v_38) -> Com_1(eval_translate_TCON_bb3_in(v_38))
		(9, 2)    eval_translate_TCON_bb13_in(v_38) -> Com_1(eval_translate_TCON_stop(v_38))
		(9, 1)    eval_translate_TCON_bb13_in(v_38) -> Com_1(eval_translate_TCON_33(v_38))
		(9, 1)    eval_translate_TCON_bb12_in(v_38) -> Com_1(eval_translate_TCON_bb13_in(v_38))
		(1, 1)    eval_translate_TCON_13(v_38) -> Com_2(eval_id3_parse_string_start(v_38), eval_translate_TCON_14(v_38))
		(1, 1)    eval_translate_TCON_8(v_38) -> Com_1(eval_translate_TCON_bb12_in(v_38))
		(1, 1)    eval_translate_TCON_8(v_38) -> Com_1(eval_translate_TCON_13(v_38))
		(1, 1)    eval_translate_TCON_36(v_38) -> Com_1(eval_translate_TCON_stop(v_38))
		(1, 1)    eval_translate_TCON_7(v_38) -> Com_2(eval_id3_field_parse_start(v_38), eval_translate_TCON_8(v_38))
		(1, 1)    eval_translate_TCON_35(v_38) -> Com_2(eval___assert_fail_start(v_38), eval_translate_TCON_36(v_38))
		(1, 1)    eval_translate_TCON_bb0_in(v_38) -> Com_1(eval_translate_TCON_7(v_38))
		(1, 1)    eval_translate_TCON_bb0_in(v_38) -> Com_1(eval_translate_TCON_35(v_38))
		(1, 1)    eval_translate_TCON_start(v_38) -> Com_1(eval_translate_TCON_bb0_in(v_38))
	start location:	eval_translate_TCON_start
	leaf cost:	0

By chaining the transition eval_translate_TCON_28(v_38) -> Com_1(eval_translate_TCON_bb12_in(v_38)) [ v_38 = -1 ] with all transitions in problem 7, the following new transition is obtained:
	eval_translate_TCON_28(v_38) -> Com_1(eval_translate_TCON_bb13_in(v_38)) [ v_38 = -1 ]
We thus obtain the following problem:
8:	T:
		(9, 2)    eval_translate_TCON_28(v_38) -> Com_1(eval_translate_TCON_bb13_in(v_38)) [ v_38 = -1 ]
		(?, 1)    eval_translate_TCON_28(v_38) -> Com_1(eval_translate_TCON_bb3_in(v_38)) [ v_38 < -1 ]
		(?, 1)    eval_translate_TCON_28(v_38) -> Com_1(eval_translate_TCON_bb3_in(v_38)) [ v_38 > -1 ]
		(?, 1)    eval_translate_TCON_27(v_38) -> Com_2(eval_id3_field_addstring_start(v_38), eval_translate_TCON_28(nondef.12))
		(?, 1)    eval_translate_TCON_bb9_in(v_38) -> Com_1(eval_translate_TCON_27(v_38))
		(9, 1)    eval_translate_TCON_32(v_38) -> Com_1(eval_translate_TCON_bb12_in(v_38))
		(9, 1)    eval_translate_TCON_32(v_38) -> Com_1(eval_translate_TCON_bb13_in(v_38))
		(?, 1)    eval_translate_TCON_.critedge_in(v_38) -> Com_1(eval_translate_TCON_bb9_in(v_38))
		(9, 1)    eval_translate_TCON_31(v_38) -> Com_2(eval_id3_field_addstring_start(v_38), eval_translate_TCON_32(v_38))
		(9, 1)    eval_translate_TCON_bb10_in(v_38) -> Com_1(eval_translate_TCON_31(v_38))
		(9, 1)    eval_translate_TCON_bb10_in(v_38) -> Com_1(eval_translate_TCON_bb13_in(v_38))
		(?, 1)    eval_translate_TCON_bb5_in(v_38) -> Com_1(eval_translate_TCON_bb5_in(v_38))
		(?, 1)    eval_translate_TCON_bb5_in(v_38) -> Com_1(eval_translate_TCON_.critedge_in(v_38))
		(9, 2)    eval_translate_TCON_34(v_38) -> Com_1(eval_translate_TCON_stop(v_38))
		(9, 1)    eval_translate_TCON_bb3_in(v_38) -> Com_1(eval_translate_TCON_bb10_in(v_38))
		(?, 1)    eval_translate_TCON_bb3_in(v_38) -> Com_1(eval_translate_TCON_bb5_in(v_38))
		(9, 1)    eval_translate_TCON_33(v_38) -> Com_2(eval_free_start(v_38), eval_translate_TCON_34(v_38))
		(1, 1)    eval_translate_TCON_14(v_38) -> Com_1(eval_translate_TCON_bb12_in(v_38))
		(1, 1)    eval_translate_TCON_14(v_38) -> Com_1(eval_translate_TCON_bb3_in(v_38))
		(9, 2)    eval_translate_TCON_bb13_in(v_38) -> Com_1(eval_translate_TCON_stop(v_38))
		(9, 1)    eval_translate_TCON_bb13_in(v_38) -> Com_1(eval_translate_TCON_33(v_38))
		(9, 1)    eval_translate_TCON_bb12_in(v_38) -> Com_1(eval_translate_TCON_bb13_in(v_38))
		(1, 1)    eval_translate_TCON_13(v_38) -> Com_2(eval_id3_parse_string_start(v_38), eval_translate_TCON_14(v_38))
		(1, 1)    eval_translate_TCON_8(v_38) -> Com_1(eval_translate_TCON_bb12_in(v_38))
		(1, 1)    eval_translate_TCON_8(v_38) -> Com_1(eval_translate_TCON_13(v_38))
		(1, 1)    eval_translate_TCON_36(v_38) -> Com_1(eval_translate_TCON_stop(v_38))
		(1, 1)    eval_translate_TCON_7(v_38) -> Com_2(eval_id3_field_parse_start(v_38), eval_translate_TCON_8(v_38))
		(1, 1)    eval_translate_TCON_35(v_38) -> Com_2(eval___assert_fail_start(v_38), eval_translate_TCON_36(v_38))
		(1, 1)    eval_translate_TCON_bb0_in(v_38) -> Com_1(eval_translate_TCON_7(v_38))
		(1, 1)    eval_translate_TCON_bb0_in(v_38) -> Com_1(eval_translate_TCON_35(v_38))
		(1, 1)    eval_translate_TCON_start(v_38) -> Com_1(eval_translate_TCON_bb0_in(v_38))
	start location:	eval_translate_TCON_start
	leaf cost:	0

By chaining the transition eval_translate_TCON_bb9_in(v_38) -> Com_1(eval_translate_TCON_27(v_38)) with all transitions in problem 8, the following new transition is obtained:
	eval_translate_TCON_bb9_in(v_38) -> Com_2(eval_id3_field_addstring_start(v_38), eval_translate_TCON_28(nondef.12))
We thus obtain the following problem:
9:	T:
		(?, 2)    eval_translate_TCON_bb9_in(v_38) -> Com_2(eval_id3_field_addstring_start(v_38), eval_translate_TCON_28(nondef.12))
		(9, 2)    eval_translate_TCON_28(v_38) -> Com_1(eval_translate_TCON_bb13_in(v_38)) [ v_38 = -1 ]
		(?, 1)    eval_translate_TCON_28(v_38) -> Com_1(eval_translate_TCON_bb3_in(v_38)) [ v_38 < -1 ]
		(?, 1)    eval_translate_TCON_28(v_38) -> Com_1(eval_translate_TCON_bb3_in(v_38)) [ v_38 > -1 ]
		(?, 1)    eval_translate_TCON_27(v_38) -> Com_2(eval_id3_field_addstring_start(v_38), eval_translate_TCON_28(nondef.12))
		(9, 1)    eval_translate_TCON_32(v_38) -> Com_1(eval_translate_TCON_bb12_in(v_38))
		(9, 1)    eval_translate_TCON_32(v_38) -> Com_1(eval_translate_TCON_bb13_in(v_38))
		(?, 1)    eval_translate_TCON_.critedge_in(v_38) -> Com_1(eval_translate_TCON_bb9_in(v_38))
		(9, 1)    eval_translate_TCON_31(v_38) -> Com_2(eval_id3_field_addstring_start(v_38), eval_translate_TCON_32(v_38))
		(9, 1)    eval_translate_TCON_bb10_in(v_38) -> Com_1(eval_translate_TCON_31(v_38))
		(9, 1)    eval_translate_TCON_bb10_in(v_38) -> Com_1(eval_translate_TCON_bb13_in(v_38))
		(?, 1)    eval_translate_TCON_bb5_in(v_38) -> Com_1(eval_translate_TCON_bb5_in(v_38))
		(?, 1)    eval_translate_TCON_bb5_in(v_38) -> Com_1(eval_translate_TCON_.critedge_in(v_38))
		(9, 2)    eval_translate_TCON_34(v_38) -> Com_1(eval_translate_TCON_stop(v_38))
		(9, 1)    eval_translate_TCON_bb3_in(v_38) -> Com_1(eval_translate_TCON_bb10_in(v_38))
		(?, 1)    eval_translate_TCON_bb3_in(v_38) -> Com_1(eval_translate_TCON_bb5_in(v_38))
		(9, 1)    eval_translate_TCON_33(v_38) -> Com_2(eval_free_start(v_38), eval_translate_TCON_34(v_38))
		(1, 1)    eval_translate_TCON_14(v_38) -> Com_1(eval_translate_TCON_bb12_in(v_38))
		(1, 1)    eval_translate_TCON_14(v_38) -> Com_1(eval_translate_TCON_bb3_in(v_38))
		(9, 2)    eval_translate_TCON_bb13_in(v_38) -> Com_1(eval_translate_TCON_stop(v_38))
		(9, 1)    eval_translate_TCON_bb13_in(v_38) -> Com_1(eval_translate_TCON_33(v_38))
		(9, 1)    eval_translate_TCON_bb12_in(v_38) -> Com_1(eval_translate_TCON_bb13_in(v_38))
		(1, 1)    eval_translate_TCON_13(v_38) -> Com_2(eval_id3_parse_string_start(v_38), eval_translate_TCON_14(v_38))
		(1, 1)    eval_translate_TCON_8(v_38) -> Com_1(eval_translate_TCON_bb12_in(v_38))
		(1, 1)    eval_translate_TCON_8(v_38) -> Com_1(eval_translate_TCON_13(v_38))
		(1, 1)    eval_translate_TCON_36(v_38) -> Com_1(eval_translate_TCON_stop(v_38))
		(1, 1)    eval_translate_TCON_7(v_38) -> Com_2(eval_id3_field_parse_start(v_38), eval_translate_TCON_8(v_38))
		(1, 1)    eval_translate_TCON_35(v_38) -> Com_2(eval___assert_fail_start(v_38), eval_translate_TCON_36(v_38))
		(1, 1)    eval_translate_TCON_bb0_in(v_38) -> Com_1(eval_translate_TCON_7(v_38))
		(1, 1)    eval_translate_TCON_bb0_in(v_38) -> Com_1(eval_translate_TCON_35(v_38))
		(1, 1)    eval_translate_TCON_start(v_38) -> Com_1(eval_translate_TCON_bb0_in(v_38))
	start location:	eval_translate_TCON_start
	leaf cost:	0

Testing for reachability in the complexity graph removes the following transition from problem 9:
	eval_translate_TCON_27(v_38) -> Com_2(eval_id3_field_addstring_start(v_38), eval_translate_TCON_28(nondef.12))
We thus obtain the following problem:
10:	T:
		(9, 2)    eval_translate_TCON_28(v_38) -> Com_1(eval_translate_TCON_bb13_in(v_38)) [ v_38 = -1 ]
		(?, 1)    eval_translate_TCON_28(v_38) -> Com_1(eval_translate_TCON_bb3_in(v_38)) [ v_38 < -1 ]
		(?, 1)    eval_translate_TCON_28(v_38) -> Com_1(eval_translate_TCON_bb3_in(v_38)) [ v_38 > -1 ]
		(?, 2)    eval_translate_TCON_bb9_in(v_38) -> Com_2(eval_id3_field_addstring_start(v_38), eval_translate_TCON_28(nondef.12))
		(9, 1)    eval_translate_TCON_32(v_38) -> Com_1(eval_translate_TCON_bb12_in(v_38))
		(9, 1)    eval_translate_TCON_32(v_38) -> Com_1(eval_translate_TCON_bb13_in(v_38))
		(?, 1)    eval_translate_TCON_.critedge_in(v_38) -> Com_1(eval_translate_TCON_bb9_in(v_38))
		(9, 1)    eval_translate_TCON_31(v_38) -> Com_2(eval_id3_field_addstring_start(v_38), eval_translate_TCON_32(v_38))
		(9, 1)    eval_translate_TCON_bb10_in(v_38) -> Com_1(eval_translate_TCON_31(v_38))
		(9, 1)    eval_translate_TCON_bb10_in(v_38) -> Com_1(eval_translate_TCON_bb13_in(v_38))
		(?, 1)    eval_translate_TCON_bb5_in(v_38) -> Com_1(eval_translate_TCON_bb5_in(v_38))
		(?, 1)    eval_translate_TCON_bb5_in(v_38) -> Com_1(eval_translate_TCON_.critedge_in(v_38))
		(9, 2)    eval_translate_TCON_34(v_38) -> Com_1(eval_translate_TCON_stop(v_38))
		(9, 1)    eval_translate_TCON_bb3_in(v_38) -> Com_1(eval_translate_TCON_bb10_in(v_38))
		(?, 1)    eval_translate_TCON_bb3_in(v_38) -> Com_1(eval_translate_TCON_bb5_in(v_38))
		(9, 1)    eval_translate_TCON_33(v_38) -> Com_2(eval_free_start(v_38), eval_translate_TCON_34(v_38))
		(1, 1)    eval_translate_TCON_14(v_38) -> Com_1(eval_translate_TCON_bb12_in(v_38))
		(1, 1)    eval_translate_TCON_14(v_38) -> Com_1(eval_translate_TCON_bb3_in(v_38))
		(9, 2)    eval_translate_TCON_bb13_in(v_38) -> Com_1(eval_translate_TCON_stop(v_38))
		(9, 1)    eval_translate_TCON_bb13_in(v_38) -> Com_1(eval_translate_TCON_33(v_38))
		(9, 1)    eval_translate_TCON_bb12_in(v_38) -> Com_1(eval_translate_TCON_bb13_in(v_38))
		(1, 1)    eval_translate_TCON_13(v_38) -> Com_2(eval_id3_parse_string_start(v_38), eval_translate_TCON_14(v_38))
		(1, 1)    eval_translate_TCON_8(v_38) -> Com_1(eval_translate_TCON_bb12_in(v_38))
		(1, 1)    eval_translate_TCON_8(v_38) -> Com_1(eval_translate_TCON_13(v_38))
		(1, 1)    eval_translate_TCON_36(v_38) -> Com_1(eval_translate_TCON_stop(v_38))
		(1, 1)    eval_translate_TCON_7(v_38) -> Com_2(eval_id3_field_parse_start(v_38), eval_translate_TCON_8(v_38))
		(1, 1)    eval_translate_TCON_35(v_38) -> Com_2(eval___assert_fail_start(v_38), eval_translate_TCON_36(v_38))
		(1, 1)    eval_translate_TCON_bb0_in(v_38) -> Com_1(eval_translate_TCON_7(v_38))
		(1, 1)    eval_translate_TCON_bb0_in(v_38) -> Com_1(eval_translate_TCON_35(v_38))
		(1, 1)    eval_translate_TCON_start(v_38) -> Com_1(eval_translate_TCON_bb0_in(v_38))
	start location:	eval_translate_TCON_start
	leaf cost:	0

By chaining the transition eval_translate_TCON_32(v_38) -> Com_1(eval_translate_TCON_bb12_in(v_38)) with all transitions in problem 10, the following new transition is obtained:
	eval_translate_TCON_32(v_38) -> Com_1(eval_translate_TCON_bb13_in(v_38))
We thus obtain the following problem:
11:	T:
		(9, 2)    eval_translate_TCON_32(v_38) -> Com_1(eval_translate_TCON_bb13_in(v_38))
		(9, 2)    eval_translate_TCON_28(v_38) -> Com_1(eval_translate_TCON_bb13_in(v_38)) [ v_38 = -1 ]
		(?, 1)    eval_translate_TCON_28(v_38) -> Com_1(eval_translate_TCON_bb3_in(v_38)) [ v_38 < -1 ]
		(?, 1)    eval_translate_TCON_28(v_38) -> Com_1(eval_translate_TCON_bb3_in(v_38)) [ v_38 > -1 ]
		(?, 2)    eval_translate_TCON_bb9_in(v_38) -> Com_2(eval_id3_field_addstring_start(v_38), eval_translate_TCON_28(nondef.12))
		(9, 2)    eval_translate_TCON_32(v_38) -> Com_1(eval_translate_TCON_bb13_in(v_38))
		(?, 1)    eval_translate_TCON_.critedge_in(v_38) -> Com_1(eval_translate_TCON_bb9_in(v_38))
		(9, 1)    eval_translate_TCON_31(v_38) -> Com_2(eval_id3_field_addstring_start(v_38), eval_translate_TCON_32(v_38))
		(9, 1)    eval_translate_TCON_bb10_in(v_38) -> Com_1(eval_translate_TCON_31(v_38))
		(9, 1)    eval_translate_TCON_bb10_in(v_38) -> Com_1(eval_translate_TCON_bb13_in(v_38))
		(?, 1)    eval_translate_TCON_bb5_in(v_38) -> Com_1(eval_translate_TCON_bb5_in(v_38))
		(?, 1)    eval_translate_TCON_bb5_in(v_38) -> Com_1(eval_translate_TCON_.critedge_in(v_38))
		(9, 2)    eval_translate_TCON_34(v_38) -> Com_1(eval_translate_TCON_stop(v_38))
		(9, 1)    eval_translate_TCON_bb3_in(v_38) -> Com_1(eval_translate_TCON_bb10_in(v_38))
		(?, 1)    eval_translate_TCON_bb3_in(v_38) -> Com_1(eval_translate_TCON_bb5_in(v_38))
		(9, 1)    eval_translate_TCON_33(v_38) -> Com_2(eval_free_start(v_38), eval_translate_TCON_34(v_38))
		(1, 1)    eval_translate_TCON_14(v_38) -> Com_1(eval_translate_TCON_bb12_in(v_38))
		(1, 1)    eval_translate_TCON_14(v_38) -> Com_1(eval_translate_TCON_bb3_in(v_38))
		(9, 2)    eval_translate_TCON_bb13_in(v_38) -> Com_1(eval_translate_TCON_stop(v_38))
		(9, 1)    eval_translate_TCON_bb13_in(v_38) -> Com_1(eval_translate_TCON_33(v_38))
		(9, 1)    eval_translate_TCON_bb12_in(v_38) -> Com_1(eval_translate_TCON_bb13_in(v_38))
		(1, 1)    eval_translate_TCON_13(v_38) -> Com_2(eval_id3_parse_string_start(v_38), eval_translate_TCON_14(v_38))
		(1, 1)    eval_translate_TCON_8(v_38) -> Com_1(eval_translate_TCON_bb12_in(v_38))
		(1, 1)    eval_translate_TCON_8(v_38) -> Com_1(eval_translate_TCON_13(v_38))
		(1, 1)    eval_translate_TCON_36(v_38) -> Com_1(eval_translate_TCON_stop(v_38))
		(1, 1)    eval_translate_TCON_7(v_38) -> Com_2(eval_id3_field_parse_start(v_38), eval_translate_TCON_8(v_38))
		(1, 1)    eval_translate_TCON_35(v_38) -> Com_2(eval___assert_fail_start(v_38), eval_translate_TCON_36(v_38))
		(1, 1)    eval_translate_TCON_bb0_in(v_38) -> Com_1(eval_translate_TCON_7(v_38))
		(1, 1)    eval_translate_TCON_bb0_in(v_38) -> Com_1(eval_translate_TCON_35(v_38))
		(1, 1)    eval_translate_TCON_start(v_38) -> Com_1(eval_translate_TCON_bb0_in(v_38))
	start location:	eval_translate_TCON_start
	leaf cost:	0

By chaining the transition eval_translate_TCON_.critedge_in(v_38) -> Com_1(eval_translate_TCON_bb9_in(v_38)) with all transitions in problem 11, the following new transition is obtained:
	eval_translate_TCON_.critedge_in(v_38) -> Com_2(eval_id3_field_addstring_start(v_38), eval_translate_TCON_28(nondef.12))
We thus obtain the following problem:
12:	T:
		(?, 3)    eval_translate_TCON_.critedge_in(v_38) -> Com_2(eval_id3_field_addstring_start(v_38), eval_translate_TCON_28(nondef.12))
		(9, 2)    eval_translate_TCON_32(v_38) -> Com_1(eval_translate_TCON_bb13_in(v_38))
		(9, 2)    eval_translate_TCON_28(v_38) -> Com_1(eval_translate_TCON_bb13_in(v_38)) [ v_38 = -1 ]
		(?, 1)    eval_translate_TCON_28(v_38) -> Com_1(eval_translate_TCON_bb3_in(v_38)) [ v_38 < -1 ]
		(?, 1)    eval_translate_TCON_28(v_38) -> Com_1(eval_translate_TCON_bb3_in(v_38)) [ v_38 > -1 ]
		(?, 2)    eval_translate_TCON_bb9_in(v_38) -> Com_2(eval_id3_field_addstring_start(v_38), eval_translate_TCON_28(nondef.12))
		(9, 2)    eval_translate_TCON_32(v_38) -> Com_1(eval_translate_TCON_bb13_in(v_38))
		(9, 1)    eval_translate_TCON_31(v_38) -> Com_2(eval_id3_field_addstring_start(v_38), eval_translate_TCON_32(v_38))
		(9, 1)    eval_translate_TCON_bb10_in(v_38) -> Com_1(eval_translate_TCON_31(v_38))
		(9, 1)    eval_translate_TCON_bb10_in(v_38) -> Com_1(eval_translate_TCON_bb13_in(v_38))
		(?, 1)    eval_translate_TCON_bb5_in(v_38) -> Com_1(eval_translate_TCON_bb5_in(v_38))
		(?, 1)    eval_translate_TCON_bb5_in(v_38) -> Com_1(eval_translate_TCON_.critedge_in(v_38))
		(9, 2)    eval_translate_TCON_34(v_38) -> Com_1(eval_translate_TCON_stop(v_38))
		(9, 1)    eval_translate_TCON_bb3_in(v_38) -> Com_1(eval_translate_TCON_bb10_in(v_38))
		(?, 1)    eval_translate_TCON_bb3_in(v_38) -> Com_1(eval_translate_TCON_bb5_in(v_38))
		(9, 1)    eval_translate_TCON_33(v_38) -> Com_2(eval_free_start(v_38), eval_translate_TCON_34(v_38))
		(1, 1)    eval_translate_TCON_14(v_38) -> Com_1(eval_translate_TCON_bb12_in(v_38))
		(1, 1)    eval_translate_TCON_14(v_38) -> Com_1(eval_translate_TCON_bb3_in(v_38))
		(9, 2)    eval_translate_TCON_bb13_in(v_38) -> Com_1(eval_translate_TCON_stop(v_38))
		(9, 1)    eval_translate_TCON_bb13_in(v_38) -> Com_1(eval_translate_TCON_33(v_38))
		(9, 1)    eval_translate_TCON_bb12_in(v_38) -> Com_1(eval_translate_TCON_bb13_in(v_38))
		(1, 1)    eval_translate_TCON_13(v_38) -> Com_2(eval_id3_parse_string_start(v_38), eval_translate_TCON_14(v_38))
		(1, 1)    eval_translate_TCON_8(v_38) -> Com_1(eval_translate_TCON_bb12_in(v_38))
		(1, 1)    eval_translate_TCON_8(v_38) -> Com_1(eval_translate_TCON_13(v_38))
		(1, 1)    eval_translate_TCON_36(v_38) -> Com_1(eval_translate_TCON_stop(v_38))
		(1, 1)    eval_translate_TCON_7(v_38) -> Com_2(eval_id3_field_parse_start(v_38), eval_translate_TCON_8(v_38))
		(1, 1)    eval_translate_TCON_35(v_38) -> Com_2(eval___assert_fail_start(v_38), eval_translate_TCON_36(v_38))
		(1, 1)    eval_translate_TCON_bb0_in(v_38) -> Com_1(eval_translate_TCON_7(v_38))
		(1, 1)    eval_translate_TCON_bb0_in(v_38) -> Com_1(eval_translate_TCON_35(v_38))
		(1, 1)    eval_translate_TCON_start(v_38) -> Com_1(eval_translate_TCON_bb0_in(v_38))
	start location:	eval_translate_TCON_start
	leaf cost:	0

Testing for reachability in the complexity graph removes the following transition from problem 12:
	eval_translate_TCON_bb9_in(v_38) -> Com_2(eval_id3_field_addstring_start(v_38), eval_translate_TCON_28(nondef.12))
We thus obtain the following problem:
13:	T:
		(9, 2)    eval_translate_TCON_28(v_38) -> Com_1(eval_translate_TCON_bb13_in(v_38)) [ v_38 = -1 ]
		(?, 1)    eval_translate_TCON_28(v_38) -> Com_1(eval_translate_TCON_bb3_in(v_38)) [ v_38 < -1 ]
		(?, 1)    eval_translate_TCON_28(v_38) -> Com_1(eval_translate_TCON_bb3_in(v_38)) [ v_38 > -1 ]
		(9, 2)    eval_translate_TCON_32(v_38) -> Com_1(eval_translate_TCON_bb13_in(v_38))
		(9, 2)    eval_translate_TCON_32(v_38) -> Com_1(eval_translate_TCON_bb13_in(v_38))
		(?, 3)    eval_translate_TCON_.critedge_in(v_38) -> Com_2(eval_id3_field_addstring_start(v_38), eval_translate_TCON_28(nondef.12))
		(9, 1)    eval_translate_TCON_31(v_38) -> Com_2(eval_id3_field_addstring_start(v_38), eval_translate_TCON_32(v_38))
		(9, 1)    eval_translate_TCON_bb10_in(v_38) -> Com_1(eval_translate_TCON_31(v_38))
		(9, 1)    eval_translate_TCON_bb10_in(v_38) -> Com_1(eval_translate_TCON_bb13_in(v_38))
		(?, 1)    eval_translate_TCON_bb5_in(v_38) -> Com_1(eval_translate_TCON_bb5_in(v_38))
		(?, 1)    eval_translate_TCON_bb5_in(v_38) -> Com_1(eval_translate_TCON_.critedge_in(v_38))
		(9, 2)    eval_translate_TCON_34(v_38) -> Com_1(eval_translate_TCON_stop(v_38))
		(9, 1)    eval_translate_TCON_bb3_in(v_38) -> Com_1(eval_translate_TCON_bb10_in(v_38))
		(?, 1)    eval_translate_TCON_bb3_in(v_38) -> Com_1(eval_translate_TCON_bb5_in(v_38))
		(9, 1)    eval_translate_TCON_33(v_38) -> Com_2(eval_free_start(v_38), eval_translate_TCON_34(v_38))
		(1, 1)    eval_translate_TCON_14(v_38) -> Com_1(eval_translate_TCON_bb12_in(v_38))
		(1, 1)    eval_translate_TCON_14(v_38) -> Com_1(eval_translate_TCON_bb3_in(v_38))
		(9, 2)    eval_translate_TCON_bb13_in(v_38) -> Com_1(eval_translate_TCON_stop(v_38))
		(9, 1)    eval_translate_TCON_bb13_in(v_38) -> Com_1(eval_translate_TCON_33(v_38))
		(9, 1)    eval_translate_TCON_bb12_in(v_38) -> Com_1(eval_translate_TCON_bb13_in(v_38))
		(1, 1)    eval_translate_TCON_13(v_38) -> Com_2(eval_id3_parse_string_start(v_38), eval_translate_TCON_14(v_38))
		(1, 1)    eval_translate_TCON_8(v_38) -> Com_1(eval_translate_TCON_bb12_in(v_38))
		(1, 1)    eval_translate_TCON_8(v_38) -> Com_1(eval_translate_TCON_13(v_38))
		(1, 1)    eval_translate_TCON_36(v_38) -> Com_1(eval_translate_TCON_stop(v_38))
		(1, 1)    eval_translate_TCON_7(v_38) -> Com_2(eval_id3_field_parse_start(v_38), eval_translate_TCON_8(v_38))
		(1, 1)    eval_translate_TCON_35(v_38) -> Com_2(eval___assert_fail_start(v_38), eval_translate_TCON_36(v_38))
		(1, 1)    eval_translate_TCON_bb0_in(v_38) -> Com_1(eval_translate_TCON_7(v_38))
		(1, 1)    eval_translate_TCON_bb0_in(v_38) -> Com_1(eval_translate_TCON_35(v_38))
		(1, 1)    eval_translate_TCON_start(v_38) -> Com_1(eval_translate_TCON_bb0_in(v_38))
	start location:	eval_translate_TCON_start
	leaf cost:	0

By chaining the transition eval_translate_TCON_bb10_in(v_38) -> Com_1(eval_translate_TCON_31(v_38)) with all transitions in problem 13, the following new transition is obtained:
	eval_translate_TCON_bb10_in(v_38) -> Com_2(eval_id3_field_addstring_start(v_38), eval_translate_TCON_32(v_38))
We thus obtain the following problem:
14:	T:
		(9, 2)    eval_translate_TCON_bb10_in(v_38) -> Com_2(eval_id3_field_addstring_start(v_38), eval_translate_TCON_32(v_38))
		(9, 2)    eval_translate_TCON_28(v_38) -> Com_1(eval_translate_TCON_bb13_in(v_38)) [ v_38 = -1 ]
		(?, 1)    eval_translate_TCON_28(v_38) -> Com_1(eval_translate_TCON_bb3_in(v_38)) [ v_38 < -1 ]
		(?, 1)    eval_translate_TCON_28(v_38) -> Com_1(eval_translate_TCON_bb3_in(v_38)) [ v_38 > -1 ]
		(9, 2)    eval_translate_TCON_32(v_38) -> Com_1(eval_translate_TCON_bb13_in(v_38))
		(9, 2)    eval_translate_TCON_32(v_38) -> Com_1(eval_translate_TCON_bb13_in(v_38))
		(?, 3)    eval_translate_TCON_.critedge_in(v_38) -> Com_2(eval_id3_field_addstring_start(v_38), eval_translate_TCON_28(nondef.12))
		(9, 1)    eval_translate_TCON_31(v_38) -> Com_2(eval_id3_field_addstring_start(v_38), eval_translate_TCON_32(v_38))
		(9, 1)    eval_translate_TCON_bb10_in(v_38) -> Com_1(eval_translate_TCON_bb13_in(v_38))
		(?, 1)    eval_translate_TCON_bb5_in(v_38) -> Com_1(eval_translate_TCON_bb5_in(v_38))
		(?, 1)    eval_translate_TCON_bb5_in(v_38) -> Com_1(eval_translate_TCON_.critedge_in(v_38))
		(9, 2)    eval_translate_TCON_34(v_38) -> Com_1(eval_translate_TCON_stop(v_38))
		(9, 1)    eval_translate_TCON_bb3_in(v_38) -> Com_1(eval_translate_TCON_bb10_in(v_38))
		(?, 1)    eval_translate_TCON_bb3_in(v_38) -> Com_1(eval_translate_TCON_bb5_in(v_38))
		(9, 1)    eval_translate_TCON_33(v_38) -> Com_2(eval_free_start(v_38), eval_translate_TCON_34(v_38))
		(1, 1)    eval_translate_TCON_14(v_38) -> Com_1(eval_translate_TCON_bb12_in(v_38))
		(1, 1)    eval_translate_TCON_14(v_38) -> Com_1(eval_translate_TCON_bb3_in(v_38))
		(9, 2)    eval_translate_TCON_bb13_in(v_38) -> Com_1(eval_translate_TCON_stop(v_38))
		(9, 1)    eval_translate_TCON_bb13_in(v_38) -> Com_1(eval_translate_TCON_33(v_38))
		(9, 1)    eval_translate_TCON_bb12_in(v_38) -> Com_1(eval_translate_TCON_bb13_in(v_38))
		(1, 1)    eval_translate_TCON_13(v_38) -> Com_2(eval_id3_parse_string_start(v_38), eval_translate_TCON_14(v_38))
		(1, 1)    eval_translate_TCON_8(v_38) -> Com_1(eval_translate_TCON_bb12_in(v_38))
		(1, 1)    eval_translate_TCON_8(v_38) -> Com_1(eval_translate_TCON_13(v_38))
		(1, 1)    eval_translate_TCON_36(v_38) -> Com_1(eval_translate_TCON_stop(v_38))
		(1, 1)    eval_translate_TCON_7(v_38) -> Com_2(eval_id3_field_parse_start(v_38), eval_translate_TCON_8(v_38))
		(1, 1)    eval_translate_TCON_35(v_38) -> Com_2(eval___assert_fail_start(v_38), eval_translate_TCON_36(v_38))
		(1, 1)    eval_translate_TCON_bb0_in(v_38) -> Com_1(eval_translate_TCON_7(v_38))
		(1, 1)    eval_translate_TCON_bb0_in(v_38) -> Com_1(eval_translate_TCON_35(v_38))
		(1, 1)    eval_translate_TCON_start(v_38) -> Com_1(eval_translate_TCON_bb0_in(v_38))
	start location:	eval_translate_TCON_start
	leaf cost:	0

Testing for reachability in the complexity graph removes the following transition from problem 14:
	eval_translate_TCON_31(v_38) -> Com_2(eval_id3_field_addstring_start(v_38), eval_translate_TCON_32(v_38))
We thus obtain the following problem:
15:	T:
		(9, 2)    eval_translate_TCON_28(v_38) -> Com_1(eval_translate_TCON_bb13_in(v_38)) [ v_38 = -1 ]
		(?, 1)    eval_translate_TCON_28(v_38) -> Com_1(eval_translate_TCON_bb3_in(v_38)) [ v_38 < -1 ]
		(?, 1)    eval_translate_TCON_28(v_38) -> Com_1(eval_translate_TCON_bb3_in(v_38)) [ v_38 > -1 ]
		(9, 2)    eval_translate_TCON_32(v_38) -> Com_1(eval_translate_TCON_bb13_in(v_38))
		(9, 2)    eval_translate_TCON_32(v_38) -> Com_1(eval_translate_TCON_bb13_in(v_38))
		(?, 3)    eval_translate_TCON_.critedge_in(v_38) -> Com_2(eval_id3_field_addstring_start(v_38), eval_translate_TCON_28(nondef.12))
		(9, 2)    eval_translate_TCON_bb10_in(v_38) -> Com_2(eval_id3_field_addstring_start(v_38), eval_translate_TCON_32(v_38))
		(9, 1)    eval_translate_TCON_bb10_in(v_38) -> Com_1(eval_translate_TCON_bb13_in(v_38))
		(?, 1)    eval_translate_TCON_bb5_in(v_38) -> Com_1(eval_translate_TCON_bb5_in(v_38))
		(?, 1)    eval_translate_TCON_bb5_in(v_38) -> Com_1(eval_translate_TCON_.critedge_in(v_38))
		(9, 2)    eval_translate_TCON_34(v_38) -> Com_1(eval_translate_TCON_stop(v_38))
		(9, 1)    eval_translate_TCON_bb3_in(v_38) -> Com_1(eval_translate_TCON_bb10_in(v_38))
		(?, 1)    eval_translate_TCON_bb3_in(v_38) -> Com_1(eval_translate_TCON_bb5_in(v_38))
		(9, 1)    eval_translate_TCON_33(v_38) -> Com_2(eval_free_start(v_38), eval_translate_TCON_34(v_38))
		(1, 1)    eval_translate_TCON_14(v_38) -> Com_1(eval_translate_TCON_bb12_in(v_38))
		(1, 1)    eval_translate_TCON_14(v_38) -> Com_1(eval_translate_TCON_bb3_in(v_38))
		(9, 2)    eval_translate_TCON_bb13_in(v_38) -> Com_1(eval_translate_TCON_stop(v_38))
		(9, 1)    eval_translate_TCON_bb13_in(v_38) -> Com_1(eval_translate_TCON_33(v_38))
		(9, 1)    eval_translate_TCON_bb12_in(v_38) -> Com_1(eval_translate_TCON_bb13_in(v_38))
		(1, 1)    eval_translate_TCON_13(v_38) -> Com_2(eval_id3_parse_string_start(v_38), eval_translate_TCON_14(v_38))
		(1, 1)    eval_translate_TCON_8(v_38) -> Com_1(eval_translate_TCON_bb12_in(v_38))
		(1, 1)    eval_translate_TCON_8(v_38) -> Com_1(eval_translate_TCON_13(v_38))
		(1, 1)    eval_translate_TCON_36(v_38) -> Com_1(eval_translate_TCON_stop(v_38))
		(1, 1)    eval_translate_TCON_7(v_38) -> Com_2(eval_id3_field_parse_start(v_38), eval_translate_TCON_8(v_38))
		(1, 1)    eval_translate_TCON_35(v_38) -> Com_2(eval___assert_fail_start(v_38), eval_translate_TCON_36(v_38))
		(1, 1)    eval_translate_TCON_bb0_in(v_38) -> Com_1(eval_translate_TCON_7(v_38))
		(1, 1)    eval_translate_TCON_bb0_in(v_38) -> Com_1(eval_translate_TCON_35(v_38))
		(1, 1)    eval_translate_TCON_start(v_38) -> Com_1(eval_translate_TCON_bb0_in(v_38))
	start location:	eval_translate_TCON_start
	leaf cost:	0

By chaining the transition eval_translate_TCON_bb5_in(v_38) -> Com_1(eval_translate_TCON_.critedge_in(v_38)) with all transitions in problem 15, the following new transition is obtained:
	eval_translate_TCON_bb5_in(v_38) -> Com_2(eval_id3_field_addstring_start(v_38), eval_translate_TCON_28(nondef.12))
We thus obtain the following problem:
16:	T:
		(?, 4)    eval_translate_TCON_bb5_in(v_38) -> Com_2(eval_id3_field_addstring_start(v_38), eval_translate_TCON_28(nondef.12))
		(9, 2)    eval_translate_TCON_28(v_38) -> Com_1(eval_translate_TCON_bb13_in(v_38)) [ v_38 = -1 ]
		(?, 1)    eval_translate_TCON_28(v_38) -> Com_1(eval_translate_TCON_bb3_in(v_38)) [ v_38 < -1 ]
		(?, 1)    eval_translate_TCON_28(v_38) -> Com_1(eval_translate_TCON_bb3_in(v_38)) [ v_38 > -1 ]
		(9, 2)    eval_translate_TCON_32(v_38) -> Com_1(eval_translate_TCON_bb13_in(v_38))
		(9, 2)    eval_translate_TCON_32(v_38) -> Com_1(eval_translate_TCON_bb13_in(v_38))
		(?, 3)    eval_translate_TCON_.critedge_in(v_38) -> Com_2(eval_id3_field_addstring_start(v_38), eval_translate_TCON_28(nondef.12))
		(9, 2)    eval_translate_TCON_bb10_in(v_38) -> Com_2(eval_id3_field_addstring_start(v_38), eval_translate_TCON_32(v_38))
		(9, 1)    eval_translate_TCON_bb10_in(v_38) -> Com_1(eval_translate_TCON_bb13_in(v_38))
		(?, 1)    eval_translate_TCON_bb5_in(v_38) -> Com_1(eval_translate_TCON_bb5_in(v_38))
		(9, 2)    eval_translate_TCON_34(v_38) -> Com_1(eval_translate_TCON_stop(v_38))
		(9, 1)    eval_translate_TCON_bb3_in(v_38) -> Com_1(eval_translate_TCON_bb10_in(v_38))
		(?, 1)    eval_translate_TCON_bb3_in(v_38) -> Com_1(eval_translate_TCON_bb5_in(v_38))
		(9, 1)    eval_translate_TCON_33(v_38) -> Com_2(eval_free_start(v_38), eval_translate_TCON_34(v_38))
		(1, 1)    eval_translate_TCON_14(v_38) -> Com_1(eval_translate_TCON_bb12_in(v_38))
		(1, 1)    eval_translate_TCON_14(v_38) -> Com_1(eval_translate_TCON_bb3_in(v_38))
		(9, 2)    eval_translate_TCON_bb13_in(v_38) -> Com_1(eval_translate_TCON_stop(v_38))
		(9, 1)    eval_translate_TCON_bb13_in(v_38) -> Com_1(eval_translate_TCON_33(v_38))
		(9, 1)    eval_translate_TCON_bb12_in(v_38) -> Com_1(eval_translate_TCON_bb13_in(v_38))
		(1, 1)    eval_translate_TCON_13(v_38) -> Com_2(eval_id3_parse_string_start(v_38), eval_translate_TCON_14(v_38))
		(1, 1)    eval_translate_TCON_8(v_38) -> Com_1(eval_translate_TCON_bb12_in(v_38))
		(1, 1)    eval_translate_TCON_8(v_38) -> Com_1(eval_translate_TCON_13(v_38))
		(1, 1)    eval_translate_TCON_36(v_38) -> Com_1(eval_translate_TCON_stop(v_38))
		(1, 1)    eval_translate_TCON_7(v_38) -> Com_2(eval_id3_field_parse_start(v_38), eval_translate_TCON_8(v_38))
		(1, 1)    eval_translate_TCON_35(v_38) -> Com_2(eval___assert_fail_start(v_38), eval_translate_TCON_36(v_38))
		(1, 1)    eval_translate_TCON_bb0_in(v_38) -> Com_1(eval_translate_TCON_7(v_38))
		(1, 1)    eval_translate_TCON_bb0_in(v_38) -> Com_1(eval_translate_TCON_35(v_38))
		(1, 1)    eval_translate_TCON_start(v_38) -> Com_1(eval_translate_TCON_bb0_in(v_38))
	start location:	eval_translate_TCON_start
	leaf cost:	0

Testing for reachability in the complexity graph removes the following transition from problem 16:
	eval_translate_TCON_.critedge_in(v_38) -> Com_2(eval_id3_field_addstring_start(v_38), eval_translate_TCON_28(nondef.12))
We thus obtain the following problem:
17:	T:
		(9, 2)    eval_translate_TCON_28(v_38) -> Com_1(eval_translate_TCON_bb13_in(v_38)) [ v_38 = -1 ]
		(?, 1)    eval_translate_TCON_28(v_38) -> Com_1(eval_translate_TCON_bb3_in(v_38)) [ v_38 < -1 ]
		(?, 1)    eval_translate_TCON_28(v_38) -> Com_1(eval_translate_TCON_bb3_in(v_38)) [ v_38 > -1 ]
		(9, 2)    eval_translate_TCON_32(v_38) -> Com_1(eval_translate_TCON_bb13_in(v_38))
		(9, 2)    eval_translate_TCON_32(v_38) -> Com_1(eval_translate_TCON_bb13_in(v_38))
		(9, 2)    eval_translate_TCON_bb10_in(v_38) -> Com_2(eval_id3_field_addstring_start(v_38), eval_translate_TCON_32(v_38))
		(9, 1)    eval_translate_TCON_bb10_in(v_38) -> Com_1(eval_translate_TCON_bb13_in(v_38))
		(?, 4)    eval_translate_TCON_bb5_in(v_38) -> Com_2(eval_id3_field_addstring_start(v_38), eval_translate_TCON_28(nondef.12))
		(?, 1)    eval_translate_TCON_bb5_in(v_38) -> Com_1(eval_translate_TCON_bb5_in(v_38))
		(9, 2)    eval_translate_TCON_34(v_38) -> Com_1(eval_translate_TCON_stop(v_38))
		(9, 1)    eval_translate_TCON_bb3_in(v_38) -> Com_1(eval_translate_TCON_bb10_in(v_38))
		(?, 1)    eval_translate_TCON_bb3_in(v_38) -> Com_1(eval_translate_TCON_bb5_in(v_38))
		(9, 1)    eval_translate_TCON_33(v_38) -> Com_2(eval_free_start(v_38), eval_translate_TCON_34(v_38))
		(1, 1)    eval_translate_TCON_14(v_38) -> Com_1(eval_translate_TCON_bb12_in(v_38))
		(1, 1)    eval_translate_TCON_14(v_38) -> Com_1(eval_translate_TCON_bb3_in(v_38))
		(9, 2)    eval_translate_TCON_bb13_in(v_38) -> Com_1(eval_translate_TCON_stop(v_38))
		(9, 1)    eval_translate_TCON_bb13_in(v_38) -> Com_1(eval_translate_TCON_33(v_38))
		(9, 1)    eval_translate_TCON_bb12_in(v_38) -> Com_1(eval_translate_TCON_bb13_in(v_38))
		(1, 1)    eval_translate_TCON_13(v_38) -> Com_2(eval_id3_parse_string_start(v_38), eval_translate_TCON_14(v_38))
		(1, 1)    eval_translate_TCON_8(v_38) -> Com_1(eval_translate_TCON_bb12_in(v_38))
		(1, 1)    eval_translate_TCON_8(v_38) -> Com_1(eval_translate_TCON_13(v_38))
		(1, 1)    eval_translate_TCON_36(v_38) -> Com_1(eval_translate_TCON_stop(v_38))
		(1, 1)    eval_translate_TCON_7(v_38) -> Com_2(eval_id3_field_parse_start(v_38), eval_translate_TCON_8(v_38))
		(1, 1)    eval_translate_TCON_35(v_38) -> Com_2(eval___assert_fail_start(v_38), eval_translate_TCON_36(v_38))
		(1, 1)    eval_translate_TCON_bb0_in(v_38) -> Com_1(eval_translate_TCON_7(v_38))
		(1, 1)    eval_translate_TCON_bb0_in(v_38) -> Com_1(eval_translate_TCON_35(v_38))
		(1, 1)    eval_translate_TCON_start(v_38) -> Com_1(eval_translate_TCON_bb0_in(v_38))
	start location:	eval_translate_TCON_start
	leaf cost:	0

By chaining the transition eval_translate_TCON_14(v_38) -> Com_1(eval_translate_TCON_bb12_in(v_38)) with all transitions in problem 17, the following new transition is obtained:
	eval_translate_TCON_14(v_38) -> Com_1(eval_translate_TCON_bb13_in(v_38))
We thus obtain the following problem:
18:	T:
		(1, 2)    eval_translate_TCON_14(v_38) -> Com_1(eval_translate_TCON_bb13_in(v_38))
		(9, 2)    eval_translate_TCON_28(v_38) -> Com_1(eval_translate_TCON_bb13_in(v_38)) [ v_38 = -1 ]
		(?, 1)    eval_translate_TCON_28(v_38) -> Com_1(eval_translate_TCON_bb3_in(v_38)) [ v_38 < -1 ]
		(?, 1)    eval_translate_TCON_28(v_38) -> Com_1(eval_translate_TCON_bb3_in(v_38)) [ v_38 > -1 ]
		(9, 2)    eval_translate_TCON_32(v_38) -> Com_1(eval_translate_TCON_bb13_in(v_38))
		(9, 2)    eval_translate_TCON_32(v_38) -> Com_1(eval_translate_TCON_bb13_in(v_38))
		(9, 2)    eval_translate_TCON_bb10_in(v_38) -> Com_2(eval_id3_field_addstring_start(v_38), eval_translate_TCON_32(v_38))
		(9, 1)    eval_translate_TCON_bb10_in(v_38) -> Com_1(eval_translate_TCON_bb13_in(v_38))
		(?, 4)    eval_translate_TCON_bb5_in(v_38) -> Com_2(eval_id3_field_addstring_start(v_38), eval_translate_TCON_28(nondef.12))
		(?, 1)    eval_translate_TCON_bb5_in(v_38) -> Com_1(eval_translate_TCON_bb5_in(v_38))
		(9, 2)    eval_translate_TCON_34(v_38) -> Com_1(eval_translate_TCON_stop(v_38))
		(9, 1)    eval_translate_TCON_bb3_in(v_38) -> Com_1(eval_translate_TCON_bb10_in(v_38))
		(?, 1)    eval_translate_TCON_bb3_in(v_38) -> Com_1(eval_translate_TCON_bb5_in(v_38))
		(9, 1)    eval_translate_TCON_33(v_38) -> Com_2(eval_free_start(v_38), eval_translate_TCON_34(v_38))
		(1, 1)    eval_translate_TCON_14(v_38) -> Com_1(eval_translate_TCON_bb3_in(v_38))
		(9, 2)    eval_translate_TCON_bb13_in(v_38) -> Com_1(eval_translate_TCON_stop(v_38))
		(9, 1)    eval_translate_TCON_bb13_in(v_38) -> Com_1(eval_translate_TCON_33(v_38))
		(9, 1)    eval_translate_TCON_bb12_in(v_38) -> Com_1(eval_translate_TCON_bb13_in(v_38))
		(1, 1)    eval_translate_TCON_13(v_38) -> Com_2(eval_id3_parse_string_start(v_38), eval_translate_TCON_14(v_38))
		(1, 1)    eval_translate_TCON_8(v_38) -> Com_1(eval_translate_TCON_bb12_in(v_38))
		(1, 1)    eval_translate_TCON_8(v_38) -> Com_1(eval_translate_TCON_13(v_38))
		(1, 1)    eval_translate_TCON_36(v_38) -> Com_1(eval_translate_TCON_stop(v_38))
		(1, 1)    eval_translate_TCON_7(v_38) -> Com_2(eval_id3_field_parse_start(v_38), eval_translate_TCON_8(v_38))
		(1, 1)    eval_translate_TCON_35(v_38) -> Com_2(eval___assert_fail_start(v_38), eval_translate_TCON_36(v_38))
		(1, 1)    eval_translate_TCON_bb0_in(v_38) -> Com_1(eval_translate_TCON_7(v_38))
		(1, 1)    eval_translate_TCON_bb0_in(v_38) -> Com_1(eval_translate_TCON_35(v_38))
		(1, 1)    eval_translate_TCON_start(v_38) -> Com_1(eval_translate_TCON_bb0_in(v_38))
	start location:	eval_translate_TCON_start
	leaf cost:	0

By chaining the transition eval_translate_TCON_bb13_in(v_38) -> Com_1(eval_translate_TCON_33(v_38)) with all transitions in problem 18, the following new transition is obtained:
	eval_translate_TCON_bb13_in(v_38) -> Com_2(eval_free_start(v_38), eval_translate_TCON_34(v_38))
We thus obtain the following problem:
19:	T:
		(9, 2)    eval_translate_TCON_bb13_in(v_38) -> Com_2(eval_free_start(v_38), eval_translate_TCON_34(v_38))
		(1, 2)    eval_translate_TCON_14(v_38) -> Com_1(eval_translate_TCON_bb13_in(v_38))
		(9, 2)    eval_translate_TCON_28(v_38) -> Com_1(eval_translate_TCON_bb13_in(v_38)) [ v_38 = -1 ]
		(?, 1)    eval_translate_TCON_28(v_38) -> Com_1(eval_translate_TCON_bb3_in(v_38)) [ v_38 < -1 ]
		(?, 1)    eval_translate_TCON_28(v_38) -> Com_1(eval_translate_TCON_bb3_in(v_38)) [ v_38 > -1 ]
		(9, 2)    eval_translate_TCON_32(v_38) -> Com_1(eval_translate_TCON_bb13_in(v_38))
		(9, 2)    eval_translate_TCON_32(v_38) -> Com_1(eval_translate_TCON_bb13_in(v_38))
		(9, 2)    eval_translate_TCON_bb10_in(v_38) -> Com_2(eval_id3_field_addstring_start(v_38), eval_translate_TCON_32(v_38))
		(9, 1)    eval_translate_TCON_bb10_in(v_38) -> Com_1(eval_translate_TCON_bb13_in(v_38))
		(?, 4)    eval_translate_TCON_bb5_in(v_38) -> Com_2(eval_id3_field_addstring_start(v_38), eval_translate_TCON_28(nondef.12))
		(?, 1)    eval_translate_TCON_bb5_in(v_38) -> Com_1(eval_translate_TCON_bb5_in(v_38))
		(9, 2)    eval_translate_TCON_34(v_38) -> Com_1(eval_translate_TCON_stop(v_38))
		(9, 1)    eval_translate_TCON_bb3_in(v_38) -> Com_1(eval_translate_TCON_bb10_in(v_38))
		(?, 1)    eval_translate_TCON_bb3_in(v_38) -> Com_1(eval_translate_TCON_bb5_in(v_38))
		(9, 1)    eval_translate_TCON_33(v_38) -> Com_2(eval_free_start(v_38), eval_translate_TCON_34(v_38))
		(1, 1)    eval_translate_TCON_14(v_38) -> Com_1(eval_translate_TCON_bb3_in(v_38))
		(9, 2)    eval_translate_TCON_bb13_in(v_38) -> Com_1(eval_translate_TCON_stop(v_38))
		(9, 1)    eval_translate_TCON_bb12_in(v_38) -> Com_1(eval_translate_TCON_bb13_in(v_38))
		(1, 1)    eval_translate_TCON_13(v_38) -> Com_2(eval_id3_parse_string_start(v_38), eval_translate_TCON_14(v_38))
		(1, 1)    eval_translate_TCON_8(v_38) -> Com_1(eval_translate_TCON_bb12_in(v_38))
		(1, 1)    eval_translate_TCON_8(v_38) -> Com_1(eval_translate_TCON_13(v_38))
		(1, 1)    eval_translate_TCON_36(v_38) -> Com_1(eval_translate_TCON_stop(v_38))
		(1, 1)    eval_translate_TCON_7(v_38) -> Com_2(eval_id3_field_parse_start(v_38), eval_translate_TCON_8(v_38))
		(1, 1)    eval_translate_TCON_35(v_38) -> Com_2(eval___assert_fail_start(v_38), eval_translate_TCON_36(v_38))
		(1, 1)    eval_translate_TCON_bb0_in(v_38) -> Com_1(eval_translate_TCON_7(v_38))
		(1, 1)    eval_translate_TCON_bb0_in(v_38) -> Com_1(eval_translate_TCON_35(v_38))
		(1, 1)    eval_translate_TCON_start(v_38) -> Com_1(eval_translate_TCON_bb0_in(v_38))
	start location:	eval_translate_TCON_start
	leaf cost:	0

Testing for reachability in the complexity graph removes the following transition from problem 19:
	eval_translate_TCON_33(v_38) -> Com_2(eval_free_start(v_38), eval_translate_TCON_34(v_38))
We thus obtain the following problem:
20:	T:
		(9, 2)    eval_translate_TCON_28(v_38) -> Com_1(eval_translate_TCON_bb13_in(v_38)) [ v_38 = -1 ]
		(?, 1)    eval_translate_TCON_28(v_38) -> Com_1(eval_translate_TCON_bb3_in(v_38)) [ v_38 < -1 ]
		(?, 1)    eval_translate_TCON_28(v_38) -> Com_1(eval_translate_TCON_bb3_in(v_38)) [ v_38 > -1 ]
		(9, 2)    eval_translate_TCON_32(v_38) -> Com_1(eval_translate_TCON_bb13_in(v_38))
		(9, 2)    eval_translate_TCON_32(v_38) -> Com_1(eval_translate_TCON_bb13_in(v_38))
		(9, 2)    eval_translate_TCON_bb10_in(v_38) -> Com_2(eval_id3_field_addstring_start(v_38), eval_translate_TCON_32(v_38))
		(9, 1)    eval_translate_TCON_bb10_in(v_38) -> Com_1(eval_translate_TCON_bb13_in(v_38))
		(?, 4)    eval_translate_TCON_bb5_in(v_38) -> Com_2(eval_id3_field_addstring_start(v_38), eval_translate_TCON_28(nondef.12))
		(?, 1)    eval_translate_TCON_bb5_in(v_38) -> Com_1(eval_translate_TCON_bb5_in(v_38))
		(9, 2)    eval_translate_TCON_34(v_38) -> Com_1(eval_translate_TCON_stop(v_38))
		(9, 1)    eval_translate_TCON_bb3_in(v_38) -> Com_1(eval_translate_TCON_bb10_in(v_38))
		(?, 1)    eval_translate_TCON_bb3_in(v_38) -> Com_1(eval_translate_TCON_bb5_in(v_38))
		(1, 2)    eval_translate_TCON_14(v_38) -> Com_1(eval_translate_TCON_bb13_in(v_38))
		(1, 1)    eval_translate_TCON_14(v_38) -> Com_1(eval_translate_TCON_bb3_in(v_38))
		(9, 2)    eval_translate_TCON_bb13_in(v_38) -> Com_2(eval_free_start(v_38), eval_translate_TCON_34(v_38))
		(9, 2)    eval_translate_TCON_bb13_in(v_38) -> Com_1(eval_translate_TCON_stop(v_38))
		(9, 1)    eval_translate_TCON_bb12_in(v_38) -> Com_1(eval_translate_TCON_bb13_in(v_38))
		(1, 1)    eval_translate_TCON_13(v_38) -> Com_2(eval_id3_parse_string_start(v_38), eval_translate_TCON_14(v_38))
		(1, 1)    eval_translate_TCON_8(v_38) -> Com_1(eval_translate_TCON_bb12_in(v_38))
		(1, 1)    eval_translate_TCON_8(v_38) -> Com_1(eval_translate_TCON_13(v_38))
		(1, 1)    eval_translate_TCON_36(v_38) -> Com_1(eval_translate_TCON_stop(v_38))
		(1, 1)    eval_translate_TCON_7(v_38) -> Com_2(eval_id3_field_parse_start(v_38), eval_translate_TCON_8(v_38))
		(1, 1)    eval_translate_TCON_35(v_38) -> Com_2(eval___assert_fail_start(v_38), eval_translate_TCON_36(v_38))
		(1, 1)    eval_translate_TCON_bb0_in(v_38) -> Com_1(eval_translate_TCON_7(v_38))
		(1, 1)    eval_translate_TCON_bb0_in(v_38) -> Com_1(eval_translate_TCON_35(v_38))
		(1, 1)    eval_translate_TCON_start(v_38) -> Com_1(eval_translate_TCON_bb0_in(v_38))
	start location:	eval_translate_TCON_start
	leaf cost:	0

By chaining the transition eval_translate_TCON_8(v_38) -> Com_1(eval_translate_TCON_bb12_in(v_38)) with all transitions in problem 20, the following new transition is obtained:
	eval_translate_TCON_8(v_38) -> Com_1(eval_translate_TCON_bb13_in(v_38))
We thus obtain the following problem:
21:	T:
		(1, 2)    eval_translate_TCON_8(v_38) -> Com_1(eval_translate_TCON_bb13_in(v_38))
		(9, 2)    eval_translate_TCON_28(v_38) -> Com_1(eval_translate_TCON_bb13_in(v_38)) [ v_38 = -1 ]
		(?, 1)    eval_translate_TCON_28(v_38) -> Com_1(eval_translate_TCON_bb3_in(v_38)) [ v_38 < -1 ]
		(?, 1)    eval_translate_TCON_28(v_38) -> Com_1(eval_translate_TCON_bb3_in(v_38)) [ v_38 > -1 ]
		(9, 2)    eval_translate_TCON_32(v_38) -> Com_1(eval_translate_TCON_bb13_in(v_38))
		(9, 2)    eval_translate_TCON_32(v_38) -> Com_1(eval_translate_TCON_bb13_in(v_38))
		(9, 2)    eval_translate_TCON_bb10_in(v_38) -> Com_2(eval_id3_field_addstring_start(v_38), eval_translate_TCON_32(v_38))
		(9, 1)    eval_translate_TCON_bb10_in(v_38) -> Com_1(eval_translate_TCON_bb13_in(v_38))
		(?, 4)    eval_translate_TCON_bb5_in(v_38) -> Com_2(eval_id3_field_addstring_start(v_38), eval_translate_TCON_28(nondef.12))
		(?, 1)    eval_translate_TCON_bb5_in(v_38) -> Com_1(eval_translate_TCON_bb5_in(v_38))
		(9, 2)    eval_translate_TCON_34(v_38) -> Com_1(eval_translate_TCON_stop(v_38))
		(9, 1)    eval_translate_TCON_bb3_in(v_38) -> Com_1(eval_translate_TCON_bb10_in(v_38))
		(?, 1)    eval_translate_TCON_bb3_in(v_38) -> Com_1(eval_translate_TCON_bb5_in(v_38))
		(1, 2)    eval_translate_TCON_14(v_38) -> Com_1(eval_translate_TCON_bb13_in(v_38))
		(1, 1)    eval_translate_TCON_14(v_38) -> Com_1(eval_translate_TCON_bb3_in(v_38))
		(9, 2)    eval_translate_TCON_bb13_in(v_38) -> Com_2(eval_free_start(v_38), eval_translate_TCON_34(v_38))
		(9, 2)    eval_translate_TCON_bb13_in(v_38) -> Com_1(eval_translate_TCON_stop(v_38))
		(9, 1)    eval_translate_TCON_bb12_in(v_38) -> Com_1(eval_translate_TCON_bb13_in(v_38))
		(1, 1)    eval_translate_TCON_13(v_38) -> Com_2(eval_id3_parse_string_start(v_38), eval_translate_TCON_14(v_38))
		(1, 1)    eval_translate_TCON_8(v_38) -> Com_1(eval_translate_TCON_13(v_38))
		(1, 1)    eval_translate_TCON_36(v_38) -> Com_1(eval_translate_TCON_stop(v_38))
		(1, 1)    eval_translate_TCON_7(v_38) -> Com_2(eval_id3_field_parse_start(v_38), eval_translate_TCON_8(v_38))
		(1, 1)    eval_translate_TCON_35(v_38) -> Com_2(eval___assert_fail_start(v_38), eval_translate_TCON_36(v_38))
		(1, 1)    eval_translate_TCON_bb0_in(v_38) -> Com_1(eval_translate_TCON_7(v_38))
		(1, 1)    eval_translate_TCON_bb0_in(v_38) -> Com_1(eval_translate_TCON_35(v_38))
		(1, 1)    eval_translate_TCON_start(v_38) -> Com_1(eval_translate_TCON_bb0_in(v_38))
	start location:	eval_translate_TCON_start
	leaf cost:	0

Testing for reachability in the complexity graph removes the following transition from problem 21:
	eval_translate_TCON_bb12_in(v_38) -> Com_1(eval_translate_TCON_bb13_in(v_38))
We thus obtain the following problem:
22:	T:
		(9, 2)    eval_translate_TCON_28(v_38) -> Com_1(eval_translate_TCON_bb13_in(v_38)) [ v_38 = -1 ]
		(?, 1)    eval_translate_TCON_28(v_38) -> Com_1(eval_translate_TCON_bb3_in(v_38)) [ v_38 < -1 ]
		(?, 1)    eval_translate_TCON_28(v_38) -> Com_1(eval_translate_TCON_bb3_in(v_38)) [ v_38 > -1 ]
		(9, 2)    eval_translate_TCON_32(v_38) -> Com_1(eval_translate_TCON_bb13_in(v_38))
		(9, 2)    eval_translate_TCON_32(v_38) -> Com_1(eval_translate_TCON_bb13_in(v_38))
		(9, 2)    eval_translate_TCON_bb10_in(v_38) -> Com_2(eval_id3_field_addstring_start(v_38), eval_translate_TCON_32(v_38))
		(9, 1)    eval_translate_TCON_bb10_in(v_38) -> Com_1(eval_translate_TCON_bb13_in(v_38))
		(?, 4)    eval_translate_TCON_bb5_in(v_38) -> Com_2(eval_id3_field_addstring_start(v_38), eval_translate_TCON_28(nondef.12))
		(?, 1)    eval_translate_TCON_bb5_in(v_38) -> Com_1(eval_translate_TCON_bb5_in(v_38))
		(9, 1)    eval_translate_TCON_bb3_in(v_38) -> Com_1(eval_translate_TCON_bb10_in(v_38))
		(?, 1)    eval_translate_TCON_bb3_in(v_38) -> Com_1(eval_translate_TCON_bb5_in(v_38))
		(9, 2)    eval_translate_TCON_34(v_38) -> Com_1(eval_translate_TCON_stop(v_38))
		(1, 2)    eval_translate_TCON_14(v_38) -> Com_1(eval_translate_TCON_bb13_in(v_38))
		(1, 1)    eval_translate_TCON_14(v_38) -> Com_1(eval_translate_TCON_bb3_in(v_38))
		(9, 2)    eval_translate_TCON_bb13_in(v_38) -> Com_2(eval_free_start(v_38), eval_translate_TCON_34(v_38))
		(9, 2)    eval_translate_TCON_bb13_in(v_38) -> Com_1(eval_translate_TCON_stop(v_38))
		(1, 1)    eval_translate_TCON_13(v_38) -> Com_2(eval_id3_parse_string_start(v_38), eval_translate_TCON_14(v_38))
		(1, 2)    eval_translate_TCON_8(v_38) -> Com_1(eval_translate_TCON_bb13_in(v_38))
		(1, 1)    eval_translate_TCON_8(v_38) -> Com_1(eval_translate_TCON_13(v_38))
		(1, 1)    eval_translate_TCON_36(v_38) -> Com_1(eval_translate_TCON_stop(v_38))
		(1, 1)    eval_translate_TCON_7(v_38) -> Com_2(eval_id3_field_parse_start(v_38), eval_translate_TCON_8(v_38))
		(1, 1)    eval_translate_TCON_35(v_38) -> Com_2(eval___assert_fail_start(v_38), eval_translate_TCON_36(v_38))
		(1, 1)    eval_translate_TCON_bb0_in(v_38) -> Com_1(eval_translate_TCON_7(v_38))
		(1, 1)    eval_translate_TCON_bb0_in(v_38) -> Com_1(eval_translate_TCON_35(v_38))
		(1, 1)    eval_translate_TCON_start(v_38) -> Com_1(eval_translate_TCON_bb0_in(v_38))
	start location:	eval_translate_TCON_start
	leaf cost:	0

By chaining the transition eval_translate_TCON_8(v_38) -> Com_1(eval_translate_TCON_13(v_38)) with all transitions in problem 22, the following new transition is obtained:
	eval_translate_TCON_8(v_38) -> Com_2(eval_id3_parse_string_start(v_38), eval_translate_TCON_14(v_38))
We thus obtain the following problem:
23:	T:
		(1, 2)    eval_translate_TCON_8(v_38) -> Com_2(eval_id3_parse_string_start(v_38), eval_translate_TCON_14(v_38))
		(9, 2)    eval_translate_TCON_28(v_38) -> Com_1(eval_translate_TCON_bb13_in(v_38)) [ v_38 = -1 ]
		(?, 1)    eval_translate_TCON_28(v_38) -> Com_1(eval_translate_TCON_bb3_in(v_38)) [ v_38 < -1 ]
		(?, 1)    eval_translate_TCON_28(v_38) -> Com_1(eval_translate_TCON_bb3_in(v_38)) [ v_38 > -1 ]
		(9, 2)    eval_translate_TCON_32(v_38) -> Com_1(eval_translate_TCON_bb13_in(v_38))
		(9, 2)    eval_translate_TCON_32(v_38) -> Com_1(eval_translate_TCON_bb13_in(v_38))
		(9, 2)    eval_translate_TCON_bb10_in(v_38) -> Com_2(eval_id3_field_addstring_start(v_38), eval_translate_TCON_32(v_38))
		(9, 1)    eval_translate_TCON_bb10_in(v_38) -> Com_1(eval_translate_TCON_bb13_in(v_38))
		(?, 4)    eval_translate_TCON_bb5_in(v_38) -> Com_2(eval_id3_field_addstring_start(v_38), eval_translate_TCON_28(nondef.12))
		(?, 1)    eval_translate_TCON_bb5_in(v_38) -> Com_1(eval_translate_TCON_bb5_in(v_38))
		(9, 1)    eval_translate_TCON_bb3_in(v_38) -> Com_1(eval_translate_TCON_bb10_in(v_38))
		(?, 1)    eval_translate_TCON_bb3_in(v_38) -> Com_1(eval_translate_TCON_bb5_in(v_38))
		(9, 2)    eval_translate_TCON_34(v_38) -> Com_1(eval_translate_TCON_stop(v_38))
		(1, 2)    eval_translate_TCON_14(v_38) -> Com_1(eval_translate_TCON_bb13_in(v_38))
		(1, 1)    eval_translate_TCON_14(v_38) -> Com_1(eval_translate_TCON_bb3_in(v_38))
		(9, 2)    eval_translate_TCON_bb13_in(v_38) -> Com_2(eval_free_start(v_38), eval_translate_TCON_34(v_38))
		(9, 2)    eval_translate_TCON_bb13_in(v_38) -> Com_1(eval_translate_TCON_stop(v_38))
		(1, 1)    eval_translate_TCON_13(v_38) -> Com_2(eval_id3_parse_string_start(v_38), eval_translate_TCON_14(v_38))
		(1, 2)    eval_translate_TCON_8(v_38) -> Com_1(eval_translate_TCON_bb13_in(v_38))
		(1, 1)    eval_translate_TCON_36(v_38) -> Com_1(eval_translate_TCON_stop(v_38))
		(1, 1)    eval_translate_TCON_7(v_38) -> Com_2(eval_id3_field_parse_start(v_38), eval_translate_TCON_8(v_38))
		(1, 1)    eval_translate_TCON_35(v_38) -> Com_2(eval___assert_fail_start(v_38), eval_translate_TCON_36(v_38))
		(1, 1)    eval_translate_TCON_bb0_in(v_38) -> Com_1(eval_translate_TCON_7(v_38))
		(1, 1)    eval_translate_TCON_bb0_in(v_38) -> Com_1(eval_translate_TCON_35(v_38))
		(1, 1)    eval_translate_TCON_start(v_38) -> Com_1(eval_translate_TCON_bb0_in(v_38))
	start location:	eval_translate_TCON_start
	leaf cost:	0

Testing for reachability in the complexity graph removes the following transition from problem 23:
	eval_translate_TCON_13(v_38) -> Com_2(eval_id3_parse_string_start(v_38), eval_translate_TCON_14(v_38))
We thus obtain the following problem:
24:	T:
		(9, 2)    eval_translate_TCON_28(v_38) -> Com_1(eval_translate_TCON_bb13_in(v_38)) [ v_38 = -1 ]
		(?, 1)    eval_translate_TCON_28(v_38) -> Com_1(eval_translate_TCON_bb3_in(v_38)) [ v_38 < -1 ]
		(?, 1)    eval_translate_TCON_28(v_38) -> Com_1(eval_translate_TCON_bb3_in(v_38)) [ v_38 > -1 ]
		(9, 2)    eval_translate_TCON_32(v_38) -> Com_1(eval_translate_TCON_bb13_in(v_38))
		(9, 2)    eval_translate_TCON_32(v_38) -> Com_1(eval_translate_TCON_bb13_in(v_38))
		(9, 2)    eval_translate_TCON_bb10_in(v_38) -> Com_2(eval_id3_field_addstring_start(v_38), eval_translate_TCON_32(v_38))
		(9, 1)    eval_translate_TCON_bb10_in(v_38) -> Com_1(eval_translate_TCON_bb13_in(v_38))
		(?, 4)    eval_translate_TCON_bb5_in(v_38) -> Com_2(eval_id3_field_addstring_start(v_38), eval_translate_TCON_28(nondef.12))
		(?, 1)    eval_translate_TCON_bb5_in(v_38) -> Com_1(eval_translate_TCON_bb5_in(v_38))
		(9, 2)    eval_translate_TCON_34(v_38) -> Com_1(eval_translate_TCON_stop(v_38))
		(9, 1)    eval_translate_TCON_bb3_in(v_38) -> Com_1(eval_translate_TCON_bb10_in(v_38))
		(?, 1)    eval_translate_TCON_bb3_in(v_38) -> Com_1(eval_translate_TCON_bb5_in(v_38))
		(1, 2)    eval_translate_TCON_14(v_38) -> Com_1(eval_translate_TCON_bb13_in(v_38))
		(1, 1)    eval_translate_TCON_14(v_38) -> Com_1(eval_translate_TCON_bb3_in(v_38))
		(9, 2)    eval_translate_TCON_bb13_in(v_38) -> Com_2(eval_free_start(v_38), eval_translate_TCON_34(v_38))
		(9, 2)    eval_translate_TCON_bb13_in(v_38) -> Com_1(eval_translate_TCON_stop(v_38))
		(1, 2)    eval_translate_TCON_8(v_38) -> Com_2(eval_id3_parse_string_start(v_38), eval_translate_TCON_14(v_38))
		(1, 2)    eval_translate_TCON_8(v_38) -> Com_1(eval_translate_TCON_bb13_in(v_38))
		(1, 1)    eval_translate_TCON_36(v_38) -> Com_1(eval_translate_TCON_stop(v_38))
		(1, 1)    eval_translate_TCON_7(v_38) -> Com_2(eval_id3_field_parse_start(v_38), eval_translate_TCON_8(v_38))
		(1, 1)    eval_translate_TCON_35(v_38) -> Com_2(eval___assert_fail_start(v_38), eval_translate_TCON_36(v_38))
		(1, 1)    eval_translate_TCON_bb0_in(v_38) -> Com_1(eval_translate_TCON_7(v_38))
		(1, 1)    eval_translate_TCON_bb0_in(v_38) -> Com_1(eval_translate_TCON_35(v_38))
		(1, 1)    eval_translate_TCON_start(v_38) -> Com_1(eval_translate_TCON_bb0_in(v_38))
	start location:	eval_translate_TCON_start
	leaf cost:	0

By chaining the transition eval_translate_TCON_bb0_in(v_38) -> Com_1(eval_translate_TCON_7(v_38)) with all transitions in problem 24, the following new transition is obtained:
	eval_translate_TCON_bb0_in(v_38) -> Com_2(eval_id3_field_parse_start(v_38), eval_translate_TCON_8(v_38))
We thus obtain the following problem:
25:	T:
		(1, 2)    eval_translate_TCON_bb0_in(v_38) -> Com_2(eval_id3_field_parse_start(v_38), eval_translate_TCON_8(v_38))
		(9, 2)    eval_translate_TCON_28(v_38) -> Com_1(eval_translate_TCON_bb13_in(v_38)) [ v_38 = -1 ]
		(?, 1)    eval_translate_TCON_28(v_38) -> Com_1(eval_translate_TCON_bb3_in(v_38)) [ v_38 < -1 ]
		(?, 1)    eval_translate_TCON_28(v_38) -> Com_1(eval_translate_TCON_bb3_in(v_38)) [ v_38 > -1 ]
		(9, 2)    eval_translate_TCON_32(v_38) -> Com_1(eval_translate_TCON_bb13_in(v_38))
		(9, 2)    eval_translate_TCON_32(v_38) -> Com_1(eval_translate_TCON_bb13_in(v_38))
		(9, 2)    eval_translate_TCON_bb10_in(v_38) -> Com_2(eval_id3_field_addstring_start(v_38), eval_translate_TCON_32(v_38))
		(9, 1)    eval_translate_TCON_bb10_in(v_38) -> Com_1(eval_translate_TCON_bb13_in(v_38))
		(?, 4)    eval_translate_TCON_bb5_in(v_38) -> Com_2(eval_id3_field_addstring_start(v_38), eval_translate_TCON_28(nondef.12))
		(?, 1)    eval_translate_TCON_bb5_in(v_38) -> Com_1(eval_translate_TCON_bb5_in(v_38))
		(9, 2)    eval_translate_TCON_34(v_38) -> Com_1(eval_translate_TCON_stop(v_38))
		(9, 1)    eval_translate_TCON_bb3_in(v_38) -> Com_1(eval_translate_TCON_bb10_in(v_38))
		(?, 1)    eval_translate_TCON_bb3_in(v_38) -> Com_1(eval_translate_TCON_bb5_in(v_38))
		(1, 2)    eval_translate_TCON_14(v_38) -> Com_1(eval_translate_TCON_bb13_in(v_38))
		(1, 1)    eval_translate_TCON_14(v_38) -> Com_1(eval_translate_TCON_bb3_in(v_38))
		(9, 2)    eval_translate_TCON_bb13_in(v_38) -> Com_2(eval_free_start(v_38), eval_translate_TCON_34(v_38))
		(9, 2)    eval_translate_TCON_bb13_in(v_38) -> Com_1(eval_translate_TCON_stop(v_38))
		(1, 2)    eval_translate_TCON_8(v_38) -> Com_2(eval_id3_parse_string_start(v_38), eval_translate_TCON_14(v_38))
		(1, 2)    eval_translate_TCON_8(v_38) -> Com_1(eval_translate_TCON_bb13_in(v_38))
		(1, 1)    eval_translate_TCON_36(v_38) -> Com_1(eval_translate_TCON_stop(v_38))
		(1, 1)    eval_translate_TCON_7(v_38) -> Com_2(eval_id3_field_parse_start(v_38), eval_translate_TCON_8(v_38))
		(1, 1)    eval_translate_TCON_35(v_38) -> Com_2(eval___assert_fail_start(v_38), eval_translate_TCON_36(v_38))
		(1, 1)    eval_translate_TCON_bb0_in(v_38) -> Com_1(eval_translate_TCON_35(v_38))
		(1, 1)    eval_translate_TCON_start(v_38) -> Com_1(eval_translate_TCON_bb0_in(v_38))
	start location:	eval_translate_TCON_start
	leaf cost:	0

Testing for reachability in the complexity graph removes the following transition from problem 25:
	eval_translate_TCON_7(v_38) -> Com_2(eval_id3_field_parse_start(v_38), eval_translate_TCON_8(v_38))
We thus obtain the following problem:
26:	T:
		(9, 2)    eval_translate_TCON_28(v_38) -> Com_1(eval_translate_TCON_bb13_in(v_38)) [ v_38 = -1 ]
		(?, 1)    eval_translate_TCON_28(v_38) -> Com_1(eval_translate_TCON_bb3_in(v_38)) [ v_38 < -1 ]
		(?, 1)    eval_translate_TCON_28(v_38) -> Com_1(eval_translate_TCON_bb3_in(v_38)) [ v_38 > -1 ]
		(9, 2)    eval_translate_TCON_32(v_38) -> Com_1(eval_translate_TCON_bb13_in(v_38))
		(9, 2)    eval_translate_TCON_32(v_38) -> Com_1(eval_translate_TCON_bb13_in(v_38))
		(9, 2)    eval_translate_TCON_bb10_in(v_38) -> Com_2(eval_id3_field_addstring_start(v_38), eval_translate_TCON_32(v_38))
		(9, 1)    eval_translate_TCON_bb10_in(v_38) -> Com_1(eval_translate_TCON_bb13_in(v_38))
		(?, 4)    eval_translate_TCON_bb5_in(v_38) -> Com_2(eval_id3_field_addstring_start(v_38), eval_translate_TCON_28(nondef.12))
		(?, 1)    eval_translate_TCON_bb5_in(v_38) -> Com_1(eval_translate_TCON_bb5_in(v_38))
		(9, 2)    eval_translate_TCON_34(v_38) -> Com_1(eval_translate_TCON_stop(v_38))
		(9, 1)    eval_translate_TCON_bb3_in(v_38) -> Com_1(eval_translate_TCON_bb10_in(v_38))
		(?, 1)    eval_translate_TCON_bb3_in(v_38) -> Com_1(eval_translate_TCON_bb5_in(v_38))
		(1, 2)    eval_translate_TCON_14(v_38) -> Com_1(eval_translate_TCON_bb13_in(v_38))
		(1, 1)    eval_translate_TCON_14(v_38) -> Com_1(eval_translate_TCON_bb3_in(v_38))
		(9, 2)    eval_translate_TCON_bb13_in(v_38) -> Com_2(eval_free_start(v_38), eval_translate_TCON_34(v_38))
		(9, 2)    eval_translate_TCON_bb13_in(v_38) -> Com_1(eval_translate_TCON_stop(v_38))
		(1, 1)    eval_translate_TCON_36(v_38) -> Com_1(eval_translate_TCON_stop(v_38))
		(1, 2)    eval_translate_TCON_8(v_38) -> Com_2(eval_id3_parse_string_start(v_38), eval_translate_TCON_14(v_38))
		(1, 2)    eval_translate_TCON_8(v_38) -> Com_1(eval_translate_TCON_bb13_in(v_38))
		(1, 1)    eval_translate_TCON_35(v_38) -> Com_2(eval___assert_fail_start(v_38), eval_translate_TCON_36(v_38))
		(1, 2)    eval_translate_TCON_bb0_in(v_38) -> Com_2(eval_id3_field_parse_start(v_38), eval_translate_TCON_8(v_38))
		(1, 1)    eval_translate_TCON_bb0_in(v_38) -> Com_1(eval_translate_TCON_35(v_38))
		(1, 1)    eval_translate_TCON_start(v_38) -> Com_1(eval_translate_TCON_bb0_in(v_38))
	start location:	eval_translate_TCON_start
	leaf cost:	0

By chaining the transition eval_translate_TCON_bb0_in(v_38) -> Com_1(eval_translate_TCON_35(v_38)) with all transitions in problem 26, the following new transition is obtained:
	eval_translate_TCON_bb0_in(v_38) -> Com_2(eval___assert_fail_start(v_38), eval_translate_TCON_36(v_38))
We thus obtain the following problem:
27:	T:
		(1, 2)    eval_translate_TCON_bb0_in(v_38) -> Com_2(eval___assert_fail_start(v_38), eval_translate_TCON_36(v_38))
		(9, 2)    eval_translate_TCON_28(v_38) -> Com_1(eval_translate_TCON_bb13_in(v_38)) [ v_38 = -1 ]
		(?, 1)    eval_translate_TCON_28(v_38) -> Com_1(eval_translate_TCON_bb3_in(v_38)) [ v_38 < -1 ]
		(?, 1)    eval_translate_TCON_28(v_38) -> Com_1(eval_translate_TCON_bb3_in(v_38)) [ v_38 > -1 ]
		(9, 2)    eval_translate_TCON_32(v_38) -> Com_1(eval_translate_TCON_bb13_in(v_38))
		(9, 2)    eval_translate_TCON_32(v_38) -> Com_1(eval_translate_TCON_bb13_in(v_38))
		(9, 2)    eval_translate_TCON_bb10_in(v_38) -> Com_2(eval_id3_field_addstring_start(v_38), eval_translate_TCON_32(v_38))
		(9, 1)    eval_translate_TCON_bb10_in(v_38) -> Com_1(eval_translate_TCON_bb13_in(v_38))
		(?, 4)    eval_translate_TCON_bb5_in(v_38) -> Com_2(eval_id3_field_addstring_start(v_38), eval_translate_TCON_28(nondef.12))
		(?, 1)    eval_translate_TCON_bb5_in(v_38) -> Com_1(eval_translate_TCON_bb5_in(v_38))
		(9, 2)    eval_translate_TCON_34(v_38) -> Com_1(eval_translate_TCON_stop(v_38))
		(9, 1)    eval_translate_TCON_bb3_in(v_38) -> Com_1(eval_translate_TCON_bb10_in(v_38))
		(?, 1)    eval_translate_TCON_bb3_in(v_38) -> Com_1(eval_translate_TCON_bb5_in(v_38))
		(1, 2)    eval_translate_TCON_14(v_38) -> Com_1(eval_translate_TCON_bb13_in(v_38))
		(1, 1)    eval_translate_TCON_14(v_38) -> Com_1(eval_translate_TCON_bb3_in(v_38))
		(9, 2)    eval_translate_TCON_bb13_in(v_38) -> Com_2(eval_free_start(v_38), eval_translate_TCON_34(v_38))
		(9, 2)    eval_translate_TCON_bb13_in(v_38) -> Com_1(eval_translate_TCON_stop(v_38))
		(1, 1)    eval_translate_TCON_36(v_38) -> Com_1(eval_translate_TCON_stop(v_38))
		(1, 2)    eval_translate_TCON_8(v_38) -> Com_2(eval_id3_parse_string_start(v_38), eval_translate_TCON_14(v_38))
		(1, 2)    eval_translate_TCON_8(v_38) -> Com_1(eval_translate_TCON_bb13_in(v_38))
		(1, 1)    eval_translate_TCON_35(v_38) -> Com_2(eval___assert_fail_start(v_38), eval_translate_TCON_36(v_38))
		(1, 2)    eval_translate_TCON_bb0_in(v_38) -> Com_2(eval_id3_field_parse_start(v_38), eval_translate_TCON_8(v_38))
		(1, 1)    eval_translate_TCON_start(v_38) -> Com_1(eval_translate_TCON_bb0_in(v_38))
	start location:	eval_translate_TCON_start
	leaf cost:	0

Testing for reachability in the complexity graph removes the following transition from problem 27:
	eval_translate_TCON_35(v_38) -> Com_2(eval___assert_fail_start(v_38), eval_translate_TCON_36(v_38))
We thus obtain the following problem:
28:	T:
		(9, 2)    eval_translate_TCON_28(v_38) -> Com_1(eval_translate_TCON_bb13_in(v_38)) [ v_38 = -1 ]
		(?, 1)    eval_translate_TCON_28(v_38) -> Com_1(eval_translate_TCON_bb3_in(v_38)) [ v_38 < -1 ]
		(?, 1)    eval_translate_TCON_28(v_38) -> Com_1(eval_translate_TCON_bb3_in(v_38)) [ v_38 > -1 ]
		(9, 2)    eval_translate_TCON_32(v_38) -> Com_1(eval_translate_TCON_bb13_in(v_38))
		(9, 2)    eval_translate_TCON_32(v_38) -> Com_1(eval_translate_TCON_bb13_in(v_38))
		(9, 2)    eval_translate_TCON_bb10_in(v_38) -> Com_2(eval_id3_field_addstring_start(v_38), eval_translate_TCON_32(v_38))
		(9, 1)    eval_translate_TCON_bb10_in(v_38) -> Com_1(eval_translate_TCON_bb13_in(v_38))
		(?, 4)    eval_translate_TCON_bb5_in(v_38) -> Com_2(eval_id3_field_addstring_start(v_38), eval_translate_TCON_28(nondef.12))
		(?, 1)    eval_translate_TCON_bb5_in(v_38) -> Com_1(eval_translate_TCON_bb5_in(v_38))
		(9, 2)    eval_translate_TCON_34(v_38) -> Com_1(eval_translate_TCON_stop(v_38))
		(9, 1)    eval_translate_TCON_bb3_in(v_38) -> Com_1(eval_translate_TCON_bb10_in(v_38))
		(?, 1)    eval_translate_TCON_bb3_in(v_38) -> Com_1(eval_translate_TCON_bb5_in(v_38))
		(1, 2)    eval_translate_TCON_14(v_38) -> Com_1(eval_translate_TCON_bb13_in(v_38))
		(1, 1)    eval_translate_TCON_14(v_38) -> Com_1(eval_translate_TCON_bb3_in(v_38))
		(9, 2)    eval_translate_TCON_bb13_in(v_38) -> Com_2(eval_free_start(v_38), eval_translate_TCON_34(v_38))
		(9, 2)    eval_translate_TCON_bb13_in(v_38) -> Com_1(eval_translate_TCON_stop(v_38))
		(1, 1)    eval_translate_TCON_36(v_38) -> Com_1(eval_translate_TCON_stop(v_38))
		(1, 2)    eval_translate_TCON_8(v_38) -> Com_2(eval_id3_parse_string_start(v_38), eval_translate_TCON_14(v_38))
		(1, 2)    eval_translate_TCON_8(v_38) -> Com_1(eval_translate_TCON_bb13_in(v_38))
		(1, 2)    eval_translate_TCON_bb0_in(v_38) -> Com_2(eval___assert_fail_start(v_38), eval_translate_TCON_36(v_38))
		(1, 2)    eval_translate_TCON_bb0_in(v_38) -> Com_2(eval_id3_field_parse_start(v_38), eval_translate_TCON_8(v_38))
		(1, 1)    eval_translate_TCON_start(v_38) -> Com_1(eval_translate_TCON_bb0_in(v_38))
	start location:	eval_translate_TCON_start
	leaf cost:	0

By chaining the transition eval_translate_TCON_28(v_38) -> Com_1(eval_translate_TCON_bb13_in(v_38)) [ v_38 = -1 ] with all transitions in problem 28, the following new transitions are obtained:
	eval_translate_TCON_28(v_38) -> Com_2(eval_free_start(v_38), eval_translate_TCON_34(v_38)) [ v_38 = -1 ]
	eval_translate_TCON_28(v_38) -> Com_1(eval_translate_TCON_stop(v_38)) [ v_38 = -1 ]
We thus obtain the following problem:
29:	T:
		(9, 4)    eval_translate_TCON_28(v_38) -> Com_2(eval_free_start(v_38), eval_translate_TCON_34(v_38)) [ v_38 = -1 ]
		(9, 4)    eval_translate_TCON_28(v_38) -> Com_1(eval_translate_TCON_stop(v_38)) [ v_38 = -1 ]
		(?, 1)    eval_translate_TCON_28(v_38) -> Com_1(eval_translate_TCON_bb3_in(v_38)) [ v_38 < -1 ]
		(?, 1)    eval_translate_TCON_28(v_38) -> Com_1(eval_translate_TCON_bb3_in(v_38)) [ v_38 > -1 ]
		(9, 2)    eval_translate_TCON_32(v_38) -> Com_1(eval_translate_TCON_bb13_in(v_38))
		(9, 2)    eval_translate_TCON_32(v_38) -> Com_1(eval_translate_TCON_bb13_in(v_38))
		(9, 2)    eval_translate_TCON_bb10_in(v_38) -> Com_2(eval_id3_field_addstring_start(v_38), eval_translate_TCON_32(v_38))
		(9, 1)    eval_translate_TCON_bb10_in(v_38) -> Com_1(eval_translate_TCON_bb13_in(v_38))
		(?, 4)    eval_translate_TCON_bb5_in(v_38) -> Com_2(eval_id3_field_addstring_start(v_38), eval_translate_TCON_28(nondef.12))
		(?, 1)    eval_translate_TCON_bb5_in(v_38) -> Com_1(eval_translate_TCON_bb5_in(v_38))
		(9, 2)    eval_translate_TCON_34(v_38) -> Com_1(eval_translate_TCON_stop(v_38))
		(9, 1)    eval_translate_TCON_bb3_in(v_38) -> Com_1(eval_translate_TCON_bb10_in(v_38))
		(?, 1)    eval_translate_TCON_bb3_in(v_38) -> Com_1(eval_translate_TCON_bb5_in(v_38))
		(1, 2)    eval_translate_TCON_14(v_38) -> Com_1(eval_translate_TCON_bb13_in(v_38))
		(1, 1)    eval_translate_TCON_14(v_38) -> Com_1(eval_translate_TCON_bb3_in(v_38))
		(9, 2)    eval_translate_TCON_bb13_in(v_38) -> Com_2(eval_free_start(v_38), eval_translate_TCON_34(v_38))
		(9, 2)    eval_translate_TCON_bb13_in(v_38) -> Com_1(eval_translate_TCON_stop(v_38))
		(1, 1)    eval_translate_TCON_36(v_38) -> Com_1(eval_translate_TCON_stop(v_38))
		(1, 2)    eval_translate_TCON_8(v_38) -> Com_2(eval_id3_parse_string_start(v_38), eval_translate_TCON_14(v_38))
		(1, 2)    eval_translate_TCON_8(v_38) -> Com_1(eval_translate_TCON_bb13_in(v_38))
		(1, 2)    eval_translate_TCON_bb0_in(v_38) -> Com_2(eval___assert_fail_start(v_38), eval_translate_TCON_36(v_38))
		(1, 2)    eval_translate_TCON_bb0_in(v_38) -> Com_2(eval_id3_field_parse_start(v_38), eval_translate_TCON_8(v_38))
		(1, 1)    eval_translate_TCON_start(v_38) -> Com_1(eval_translate_TCON_bb0_in(v_38))
	start location:	eval_translate_TCON_start
	leaf cost:	0

Complexity upper bound ?

Time: 0.404 sec (SMT: 0.306 sec)
