MAYBE

Initial complexity problem:
1:	T:
		(1, 1)    eval_find_nearby_colors_start(v_1, v_i.0, v_i.1, v_minc0, v_minc1, v_minc2) -> eval_find_nearby_colors_bb0_in(v_1, v_i.0, v_i.1, v_minc0, v_minc1, v_minc2)
		(?, 1)    eval_find_nearby_colors_bb0_in(v_1, v_i.0, v_i.1, v_minc0, v_minc1, v_minc2) -> eval_find_nearby_colors_bb1_in(nondef.0, 0, v_i.1, v_minc0, v_minc1, v_minc2)
		(?, 1)    eval_find_nearby_colors_bb1_in(v_1, v_i.0, v_i.1, v_minc0, v_minc1, v_minc2) -> eval_find_nearby_colors_bb9_in(v_1, v_i.0, v_i.1, v_minc0, v_minc1, v_minc2) [ v_i.0 < v_1 ]
		(?, 1)    eval_find_nearby_colors_bb1_in(v_1, v_i.0, v_i.1, v_minc0, v_minc1, v_minc2) -> eval_find_nearby_colors_bb24_in(v_1, v_i.0, 0, v_minc0, v_minc1, v_minc2) [ v_i.0 >= v_1 ]
		(?, 1)    eval_find_nearby_colors_bb9_in(v_1, v_i.0, v_i.1, v_minc0, v_minc1, v_minc2) -> eval_find_nearby_colors_bb16_in(v_1, v_i.0, v_i.1, v_minc0, v_minc1, v_minc2)
		(?, 1)    eval_find_nearby_colors_bb16_in(v_1, v_i.0, v_i.1, v_minc0, v_minc1, v_minc2) -> eval_find_nearby_colors_bb23_in(v_1, v_i.0, v_i.1, v_minc0, v_minc1, v_minc2)
		(?, 1)    eval_find_nearby_colors_bb23_in(v_1, v_i.0, v_i.1, v_minc0, v_minc1, v_minc2) -> eval_find_nearby_colors_bb1_in(v_1, v_i.0 + 1, v_i.1, v_minc0, v_minc1, v_minc2)
		(?, 1)    eval_find_nearby_colors_bb24_in(v_1, v_i.0, v_i.1, v_minc0, v_minc1, v_minc2) -> eval_find_nearby_colors_bb27_in(v_1, v_i.0, v_i.1, v_minc0, v_minc1, v_minc2) [ v_i.1 < v_1 ]
		(?, 1)    eval_find_nearby_colors_bb24_in(v_1, v_i.0, v_i.1, v_minc0, v_minc1, v_minc2) -> eval_find_nearby_colors_stop(v_1, v_i.0, v_i.1, v_minc0, v_minc1, v_minc2) [ v_i.1 >= v_1 ]
		(?, 1)    eval_find_nearby_colors_bb27_in(v_1, v_i.0, v_i.1, v_minc0, v_minc1, v_minc2) -> eval_find_nearby_colors_bb24_in(v_1, v_i.0, v_i.1 + 1, v_minc0, v_minc1, v_minc2)
	start location:	eval_find_nearby_colors_start
	leaf cost:	0

Slicing away variables that do not contribute to conditions from problem 1 leaves variables [v_1, v_i.0, v_i.1].
We thus obtain the following problem:
2:	T:
		(?, 1)    eval_find_nearby_colors_bb27_in(v_1, v_i.0, v_i.1) -> eval_find_nearby_colors_bb24_in(v_1, v_i.0, v_i.1 + 1)
		(?, 1)    eval_find_nearby_colors_bb24_in(v_1, v_i.0, v_i.1) -> eval_find_nearby_colors_stop(v_1, v_i.0, v_i.1) [ v_i.1 >= v_1 ]
		(?, 1)    eval_find_nearby_colors_bb24_in(v_1, v_i.0, v_i.1) -> eval_find_nearby_colors_bb27_in(v_1, v_i.0, v_i.1) [ v_i.1 < v_1 ]
		(?, 1)    eval_find_nearby_colors_bb23_in(v_1, v_i.0, v_i.1) -> eval_find_nearby_colors_bb1_in(v_1, v_i.0 + 1, v_i.1)
		(?, 1)    eval_find_nearby_colors_bb16_in(v_1, v_i.0, v_i.1) -> eval_find_nearby_colors_bb23_in(v_1, v_i.0, v_i.1)
		(?, 1)    eval_find_nearby_colors_bb9_in(v_1, v_i.0, v_i.1) -> eval_find_nearby_colors_bb16_in(v_1, v_i.0, v_i.1)
		(?, 1)    eval_find_nearby_colors_bb1_in(v_1, v_i.0, v_i.1) -> eval_find_nearby_colors_bb24_in(v_1, v_i.0, 0) [ v_i.0 >= v_1 ]
		(?, 1)    eval_find_nearby_colors_bb1_in(v_1, v_i.0, v_i.1) -> eval_find_nearby_colors_bb9_in(v_1, v_i.0, v_i.1) [ v_i.0 < v_1 ]
		(?, 1)    eval_find_nearby_colors_bb0_in(v_1, v_i.0, v_i.1) -> eval_find_nearby_colors_bb1_in(nondef.0, 0, v_i.1)
		(1, 1)    eval_find_nearby_colors_start(v_1, v_i.0, v_i.1) -> eval_find_nearby_colors_bb0_in(v_1, v_i.0, v_i.1)
	start location:	eval_find_nearby_colors_start
	leaf cost:	0

Repeatedly removing leaves of the complexity graph in problem 2 produces the following problem:
3:	T:
		(?, 1)    eval_find_nearby_colors_bb27_in(v_1, v_i.0, v_i.1) -> eval_find_nearby_colors_bb24_in(v_1, v_i.0, v_i.1 + 1)
		(?, 1)    eval_find_nearby_colors_bb24_in(v_1, v_i.0, v_i.1) -> eval_find_nearby_colors_bb27_in(v_1, v_i.0, v_i.1) [ v_i.1 < v_1 ]
		(?, 1)    eval_find_nearby_colors_bb23_in(v_1, v_i.0, v_i.1) -> eval_find_nearby_colors_bb1_in(v_1, v_i.0 + 1, v_i.1)
		(?, 1)    eval_find_nearby_colors_bb16_in(v_1, v_i.0, v_i.1) -> eval_find_nearby_colors_bb23_in(v_1, v_i.0, v_i.1)
		(?, 1)    eval_find_nearby_colors_bb9_in(v_1, v_i.0, v_i.1) -> eval_find_nearby_colors_bb16_in(v_1, v_i.0, v_i.1)
		(?, 1)    eval_find_nearby_colors_bb1_in(v_1, v_i.0, v_i.1) -> eval_find_nearby_colors_bb24_in(v_1, v_i.0, 0) [ v_i.0 >= v_1 ]
		(?, 1)    eval_find_nearby_colors_bb1_in(v_1, v_i.0, v_i.1) -> eval_find_nearby_colors_bb9_in(v_1, v_i.0, v_i.1) [ v_i.0 < v_1 ]
		(?, 1)    eval_find_nearby_colors_bb0_in(v_1, v_i.0, v_i.1) -> eval_find_nearby_colors_bb1_in(nondef.0, 0, v_i.1)
		(1, 1)    eval_find_nearby_colors_start(v_1, v_i.0, v_i.1) -> eval_find_nearby_colors_bb0_in(v_1, v_i.0, v_i.1)
	start location:	eval_find_nearby_colors_start
	leaf cost:	1

Repeatedly propagating knowledge in problem 3 produces the following problem:
4:	T:
		(?, 1)    eval_find_nearby_colors_bb27_in(v_1, v_i.0, v_i.1) -> eval_find_nearby_colors_bb24_in(v_1, v_i.0, v_i.1 + 1)
		(?, 1)    eval_find_nearby_colors_bb24_in(v_1, v_i.0, v_i.1) -> eval_find_nearby_colors_bb27_in(v_1, v_i.0, v_i.1) [ v_i.1 < v_1 ]
		(?, 1)    eval_find_nearby_colors_bb23_in(v_1, v_i.0, v_i.1) -> eval_find_nearby_colors_bb1_in(v_1, v_i.0 + 1, v_i.1)
		(?, 1)    eval_find_nearby_colors_bb16_in(v_1, v_i.0, v_i.1) -> eval_find_nearby_colors_bb23_in(v_1, v_i.0, v_i.1)
		(?, 1)    eval_find_nearby_colors_bb9_in(v_1, v_i.0, v_i.1) -> eval_find_nearby_colors_bb16_in(v_1, v_i.0, v_i.1)
		(?, 1)    eval_find_nearby_colors_bb1_in(v_1, v_i.0, v_i.1) -> eval_find_nearby_colors_bb24_in(v_1, v_i.0, 0) [ v_i.0 >= v_1 ]
		(?, 1)    eval_find_nearby_colors_bb1_in(v_1, v_i.0, v_i.1) -> eval_find_nearby_colors_bb9_in(v_1, v_i.0, v_i.1) [ v_i.0 < v_1 ]
		(1, 1)    eval_find_nearby_colors_bb0_in(v_1, v_i.0, v_i.1) -> eval_find_nearby_colors_bb1_in(nondef.0, 0, v_i.1)
		(1, 1)    eval_find_nearby_colors_start(v_1, v_i.0, v_i.1) -> eval_find_nearby_colors_bb0_in(v_1, v_i.0, v_i.1)
	start location:	eval_find_nearby_colors_start
	leaf cost:	1

A polynomial rank function with
	Pol(eval_find_nearby_colors_bb27_in) = 0
	Pol(eval_find_nearby_colors_bb24_in) = 0
	Pol(eval_find_nearby_colors_bb23_in) = 1
	Pol(eval_find_nearby_colors_bb1_in) = 1
	Pol(eval_find_nearby_colors_bb16_in) = 1
	Pol(eval_find_nearby_colors_bb9_in) = 1
	Pol(eval_find_nearby_colors_bb0_in) = 1
	Pol(eval_find_nearby_colors_start) = 1
orients all transitions weakly and the transition
	eval_find_nearby_colors_bb1_in(v_1, v_i.0, v_i.1) -> eval_find_nearby_colors_bb24_in(v_1, v_i.0, 0) [ v_i.0 >= v_1 ]
strictly and produces the following problem:
5:	T:
		(?, 1)    eval_find_nearby_colors_bb27_in(v_1, v_i.0, v_i.1) -> eval_find_nearby_colors_bb24_in(v_1, v_i.0, v_i.1 + 1)
		(?, 1)    eval_find_nearby_colors_bb24_in(v_1, v_i.0, v_i.1) -> eval_find_nearby_colors_bb27_in(v_1, v_i.0, v_i.1) [ v_i.1 < v_1 ]
		(?, 1)    eval_find_nearby_colors_bb23_in(v_1, v_i.0, v_i.1) -> eval_find_nearby_colors_bb1_in(v_1, v_i.0 + 1, v_i.1)
		(?, 1)    eval_find_nearby_colors_bb16_in(v_1, v_i.0, v_i.1) -> eval_find_nearby_colors_bb23_in(v_1, v_i.0, v_i.1)
		(?, 1)    eval_find_nearby_colors_bb9_in(v_1, v_i.0, v_i.1) -> eval_find_nearby_colors_bb16_in(v_1, v_i.0, v_i.1)
		(1, 1)    eval_find_nearby_colors_bb1_in(v_1, v_i.0, v_i.1) -> eval_find_nearby_colors_bb24_in(v_1, v_i.0, 0) [ v_i.0 >= v_1 ]
		(?, 1)    eval_find_nearby_colors_bb1_in(v_1, v_i.0, v_i.1) -> eval_find_nearby_colors_bb9_in(v_1, v_i.0, v_i.1) [ v_i.0 < v_1 ]
		(1, 1)    eval_find_nearby_colors_bb0_in(v_1, v_i.0, v_i.1) -> eval_find_nearby_colors_bb1_in(nondef.0, 0, v_i.1)
		(1, 1)    eval_find_nearby_colors_start(v_1, v_i.0, v_i.1) -> eval_find_nearby_colors_bb0_in(v_1, v_i.0, v_i.1)
	start location:	eval_find_nearby_colors_start
	leaf cost:	1

Applied AI with 'oct' on problem 5 to obtain the following invariants:
  For symbol eval_find_nearby_colors_bb16_in: X_1 - X_2 - 1 >= 0 /\ X_2 >= 0 /\ X_1 + X_2 - 1 >= 0 /\ X_1 - 1 >= 0
  For symbol eval_find_nearby_colors_bb1_in: X_2 >= 0
  For symbol eval_find_nearby_colors_bb23_in: X_1 - X_2 - 1 >= 0 /\ X_2 >= 0 /\ X_1 + X_2 - 1 >= 0 /\ X_1 - 1 >= 0
  For symbol eval_find_nearby_colors_bb24_in: X_2 - X_3 >= 0 /\ X_3 >= 0 /\ X_2 + X_3 >= 0 /\ X_2 >= 0 /\ -X_1 + X_2 >= 0
  For symbol eval_find_nearby_colors_bb27_in: X_2 - X_3 - 1 >= 0 /\ X_1 - X_3 - 1 >= 0 /\ X_3 >= 0 /\ X_2 + X_3 - 1 >= 0 /\ X_1 + X_3 - 1 >= 0 /\ X_2 - 1 >= 0 /\ X_1 + X_2 - 2 >= 0 /\ -X_1 + X_2 >= 0 /\ X_1 - 1 >= 0
  For symbol eval_find_nearby_colors_bb9_in: X_1 - X_2 - 1 >= 0 /\ X_2 >= 0 /\ X_1 + X_2 - 1 >= 0 /\ X_1 - 1 >= 0


This yielded the following problem:
6:	T:
		(1, 1)    eval_find_nearby_colors_start(v_1, v_i.0, v_i.1) -> eval_find_nearby_colors_bb0_in(v_1, v_i.0, v_i.1)
		(1, 1)    eval_find_nearby_colors_bb0_in(v_1, v_i.0, v_i.1) -> eval_find_nearby_colors_bb1_in(nondef.0, 0, v_i.1)
		(?, 1)    eval_find_nearby_colors_bb1_in(v_1, v_i.0, v_i.1) -> eval_find_nearby_colors_bb9_in(v_1, v_i.0, v_i.1) [ v_i.0 >= 0 /\ v_i.0 < v_1 ]
		(1, 1)    eval_find_nearby_colors_bb1_in(v_1, v_i.0, v_i.1) -> eval_find_nearby_colors_bb24_in(v_1, v_i.0, 0) [ v_i.0 >= 0 /\ v_i.0 >= v_1 ]
		(?, 1)    eval_find_nearby_colors_bb9_in(v_1, v_i.0, v_i.1) -> eval_find_nearby_colors_bb16_in(v_1, v_i.0, v_i.1) [ v_1 - v_i.0 - 1 >= 0 /\ v_i.0 >= 0 /\ v_1 + v_i.0 - 1 >= 0 /\ v_1 - 1 >= 0 ]
		(?, 1)    eval_find_nearby_colors_bb16_in(v_1, v_i.0, v_i.1) -> eval_find_nearby_colors_bb23_in(v_1, v_i.0, v_i.1) [ v_1 - v_i.0 - 1 >= 0 /\ v_i.0 >= 0 /\ v_1 + v_i.0 - 1 >= 0 /\ v_1 - 1 >= 0 ]
		(?, 1)    eval_find_nearby_colors_bb23_in(v_1, v_i.0, v_i.1) -> eval_find_nearby_colors_bb1_in(v_1, v_i.0 + 1, v_i.1) [ v_1 - v_i.0 - 1 >= 0 /\ v_i.0 >= 0 /\ v_1 + v_i.0 - 1 >= 0 /\ v_1 - 1 >= 0 ]
		(?, 1)    eval_find_nearby_colors_bb24_in(v_1, v_i.0, v_i.1) -> eval_find_nearby_colors_bb27_in(v_1, v_i.0, v_i.1) [ v_i.0 - v_i.1 >= 0 /\ v_i.1 >= 0 /\ v_i.0 + v_i.1 >= 0 /\ v_i.0 >= 0 /\ -v_1 + v_i.0 >= 0 /\ v_i.1 < v_1 ]
		(?, 1)    eval_find_nearby_colors_bb27_in(v_1, v_i.0, v_i.1) -> eval_find_nearby_colors_bb24_in(v_1, v_i.0, v_i.1 + 1) [ v_i.0 - v_i.1 - 1 >= 0 /\ v_1 - v_i.1 - 1 >= 0 /\ v_i.1 >= 0 /\ v_i.0 + v_i.1 - 1 >= 0 /\ v_1 + v_i.1 - 1 >= 0 /\ v_i.0 - 1 >= 0 /\ v_1 + v_i.0 - 2 >= 0 /\ -v_1 + v_i.0 >= 0 /\ v_1 - 1 >= 0 ]
	start location:	eval_find_nearby_colors_start
	leaf cost:	1

By chaining the transition eval_find_nearby_colors_start(v_1, v_i.0, v_i.1) -> eval_find_nearby_colors_bb0_in(v_1, v_i.0, v_i.1) with all transitions in problem 6, the following new transition is obtained:
	eval_find_nearby_colors_start(v_1, v_i.0, v_i.1) -> eval_find_nearby_colors_bb1_in(nondef.0, 0, v_i.1)
We thus obtain the following problem:
7:	T:
		(1, 2)    eval_find_nearby_colors_start(v_1, v_i.0, v_i.1) -> eval_find_nearby_colors_bb1_in(nondef.0, 0, v_i.1)
		(1, 1)    eval_find_nearby_colors_bb0_in(v_1, v_i.0, v_i.1) -> eval_find_nearby_colors_bb1_in(nondef.0, 0, v_i.1)
		(?, 1)    eval_find_nearby_colors_bb1_in(v_1, v_i.0, v_i.1) -> eval_find_nearby_colors_bb9_in(v_1, v_i.0, v_i.1) [ v_i.0 >= 0 /\ v_i.0 < v_1 ]
		(1, 1)    eval_find_nearby_colors_bb1_in(v_1, v_i.0, v_i.1) -> eval_find_nearby_colors_bb24_in(v_1, v_i.0, 0) [ v_i.0 >= 0 /\ v_i.0 >= v_1 ]
		(?, 1)    eval_find_nearby_colors_bb9_in(v_1, v_i.0, v_i.1) -> eval_find_nearby_colors_bb16_in(v_1, v_i.0, v_i.1) [ v_1 - v_i.0 - 1 >= 0 /\ v_i.0 >= 0 /\ v_1 + v_i.0 - 1 >= 0 /\ v_1 - 1 >= 0 ]
		(?, 1)    eval_find_nearby_colors_bb16_in(v_1, v_i.0, v_i.1) -> eval_find_nearby_colors_bb23_in(v_1, v_i.0, v_i.1) [ v_1 - v_i.0 - 1 >= 0 /\ v_i.0 >= 0 /\ v_1 + v_i.0 - 1 >= 0 /\ v_1 - 1 >= 0 ]
		(?, 1)    eval_find_nearby_colors_bb23_in(v_1, v_i.0, v_i.1) -> eval_find_nearby_colors_bb1_in(v_1, v_i.0 + 1, v_i.1) [ v_1 - v_i.0 - 1 >= 0 /\ v_i.0 >= 0 /\ v_1 + v_i.0 - 1 >= 0 /\ v_1 - 1 >= 0 ]
		(?, 1)    eval_find_nearby_colors_bb24_in(v_1, v_i.0, v_i.1) -> eval_find_nearby_colors_bb27_in(v_1, v_i.0, v_i.1) [ v_i.0 - v_i.1 >= 0 /\ v_i.1 >= 0 /\ v_i.0 + v_i.1 >= 0 /\ v_i.0 >= 0 /\ -v_1 + v_i.0 >= 0 /\ v_i.1 < v_1 ]
		(?, 1)    eval_find_nearby_colors_bb27_in(v_1, v_i.0, v_i.1) -> eval_find_nearby_colors_bb24_in(v_1, v_i.0, v_i.1 + 1) [ v_i.0 - v_i.1 - 1 >= 0 /\ v_1 - v_i.1 - 1 >= 0 /\ v_i.1 >= 0 /\ v_i.0 + v_i.1 - 1 >= 0 /\ v_1 + v_i.1 - 1 >= 0 /\ v_i.0 - 1 >= 0 /\ v_1 + v_i.0 - 2 >= 0 /\ -v_1 + v_i.0 >= 0 /\ v_1 - 1 >= 0 ]
	start location:	eval_find_nearby_colors_start
	leaf cost:	1

Testing for reachability in the complexity graph removes the following transition from problem 7:
	eval_find_nearby_colors_bb0_in(v_1, v_i.0, v_i.1) -> eval_find_nearby_colors_bb1_in(nondef.0, 0, v_i.1)
We thus obtain the following problem:
8:	T:
		(?, 1)    eval_find_nearby_colors_bb23_in(v_1, v_i.0, v_i.1) -> eval_find_nearby_colors_bb1_in(v_1, v_i.0 + 1, v_i.1) [ v_1 - v_i.0 - 1 >= 0 /\ v_i.0 >= 0 /\ v_1 + v_i.0 - 1 >= 0 /\ v_1 - 1 >= 0 ]
		(?, 1)    eval_find_nearby_colors_bb27_in(v_1, v_i.0, v_i.1) -> eval_find_nearby_colors_bb24_in(v_1, v_i.0, v_i.1 + 1) [ v_i.0 - v_i.1 - 1 >= 0 /\ v_1 - v_i.1 - 1 >= 0 /\ v_i.1 >= 0 /\ v_i.0 + v_i.1 - 1 >= 0 /\ v_1 + v_i.1 - 1 >= 0 /\ v_i.0 - 1 >= 0 /\ v_1 + v_i.0 - 2 >= 0 /\ -v_1 + v_i.0 >= 0 /\ v_1 - 1 >= 0 ]
		(?, 1)    eval_find_nearby_colors_bb16_in(v_1, v_i.0, v_i.1) -> eval_find_nearby_colors_bb23_in(v_1, v_i.0, v_i.1) [ v_1 - v_i.0 - 1 >= 0 /\ v_i.0 >= 0 /\ v_1 + v_i.0 - 1 >= 0 /\ v_1 - 1 >= 0 ]
		(?, 1)    eval_find_nearby_colors_bb24_in(v_1, v_i.0, v_i.1) -> eval_find_nearby_colors_bb27_in(v_1, v_i.0, v_i.1) [ v_i.0 - v_i.1 >= 0 /\ v_i.1 >= 0 /\ v_i.0 + v_i.1 >= 0 /\ v_i.0 >= 0 /\ -v_1 + v_i.0 >= 0 /\ v_i.1 < v_1 ]
		(?, 1)    eval_find_nearby_colors_bb9_in(v_1, v_i.0, v_i.1) -> eval_find_nearby_colors_bb16_in(v_1, v_i.0, v_i.1) [ v_1 - v_i.0 - 1 >= 0 /\ v_i.0 >= 0 /\ v_1 + v_i.0 - 1 >= 0 /\ v_1 - 1 >= 0 ]
		(1, 1)    eval_find_nearby_colors_bb1_in(v_1, v_i.0, v_i.1) -> eval_find_nearby_colors_bb24_in(v_1, v_i.0, 0) [ v_i.0 >= 0 /\ v_i.0 >= v_1 ]
		(?, 1)    eval_find_nearby_colors_bb1_in(v_1, v_i.0, v_i.1) -> eval_find_nearby_colors_bb9_in(v_1, v_i.0, v_i.1) [ v_i.0 >= 0 /\ v_i.0 < v_1 ]
		(1, 2)    eval_find_nearby_colors_start(v_1, v_i.0, v_i.1) -> eval_find_nearby_colors_bb1_in(nondef.0, 0, v_i.1)
	start location:	eval_find_nearby_colors_start
	leaf cost:	1

By chaining the transition eval_find_nearby_colors_bb27_in(v_1, v_i.0, v_i.1) -> eval_find_nearby_colors_bb24_in(v_1, v_i.0, v_i.1 + 1) [ v_i.0 - v_i.1 - 1 >= 0 /\ v_1 - v_i.1 - 1 >= 0 /\ v_i.1 >= 0 /\ v_i.0 + v_i.1 - 1 >= 0 /\ v_1 + v_i.1 - 1 >= 0 /\ v_i.0 - 1 >= 0 /\ v_1 + v_i.0 - 2 >= 0 /\ -v_1 + v_i.0 >= 0 /\ v_1 - 1 >= 0 ] with all transitions in problem 8, the following new transition is obtained:
	eval_find_nearby_colors_bb27_in(v_1, v_i.0, v_i.1) -> eval_find_nearby_colors_bb27_in(v_1, v_i.0, v_i.1 + 1) [ v_i.0 - v_i.1 - 1 >= 0 /\ v_1 - v_i.1 - 1 >= 0 /\ v_i.1 >= 0 /\ v_i.0 + v_i.1 - 1 >= 0 /\ v_1 + v_i.1 - 1 >= 0 /\ v_i.0 - 1 >= 0 /\ v_1 + v_i.0 - 2 >= 0 /\ -v_1 + v_i.0 >= 0 /\ v_1 - 1 >= 0 /\ v_i.1 + 1 >= 0 /\ v_i.0 + v_i.1 + 1 >= 0 /\ v_i.0 >= 0 /\ v_i.1 + 1 < v_1 ]
We thus obtain the following problem:
9:	T:
		(?, 2)    eval_find_nearby_colors_bb27_in(v_1, v_i.0, v_i.1) -> eval_find_nearby_colors_bb27_in(v_1, v_i.0, v_i.1 + 1) [ v_i.0 - v_i.1 - 1 >= 0 /\ v_1 - v_i.1 - 1 >= 0 /\ v_i.1 >= 0 /\ v_i.0 + v_i.1 - 1 >= 0 /\ v_1 + v_i.1 - 1 >= 0 /\ v_i.0 - 1 >= 0 /\ v_1 + v_i.0 - 2 >= 0 /\ -v_1 + v_i.0 >= 0 /\ v_1 - 1 >= 0 /\ v_i.1 + 1 >= 0 /\ v_i.0 + v_i.1 + 1 >= 0 /\ v_i.0 >= 0 /\ v_i.1 + 1 < v_1 ]
		(?, 1)    eval_find_nearby_colors_bb23_in(v_1, v_i.0, v_i.1) -> eval_find_nearby_colors_bb1_in(v_1, v_i.0 + 1, v_i.1) [ v_1 - v_i.0 - 1 >= 0 /\ v_i.0 >= 0 /\ v_1 + v_i.0 - 1 >= 0 /\ v_1 - 1 >= 0 ]
		(?, 1)    eval_find_nearby_colors_bb16_in(v_1, v_i.0, v_i.1) -> eval_find_nearby_colors_bb23_in(v_1, v_i.0, v_i.1) [ v_1 - v_i.0 - 1 >= 0 /\ v_i.0 >= 0 /\ v_1 + v_i.0 - 1 >= 0 /\ v_1 - 1 >= 0 ]
		(?, 1)    eval_find_nearby_colors_bb24_in(v_1, v_i.0, v_i.1) -> eval_find_nearby_colors_bb27_in(v_1, v_i.0, v_i.1) [ v_i.0 - v_i.1 >= 0 /\ v_i.1 >= 0 /\ v_i.0 + v_i.1 >= 0 /\ v_i.0 >= 0 /\ -v_1 + v_i.0 >= 0 /\ v_i.1 < v_1 ]
		(?, 1)    eval_find_nearby_colors_bb9_in(v_1, v_i.0, v_i.1) -> eval_find_nearby_colors_bb16_in(v_1, v_i.0, v_i.1) [ v_1 - v_i.0 - 1 >= 0 /\ v_i.0 >= 0 /\ v_1 + v_i.0 - 1 >= 0 /\ v_1 - 1 >= 0 ]
		(1, 1)    eval_find_nearby_colors_bb1_in(v_1, v_i.0, v_i.1) -> eval_find_nearby_colors_bb24_in(v_1, v_i.0, 0) [ v_i.0 >= 0 /\ v_i.0 >= v_1 ]
		(?, 1)    eval_find_nearby_colors_bb1_in(v_1, v_i.0, v_i.1) -> eval_find_nearby_colors_bb9_in(v_1, v_i.0, v_i.1) [ v_i.0 >= 0 /\ v_i.0 < v_1 ]
		(1, 2)    eval_find_nearby_colors_start(v_1, v_i.0, v_i.1) -> eval_find_nearby_colors_bb1_in(nondef.0, 0, v_i.1)
	start location:	eval_find_nearby_colors_start
	leaf cost:	1

Repeatedly propagating knowledge in problem 9 produces the following problem:
10:	T:
		(?, 2)    eval_find_nearby_colors_bb27_in(v_1, v_i.0, v_i.1) -> eval_find_nearby_colors_bb27_in(v_1, v_i.0, v_i.1 + 1) [ v_i.0 - v_i.1 - 1 >= 0 /\ v_1 - v_i.1 - 1 >= 0 /\ v_i.1 >= 0 /\ v_i.0 + v_i.1 - 1 >= 0 /\ v_1 + v_i.1 - 1 >= 0 /\ v_i.0 - 1 >= 0 /\ v_1 + v_i.0 - 2 >= 0 /\ -v_1 + v_i.0 >= 0 /\ v_1 - 1 >= 0 /\ v_i.1 + 1 >= 0 /\ v_i.0 + v_i.1 + 1 >= 0 /\ v_i.0 >= 0 /\ v_i.1 + 1 < v_1 ]
		(?, 1)    eval_find_nearby_colors_bb23_in(v_1, v_i.0, v_i.1) -> eval_find_nearby_colors_bb1_in(v_1, v_i.0 + 1, v_i.1) [ v_1 - v_i.0 - 1 >= 0 /\ v_i.0 >= 0 /\ v_1 + v_i.0 - 1 >= 0 /\ v_1 - 1 >= 0 ]
		(?, 1)    eval_find_nearby_colors_bb16_in(v_1, v_i.0, v_i.1) -> eval_find_nearby_colors_bb23_in(v_1, v_i.0, v_i.1) [ v_1 - v_i.0 - 1 >= 0 /\ v_i.0 >= 0 /\ v_1 + v_i.0 - 1 >= 0 /\ v_1 - 1 >= 0 ]
		(1, 1)    eval_find_nearby_colors_bb24_in(v_1, v_i.0, v_i.1) -> eval_find_nearby_colors_bb27_in(v_1, v_i.0, v_i.1) [ v_i.0 - v_i.1 >= 0 /\ v_i.1 >= 0 /\ v_i.0 + v_i.1 >= 0 /\ v_i.0 >= 0 /\ -v_1 + v_i.0 >= 0 /\ v_i.1 < v_1 ]
		(?, 1)    eval_find_nearby_colors_bb9_in(v_1, v_i.0, v_i.1) -> eval_find_nearby_colors_bb16_in(v_1, v_i.0, v_i.1) [ v_1 - v_i.0 - 1 >= 0 /\ v_i.0 >= 0 /\ v_1 + v_i.0 - 1 >= 0 /\ v_1 - 1 >= 0 ]
		(1, 1)    eval_find_nearby_colors_bb1_in(v_1, v_i.0, v_i.1) -> eval_find_nearby_colors_bb24_in(v_1, v_i.0, 0) [ v_i.0 >= 0 /\ v_i.0 >= v_1 ]
		(?, 1)    eval_find_nearby_colors_bb1_in(v_1, v_i.0, v_i.1) -> eval_find_nearby_colors_bb9_in(v_1, v_i.0, v_i.1) [ v_i.0 >= 0 /\ v_i.0 < v_1 ]
		(1, 2)    eval_find_nearby_colors_start(v_1, v_i.0, v_i.1) -> eval_find_nearby_colors_bb1_in(nondef.0, 0, v_i.1)
	start location:	eval_find_nearby_colors_start
	leaf cost:	1

By chaining the transition eval_find_nearby_colors_bb16_in(v_1, v_i.0, v_i.1) -> eval_find_nearby_colors_bb23_in(v_1, v_i.0, v_i.1) [ v_1 - v_i.0 - 1 >= 0 /\ v_i.0 >= 0 /\ v_1 + v_i.0 - 1 >= 0 /\ v_1 - 1 >= 0 ] with all transitions in problem 10, the following new transition is obtained:
	eval_find_nearby_colors_bb16_in(v_1, v_i.0, v_i.1) -> eval_find_nearby_colors_bb1_in(v_1, v_i.0 + 1, v_i.1) [ v_1 - v_i.0 - 1 >= 0 /\ v_i.0 >= 0 /\ v_1 + v_i.0 - 1 >= 0 /\ v_1 - 1 >= 0 ]
We thus obtain the following problem:
11:	T:
		(?, 2)    eval_find_nearby_colors_bb16_in(v_1, v_i.0, v_i.1) -> eval_find_nearby_colors_bb1_in(v_1, v_i.0 + 1, v_i.1) [ v_1 - v_i.0 - 1 >= 0 /\ v_i.0 >= 0 /\ v_1 + v_i.0 - 1 >= 0 /\ v_1 - 1 >= 0 ]
		(?, 2)    eval_find_nearby_colors_bb27_in(v_1, v_i.0, v_i.1) -> eval_find_nearby_colors_bb27_in(v_1, v_i.0, v_i.1 + 1) [ v_i.0 - v_i.1 - 1 >= 0 /\ v_1 - v_i.1 - 1 >= 0 /\ v_i.1 >= 0 /\ v_i.0 + v_i.1 - 1 >= 0 /\ v_1 + v_i.1 - 1 >= 0 /\ v_i.0 - 1 >= 0 /\ v_1 + v_i.0 - 2 >= 0 /\ -v_1 + v_i.0 >= 0 /\ v_1 - 1 >= 0 /\ v_i.1 + 1 >= 0 /\ v_i.0 + v_i.1 + 1 >= 0 /\ v_i.0 >= 0 /\ v_i.1 + 1 < v_1 ]
		(?, 1)    eval_find_nearby_colors_bb23_in(v_1, v_i.0, v_i.1) -> eval_find_nearby_colors_bb1_in(v_1, v_i.0 + 1, v_i.1) [ v_1 - v_i.0 - 1 >= 0 /\ v_i.0 >= 0 /\ v_1 + v_i.0 - 1 >= 0 /\ v_1 - 1 >= 0 ]
		(1, 1)    eval_find_nearby_colors_bb24_in(v_1, v_i.0, v_i.1) -> eval_find_nearby_colors_bb27_in(v_1, v_i.0, v_i.1) [ v_i.0 - v_i.1 >= 0 /\ v_i.1 >= 0 /\ v_i.0 + v_i.1 >= 0 /\ v_i.0 >= 0 /\ -v_1 + v_i.0 >= 0 /\ v_i.1 < v_1 ]
		(?, 1)    eval_find_nearby_colors_bb9_in(v_1, v_i.0, v_i.1) -> eval_find_nearby_colors_bb16_in(v_1, v_i.0, v_i.1) [ v_1 - v_i.0 - 1 >= 0 /\ v_i.0 >= 0 /\ v_1 + v_i.0 - 1 >= 0 /\ v_1 - 1 >= 0 ]
		(1, 1)    eval_find_nearby_colors_bb1_in(v_1, v_i.0, v_i.1) -> eval_find_nearby_colors_bb24_in(v_1, v_i.0, 0) [ v_i.0 >= 0 /\ v_i.0 >= v_1 ]
		(?, 1)    eval_find_nearby_colors_bb1_in(v_1, v_i.0, v_i.1) -> eval_find_nearby_colors_bb9_in(v_1, v_i.0, v_i.1) [ v_i.0 >= 0 /\ v_i.0 < v_1 ]
		(1, 2)    eval_find_nearby_colors_start(v_1, v_i.0, v_i.1) -> eval_find_nearby_colors_bb1_in(nondef.0, 0, v_i.1)
	start location:	eval_find_nearby_colors_start
	leaf cost:	1

Testing for reachability in the complexity graph removes the following transition from problem 11:
	eval_find_nearby_colors_bb23_in(v_1, v_i.0, v_i.1) -> eval_find_nearby_colors_bb1_in(v_1, v_i.0 + 1, v_i.1) [ v_1 - v_i.0 - 1 >= 0 /\ v_i.0 >= 0 /\ v_1 + v_i.0 - 1 >= 0 /\ v_1 - 1 >= 0 ]
We thus obtain the following problem:
12:	T:
		(?, 2)    eval_find_nearby_colors_bb27_in(v_1, v_i.0, v_i.1) -> eval_find_nearby_colors_bb27_in(v_1, v_i.0, v_i.1 + 1) [ v_i.0 - v_i.1 - 1 >= 0 /\ v_1 - v_i.1 - 1 >= 0 /\ v_i.1 >= 0 /\ v_i.0 + v_i.1 - 1 >= 0 /\ v_1 + v_i.1 - 1 >= 0 /\ v_i.0 - 1 >= 0 /\ v_1 + v_i.0 - 2 >= 0 /\ -v_1 + v_i.0 >= 0 /\ v_1 - 1 >= 0 /\ v_i.1 + 1 >= 0 /\ v_i.0 + v_i.1 + 1 >= 0 /\ v_i.0 >= 0 /\ v_i.1 + 1 < v_1 ]
		(?, 2)    eval_find_nearby_colors_bb16_in(v_1, v_i.0, v_i.1) -> eval_find_nearby_colors_bb1_in(v_1, v_i.0 + 1, v_i.1) [ v_1 - v_i.0 - 1 >= 0 /\ v_i.0 >= 0 /\ v_1 + v_i.0 - 1 >= 0 /\ v_1 - 1 >= 0 ]
		(1, 1)    eval_find_nearby_colors_bb24_in(v_1, v_i.0, v_i.1) -> eval_find_nearby_colors_bb27_in(v_1, v_i.0, v_i.1) [ v_i.0 - v_i.1 >= 0 /\ v_i.1 >= 0 /\ v_i.0 + v_i.1 >= 0 /\ v_i.0 >= 0 /\ -v_1 + v_i.0 >= 0 /\ v_i.1 < v_1 ]
		(?, 1)    eval_find_nearby_colors_bb9_in(v_1, v_i.0, v_i.1) -> eval_find_nearby_colors_bb16_in(v_1, v_i.0, v_i.1) [ v_1 - v_i.0 - 1 >= 0 /\ v_i.0 >= 0 /\ v_1 + v_i.0 - 1 >= 0 /\ v_1 - 1 >= 0 ]
		(1, 1)    eval_find_nearby_colors_bb1_in(v_1, v_i.0, v_i.1) -> eval_find_nearby_colors_bb24_in(v_1, v_i.0, 0) [ v_i.0 >= 0 /\ v_i.0 >= v_1 ]
		(?, 1)    eval_find_nearby_colors_bb1_in(v_1, v_i.0, v_i.1) -> eval_find_nearby_colors_bb9_in(v_1, v_i.0, v_i.1) [ v_i.0 >= 0 /\ v_i.0 < v_1 ]
		(1, 2)    eval_find_nearby_colors_start(v_1, v_i.0, v_i.1) -> eval_find_nearby_colors_bb1_in(nondef.0, 0, v_i.1)
	start location:	eval_find_nearby_colors_start
	leaf cost:	1

By chaining the transition eval_find_nearby_colors_bb24_in(v_1, v_i.0, v_i.1) -> eval_find_nearby_colors_bb27_in(v_1, v_i.0, v_i.1) [ v_i.0 - v_i.1 >= 0 /\ v_i.1 >= 0 /\ v_i.0 + v_i.1 >= 0 /\ v_i.0 >= 0 /\ -v_1 + v_i.0 >= 0 /\ v_i.1 < v_1 ] with all transitions in problem 12, the following new transition is obtained:
	eval_find_nearby_colors_bb24_in(v_1, v_i.0, v_i.1) -> eval_find_nearby_colors_bb27_in(v_1, v_i.0, v_i.1 + 1) [ v_i.0 - v_i.1 >= 0 /\ v_i.1 >= 0 /\ v_i.0 + v_i.1 >= 0 /\ v_i.0 >= 0 /\ -v_1 + v_i.0 >= 0 /\ v_i.1 < v_1 /\ v_i.0 - v_i.1 - 1 >= 0 /\ v_1 - v_i.1 - 1 >= 0 /\ v_i.0 + v_i.1 - 1 >= 0 /\ v_1 + v_i.1 - 1 >= 0 /\ v_i.0 - 1 >= 0 /\ v_1 + v_i.0 - 2 >= 0 /\ v_1 - 1 >= 0 /\ v_i.1 + 1 >= 0 /\ v_i.0 + v_i.1 + 1 >= 0 /\ v_i.1 + 1 < v_1 ]
We thus obtain the following problem:
13:	T:
		(1, 3)    eval_find_nearby_colors_bb24_in(v_1, v_i.0, v_i.1) -> eval_find_nearby_colors_bb27_in(v_1, v_i.0, v_i.1 + 1) [ v_i.0 - v_i.1 >= 0 /\ v_i.1 >= 0 /\ v_i.0 + v_i.1 >= 0 /\ v_i.0 >= 0 /\ -v_1 + v_i.0 >= 0 /\ v_i.1 < v_1 /\ v_i.0 - v_i.1 - 1 >= 0 /\ v_1 - v_i.1 - 1 >= 0 /\ v_i.0 + v_i.1 - 1 >= 0 /\ v_1 + v_i.1 - 1 >= 0 /\ v_i.0 - 1 >= 0 /\ v_1 + v_i.0 - 2 >= 0 /\ v_1 - 1 >= 0 /\ v_i.1 + 1 >= 0 /\ v_i.0 + v_i.1 + 1 >= 0 /\ v_i.1 + 1 < v_1 ]
		(?, 2)    eval_find_nearby_colors_bb27_in(v_1, v_i.0, v_i.1) -> eval_find_nearby_colors_bb27_in(v_1, v_i.0, v_i.1 + 1) [ v_i.0 - v_i.1 - 1 >= 0 /\ v_1 - v_i.1 - 1 >= 0 /\ v_i.1 >= 0 /\ v_i.0 + v_i.1 - 1 >= 0 /\ v_1 + v_i.1 - 1 >= 0 /\ v_i.0 - 1 >= 0 /\ v_1 + v_i.0 - 2 >= 0 /\ -v_1 + v_i.0 >= 0 /\ v_1 - 1 >= 0 /\ v_i.1 + 1 >= 0 /\ v_i.0 + v_i.1 + 1 >= 0 /\ v_i.0 >= 0 /\ v_i.1 + 1 < v_1 ]
		(?, 2)    eval_find_nearby_colors_bb16_in(v_1, v_i.0, v_i.1) -> eval_find_nearby_colors_bb1_in(v_1, v_i.0 + 1, v_i.1) [ v_1 - v_i.0 - 1 >= 0 /\ v_i.0 >= 0 /\ v_1 + v_i.0 - 1 >= 0 /\ v_1 - 1 >= 0 ]
		(?, 1)    eval_find_nearby_colors_bb9_in(v_1, v_i.0, v_i.1) -> eval_find_nearby_colors_bb16_in(v_1, v_i.0, v_i.1) [ v_1 - v_i.0 - 1 >= 0 /\ v_i.0 >= 0 /\ v_1 + v_i.0 - 1 >= 0 /\ v_1 - 1 >= 0 ]
		(1, 1)    eval_find_nearby_colors_bb1_in(v_1, v_i.0, v_i.1) -> eval_find_nearby_colors_bb24_in(v_1, v_i.0, 0) [ v_i.0 >= 0 /\ v_i.0 >= v_1 ]
		(?, 1)    eval_find_nearby_colors_bb1_in(v_1, v_i.0, v_i.1) -> eval_find_nearby_colors_bb9_in(v_1, v_i.0, v_i.1) [ v_i.0 >= 0 /\ v_i.0 < v_1 ]
		(1, 2)    eval_find_nearby_colors_start(v_1, v_i.0, v_i.1) -> eval_find_nearby_colors_bb1_in(nondef.0, 0, v_i.1)
	start location:	eval_find_nearby_colors_start
	leaf cost:	1

By chaining the transition eval_find_nearby_colors_bb24_in(v_1, v_i.0, v_i.1) -> eval_find_nearby_colors_bb27_in(v_1, v_i.0, v_i.1 + 1) [ v_i.0 - v_i.1 >= 0 /\ v_i.1 >= 0 /\ v_i.0 + v_i.1 >= 0 /\ v_i.0 >= 0 /\ -v_1 + v_i.0 >= 0 /\ v_i.1 < v_1 /\ v_i.0 - v_i.1 - 1 >= 0 /\ v_1 - v_i.1 - 1 >= 0 /\ v_i.0 + v_i.1 - 1 >= 0 /\ v_1 + v_i.1 - 1 >= 0 /\ v_i.0 - 1 >= 0 /\ v_1 + v_i.0 - 2 >= 0 /\ v_1 - 1 >= 0 /\ v_i.1 + 1 >= 0 /\ v_i.0 + v_i.1 + 1 >= 0 /\ v_i.1 + 1 < v_1 ] with all transitions in problem 13, the following new transition is obtained:
	eval_find_nearby_colors_bb24_in(v_1, v_i.0, v_i.1) -> eval_find_nearby_colors_bb27_in(v_1, v_i.0, v_i.1 + 2) [ v_i.0 - v_i.1 >= 0 /\ v_i.1 >= 0 /\ v_i.0 + v_i.1 >= 0 /\ v_i.0 >= 0 /\ -v_1 + v_i.0 >= 0 /\ v_i.1 < v_1 /\ v_i.0 - v_i.1 - 1 >= 0 /\ v_1 - v_i.1 - 1 >= 0 /\ v_i.0 + v_i.1 - 1 >= 0 /\ v_1 + v_i.1 - 1 >= 0 /\ v_i.0 - 1 >= 0 /\ v_1 + v_i.0 - 2 >= 0 /\ v_1 - 1 >= 0 /\ v_i.1 + 1 >= 0 /\ v_i.0 + v_i.1 + 1 >= 0 /\ v_i.1 + 1 < v_1 /\ v_i.0 - v_i.1 - 2 >= 0 /\ v_1 - v_i.1 - 2 >= 0 /\ v_1 + v_i.1 >= 0 /\ v_i.1 + 2 >= 0 /\ v_i.0 + v_i.1 + 2 >= 0 /\ v_i.1 + 2 < v_1 ]
We thus obtain the following problem:
14:	T:
		(1, 5)    eval_find_nearby_colors_bb24_in(v_1, v_i.0, v_i.1) -> eval_find_nearby_colors_bb27_in(v_1, v_i.0, v_i.1 + 2) [ v_i.0 - v_i.1 >= 0 /\ v_i.1 >= 0 /\ v_i.0 + v_i.1 >= 0 /\ v_i.0 >= 0 /\ -v_1 + v_i.0 >= 0 /\ v_i.1 < v_1 /\ v_i.0 - v_i.1 - 1 >= 0 /\ v_1 - v_i.1 - 1 >= 0 /\ v_i.0 + v_i.1 - 1 >= 0 /\ v_1 + v_i.1 - 1 >= 0 /\ v_i.0 - 1 >= 0 /\ v_1 + v_i.0 - 2 >= 0 /\ v_1 - 1 >= 0 /\ v_i.1 + 1 >= 0 /\ v_i.0 + v_i.1 + 1 >= 0 /\ v_i.1 + 1 < v_1 /\ v_i.0 - v_i.1 - 2 >= 0 /\ v_1 - v_i.1 - 2 >= 0 /\ v_1 + v_i.1 >= 0 /\ v_i.1 + 2 >= 0 /\ v_i.0 + v_i.1 + 2 >= 0 /\ v_i.1 + 2 < v_1 ]
		(?, 2)    eval_find_nearby_colors_bb27_in(v_1, v_i.0, v_i.1) -> eval_find_nearby_colors_bb27_in(v_1, v_i.0, v_i.1 + 1) [ v_i.0 - v_i.1 - 1 >= 0 /\ v_1 - v_i.1 - 1 >= 0 /\ v_i.1 >= 0 /\ v_i.0 + v_i.1 - 1 >= 0 /\ v_1 + v_i.1 - 1 >= 0 /\ v_i.0 - 1 >= 0 /\ v_1 + v_i.0 - 2 >= 0 /\ -v_1 + v_i.0 >= 0 /\ v_1 - 1 >= 0 /\ v_i.1 + 1 >= 0 /\ v_i.0 + v_i.1 + 1 >= 0 /\ v_i.0 >= 0 /\ v_i.1 + 1 < v_1 ]
		(?, 2)    eval_find_nearby_colors_bb16_in(v_1, v_i.0, v_i.1) -> eval_find_nearby_colors_bb1_in(v_1, v_i.0 + 1, v_i.1) [ v_1 - v_i.0 - 1 >= 0 /\ v_i.0 >= 0 /\ v_1 + v_i.0 - 1 >= 0 /\ v_1 - 1 >= 0 ]
		(?, 1)    eval_find_nearby_colors_bb9_in(v_1, v_i.0, v_i.1) -> eval_find_nearby_colors_bb16_in(v_1, v_i.0, v_i.1) [ v_1 - v_i.0 - 1 >= 0 /\ v_i.0 >= 0 /\ v_1 + v_i.0 - 1 >= 0 /\ v_1 - 1 >= 0 ]
		(1, 1)    eval_find_nearby_colors_bb1_in(v_1, v_i.0, v_i.1) -> eval_find_nearby_colors_bb24_in(v_1, v_i.0, 0) [ v_i.0 >= 0 /\ v_i.0 >= v_1 ]
		(?, 1)    eval_find_nearby_colors_bb1_in(v_1, v_i.0, v_i.1) -> eval_find_nearby_colors_bb9_in(v_1, v_i.0, v_i.1) [ v_i.0 >= 0 /\ v_i.0 < v_1 ]
		(1, 2)    eval_find_nearby_colors_start(v_1, v_i.0, v_i.1) -> eval_find_nearby_colors_bb1_in(nondef.0, 0, v_i.1)
	start location:	eval_find_nearby_colors_start
	leaf cost:	1

By chaining the transition eval_find_nearby_colors_bb24_in(v_1, v_i.0, v_i.1) -> eval_find_nearby_colors_bb27_in(v_1, v_i.0, v_i.1 + 2) [ v_i.0 - v_i.1 >= 0 /\ v_i.1 >= 0 /\ v_i.0 + v_i.1 >= 0 /\ v_i.0 >= 0 /\ -v_1 + v_i.0 >= 0 /\ v_i.1 < v_1 /\ v_i.0 - v_i.1 - 1 >= 0 /\ v_1 - v_i.1 - 1 >= 0 /\ v_i.0 + v_i.1 - 1 >= 0 /\ v_1 + v_i.1 - 1 >= 0 /\ v_i.0 - 1 >= 0 /\ v_1 + v_i.0 - 2 >= 0 /\ v_1 - 1 >= 0 /\ v_i.1 + 1 >= 0 /\ v_i.0 + v_i.1 + 1 >= 0 /\ v_i.1 + 1 < v_1 /\ v_i.0 - v_i.1 - 2 >= 0 /\ v_1 - v_i.1 - 2 >= 0 /\ v_1 + v_i.1 >= 0 /\ v_i.1 + 2 >= 0 /\ v_i.0 + v_i.1 + 2 >= 0 /\ v_i.1 + 2 < v_1 ] with all transitions in problem 14, the following new transition is obtained:
	eval_find_nearby_colors_bb24_in(v_1, v_i.0, v_i.1) -> eval_find_nearby_colors_bb27_in(v_1, v_i.0, v_i.1 + 3) [ v_i.0 - v_i.1 >= 0 /\ v_i.1 >= 0 /\ v_i.0 + v_i.1 >= 0 /\ v_i.0 >= 0 /\ -v_1 + v_i.0 >= 0 /\ v_i.1 < v_1 /\ v_i.0 - v_i.1 - 1 >= 0 /\ v_1 - v_i.1 - 1 >= 0 /\ v_i.0 + v_i.1 - 1 >= 0 /\ v_1 + v_i.1 - 1 >= 0 /\ v_i.0 - 1 >= 0 /\ v_1 + v_i.0 - 2 >= 0 /\ v_1 - 1 >= 0 /\ v_i.1 + 1 >= 0 /\ v_i.0 + v_i.1 + 1 >= 0 /\ v_i.1 + 1 < v_1 /\ v_i.0 - v_i.1 - 2 >= 0 /\ v_1 - v_i.1 - 2 >= 0 /\ v_1 + v_i.1 >= 0 /\ v_i.1 + 2 >= 0 /\ v_i.0 + v_i.1 + 2 >= 0 /\ v_i.1 + 2 < v_1 /\ v_i.0 - v_i.1 - 3 >= 0 /\ v_1 - v_i.1 - 3 >= 0 /\ v_1 + v_i.1 + 1 >= 0 /\ v_i.1 + 3 >= 0 /\ v_i.0 + v_i.1 + 3 >= 0 /\ v_i.1 + 3 < v_1 ]
We thus obtain the following problem:
15:	T:
		(1, 7)    eval_find_nearby_colors_bb24_in(v_1, v_i.0, v_i.1) -> eval_find_nearby_colors_bb27_in(v_1, v_i.0, v_i.1 + 3) [ v_i.0 - v_i.1 >= 0 /\ v_i.1 >= 0 /\ v_i.0 + v_i.1 >= 0 /\ v_i.0 >= 0 /\ -v_1 + v_i.0 >= 0 /\ v_i.1 < v_1 /\ v_i.0 - v_i.1 - 1 >= 0 /\ v_1 - v_i.1 - 1 >= 0 /\ v_i.0 + v_i.1 - 1 >= 0 /\ v_1 + v_i.1 - 1 >= 0 /\ v_i.0 - 1 >= 0 /\ v_1 + v_i.0 - 2 >= 0 /\ v_1 - 1 >= 0 /\ v_i.1 + 1 >= 0 /\ v_i.0 + v_i.1 + 1 >= 0 /\ v_i.1 + 1 < v_1 /\ v_i.0 - v_i.1 - 2 >= 0 /\ v_1 - v_i.1 - 2 >= 0 /\ v_1 + v_i.1 >= 0 /\ v_i.1 + 2 >= 0 /\ v_i.0 + v_i.1 + 2 >= 0 /\ v_i.1 + 2 < v_1 /\ v_i.0 - v_i.1 - 3 >= 0 /\ v_1 - v_i.1 - 3 >= 0 /\ v_1 + v_i.1 + 1 >= 0 /\ v_i.1 + 3 >= 0 /\ v_i.0 + v_i.1 + 3 >= 0 /\ v_i.1 + 3 < v_1 ]
		(?, 2)    eval_find_nearby_colors_bb27_in(v_1, v_i.0, v_i.1) -> eval_find_nearby_colors_bb27_in(v_1, v_i.0, v_i.1 + 1) [ v_i.0 - v_i.1 - 1 >= 0 /\ v_1 - v_i.1 - 1 >= 0 /\ v_i.1 >= 0 /\ v_i.0 + v_i.1 - 1 >= 0 /\ v_1 + v_i.1 - 1 >= 0 /\ v_i.0 - 1 >= 0 /\ v_1 + v_i.0 - 2 >= 0 /\ -v_1 + v_i.0 >= 0 /\ v_1 - 1 >= 0 /\ v_i.1 + 1 >= 0 /\ v_i.0 + v_i.1 + 1 >= 0 /\ v_i.0 >= 0 /\ v_i.1 + 1 < v_1 ]
		(?, 2)    eval_find_nearby_colors_bb16_in(v_1, v_i.0, v_i.1) -> eval_find_nearby_colors_bb1_in(v_1, v_i.0 + 1, v_i.1) [ v_1 - v_i.0 - 1 >= 0 /\ v_i.0 >= 0 /\ v_1 + v_i.0 - 1 >= 0 /\ v_1 - 1 >= 0 ]
		(?, 1)    eval_find_nearby_colors_bb9_in(v_1, v_i.0, v_i.1) -> eval_find_nearby_colors_bb16_in(v_1, v_i.0, v_i.1) [ v_1 - v_i.0 - 1 >= 0 /\ v_i.0 >= 0 /\ v_1 + v_i.0 - 1 >= 0 /\ v_1 - 1 >= 0 ]
		(1, 1)    eval_find_nearby_colors_bb1_in(v_1, v_i.0, v_i.1) -> eval_find_nearby_colors_bb24_in(v_1, v_i.0, 0) [ v_i.0 >= 0 /\ v_i.0 >= v_1 ]
		(?, 1)    eval_find_nearby_colors_bb1_in(v_1, v_i.0, v_i.1) -> eval_find_nearby_colors_bb9_in(v_1, v_i.0, v_i.1) [ v_i.0 >= 0 /\ v_i.0 < v_1 ]
		(1, 2)    eval_find_nearby_colors_start(v_1, v_i.0, v_i.1) -> eval_find_nearby_colors_bb1_in(nondef.0, 0, v_i.1)
	start location:	eval_find_nearby_colors_start
	leaf cost:	1

By chaining the transition eval_find_nearby_colors_bb24_in(v_1, v_i.0, v_i.1) -> eval_find_nearby_colors_bb27_in(v_1, v_i.0, v_i.1 + 3) [ v_i.0 - v_i.1 >= 0 /\ v_i.1 >= 0 /\ v_i.0 + v_i.1 >= 0 /\ v_i.0 >= 0 /\ -v_1 + v_i.0 >= 0 /\ v_i.1 < v_1 /\ v_i.0 - v_i.1 - 1 >= 0 /\ v_1 - v_i.1 - 1 >= 0 /\ v_i.0 + v_i.1 - 1 >= 0 /\ v_1 + v_i.1 - 1 >= 0 /\ v_i.0 - 1 >= 0 /\ v_1 + v_i.0 - 2 >= 0 /\ v_1 - 1 >= 0 /\ v_i.1 + 1 >= 0 /\ v_i.0 + v_i.1 + 1 >= 0 /\ v_i.1 + 1 < v_1 /\ v_i.0 - v_i.1 - 2 >= 0 /\ v_1 - v_i.1 - 2 >= 0 /\ v_1 + v_i.1 >= 0 /\ v_i.1 + 2 >= 0 /\ v_i.0 + v_i.1 + 2 >= 0 /\ v_i.1 + 2 < v_1 /\ v_i.0 - v_i.1 - 3 >= 0 /\ v_1 - v_i.1 - 3 >= 0 /\ v_1 + v_i.1 + 1 >= 0 /\ v_i.1 + 3 >= 0 /\ v_i.0 + v_i.1 + 3 >= 0 /\ v_i.1 + 3 < v_1 ] with all transitions in problem 15, the following new transition is obtained:
	eval_find_nearby_colors_bb24_in(v_1, v_i.0, v_i.1) -> eval_find_nearby_colors_bb27_in(v_1, v_i.0, v_i.1 + 4) [ v_i.0 - v_i.1 >= 0 /\ v_i.1 >= 0 /\ v_i.0 + v_i.1 >= 0 /\ v_i.0 >= 0 /\ -v_1 + v_i.0 >= 0 /\ v_i.1 < v_1 /\ v_i.0 - v_i.1 - 1 >= 0 /\ v_1 - v_i.1 - 1 >= 0 /\ v_i.0 + v_i.1 - 1 >= 0 /\ v_1 + v_i.1 - 1 >= 0 /\ v_i.0 - 1 >= 0 /\ v_1 + v_i.0 - 2 >= 0 /\ v_1 - 1 >= 0 /\ v_i.1 + 1 >= 0 /\ v_i.0 + v_i.1 + 1 >= 0 /\ v_i.1 + 1 < v_1 /\ v_i.0 - v_i.1 - 2 >= 0 /\ v_1 - v_i.1 - 2 >= 0 /\ v_1 + v_i.1 >= 0 /\ v_i.1 + 2 >= 0 /\ v_i.0 + v_i.1 + 2 >= 0 /\ v_i.1 + 2 < v_1 /\ v_i.0 - v_i.1 - 3 >= 0 /\ v_1 - v_i.1 - 3 >= 0 /\ v_1 + v_i.1 + 1 >= 0 /\ v_i.1 + 3 >= 0 /\ v_i.0 + v_i.1 + 3 >= 0 /\ v_i.1 + 3 < v_1 /\ v_i.0 - v_i.1 - 4 >= 0 /\ v_1 - v_i.1 - 4 >= 0 /\ v_1 + v_i.1 + 2 >= 0 /\ v_i.1 + 4 >= 0 /\ v_i.0 + v_i.1 + 4 >= 0 /\ v_i.1 + 4 < v_1 ]
We thus obtain the following problem:
16:	T:
		(1, 9)    eval_find_nearby_colors_bb24_in(v_1, v_i.0, v_i.1) -> eval_find_nearby_colors_bb27_in(v_1, v_i.0, v_i.1 + 4) [ v_i.0 - v_i.1 >= 0 /\ v_i.1 >= 0 /\ v_i.0 + v_i.1 >= 0 /\ v_i.0 >= 0 /\ -v_1 + v_i.0 >= 0 /\ v_i.1 < v_1 /\ v_i.0 - v_i.1 - 1 >= 0 /\ v_1 - v_i.1 - 1 >= 0 /\ v_i.0 + v_i.1 - 1 >= 0 /\ v_1 + v_i.1 - 1 >= 0 /\ v_i.0 - 1 >= 0 /\ v_1 + v_i.0 - 2 >= 0 /\ v_1 - 1 >= 0 /\ v_i.1 + 1 >= 0 /\ v_i.0 + v_i.1 + 1 >= 0 /\ v_i.1 + 1 < v_1 /\ v_i.0 - v_i.1 - 2 >= 0 /\ v_1 - v_i.1 - 2 >= 0 /\ v_1 + v_i.1 >= 0 /\ v_i.1 + 2 >= 0 /\ v_i.0 + v_i.1 + 2 >= 0 /\ v_i.1 + 2 < v_1 /\ v_i.0 - v_i.1 - 3 >= 0 /\ v_1 - v_i.1 - 3 >= 0 /\ v_1 + v_i.1 + 1 >= 0 /\ v_i.1 + 3 >= 0 /\ v_i.0 + v_i.1 + 3 >= 0 /\ v_i.1 + 3 < v_1 /\ v_i.0 - v_i.1 - 4 >= 0 /\ v_1 - v_i.1 - 4 >= 0 /\ v_1 + v_i.1 + 2 >= 0 /\ v_i.1 + 4 >= 0 /\ v_i.0 + v_i.1 + 4 >= 0 /\ v_i.1 + 4 < v_1 ]
		(?, 2)    eval_find_nearby_colors_bb27_in(v_1, v_i.0, v_i.1) -> eval_find_nearby_colors_bb27_in(v_1, v_i.0, v_i.1 + 1) [ v_i.0 - v_i.1 - 1 >= 0 /\ v_1 - v_i.1 - 1 >= 0 /\ v_i.1 >= 0 /\ v_i.0 + v_i.1 - 1 >= 0 /\ v_1 + v_i.1 - 1 >= 0 /\ v_i.0 - 1 >= 0 /\ v_1 + v_i.0 - 2 >= 0 /\ -v_1 + v_i.0 >= 0 /\ v_1 - 1 >= 0 /\ v_i.1 + 1 >= 0 /\ v_i.0 + v_i.1 + 1 >= 0 /\ v_i.0 >= 0 /\ v_i.1 + 1 < v_1 ]
		(?, 2)    eval_find_nearby_colors_bb16_in(v_1, v_i.0, v_i.1) -> eval_find_nearby_colors_bb1_in(v_1, v_i.0 + 1, v_i.1) [ v_1 - v_i.0 - 1 >= 0 /\ v_i.0 >= 0 /\ v_1 + v_i.0 - 1 >= 0 /\ v_1 - 1 >= 0 ]
		(?, 1)    eval_find_nearby_colors_bb9_in(v_1, v_i.0, v_i.1) -> eval_find_nearby_colors_bb16_in(v_1, v_i.0, v_i.1) [ v_1 - v_i.0 - 1 >= 0 /\ v_i.0 >= 0 /\ v_1 + v_i.0 - 1 >= 0 /\ v_1 - 1 >= 0 ]
		(1, 1)    eval_find_nearby_colors_bb1_in(v_1, v_i.0, v_i.1) -> eval_find_nearby_colors_bb24_in(v_1, v_i.0, 0) [ v_i.0 >= 0 /\ v_i.0 >= v_1 ]
		(?, 1)    eval_find_nearby_colors_bb1_in(v_1, v_i.0, v_i.1) -> eval_find_nearby_colors_bb9_in(v_1, v_i.0, v_i.1) [ v_i.0 >= 0 /\ v_i.0 < v_1 ]
		(1, 2)    eval_find_nearby_colors_start(v_1, v_i.0, v_i.1) -> eval_find_nearby_colors_bb1_in(nondef.0, 0, v_i.1)
	start location:	eval_find_nearby_colors_start
	leaf cost:	1

By chaining the transition eval_find_nearby_colors_bb24_in(v_1, v_i.0, v_i.1) -> eval_find_nearby_colors_bb27_in(v_1, v_i.0, v_i.1 + 4) [ v_i.0 - v_i.1 >= 0 /\ v_i.1 >= 0 /\ v_i.0 + v_i.1 >= 0 /\ v_i.0 >= 0 /\ -v_1 + v_i.0 >= 0 /\ v_i.1 < v_1 /\ v_i.0 - v_i.1 - 1 >= 0 /\ v_1 - v_i.1 - 1 >= 0 /\ v_i.0 + v_i.1 - 1 >= 0 /\ v_1 + v_i.1 - 1 >= 0 /\ v_i.0 - 1 >= 0 /\ v_1 + v_i.0 - 2 >= 0 /\ v_1 - 1 >= 0 /\ v_i.1 + 1 >= 0 /\ v_i.0 + v_i.1 + 1 >= 0 /\ v_i.1 + 1 < v_1 /\ v_i.0 - v_i.1 - 2 >= 0 /\ v_1 - v_i.1 - 2 >= 0 /\ v_1 + v_i.1 >= 0 /\ v_i.1 + 2 >= 0 /\ v_i.0 + v_i.1 + 2 >= 0 /\ v_i.1 + 2 < v_1 /\ v_i.0 - v_i.1 - 3 >= 0 /\ v_1 - v_i.1 - 3 >= 0 /\ v_1 + v_i.1 + 1 >= 0 /\ v_i.1 + 3 >= 0 /\ v_i.0 + v_i.1 + 3 >= 0 /\ v_i.1 + 3 < v_1 /\ v_i.0 - v_i.1 - 4 >= 0 /\ v_1 - v_i.1 - 4 >= 0 /\ v_1 + v_i.1 + 2 >= 0 /\ v_i.1 + 4 >= 0 /\ v_i.0 + v_i.1 + 4 >= 0 /\ v_i.1 + 4 < v_1 ] with all transitions in problem 16, the following new transition is obtained:
	eval_find_nearby_colors_bb24_in(v_1, v_i.0, v_i.1) -> eval_find_nearby_colors_bb27_in(v_1, v_i.0, v_i.1 + 5) [ v_i.0 - v_i.1 >= 0 /\ v_i.1 >= 0 /\ v_i.0 + v_i.1 >= 0 /\ v_i.0 >= 0 /\ -v_1 + v_i.0 >= 0 /\ v_i.1 < v_1 /\ v_i.0 - v_i.1 - 1 >= 0 /\ v_1 - v_i.1 - 1 >= 0 /\ v_i.0 + v_i.1 - 1 >= 0 /\ v_1 + v_i.1 - 1 >= 0 /\ v_i.0 - 1 >= 0 /\ v_1 + v_i.0 - 2 >= 0 /\ v_1 - 1 >= 0 /\ v_i.1 + 1 >= 0 /\ v_i.0 + v_i.1 + 1 >= 0 /\ v_i.1 + 1 < v_1 /\ v_i.0 - v_i.1 - 2 >= 0 /\ v_1 - v_i.1 - 2 >= 0 /\ v_1 + v_i.1 >= 0 /\ v_i.1 + 2 >= 0 /\ v_i.0 + v_i.1 + 2 >= 0 /\ v_i.1 + 2 < v_1 /\ v_i.0 - v_i.1 - 3 >= 0 /\ v_1 - v_i.1 - 3 >= 0 /\ v_1 + v_i.1 + 1 >= 0 /\ v_i.1 + 3 >= 0 /\ v_i.0 + v_i.1 + 3 >= 0 /\ v_i.1 + 3 < v_1 /\ v_i.0 - v_i.1 - 4 >= 0 /\ v_1 - v_i.1 - 4 >= 0 /\ v_1 + v_i.1 + 2 >= 0 /\ v_i.1 + 4 >= 0 /\ v_i.0 + v_i.1 + 4 >= 0 /\ v_i.1 + 4 < v_1 /\ v_i.0 - v_i.1 - 5 >= 0 /\ v_1 - v_i.1 - 5 >= 0 /\ v_1 + v_i.1 + 3 >= 0 /\ v_i.1 + 5 >= 0 /\ v_i.0 + v_i.1 + 5 >= 0 /\ v_i.1 + 5 < v_1 ]
We thus obtain the following problem:
17:	T:
		(1, 11)    eval_find_nearby_colors_bb24_in(v_1, v_i.0, v_i.1) -> eval_find_nearby_colors_bb27_in(v_1, v_i.0, v_i.1 + 5) [ v_i.0 - v_i.1 >= 0 /\ v_i.1 >= 0 /\ v_i.0 + v_i.1 >= 0 /\ v_i.0 >= 0 /\ -v_1 + v_i.0 >= 0 /\ v_i.1 < v_1 /\ v_i.0 - v_i.1 - 1 >= 0 /\ v_1 - v_i.1 - 1 >= 0 /\ v_i.0 + v_i.1 - 1 >= 0 /\ v_1 + v_i.1 - 1 >= 0 /\ v_i.0 - 1 >= 0 /\ v_1 + v_i.0 - 2 >= 0 /\ v_1 - 1 >= 0 /\ v_i.1 + 1 >= 0 /\ v_i.0 + v_i.1 + 1 >= 0 /\ v_i.1 + 1 < v_1 /\ v_i.0 - v_i.1 - 2 >= 0 /\ v_1 - v_i.1 - 2 >= 0 /\ v_1 + v_i.1 >= 0 /\ v_i.1 + 2 >= 0 /\ v_i.0 + v_i.1 + 2 >= 0 /\ v_i.1 + 2 < v_1 /\ v_i.0 - v_i.1 - 3 >= 0 /\ v_1 - v_i.1 - 3 >= 0 /\ v_1 + v_i.1 + 1 >= 0 /\ v_i.1 + 3 >= 0 /\ v_i.0 + v_i.1 + 3 >= 0 /\ v_i.1 + 3 < v_1 /\ v_i.0 - v_i.1 - 4 >= 0 /\ v_1 - v_i.1 - 4 >= 0 /\ v_1 + v_i.1 + 2 >= 0 /\ v_i.1 + 4 >= 0 /\ v_i.0 + v_i.1 + 4 >= 0 /\ v_i.1 + 4 < v_1 /\ v_i.0 - v_i.1 - 5 >= 0 /\ v_1 - v_i.1 - 5 >= 0 /\ v_1 + v_i.1 + 3 >= 0 /\ v_i.1 + 5 >= 0 /\ v_i.0 + v_i.1 + 5 >= 0 /\ v_i.1 + 5 < v_1 ]
		(?, 2)     eval_find_nearby_colors_bb27_in(v_1, v_i.0, v_i.1) -> eval_find_nearby_colors_bb27_in(v_1, v_i.0, v_i.1 + 1) [ v_i.0 - v_i.1 - 1 >= 0 /\ v_1 - v_i.1 - 1 >= 0 /\ v_i.1 >= 0 /\ v_i.0 + v_i.1 - 1 >= 0 /\ v_1 + v_i.1 - 1 >= 0 /\ v_i.0 - 1 >= 0 /\ v_1 + v_i.0 - 2 >= 0 /\ -v_1 + v_i.0 >= 0 /\ v_1 - 1 >= 0 /\ v_i.1 + 1 >= 0 /\ v_i.0 + v_i.1 + 1 >= 0 /\ v_i.0 >= 0 /\ v_i.1 + 1 < v_1 ]
		(?, 2)     eval_find_nearby_colors_bb16_in(v_1, v_i.0, v_i.1) -> eval_find_nearby_colors_bb1_in(v_1, v_i.0 + 1, v_i.1) [ v_1 - v_i.0 - 1 >= 0 /\ v_i.0 >= 0 /\ v_1 + v_i.0 - 1 >= 0 /\ v_1 - 1 >= 0 ]
		(?, 1)     eval_find_nearby_colors_bb9_in(v_1, v_i.0, v_i.1) -> eval_find_nearby_colors_bb16_in(v_1, v_i.0, v_i.1) [ v_1 - v_i.0 - 1 >= 0 /\ v_i.0 >= 0 /\ v_1 + v_i.0 - 1 >= 0 /\ v_1 - 1 >= 0 ]
		(1, 1)     eval_find_nearby_colors_bb1_in(v_1, v_i.0, v_i.1) -> eval_find_nearby_colors_bb24_in(v_1, v_i.0, 0) [ v_i.0 >= 0 /\ v_i.0 >= v_1 ]
		(?, 1)     eval_find_nearby_colors_bb1_in(v_1, v_i.0, v_i.1) -> eval_find_nearby_colors_bb9_in(v_1, v_i.0, v_i.1) [ v_i.0 >= 0 /\ v_i.0 < v_1 ]
		(1, 2)     eval_find_nearby_colors_start(v_1, v_i.0, v_i.1) -> eval_find_nearby_colors_bb1_in(nondef.0, 0, v_i.1)
	start location:	eval_find_nearby_colors_start
	leaf cost:	1

By chaining the transition eval_find_nearby_colors_bb24_in(v_1, v_i.0, v_i.1) -> eval_find_nearby_colors_bb27_in(v_1, v_i.0, v_i.1 + 5) [ v_i.0 - v_i.1 >= 0 /\ v_i.1 >= 0 /\ v_i.0 + v_i.1 >= 0 /\ v_i.0 >= 0 /\ -v_1 + v_i.0 >= 0 /\ v_i.1 < v_1 /\ v_i.0 - v_i.1 - 1 >= 0 /\ v_1 - v_i.1 - 1 >= 0 /\ v_i.0 + v_i.1 - 1 >= 0 /\ v_1 + v_i.1 - 1 >= 0 /\ v_i.0 - 1 >= 0 /\ v_1 + v_i.0 - 2 >= 0 /\ v_1 - 1 >= 0 /\ v_i.1 + 1 >= 0 /\ v_i.0 + v_i.1 + 1 >= 0 /\ v_i.1 + 1 < v_1 /\ v_i.0 - v_i.1 - 2 >= 0 /\ v_1 - v_i.1 - 2 >= 0 /\ v_1 + v_i.1 >= 0 /\ v_i.1 + 2 >= 0 /\ v_i.0 + v_i.1 + 2 >= 0 /\ v_i.1 + 2 < v_1 /\ v_i.0 - v_i.1 - 3 >= 0 /\ v_1 - v_i.1 - 3 >= 0 /\ v_1 + v_i.1 + 1 >= 0 /\ v_i.1 + 3 >= 0 /\ v_i.0 + v_i.1 + 3 >= 0 /\ v_i.1 + 3 < v_1 /\ v_i.0 - v_i.1 - 4 >= 0 /\ v_1 - v_i.1 - 4 >= 0 /\ v_1 + v_i.1 + 2 >= 0 /\ v_i.1 + 4 >= 0 /\ v_i.0 + v_i.1 + 4 >= 0 /\ v_i.1 + 4 < v_1 /\ v_i.0 - v_i.1 - 5 >= 0 /\ v_1 - v_i.1 - 5 >= 0 /\ v_1 + v_i.1 + 3 >= 0 /\ v_i.1 + 5 >= 0 /\ v_i.0 + v_i.1 + 5 >= 0 /\ v_i.1 + 5 < v_1 ] with all transitions in problem 17, the following new transition is obtained:
	eval_find_nearby_colors_bb24_in(v_1, v_i.0, v_i.1) -> eval_find_nearby_colors_bb27_in(v_1, v_i.0, v_i.1 + 6) [ v_i.0 - v_i.1 >= 0 /\ v_i.1 >= 0 /\ v_i.0 + v_i.1 >= 0 /\ v_i.0 >= 0 /\ -v_1 + v_i.0 >= 0 /\ v_i.1 < v_1 /\ v_i.0 - v_i.1 - 1 >= 0 /\ v_1 - v_i.1 - 1 >= 0 /\ v_i.0 + v_i.1 - 1 >= 0 /\ v_1 + v_i.1 - 1 >= 0 /\ v_i.0 - 1 >= 0 /\ v_1 + v_i.0 - 2 >= 0 /\ v_1 - 1 >= 0 /\ v_i.1 + 1 >= 0 /\ v_i.0 + v_i.1 + 1 >= 0 /\ v_i.1 + 1 < v_1 /\ v_i.0 - v_i.1 - 2 >= 0 /\ v_1 - v_i.1 - 2 >= 0 /\ v_1 + v_i.1 >= 0 /\ v_i.1 + 2 >= 0 /\ v_i.0 + v_i.1 + 2 >= 0 /\ v_i.1 + 2 < v_1 /\ v_i.0 - v_i.1 - 3 >= 0 /\ v_1 - v_i.1 - 3 >= 0 /\ v_1 + v_i.1 + 1 >= 0 /\ v_i.1 + 3 >= 0 /\ v_i.0 + v_i.1 + 3 >= 0 /\ v_i.1 + 3 < v_1 /\ v_i.0 - v_i.1 - 4 >= 0 /\ v_1 - v_i.1 - 4 >= 0 /\ v_1 + v_i.1 + 2 >= 0 /\ v_i.1 + 4 >= 0 /\ v_i.0 + v_i.1 + 4 >= 0 /\ v_i.1 + 4 < v_1 /\ v_i.0 - v_i.1 - 5 >= 0 /\ v_1 - v_i.1 - 5 >= 0 /\ v_1 + v_i.1 + 3 >= 0 /\ v_i.1 + 5 >= 0 /\ v_i.0 + v_i.1 + 5 >= 0 /\ v_i.1 + 5 < v_1 /\ v_i.0 - v_i.1 - 6 >= 0 /\ v_1 - v_i.1 - 6 >= 0 /\ v_1 + v_i.1 + 4 >= 0 /\ v_i.1 + 6 >= 0 /\ v_i.0 + v_i.1 + 6 >= 0 /\ v_i.1 + 6 < v_1 ]
We thus obtain the following problem:
18:	T:
		(1, 13)    eval_find_nearby_colors_bb24_in(v_1, v_i.0, v_i.1) -> eval_find_nearby_colors_bb27_in(v_1, v_i.0, v_i.1 + 6) [ v_i.0 - v_i.1 >= 0 /\ v_i.1 >= 0 /\ v_i.0 + v_i.1 >= 0 /\ v_i.0 >= 0 /\ -v_1 + v_i.0 >= 0 /\ v_i.1 < v_1 /\ v_i.0 - v_i.1 - 1 >= 0 /\ v_1 - v_i.1 - 1 >= 0 /\ v_i.0 + v_i.1 - 1 >= 0 /\ v_1 + v_i.1 - 1 >= 0 /\ v_i.0 - 1 >= 0 /\ v_1 + v_i.0 - 2 >= 0 /\ v_1 - 1 >= 0 /\ v_i.1 + 1 >= 0 /\ v_i.0 + v_i.1 + 1 >= 0 /\ v_i.1 + 1 < v_1 /\ v_i.0 - v_i.1 - 2 >= 0 /\ v_1 - v_i.1 - 2 >= 0 /\ v_1 + v_i.1 >= 0 /\ v_i.1 + 2 >= 0 /\ v_i.0 + v_i.1 + 2 >= 0 /\ v_i.1 + 2 < v_1 /\ v_i.0 - v_i.1 - 3 >= 0 /\ v_1 - v_i.1 - 3 >= 0 /\ v_1 + v_i.1 + 1 >= 0 /\ v_i.1 + 3 >= 0 /\ v_i.0 + v_i.1 + 3 >= 0 /\ v_i.1 + 3 < v_1 /\ v_i.0 - v_i.1 - 4 >= 0 /\ v_1 - v_i.1 - 4 >= 0 /\ v_1 + v_i.1 + 2 >= 0 /\ v_i.1 + 4 >= 0 /\ v_i.0 + v_i.1 + 4 >= 0 /\ v_i.1 + 4 < v_1 /\ v_i.0 - v_i.1 - 5 >= 0 /\ v_1 - v_i.1 - 5 >= 0 /\ v_1 + v_i.1 + 3 >= 0 /\ v_i.1 + 5 >= 0 /\ v_i.0 + v_i.1 + 5 >= 0 /\ v_i.1 + 5 < v_1 /\ v_i.0 - v_i.1 - 6 >= 0 /\ v_1 - v_i.1 - 6 >= 0 /\ v_1 + v_i.1 + 4 >= 0 /\ v_i.1 + 6 >= 0 /\ v_i.0 + v_i.1 + 6 >= 0 /\ v_i.1 + 6 < v_1 ]
		(?, 2)     eval_find_nearby_colors_bb27_in(v_1, v_i.0, v_i.1) -> eval_find_nearby_colors_bb27_in(v_1, v_i.0, v_i.1 + 1) [ v_i.0 - v_i.1 - 1 >= 0 /\ v_1 - v_i.1 - 1 >= 0 /\ v_i.1 >= 0 /\ v_i.0 + v_i.1 - 1 >= 0 /\ v_1 + v_i.1 - 1 >= 0 /\ v_i.0 - 1 >= 0 /\ v_1 + v_i.0 - 2 >= 0 /\ -v_1 + v_i.0 >= 0 /\ v_1 - 1 >= 0 /\ v_i.1 + 1 >= 0 /\ v_i.0 + v_i.1 + 1 >= 0 /\ v_i.0 >= 0 /\ v_i.1 + 1 < v_1 ]
		(?, 2)     eval_find_nearby_colors_bb16_in(v_1, v_i.0, v_i.1) -> eval_find_nearby_colors_bb1_in(v_1, v_i.0 + 1, v_i.1) [ v_1 - v_i.0 - 1 >= 0 /\ v_i.0 >= 0 /\ v_1 + v_i.0 - 1 >= 0 /\ v_1 - 1 >= 0 ]
		(?, 1)     eval_find_nearby_colors_bb9_in(v_1, v_i.0, v_i.1) -> eval_find_nearby_colors_bb16_in(v_1, v_i.0, v_i.1) [ v_1 - v_i.0 - 1 >= 0 /\ v_i.0 >= 0 /\ v_1 + v_i.0 - 1 >= 0 /\ v_1 - 1 >= 0 ]
		(1, 1)     eval_find_nearby_colors_bb1_in(v_1, v_i.0, v_i.1) -> eval_find_nearby_colors_bb24_in(v_1, v_i.0, 0) [ v_i.0 >= 0 /\ v_i.0 >= v_1 ]
		(?, 1)     eval_find_nearby_colors_bb1_in(v_1, v_i.0, v_i.1) -> eval_find_nearby_colors_bb9_in(v_1, v_i.0, v_i.1) [ v_i.0 >= 0 /\ v_i.0 < v_1 ]
		(1, 2)     eval_find_nearby_colors_start(v_1, v_i.0, v_i.1) -> eval_find_nearby_colors_bb1_in(nondef.0, 0, v_i.1)
	start location:	eval_find_nearby_colors_start
	leaf cost:	1

By chaining the transition eval_find_nearby_colors_bb24_in(v_1, v_i.0, v_i.1) -> eval_find_nearby_colors_bb27_in(v_1, v_i.0, v_i.1 + 6) [ v_i.0 - v_i.1 >= 0 /\ v_i.1 >= 0 /\ v_i.0 + v_i.1 >= 0 /\ v_i.0 >= 0 /\ -v_1 + v_i.0 >= 0 /\ v_i.1 < v_1 /\ v_i.0 - v_i.1 - 1 >= 0 /\ v_1 - v_i.1 - 1 >= 0 /\ v_i.0 + v_i.1 - 1 >= 0 /\ v_1 + v_i.1 - 1 >= 0 /\ v_i.0 - 1 >= 0 /\ v_1 + v_i.0 - 2 >= 0 /\ v_1 - 1 >= 0 /\ v_i.1 + 1 >= 0 /\ v_i.0 + v_i.1 + 1 >= 0 /\ v_i.1 + 1 < v_1 /\ v_i.0 - v_i.1 - 2 >= 0 /\ v_1 - v_i.1 - 2 >= 0 /\ v_1 + v_i.1 >= 0 /\ v_i.1 + 2 >= 0 /\ v_i.0 + v_i.1 + 2 >= 0 /\ v_i.1 + 2 < v_1 /\ v_i.0 - v_i.1 - 3 >= 0 /\ v_1 - v_i.1 - 3 >= 0 /\ v_1 + v_i.1 + 1 >= 0 /\ v_i.1 + 3 >= 0 /\ v_i.0 + v_i.1 + 3 >= 0 /\ v_i.1 + 3 < v_1 /\ v_i.0 - v_i.1 - 4 >= 0 /\ v_1 - v_i.1 - 4 >= 0 /\ v_1 + v_i.1 + 2 >= 0 /\ v_i.1 + 4 >= 0 /\ v_i.0 + v_i.1 + 4 >= 0 /\ v_i.1 + 4 < v_1 /\ v_i.0 - v_i.1 - 5 >= 0 /\ v_1 - v_i.1 - 5 >= 0 /\ v_1 + v_i.1 + 3 >= 0 /\ v_i.1 + 5 >= 0 /\ v_i.0 + v_i.1 + 5 >= 0 /\ v_i.1 + 5 < v_1 /\ v_i.0 - v_i.1 - 6 >= 0 /\ v_1 - v_i.1 - 6 >= 0 /\ v_1 + v_i.1 + 4 >= 0 /\ v_i.1 + 6 >= 0 /\ v_i.0 + v_i.1 + 6 >= 0 /\ v_i.1 + 6 < v_1 ] with all transitions in problem 18, the following new transition is obtained:
	eval_find_nearby_colors_bb24_in(v_1, v_i.0, v_i.1) -> eval_find_nearby_colors_bb27_in(v_1, v_i.0, v_i.1 + 7) [ v_i.0 - v_i.1 >= 0 /\ v_i.1 >= 0 /\ v_i.0 + v_i.1 >= 0 /\ v_i.0 >= 0 /\ -v_1 + v_i.0 >= 0 /\ v_i.1 < v_1 /\ v_i.0 - v_i.1 - 1 >= 0 /\ v_1 - v_i.1 - 1 >= 0 /\ v_i.0 + v_i.1 - 1 >= 0 /\ v_1 + v_i.1 - 1 >= 0 /\ v_i.0 - 1 >= 0 /\ v_1 + v_i.0 - 2 >= 0 /\ v_1 - 1 >= 0 /\ v_i.1 + 1 >= 0 /\ v_i.0 + v_i.1 + 1 >= 0 /\ v_i.1 + 1 < v_1 /\ v_i.0 - v_i.1 - 2 >= 0 /\ v_1 - v_i.1 - 2 >= 0 /\ v_1 + v_i.1 >= 0 /\ v_i.1 + 2 >= 0 /\ v_i.0 + v_i.1 + 2 >= 0 /\ v_i.1 + 2 < v_1 /\ v_i.0 - v_i.1 - 3 >= 0 /\ v_1 - v_i.1 - 3 >= 0 /\ v_1 + v_i.1 + 1 >= 0 /\ v_i.1 + 3 >= 0 /\ v_i.0 + v_i.1 + 3 >= 0 /\ v_i.1 + 3 < v_1 /\ v_i.0 - v_i.1 - 4 >= 0 /\ v_1 - v_i.1 - 4 >= 0 /\ v_1 + v_i.1 + 2 >= 0 /\ v_i.1 + 4 >= 0 /\ v_i.0 + v_i.1 + 4 >= 0 /\ v_i.1 + 4 < v_1 /\ v_i.0 - v_i.1 - 5 >= 0 /\ v_1 - v_i.1 - 5 >= 0 /\ v_1 + v_i.1 + 3 >= 0 /\ v_i.1 + 5 >= 0 /\ v_i.0 + v_i.1 + 5 >= 0 /\ v_i.1 + 5 < v_1 /\ v_i.0 - v_i.1 - 6 >= 0 /\ v_1 - v_i.1 - 6 >= 0 /\ v_1 + v_i.1 + 4 >= 0 /\ v_i.1 + 6 >= 0 /\ v_i.0 + v_i.1 + 6 >= 0 /\ v_i.1 + 6 < v_1 /\ v_i.0 - v_i.1 - 7 >= 0 /\ v_1 - v_i.1 - 7 >= 0 /\ v_1 + v_i.1 + 5 >= 0 /\ v_i.1 + 7 >= 0 /\ v_i.0 + v_i.1 + 7 >= 0 /\ v_i.1 + 7 < v_1 ]
We thus obtain the following problem:
19:	T:
		(1, 15)    eval_find_nearby_colors_bb24_in(v_1, v_i.0, v_i.1) -> eval_find_nearby_colors_bb27_in(v_1, v_i.0, v_i.1 + 7) [ v_i.0 - v_i.1 >= 0 /\ v_i.1 >= 0 /\ v_i.0 + v_i.1 >= 0 /\ v_i.0 >= 0 /\ -v_1 + v_i.0 >= 0 /\ v_i.1 < v_1 /\ v_i.0 - v_i.1 - 1 >= 0 /\ v_1 - v_i.1 - 1 >= 0 /\ v_i.0 + v_i.1 - 1 >= 0 /\ v_1 + v_i.1 - 1 >= 0 /\ v_i.0 - 1 >= 0 /\ v_1 + v_i.0 - 2 >= 0 /\ v_1 - 1 >= 0 /\ v_i.1 + 1 >= 0 /\ v_i.0 + v_i.1 + 1 >= 0 /\ v_i.1 + 1 < v_1 /\ v_i.0 - v_i.1 - 2 >= 0 /\ v_1 - v_i.1 - 2 >= 0 /\ v_1 + v_i.1 >= 0 /\ v_i.1 + 2 >= 0 /\ v_i.0 + v_i.1 + 2 >= 0 /\ v_i.1 + 2 < v_1 /\ v_i.0 - v_i.1 - 3 >= 0 /\ v_1 - v_i.1 - 3 >= 0 /\ v_1 + v_i.1 + 1 >= 0 /\ v_i.1 + 3 >= 0 /\ v_i.0 + v_i.1 + 3 >= 0 /\ v_i.1 + 3 < v_1 /\ v_i.0 - v_i.1 - 4 >= 0 /\ v_1 - v_i.1 - 4 >= 0 /\ v_1 + v_i.1 + 2 >= 0 /\ v_i.1 + 4 >= 0 /\ v_i.0 + v_i.1 + 4 >= 0 /\ v_i.1 + 4 < v_1 /\ v_i.0 - v_i.1 - 5 >= 0 /\ v_1 - v_i.1 - 5 >= 0 /\ v_1 + v_i.1 + 3 >= 0 /\ v_i.1 + 5 >= 0 /\ v_i.0 + v_i.1 + 5 >= 0 /\ v_i.1 + 5 < v_1 /\ v_i.0 - v_i.1 - 6 >= 0 /\ v_1 - v_i.1 - 6 >= 0 /\ v_1 + v_i.1 + 4 >= 0 /\ v_i.1 + 6 >= 0 /\ v_i.0 + v_i.1 + 6 >= 0 /\ v_i.1 + 6 < v_1 /\ v_i.0 - v_i.1 - 7 >= 0 /\ v_1 - v_i.1 - 7 >= 0 /\ v_1 + v_i.1 + 5 >= 0 /\ v_i.1 + 7 >= 0 /\ v_i.0 + v_i.1 + 7 >= 0 /\ v_i.1 + 7 < v_1 ]
		(?, 2)     eval_find_nearby_colors_bb27_in(v_1, v_i.0, v_i.1) -> eval_find_nearby_colors_bb27_in(v_1, v_i.0, v_i.1 + 1) [ v_i.0 - v_i.1 - 1 >= 0 /\ v_1 - v_i.1 - 1 >= 0 /\ v_i.1 >= 0 /\ v_i.0 + v_i.1 - 1 >= 0 /\ v_1 + v_i.1 - 1 >= 0 /\ v_i.0 - 1 >= 0 /\ v_1 + v_i.0 - 2 >= 0 /\ -v_1 + v_i.0 >= 0 /\ v_1 - 1 >= 0 /\ v_i.1 + 1 >= 0 /\ v_i.0 + v_i.1 + 1 >= 0 /\ v_i.0 >= 0 /\ v_i.1 + 1 < v_1 ]
		(?, 2)     eval_find_nearby_colors_bb16_in(v_1, v_i.0, v_i.1) -> eval_find_nearby_colors_bb1_in(v_1, v_i.0 + 1, v_i.1) [ v_1 - v_i.0 - 1 >= 0 /\ v_i.0 >= 0 /\ v_1 + v_i.0 - 1 >= 0 /\ v_1 - 1 >= 0 ]
		(?, 1)     eval_find_nearby_colors_bb9_in(v_1, v_i.0, v_i.1) -> eval_find_nearby_colors_bb16_in(v_1, v_i.0, v_i.1) [ v_1 - v_i.0 - 1 >= 0 /\ v_i.0 >= 0 /\ v_1 + v_i.0 - 1 >= 0 /\ v_1 - 1 >= 0 ]
		(1, 1)     eval_find_nearby_colors_bb1_in(v_1, v_i.0, v_i.1) -> eval_find_nearby_colors_bb24_in(v_1, v_i.0, 0) [ v_i.0 >= 0 /\ v_i.0 >= v_1 ]
		(?, 1)     eval_find_nearby_colors_bb1_in(v_1, v_i.0, v_i.1) -> eval_find_nearby_colors_bb9_in(v_1, v_i.0, v_i.1) [ v_i.0 >= 0 /\ v_i.0 < v_1 ]
		(1, 2)     eval_find_nearby_colors_start(v_1, v_i.0, v_i.1) -> eval_find_nearby_colors_bb1_in(nondef.0, 0, v_i.1)
	start location:	eval_find_nearby_colors_start
	leaf cost:	1

By chaining the transition eval_find_nearby_colors_bb24_in(v_1, v_i.0, v_i.1) -> eval_find_nearby_colors_bb27_in(v_1, v_i.0, v_i.1 + 7) [ v_i.0 - v_i.1 >= 0 /\ v_i.1 >= 0 /\ v_i.0 + v_i.1 >= 0 /\ v_i.0 >= 0 /\ -v_1 + v_i.0 >= 0 /\ v_i.1 < v_1 /\ v_i.0 - v_i.1 - 1 >= 0 /\ v_1 - v_i.1 - 1 >= 0 /\ v_i.0 + v_i.1 - 1 >= 0 /\ v_1 + v_i.1 - 1 >= 0 /\ v_i.0 - 1 >= 0 /\ v_1 + v_i.0 - 2 >= 0 /\ v_1 - 1 >= 0 /\ v_i.1 + 1 >= 0 /\ v_i.0 + v_i.1 + 1 >= 0 /\ v_i.1 + 1 < v_1 /\ v_i.0 - v_i.1 - 2 >= 0 /\ v_1 - v_i.1 - 2 >= 0 /\ v_1 + v_i.1 >= 0 /\ v_i.1 + 2 >= 0 /\ v_i.0 + v_i.1 + 2 >= 0 /\ v_i.1 + 2 < v_1 /\ v_i.0 - v_i.1 - 3 >= 0 /\ v_1 - v_i.1 - 3 >= 0 /\ v_1 + v_i.1 + 1 >= 0 /\ v_i.1 + 3 >= 0 /\ v_i.0 + v_i.1 + 3 >= 0 /\ v_i.1 + 3 < v_1 /\ v_i.0 - v_i.1 - 4 >= 0 /\ v_1 - v_i.1 - 4 >= 0 /\ v_1 + v_i.1 + 2 >= 0 /\ v_i.1 + 4 >= 0 /\ v_i.0 + v_i.1 + 4 >= 0 /\ v_i.1 + 4 < v_1 /\ v_i.0 - v_i.1 - 5 >= 0 /\ v_1 - v_i.1 - 5 >= 0 /\ v_1 + v_i.1 + 3 >= 0 /\ v_i.1 + 5 >= 0 /\ v_i.0 + v_i.1 + 5 >= 0 /\ v_i.1 + 5 < v_1 /\ v_i.0 - v_i.1 - 6 >= 0 /\ v_1 - v_i.1 - 6 >= 0 /\ v_1 + v_i.1 + 4 >= 0 /\ v_i.1 + 6 >= 0 /\ v_i.0 + v_i.1 + 6 >= 0 /\ v_i.1 + 6 < v_1 /\ v_i.0 - v_i.1 - 7 >= 0 /\ v_1 - v_i.1 - 7 >= 0 /\ v_1 + v_i.1 + 5 >= 0 /\ v_i.1 + 7 >= 0 /\ v_i.0 + v_i.1 + 7 >= 0 /\ v_i.1 + 7 < v_1 ] with all transitions in problem 19, the following new transition is obtained:
	eval_find_nearby_colors_bb24_in(v_1, v_i.0, v_i.1) -> eval_find_nearby_colors_bb27_in(v_1, v_i.0, v_i.1 + 8) [ v_i.0 - v_i.1 >= 0 /\ v_i.1 >= 0 /\ v_i.0 + v_i.1 >= 0 /\ v_i.0 >= 0 /\ -v_1 + v_i.0 >= 0 /\ v_i.1 < v_1 /\ v_i.0 - v_i.1 - 1 >= 0 /\ v_1 - v_i.1 - 1 >= 0 /\ v_i.0 + v_i.1 - 1 >= 0 /\ v_1 + v_i.1 - 1 >= 0 /\ v_i.0 - 1 >= 0 /\ v_1 + v_i.0 - 2 >= 0 /\ v_1 - 1 >= 0 /\ v_i.1 + 1 >= 0 /\ v_i.0 + v_i.1 + 1 >= 0 /\ v_i.1 + 1 < v_1 /\ v_i.0 - v_i.1 - 2 >= 0 /\ v_1 - v_i.1 - 2 >= 0 /\ v_1 + v_i.1 >= 0 /\ v_i.1 + 2 >= 0 /\ v_i.0 + v_i.1 + 2 >= 0 /\ v_i.1 + 2 < v_1 /\ v_i.0 - v_i.1 - 3 >= 0 /\ v_1 - v_i.1 - 3 >= 0 /\ v_1 + v_i.1 + 1 >= 0 /\ v_i.1 + 3 >= 0 /\ v_i.0 + v_i.1 + 3 >= 0 /\ v_i.1 + 3 < v_1 /\ v_i.0 - v_i.1 - 4 >= 0 /\ v_1 - v_i.1 - 4 >= 0 /\ v_1 + v_i.1 + 2 >= 0 /\ v_i.1 + 4 >= 0 /\ v_i.0 + v_i.1 + 4 >= 0 /\ v_i.1 + 4 < v_1 /\ v_i.0 - v_i.1 - 5 >= 0 /\ v_1 - v_i.1 - 5 >= 0 /\ v_1 + v_i.1 + 3 >= 0 /\ v_i.1 + 5 >= 0 /\ v_i.0 + v_i.1 + 5 >= 0 /\ v_i.1 + 5 < v_1 /\ v_i.0 - v_i.1 - 6 >= 0 /\ v_1 - v_i.1 - 6 >= 0 /\ v_1 + v_i.1 + 4 >= 0 /\ v_i.1 + 6 >= 0 /\ v_i.0 + v_i.1 + 6 >= 0 /\ v_i.1 + 6 < v_1 /\ v_i.0 - v_i.1 - 7 >= 0 /\ v_1 - v_i.1 - 7 >= 0 /\ v_1 + v_i.1 + 5 >= 0 /\ v_i.1 + 7 >= 0 /\ v_i.0 + v_i.1 + 7 >= 0 /\ v_i.1 + 7 < v_1 /\ v_i.0 - v_i.1 - 8 >= 0 /\ v_1 - v_i.1 - 8 >= 0 /\ v_1 + v_i.1 + 6 >= 0 /\ v_i.1 + 8 >= 0 /\ v_i.0 + v_i.1 + 8 >= 0 /\ v_i.1 + 8 < v_1 ]
We thus obtain the following problem:
20:	T:
		(1, 17)    eval_find_nearby_colors_bb24_in(v_1, v_i.0, v_i.1) -> eval_find_nearby_colors_bb27_in(v_1, v_i.0, v_i.1 + 8) [ v_i.0 - v_i.1 >= 0 /\ v_i.1 >= 0 /\ v_i.0 + v_i.1 >= 0 /\ v_i.0 >= 0 /\ -v_1 + v_i.0 >= 0 /\ v_i.1 < v_1 /\ v_i.0 - v_i.1 - 1 >= 0 /\ v_1 - v_i.1 - 1 >= 0 /\ v_i.0 + v_i.1 - 1 >= 0 /\ v_1 + v_i.1 - 1 >= 0 /\ v_i.0 - 1 >= 0 /\ v_1 + v_i.0 - 2 >= 0 /\ v_1 - 1 >= 0 /\ v_i.1 + 1 >= 0 /\ v_i.0 + v_i.1 + 1 >= 0 /\ v_i.1 + 1 < v_1 /\ v_i.0 - v_i.1 - 2 >= 0 /\ v_1 - v_i.1 - 2 >= 0 /\ v_1 + v_i.1 >= 0 /\ v_i.1 + 2 >= 0 /\ v_i.0 + v_i.1 + 2 >= 0 /\ v_i.1 + 2 < v_1 /\ v_i.0 - v_i.1 - 3 >= 0 /\ v_1 - v_i.1 - 3 >= 0 /\ v_1 + v_i.1 + 1 >= 0 /\ v_i.1 + 3 >= 0 /\ v_i.0 + v_i.1 + 3 >= 0 /\ v_i.1 + 3 < v_1 /\ v_i.0 - v_i.1 - 4 >= 0 /\ v_1 - v_i.1 - 4 >= 0 /\ v_1 + v_i.1 + 2 >= 0 /\ v_i.1 + 4 >= 0 /\ v_i.0 + v_i.1 + 4 >= 0 /\ v_i.1 + 4 < v_1 /\ v_i.0 - v_i.1 - 5 >= 0 /\ v_1 - v_i.1 - 5 >= 0 /\ v_1 + v_i.1 + 3 >= 0 /\ v_i.1 + 5 >= 0 /\ v_i.0 + v_i.1 + 5 >= 0 /\ v_i.1 + 5 < v_1 /\ v_i.0 - v_i.1 - 6 >= 0 /\ v_1 - v_i.1 - 6 >= 0 /\ v_1 + v_i.1 + 4 >= 0 /\ v_i.1 + 6 >= 0 /\ v_i.0 + v_i.1 + 6 >= 0 /\ v_i.1 + 6 < v_1 /\ v_i.0 - v_i.1 - 7 >= 0 /\ v_1 - v_i.1 - 7 >= 0 /\ v_1 + v_i.1 + 5 >= 0 /\ v_i.1 + 7 >= 0 /\ v_i.0 + v_i.1 + 7 >= 0 /\ v_i.1 + 7 < v_1 /\ v_i.0 - v_i.1 - 8 >= 0 /\ v_1 - v_i.1 - 8 >= 0 /\ v_1 + v_i.1 + 6 >= 0 /\ v_i.1 + 8 >= 0 /\ v_i.0 + v_i.1 + 8 >= 0 /\ v_i.1 + 8 < v_1 ]
		(?, 2)     eval_find_nearby_colors_bb27_in(v_1, v_i.0, v_i.1) -> eval_find_nearby_colors_bb27_in(v_1, v_i.0, v_i.1 + 1) [ v_i.0 - v_i.1 - 1 >= 0 /\ v_1 - v_i.1 - 1 >= 0 /\ v_i.1 >= 0 /\ v_i.0 + v_i.1 - 1 >= 0 /\ v_1 + v_i.1 - 1 >= 0 /\ v_i.0 - 1 >= 0 /\ v_1 + v_i.0 - 2 >= 0 /\ -v_1 + v_i.0 >= 0 /\ v_1 - 1 >= 0 /\ v_i.1 + 1 >= 0 /\ v_i.0 + v_i.1 + 1 >= 0 /\ v_i.0 >= 0 /\ v_i.1 + 1 < v_1 ]
		(?, 2)     eval_find_nearby_colors_bb16_in(v_1, v_i.0, v_i.1) -> eval_find_nearby_colors_bb1_in(v_1, v_i.0 + 1, v_i.1) [ v_1 - v_i.0 - 1 >= 0 /\ v_i.0 >= 0 /\ v_1 + v_i.0 - 1 >= 0 /\ v_1 - 1 >= 0 ]
		(?, 1)     eval_find_nearby_colors_bb9_in(v_1, v_i.0, v_i.1) -> eval_find_nearby_colors_bb16_in(v_1, v_i.0, v_i.1) [ v_1 - v_i.0 - 1 >= 0 /\ v_i.0 >= 0 /\ v_1 + v_i.0 - 1 >= 0 /\ v_1 - 1 >= 0 ]
		(1, 1)     eval_find_nearby_colors_bb1_in(v_1, v_i.0, v_i.1) -> eval_find_nearby_colors_bb24_in(v_1, v_i.0, 0) [ v_i.0 >= 0 /\ v_i.0 >= v_1 ]
		(?, 1)     eval_find_nearby_colors_bb1_in(v_1, v_i.0, v_i.1) -> eval_find_nearby_colors_bb9_in(v_1, v_i.0, v_i.1) [ v_i.0 >= 0 /\ v_i.0 < v_1 ]
		(1, 2)     eval_find_nearby_colors_start(v_1, v_i.0, v_i.1) -> eval_find_nearby_colors_bb1_in(nondef.0, 0, v_i.1)
	start location:	eval_find_nearby_colors_start
	leaf cost:	1

By chaining the transition eval_find_nearby_colors_bb24_in(v_1, v_i.0, v_i.1) -> eval_find_nearby_colors_bb27_in(v_1, v_i.0, v_i.1 + 8) [ v_i.0 - v_i.1 >= 0 /\ v_i.1 >= 0 /\ v_i.0 + v_i.1 >= 0 /\ v_i.0 >= 0 /\ -v_1 + v_i.0 >= 0 /\ v_i.1 < v_1 /\ v_i.0 - v_i.1 - 1 >= 0 /\ v_1 - v_i.1 - 1 >= 0 /\ v_i.0 + v_i.1 - 1 >= 0 /\ v_1 + v_i.1 - 1 >= 0 /\ v_i.0 - 1 >= 0 /\ v_1 + v_i.0 - 2 >= 0 /\ v_1 - 1 >= 0 /\ v_i.1 + 1 >= 0 /\ v_i.0 + v_i.1 + 1 >= 0 /\ v_i.1 + 1 < v_1 /\ v_i.0 - v_i.1 - 2 >= 0 /\ v_1 - v_i.1 - 2 >= 0 /\ v_1 + v_i.1 >= 0 /\ v_i.1 + 2 >= 0 /\ v_i.0 + v_i.1 + 2 >= 0 /\ v_i.1 + 2 < v_1 /\ v_i.0 - v_i.1 - 3 >= 0 /\ v_1 - v_i.1 - 3 >= 0 /\ v_1 + v_i.1 + 1 >= 0 /\ v_i.1 + 3 >= 0 /\ v_i.0 + v_i.1 + 3 >= 0 /\ v_i.1 + 3 < v_1 /\ v_i.0 - v_i.1 - 4 >= 0 /\ v_1 - v_i.1 - 4 >= 0 /\ v_1 + v_i.1 + 2 >= 0 /\ v_i.1 + 4 >= 0 /\ v_i.0 + v_i.1 + 4 >= 0 /\ v_i.1 + 4 < v_1 /\ v_i.0 - v_i.1 - 5 >= 0 /\ v_1 - v_i.1 - 5 >= 0 /\ v_1 + v_i.1 + 3 >= 0 /\ v_i.1 + 5 >= 0 /\ v_i.0 + v_i.1 + 5 >= 0 /\ v_i.1 + 5 < v_1 /\ v_i.0 - v_i.1 - 6 >= 0 /\ v_1 - v_i.1 - 6 >= 0 /\ v_1 + v_i.1 + 4 >= 0 /\ v_i.1 + 6 >= 0 /\ v_i.0 + v_i.1 + 6 >= 0 /\ v_i.1 + 6 < v_1 /\ v_i.0 - v_i.1 - 7 >= 0 /\ v_1 - v_i.1 - 7 >= 0 /\ v_1 + v_i.1 + 5 >= 0 /\ v_i.1 + 7 >= 0 /\ v_i.0 + v_i.1 + 7 >= 0 /\ v_i.1 + 7 < v_1 /\ v_i.0 - v_i.1 - 8 >= 0 /\ v_1 - v_i.1 - 8 >= 0 /\ v_1 + v_i.1 + 6 >= 0 /\ v_i.1 + 8 >= 0 /\ v_i.0 + v_i.1 + 8 >= 0 /\ v_i.1 + 8 < v_1 ] with all transitions in problem 20, the following new transition is obtained:
	eval_find_nearby_colors_bb24_in(v_1, v_i.0, v_i.1) -> eval_find_nearby_colors_bb27_in(v_1, v_i.0, v_i.1 + 9) [ v_i.0 - v_i.1 >= 0 /\ v_i.1 >= 0 /\ v_i.0 + v_i.1 >= 0 /\ v_i.0 >= 0 /\ -v_1 + v_i.0 >= 0 /\ v_i.1 < v_1 /\ v_i.0 - v_i.1 - 1 >= 0 /\ v_1 - v_i.1 - 1 >= 0 /\ v_i.0 + v_i.1 - 1 >= 0 /\ v_1 + v_i.1 - 1 >= 0 /\ v_i.0 - 1 >= 0 /\ v_1 + v_i.0 - 2 >= 0 /\ v_1 - 1 >= 0 /\ v_i.1 + 1 >= 0 /\ v_i.0 + v_i.1 + 1 >= 0 /\ v_i.1 + 1 < v_1 /\ v_i.0 - v_i.1 - 2 >= 0 /\ v_1 - v_i.1 - 2 >= 0 /\ v_1 + v_i.1 >= 0 /\ v_i.1 + 2 >= 0 /\ v_i.0 + v_i.1 + 2 >= 0 /\ v_i.1 + 2 < v_1 /\ v_i.0 - v_i.1 - 3 >= 0 /\ v_1 - v_i.1 - 3 >= 0 /\ v_1 + v_i.1 + 1 >= 0 /\ v_i.1 + 3 >= 0 /\ v_i.0 + v_i.1 + 3 >= 0 /\ v_i.1 + 3 < v_1 /\ v_i.0 - v_i.1 - 4 >= 0 /\ v_1 - v_i.1 - 4 >= 0 /\ v_1 + v_i.1 + 2 >= 0 /\ v_i.1 + 4 >= 0 /\ v_i.0 + v_i.1 + 4 >= 0 /\ v_i.1 + 4 < v_1 /\ v_i.0 - v_i.1 - 5 >= 0 /\ v_1 - v_i.1 - 5 >= 0 /\ v_1 + v_i.1 + 3 >= 0 /\ v_i.1 + 5 >= 0 /\ v_i.0 + v_i.1 + 5 >= 0 /\ v_i.1 + 5 < v_1 /\ v_i.0 - v_i.1 - 6 >= 0 /\ v_1 - v_i.1 - 6 >= 0 /\ v_1 + v_i.1 + 4 >= 0 /\ v_i.1 + 6 >= 0 /\ v_i.0 + v_i.1 + 6 >= 0 /\ v_i.1 + 6 < v_1 /\ v_i.0 - v_i.1 - 7 >= 0 /\ v_1 - v_i.1 - 7 >= 0 /\ v_1 + v_i.1 + 5 >= 0 /\ v_i.1 + 7 >= 0 /\ v_i.0 + v_i.1 + 7 >= 0 /\ v_i.1 + 7 < v_1 /\ v_i.0 - v_i.1 - 8 >= 0 /\ v_1 - v_i.1 - 8 >= 0 /\ v_1 + v_i.1 + 6 >= 0 /\ v_i.1 + 8 >= 0 /\ v_i.0 + v_i.1 + 8 >= 0 /\ v_i.1 + 8 < v_1 /\ v_i.0 - v_i.1 - 9 >= 0 /\ v_1 - v_i.1 - 9 >= 0 /\ v_1 + v_i.1 + 7 >= 0 /\ v_i.1 + 9 >= 0 /\ v_i.0 + v_i.1 + 9 >= 0 /\ v_i.1 + 9 < v_1 ]
We thus obtain the following problem:
21:	T:
		(1, 19)    eval_find_nearby_colors_bb24_in(v_1, v_i.0, v_i.1) -> eval_find_nearby_colors_bb27_in(v_1, v_i.0, v_i.1 + 9) [ v_i.0 - v_i.1 >= 0 /\ v_i.1 >= 0 /\ v_i.0 + v_i.1 >= 0 /\ v_i.0 >= 0 /\ -v_1 + v_i.0 >= 0 /\ v_i.1 < v_1 /\ v_i.0 - v_i.1 - 1 >= 0 /\ v_1 - v_i.1 - 1 >= 0 /\ v_i.0 + v_i.1 - 1 >= 0 /\ v_1 + v_i.1 - 1 >= 0 /\ v_i.0 - 1 >= 0 /\ v_1 + v_i.0 - 2 >= 0 /\ v_1 - 1 >= 0 /\ v_i.1 + 1 >= 0 /\ v_i.0 + v_i.1 + 1 >= 0 /\ v_i.1 + 1 < v_1 /\ v_i.0 - v_i.1 - 2 >= 0 /\ v_1 - v_i.1 - 2 >= 0 /\ v_1 + v_i.1 >= 0 /\ v_i.1 + 2 >= 0 /\ v_i.0 + v_i.1 + 2 >= 0 /\ v_i.1 + 2 < v_1 /\ v_i.0 - v_i.1 - 3 >= 0 /\ v_1 - v_i.1 - 3 >= 0 /\ v_1 + v_i.1 + 1 >= 0 /\ v_i.1 + 3 >= 0 /\ v_i.0 + v_i.1 + 3 >= 0 /\ v_i.1 + 3 < v_1 /\ v_i.0 - v_i.1 - 4 >= 0 /\ v_1 - v_i.1 - 4 >= 0 /\ v_1 + v_i.1 + 2 >= 0 /\ v_i.1 + 4 >= 0 /\ v_i.0 + v_i.1 + 4 >= 0 /\ v_i.1 + 4 < v_1 /\ v_i.0 - v_i.1 - 5 >= 0 /\ v_1 - v_i.1 - 5 >= 0 /\ v_1 + v_i.1 + 3 >= 0 /\ v_i.1 + 5 >= 0 /\ v_i.0 + v_i.1 + 5 >= 0 /\ v_i.1 + 5 < v_1 /\ v_i.0 - v_i.1 - 6 >= 0 /\ v_1 - v_i.1 - 6 >= 0 /\ v_1 + v_i.1 + 4 >= 0 /\ v_i.1 + 6 >= 0 /\ v_i.0 + v_i.1 + 6 >= 0 /\ v_i.1 + 6 < v_1 /\ v_i.0 - v_i.1 - 7 >= 0 /\ v_1 - v_i.1 - 7 >= 0 /\ v_1 + v_i.1 + 5 >= 0 /\ v_i.1 + 7 >= 0 /\ v_i.0 + v_i.1 + 7 >= 0 /\ v_i.1 + 7 < v_1 /\ v_i.0 - v_i.1 - 8 >= 0 /\ v_1 - v_i.1 - 8 >= 0 /\ v_1 + v_i.1 + 6 >= 0 /\ v_i.1 + 8 >= 0 /\ v_i.0 + v_i.1 + 8 >= 0 /\ v_i.1 + 8 < v_1 /\ v_i.0 - v_i.1 - 9 >= 0 /\ v_1 - v_i.1 - 9 >= 0 /\ v_1 + v_i.1 + 7 >= 0 /\ v_i.1 + 9 >= 0 /\ v_i.0 + v_i.1 + 9 >= 0 /\ v_i.1 + 9 < v_1 ]
		(?, 2)     eval_find_nearby_colors_bb27_in(v_1, v_i.0, v_i.1) -> eval_find_nearby_colors_bb27_in(v_1, v_i.0, v_i.1 + 1) [ v_i.0 - v_i.1 - 1 >= 0 /\ v_1 - v_i.1 - 1 >= 0 /\ v_i.1 >= 0 /\ v_i.0 + v_i.1 - 1 >= 0 /\ v_1 + v_i.1 - 1 >= 0 /\ v_i.0 - 1 >= 0 /\ v_1 + v_i.0 - 2 >= 0 /\ -v_1 + v_i.0 >= 0 /\ v_1 - 1 >= 0 /\ v_i.1 + 1 >= 0 /\ v_i.0 + v_i.1 + 1 >= 0 /\ v_i.0 >= 0 /\ v_i.1 + 1 < v_1 ]
		(?, 2)     eval_find_nearby_colors_bb16_in(v_1, v_i.0, v_i.1) -> eval_find_nearby_colors_bb1_in(v_1, v_i.0 + 1, v_i.1) [ v_1 - v_i.0 - 1 >= 0 /\ v_i.0 >= 0 /\ v_1 + v_i.0 - 1 >= 0 /\ v_1 - 1 >= 0 ]
		(?, 1)     eval_find_nearby_colors_bb9_in(v_1, v_i.0, v_i.1) -> eval_find_nearby_colors_bb16_in(v_1, v_i.0, v_i.1) [ v_1 - v_i.0 - 1 >= 0 /\ v_i.0 >= 0 /\ v_1 + v_i.0 - 1 >= 0 /\ v_1 - 1 >= 0 ]
		(1, 1)     eval_find_nearby_colors_bb1_in(v_1, v_i.0, v_i.1) -> eval_find_nearby_colors_bb24_in(v_1, v_i.0, 0) [ v_i.0 >= 0 /\ v_i.0 >= v_1 ]
		(?, 1)     eval_find_nearby_colors_bb1_in(v_1, v_i.0, v_i.1) -> eval_find_nearby_colors_bb9_in(v_1, v_i.0, v_i.1) [ v_i.0 >= 0 /\ v_i.0 < v_1 ]
		(1, 2)     eval_find_nearby_colors_start(v_1, v_i.0, v_i.1) -> eval_find_nearby_colors_bb1_in(nondef.0, 0, v_i.1)
	start location:	eval_find_nearby_colors_start
	leaf cost:	1

By chaining the transition eval_find_nearby_colors_bb24_in(v_1, v_i.0, v_i.1) -> eval_find_nearby_colors_bb27_in(v_1, v_i.0, v_i.1 + 9) [ v_i.0 - v_i.1 >= 0 /\ v_i.1 >= 0 /\ v_i.0 + v_i.1 >= 0 /\ v_i.0 >= 0 /\ -v_1 + v_i.0 >= 0 /\ v_i.1 < v_1 /\ v_i.0 - v_i.1 - 1 >= 0 /\ v_1 - v_i.1 - 1 >= 0 /\ v_i.0 + v_i.1 - 1 >= 0 /\ v_1 + v_i.1 - 1 >= 0 /\ v_i.0 - 1 >= 0 /\ v_1 + v_i.0 - 2 >= 0 /\ v_1 - 1 >= 0 /\ v_i.1 + 1 >= 0 /\ v_i.0 + v_i.1 + 1 >= 0 /\ v_i.1 + 1 < v_1 /\ v_i.0 - v_i.1 - 2 >= 0 /\ v_1 - v_i.1 - 2 >= 0 /\ v_1 + v_i.1 >= 0 /\ v_i.1 + 2 >= 0 /\ v_i.0 + v_i.1 + 2 >= 0 /\ v_i.1 + 2 < v_1 /\ v_i.0 - v_i.1 - 3 >= 0 /\ v_1 - v_i.1 - 3 >= 0 /\ v_1 + v_i.1 + 1 >= 0 /\ v_i.1 + 3 >= 0 /\ v_i.0 + v_i.1 + 3 >= 0 /\ v_i.1 + 3 < v_1 /\ v_i.0 - v_i.1 - 4 >= 0 /\ v_1 - v_i.1 - 4 >= 0 /\ v_1 + v_i.1 + 2 >= 0 /\ v_i.1 + 4 >= 0 /\ v_i.0 + v_i.1 + 4 >= 0 /\ v_i.1 + 4 < v_1 /\ v_i.0 - v_i.1 - 5 >= 0 /\ v_1 - v_i.1 - 5 >= 0 /\ v_1 + v_i.1 + 3 >= 0 /\ v_i.1 + 5 >= 0 /\ v_i.0 + v_i.1 + 5 >= 0 /\ v_i.1 + 5 < v_1 /\ v_i.0 - v_i.1 - 6 >= 0 /\ v_1 - v_i.1 - 6 >= 0 /\ v_1 + v_i.1 + 4 >= 0 /\ v_i.1 + 6 >= 0 /\ v_i.0 + v_i.1 + 6 >= 0 /\ v_i.1 + 6 < v_1 /\ v_i.0 - v_i.1 - 7 >= 0 /\ v_1 - v_i.1 - 7 >= 0 /\ v_1 + v_i.1 + 5 >= 0 /\ v_i.1 + 7 >= 0 /\ v_i.0 + v_i.1 + 7 >= 0 /\ v_i.1 + 7 < v_1 /\ v_i.0 - v_i.1 - 8 >= 0 /\ v_1 - v_i.1 - 8 >= 0 /\ v_1 + v_i.1 + 6 >= 0 /\ v_i.1 + 8 >= 0 /\ v_i.0 + v_i.1 + 8 >= 0 /\ v_i.1 + 8 < v_1 /\ v_i.0 - v_i.1 - 9 >= 0 /\ v_1 - v_i.1 - 9 >= 0 /\ v_1 + v_i.1 + 7 >= 0 /\ v_i.1 + 9 >= 0 /\ v_i.0 + v_i.1 + 9 >= 0 /\ v_i.1 + 9 < v_1 ] with all transitions in problem 21, the following new transition is obtained:
	eval_find_nearby_colors_bb24_in(v_1, v_i.0, v_i.1) -> eval_find_nearby_colors_bb27_in(v_1, v_i.0, v_i.1 + 10) [ v_i.0 - v_i.1 >= 0 /\ v_i.1 >= 0 /\ v_i.0 + v_i.1 >= 0 /\ v_i.0 >= 0 /\ -v_1 + v_i.0 >= 0 /\ v_i.1 < v_1 /\ v_i.0 - v_i.1 - 1 >= 0 /\ v_1 - v_i.1 - 1 >= 0 /\ v_i.0 + v_i.1 - 1 >= 0 /\ v_1 + v_i.1 - 1 >= 0 /\ v_i.0 - 1 >= 0 /\ v_1 + v_i.0 - 2 >= 0 /\ v_1 - 1 >= 0 /\ v_i.1 + 1 >= 0 /\ v_i.0 + v_i.1 + 1 >= 0 /\ v_i.1 + 1 < v_1 /\ v_i.0 - v_i.1 - 2 >= 0 /\ v_1 - v_i.1 - 2 >= 0 /\ v_1 + v_i.1 >= 0 /\ v_i.1 + 2 >= 0 /\ v_i.0 + v_i.1 + 2 >= 0 /\ v_i.1 + 2 < v_1 /\ v_i.0 - v_i.1 - 3 >= 0 /\ v_1 - v_i.1 - 3 >= 0 /\ v_1 + v_i.1 + 1 >= 0 /\ v_i.1 + 3 >= 0 /\ v_i.0 + v_i.1 + 3 >= 0 /\ v_i.1 + 3 < v_1 /\ v_i.0 - v_i.1 - 4 >= 0 /\ v_1 - v_i.1 - 4 >= 0 /\ v_1 + v_i.1 + 2 >= 0 /\ v_i.1 + 4 >= 0 /\ v_i.0 + v_i.1 + 4 >= 0 /\ v_i.1 + 4 < v_1 /\ v_i.0 - v_i.1 - 5 >= 0 /\ v_1 - v_i.1 - 5 >= 0 /\ v_1 + v_i.1 + 3 >= 0 /\ v_i.1 + 5 >= 0 /\ v_i.0 + v_i.1 + 5 >= 0 /\ v_i.1 + 5 < v_1 /\ v_i.0 - v_i.1 - 6 >= 0 /\ v_1 - v_i.1 - 6 >= 0 /\ v_1 + v_i.1 + 4 >= 0 /\ v_i.1 + 6 >= 0 /\ v_i.0 + v_i.1 + 6 >= 0 /\ v_i.1 + 6 < v_1 /\ v_i.0 - v_i.1 - 7 >= 0 /\ v_1 - v_i.1 - 7 >= 0 /\ v_1 + v_i.1 + 5 >= 0 /\ v_i.1 + 7 >= 0 /\ v_i.0 + v_i.1 + 7 >= 0 /\ v_i.1 + 7 < v_1 /\ v_i.0 - v_i.1 - 8 >= 0 /\ v_1 - v_i.1 - 8 >= 0 /\ v_1 + v_i.1 + 6 >= 0 /\ v_i.1 + 8 >= 0 /\ v_i.0 + v_i.1 + 8 >= 0 /\ v_i.1 + 8 < v_1 /\ v_i.0 - v_i.1 - 9 >= 0 /\ v_1 - v_i.1 - 9 >= 0 /\ v_1 + v_i.1 + 7 >= 0 /\ v_i.1 + 9 >= 0 /\ v_i.0 + v_i.1 + 9 >= 0 /\ v_i.1 + 9 < v_1 /\ v_i.0 - v_i.1 - 10 >= 0 /\ v_1 - v_i.1 - 10 >= 0 /\ v_1 + v_i.1 + 8 >= 0 /\ v_i.1 + 10 >= 0 /\ v_i.0 + v_i.1 + 10 >= 0 /\ v_i.1 + 10 < v_1 ]
We thus obtain the following problem:
22:	T:
		(1, 21)    eval_find_nearby_colors_bb24_in(v_1, v_i.0, v_i.1) -> eval_find_nearby_colors_bb27_in(v_1, v_i.0, v_i.1 + 10) [ v_i.0 - v_i.1 >= 0 /\ v_i.1 >= 0 /\ v_i.0 + v_i.1 >= 0 /\ v_i.0 >= 0 /\ -v_1 + v_i.0 >= 0 /\ v_i.1 < v_1 /\ v_i.0 - v_i.1 - 1 >= 0 /\ v_1 - v_i.1 - 1 >= 0 /\ v_i.0 + v_i.1 - 1 >= 0 /\ v_1 + v_i.1 - 1 >= 0 /\ v_i.0 - 1 >= 0 /\ v_1 + v_i.0 - 2 >= 0 /\ v_1 - 1 >= 0 /\ v_i.1 + 1 >= 0 /\ v_i.0 + v_i.1 + 1 >= 0 /\ v_i.1 + 1 < v_1 /\ v_i.0 - v_i.1 - 2 >= 0 /\ v_1 - v_i.1 - 2 >= 0 /\ v_1 + v_i.1 >= 0 /\ v_i.1 + 2 >= 0 /\ v_i.0 + v_i.1 + 2 >= 0 /\ v_i.1 + 2 < v_1 /\ v_i.0 - v_i.1 - 3 >= 0 /\ v_1 - v_i.1 - 3 >= 0 /\ v_1 + v_i.1 + 1 >= 0 /\ v_i.1 + 3 >= 0 /\ v_i.0 + v_i.1 + 3 >= 0 /\ v_i.1 + 3 < v_1 /\ v_i.0 - v_i.1 - 4 >= 0 /\ v_1 - v_i.1 - 4 >= 0 /\ v_1 + v_i.1 + 2 >= 0 /\ v_i.1 + 4 >= 0 /\ v_i.0 + v_i.1 + 4 >= 0 /\ v_i.1 + 4 < v_1 /\ v_i.0 - v_i.1 - 5 >= 0 /\ v_1 - v_i.1 - 5 >= 0 /\ v_1 + v_i.1 + 3 >= 0 /\ v_i.1 + 5 >= 0 /\ v_i.0 + v_i.1 + 5 >= 0 /\ v_i.1 + 5 < v_1 /\ v_i.0 - v_i.1 - 6 >= 0 /\ v_1 - v_i.1 - 6 >= 0 /\ v_1 + v_i.1 + 4 >= 0 /\ v_i.1 + 6 >= 0 /\ v_i.0 + v_i.1 + 6 >= 0 /\ v_i.1 + 6 < v_1 /\ v_i.0 - v_i.1 - 7 >= 0 /\ v_1 - v_i.1 - 7 >= 0 /\ v_1 + v_i.1 + 5 >= 0 /\ v_i.1 + 7 >= 0 /\ v_i.0 + v_i.1 + 7 >= 0 /\ v_i.1 + 7 < v_1 /\ v_i.0 - v_i.1 - 8 >= 0 /\ v_1 - v_i.1 - 8 >= 0 /\ v_1 + v_i.1 + 6 >= 0 /\ v_i.1 + 8 >= 0 /\ v_i.0 + v_i.1 + 8 >= 0 /\ v_i.1 + 8 < v_1 /\ v_i.0 - v_i.1 - 9 >= 0 /\ v_1 - v_i.1 - 9 >= 0 /\ v_1 + v_i.1 + 7 >= 0 /\ v_i.1 + 9 >= 0 /\ v_i.0 + v_i.1 + 9 >= 0 /\ v_i.1 + 9 < v_1 /\ v_i.0 - v_i.1 - 10 >= 0 /\ v_1 - v_i.1 - 10 >= 0 /\ v_1 + v_i.1 + 8 >= 0 /\ v_i.1 + 10 >= 0 /\ v_i.0 + v_i.1 + 10 >= 0 /\ v_i.1 + 10 < v_1 ]
		(?, 2)     eval_find_nearby_colors_bb27_in(v_1, v_i.0, v_i.1) -> eval_find_nearby_colors_bb27_in(v_1, v_i.0, v_i.1 + 1) [ v_i.0 - v_i.1 - 1 >= 0 /\ v_1 - v_i.1 - 1 >= 0 /\ v_i.1 >= 0 /\ v_i.0 + v_i.1 - 1 >= 0 /\ v_1 + v_i.1 - 1 >= 0 /\ v_i.0 - 1 >= 0 /\ v_1 + v_i.0 - 2 >= 0 /\ -v_1 + v_i.0 >= 0 /\ v_1 - 1 >= 0 /\ v_i.1 + 1 >= 0 /\ v_i.0 + v_i.1 + 1 >= 0 /\ v_i.0 >= 0 /\ v_i.1 + 1 < v_1 ]
		(?, 2)     eval_find_nearby_colors_bb16_in(v_1, v_i.0, v_i.1) -> eval_find_nearby_colors_bb1_in(v_1, v_i.0 + 1, v_i.1) [ v_1 - v_i.0 - 1 >= 0 /\ v_i.0 >= 0 /\ v_1 + v_i.0 - 1 >= 0 /\ v_1 - 1 >= 0 ]
		(?, 1)     eval_find_nearby_colors_bb9_in(v_1, v_i.0, v_i.1) -> eval_find_nearby_colors_bb16_in(v_1, v_i.0, v_i.1) [ v_1 - v_i.0 - 1 >= 0 /\ v_i.0 >= 0 /\ v_1 + v_i.0 - 1 >= 0 /\ v_1 - 1 >= 0 ]
		(1, 1)     eval_find_nearby_colors_bb1_in(v_1, v_i.0, v_i.1) -> eval_find_nearby_colors_bb24_in(v_1, v_i.0, 0) [ v_i.0 >= 0 /\ v_i.0 >= v_1 ]
		(?, 1)     eval_find_nearby_colors_bb1_in(v_1, v_i.0, v_i.1) -> eval_find_nearby_colors_bb9_in(v_1, v_i.0, v_i.1) [ v_i.0 >= 0 /\ v_i.0 < v_1 ]
		(1, 2)     eval_find_nearby_colors_start(v_1, v_i.0, v_i.1) -> eval_find_nearby_colors_bb1_in(nondef.0, 0, v_i.1)
	start location:	eval_find_nearby_colors_start
	leaf cost:	1

By chaining the transition eval_find_nearby_colors_bb24_in(v_1, v_i.0, v_i.1) -> eval_find_nearby_colors_bb27_in(v_1, v_i.0, v_i.1 + 10) [ v_i.0 - v_i.1 >= 0 /\ v_i.1 >= 0 /\ v_i.0 + v_i.1 >= 0 /\ v_i.0 >= 0 /\ -v_1 + v_i.0 >= 0 /\ v_i.1 < v_1 /\ v_i.0 - v_i.1 - 1 >= 0 /\ v_1 - v_i.1 - 1 >= 0 /\ v_i.0 + v_i.1 - 1 >= 0 /\ v_1 + v_i.1 - 1 >= 0 /\ v_i.0 - 1 >= 0 /\ v_1 + v_i.0 - 2 >= 0 /\ v_1 - 1 >= 0 /\ v_i.1 + 1 >= 0 /\ v_i.0 + v_i.1 + 1 >= 0 /\ v_i.1 + 1 < v_1 /\ v_i.0 - v_i.1 - 2 >= 0 /\ v_1 - v_i.1 - 2 >= 0 /\ v_1 + v_i.1 >= 0 /\ v_i.1 + 2 >= 0 /\ v_i.0 + v_i.1 + 2 >= 0 /\ v_i.1 + 2 < v_1 /\ v_i.0 - v_i.1 - 3 >= 0 /\ v_1 - v_i.1 - 3 >= 0 /\ v_1 + v_i.1 + 1 >= 0 /\ v_i.1 + 3 >= 0 /\ v_i.0 + v_i.1 + 3 >= 0 /\ v_i.1 + 3 < v_1 /\ v_i.0 - v_i.1 - 4 >= 0 /\ v_1 - v_i.1 - 4 >= 0 /\ v_1 + v_i.1 + 2 >= 0 /\ v_i.1 + 4 >= 0 /\ v_i.0 + v_i.1 + 4 >= 0 /\ v_i.1 + 4 < v_1 /\ v_i.0 - v_i.1 - 5 >= 0 /\ v_1 - v_i.1 - 5 >= 0 /\ v_1 + v_i.1 + 3 >= 0 /\ v_i.1 + 5 >= 0 /\ v_i.0 + v_i.1 + 5 >= 0 /\ v_i.1 + 5 < v_1 /\ v_i.0 - v_i.1 - 6 >= 0 /\ v_1 - v_i.1 - 6 >= 0 /\ v_1 + v_i.1 + 4 >= 0 /\ v_i.1 + 6 >= 0 /\ v_i.0 + v_i.1 + 6 >= 0 /\ v_i.1 + 6 < v_1 /\ v_i.0 - v_i.1 - 7 >= 0 /\ v_1 - v_i.1 - 7 >= 0 /\ v_1 + v_i.1 + 5 >= 0 /\ v_i.1 + 7 >= 0 /\ v_i.0 + v_i.1 + 7 >= 0 /\ v_i.1 + 7 < v_1 /\ v_i.0 - v_i.1 - 8 >= 0 /\ v_1 - v_i.1 - 8 >= 0 /\ v_1 + v_i.1 + 6 >= 0 /\ v_i.1 + 8 >= 0 /\ v_i.0 + v_i.1 + 8 >= 0 /\ v_i.1 + 8 < v_1 /\ v_i.0 - v_i.1 - 9 >= 0 /\ v_1 - v_i.1 - 9 >= 0 /\ v_1 + v_i.1 + 7 >= 0 /\ v_i.1 + 9 >= 0 /\ v_i.0 + v_i.1 + 9 >= 0 /\ v_i.1 + 9 < v_1 /\ v_i.0 - v_i.1 - 10 >= 0 /\ v_1 - v_i.1 - 10 >= 0 /\ v_1 + v_i.1 + 8 >= 0 /\ v_i.1 + 10 >= 0 /\ v_i.0 + v_i.1 + 10 >= 0 /\ v_i.1 + 10 < v_1 ] with all transitions in problem 22, the following new transition is obtained:
	eval_find_nearby_colors_bb24_in(v_1, v_i.0, v_i.1) -> eval_find_nearby_colors_bb27_in(v_1, v_i.0, v_i.1 + 11) [ v_i.0 - v_i.1 >= 0 /\ v_i.1 >= 0 /\ v_i.0 + v_i.1 >= 0 /\ v_i.0 >= 0 /\ -v_1 + v_i.0 >= 0 /\ v_i.1 < v_1 /\ v_i.0 - v_i.1 - 1 >= 0 /\ v_1 - v_i.1 - 1 >= 0 /\ v_i.0 + v_i.1 - 1 >= 0 /\ v_1 + v_i.1 - 1 >= 0 /\ v_i.0 - 1 >= 0 /\ v_1 + v_i.0 - 2 >= 0 /\ v_1 - 1 >= 0 /\ v_i.1 + 1 >= 0 /\ v_i.0 + v_i.1 + 1 >= 0 /\ v_i.1 + 1 < v_1 /\ v_i.0 - v_i.1 - 2 >= 0 /\ v_1 - v_i.1 - 2 >= 0 /\ v_1 + v_i.1 >= 0 /\ v_i.1 + 2 >= 0 /\ v_i.0 + v_i.1 + 2 >= 0 /\ v_i.1 + 2 < v_1 /\ v_i.0 - v_i.1 - 3 >= 0 /\ v_1 - v_i.1 - 3 >= 0 /\ v_1 + v_i.1 + 1 >= 0 /\ v_i.1 + 3 >= 0 /\ v_i.0 + v_i.1 + 3 >= 0 /\ v_i.1 + 3 < v_1 /\ v_i.0 - v_i.1 - 4 >= 0 /\ v_1 - v_i.1 - 4 >= 0 /\ v_1 + v_i.1 + 2 >= 0 /\ v_i.1 + 4 >= 0 /\ v_i.0 + v_i.1 + 4 >= 0 /\ v_i.1 + 4 < v_1 /\ v_i.0 - v_i.1 - 5 >= 0 /\ v_1 - v_i.1 - 5 >= 0 /\ v_1 + v_i.1 + 3 >= 0 /\ v_i.1 + 5 >= 0 /\ v_i.0 + v_i.1 + 5 >= 0 /\ v_i.1 + 5 < v_1 /\ v_i.0 - v_i.1 - 6 >= 0 /\ v_1 - v_i.1 - 6 >= 0 /\ v_1 + v_i.1 + 4 >= 0 /\ v_i.1 + 6 >= 0 /\ v_i.0 + v_i.1 + 6 >= 0 /\ v_i.1 + 6 < v_1 /\ v_i.0 - v_i.1 - 7 >= 0 /\ v_1 - v_i.1 - 7 >= 0 /\ v_1 + v_i.1 + 5 >= 0 /\ v_i.1 + 7 >= 0 /\ v_i.0 + v_i.1 + 7 >= 0 /\ v_i.1 + 7 < v_1 /\ v_i.0 - v_i.1 - 8 >= 0 /\ v_1 - v_i.1 - 8 >= 0 /\ v_1 + v_i.1 + 6 >= 0 /\ v_i.1 + 8 >= 0 /\ v_i.0 + v_i.1 + 8 >= 0 /\ v_i.1 + 8 < v_1 /\ v_i.0 - v_i.1 - 9 >= 0 /\ v_1 - v_i.1 - 9 >= 0 /\ v_1 + v_i.1 + 7 >= 0 /\ v_i.1 + 9 >= 0 /\ v_i.0 + v_i.1 + 9 >= 0 /\ v_i.1 + 9 < v_1 /\ v_i.0 - v_i.1 - 10 >= 0 /\ v_1 - v_i.1 - 10 >= 0 /\ v_1 + v_i.1 + 8 >= 0 /\ v_i.1 + 10 >= 0 /\ v_i.0 + v_i.1 + 10 >= 0 /\ v_i.1 + 10 < v_1 /\ v_i.0 - v_i.1 - 11 >= 0 /\ v_1 - v_i.1 - 11 >= 0 /\ v_1 + v_i.1 + 9 >= 0 /\ v_i.1 + 11 >= 0 /\ v_i.0 + v_i.1 + 11 >= 0 /\ v_i.1 + 11 < v_1 ]
We thus obtain the following problem:
23:	T:
		(1, 23)    eval_find_nearby_colors_bb24_in(v_1, v_i.0, v_i.1) -> eval_find_nearby_colors_bb27_in(v_1, v_i.0, v_i.1 + 11) [ v_i.0 - v_i.1 >= 0 /\ v_i.1 >= 0 /\ v_i.0 + v_i.1 >= 0 /\ v_i.0 >= 0 /\ -v_1 + v_i.0 >= 0 /\ v_i.1 < v_1 /\ v_i.0 - v_i.1 - 1 >= 0 /\ v_1 - v_i.1 - 1 >= 0 /\ v_i.0 + v_i.1 - 1 >= 0 /\ v_1 + v_i.1 - 1 >= 0 /\ v_i.0 - 1 >= 0 /\ v_1 + v_i.0 - 2 >= 0 /\ v_1 - 1 >= 0 /\ v_i.1 + 1 >= 0 /\ v_i.0 + v_i.1 + 1 >= 0 /\ v_i.1 + 1 < v_1 /\ v_i.0 - v_i.1 - 2 >= 0 /\ v_1 - v_i.1 - 2 >= 0 /\ v_1 + v_i.1 >= 0 /\ v_i.1 + 2 >= 0 /\ v_i.0 + v_i.1 + 2 >= 0 /\ v_i.1 + 2 < v_1 /\ v_i.0 - v_i.1 - 3 >= 0 /\ v_1 - v_i.1 - 3 >= 0 /\ v_1 + v_i.1 + 1 >= 0 /\ v_i.1 + 3 >= 0 /\ v_i.0 + v_i.1 + 3 >= 0 /\ v_i.1 + 3 < v_1 /\ v_i.0 - v_i.1 - 4 >= 0 /\ v_1 - v_i.1 - 4 >= 0 /\ v_1 + v_i.1 + 2 >= 0 /\ v_i.1 + 4 >= 0 /\ v_i.0 + v_i.1 + 4 >= 0 /\ v_i.1 + 4 < v_1 /\ v_i.0 - v_i.1 - 5 >= 0 /\ v_1 - v_i.1 - 5 >= 0 /\ v_1 + v_i.1 + 3 >= 0 /\ v_i.1 + 5 >= 0 /\ v_i.0 + v_i.1 + 5 >= 0 /\ v_i.1 + 5 < v_1 /\ v_i.0 - v_i.1 - 6 >= 0 /\ v_1 - v_i.1 - 6 >= 0 /\ v_1 + v_i.1 + 4 >= 0 /\ v_i.1 + 6 >= 0 /\ v_i.0 + v_i.1 + 6 >= 0 /\ v_i.1 + 6 < v_1 /\ v_i.0 - v_i.1 - 7 >= 0 /\ v_1 - v_i.1 - 7 >= 0 /\ v_1 + v_i.1 + 5 >= 0 /\ v_i.1 + 7 >= 0 /\ v_i.0 + v_i.1 + 7 >= 0 /\ v_i.1 + 7 < v_1 /\ v_i.0 - v_i.1 - 8 >= 0 /\ v_1 - v_i.1 - 8 >= 0 /\ v_1 + v_i.1 + 6 >= 0 /\ v_i.1 + 8 >= 0 /\ v_i.0 + v_i.1 + 8 >= 0 /\ v_i.1 + 8 < v_1 /\ v_i.0 - v_i.1 - 9 >= 0 /\ v_1 - v_i.1 - 9 >= 0 /\ v_1 + v_i.1 + 7 >= 0 /\ v_i.1 + 9 >= 0 /\ v_i.0 + v_i.1 + 9 >= 0 /\ v_i.1 + 9 < v_1 /\ v_i.0 - v_i.1 - 10 >= 0 /\ v_1 - v_i.1 - 10 >= 0 /\ v_1 + v_i.1 + 8 >= 0 /\ v_i.1 + 10 >= 0 /\ v_i.0 + v_i.1 + 10 >= 0 /\ v_i.1 + 10 < v_1 /\ v_i.0 - v_i.1 - 11 >= 0 /\ v_1 - v_i.1 - 11 >= 0 /\ v_1 + v_i.1 + 9 >= 0 /\ v_i.1 + 11 >= 0 /\ v_i.0 + v_i.1 + 11 >= 0 /\ v_i.1 + 11 < v_1 ]
		(?, 2)     eval_find_nearby_colors_bb27_in(v_1, v_i.0, v_i.1) -> eval_find_nearby_colors_bb27_in(v_1, v_i.0, v_i.1 + 1) [ v_i.0 - v_i.1 - 1 >= 0 /\ v_1 - v_i.1 - 1 >= 0 /\ v_i.1 >= 0 /\ v_i.0 + v_i.1 - 1 >= 0 /\ v_1 + v_i.1 - 1 >= 0 /\ v_i.0 - 1 >= 0 /\ v_1 + v_i.0 - 2 >= 0 /\ -v_1 + v_i.0 >= 0 /\ v_1 - 1 >= 0 /\ v_i.1 + 1 >= 0 /\ v_i.0 + v_i.1 + 1 >= 0 /\ v_i.0 >= 0 /\ v_i.1 + 1 < v_1 ]
		(?, 2)     eval_find_nearby_colors_bb16_in(v_1, v_i.0, v_i.1) -> eval_find_nearby_colors_bb1_in(v_1, v_i.0 + 1, v_i.1) [ v_1 - v_i.0 - 1 >= 0 /\ v_i.0 >= 0 /\ v_1 + v_i.0 - 1 >= 0 /\ v_1 - 1 >= 0 ]
		(?, 1)     eval_find_nearby_colors_bb9_in(v_1, v_i.0, v_i.1) -> eval_find_nearby_colors_bb16_in(v_1, v_i.0, v_i.1) [ v_1 - v_i.0 - 1 >= 0 /\ v_i.0 >= 0 /\ v_1 + v_i.0 - 1 >= 0 /\ v_1 - 1 >= 0 ]
		(1, 1)     eval_find_nearby_colors_bb1_in(v_1, v_i.0, v_i.1) -> eval_find_nearby_colors_bb24_in(v_1, v_i.0, 0) [ v_i.0 >= 0 /\ v_i.0 >= v_1 ]
		(?, 1)     eval_find_nearby_colors_bb1_in(v_1, v_i.0, v_i.1) -> eval_find_nearby_colors_bb9_in(v_1, v_i.0, v_i.1) [ v_i.0 >= 0 /\ v_i.0 < v_1 ]
		(1, 2)     eval_find_nearby_colors_start(v_1, v_i.0, v_i.1) -> eval_find_nearby_colors_bb1_in(nondef.0, 0, v_i.1)
	start location:	eval_find_nearby_colors_start
	leaf cost:	1

By chaining the transition eval_find_nearby_colors_bb24_in(v_1, v_i.0, v_i.1) -> eval_find_nearby_colors_bb27_in(v_1, v_i.0, v_i.1 + 11) [ v_i.0 - v_i.1 >= 0 /\ v_i.1 >= 0 /\ v_i.0 + v_i.1 >= 0 /\ v_i.0 >= 0 /\ -v_1 + v_i.0 >= 0 /\ v_i.1 < v_1 /\ v_i.0 - v_i.1 - 1 >= 0 /\ v_1 - v_i.1 - 1 >= 0 /\ v_i.0 + v_i.1 - 1 >= 0 /\ v_1 + v_i.1 - 1 >= 0 /\ v_i.0 - 1 >= 0 /\ v_1 + v_i.0 - 2 >= 0 /\ v_1 - 1 >= 0 /\ v_i.1 + 1 >= 0 /\ v_i.0 + v_i.1 + 1 >= 0 /\ v_i.1 + 1 < v_1 /\ v_i.0 - v_i.1 - 2 >= 0 /\ v_1 - v_i.1 - 2 >= 0 /\ v_1 + v_i.1 >= 0 /\ v_i.1 + 2 >= 0 /\ v_i.0 + v_i.1 + 2 >= 0 /\ v_i.1 + 2 < v_1 /\ v_i.0 - v_i.1 - 3 >= 0 /\ v_1 - v_i.1 - 3 >= 0 /\ v_1 + v_i.1 + 1 >= 0 /\ v_i.1 + 3 >= 0 /\ v_i.0 + v_i.1 + 3 >= 0 /\ v_i.1 + 3 < v_1 /\ v_i.0 - v_i.1 - 4 >= 0 /\ v_1 - v_i.1 - 4 >= 0 /\ v_1 + v_i.1 + 2 >= 0 /\ v_i.1 + 4 >= 0 /\ v_i.0 + v_i.1 + 4 >= 0 /\ v_i.1 + 4 < v_1 /\ v_i.0 - v_i.1 - 5 >= 0 /\ v_1 - v_i.1 - 5 >= 0 /\ v_1 + v_i.1 + 3 >= 0 /\ v_i.1 + 5 >= 0 /\ v_i.0 + v_i.1 + 5 >= 0 /\ v_i.1 + 5 < v_1 /\ v_i.0 - v_i.1 - 6 >= 0 /\ v_1 - v_i.1 - 6 >= 0 /\ v_1 + v_i.1 + 4 >= 0 /\ v_i.1 + 6 >= 0 /\ v_i.0 + v_i.1 + 6 >= 0 /\ v_i.1 + 6 < v_1 /\ v_i.0 - v_i.1 - 7 >= 0 /\ v_1 - v_i.1 - 7 >= 0 /\ v_1 + v_i.1 + 5 >= 0 /\ v_i.1 + 7 >= 0 /\ v_i.0 + v_i.1 + 7 >= 0 /\ v_i.1 + 7 < v_1 /\ v_i.0 - v_i.1 - 8 >= 0 /\ v_1 - v_i.1 - 8 >= 0 /\ v_1 + v_i.1 + 6 >= 0 /\ v_i.1 + 8 >= 0 /\ v_i.0 + v_i.1 + 8 >= 0 /\ v_i.1 + 8 < v_1 /\ v_i.0 - v_i.1 - 9 >= 0 /\ v_1 - v_i.1 - 9 >= 0 /\ v_1 + v_i.1 + 7 >= 0 /\ v_i.1 + 9 >= 0 /\ v_i.0 + v_i.1 + 9 >= 0 /\ v_i.1 + 9 < v_1 /\ v_i.0 - v_i.1 - 10 >= 0 /\ v_1 - v_i.1 - 10 >= 0 /\ v_1 + v_i.1 + 8 >= 0 /\ v_i.1 + 10 >= 0 /\ v_i.0 + v_i.1 + 10 >= 0 /\ v_i.1 + 10 < v_1 /\ v_i.0 - v_i.1 - 11 >= 0 /\ v_1 - v_i.1 - 11 >= 0 /\ v_1 + v_i.1 + 9 >= 0 /\ v_i.1 + 11 >= 0 /\ v_i.0 + v_i.1 + 11 >= 0 /\ v_i.1 + 11 < v_1 ] with all transitions in problem 23, the following new transition is obtained:
	eval_find_nearby_colors_bb24_in(v_1, v_i.0, v_i.1) -> eval_find_nearby_colors_bb27_in(v_1, v_i.0, v_i.1 + 12) [ v_i.0 - v_i.1 >= 0 /\ v_i.1 >= 0 /\ v_i.0 + v_i.1 >= 0 /\ v_i.0 >= 0 /\ -v_1 + v_i.0 >= 0 /\ v_i.1 < v_1 /\ v_i.0 - v_i.1 - 1 >= 0 /\ v_1 - v_i.1 - 1 >= 0 /\ v_i.0 + v_i.1 - 1 >= 0 /\ v_1 + v_i.1 - 1 >= 0 /\ v_i.0 - 1 >= 0 /\ v_1 + v_i.0 - 2 >= 0 /\ v_1 - 1 >= 0 /\ v_i.1 + 1 >= 0 /\ v_i.0 + v_i.1 + 1 >= 0 /\ v_i.1 + 1 < v_1 /\ v_i.0 - v_i.1 - 2 >= 0 /\ v_1 - v_i.1 - 2 >= 0 /\ v_1 + v_i.1 >= 0 /\ v_i.1 + 2 >= 0 /\ v_i.0 + v_i.1 + 2 >= 0 /\ v_i.1 + 2 < v_1 /\ v_i.0 - v_i.1 - 3 >= 0 /\ v_1 - v_i.1 - 3 >= 0 /\ v_1 + v_i.1 + 1 >= 0 /\ v_i.1 + 3 >= 0 /\ v_i.0 + v_i.1 + 3 >= 0 /\ v_i.1 + 3 < v_1 /\ v_i.0 - v_i.1 - 4 >= 0 /\ v_1 - v_i.1 - 4 >= 0 /\ v_1 + v_i.1 + 2 >= 0 /\ v_i.1 + 4 >= 0 /\ v_i.0 + v_i.1 + 4 >= 0 /\ v_i.1 + 4 < v_1 /\ v_i.0 - v_i.1 - 5 >= 0 /\ v_1 - v_i.1 - 5 >= 0 /\ v_1 + v_i.1 + 3 >= 0 /\ v_i.1 + 5 >= 0 /\ v_i.0 + v_i.1 + 5 >= 0 /\ v_i.1 + 5 < v_1 /\ v_i.0 - v_i.1 - 6 >= 0 /\ v_1 - v_i.1 - 6 >= 0 /\ v_1 + v_i.1 + 4 >= 0 /\ v_i.1 + 6 >= 0 /\ v_i.0 + v_i.1 + 6 >= 0 /\ v_i.1 + 6 < v_1 /\ v_i.0 - v_i.1 - 7 >= 0 /\ v_1 - v_i.1 - 7 >= 0 /\ v_1 + v_i.1 + 5 >= 0 /\ v_i.1 + 7 >= 0 /\ v_i.0 + v_i.1 + 7 >= 0 /\ v_i.1 + 7 < v_1 /\ v_i.0 - v_i.1 - 8 >= 0 /\ v_1 - v_i.1 - 8 >= 0 /\ v_1 + v_i.1 + 6 >= 0 /\ v_i.1 + 8 >= 0 /\ v_i.0 + v_i.1 + 8 >= 0 /\ v_i.1 + 8 < v_1 /\ v_i.0 - v_i.1 - 9 >= 0 /\ v_1 - v_i.1 - 9 >= 0 /\ v_1 + v_i.1 + 7 >= 0 /\ v_i.1 + 9 >= 0 /\ v_i.0 + v_i.1 + 9 >= 0 /\ v_i.1 + 9 < v_1 /\ v_i.0 - v_i.1 - 10 >= 0 /\ v_1 - v_i.1 - 10 >= 0 /\ v_1 + v_i.1 + 8 >= 0 /\ v_i.1 + 10 >= 0 /\ v_i.0 + v_i.1 + 10 >= 0 /\ v_i.1 + 10 < v_1 /\ v_i.0 - v_i.1 - 11 >= 0 /\ v_1 - v_i.1 - 11 >= 0 /\ v_1 + v_i.1 + 9 >= 0 /\ v_i.1 + 11 >= 0 /\ v_i.0 + v_i.1 + 11 >= 0 /\ v_i.1 + 11 < v_1 /\ v_i.0 - v_i.1 - 12 >= 0 /\ v_1 - v_i.1 - 12 >= 0 /\ v_1 + v_i.1 + 10 >= 0 /\ v_i.1 + 12 >= 0 /\ v_i.0 + v_i.1 + 12 >= 0 /\ v_i.1 + 12 < v_1 ]
We thus obtain the following problem:
24:	T:
		(1, 25)    eval_find_nearby_colors_bb24_in(v_1, v_i.0, v_i.1) -> eval_find_nearby_colors_bb27_in(v_1, v_i.0, v_i.1 + 12) [ v_i.0 - v_i.1 >= 0 /\ v_i.1 >= 0 /\ v_i.0 + v_i.1 >= 0 /\ v_i.0 >= 0 /\ -v_1 + v_i.0 >= 0 /\ v_i.1 < v_1 /\ v_i.0 - v_i.1 - 1 >= 0 /\ v_1 - v_i.1 - 1 >= 0 /\ v_i.0 + v_i.1 - 1 >= 0 /\ v_1 + v_i.1 - 1 >= 0 /\ v_i.0 - 1 >= 0 /\ v_1 + v_i.0 - 2 >= 0 /\ v_1 - 1 >= 0 /\ v_i.1 + 1 >= 0 /\ v_i.0 + v_i.1 + 1 >= 0 /\ v_i.1 + 1 < v_1 /\ v_i.0 - v_i.1 - 2 >= 0 /\ v_1 - v_i.1 - 2 >= 0 /\ v_1 + v_i.1 >= 0 /\ v_i.1 + 2 >= 0 /\ v_i.0 + v_i.1 + 2 >= 0 /\ v_i.1 + 2 < v_1 /\ v_i.0 - v_i.1 - 3 >= 0 /\ v_1 - v_i.1 - 3 >= 0 /\ v_1 + v_i.1 + 1 >= 0 /\ v_i.1 + 3 >= 0 /\ v_i.0 + v_i.1 + 3 >= 0 /\ v_i.1 + 3 < v_1 /\ v_i.0 - v_i.1 - 4 >= 0 /\ v_1 - v_i.1 - 4 >= 0 /\ v_1 + v_i.1 + 2 >= 0 /\ v_i.1 + 4 >= 0 /\ v_i.0 + v_i.1 + 4 >= 0 /\ v_i.1 + 4 < v_1 /\ v_i.0 - v_i.1 - 5 >= 0 /\ v_1 - v_i.1 - 5 >= 0 /\ v_1 + v_i.1 + 3 >= 0 /\ v_i.1 + 5 >= 0 /\ v_i.0 + v_i.1 + 5 >= 0 /\ v_i.1 + 5 < v_1 /\ v_i.0 - v_i.1 - 6 >= 0 /\ v_1 - v_i.1 - 6 >= 0 /\ v_1 + v_i.1 + 4 >= 0 /\ v_i.1 + 6 >= 0 /\ v_i.0 + v_i.1 + 6 >= 0 /\ v_i.1 + 6 < v_1 /\ v_i.0 - v_i.1 - 7 >= 0 /\ v_1 - v_i.1 - 7 >= 0 /\ v_1 + v_i.1 + 5 >= 0 /\ v_i.1 + 7 >= 0 /\ v_i.0 + v_i.1 + 7 >= 0 /\ v_i.1 + 7 < v_1 /\ v_i.0 - v_i.1 - 8 >= 0 /\ v_1 - v_i.1 - 8 >= 0 /\ v_1 + v_i.1 + 6 >= 0 /\ v_i.1 + 8 >= 0 /\ v_i.0 + v_i.1 + 8 >= 0 /\ v_i.1 + 8 < v_1 /\ v_i.0 - v_i.1 - 9 >= 0 /\ v_1 - v_i.1 - 9 >= 0 /\ v_1 + v_i.1 + 7 >= 0 /\ v_i.1 + 9 >= 0 /\ v_i.0 + v_i.1 + 9 >= 0 /\ v_i.1 + 9 < v_1 /\ v_i.0 - v_i.1 - 10 >= 0 /\ v_1 - v_i.1 - 10 >= 0 /\ v_1 + v_i.1 + 8 >= 0 /\ v_i.1 + 10 >= 0 /\ v_i.0 + v_i.1 + 10 >= 0 /\ v_i.1 + 10 < v_1 /\ v_i.0 - v_i.1 - 11 >= 0 /\ v_1 - v_i.1 - 11 >= 0 /\ v_1 + v_i.1 + 9 >= 0 /\ v_i.1 + 11 >= 0 /\ v_i.0 + v_i.1 + 11 >= 0 /\ v_i.1 + 11 < v_1 /\ v_i.0 - v_i.1 - 12 >= 0 /\ v_1 - v_i.1 - 12 >= 0 /\ v_1 + v_i.1 + 10 >= 0 /\ v_i.1 + 12 >= 0 /\ v_i.0 + v_i.1 + 12 >= 0 /\ v_i.1 + 12 < v_1 ]
		(?, 2)     eval_find_nearby_colors_bb27_in(v_1, v_i.0, v_i.1) -> eval_find_nearby_colors_bb27_in(v_1, v_i.0, v_i.1 + 1) [ v_i.0 - v_i.1 - 1 >= 0 /\ v_1 - v_i.1 - 1 >= 0 /\ v_i.1 >= 0 /\ v_i.0 + v_i.1 - 1 >= 0 /\ v_1 + v_i.1 - 1 >= 0 /\ v_i.0 - 1 >= 0 /\ v_1 + v_i.0 - 2 >= 0 /\ -v_1 + v_i.0 >= 0 /\ v_1 - 1 >= 0 /\ v_i.1 + 1 >= 0 /\ v_i.0 + v_i.1 + 1 >= 0 /\ v_i.0 >= 0 /\ v_i.1 + 1 < v_1 ]
		(?, 2)     eval_find_nearby_colors_bb16_in(v_1, v_i.0, v_i.1) -> eval_find_nearby_colors_bb1_in(v_1, v_i.0 + 1, v_i.1) [ v_1 - v_i.0 - 1 >= 0 /\ v_i.0 >= 0 /\ v_1 + v_i.0 - 1 >= 0 /\ v_1 - 1 >= 0 ]
		(?, 1)     eval_find_nearby_colors_bb9_in(v_1, v_i.0, v_i.1) -> eval_find_nearby_colors_bb16_in(v_1, v_i.0, v_i.1) [ v_1 - v_i.0 - 1 >= 0 /\ v_i.0 >= 0 /\ v_1 + v_i.0 - 1 >= 0 /\ v_1 - 1 >= 0 ]
		(1, 1)     eval_find_nearby_colors_bb1_in(v_1, v_i.0, v_i.1) -> eval_find_nearby_colors_bb24_in(v_1, v_i.0, 0) [ v_i.0 >= 0 /\ v_i.0 >= v_1 ]
		(?, 1)     eval_find_nearby_colors_bb1_in(v_1, v_i.0, v_i.1) -> eval_find_nearby_colors_bb9_in(v_1, v_i.0, v_i.1) [ v_i.0 >= 0 /\ v_i.0 < v_1 ]
		(1, 2)     eval_find_nearby_colors_start(v_1, v_i.0, v_i.1) -> eval_find_nearby_colors_bb1_in(nondef.0, 0, v_i.1)
	start location:	eval_find_nearby_colors_start
	leaf cost:	1

Complexity upper bound ?

Time: 1.542 sec (SMT: 1.000 sec)
