MAYBE

Initial complexity problem:
1:	T:
		(1, 1)    eval_id3_tag_findframe_start(v_12, v_13, v_25, v_28, v_31, v_i.0, v_index, v_len.1) -> Com_1(eval_id3_tag_findframe_bb0_in(v_12, v_13, v_25, v_28, v_31, v_i.0, v_index, v_len.1))
		(?, 1)    eval_id3_tag_findframe_bb0_in(v_12, v_13, v_25, v_28, v_31, v_i.0, v_index, v_len.1) -> Com_1(eval_id3_tag_findframe_bb2_in(v_12, v_13, v_25, v_28, v_31, v_i.0, v_index, v_len.1))
		(?, 1)    eval_id3_tag_findframe_bb0_in(v_12, v_13, v_25, v_28, v_31, v_i.0, v_index, v_len.1) -> Com_1(eval_id3_tag_findframe_7(v_12, v_13, v_25, v_28, v_31, v_i.0, v_index, v_len.1))
		(?, 1)    eval_id3_tag_findframe_bb2_in(v_12, v_13, v_25, v_28, v_31, v_i.0, v_index, v_len.1) -> Com_1(eval_id3_tag_findframe_bb15_in(v_12, v_13, v_25, v_28, v_31, v_i.0, v_index, v_len.1))
		(?, 1)    eval_id3_tag_findframe_7(v_12, v_13, v_25, v_28, v_31, v_i.0, v_index, v_len.1) -> Com_2(eval_strlen_start(v_12, v_13, v_25, v_28, v_31, v_i.0, v_index, v_len.1), eval_id3_tag_findframe_8(nondef.2, v_13, v_25, v_28, v_31, v_i.0, v_index, v_len.1))
		(?, 1)    eval_id3_tag_findframe_8(v_12, v_13, v_25, v_28, v_31, v_i.0, v_index, v_len.1) -> Com_1(eval_id3_tag_findframe_10(v_12, v_12, v_25, v_28, v_31, v_i.0, v_index, v_len.1))
		(?, 1)    eval_id3_tag_findframe_8(v_12, v_13, v_25, v_28, v_31, v_i.0, v_index, v_len.1) -> Com_1(eval_id3_tag_findframe_bb9_in(v_12, v_13, v_25, v_28, v_31, v_i.0, v_index, v_12))
		(?, 1)    eval_id3_tag_findframe_10(v_12, v_13, v_25, v_28, v_31, v_i.0, v_index, v_len.1) -> Com_2(eval_id3_compat_lookup_start(v_12, v_13, v_25, v_28, v_31, v_i.0, v_index, v_len.1), eval_id3_tag_findframe_11(v_12, v_13, v_25, v_28, v_31, v_i.0, v_index, v_len.1))
		(?, 1)    eval_id3_tag_findframe_11(v_12, v_13, v_25, v_28, v_31, v_i.0, v_index, v_len.1) -> Com_1(eval_id3_tag_findframe_bb9_in(v_12, v_13, v_25, v_28, v_31, v_i.0, v_index, v_13))
		(?, 1)    eval_id3_tag_findframe_11(v_12, v_13, v_25, v_28, v_31, v_i.0, v_index, v_len.1) -> Com_1(eval_id3_tag_findframe_12(v_12, v_13, v_25, v_28, v_31, v_i.0, v_index, v_len.1))
		(?, 1)    eval_id3_tag_findframe_12(v_12, v_13, v_25, v_28, v_31, v_i.0, v_index, v_len.1) -> Com_2(eval_strlen_start(v_12, v_13, v_25, v_28, v_31, v_i.0, v_index, v_len.1), eval_id3_tag_findframe_13(v_12, v_13, v_25, v_28, v_31, v_i.0, v_index, v_len.1))
		(?, 1)    eval_id3_tag_findframe_13(v_12, v_13, v_25, v_28, v_31, v_i.0, v_index, v_len.1) -> Com_1(eval_id3_tag_findframe_bb9_in(v_12, v_13, v_25, v_28, v_31, v_i.0, v_index, v_25))
		(?, 1)    eval_id3_tag_findframe_bb9_in(v_12, v_13, v_25, v_28, v_31, v_i.0, v_index, v_len.1) -> Com_1(eval_id3_tag_findframe_bb10_in(v_12, v_13, v_25, nondef.4, v_len.1, 0, v_index, v_len.1))
		(?, 1)    eval_id3_tag_findframe_bb10_in(v_12, v_13, v_25, v_28, v_31, v_i.0, v_index, v_len.1) -> Com_1(eval_id3_tag_findframe_19(v_12, v_13, v_25, v_28, v_31, v_i.0, v_index, v_len.1)) [ v_i.0 < v_28 ]
		(?, 1)    eval_id3_tag_findframe_bb10_in(v_12, v_13, v_25, v_28, v_31, v_i.0, v_index, v_len.1) -> Com_1(eval_id3_tag_findframe_bb15_in(v_12, v_13, v_25, v_28, v_31, v_i.0, v_index, v_len.1)) [ v_i.0 >= v_28 ]
		(?, 1)    eval_id3_tag_findframe_19(v_12, v_13, v_25, v_28, v_31, v_i.0, v_index, v_len.1) -> Com_2(eval_strncmp_start(v_12, v_13, v_25, v_28, v_31, v_i.0, v_index, v_len.1), eval_id3_tag_findframe_20(v_12, v_13, v_25, v_28, v_31, v_i.0, v_index, v_len.1))
		(?, 1)    eval_id3_tag_findframe_20(v_12, v_13, v_25, v_28, v_31, v_i.0, v_index, v_len.1) -> Com_1(eval_id3_tag_findframe_bb15_in(v_12, v_13, v_25, v_28, v_31, v_i.0, v_index, v_len.1))
		(?, 1)    eval_id3_tag_findframe_20(v_12, v_13, v_25, v_28, v_31, v_i.0, v_index, v_len.1) -> Com_1(eval_id3_tag_findframe_bb14_in(v_12, v_13, v_25, v_28, v_31, v_i.0, v_index, v_len.1))
		(?, 1)    eval_id3_tag_findframe_bb14_in(v_12, v_13, v_25, v_28, v_31, v_i.0, v_index, v_len.1) -> Com_1(eval_id3_tag_findframe_bb10_in(v_12, v_13, v_25, v_28, v_31, v_i.0 + 1, v_index, v_len.1))
		(?, 1)    eval_id3_tag_findframe_bb15_in(v_12, v_13, v_25, v_28, v_31, v_i.0, v_index, v_len.1) -> Com_1(eval_id3_tag_findframe_stop(v_12, v_13, v_25, v_28, v_31, v_i.0, v_index, v_len.1))
	start location:	eval_id3_tag_findframe_start
	leaf cost:	0

Slicing away variables that do not contribute to conditions from problem 1 leaves variables [v_28, v_i.0].
We thus obtain the following problem:
2:	T:
		(?, 1)    eval_id3_tag_findframe_bb15_in(v_28, v_i.0) -> Com_1(eval_id3_tag_findframe_stop(v_28, v_i.0))
		(?, 1)    eval_id3_tag_findframe_bb14_in(v_28, v_i.0) -> Com_1(eval_id3_tag_findframe_bb10_in(v_28, v_i.0 + 1))
		(?, 1)    eval_id3_tag_findframe_20(v_28, v_i.0) -> Com_1(eval_id3_tag_findframe_bb14_in(v_28, v_i.0))
		(?, 1)    eval_id3_tag_findframe_20(v_28, v_i.0) -> Com_1(eval_id3_tag_findframe_bb15_in(v_28, v_i.0))
		(?, 1)    eval_id3_tag_findframe_19(v_28, v_i.0) -> Com_2(eval_strncmp_start(v_28, v_i.0), eval_id3_tag_findframe_20(v_28, v_i.0))
		(?, 1)    eval_id3_tag_findframe_bb10_in(v_28, v_i.0) -> Com_1(eval_id3_tag_findframe_bb15_in(v_28, v_i.0)) [ v_i.0 >= v_28 ]
		(?, 1)    eval_id3_tag_findframe_bb10_in(v_28, v_i.0) -> Com_1(eval_id3_tag_findframe_19(v_28, v_i.0)) [ v_i.0 < v_28 ]
		(?, 1)    eval_id3_tag_findframe_bb9_in(v_28, v_i.0) -> Com_1(eval_id3_tag_findframe_bb10_in(nondef.4, 0))
		(?, 1)    eval_id3_tag_findframe_13(v_28, v_i.0) -> Com_1(eval_id3_tag_findframe_bb9_in(v_28, v_i.0))
		(?, 1)    eval_id3_tag_findframe_12(v_28, v_i.0) -> Com_2(eval_strlen_start(v_28, v_i.0), eval_id3_tag_findframe_13(v_28, v_i.0))
		(?, 1)    eval_id3_tag_findframe_11(v_28, v_i.0) -> Com_1(eval_id3_tag_findframe_12(v_28, v_i.0))
		(?, 1)    eval_id3_tag_findframe_11(v_28, v_i.0) -> Com_1(eval_id3_tag_findframe_bb9_in(v_28, v_i.0))
		(?, 1)    eval_id3_tag_findframe_10(v_28, v_i.0) -> Com_2(eval_id3_compat_lookup_start(v_28, v_i.0), eval_id3_tag_findframe_11(v_28, v_i.0))
		(?, 1)    eval_id3_tag_findframe_8(v_28, v_i.0) -> Com_1(eval_id3_tag_findframe_bb9_in(v_28, v_i.0))
		(?, 1)    eval_id3_tag_findframe_8(v_28, v_i.0) -> Com_1(eval_id3_tag_findframe_10(v_28, v_i.0))
		(?, 1)    eval_id3_tag_findframe_7(v_28, v_i.0) -> Com_2(eval_strlen_start(v_28, v_i.0), eval_id3_tag_findframe_8(v_28, v_i.0))
		(?, 1)    eval_id3_tag_findframe_bb2_in(v_28, v_i.0) -> Com_1(eval_id3_tag_findframe_bb15_in(v_28, v_i.0))
		(?, 1)    eval_id3_tag_findframe_bb0_in(v_28, v_i.0) -> Com_1(eval_id3_tag_findframe_7(v_28, v_i.0))
		(?, 1)    eval_id3_tag_findframe_bb0_in(v_28, v_i.0) -> Com_1(eval_id3_tag_findframe_bb2_in(v_28, v_i.0))
		(1, 1)    eval_id3_tag_findframe_start(v_28, v_i.0) -> Com_1(eval_id3_tag_findframe_bb0_in(v_28, v_i.0))
	start location:	eval_id3_tag_findframe_start
	leaf cost:	0

Repeatedly propagating knowledge in problem 2 produces the following problem:
3:	T:
		(?, 1)    eval_id3_tag_findframe_bb15_in(v_28, v_i.0) -> Com_1(eval_id3_tag_findframe_stop(v_28, v_i.0))
		(?, 1)    eval_id3_tag_findframe_bb14_in(v_28, v_i.0) -> Com_1(eval_id3_tag_findframe_bb10_in(v_28, v_i.0 + 1))
		(?, 1)    eval_id3_tag_findframe_20(v_28, v_i.0) -> Com_1(eval_id3_tag_findframe_bb14_in(v_28, v_i.0))
		(?, 1)    eval_id3_tag_findframe_20(v_28, v_i.0) -> Com_1(eval_id3_tag_findframe_bb15_in(v_28, v_i.0))
		(?, 1)    eval_id3_tag_findframe_19(v_28, v_i.0) -> Com_2(eval_strncmp_start(v_28, v_i.0), eval_id3_tag_findframe_20(v_28, v_i.0))
		(?, 1)    eval_id3_tag_findframe_bb10_in(v_28, v_i.0) -> Com_1(eval_id3_tag_findframe_bb15_in(v_28, v_i.0)) [ v_i.0 >= v_28 ]
		(?, 1)    eval_id3_tag_findframe_bb10_in(v_28, v_i.0) -> Com_1(eval_id3_tag_findframe_19(v_28, v_i.0)) [ v_i.0 < v_28 ]
		(3, 1)    eval_id3_tag_findframe_bb9_in(v_28, v_i.0) -> Com_1(eval_id3_tag_findframe_bb10_in(nondef.4, 0))
		(1, 1)    eval_id3_tag_findframe_13(v_28, v_i.0) -> Com_1(eval_id3_tag_findframe_bb9_in(v_28, v_i.0))
		(1, 1)    eval_id3_tag_findframe_12(v_28, v_i.0) -> Com_2(eval_strlen_start(v_28, v_i.0), eval_id3_tag_findframe_13(v_28, v_i.0))
		(1, 1)    eval_id3_tag_findframe_11(v_28, v_i.0) -> Com_1(eval_id3_tag_findframe_12(v_28, v_i.0))
		(1, 1)    eval_id3_tag_findframe_11(v_28, v_i.0) -> Com_1(eval_id3_tag_findframe_bb9_in(v_28, v_i.0))
		(1, 1)    eval_id3_tag_findframe_10(v_28, v_i.0) -> Com_2(eval_id3_compat_lookup_start(v_28, v_i.0), eval_id3_tag_findframe_11(v_28, v_i.0))
		(1, 1)    eval_id3_tag_findframe_8(v_28, v_i.0) -> Com_1(eval_id3_tag_findframe_bb9_in(v_28, v_i.0))
		(1, 1)    eval_id3_tag_findframe_8(v_28, v_i.0) -> Com_1(eval_id3_tag_findframe_10(v_28, v_i.0))
		(1, 1)    eval_id3_tag_findframe_7(v_28, v_i.0) -> Com_2(eval_strlen_start(v_28, v_i.0), eval_id3_tag_findframe_8(v_28, v_i.0))
		(1, 1)    eval_id3_tag_findframe_bb2_in(v_28, v_i.0) -> Com_1(eval_id3_tag_findframe_bb15_in(v_28, v_i.0))
		(1, 1)    eval_id3_tag_findframe_bb0_in(v_28, v_i.0) -> Com_1(eval_id3_tag_findframe_7(v_28, v_i.0))
		(1, 1)    eval_id3_tag_findframe_bb0_in(v_28, v_i.0) -> Com_1(eval_id3_tag_findframe_bb2_in(v_28, v_i.0))
		(1, 1)    eval_id3_tag_findframe_start(v_28, v_i.0) -> Com_1(eval_id3_tag_findframe_bb0_in(v_28, v_i.0))
	start location:	eval_id3_tag_findframe_start
	leaf cost:	0

A polynomial rank function with
	Pol(eval_id3_tag_findframe_bb15_in) = 1
	Pol(eval_id3_tag_findframe_stop) = 0
	Pol(eval_id3_tag_findframe_bb14_in) = 2
	Pol(eval_id3_tag_findframe_bb10_in) = 2
	Pol(eval_id3_tag_findframe_20) = 2
	Pol(eval_id3_tag_findframe_19) = 2
	Pol(eval_strncmp_start) = 0
	Pol(eval_id3_tag_findframe_bb9_in) = 2
	Pol(eval_id3_tag_findframe_13) = 2
	Pol(eval_id3_tag_findframe_12) = 2
	Pol(eval_strlen_start) = 0
	Pol(eval_id3_tag_findframe_11) = 2
	Pol(eval_id3_tag_findframe_10) = 2
	Pol(eval_id3_compat_lookup_start) = 0
	Pol(eval_id3_tag_findframe_8) = 2
	Pol(eval_id3_tag_findframe_7) = 2
	Pol(eval_id3_tag_findframe_bb2_in) = 1
	Pol(eval_id3_tag_findframe_bb0_in) = 2
	Pol(eval_id3_tag_findframe_start) = 2
orients all transitions weakly and the transitions
	eval_id3_tag_findframe_bb15_in(v_28, v_i.0) -> Com_1(eval_id3_tag_findframe_stop(v_28, v_i.0))
	eval_id3_tag_findframe_bb10_in(v_28, v_i.0) -> Com_1(eval_id3_tag_findframe_bb15_in(v_28, v_i.0)) [ v_i.0 >= v_28 ]
	eval_id3_tag_findframe_20(v_28, v_i.0) -> Com_1(eval_id3_tag_findframe_bb15_in(v_28, v_i.0))
strictly and produces the following problem:
4:	T:
		(2, 1)    eval_id3_tag_findframe_bb15_in(v_28, v_i.0) -> Com_1(eval_id3_tag_findframe_stop(v_28, v_i.0))
		(?, 1)    eval_id3_tag_findframe_bb14_in(v_28, v_i.0) -> Com_1(eval_id3_tag_findframe_bb10_in(v_28, v_i.0 + 1))
		(?, 1)    eval_id3_tag_findframe_20(v_28, v_i.0) -> Com_1(eval_id3_tag_findframe_bb14_in(v_28, v_i.0))
		(2, 1)    eval_id3_tag_findframe_20(v_28, v_i.0) -> Com_1(eval_id3_tag_findframe_bb15_in(v_28, v_i.0))
		(?, 1)    eval_id3_tag_findframe_19(v_28, v_i.0) -> Com_2(eval_strncmp_start(v_28, v_i.0), eval_id3_tag_findframe_20(v_28, v_i.0))
		(2, 1)    eval_id3_tag_findframe_bb10_in(v_28, v_i.0) -> Com_1(eval_id3_tag_findframe_bb15_in(v_28, v_i.0)) [ v_i.0 >= v_28 ]
		(?, 1)    eval_id3_tag_findframe_bb10_in(v_28, v_i.0) -> Com_1(eval_id3_tag_findframe_19(v_28, v_i.0)) [ v_i.0 < v_28 ]
		(3, 1)    eval_id3_tag_findframe_bb9_in(v_28, v_i.0) -> Com_1(eval_id3_tag_findframe_bb10_in(nondef.4, 0))
		(1, 1)    eval_id3_tag_findframe_13(v_28, v_i.0) -> Com_1(eval_id3_tag_findframe_bb9_in(v_28, v_i.0))
		(1, 1)    eval_id3_tag_findframe_12(v_28, v_i.0) -> Com_2(eval_strlen_start(v_28, v_i.0), eval_id3_tag_findframe_13(v_28, v_i.0))
		(1, 1)    eval_id3_tag_findframe_11(v_28, v_i.0) -> Com_1(eval_id3_tag_findframe_12(v_28, v_i.0))
		(1, 1)    eval_id3_tag_findframe_11(v_28, v_i.0) -> Com_1(eval_id3_tag_findframe_bb9_in(v_28, v_i.0))
		(1, 1)    eval_id3_tag_findframe_10(v_28, v_i.0) -> Com_2(eval_id3_compat_lookup_start(v_28, v_i.0), eval_id3_tag_findframe_11(v_28, v_i.0))
		(1, 1)    eval_id3_tag_findframe_8(v_28, v_i.0) -> Com_1(eval_id3_tag_findframe_bb9_in(v_28, v_i.0))
		(1, 1)    eval_id3_tag_findframe_8(v_28, v_i.0) -> Com_1(eval_id3_tag_findframe_10(v_28, v_i.0))
		(1, 1)    eval_id3_tag_findframe_7(v_28, v_i.0) -> Com_2(eval_strlen_start(v_28, v_i.0), eval_id3_tag_findframe_8(v_28, v_i.0))
		(1, 1)    eval_id3_tag_findframe_bb2_in(v_28, v_i.0) -> Com_1(eval_id3_tag_findframe_bb15_in(v_28, v_i.0))
		(1, 1)    eval_id3_tag_findframe_bb0_in(v_28, v_i.0) -> Com_1(eval_id3_tag_findframe_7(v_28, v_i.0))
		(1, 1)    eval_id3_tag_findframe_bb0_in(v_28, v_i.0) -> Com_1(eval_id3_tag_findframe_bb2_in(v_28, v_i.0))
		(1, 1)    eval_id3_tag_findframe_start(v_28, v_i.0) -> Com_1(eval_id3_tag_findframe_bb0_in(v_28, v_i.0))
	start location:	eval_id3_tag_findframe_start
	leaf cost:	0

Applied AI with 'oct' on problem 4 to obtain the following invariants:
  For symbol eval_id3_tag_findframe_19: X_1 - X_2 - 1 >= 0 /\ X_2 >= 0 /\ X_1 + X_2 - 1 >= 0 /\ X_1 - 1 >= 0
  For symbol eval_id3_tag_findframe_20: X_1 - X_2 - 1 >= 0 /\ X_2 >= 0 /\ X_1 + X_2 - 1 >= 0 /\ X_1 - 1 >= 0
  For symbol eval_id3_tag_findframe_bb10_in: X_2 >= 0
  For symbol eval_id3_tag_findframe_bb14_in: X_1 - X_2 - 1 >= 0 /\ X_2 >= 0 /\ X_1 + X_2 - 1 >= 0 /\ X_1 - 1 >= 0


This yielded the following problem:
5:	T:
		(1, 1)    eval_id3_tag_findframe_start(v_28, v_i.0) -> Com_1(eval_id3_tag_findframe_bb0_in(v_28, v_i.0))
		(1, 1)    eval_id3_tag_findframe_bb0_in(v_28, v_i.0) -> Com_1(eval_id3_tag_findframe_bb2_in(v_28, v_i.0))
		(1, 1)    eval_id3_tag_findframe_bb0_in(v_28, v_i.0) -> Com_1(eval_id3_tag_findframe_7(v_28, v_i.0))
		(1, 1)    eval_id3_tag_findframe_bb2_in(v_28, v_i.0) -> Com_1(eval_id3_tag_findframe_bb15_in(v_28, v_i.0))
		(1, 1)    eval_id3_tag_findframe_7(v_28, v_i.0) -> Com_2(eval_strlen_start(v_28, v_i.0), eval_id3_tag_findframe_8(v_28, v_i.0))
		(1, 1)    eval_id3_tag_findframe_8(v_28, v_i.0) -> Com_1(eval_id3_tag_findframe_10(v_28, v_i.0))
		(1, 1)    eval_id3_tag_findframe_8(v_28, v_i.0) -> Com_1(eval_id3_tag_findframe_bb9_in(v_28, v_i.0))
		(1, 1)    eval_id3_tag_findframe_10(v_28, v_i.0) -> Com_2(eval_id3_compat_lookup_start(v_28, v_i.0), eval_id3_tag_findframe_11(v_28, v_i.0))
		(1, 1)    eval_id3_tag_findframe_11(v_28, v_i.0) -> Com_1(eval_id3_tag_findframe_bb9_in(v_28, v_i.0))
		(1, 1)    eval_id3_tag_findframe_11(v_28, v_i.0) -> Com_1(eval_id3_tag_findframe_12(v_28, v_i.0))
		(1, 1)    eval_id3_tag_findframe_12(v_28, v_i.0) -> Com_2(eval_strlen_start(v_28, v_i.0), eval_id3_tag_findframe_13(v_28, v_i.0))
		(1, 1)    eval_id3_tag_findframe_13(v_28, v_i.0) -> Com_1(eval_id3_tag_findframe_bb9_in(v_28, v_i.0))
		(3, 1)    eval_id3_tag_findframe_bb9_in(v_28, v_i.0) -> Com_1(eval_id3_tag_findframe_bb10_in(nondef.4, 0))
		(?, 1)    eval_id3_tag_findframe_bb10_in(v_28, v_i.0) -> Com_1(eval_id3_tag_findframe_19(v_28, v_i.0)) [ v_i.0 >= 0 /\ v_i.0 < v_28 ]
		(2, 1)    eval_id3_tag_findframe_bb10_in(v_28, v_i.0) -> Com_1(eval_id3_tag_findframe_bb15_in(v_28, v_i.0)) [ v_i.0 >= 0 /\ v_i.0 >= v_28 ]
		(?, 1)    eval_id3_tag_findframe_19(v_28, v_i.0) -> Com_2(eval_strncmp_start(v_28, v_i.0), eval_id3_tag_findframe_20(v_28, v_i.0)) [ v_28 - v_i.0 - 1 >= 0 /\ v_i.0 >= 0 /\ v_28 + v_i.0 - 1 >= 0 /\ v_28 - 1 >= 0 ]
		(2, 1)    eval_id3_tag_findframe_20(v_28, v_i.0) -> Com_1(eval_id3_tag_findframe_bb15_in(v_28, v_i.0)) [ v_28 - v_i.0 - 1 >= 0 /\ v_i.0 >= 0 /\ v_28 + v_i.0 - 1 >= 0 /\ v_28 - 1 >= 0 ]
		(?, 1)    eval_id3_tag_findframe_20(v_28, v_i.0) -> Com_1(eval_id3_tag_findframe_bb14_in(v_28, v_i.0)) [ v_28 - v_i.0 - 1 >= 0 /\ v_i.0 >= 0 /\ v_28 + v_i.0 - 1 >= 0 /\ v_28 - 1 >= 0 ]
		(?, 1)    eval_id3_tag_findframe_bb14_in(v_28, v_i.0) -> Com_1(eval_id3_tag_findframe_bb10_in(v_28, v_i.0 + 1)) [ v_28 - v_i.0 - 1 >= 0 /\ v_i.0 >= 0 /\ v_28 + v_i.0 - 1 >= 0 /\ v_28 - 1 >= 0 ]
		(2, 1)    eval_id3_tag_findframe_bb15_in(v_28, v_i.0) -> Com_1(eval_id3_tag_findframe_stop(v_28, v_i.0))
	start location:	eval_id3_tag_findframe_start
	leaf cost:	0

By chaining the transition eval_id3_tag_findframe_bb0_in(v_28, v_i.0) -> Com_1(eval_id3_tag_findframe_bb2_in(v_28, v_i.0)) with all transitions in problem 5, the following new transition is obtained:
	eval_id3_tag_findframe_bb0_in(v_28, v_i.0) -> Com_1(eval_id3_tag_findframe_bb15_in(v_28, v_i.0))
We thus obtain the following problem:
6:	T:
		(1, 2)    eval_id3_tag_findframe_bb0_in(v_28, v_i.0) -> Com_1(eval_id3_tag_findframe_bb15_in(v_28, v_i.0))
		(1, 1)    eval_id3_tag_findframe_start(v_28, v_i.0) -> Com_1(eval_id3_tag_findframe_bb0_in(v_28, v_i.0))
		(1, 1)    eval_id3_tag_findframe_bb0_in(v_28, v_i.0) -> Com_1(eval_id3_tag_findframe_7(v_28, v_i.0))
		(1, 1)    eval_id3_tag_findframe_bb2_in(v_28, v_i.0) -> Com_1(eval_id3_tag_findframe_bb15_in(v_28, v_i.0))
		(1, 1)    eval_id3_tag_findframe_7(v_28, v_i.0) -> Com_2(eval_strlen_start(v_28, v_i.0), eval_id3_tag_findframe_8(v_28, v_i.0))
		(1, 1)    eval_id3_tag_findframe_8(v_28, v_i.0) -> Com_1(eval_id3_tag_findframe_10(v_28, v_i.0))
		(1, 1)    eval_id3_tag_findframe_8(v_28, v_i.0) -> Com_1(eval_id3_tag_findframe_bb9_in(v_28, v_i.0))
		(1, 1)    eval_id3_tag_findframe_10(v_28, v_i.0) -> Com_2(eval_id3_compat_lookup_start(v_28, v_i.0), eval_id3_tag_findframe_11(v_28, v_i.0))
		(1, 1)    eval_id3_tag_findframe_11(v_28, v_i.0) -> Com_1(eval_id3_tag_findframe_bb9_in(v_28, v_i.0))
		(1, 1)    eval_id3_tag_findframe_11(v_28, v_i.0) -> Com_1(eval_id3_tag_findframe_12(v_28, v_i.0))
		(1, 1)    eval_id3_tag_findframe_12(v_28, v_i.0) -> Com_2(eval_strlen_start(v_28, v_i.0), eval_id3_tag_findframe_13(v_28, v_i.0))
		(1, 1)    eval_id3_tag_findframe_13(v_28, v_i.0) -> Com_1(eval_id3_tag_findframe_bb9_in(v_28, v_i.0))
		(3, 1)    eval_id3_tag_findframe_bb9_in(v_28, v_i.0) -> Com_1(eval_id3_tag_findframe_bb10_in(nondef.4, 0))
		(?, 1)    eval_id3_tag_findframe_bb10_in(v_28, v_i.0) -> Com_1(eval_id3_tag_findframe_19(v_28, v_i.0)) [ v_i.0 >= 0 /\ v_i.0 < v_28 ]
		(2, 1)    eval_id3_tag_findframe_bb10_in(v_28, v_i.0) -> Com_1(eval_id3_tag_findframe_bb15_in(v_28, v_i.0)) [ v_i.0 >= 0 /\ v_i.0 >= v_28 ]
		(?, 1)    eval_id3_tag_findframe_19(v_28, v_i.0) -> Com_2(eval_strncmp_start(v_28, v_i.0), eval_id3_tag_findframe_20(v_28, v_i.0)) [ v_28 - v_i.0 - 1 >= 0 /\ v_i.0 >= 0 /\ v_28 + v_i.0 - 1 >= 0 /\ v_28 - 1 >= 0 ]
		(2, 1)    eval_id3_tag_findframe_20(v_28, v_i.0) -> Com_1(eval_id3_tag_findframe_bb15_in(v_28, v_i.0)) [ v_28 - v_i.0 - 1 >= 0 /\ v_i.0 >= 0 /\ v_28 + v_i.0 - 1 >= 0 /\ v_28 - 1 >= 0 ]
		(?, 1)    eval_id3_tag_findframe_20(v_28, v_i.0) -> Com_1(eval_id3_tag_findframe_bb14_in(v_28, v_i.0)) [ v_28 - v_i.0 - 1 >= 0 /\ v_i.0 >= 0 /\ v_28 + v_i.0 - 1 >= 0 /\ v_28 - 1 >= 0 ]
		(?, 1)    eval_id3_tag_findframe_bb14_in(v_28, v_i.0) -> Com_1(eval_id3_tag_findframe_bb10_in(v_28, v_i.0 + 1)) [ v_28 - v_i.0 - 1 >= 0 /\ v_i.0 >= 0 /\ v_28 + v_i.0 - 1 >= 0 /\ v_28 - 1 >= 0 ]
		(2, 1)    eval_id3_tag_findframe_bb15_in(v_28, v_i.0) -> Com_1(eval_id3_tag_findframe_stop(v_28, v_i.0))
	start location:	eval_id3_tag_findframe_start
	leaf cost:	0

Testing for reachability in the complexity graph removes the following transition from problem 6:
	eval_id3_tag_findframe_bb2_in(v_28, v_i.0) -> Com_1(eval_id3_tag_findframe_bb15_in(v_28, v_i.0))
We thus obtain the following problem:
7:	T:
		(?, 1)    eval_id3_tag_findframe_bb14_in(v_28, v_i.0) -> Com_1(eval_id3_tag_findframe_bb10_in(v_28, v_i.0 + 1)) [ v_28 - v_i.0 - 1 >= 0 /\ v_i.0 >= 0 /\ v_28 + v_i.0 - 1 >= 0 /\ v_28 - 1 >= 0 ]
		(?, 1)    eval_id3_tag_findframe_20(v_28, v_i.0) -> Com_1(eval_id3_tag_findframe_bb14_in(v_28, v_i.0)) [ v_28 - v_i.0 - 1 >= 0 /\ v_i.0 >= 0 /\ v_28 + v_i.0 - 1 >= 0 /\ v_28 - 1 >= 0 ]
		(2, 1)    eval_id3_tag_findframe_20(v_28, v_i.0) -> Com_1(eval_id3_tag_findframe_bb15_in(v_28, v_i.0)) [ v_28 - v_i.0 - 1 >= 0 /\ v_i.0 >= 0 /\ v_28 + v_i.0 - 1 >= 0 /\ v_28 - 1 >= 0 ]
		(1, 1)    eval_id3_tag_findframe_13(v_28, v_i.0) -> Com_1(eval_id3_tag_findframe_bb9_in(v_28, v_i.0))
		(?, 1)    eval_id3_tag_findframe_19(v_28, v_i.0) -> Com_2(eval_strncmp_start(v_28, v_i.0), eval_id3_tag_findframe_20(v_28, v_i.0)) [ v_28 - v_i.0 - 1 >= 0 /\ v_i.0 >= 0 /\ v_28 + v_i.0 - 1 >= 0 /\ v_28 - 1 >= 0 ]
		(1, 1)    eval_id3_tag_findframe_12(v_28, v_i.0) -> Com_2(eval_strlen_start(v_28, v_i.0), eval_id3_tag_findframe_13(v_28, v_i.0))
		(2, 1)    eval_id3_tag_findframe_bb10_in(v_28, v_i.0) -> Com_1(eval_id3_tag_findframe_bb15_in(v_28, v_i.0)) [ v_i.0 >= 0 /\ v_i.0 >= v_28 ]
		(?, 1)    eval_id3_tag_findframe_bb10_in(v_28, v_i.0) -> Com_1(eval_id3_tag_findframe_19(v_28, v_i.0)) [ v_i.0 >= 0 /\ v_i.0 < v_28 ]
		(1, 1)    eval_id3_tag_findframe_11(v_28, v_i.0) -> Com_1(eval_id3_tag_findframe_12(v_28, v_i.0))
		(1, 1)    eval_id3_tag_findframe_11(v_28, v_i.0) -> Com_1(eval_id3_tag_findframe_bb9_in(v_28, v_i.0))
		(3, 1)    eval_id3_tag_findframe_bb9_in(v_28, v_i.0) -> Com_1(eval_id3_tag_findframe_bb10_in(nondef.4, 0))
		(1, 1)    eval_id3_tag_findframe_10(v_28, v_i.0) -> Com_2(eval_id3_compat_lookup_start(v_28, v_i.0), eval_id3_tag_findframe_11(v_28, v_i.0))
		(1, 1)    eval_id3_tag_findframe_8(v_28, v_i.0) -> Com_1(eval_id3_tag_findframe_bb9_in(v_28, v_i.0))
		(1, 1)    eval_id3_tag_findframe_8(v_28, v_i.0) -> Com_1(eval_id3_tag_findframe_10(v_28, v_i.0))
		(2, 1)    eval_id3_tag_findframe_bb15_in(v_28, v_i.0) -> Com_1(eval_id3_tag_findframe_stop(v_28, v_i.0))
		(1, 1)    eval_id3_tag_findframe_7(v_28, v_i.0) -> Com_2(eval_strlen_start(v_28, v_i.0), eval_id3_tag_findframe_8(v_28, v_i.0))
		(1, 2)    eval_id3_tag_findframe_bb0_in(v_28, v_i.0) -> Com_1(eval_id3_tag_findframe_bb15_in(v_28, v_i.0))
		(1, 1)    eval_id3_tag_findframe_bb0_in(v_28, v_i.0) -> Com_1(eval_id3_tag_findframe_7(v_28, v_i.0))
		(1, 1)    eval_id3_tag_findframe_start(v_28, v_i.0) -> Com_1(eval_id3_tag_findframe_bb0_in(v_28, v_i.0))
	start location:	eval_id3_tag_findframe_start
	leaf cost:	0

By chaining the transition eval_id3_tag_findframe_20(v_28, v_i.0) -> Com_1(eval_id3_tag_findframe_bb14_in(v_28, v_i.0)) [ v_28 - v_i.0 - 1 >= 0 /\ v_i.0 >= 0 /\ v_28 + v_i.0 - 1 >= 0 /\ v_28 - 1 >= 0 ] with all transitions in problem 7, the following new transition is obtained:
	eval_id3_tag_findframe_20(v_28, v_i.0) -> Com_1(eval_id3_tag_findframe_bb10_in(v_28, v_i.0 + 1)) [ v_28 - v_i.0 - 1 >= 0 /\ v_i.0 >= 0 /\ v_28 + v_i.0 - 1 >= 0 /\ v_28 - 1 >= 0 ]
We thus obtain the following problem:
8:	T:
		(?, 2)    eval_id3_tag_findframe_20(v_28, v_i.0) -> Com_1(eval_id3_tag_findframe_bb10_in(v_28, v_i.0 + 1)) [ v_28 - v_i.0 - 1 >= 0 /\ v_i.0 >= 0 /\ v_28 + v_i.0 - 1 >= 0 /\ v_28 - 1 >= 0 ]
		(?, 1)    eval_id3_tag_findframe_bb14_in(v_28, v_i.0) -> Com_1(eval_id3_tag_findframe_bb10_in(v_28, v_i.0 + 1)) [ v_28 - v_i.0 - 1 >= 0 /\ v_i.0 >= 0 /\ v_28 + v_i.0 - 1 >= 0 /\ v_28 - 1 >= 0 ]
		(2, 1)    eval_id3_tag_findframe_20(v_28, v_i.0) -> Com_1(eval_id3_tag_findframe_bb15_in(v_28, v_i.0)) [ v_28 - v_i.0 - 1 >= 0 /\ v_i.0 >= 0 /\ v_28 + v_i.0 - 1 >= 0 /\ v_28 - 1 >= 0 ]
		(1, 1)    eval_id3_tag_findframe_13(v_28, v_i.0) -> Com_1(eval_id3_tag_findframe_bb9_in(v_28, v_i.0))
		(?, 1)    eval_id3_tag_findframe_19(v_28, v_i.0) -> Com_2(eval_strncmp_start(v_28, v_i.0), eval_id3_tag_findframe_20(v_28, v_i.0)) [ v_28 - v_i.0 - 1 >= 0 /\ v_i.0 >= 0 /\ v_28 + v_i.0 - 1 >= 0 /\ v_28 - 1 >= 0 ]
		(1, 1)    eval_id3_tag_findframe_12(v_28, v_i.0) -> Com_2(eval_strlen_start(v_28, v_i.0), eval_id3_tag_findframe_13(v_28, v_i.0))
		(2, 1)    eval_id3_tag_findframe_bb10_in(v_28, v_i.0) -> Com_1(eval_id3_tag_findframe_bb15_in(v_28, v_i.0)) [ v_i.0 >= 0 /\ v_i.0 >= v_28 ]
		(?, 1)    eval_id3_tag_findframe_bb10_in(v_28, v_i.0) -> Com_1(eval_id3_tag_findframe_19(v_28, v_i.0)) [ v_i.0 >= 0 /\ v_i.0 < v_28 ]
		(1, 1)    eval_id3_tag_findframe_11(v_28, v_i.0) -> Com_1(eval_id3_tag_findframe_12(v_28, v_i.0))
		(1, 1)    eval_id3_tag_findframe_11(v_28, v_i.0) -> Com_1(eval_id3_tag_findframe_bb9_in(v_28, v_i.0))
		(3, 1)    eval_id3_tag_findframe_bb9_in(v_28, v_i.0) -> Com_1(eval_id3_tag_findframe_bb10_in(nondef.4, 0))
		(1, 1)    eval_id3_tag_findframe_10(v_28, v_i.0) -> Com_2(eval_id3_compat_lookup_start(v_28, v_i.0), eval_id3_tag_findframe_11(v_28, v_i.0))
		(1, 1)    eval_id3_tag_findframe_8(v_28, v_i.0) -> Com_1(eval_id3_tag_findframe_bb9_in(v_28, v_i.0))
		(1, 1)    eval_id3_tag_findframe_8(v_28, v_i.0) -> Com_1(eval_id3_tag_findframe_10(v_28, v_i.0))
		(2, 1)    eval_id3_tag_findframe_bb15_in(v_28, v_i.0) -> Com_1(eval_id3_tag_findframe_stop(v_28, v_i.0))
		(1, 1)    eval_id3_tag_findframe_7(v_28, v_i.0) -> Com_2(eval_strlen_start(v_28, v_i.0), eval_id3_tag_findframe_8(v_28, v_i.0))
		(1, 2)    eval_id3_tag_findframe_bb0_in(v_28, v_i.0) -> Com_1(eval_id3_tag_findframe_bb15_in(v_28, v_i.0))
		(1, 1)    eval_id3_tag_findframe_bb0_in(v_28, v_i.0) -> Com_1(eval_id3_tag_findframe_7(v_28, v_i.0))
		(1, 1)    eval_id3_tag_findframe_start(v_28, v_i.0) -> Com_1(eval_id3_tag_findframe_bb0_in(v_28, v_i.0))
	start location:	eval_id3_tag_findframe_start
	leaf cost:	0

Testing for reachability in the complexity graph removes the following transition from problem 8:
	eval_id3_tag_findframe_bb14_in(v_28, v_i.0) -> Com_1(eval_id3_tag_findframe_bb10_in(v_28, v_i.0 + 1)) [ v_28 - v_i.0 - 1 >= 0 /\ v_i.0 >= 0 /\ v_28 + v_i.0 - 1 >= 0 /\ v_28 - 1 >= 0 ]
We thus obtain the following problem:
9:	T:
		(?, 2)    eval_id3_tag_findframe_20(v_28, v_i.0) -> Com_1(eval_id3_tag_findframe_bb10_in(v_28, v_i.0 + 1)) [ v_28 - v_i.0 - 1 >= 0 /\ v_i.0 >= 0 /\ v_28 + v_i.0 - 1 >= 0 /\ v_28 - 1 >= 0 ]
		(2, 1)    eval_id3_tag_findframe_20(v_28, v_i.0) -> Com_1(eval_id3_tag_findframe_bb15_in(v_28, v_i.0)) [ v_28 - v_i.0 - 1 >= 0 /\ v_i.0 >= 0 /\ v_28 + v_i.0 - 1 >= 0 /\ v_28 - 1 >= 0 ]
		(1, 1)    eval_id3_tag_findframe_13(v_28, v_i.0) -> Com_1(eval_id3_tag_findframe_bb9_in(v_28, v_i.0))
		(?, 1)    eval_id3_tag_findframe_19(v_28, v_i.0) -> Com_2(eval_strncmp_start(v_28, v_i.0), eval_id3_tag_findframe_20(v_28, v_i.0)) [ v_28 - v_i.0 - 1 >= 0 /\ v_i.0 >= 0 /\ v_28 + v_i.0 - 1 >= 0 /\ v_28 - 1 >= 0 ]
		(1, 1)    eval_id3_tag_findframe_12(v_28, v_i.0) -> Com_2(eval_strlen_start(v_28, v_i.0), eval_id3_tag_findframe_13(v_28, v_i.0))
		(2, 1)    eval_id3_tag_findframe_bb10_in(v_28, v_i.0) -> Com_1(eval_id3_tag_findframe_bb15_in(v_28, v_i.0)) [ v_i.0 >= 0 /\ v_i.0 >= v_28 ]
		(?, 1)    eval_id3_tag_findframe_bb10_in(v_28, v_i.0) -> Com_1(eval_id3_tag_findframe_19(v_28, v_i.0)) [ v_i.0 >= 0 /\ v_i.0 < v_28 ]
		(1, 1)    eval_id3_tag_findframe_11(v_28, v_i.0) -> Com_1(eval_id3_tag_findframe_12(v_28, v_i.0))
		(1, 1)    eval_id3_tag_findframe_11(v_28, v_i.0) -> Com_1(eval_id3_tag_findframe_bb9_in(v_28, v_i.0))
		(3, 1)    eval_id3_tag_findframe_bb9_in(v_28, v_i.0) -> Com_1(eval_id3_tag_findframe_bb10_in(nondef.4, 0))
		(1, 1)    eval_id3_tag_findframe_10(v_28, v_i.0) -> Com_2(eval_id3_compat_lookup_start(v_28, v_i.0), eval_id3_tag_findframe_11(v_28, v_i.0))
		(1, 1)    eval_id3_tag_findframe_8(v_28, v_i.0) -> Com_1(eval_id3_tag_findframe_bb9_in(v_28, v_i.0))
		(1, 1)    eval_id3_tag_findframe_8(v_28, v_i.0) -> Com_1(eval_id3_tag_findframe_10(v_28, v_i.0))
		(2, 1)    eval_id3_tag_findframe_bb15_in(v_28, v_i.0) -> Com_1(eval_id3_tag_findframe_stop(v_28, v_i.0))
		(1, 1)    eval_id3_tag_findframe_7(v_28, v_i.0) -> Com_2(eval_strlen_start(v_28, v_i.0), eval_id3_tag_findframe_8(v_28, v_i.0))
		(1, 2)    eval_id3_tag_findframe_bb0_in(v_28, v_i.0) -> Com_1(eval_id3_tag_findframe_bb15_in(v_28, v_i.0))
		(1, 1)    eval_id3_tag_findframe_bb0_in(v_28, v_i.0) -> Com_1(eval_id3_tag_findframe_7(v_28, v_i.0))
		(1, 1)    eval_id3_tag_findframe_start(v_28, v_i.0) -> Com_1(eval_id3_tag_findframe_bb0_in(v_28, v_i.0))
	start location:	eval_id3_tag_findframe_start
	leaf cost:	0

By chaining the transition eval_id3_tag_findframe_20(v_28, v_i.0) -> Com_1(eval_id3_tag_findframe_bb15_in(v_28, v_i.0)) [ v_28 - v_i.0 - 1 >= 0 /\ v_i.0 >= 0 /\ v_28 + v_i.0 - 1 >= 0 /\ v_28 - 1 >= 0 ] with all transitions in problem 9, the following new transition is obtained:
	eval_id3_tag_findframe_20(v_28, v_i.0) -> Com_1(eval_id3_tag_findframe_stop(v_28, v_i.0)) [ v_28 - v_i.0 - 1 >= 0 /\ v_i.0 >= 0 /\ v_28 + v_i.0 - 1 >= 0 /\ v_28 - 1 >= 0 ]
We thus obtain the following problem:
10:	T:
		(2, 2)    eval_id3_tag_findframe_20(v_28, v_i.0) -> Com_1(eval_id3_tag_findframe_stop(v_28, v_i.0)) [ v_28 - v_i.0 - 1 >= 0 /\ v_i.0 >= 0 /\ v_28 + v_i.0 - 1 >= 0 /\ v_28 - 1 >= 0 ]
		(?, 2)    eval_id3_tag_findframe_20(v_28, v_i.0) -> Com_1(eval_id3_tag_findframe_bb10_in(v_28, v_i.0 + 1)) [ v_28 - v_i.0 - 1 >= 0 /\ v_i.0 >= 0 /\ v_28 + v_i.0 - 1 >= 0 /\ v_28 - 1 >= 0 ]
		(1, 1)    eval_id3_tag_findframe_13(v_28, v_i.0) -> Com_1(eval_id3_tag_findframe_bb9_in(v_28, v_i.0))
		(?, 1)    eval_id3_tag_findframe_19(v_28, v_i.0) -> Com_2(eval_strncmp_start(v_28, v_i.0), eval_id3_tag_findframe_20(v_28, v_i.0)) [ v_28 - v_i.0 - 1 >= 0 /\ v_i.0 >= 0 /\ v_28 + v_i.0 - 1 >= 0 /\ v_28 - 1 >= 0 ]
		(1, 1)    eval_id3_tag_findframe_12(v_28, v_i.0) -> Com_2(eval_strlen_start(v_28, v_i.0), eval_id3_tag_findframe_13(v_28, v_i.0))
		(2, 1)    eval_id3_tag_findframe_bb10_in(v_28, v_i.0) -> Com_1(eval_id3_tag_findframe_bb15_in(v_28, v_i.0)) [ v_i.0 >= 0 /\ v_i.0 >= v_28 ]
		(?, 1)    eval_id3_tag_findframe_bb10_in(v_28, v_i.0) -> Com_1(eval_id3_tag_findframe_19(v_28, v_i.0)) [ v_i.0 >= 0 /\ v_i.0 < v_28 ]
		(1, 1)    eval_id3_tag_findframe_11(v_28, v_i.0) -> Com_1(eval_id3_tag_findframe_12(v_28, v_i.0))
		(1, 1)    eval_id3_tag_findframe_11(v_28, v_i.0) -> Com_1(eval_id3_tag_findframe_bb9_in(v_28, v_i.0))
		(3, 1)    eval_id3_tag_findframe_bb9_in(v_28, v_i.0) -> Com_1(eval_id3_tag_findframe_bb10_in(nondef.4, 0))
		(1, 1)    eval_id3_tag_findframe_10(v_28, v_i.0) -> Com_2(eval_id3_compat_lookup_start(v_28, v_i.0), eval_id3_tag_findframe_11(v_28, v_i.0))
		(1, 1)    eval_id3_tag_findframe_8(v_28, v_i.0) -> Com_1(eval_id3_tag_findframe_bb9_in(v_28, v_i.0))
		(1, 1)    eval_id3_tag_findframe_8(v_28, v_i.0) -> Com_1(eval_id3_tag_findframe_10(v_28, v_i.0))
		(2, 1)    eval_id3_tag_findframe_bb15_in(v_28, v_i.0) -> Com_1(eval_id3_tag_findframe_stop(v_28, v_i.0))
		(1, 1)    eval_id3_tag_findframe_7(v_28, v_i.0) -> Com_2(eval_strlen_start(v_28, v_i.0), eval_id3_tag_findframe_8(v_28, v_i.0))
		(1, 2)    eval_id3_tag_findframe_bb0_in(v_28, v_i.0) -> Com_1(eval_id3_tag_findframe_bb15_in(v_28, v_i.0))
		(1, 1)    eval_id3_tag_findframe_bb0_in(v_28, v_i.0) -> Com_1(eval_id3_tag_findframe_7(v_28, v_i.0))
		(1, 1)    eval_id3_tag_findframe_start(v_28, v_i.0) -> Com_1(eval_id3_tag_findframe_bb0_in(v_28, v_i.0))
	start location:	eval_id3_tag_findframe_start
	leaf cost:	0

By chaining the transition eval_id3_tag_findframe_13(v_28, v_i.0) -> Com_1(eval_id3_tag_findframe_bb9_in(v_28, v_i.0)) with all transitions in problem 10, the following new transition is obtained:
	eval_id3_tag_findframe_13(v_28, v_i.0) -> Com_1(eval_id3_tag_findframe_bb10_in(nondef.4, 0))
We thus obtain the following problem:
11:	T:
		(1, 2)    eval_id3_tag_findframe_13(v_28, v_i.0) -> Com_1(eval_id3_tag_findframe_bb10_in(nondef.4, 0))
		(2, 2)    eval_id3_tag_findframe_20(v_28, v_i.0) -> Com_1(eval_id3_tag_findframe_stop(v_28, v_i.0)) [ v_28 - v_i.0 - 1 >= 0 /\ v_i.0 >= 0 /\ v_28 + v_i.0 - 1 >= 0 /\ v_28 - 1 >= 0 ]
		(?, 2)    eval_id3_tag_findframe_20(v_28, v_i.0) -> Com_1(eval_id3_tag_findframe_bb10_in(v_28, v_i.0 + 1)) [ v_28 - v_i.0 - 1 >= 0 /\ v_i.0 >= 0 /\ v_28 + v_i.0 - 1 >= 0 /\ v_28 - 1 >= 0 ]
		(?, 1)    eval_id3_tag_findframe_19(v_28, v_i.0) -> Com_2(eval_strncmp_start(v_28, v_i.0), eval_id3_tag_findframe_20(v_28, v_i.0)) [ v_28 - v_i.0 - 1 >= 0 /\ v_i.0 >= 0 /\ v_28 + v_i.0 - 1 >= 0 /\ v_28 - 1 >= 0 ]
		(1, 1)    eval_id3_tag_findframe_12(v_28, v_i.0) -> Com_2(eval_strlen_start(v_28, v_i.0), eval_id3_tag_findframe_13(v_28, v_i.0))
		(2, 1)    eval_id3_tag_findframe_bb10_in(v_28, v_i.0) -> Com_1(eval_id3_tag_findframe_bb15_in(v_28, v_i.0)) [ v_i.0 >= 0 /\ v_i.0 >= v_28 ]
		(?, 1)    eval_id3_tag_findframe_bb10_in(v_28, v_i.0) -> Com_1(eval_id3_tag_findframe_19(v_28, v_i.0)) [ v_i.0 >= 0 /\ v_i.0 < v_28 ]
		(1, 1)    eval_id3_tag_findframe_11(v_28, v_i.0) -> Com_1(eval_id3_tag_findframe_12(v_28, v_i.0))
		(1, 1)    eval_id3_tag_findframe_11(v_28, v_i.0) -> Com_1(eval_id3_tag_findframe_bb9_in(v_28, v_i.0))
		(3, 1)    eval_id3_tag_findframe_bb9_in(v_28, v_i.0) -> Com_1(eval_id3_tag_findframe_bb10_in(nondef.4, 0))
		(1, 1)    eval_id3_tag_findframe_10(v_28, v_i.0) -> Com_2(eval_id3_compat_lookup_start(v_28, v_i.0), eval_id3_tag_findframe_11(v_28, v_i.0))
		(1, 1)    eval_id3_tag_findframe_8(v_28, v_i.0) -> Com_1(eval_id3_tag_findframe_bb9_in(v_28, v_i.0))
		(1, 1)    eval_id3_tag_findframe_8(v_28, v_i.0) -> Com_1(eval_id3_tag_findframe_10(v_28, v_i.0))
		(2, 1)    eval_id3_tag_findframe_bb15_in(v_28, v_i.0) -> Com_1(eval_id3_tag_findframe_stop(v_28, v_i.0))
		(1, 1)    eval_id3_tag_findframe_7(v_28, v_i.0) -> Com_2(eval_strlen_start(v_28, v_i.0), eval_id3_tag_findframe_8(v_28, v_i.0))
		(1, 2)    eval_id3_tag_findframe_bb0_in(v_28, v_i.0) -> Com_1(eval_id3_tag_findframe_bb15_in(v_28, v_i.0))
		(1, 1)    eval_id3_tag_findframe_bb0_in(v_28, v_i.0) -> Com_1(eval_id3_tag_findframe_7(v_28, v_i.0))
		(1, 1)    eval_id3_tag_findframe_start(v_28, v_i.0) -> Com_1(eval_id3_tag_findframe_bb0_in(v_28, v_i.0))
	start location:	eval_id3_tag_findframe_start
	leaf cost:	0

By chaining the transition eval_id3_tag_findframe_bb10_in(v_28, v_i.0) -> Com_1(eval_id3_tag_findframe_bb15_in(v_28, v_i.0)) [ v_i.0 >= 0 /\ v_i.0 >= v_28 ] with all transitions in problem 11, the following new transition is obtained:
	eval_id3_tag_findframe_bb10_in(v_28, v_i.0) -> Com_1(eval_id3_tag_findframe_stop(v_28, v_i.0)) [ v_i.0 >= 0 /\ v_i.0 >= v_28 ]
We thus obtain the following problem:
12:	T:
		(2, 2)    eval_id3_tag_findframe_bb10_in(v_28, v_i.0) -> Com_1(eval_id3_tag_findframe_stop(v_28, v_i.0)) [ v_i.0 >= 0 /\ v_i.0 >= v_28 ]
		(1, 2)    eval_id3_tag_findframe_13(v_28, v_i.0) -> Com_1(eval_id3_tag_findframe_bb10_in(nondef.4, 0))
		(2, 2)    eval_id3_tag_findframe_20(v_28, v_i.0) -> Com_1(eval_id3_tag_findframe_stop(v_28, v_i.0)) [ v_28 - v_i.0 - 1 >= 0 /\ v_i.0 >= 0 /\ v_28 + v_i.0 - 1 >= 0 /\ v_28 - 1 >= 0 ]
		(?, 2)    eval_id3_tag_findframe_20(v_28, v_i.0) -> Com_1(eval_id3_tag_findframe_bb10_in(v_28, v_i.0 + 1)) [ v_28 - v_i.0 - 1 >= 0 /\ v_i.0 >= 0 /\ v_28 + v_i.0 - 1 >= 0 /\ v_28 - 1 >= 0 ]
		(?, 1)    eval_id3_tag_findframe_19(v_28, v_i.0) -> Com_2(eval_strncmp_start(v_28, v_i.0), eval_id3_tag_findframe_20(v_28, v_i.0)) [ v_28 - v_i.0 - 1 >= 0 /\ v_i.0 >= 0 /\ v_28 + v_i.0 - 1 >= 0 /\ v_28 - 1 >= 0 ]
		(1, 1)    eval_id3_tag_findframe_12(v_28, v_i.0) -> Com_2(eval_strlen_start(v_28, v_i.0), eval_id3_tag_findframe_13(v_28, v_i.0))
		(?, 1)    eval_id3_tag_findframe_bb10_in(v_28, v_i.0) -> Com_1(eval_id3_tag_findframe_19(v_28, v_i.0)) [ v_i.0 >= 0 /\ v_i.0 < v_28 ]
		(1, 1)    eval_id3_tag_findframe_11(v_28, v_i.0) -> Com_1(eval_id3_tag_findframe_12(v_28, v_i.0))
		(1, 1)    eval_id3_tag_findframe_11(v_28, v_i.0) -> Com_1(eval_id3_tag_findframe_bb9_in(v_28, v_i.0))
		(3, 1)    eval_id3_tag_findframe_bb9_in(v_28, v_i.0) -> Com_1(eval_id3_tag_findframe_bb10_in(nondef.4, 0))
		(1, 1)    eval_id3_tag_findframe_10(v_28, v_i.0) -> Com_2(eval_id3_compat_lookup_start(v_28, v_i.0), eval_id3_tag_findframe_11(v_28, v_i.0))
		(1, 1)    eval_id3_tag_findframe_8(v_28, v_i.0) -> Com_1(eval_id3_tag_findframe_bb9_in(v_28, v_i.0))
		(1, 1)    eval_id3_tag_findframe_8(v_28, v_i.0) -> Com_1(eval_id3_tag_findframe_10(v_28, v_i.0))
		(2, 1)    eval_id3_tag_findframe_bb15_in(v_28, v_i.0) -> Com_1(eval_id3_tag_findframe_stop(v_28, v_i.0))
		(1, 1)    eval_id3_tag_findframe_7(v_28, v_i.0) -> Com_2(eval_strlen_start(v_28, v_i.0), eval_id3_tag_findframe_8(v_28, v_i.0))
		(1, 2)    eval_id3_tag_findframe_bb0_in(v_28, v_i.0) -> Com_1(eval_id3_tag_findframe_bb15_in(v_28, v_i.0))
		(1, 1)    eval_id3_tag_findframe_bb0_in(v_28, v_i.0) -> Com_1(eval_id3_tag_findframe_7(v_28, v_i.0))
		(1, 1)    eval_id3_tag_findframe_start(v_28, v_i.0) -> Com_1(eval_id3_tag_findframe_bb0_in(v_28, v_i.0))
	start location:	eval_id3_tag_findframe_start
	leaf cost:	0

By chaining the transition eval_id3_tag_findframe_bb10_in(v_28, v_i.0) -> Com_1(eval_id3_tag_findframe_19(v_28, v_i.0)) [ v_i.0 >= 0 /\ v_i.0 < v_28 ] with all transitions in problem 12, the following new transition is obtained:
	eval_id3_tag_findframe_bb10_in(v_28, v_i.0) -> Com_2(eval_strncmp_start(v_28, v_i.0), eval_id3_tag_findframe_20(v_28, v_i.0)) [ v_i.0 >= 0 /\ v_i.0 < v_28 /\ v_28 - v_i.0 - 1 >= 0 /\ v_28 + v_i.0 - 1 >= 0 /\ v_28 - 1 >= 0 ]
We thus obtain the following problem:
13:	T:
		(?, 2)    eval_id3_tag_findframe_bb10_in(v_28, v_i.0) -> Com_2(eval_strncmp_start(v_28, v_i.0), eval_id3_tag_findframe_20(v_28, v_i.0)) [ v_i.0 >= 0 /\ v_i.0 < v_28 /\ v_28 - v_i.0 - 1 >= 0 /\ v_28 + v_i.0 - 1 >= 0 /\ v_28 - 1 >= 0 ]
		(2, 2)    eval_id3_tag_findframe_bb10_in(v_28, v_i.0) -> Com_1(eval_id3_tag_findframe_stop(v_28, v_i.0)) [ v_i.0 >= 0 /\ v_i.0 >= v_28 ]
		(1, 2)    eval_id3_tag_findframe_13(v_28, v_i.0) -> Com_1(eval_id3_tag_findframe_bb10_in(nondef.4, 0))
		(2, 2)    eval_id3_tag_findframe_20(v_28, v_i.0) -> Com_1(eval_id3_tag_findframe_stop(v_28, v_i.0)) [ v_28 - v_i.0 - 1 >= 0 /\ v_i.0 >= 0 /\ v_28 + v_i.0 - 1 >= 0 /\ v_28 - 1 >= 0 ]
		(?, 2)    eval_id3_tag_findframe_20(v_28, v_i.0) -> Com_1(eval_id3_tag_findframe_bb10_in(v_28, v_i.0 + 1)) [ v_28 - v_i.0 - 1 >= 0 /\ v_i.0 >= 0 /\ v_28 + v_i.0 - 1 >= 0 /\ v_28 - 1 >= 0 ]
		(?, 1)    eval_id3_tag_findframe_19(v_28, v_i.0) -> Com_2(eval_strncmp_start(v_28, v_i.0), eval_id3_tag_findframe_20(v_28, v_i.0)) [ v_28 - v_i.0 - 1 >= 0 /\ v_i.0 >= 0 /\ v_28 + v_i.0 - 1 >= 0 /\ v_28 - 1 >= 0 ]
		(1, 1)    eval_id3_tag_findframe_12(v_28, v_i.0) -> Com_2(eval_strlen_start(v_28, v_i.0), eval_id3_tag_findframe_13(v_28, v_i.0))
		(1, 1)    eval_id3_tag_findframe_11(v_28, v_i.0) -> Com_1(eval_id3_tag_findframe_12(v_28, v_i.0))
		(1, 1)    eval_id3_tag_findframe_11(v_28, v_i.0) -> Com_1(eval_id3_tag_findframe_bb9_in(v_28, v_i.0))
		(3, 1)    eval_id3_tag_findframe_bb9_in(v_28, v_i.0) -> Com_1(eval_id3_tag_findframe_bb10_in(nondef.4, 0))
		(1, 1)    eval_id3_tag_findframe_10(v_28, v_i.0) -> Com_2(eval_id3_compat_lookup_start(v_28, v_i.0), eval_id3_tag_findframe_11(v_28, v_i.0))
		(1, 1)    eval_id3_tag_findframe_8(v_28, v_i.0) -> Com_1(eval_id3_tag_findframe_bb9_in(v_28, v_i.0))
		(1, 1)    eval_id3_tag_findframe_8(v_28, v_i.0) -> Com_1(eval_id3_tag_findframe_10(v_28, v_i.0))
		(2, 1)    eval_id3_tag_findframe_bb15_in(v_28, v_i.0) -> Com_1(eval_id3_tag_findframe_stop(v_28, v_i.0))
		(1, 1)    eval_id3_tag_findframe_7(v_28, v_i.0) -> Com_2(eval_strlen_start(v_28, v_i.0), eval_id3_tag_findframe_8(v_28, v_i.0))
		(1, 2)    eval_id3_tag_findframe_bb0_in(v_28, v_i.0) -> Com_1(eval_id3_tag_findframe_bb15_in(v_28, v_i.0))
		(1, 1)    eval_id3_tag_findframe_bb0_in(v_28, v_i.0) -> Com_1(eval_id3_tag_findframe_7(v_28, v_i.0))
		(1, 1)    eval_id3_tag_findframe_start(v_28, v_i.0) -> Com_1(eval_id3_tag_findframe_bb0_in(v_28, v_i.0))
	start location:	eval_id3_tag_findframe_start
	leaf cost:	0

Testing for reachability in the complexity graph removes the following transition from problem 13:
	eval_id3_tag_findframe_19(v_28, v_i.0) -> Com_2(eval_strncmp_start(v_28, v_i.0), eval_id3_tag_findframe_20(v_28, v_i.0)) [ v_28 - v_i.0 - 1 >= 0 /\ v_i.0 >= 0 /\ v_28 + v_i.0 - 1 >= 0 /\ v_28 - 1 >= 0 ]
We thus obtain the following problem:
14:	T:
		(1, 2)    eval_id3_tag_findframe_13(v_28, v_i.0) -> Com_1(eval_id3_tag_findframe_bb10_in(nondef.4, 0))
		(2, 2)    eval_id3_tag_findframe_20(v_28, v_i.0) -> Com_1(eval_id3_tag_findframe_stop(v_28, v_i.0)) [ v_28 - v_i.0 - 1 >= 0 /\ v_i.0 >= 0 /\ v_28 + v_i.0 - 1 >= 0 /\ v_28 - 1 >= 0 ]
		(?, 2)    eval_id3_tag_findframe_20(v_28, v_i.0) -> Com_1(eval_id3_tag_findframe_bb10_in(v_28, v_i.0 + 1)) [ v_28 - v_i.0 - 1 >= 0 /\ v_i.0 >= 0 /\ v_28 + v_i.0 - 1 >= 0 /\ v_28 - 1 >= 0 ]
		(1, 1)    eval_id3_tag_findframe_12(v_28, v_i.0) -> Com_2(eval_strlen_start(v_28, v_i.0), eval_id3_tag_findframe_13(v_28, v_i.0))
		(?, 2)    eval_id3_tag_findframe_bb10_in(v_28, v_i.0) -> Com_2(eval_strncmp_start(v_28, v_i.0), eval_id3_tag_findframe_20(v_28, v_i.0)) [ v_i.0 >= 0 /\ v_i.0 < v_28 /\ v_28 - v_i.0 - 1 >= 0 /\ v_28 + v_i.0 - 1 >= 0 /\ v_28 - 1 >= 0 ]
		(2, 2)    eval_id3_tag_findframe_bb10_in(v_28, v_i.0) -> Com_1(eval_id3_tag_findframe_stop(v_28, v_i.0)) [ v_i.0 >= 0 /\ v_i.0 >= v_28 ]
		(1, 1)    eval_id3_tag_findframe_11(v_28, v_i.0) -> Com_1(eval_id3_tag_findframe_12(v_28, v_i.0))
		(1, 1)    eval_id3_tag_findframe_11(v_28, v_i.0) -> Com_1(eval_id3_tag_findframe_bb9_in(v_28, v_i.0))
		(3, 1)    eval_id3_tag_findframe_bb9_in(v_28, v_i.0) -> Com_1(eval_id3_tag_findframe_bb10_in(nondef.4, 0))
		(1, 1)    eval_id3_tag_findframe_10(v_28, v_i.0) -> Com_2(eval_id3_compat_lookup_start(v_28, v_i.0), eval_id3_tag_findframe_11(v_28, v_i.0))
		(1, 1)    eval_id3_tag_findframe_8(v_28, v_i.0) -> Com_1(eval_id3_tag_findframe_bb9_in(v_28, v_i.0))
		(1, 1)    eval_id3_tag_findframe_8(v_28, v_i.0) -> Com_1(eval_id3_tag_findframe_10(v_28, v_i.0))
		(2, 1)    eval_id3_tag_findframe_bb15_in(v_28, v_i.0) -> Com_1(eval_id3_tag_findframe_stop(v_28, v_i.0))
		(1, 1)    eval_id3_tag_findframe_7(v_28, v_i.0) -> Com_2(eval_strlen_start(v_28, v_i.0), eval_id3_tag_findframe_8(v_28, v_i.0))
		(1, 2)    eval_id3_tag_findframe_bb0_in(v_28, v_i.0) -> Com_1(eval_id3_tag_findframe_bb15_in(v_28, v_i.0))
		(1, 1)    eval_id3_tag_findframe_bb0_in(v_28, v_i.0) -> Com_1(eval_id3_tag_findframe_7(v_28, v_i.0))
		(1, 1)    eval_id3_tag_findframe_start(v_28, v_i.0) -> Com_1(eval_id3_tag_findframe_bb0_in(v_28, v_i.0))
	start location:	eval_id3_tag_findframe_start
	leaf cost:	0

By chaining the transition eval_id3_tag_findframe_11(v_28, v_i.0) -> Com_1(eval_id3_tag_findframe_12(v_28, v_i.0)) with all transitions in problem 14, the following new transition is obtained:
	eval_id3_tag_findframe_11(v_28, v_i.0) -> Com_2(eval_strlen_start(v_28, v_i.0), eval_id3_tag_findframe_13(v_28, v_i.0))
We thus obtain the following problem:
15:	T:
		(1, 2)    eval_id3_tag_findframe_11(v_28, v_i.0) -> Com_2(eval_strlen_start(v_28, v_i.0), eval_id3_tag_findframe_13(v_28, v_i.0))
		(1, 2)    eval_id3_tag_findframe_13(v_28, v_i.0) -> Com_1(eval_id3_tag_findframe_bb10_in(nondef.4, 0))
		(2, 2)    eval_id3_tag_findframe_20(v_28, v_i.0) -> Com_1(eval_id3_tag_findframe_stop(v_28, v_i.0)) [ v_28 - v_i.0 - 1 >= 0 /\ v_i.0 >= 0 /\ v_28 + v_i.0 - 1 >= 0 /\ v_28 - 1 >= 0 ]
		(?, 2)    eval_id3_tag_findframe_20(v_28, v_i.0) -> Com_1(eval_id3_tag_findframe_bb10_in(v_28, v_i.0 + 1)) [ v_28 - v_i.0 - 1 >= 0 /\ v_i.0 >= 0 /\ v_28 + v_i.0 - 1 >= 0 /\ v_28 - 1 >= 0 ]
		(1, 1)    eval_id3_tag_findframe_12(v_28, v_i.0) -> Com_2(eval_strlen_start(v_28, v_i.0), eval_id3_tag_findframe_13(v_28, v_i.0))
		(?, 2)    eval_id3_tag_findframe_bb10_in(v_28, v_i.0) -> Com_2(eval_strncmp_start(v_28, v_i.0), eval_id3_tag_findframe_20(v_28, v_i.0)) [ v_i.0 >= 0 /\ v_i.0 < v_28 /\ v_28 - v_i.0 - 1 >= 0 /\ v_28 + v_i.0 - 1 >= 0 /\ v_28 - 1 >= 0 ]
		(2, 2)    eval_id3_tag_findframe_bb10_in(v_28, v_i.0) -> Com_1(eval_id3_tag_findframe_stop(v_28, v_i.0)) [ v_i.0 >= 0 /\ v_i.0 >= v_28 ]
		(1, 1)    eval_id3_tag_findframe_11(v_28, v_i.0) -> Com_1(eval_id3_tag_findframe_bb9_in(v_28, v_i.0))
		(3, 1)    eval_id3_tag_findframe_bb9_in(v_28, v_i.0) -> Com_1(eval_id3_tag_findframe_bb10_in(nondef.4, 0))
		(1, 1)    eval_id3_tag_findframe_10(v_28, v_i.0) -> Com_2(eval_id3_compat_lookup_start(v_28, v_i.0), eval_id3_tag_findframe_11(v_28, v_i.0))
		(1, 1)    eval_id3_tag_findframe_8(v_28, v_i.0) -> Com_1(eval_id3_tag_findframe_bb9_in(v_28, v_i.0))
		(1, 1)    eval_id3_tag_findframe_8(v_28, v_i.0) -> Com_1(eval_id3_tag_findframe_10(v_28, v_i.0))
		(2, 1)    eval_id3_tag_findframe_bb15_in(v_28, v_i.0) -> Com_1(eval_id3_tag_findframe_stop(v_28, v_i.0))
		(1, 1)    eval_id3_tag_findframe_7(v_28, v_i.0) -> Com_2(eval_strlen_start(v_28, v_i.0), eval_id3_tag_findframe_8(v_28, v_i.0))
		(1, 2)    eval_id3_tag_findframe_bb0_in(v_28, v_i.0) -> Com_1(eval_id3_tag_findframe_bb15_in(v_28, v_i.0))
		(1, 1)    eval_id3_tag_findframe_bb0_in(v_28, v_i.0) -> Com_1(eval_id3_tag_findframe_7(v_28, v_i.0))
		(1, 1)    eval_id3_tag_findframe_start(v_28, v_i.0) -> Com_1(eval_id3_tag_findframe_bb0_in(v_28, v_i.0))
	start location:	eval_id3_tag_findframe_start
	leaf cost:	0

Testing for reachability in the complexity graph removes the following transition from problem 15:
	eval_id3_tag_findframe_12(v_28, v_i.0) -> Com_2(eval_strlen_start(v_28, v_i.0), eval_id3_tag_findframe_13(v_28, v_i.0))
We thus obtain the following problem:
16:	T:
		(1, 2)    eval_id3_tag_findframe_13(v_28, v_i.0) -> Com_1(eval_id3_tag_findframe_bb10_in(nondef.4, 0))
		(2, 2)    eval_id3_tag_findframe_20(v_28, v_i.0) -> Com_1(eval_id3_tag_findframe_stop(v_28, v_i.0)) [ v_28 - v_i.0 - 1 >= 0 /\ v_i.0 >= 0 /\ v_28 + v_i.0 - 1 >= 0 /\ v_28 - 1 >= 0 ]
		(?, 2)    eval_id3_tag_findframe_20(v_28, v_i.0) -> Com_1(eval_id3_tag_findframe_bb10_in(v_28, v_i.0 + 1)) [ v_28 - v_i.0 - 1 >= 0 /\ v_i.0 >= 0 /\ v_28 + v_i.0 - 1 >= 0 /\ v_28 - 1 >= 0 ]
		(?, 2)    eval_id3_tag_findframe_bb10_in(v_28, v_i.0) -> Com_2(eval_strncmp_start(v_28, v_i.0), eval_id3_tag_findframe_20(v_28, v_i.0)) [ v_i.0 >= 0 /\ v_i.0 < v_28 /\ v_28 - v_i.0 - 1 >= 0 /\ v_28 + v_i.0 - 1 >= 0 /\ v_28 - 1 >= 0 ]
		(2, 2)    eval_id3_tag_findframe_bb10_in(v_28, v_i.0) -> Com_1(eval_id3_tag_findframe_stop(v_28, v_i.0)) [ v_i.0 >= 0 /\ v_i.0 >= v_28 ]
		(1, 2)    eval_id3_tag_findframe_11(v_28, v_i.0) -> Com_2(eval_strlen_start(v_28, v_i.0), eval_id3_tag_findframe_13(v_28, v_i.0))
		(1, 1)    eval_id3_tag_findframe_11(v_28, v_i.0) -> Com_1(eval_id3_tag_findframe_bb9_in(v_28, v_i.0))
		(3, 1)    eval_id3_tag_findframe_bb9_in(v_28, v_i.0) -> Com_1(eval_id3_tag_findframe_bb10_in(nondef.4, 0))
		(1, 1)    eval_id3_tag_findframe_10(v_28, v_i.0) -> Com_2(eval_id3_compat_lookup_start(v_28, v_i.0), eval_id3_tag_findframe_11(v_28, v_i.0))
		(1, 1)    eval_id3_tag_findframe_8(v_28, v_i.0) -> Com_1(eval_id3_tag_findframe_bb9_in(v_28, v_i.0))
		(1, 1)    eval_id3_tag_findframe_8(v_28, v_i.0) -> Com_1(eval_id3_tag_findframe_10(v_28, v_i.0))
		(2, 1)    eval_id3_tag_findframe_bb15_in(v_28, v_i.0) -> Com_1(eval_id3_tag_findframe_stop(v_28, v_i.0))
		(1, 1)    eval_id3_tag_findframe_7(v_28, v_i.0) -> Com_2(eval_strlen_start(v_28, v_i.0), eval_id3_tag_findframe_8(v_28, v_i.0))
		(1, 2)    eval_id3_tag_findframe_bb0_in(v_28, v_i.0) -> Com_1(eval_id3_tag_findframe_bb15_in(v_28, v_i.0))
		(1, 1)    eval_id3_tag_findframe_bb0_in(v_28, v_i.0) -> Com_1(eval_id3_tag_findframe_7(v_28, v_i.0))
		(1, 1)    eval_id3_tag_findframe_start(v_28, v_i.0) -> Com_1(eval_id3_tag_findframe_bb0_in(v_28, v_i.0))
	start location:	eval_id3_tag_findframe_start
	leaf cost:	0

By chaining the transition eval_id3_tag_findframe_11(v_28, v_i.0) -> Com_1(eval_id3_tag_findframe_bb9_in(v_28, v_i.0)) with all transitions in problem 16, the following new transition is obtained:
	eval_id3_tag_findframe_11(v_28, v_i.0) -> Com_1(eval_id3_tag_findframe_bb10_in(nondef.4, 0))
We thus obtain the following problem:
17:	T:
		(1, 2)    eval_id3_tag_findframe_11(v_28, v_i.0) -> Com_1(eval_id3_tag_findframe_bb10_in(nondef.4, 0))
		(1, 2)    eval_id3_tag_findframe_13(v_28, v_i.0) -> Com_1(eval_id3_tag_findframe_bb10_in(nondef.4, 0))
		(2, 2)    eval_id3_tag_findframe_20(v_28, v_i.0) -> Com_1(eval_id3_tag_findframe_stop(v_28, v_i.0)) [ v_28 - v_i.0 - 1 >= 0 /\ v_i.0 >= 0 /\ v_28 + v_i.0 - 1 >= 0 /\ v_28 - 1 >= 0 ]
		(?, 2)    eval_id3_tag_findframe_20(v_28, v_i.0) -> Com_1(eval_id3_tag_findframe_bb10_in(v_28, v_i.0 + 1)) [ v_28 - v_i.0 - 1 >= 0 /\ v_i.0 >= 0 /\ v_28 + v_i.0 - 1 >= 0 /\ v_28 - 1 >= 0 ]
		(?, 2)    eval_id3_tag_findframe_bb10_in(v_28, v_i.0) -> Com_2(eval_strncmp_start(v_28, v_i.0), eval_id3_tag_findframe_20(v_28, v_i.0)) [ v_i.0 >= 0 /\ v_i.0 < v_28 /\ v_28 - v_i.0 - 1 >= 0 /\ v_28 + v_i.0 - 1 >= 0 /\ v_28 - 1 >= 0 ]
		(2, 2)    eval_id3_tag_findframe_bb10_in(v_28, v_i.0) -> Com_1(eval_id3_tag_findframe_stop(v_28, v_i.0)) [ v_i.0 >= 0 /\ v_i.0 >= v_28 ]
		(1, 2)    eval_id3_tag_findframe_11(v_28, v_i.0) -> Com_2(eval_strlen_start(v_28, v_i.0), eval_id3_tag_findframe_13(v_28, v_i.0))
		(3, 1)    eval_id3_tag_findframe_bb9_in(v_28, v_i.0) -> Com_1(eval_id3_tag_findframe_bb10_in(nondef.4, 0))
		(1, 1)    eval_id3_tag_findframe_10(v_28, v_i.0) -> Com_2(eval_id3_compat_lookup_start(v_28, v_i.0), eval_id3_tag_findframe_11(v_28, v_i.0))
		(1, 1)    eval_id3_tag_findframe_8(v_28, v_i.0) -> Com_1(eval_id3_tag_findframe_bb9_in(v_28, v_i.0))
		(1, 1)    eval_id3_tag_findframe_8(v_28, v_i.0) -> Com_1(eval_id3_tag_findframe_10(v_28, v_i.0))
		(2, 1)    eval_id3_tag_findframe_bb15_in(v_28, v_i.0) -> Com_1(eval_id3_tag_findframe_stop(v_28, v_i.0))
		(1, 1)    eval_id3_tag_findframe_7(v_28, v_i.0) -> Com_2(eval_strlen_start(v_28, v_i.0), eval_id3_tag_findframe_8(v_28, v_i.0))
		(1, 2)    eval_id3_tag_findframe_bb0_in(v_28, v_i.0) -> Com_1(eval_id3_tag_findframe_bb15_in(v_28, v_i.0))
		(1, 1)    eval_id3_tag_findframe_bb0_in(v_28, v_i.0) -> Com_1(eval_id3_tag_findframe_7(v_28, v_i.0))
		(1, 1)    eval_id3_tag_findframe_start(v_28, v_i.0) -> Com_1(eval_id3_tag_findframe_bb0_in(v_28, v_i.0))
	start location:	eval_id3_tag_findframe_start
	leaf cost:	0

By chaining the transition eval_id3_tag_findframe_8(v_28, v_i.0) -> Com_1(eval_id3_tag_findframe_bb9_in(v_28, v_i.0)) with all transitions in problem 17, the following new transition is obtained:
	eval_id3_tag_findframe_8(v_28, v_i.0) -> Com_1(eval_id3_tag_findframe_bb10_in(nondef.4, 0))
We thus obtain the following problem:
18:	T:
		(1, 2)    eval_id3_tag_findframe_8(v_28, v_i.0) -> Com_1(eval_id3_tag_findframe_bb10_in(nondef.4, 0))
		(1, 2)    eval_id3_tag_findframe_11(v_28, v_i.0) -> Com_1(eval_id3_tag_findframe_bb10_in(nondef.4, 0))
		(1, 2)    eval_id3_tag_findframe_13(v_28, v_i.0) -> Com_1(eval_id3_tag_findframe_bb10_in(nondef.4, 0))
		(2, 2)    eval_id3_tag_findframe_20(v_28, v_i.0) -> Com_1(eval_id3_tag_findframe_stop(v_28, v_i.0)) [ v_28 - v_i.0 - 1 >= 0 /\ v_i.0 >= 0 /\ v_28 + v_i.0 - 1 >= 0 /\ v_28 - 1 >= 0 ]
		(?, 2)    eval_id3_tag_findframe_20(v_28, v_i.0) -> Com_1(eval_id3_tag_findframe_bb10_in(v_28, v_i.0 + 1)) [ v_28 - v_i.0 - 1 >= 0 /\ v_i.0 >= 0 /\ v_28 + v_i.0 - 1 >= 0 /\ v_28 - 1 >= 0 ]
		(?, 2)    eval_id3_tag_findframe_bb10_in(v_28, v_i.0) -> Com_2(eval_strncmp_start(v_28, v_i.0), eval_id3_tag_findframe_20(v_28, v_i.0)) [ v_i.0 >= 0 /\ v_i.0 < v_28 /\ v_28 - v_i.0 - 1 >= 0 /\ v_28 + v_i.0 - 1 >= 0 /\ v_28 - 1 >= 0 ]
		(2, 2)    eval_id3_tag_findframe_bb10_in(v_28, v_i.0) -> Com_1(eval_id3_tag_findframe_stop(v_28, v_i.0)) [ v_i.0 >= 0 /\ v_i.0 >= v_28 ]
		(1, 2)    eval_id3_tag_findframe_11(v_28, v_i.0) -> Com_2(eval_strlen_start(v_28, v_i.0), eval_id3_tag_findframe_13(v_28, v_i.0))
		(3, 1)    eval_id3_tag_findframe_bb9_in(v_28, v_i.0) -> Com_1(eval_id3_tag_findframe_bb10_in(nondef.4, 0))
		(1, 1)    eval_id3_tag_findframe_10(v_28, v_i.0) -> Com_2(eval_id3_compat_lookup_start(v_28, v_i.0), eval_id3_tag_findframe_11(v_28, v_i.0))
		(1, 1)    eval_id3_tag_findframe_8(v_28, v_i.0) -> Com_1(eval_id3_tag_findframe_10(v_28, v_i.0))
		(2, 1)    eval_id3_tag_findframe_bb15_in(v_28, v_i.0) -> Com_1(eval_id3_tag_findframe_stop(v_28, v_i.0))
		(1, 1)    eval_id3_tag_findframe_7(v_28, v_i.0) -> Com_2(eval_strlen_start(v_28, v_i.0), eval_id3_tag_findframe_8(v_28, v_i.0))
		(1, 2)    eval_id3_tag_findframe_bb0_in(v_28, v_i.0) -> Com_1(eval_id3_tag_findframe_bb15_in(v_28, v_i.0))
		(1, 1)    eval_id3_tag_findframe_bb0_in(v_28, v_i.0) -> Com_1(eval_id3_tag_findframe_7(v_28, v_i.0))
		(1, 1)    eval_id3_tag_findframe_start(v_28, v_i.0) -> Com_1(eval_id3_tag_findframe_bb0_in(v_28, v_i.0))
	start location:	eval_id3_tag_findframe_start
	leaf cost:	0

Testing for reachability in the complexity graph removes the following transition from problem 18:
	eval_id3_tag_findframe_bb9_in(v_28, v_i.0) -> Com_1(eval_id3_tag_findframe_bb10_in(nondef.4, 0))
We thus obtain the following problem:
19:	T:
		(1, 2)    eval_id3_tag_findframe_13(v_28, v_i.0) -> Com_1(eval_id3_tag_findframe_bb10_in(nondef.4, 0))
		(2, 2)    eval_id3_tag_findframe_20(v_28, v_i.0) -> Com_1(eval_id3_tag_findframe_stop(v_28, v_i.0)) [ v_28 - v_i.0 - 1 >= 0 /\ v_i.0 >= 0 /\ v_28 + v_i.0 - 1 >= 0 /\ v_28 - 1 >= 0 ]
		(?, 2)    eval_id3_tag_findframe_20(v_28, v_i.0) -> Com_1(eval_id3_tag_findframe_bb10_in(v_28, v_i.0 + 1)) [ v_28 - v_i.0 - 1 >= 0 /\ v_i.0 >= 0 /\ v_28 + v_i.0 - 1 >= 0 /\ v_28 - 1 >= 0 ]
		(1, 2)    eval_id3_tag_findframe_11(v_28, v_i.0) -> Com_1(eval_id3_tag_findframe_bb10_in(nondef.4, 0))
		(1, 2)    eval_id3_tag_findframe_11(v_28, v_i.0) -> Com_2(eval_strlen_start(v_28, v_i.0), eval_id3_tag_findframe_13(v_28, v_i.0))
		(?, 2)    eval_id3_tag_findframe_bb10_in(v_28, v_i.0) -> Com_2(eval_strncmp_start(v_28, v_i.0), eval_id3_tag_findframe_20(v_28, v_i.0)) [ v_i.0 >= 0 /\ v_i.0 < v_28 /\ v_28 - v_i.0 - 1 >= 0 /\ v_28 + v_i.0 - 1 >= 0 /\ v_28 - 1 >= 0 ]
		(2, 2)    eval_id3_tag_findframe_bb10_in(v_28, v_i.0) -> Com_1(eval_id3_tag_findframe_stop(v_28, v_i.0)) [ v_i.0 >= 0 /\ v_i.0 >= v_28 ]
		(1, 1)    eval_id3_tag_findframe_10(v_28, v_i.0) -> Com_2(eval_id3_compat_lookup_start(v_28, v_i.0), eval_id3_tag_findframe_11(v_28, v_i.0))
		(1, 2)    eval_id3_tag_findframe_8(v_28, v_i.0) -> Com_1(eval_id3_tag_findframe_bb10_in(nondef.4, 0))
		(1, 1)    eval_id3_tag_findframe_8(v_28, v_i.0) -> Com_1(eval_id3_tag_findframe_10(v_28, v_i.0))
		(2, 1)    eval_id3_tag_findframe_bb15_in(v_28, v_i.0) -> Com_1(eval_id3_tag_findframe_stop(v_28, v_i.0))
		(1, 1)    eval_id3_tag_findframe_7(v_28, v_i.0) -> Com_2(eval_strlen_start(v_28, v_i.0), eval_id3_tag_findframe_8(v_28, v_i.0))
		(1, 2)    eval_id3_tag_findframe_bb0_in(v_28, v_i.0) -> Com_1(eval_id3_tag_findframe_bb15_in(v_28, v_i.0))
		(1, 1)    eval_id3_tag_findframe_bb0_in(v_28, v_i.0) -> Com_1(eval_id3_tag_findframe_7(v_28, v_i.0))
		(1, 1)    eval_id3_tag_findframe_start(v_28, v_i.0) -> Com_1(eval_id3_tag_findframe_bb0_in(v_28, v_i.0))
	start location:	eval_id3_tag_findframe_start
	leaf cost:	0

By chaining the transition eval_id3_tag_findframe_8(v_28, v_i.0) -> Com_1(eval_id3_tag_findframe_10(v_28, v_i.0)) with all transitions in problem 19, the following new transition is obtained:
	eval_id3_tag_findframe_8(v_28, v_i.0) -> Com_2(eval_id3_compat_lookup_start(v_28, v_i.0), eval_id3_tag_findframe_11(v_28, v_i.0))
We thus obtain the following problem:
20:	T:
		(1, 2)    eval_id3_tag_findframe_8(v_28, v_i.0) -> Com_2(eval_id3_compat_lookup_start(v_28, v_i.0), eval_id3_tag_findframe_11(v_28, v_i.0))
		(1, 2)    eval_id3_tag_findframe_13(v_28, v_i.0) -> Com_1(eval_id3_tag_findframe_bb10_in(nondef.4, 0))
		(2, 2)    eval_id3_tag_findframe_20(v_28, v_i.0) -> Com_1(eval_id3_tag_findframe_stop(v_28, v_i.0)) [ v_28 - v_i.0 - 1 >= 0 /\ v_i.0 >= 0 /\ v_28 + v_i.0 - 1 >= 0 /\ v_28 - 1 >= 0 ]
		(?, 2)    eval_id3_tag_findframe_20(v_28, v_i.0) -> Com_1(eval_id3_tag_findframe_bb10_in(v_28, v_i.0 + 1)) [ v_28 - v_i.0 - 1 >= 0 /\ v_i.0 >= 0 /\ v_28 + v_i.0 - 1 >= 0 /\ v_28 - 1 >= 0 ]
		(1, 2)    eval_id3_tag_findframe_11(v_28, v_i.0) -> Com_1(eval_id3_tag_findframe_bb10_in(nondef.4, 0))
		(1, 2)    eval_id3_tag_findframe_11(v_28, v_i.0) -> Com_2(eval_strlen_start(v_28, v_i.0), eval_id3_tag_findframe_13(v_28, v_i.0))
		(?, 2)    eval_id3_tag_findframe_bb10_in(v_28, v_i.0) -> Com_2(eval_strncmp_start(v_28, v_i.0), eval_id3_tag_findframe_20(v_28, v_i.0)) [ v_i.0 >= 0 /\ v_i.0 < v_28 /\ v_28 - v_i.0 - 1 >= 0 /\ v_28 + v_i.0 - 1 >= 0 /\ v_28 - 1 >= 0 ]
		(2, 2)    eval_id3_tag_findframe_bb10_in(v_28, v_i.0) -> Com_1(eval_id3_tag_findframe_stop(v_28, v_i.0)) [ v_i.0 >= 0 /\ v_i.0 >= v_28 ]
		(1, 1)    eval_id3_tag_findframe_10(v_28, v_i.0) -> Com_2(eval_id3_compat_lookup_start(v_28, v_i.0), eval_id3_tag_findframe_11(v_28, v_i.0))
		(1, 2)    eval_id3_tag_findframe_8(v_28, v_i.0) -> Com_1(eval_id3_tag_findframe_bb10_in(nondef.4, 0))
		(2, 1)    eval_id3_tag_findframe_bb15_in(v_28, v_i.0) -> Com_1(eval_id3_tag_findframe_stop(v_28, v_i.0))
		(1, 1)    eval_id3_tag_findframe_7(v_28, v_i.0) -> Com_2(eval_strlen_start(v_28, v_i.0), eval_id3_tag_findframe_8(v_28, v_i.0))
		(1, 2)    eval_id3_tag_findframe_bb0_in(v_28, v_i.0) -> Com_1(eval_id3_tag_findframe_bb15_in(v_28, v_i.0))
		(1, 1)    eval_id3_tag_findframe_bb0_in(v_28, v_i.0) -> Com_1(eval_id3_tag_findframe_7(v_28, v_i.0))
		(1, 1)    eval_id3_tag_findframe_start(v_28, v_i.0) -> Com_1(eval_id3_tag_findframe_bb0_in(v_28, v_i.0))
	start location:	eval_id3_tag_findframe_start
	leaf cost:	0

Testing for reachability in the complexity graph removes the following transition from problem 20:
	eval_id3_tag_findframe_10(v_28, v_i.0) -> Com_2(eval_id3_compat_lookup_start(v_28, v_i.0), eval_id3_tag_findframe_11(v_28, v_i.0))
We thus obtain the following problem:
21:	T:
		(1, 2)    eval_id3_tag_findframe_13(v_28, v_i.0) -> Com_1(eval_id3_tag_findframe_bb10_in(nondef.4, 0))
		(2, 2)    eval_id3_tag_findframe_20(v_28, v_i.0) -> Com_1(eval_id3_tag_findframe_stop(v_28, v_i.0)) [ v_28 - v_i.0 - 1 >= 0 /\ v_i.0 >= 0 /\ v_28 + v_i.0 - 1 >= 0 /\ v_28 - 1 >= 0 ]
		(?, 2)    eval_id3_tag_findframe_20(v_28, v_i.0) -> Com_1(eval_id3_tag_findframe_bb10_in(v_28, v_i.0 + 1)) [ v_28 - v_i.0 - 1 >= 0 /\ v_i.0 >= 0 /\ v_28 + v_i.0 - 1 >= 0 /\ v_28 - 1 >= 0 ]
		(1, 2)    eval_id3_tag_findframe_11(v_28, v_i.0) -> Com_1(eval_id3_tag_findframe_bb10_in(nondef.4, 0))
		(1, 2)    eval_id3_tag_findframe_11(v_28, v_i.0) -> Com_2(eval_strlen_start(v_28, v_i.0), eval_id3_tag_findframe_13(v_28, v_i.0))
		(?, 2)    eval_id3_tag_findframe_bb10_in(v_28, v_i.0) -> Com_2(eval_strncmp_start(v_28, v_i.0), eval_id3_tag_findframe_20(v_28, v_i.0)) [ v_i.0 >= 0 /\ v_i.0 < v_28 /\ v_28 - v_i.0 - 1 >= 0 /\ v_28 + v_i.0 - 1 >= 0 /\ v_28 - 1 >= 0 ]
		(2, 2)    eval_id3_tag_findframe_bb10_in(v_28, v_i.0) -> Com_1(eval_id3_tag_findframe_stop(v_28, v_i.0)) [ v_i.0 >= 0 /\ v_i.0 >= v_28 ]
		(1, 2)    eval_id3_tag_findframe_8(v_28, v_i.0) -> Com_2(eval_id3_compat_lookup_start(v_28, v_i.0), eval_id3_tag_findframe_11(v_28, v_i.0))
		(1, 2)    eval_id3_tag_findframe_8(v_28, v_i.0) -> Com_1(eval_id3_tag_findframe_bb10_in(nondef.4, 0))
		(2, 1)    eval_id3_tag_findframe_bb15_in(v_28, v_i.0) -> Com_1(eval_id3_tag_findframe_stop(v_28, v_i.0))
		(1, 1)    eval_id3_tag_findframe_7(v_28, v_i.0) -> Com_2(eval_strlen_start(v_28, v_i.0), eval_id3_tag_findframe_8(v_28, v_i.0))
		(1, 2)    eval_id3_tag_findframe_bb0_in(v_28, v_i.0) -> Com_1(eval_id3_tag_findframe_bb15_in(v_28, v_i.0))
		(1, 1)    eval_id3_tag_findframe_bb0_in(v_28, v_i.0) -> Com_1(eval_id3_tag_findframe_7(v_28, v_i.0))
		(1, 1)    eval_id3_tag_findframe_start(v_28, v_i.0) -> Com_1(eval_id3_tag_findframe_bb0_in(v_28, v_i.0))
	start location:	eval_id3_tag_findframe_start
	leaf cost:	0

By chaining the transition eval_id3_tag_findframe_bb0_in(v_28, v_i.0) -> Com_1(eval_id3_tag_findframe_bb15_in(v_28, v_i.0)) with all transitions in problem 21, the following new transition is obtained:
	eval_id3_tag_findframe_bb0_in(v_28, v_i.0) -> Com_1(eval_id3_tag_findframe_stop(v_28, v_i.0))
We thus obtain the following problem:
22:	T:
		(1, 3)    eval_id3_tag_findframe_bb0_in(v_28, v_i.0) -> Com_1(eval_id3_tag_findframe_stop(v_28, v_i.0))
		(1, 2)    eval_id3_tag_findframe_13(v_28, v_i.0) -> Com_1(eval_id3_tag_findframe_bb10_in(nondef.4, 0))
		(2, 2)    eval_id3_tag_findframe_20(v_28, v_i.0) -> Com_1(eval_id3_tag_findframe_stop(v_28, v_i.0)) [ v_28 - v_i.0 - 1 >= 0 /\ v_i.0 >= 0 /\ v_28 + v_i.0 - 1 >= 0 /\ v_28 - 1 >= 0 ]
		(?, 2)    eval_id3_tag_findframe_20(v_28, v_i.0) -> Com_1(eval_id3_tag_findframe_bb10_in(v_28, v_i.0 + 1)) [ v_28 - v_i.0 - 1 >= 0 /\ v_i.0 >= 0 /\ v_28 + v_i.0 - 1 >= 0 /\ v_28 - 1 >= 0 ]
		(1, 2)    eval_id3_tag_findframe_11(v_28, v_i.0) -> Com_1(eval_id3_tag_findframe_bb10_in(nondef.4, 0))
		(1, 2)    eval_id3_tag_findframe_11(v_28, v_i.0) -> Com_2(eval_strlen_start(v_28, v_i.0), eval_id3_tag_findframe_13(v_28, v_i.0))
		(?, 2)    eval_id3_tag_findframe_bb10_in(v_28, v_i.0) -> Com_2(eval_strncmp_start(v_28, v_i.0), eval_id3_tag_findframe_20(v_28, v_i.0)) [ v_i.0 >= 0 /\ v_i.0 < v_28 /\ v_28 - v_i.0 - 1 >= 0 /\ v_28 + v_i.0 - 1 >= 0 /\ v_28 - 1 >= 0 ]
		(2, 2)    eval_id3_tag_findframe_bb10_in(v_28, v_i.0) -> Com_1(eval_id3_tag_findframe_stop(v_28, v_i.0)) [ v_i.0 >= 0 /\ v_i.0 >= v_28 ]
		(1, 2)    eval_id3_tag_findframe_8(v_28, v_i.0) -> Com_2(eval_id3_compat_lookup_start(v_28, v_i.0), eval_id3_tag_findframe_11(v_28, v_i.0))
		(1, 2)    eval_id3_tag_findframe_8(v_28, v_i.0) -> Com_1(eval_id3_tag_findframe_bb10_in(nondef.4, 0))
		(2, 1)    eval_id3_tag_findframe_bb15_in(v_28, v_i.0) -> Com_1(eval_id3_tag_findframe_stop(v_28, v_i.0))
		(1, 1)    eval_id3_tag_findframe_7(v_28, v_i.0) -> Com_2(eval_strlen_start(v_28, v_i.0), eval_id3_tag_findframe_8(v_28, v_i.0))
		(1, 1)    eval_id3_tag_findframe_bb0_in(v_28, v_i.0) -> Com_1(eval_id3_tag_findframe_7(v_28, v_i.0))
		(1, 1)    eval_id3_tag_findframe_start(v_28, v_i.0) -> Com_1(eval_id3_tag_findframe_bb0_in(v_28, v_i.0))
	start location:	eval_id3_tag_findframe_start
	leaf cost:	0

Testing for reachability in the complexity graph removes the following transition from problem 22:
	eval_id3_tag_findframe_bb15_in(v_28, v_i.0) -> Com_1(eval_id3_tag_findframe_stop(v_28, v_i.0))
We thus obtain the following problem:
23:	T:
		(1, 2)    eval_id3_tag_findframe_13(v_28, v_i.0) -> Com_1(eval_id3_tag_findframe_bb10_in(nondef.4, 0))
		(2, 2)    eval_id3_tag_findframe_20(v_28, v_i.0) -> Com_1(eval_id3_tag_findframe_stop(v_28, v_i.0)) [ v_28 - v_i.0 - 1 >= 0 /\ v_i.0 >= 0 /\ v_28 + v_i.0 - 1 >= 0 /\ v_28 - 1 >= 0 ]
		(?, 2)    eval_id3_tag_findframe_20(v_28, v_i.0) -> Com_1(eval_id3_tag_findframe_bb10_in(v_28, v_i.0 + 1)) [ v_28 - v_i.0 - 1 >= 0 /\ v_i.0 >= 0 /\ v_28 + v_i.0 - 1 >= 0 /\ v_28 - 1 >= 0 ]
		(1, 2)    eval_id3_tag_findframe_11(v_28, v_i.0) -> Com_1(eval_id3_tag_findframe_bb10_in(nondef.4, 0))
		(1, 2)    eval_id3_tag_findframe_11(v_28, v_i.0) -> Com_2(eval_strlen_start(v_28, v_i.0), eval_id3_tag_findframe_13(v_28, v_i.0))
		(?, 2)    eval_id3_tag_findframe_bb10_in(v_28, v_i.0) -> Com_2(eval_strncmp_start(v_28, v_i.0), eval_id3_tag_findframe_20(v_28, v_i.0)) [ v_i.0 >= 0 /\ v_i.0 < v_28 /\ v_28 - v_i.0 - 1 >= 0 /\ v_28 + v_i.0 - 1 >= 0 /\ v_28 - 1 >= 0 ]
		(2, 2)    eval_id3_tag_findframe_bb10_in(v_28, v_i.0) -> Com_1(eval_id3_tag_findframe_stop(v_28, v_i.0)) [ v_i.0 >= 0 /\ v_i.0 >= v_28 ]
		(1, 2)    eval_id3_tag_findframe_8(v_28, v_i.0) -> Com_2(eval_id3_compat_lookup_start(v_28, v_i.0), eval_id3_tag_findframe_11(v_28, v_i.0))
		(1, 2)    eval_id3_tag_findframe_8(v_28, v_i.0) -> Com_1(eval_id3_tag_findframe_bb10_in(nondef.4, 0))
		(1, 1)    eval_id3_tag_findframe_7(v_28, v_i.0) -> Com_2(eval_strlen_start(v_28, v_i.0), eval_id3_tag_findframe_8(v_28, v_i.0))
		(1, 3)    eval_id3_tag_findframe_bb0_in(v_28, v_i.0) -> Com_1(eval_id3_tag_findframe_stop(v_28, v_i.0))
		(1, 1)    eval_id3_tag_findframe_bb0_in(v_28, v_i.0) -> Com_1(eval_id3_tag_findframe_7(v_28, v_i.0))
		(1, 1)    eval_id3_tag_findframe_start(v_28, v_i.0) -> Com_1(eval_id3_tag_findframe_bb0_in(v_28, v_i.0))
	start location:	eval_id3_tag_findframe_start
	leaf cost:	0

By chaining the transition eval_id3_tag_findframe_bb0_in(v_28, v_i.0) -> Com_1(eval_id3_tag_findframe_7(v_28, v_i.0)) with all transitions in problem 23, the following new transition is obtained:
	eval_id3_tag_findframe_bb0_in(v_28, v_i.0) -> Com_2(eval_strlen_start(v_28, v_i.0), eval_id3_tag_findframe_8(v_28, v_i.0))
We thus obtain the following problem:
24:	T:
		(1, 2)    eval_id3_tag_findframe_bb0_in(v_28, v_i.0) -> Com_2(eval_strlen_start(v_28, v_i.0), eval_id3_tag_findframe_8(v_28, v_i.0))
		(1, 2)    eval_id3_tag_findframe_13(v_28, v_i.0) -> Com_1(eval_id3_tag_findframe_bb10_in(nondef.4, 0))
		(2, 2)    eval_id3_tag_findframe_20(v_28, v_i.0) -> Com_1(eval_id3_tag_findframe_stop(v_28, v_i.0)) [ v_28 - v_i.0 - 1 >= 0 /\ v_i.0 >= 0 /\ v_28 + v_i.0 - 1 >= 0 /\ v_28 - 1 >= 0 ]
		(?, 2)    eval_id3_tag_findframe_20(v_28, v_i.0) -> Com_1(eval_id3_tag_findframe_bb10_in(v_28, v_i.0 + 1)) [ v_28 - v_i.0 - 1 >= 0 /\ v_i.0 >= 0 /\ v_28 + v_i.0 - 1 >= 0 /\ v_28 - 1 >= 0 ]
		(1, 2)    eval_id3_tag_findframe_11(v_28, v_i.0) -> Com_1(eval_id3_tag_findframe_bb10_in(nondef.4, 0))
		(1, 2)    eval_id3_tag_findframe_11(v_28, v_i.0) -> Com_2(eval_strlen_start(v_28, v_i.0), eval_id3_tag_findframe_13(v_28, v_i.0))
		(?, 2)    eval_id3_tag_findframe_bb10_in(v_28, v_i.0) -> Com_2(eval_strncmp_start(v_28, v_i.0), eval_id3_tag_findframe_20(v_28, v_i.0)) [ v_i.0 >= 0 /\ v_i.0 < v_28 /\ v_28 - v_i.0 - 1 >= 0 /\ v_28 + v_i.0 - 1 >= 0 /\ v_28 - 1 >= 0 ]
		(2, 2)    eval_id3_tag_findframe_bb10_in(v_28, v_i.0) -> Com_1(eval_id3_tag_findframe_stop(v_28, v_i.0)) [ v_i.0 >= 0 /\ v_i.0 >= v_28 ]
		(1, 2)    eval_id3_tag_findframe_8(v_28, v_i.0) -> Com_2(eval_id3_compat_lookup_start(v_28, v_i.0), eval_id3_tag_findframe_11(v_28, v_i.0))
		(1, 2)    eval_id3_tag_findframe_8(v_28, v_i.0) -> Com_1(eval_id3_tag_findframe_bb10_in(nondef.4, 0))
		(1, 1)    eval_id3_tag_findframe_7(v_28, v_i.0) -> Com_2(eval_strlen_start(v_28, v_i.0), eval_id3_tag_findframe_8(v_28, v_i.0))
		(1, 3)    eval_id3_tag_findframe_bb0_in(v_28, v_i.0) -> Com_1(eval_id3_tag_findframe_stop(v_28, v_i.0))
		(1, 1)    eval_id3_tag_findframe_start(v_28, v_i.0) -> Com_1(eval_id3_tag_findframe_bb0_in(v_28, v_i.0))
	start location:	eval_id3_tag_findframe_start
	leaf cost:	0

Testing for reachability in the complexity graph removes the following transition from problem 24:
	eval_id3_tag_findframe_7(v_28, v_i.0) -> Com_2(eval_strlen_start(v_28, v_i.0), eval_id3_tag_findframe_8(v_28, v_i.0))
We thus obtain the following problem:
25:	T:
		(1, 2)    eval_id3_tag_findframe_13(v_28, v_i.0) -> Com_1(eval_id3_tag_findframe_bb10_in(nondef.4, 0))
		(2, 2)    eval_id3_tag_findframe_20(v_28, v_i.0) -> Com_1(eval_id3_tag_findframe_stop(v_28, v_i.0)) [ v_28 - v_i.0 - 1 >= 0 /\ v_i.0 >= 0 /\ v_28 + v_i.0 - 1 >= 0 /\ v_28 - 1 >= 0 ]
		(?, 2)    eval_id3_tag_findframe_20(v_28, v_i.0) -> Com_1(eval_id3_tag_findframe_bb10_in(v_28, v_i.0 + 1)) [ v_28 - v_i.0 - 1 >= 0 /\ v_i.0 >= 0 /\ v_28 + v_i.0 - 1 >= 0 /\ v_28 - 1 >= 0 ]
		(1, 2)    eval_id3_tag_findframe_11(v_28, v_i.0) -> Com_1(eval_id3_tag_findframe_bb10_in(nondef.4, 0))
		(1, 2)    eval_id3_tag_findframe_11(v_28, v_i.0) -> Com_2(eval_strlen_start(v_28, v_i.0), eval_id3_tag_findframe_13(v_28, v_i.0))
		(?, 2)    eval_id3_tag_findframe_bb10_in(v_28, v_i.0) -> Com_2(eval_strncmp_start(v_28, v_i.0), eval_id3_tag_findframe_20(v_28, v_i.0)) [ v_i.0 >= 0 /\ v_i.0 < v_28 /\ v_28 - v_i.0 - 1 >= 0 /\ v_28 + v_i.0 - 1 >= 0 /\ v_28 - 1 >= 0 ]
		(2, 2)    eval_id3_tag_findframe_bb10_in(v_28, v_i.0) -> Com_1(eval_id3_tag_findframe_stop(v_28, v_i.0)) [ v_i.0 >= 0 /\ v_i.0 >= v_28 ]
		(1, 2)    eval_id3_tag_findframe_8(v_28, v_i.0) -> Com_2(eval_id3_compat_lookup_start(v_28, v_i.0), eval_id3_tag_findframe_11(v_28, v_i.0))
		(1, 2)    eval_id3_tag_findframe_8(v_28, v_i.0) -> Com_1(eval_id3_tag_findframe_bb10_in(nondef.4, 0))
		(1, 2)    eval_id3_tag_findframe_bb0_in(v_28, v_i.0) -> Com_2(eval_strlen_start(v_28, v_i.0), eval_id3_tag_findframe_8(v_28, v_i.0))
		(1, 3)    eval_id3_tag_findframe_bb0_in(v_28, v_i.0) -> Com_1(eval_id3_tag_findframe_stop(v_28, v_i.0))
		(1, 1)    eval_id3_tag_findframe_start(v_28, v_i.0) -> Com_1(eval_id3_tag_findframe_bb0_in(v_28, v_i.0))
	start location:	eval_id3_tag_findframe_start
	leaf cost:	0

By chaining the transition eval_id3_tag_findframe_13(v_28, v_i.0) -> Com_1(eval_id3_tag_findframe_bb10_in(nondef.4, 0)) with all transitions in problem 25, the following new transitions are obtained:
	eval_id3_tag_findframe_13(v_28, v_i.0) -> Com_2(eval_strncmp_start(nondef.4, 0), eval_id3_tag_findframe_20(nondef.4, 0)) [ 0 >= 0 /\ 0 < nondef.4 /\ nondef.4 - 1 >= 0 ]
	eval_id3_tag_findframe_13(v_28, v_i.0) -> Com_1(eval_id3_tag_findframe_stop(nondef.4, 0)) [ 0 >= 0 /\ 0 >= nondef.4 ]
We thus obtain the following problem:
26:	T:
		(1, 4)    eval_id3_tag_findframe_13(v_28, v_i.0) -> Com_2(eval_strncmp_start(nondef.4, 0), eval_id3_tag_findframe_20(nondef.4, 0)) [ 0 >= 0 /\ 0 < nondef.4 /\ nondef.4 - 1 >= 0 ]
		(1, 4)    eval_id3_tag_findframe_13(v_28, v_i.0) -> Com_1(eval_id3_tag_findframe_stop(nondef.4, 0)) [ 0 >= 0 /\ 0 >= nondef.4 ]
		(2, 2)    eval_id3_tag_findframe_20(v_28, v_i.0) -> Com_1(eval_id3_tag_findframe_stop(v_28, v_i.0)) [ v_28 - v_i.0 - 1 >= 0 /\ v_i.0 >= 0 /\ v_28 + v_i.0 - 1 >= 0 /\ v_28 - 1 >= 0 ]
		(?, 2)    eval_id3_tag_findframe_20(v_28, v_i.0) -> Com_1(eval_id3_tag_findframe_bb10_in(v_28, v_i.0 + 1)) [ v_28 - v_i.0 - 1 >= 0 /\ v_i.0 >= 0 /\ v_28 + v_i.0 - 1 >= 0 /\ v_28 - 1 >= 0 ]
		(1, 2)    eval_id3_tag_findframe_11(v_28, v_i.0) -> Com_1(eval_id3_tag_findframe_bb10_in(nondef.4, 0))
		(1, 2)    eval_id3_tag_findframe_11(v_28, v_i.0) -> Com_2(eval_strlen_start(v_28, v_i.0), eval_id3_tag_findframe_13(v_28, v_i.0))
		(?, 2)    eval_id3_tag_findframe_bb10_in(v_28, v_i.0) -> Com_2(eval_strncmp_start(v_28, v_i.0), eval_id3_tag_findframe_20(v_28, v_i.0)) [ v_i.0 >= 0 /\ v_i.0 < v_28 /\ v_28 - v_i.0 - 1 >= 0 /\ v_28 + v_i.0 - 1 >= 0 /\ v_28 - 1 >= 0 ]
		(2, 2)    eval_id3_tag_findframe_bb10_in(v_28, v_i.0) -> Com_1(eval_id3_tag_findframe_stop(v_28, v_i.0)) [ v_i.0 >= 0 /\ v_i.0 >= v_28 ]
		(1, 2)    eval_id3_tag_findframe_8(v_28, v_i.0) -> Com_2(eval_id3_compat_lookup_start(v_28, v_i.0), eval_id3_tag_findframe_11(v_28, v_i.0))
		(1, 2)    eval_id3_tag_findframe_8(v_28, v_i.0) -> Com_1(eval_id3_tag_findframe_bb10_in(nondef.4, 0))
		(1, 2)    eval_id3_tag_findframe_bb0_in(v_28, v_i.0) -> Com_2(eval_strlen_start(v_28, v_i.0), eval_id3_tag_findframe_8(v_28, v_i.0))
		(1, 3)    eval_id3_tag_findframe_bb0_in(v_28, v_i.0) -> Com_1(eval_id3_tag_findframe_stop(v_28, v_i.0))
		(1, 1)    eval_id3_tag_findframe_start(v_28, v_i.0) -> Com_1(eval_id3_tag_findframe_bb0_in(v_28, v_i.0))
	start location:	eval_id3_tag_findframe_start
	leaf cost:	0

By chaining the transition eval_id3_tag_findframe_20(v_28, v_i.0) -> Com_1(eval_id3_tag_findframe_bb10_in(v_28, v_i.0 + 1)) [ v_28 - v_i.0 - 1 >= 0 /\ v_i.0 >= 0 /\ v_28 + v_i.0 - 1 >= 0 /\ v_28 - 1 >= 0 ] with all transitions in problem 26, the following new transitions are obtained:
	eval_id3_tag_findframe_20(v_28, v_i.0) -> Com_2(eval_strncmp_start(v_28, v_i.0 + 1), eval_id3_tag_findframe_20(v_28, v_i.0 + 1)) [ v_28 - v_i.0 - 1 >= 0 /\ v_i.0 >= 0 /\ v_28 + v_i.0 - 1 >= 0 /\ v_28 - 1 >= 0 /\ v_i.0 + 1 >= 0 /\ v_i.0 + 1 < v_28 /\ v_28 - v_i.0 - 2 >= 0 /\ v_28 + v_i.0 >= 0 ]
	eval_id3_tag_findframe_20(v_28, v_i.0) -> Com_1(eval_id3_tag_findframe_stop(v_28, v_i.0 + 1)) [ v_28 - v_i.0 - 1 >= 0 /\ v_i.0 >= 0 /\ v_28 + v_i.0 - 1 >= 0 /\ v_28 - 1 >= 0 /\ v_i.0 + 1 >= 0 /\ v_i.0 + 1 >= v_28 ]
We thus obtain the following problem:
27:	T:
		(?, 4)    eval_id3_tag_findframe_20(v_28, v_i.0) -> Com_2(eval_strncmp_start(v_28, v_i.0 + 1), eval_id3_tag_findframe_20(v_28, v_i.0 + 1)) [ v_28 - v_i.0 - 1 >= 0 /\ v_i.0 >= 0 /\ v_28 + v_i.0 - 1 >= 0 /\ v_28 - 1 >= 0 /\ v_i.0 + 1 >= 0 /\ v_i.0 + 1 < v_28 /\ v_28 - v_i.0 - 2 >= 0 /\ v_28 + v_i.0 >= 0 ]
		(?, 4)    eval_id3_tag_findframe_20(v_28, v_i.0) -> Com_1(eval_id3_tag_findframe_stop(v_28, v_i.0 + 1)) [ v_28 - v_i.0 - 1 >= 0 /\ v_i.0 >= 0 /\ v_28 + v_i.0 - 1 >= 0 /\ v_28 - 1 >= 0 /\ v_i.0 + 1 >= 0 /\ v_i.0 + 1 >= v_28 ]
		(1, 4)    eval_id3_tag_findframe_13(v_28, v_i.0) -> Com_2(eval_strncmp_start(nondef.4, 0), eval_id3_tag_findframe_20(nondef.4, 0)) [ 0 >= 0 /\ 0 < nondef.4 /\ nondef.4 - 1 >= 0 ]
		(1, 4)    eval_id3_tag_findframe_13(v_28, v_i.0) -> Com_1(eval_id3_tag_findframe_stop(nondef.4, 0)) [ 0 >= 0 /\ 0 >= nondef.4 ]
		(2, 2)    eval_id3_tag_findframe_20(v_28, v_i.0) -> Com_1(eval_id3_tag_findframe_stop(v_28, v_i.0)) [ v_28 - v_i.0 - 1 >= 0 /\ v_i.0 >= 0 /\ v_28 + v_i.0 - 1 >= 0 /\ v_28 - 1 >= 0 ]
		(1, 2)    eval_id3_tag_findframe_11(v_28, v_i.0) -> Com_1(eval_id3_tag_findframe_bb10_in(nondef.4, 0))
		(1, 2)    eval_id3_tag_findframe_11(v_28, v_i.0) -> Com_2(eval_strlen_start(v_28, v_i.0), eval_id3_tag_findframe_13(v_28, v_i.0))
		(?, 2)    eval_id3_tag_findframe_bb10_in(v_28, v_i.0) -> Com_2(eval_strncmp_start(v_28, v_i.0), eval_id3_tag_findframe_20(v_28, v_i.0)) [ v_i.0 >= 0 /\ v_i.0 < v_28 /\ v_28 - v_i.0 - 1 >= 0 /\ v_28 + v_i.0 - 1 >= 0 /\ v_28 - 1 >= 0 ]
		(2, 2)    eval_id3_tag_findframe_bb10_in(v_28, v_i.0) -> Com_1(eval_id3_tag_findframe_stop(v_28, v_i.0)) [ v_i.0 >= 0 /\ v_i.0 >= v_28 ]
		(1, 2)    eval_id3_tag_findframe_8(v_28, v_i.0) -> Com_2(eval_id3_compat_lookup_start(v_28, v_i.0), eval_id3_tag_findframe_11(v_28, v_i.0))
		(1, 2)    eval_id3_tag_findframe_8(v_28, v_i.0) -> Com_1(eval_id3_tag_findframe_bb10_in(nondef.4, 0))
		(1, 2)    eval_id3_tag_findframe_bb0_in(v_28, v_i.0) -> Com_2(eval_strlen_start(v_28, v_i.0), eval_id3_tag_findframe_8(v_28, v_i.0))
		(1, 3)    eval_id3_tag_findframe_bb0_in(v_28, v_i.0) -> Com_1(eval_id3_tag_findframe_stop(v_28, v_i.0))
		(1, 1)    eval_id3_tag_findframe_start(v_28, v_i.0) -> Com_1(eval_id3_tag_findframe_bb0_in(v_28, v_i.0))
	start location:	eval_id3_tag_findframe_start
	leaf cost:	0

Repeatedly propagating knowledge in problem 27 produces the following problem:
28:	T:
		(?, 4)    eval_id3_tag_findframe_20(v_28, v_i.0) -> Com_2(eval_strncmp_start(v_28, v_i.0 + 1), eval_id3_tag_findframe_20(v_28, v_i.0 + 1)) [ v_28 - v_i.0 - 1 >= 0 /\ v_i.0 >= 0 /\ v_28 + v_i.0 - 1 >= 0 /\ v_28 - 1 >= 0 /\ v_i.0 + 1 >= 0 /\ v_i.0 + 1 < v_28 /\ v_28 - v_i.0 - 2 >= 0 /\ v_28 + v_i.0 >= 0 ]
		(?, 4)    eval_id3_tag_findframe_20(v_28, v_i.0) -> Com_1(eval_id3_tag_findframe_stop(v_28, v_i.0 + 1)) [ v_28 - v_i.0 - 1 >= 0 /\ v_i.0 >= 0 /\ v_28 + v_i.0 - 1 >= 0 /\ v_28 - 1 >= 0 /\ v_i.0 + 1 >= 0 /\ v_i.0 + 1 >= v_28 ]
		(1, 4)    eval_id3_tag_findframe_13(v_28, v_i.0) -> Com_2(eval_strncmp_start(nondef.4, 0), eval_id3_tag_findframe_20(nondef.4, 0)) [ 0 >= 0 /\ 0 < nondef.4 /\ nondef.4 - 1 >= 0 ]
		(1, 4)    eval_id3_tag_findframe_13(v_28, v_i.0) -> Com_1(eval_id3_tag_findframe_stop(nondef.4, 0)) [ 0 >= 0 /\ 0 >= nondef.4 ]
		(2, 2)    eval_id3_tag_findframe_20(v_28, v_i.0) -> Com_1(eval_id3_tag_findframe_stop(v_28, v_i.0)) [ v_28 - v_i.0 - 1 >= 0 /\ v_i.0 >= 0 /\ v_28 + v_i.0 - 1 >= 0 /\ v_28 - 1 >= 0 ]
		(1, 2)    eval_id3_tag_findframe_11(v_28, v_i.0) -> Com_1(eval_id3_tag_findframe_bb10_in(nondef.4, 0))
		(1, 2)    eval_id3_tag_findframe_11(v_28, v_i.0) -> Com_2(eval_strlen_start(v_28, v_i.0), eval_id3_tag_findframe_13(v_28, v_i.0))
		(2, 2)    eval_id3_tag_findframe_bb10_in(v_28, v_i.0) -> Com_2(eval_strncmp_start(v_28, v_i.0), eval_id3_tag_findframe_20(v_28, v_i.0)) [ v_i.0 >= 0 /\ v_i.0 < v_28 /\ v_28 - v_i.0 - 1 >= 0 /\ v_28 + v_i.0 - 1 >= 0 /\ v_28 - 1 >= 0 ]
		(2, 2)    eval_id3_tag_findframe_bb10_in(v_28, v_i.0) -> Com_1(eval_id3_tag_findframe_stop(v_28, v_i.0)) [ v_i.0 >= 0 /\ v_i.0 >= v_28 ]
		(1, 2)    eval_id3_tag_findframe_8(v_28, v_i.0) -> Com_2(eval_id3_compat_lookup_start(v_28, v_i.0), eval_id3_tag_findframe_11(v_28, v_i.0))
		(1, 2)    eval_id3_tag_findframe_8(v_28, v_i.0) -> Com_1(eval_id3_tag_findframe_bb10_in(nondef.4, 0))
		(1, 2)    eval_id3_tag_findframe_bb0_in(v_28, v_i.0) -> Com_2(eval_strlen_start(v_28, v_i.0), eval_id3_tag_findframe_8(v_28, v_i.0))
		(1, 3)    eval_id3_tag_findframe_bb0_in(v_28, v_i.0) -> Com_1(eval_id3_tag_findframe_stop(v_28, v_i.0))
		(1, 1)    eval_id3_tag_findframe_start(v_28, v_i.0) -> Com_1(eval_id3_tag_findframe_bb0_in(v_28, v_i.0))
	start location:	eval_id3_tag_findframe_start
	leaf cost:	0

A polynomial rank function with
	Pol(eval_id3_tag_findframe_20) = 1
	Pol(eval_strncmp_start) = 0
	Pol(eval_id3_tag_findframe_stop) = 0
	Pol(eval_id3_tag_findframe_13) = 1
	Pol(eval_id3_tag_findframe_11) = 1
	Pol(eval_id3_tag_findframe_bb10_in) = 1
	Pol(eval_strlen_start) = 0
	Pol(eval_id3_tag_findframe_8) = 1
	Pol(eval_id3_compat_lookup_start) = 0
	Pol(eval_id3_tag_findframe_bb0_in) = 1
	Pol(eval_id3_tag_findframe_start) = 1
orients all transitions weakly and the transition
	eval_id3_tag_findframe_20(v_28, v_i.0) -> Com_1(eval_id3_tag_findframe_stop(v_28, v_i.0 + 1)) [ v_28 - v_i.0 - 1 >= 0 /\ v_i.0 >= 0 /\ v_28 + v_i.0 - 1 >= 0 /\ v_28 - 1 >= 0 /\ v_i.0 + 1 >= 0 /\ v_i.0 + 1 >= v_28 ]
strictly and produces the following problem:
29:	T:
		(?, 4)    eval_id3_tag_findframe_20(v_28, v_i.0) -> Com_2(eval_strncmp_start(v_28, v_i.0 + 1), eval_id3_tag_findframe_20(v_28, v_i.0 + 1)) [ v_28 - v_i.0 - 1 >= 0 /\ v_i.0 >= 0 /\ v_28 + v_i.0 - 1 >= 0 /\ v_28 - 1 >= 0 /\ v_i.0 + 1 >= 0 /\ v_i.0 + 1 < v_28 /\ v_28 - v_i.0 - 2 >= 0 /\ v_28 + v_i.0 >= 0 ]
		(1, 4)    eval_id3_tag_findframe_20(v_28, v_i.0) -> Com_1(eval_id3_tag_findframe_stop(v_28, v_i.0 + 1)) [ v_28 - v_i.0 - 1 >= 0 /\ v_i.0 >= 0 /\ v_28 + v_i.0 - 1 >= 0 /\ v_28 - 1 >= 0 /\ v_i.0 + 1 >= 0 /\ v_i.0 + 1 >= v_28 ]
		(1, 4)    eval_id3_tag_findframe_13(v_28, v_i.0) -> Com_2(eval_strncmp_start(nondef.4, 0), eval_id3_tag_findframe_20(nondef.4, 0)) [ 0 >= 0 /\ 0 < nondef.4 /\ nondef.4 - 1 >= 0 ]
		(1, 4)    eval_id3_tag_findframe_13(v_28, v_i.0) -> Com_1(eval_id3_tag_findframe_stop(nondef.4, 0)) [ 0 >= 0 /\ 0 >= nondef.4 ]
		(2, 2)    eval_id3_tag_findframe_20(v_28, v_i.0) -> Com_1(eval_id3_tag_findframe_stop(v_28, v_i.0)) [ v_28 - v_i.0 - 1 >= 0 /\ v_i.0 >= 0 /\ v_28 + v_i.0 - 1 >= 0 /\ v_28 - 1 >= 0 ]
		(1, 2)    eval_id3_tag_findframe_11(v_28, v_i.0) -> Com_1(eval_id3_tag_findframe_bb10_in(nondef.4, 0))
		(1, 2)    eval_id3_tag_findframe_11(v_28, v_i.0) -> Com_2(eval_strlen_start(v_28, v_i.0), eval_id3_tag_findframe_13(v_28, v_i.0))
		(2, 2)    eval_id3_tag_findframe_bb10_in(v_28, v_i.0) -> Com_2(eval_strncmp_start(v_28, v_i.0), eval_id3_tag_findframe_20(v_28, v_i.0)) [ v_i.0 >= 0 /\ v_i.0 < v_28 /\ v_28 - v_i.0 - 1 >= 0 /\ v_28 + v_i.0 - 1 >= 0 /\ v_28 - 1 >= 0 ]
		(2, 2)    eval_id3_tag_findframe_bb10_in(v_28, v_i.0) -> Com_1(eval_id3_tag_findframe_stop(v_28, v_i.0)) [ v_i.0 >= 0 /\ v_i.0 >= v_28 ]
		(1, 2)    eval_id3_tag_findframe_8(v_28, v_i.0) -> Com_2(eval_id3_compat_lookup_start(v_28, v_i.0), eval_id3_tag_findframe_11(v_28, v_i.0))
		(1, 2)    eval_id3_tag_findframe_8(v_28, v_i.0) -> Com_1(eval_id3_tag_findframe_bb10_in(nondef.4, 0))
		(1, 2)    eval_id3_tag_findframe_bb0_in(v_28, v_i.0) -> Com_2(eval_strlen_start(v_28, v_i.0), eval_id3_tag_findframe_8(v_28, v_i.0))
		(1, 3)    eval_id3_tag_findframe_bb0_in(v_28, v_i.0) -> Com_1(eval_id3_tag_findframe_stop(v_28, v_i.0))
		(1, 1)    eval_id3_tag_findframe_start(v_28, v_i.0) -> Com_1(eval_id3_tag_findframe_bb0_in(v_28, v_i.0))
	start location:	eval_id3_tag_findframe_start
	leaf cost:	0

By chaining the transition eval_id3_tag_findframe_11(v_28, v_i.0) -> Com_1(eval_id3_tag_findframe_bb10_in(nondef.4, 0)) with all transitions in problem 29, the following new transitions are obtained:
	eval_id3_tag_findframe_11(v_28, v_i.0) -> Com_2(eval_strncmp_start(nondef.4, 0), eval_id3_tag_findframe_20(nondef.4, 0)) [ 0 >= 0 /\ 0 < nondef.4 /\ nondef.4 - 1 >= 0 ]
	eval_id3_tag_findframe_11(v_28, v_i.0) -> Com_1(eval_id3_tag_findframe_stop(nondef.4, 0)) [ 0 >= 0 /\ 0 >= nondef.4 ]
We thus obtain the following problem:
30:	T:
		(1, 4)    eval_id3_tag_findframe_11(v_28, v_i.0) -> Com_2(eval_strncmp_start(nondef.4, 0), eval_id3_tag_findframe_20(nondef.4, 0)) [ 0 >= 0 /\ 0 < nondef.4 /\ nondef.4 - 1 >= 0 ]
		(1, 4)    eval_id3_tag_findframe_11(v_28, v_i.0) -> Com_1(eval_id3_tag_findframe_stop(nondef.4, 0)) [ 0 >= 0 /\ 0 >= nondef.4 ]
		(?, 4)    eval_id3_tag_findframe_20(v_28, v_i.0) -> Com_2(eval_strncmp_start(v_28, v_i.0 + 1), eval_id3_tag_findframe_20(v_28, v_i.0 + 1)) [ v_28 - v_i.0 - 1 >= 0 /\ v_i.0 >= 0 /\ v_28 + v_i.0 - 1 >= 0 /\ v_28 - 1 >= 0 /\ v_i.0 + 1 >= 0 /\ v_i.0 + 1 < v_28 /\ v_28 - v_i.0 - 2 >= 0 /\ v_28 + v_i.0 >= 0 ]
		(1, 4)    eval_id3_tag_findframe_20(v_28, v_i.0) -> Com_1(eval_id3_tag_findframe_stop(v_28, v_i.0 + 1)) [ v_28 - v_i.0 - 1 >= 0 /\ v_i.0 >= 0 /\ v_28 + v_i.0 - 1 >= 0 /\ v_28 - 1 >= 0 /\ v_i.0 + 1 >= 0 /\ v_i.0 + 1 >= v_28 ]
		(1, 4)    eval_id3_tag_findframe_13(v_28, v_i.0) -> Com_2(eval_strncmp_start(nondef.4, 0), eval_id3_tag_findframe_20(nondef.4, 0)) [ 0 >= 0 /\ 0 < nondef.4 /\ nondef.4 - 1 >= 0 ]
		(1, 4)    eval_id3_tag_findframe_13(v_28, v_i.0) -> Com_1(eval_id3_tag_findframe_stop(nondef.4, 0)) [ 0 >= 0 /\ 0 >= nondef.4 ]
		(2, 2)    eval_id3_tag_findframe_20(v_28, v_i.0) -> Com_1(eval_id3_tag_findframe_stop(v_28, v_i.0)) [ v_28 - v_i.0 - 1 >= 0 /\ v_i.0 >= 0 /\ v_28 + v_i.0 - 1 >= 0 /\ v_28 - 1 >= 0 ]
		(1, 2)    eval_id3_tag_findframe_11(v_28, v_i.0) -> Com_2(eval_strlen_start(v_28, v_i.0), eval_id3_tag_findframe_13(v_28, v_i.0))
		(2, 2)    eval_id3_tag_findframe_bb10_in(v_28, v_i.0) -> Com_2(eval_strncmp_start(v_28, v_i.0), eval_id3_tag_findframe_20(v_28, v_i.0)) [ v_i.0 >= 0 /\ v_i.0 < v_28 /\ v_28 - v_i.0 - 1 >= 0 /\ v_28 + v_i.0 - 1 >= 0 /\ v_28 - 1 >= 0 ]
		(2, 2)    eval_id3_tag_findframe_bb10_in(v_28, v_i.0) -> Com_1(eval_id3_tag_findframe_stop(v_28, v_i.0)) [ v_i.0 >= 0 /\ v_i.0 >= v_28 ]
		(1, 2)    eval_id3_tag_findframe_8(v_28, v_i.0) -> Com_2(eval_id3_compat_lookup_start(v_28, v_i.0), eval_id3_tag_findframe_11(v_28, v_i.0))
		(1, 2)    eval_id3_tag_findframe_8(v_28, v_i.0) -> Com_1(eval_id3_tag_findframe_bb10_in(nondef.4, 0))
		(1, 2)    eval_id3_tag_findframe_bb0_in(v_28, v_i.0) -> Com_2(eval_strlen_start(v_28, v_i.0), eval_id3_tag_findframe_8(v_28, v_i.0))
		(1, 3)    eval_id3_tag_findframe_bb0_in(v_28, v_i.0) -> Com_1(eval_id3_tag_findframe_stop(v_28, v_i.0))
		(1, 1)    eval_id3_tag_findframe_start(v_28, v_i.0) -> Com_1(eval_id3_tag_findframe_bb0_in(v_28, v_i.0))
	start location:	eval_id3_tag_findframe_start
	leaf cost:	0

Complexity upper bound ?

Time: 1.418 sec (SMT: 1.068 sec)
