MAYBE

Initial complexity problem:
1:	T:
		(1, 1)    eval_id3_parse_latin1_start(v_.0, v_7, v_full, v_length) -> Com_1(eval_id3_parse_latin1_bb0_in(v_.0, v_7, v_full, v_length))
		(?, 1)    eval_id3_parse_latin1_bb0_in(v_.0, v_7, v_full, v_length) -> Com_1(eval_id3_parse_latin1_0(v_.0, v_7, v_full, v_length))
		(?, 1)    eval_id3_parse_latin1_0(v_.0, v_7, v_full, v_length) -> Com_2(eval_memchr_start(v_.0, v_7, v_full, v_length), eval_id3_parse_latin1_1(v_.0, v_7, v_full, v_length))
		(?, 1)    eval_id3_parse_latin1_1(v_.0, v_7, v_full, v_length) -> Com_1(eval_id3_parse_latin1_bb2_in(v_length, v_7, v_full, v_length))
		(?, 1)    eval_id3_parse_latin1_1(v_.0, v_7, v_full, v_length) -> Com_1(eval_id3_parse_latin1_bb2_in(nondef.0 - nondef.1, v_7, v_full, v_length))
		(?, 1)    eval_id3_parse_latin1_bb2_in(v_.0, v_7, v_full, v_length) -> Com_1(eval_id3_parse_latin1_7(v_.0, v_.0 + 1, v_full, v_length))
		(?, 1)    eval_id3_parse_latin1_7(v_.0, v_7, v_full, v_length) -> Com_2(eval_malloc_start(v_.0, v_7, v_full, v_length), eval_id3_parse_latin1_8(v_.0, v_7, v_full, v_length))
		(?, 1)    eval_id3_parse_latin1_8(v_.0, v_7, v_full, v_length) -> Com_1(eval_id3_parse_latin1_9(v_.0, v_7, v_full, v_length))
		(?, 1)    eval_id3_parse_latin1_8(v_.0, v_7, v_full, v_length) -> Com_1(eval_id3_parse_latin1_bb8_in(v_.0, v_7, v_full, v_length))
		(?, 1)    eval_id3_parse_latin1_9(v_.0, v_7, v_full, v_length) -> Com_2(eval_llvm.memcpy.p0i8.p0i8.i64_start(v_.0, v_7, v_full, v_length), eval_id3_parse_latin1_10(v_.0, v_7, v_full, v_length))
		(?, 1)    eval_id3_parse_latin1_10(v_.0, v_7, v_full, v_length) -> Com_1(eval_id3_parse_latin1_bb8_in(v_.0, v_7, v_full, v_length))
		(?, 1)    eval_id3_parse_latin1_10(v_.0, v_7, v_full, v_length) -> Com_1(eval_id3_parse_latin1_bb4_in(v_.0, v_7, v_full, v_length))
		(?, 1)    eval_id3_parse_latin1_bb4_in(v_.0, v_7, v_full, v_length) -> Com_1(eval_id3_parse_latin1_bb7_in(v_.0, v_7, v_full, v_length))
		(?, 1)    eval_id3_parse_latin1_bb4_in(v_.0, v_7, v_full, v_length) -> Com_1(eval_id3_parse_latin1_bb8_in(v_.0, v_7, v_full, v_length))
		(?, 1)    eval_id3_parse_latin1_bb7_in(v_.0, v_7, v_full, v_length) -> Com_1(eval_id3_parse_latin1_bb4_in(v_.0, v_7, v_full, v_length))
		(?, 1)    eval_id3_parse_latin1_bb8_in(v_.0, v_7, v_full, v_length) -> Com_1(eval_id3_parse_latin1_stop(v_.0, v_7, v_full, v_length))
	start location:	eval_id3_parse_latin1_start
	leaf cost:	0

Slicing away variables that do not contribute to conditions from problem 1 leaves variables [].
We thus obtain the following problem:
2:	T:
		(?, 1)    eval_id3_parse_latin1_bb8_in() -> Com_1(eval_id3_parse_latin1_stop())
		(?, 1)    eval_id3_parse_latin1_bb7_in() -> Com_1(eval_id3_parse_latin1_bb4_in())
		(?, 1)    eval_id3_parse_latin1_bb4_in() -> Com_1(eval_id3_parse_latin1_bb8_in())
		(?, 1)    eval_id3_parse_latin1_bb4_in() -> Com_1(eval_id3_parse_latin1_bb7_in())
		(?, 1)    eval_id3_parse_latin1_10() -> Com_1(eval_id3_parse_latin1_bb4_in())
		(?, 1)    eval_id3_parse_latin1_10() -> Com_1(eval_id3_parse_latin1_bb8_in())
		(?, 1)    eval_id3_parse_latin1_9() -> Com_2(eval_llvm.memcpy.p0i8.p0i8.i64_start(), eval_id3_parse_latin1_10())
		(?, 1)    eval_id3_parse_latin1_8() -> Com_1(eval_id3_parse_latin1_bb8_in())
		(?, 1)    eval_id3_parse_latin1_8() -> Com_1(eval_id3_parse_latin1_9())
		(?, 1)    eval_id3_parse_latin1_7() -> Com_2(eval_malloc_start(), eval_id3_parse_latin1_8())
		(?, 1)    eval_id3_parse_latin1_bb2_in() -> Com_1(eval_id3_parse_latin1_7())
		(?, 1)    eval_id3_parse_latin1_1() -> Com_1(eval_id3_parse_latin1_bb2_in())
		(?, 1)    eval_id3_parse_latin1_1() -> Com_1(eval_id3_parse_latin1_bb2_in())
		(?, 1)    eval_id3_parse_latin1_0() -> Com_2(eval_memchr_start(), eval_id3_parse_latin1_1())
		(?, 1)    eval_id3_parse_latin1_bb0_in() -> Com_1(eval_id3_parse_latin1_0())
		(1, 1)    eval_id3_parse_latin1_start() -> Com_1(eval_id3_parse_latin1_bb0_in())
	start location:	eval_id3_parse_latin1_start
	leaf cost:	0

Repeatedly propagating knowledge in problem 2 produces the following problem:
3:	T:
		(?, 1)    eval_id3_parse_latin1_bb8_in() -> Com_1(eval_id3_parse_latin1_stop())
		(?, 1)    eval_id3_parse_latin1_bb7_in() -> Com_1(eval_id3_parse_latin1_bb4_in())
		(?, 1)    eval_id3_parse_latin1_bb4_in() -> Com_1(eval_id3_parse_latin1_bb8_in())
		(?, 1)    eval_id3_parse_latin1_bb4_in() -> Com_1(eval_id3_parse_latin1_bb7_in())
		(2, 1)    eval_id3_parse_latin1_10() -> Com_1(eval_id3_parse_latin1_bb4_in())
		(2, 1)    eval_id3_parse_latin1_10() -> Com_1(eval_id3_parse_latin1_bb8_in())
		(2, 1)    eval_id3_parse_latin1_9() -> Com_2(eval_llvm.memcpy.p0i8.p0i8.i64_start(), eval_id3_parse_latin1_10())
		(2, 1)    eval_id3_parse_latin1_8() -> Com_1(eval_id3_parse_latin1_bb8_in())
		(2, 1)    eval_id3_parse_latin1_8() -> Com_1(eval_id3_parse_latin1_9())
		(2, 1)    eval_id3_parse_latin1_7() -> Com_2(eval_malloc_start(), eval_id3_parse_latin1_8())
		(2, 1)    eval_id3_parse_latin1_bb2_in() -> Com_1(eval_id3_parse_latin1_7())
		(1, 1)    eval_id3_parse_latin1_1() -> Com_1(eval_id3_parse_latin1_bb2_in())
		(1, 1)    eval_id3_parse_latin1_1() -> Com_1(eval_id3_parse_latin1_bb2_in())
		(1, 1)    eval_id3_parse_latin1_0() -> Com_2(eval_memchr_start(), eval_id3_parse_latin1_1())
		(1, 1)    eval_id3_parse_latin1_bb0_in() -> Com_1(eval_id3_parse_latin1_0())
		(1, 1)    eval_id3_parse_latin1_start() -> Com_1(eval_id3_parse_latin1_bb0_in())
	start location:	eval_id3_parse_latin1_start
	leaf cost:	0

A polynomial rank function with
	Pol(eval_id3_parse_latin1_bb8_in) = 1
	Pol(eval_id3_parse_latin1_stop) = 0
	Pol(eval_id3_parse_latin1_bb7_in) = 2
	Pol(eval_id3_parse_latin1_bb4_in) = 2
	Pol(eval_id3_parse_latin1_10) = 2
	Pol(eval_id3_parse_latin1_9) = 2
	Pol(eval_llvm.memcpy.p0i8.p0i8.i64_start) = 0
	Pol(eval_id3_parse_latin1_8) = 2
	Pol(eval_id3_parse_latin1_7) = 2
	Pol(eval_malloc_start) = 0
	Pol(eval_id3_parse_latin1_bb2_in) = 2
	Pol(eval_id3_parse_latin1_1) = 2
	Pol(eval_id3_parse_latin1_0) = 2
	Pol(eval_memchr_start) = 0
	Pol(eval_id3_parse_latin1_bb0_in) = 2
	Pol(eval_id3_parse_latin1_start) = 2
orients all transitions weakly and the transitions
	eval_id3_parse_latin1_bb8_in() -> Com_1(eval_id3_parse_latin1_stop())
	eval_id3_parse_latin1_bb4_in() -> Com_1(eval_id3_parse_latin1_bb8_in())
strictly and produces the following problem:
4:	T:
		(2, 1)    eval_id3_parse_latin1_bb8_in() -> Com_1(eval_id3_parse_latin1_stop())
		(?, 1)    eval_id3_parse_latin1_bb7_in() -> Com_1(eval_id3_parse_latin1_bb4_in())
		(2, 1)    eval_id3_parse_latin1_bb4_in() -> Com_1(eval_id3_parse_latin1_bb8_in())
		(?, 1)    eval_id3_parse_latin1_bb4_in() -> Com_1(eval_id3_parse_latin1_bb7_in())
		(2, 1)    eval_id3_parse_latin1_10() -> Com_1(eval_id3_parse_latin1_bb4_in())
		(2, 1)    eval_id3_parse_latin1_10() -> Com_1(eval_id3_parse_latin1_bb8_in())
		(2, 1)    eval_id3_parse_latin1_9() -> Com_2(eval_llvm.memcpy.p0i8.p0i8.i64_start(), eval_id3_parse_latin1_10())
		(2, 1)    eval_id3_parse_latin1_8() -> Com_1(eval_id3_parse_latin1_bb8_in())
		(2, 1)    eval_id3_parse_latin1_8() -> Com_1(eval_id3_parse_latin1_9())
		(2, 1)    eval_id3_parse_latin1_7() -> Com_2(eval_malloc_start(), eval_id3_parse_latin1_8())
		(2, 1)    eval_id3_parse_latin1_bb2_in() -> Com_1(eval_id3_parse_latin1_7())
		(1, 1)    eval_id3_parse_latin1_1() -> Com_1(eval_id3_parse_latin1_bb2_in())
		(1, 1)    eval_id3_parse_latin1_1() -> Com_1(eval_id3_parse_latin1_bb2_in())
		(1, 1)    eval_id3_parse_latin1_0() -> Com_2(eval_memchr_start(), eval_id3_parse_latin1_1())
		(1, 1)    eval_id3_parse_latin1_bb0_in() -> Com_1(eval_id3_parse_latin1_0())
		(1, 1)    eval_id3_parse_latin1_start() -> Com_1(eval_id3_parse_latin1_bb0_in())
	start location:	eval_id3_parse_latin1_start
	leaf cost:	0

By chaining the transition eval_id3_parse_latin1_bb4_in() -> Com_1(eval_id3_parse_latin1_bb8_in()) with all transitions in problem 4, the following new transition is obtained:
	eval_id3_parse_latin1_bb4_in() -> Com_1(eval_id3_parse_latin1_stop())
We thus obtain the following problem:
5:	T:
		(2, 2)    eval_id3_parse_latin1_bb4_in() -> Com_1(eval_id3_parse_latin1_stop())
		(2, 1)    eval_id3_parse_latin1_bb8_in() -> Com_1(eval_id3_parse_latin1_stop())
		(?, 1)    eval_id3_parse_latin1_bb7_in() -> Com_1(eval_id3_parse_latin1_bb4_in())
		(?, 1)    eval_id3_parse_latin1_bb4_in() -> Com_1(eval_id3_parse_latin1_bb7_in())
		(2, 1)    eval_id3_parse_latin1_10() -> Com_1(eval_id3_parse_latin1_bb4_in())
		(2, 1)    eval_id3_parse_latin1_10() -> Com_1(eval_id3_parse_latin1_bb8_in())
		(2, 1)    eval_id3_parse_latin1_9() -> Com_2(eval_llvm.memcpy.p0i8.p0i8.i64_start(), eval_id3_parse_latin1_10())
		(2, 1)    eval_id3_parse_latin1_8() -> Com_1(eval_id3_parse_latin1_bb8_in())
		(2, 1)    eval_id3_parse_latin1_8() -> Com_1(eval_id3_parse_latin1_9())
		(2, 1)    eval_id3_parse_latin1_7() -> Com_2(eval_malloc_start(), eval_id3_parse_latin1_8())
		(2, 1)    eval_id3_parse_latin1_bb2_in() -> Com_1(eval_id3_parse_latin1_7())
		(1, 1)    eval_id3_parse_latin1_1() -> Com_1(eval_id3_parse_latin1_bb2_in())
		(1, 1)    eval_id3_parse_latin1_1() -> Com_1(eval_id3_parse_latin1_bb2_in())
		(1, 1)    eval_id3_parse_latin1_0() -> Com_2(eval_memchr_start(), eval_id3_parse_latin1_1())
		(1, 1)    eval_id3_parse_latin1_bb0_in() -> Com_1(eval_id3_parse_latin1_0())
		(1, 1)    eval_id3_parse_latin1_start() -> Com_1(eval_id3_parse_latin1_bb0_in())
	start location:	eval_id3_parse_latin1_start
	leaf cost:	0

By chaining the transition eval_id3_parse_latin1_bb4_in() -> Com_1(eval_id3_parse_latin1_bb7_in()) with all transitions in problem 5, the following new transition is obtained:
	eval_id3_parse_latin1_bb4_in() -> Com_1(eval_id3_parse_latin1_bb4_in())
We thus obtain the following problem:
6:	T:
		(?, 2)    eval_id3_parse_latin1_bb4_in() -> Com_1(eval_id3_parse_latin1_bb4_in())
		(2, 2)    eval_id3_parse_latin1_bb4_in() -> Com_1(eval_id3_parse_latin1_stop())
		(2, 1)    eval_id3_parse_latin1_bb8_in() -> Com_1(eval_id3_parse_latin1_stop())
		(?, 1)    eval_id3_parse_latin1_bb7_in() -> Com_1(eval_id3_parse_latin1_bb4_in())
		(2, 1)    eval_id3_parse_latin1_10() -> Com_1(eval_id3_parse_latin1_bb4_in())
		(2, 1)    eval_id3_parse_latin1_10() -> Com_1(eval_id3_parse_latin1_bb8_in())
		(2, 1)    eval_id3_parse_latin1_9() -> Com_2(eval_llvm.memcpy.p0i8.p0i8.i64_start(), eval_id3_parse_latin1_10())
		(2, 1)    eval_id3_parse_latin1_8() -> Com_1(eval_id3_parse_latin1_bb8_in())
		(2, 1)    eval_id3_parse_latin1_8() -> Com_1(eval_id3_parse_latin1_9())
		(2, 1)    eval_id3_parse_latin1_7() -> Com_2(eval_malloc_start(), eval_id3_parse_latin1_8())
		(2, 1)    eval_id3_parse_latin1_bb2_in() -> Com_1(eval_id3_parse_latin1_7())
		(1, 1)    eval_id3_parse_latin1_1() -> Com_1(eval_id3_parse_latin1_bb2_in())
		(1, 1)    eval_id3_parse_latin1_1() -> Com_1(eval_id3_parse_latin1_bb2_in())
		(1, 1)    eval_id3_parse_latin1_0() -> Com_2(eval_memchr_start(), eval_id3_parse_latin1_1())
		(1, 1)    eval_id3_parse_latin1_bb0_in() -> Com_1(eval_id3_parse_latin1_0())
		(1, 1)    eval_id3_parse_latin1_start() -> Com_1(eval_id3_parse_latin1_bb0_in())
	start location:	eval_id3_parse_latin1_start
	leaf cost:	0

Testing for reachability in the complexity graph removes the following transition from problem 6:
	eval_id3_parse_latin1_bb7_in() -> Com_1(eval_id3_parse_latin1_bb4_in())
We thus obtain the following problem:
7:	T:
		(?, 2)    eval_id3_parse_latin1_bb4_in() -> Com_1(eval_id3_parse_latin1_bb4_in())
		(2, 2)    eval_id3_parse_latin1_bb4_in() -> Com_1(eval_id3_parse_latin1_stop())
		(2, 1)    eval_id3_parse_latin1_10() -> Com_1(eval_id3_parse_latin1_bb8_in())
		(2, 1)    eval_id3_parse_latin1_10() -> Com_1(eval_id3_parse_latin1_bb4_in())
		(2, 1)    eval_id3_parse_latin1_9() -> Com_2(eval_llvm.memcpy.p0i8.p0i8.i64_start(), eval_id3_parse_latin1_10())
		(2, 1)    eval_id3_parse_latin1_bb8_in() -> Com_1(eval_id3_parse_latin1_stop())
		(2, 1)    eval_id3_parse_latin1_8() -> Com_1(eval_id3_parse_latin1_9())
		(2, 1)    eval_id3_parse_latin1_8() -> Com_1(eval_id3_parse_latin1_bb8_in())
		(2, 1)    eval_id3_parse_latin1_7() -> Com_2(eval_malloc_start(), eval_id3_parse_latin1_8())
		(2, 1)    eval_id3_parse_latin1_bb2_in() -> Com_1(eval_id3_parse_latin1_7())
		(1, 1)    eval_id3_parse_latin1_1() -> Com_1(eval_id3_parse_latin1_bb2_in())
		(1, 1)    eval_id3_parse_latin1_1() -> Com_1(eval_id3_parse_latin1_bb2_in())
		(1, 1)    eval_id3_parse_latin1_0() -> Com_2(eval_memchr_start(), eval_id3_parse_latin1_1())
		(1, 1)    eval_id3_parse_latin1_bb0_in() -> Com_1(eval_id3_parse_latin1_0())
		(1, 1)    eval_id3_parse_latin1_start() -> Com_1(eval_id3_parse_latin1_bb0_in())
	start location:	eval_id3_parse_latin1_start
	leaf cost:	0

By chaining the transition eval_id3_parse_latin1_10() -> Com_1(eval_id3_parse_latin1_bb8_in()) with all transitions in problem 7, the following new transition is obtained:
	eval_id3_parse_latin1_10() -> Com_1(eval_id3_parse_latin1_stop())
We thus obtain the following problem:
8:	T:
		(2, 2)    eval_id3_parse_latin1_10() -> Com_1(eval_id3_parse_latin1_stop())
		(?, 2)    eval_id3_parse_latin1_bb4_in() -> Com_1(eval_id3_parse_latin1_bb4_in())
		(2, 2)    eval_id3_parse_latin1_bb4_in() -> Com_1(eval_id3_parse_latin1_stop())
		(2, 1)    eval_id3_parse_latin1_10() -> Com_1(eval_id3_parse_latin1_bb4_in())
		(2, 1)    eval_id3_parse_latin1_9() -> Com_2(eval_llvm.memcpy.p0i8.p0i8.i64_start(), eval_id3_parse_latin1_10())
		(2, 1)    eval_id3_parse_latin1_bb8_in() -> Com_1(eval_id3_parse_latin1_stop())
		(2, 1)    eval_id3_parse_latin1_8() -> Com_1(eval_id3_parse_latin1_9())
		(2, 1)    eval_id3_parse_latin1_8() -> Com_1(eval_id3_parse_latin1_bb8_in())
		(2, 1)    eval_id3_parse_latin1_7() -> Com_2(eval_malloc_start(), eval_id3_parse_latin1_8())
		(2, 1)    eval_id3_parse_latin1_bb2_in() -> Com_1(eval_id3_parse_latin1_7())
		(1, 1)    eval_id3_parse_latin1_1() -> Com_1(eval_id3_parse_latin1_bb2_in())
		(1, 1)    eval_id3_parse_latin1_1() -> Com_1(eval_id3_parse_latin1_bb2_in())
		(1, 1)    eval_id3_parse_latin1_0() -> Com_2(eval_memchr_start(), eval_id3_parse_latin1_1())
		(1, 1)    eval_id3_parse_latin1_bb0_in() -> Com_1(eval_id3_parse_latin1_0())
		(1, 1)    eval_id3_parse_latin1_start() -> Com_1(eval_id3_parse_latin1_bb0_in())
	start location:	eval_id3_parse_latin1_start
	leaf cost:	0

By chaining the transition eval_id3_parse_latin1_8() -> Com_1(eval_id3_parse_latin1_9()) with all transitions in problem 8, the following new transition is obtained:
	eval_id3_parse_latin1_8() -> Com_2(eval_llvm.memcpy.p0i8.p0i8.i64_start(), eval_id3_parse_latin1_10())
We thus obtain the following problem:
9:	T:
		(2, 2)    eval_id3_parse_latin1_8() -> Com_2(eval_llvm.memcpy.p0i8.p0i8.i64_start(), eval_id3_parse_latin1_10())
		(2, 2)    eval_id3_parse_latin1_10() -> Com_1(eval_id3_parse_latin1_stop())
		(?, 2)    eval_id3_parse_latin1_bb4_in() -> Com_1(eval_id3_parse_latin1_bb4_in())
		(2, 2)    eval_id3_parse_latin1_bb4_in() -> Com_1(eval_id3_parse_latin1_stop())
		(2, 1)    eval_id3_parse_latin1_10() -> Com_1(eval_id3_parse_latin1_bb4_in())
		(2, 1)    eval_id3_parse_latin1_9() -> Com_2(eval_llvm.memcpy.p0i8.p0i8.i64_start(), eval_id3_parse_latin1_10())
		(2, 1)    eval_id3_parse_latin1_bb8_in() -> Com_1(eval_id3_parse_latin1_stop())
		(2, 1)    eval_id3_parse_latin1_8() -> Com_1(eval_id3_parse_latin1_bb8_in())
		(2, 1)    eval_id3_parse_latin1_7() -> Com_2(eval_malloc_start(), eval_id3_parse_latin1_8())
		(2, 1)    eval_id3_parse_latin1_bb2_in() -> Com_1(eval_id3_parse_latin1_7())
		(1, 1)    eval_id3_parse_latin1_1() -> Com_1(eval_id3_parse_latin1_bb2_in())
		(1, 1)    eval_id3_parse_latin1_1() -> Com_1(eval_id3_parse_latin1_bb2_in())
		(1, 1)    eval_id3_parse_latin1_0() -> Com_2(eval_memchr_start(), eval_id3_parse_latin1_1())
		(1, 1)    eval_id3_parse_latin1_bb0_in() -> Com_1(eval_id3_parse_latin1_0())
		(1, 1)    eval_id3_parse_latin1_start() -> Com_1(eval_id3_parse_latin1_bb0_in())
	start location:	eval_id3_parse_latin1_start
	leaf cost:	0

Testing for reachability in the complexity graph removes the following transition from problem 9:
	eval_id3_parse_latin1_9() -> Com_2(eval_llvm.memcpy.p0i8.p0i8.i64_start(), eval_id3_parse_latin1_10())
We thus obtain the following problem:
10:	T:
		(?, 2)    eval_id3_parse_latin1_bb4_in() -> Com_1(eval_id3_parse_latin1_bb4_in())
		(2, 2)    eval_id3_parse_latin1_bb4_in() -> Com_1(eval_id3_parse_latin1_stop())
		(2, 2)    eval_id3_parse_latin1_10() -> Com_1(eval_id3_parse_latin1_stop())
		(2, 1)    eval_id3_parse_latin1_10() -> Com_1(eval_id3_parse_latin1_bb4_in())
		(2, 1)    eval_id3_parse_latin1_bb8_in() -> Com_1(eval_id3_parse_latin1_stop())
		(2, 2)    eval_id3_parse_latin1_8() -> Com_2(eval_llvm.memcpy.p0i8.p0i8.i64_start(), eval_id3_parse_latin1_10())
		(2, 1)    eval_id3_parse_latin1_8() -> Com_1(eval_id3_parse_latin1_bb8_in())
		(2, 1)    eval_id3_parse_latin1_7() -> Com_2(eval_malloc_start(), eval_id3_parse_latin1_8())
		(2, 1)    eval_id3_parse_latin1_bb2_in() -> Com_1(eval_id3_parse_latin1_7())
		(1, 1)    eval_id3_parse_latin1_1() -> Com_1(eval_id3_parse_latin1_bb2_in())
		(1, 1)    eval_id3_parse_latin1_1() -> Com_1(eval_id3_parse_latin1_bb2_in())
		(1, 1)    eval_id3_parse_latin1_0() -> Com_2(eval_memchr_start(), eval_id3_parse_latin1_1())
		(1, 1)    eval_id3_parse_latin1_bb0_in() -> Com_1(eval_id3_parse_latin1_0())
		(1, 1)    eval_id3_parse_latin1_start() -> Com_1(eval_id3_parse_latin1_bb0_in())
	start location:	eval_id3_parse_latin1_start
	leaf cost:	0

By chaining the transition eval_id3_parse_latin1_8() -> Com_1(eval_id3_parse_latin1_bb8_in()) with all transitions in problem 10, the following new transition is obtained:
	eval_id3_parse_latin1_8() -> Com_1(eval_id3_parse_latin1_stop())
We thus obtain the following problem:
11:	T:
		(2, 2)    eval_id3_parse_latin1_8() -> Com_1(eval_id3_parse_latin1_stop())
		(?, 2)    eval_id3_parse_latin1_bb4_in() -> Com_1(eval_id3_parse_latin1_bb4_in())
		(2, 2)    eval_id3_parse_latin1_bb4_in() -> Com_1(eval_id3_parse_latin1_stop())
		(2, 2)    eval_id3_parse_latin1_10() -> Com_1(eval_id3_parse_latin1_stop())
		(2, 1)    eval_id3_parse_latin1_10() -> Com_1(eval_id3_parse_latin1_bb4_in())
		(2, 1)    eval_id3_parse_latin1_bb8_in() -> Com_1(eval_id3_parse_latin1_stop())
		(2, 2)    eval_id3_parse_latin1_8() -> Com_2(eval_llvm.memcpy.p0i8.p0i8.i64_start(), eval_id3_parse_latin1_10())
		(2, 1)    eval_id3_parse_latin1_7() -> Com_2(eval_malloc_start(), eval_id3_parse_latin1_8())
		(2, 1)    eval_id3_parse_latin1_bb2_in() -> Com_1(eval_id3_parse_latin1_7())
		(1, 1)    eval_id3_parse_latin1_1() -> Com_1(eval_id3_parse_latin1_bb2_in())
		(1, 1)    eval_id3_parse_latin1_1() -> Com_1(eval_id3_parse_latin1_bb2_in())
		(1, 1)    eval_id3_parse_latin1_0() -> Com_2(eval_memchr_start(), eval_id3_parse_latin1_1())
		(1, 1)    eval_id3_parse_latin1_bb0_in() -> Com_1(eval_id3_parse_latin1_0())
		(1, 1)    eval_id3_parse_latin1_start() -> Com_1(eval_id3_parse_latin1_bb0_in())
	start location:	eval_id3_parse_latin1_start
	leaf cost:	0

Testing for reachability in the complexity graph removes the following transition from problem 11:
	eval_id3_parse_latin1_bb8_in() -> Com_1(eval_id3_parse_latin1_stop())
We thus obtain the following problem:
12:	T:
		(?, 2)    eval_id3_parse_latin1_bb4_in() -> Com_1(eval_id3_parse_latin1_bb4_in())
		(2, 2)    eval_id3_parse_latin1_bb4_in() -> Com_1(eval_id3_parse_latin1_stop())
		(2, 2)    eval_id3_parse_latin1_10() -> Com_1(eval_id3_parse_latin1_stop())
		(2, 1)    eval_id3_parse_latin1_10() -> Com_1(eval_id3_parse_latin1_bb4_in())
		(2, 2)    eval_id3_parse_latin1_8() -> Com_1(eval_id3_parse_latin1_stop())
		(2, 2)    eval_id3_parse_latin1_8() -> Com_2(eval_llvm.memcpy.p0i8.p0i8.i64_start(), eval_id3_parse_latin1_10())
		(2, 1)    eval_id3_parse_latin1_7() -> Com_2(eval_malloc_start(), eval_id3_parse_latin1_8())
		(2, 1)    eval_id3_parse_latin1_bb2_in() -> Com_1(eval_id3_parse_latin1_7())
		(1, 1)    eval_id3_parse_latin1_1() -> Com_1(eval_id3_parse_latin1_bb2_in())
		(1, 1)    eval_id3_parse_latin1_1() -> Com_1(eval_id3_parse_latin1_bb2_in())
		(1, 1)    eval_id3_parse_latin1_0() -> Com_2(eval_memchr_start(), eval_id3_parse_latin1_1())
		(1, 1)    eval_id3_parse_latin1_bb0_in() -> Com_1(eval_id3_parse_latin1_0())
		(1, 1)    eval_id3_parse_latin1_start() -> Com_1(eval_id3_parse_latin1_bb0_in())
	start location:	eval_id3_parse_latin1_start
	leaf cost:	0

By chaining the transition eval_id3_parse_latin1_bb2_in() -> Com_1(eval_id3_parse_latin1_7()) with all transitions in problem 12, the following new transition is obtained:
	eval_id3_parse_latin1_bb2_in() -> Com_2(eval_malloc_start(), eval_id3_parse_latin1_8())
We thus obtain the following problem:
13:	T:
		(2, 2)    eval_id3_parse_latin1_bb2_in() -> Com_2(eval_malloc_start(), eval_id3_parse_latin1_8())
		(?, 2)    eval_id3_parse_latin1_bb4_in() -> Com_1(eval_id3_parse_latin1_bb4_in())
		(2, 2)    eval_id3_parse_latin1_bb4_in() -> Com_1(eval_id3_parse_latin1_stop())
		(2, 2)    eval_id3_parse_latin1_10() -> Com_1(eval_id3_parse_latin1_stop())
		(2, 1)    eval_id3_parse_latin1_10() -> Com_1(eval_id3_parse_latin1_bb4_in())
		(2, 2)    eval_id3_parse_latin1_8() -> Com_1(eval_id3_parse_latin1_stop())
		(2, 2)    eval_id3_parse_latin1_8() -> Com_2(eval_llvm.memcpy.p0i8.p0i8.i64_start(), eval_id3_parse_latin1_10())
		(2, 1)    eval_id3_parse_latin1_7() -> Com_2(eval_malloc_start(), eval_id3_parse_latin1_8())
		(1, 1)    eval_id3_parse_latin1_1() -> Com_1(eval_id3_parse_latin1_bb2_in())
		(1, 1)    eval_id3_parse_latin1_1() -> Com_1(eval_id3_parse_latin1_bb2_in())
		(1, 1)    eval_id3_parse_latin1_0() -> Com_2(eval_memchr_start(), eval_id3_parse_latin1_1())
		(1, 1)    eval_id3_parse_latin1_bb0_in() -> Com_1(eval_id3_parse_latin1_0())
		(1, 1)    eval_id3_parse_latin1_start() -> Com_1(eval_id3_parse_latin1_bb0_in())
	start location:	eval_id3_parse_latin1_start
	leaf cost:	0

Testing for reachability in the complexity graph removes the following transition from problem 13:
	eval_id3_parse_latin1_7() -> Com_2(eval_malloc_start(), eval_id3_parse_latin1_8())
We thus obtain the following problem:
14:	T:
		(?, 2)    eval_id3_parse_latin1_bb4_in() -> Com_1(eval_id3_parse_latin1_bb4_in())
		(2, 2)    eval_id3_parse_latin1_bb4_in() -> Com_1(eval_id3_parse_latin1_stop())
		(2, 2)    eval_id3_parse_latin1_10() -> Com_1(eval_id3_parse_latin1_stop())
		(2, 1)    eval_id3_parse_latin1_10() -> Com_1(eval_id3_parse_latin1_bb4_in())
		(2, 2)    eval_id3_parse_latin1_8() -> Com_1(eval_id3_parse_latin1_stop())
		(2, 2)    eval_id3_parse_latin1_8() -> Com_2(eval_llvm.memcpy.p0i8.p0i8.i64_start(), eval_id3_parse_latin1_10())
		(2, 2)    eval_id3_parse_latin1_bb2_in() -> Com_2(eval_malloc_start(), eval_id3_parse_latin1_8())
		(1, 1)    eval_id3_parse_latin1_1() -> Com_1(eval_id3_parse_latin1_bb2_in())
		(1, 1)    eval_id3_parse_latin1_1() -> Com_1(eval_id3_parse_latin1_bb2_in())
		(1, 1)    eval_id3_parse_latin1_0() -> Com_2(eval_memchr_start(), eval_id3_parse_latin1_1())
		(1, 1)    eval_id3_parse_latin1_bb0_in() -> Com_1(eval_id3_parse_latin1_0())
		(1, 1)    eval_id3_parse_latin1_start() -> Com_1(eval_id3_parse_latin1_bb0_in())
	start location:	eval_id3_parse_latin1_start
	leaf cost:	0

By chaining the transition eval_id3_parse_latin1_1() -> Com_1(eval_id3_parse_latin1_bb2_in()) with all transitions in problem 14, the following new transition is obtained:
	eval_id3_parse_latin1_1() -> Com_2(eval_malloc_start(), eval_id3_parse_latin1_8())
We thus obtain the following problem:
15:	T:
		(1, 3)    eval_id3_parse_latin1_1() -> Com_2(eval_malloc_start(), eval_id3_parse_latin1_8())
		(?, 2)    eval_id3_parse_latin1_bb4_in() -> Com_1(eval_id3_parse_latin1_bb4_in())
		(2, 2)    eval_id3_parse_latin1_bb4_in() -> Com_1(eval_id3_parse_latin1_stop())
		(2, 2)    eval_id3_parse_latin1_10() -> Com_1(eval_id3_parse_latin1_stop())
		(2, 1)    eval_id3_parse_latin1_10() -> Com_1(eval_id3_parse_latin1_bb4_in())
		(2, 2)    eval_id3_parse_latin1_8() -> Com_1(eval_id3_parse_latin1_stop())
		(2, 2)    eval_id3_parse_latin1_8() -> Com_2(eval_llvm.memcpy.p0i8.p0i8.i64_start(), eval_id3_parse_latin1_10())
		(2, 2)    eval_id3_parse_latin1_bb2_in() -> Com_2(eval_malloc_start(), eval_id3_parse_latin1_8())
		(1, 1)    eval_id3_parse_latin1_0() -> Com_2(eval_memchr_start(), eval_id3_parse_latin1_1())
		(1, 1)    eval_id3_parse_latin1_bb0_in() -> Com_1(eval_id3_parse_latin1_0())
		(1, 1)    eval_id3_parse_latin1_start() -> Com_1(eval_id3_parse_latin1_bb0_in())
	start location:	eval_id3_parse_latin1_start
	leaf cost:	0

Testing for reachability in the complexity graph removes the following transition from problem 15:
	eval_id3_parse_latin1_bb2_in() -> Com_2(eval_malloc_start(), eval_id3_parse_latin1_8())
We thus obtain the following problem:
16:	T:
		(?, 2)    eval_id3_parse_latin1_bb4_in() -> Com_1(eval_id3_parse_latin1_bb4_in())
		(2, 2)    eval_id3_parse_latin1_bb4_in() -> Com_1(eval_id3_parse_latin1_stop())
		(2, 2)    eval_id3_parse_latin1_10() -> Com_1(eval_id3_parse_latin1_stop())
		(2, 1)    eval_id3_parse_latin1_10() -> Com_1(eval_id3_parse_latin1_bb4_in())
		(2, 2)    eval_id3_parse_latin1_8() -> Com_1(eval_id3_parse_latin1_stop())
		(2, 2)    eval_id3_parse_latin1_8() -> Com_2(eval_llvm.memcpy.p0i8.p0i8.i64_start(), eval_id3_parse_latin1_10())
		(1, 3)    eval_id3_parse_latin1_1() -> Com_2(eval_malloc_start(), eval_id3_parse_latin1_8())
		(1, 1)    eval_id3_parse_latin1_0() -> Com_2(eval_memchr_start(), eval_id3_parse_latin1_1())
		(1, 1)    eval_id3_parse_latin1_bb0_in() -> Com_1(eval_id3_parse_latin1_0())
		(1, 1)    eval_id3_parse_latin1_start() -> Com_1(eval_id3_parse_latin1_bb0_in())
	start location:	eval_id3_parse_latin1_start
	leaf cost:	0

By chaining the transition eval_id3_parse_latin1_bb0_in() -> Com_1(eval_id3_parse_latin1_0()) with all transitions in problem 16, the following new transition is obtained:
	eval_id3_parse_latin1_bb0_in() -> Com_2(eval_memchr_start(), eval_id3_parse_latin1_1())
We thus obtain the following problem:
17:	T:
		(1, 2)    eval_id3_parse_latin1_bb0_in() -> Com_2(eval_memchr_start(), eval_id3_parse_latin1_1())
		(?, 2)    eval_id3_parse_latin1_bb4_in() -> Com_1(eval_id3_parse_latin1_bb4_in())
		(2, 2)    eval_id3_parse_latin1_bb4_in() -> Com_1(eval_id3_parse_latin1_stop())
		(2, 2)    eval_id3_parse_latin1_10() -> Com_1(eval_id3_parse_latin1_stop())
		(2, 1)    eval_id3_parse_latin1_10() -> Com_1(eval_id3_parse_latin1_bb4_in())
		(2, 2)    eval_id3_parse_latin1_8() -> Com_1(eval_id3_parse_latin1_stop())
		(2, 2)    eval_id3_parse_latin1_8() -> Com_2(eval_llvm.memcpy.p0i8.p0i8.i64_start(), eval_id3_parse_latin1_10())
		(1, 3)    eval_id3_parse_latin1_1() -> Com_2(eval_malloc_start(), eval_id3_parse_latin1_8())
		(1, 1)    eval_id3_parse_latin1_0() -> Com_2(eval_memchr_start(), eval_id3_parse_latin1_1())
		(1, 1)    eval_id3_parse_latin1_start() -> Com_1(eval_id3_parse_latin1_bb0_in())
	start location:	eval_id3_parse_latin1_start
	leaf cost:	0

Testing for reachability in the complexity graph removes the following transition from problem 17:
	eval_id3_parse_latin1_0() -> Com_2(eval_memchr_start(), eval_id3_parse_latin1_1())
We thus obtain the following problem:
18:	T:
		(?, 2)    eval_id3_parse_latin1_bb4_in() -> Com_1(eval_id3_parse_latin1_bb4_in())
		(2, 2)    eval_id3_parse_latin1_bb4_in() -> Com_1(eval_id3_parse_latin1_stop())
		(2, 2)    eval_id3_parse_latin1_10() -> Com_1(eval_id3_parse_latin1_stop())
		(2, 1)    eval_id3_parse_latin1_10() -> Com_1(eval_id3_parse_latin1_bb4_in())
		(2, 2)    eval_id3_parse_latin1_8() -> Com_1(eval_id3_parse_latin1_stop())
		(2, 2)    eval_id3_parse_latin1_8() -> Com_2(eval_llvm.memcpy.p0i8.p0i8.i64_start(), eval_id3_parse_latin1_10())
		(1, 3)    eval_id3_parse_latin1_1() -> Com_2(eval_malloc_start(), eval_id3_parse_latin1_8())
		(1, 2)    eval_id3_parse_latin1_bb0_in() -> Com_2(eval_memchr_start(), eval_id3_parse_latin1_1())
		(1, 1)    eval_id3_parse_latin1_start() -> Com_1(eval_id3_parse_latin1_bb0_in())
	start location:	eval_id3_parse_latin1_start
	leaf cost:	0

By chaining the transition eval_id3_parse_latin1_start() -> Com_1(eval_id3_parse_latin1_bb0_in()) with all transitions in problem 18, the following new transition is obtained:
	eval_id3_parse_latin1_start() -> Com_2(eval_memchr_start(), eval_id3_parse_latin1_1())
We thus obtain the following problem:
19:	T:
		(1, 3)    eval_id3_parse_latin1_start() -> Com_2(eval_memchr_start(), eval_id3_parse_latin1_1())
		(?, 2)    eval_id3_parse_latin1_bb4_in() -> Com_1(eval_id3_parse_latin1_bb4_in())
		(2, 2)    eval_id3_parse_latin1_bb4_in() -> Com_1(eval_id3_parse_latin1_stop())
		(2, 2)    eval_id3_parse_latin1_10() -> Com_1(eval_id3_parse_latin1_stop())
		(2, 1)    eval_id3_parse_latin1_10() -> Com_1(eval_id3_parse_latin1_bb4_in())
		(2, 2)    eval_id3_parse_latin1_8() -> Com_1(eval_id3_parse_latin1_stop())
		(2, 2)    eval_id3_parse_latin1_8() -> Com_2(eval_llvm.memcpy.p0i8.p0i8.i64_start(), eval_id3_parse_latin1_10())
		(1, 3)    eval_id3_parse_latin1_1() -> Com_2(eval_malloc_start(), eval_id3_parse_latin1_8())
		(1, 2)    eval_id3_parse_latin1_bb0_in() -> Com_2(eval_memchr_start(), eval_id3_parse_latin1_1())
	start location:	eval_id3_parse_latin1_start
	leaf cost:	0

Testing for reachability in the complexity graph removes the following transition from problem 19:
	eval_id3_parse_latin1_bb0_in() -> Com_2(eval_memchr_start(), eval_id3_parse_latin1_1())
We thus obtain the following problem:
20:	T:
		(?, 2)    eval_id3_parse_latin1_bb4_in() -> Com_1(eval_id3_parse_latin1_bb4_in())
		(2, 2)    eval_id3_parse_latin1_bb4_in() -> Com_1(eval_id3_parse_latin1_stop())
		(2, 2)    eval_id3_parse_latin1_10() -> Com_1(eval_id3_parse_latin1_stop())
		(2, 1)    eval_id3_parse_latin1_10() -> Com_1(eval_id3_parse_latin1_bb4_in())
		(2, 2)    eval_id3_parse_latin1_8() -> Com_1(eval_id3_parse_latin1_stop())
		(2, 2)    eval_id3_parse_latin1_8() -> Com_2(eval_llvm.memcpy.p0i8.p0i8.i64_start(), eval_id3_parse_latin1_10())
		(1, 3)    eval_id3_parse_latin1_1() -> Com_2(eval_malloc_start(), eval_id3_parse_latin1_8())
		(1, 3)    eval_id3_parse_latin1_start() -> Com_2(eval_memchr_start(), eval_id3_parse_latin1_1())
	start location:	eval_id3_parse_latin1_start
	leaf cost:	0

Complexity upper bound ?

Time: 0.070 sec (SMT: 0.062 sec)
