MAYBE

Initial complexity problem:
1:	T:
		(1, 1)    eval_TIFFFetchPerSampleShorts_start(v_11, v_29, v_3, v_i.0) -> Com_1(eval_TIFFFetchPerSampleShorts_bb0_in(v_11, v_29, v_3, v_i.0))
		(?, 1)    eval_TIFFFetchPerSampleShorts_bb0_in(v_11, v_29, v_3, v_i.0) -> Com_1(eval_TIFFFetchPerSampleShorts_2(v_11, v_29, nondef.0, v_i.0))
		(?, 1)    eval_TIFFFetchPerSampleShorts_2(v_11, v_29, v_3, v_i.0) -> Com_2(eval_CheckDirCount_start(v_11, v_29, v_3, v_i.0), eval_TIFFFetchPerSampleShorts_3(v_11, v_29, v_3, v_i.0))
		(?, 1)    eval_TIFFFetchPerSampleShorts_3(v_11, v_29, v_3, v_i.0) -> Com_1(eval_TIFFFetchPerSampleShorts_9(2*v_3, v_29, v_3, v_i.0))
		(?, 1)    eval_TIFFFetchPerSampleShorts_3(v_11, v_29, v_3, v_i.0) -> Com_1(eval_TIFFFetchPerSampleShorts_bb3_in(v_11, v_29, v_3, v_i.0))
		(?, 1)    eval_TIFFFetchPerSampleShorts_3(v_11, v_29, v_3, v_i.0) -> Com_1(eval_TIFFFetchPerSampleShorts_bb12_in(v_11, v_29, v_3, v_i.0))
		(?, 1)    eval_TIFFFetchPerSampleShorts_9(v_11, v_29, v_3, v_i.0) -> Com_2(eval__TIFFmalloc_start(v_11, v_29, v_3, v_i.0), eval_TIFFFetchPerSampleShorts_10(v_11, v_29, v_3, v_i.0))
		(?, 1)    eval_TIFFFetchPerSampleShorts_10(v_11, v_29, v_3, v_i.0) -> Com_1(eval_TIFFFetchPerSampleShorts_bb3_in(v_11, v_29, v_3, v_i.0))
		(?, 1)    eval_TIFFFetchPerSampleShorts_bb3_in(v_11, v_29, v_3, v_i.0) -> Com_1(eval_TIFFFetchPerSampleShorts_11(v_11, v_29, v_3, v_i.0))
		(?, 1)    eval_TIFFFetchPerSampleShorts_11(v_11, v_29, v_3, v_i.0) -> Com_2(eval_TIFFFetchShortArray_start(v_11, v_29, v_3, v_i.0), eval_TIFFFetchPerSampleShorts_12(v_11, v_29, v_3, v_i.0))
		(?, 1)    eval_TIFFFetchPerSampleShorts_12(v_11, v_29, v_3, v_i.0) -> Com_1(eval_TIFFFetchPerSampleShorts_bb5_in(v_11, v_29, v_3, 1))
		(?, 1)    eval_TIFFFetchPerSampleShorts_12(v_11, v_29, v_3, v_i.0) -> Com_1(eval_TIFFFetchPerSampleShorts_bb10_in(v_11, v_29, v_3, v_i.0))
		(?, 1)    eval_TIFFFetchPerSampleShorts_bb5_in(v_11, v_29, v_3, v_i.0) -> Com_1(eval_TIFFFetchPerSampleShorts_22(v_11, nondef.5, v_3, v_i.0)) [ v_i.0 < v_3 ]
		(?, 1)    eval_TIFFFetchPerSampleShorts_bb5_in(v_11, v_29, v_3, v_i.0) -> Com_1(eval_TIFFFetchPerSampleShorts_bb5_in(v_11, v_29, v_3, v_i.0 + 1)) [ v_i.0 < v_3 ]
		(?, 1)    eval_TIFFFetchPerSampleShorts_bb5_in(v_11, v_29, v_3, v_i.0) -> Com_1(eval_TIFFFetchPerSampleShorts_bb10_in(v_11, v_29, v_3, v_i.0)) [ v_i.0 >= v_3 ]
		(?, 1)    eval_TIFFFetchPerSampleShorts_22(v_11, v_29, v_3, v_i.0) -> Com_2(eval__TIFFFieldWithTag_start(v_11, v_29, v_3, v_i.0), eval_TIFFFetchPerSampleShorts_23(v_11, v_29, v_3, v_i.0))
		(?, 1)    eval_TIFFFetchPerSampleShorts_23(v_11, v_29, v_3, v_i.0) -> Com_2(eval_TIFFError_start(v_11, v_29, v_3, v_i.0), eval_TIFFFetchPerSampleShorts_24(v_11, v_29, v_3, v_i.0))
		(?, 1)    eval_TIFFFetchPerSampleShorts_24(v_11, v_29, v_3, v_i.0) -> Com_1(eval_TIFFFetchPerSampleShorts_bb10_in(v_11, v_29, v_3, v_i.0))
		(?, 1)    eval_TIFFFetchPerSampleShorts_bb10_in(v_11, v_29, v_3, v_i.0) -> Com_1(eval_TIFFFetchPerSampleShorts_31(v_11, v_29, v_3, v_i.0))
		(?, 1)    eval_TIFFFetchPerSampleShorts_bb10_in(v_11, v_29, v_3, v_i.0) -> Com_1(eval_TIFFFetchPerSampleShorts_bb12_in(v_11, v_29, v_3, v_i.0))
		(?, 1)    eval_TIFFFetchPerSampleShorts_31(v_11, v_29, v_3, v_i.0) -> Com_2(eval__TIFFfree_start(v_11, v_29, v_3, v_i.0), eval_TIFFFetchPerSampleShorts_32(v_11, v_29, v_3, v_i.0))
		(?, 1)    eval_TIFFFetchPerSampleShorts_32(v_11, v_29, v_3, v_i.0) -> Com_1(eval_TIFFFetchPerSampleShorts_bb12_in(v_11, v_29, v_3, v_i.0))
		(?, 1)    eval_TIFFFetchPerSampleShorts_bb12_in(v_11, v_29, v_3, v_i.0) -> Com_1(eval_TIFFFetchPerSampleShorts_stop(v_11, v_29, v_3, v_i.0))
	start location:	eval_TIFFFetchPerSampleShorts_start
	leaf cost:	0

Slicing away variables that do not contribute to conditions from problem 1 leaves variables [v_3, v_i.0].
We thus obtain the following problem:
2:	T:
		(?, 1)    eval_TIFFFetchPerSampleShorts_bb12_in(v_3, v_i.0) -> Com_1(eval_TIFFFetchPerSampleShorts_stop(v_3, v_i.0))
		(?, 1)    eval_TIFFFetchPerSampleShorts_32(v_3, v_i.0) -> Com_1(eval_TIFFFetchPerSampleShorts_bb12_in(v_3, v_i.0))
		(?, 1)    eval_TIFFFetchPerSampleShorts_31(v_3, v_i.0) -> Com_2(eval__TIFFfree_start(v_3, v_i.0), eval_TIFFFetchPerSampleShorts_32(v_3, v_i.0))
		(?, 1)    eval_TIFFFetchPerSampleShorts_bb10_in(v_3, v_i.0) -> Com_1(eval_TIFFFetchPerSampleShorts_bb12_in(v_3, v_i.0))
		(?, 1)    eval_TIFFFetchPerSampleShorts_bb10_in(v_3, v_i.0) -> Com_1(eval_TIFFFetchPerSampleShorts_31(v_3, v_i.0))
		(?, 1)    eval_TIFFFetchPerSampleShorts_24(v_3, v_i.0) -> Com_1(eval_TIFFFetchPerSampleShorts_bb10_in(v_3, v_i.0))
		(?, 1)    eval_TIFFFetchPerSampleShorts_23(v_3, v_i.0) -> Com_2(eval_TIFFError_start(v_3, v_i.0), eval_TIFFFetchPerSampleShorts_24(v_3, v_i.0))
		(?, 1)    eval_TIFFFetchPerSampleShorts_22(v_3, v_i.0) -> Com_2(eval__TIFFFieldWithTag_start(v_3, v_i.0), eval_TIFFFetchPerSampleShorts_23(v_3, v_i.0))
		(?, 1)    eval_TIFFFetchPerSampleShorts_bb5_in(v_3, v_i.0) -> Com_1(eval_TIFFFetchPerSampleShorts_bb10_in(v_3, v_i.0)) [ v_i.0 >= v_3 ]
		(?, 1)    eval_TIFFFetchPerSampleShorts_bb5_in(v_3, v_i.0) -> Com_1(eval_TIFFFetchPerSampleShorts_bb5_in(v_3, v_i.0 + 1)) [ v_i.0 < v_3 ]
		(?, 1)    eval_TIFFFetchPerSampleShorts_bb5_in(v_3, v_i.0) -> Com_1(eval_TIFFFetchPerSampleShorts_22(v_3, v_i.0)) [ v_i.0 < v_3 ]
		(?, 1)    eval_TIFFFetchPerSampleShorts_12(v_3, v_i.0) -> Com_1(eval_TIFFFetchPerSampleShorts_bb10_in(v_3, v_i.0))
		(?, 1)    eval_TIFFFetchPerSampleShorts_12(v_3, v_i.0) -> Com_1(eval_TIFFFetchPerSampleShorts_bb5_in(v_3, 1))
		(?, 1)    eval_TIFFFetchPerSampleShorts_11(v_3, v_i.0) -> Com_2(eval_TIFFFetchShortArray_start(v_3, v_i.0), eval_TIFFFetchPerSampleShorts_12(v_3, v_i.0))
		(?, 1)    eval_TIFFFetchPerSampleShorts_bb3_in(v_3, v_i.0) -> Com_1(eval_TIFFFetchPerSampleShorts_11(v_3, v_i.0))
		(?, 1)    eval_TIFFFetchPerSampleShorts_10(v_3, v_i.0) -> Com_1(eval_TIFFFetchPerSampleShorts_bb3_in(v_3, v_i.0))
		(?, 1)    eval_TIFFFetchPerSampleShorts_9(v_3, v_i.0) -> Com_2(eval__TIFFmalloc_start(v_3, v_i.0), eval_TIFFFetchPerSampleShorts_10(v_3, v_i.0))
		(?, 1)    eval_TIFFFetchPerSampleShorts_3(v_3, v_i.0) -> Com_1(eval_TIFFFetchPerSampleShorts_bb12_in(v_3, v_i.0))
		(?, 1)    eval_TIFFFetchPerSampleShorts_3(v_3, v_i.0) -> Com_1(eval_TIFFFetchPerSampleShorts_bb3_in(v_3, v_i.0))
		(?, 1)    eval_TIFFFetchPerSampleShorts_3(v_3, v_i.0) -> Com_1(eval_TIFFFetchPerSampleShorts_9(v_3, v_i.0))
		(?, 1)    eval_TIFFFetchPerSampleShorts_2(v_3, v_i.0) -> Com_2(eval_CheckDirCount_start(v_3, v_i.0), eval_TIFFFetchPerSampleShorts_3(v_3, v_i.0))
		(?, 1)    eval_TIFFFetchPerSampleShorts_bb0_in(v_3, v_i.0) -> Com_1(eval_TIFFFetchPerSampleShorts_2(nondef.0, v_i.0))
		(1, 1)    eval_TIFFFetchPerSampleShorts_start(v_3, v_i.0) -> Com_1(eval_TIFFFetchPerSampleShorts_bb0_in(v_3, v_i.0))
	start location:	eval_TIFFFetchPerSampleShorts_start
	leaf cost:	0

Repeatedly propagating knowledge in problem 2 produces the following problem:
3:	T:
		(?, 1)    eval_TIFFFetchPerSampleShorts_bb12_in(v_3, v_i.0) -> Com_1(eval_TIFFFetchPerSampleShorts_stop(v_3, v_i.0))
		(?, 1)    eval_TIFFFetchPerSampleShorts_32(v_3, v_i.0) -> Com_1(eval_TIFFFetchPerSampleShorts_bb12_in(v_3, v_i.0))
		(?, 1)    eval_TIFFFetchPerSampleShorts_31(v_3, v_i.0) -> Com_2(eval__TIFFfree_start(v_3, v_i.0), eval_TIFFFetchPerSampleShorts_32(v_3, v_i.0))
		(?, 1)    eval_TIFFFetchPerSampleShorts_bb10_in(v_3, v_i.0) -> Com_1(eval_TIFFFetchPerSampleShorts_bb12_in(v_3, v_i.0))
		(?, 1)    eval_TIFFFetchPerSampleShorts_bb10_in(v_3, v_i.0) -> Com_1(eval_TIFFFetchPerSampleShorts_31(v_3, v_i.0))
		(?, 1)    eval_TIFFFetchPerSampleShorts_24(v_3, v_i.0) -> Com_1(eval_TIFFFetchPerSampleShorts_bb10_in(v_3, v_i.0))
		(?, 1)    eval_TIFFFetchPerSampleShorts_23(v_3, v_i.0) -> Com_2(eval_TIFFError_start(v_3, v_i.0), eval_TIFFFetchPerSampleShorts_24(v_3, v_i.0))
		(?, 1)    eval_TIFFFetchPerSampleShorts_22(v_3, v_i.0) -> Com_2(eval__TIFFFieldWithTag_start(v_3, v_i.0), eval_TIFFFetchPerSampleShorts_23(v_3, v_i.0))
		(?, 1)    eval_TIFFFetchPerSampleShorts_bb5_in(v_3, v_i.0) -> Com_1(eval_TIFFFetchPerSampleShorts_bb10_in(v_3, v_i.0)) [ v_i.0 >= v_3 ]
		(?, 1)    eval_TIFFFetchPerSampleShorts_bb5_in(v_3, v_i.0) -> Com_1(eval_TIFFFetchPerSampleShorts_bb5_in(v_3, v_i.0 + 1)) [ v_i.0 < v_3 ]
		(?, 1)    eval_TIFFFetchPerSampleShorts_bb5_in(v_3, v_i.0) -> Com_1(eval_TIFFFetchPerSampleShorts_22(v_3, v_i.0)) [ v_i.0 < v_3 ]
		(2, 1)    eval_TIFFFetchPerSampleShorts_12(v_3, v_i.0) -> Com_1(eval_TIFFFetchPerSampleShorts_bb10_in(v_3, v_i.0))
		(2, 1)    eval_TIFFFetchPerSampleShorts_12(v_3, v_i.0) -> Com_1(eval_TIFFFetchPerSampleShorts_bb5_in(v_3, 1))
		(2, 1)    eval_TIFFFetchPerSampleShorts_11(v_3, v_i.0) -> Com_2(eval_TIFFFetchShortArray_start(v_3, v_i.0), eval_TIFFFetchPerSampleShorts_12(v_3, v_i.0))
		(2, 1)    eval_TIFFFetchPerSampleShorts_bb3_in(v_3, v_i.0) -> Com_1(eval_TIFFFetchPerSampleShorts_11(v_3, v_i.0))
		(1, 1)    eval_TIFFFetchPerSampleShorts_10(v_3, v_i.0) -> Com_1(eval_TIFFFetchPerSampleShorts_bb3_in(v_3, v_i.0))
		(1, 1)    eval_TIFFFetchPerSampleShorts_9(v_3, v_i.0) -> Com_2(eval__TIFFmalloc_start(v_3, v_i.0), eval_TIFFFetchPerSampleShorts_10(v_3, v_i.0))
		(1, 1)    eval_TIFFFetchPerSampleShorts_3(v_3, v_i.0) -> Com_1(eval_TIFFFetchPerSampleShorts_bb12_in(v_3, v_i.0))
		(1, 1)    eval_TIFFFetchPerSampleShorts_3(v_3, v_i.0) -> Com_1(eval_TIFFFetchPerSampleShorts_bb3_in(v_3, v_i.0))
		(1, 1)    eval_TIFFFetchPerSampleShorts_3(v_3, v_i.0) -> Com_1(eval_TIFFFetchPerSampleShorts_9(v_3, v_i.0))
		(1, 1)    eval_TIFFFetchPerSampleShorts_2(v_3, v_i.0) -> Com_2(eval_CheckDirCount_start(v_3, v_i.0), eval_TIFFFetchPerSampleShorts_3(v_3, v_i.0))
		(1, 1)    eval_TIFFFetchPerSampleShorts_bb0_in(v_3, v_i.0) -> Com_1(eval_TIFFFetchPerSampleShorts_2(nondef.0, v_i.0))
		(1, 1)    eval_TIFFFetchPerSampleShorts_start(v_3, v_i.0) -> Com_1(eval_TIFFFetchPerSampleShorts_bb0_in(v_3, v_i.0))
	start location:	eval_TIFFFetchPerSampleShorts_start
	leaf cost:	0

A polynomial rank function with
	Pol(eval_TIFFFetchPerSampleShorts_bb12_in) = 1
	Pol(eval_TIFFFetchPerSampleShorts_stop) = 0
	Pol(eval_TIFFFetchPerSampleShorts_32) = 2
	Pol(eval_TIFFFetchPerSampleShorts_31) = 3
	Pol(eval__TIFFfree_start) = 0
	Pol(eval_TIFFFetchPerSampleShorts_bb10_in) = 4
	Pol(eval_TIFFFetchPerSampleShorts_24) = 5
	Pol(eval_TIFFFetchPerSampleShorts_23) = 6
	Pol(eval_TIFFError_start) = 0
	Pol(eval_TIFFFetchPerSampleShorts_22) = 7
	Pol(eval__TIFFFieldWithTag_start) = 0
	Pol(eval_TIFFFetchPerSampleShorts_bb5_in) = 8
	Pol(eval_TIFFFetchPerSampleShorts_12) = 8
	Pol(eval_TIFFFetchPerSampleShorts_11) = 8
	Pol(eval_TIFFFetchShortArray_start) = 0
	Pol(eval_TIFFFetchPerSampleShorts_bb3_in) = 8
	Pol(eval_TIFFFetchPerSampleShorts_10) = 8
	Pol(eval_TIFFFetchPerSampleShorts_9) = 8
	Pol(eval__TIFFmalloc_start) = 0
	Pol(eval_TIFFFetchPerSampleShorts_3) = 8
	Pol(eval_TIFFFetchPerSampleShorts_2) = 8
	Pol(eval_CheckDirCount_start) = 0
	Pol(eval_TIFFFetchPerSampleShorts_bb0_in) = 8
	Pol(eval_TIFFFetchPerSampleShorts_start) = 8
orients all transitions weakly and the transitions
	eval_TIFFFetchPerSampleShorts_bb5_in(v_3, v_i.0) -> Com_1(eval_TIFFFetchPerSampleShorts_bb10_in(v_3, v_i.0)) [ v_i.0 >= v_3 ]
	eval_TIFFFetchPerSampleShorts_bb5_in(v_3, v_i.0) -> Com_1(eval_TIFFFetchPerSampleShorts_22(v_3, v_i.0)) [ v_i.0 < v_3 ]
	eval_TIFFFetchPerSampleShorts_bb12_in(v_3, v_i.0) -> Com_1(eval_TIFFFetchPerSampleShorts_stop(v_3, v_i.0))
	eval_TIFFFetchPerSampleShorts_bb10_in(v_3, v_i.0) -> Com_1(eval_TIFFFetchPerSampleShorts_bb12_in(v_3, v_i.0))
	eval_TIFFFetchPerSampleShorts_bb10_in(v_3, v_i.0) -> Com_1(eval_TIFFFetchPerSampleShorts_31(v_3, v_i.0))
	eval_TIFFFetchPerSampleShorts_32(v_3, v_i.0) -> Com_1(eval_TIFFFetchPerSampleShorts_bb12_in(v_3, v_i.0))
	eval_TIFFFetchPerSampleShorts_31(v_3, v_i.0) -> Com_2(eval__TIFFfree_start(v_3, v_i.0), eval_TIFFFetchPerSampleShorts_32(v_3, v_i.0))
	eval_TIFFFetchPerSampleShorts_24(v_3, v_i.0) -> Com_1(eval_TIFFFetchPerSampleShorts_bb10_in(v_3, v_i.0))
	eval_TIFFFetchPerSampleShorts_23(v_3, v_i.0) -> Com_2(eval_TIFFError_start(v_3, v_i.0), eval_TIFFFetchPerSampleShorts_24(v_3, v_i.0))
	eval_TIFFFetchPerSampleShorts_22(v_3, v_i.0) -> Com_2(eval__TIFFFieldWithTag_start(v_3, v_i.0), eval_TIFFFetchPerSampleShorts_23(v_3, v_i.0))
strictly and produces the following problem:
4:	T:
		(8, 1)    eval_TIFFFetchPerSampleShorts_bb12_in(v_3, v_i.0) -> Com_1(eval_TIFFFetchPerSampleShorts_stop(v_3, v_i.0))
		(8, 1)    eval_TIFFFetchPerSampleShorts_32(v_3, v_i.0) -> Com_1(eval_TIFFFetchPerSampleShorts_bb12_in(v_3, v_i.0))
		(8, 1)    eval_TIFFFetchPerSampleShorts_31(v_3, v_i.0) -> Com_2(eval__TIFFfree_start(v_3, v_i.0), eval_TIFFFetchPerSampleShorts_32(v_3, v_i.0))
		(8, 1)    eval_TIFFFetchPerSampleShorts_bb10_in(v_3, v_i.0) -> Com_1(eval_TIFFFetchPerSampleShorts_bb12_in(v_3, v_i.0))
		(8, 1)    eval_TIFFFetchPerSampleShorts_bb10_in(v_3, v_i.0) -> Com_1(eval_TIFFFetchPerSampleShorts_31(v_3, v_i.0))
		(8, 1)    eval_TIFFFetchPerSampleShorts_24(v_3, v_i.0) -> Com_1(eval_TIFFFetchPerSampleShorts_bb10_in(v_3, v_i.0))
		(8, 1)    eval_TIFFFetchPerSampleShorts_23(v_3, v_i.0) -> Com_2(eval_TIFFError_start(v_3, v_i.0), eval_TIFFFetchPerSampleShorts_24(v_3, v_i.0))
		(8, 1)    eval_TIFFFetchPerSampleShorts_22(v_3, v_i.0) -> Com_2(eval__TIFFFieldWithTag_start(v_3, v_i.0), eval_TIFFFetchPerSampleShorts_23(v_3, v_i.0))
		(8, 1)    eval_TIFFFetchPerSampleShorts_bb5_in(v_3, v_i.0) -> Com_1(eval_TIFFFetchPerSampleShorts_bb10_in(v_3, v_i.0)) [ v_i.0 >= v_3 ]
		(?, 1)    eval_TIFFFetchPerSampleShorts_bb5_in(v_3, v_i.0) -> Com_1(eval_TIFFFetchPerSampleShorts_bb5_in(v_3, v_i.0 + 1)) [ v_i.0 < v_3 ]
		(8, 1)    eval_TIFFFetchPerSampleShorts_bb5_in(v_3, v_i.0) -> Com_1(eval_TIFFFetchPerSampleShorts_22(v_3, v_i.0)) [ v_i.0 < v_3 ]
		(2, 1)    eval_TIFFFetchPerSampleShorts_12(v_3, v_i.0) -> Com_1(eval_TIFFFetchPerSampleShorts_bb10_in(v_3, v_i.0))
		(2, 1)    eval_TIFFFetchPerSampleShorts_12(v_3, v_i.0) -> Com_1(eval_TIFFFetchPerSampleShorts_bb5_in(v_3, 1))
		(2, 1)    eval_TIFFFetchPerSampleShorts_11(v_3, v_i.0) -> Com_2(eval_TIFFFetchShortArray_start(v_3, v_i.0), eval_TIFFFetchPerSampleShorts_12(v_3, v_i.0))
		(2, 1)    eval_TIFFFetchPerSampleShorts_bb3_in(v_3, v_i.0) -> Com_1(eval_TIFFFetchPerSampleShorts_11(v_3, v_i.0))
		(1, 1)    eval_TIFFFetchPerSampleShorts_10(v_3, v_i.0) -> Com_1(eval_TIFFFetchPerSampleShorts_bb3_in(v_3, v_i.0))
		(1, 1)    eval_TIFFFetchPerSampleShorts_9(v_3, v_i.0) -> Com_2(eval__TIFFmalloc_start(v_3, v_i.0), eval_TIFFFetchPerSampleShorts_10(v_3, v_i.0))
		(1, 1)    eval_TIFFFetchPerSampleShorts_3(v_3, v_i.0) -> Com_1(eval_TIFFFetchPerSampleShorts_bb12_in(v_3, v_i.0))
		(1, 1)    eval_TIFFFetchPerSampleShorts_3(v_3, v_i.0) -> Com_1(eval_TIFFFetchPerSampleShorts_bb3_in(v_3, v_i.0))
		(1, 1)    eval_TIFFFetchPerSampleShorts_3(v_3, v_i.0) -> Com_1(eval_TIFFFetchPerSampleShorts_9(v_3, v_i.0))
		(1, 1)    eval_TIFFFetchPerSampleShorts_2(v_3, v_i.0) -> Com_2(eval_CheckDirCount_start(v_3, v_i.0), eval_TIFFFetchPerSampleShorts_3(v_3, v_i.0))
		(1, 1)    eval_TIFFFetchPerSampleShorts_bb0_in(v_3, v_i.0) -> Com_1(eval_TIFFFetchPerSampleShorts_2(nondef.0, v_i.0))
		(1, 1)    eval_TIFFFetchPerSampleShorts_start(v_3, v_i.0) -> Com_1(eval_TIFFFetchPerSampleShorts_bb0_in(v_3, v_i.0))
	start location:	eval_TIFFFetchPerSampleShorts_start
	leaf cost:	0

Applied AI with 'oct' on problem 4 to obtain the following invariants:
  For symbol eval_TIFFFetchPerSampleShorts_22: X_1 - X_2 - 1 >= 0 /\ X_2 - 1 >= 0 /\ X_1 + X_2 - 3 >= 0 /\ X_1 - 2 >= 0
  For symbol eval_TIFFFetchPerSampleShorts_23: X_1 - X_2 - 1 >= 0 /\ X_2 - 1 >= 0 /\ X_1 + X_2 - 3 >= 0 /\ X_1 - 2 >= 0
  For symbol eval_TIFFFetchPerSampleShorts_24: X_1 - X_2 - 1 >= 0 /\ X_2 - 1 >= 0 /\ X_1 + X_2 - 3 >= 0 /\ X_1 - 2 >= 0
  For symbol eval_TIFFFetchPerSampleShorts_bb5_in: X_2 - 1 >= 0


This yielded the following problem:
5:	T:
		(1, 1)    eval_TIFFFetchPerSampleShorts_start(v_3, v_i.0) -> Com_1(eval_TIFFFetchPerSampleShorts_bb0_in(v_3, v_i.0))
		(1, 1)    eval_TIFFFetchPerSampleShorts_bb0_in(v_3, v_i.0) -> Com_1(eval_TIFFFetchPerSampleShorts_2(nondef.0, v_i.0))
		(1, 1)    eval_TIFFFetchPerSampleShorts_2(v_3, v_i.0) -> Com_2(eval_CheckDirCount_start(v_3, v_i.0), eval_TIFFFetchPerSampleShorts_3(v_3, v_i.0))
		(1, 1)    eval_TIFFFetchPerSampleShorts_3(v_3, v_i.0) -> Com_1(eval_TIFFFetchPerSampleShorts_9(v_3, v_i.0))
		(1, 1)    eval_TIFFFetchPerSampleShorts_3(v_3, v_i.0) -> Com_1(eval_TIFFFetchPerSampleShorts_bb3_in(v_3, v_i.0))
		(1, 1)    eval_TIFFFetchPerSampleShorts_3(v_3, v_i.0) -> Com_1(eval_TIFFFetchPerSampleShorts_bb12_in(v_3, v_i.0))
		(1, 1)    eval_TIFFFetchPerSampleShorts_9(v_3, v_i.0) -> Com_2(eval__TIFFmalloc_start(v_3, v_i.0), eval_TIFFFetchPerSampleShorts_10(v_3, v_i.0))
		(1, 1)    eval_TIFFFetchPerSampleShorts_10(v_3, v_i.0) -> Com_1(eval_TIFFFetchPerSampleShorts_bb3_in(v_3, v_i.0))
		(2, 1)    eval_TIFFFetchPerSampleShorts_bb3_in(v_3, v_i.0) -> Com_1(eval_TIFFFetchPerSampleShorts_11(v_3, v_i.0))
		(2, 1)    eval_TIFFFetchPerSampleShorts_11(v_3, v_i.0) -> Com_2(eval_TIFFFetchShortArray_start(v_3, v_i.0), eval_TIFFFetchPerSampleShorts_12(v_3, v_i.0))
		(2, 1)    eval_TIFFFetchPerSampleShorts_12(v_3, v_i.0) -> Com_1(eval_TIFFFetchPerSampleShorts_bb5_in(v_3, 1))
		(2, 1)    eval_TIFFFetchPerSampleShorts_12(v_3, v_i.0) -> Com_1(eval_TIFFFetchPerSampleShorts_bb10_in(v_3, v_i.0))
		(8, 1)    eval_TIFFFetchPerSampleShorts_bb5_in(v_3, v_i.0) -> Com_1(eval_TIFFFetchPerSampleShorts_22(v_3, v_i.0)) [ v_i.0 - 1 >= 0 /\ v_i.0 < v_3 ]
		(?, 1)    eval_TIFFFetchPerSampleShorts_bb5_in(v_3, v_i.0) -> Com_1(eval_TIFFFetchPerSampleShorts_bb5_in(v_3, v_i.0 + 1)) [ v_i.0 - 1 >= 0 /\ v_i.0 < v_3 ]
		(8, 1)    eval_TIFFFetchPerSampleShorts_bb5_in(v_3, v_i.0) -> Com_1(eval_TIFFFetchPerSampleShorts_bb10_in(v_3, v_i.0)) [ v_i.0 - 1 >= 0 /\ v_i.0 >= v_3 ]
		(8, 1)    eval_TIFFFetchPerSampleShorts_22(v_3, v_i.0) -> Com_2(eval__TIFFFieldWithTag_start(v_3, v_i.0), eval_TIFFFetchPerSampleShorts_23(v_3, v_i.0)) [ v_3 - v_i.0 - 1 >= 0 /\ v_i.0 - 1 >= 0 /\ v_3 + v_i.0 - 3 >= 0 /\ v_3 - 2 >= 0 ]
		(8, 1)    eval_TIFFFetchPerSampleShorts_23(v_3, v_i.0) -> Com_2(eval_TIFFError_start(v_3, v_i.0), eval_TIFFFetchPerSampleShorts_24(v_3, v_i.0)) [ v_3 - v_i.0 - 1 >= 0 /\ v_i.0 - 1 >= 0 /\ v_3 + v_i.0 - 3 >= 0 /\ v_3 - 2 >= 0 ]
		(8, 1)    eval_TIFFFetchPerSampleShorts_24(v_3, v_i.0) -> Com_1(eval_TIFFFetchPerSampleShorts_bb10_in(v_3, v_i.0)) [ v_3 - v_i.0 - 1 >= 0 /\ v_i.0 - 1 >= 0 /\ v_3 + v_i.0 - 3 >= 0 /\ v_3 - 2 >= 0 ]
		(8, 1)    eval_TIFFFetchPerSampleShorts_bb10_in(v_3, v_i.0) -> Com_1(eval_TIFFFetchPerSampleShorts_31(v_3, v_i.0))
		(8, 1)    eval_TIFFFetchPerSampleShorts_bb10_in(v_3, v_i.0) -> Com_1(eval_TIFFFetchPerSampleShorts_bb12_in(v_3, v_i.0))
		(8, 1)    eval_TIFFFetchPerSampleShorts_31(v_3, v_i.0) -> Com_2(eval__TIFFfree_start(v_3, v_i.0), eval_TIFFFetchPerSampleShorts_32(v_3, v_i.0))
		(8, 1)    eval_TIFFFetchPerSampleShorts_32(v_3, v_i.0) -> Com_1(eval_TIFFFetchPerSampleShorts_bb12_in(v_3, v_i.0))
		(8, 1)    eval_TIFFFetchPerSampleShorts_bb12_in(v_3, v_i.0) -> Com_1(eval_TIFFFetchPerSampleShorts_stop(v_3, v_i.0))
	start location:	eval_TIFFFetchPerSampleShorts_start
	leaf cost:	0

By chaining the transition eval_TIFFFetchPerSampleShorts_start(v_3, v_i.0) -> Com_1(eval_TIFFFetchPerSampleShorts_bb0_in(v_3, v_i.0)) with all transitions in problem 5, the following new transition is obtained:
	eval_TIFFFetchPerSampleShorts_start(v_3, v_i.0) -> Com_1(eval_TIFFFetchPerSampleShorts_2(nondef.0, v_i.0))
We thus obtain the following problem:
6:	T:
		(1, 2)    eval_TIFFFetchPerSampleShorts_start(v_3, v_i.0) -> Com_1(eval_TIFFFetchPerSampleShorts_2(nondef.0, v_i.0))
		(1, 1)    eval_TIFFFetchPerSampleShorts_bb0_in(v_3, v_i.0) -> Com_1(eval_TIFFFetchPerSampleShorts_2(nondef.0, v_i.0))
		(1, 1)    eval_TIFFFetchPerSampleShorts_2(v_3, v_i.0) -> Com_2(eval_CheckDirCount_start(v_3, v_i.0), eval_TIFFFetchPerSampleShorts_3(v_3, v_i.0))
		(1, 1)    eval_TIFFFetchPerSampleShorts_3(v_3, v_i.0) -> Com_1(eval_TIFFFetchPerSampleShorts_9(v_3, v_i.0))
		(1, 1)    eval_TIFFFetchPerSampleShorts_3(v_3, v_i.0) -> Com_1(eval_TIFFFetchPerSampleShorts_bb3_in(v_3, v_i.0))
		(1, 1)    eval_TIFFFetchPerSampleShorts_3(v_3, v_i.0) -> Com_1(eval_TIFFFetchPerSampleShorts_bb12_in(v_3, v_i.0))
		(1, 1)    eval_TIFFFetchPerSampleShorts_9(v_3, v_i.0) -> Com_2(eval__TIFFmalloc_start(v_3, v_i.0), eval_TIFFFetchPerSampleShorts_10(v_3, v_i.0))
		(1, 1)    eval_TIFFFetchPerSampleShorts_10(v_3, v_i.0) -> Com_1(eval_TIFFFetchPerSampleShorts_bb3_in(v_3, v_i.0))
		(2, 1)    eval_TIFFFetchPerSampleShorts_bb3_in(v_3, v_i.0) -> Com_1(eval_TIFFFetchPerSampleShorts_11(v_3, v_i.0))
		(2, 1)    eval_TIFFFetchPerSampleShorts_11(v_3, v_i.0) -> Com_2(eval_TIFFFetchShortArray_start(v_3, v_i.0), eval_TIFFFetchPerSampleShorts_12(v_3, v_i.0))
		(2, 1)    eval_TIFFFetchPerSampleShorts_12(v_3, v_i.0) -> Com_1(eval_TIFFFetchPerSampleShorts_bb5_in(v_3, 1))
		(2, 1)    eval_TIFFFetchPerSampleShorts_12(v_3, v_i.0) -> Com_1(eval_TIFFFetchPerSampleShorts_bb10_in(v_3, v_i.0))
		(8, 1)    eval_TIFFFetchPerSampleShorts_bb5_in(v_3, v_i.0) -> Com_1(eval_TIFFFetchPerSampleShorts_22(v_3, v_i.0)) [ v_i.0 - 1 >= 0 /\ v_i.0 < v_3 ]
		(?, 1)    eval_TIFFFetchPerSampleShorts_bb5_in(v_3, v_i.0) -> Com_1(eval_TIFFFetchPerSampleShorts_bb5_in(v_3, v_i.0 + 1)) [ v_i.0 - 1 >= 0 /\ v_i.0 < v_3 ]
		(8, 1)    eval_TIFFFetchPerSampleShorts_bb5_in(v_3, v_i.0) -> Com_1(eval_TIFFFetchPerSampleShorts_bb10_in(v_3, v_i.0)) [ v_i.0 - 1 >= 0 /\ v_i.0 >= v_3 ]
		(8, 1)    eval_TIFFFetchPerSampleShorts_22(v_3, v_i.0) -> Com_2(eval__TIFFFieldWithTag_start(v_3, v_i.0), eval_TIFFFetchPerSampleShorts_23(v_3, v_i.0)) [ v_3 - v_i.0 - 1 >= 0 /\ v_i.0 - 1 >= 0 /\ v_3 + v_i.0 - 3 >= 0 /\ v_3 - 2 >= 0 ]
		(8, 1)    eval_TIFFFetchPerSampleShorts_23(v_3, v_i.0) -> Com_2(eval_TIFFError_start(v_3, v_i.0), eval_TIFFFetchPerSampleShorts_24(v_3, v_i.0)) [ v_3 - v_i.0 - 1 >= 0 /\ v_i.0 - 1 >= 0 /\ v_3 + v_i.0 - 3 >= 0 /\ v_3 - 2 >= 0 ]
		(8, 1)    eval_TIFFFetchPerSampleShorts_24(v_3, v_i.0) -> Com_1(eval_TIFFFetchPerSampleShorts_bb10_in(v_3, v_i.0)) [ v_3 - v_i.0 - 1 >= 0 /\ v_i.0 - 1 >= 0 /\ v_3 + v_i.0 - 3 >= 0 /\ v_3 - 2 >= 0 ]
		(8, 1)    eval_TIFFFetchPerSampleShorts_bb10_in(v_3, v_i.0) -> Com_1(eval_TIFFFetchPerSampleShorts_31(v_3, v_i.0))
		(8, 1)    eval_TIFFFetchPerSampleShorts_bb10_in(v_3, v_i.0) -> Com_1(eval_TIFFFetchPerSampleShorts_bb12_in(v_3, v_i.0))
		(8, 1)    eval_TIFFFetchPerSampleShorts_31(v_3, v_i.0) -> Com_2(eval__TIFFfree_start(v_3, v_i.0), eval_TIFFFetchPerSampleShorts_32(v_3, v_i.0))
		(8, 1)    eval_TIFFFetchPerSampleShorts_32(v_3, v_i.0) -> Com_1(eval_TIFFFetchPerSampleShorts_bb12_in(v_3, v_i.0))
		(8, 1)    eval_TIFFFetchPerSampleShorts_bb12_in(v_3, v_i.0) -> Com_1(eval_TIFFFetchPerSampleShorts_stop(v_3, v_i.0))
	start location:	eval_TIFFFetchPerSampleShorts_start
	leaf cost:	0

Testing for reachability in the complexity graph removes the following transition from problem 6:
	eval_TIFFFetchPerSampleShorts_bb0_in(v_3, v_i.0) -> Com_1(eval_TIFFFetchPerSampleShorts_2(nondef.0, v_i.0))
We thus obtain the following problem:
7:	T:
		(8, 1)    eval_TIFFFetchPerSampleShorts_24(v_3, v_i.0) -> Com_1(eval_TIFFFetchPerSampleShorts_bb10_in(v_3, v_i.0)) [ v_3 - v_i.0 - 1 >= 0 /\ v_i.0 - 1 >= 0 /\ v_3 + v_i.0 - 3 >= 0 /\ v_3 - 2 >= 0 ]
		(8, 1)    eval_TIFFFetchPerSampleShorts_32(v_3, v_i.0) -> Com_1(eval_TIFFFetchPerSampleShorts_bb12_in(v_3, v_i.0))
		(8, 1)    eval_TIFFFetchPerSampleShorts_23(v_3, v_i.0) -> Com_2(eval_TIFFError_start(v_3, v_i.0), eval_TIFFFetchPerSampleShorts_24(v_3, v_i.0)) [ v_3 - v_i.0 - 1 >= 0 /\ v_i.0 - 1 >= 0 /\ v_3 + v_i.0 - 3 >= 0 /\ v_3 - 2 >= 0 ]
		(8, 1)    eval_TIFFFetchPerSampleShorts_31(v_3, v_i.0) -> Com_2(eval__TIFFfree_start(v_3, v_i.0), eval_TIFFFetchPerSampleShorts_32(v_3, v_i.0))
		(8, 1)    eval_TIFFFetchPerSampleShorts_22(v_3, v_i.0) -> Com_2(eval__TIFFFieldWithTag_start(v_3, v_i.0), eval_TIFFFetchPerSampleShorts_23(v_3, v_i.0)) [ v_3 - v_i.0 - 1 >= 0 /\ v_i.0 - 1 >= 0 /\ v_3 + v_i.0 - 3 >= 0 /\ v_3 - 2 >= 0 ]
		(8, 1)    eval_TIFFFetchPerSampleShorts_bb10_in(v_3, v_i.0) -> Com_1(eval_TIFFFetchPerSampleShorts_bb12_in(v_3, v_i.0))
		(8, 1)    eval_TIFFFetchPerSampleShorts_bb10_in(v_3, v_i.0) -> Com_1(eval_TIFFFetchPerSampleShorts_31(v_3, v_i.0))
		(8, 1)    eval_TIFFFetchPerSampleShorts_bb5_in(v_3, v_i.0) -> Com_1(eval_TIFFFetchPerSampleShorts_bb10_in(v_3, v_i.0)) [ v_i.0 - 1 >= 0 /\ v_i.0 >= v_3 ]
		(?, 1)    eval_TIFFFetchPerSampleShorts_bb5_in(v_3, v_i.0) -> Com_1(eval_TIFFFetchPerSampleShorts_bb5_in(v_3, v_i.0 + 1)) [ v_i.0 - 1 >= 0 /\ v_i.0 < v_3 ]
		(8, 1)    eval_TIFFFetchPerSampleShorts_bb5_in(v_3, v_i.0) -> Com_1(eval_TIFFFetchPerSampleShorts_22(v_3, v_i.0)) [ v_i.0 - 1 >= 0 /\ v_i.0 < v_3 ]
		(2, 1)    eval_TIFFFetchPerSampleShorts_12(v_3, v_i.0) -> Com_1(eval_TIFFFetchPerSampleShorts_bb10_in(v_3, v_i.0))
		(2, 1)    eval_TIFFFetchPerSampleShorts_12(v_3, v_i.0) -> Com_1(eval_TIFFFetchPerSampleShorts_bb5_in(v_3, 1))
		(2, 1)    eval_TIFFFetchPerSampleShorts_11(v_3, v_i.0) -> Com_2(eval_TIFFFetchShortArray_start(v_3, v_i.0), eval_TIFFFetchPerSampleShorts_12(v_3, v_i.0))
		(1, 1)    eval_TIFFFetchPerSampleShorts_10(v_3, v_i.0) -> Com_1(eval_TIFFFetchPerSampleShorts_bb3_in(v_3, v_i.0))
		(8, 1)    eval_TIFFFetchPerSampleShorts_bb12_in(v_3, v_i.0) -> Com_1(eval_TIFFFetchPerSampleShorts_stop(v_3, v_i.0))
		(2, 1)    eval_TIFFFetchPerSampleShorts_bb3_in(v_3, v_i.0) -> Com_1(eval_TIFFFetchPerSampleShorts_11(v_3, v_i.0))
		(1, 1)    eval_TIFFFetchPerSampleShorts_9(v_3, v_i.0) -> Com_2(eval__TIFFmalloc_start(v_3, v_i.0), eval_TIFFFetchPerSampleShorts_10(v_3, v_i.0))
		(1, 1)    eval_TIFFFetchPerSampleShorts_3(v_3, v_i.0) -> Com_1(eval_TIFFFetchPerSampleShorts_bb12_in(v_3, v_i.0))
		(1, 1)    eval_TIFFFetchPerSampleShorts_3(v_3, v_i.0) -> Com_1(eval_TIFFFetchPerSampleShorts_bb3_in(v_3, v_i.0))
		(1, 1)    eval_TIFFFetchPerSampleShorts_3(v_3, v_i.0) -> Com_1(eval_TIFFFetchPerSampleShorts_9(v_3, v_i.0))
		(1, 1)    eval_TIFFFetchPerSampleShorts_2(v_3, v_i.0) -> Com_2(eval_CheckDirCount_start(v_3, v_i.0), eval_TIFFFetchPerSampleShorts_3(v_3, v_i.0))
		(1, 2)    eval_TIFFFetchPerSampleShorts_start(v_3, v_i.0) -> Com_1(eval_TIFFFetchPerSampleShorts_2(nondef.0, v_i.0))
	start location:	eval_TIFFFetchPerSampleShorts_start
	leaf cost:	0

By chaining the transition eval_TIFFFetchPerSampleShorts_32(v_3, v_i.0) -> Com_1(eval_TIFFFetchPerSampleShorts_bb12_in(v_3, v_i.0)) with all transitions in problem 7, the following new transition is obtained:
	eval_TIFFFetchPerSampleShorts_32(v_3, v_i.0) -> Com_1(eval_TIFFFetchPerSampleShorts_stop(v_3, v_i.0))
We thus obtain the following problem:
8:	T:
		(8, 2)    eval_TIFFFetchPerSampleShorts_32(v_3, v_i.0) -> Com_1(eval_TIFFFetchPerSampleShorts_stop(v_3, v_i.0))
		(8, 1)    eval_TIFFFetchPerSampleShorts_24(v_3, v_i.0) -> Com_1(eval_TIFFFetchPerSampleShorts_bb10_in(v_3, v_i.0)) [ v_3 - v_i.0 - 1 >= 0 /\ v_i.0 - 1 >= 0 /\ v_3 + v_i.0 - 3 >= 0 /\ v_3 - 2 >= 0 ]
		(8, 1)    eval_TIFFFetchPerSampleShorts_23(v_3, v_i.0) -> Com_2(eval_TIFFError_start(v_3, v_i.0), eval_TIFFFetchPerSampleShorts_24(v_3, v_i.0)) [ v_3 - v_i.0 - 1 >= 0 /\ v_i.0 - 1 >= 0 /\ v_3 + v_i.0 - 3 >= 0 /\ v_3 - 2 >= 0 ]
		(8, 1)    eval_TIFFFetchPerSampleShorts_31(v_3, v_i.0) -> Com_2(eval__TIFFfree_start(v_3, v_i.0), eval_TIFFFetchPerSampleShorts_32(v_3, v_i.0))
		(8, 1)    eval_TIFFFetchPerSampleShorts_22(v_3, v_i.0) -> Com_2(eval__TIFFFieldWithTag_start(v_3, v_i.0), eval_TIFFFetchPerSampleShorts_23(v_3, v_i.0)) [ v_3 - v_i.0 - 1 >= 0 /\ v_i.0 - 1 >= 0 /\ v_3 + v_i.0 - 3 >= 0 /\ v_3 - 2 >= 0 ]
		(8, 1)    eval_TIFFFetchPerSampleShorts_bb10_in(v_3, v_i.0) -> Com_1(eval_TIFFFetchPerSampleShorts_bb12_in(v_3, v_i.0))
		(8, 1)    eval_TIFFFetchPerSampleShorts_bb10_in(v_3, v_i.0) -> Com_1(eval_TIFFFetchPerSampleShorts_31(v_3, v_i.0))
		(8, 1)    eval_TIFFFetchPerSampleShorts_bb5_in(v_3, v_i.0) -> Com_1(eval_TIFFFetchPerSampleShorts_bb10_in(v_3, v_i.0)) [ v_i.0 - 1 >= 0 /\ v_i.0 >= v_3 ]
		(?, 1)    eval_TIFFFetchPerSampleShorts_bb5_in(v_3, v_i.0) -> Com_1(eval_TIFFFetchPerSampleShorts_bb5_in(v_3, v_i.0 + 1)) [ v_i.0 - 1 >= 0 /\ v_i.0 < v_3 ]
		(8, 1)    eval_TIFFFetchPerSampleShorts_bb5_in(v_3, v_i.0) -> Com_1(eval_TIFFFetchPerSampleShorts_22(v_3, v_i.0)) [ v_i.0 - 1 >= 0 /\ v_i.0 < v_3 ]
		(2, 1)    eval_TIFFFetchPerSampleShorts_12(v_3, v_i.0) -> Com_1(eval_TIFFFetchPerSampleShorts_bb10_in(v_3, v_i.0))
		(2, 1)    eval_TIFFFetchPerSampleShorts_12(v_3, v_i.0) -> Com_1(eval_TIFFFetchPerSampleShorts_bb5_in(v_3, 1))
		(2, 1)    eval_TIFFFetchPerSampleShorts_11(v_3, v_i.0) -> Com_2(eval_TIFFFetchShortArray_start(v_3, v_i.0), eval_TIFFFetchPerSampleShorts_12(v_3, v_i.0))
		(1, 1)    eval_TIFFFetchPerSampleShorts_10(v_3, v_i.0) -> Com_1(eval_TIFFFetchPerSampleShorts_bb3_in(v_3, v_i.0))
		(8, 1)    eval_TIFFFetchPerSampleShorts_bb12_in(v_3, v_i.0) -> Com_1(eval_TIFFFetchPerSampleShorts_stop(v_3, v_i.0))
		(2, 1)    eval_TIFFFetchPerSampleShorts_bb3_in(v_3, v_i.0) -> Com_1(eval_TIFFFetchPerSampleShorts_11(v_3, v_i.0))
		(1, 1)    eval_TIFFFetchPerSampleShorts_9(v_3, v_i.0) -> Com_2(eval__TIFFmalloc_start(v_3, v_i.0), eval_TIFFFetchPerSampleShorts_10(v_3, v_i.0))
		(1, 1)    eval_TIFFFetchPerSampleShorts_3(v_3, v_i.0) -> Com_1(eval_TIFFFetchPerSampleShorts_bb12_in(v_3, v_i.0))
		(1, 1)    eval_TIFFFetchPerSampleShorts_3(v_3, v_i.0) -> Com_1(eval_TIFFFetchPerSampleShorts_bb3_in(v_3, v_i.0))
		(1, 1)    eval_TIFFFetchPerSampleShorts_3(v_3, v_i.0) -> Com_1(eval_TIFFFetchPerSampleShorts_9(v_3, v_i.0))
		(1, 1)    eval_TIFFFetchPerSampleShorts_2(v_3, v_i.0) -> Com_2(eval_CheckDirCount_start(v_3, v_i.0), eval_TIFFFetchPerSampleShorts_3(v_3, v_i.0))
		(1, 2)    eval_TIFFFetchPerSampleShorts_start(v_3, v_i.0) -> Com_1(eval_TIFFFetchPerSampleShorts_2(nondef.0, v_i.0))
	start location:	eval_TIFFFetchPerSampleShorts_start
	leaf cost:	0

By chaining the transition eval_TIFFFetchPerSampleShorts_bb10_in(v_3, v_i.0) -> Com_1(eval_TIFFFetchPerSampleShorts_bb12_in(v_3, v_i.0)) with all transitions in problem 8, the following new transition is obtained:
	eval_TIFFFetchPerSampleShorts_bb10_in(v_3, v_i.0) -> Com_1(eval_TIFFFetchPerSampleShorts_stop(v_3, v_i.0))
We thus obtain the following problem:
9:	T:
		(8, 2)    eval_TIFFFetchPerSampleShorts_bb10_in(v_3, v_i.0) -> Com_1(eval_TIFFFetchPerSampleShorts_stop(v_3, v_i.0))
		(8, 2)    eval_TIFFFetchPerSampleShorts_32(v_3, v_i.0) -> Com_1(eval_TIFFFetchPerSampleShorts_stop(v_3, v_i.0))
		(8, 1)    eval_TIFFFetchPerSampleShorts_24(v_3, v_i.0) -> Com_1(eval_TIFFFetchPerSampleShorts_bb10_in(v_3, v_i.0)) [ v_3 - v_i.0 - 1 >= 0 /\ v_i.0 - 1 >= 0 /\ v_3 + v_i.0 - 3 >= 0 /\ v_3 - 2 >= 0 ]
		(8, 1)    eval_TIFFFetchPerSampleShorts_23(v_3, v_i.0) -> Com_2(eval_TIFFError_start(v_3, v_i.0), eval_TIFFFetchPerSampleShorts_24(v_3, v_i.0)) [ v_3 - v_i.0 - 1 >= 0 /\ v_i.0 - 1 >= 0 /\ v_3 + v_i.0 - 3 >= 0 /\ v_3 - 2 >= 0 ]
		(8, 1)    eval_TIFFFetchPerSampleShorts_31(v_3, v_i.0) -> Com_2(eval__TIFFfree_start(v_3, v_i.0), eval_TIFFFetchPerSampleShorts_32(v_3, v_i.0))
		(8, 1)    eval_TIFFFetchPerSampleShorts_22(v_3, v_i.0) -> Com_2(eval__TIFFFieldWithTag_start(v_3, v_i.0), eval_TIFFFetchPerSampleShorts_23(v_3, v_i.0)) [ v_3 - v_i.0 - 1 >= 0 /\ v_i.0 - 1 >= 0 /\ v_3 + v_i.0 - 3 >= 0 /\ v_3 - 2 >= 0 ]
		(8, 1)    eval_TIFFFetchPerSampleShorts_bb10_in(v_3, v_i.0) -> Com_1(eval_TIFFFetchPerSampleShorts_31(v_3, v_i.0))
		(8, 1)    eval_TIFFFetchPerSampleShorts_bb5_in(v_3, v_i.0) -> Com_1(eval_TIFFFetchPerSampleShorts_bb10_in(v_3, v_i.0)) [ v_i.0 - 1 >= 0 /\ v_i.0 >= v_3 ]
		(?, 1)    eval_TIFFFetchPerSampleShorts_bb5_in(v_3, v_i.0) -> Com_1(eval_TIFFFetchPerSampleShorts_bb5_in(v_3, v_i.0 + 1)) [ v_i.0 - 1 >= 0 /\ v_i.0 < v_3 ]
		(8, 1)    eval_TIFFFetchPerSampleShorts_bb5_in(v_3, v_i.0) -> Com_1(eval_TIFFFetchPerSampleShorts_22(v_3, v_i.0)) [ v_i.0 - 1 >= 0 /\ v_i.0 < v_3 ]
		(2, 1)    eval_TIFFFetchPerSampleShorts_12(v_3, v_i.0) -> Com_1(eval_TIFFFetchPerSampleShorts_bb10_in(v_3, v_i.0))
		(2, 1)    eval_TIFFFetchPerSampleShorts_12(v_3, v_i.0) -> Com_1(eval_TIFFFetchPerSampleShorts_bb5_in(v_3, 1))
		(2, 1)    eval_TIFFFetchPerSampleShorts_11(v_3, v_i.0) -> Com_2(eval_TIFFFetchShortArray_start(v_3, v_i.0), eval_TIFFFetchPerSampleShorts_12(v_3, v_i.0))
		(1, 1)    eval_TIFFFetchPerSampleShorts_10(v_3, v_i.0) -> Com_1(eval_TIFFFetchPerSampleShorts_bb3_in(v_3, v_i.0))
		(8, 1)    eval_TIFFFetchPerSampleShorts_bb12_in(v_3, v_i.0) -> Com_1(eval_TIFFFetchPerSampleShorts_stop(v_3, v_i.0))
		(2, 1)    eval_TIFFFetchPerSampleShorts_bb3_in(v_3, v_i.0) -> Com_1(eval_TIFFFetchPerSampleShorts_11(v_3, v_i.0))
		(1, 1)    eval_TIFFFetchPerSampleShorts_9(v_3, v_i.0) -> Com_2(eval__TIFFmalloc_start(v_3, v_i.0), eval_TIFFFetchPerSampleShorts_10(v_3, v_i.0))
		(1, 1)    eval_TIFFFetchPerSampleShorts_3(v_3, v_i.0) -> Com_1(eval_TIFFFetchPerSampleShorts_bb12_in(v_3, v_i.0))
		(1, 1)    eval_TIFFFetchPerSampleShorts_3(v_3, v_i.0) -> Com_1(eval_TIFFFetchPerSampleShorts_bb3_in(v_3, v_i.0))
		(1, 1)    eval_TIFFFetchPerSampleShorts_3(v_3, v_i.0) -> Com_1(eval_TIFFFetchPerSampleShorts_9(v_3, v_i.0))
		(1, 1)    eval_TIFFFetchPerSampleShorts_2(v_3, v_i.0) -> Com_2(eval_CheckDirCount_start(v_3, v_i.0), eval_TIFFFetchPerSampleShorts_3(v_3, v_i.0))
		(1, 2)    eval_TIFFFetchPerSampleShorts_start(v_3, v_i.0) -> Com_1(eval_TIFFFetchPerSampleShorts_2(nondef.0, v_i.0))
	start location:	eval_TIFFFetchPerSampleShorts_start
	leaf cost:	0

By chaining the transition eval_TIFFFetchPerSampleShorts_bb10_in(v_3, v_i.0) -> Com_1(eval_TIFFFetchPerSampleShorts_31(v_3, v_i.0)) with all transitions in problem 9, the following new transition is obtained:
	eval_TIFFFetchPerSampleShorts_bb10_in(v_3, v_i.0) -> Com_2(eval__TIFFfree_start(v_3, v_i.0), eval_TIFFFetchPerSampleShorts_32(v_3, v_i.0))
We thus obtain the following problem:
10:	T:
		(8, 2)    eval_TIFFFetchPerSampleShorts_bb10_in(v_3, v_i.0) -> Com_2(eval__TIFFfree_start(v_3, v_i.0), eval_TIFFFetchPerSampleShorts_32(v_3, v_i.0))
		(8, 2)    eval_TIFFFetchPerSampleShorts_bb10_in(v_3, v_i.0) -> Com_1(eval_TIFFFetchPerSampleShorts_stop(v_3, v_i.0))
		(8, 2)    eval_TIFFFetchPerSampleShorts_32(v_3, v_i.0) -> Com_1(eval_TIFFFetchPerSampleShorts_stop(v_3, v_i.0))
		(8, 1)    eval_TIFFFetchPerSampleShorts_24(v_3, v_i.0) -> Com_1(eval_TIFFFetchPerSampleShorts_bb10_in(v_3, v_i.0)) [ v_3 - v_i.0 - 1 >= 0 /\ v_i.0 - 1 >= 0 /\ v_3 + v_i.0 - 3 >= 0 /\ v_3 - 2 >= 0 ]
		(8, 1)    eval_TIFFFetchPerSampleShorts_23(v_3, v_i.0) -> Com_2(eval_TIFFError_start(v_3, v_i.0), eval_TIFFFetchPerSampleShorts_24(v_3, v_i.0)) [ v_3 - v_i.0 - 1 >= 0 /\ v_i.0 - 1 >= 0 /\ v_3 + v_i.0 - 3 >= 0 /\ v_3 - 2 >= 0 ]
		(8, 1)    eval_TIFFFetchPerSampleShorts_31(v_3, v_i.0) -> Com_2(eval__TIFFfree_start(v_3, v_i.0), eval_TIFFFetchPerSampleShorts_32(v_3, v_i.0))
		(8, 1)    eval_TIFFFetchPerSampleShorts_22(v_3, v_i.0) -> Com_2(eval__TIFFFieldWithTag_start(v_3, v_i.0), eval_TIFFFetchPerSampleShorts_23(v_3, v_i.0)) [ v_3 - v_i.0 - 1 >= 0 /\ v_i.0 - 1 >= 0 /\ v_3 + v_i.0 - 3 >= 0 /\ v_3 - 2 >= 0 ]
		(8, 1)    eval_TIFFFetchPerSampleShorts_bb5_in(v_3, v_i.0) -> Com_1(eval_TIFFFetchPerSampleShorts_bb10_in(v_3, v_i.0)) [ v_i.0 - 1 >= 0 /\ v_i.0 >= v_3 ]
		(?, 1)    eval_TIFFFetchPerSampleShorts_bb5_in(v_3, v_i.0) -> Com_1(eval_TIFFFetchPerSampleShorts_bb5_in(v_3, v_i.0 + 1)) [ v_i.0 - 1 >= 0 /\ v_i.0 < v_3 ]
		(8, 1)    eval_TIFFFetchPerSampleShorts_bb5_in(v_3, v_i.0) -> Com_1(eval_TIFFFetchPerSampleShorts_22(v_3, v_i.0)) [ v_i.0 - 1 >= 0 /\ v_i.0 < v_3 ]
		(2, 1)    eval_TIFFFetchPerSampleShorts_12(v_3, v_i.0) -> Com_1(eval_TIFFFetchPerSampleShorts_bb10_in(v_3, v_i.0))
		(2, 1)    eval_TIFFFetchPerSampleShorts_12(v_3, v_i.0) -> Com_1(eval_TIFFFetchPerSampleShorts_bb5_in(v_3, 1))
		(2, 1)    eval_TIFFFetchPerSampleShorts_11(v_3, v_i.0) -> Com_2(eval_TIFFFetchShortArray_start(v_3, v_i.0), eval_TIFFFetchPerSampleShorts_12(v_3, v_i.0))
		(1, 1)    eval_TIFFFetchPerSampleShorts_10(v_3, v_i.0) -> Com_1(eval_TIFFFetchPerSampleShorts_bb3_in(v_3, v_i.0))
		(8, 1)    eval_TIFFFetchPerSampleShorts_bb12_in(v_3, v_i.0) -> Com_1(eval_TIFFFetchPerSampleShorts_stop(v_3, v_i.0))
		(2, 1)    eval_TIFFFetchPerSampleShorts_bb3_in(v_3, v_i.0) -> Com_1(eval_TIFFFetchPerSampleShorts_11(v_3, v_i.0))
		(1, 1)    eval_TIFFFetchPerSampleShorts_9(v_3, v_i.0) -> Com_2(eval__TIFFmalloc_start(v_3, v_i.0), eval_TIFFFetchPerSampleShorts_10(v_3, v_i.0))
		(1, 1)    eval_TIFFFetchPerSampleShorts_3(v_3, v_i.0) -> Com_1(eval_TIFFFetchPerSampleShorts_bb12_in(v_3, v_i.0))
		(1, 1)    eval_TIFFFetchPerSampleShorts_3(v_3, v_i.0) -> Com_1(eval_TIFFFetchPerSampleShorts_bb3_in(v_3, v_i.0))
		(1, 1)    eval_TIFFFetchPerSampleShorts_3(v_3, v_i.0) -> Com_1(eval_TIFFFetchPerSampleShorts_9(v_3, v_i.0))
		(1, 1)    eval_TIFFFetchPerSampleShorts_2(v_3, v_i.0) -> Com_2(eval_CheckDirCount_start(v_3, v_i.0), eval_TIFFFetchPerSampleShorts_3(v_3, v_i.0))
		(1, 2)    eval_TIFFFetchPerSampleShorts_start(v_3, v_i.0) -> Com_1(eval_TIFFFetchPerSampleShorts_2(nondef.0, v_i.0))
	start location:	eval_TIFFFetchPerSampleShorts_start
	leaf cost:	0

Testing for reachability in the complexity graph removes the following transition from problem 10:
	eval_TIFFFetchPerSampleShorts_31(v_3, v_i.0) -> Com_2(eval__TIFFfree_start(v_3, v_i.0), eval_TIFFFetchPerSampleShorts_32(v_3, v_i.0))
We thus obtain the following problem:
11:	T:
		(8, 1)    eval_TIFFFetchPerSampleShorts_24(v_3, v_i.0) -> Com_1(eval_TIFFFetchPerSampleShorts_bb10_in(v_3, v_i.0)) [ v_3 - v_i.0 - 1 >= 0 /\ v_i.0 - 1 >= 0 /\ v_3 + v_i.0 - 3 >= 0 /\ v_3 - 2 >= 0 ]
		(8, 1)    eval_TIFFFetchPerSampleShorts_23(v_3, v_i.0) -> Com_2(eval_TIFFError_start(v_3, v_i.0), eval_TIFFFetchPerSampleShorts_24(v_3, v_i.0)) [ v_3 - v_i.0 - 1 >= 0 /\ v_i.0 - 1 >= 0 /\ v_3 + v_i.0 - 3 >= 0 /\ v_3 - 2 >= 0 ]
		(8, 2)    eval_TIFFFetchPerSampleShorts_32(v_3, v_i.0) -> Com_1(eval_TIFFFetchPerSampleShorts_stop(v_3, v_i.0))
		(8, 1)    eval_TIFFFetchPerSampleShorts_22(v_3, v_i.0) -> Com_2(eval__TIFFFieldWithTag_start(v_3, v_i.0), eval_TIFFFetchPerSampleShorts_23(v_3, v_i.0)) [ v_3 - v_i.0 - 1 >= 0 /\ v_i.0 - 1 >= 0 /\ v_3 + v_i.0 - 3 >= 0 /\ v_3 - 2 >= 0 ]
		(8, 2)    eval_TIFFFetchPerSampleShorts_bb10_in(v_3, v_i.0) -> Com_2(eval__TIFFfree_start(v_3, v_i.0), eval_TIFFFetchPerSampleShorts_32(v_3, v_i.0))
		(8, 2)    eval_TIFFFetchPerSampleShorts_bb10_in(v_3, v_i.0) -> Com_1(eval_TIFFFetchPerSampleShorts_stop(v_3, v_i.0))
		(8, 1)    eval_TIFFFetchPerSampleShorts_bb5_in(v_3, v_i.0) -> Com_1(eval_TIFFFetchPerSampleShorts_bb10_in(v_3, v_i.0)) [ v_i.0 - 1 >= 0 /\ v_i.0 >= v_3 ]
		(?, 1)    eval_TIFFFetchPerSampleShorts_bb5_in(v_3, v_i.0) -> Com_1(eval_TIFFFetchPerSampleShorts_bb5_in(v_3, v_i.0 + 1)) [ v_i.0 - 1 >= 0 /\ v_i.0 < v_3 ]
		(8, 1)    eval_TIFFFetchPerSampleShorts_bb5_in(v_3, v_i.0) -> Com_1(eval_TIFFFetchPerSampleShorts_22(v_3, v_i.0)) [ v_i.0 - 1 >= 0 /\ v_i.0 < v_3 ]
		(2, 1)    eval_TIFFFetchPerSampleShorts_12(v_3, v_i.0) -> Com_1(eval_TIFFFetchPerSampleShorts_bb10_in(v_3, v_i.0))
		(2, 1)    eval_TIFFFetchPerSampleShorts_12(v_3, v_i.0) -> Com_1(eval_TIFFFetchPerSampleShorts_bb5_in(v_3, 1))
		(2, 1)    eval_TIFFFetchPerSampleShorts_11(v_3, v_i.0) -> Com_2(eval_TIFFFetchShortArray_start(v_3, v_i.0), eval_TIFFFetchPerSampleShorts_12(v_3, v_i.0))
		(1, 1)    eval_TIFFFetchPerSampleShorts_10(v_3, v_i.0) -> Com_1(eval_TIFFFetchPerSampleShorts_bb3_in(v_3, v_i.0))
		(8, 1)    eval_TIFFFetchPerSampleShorts_bb12_in(v_3, v_i.0) -> Com_1(eval_TIFFFetchPerSampleShorts_stop(v_3, v_i.0))
		(2, 1)    eval_TIFFFetchPerSampleShorts_bb3_in(v_3, v_i.0) -> Com_1(eval_TIFFFetchPerSampleShorts_11(v_3, v_i.0))
		(1, 1)    eval_TIFFFetchPerSampleShorts_9(v_3, v_i.0) -> Com_2(eval__TIFFmalloc_start(v_3, v_i.0), eval_TIFFFetchPerSampleShorts_10(v_3, v_i.0))
		(1, 1)    eval_TIFFFetchPerSampleShorts_3(v_3, v_i.0) -> Com_1(eval_TIFFFetchPerSampleShorts_bb12_in(v_3, v_i.0))
		(1, 1)    eval_TIFFFetchPerSampleShorts_3(v_3, v_i.0) -> Com_1(eval_TIFFFetchPerSampleShorts_bb3_in(v_3, v_i.0))
		(1, 1)    eval_TIFFFetchPerSampleShorts_3(v_3, v_i.0) -> Com_1(eval_TIFFFetchPerSampleShorts_9(v_3, v_i.0))
		(1, 1)    eval_TIFFFetchPerSampleShorts_2(v_3, v_i.0) -> Com_2(eval_CheckDirCount_start(v_3, v_i.0), eval_TIFFFetchPerSampleShorts_3(v_3, v_i.0))
		(1, 2)    eval_TIFFFetchPerSampleShorts_start(v_3, v_i.0) -> Com_1(eval_TIFFFetchPerSampleShorts_2(nondef.0, v_i.0))
	start location:	eval_TIFFFetchPerSampleShorts_start
	leaf cost:	0

By chaining the transition eval_TIFFFetchPerSampleShorts_bb5_in(v_3, v_i.0) -> Com_1(eval_TIFFFetchPerSampleShorts_22(v_3, v_i.0)) [ v_i.0 - 1 >= 0 /\ v_i.0 < v_3 ] with all transitions in problem 11, the following new transition is obtained:
	eval_TIFFFetchPerSampleShorts_bb5_in(v_3, v_i.0) -> Com_2(eval__TIFFFieldWithTag_start(v_3, v_i.0), eval_TIFFFetchPerSampleShorts_23(v_3, v_i.0)) [ v_i.0 - 1 >= 0 /\ v_i.0 < v_3 /\ v_3 - v_i.0 - 1 >= 0 /\ v_3 + v_i.0 - 3 >= 0 /\ v_3 - 2 >= 0 ]
We thus obtain the following problem:
12:	T:
		(8, 2)    eval_TIFFFetchPerSampleShorts_bb5_in(v_3, v_i.0) -> Com_2(eval__TIFFFieldWithTag_start(v_3, v_i.0), eval_TIFFFetchPerSampleShorts_23(v_3, v_i.0)) [ v_i.0 - 1 >= 0 /\ v_i.0 < v_3 /\ v_3 - v_i.0 - 1 >= 0 /\ v_3 + v_i.0 - 3 >= 0 /\ v_3 - 2 >= 0 ]
		(8, 1)    eval_TIFFFetchPerSampleShorts_24(v_3, v_i.0) -> Com_1(eval_TIFFFetchPerSampleShorts_bb10_in(v_3, v_i.0)) [ v_3 - v_i.0 - 1 >= 0 /\ v_i.0 - 1 >= 0 /\ v_3 + v_i.0 - 3 >= 0 /\ v_3 - 2 >= 0 ]
		(8, 1)    eval_TIFFFetchPerSampleShorts_23(v_3, v_i.0) -> Com_2(eval_TIFFError_start(v_3, v_i.0), eval_TIFFFetchPerSampleShorts_24(v_3, v_i.0)) [ v_3 - v_i.0 - 1 >= 0 /\ v_i.0 - 1 >= 0 /\ v_3 + v_i.0 - 3 >= 0 /\ v_3 - 2 >= 0 ]
		(8, 2)    eval_TIFFFetchPerSampleShorts_32(v_3, v_i.0) -> Com_1(eval_TIFFFetchPerSampleShorts_stop(v_3, v_i.0))
		(8, 1)    eval_TIFFFetchPerSampleShorts_22(v_3, v_i.0) -> Com_2(eval__TIFFFieldWithTag_start(v_3, v_i.0), eval_TIFFFetchPerSampleShorts_23(v_3, v_i.0)) [ v_3 - v_i.0 - 1 >= 0 /\ v_i.0 - 1 >= 0 /\ v_3 + v_i.0 - 3 >= 0 /\ v_3 - 2 >= 0 ]
		(8, 2)    eval_TIFFFetchPerSampleShorts_bb10_in(v_3, v_i.0) -> Com_2(eval__TIFFfree_start(v_3, v_i.0), eval_TIFFFetchPerSampleShorts_32(v_3, v_i.0))
		(8, 2)    eval_TIFFFetchPerSampleShorts_bb10_in(v_3, v_i.0) -> Com_1(eval_TIFFFetchPerSampleShorts_stop(v_3, v_i.0))
		(8, 1)    eval_TIFFFetchPerSampleShorts_bb5_in(v_3, v_i.0) -> Com_1(eval_TIFFFetchPerSampleShorts_bb10_in(v_3, v_i.0)) [ v_i.0 - 1 >= 0 /\ v_i.0 >= v_3 ]
		(?, 1)    eval_TIFFFetchPerSampleShorts_bb5_in(v_3, v_i.0) -> Com_1(eval_TIFFFetchPerSampleShorts_bb5_in(v_3, v_i.0 + 1)) [ v_i.0 - 1 >= 0 /\ v_i.0 < v_3 ]
		(2, 1)    eval_TIFFFetchPerSampleShorts_12(v_3, v_i.0) -> Com_1(eval_TIFFFetchPerSampleShorts_bb10_in(v_3, v_i.0))
		(2, 1)    eval_TIFFFetchPerSampleShorts_12(v_3, v_i.0) -> Com_1(eval_TIFFFetchPerSampleShorts_bb5_in(v_3, 1))
		(2, 1)    eval_TIFFFetchPerSampleShorts_11(v_3, v_i.0) -> Com_2(eval_TIFFFetchShortArray_start(v_3, v_i.0), eval_TIFFFetchPerSampleShorts_12(v_3, v_i.0))
		(1, 1)    eval_TIFFFetchPerSampleShorts_10(v_3, v_i.0) -> Com_1(eval_TIFFFetchPerSampleShorts_bb3_in(v_3, v_i.0))
		(8, 1)    eval_TIFFFetchPerSampleShorts_bb12_in(v_3, v_i.0) -> Com_1(eval_TIFFFetchPerSampleShorts_stop(v_3, v_i.0))
		(2, 1)    eval_TIFFFetchPerSampleShorts_bb3_in(v_3, v_i.0) -> Com_1(eval_TIFFFetchPerSampleShorts_11(v_3, v_i.0))
		(1, 1)    eval_TIFFFetchPerSampleShorts_9(v_3, v_i.0) -> Com_2(eval__TIFFmalloc_start(v_3, v_i.0), eval_TIFFFetchPerSampleShorts_10(v_3, v_i.0))
		(1, 1)    eval_TIFFFetchPerSampleShorts_3(v_3, v_i.0) -> Com_1(eval_TIFFFetchPerSampleShorts_bb12_in(v_3, v_i.0))
		(1, 1)    eval_TIFFFetchPerSampleShorts_3(v_3, v_i.0) -> Com_1(eval_TIFFFetchPerSampleShorts_bb3_in(v_3, v_i.0))
		(1, 1)    eval_TIFFFetchPerSampleShorts_3(v_3, v_i.0) -> Com_1(eval_TIFFFetchPerSampleShorts_9(v_3, v_i.0))
		(1, 1)    eval_TIFFFetchPerSampleShorts_2(v_3, v_i.0) -> Com_2(eval_CheckDirCount_start(v_3, v_i.0), eval_TIFFFetchPerSampleShorts_3(v_3, v_i.0))
		(1, 2)    eval_TIFFFetchPerSampleShorts_start(v_3, v_i.0) -> Com_1(eval_TIFFFetchPerSampleShorts_2(nondef.0, v_i.0))
	start location:	eval_TIFFFetchPerSampleShorts_start
	leaf cost:	0

Testing for reachability in the complexity graph removes the following transition from problem 12:
	eval_TIFFFetchPerSampleShorts_22(v_3, v_i.0) -> Com_2(eval__TIFFFieldWithTag_start(v_3, v_i.0), eval_TIFFFetchPerSampleShorts_23(v_3, v_i.0)) [ v_3 - v_i.0 - 1 >= 0 /\ v_i.0 - 1 >= 0 /\ v_3 + v_i.0 - 3 >= 0 /\ v_3 - 2 >= 0 ]
We thus obtain the following problem:
13:	T:
		(8, 1)    eval_TIFFFetchPerSampleShorts_24(v_3, v_i.0) -> Com_1(eval_TIFFFetchPerSampleShorts_bb10_in(v_3, v_i.0)) [ v_3 - v_i.0 - 1 >= 0 /\ v_i.0 - 1 >= 0 /\ v_3 + v_i.0 - 3 >= 0 /\ v_3 - 2 >= 0 ]
		(8, 1)    eval_TIFFFetchPerSampleShorts_23(v_3, v_i.0) -> Com_2(eval_TIFFError_start(v_3, v_i.0), eval_TIFFFetchPerSampleShorts_24(v_3, v_i.0)) [ v_3 - v_i.0 - 1 >= 0 /\ v_i.0 - 1 >= 0 /\ v_3 + v_i.0 - 3 >= 0 /\ v_3 - 2 >= 0 ]
		(8, 2)    eval_TIFFFetchPerSampleShorts_32(v_3, v_i.0) -> Com_1(eval_TIFFFetchPerSampleShorts_stop(v_3, v_i.0))
		(8, 2)    eval_TIFFFetchPerSampleShorts_bb10_in(v_3, v_i.0) -> Com_2(eval__TIFFfree_start(v_3, v_i.0), eval_TIFFFetchPerSampleShorts_32(v_3, v_i.0))
		(8, 2)    eval_TIFFFetchPerSampleShorts_bb10_in(v_3, v_i.0) -> Com_1(eval_TIFFFetchPerSampleShorts_stop(v_3, v_i.0))
		(8, 2)    eval_TIFFFetchPerSampleShorts_bb5_in(v_3, v_i.0) -> Com_2(eval__TIFFFieldWithTag_start(v_3, v_i.0), eval_TIFFFetchPerSampleShorts_23(v_3, v_i.0)) [ v_i.0 - 1 >= 0 /\ v_i.0 < v_3 /\ v_3 - v_i.0 - 1 >= 0 /\ v_3 + v_i.0 - 3 >= 0 /\ v_3 - 2 >= 0 ]
		(8, 1)    eval_TIFFFetchPerSampleShorts_bb5_in(v_3, v_i.0) -> Com_1(eval_TIFFFetchPerSampleShorts_bb10_in(v_3, v_i.0)) [ v_i.0 - 1 >= 0 /\ v_i.0 >= v_3 ]
		(?, 1)    eval_TIFFFetchPerSampleShorts_bb5_in(v_3, v_i.0) -> Com_1(eval_TIFFFetchPerSampleShorts_bb5_in(v_3, v_i.0 + 1)) [ v_i.0 - 1 >= 0 /\ v_i.0 < v_3 ]
		(2, 1)    eval_TIFFFetchPerSampleShorts_12(v_3, v_i.0) -> Com_1(eval_TIFFFetchPerSampleShorts_bb10_in(v_3, v_i.0))
		(2, 1)    eval_TIFFFetchPerSampleShorts_12(v_3, v_i.0) -> Com_1(eval_TIFFFetchPerSampleShorts_bb5_in(v_3, 1))
		(2, 1)    eval_TIFFFetchPerSampleShorts_11(v_3, v_i.0) -> Com_2(eval_TIFFFetchShortArray_start(v_3, v_i.0), eval_TIFFFetchPerSampleShorts_12(v_3, v_i.0))
		(1, 1)    eval_TIFFFetchPerSampleShorts_10(v_3, v_i.0) -> Com_1(eval_TIFFFetchPerSampleShorts_bb3_in(v_3, v_i.0))
		(8, 1)    eval_TIFFFetchPerSampleShorts_bb12_in(v_3, v_i.0) -> Com_1(eval_TIFFFetchPerSampleShorts_stop(v_3, v_i.0))
		(2, 1)    eval_TIFFFetchPerSampleShorts_bb3_in(v_3, v_i.0) -> Com_1(eval_TIFFFetchPerSampleShorts_11(v_3, v_i.0))
		(1, 1)    eval_TIFFFetchPerSampleShorts_9(v_3, v_i.0) -> Com_2(eval__TIFFmalloc_start(v_3, v_i.0), eval_TIFFFetchPerSampleShorts_10(v_3, v_i.0))
		(1, 1)    eval_TIFFFetchPerSampleShorts_3(v_3, v_i.0) -> Com_1(eval_TIFFFetchPerSampleShorts_bb12_in(v_3, v_i.0))
		(1, 1)    eval_TIFFFetchPerSampleShorts_3(v_3, v_i.0) -> Com_1(eval_TIFFFetchPerSampleShorts_bb3_in(v_3, v_i.0))
		(1, 1)    eval_TIFFFetchPerSampleShorts_3(v_3, v_i.0) -> Com_1(eval_TIFFFetchPerSampleShorts_9(v_3, v_i.0))
		(1, 1)    eval_TIFFFetchPerSampleShorts_2(v_3, v_i.0) -> Com_2(eval_CheckDirCount_start(v_3, v_i.0), eval_TIFFFetchPerSampleShorts_3(v_3, v_i.0))
		(1, 2)    eval_TIFFFetchPerSampleShorts_start(v_3, v_i.0) -> Com_1(eval_TIFFFetchPerSampleShorts_2(nondef.0, v_i.0))
	start location:	eval_TIFFFetchPerSampleShorts_start
	leaf cost:	0

By chaining the transition eval_TIFFFetchPerSampleShorts_10(v_3, v_i.0) -> Com_1(eval_TIFFFetchPerSampleShorts_bb3_in(v_3, v_i.0)) with all transitions in problem 13, the following new transition is obtained:
	eval_TIFFFetchPerSampleShorts_10(v_3, v_i.0) -> Com_1(eval_TIFFFetchPerSampleShorts_11(v_3, v_i.0))
We thus obtain the following problem:
14:	T:
		(1, 2)    eval_TIFFFetchPerSampleShorts_10(v_3, v_i.0) -> Com_1(eval_TIFFFetchPerSampleShorts_11(v_3, v_i.0))
		(8, 1)    eval_TIFFFetchPerSampleShorts_24(v_3, v_i.0) -> Com_1(eval_TIFFFetchPerSampleShorts_bb10_in(v_3, v_i.0)) [ v_3 - v_i.0 - 1 >= 0 /\ v_i.0 - 1 >= 0 /\ v_3 + v_i.0 - 3 >= 0 /\ v_3 - 2 >= 0 ]
		(8, 1)    eval_TIFFFetchPerSampleShorts_23(v_3, v_i.0) -> Com_2(eval_TIFFError_start(v_3, v_i.0), eval_TIFFFetchPerSampleShorts_24(v_3, v_i.0)) [ v_3 - v_i.0 - 1 >= 0 /\ v_i.0 - 1 >= 0 /\ v_3 + v_i.0 - 3 >= 0 /\ v_3 - 2 >= 0 ]
		(8, 2)    eval_TIFFFetchPerSampleShorts_32(v_3, v_i.0) -> Com_1(eval_TIFFFetchPerSampleShorts_stop(v_3, v_i.0))
		(8, 2)    eval_TIFFFetchPerSampleShorts_bb10_in(v_3, v_i.0) -> Com_2(eval__TIFFfree_start(v_3, v_i.0), eval_TIFFFetchPerSampleShorts_32(v_3, v_i.0))
		(8, 2)    eval_TIFFFetchPerSampleShorts_bb10_in(v_3, v_i.0) -> Com_1(eval_TIFFFetchPerSampleShorts_stop(v_3, v_i.0))
		(8, 2)    eval_TIFFFetchPerSampleShorts_bb5_in(v_3, v_i.0) -> Com_2(eval__TIFFFieldWithTag_start(v_3, v_i.0), eval_TIFFFetchPerSampleShorts_23(v_3, v_i.0)) [ v_i.0 - 1 >= 0 /\ v_i.0 < v_3 /\ v_3 - v_i.0 - 1 >= 0 /\ v_3 + v_i.0 - 3 >= 0 /\ v_3 - 2 >= 0 ]
		(8, 1)    eval_TIFFFetchPerSampleShorts_bb5_in(v_3, v_i.0) -> Com_1(eval_TIFFFetchPerSampleShorts_bb10_in(v_3, v_i.0)) [ v_i.0 - 1 >= 0 /\ v_i.0 >= v_3 ]
		(?, 1)    eval_TIFFFetchPerSampleShorts_bb5_in(v_3, v_i.0) -> Com_1(eval_TIFFFetchPerSampleShorts_bb5_in(v_3, v_i.0 + 1)) [ v_i.0 - 1 >= 0 /\ v_i.0 < v_3 ]
		(2, 1)    eval_TIFFFetchPerSampleShorts_12(v_3, v_i.0) -> Com_1(eval_TIFFFetchPerSampleShorts_bb10_in(v_3, v_i.0))
		(2, 1)    eval_TIFFFetchPerSampleShorts_12(v_3, v_i.0) -> Com_1(eval_TIFFFetchPerSampleShorts_bb5_in(v_3, 1))
		(2, 1)    eval_TIFFFetchPerSampleShorts_11(v_3, v_i.0) -> Com_2(eval_TIFFFetchShortArray_start(v_3, v_i.0), eval_TIFFFetchPerSampleShorts_12(v_3, v_i.0))
		(8, 1)    eval_TIFFFetchPerSampleShorts_bb12_in(v_3, v_i.0) -> Com_1(eval_TIFFFetchPerSampleShorts_stop(v_3, v_i.0))
		(2, 1)    eval_TIFFFetchPerSampleShorts_bb3_in(v_3, v_i.0) -> Com_1(eval_TIFFFetchPerSampleShorts_11(v_3, v_i.0))
		(1, 1)    eval_TIFFFetchPerSampleShorts_9(v_3, v_i.0) -> Com_2(eval__TIFFmalloc_start(v_3, v_i.0), eval_TIFFFetchPerSampleShorts_10(v_3, v_i.0))
		(1, 1)    eval_TIFFFetchPerSampleShorts_3(v_3, v_i.0) -> Com_1(eval_TIFFFetchPerSampleShorts_bb12_in(v_3, v_i.0))
		(1, 1)    eval_TIFFFetchPerSampleShorts_3(v_3, v_i.0) -> Com_1(eval_TIFFFetchPerSampleShorts_bb3_in(v_3, v_i.0))
		(1, 1)    eval_TIFFFetchPerSampleShorts_3(v_3, v_i.0) -> Com_1(eval_TIFFFetchPerSampleShorts_9(v_3, v_i.0))
		(1, 1)    eval_TIFFFetchPerSampleShorts_2(v_3, v_i.0) -> Com_2(eval_CheckDirCount_start(v_3, v_i.0), eval_TIFFFetchPerSampleShorts_3(v_3, v_i.0))
		(1, 2)    eval_TIFFFetchPerSampleShorts_start(v_3, v_i.0) -> Com_1(eval_TIFFFetchPerSampleShorts_2(nondef.0, v_i.0))
	start location:	eval_TIFFFetchPerSampleShorts_start
	leaf cost:	0

By chaining the transition eval_TIFFFetchPerSampleShorts_10(v_3, v_i.0) -> Com_1(eval_TIFFFetchPerSampleShorts_11(v_3, v_i.0)) with all transitions in problem 14, the following new transition is obtained:
	eval_TIFFFetchPerSampleShorts_10(v_3, v_i.0) -> Com_2(eval_TIFFFetchShortArray_start(v_3, v_i.0), eval_TIFFFetchPerSampleShorts_12(v_3, v_i.0))
We thus obtain the following problem:
15:	T:
		(1, 3)    eval_TIFFFetchPerSampleShorts_10(v_3, v_i.0) -> Com_2(eval_TIFFFetchShortArray_start(v_3, v_i.0), eval_TIFFFetchPerSampleShorts_12(v_3, v_i.0))
		(8, 1)    eval_TIFFFetchPerSampleShorts_24(v_3, v_i.0) -> Com_1(eval_TIFFFetchPerSampleShorts_bb10_in(v_3, v_i.0)) [ v_3 - v_i.0 - 1 >= 0 /\ v_i.0 - 1 >= 0 /\ v_3 + v_i.0 - 3 >= 0 /\ v_3 - 2 >= 0 ]
		(8, 1)    eval_TIFFFetchPerSampleShorts_23(v_3, v_i.0) -> Com_2(eval_TIFFError_start(v_3, v_i.0), eval_TIFFFetchPerSampleShorts_24(v_3, v_i.0)) [ v_3 - v_i.0 - 1 >= 0 /\ v_i.0 - 1 >= 0 /\ v_3 + v_i.0 - 3 >= 0 /\ v_3 - 2 >= 0 ]
		(8, 2)    eval_TIFFFetchPerSampleShorts_32(v_3, v_i.0) -> Com_1(eval_TIFFFetchPerSampleShorts_stop(v_3, v_i.0))
		(8, 2)    eval_TIFFFetchPerSampleShorts_bb10_in(v_3, v_i.0) -> Com_2(eval__TIFFfree_start(v_3, v_i.0), eval_TIFFFetchPerSampleShorts_32(v_3, v_i.0))
		(8, 2)    eval_TIFFFetchPerSampleShorts_bb10_in(v_3, v_i.0) -> Com_1(eval_TIFFFetchPerSampleShorts_stop(v_3, v_i.0))
		(8, 2)    eval_TIFFFetchPerSampleShorts_bb5_in(v_3, v_i.0) -> Com_2(eval__TIFFFieldWithTag_start(v_3, v_i.0), eval_TIFFFetchPerSampleShorts_23(v_3, v_i.0)) [ v_i.0 - 1 >= 0 /\ v_i.0 < v_3 /\ v_3 - v_i.0 - 1 >= 0 /\ v_3 + v_i.0 - 3 >= 0 /\ v_3 - 2 >= 0 ]
		(8, 1)    eval_TIFFFetchPerSampleShorts_bb5_in(v_3, v_i.0) -> Com_1(eval_TIFFFetchPerSampleShorts_bb10_in(v_3, v_i.0)) [ v_i.0 - 1 >= 0 /\ v_i.0 >= v_3 ]
		(?, 1)    eval_TIFFFetchPerSampleShorts_bb5_in(v_3, v_i.0) -> Com_1(eval_TIFFFetchPerSampleShorts_bb5_in(v_3, v_i.0 + 1)) [ v_i.0 - 1 >= 0 /\ v_i.0 < v_3 ]
		(2, 1)    eval_TIFFFetchPerSampleShorts_12(v_3, v_i.0) -> Com_1(eval_TIFFFetchPerSampleShorts_bb10_in(v_3, v_i.0))
		(2, 1)    eval_TIFFFetchPerSampleShorts_12(v_3, v_i.0) -> Com_1(eval_TIFFFetchPerSampleShorts_bb5_in(v_3, 1))
		(2, 1)    eval_TIFFFetchPerSampleShorts_11(v_3, v_i.0) -> Com_2(eval_TIFFFetchShortArray_start(v_3, v_i.0), eval_TIFFFetchPerSampleShorts_12(v_3, v_i.0))
		(8, 1)    eval_TIFFFetchPerSampleShorts_bb12_in(v_3, v_i.0) -> Com_1(eval_TIFFFetchPerSampleShorts_stop(v_3, v_i.0))
		(2, 1)    eval_TIFFFetchPerSampleShorts_bb3_in(v_3, v_i.0) -> Com_1(eval_TIFFFetchPerSampleShorts_11(v_3, v_i.0))
		(1, 1)    eval_TIFFFetchPerSampleShorts_9(v_3, v_i.0) -> Com_2(eval__TIFFmalloc_start(v_3, v_i.0), eval_TIFFFetchPerSampleShorts_10(v_3, v_i.0))
		(1, 1)    eval_TIFFFetchPerSampleShorts_3(v_3, v_i.0) -> Com_1(eval_TIFFFetchPerSampleShorts_bb12_in(v_3, v_i.0))
		(1, 1)    eval_TIFFFetchPerSampleShorts_3(v_3, v_i.0) -> Com_1(eval_TIFFFetchPerSampleShorts_bb3_in(v_3, v_i.0))
		(1, 1)    eval_TIFFFetchPerSampleShorts_3(v_3, v_i.0) -> Com_1(eval_TIFFFetchPerSampleShorts_9(v_3, v_i.0))
		(1, 1)    eval_TIFFFetchPerSampleShorts_2(v_3, v_i.0) -> Com_2(eval_CheckDirCount_start(v_3, v_i.0), eval_TIFFFetchPerSampleShorts_3(v_3, v_i.0))
		(1, 2)    eval_TIFFFetchPerSampleShorts_start(v_3, v_i.0) -> Com_1(eval_TIFFFetchPerSampleShorts_2(nondef.0, v_i.0))
	start location:	eval_TIFFFetchPerSampleShorts_start
	leaf cost:	0

By chaining the transition eval_TIFFFetchPerSampleShorts_bb3_in(v_3, v_i.0) -> Com_1(eval_TIFFFetchPerSampleShorts_11(v_3, v_i.0)) with all transitions in problem 15, the following new transition is obtained:
	eval_TIFFFetchPerSampleShorts_bb3_in(v_3, v_i.0) -> Com_2(eval_TIFFFetchShortArray_start(v_3, v_i.0), eval_TIFFFetchPerSampleShorts_12(v_3, v_i.0))
We thus obtain the following problem:
16:	T:
		(2, 2)    eval_TIFFFetchPerSampleShorts_bb3_in(v_3, v_i.0) -> Com_2(eval_TIFFFetchShortArray_start(v_3, v_i.0), eval_TIFFFetchPerSampleShorts_12(v_3, v_i.0))
		(1, 3)    eval_TIFFFetchPerSampleShorts_10(v_3, v_i.0) -> Com_2(eval_TIFFFetchShortArray_start(v_3, v_i.0), eval_TIFFFetchPerSampleShorts_12(v_3, v_i.0))
		(8, 1)    eval_TIFFFetchPerSampleShorts_24(v_3, v_i.0) -> Com_1(eval_TIFFFetchPerSampleShorts_bb10_in(v_3, v_i.0)) [ v_3 - v_i.0 - 1 >= 0 /\ v_i.0 - 1 >= 0 /\ v_3 + v_i.0 - 3 >= 0 /\ v_3 - 2 >= 0 ]
		(8, 1)    eval_TIFFFetchPerSampleShorts_23(v_3, v_i.0) -> Com_2(eval_TIFFError_start(v_3, v_i.0), eval_TIFFFetchPerSampleShorts_24(v_3, v_i.0)) [ v_3 - v_i.0 - 1 >= 0 /\ v_i.0 - 1 >= 0 /\ v_3 + v_i.0 - 3 >= 0 /\ v_3 - 2 >= 0 ]
		(8, 2)    eval_TIFFFetchPerSampleShorts_32(v_3, v_i.0) -> Com_1(eval_TIFFFetchPerSampleShorts_stop(v_3, v_i.0))
		(8, 2)    eval_TIFFFetchPerSampleShorts_bb10_in(v_3, v_i.0) -> Com_2(eval__TIFFfree_start(v_3, v_i.0), eval_TIFFFetchPerSampleShorts_32(v_3, v_i.0))
		(8, 2)    eval_TIFFFetchPerSampleShorts_bb10_in(v_3, v_i.0) -> Com_1(eval_TIFFFetchPerSampleShorts_stop(v_3, v_i.0))
		(8, 2)    eval_TIFFFetchPerSampleShorts_bb5_in(v_3, v_i.0) -> Com_2(eval__TIFFFieldWithTag_start(v_3, v_i.0), eval_TIFFFetchPerSampleShorts_23(v_3, v_i.0)) [ v_i.0 - 1 >= 0 /\ v_i.0 < v_3 /\ v_3 - v_i.0 - 1 >= 0 /\ v_3 + v_i.0 - 3 >= 0 /\ v_3 - 2 >= 0 ]
		(8, 1)    eval_TIFFFetchPerSampleShorts_bb5_in(v_3, v_i.0) -> Com_1(eval_TIFFFetchPerSampleShorts_bb10_in(v_3, v_i.0)) [ v_i.0 - 1 >= 0 /\ v_i.0 >= v_3 ]
		(?, 1)    eval_TIFFFetchPerSampleShorts_bb5_in(v_3, v_i.0) -> Com_1(eval_TIFFFetchPerSampleShorts_bb5_in(v_3, v_i.0 + 1)) [ v_i.0 - 1 >= 0 /\ v_i.0 < v_3 ]
		(2, 1)    eval_TIFFFetchPerSampleShorts_12(v_3, v_i.0) -> Com_1(eval_TIFFFetchPerSampleShorts_bb10_in(v_3, v_i.0))
		(2, 1)    eval_TIFFFetchPerSampleShorts_12(v_3, v_i.0) -> Com_1(eval_TIFFFetchPerSampleShorts_bb5_in(v_3, 1))
		(2, 1)    eval_TIFFFetchPerSampleShorts_11(v_3, v_i.0) -> Com_2(eval_TIFFFetchShortArray_start(v_3, v_i.0), eval_TIFFFetchPerSampleShorts_12(v_3, v_i.0))
		(8, 1)    eval_TIFFFetchPerSampleShorts_bb12_in(v_3, v_i.0) -> Com_1(eval_TIFFFetchPerSampleShorts_stop(v_3, v_i.0))
		(1, 1)    eval_TIFFFetchPerSampleShorts_9(v_3, v_i.0) -> Com_2(eval__TIFFmalloc_start(v_3, v_i.0), eval_TIFFFetchPerSampleShorts_10(v_3, v_i.0))
		(1, 1)    eval_TIFFFetchPerSampleShorts_3(v_3, v_i.0) -> Com_1(eval_TIFFFetchPerSampleShorts_bb12_in(v_3, v_i.0))
		(1, 1)    eval_TIFFFetchPerSampleShorts_3(v_3, v_i.0) -> Com_1(eval_TIFFFetchPerSampleShorts_bb3_in(v_3, v_i.0))
		(1, 1)    eval_TIFFFetchPerSampleShorts_3(v_3, v_i.0) -> Com_1(eval_TIFFFetchPerSampleShorts_9(v_3, v_i.0))
		(1, 1)    eval_TIFFFetchPerSampleShorts_2(v_3, v_i.0) -> Com_2(eval_CheckDirCount_start(v_3, v_i.0), eval_TIFFFetchPerSampleShorts_3(v_3, v_i.0))
		(1, 2)    eval_TIFFFetchPerSampleShorts_start(v_3, v_i.0) -> Com_1(eval_TIFFFetchPerSampleShorts_2(nondef.0, v_i.0))
	start location:	eval_TIFFFetchPerSampleShorts_start
	leaf cost:	0

Testing for reachability in the complexity graph removes the following transition from problem 16:
	eval_TIFFFetchPerSampleShorts_11(v_3, v_i.0) -> Com_2(eval_TIFFFetchShortArray_start(v_3, v_i.0), eval_TIFFFetchPerSampleShorts_12(v_3, v_i.0))
We thus obtain the following problem:
17:	T:
		(8, 1)    eval_TIFFFetchPerSampleShorts_24(v_3, v_i.0) -> Com_1(eval_TIFFFetchPerSampleShorts_bb10_in(v_3, v_i.0)) [ v_3 - v_i.0 - 1 >= 0 /\ v_i.0 - 1 >= 0 /\ v_3 + v_i.0 - 3 >= 0 /\ v_3 - 2 >= 0 ]
		(8, 1)    eval_TIFFFetchPerSampleShorts_23(v_3, v_i.0) -> Com_2(eval_TIFFError_start(v_3, v_i.0), eval_TIFFFetchPerSampleShorts_24(v_3, v_i.0)) [ v_3 - v_i.0 - 1 >= 0 /\ v_i.0 - 1 >= 0 /\ v_3 + v_i.0 - 3 >= 0 /\ v_3 - 2 >= 0 ]
		(8, 2)    eval_TIFFFetchPerSampleShorts_32(v_3, v_i.0) -> Com_1(eval_TIFFFetchPerSampleShorts_stop(v_3, v_i.0))
		(8, 2)    eval_TIFFFetchPerSampleShorts_bb10_in(v_3, v_i.0) -> Com_2(eval__TIFFfree_start(v_3, v_i.0), eval_TIFFFetchPerSampleShorts_32(v_3, v_i.0))
		(8, 2)    eval_TIFFFetchPerSampleShorts_bb10_in(v_3, v_i.0) -> Com_1(eval_TIFFFetchPerSampleShorts_stop(v_3, v_i.0))
		(8, 2)    eval_TIFFFetchPerSampleShorts_bb5_in(v_3, v_i.0) -> Com_2(eval__TIFFFieldWithTag_start(v_3, v_i.0), eval_TIFFFetchPerSampleShorts_23(v_3, v_i.0)) [ v_i.0 - 1 >= 0 /\ v_i.0 < v_3 /\ v_3 - v_i.0 - 1 >= 0 /\ v_3 + v_i.0 - 3 >= 0 /\ v_3 - 2 >= 0 ]
		(8, 1)    eval_TIFFFetchPerSampleShorts_bb5_in(v_3, v_i.0) -> Com_1(eval_TIFFFetchPerSampleShorts_bb10_in(v_3, v_i.0)) [ v_i.0 - 1 >= 0 /\ v_i.0 >= v_3 ]
		(?, 1)    eval_TIFFFetchPerSampleShorts_bb5_in(v_3, v_i.0) -> Com_1(eval_TIFFFetchPerSampleShorts_bb5_in(v_3, v_i.0 + 1)) [ v_i.0 - 1 >= 0 /\ v_i.0 < v_3 ]
		(2, 1)    eval_TIFFFetchPerSampleShorts_12(v_3, v_i.0) -> Com_1(eval_TIFFFetchPerSampleShorts_bb10_in(v_3, v_i.0))
		(2, 1)    eval_TIFFFetchPerSampleShorts_12(v_3, v_i.0) -> Com_1(eval_TIFFFetchPerSampleShorts_bb5_in(v_3, 1))
		(1, 3)    eval_TIFFFetchPerSampleShorts_10(v_3, v_i.0) -> Com_2(eval_TIFFFetchShortArray_start(v_3, v_i.0), eval_TIFFFetchPerSampleShorts_12(v_3, v_i.0))
		(8, 1)    eval_TIFFFetchPerSampleShorts_bb12_in(v_3, v_i.0) -> Com_1(eval_TIFFFetchPerSampleShorts_stop(v_3, v_i.0))
		(2, 2)    eval_TIFFFetchPerSampleShorts_bb3_in(v_3, v_i.0) -> Com_2(eval_TIFFFetchShortArray_start(v_3, v_i.0), eval_TIFFFetchPerSampleShorts_12(v_3, v_i.0))
		(1, 1)    eval_TIFFFetchPerSampleShorts_9(v_3, v_i.0) -> Com_2(eval__TIFFmalloc_start(v_3, v_i.0), eval_TIFFFetchPerSampleShorts_10(v_3, v_i.0))
		(1, 1)    eval_TIFFFetchPerSampleShorts_3(v_3, v_i.0) -> Com_1(eval_TIFFFetchPerSampleShorts_bb12_in(v_3, v_i.0))
		(1, 1)    eval_TIFFFetchPerSampleShorts_3(v_3, v_i.0) -> Com_1(eval_TIFFFetchPerSampleShorts_bb3_in(v_3, v_i.0))
		(1, 1)    eval_TIFFFetchPerSampleShorts_3(v_3, v_i.0) -> Com_1(eval_TIFFFetchPerSampleShorts_9(v_3, v_i.0))
		(1, 1)    eval_TIFFFetchPerSampleShorts_2(v_3, v_i.0) -> Com_2(eval_CheckDirCount_start(v_3, v_i.0), eval_TIFFFetchPerSampleShorts_3(v_3, v_i.0))
		(1, 2)    eval_TIFFFetchPerSampleShorts_start(v_3, v_i.0) -> Com_1(eval_TIFFFetchPerSampleShorts_2(nondef.0, v_i.0))
	start location:	eval_TIFFFetchPerSampleShorts_start
	leaf cost:	0

By chaining the transition eval_TIFFFetchPerSampleShorts_3(v_3, v_i.0) -> Com_1(eval_TIFFFetchPerSampleShorts_bb12_in(v_3, v_i.0)) with all transitions in problem 17, the following new transition is obtained:
	eval_TIFFFetchPerSampleShorts_3(v_3, v_i.0) -> Com_1(eval_TIFFFetchPerSampleShorts_stop(v_3, v_i.0))
We thus obtain the following problem:
18:	T:
		(1, 2)    eval_TIFFFetchPerSampleShorts_3(v_3, v_i.0) -> Com_1(eval_TIFFFetchPerSampleShorts_stop(v_3, v_i.0))
		(8, 1)    eval_TIFFFetchPerSampleShorts_24(v_3, v_i.0) -> Com_1(eval_TIFFFetchPerSampleShorts_bb10_in(v_3, v_i.0)) [ v_3 - v_i.0 - 1 >= 0 /\ v_i.0 - 1 >= 0 /\ v_3 + v_i.0 - 3 >= 0 /\ v_3 - 2 >= 0 ]
		(8, 1)    eval_TIFFFetchPerSampleShorts_23(v_3, v_i.0) -> Com_2(eval_TIFFError_start(v_3, v_i.0), eval_TIFFFetchPerSampleShorts_24(v_3, v_i.0)) [ v_3 - v_i.0 - 1 >= 0 /\ v_i.0 - 1 >= 0 /\ v_3 + v_i.0 - 3 >= 0 /\ v_3 - 2 >= 0 ]
		(8, 2)    eval_TIFFFetchPerSampleShorts_32(v_3, v_i.0) -> Com_1(eval_TIFFFetchPerSampleShorts_stop(v_3, v_i.0))
		(8, 2)    eval_TIFFFetchPerSampleShorts_bb10_in(v_3, v_i.0) -> Com_2(eval__TIFFfree_start(v_3, v_i.0), eval_TIFFFetchPerSampleShorts_32(v_3, v_i.0))
		(8, 2)    eval_TIFFFetchPerSampleShorts_bb10_in(v_3, v_i.0) -> Com_1(eval_TIFFFetchPerSampleShorts_stop(v_3, v_i.0))
		(8, 2)    eval_TIFFFetchPerSampleShorts_bb5_in(v_3, v_i.0) -> Com_2(eval__TIFFFieldWithTag_start(v_3, v_i.0), eval_TIFFFetchPerSampleShorts_23(v_3, v_i.0)) [ v_i.0 - 1 >= 0 /\ v_i.0 < v_3 /\ v_3 - v_i.0 - 1 >= 0 /\ v_3 + v_i.0 - 3 >= 0 /\ v_3 - 2 >= 0 ]
		(8, 1)    eval_TIFFFetchPerSampleShorts_bb5_in(v_3, v_i.0) -> Com_1(eval_TIFFFetchPerSampleShorts_bb10_in(v_3, v_i.0)) [ v_i.0 - 1 >= 0 /\ v_i.0 >= v_3 ]
		(?, 1)    eval_TIFFFetchPerSampleShorts_bb5_in(v_3, v_i.0) -> Com_1(eval_TIFFFetchPerSampleShorts_bb5_in(v_3, v_i.0 + 1)) [ v_i.0 - 1 >= 0 /\ v_i.0 < v_3 ]
		(2, 1)    eval_TIFFFetchPerSampleShorts_12(v_3, v_i.0) -> Com_1(eval_TIFFFetchPerSampleShorts_bb10_in(v_3, v_i.0))
		(2, 1)    eval_TIFFFetchPerSampleShorts_12(v_3, v_i.0) -> Com_1(eval_TIFFFetchPerSampleShorts_bb5_in(v_3, 1))
		(1, 3)    eval_TIFFFetchPerSampleShorts_10(v_3, v_i.0) -> Com_2(eval_TIFFFetchShortArray_start(v_3, v_i.0), eval_TIFFFetchPerSampleShorts_12(v_3, v_i.0))
		(8, 1)    eval_TIFFFetchPerSampleShorts_bb12_in(v_3, v_i.0) -> Com_1(eval_TIFFFetchPerSampleShorts_stop(v_3, v_i.0))
		(2, 2)    eval_TIFFFetchPerSampleShorts_bb3_in(v_3, v_i.0) -> Com_2(eval_TIFFFetchShortArray_start(v_3, v_i.0), eval_TIFFFetchPerSampleShorts_12(v_3, v_i.0))
		(1, 1)    eval_TIFFFetchPerSampleShorts_9(v_3, v_i.0) -> Com_2(eval__TIFFmalloc_start(v_3, v_i.0), eval_TIFFFetchPerSampleShorts_10(v_3, v_i.0))
		(1, 1)    eval_TIFFFetchPerSampleShorts_3(v_3, v_i.0) -> Com_1(eval_TIFFFetchPerSampleShorts_bb3_in(v_3, v_i.0))
		(1, 1)    eval_TIFFFetchPerSampleShorts_3(v_3, v_i.0) -> Com_1(eval_TIFFFetchPerSampleShorts_9(v_3, v_i.0))
		(1, 1)    eval_TIFFFetchPerSampleShorts_2(v_3, v_i.0) -> Com_2(eval_CheckDirCount_start(v_3, v_i.0), eval_TIFFFetchPerSampleShorts_3(v_3, v_i.0))
		(1, 2)    eval_TIFFFetchPerSampleShorts_start(v_3, v_i.0) -> Com_1(eval_TIFFFetchPerSampleShorts_2(nondef.0, v_i.0))
	start location:	eval_TIFFFetchPerSampleShorts_start
	leaf cost:	0

Testing for reachability in the complexity graph removes the following transition from problem 18:
	eval_TIFFFetchPerSampleShorts_bb12_in(v_3, v_i.0) -> Com_1(eval_TIFFFetchPerSampleShorts_stop(v_3, v_i.0))
We thus obtain the following problem:
19:	T:
		(8, 1)    eval_TIFFFetchPerSampleShorts_24(v_3, v_i.0) -> Com_1(eval_TIFFFetchPerSampleShorts_bb10_in(v_3, v_i.0)) [ v_3 - v_i.0 - 1 >= 0 /\ v_i.0 - 1 >= 0 /\ v_3 + v_i.0 - 3 >= 0 /\ v_3 - 2 >= 0 ]
		(8, 1)    eval_TIFFFetchPerSampleShorts_23(v_3, v_i.0) -> Com_2(eval_TIFFError_start(v_3, v_i.0), eval_TIFFFetchPerSampleShorts_24(v_3, v_i.0)) [ v_3 - v_i.0 - 1 >= 0 /\ v_i.0 - 1 >= 0 /\ v_3 + v_i.0 - 3 >= 0 /\ v_3 - 2 >= 0 ]
		(8, 2)    eval_TIFFFetchPerSampleShorts_32(v_3, v_i.0) -> Com_1(eval_TIFFFetchPerSampleShorts_stop(v_3, v_i.0))
		(8, 2)    eval_TIFFFetchPerSampleShorts_bb10_in(v_3, v_i.0) -> Com_2(eval__TIFFfree_start(v_3, v_i.0), eval_TIFFFetchPerSampleShorts_32(v_3, v_i.0))
		(8, 2)    eval_TIFFFetchPerSampleShorts_bb10_in(v_3, v_i.0) -> Com_1(eval_TIFFFetchPerSampleShorts_stop(v_3, v_i.0))
		(8, 2)    eval_TIFFFetchPerSampleShorts_bb5_in(v_3, v_i.0) -> Com_2(eval__TIFFFieldWithTag_start(v_3, v_i.0), eval_TIFFFetchPerSampleShorts_23(v_3, v_i.0)) [ v_i.0 - 1 >= 0 /\ v_i.0 < v_3 /\ v_3 - v_i.0 - 1 >= 0 /\ v_3 + v_i.0 - 3 >= 0 /\ v_3 - 2 >= 0 ]
		(8, 1)    eval_TIFFFetchPerSampleShorts_bb5_in(v_3, v_i.0) -> Com_1(eval_TIFFFetchPerSampleShorts_bb10_in(v_3, v_i.0)) [ v_i.0 - 1 >= 0 /\ v_i.0 >= v_3 ]
		(?, 1)    eval_TIFFFetchPerSampleShorts_bb5_in(v_3, v_i.0) -> Com_1(eval_TIFFFetchPerSampleShorts_bb5_in(v_3, v_i.0 + 1)) [ v_i.0 - 1 >= 0 /\ v_i.0 < v_3 ]
		(2, 1)    eval_TIFFFetchPerSampleShorts_12(v_3, v_i.0) -> Com_1(eval_TIFFFetchPerSampleShorts_bb10_in(v_3, v_i.0))
		(2, 1)    eval_TIFFFetchPerSampleShorts_12(v_3, v_i.0) -> Com_1(eval_TIFFFetchPerSampleShorts_bb5_in(v_3, 1))
		(1, 3)    eval_TIFFFetchPerSampleShorts_10(v_3, v_i.0) -> Com_2(eval_TIFFFetchShortArray_start(v_3, v_i.0), eval_TIFFFetchPerSampleShorts_12(v_3, v_i.0))
		(2, 2)    eval_TIFFFetchPerSampleShorts_bb3_in(v_3, v_i.0) -> Com_2(eval_TIFFFetchShortArray_start(v_3, v_i.0), eval_TIFFFetchPerSampleShorts_12(v_3, v_i.0))
		(1, 1)    eval_TIFFFetchPerSampleShorts_9(v_3, v_i.0) -> Com_2(eval__TIFFmalloc_start(v_3, v_i.0), eval_TIFFFetchPerSampleShorts_10(v_3, v_i.0))
		(1, 2)    eval_TIFFFetchPerSampleShorts_3(v_3, v_i.0) -> Com_1(eval_TIFFFetchPerSampleShorts_stop(v_3, v_i.0))
		(1, 1)    eval_TIFFFetchPerSampleShorts_3(v_3, v_i.0) -> Com_1(eval_TIFFFetchPerSampleShorts_bb3_in(v_3, v_i.0))
		(1, 1)    eval_TIFFFetchPerSampleShorts_3(v_3, v_i.0) -> Com_1(eval_TIFFFetchPerSampleShorts_9(v_3, v_i.0))
		(1, 1)    eval_TIFFFetchPerSampleShorts_2(v_3, v_i.0) -> Com_2(eval_CheckDirCount_start(v_3, v_i.0), eval_TIFFFetchPerSampleShorts_3(v_3, v_i.0))
		(1, 2)    eval_TIFFFetchPerSampleShorts_start(v_3, v_i.0) -> Com_1(eval_TIFFFetchPerSampleShorts_2(nondef.0, v_i.0))
	start location:	eval_TIFFFetchPerSampleShorts_start
	leaf cost:	0

By chaining the transition eval_TIFFFetchPerSampleShorts_3(v_3, v_i.0) -> Com_1(eval_TIFFFetchPerSampleShorts_bb3_in(v_3, v_i.0)) with all transitions in problem 19, the following new transition is obtained:
	eval_TIFFFetchPerSampleShorts_3(v_3, v_i.0) -> Com_2(eval_TIFFFetchShortArray_start(v_3, v_i.0), eval_TIFFFetchPerSampleShorts_12(v_3, v_i.0))
We thus obtain the following problem:
20:	T:
		(1, 3)    eval_TIFFFetchPerSampleShorts_3(v_3, v_i.0) -> Com_2(eval_TIFFFetchShortArray_start(v_3, v_i.0), eval_TIFFFetchPerSampleShorts_12(v_3, v_i.0))
		(8, 1)    eval_TIFFFetchPerSampleShorts_24(v_3, v_i.0) -> Com_1(eval_TIFFFetchPerSampleShorts_bb10_in(v_3, v_i.0)) [ v_3 - v_i.0 - 1 >= 0 /\ v_i.0 - 1 >= 0 /\ v_3 + v_i.0 - 3 >= 0 /\ v_3 - 2 >= 0 ]
		(8, 1)    eval_TIFFFetchPerSampleShorts_23(v_3, v_i.0) -> Com_2(eval_TIFFError_start(v_3, v_i.0), eval_TIFFFetchPerSampleShorts_24(v_3, v_i.0)) [ v_3 - v_i.0 - 1 >= 0 /\ v_i.0 - 1 >= 0 /\ v_3 + v_i.0 - 3 >= 0 /\ v_3 - 2 >= 0 ]
		(8, 2)    eval_TIFFFetchPerSampleShorts_32(v_3, v_i.0) -> Com_1(eval_TIFFFetchPerSampleShorts_stop(v_3, v_i.0))
		(8, 2)    eval_TIFFFetchPerSampleShorts_bb10_in(v_3, v_i.0) -> Com_2(eval__TIFFfree_start(v_3, v_i.0), eval_TIFFFetchPerSampleShorts_32(v_3, v_i.0))
		(8, 2)    eval_TIFFFetchPerSampleShorts_bb10_in(v_3, v_i.0) -> Com_1(eval_TIFFFetchPerSampleShorts_stop(v_3, v_i.0))
		(8, 2)    eval_TIFFFetchPerSampleShorts_bb5_in(v_3, v_i.0) -> Com_2(eval__TIFFFieldWithTag_start(v_3, v_i.0), eval_TIFFFetchPerSampleShorts_23(v_3, v_i.0)) [ v_i.0 - 1 >= 0 /\ v_i.0 < v_3 /\ v_3 - v_i.0 - 1 >= 0 /\ v_3 + v_i.0 - 3 >= 0 /\ v_3 - 2 >= 0 ]
		(8, 1)    eval_TIFFFetchPerSampleShorts_bb5_in(v_3, v_i.0) -> Com_1(eval_TIFFFetchPerSampleShorts_bb10_in(v_3, v_i.0)) [ v_i.0 - 1 >= 0 /\ v_i.0 >= v_3 ]
		(?, 1)    eval_TIFFFetchPerSampleShorts_bb5_in(v_3, v_i.0) -> Com_1(eval_TIFFFetchPerSampleShorts_bb5_in(v_3, v_i.0 + 1)) [ v_i.0 - 1 >= 0 /\ v_i.0 < v_3 ]
		(2, 1)    eval_TIFFFetchPerSampleShorts_12(v_3, v_i.0) -> Com_1(eval_TIFFFetchPerSampleShorts_bb10_in(v_3, v_i.0))
		(2, 1)    eval_TIFFFetchPerSampleShorts_12(v_3, v_i.0) -> Com_1(eval_TIFFFetchPerSampleShorts_bb5_in(v_3, 1))
		(1, 3)    eval_TIFFFetchPerSampleShorts_10(v_3, v_i.0) -> Com_2(eval_TIFFFetchShortArray_start(v_3, v_i.0), eval_TIFFFetchPerSampleShorts_12(v_3, v_i.0))
		(2, 2)    eval_TIFFFetchPerSampleShorts_bb3_in(v_3, v_i.0) -> Com_2(eval_TIFFFetchShortArray_start(v_3, v_i.0), eval_TIFFFetchPerSampleShorts_12(v_3, v_i.0))
		(1, 1)    eval_TIFFFetchPerSampleShorts_9(v_3, v_i.0) -> Com_2(eval__TIFFmalloc_start(v_3, v_i.0), eval_TIFFFetchPerSampleShorts_10(v_3, v_i.0))
		(1, 2)    eval_TIFFFetchPerSampleShorts_3(v_3, v_i.0) -> Com_1(eval_TIFFFetchPerSampleShorts_stop(v_3, v_i.0))
		(1, 1)    eval_TIFFFetchPerSampleShorts_3(v_3, v_i.0) -> Com_1(eval_TIFFFetchPerSampleShorts_9(v_3, v_i.0))
		(1, 1)    eval_TIFFFetchPerSampleShorts_2(v_3, v_i.0) -> Com_2(eval_CheckDirCount_start(v_3, v_i.0), eval_TIFFFetchPerSampleShorts_3(v_3, v_i.0))
		(1, 2)    eval_TIFFFetchPerSampleShorts_start(v_3, v_i.0) -> Com_1(eval_TIFFFetchPerSampleShorts_2(nondef.0, v_i.0))
	start location:	eval_TIFFFetchPerSampleShorts_start
	leaf cost:	0

Testing for reachability in the complexity graph removes the following transition from problem 20:
	eval_TIFFFetchPerSampleShorts_bb3_in(v_3, v_i.0) -> Com_2(eval_TIFFFetchShortArray_start(v_3, v_i.0), eval_TIFFFetchPerSampleShorts_12(v_3, v_i.0))
We thus obtain the following problem:
21:	T:
		(8, 1)    eval_TIFFFetchPerSampleShorts_24(v_3, v_i.0) -> Com_1(eval_TIFFFetchPerSampleShorts_bb10_in(v_3, v_i.0)) [ v_3 - v_i.0 - 1 >= 0 /\ v_i.0 - 1 >= 0 /\ v_3 + v_i.0 - 3 >= 0 /\ v_3 - 2 >= 0 ]
		(8, 1)    eval_TIFFFetchPerSampleShorts_23(v_3, v_i.0) -> Com_2(eval_TIFFError_start(v_3, v_i.0), eval_TIFFFetchPerSampleShorts_24(v_3, v_i.0)) [ v_3 - v_i.0 - 1 >= 0 /\ v_i.0 - 1 >= 0 /\ v_3 + v_i.0 - 3 >= 0 /\ v_3 - 2 >= 0 ]
		(8, 2)    eval_TIFFFetchPerSampleShorts_32(v_3, v_i.0) -> Com_1(eval_TIFFFetchPerSampleShorts_stop(v_3, v_i.0))
		(8, 2)    eval_TIFFFetchPerSampleShorts_bb10_in(v_3, v_i.0) -> Com_2(eval__TIFFfree_start(v_3, v_i.0), eval_TIFFFetchPerSampleShorts_32(v_3, v_i.0))
		(8, 2)    eval_TIFFFetchPerSampleShorts_bb10_in(v_3, v_i.0) -> Com_1(eval_TIFFFetchPerSampleShorts_stop(v_3, v_i.0))
		(8, 2)    eval_TIFFFetchPerSampleShorts_bb5_in(v_3, v_i.0) -> Com_2(eval__TIFFFieldWithTag_start(v_3, v_i.0), eval_TIFFFetchPerSampleShorts_23(v_3, v_i.0)) [ v_i.0 - 1 >= 0 /\ v_i.0 < v_3 /\ v_3 - v_i.0 - 1 >= 0 /\ v_3 + v_i.0 - 3 >= 0 /\ v_3 - 2 >= 0 ]
		(8, 1)    eval_TIFFFetchPerSampleShorts_bb5_in(v_3, v_i.0) -> Com_1(eval_TIFFFetchPerSampleShorts_bb10_in(v_3, v_i.0)) [ v_i.0 - 1 >= 0 /\ v_i.0 >= v_3 ]
		(?, 1)    eval_TIFFFetchPerSampleShorts_bb5_in(v_3, v_i.0) -> Com_1(eval_TIFFFetchPerSampleShorts_bb5_in(v_3, v_i.0 + 1)) [ v_i.0 - 1 >= 0 /\ v_i.0 < v_3 ]
		(1, 3)    eval_TIFFFetchPerSampleShorts_10(v_3, v_i.0) -> Com_2(eval_TIFFFetchShortArray_start(v_3, v_i.0), eval_TIFFFetchPerSampleShorts_12(v_3, v_i.0))
		(2, 1)    eval_TIFFFetchPerSampleShorts_12(v_3, v_i.0) -> Com_1(eval_TIFFFetchPerSampleShorts_bb10_in(v_3, v_i.0))
		(2, 1)    eval_TIFFFetchPerSampleShorts_12(v_3, v_i.0) -> Com_1(eval_TIFFFetchPerSampleShorts_bb5_in(v_3, 1))
		(1, 1)    eval_TIFFFetchPerSampleShorts_9(v_3, v_i.0) -> Com_2(eval__TIFFmalloc_start(v_3, v_i.0), eval_TIFFFetchPerSampleShorts_10(v_3, v_i.0))
		(1, 3)    eval_TIFFFetchPerSampleShorts_3(v_3, v_i.0) -> Com_2(eval_TIFFFetchShortArray_start(v_3, v_i.0), eval_TIFFFetchPerSampleShorts_12(v_3, v_i.0))
		(1, 2)    eval_TIFFFetchPerSampleShorts_3(v_3, v_i.0) -> Com_1(eval_TIFFFetchPerSampleShorts_stop(v_3, v_i.0))
		(1, 1)    eval_TIFFFetchPerSampleShorts_3(v_3, v_i.0) -> Com_1(eval_TIFFFetchPerSampleShorts_9(v_3, v_i.0))
		(1, 1)    eval_TIFFFetchPerSampleShorts_2(v_3, v_i.0) -> Com_2(eval_CheckDirCount_start(v_3, v_i.0), eval_TIFFFetchPerSampleShorts_3(v_3, v_i.0))
		(1, 2)    eval_TIFFFetchPerSampleShorts_start(v_3, v_i.0) -> Com_1(eval_TIFFFetchPerSampleShorts_2(nondef.0, v_i.0))
	start location:	eval_TIFFFetchPerSampleShorts_start
	leaf cost:	0

By chaining the transition eval_TIFFFetchPerSampleShorts_3(v_3, v_i.0) -> Com_1(eval_TIFFFetchPerSampleShorts_9(v_3, v_i.0)) with all transitions in problem 21, the following new transition is obtained:
	eval_TIFFFetchPerSampleShorts_3(v_3, v_i.0) -> Com_2(eval__TIFFmalloc_start(v_3, v_i.0), eval_TIFFFetchPerSampleShorts_10(v_3, v_i.0))
We thus obtain the following problem:
22:	T:
		(1, 2)    eval_TIFFFetchPerSampleShorts_3(v_3, v_i.0) -> Com_2(eval__TIFFmalloc_start(v_3, v_i.0), eval_TIFFFetchPerSampleShorts_10(v_3, v_i.0))
		(8, 1)    eval_TIFFFetchPerSampleShorts_24(v_3, v_i.0) -> Com_1(eval_TIFFFetchPerSampleShorts_bb10_in(v_3, v_i.0)) [ v_3 - v_i.0 - 1 >= 0 /\ v_i.0 - 1 >= 0 /\ v_3 + v_i.0 - 3 >= 0 /\ v_3 - 2 >= 0 ]
		(8, 1)    eval_TIFFFetchPerSampleShorts_23(v_3, v_i.0) -> Com_2(eval_TIFFError_start(v_3, v_i.0), eval_TIFFFetchPerSampleShorts_24(v_3, v_i.0)) [ v_3 - v_i.0 - 1 >= 0 /\ v_i.0 - 1 >= 0 /\ v_3 + v_i.0 - 3 >= 0 /\ v_3 - 2 >= 0 ]
		(8, 2)    eval_TIFFFetchPerSampleShorts_32(v_3, v_i.0) -> Com_1(eval_TIFFFetchPerSampleShorts_stop(v_3, v_i.0))
		(8, 2)    eval_TIFFFetchPerSampleShorts_bb10_in(v_3, v_i.0) -> Com_2(eval__TIFFfree_start(v_3, v_i.0), eval_TIFFFetchPerSampleShorts_32(v_3, v_i.0))
		(8, 2)    eval_TIFFFetchPerSampleShorts_bb10_in(v_3, v_i.0) -> Com_1(eval_TIFFFetchPerSampleShorts_stop(v_3, v_i.0))
		(8, 2)    eval_TIFFFetchPerSampleShorts_bb5_in(v_3, v_i.0) -> Com_2(eval__TIFFFieldWithTag_start(v_3, v_i.0), eval_TIFFFetchPerSampleShorts_23(v_3, v_i.0)) [ v_i.0 - 1 >= 0 /\ v_i.0 < v_3 /\ v_3 - v_i.0 - 1 >= 0 /\ v_3 + v_i.0 - 3 >= 0 /\ v_3 - 2 >= 0 ]
		(8, 1)    eval_TIFFFetchPerSampleShorts_bb5_in(v_3, v_i.0) -> Com_1(eval_TIFFFetchPerSampleShorts_bb10_in(v_3, v_i.0)) [ v_i.0 - 1 >= 0 /\ v_i.0 >= v_3 ]
		(?, 1)    eval_TIFFFetchPerSampleShorts_bb5_in(v_3, v_i.0) -> Com_1(eval_TIFFFetchPerSampleShorts_bb5_in(v_3, v_i.0 + 1)) [ v_i.0 - 1 >= 0 /\ v_i.0 < v_3 ]
		(1, 3)    eval_TIFFFetchPerSampleShorts_10(v_3, v_i.0) -> Com_2(eval_TIFFFetchShortArray_start(v_3, v_i.0), eval_TIFFFetchPerSampleShorts_12(v_3, v_i.0))
		(2, 1)    eval_TIFFFetchPerSampleShorts_12(v_3, v_i.0) -> Com_1(eval_TIFFFetchPerSampleShorts_bb10_in(v_3, v_i.0))
		(2, 1)    eval_TIFFFetchPerSampleShorts_12(v_3, v_i.0) -> Com_1(eval_TIFFFetchPerSampleShorts_bb5_in(v_3, 1))
		(1, 1)    eval_TIFFFetchPerSampleShorts_9(v_3, v_i.0) -> Com_2(eval__TIFFmalloc_start(v_3, v_i.0), eval_TIFFFetchPerSampleShorts_10(v_3, v_i.0))
		(1, 3)    eval_TIFFFetchPerSampleShorts_3(v_3, v_i.0) -> Com_2(eval_TIFFFetchShortArray_start(v_3, v_i.0), eval_TIFFFetchPerSampleShorts_12(v_3, v_i.0))
		(1, 2)    eval_TIFFFetchPerSampleShorts_3(v_3, v_i.0) -> Com_1(eval_TIFFFetchPerSampleShorts_stop(v_3, v_i.0))
		(1, 1)    eval_TIFFFetchPerSampleShorts_2(v_3, v_i.0) -> Com_2(eval_CheckDirCount_start(v_3, v_i.0), eval_TIFFFetchPerSampleShorts_3(v_3, v_i.0))
		(1, 2)    eval_TIFFFetchPerSampleShorts_start(v_3, v_i.0) -> Com_1(eval_TIFFFetchPerSampleShorts_2(nondef.0, v_i.0))
	start location:	eval_TIFFFetchPerSampleShorts_start
	leaf cost:	0

Testing for reachability in the complexity graph removes the following transition from problem 22:
	eval_TIFFFetchPerSampleShorts_9(v_3, v_i.0) -> Com_2(eval__TIFFmalloc_start(v_3, v_i.0), eval_TIFFFetchPerSampleShorts_10(v_3, v_i.0))
We thus obtain the following problem:
23:	T:
		(8, 1)    eval_TIFFFetchPerSampleShorts_24(v_3, v_i.0) -> Com_1(eval_TIFFFetchPerSampleShorts_bb10_in(v_3, v_i.0)) [ v_3 - v_i.0 - 1 >= 0 /\ v_i.0 - 1 >= 0 /\ v_3 + v_i.0 - 3 >= 0 /\ v_3 - 2 >= 0 ]
		(8, 1)    eval_TIFFFetchPerSampleShorts_23(v_3, v_i.0) -> Com_2(eval_TIFFError_start(v_3, v_i.0), eval_TIFFFetchPerSampleShorts_24(v_3, v_i.0)) [ v_3 - v_i.0 - 1 >= 0 /\ v_i.0 - 1 >= 0 /\ v_3 + v_i.0 - 3 >= 0 /\ v_3 - 2 >= 0 ]
		(8, 2)    eval_TIFFFetchPerSampleShorts_32(v_3, v_i.0) -> Com_1(eval_TIFFFetchPerSampleShorts_stop(v_3, v_i.0))
		(8, 2)    eval_TIFFFetchPerSampleShorts_bb10_in(v_3, v_i.0) -> Com_2(eval__TIFFfree_start(v_3, v_i.0), eval_TIFFFetchPerSampleShorts_32(v_3, v_i.0))
		(8, 2)    eval_TIFFFetchPerSampleShorts_bb10_in(v_3, v_i.0) -> Com_1(eval_TIFFFetchPerSampleShorts_stop(v_3, v_i.0))
		(8, 2)    eval_TIFFFetchPerSampleShorts_bb5_in(v_3, v_i.0) -> Com_2(eval__TIFFFieldWithTag_start(v_3, v_i.0), eval_TIFFFetchPerSampleShorts_23(v_3, v_i.0)) [ v_i.0 - 1 >= 0 /\ v_i.0 < v_3 /\ v_3 - v_i.0 - 1 >= 0 /\ v_3 + v_i.0 - 3 >= 0 /\ v_3 - 2 >= 0 ]
		(8, 1)    eval_TIFFFetchPerSampleShorts_bb5_in(v_3, v_i.0) -> Com_1(eval_TIFFFetchPerSampleShorts_bb10_in(v_3, v_i.0)) [ v_i.0 - 1 >= 0 /\ v_i.0 >= v_3 ]
		(?, 1)    eval_TIFFFetchPerSampleShorts_bb5_in(v_3, v_i.0) -> Com_1(eval_TIFFFetchPerSampleShorts_bb5_in(v_3, v_i.0 + 1)) [ v_i.0 - 1 >= 0 /\ v_i.0 < v_3 ]
		(1, 3)    eval_TIFFFetchPerSampleShorts_10(v_3, v_i.0) -> Com_2(eval_TIFFFetchShortArray_start(v_3, v_i.0), eval_TIFFFetchPerSampleShorts_12(v_3, v_i.0))
		(2, 1)    eval_TIFFFetchPerSampleShorts_12(v_3, v_i.0) -> Com_1(eval_TIFFFetchPerSampleShorts_bb10_in(v_3, v_i.0))
		(2, 1)    eval_TIFFFetchPerSampleShorts_12(v_3, v_i.0) -> Com_1(eval_TIFFFetchPerSampleShorts_bb5_in(v_3, 1))
		(1, 2)    eval_TIFFFetchPerSampleShorts_3(v_3, v_i.0) -> Com_2(eval__TIFFmalloc_start(v_3, v_i.0), eval_TIFFFetchPerSampleShorts_10(v_3, v_i.0))
		(1, 3)    eval_TIFFFetchPerSampleShorts_3(v_3, v_i.0) -> Com_2(eval_TIFFFetchShortArray_start(v_3, v_i.0), eval_TIFFFetchPerSampleShorts_12(v_3, v_i.0))
		(1, 2)    eval_TIFFFetchPerSampleShorts_3(v_3, v_i.0) -> Com_1(eval_TIFFFetchPerSampleShorts_stop(v_3, v_i.0))
		(1, 1)    eval_TIFFFetchPerSampleShorts_2(v_3, v_i.0) -> Com_2(eval_CheckDirCount_start(v_3, v_i.0), eval_TIFFFetchPerSampleShorts_3(v_3, v_i.0))
		(1, 2)    eval_TIFFFetchPerSampleShorts_start(v_3, v_i.0) -> Com_1(eval_TIFFFetchPerSampleShorts_2(nondef.0, v_i.0))
	start location:	eval_TIFFFetchPerSampleShorts_start
	leaf cost:	0

By chaining the transition eval_TIFFFetchPerSampleShorts_start(v_3, v_i.0) -> Com_1(eval_TIFFFetchPerSampleShorts_2(nondef.0, v_i.0)) with all transitions in problem 23, the following new transition is obtained:
	eval_TIFFFetchPerSampleShorts_start(v_3, v_i.0) -> Com_2(eval_CheckDirCount_start(nondef.0, v_i.0), eval_TIFFFetchPerSampleShorts_3(nondef.0, v_i.0))
We thus obtain the following problem:
24:	T:
		(1, 3)    eval_TIFFFetchPerSampleShorts_start(v_3, v_i.0) -> Com_2(eval_CheckDirCount_start(nondef.0, v_i.0), eval_TIFFFetchPerSampleShorts_3(nondef.0, v_i.0))
		(8, 1)    eval_TIFFFetchPerSampleShorts_24(v_3, v_i.0) -> Com_1(eval_TIFFFetchPerSampleShorts_bb10_in(v_3, v_i.0)) [ v_3 - v_i.0 - 1 >= 0 /\ v_i.0 - 1 >= 0 /\ v_3 + v_i.0 - 3 >= 0 /\ v_3 - 2 >= 0 ]
		(8, 1)    eval_TIFFFetchPerSampleShorts_23(v_3, v_i.0) -> Com_2(eval_TIFFError_start(v_3, v_i.0), eval_TIFFFetchPerSampleShorts_24(v_3, v_i.0)) [ v_3 - v_i.0 - 1 >= 0 /\ v_i.0 - 1 >= 0 /\ v_3 + v_i.0 - 3 >= 0 /\ v_3 - 2 >= 0 ]
		(8, 2)    eval_TIFFFetchPerSampleShorts_32(v_3, v_i.0) -> Com_1(eval_TIFFFetchPerSampleShorts_stop(v_3, v_i.0))
		(8, 2)    eval_TIFFFetchPerSampleShorts_bb10_in(v_3, v_i.0) -> Com_2(eval__TIFFfree_start(v_3, v_i.0), eval_TIFFFetchPerSampleShorts_32(v_3, v_i.0))
		(8, 2)    eval_TIFFFetchPerSampleShorts_bb10_in(v_3, v_i.0) -> Com_1(eval_TIFFFetchPerSampleShorts_stop(v_3, v_i.0))
		(8, 2)    eval_TIFFFetchPerSampleShorts_bb5_in(v_3, v_i.0) -> Com_2(eval__TIFFFieldWithTag_start(v_3, v_i.0), eval_TIFFFetchPerSampleShorts_23(v_3, v_i.0)) [ v_i.0 - 1 >= 0 /\ v_i.0 < v_3 /\ v_3 - v_i.0 - 1 >= 0 /\ v_3 + v_i.0 - 3 >= 0 /\ v_3 - 2 >= 0 ]
		(8, 1)    eval_TIFFFetchPerSampleShorts_bb5_in(v_3, v_i.0) -> Com_1(eval_TIFFFetchPerSampleShorts_bb10_in(v_3, v_i.0)) [ v_i.0 - 1 >= 0 /\ v_i.0 >= v_3 ]
		(?, 1)    eval_TIFFFetchPerSampleShorts_bb5_in(v_3, v_i.0) -> Com_1(eval_TIFFFetchPerSampleShorts_bb5_in(v_3, v_i.0 + 1)) [ v_i.0 - 1 >= 0 /\ v_i.0 < v_3 ]
		(1, 3)    eval_TIFFFetchPerSampleShorts_10(v_3, v_i.0) -> Com_2(eval_TIFFFetchShortArray_start(v_3, v_i.0), eval_TIFFFetchPerSampleShorts_12(v_3, v_i.0))
		(2, 1)    eval_TIFFFetchPerSampleShorts_12(v_3, v_i.0) -> Com_1(eval_TIFFFetchPerSampleShorts_bb10_in(v_3, v_i.0))
		(2, 1)    eval_TIFFFetchPerSampleShorts_12(v_3, v_i.0) -> Com_1(eval_TIFFFetchPerSampleShorts_bb5_in(v_3, 1))
		(1, 2)    eval_TIFFFetchPerSampleShorts_3(v_3, v_i.0) -> Com_2(eval__TIFFmalloc_start(v_3, v_i.0), eval_TIFFFetchPerSampleShorts_10(v_3, v_i.0))
		(1, 3)    eval_TIFFFetchPerSampleShorts_3(v_3, v_i.0) -> Com_2(eval_TIFFFetchShortArray_start(v_3, v_i.0), eval_TIFFFetchPerSampleShorts_12(v_3, v_i.0))
		(1, 2)    eval_TIFFFetchPerSampleShorts_3(v_3, v_i.0) -> Com_1(eval_TIFFFetchPerSampleShorts_stop(v_3, v_i.0))
		(1, 1)    eval_TIFFFetchPerSampleShorts_2(v_3, v_i.0) -> Com_2(eval_CheckDirCount_start(v_3, v_i.0), eval_TIFFFetchPerSampleShorts_3(v_3, v_i.0))
	start location:	eval_TIFFFetchPerSampleShorts_start
	leaf cost:	0

Testing for reachability in the complexity graph removes the following transition from problem 24:
	eval_TIFFFetchPerSampleShorts_2(v_3, v_i.0) -> Com_2(eval_CheckDirCount_start(v_3, v_i.0), eval_TIFFFetchPerSampleShorts_3(v_3, v_i.0))
We thus obtain the following problem:
25:	T:
		(8, 1)    eval_TIFFFetchPerSampleShorts_24(v_3, v_i.0) -> Com_1(eval_TIFFFetchPerSampleShorts_bb10_in(v_3, v_i.0)) [ v_3 - v_i.0 - 1 >= 0 /\ v_i.0 - 1 >= 0 /\ v_3 + v_i.0 - 3 >= 0 /\ v_3 - 2 >= 0 ]
		(8, 1)    eval_TIFFFetchPerSampleShorts_23(v_3, v_i.0) -> Com_2(eval_TIFFError_start(v_3, v_i.0), eval_TIFFFetchPerSampleShorts_24(v_3, v_i.0)) [ v_3 - v_i.0 - 1 >= 0 /\ v_i.0 - 1 >= 0 /\ v_3 + v_i.0 - 3 >= 0 /\ v_3 - 2 >= 0 ]
		(8, 2)    eval_TIFFFetchPerSampleShorts_32(v_3, v_i.0) -> Com_1(eval_TIFFFetchPerSampleShorts_stop(v_3, v_i.0))
		(8, 2)    eval_TIFFFetchPerSampleShorts_bb10_in(v_3, v_i.0) -> Com_2(eval__TIFFfree_start(v_3, v_i.0), eval_TIFFFetchPerSampleShorts_32(v_3, v_i.0))
		(8, 2)    eval_TIFFFetchPerSampleShorts_bb10_in(v_3, v_i.0) -> Com_1(eval_TIFFFetchPerSampleShorts_stop(v_3, v_i.0))
		(8, 2)    eval_TIFFFetchPerSampleShorts_bb5_in(v_3, v_i.0) -> Com_2(eval__TIFFFieldWithTag_start(v_3, v_i.0), eval_TIFFFetchPerSampleShorts_23(v_3, v_i.0)) [ v_i.0 - 1 >= 0 /\ v_i.0 < v_3 /\ v_3 - v_i.0 - 1 >= 0 /\ v_3 + v_i.0 - 3 >= 0 /\ v_3 - 2 >= 0 ]
		(8, 1)    eval_TIFFFetchPerSampleShorts_bb5_in(v_3, v_i.0) -> Com_1(eval_TIFFFetchPerSampleShorts_bb10_in(v_3, v_i.0)) [ v_i.0 - 1 >= 0 /\ v_i.0 >= v_3 ]
		(?, 1)    eval_TIFFFetchPerSampleShorts_bb5_in(v_3, v_i.0) -> Com_1(eval_TIFFFetchPerSampleShorts_bb5_in(v_3, v_i.0 + 1)) [ v_i.0 - 1 >= 0 /\ v_i.0 < v_3 ]
		(1, 3)    eval_TIFFFetchPerSampleShorts_10(v_3, v_i.0) -> Com_2(eval_TIFFFetchShortArray_start(v_3, v_i.0), eval_TIFFFetchPerSampleShorts_12(v_3, v_i.0))
		(2, 1)    eval_TIFFFetchPerSampleShorts_12(v_3, v_i.0) -> Com_1(eval_TIFFFetchPerSampleShorts_bb10_in(v_3, v_i.0))
		(2, 1)    eval_TIFFFetchPerSampleShorts_12(v_3, v_i.0) -> Com_1(eval_TIFFFetchPerSampleShorts_bb5_in(v_3, 1))
		(1, 2)    eval_TIFFFetchPerSampleShorts_3(v_3, v_i.0) -> Com_2(eval__TIFFmalloc_start(v_3, v_i.0), eval_TIFFFetchPerSampleShorts_10(v_3, v_i.0))
		(1, 3)    eval_TIFFFetchPerSampleShorts_3(v_3, v_i.0) -> Com_2(eval_TIFFFetchShortArray_start(v_3, v_i.0), eval_TIFFFetchPerSampleShorts_12(v_3, v_i.0))
		(1, 2)    eval_TIFFFetchPerSampleShorts_3(v_3, v_i.0) -> Com_1(eval_TIFFFetchPerSampleShorts_stop(v_3, v_i.0))
		(1, 3)    eval_TIFFFetchPerSampleShorts_start(v_3, v_i.0) -> Com_2(eval_CheckDirCount_start(nondef.0, v_i.0), eval_TIFFFetchPerSampleShorts_3(nondef.0, v_i.0))
	start location:	eval_TIFFFetchPerSampleShorts_start
	leaf cost:	0

By chaining the transition eval_TIFFFetchPerSampleShorts_24(v_3, v_i.0) -> Com_1(eval_TIFFFetchPerSampleShorts_bb10_in(v_3, v_i.0)) [ v_3 - v_i.0 - 1 >= 0 /\ v_i.0 - 1 >= 0 /\ v_3 + v_i.0 - 3 >= 0 /\ v_3 - 2 >= 0 ] with all transitions in problem 25, the following new transitions are obtained:
	eval_TIFFFetchPerSampleShorts_24(v_3, v_i.0) -> Com_2(eval__TIFFfree_start(v_3, v_i.0), eval_TIFFFetchPerSampleShorts_32(v_3, v_i.0)) [ v_3 - v_i.0 - 1 >= 0 /\ v_i.0 - 1 >= 0 /\ v_3 + v_i.0 - 3 >= 0 /\ v_3 - 2 >= 0 ]
	eval_TIFFFetchPerSampleShorts_24(v_3, v_i.0) -> Com_1(eval_TIFFFetchPerSampleShorts_stop(v_3, v_i.0)) [ v_3 - v_i.0 - 1 >= 0 /\ v_i.0 - 1 >= 0 /\ v_3 + v_i.0 - 3 >= 0 /\ v_3 - 2 >= 0 ]
We thus obtain the following problem:
26:	T:
		(8, 3)    eval_TIFFFetchPerSampleShorts_24(v_3, v_i.0) -> Com_2(eval__TIFFfree_start(v_3, v_i.0), eval_TIFFFetchPerSampleShorts_32(v_3, v_i.0)) [ v_3 - v_i.0 - 1 >= 0 /\ v_i.0 - 1 >= 0 /\ v_3 + v_i.0 - 3 >= 0 /\ v_3 - 2 >= 0 ]
		(8, 3)    eval_TIFFFetchPerSampleShorts_24(v_3, v_i.0) -> Com_1(eval_TIFFFetchPerSampleShorts_stop(v_3, v_i.0)) [ v_3 - v_i.0 - 1 >= 0 /\ v_i.0 - 1 >= 0 /\ v_3 + v_i.0 - 3 >= 0 /\ v_3 - 2 >= 0 ]
		(8, 1)    eval_TIFFFetchPerSampleShorts_23(v_3, v_i.0) -> Com_2(eval_TIFFError_start(v_3, v_i.0), eval_TIFFFetchPerSampleShorts_24(v_3, v_i.0)) [ v_3 - v_i.0 - 1 >= 0 /\ v_i.0 - 1 >= 0 /\ v_3 + v_i.0 - 3 >= 0 /\ v_3 - 2 >= 0 ]
		(8, 2)    eval_TIFFFetchPerSampleShorts_32(v_3, v_i.0) -> Com_1(eval_TIFFFetchPerSampleShorts_stop(v_3, v_i.0))
		(8, 2)    eval_TIFFFetchPerSampleShorts_bb10_in(v_3, v_i.0) -> Com_2(eval__TIFFfree_start(v_3, v_i.0), eval_TIFFFetchPerSampleShorts_32(v_3, v_i.0))
		(8, 2)    eval_TIFFFetchPerSampleShorts_bb10_in(v_3, v_i.0) -> Com_1(eval_TIFFFetchPerSampleShorts_stop(v_3, v_i.0))
		(8, 2)    eval_TIFFFetchPerSampleShorts_bb5_in(v_3, v_i.0) -> Com_2(eval__TIFFFieldWithTag_start(v_3, v_i.0), eval_TIFFFetchPerSampleShorts_23(v_3, v_i.0)) [ v_i.0 - 1 >= 0 /\ v_i.0 < v_3 /\ v_3 - v_i.0 - 1 >= 0 /\ v_3 + v_i.0 - 3 >= 0 /\ v_3 - 2 >= 0 ]
		(8, 1)    eval_TIFFFetchPerSampleShorts_bb5_in(v_3, v_i.0) -> Com_1(eval_TIFFFetchPerSampleShorts_bb10_in(v_3, v_i.0)) [ v_i.0 - 1 >= 0 /\ v_i.0 >= v_3 ]
		(?, 1)    eval_TIFFFetchPerSampleShorts_bb5_in(v_3, v_i.0) -> Com_1(eval_TIFFFetchPerSampleShorts_bb5_in(v_3, v_i.0 + 1)) [ v_i.0 - 1 >= 0 /\ v_i.0 < v_3 ]
		(1, 3)    eval_TIFFFetchPerSampleShorts_10(v_3, v_i.0) -> Com_2(eval_TIFFFetchShortArray_start(v_3, v_i.0), eval_TIFFFetchPerSampleShorts_12(v_3, v_i.0))
		(2, 1)    eval_TIFFFetchPerSampleShorts_12(v_3, v_i.0) -> Com_1(eval_TIFFFetchPerSampleShorts_bb10_in(v_3, v_i.0))
		(2, 1)    eval_TIFFFetchPerSampleShorts_12(v_3, v_i.0) -> Com_1(eval_TIFFFetchPerSampleShorts_bb5_in(v_3, 1))
		(1, 2)    eval_TIFFFetchPerSampleShorts_3(v_3, v_i.0) -> Com_2(eval__TIFFmalloc_start(v_3, v_i.0), eval_TIFFFetchPerSampleShorts_10(v_3, v_i.0))
		(1, 3)    eval_TIFFFetchPerSampleShorts_3(v_3, v_i.0) -> Com_2(eval_TIFFFetchShortArray_start(v_3, v_i.0), eval_TIFFFetchPerSampleShorts_12(v_3, v_i.0))
		(1, 2)    eval_TIFFFetchPerSampleShorts_3(v_3, v_i.0) -> Com_1(eval_TIFFFetchPerSampleShorts_stop(v_3, v_i.0))
		(1, 3)    eval_TIFFFetchPerSampleShorts_start(v_3, v_i.0) -> Com_2(eval_CheckDirCount_start(nondef.0, v_i.0), eval_TIFFFetchPerSampleShorts_3(nondef.0, v_i.0))
	start location:	eval_TIFFFetchPerSampleShorts_start
	leaf cost:	0

By chaining the transition eval_TIFFFetchPerSampleShorts_bb5_in(v_3, v_i.0) -> Com_1(eval_TIFFFetchPerSampleShorts_bb10_in(v_3, v_i.0)) [ v_i.0 - 1 >= 0 /\ v_i.0 >= v_3 ] with all transitions in problem 26, the following new transitions are obtained:
	eval_TIFFFetchPerSampleShorts_bb5_in(v_3, v_i.0) -> Com_2(eval__TIFFfree_start(v_3, v_i.0), eval_TIFFFetchPerSampleShorts_32(v_3, v_i.0)) [ v_i.0 - 1 >= 0 /\ v_i.0 >= v_3 ]
	eval_TIFFFetchPerSampleShorts_bb5_in(v_3, v_i.0) -> Com_1(eval_TIFFFetchPerSampleShorts_stop(v_3, v_i.0)) [ v_i.0 - 1 >= 0 /\ v_i.0 >= v_3 ]
We thus obtain the following problem:
27:	T:
		(8, 3)    eval_TIFFFetchPerSampleShorts_bb5_in(v_3, v_i.0) -> Com_2(eval__TIFFfree_start(v_3, v_i.0), eval_TIFFFetchPerSampleShorts_32(v_3, v_i.0)) [ v_i.0 - 1 >= 0 /\ v_i.0 >= v_3 ]
		(8, 3)    eval_TIFFFetchPerSampleShorts_bb5_in(v_3, v_i.0) -> Com_1(eval_TIFFFetchPerSampleShorts_stop(v_3, v_i.0)) [ v_i.0 - 1 >= 0 /\ v_i.0 >= v_3 ]
		(8, 3)    eval_TIFFFetchPerSampleShorts_24(v_3, v_i.0) -> Com_2(eval__TIFFfree_start(v_3, v_i.0), eval_TIFFFetchPerSampleShorts_32(v_3, v_i.0)) [ v_3 - v_i.0 - 1 >= 0 /\ v_i.0 - 1 >= 0 /\ v_3 + v_i.0 - 3 >= 0 /\ v_3 - 2 >= 0 ]
		(8, 3)    eval_TIFFFetchPerSampleShorts_24(v_3, v_i.0) -> Com_1(eval_TIFFFetchPerSampleShorts_stop(v_3, v_i.0)) [ v_3 - v_i.0 - 1 >= 0 /\ v_i.0 - 1 >= 0 /\ v_3 + v_i.0 - 3 >= 0 /\ v_3 - 2 >= 0 ]
		(8, 1)    eval_TIFFFetchPerSampleShorts_23(v_3, v_i.0) -> Com_2(eval_TIFFError_start(v_3, v_i.0), eval_TIFFFetchPerSampleShorts_24(v_3, v_i.0)) [ v_3 - v_i.0 - 1 >= 0 /\ v_i.0 - 1 >= 0 /\ v_3 + v_i.0 - 3 >= 0 /\ v_3 - 2 >= 0 ]
		(8, 2)    eval_TIFFFetchPerSampleShorts_32(v_3, v_i.0) -> Com_1(eval_TIFFFetchPerSampleShorts_stop(v_3, v_i.0))
		(8, 2)    eval_TIFFFetchPerSampleShorts_bb10_in(v_3, v_i.0) -> Com_2(eval__TIFFfree_start(v_3, v_i.0), eval_TIFFFetchPerSampleShorts_32(v_3, v_i.0))
		(8, 2)    eval_TIFFFetchPerSampleShorts_bb10_in(v_3, v_i.0) -> Com_1(eval_TIFFFetchPerSampleShorts_stop(v_3, v_i.0))
		(8, 2)    eval_TIFFFetchPerSampleShorts_bb5_in(v_3, v_i.0) -> Com_2(eval__TIFFFieldWithTag_start(v_3, v_i.0), eval_TIFFFetchPerSampleShorts_23(v_3, v_i.0)) [ v_i.0 - 1 >= 0 /\ v_i.0 < v_3 /\ v_3 - v_i.0 - 1 >= 0 /\ v_3 + v_i.0 - 3 >= 0 /\ v_3 - 2 >= 0 ]
		(?, 1)    eval_TIFFFetchPerSampleShorts_bb5_in(v_3, v_i.0) -> Com_1(eval_TIFFFetchPerSampleShorts_bb5_in(v_3, v_i.0 + 1)) [ v_i.0 - 1 >= 0 /\ v_i.0 < v_3 ]
		(1, 3)    eval_TIFFFetchPerSampleShorts_10(v_3, v_i.0) -> Com_2(eval_TIFFFetchShortArray_start(v_3, v_i.0), eval_TIFFFetchPerSampleShorts_12(v_3, v_i.0))
		(2, 1)    eval_TIFFFetchPerSampleShorts_12(v_3, v_i.0) -> Com_1(eval_TIFFFetchPerSampleShorts_bb10_in(v_3, v_i.0))
		(2, 1)    eval_TIFFFetchPerSampleShorts_12(v_3, v_i.0) -> Com_1(eval_TIFFFetchPerSampleShorts_bb5_in(v_3, 1))
		(1, 2)    eval_TIFFFetchPerSampleShorts_3(v_3, v_i.0) -> Com_2(eval__TIFFmalloc_start(v_3, v_i.0), eval_TIFFFetchPerSampleShorts_10(v_3, v_i.0))
		(1, 3)    eval_TIFFFetchPerSampleShorts_3(v_3, v_i.0) -> Com_2(eval_TIFFFetchShortArray_start(v_3, v_i.0), eval_TIFFFetchPerSampleShorts_12(v_3, v_i.0))
		(1, 2)    eval_TIFFFetchPerSampleShorts_3(v_3, v_i.0) -> Com_1(eval_TIFFFetchPerSampleShorts_stop(v_3, v_i.0))
		(1, 3)    eval_TIFFFetchPerSampleShorts_start(v_3, v_i.0) -> Com_2(eval_CheckDirCount_start(nondef.0, v_i.0), eval_TIFFFetchPerSampleShorts_3(nondef.0, v_i.0))
	start location:	eval_TIFFFetchPerSampleShorts_start
	leaf cost:	0

By chaining the transition eval_TIFFFetchPerSampleShorts_12(v_3, v_i.0) -> Com_1(eval_TIFFFetchPerSampleShorts_bb10_in(v_3, v_i.0)) with all transitions in problem 27, the following new transitions are obtained:
	eval_TIFFFetchPerSampleShorts_12(v_3, v_i.0) -> Com_2(eval__TIFFfree_start(v_3, v_i.0), eval_TIFFFetchPerSampleShorts_32(v_3, v_i.0))
	eval_TIFFFetchPerSampleShorts_12(v_3, v_i.0) -> Com_1(eval_TIFFFetchPerSampleShorts_stop(v_3, v_i.0))
We thus obtain the following problem:
28:	T:
		(2, 3)    eval_TIFFFetchPerSampleShorts_12(v_3, v_i.0) -> Com_2(eval__TIFFfree_start(v_3, v_i.0), eval_TIFFFetchPerSampleShorts_32(v_3, v_i.0))
		(2, 3)    eval_TIFFFetchPerSampleShorts_12(v_3, v_i.0) -> Com_1(eval_TIFFFetchPerSampleShorts_stop(v_3, v_i.0))
		(8, 3)    eval_TIFFFetchPerSampleShorts_bb5_in(v_3, v_i.0) -> Com_2(eval__TIFFfree_start(v_3, v_i.0), eval_TIFFFetchPerSampleShorts_32(v_3, v_i.0)) [ v_i.0 - 1 >= 0 /\ v_i.0 >= v_3 ]
		(8, 3)    eval_TIFFFetchPerSampleShorts_bb5_in(v_3, v_i.0) -> Com_1(eval_TIFFFetchPerSampleShorts_stop(v_3, v_i.0)) [ v_i.0 - 1 >= 0 /\ v_i.0 >= v_3 ]
		(8, 3)    eval_TIFFFetchPerSampleShorts_24(v_3, v_i.0) -> Com_2(eval__TIFFfree_start(v_3, v_i.0), eval_TIFFFetchPerSampleShorts_32(v_3, v_i.0)) [ v_3 - v_i.0 - 1 >= 0 /\ v_i.0 - 1 >= 0 /\ v_3 + v_i.0 - 3 >= 0 /\ v_3 - 2 >= 0 ]
		(8, 3)    eval_TIFFFetchPerSampleShorts_24(v_3, v_i.0) -> Com_1(eval_TIFFFetchPerSampleShorts_stop(v_3, v_i.0)) [ v_3 - v_i.0 - 1 >= 0 /\ v_i.0 - 1 >= 0 /\ v_3 + v_i.0 - 3 >= 0 /\ v_3 - 2 >= 0 ]
		(8, 1)    eval_TIFFFetchPerSampleShorts_23(v_3, v_i.0) -> Com_2(eval_TIFFError_start(v_3, v_i.0), eval_TIFFFetchPerSampleShorts_24(v_3, v_i.0)) [ v_3 - v_i.0 - 1 >= 0 /\ v_i.0 - 1 >= 0 /\ v_3 + v_i.0 - 3 >= 0 /\ v_3 - 2 >= 0 ]
		(8, 2)    eval_TIFFFetchPerSampleShorts_32(v_3, v_i.0) -> Com_1(eval_TIFFFetchPerSampleShorts_stop(v_3, v_i.0))
		(8, 2)    eval_TIFFFetchPerSampleShorts_bb10_in(v_3, v_i.0) -> Com_2(eval__TIFFfree_start(v_3, v_i.0), eval_TIFFFetchPerSampleShorts_32(v_3, v_i.0))
		(8, 2)    eval_TIFFFetchPerSampleShorts_bb10_in(v_3, v_i.0) -> Com_1(eval_TIFFFetchPerSampleShorts_stop(v_3, v_i.0))
		(8, 2)    eval_TIFFFetchPerSampleShorts_bb5_in(v_3, v_i.0) -> Com_2(eval__TIFFFieldWithTag_start(v_3, v_i.0), eval_TIFFFetchPerSampleShorts_23(v_3, v_i.0)) [ v_i.0 - 1 >= 0 /\ v_i.0 < v_3 /\ v_3 - v_i.0 - 1 >= 0 /\ v_3 + v_i.0 - 3 >= 0 /\ v_3 - 2 >= 0 ]
		(?, 1)    eval_TIFFFetchPerSampleShorts_bb5_in(v_3, v_i.0) -> Com_1(eval_TIFFFetchPerSampleShorts_bb5_in(v_3, v_i.0 + 1)) [ v_i.0 - 1 >= 0 /\ v_i.0 < v_3 ]
		(1, 3)    eval_TIFFFetchPerSampleShorts_10(v_3, v_i.0) -> Com_2(eval_TIFFFetchShortArray_start(v_3, v_i.0), eval_TIFFFetchPerSampleShorts_12(v_3, v_i.0))
		(2, 1)    eval_TIFFFetchPerSampleShorts_12(v_3, v_i.0) -> Com_1(eval_TIFFFetchPerSampleShorts_bb5_in(v_3, 1))
		(1, 2)    eval_TIFFFetchPerSampleShorts_3(v_3, v_i.0) -> Com_2(eval__TIFFmalloc_start(v_3, v_i.0), eval_TIFFFetchPerSampleShorts_10(v_3, v_i.0))
		(1, 3)    eval_TIFFFetchPerSampleShorts_3(v_3, v_i.0) -> Com_2(eval_TIFFFetchShortArray_start(v_3, v_i.0), eval_TIFFFetchPerSampleShorts_12(v_3, v_i.0))
		(1, 2)    eval_TIFFFetchPerSampleShorts_3(v_3, v_i.0) -> Com_1(eval_TIFFFetchPerSampleShorts_stop(v_3, v_i.0))
		(1, 3)    eval_TIFFFetchPerSampleShorts_start(v_3, v_i.0) -> Com_2(eval_CheckDirCount_start(nondef.0, v_i.0), eval_TIFFFetchPerSampleShorts_3(nondef.0, v_i.0))
	start location:	eval_TIFFFetchPerSampleShorts_start
	leaf cost:	0

Testing for reachability in the complexity graph removes the following transitions from problem 28:
	eval_TIFFFetchPerSampleShorts_bb10_in(v_3, v_i.0) -> Com_2(eval__TIFFfree_start(v_3, v_i.0), eval_TIFFFetchPerSampleShorts_32(v_3, v_i.0))
	eval_TIFFFetchPerSampleShorts_bb10_in(v_3, v_i.0) -> Com_1(eval_TIFFFetchPerSampleShorts_stop(v_3, v_i.0))
We thus obtain the following problem:
29:	T:
		(8, 3)    eval_TIFFFetchPerSampleShorts_24(v_3, v_i.0) -> Com_1(eval_TIFFFetchPerSampleShorts_stop(v_3, v_i.0)) [ v_3 - v_i.0 - 1 >= 0 /\ v_i.0 - 1 >= 0 /\ v_3 + v_i.0 - 3 >= 0 /\ v_3 - 2 >= 0 ]
		(8, 3)    eval_TIFFFetchPerSampleShorts_24(v_3, v_i.0) -> Com_2(eval__TIFFfree_start(v_3, v_i.0), eval_TIFFFetchPerSampleShorts_32(v_3, v_i.0)) [ v_3 - v_i.0 - 1 >= 0 /\ v_i.0 - 1 >= 0 /\ v_3 + v_i.0 - 3 >= 0 /\ v_3 - 2 >= 0 ]
		(8, 1)    eval_TIFFFetchPerSampleShorts_23(v_3, v_i.0) -> Com_2(eval_TIFFError_start(v_3, v_i.0), eval_TIFFFetchPerSampleShorts_24(v_3, v_i.0)) [ v_3 - v_i.0 - 1 >= 0 /\ v_i.0 - 1 >= 0 /\ v_3 + v_i.0 - 3 >= 0 /\ v_3 - 2 >= 0 ]
		(8, 2)    eval_TIFFFetchPerSampleShorts_32(v_3, v_i.0) -> Com_1(eval_TIFFFetchPerSampleShorts_stop(v_3, v_i.0))
		(8, 3)    eval_TIFFFetchPerSampleShorts_bb5_in(v_3, v_i.0) -> Com_1(eval_TIFFFetchPerSampleShorts_stop(v_3, v_i.0)) [ v_i.0 - 1 >= 0 /\ v_i.0 >= v_3 ]
		(8, 3)    eval_TIFFFetchPerSampleShorts_bb5_in(v_3, v_i.0) -> Com_2(eval__TIFFfree_start(v_3, v_i.0), eval_TIFFFetchPerSampleShorts_32(v_3, v_i.0)) [ v_i.0 - 1 >= 0 /\ v_i.0 >= v_3 ]
		(8, 2)    eval_TIFFFetchPerSampleShorts_bb5_in(v_3, v_i.0) -> Com_2(eval__TIFFFieldWithTag_start(v_3, v_i.0), eval_TIFFFetchPerSampleShorts_23(v_3, v_i.0)) [ v_i.0 - 1 >= 0 /\ v_i.0 < v_3 /\ v_3 - v_i.0 - 1 >= 0 /\ v_3 + v_i.0 - 3 >= 0 /\ v_3 - 2 >= 0 ]
		(?, 1)    eval_TIFFFetchPerSampleShorts_bb5_in(v_3, v_i.0) -> Com_1(eval_TIFFFetchPerSampleShorts_bb5_in(v_3, v_i.0 + 1)) [ v_i.0 - 1 >= 0 /\ v_i.0 < v_3 ]
		(1, 3)    eval_TIFFFetchPerSampleShorts_10(v_3, v_i.0) -> Com_2(eval_TIFFFetchShortArray_start(v_3, v_i.0), eval_TIFFFetchPerSampleShorts_12(v_3, v_i.0))
		(2, 3)    eval_TIFFFetchPerSampleShorts_12(v_3, v_i.0) -> Com_1(eval_TIFFFetchPerSampleShorts_stop(v_3, v_i.0))
		(2, 3)    eval_TIFFFetchPerSampleShorts_12(v_3, v_i.0) -> Com_2(eval__TIFFfree_start(v_3, v_i.0), eval_TIFFFetchPerSampleShorts_32(v_3, v_i.0))
		(2, 1)    eval_TIFFFetchPerSampleShorts_12(v_3, v_i.0) -> Com_1(eval_TIFFFetchPerSampleShorts_bb5_in(v_3, 1))
		(1, 2)    eval_TIFFFetchPerSampleShorts_3(v_3, v_i.0) -> Com_2(eval__TIFFmalloc_start(v_3, v_i.0), eval_TIFFFetchPerSampleShorts_10(v_3, v_i.0))
		(1, 3)    eval_TIFFFetchPerSampleShorts_3(v_3, v_i.0) -> Com_2(eval_TIFFFetchShortArray_start(v_3, v_i.0), eval_TIFFFetchPerSampleShorts_12(v_3, v_i.0))
		(1, 2)    eval_TIFFFetchPerSampleShorts_3(v_3, v_i.0) -> Com_1(eval_TIFFFetchPerSampleShorts_stop(v_3, v_i.0))
		(1, 3)    eval_TIFFFetchPerSampleShorts_start(v_3, v_i.0) -> Com_2(eval_CheckDirCount_start(nondef.0, v_i.0), eval_TIFFFetchPerSampleShorts_3(nondef.0, v_i.0))
	start location:	eval_TIFFFetchPerSampleShorts_start
	leaf cost:	0

Complexity upper bound ?

Time: 0.559 sec (SMT: 0.386 sec)
