MAYBE

Initial complexity problem:
1:	T:
		(1, 1)    eval_TIFFFindCODEC_start(v_scheme) -> eval_TIFFFindCODEC_bb0_in(v_scheme)
		(?, 1)    eval_TIFFFindCODEC_bb0_in(v_scheme) -> eval_TIFFFindCODEC_bb1_in(v_scheme)
		(?, 1)    eval_TIFFFindCODEC_bb1_in(v_scheme) -> eval_TIFFFindCODEC_bb9_in(v_scheme)
		(?, 1)    eval_TIFFFindCODEC_bb1_in(v_scheme) -> eval_TIFFFindCODEC_bb1_in(v_scheme)
		(?, 1)    eval_TIFFFindCODEC_bb1_in(v_scheme) -> eval_TIFFFindCODEC_bb6_in(v_scheme)
		(?, 1)    eval_TIFFFindCODEC_bb6_in(v_scheme) -> eval_TIFFFindCODEC_bb9_in(v_scheme)
		(?, 1)    eval_TIFFFindCODEC_bb6_in(v_scheme) -> eval_TIFFFindCODEC_bb6_in(v_scheme)
		(?, 1)    eval_TIFFFindCODEC_bb9_in(v_scheme) -> eval_TIFFFindCODEC_stop(v_scheme)
	start location:	eval_TIFFFindCODEC_start
	leaf cost:	0

Repeatedly removing leaves of the complexity graph in problem 1 produces the following problem:
2:	T:
		(1, 1)    eval_TIFFFindCODEC_start(v_scheme) -> eval_TIFFFindCODEC_bb0_in(v_scheme)
		(?, 1)    eval_TIFFFindCODEC_bb0_in(v_scheme) -> eval_TIFFFindCODEC_bb1_in(v_scheme)
		(?, 1)    eval_TIFFFindCODEC_bb1_in(v_scheme) -> eval_TIFFFindCODEC_bb1_in(v_scheme)
		(?, 1)    eval_TIFFFindCODEC_bb1_in(v_scheme) -> eval_TIFFFindCODEC_bb6_in(v_scheme)
		(?, 1)    eval_TIFFFindCODEC_bb6_in(v_scheme) -> eval_TIFFFindCODEC_bb6_in(v_scheme)
	start location:	eval_TIFFFindCODEC_start
	leaf cost:	3

Repeatedly propagating knowledge in problem 2 produces the following problem:
3:	T:
		(1, 1)    eval_TIFFFindCODEC_start(v_scheme) -> eval_TIFFFindCODEC_bb0_in(v_scheme)
		(1, 1)    eval_TIFFFindCODEC_bb0_in(v_scheme) -> eval_TIFFFindCODEC_bb1_in(v_scheme)
		(?, 1)    eval_TIFFFindCODEC_bb1_in(v_scheme) -> eval_TIFFFindCODEC_bb1_in(v_scheme)
		(?, 1)    eval_TIFFFindCODEC_bb1_in(v_scheme) -> eval_TIFFFindCODEC_bb6_in(v_scheme)
		(?, 1)    eval_TIFFFindCODEC_bb6_in(v_scheme) -> eval_TIFFFindCODEC_bb6_in(v_scheme)
	start location:	eval_TIFFFindCODEC_start
	leaf cost:	3

A polynomial rank function with
	Pol(eval_TIFFFindCODEC_start) = 1
	Pol(eval_TIFFFindCODEC_bb0_in) = 1
	Pol(eval_TIFFFindCODEC_bb1_in) = 1
	Pol(eval_TIFFFindCODEC_bb6_in) = 0
orients all transitions weakly and the transition
	eval_TIFFFindCODEC_bb1_in(v_scheme) -> eval_TIFFFindCODEC_bb6_in(v_scheme)
strictly and produces the following problem:
4:	T:
		(1, 1)    eval_TIFFFindCODEC_start(v_scheme) -> eval_TIFFFindCODEC_bb0_in(v_scheme)
		(1, 1)    eval_TIFFFindCODEC_bb0_in(v_scheme) -> eval_TIFFFindCODEC_bb1_in(v_scheme)
		(?, 1)    eval_TIFFFindCODEC_bb1_in(v_scheme) -> eval_TIFFFindCODEC_bb1_in(v_scheme)
		(1, 1)    eval_TIFFFindCODEC_bb1_in(v_scheme) -> eval_TIFFFindCODEC_bb6_in(v_scheme)
		(?, 1)    eval_TIFFFindCODEC_bb6_in(v_scheme) -> eval_TIFFFindCODEC_bb6_in(v_scheme)
	start location:	eval_TIFFFindCODEC_start
	leaf cost:	3

By chaining the transition eval_TIFFFindCODEC_start(v_scheme) -> eval_TIFFFindCODEC_bb0_in(v_scheme) with all transitions in problem 4, the following new transition is obtained:
	eval_TIFFFindCODEC_start(v_scheme) -> eval_TIFFFindCODEC_bb1_in(v_scheme)
We thus obtain the following problem:
5:	T:
		(1, 2)    eval_TIFFFindCODEC_start(v_scheme) -> eval_TIFFFindCODEC_bb1_in(v_scheme)
		(1, 1)    eval_TIFFFindCODEC_bb0_in(v_scheme) -> eval_TIFFFindCODEC_bb1_in(v_scheme)
		(?, 1)    eval_TIFFFindCODEC_bb1_in(v_scheme) -> eval_TIFFFindCODEC_bb1_in(v_scheme)
		(1, 1)    eval_TIFFFindCODEC_bb1_in(v_scheme) -> eval_TIFFFindCODEC_bb6_in(v_scheme)
		(?, 1)    eval_TIFFFindCODEC_bb6_in(v_scheme) -> eval_TIFFFindCODEC_bb6_in(v_scheme)
	start location:	eval_TIFFFindCODEC_start
	leaf cost:	3

Testing for reachability in the complexity graph removes the following transition from problem 5:
	eval_TIFFFindCODEC_bb0_in(v_scheme) -> eval_TIFFFindCODEC_bb1_in(v_scheme)
We thus obtain the following problem:
6:	T:
		(?, 1)    eval_TIFFFindCODEC_bb6_in(v_scheme) -> eval_TIFFFindCODEC_bb6_in(v_scheme)
		(1, 1)    eval_TIFFFindCODEC_bb1_in(v_scheme) -> eval_TIFFFindCODEC_bb6_in(v_scheme)
		(?, 1)    eval_TIFFFindCODEC_bb1_in(v_scheme) -> eval_TIFFFindCODEC_bb1_in(v_scheme)
		(1, 2)    eval_TIFFFindCODEC_start(v_scheme) -> eval_TIFFFindCODEC_bb1_in(v_scheme)
	start location:	eval_TIFFFindCODEC_start
	leaf cost:	3

Complexity upper bound ?

Time: 0.106 sec (SMT: 0.093 sec)
