YES(?, 130)

Initial complexity problem:
1:	T:
		(1, 1)    eval_jpeg_CreateDecompress_start(v_i.0, v_i.1, v_structsize, v_version) -> Com_1(eval_jpeg_CreateDecompress_bb0_in(v_i.0, v_i.1, v_structsize, v_version))
		(?, 1)    eval_jpeg_CreateDecompress_bb0_in(v_i.0, v_i.1, v_structsize, v_version) -> Com_1(eval_jpeg_CreateDecompress_5(v_i.0, v_i.1, v_structsize, v_version))
		(?, 1)    eval_jpeg_CreateDecompress_bb0_in(v_i.0, v_i.1, v_structsize, v_version) -> Com_1(eval_jpeg_CreateDecompress_bb2_in(v_i.0, v_i.1, v_structsize, v_version))
		(?, 1)    eval_jpeg_CreateDecompress_5(v_i.0, v_i.1, v_structsize, v_version) -> Com_1(eval_jpeg_CreateDecompress_6(v_i.0, v_i.1, v_structsize, v_version))
		(?, 1)    eval_jpeg_CreateDecompress_6(v_i.0, v_i.1, v_structsize, v_version) -> Com_1(eval_jpeg_CreateDecompress_bb2_in(v_i.0, v_i.1, v_structsize, v_version))
		(?, 1)    eval_jpeg_CreateDecompress_bb2_in(v_i.0, v_i.1, v_structsize, v_version) -> Com_1(eval_jpeg_CreateDecompress_11(v_i.0, v_i.1, v_structsize, v_version))
		(?, 1)    eval_jpeg_CreateDecompress_bb2_in(v_i.0, v_i.1, v_structsize, v_version) -> Com_1(eval_jpeg_CreateDecompress_bb4_in(v_i.0, v_i.1, v_structsize, v_version))
		(?, 1)    eval_jpeg_CreateDecompress_11(v_i.0, v_i.1, v_structsize, v_version) -> Com_1(eval_jpeg_CreateDecompress_12(v_i.0, v_i.1, v_structsize, v_version))
		(?, 1)    eval_jpeg_CreateDecompress_12(v_i.0, v_i.1, v_structsize, v_version) -> Com_1(eval_jpeg_CreateDecompress_bb4_in(v_i.0, v_i.1, v_structsize, v_version))
		(?, 1)    eval_jpeg_CreateDecompress_bb4_in(v_i.0, v_i.1, v_structsize, v_version) -> Com_1(eval_jpeg_CreateDecompress_13(v_i.0, v_i.1, v_structsize, v_version))
		(?, 1)    eval_jpeg_CreateDecompress_13(v_i.0, v_i.1, v_structsize, v_version) -> Com_2(eval_llvm.memset.p0i8.i64_start(v_i.0, v_i.1, v_structsize, v_version), eval_jpeg_CreateDecompress_14(v_i.0, v_i.1, v_structsize, v_version))
		(?, 1)    eval_jpeg_CreateDecompress_14(v_i.0, v_i.1, v_structsize, v_version) -> Com_1(eval_jpeg_CreateDecompress_16(v_i.0, v_i.1, v_structsize, v_version))
		(?, 1)    eval_jpeg_CreateDecompress_16(v_i.0, v_i.1, v_structsize, v_version) -> Com_2(eval_jinit_memory_mgr_start(v_i.0, v_i.1, v_structsize, v_version), eval_jpeg_CreateDecompress_17(v_i.0, v_i.1, v_structsize, v_version))
		(?, 1)    eval_jpeg_CreateDecompress_17(v_i.0, v_i.1, v_structsize, v_version) -> Com_1(eval_jpeg_CreateDecompress_bb5_in(0, v_i.1, v_structsize, v_version))
		(?, 1)    eval_jpeg_CreateDecompress_bb5_in(v_i.0, v_i.1, v_structsize, v_version) -> Com_1(eval_jpeg_CreateDecompress_bb5_in(v_i.0 + 1, v_i.1, v_structsize, v_version)) [ v_i.0 < 4 ]
		(?, 1)    eval_jpeg_CreateDecompress_bb5_in(v_i.0, v_i.1, v_structsize, v_version) -> Com_1(eval_jpeg_CreateDecompress_bb8_in(v_i.0, 0, v_structsize, v_version)) [ v_i.0 >= 4 ]
		(?, 1)    eval_jpeg_CreateDecompress_bb8_in(v_i.0, v_i.1, v_structsize, v_version) -> Com_1(eval_jpeg_CreateDecompress_bb8_in(v_i.0, v_i.1 + 1, v_structsize, v_version)) [ v_i.1 < 4 ]
		(?, 1)    eval_jpeg_CreateDecompress_bb8_in(v_i.0, v_i.1, v_structsize, v_version) -> Com_1(eval_jpeg_CreateDecompress_30(v_i.0, v_i.1, v_structsize, v_version)) [ v_i.1 >= 4 ]
		(?, 1)    eval_jpeg_CreateDecompress_30(v_i.0, v_i.1, v_structsize, v_version) -> Com_2(eval_jinit_marker_reader_start(v_i.0, v_i.1, v_structsize, v_version), eval_jpeg_CreateDecompress_31(v_i.0, v_i.1, v_structsize, v_version))
		(?, 1)    eval_jpeg_CreateDecompress_31(v_i.0, v_i.1, v_structsize, v_version) -> Com_2(eval_jinit_input_controller_start(v_i.0, v_i.1, v_structsize, v_version), eval_jpeg_CreateDecompress_32(v_i.0, v_i.1, v_structsize, v_version))
		(?, 1)    eval_jpeg_CreateDecompress_32(v_i.0, v_i.1, v_structsize, v_version) -> Com_1(eval_jpeg_CreateDecompress_stop(v_i.0, v_i.1, v_structsize, v_version))
	start location:	eval_jpeg_CreateDecompress_start
	leaf cost:	0

Slicing away variables that do not contribute to conditions from problem 1 leaves variables [v_i.0, v_i.1].
We thus obtain the following problem:
2:	T:
		(?, 1)    eval_jpeg_CreateDecompress_32(v_i.0, v_i.1) -> Com_1(eval_jpeg_CreateDecompress_stop(v_i.0, v_i.1))
		(?, 1)    eval_jpeg_CreateDecompress_31(v_i.0, v_i.1) -> Com_2(eval_jinit_input_controller_start(v_i.0, v_i.1), eval_jpeg_CreateDecompress_32(v_i.0, v_i.1))
		(?, 1)    eval_jpeg_CreateDecompress_30(v_i.0, v_i.1) -> Com_2(eval_jinit_marker_reader_start(v_i.0, v_i.1), eval_jpeg_CreateDecompress_31(v_i.0, v_i.1))
		(?, 1)    eval_jpeg_CreateDecompress_bb8_in(v_i.0, v_i.1) -> Com_1(eval_jpeg_CreateDecompress_30(v_i.0, v_i.1)) [ v_i.1 >= 4 ]
		(?, 1)    eval_jpeg_CreateDecompress_bb8_in(v_i.0, v_i.1) -> Com_1(eval_jpeg_CreateDecompress_bb8_in(v_i.0, v_i.1 + 1)) [ v_i.1 < 4 ]
		(?, 1)    eval_jpeg_CreateDecompress_bb5_in(v_i.0, v_i.1) -> Com_1(eval_jpeg_CreateDecompress_bb8_in(v_i.0, 0)) [ v_i.0 >= 4 ]
		(?, 1)    eval_jpeg_CreateDecompress_bb5_in(v_i.0, v_i.1) -> Com_1(eval_jpeg_CreateDecompress_bb5_in(v_i.0 + 1, v_i.1)) [ v_i.0 < 4 ]
		(?, 1)    eval_jpeg_CreateDecompress_17(v_i.0, v_i.1) -> Com_1(eval_jpeg_CreateDecompress_bb5_in(0, v_i.1))
		(?, 1)    eval_jpeg_CreateDecompress_16(v_i.0, v_i.1) -> Com_2(eval_jinit_memory_mgr_start(v_i.0, v_i.1), eval_jpeg_CreateDecompress_17(v_i.0, v_i.1))
		(?, 1)    eval_jpeg_CreateDecompress_14(v_i.0, v_i.1) -> Com_1(eval_jpeg_CreateDecompress_16(v_i.0, v_i.1))
		(?, 1)    eval_jpeg_CreateDecompress_13(v_i.0, v_i.1) -> Com_2(eval_llvm.memset.p0i8.i64_start(v_i.0, v_i.1), eval_jpeg_CreateDecompress_14(v_i.0, v_i.1))
		(?, 1)    eval_jpeg_CreateDecompress_bb4_in(v_i.0, v_i.1) -> Com_1(eval_jpeg_CreateDecompress_13(v_i.0, v_i.1))
		(?, 1)    eval_jpeg_CreateDecompress_12(v_i.0, v_i.1) -> Com_1(eval_jpeg_CreateDecompress_bb4_in(v_i.0, v_i.1))
		(?, 1)    eval_jpeg_CreateDecompress_11(v_i.0, v_i.1) -> Com_1(eval_jpeg_CreateDecompress_12(v_i.0, v_i.1))
		(?, 1)    eval_jpeg_CreateDecompress_bb2_in(v_i.0, v_i.1) -> Com_1(eval_jpeg_CreateDecompress_bb4_in(v_i.0, v_i.1))
		(?, 1)    eval_jpeg_CreateDecompress_bb2_in(v_i.0, v_i.1) -> Com_1(eval_jpeg_CreateDecompress_11(v_i.0, v_i.1))
		(?, 1)    eval_jpeg_CreateDecompress_6(v_i.0, v_i.1) -> Com_1(eval_jpeg_CreateDecompress_bb2_in(v_i.0, v_i.1))
		(?, 1)    eval_jpeg_CreateDecompress_5(v_i.0, v_i.1) -> Com_1(eval_jpeg_CreateDecompress_6(v_i.0, v_i.1))
		(?, 1)    eval_jpeg_CreateDecompress_bb0_in(v_i.0, v_i.1) -> Com_1(eval_jpeg_CreateDecompress_bb2_in(v_i.0, v_i.1))
		(?, 1)    eval_jpeg_CreateDecompress_bb0_in(v_i.0, v_i.1) -> Com_1(eval_jpeg_CreateDecompress_5(v_i.0, v_i.1))
		(1, 1)    eval_jpeg_CreateDecompress_start(v_i.0, v_i.1) -> Com_1(eval_jpeg_CreateDecompress_bb0_in(v_i.0, v_i.1))
	start location:	eval_jpeg_CreateDecompress_start
	leaf cost:	0

Repeatedly propagating knowledge in problem 2 produces the following problem:
3:	T:
		(?, 1)    eval_jpeg_CreateDecompress_32(v_i.0, v_i.1) -> Com_1(eval_jpeg_CreateDecompress_stop(v_i.0, v_i.1))
		(?, 1)    eval_jpeg_CreateDecompress_31(v_i.0, v_i.1) -> Com_2(eval_jinit_input_controller_start(v_i.0, v_i.1), eval_jpeg_CreateDecompress_32(v_i.0, v_i.1))
		(?, 1)    eval_jpeg_CreateDecompress_30(v_i.0, v_i.1) -> Com_2(eval_jinit_marker_reader_start(v_i.0, v_i.1), eval_jpeg_CreateDecompress_31(v_i.0, v_i.1))
		(?, 1)    eval_jpeg_CreateDecompress_bb8_in(v_i.0, v_i.1) -> Com_1(eval_jpeg_CreateDecompress_30(v_i.0, v_i.1)) [ v_i.1 >= 4 ]
		(?, 1)    eval_jpeg_CreateDecompress_bb8_in(v_i.0, v_i.1) -> Com_1(eval_jpeg_CreateDecompress_bb8_in(v_i.0, v_i.1 + 1)) [ v_i.1 < 4 ]
		(?, 1)    eval_jpeg_CreateDecompress_bb5_in(v_i.0, v_i.1) -> Com_1(eval_jpeg_CreateDecompress_bb8_in(v_i.0, 0)) [ v_i.0 >= 4 ]
		(?, 1)    eval_jpeg_CreateDecompress_bb5_in(v_i.0, v_i.1) -> Com_1(eval_jpeg_CreateDecompress_bb5_in(v_i.0 + 1, v_i.1)) [ v_i.0 < 4 ]
		(4, 1)    eval_jpeg_CreateDecompress_17(v_i.0, v_i.1) -> Com_1(eval_jpeg_CreateDecompress_bb5_in(0, v_i.1))
		(4, 1)    eval_jpeg_CreateDecompress_16(v_i.0, v_i.1) -> Com_2(eval_jinit_memory_mgr_start(v_i.0, v_i.1), eval_jpeg_CreateDecompress_17(v_i.0, v_i.1))
		(4, 1)    eval_jpeg_CreateDecompress_14(v_i.0, v_i.1) -> Com_1(eval_jpeg_CreateDecompress_16(v_i.0, v_i.1))
		(4, 1)    eval_jpeg_CreateDecompress_13(v_i.0, v_i.1) -> Com_2(eval_llvm.memset.p0i8.i64_start(v_i.0, v_i.1), eval_jpeg_CreateDecompress_14(v_i.0, v_i.1))
		(4, 1)    eval_jpeg_CreateDecompress_bb4_in(v_i.0, v_i.1) -> Com_1(eval_jpeg_CreateDecompress_13(v_i.0, v_i.1))
		(2, 1)    eval_jpeg_CreateDecompress_12(v_i.0, v_i.1) -> Com_1(eval_jpeg_CreateDecompress_bb4_in(v_i.0, v_i.1))
		(2, 1)    eval_jpeg_CreateDecompress_11(v_i.0, v_i.1) -> Com_1(eval_jpeg_CreateDecompress_12(v_i.0, v_i.1))
		(2, 1)    eval_jpeg_CreateDecompress_bb2_in(v_i.0, v_i.1) -> Com_1(eval_jpeg_CreateDecompress_bb4_in(v_i.0, v_i.1))
		(2, 1)    eval_jpeg_CreateDecompress_bb2_in(v_i.0, v_i.1) -> Com_1(eval_jpeg_CreateDecompress_11(v_i.0, v_i.1))
		(1, 1)    eval_jpeg_CreateDecompress_6(v_i.0, v_i.1) -> Com_1(eval_jpeg_CreateDecompress_bb2_in(v_i.0, v_i.1))
		(1, 1)    eval_jpeg_CreateDecompress_5(v_i.0, v_i.1) -> Com_1(eval_jpeg_CreateDecompress_6(v_i.0, v_i.1))
		(1, 1)    eval_jpeg_CreateDecompress_bb0_in(v_i.0, v_i.1) -> Com_1(eval_jpeg_CreateDecompress_bb2_in(v_i.0, v_i.1))
		(1, 1)    eval_jpeg_CreateDecompress_bb0_in(v_i.0, v_i.1) -> Com_1(eval_jpeg_CreateDecompress_5(v_i.0, v_i.1))
		(1, 1)    eval_jpeg_CreateDecompress_start(v_i.0, v_i.1) -> Com_1(eval_jpeg_CreateDecompress_bb0_in(v_i.0, v_i.1))
	start location:	eval_jpeg_CreateDecompress_start
	leaf cost:	0

A polynomial rank function with
	Pol(eval_jpeg_CreateDecompress_32) = 1
	Pol(eval_jpeg_CreateDecompress_stop) = 0
	Pol(eval_jpeg_CreateDecompress_31) = 2
	Pol(eval_jinit_input_controller_start) = 0
	Pol(eval_jpeg_CreateDecompress_30) = 3
	Pol(eval_jinit_marker_reader_start) = 0
	Pol(eval_jpeg_CreateDecompress_bb8_in) = 4
	Pol(eval_jpeg_CreateDecompress_bb5_in) = 5
	Pol(eval_jpeg_CreateDecompress_17) = 5
	Pol(eval_jpeg_CreateDecompress_16) = 5
	Pol(eval_jinit_memory_mgr_start) = 0
	Pol(eval_jpeg_CreateDecompress_14) = 5
	Pol(eval_jpeg_CreateDecompress_13) = 5
	Pol(eval_llvm.memset.p0i8.i64_start) = 0
	Pol(eval_jpeg_CreateDecompress_bb4_in) = 5
	Pol(eval_jpeg_CreateDecompress_12) = 5
	Pol(eval_jpeg_CreateDecompress_11) = 5
	Pol(eval_jpeg_CreateDecompress_bb2_in) = 5
	Pol(eval_jpeg_CreateDecompress_6) = 5
	Pol(eval_jpeg_CreateDecompress_5) = 5
	Pol(eval_jpeg_CreateDecompress_bb0_in) = 5
	Pol(eval_jpeg_CreateDecompress_start) = 5
orients all transitions weakly and the transitions
	eval_jpeg_CreateDecompress_bb8_in(v_i.0, v_i.1) -> Com_1(eval_jpeg_CreateDecompress_30(v_i.0, v_i.1)) [ v_i.1 >= 4 ]
	eval_jpeg_CreateDecompress_bb5_in(v_i.0, v_i.1) -> Com_1(eval_jpeg_CreateDecompress_bb8_in(v_i.0, 0)) [ v_i.0 >= 4 ]
	eval_jpeg_CreateDecompress_32(v_i.0, v_i.1) -> Com_1(eval_jpeg_CreateDecompress_stop(v_i.0, v_i.1))
	eval_jpeg_CreateDecompress_31(v_i.0, v_i.1) -> Com_2(eval_jinit_input_controller_start(v_i.0, v_i.1), eval_jpeg_CreateDecompress_32(v_i.0, v_i.1))
	eval_jpeg_CreateDecompress_30(v_i.0, v_i.1) -> Com_2(eval_jinit_marker_reader_start(v_i.0, v_i.1), eval_jpeg_CreateDecompress_31(v_i.0, v_i.1))
strictly and produces the following problem:
4:	T:
		(5, 1)    eval_jpeg_CreateDecompress_32(v_i.0, v_i.1) -> Com_1(eval_jpeg_CreateDecompress_stop(v_i.0, v_i.1))
		(5, 1)    eval_jpeg_CreateDecompress_31(v_i.0, v_i.1) -> Com_2(eval_jinit_input_controller_start(v_i.0, v_i.1), eval_jpeg_CreateDecompress_32(v_i.0, v_i.1))
		(5, 1)    eval_jpeg_CreateDecompress_30(v_i.0, v_i.1) -> Com_2(eval_jinit_marker_reader_start(v_i.0, v_i.1), eval_jpeg_CreateDecompress_31(v_i.0, v_i.1))
		(5, 1)    eval_jpeg_CreateDecompress_bb8_in(v_i.0, v_i.1) -> Com_1(eval_jpeg_CreateDecompress_30(v_i.0, v_i.1)) [ v_i.1 >= 4 ]
		(?, 1)    eval_jpeg_CreateDecompress_bb8_in(v_i.0, v_i.1) -> Com_1(eval_jpeg_CreateDecompress_bb8_in(v_i.0, v_i.1 + 1)) [ v_i.1 < 4 ]
		(5, 1)    eval_jpeg_CreateDecompress_bb5_in(v_i.0, v_i.1) -> Com_1(eval_jpeg_CreateDecompress_bb8_in(v_i.0, 0)) [ v_i.0 >= 4 ]
		(?, 1)    eval_jpeg_CreateDecompress_bb5_in(v_i.0, v_i.1) -> Com_1(eval_jpeg_CreateDecompress_bb5_in(v_i.0 + 1, v_i.1)) [ v_i.0 < 4 ]
		(4, 1)    eval_jpeg_CreateDecompress_17(v_i.0, v_i.1) -> Com_1(eval_jpeg_CreateDecompress_bb5_in(0, v_i.1))
		(4, 1)    eval_jpeg_CreateDecompress_16(v_i.0, v_i.1) -> Com_2(eval_jinit_memory_mgr_start(v_i.0, v_i.1), eval_jpeg_CreateDecompress_17(v_i.0, v_i.1))
		(4, 1)    eval_jpeg_CreateDecompress_14(v_i.0, v_i.1) -> Com_1(eval_jpeg_CreateDecompress_16(v_i.0, v_i.1))
		(4, 1)    eval_jpeg_CreateDecompress_13(v_i.0, v_i.1) -> Com_2(eval_llvm.memset.p0i8.i64_start(v_i.0, v_i.1), eval_jpeg_CreateDecompress_14(v_i.0, v_i.1))
		(4, 1)    eval_jpeg_CreateDecompress_bb4_in(v_i.0, v_i.1) -> Com_1(eval_jpeg_CreateDecompress_13(v_i.0, v_i.1))
		(2, 1)    eval_jpeg_CreateDecompress_12(v_i.0, v_i.1) -> Com_1(eval_jpeg_CreateDecompress_bb4_in(v_i.0, v_i.1))
		(2, 1)    eval_jpeg_CreateDecompress_11(v_i.0, v_i.1) -> Com_1(eval_jpeg_CreateDecompress_12(v_i.0, v_i.1))
		(2, 1)    eval_jpeg_CreateDecompress_bb2_in(v_i.0, v_i.1) -> Com_1(eval_jpeg_CreateDecompress_bb4_in(v_i.0, v_i.1))
		(2, 1)    eval_jpeg_CreateDecompress_bb2_in(v_i.0, v_i.1) -> Com_1(eval_jpeg_CreateDecompress_11(v_i.0, v_i.1))
		(1, 1)    eval_jpeg_CreateDecompress_6(v_i.0, v_i.1) -> Com_1(eval_jpeg_CreateDecompress_bb2_in(v_i.0, v_i.1))
		(1, 1)    eval_jpeg_CreateDecompress_5(v_i.0, v_i.1) -> Com_1(eval_jpeg_CreateDecompress_6(v_i.0, v_i.1))
		(1, 1)    eval_jpeg_CreateDecompress_bb0_in(v_i.0, v_i.1) -> Com_1(eval_jpeg_CreateDecompress_bb2_in(v_i.0, v_i.1))
		(1, 1)    eval_jpeg_CreateDecompress_bb0_in(v_i.0, v_i.1) -> Com_1(eval_jpeg_CreateDecompress_5(v_i.0, v_i.1))
		(1, 1)    eval_jpeg_CreateDecompress_start(v_i.0, v_i.1) -> Com_1(eval_jpeg_CreateDecompress_bb0_in(v_i.0, v_i.1))
	start location:	eval_jpeg_CreateDecompress_start
	leaf cost:	0

A polynomial rank function with
	Pol(eval_jpeg_CreateDecompress_bb8_in) = -V_2 + 4
	Pol(eval_jpeg_CreateDecompress_bb5_in) = -V_1 + 4
and size complexities
	S("eval_jpeg_CreateDecompress_start(v_i.0, v_i.1) -> Com_1(eval_jpeg_CreateDecompress_bb0_in(v_i.0, v_i.1))", 0-0) = v_i.0
	S("eval_jpeg_CreateDecompress_start(v_i.0, v_i.1) -> Com_1(eval_jpeg_CreateDecompress_bb0_in(v_i.0, v_i.1))", 0-1) = v_i.1
	S("eval_jpeg_CreateDecompress_bb0_in(v_i.0, v_i.1) -> Com_1(eval_jpeg_CreateDecompress_5(v_i.0, v_i.1))", 0-0) = v_i.0
	S("eval_jpeg_CreateDecompress_bb0_in(v_i.0, v_i.1) -> Com_1(eval_jpeg_CreateDecompress_5(v_i.0, v_i.1))", 0-1) = v_i.1
	S("eval_jpeg_CreateDecompress_bb0_in(v_i.0, v_i.1) -> Com_1(eval_jpeg_CreateDecompress_bb2_in(v_i.0, v_i.1))", 0-0) = v_i.0
	S("eval_jpeg_CreateDecompress_bb0_in(v_i.0, v_i.1) -> Com_1(eval_jpeg_CreateDecompress_bb2_in(v_i.0, v_i.1))", 0-1) = v_i.1
	S("eval_jpeg_CreateDecompress_5(v_i.0, v_i.1) -> Com_1(eval_jpeg_CreateDecompress_6(v_i.0, v_i.1))", 0-0) = v_i.0
	S("eval_jpeg_CreateDecompress_5(v_i.0, v_i.1) -> Com_1(eval_jpeg_CreateDecompress_6(v_i.0, v_i.1))", 0-1) = v_i.1
	S("eval_jpeg_CreateDecompress_6(v_i.0, v_i.1) -> Com_1(eval_jpeg_CreateDecompress_bb2_in(v_i.0, v_i.1))", 0-0) = v_i.0
	S("eval_jpeg_CreateDecompress_6(v_i.0, v_i.1) -> Com_1(eval_jpeg_CreateDecompress_bb2_in(v_i.0, v_i.1))", 0-1) = v_i.1
	S("eval_jpeg_CreateDecompress_bb2_in(v_i.0, v_i.1) -> Com_1(eval_jpeg_CreateDecompress_11(v_i.0, v_i.1))", 0-0) = v_i.0
	S("eval_jpeg_CreateDecompress_bb2_in(v_i.0, v_i.1) -> Com_1(eval_jpeg_CreateDecompress_11(v_i.0, v_i.1))", 0-1) = v_i.1
	S("eval_jpeg_CreateDecompress_bb2_in(v_i.0, v_i.1) -> Com_1(eval_jpeg_CreateDecompress_bb4_in(v_i.0, v_i.1))", 0-0) = v_i.0
	S("eval_jpeg_CreateDecompress_bb2_in(v_i.0, v_i.1) -> Com_1(eval_jpeg_CreateDecompress_bb4_in(v_i.0, v_i.1))", 0-1) = v_i.1
	S("eval_jpeg_CreateDecompress_11(v_i.0, v_i.1) -> Com_1(eval_jpeg_CreateDecompress_12(v_i.0, v_i.1))", 0-0) = v_i.0
	S("eval_jpeg_CreateDecompress_11(v_i.0, v_i.1) -> Com_1(eval_jpeg_CreateDecompress_12(v_i.0, v_i.1))", 0-1) = v_i.1
	S("eval_jpeg_CreateDecompress_12(v_i.0, v_i.1) -> Com_1(eval_jpeg_CreateDecompress_bb4_in(v_i.0, v_i.1))", 0-0) = v_i.0
	S("eval_jpeg_CreateDecompress_12(v_i.0, v_i.1) -> Com_1(eval_jpeg_CreateDecompress_bb4_in(v_i.0, v_i.1))", 0-1) = v_i.1
	S("eval_jpeg_CreateDecompress_bb4_in(v_i.0, v_i.1) -> Com_1(eval_jpeg_CreateDecompress_13(v_i.0, v_i.1))", 0-0) = v_i.0
	S("eval_jpeg_CreateDecompress_bb4_in(v_i.0, v_i.1) -> Com_1(eval_jpeg_CreateDecompress_13(v_i.0, v_i.1))", 0-1) = v_i.1
	S("eval_jpeg_CreateDecompress_13(v_i.0, v_i.1) -> Com_2(eval_llvm.memset.p0i8.i64_start(v_i.0, v_i.1), eval_jpeg_CreateDecompress_14(v_i.0, v_i.1))", 0-0) = v_i.0
	S("eval_jpeg_CreateDecompress_13(v_i.0, v_i.1) -> Com_2(eval_llvm.memset.p0i8.i64_start(v_i.0, v_i.1), eval_jpeg_CreateDecompress_14(v_i.0, v_i.1))", 0-1) = v_i.1
	S("eval_jpeg_CreateDecompress_13(v_i.0, v_i.1) -> Com_2(eval_llvm.memset.p0i8.i64_start(v_i.0, v_i.1), eval_jpeg_CreateDecompress_14(v_i.0, v_i.1))", 1-0) = v_i.0
	S("eval_jpeg_CreateDecompress_13(v_i.0, v_i.1) -> Com_2(eval_llvm.memset.p0i8.i64_start(v_i.0, v_i.1), eval_jpeg_CreateDecompress_14(v_i.0, v_i.1))", 1-1) = v_i.1
	S("eval_jpeg_CreateDecompress_14(v_i.0, v_i.1) -> Com_1(eval_jpeg_CreateDecompress_16(v_i.0, v_i.1))", 0-0) = v_i.0
	S("eval_jpeg_CreateDecompress_14(v_i.0, v_i.1) -> Com_1(eval_jpeg_CreateDecompress_16(v_i.0, v_i.1))", 0-1) = v_i.1
	S("eval_jpeg_CreateDecompress_16(v_i.0, v_i.1) -> Com_2(eval_jinit_memory_mgr_start(v_i.0, v_i.1), eval_jpeg_CreateDecompress_17(v_i.0, v_i.1))", 0-0) = v_i.0
	S("eval_jpeg_CreateDecompress_16(v_i.0, v_i.1) -> Com_2(eval_jinit_memory_mgr_start(v_i.0, v_i.1), eval_jpeg_CreateDecompress_17(v_i.0, v_i.1))", 0-1) = v_i.1
	S("eval_jpeg_CreateDecompress_16(v_i.0, v_i.1) -> Com_2(eval_jinit_memory_mgr_start(v_i.0, v_i.1), eval_jpeg_CreateDecompress_17(v_i.0, v_i.1))", 1-0) = v_i.0
	S("eval_jpeg_CreateDecompress_16(v_i.0, v_i.1) -> Com_2(eval_jinit_memory_mgr_start(v_i.0, v_i.1), eval_jpeg_CreateDecompress_17(v_i.0, v_i.1))", 1-1) = v_i.1
	S("eval_jpeg_CreateDecompress_17(v_i.0, v_i.1) -> Com_1(eval_jpeg_CreateDecompress_bb5_in(0, v_i.1))", 0-0) = 0
	S("eval_jpeg_CreateDecompress_17(v_i.0, v_i.1) -> Com_1(eval_jpeg_CreateDecompress_bb5_in(0, v_i.1))", 0-1) = v_i.1
	S("eval_jpeg_CreateDecompress_bb5_in(v_i.0, v_i.1) -> Com_1(eval_jpeg_CreateDecompress_bb5_in(v_i.0 + 1, v_i.1)) [ v_i.0 < 4 ]", 0-0) = 4
	S("eval_jpeg_CreateDecompress_bb5_in(v_i.0, v_i.1) -> Com_1(eval_jpeg_CreateDecompress_bb5_in(v_i.0 + 1, v_i.1)) [ v_i.0 < 4 ]", 0-1) = v_i.1
	S("eval_jpeg_CreateDecompress_bb5_in(v_i.0, v_i.1) -> Com_1(eval_jpeg_CreateDecompress_bb8_in(v_i.0, 0)) [ v_i.0 >= 4 ]", 0-0) = 4
	S("eval_jpeg_CreateDecompress_bb5_in(v_i.0, v_i.1) -> Com_1(eval_jpeg_CreateDecompress_bb8_in(v_i.0, 0)) [ v_i.0 >= 4 ]", 0-1) = 0
	S("eval_jpeg_CreateDecompress_bb8_in(v_i.0, v_i.1) -> Com_1(eval_jpeg_CreateDecompress_bb8_in(v_i.0, v_i.1 + 1)) [ v_i.1 < 4 ]", 0-0) = 4
	S("eval_jpeg_CreateDecompress_bb8_in(v_i.0, v_i.1) -> Com_1(eval_jpeg_CreateDecompress_bb8_in(v_i.0, v_i.1 + 1)) [ v_i.1 < 4 ]", 0-1) = 4
	S("eval_jpeg_CreateDecompress_bb8_in(v_i.0, v_i.1) -> Com_1(eval_jpeg_CreateDecompress_30(v_i.0, v_i.1)) [ v_i.1 >= 4 ]", 0-0) = 4
	S("eval_jpeg_CreateDecompress_bb8_in(v_i.0, v_i.1) -> Com_1(eval_jpeg_CreateDecompress_30(v_i.0, v_i.1)) [ v_i.1 >= 4 ]", 0-1) = 4
	S("eval_jpeg_CreateDecompress_30(v_i.0, v_i.1) -> Com_2(eval_jinit_marker_reader_start(v_i.0, v_i.1), eval_jpeg_CreateDecompress_31(v_i.0, v_i.1))", 0-0) = 4
	S("eval_jpeg_CreateDecompress_30(v_i.0, v_i.1) -> Com_2(eval_jinit_marker_reader_start(v_i.0, v_i.1), eval_jpeg_CreateDecompress_31(v_i.0, v_i.1))", 0-1) = 4
	S("eval_jpeg_CreateDecompress_30(v_i.0, v_i.1) -> Com_2(eval_jinit_marker_reader_start(v_i.0, v_i.1), eval_jpeg_CreateDecompress_31(v_i.0, v_i.1))", 1-0) = 4
	S("eval_jpeg_CreateDecompress_30(v_i.0, v_i.1) -> Com_2(eval_jinit_marker_reader_start(v_i.0, v_i.1), eval_jpeg_CreateDecompress_31(v_i.0, v_i.1))", 1-1) = 4
	S("eval_jpeg_CreateDecompress_31(v_i.0, v_i.1) -> Com_2(eval_jinit_input_controller_start(v_i.0, v_i.1), eval_jpeg_CreateDecompress_32(v_i.0, v_i.1))", 0-0) = 4
	S("eval_jpeg_CreateDecompress_31(v_i.0, v_i.1) -> Com_2(eval_jinit_input_controller_start(v_i.0, v_i.1), eval_jpeg_CreateDecompress_32(v_i.0, v_i.1))", 0-1) = 4
	S("eval_jpeg_CreateDecompress_31(v_i.0, v_i.1) -> Com_2(eval_jinit_input_controller_start(v_i.0, v_i.1), eval_jpeg_CreateDecompress_32(v_i.0, v_i.1))", 1-0) = 4
	S("eval_jpeg_CreateDecompress_31(v_i.0, v_i.1) -> Com_2(eval_jinit_input_controller_start(v_i.0, v_i.1), eval_jpeg_CreateDecompress_32(v_i.0, v_i.1))", 1-1) = 4
	S("eval_jpeg_CreateDecompress_32(v_i.0, v_i.1) -> Com_1(eval_jpeg_CreateDecompress_stop(v_i.0, v_i.1))", 0-0) = 4
	S("eval_jpeg_CreateDecompress_32(v_i.0, v_i.1) -> Com_1(eval_jpeg_CreateDecompress_stop(v_i.0, v_i.1))", 0-1) = 4
orients the transitions
	eval_jpeg_CreateDecompress_bb8_in(v_i.0, v_i.1) -> Com_1(eval_jpeg_CreateDecompress_bb8_in(v_i.0, v_i.1 + 1)) [ v_i.1 < 4 ]
	eval_jpeg_CreateDecompress_bb5_in(v_i.0, v_i.1) -> Com_1(eval_jpeg_CreateDecompress_bb5_in(v_i.0 + 1, v_i.1)) [ v_i.0 < 4 ]
weakly and the transitions
	eval_jpeg_CreateDecompress_bb8_in(v_i.0, v_i.1) -> Com_1(eval_jpeg_CreateDecompress_bb8_in(v_i.0, v_i.1 + 1)) [ v_i.1 < 4 ]
	eval_jpeg_CreateDecompress_bb5_in(v_i.0, v_i.1) -> Com_1(eval_jpeg_CreateDecompress_bb5_in(v_i.0 + 1, v_i.1)) [ v_i.0 < 4 ]
strictly and produces the following problem:
5:	T:
		(5, 1)     eval_jpeg_CreateDecompress_32(v_i.0, v_i.1) -> Com_1(eval_jpeg_CreateDecompress_stop(v_i.0, v_i.1))
		(5, 1)     eval_jpeg_CreateDecompress_31(v_i.0, v_i.1) -> Com_2(eval_jinit_input_controller_start(v_i.0, v_i.1), eval_jpeg_CreateDecompress_32(v_i.0, v_i.1))
		(5, 1)     eval_jpeg_CreateDecompress_30(v_i.0, v_i.1) -> Com_2(eval_jinit_marker_reader_start(v_i.0, v_i.1), eval_jpeg_CreateDecompress_31(v_i.0, v_i.1))
		(5, 1)     eval_jpeg_CreateDecompress_bb8_in(v_i.0, v_i.1) -> Com_1(eval_jpeg_CreateDecompress_30(v_i.0, v_i.1)) [ v_i.1 >= 4 ]
		(36, 1)    eval_jpeg_CreateDecompress_bb8_in(v_i.0, v_i.1) -> Com_1(eval_jpeg_CreateDecompress_bb8_in(v_i.0, v_i.1 + 1)) [ v_i.1 < 4 ]
		(5, 1)     eval_jpeg_CreateDecompress_bb5_in(v_i.0, v_i.1) -> Com_1(eval_jpeg_CreateDecompress_bb8_in(v_i.0, 0)) [ v_i.0 >= 4 ]
		(36, 1)    eval_jpeg_CreateDecompress_bb5_in(v_i.0, v_i.1) -> Com_1(eval_jpeg_CreateDecompress_bb5_in(v_i.0 + 1, v_i.1)) [ v_i.0 < 4 ]
		(4, 1)     eval_jpeg_CreateDecompress_17(v_i.0, v_i.1) -> Com_1(eval_jpeg_CreateDecompress_bb5_in(0, v_i.1))
		(4, 1)     eval_jpeg_CreateDecompress_16(v_i.0, v_i.1) -> Com_2(eval_jinit_memory_mgr_start(v_i.0, v_i.1), eval_jpeg_CreateDecompress_17(v_i.0, v_i.1))
		(4, 1)     eval_jpeg_CreateDecompress_14(v_i.0, v_i.1) -> Com_1(eval_jpeg_CreateDecompress_16(v_i.0, v_i.1))
		(4, 1)     eval_jpeg_CreateDecompress_13(v_i.0, v_i.1) -> Com_2(eval_llvm.memset.p0i8.i64_start(v_i.0, v_i.1), eval_jpeg_CreateDecompress_14(v_i.0, v_i.1))
		(4, 1)     eval_jpeg_CreateDecompress_bb4_in(v_i.0, v_i.1) -> Com_1(eval_jpeg_CreateDecompress_13(v_i.0, v_i.1))
		(2, 1)     eval_jpeg_CreateDecompress_12(v_i.0, v_i.1) -> Com_1(eval_jpeg_CreateDecompress_bb4_in(v_i.0, v_i.1))
		(2, 1)     eval_jpeg_CreateDecompress_11(v_i.0, v_i.1) -> Com_1(eval_jpeg_CreateDecompress_12(v_i.0, v_i.1))
		(2, 1)     eval_jpeg_CreateDecompress_bb2_in(v_i.0, v_i.1) -> Com_1(eval_jpeg_CreateDecompress_bb4_in(v_i.0, v_i.1))
		(2, 1)     eval_jpeg_CreateDecompress_bb2_in(v_i.0, v_i.1) -> Com_1(eval_jpeg_CreateDecompress_11(v_i.0, v_i.1))
		(1, 1)     eval_jpeg_CreateDecompress_6(v_i.0, v_i.1) -> Com_1(eval_jpeg_CreateDecompress_bb2_in(v_i.0, v_i.1))
		(1, 1)     eval_jpeg_CreateDecompress_5(v_i.0, v_i.1) -> Com_1(eval_jpeg_CreateDecompress_6(v_i.0, v_i.1))
		(1, 1)     eval_jpeg_CreateDecompress_bb0_in(v_i.0, v_i.1) -> Com_1(eval_jpeg_CreateDecompress_bb2_in(v_i.0, v_i.1))
		(1, 1)     eval_jpeg_CreateDecompress_bb0_in(v_i.0, v_i.1) -> Com_1(eval_jpeg_CreateDecompress_5(v_i.0, v_i.1))
		(1, 1)     eval_jpeg_CreateDecompress_start(v_i.0, v_i.1) -> Com_1(eval_jpeg_CreateDecompress_bb0_in(v_i.0, v_i.1))
	start location:	eval_jpeg_CreateDecompress_start
	leaf cost:	0

Complexity upper bound 130

Time: 0.082 sec (SMT: 0.069 sec)
