YES(?, 271)

Initial complexity problem:
1:	T:
		(1, 1)    eval_LZWSetupDecode_start(v_code.0) -> Com_1(eval_LZWSetupDecode_bb0_in(v_code.0))
		(?, 1)    eval_LZWSetupDecode_bb0_in(v_code.0) -> Com_1(eval_LZWSetupDecode_0(v_code.0))
		(?, 1)    eval_LZWSetupDecode_bb0_in(v_code.0) -> Com_1(eval_LZWSetupDecode_bb7_in(v_code.0))
		(?, 1)    eval_LZWSetupDecode_bb0_in(v_code.0) -> Com_1(eval_LZWSetupDecode_17(v_code.0))
		(?, 1)    eval_LZWSetupDecode_0(v_code.0) -> Com_2(eval__TIFFmalloc_start(v_code.0), eval_LZWSetupDecode_1(v_code.0))
		(?, 1)    eval_LZWSetupDecode_1(v_code.0) -> Com_1(eval_LZWSetupDecode_3(v_code.0))
		(?, 1)    eval_LZWSetupDecode_1(v_code.0) -> Com_1(eval_LZWSetupDecode_bb5_in(255))
		(?, 1)    eval_LZWSetupDecode_3(v_code.0) -> Com_2(eval_TIFFError_start(v_code.0), eval_LZWSetupDecode_4(v_code.0))
		(?, 1)    eval_LZWSetupDecode_4(v_code.0) -> Com_1(eval_LZWSetupDecode_bb7_in(v_code.0))
		(?, 1)    eval_LZWSetupDecode_bb5_in(v_code.0) -> Com_1(eval_LZWSetupDecode_bb5_in(v_code.0 - 1)) [ v_code.0 >= 0 ]
		(?, 1)    eval_LZWSetupDecode_bb5_in(v_code.0) -> Com_1(eval_LZWSetupDecode_bb7_in(v_code.0)) [ v_code.0 < 0 ]
		(?, 1)    eval_LZWSetupDecode_bb7_in(v_code.0) -> Com_1(eval_LZWSetupDecode_stop(v_code.0))
		(?, 1)    eval_LZWSetupDecode_17(v_code.0) -> Com_2(eval___assert_fail_start(v_code.0), eval_LZWSetupDecode_18(v_code.0))
		(?, 1)    eval_LZWSetupDecode_18(v_code.0) -> Com_1(eval_LZWSetupDecode_stop(v_code.0))
	start location:	eval_LZWSetupDecode_start
	leaf cost:	0

Repeatedly propagating knowledge in problem 1 produces the following problem:
2:	T:
		(1, 1)    eval_LZWSetupDecode_start(v_code.0) -> Com_1(eval_LZWSetupDecode_bb0_in(v_code.0))
		(1, 1)    eval_LZWSetupDecode_bb0_in(v_code.0) -> Com_1(eval_LZWSetupDecode_0(v_code.0))
		(1, 1)    eval_LZWSetupDecode_bb0_in(v_code.0) -> Com_1(eval_LZWSetupDecode_bb7_in(v_code.0))
		(1, 1)    eval_LZWSetupDecode_bb0_in(v_code.0) -> Com_1(eval_LZWSetupDecode_17(v_code.0))
		(1, 1)    eval_LZWSetupDecode_0(v_code.0) -> Com_2(eval__TIFFmalloc_start(v_code.0), eval_LZWSetupDecode_1(v_code.0))
		(1, 1)    eval_LZWSetupDecode_1(v_code.0) -> Com_1(eval_LZWSetupDecode_3(v_code.0))
		(1, 1)    eval_LZWSetupDecode_1(v_code.0) -> Com_1(eval_LZWSetupDecode_bb5_in(255))
		(1, 1)    eval_LZWSetupDecode_3(v_code.0) -> Com_2(eval_TIFFError_start(v_code.0), eval_LZWSetupDecode_4(v_code.0))
		(1, 1)    eval_LZWSetupDecode_4(v_code.0) -> Com_1(eval_LZWSetupDecode_bb7_in(v_code.0))
		(?, 1)    eval_LZWSetupDecode_bb5_in(v_code.0) -> Com_1(eval_LZWSetupDecode_bb5_in(v_code.0 - 1)) [ v_code.0 >= 0 ]
		(?, 1)    eval_LZWSetupDecode_bb5_in(v_code.0) -> Com_1(eval_LZWSetupDecode_bb7_in(v_code.0)) [ v_code.0 < 0 ]
		(?, 1)    eval_LZWSetupDecode_bb7_in(v_code.0) -> Com_1(eval_LZWSetupDecode_stop(v_code.0))
		(1, 1)    eval_LZWSetupDecode_17(v_code.0) -> Com_2(eval___assert_fail_start(v_code.0), eval_LZWSetupDecode_18(v_code.0))
		(1, 1)    eval_LZWSetupDecode_18(v_code.0) -> Com_1(eval_LZWSetupDecode_stop(v_code.0))
	start location:	eval_LZWSetupDecode_start
	leaf cost:	0

A polynomial rank function with
	Pol(eval_LZWSetupDecode_start) = 2
	Pol(eval_LZWSetupDecode_bb0_in) = 2
	Pol(eval_LZWSetupDecode_0) = 2
	Pol(eval_LZWSetupDecode_bb7_in) = 1
	Pol(eval_LZWSetupDecode_17) = 0
	Pol(eval__TIFFmalloc_start) = 0
	Pol(eval_LZWSetupDecode_1) = 2
	Pol(eval_LZWSetupDecode_3) = 1
	Pol(eval_LZWSetupDecode_bb5_in) = 2
	Pol(eval_TIFFError_start) = 0
	Pol(eval_LZWSetupDecode_4) = 1
	Pol(eval_LZWSetupDecode_stop) = 0
	Pol(eval___assert_fail_start) = 0
	Pol(eval_LZWSetupDecode_18) = 0
orients all transitions weakly and the transitions
	eval_LZWSetupDecode_bb7_in(v_code.0) -> Com_1(eval_LZWSetupDecode_stop(v_code.0))
	eval_LZWSetupDecode_bb5_in(v_code.0) -> Com_1(eval_LZWSetupDecode_bb7_in(v_code.0)) [ v_code.0 < 0 ]
strictly and produces the following problem:
3:	T:
		(1, 1)    eval_LZWSetupDecode_start(v_code.0) -> Com_1(eval_LZWSetupDecode_bb0_in(v_code.0))
		(1, 1)    eval_LZWSetupDecode_bb0_in(v_code.0) -> Com_1(eval_LZWSetupDecode_0(v_code.0))
		(1, 1)    eval_LZWSetupDecode_bb0_in(v_code.0) -> Com_1(eval_LZWSetupDecode_bb7_in(v_code.0))
		(1, 1)    eval_LZWSetupDecode_bb0_in(v_code.0) -> Com_1(eval_LZWSetupDecode_17(v_code.0))
		(1, 1)    eval_LZWSetupDecode_0(v_code.0) -> Com_2(eval__TIFFmalloc_start(v_code.0), eval_LZWSetupDecode_1(v_code.0))
		(1, 1)    eval_LZWSetupDecode_1(v_code.0) -> Com_1(eval_LZWSetupDecode_3(v_code.0))
		(1, 1)    eval_LZWSetupDecode_1(v_code.0) -> Com_1(eval_LZWSetupDecode_bb5_in(255))
		(1, 1)    eval_LZWSetupDecode_3(v_code.0) -> Com_2(eval_TIFFError_start(v_code.0), eval_LZWSetupDecode_4(v_code.0))
		(1, 1)    eval_LZWSetupDecode_4(v_code.0) -> Com_1(eval_LZWSetupDecode_bb7_in(v_code.0))
		(?, 1)    eval_LZWSetupDecode_bb5_in(v_code.0) -> Com_1(eval_LZWSetupDecode_bb5_in(v_code.0 - 1)) [ v_code.0 >= 0 ]
		(2, 1)    eval_LZWSetupDecode_bb5_in(v_code.0) -> Com_1(eval_LZWSetupDecode_bb7_in(v_code.0)) [ v_code.0 < 0 ]
		(2, 1)    eval_LZWSetupDecode_bb7_in(v_code.0) -> Com_1(eval_LZWSetupDecode_stop(v_code.0))
		(1, 1)    eval_LZWSetupDecode_17(v_code.0) -> Com_2(eval___assert_fail_start(v_code.0), eval_LZWSetupDecode_18(v_code.0))
		(1, 1)    eval_LZWSetupDecode_18(v_code.0) -> Com_1(eval_LZWSetupDecode_stop(v_code.0))
	start location:	eval_LZWSetupDecode_start
	leaf cost:	0

A polynomial rank function with
	Pol(eval_LZWSetupDecode_bb5_in) = V_1 + 1
and size complexities
	S("eval_LZWSetupDecode_18(v_code.0) -> Com_1(eval_LZWSetupDecode_stop(v_code.0))", 0-0) = v_code.0
	S("eval_LZWSetupDecode_17(v_code.0) -> Com_2(eval___assert_fail_start(v_code.0), eval_LZWSetupDecode_18(v_code.0))", 0-0) = v_code.0
	S("eval_LZWSetupDecode_17(v_code.0) -> Com_2(eval___assert_fail_start(v_code.0), eval_LZWSetupDecode_18(v_code.0))", 1-0) = v_code.0
	S("eval_LZWSetupDecode_bb7_in(v_code.0) -> Com_1(eval_LZWSetupDecode_stop(v_code.0))", 0-0) = v_code.0 + 255
	S("eval_LZWSetupDecode_bb5_in(v_code.0) -> Com_1(eval_LZWSetupDecode_bb7_in(v_code.0)) [ v_code.0 < 0 ]", 0-0) = 255
	S("eval_LZWSetupDecode_bb5_in(v_code.0) -> Com_1(eval_LZWSetupDecode_bb5_in(v_code.0 - 1)) [ v_code.0 >= 0 ]", 0-0) = 255
	S("eval_LZWSetupDecode_4(v_code.0) -> Com_1(eval_LZWSetupDecode_bb7_in(v_code.0))", 0-0) = v_code.0
	S("eval_LZWSetupDecode_3(v_code.0) -> Com_2(eval_TIFFError_start(v_code.0), eval_LZWSetupDecode_4(v_code.0))", 0-0) = v_code.0
	S("eval_LZWSetupDecode_3(v_code.0) -> Com_2(eval_TIFFError_start(v_code.0), eval_LZWSetupDecode_4(v_code.0))", 1-0) = v_code.0
	S("eval_LZWSetupDecode_1(v_code.0) -> Com_1(eval_LZWSetupDecode_bb5_in(255))", 0-0) = 255
	S("eval_LZWSetupDecode_1(v_code.0) -> Com_1(eval_LZWSetupDecode_3(v_code.0))", 0-0) = v_code.0
	S("eval_LZWSetupDecode_0(v_code.0) -> Com_2(eval__TIFFmalloc_start(v_code.0), eval_LZWSetupDecode_1(v_code.0))", 0-0) = v_code.0
	S("eval_LZWSetupDecode_0(v_code.0) -> Com_2(eval__TIFFmalloc_start(v_code.0), eval_LZWSetupDecode_1(v_code.0))", 1-0) = v_code.0
	S("eval_LZWSetupDecode_bb0_in(v_code.0) -> Com_1(eval_LZWSetupDecode_17(v_code.0))", 0-0) = v_code.0
	S("eval_LZWSetupDecode_bb0_in(v_code.0) -> Com_1(eval_LZWSetupDecode_bb7_in(v_code.0))", 0-0) = v_code.0
	S("eval_LZWSetupDecode_bb0_in(v_code.0) -> Com_1(eval_LZWSetupDecode_0(v_code.0))", 0-0) = v_code.0
	S("eval_LZWSetupDecode_start(v_code.0) -> Com_1(eval_LZWSetupDecode_bb0_in(v_code.0))", 0-0) = v_code.0
orients the transitions
	eval_LZWSetupDecode_bb5_in(v_code.0) -> Com_1(eval_LZWSetupDecode_bb5_in(v_code.0 - 1)) [ v_code.0 >= 0 ]
weakly and the transition
	eval_LZWSetupDecode_bb5_in(v_code.0) -> Com_1(eval_LZWSetupDecode_bb5_in(v_code.0 - 1)) [ v_code.0 >= 0 ]
strictly and produces the following problem:
4:	T:
		(1, 1)      eval_LZWSetupDecode_start(v_code.0) -> Com_1(eval_LZWSetupDecode_bb0_in(v_code.0))
		(1, 1)      eval_LZWSetupDecode_bb0_in(v_code.0) -> Com_1(eval_LZWSetupDecode_0(v_code.0))
		(1, 1)      eval_LZWSetupDecode_bb0_in(v_code.0) -> Com_1(eval_LZWSetupDecode_bb7_in(v_code.0))
		(1, 1)      eval_LZWSetupDecode_bb0_in(v_code.0) -> Com_1(eval_LZWSetupDecode_17(v_code.0))
		(1, 1)      eval_LZWSetupDecode_0(v_code.0) -> Com_2(eval__TIFFmalloc_start(v_code.0), eval_LZWSetupDecode_1(v_code.0))
		(1, 1)      eval_LZWSetupDecode_1(v_code.0) -> Com_1(eval_LZWSetupDecode_3(v_code.0))
		(1, 1)      eval_LZWSetupDecode_1(v_code.0) -> Com_1(eval_LZWSetupDecode_bb5_in(255))
		(1, 1)      eval_LZWSetupDecode_3(v_code.0) -> Com_2(eval_TIFFError_start(v_code.0), eval_LZWSetupDecode_4(v_code.0))
		(1, 1)      eval_LZWSetupDecode_4(v_code.0) -> Com_1(eval_LZWSetupDecode_bb7_in(v_code.0))
		(256, 1)    eval_LZWSetupDecode_bb5_in(v_code.0) -> Com_1(eval_LZWSetupDecode_bb5_in(v_code.0 - 1)) [ v_code.0 >= 0 ]
		(2, 1)      eval_LZWSetupDecode_bb5_in(v_code.0) -> Com_1(eval_LZWSetupDecode_bb7_in(v_code.0)) [ v_code.0 < 0 ]
		(2, 1)      eval_LZWSetupDecode_bb7_in(v_code.0) -> Com_1(eval_LZWSetupDecode_stop(v_code.0))
		(1, 1)      eval_LZWSetupDecode_17(v_code.0) -> Com_2(eval___assert_fail_start(v_code.0), eval_LZWSetupDecode_18(v_code.0))
		(1, 1)      eval_LZWSetupDecode_18(v_code.0) -> Com_1(eval_LZWSetupDecode_stop(v_code.0))
	start location:	eval_LZWSetupDecode_start
	leaf cost:	0

Complexity upper bound 271

Time: 0.043 sec (SMT: 0.039 sec)
