MAYBE

Initial complexity problem:
1:	T:
		(1, 1)    eval_encode_mcu_DC_refine_start(v_22, v_32, v_blkn.0) -> Com_1(eval_encode_mcu_DC_refine_bb0_in(v_22, v_32, v_blkn.0))
		(?, 1)    eval_encode_mcu_DC_refine_bb0_in(v_22, v_32, v_blkn.0) -> Com_1(eval_encode_mcu_DC_refine_9(nondef.4, v_32, v_blkn.0))
		(?, 1)    eval_encode_mcu_DC_refine_bb0_in(v_22, v_32, v_blkn.0) -> Com_1(eval_encode_mcu_DC_refine_bb3_in(v_22, v_32, v_blkn.0))
		(?, 1)    eval_encode_mcu_DC_refine_9(v_22, v_32, v_blkn.0) -> Com_2(eval_emit_restart_start(v_22, v_32, v_blkn.0), eval_encode_mcu_DC_refine_10(v_22, v_32, v_blkn.0))
		(?, 1)    eval_encode_mcu_DC_refine_10(v_22, v_32, v_blkn.0) -> Com_1(eval_encode_mcu_DC_refine_bb3_in(v_22, v_32, v_blkn.0))
		(?, 1)    eval_encode_mcu_DC_refine_bb3_in(v_22, v_32, v_blkn.0) -> Com_1(eval_encode_mcu_DC_refine_bb4_in(v_22, v_32, 0))
		(?, 1)    eval_encode_mcu_DC_refine_bb4_in(v_22, v_32, v_blkn.0) -> Com_1(eval_encode_mcu_DC_refine_17(v_22, nondef.7, v_blkn.0))
		(?, 1)    eval_encode_mcu_DC_refine_bb4_in(v_22, v_32, v_blkn.0) -> Com_1(eval_encode_mcu_DC_refine_bb9_in(v_22, v_32, v_blkn.0))
		(?, 1)    eval_encode_mcu_DC_refine_bb4_in(v_22, v_32, v_blkn.0) -> Com_1(eval_encode_mcu_DC_refine_bb10_in(v_22, v_32, v_blkn.0))
		(?, 1)    eval_encode_mcu_DC_refine_17(v_22, v_32, v_blkn.0) -> Com_2(eval_emit_bits_start(v_22, v_32, v_blkn.0), eval_encode_mcu_DC_refine_18(v_22, v_32, v_blkn.0))
		(?, 1)    eval_encode_mcu_DC_refine_18(v_22, v_32, v_blkn.0) -> Com_1(eval_encode_mcu_DC_refine_bb4_in(v_22, v_32, v_blkn.0 + 1))
		(?, 1)    eval_encode_mcu_DC_refine_bb9_in(v_22, v_32, v_blkn.0) -> Com_1(eval_encode_mcu_DC_refine_bb10_in(v_22, v_32, v_blkn.0))
		(?, 1)    eval_encode_mcu_DC_refine_bb10_in(v_22, v_32, v_blkn.0) -> Com_1(eval_encode_mcu_DC_refine_stop(v_22, v_32, v_blkn.0))
	start location:	eval_encode_mcu_DC_refine_start
	leaf cost:	0

Repeatedly propagating knowledge in problem 1 produces the following problem:
2:	T:
		(1, 1)    eval_encode_mcu_DC_refine_start(v_22, v_32, v_blkn.0) -> Com_1(eval_encode_mcu_DC_refine_bb0_in(v_22, v_32, v_blkn.0))
		(1, 1)    eval_encode_mcu_DC_refine_bb0_in(v_22, v_32, v_blkn.0) -> Com_1(eval_encode_mcu_DC_refine_9(nondef.4, v_32, v_blkn.0))
		(1, 1)    eval_encode_mcu_DC_refine_bb0_in(v_22, v_32, v_blkn.0) -> Com_1(eval_encode_mcu_DC_refine_bb3_in(v_22, v_32, v_blkn.0))
		(1, 1)    eval_encode_mcu_DC_refine_9(v_22, v_32, v_blkn.0) -> Com_2(eval_emit_restart_start(v_22, v_32, v_blkn.0), eval_encode_mcu_DC_refine_10(v_22, v_32, v_blkn.0))
		(1, 1)    eval_encode_mcu_DC_refine_10(v_22, v_32, v_blkn.0) -> Com_1(eval_encode_mcu_DC_refine_bb3_in(v_22, v_32, v_blkn.0))
		(2, 1)    eval_encode_mcu_DC_refine_bb3_in(v_22, v_32, v_blkn.0) -> Com_1(eval_encode_mcu_DC_refine_bb4_in(v_22, v_32, 0))
		(?, 1)    eval_encode_mcu_DC_refine_bb4_in(v_22, v_32, v_blkn.0) -> Com_1(eval_encode_mcu_DC_refine_17(v_22, nondef.7, v_blkn.0))
		(?, 1)    eval_encode_mcu_DC_refine_bb4_in(v_22, v_32, v_blkn.0) -> Com_1(eval_encode_mcu_DC_refine_bb9_in(v_22, v_32, v_blkn.0))
		(?, 1)    eval_encode_mcu_DC_refine_bb4_in(v_22, v_32, v_blkn.0) -> Com_1(eval_encode_mcu_DC_refine_bb10_in(v_22, v_32, v_blkn.0))
		(?, 1)    eval_encode_mcu_DC_refine_17(v_22, v_32, v_blkn.0) -> Com_2(eval_emit_bits_start(v_22, v_32, v_blkn.0), eval_encode_mcu_DC_refine_18(v_22, v_32, v_blkn.0))
		(?, 1)    eval_encode_mcu_DC_refine_18(v_22, v_32, v_blkn.0) -> Com_1(eval_encode_mcu_DC_refine_bb4_in(v_22, v_32, v_blkn.0 + 1))
		(?, 1)    eval_encode_mcu_DC_refine_bb9_in(v_22, v_32, v_blkn.0) -> Com_1(eval_encode_mcu_DC_refine_bb10_in(v_22, v_32, v_blkn.0))
		(?, 1)    eval_encode_mcu_DC_refine_bb10_in(v_22, v_32, v_blkn.0) -> Com_1(eval_encode_mcu_DC_refine_stop(v_22, v_32, v_blkn.0))
	start location:	eval_encode_mcu_DC_refine_start
	leaf cost:	0

A polynomial rank function with
	Pol(eval_encode_mcu_DC_refine_start) = 3
	Pol(eval_encode_mcu_DC_refine_bb0_in) = 3
	Pol(eval_encode_mcu_DC_refine_9) = 3
	Pol(eval_encode_mcu_DC_refine_bb3_in) = 3
	Pol(eval_emit_restart_start) = 0
	Pol(eval_encode_mcu_DC_refine_10) = 3
	Pol(eval_encode_mcu_DC_refine_bb4_in) = 3
	Pol(eval_encode_mcu_DC_refine_17) = 3
	Pol(eval_encode_mcu_DC_refine_bb9_in) = 2
	Pol(eval_encode_mcu_DC_refine_bb10_in) = 1
	Pol(eval_emit_bits_start) = 0
	Pol(eval_encode_mcu_DC_refine_18) = 3
	Pol(eval_encode_mcu_DC_refine_stop) = 0
orients all transitions weakly and the transitions
	eval_encode_mcu_DC_refine_bb9_in(v_22, v_32, v_blkn.0) -> Com_1(eval_encode_mcu_DC_refine_bb10_in(v_22, v_32, v_blkn.0))
	eval_encode_mcu_DC_refine_bb4_in(v_22, v_32, v_blkn.0) -> Com_1(eval_encode_mcu_DC_refine_bb9_in(v_22, v_32, v_blkn.0))
	eval_encode_mcu_DC_refine_bb4_in(v_22, v_32, v_blkn.0) -> Com_1(eval_encode_mcu_DC_refine_bb10_in(v_22, v_32, v_blkn.0))
	eval_encode_mcu_DC_refine_bb10_in(v_22, v_32, v_blkn.0) -> Com_1(eval_encode_mcu_DC_refine_stop(v_22, v_32, v_blkn.0))
strictly and produces the following problem:
3:	T:
		(1, 1)    eval_encode_mcu_DC_refine_start(v_22, v_32, v_blkn.0) -> Com_1(eval_encode_mcu_DC_refine_bb0_in(v_22, v_32, v_blkn.0))
		(1, 1)    eval_encode_mcu_DC_refine_bb0_in(v_22, v_32, v_blkn.0) -> Com_1(eval_encode_mcu_DC_refine_9(nondef.4, v_32, v_blkn.0))
		(1, 1)    eval_encode_mcu_DC_refine_bb0_in(v_22, v_32, v_blkn.0) -> Com_1(eval_encode_mcu_DC_refine_bb3_in(v_22, v_32, v_blkn.0))
		(1, 1)    eval_encode_mcu_DC_refine_9(v_22, v_32, v_blkn.0) -> Com_2(eval_emit_restart_start(v_22, v_32, v_blkn.0), eval_encode_mcu_DC_refine_10(v_22, v_32, v_blkn.0))
		(1, 1)    eval_encode_mcu_DC_refine_10(v_22, v_32, v_blkn.0) -> Com_1(eval_encode_mcu_DC_refine_bb3_in(v_22, v_32, v_blkn.0))
		(2, 1)    eval_encode_mcu_DC_refine_bb3_in(v_22, v_32, v_blkn.0) -> Com_1(eval_encode_mcu_DC_refine_bb4_in(v_22, v_32, 0))
		(?, 1)    eval_encode_mcu_DC_refine_bb4_in(v_22, v_32, v_blkn.0) -> Com_1(eval_encode_mcu_DC_refine_17(v_22, nondef.7, v_blkn.0))
		(3, 1)    eval_encode_mcu_DC_refine_bb4_in(v_22, v_32, v_blkn.0) -> Com_1(eval_encode_mcu_DC_refine_bb9_in(v_22, v_32, v_blkn.0))
		(3, 1)    eval_encode_mcu_DC_refine_bb4_in(v_22, v_32, v_blkn.0) -> Com_1(eval_encode_mcu_DC_refine_bb10_in(v_22, v_32, v_blkn.0))
		(?, 1)    eval_encode_mcu_DC_refine_17(v_22, v_32, v_blkn.0) -> Com_2(eval_emit_bits_start(v_22, v_32, v_blkn.0), eval_encode_mcu_DC_refine_18(v_22, v_32, v_blkn.0))
		(?, 1)    eval_encode_mcu_DC_refine_18(v_22, v_32, v_blkn.0) -> Com_1(eval_encode_mcu_DC_refine_bb4_in(v_22, v_32, v_blkn.0 + 1))
		(3, 1)    eval_encode_mcu_DC_refine_bb9_in(v_22, v_32, v_blkn.0) -> Com_1(eval_encode_mcu_DC_refine_bb10_in(v_22, v_32, v_blkn.0))
		(3, 1)    eval_encode_mcu_DC_refine_bb10_in(v_22, v_32, v_blkn.0) -> Com_1(eval_encode_mcu_DC_refine_stop(v_22, v_32, v_blkn.0))
	start location:	eval_encode_mcu_DC_refine_start
	leaf cost:	0

Applied AI with 'oct' on problem 3 to obtain the following invariants:
  For symbol eval_encode_mcu_DC_refine_17: X_3 >= 0
  For symbol eval_encode_mcu_DC_refine_18: X_3 >= 0
  For symbol eval_encode_mcu_DC_refine_bb10_in: X_3 >= 0
  For symbol eval_encode_mcu_DC_refine_bb4_in: X_3 >= 0
  For symbol eval_encode_mcu_DC_refine_bb9_in: X_3 >= 0


This yielded the following problem:
4:	T:
		(3, 1)    eval_encode_mcu_DC_refine_bb10_in(v_22, v_32, v_blkn.0) -> Com_1(eval_encode_mcu_DC_refine_stop(v_22, v_32, v_blkn.0)) [ v_blkn.0 >= 0 ]
		(3, 1)    eval_encode_mcu_DC_refine_bb9_in(v_22, v_32, v_blkn.0) -> Com_1(eval_encode_mcu_DC_refine_bb10_in(v_22, v_32, v_blkn.0)) [ v_blkn.0 >= 0 ]
		(?, 1)    eval_encode_mcu_DC_refine_18(v_22, v_32, v_blkn.0) -> Com_1(eval_encode_mcu_DC_refine_bb4_in(v_22, v_32, v_blkn.0 + 1)) [ v_blkn.0 >= 0 ]
		(?, 1)    eval_encode_mcu_DC_refine_17(v_22, v_32, v_blkn.0) -> Com_2(eval_emit_bits_start(v_22, v_32, v_blkn.0), eval_encode_mcu_DC_refine_18(v_22, v_32, v_blkn.0)) [ v_blkn.0 >= 0 ]
		(3, 1)    eval_encode_mcu_DC_refine_bb4_in(v_22, v_32, v_blkn.0) -> Com_1(eval_encode_mcu_DC_refine_bb10_in(v_22, v_32, v_blkn.0)) [ v_blkn.0 >= 0 ]
		(3, 1)    eval_encode_mcu_DC_refine_bb4_in(v_22, v_32, v_blkn.0) -> Com_1(eval_encode_mcu_DC_refine_bb9_in(v_22, v_32, v_blkn.0)) [ v_blkn.0 >= 0 ]
		(?, 1)    eval_encode_mcu_DC_refine_bb4_in(v_22, v_32, v_blkn.0) -> Com_1(eval_encode_mcu_DC_refine_17(v_22, nondef.7, v_blkn.0)) [ v_blkn.0 >= 0 ]
		(2, 1)    eval_encode_mcu_DC_refine_bb3_in(v_22, v_32, v_blkn.0) -> Com_1(eval_encode_mcu_DC_refine_bb4_in(v_22, v_32, 0))
		(1, 1)    eval_encode_mcu_DC_refine_10(v_22, v_32, v_blkn.0) -> Com_1(eval_encode_mcu_DC_refine_bb3_in(v_22, v_32, v_blkn.0))
		(1, 1)    eval_encode_mcu_DC_refine_9(v_22, v_32, v_blkn.0) -> Com_2(eval_emit_restart_start(v_22, v_32, v_blkn.0), eval_encode_mcu_DC_refine_10(v_22, v_32, v_blkn.0))
		(1, 1)    eval_encode_mcu_DC_refine_bb0_in(v_22, v_32, v_blkn.0) -> Com_1(eval_encode_mcu_DC_refine_bb3_in(v_22, v_32, v_blkn.0))
		(1, 1)    eval_encode_mcu_DC_refine_bb0_in(v_22, v_32, v_blkn.0) -> Com_1(eval_encode_mcu_DC_refine_9(nondef.4, v_32, v_blkn.0))
		(1, 1)    eval_encode_mcu_DC_refine_start(v_22, v_32, v_blkn.0) -> Com_1(eval_encode_mcu_DC_refine_bb0_in(v_22, v_32, v_blkn.0))
	start location:	eval_encode_mcu_DC_refine_start
	leaf cost:	0

By chaining the transition eval_encode_mcu_DC_refine_bb9_in(v_22, v_32, v_blkn.0) -> Com_1(eval_encode_mcu_DC_refine_bb10_in(v_22, v_32, v_blkn.0)) [ v_blkn.0 >= 0 ] with all transitions in problem 4, the following new transition is obtained:
	eval_encode_mcu_DC_refine_bb9_in(v_22, v_32, v_blkn.0) -> Com_1(eval_encode_mcu_DC_refine_stop(v_22, v_32, v_blkn.0)) [ v_blkn.0 >= 0 ]
We thus obtain the following problem:
5:	T:
		(3, 2)    eval_encode_mcu_DC_refine_bb9_in(v_22, v_32, v_blkn.0) -> Com_1(eval_encode_mcu_DC_refine_stop(v_22, v_32, v_blkn.0)) [ v_blkn.0 >= 0 ]
		(3, 1)    eval_encode_mcu_DC_refine_bb10_in(v_22, v_32, v_blkn.0) -> Com_1(eval_encode_mcu_DC_refine_stop(v_22, v_32, v_blkn.0)) [ v_blkn.0 >= 0 ]
		(?, 1)    eval_encode_mcu_DC_refine_18(v_22, v_32, v_blkn.0) -> Com_1(eval_encode_mcu_DC_refine_bb4_in(v_22, v_32, v_blkn.0 + 1)) [ v_blkn.0 >= 0 ]
		(?, 1)    eval_encode_mcu_DC_refine_17(v_22, v_32, v_blkn.0) -> Com_2(eval_emit_bits_start(v_22, v_32, v_blkn.0), eval_encode_mcu_DC_refine_18(v_22, v_32, v_blkn.0)) [ v_blkn.0 >= 0 ]
		(3, 1)    eval_encode_mcu_DC_refine_bb4_in(v_22, v_32, v_blkn.0) -> Com_1(eval_encode_mcu_DC_refine_bb10_in(v_22, v_32, v_blkn.0)) [ v_blkn.0 >= 0 ]
		(3, 1)    eval_encode_mcu_DC_refine_bb4_in(v_22, v_32, v_blkn.0) -> Com_1(eval_encode_mcu_DC_refine_bb9_in(v_22, v_32, v_blkn.0)) [ v_blkn.0 >= 0 ]
		(?, 1)    eval_encode_mcu_DC_refine_bb4_in(v_22, v_32, v_blkn.0) -> Com_1(eval_encode_mcu_DC_refine_17(v_22, nondef.7, v_blkn.0)) [ v_blkn.0 >= 0 ]
		(2, 1)    eval_encode_mcu_DC_refine_bb3_in(v_22, v_32, v_blkn.0) -> Com_1(eval_encode_mcu_DC_refine_bb4_in(v_22, v_32, 0))
		(1, 1)    eval_encode_mcu_DC_refine_10(v_22, v_32, v_blkn.0) -> Com_1(eval_encode_mcu_DC_refine_bb3_in(v_22, v_32, v_blkn.0))
		(1, 1)    eval_encode_mcu_DC_refine_9(v_22, v_32, v_blkn.0) -> Com_2(eval_emit_restart_start(v_22, v_32, v_blkn.0), eval_encode_mcu_DC_refine_10(v_22, v_32, v_blkn.0))
		(1, 1)    eval_encode_mcu_DC_refine_bb0_in(v_22, v_32, v_blkn.0) -> Com_1(eval_encode_mcu_DC_refine_bb3_in(v_22, v_32, v_blkn.0))
		(1, 1)    eval_encode_mcu_DC_refine_bb0_in(v_22, v_32, v_blkn.0) -> Com_1(eval_encode_mcu_DC_refine_9(nondef.4, v_32, v_blkn.0))
		(1, 1)    eval_encode_mcu_DC_refine_start(v_22, v_32, v_blkn.0) -> Com_1(eval_encode_mcu_DC_refine_bb0_in(v_22, v_32, v_blkn.0))
	start location:	eval_encode_mcu_DC_refine_start
	leaf cost:	0

By chaining the transition eval_encode_mcu_DC_refine_bb4_in(v_22, v_32, v_blkn.0) -> Com_1(eval_encode_mcu_DC_refine_bb10_in(v_22, v_32, v_blkn.0)) [ v_blkn.0 >= 0 ] with all transitions in problem 5, the following new transition is obtained:
	eval_encode_mcu_DC_refine_bb4_in(v_22, v_32, v_blkn.0) -> Com_1(eval_encode_mcu_DC_refine_stop(v_22, v_32, v_blkn.0)) [ v_blkn.0 >= 0 ]
We thus obtain the following problem:
6:	T:
		(3, 2)    eval_encode_mcu_DC_refine_bb4_in(v_22, v_32, v_blkn.0) -> Com_1(eval_encode_mcu_DC_refine_stop(v_22, v_32, v_blkn.0)) [ v_blkn.0 >= 0 ]
		(3, 2)    eval_encode_mcu_DC_refine_bb9_in(v_22, v_32, v_blkn.0) -> Com_1(eval_encode_mcu_DC_refine_stop(v_22, v_32, v_blkn.0)) [ v_blkn.0 >= 0 ]
		(3, 1)    eval_encode_mcu_DC_refine_bb10_in(v_22, v_32, v_blkn.0) -> Com_1(eval_encode_mcu_DC_refine_stop(v_22, v_32, v_blkn.0)) [ v_blkn.0 >= 0 ]
		(?, 1)    eval_encode_mcu_DC_refine_18(v_22, v_32, v_blkn.0) -> Com_1(eval_encode_mcu_DC_refine_bb4_in(v_22, v_32, v_blkn.0 + 1)) [ v_blkn.0 >= 0 ]
		(?, 1)    eval_encode_mcu_DC_refine_17(v_22, v_32, v_blkn.0) -> Com_2(eval_emit_bits_start(v_22, v_32, v_blkn.0), eval_encode_mcu_DC_refine_18(v_22, v_32, v_blkn.0)) [ v_blkn.0 >= 0 ]
		(3, 1)    eval_encode_mcu_DC_refine_bb4_in(v_22, v_32, v_blkn.0) -> Com_1(eval_encode_mcu_DC_refine_bb9_in(v_22, v_32, v_blkn.0)) [ v_blkn.0 >= 0 ]
		(?, 1)    eval_encode_mcu_DC_refine_bb4_in(v_22, v_32, v_blkn.0) -> Com_1(eval_encode_mcu_DC_refine_17(v_22, nondef.7, v_blkn.0)) [ v_blkn.0 >= 0 ]
		(2, 1)    eval_encode_mcu_DC_refine_bb3_in(v_22, v_32, v_blkn.0) -> Com_1(eval_encode_mcu_DC_refine_bb4_in(v_22, v_32, 0))
		(1, 1)    eval_encode_mcu_DC_refine_10(v_22, v_32, v_blkn.0) -> Com_1(eval_encode_mcu_DC_refine_bb3_in(v_22, v_32, v_blkn.0))
		(1, 1)    eval_encode_mcu_DC_refine_9(v_22, v_32, v_blkn.0) -> Com_2(eval_emit_restart_start(v_22, v_32, v_blkn.0), eval_encode_mcu_DC_refine_10(v_22, v_32, v_blkn.0))
		(1, 1)    eval_encode_mcu_DC_refine_bb0_in(v_22, v_32, v_blkn.0) -> Com_1(eval_encode_mcu_DC_refine_bb3_in(v_22, v_32, v_blkn.0))
		(1, 1)    eval_encode_mcu_DC_refine_bb0_in(v_22, v_32, v_blkn.0) -> Com_1(eval_encode_mcu_DC_refine_9(nondef.4, v_32, v_blkn.0))
		(1, 1)    eval_encode_mcu_DC_refine_start(v_22, v_32, v_blkn.0) -> Com_1(eval_encode_mcu_DC_refine_bb0_in(v_22, v_32, v_blkn.0))
	start location:	eval_encode_mcu_DC_refine_start
	leaf cost:	0

Testing for reachability in the complexity graph removes the following transition from problem 6:
	eval_encode_mcu_DC_refine_bb10_in(v_22, v_32, v_blkn.0) -> Com_1(eval_encode_mcu_DC_refine_stop(v_22, v_32, v_blkn.0)) [ v_blkn.0 >= 0 ]
We thus obtain the following problem:
7:	T:
		(?, 1)    eval_encode_mcu_DC_refine_18(v_22, v_32, v_blkn.0) -> Com_1(eval_encode_mcu_DC_refine_bb4_in(v_22, v_32, v_blkn.0 + 1)) [ v_blkn.0 >= 0 ]
		(?, 1)    eval_encode_mcu_DC_refine_17(v_22, v_32, v_blkn.0) -> Com_2(eval_emit_bits_start(v_22, v_32, v_blkn.0), eval_encode_mcu_DC_refine_18(v_22, v_32, v_blkn.0)) [ v_blkn.0 >= 0 ]
		(3, 2)    eval_encode_mcu_DC_refine_bb9_in(v_22, v_32, v_blkn.0) -> Com_1(eval_encode_mcu_DC_refine_stop(v_22, v_32, v_blkn.0)) [ v_blkn.0 >= 0 ]
		(1, 1)    eval_encode_mcu_DC_refine_10(v_22, v_32, v_blkn.0) -> Com_1(eval_encode_mcu_DC_refine_bb3_in(v_22, v_32, v_blkn.0))
		(3, 2)    eval_encode_mcu_DC_refine_bb4_in(v_22, v_32, v_blkn.0) -> Com_1(eval_encode_mcu_DC_refine_stop(v_22, v_32, v_blkn.0)) [ v_blkn.0 >= 0 ]
		(?, 1)    eval_encode_mcu_DC_refine_bb4_in(v_22, v_32, v_blkn.0) -> Com_1(eval_encode_mcu_DC_refine_17(v_22, nondef.7, v_blkn.0)) [ v_blkn.0 >= 0 ]
		(3, 1)    eval_encode_mcu_DC_refine_bb4_in(v_22, v_32, v_blkn.0) -> Com_1(eval_encode_mcu_DC_refine_bb9_in(v_22, v_32, v_blkn.0)) [ v_blkn.0 >= 0 ]
		(1, 1)    eval_encode_mcu_DC_refine_9(v_22, v_32, v_blkn.0) -> Com_2(eval_emit_restart_start(v_22, v_32, v_blkn.0), eval_encode_mcu_DC_refine_10(v_22, v_32, v_blkn.0))
		(2, 1)    eval_encode_mcu_DC_refine_bb3_in(v_22, v_32, v_blkn.0) -> Com_1(eval_encode_mcu_DC_refine_bb4_in(v_22, v_32, 0))
		(1, 1)    eval_encode_mcu_DC_refine_bb0_in(v_22, v_32, v_blkn.0) -> Com_1(eval_encode_mcu_DC_refine_9(nondef.4, v_32, v_blkn.0))
		(1, 1)    eval_encode_mcu_DC_refine_bb0_in(v_22, v_32, v_blkn.0) -> Com_1(eval_encode_mcu_DC_refine_bb3_in(v_22, v_32, v_blkn.0))
		(1, 1)    eval_encode_mcu_DC_refine_start(v_22, v_32, v_blkn.0) -> Com_1(eval_encode_mcu_DC_refine_bb0_in(v_22, v_32, v_blkn.0))
	start location:	eval_encode_mcu_DC_refine_start
	leaf cost:	0

By chaining the transition eval_encode_mcu_DC_refine_10(v_22, v_32, v_blkn.0) -> Com_1(eval_encode_mcu_DC_refine_bb3_in(v_22, v_32, v_blkn.0)) with all transitions in problem 7, the following new transition is obtained:
	eval_encode_mcu_DC_refine_10(v_22, v_32, v_blkn.0) -> Com_1(eval_encode_mcu_DC_refine_bb4_in(v_22, v_32, 0))
We thus obtain the following problem:
8:	T:
		(1, 2)    eval_encode_mcu_DC_refine_10(v_22, v_32, v_blkn.0) -> Com_1(eval_encode_mcu_DC_refine_bb4_in(v_22, v_32, 0))
		(?, 1)    eval_encode_mcu_DC_refine_18(v_22, v_32, v_blkn.0) -> Com_1(eval_encode_mcu_DC_refine_bb4_in(v_22, v_32, v_blkn.0 + 1)) [ v_blkn.0 >= 0 ]
		(?, 1)    eval_encode_mcu_DC_refine_17(v_22, v_32, v_blkn.0) -> Com_2(eval_emit_bits_start(v_22, v_32, v_blkn.0), eval_encode_mcu_DC_refine_18(v_22, v_32, v_blkn.0)) [ v_blkn.0 >= 0 ]
		(3, 2)    eval_encode_mcu_DC_refine_bb9_in(v_22, v_32, v_blkn.0) -> Com_1(eval_encode_mcu_DC_refine_stop(v_22, v_32, v_blkn.0)) [ v_blkn.0 >= 0 ]
		(3, 2)    eval_encode_mcu_DC_refine_bb4_in(v_22, v_32, v_blkn.0) -> Com_1(eval_encode_mcu_DC_refine_stop(v_22, v_32, v_blkn.0)) [ v_blkn.0 >= 0 ]
		(?, 1)    eval_encode_mcu_DC_refine_bb4_in(v_22, v_32, v_blkn.0) -> Com_1(eval_encode_mcu_DC_refine_17(v_22, nondef.7, v_blkn.0)) [ v_blkn.0 >= 0 ]
		(3, 1)    eval_encode_mcu_DC_refine_bb4_in(v_22, v_32, v_blkn.0) -> Com_1(eval_encode_mcu_DC_refine_bb9_in(v_22, v_32, v_blkn.0)) [ v_blkn.0 >= 0 ]
		(1, 1)    eval_encode_mcu_DC_refine_9(v_22, v_32, v_blkn.0) -> Com_2(eval_emit_restart_start(v_22, v_32, v_blkn.0), eval_encode_mcu_DC_refine_10(v_22, v_32, v_blkn.0))
		(2, 1)    eval_encode_mcu_DC_refine_bb3_in(v_22, v_32, v_blkn.0) -> Com_1(eval_encode_mcu_DC_refine_bb4_in(v_22, v_32, 0))
		(1, 1)    eval_encode_mcu_DC_refine_bb0_in(v_22, v_32, v_blkn.0) -> Com_1(eval_encode_mcu_DC_refine_9(nondef.4, v_32, v_blkn.0))
		(1, 1)    eval_encode_mcu_DC_refine_bb0_in(v_22, v_32, v_blkn.0) -> Com_1(eval_encode_mcu_DC_refine_bb3_in(v_22, v_32, v_blkn.0))
		(1, 1)    eval_encode_mcu_DC_refine_start(v_22, v_32, v_blkn.0) -> Com_1(eval_encode_mcu_DC_refine_bb0_in(v_22, v_32, v_blkn.0))
	start location:	eval_encode_mcu_DC_refine_start
	leaf cost:	0

By chaining the transition eval_encode_mcu_DC_refine_bb4_in(v_22, v_32, v_blkn.0) -> Com_1(eval_encode_mcu_DC_refine_17(v_22, nondef.7, v_blkn.0)) [ v_blkn.0 >= 0 ] with all transitions in problem 8, the following new transition is obtained:
	eval_encode_mcu_DC_refine_bb4_in(v_22, v_32, v_blkn.0) -> Com_2(eval_emit_bits_start(v_22, nondef.7, v_blkn.0), eval_encode_mcu_DC_refine_18(v_22, nondef.7, v_blkn.0)) [ v_blkn.0 >= 0 ]
We thus obtain the following problem:
9:	T:
		(?, 2)    eval_encode_mcu_DC_refine_bb4_in(v_22, v_32, v_blkn.0) -> Com_2(eval_emit_bits_start(v_22, nondef.7, v_blkn.0), eval_encode_mcu_DC_refine_18(v_22, nondef.7, v_blkn.0)) [ v_blkn.0 >= 0 ]
		(1, 2)    eval_encode_mcu_DC_refine_10(v_22, v_32, v_blkn.0) -> Com_1(eval_encode_mcu_DC_refine_bb4_in(v_22, v_32, 0))
		(?, 1)    eval_encode_mcu_DC_refine_18(v_22, v_32, v_blkn.0) -> Com_1(eval_encode_mcu_DC_refine_bb4_in(v_22, v_32, v_blkn.0 + 1)) [ v_blkn.0 >= 0 ]
		(?, 1)    eval_encode_mcu_DC_refine_17(v_22, v_32, v_blkn.0) -> Com_2(eval_emit_bits_start(v_22, v_32, v_blkn.0), eval_encode_mcu_DC_refine_18(v_22, v_32, v_blkn.0)) [ v_blkn.0 >= 0 ]
		(3, 2)    eval_encode_mcu_DC_refine_bb9_in(v_22, v_32, v_blkn.0) -> Com_1(eval_encode_mcu_DC_refine_stop(v_22, v_32, v_blkn.0)) [ v_blkn.0 >= 0 ]
		(3, 2)    eval_encode_mcu_DC_refine_bb4_in(v_22, v_32, v_blkn.0) -> Com_1(eval_encode_mcu_DC_refine_stop(v_22, v_32, v_blkn.0)) [ v_blkn.0 >= 0 ]
		(3, 1)    eval_encode_mcu_DC_refine_bb4_in(v_22, v_32, v_blkn.0) -> Com_1(eval_encode_mcu_DC_refine_bb9_in(v_22, v_32, v_blkn.0)) [ v_blkn.0 >= 0 ]
		(1, 1)    eval_encode_mcu_DC_refine_9(v_22, v_32, v_blkn.0) -> Com_2(eval_emit_restart_start(v_22, v_32, v_blkn.0), eval_encode_mcu_DC_refine_10(v_22, v_32, v_blkn.0))
		(2, 1)    eval_encode_mcu_DC_refine_bb3_in(v_22, v_32, v_blkn.0) -> Com_1(eval_encode_mcu_DC_refine_bb4_in(v_22, v_32, 0))
		(1, 1)    eval_encode_mcu_DC_refine_bb0_in(v_22, v_32, v_blkn.0) -> Com_1(eval_encode_mcu_DC_refine_9(nondef.4, v_32, v_blkn.0))
		(1, 1)    eval_encode_mcu_DC_refine_bb0_in(v_22, v_32, v_blkn.0) -> Com_1(eval_encode_mcu_DC_refine_bb3_in(v_22, v_32, v_blkn.0))
		(1, 1)    eval_encode_mcu_DC_refine_start(v_22, v_32, v_blkn.0) -> Com_1(eval_encode_mcu_DC_refine_bb0_in(v_22, v_32, v_blkn.0))
	start location:	eval_encode_mcu_DC_refine_start
	leaf cost:	0

Testing for reachability in the complexity graph removes the following transition from problem 9:
	eval_encode_mcu_DC_refine_17(v_22, v_32, v_blkn.0) -> Com_2(eval_emit_bits_start(v_22, v_32, v_blkn.0), eval_encode_mcu_DC_refine_18(v_22, v_32, v_blkn.0)) [ v_blkn.0 >= 0 ]
We thus obtain the following problem:
10:	T:
		(?, 1)    eval_encode_mcu_DC_refine_18(v_22, v_32, v_blkn.0) -> Com_1(eval_encode_mcu_DC_refine_bb4_in(v_22, v_32, v_blkn.0 + 1)) [ v_blkn.0 >= 0 ]
		(3, 2)    eval_encode_mcu_DC_refine_bb9_in(v_22, v_32, v_blkn.0) -> Com_1(eval_encode_mcu_DC_refine_stop(v_22, v_32, v_blkn.0)) [ v_blkn.0 >= 0 ]
		(1, 2)    eval_encode_mcu_DC_refine_10(v_22, v_32, v_blkn.0) -> Com_1(eval_encode_mcu_DC_refine_bb4_in(v_22, v_32, 0))
		(?, 2)    eval_encode_mcu_DC_refine_bb4_in(v_22, v_32, v_blkn.0) -> Com_2(eval_emit_bits_start(v_22, nondef.7, v_blkn.0), eval_encode_mcu_DC_refine_18(v_22, nondef.7, v_blkn.0)) [ v_blkn.0 >= 0 ]
		(3, 2)    eval_encode_mcu_DC_refine_bb4_in(v_22, v_32, v_blkn.0) -> Com_1(eval_encode_mcu_DC_refine_stop(v_22, v_32, v_blkn.0)) [ v_blkn.0 >= 0 ]
		(3, 1)    eval_encode_mcu_DC_refine_bb4_in(v_22, v_32, v_blkn.0) -> Com_1(eval_encode_mcu_DC_refine_bb9_in(v_22, v_32, v_blkn.0)) [ v_blkn.0 >= 0 ]
		(1, 1)    eval_encode_mcu_DC_refine_9(v_22, v_32, v_blkn.0) -> Com_2(eval_emit_restart_start(v_22, v_32, v_blkn.0), eval_encode_mcu_DC_refine_10(v_22, v_32, v_blkn.0))
		(2, 1)    eval_encode_mcu_DC_refine_bb3_in(v_22, v_32, v_blkn.0) -> Com_1(eval_encode_mcu_DC_refine_bb4_in(v_22, v_32, 0))
		(1, 1)    eval_encode_mcu_DC_refine_bb0_in(v_22, v_32, v_blkn.0) -> Com_1(eval_encode_mcu_DC_refine_9(nondef.4, v_32, v_blkn.0))
		(1, 1)    eval_encode_mcu_DC_refine_bb0_in(v_22, v_32, v_blkn.0) -> Com_1(eval_encode_mcu_DC_refine_bb3_in(v_22, v_32, v_blkn.0))
		(1, 1)    eval_encode_mcu_DC_refine_start(v_22, v_32, v_blkn.0) -> Com_1(eval_encode_mcu_DC_refine_bb0_in(v_22, v_32, v_blkn.0))
	start location:	eval_encode_mcu_DC_refine_start
	leaf cost:	0

By chaining the transition eval_encode_mcu_DC_refine_bb4_in(v_22, v_32, v_blkn.0) -> Com_1(eval_encode_mcu_DC_refine_bb9_in(v_22, v_32, v_blkn.0)) [ v_blkn.0 >= 0 ] with all transitions in problem 10, the following new transition is obtained:
	eval_encode_mcu_DC_refine_bb4_in(v_22, v_32, v_blkn.0) -> Com_1(eval_encode_mcu_DC_refine_stop(v_22, v_32, v_blkn.0)) [ v_blkn.0 >= 0 ]
We thus obtain the following problem:
11:	T:
		(3, 3)    eval_encode_mcu_DC_refine_bb4_in(v_22, v_32, v_blkn.0) -> Com_1(eval_encode_mcu_DC_refine_stop(v_22, v_32, v_blkn.0)) [ v_blkn.0 >= 0 ]
		(?, 1)    eval_encode_mcu_DC_refine_18(v_22, v_32, v_blkn.0) -> Com_1(eval_encode_mcu_DC_refine_bb4_in(v_22, v_32, v_blkn.0 + 1)) [ v_blkn.0 >= 0 ]
		(3, 2)    eval_encode_mcu_DC_refine_bb9_in(v_22, v_32, v_blkn.0) -> Com_1(eval_encode_mcu_DC_refine_stop(v_22, v_32, v_blkn.0)) [ v_blkn.0 >= 0 ]
		(1, 2)    eval_encode_mcu_DC_refine_10(v_22, v_32, v_blkn.0) -> Com_1(eval_encode_mcu_DC_refine_bb4_in(v_22, v_32, 0))
		(?, 2)    eval_encode_mcu_DC_refine_bb4_in(v_22, v_32, v_blkn.0) -> Com_2(eval_emit_bits_start(v_22, nondef.7, v_blkn.0), eval_encode_mcu_DC_refine_18(v_22, nondef.7, v_blkn.0)) [ v_blkn.0 >= 0 ]
		(3, 3)    eval_encode_mcu_DC_refine_bb4_in(v_22, v_32, v_blkn.0) -> Com_1(eval_encode_mcu_DC_refine_stop(v_22, v_32, v_blkn.0)) [ v_blkn.0 >= 0 ]
		(1, 1)    eval_encode_mcu_DC_refine_9(v_22, v_32, v_blkn.0) -> Com_2(eval_emit_restart_start(v_22, v_32, v_blkn.0), eval_encode_mcu_DC_refine_10(v_22, v_32, v_blkn.0))
		(2, 1)    eval_encode_mcu_DC_refine_bb3_in(v_22, v_32, v_blkn.0) -> Com_1(eval_encode_mcu_DC_refine_bb4_in(v_22, v_32, 0))
		(1, 1)    eval_encode_mcu_DC_refine_bb0_in(v_22, v_32, v_blkn.0) -> Com_1(eval_encode_mcu_DC_refine_9(nondef.4, v_32, v_blkn.0))
		(1, 1)    eval_encode_mcu_DC_refine_bb0_in(v_22, v_32, v_blkn.0) -> Com_1(eval_encode_mcu_DC_refine_bb3_in(v_22, v_32, v_blkn.0))
		(1, 1)    eval_encode_mcu_DC_refine_start(v_22, v_32, v_blkn.0) -> Com_1(eval_encode_mcu_DC_refine_bb0_in(v_22, v_32, v_blkn.0))
	start location:	eval_encode_mcu_DC_refine_start
	leaf cost:	0

Testing for reachability in the complexity graph removes the following transition from problem 11:
	eval_encode_mcu_DC_refine_bb9_in(v_22, v_32, v_blkn.0) -> Com_1(eval_encode_mcu_DC_refine_stop(v_22, v_32, v_blkn.0)) [ v_blkn.0 >= 0 ]
We thus obtain the following problem:
12:	T:
		(?, 1)    eval_encode_mcu_DC_refine_18(v_22, v_32, v_blkn.0) -> Com_1(eval_encode_mcu_DC_refine_bb4_in(v_22, v_32, v_blkn.0 + 1)) [ v_blkn.0 >= 0 ]
		(1, 2)    eval_encode_mcu_DC_refine_10(v_22, v_32, v_blkn.0) -> Com_1(eval_encode_mcu_DC_refine_bb4_in(v_22, v_32, 0))
		(3, 3)    eval_encode_mcu_DC_refine_bb4_in(v_22, v_32, v_blkn.0) -> Com_1(eval_encode_mcu_DC_refine_stop(v_22, v_32, v_blkn.0)) [ v_blkn.0 >= 0 ]
		(?, 2)    eval_encode_mcu_DC_refine_bb4_in(v_22, v_32, v_blkn.0) -> Com_2(eval_emit_bits_start(v_22, nondef.7, v_blkn.0), eval_encode_mcu_DC_refine_18(v_22, nondef.7, v_blkn.0)) [ v_blkn.0 >= 0 ]
		(3, 3)    eval_encode_mcu_DC_refine_bb4_in(v_22, v_32, v_blkn.0) -> Com_1(eval_encode_mcu_DC_refine_stop(v_22, v_32, v_blkn.0)) [ v_blkn.0 >= 0 ]
		(1, 1)    eval_encode_mcu_DC_refine_9(v_22, v_32, v_blkn.0) -> Com_2(eval_emit_restart_start(v_22, v_32, v_blkn.0), eval_encode_mcu_DC_refine_10(v_22, v_32, v_blkn.0))
		(2, 1)    eval_encode_mcu_DC_refine_bb3_in(v_22, v_32, v_blkn.0) -> Com_1(eval_encode_mcu_DC_refine_bb4_in(v_22, v_32, 0))
		(1, 1)    eval_encode_mcu_DC_refine_bb0_in(v_22, v_32, v_blkn.0) -> Com_1(eval_encode_mcu_DC_refine_9(nondef.4, v_32, v_blkn.0))
		(1, 1)    eval_encode_mcu_DC_refine_bb0_in(v_22, v_32, v_blkn.0) -> Com_1(eval_encode_mcu_DC_refine_bb3_in(v_22, v_32, v_blkn.0))
		(1, 1)    eval_encode_mcu_DC_refine_start(v_22, v_32, v_blkn.0) -> Com_1(eval_encode_mcu_DC_refine_bb0_in(v_22, v_32, v_blkn.0))
	start location:	eval_encode_mcu_DC_refine_start
	leaf cost:	0

By chaining the transition eval_encode_mcu_DC_refine_bb0_in(v_22, v_32, v_blkn.0) -> Com_1(eval_encode_mcu_DC_refine_9(nondef.4, v_32, v_blkn.0)) with all transitions in problem 12, the following new transition is obtained:
	eval_encode_mcu_DC_refine_bb0_in(v_22, v_32, v_blkn.0) -> Com_2(eval_emit_restart_start(nondef.4, v_32, v_blkn.0), eval_encode_mcu_DC_refine_10(nondef.4, v_32, v_blkn.0))
We thus obtain the following problem:
13:	T:
		(1, 2)    eval_encode_mcu_DC_refine_bb0_in(v_22, v_32, v_blkn.0) -> Com_2(eval_emit_restart_start(nondef.4, v_32, v_blkn.0), eval_encode_mcu_DC_refine_10(nondef.4, v_32, v_blkn.0))
		(?, 1)    eval_encode_mcu_DC_refine_18(v_22, v_32, v_blkn.0) -> Com_1(eval_encode_mcu_DC_refine_bb4_in(v_22, v_32, v_blkn.0 + 1)) [ v_blkn.0 >= 0 ]
		(1, 2)    eval_encode_mcu_DC_refine_10(v_22, v_32, v_blkn.0) -> Com_1(eval_encode_mcu_DC_refine_bb4_in(v_22, v_32, 0))
		(3, 3)    eval_encode_mcu_DC_refine_bb4_in(v_22, v_32, v_blkn.0) -> Com_1(eval_encode_mcu_DC_refine_stop(v_22, v_32, v_blkn.0)) [ v_blkn.0 >= 0 ]
		(?, 2)    eval_encode_mcu_DC_refine_bb4_in(v_22, v_32, v_blkn.0) -> Com_2(eval_emit_bits_start(v_22, nondef.7, v_blkn.0), eval_encode_mcu_DC_refine_18(v_22, nondef.7, v_blkn.0)) [ v_blkn.0 >= 0 ]
		(3, 3)    eval_encode_mcu_DC_refine_bb4_in(v_22, v_32, v_blkn.0) -> Com_1(eval_encode_mcu_DC_refine_stop(v_22, v_32, v_blkn.0)) [ v_blkn.0 >= 0 ]
		(1, 1)    eval_encode_mcu_DC_refine_9(v_22, v_32, v_blkn.0) -> Com_2(eval_emit_restart_start(v_22, v_32, v_blkn.0), eval_encode_mcu_DC_refine_10(v_22, v_32, v_blkn.0))
		(2, 1)    eval_encode_mcu_DC_refine_bb3_in(v_22, v_32, v_blkn.0) -> Com_1(eval_encode_mcu_DC_refine_bb4_in(v_22, v_32, 0))
		(1, 1)    eval_encode_mcu_DC_refine_bb0_in(v_22, v_32, v_blkn.0) -> Com_1(eval_encode_mcu_DC_refine_bb3_in(v_22, v_32, v_blkn.0))
		(1, 1)    eval_encode_mcu_DC_refine_start(v_22, v_32, v_blkn.0) -> Com_1(eval_encode_mcu_DC_refine_bb0_in(v_22, v_32, v_blkn.0))
	start location:	eval_encode_mcu_DC_refine_start
	leaf cost:	0

Testing for reachability in the complexity graph removes the following transition from problem 13:
	eval_encode_mcu_DC_refine_9(v_22, v_32, v_blkn.0) -> Com_2(eval_emit_restart_start(v_22, v_32, v_blkn.0), eval_encode_mcu_DC_refine_10(v_22, v_32, v_blkn.0))
We thus obtain the following problem:
14:	T:
		(?, 1)    eval_encode_mcu_DC_refine_18(v_22, v_32, v_blkn.0) -> Com_1(eval_encode_mcu_DC_refine_bb4_in(v_22, v_32, v_blkn.0 + 1)) [ v_blkn.0 >= 0 ]
		(3, 3)    eval_encode_mcu_DC_refine_bb4_in(v_22, v_32, v_blkn.0) -> Com_1(eval_encode_mcu_DC_refine_stop(v_22, v_32, v_blkn.0)) [ v_blkn.0 >= 0 ]
		(?, 2)    eval_encode_mcu_DC_refine_bb4_in(v_22, v_32, v_blkn.0) -> Com_2(eval_emit_bits_start(v_22, nondef.7, v_blkn.0), eval_encode_mcu_DC_refine_18(v_22, nondef.7, v_blkn.0)) [ v_blkn.0 >= 0 ]
		(3, 3)    eval_encode_mcu_DC_refine_bb4_in(v_22, v_32, v_blkn.0) -> Com_1(eval_encode_mcu_DC_refine_stop(v_22, v_32, v_blkn.0)) [ v_blkn.0 >= 0 ]
		(1, 2)    eval_encode_mcu_DC_refine_10(v_22, v_32, v_blkn.0) -> Com_1(eval_encode_mcu_DC_refine_bb4_in(v_22, v_32, 0))
		(2, 1)    eval_encode_mcu_DC_refine_bb3_in(v_22, v_32, v_blkn.0) -> Com_1(eval_encode_mcu_DC_refine_bb4_in(v_22, v_32, 0))
		(1, 2)    eval_encode_mcu_DC_refine_bb0_in(v_22, v_32, v_blkn.0) -> Com_2(eval_emit_restart_start(nondef.4, v_32, v_blkn.0), eval_encode_mcu_DC_refine_10(nondef.4, v_32, v_blkn.0))
		(1, 1)    eval_encode_mcu_DC_refine_bb0_in(v_22, v_32, v_blkn.0) -> Com_1(eval_encode_mcu_DC_refine_bb3_in(v_22, v_32, v_blkn.0))
		(1, 1)    eval_encode_mcu_DC_refine_start(v_22, v_32, v_blkn.0) -> Com_1(eval_encode_mcu_DC_refine_bb0_in(v_22, v_32, v_blkn.0))
	start location:	eval_encode_mcu_DC_refine_start
	leaf cost:	0

By chaining the transition eval_encode_mcu_DC_refine_bb0_in(v_22, v_32, v_blkn.0) -> Com_1(eval_encode_mcu_DC_refine_bb3_in(v_22, v_32, v_blkn.0)) with all transitions in problem 14, the following new transition is obtained:
	eval_encode_mcu_DC_refine_bb0_in(v_22, v_32, v_blkn.0) -> Com_1(eval_encode_mcu_DC_refine_bb4_in(v_22, v_32, 0))
We thus obtain the following problem:
15:	T:
		(1, 2)    eval_encode_mcu_DC_refine_bb0_in(v_22, v_32, v_blkn.0) -> Com_1(eval_encode_mcu_DC_refine_bb4_in(v_22, v_32, 0))
		(?, 1)    eval_encode_mcu_DC_refine_18(v_22, v_32, v_blkn.0) -> Com_1(eval_encode_mcu_DC_refine_bb4_in(v_22, v_32, v_blkn.0 + 1)) [ v_blkn.0 >= 0 ]
		(3, 3)    eval_encode_mcu_DC_refine_bb4_in(v_22, v_32, v_blkn.0) -> Com_1(eval_encode_mcu_DC_refine_stop(v_22, v_32, v_blkn.0)) [ v_blkn.0 >= 0 ]
		(?, 2)    eval_encode_mcu_DC_refine_bb4_in(v_22, v_32, v_blkn.0) -> Com_2(eval_emit_bits_start(v_22, nondef.7, v_blkn.0), eval_encode_mcu_DC_refine_18(v_22, nondef.7, v_blkn.0)) [ v_blkn.0 >= 0 ]
		(3, 3)    eval_encode_mcu_DC_refine_bb4_in(v_22, v_32, v_blkn.0) -> Com_1(eval_encode_mcu_DC_refine_stop(v_22, v_32, v_blkn.0)) [ v_blkn.0 >= 0 ]
		(1, 2)    eval_encode_mcu_DC_refine_10(v_22, v_32, v_blkn.0) -> Com_1(eval_encode_mcu_DC_refine_bb4_in(v_22, v_32, 0))
		(2, 1)    eval_encode_mcu_DC_refine_bb3_in(v_22, v_32, v_blkn.0) -> Com_1(eval_encode_mcu_DC_refine_bb4_in(v_22, v_32, 0))
		(1, 2)    eval_encode_mcu_DC_refine_bb0_in(v_22, v_32, v_blkn.0) -> Com_2(eval_emit_restart_start(nondef.4, v_32, v_blkn.0), eval_encode_mcu_DC_refine_10(nondef.4, v_32, v_blkn.0))
		(1, 1)    eval_encode_mcu_DC_refine_start(v_22, v_32, v_blkn.0) -> Com_1(eval_encode_mcu_DC_refine_bb0_in(v_22, v_32, v_blkn.0))
	start location:	eval_encode_mcu_DC_refine_start
	leaf cost:	0

Testing for reachability in the complexity graph removes the following transition from problem 15:
	eval_encode_mcu_DC_refine_bb3_in(v_22, v_32, v_blkn.0) -> Com_1(eval_encode_mcu_DC_refine_bb4_in(v_22, v_32, 0))
We thus obtain the following problem:
16:	T:
		(?, 1)    eval_encode_mcu_DC_refine_18(v_22, v_32, v_blkn.0) -> Com_1(eval_encode_mcu_DC_refine_bb4_in(v_22, v_32, v_blkn.0 + 1)) [ v_blkn.0 >= 0 ]
		(3, 3)    eval_encode_mcu_DC_refine_bb4_in(v_22, v_32, v_blkn.0) -> Com_1(eval_encode_mcu_DC_refine_stop(v_22, v_32, v_blkn.0)) [ v_blkn.0 >= 0 ]
		(?, 2)    eval_encode_mcu_DC_refine_bb4_in(v_22, v_32, v_blkn.0) -> Com_2(eval_emit_bits_start(v_22, nondef.7, v_blkn.0), eval_encode_mcu_DC_refine_18(v_22, nondef.7, v_blkn.0)) [ v_blkn.0 >= 0 ]
		(3, 3)    eval_encode_mcu_DC_refine_bb4_in(v_22, v_32, v_blkn.0) -> Com_1(eval_encode_mcu_DC_refine_stop(v_22, v_32, v_blkn.0)) [ v_blkn.0 >= 0 ]
		(1, 2)    eval_encode_mcu_DC_refine_10(v_22, v_32, v_blkn.0) -> Com_1(eval_encode_mcu_DC_refine_bb4_in(v_22, v_32, 0))
		(1, 2)    eval_encode_mcu_DC_refine_bb0_in(v_22, v_32, v_blkn.0) -> Com_1(eval_encode_mcu_DC_refine_bb4_in(v_22, v_32, 0))
		(1, 2)    eval_encode_mcu_DC_refine_bb0_in(v_22, v_32, v_blkn.0) -> Com_2(eval_emit_restart_start(nondef.4, v_32, v_blkn.0), eval_encode_mcu_DC_refine_10(nondef.4, v_32, v_blkn.0))
		(1, 1)    eval_encode_mcu_DC_refine_start(v_22, v_32, v_blkn.0) -> Com_1(eval_encode_mcu_DC_refine_bb0_in(v_22, v_32, v_blkn.0))
	start location:	eval_encode_mcu_DC_refine_start
	leaf cost:	0

By chaining the transition eval_encode_mcu_DC_refine_start(v_22, v_32, v_blkn.0) -> Com_1(eval_encode_mcu_DC_refine_bb0_in(v_22, v_32, v_blkn.0)) with all transitions in problem 16, the following new transitions are obtained:
	eval_encode_mcu_DC_refine_start(v_22, v_32, v_blkn.0) -> Com_1(eval_encode_mcu_DC_refine_bb4_in(v_22, v_32, 0))
	eval_encode_mcu_DC_refine_start(v_22, v_32, v_blkn.0) -> Com_2(eval_emit_restart_start(nondef.4, v_32, v_blkn.0), eval_encode_mcu_DC_refine_10(nondef.4, v_32, v_blkn.0))
We thus obtain the following problem:
17:	T:
		(1, 3)    eval_encode_mcu_DC_refine_start(v_22, v_32, v_blkn.0) -> Com_1(eval_encode_mcu_DC_refine_bb4_in(v_22, v_32, 0))
		(1, 3)    eval_encode_mcu_DC_refine_start(v_22, v_32, v_blkn.0) -> Com_2(eval_emit_restart_start(nondef.4, v_32, v_blkn.0), eval_encode_mcu_DC_refine_10(nondef.4, v_32, v_blkn.0))
		(?, 1)    eval_encode_mcu_DC_refine_18(v_22, v_32, v_blkn.0) -> Com_1(eval_encode_mcu_DC_refine_bb4_in(v_22, v_32, v_blkn.0 + 1)) [ v_blkn.0 >= 0 ]
		(3, 3)    eval_encode_mcu_DC_refine_bb4_in(v_22, v_32, v_blkn.0) -> Com_1(eval_encode_mcu_DC_refine_stop(v_22, v_32, v_blkn.0)) [ v_blkn.0 >= 0 ]
		(?, 2)    eval_encode_mcu_DC_refine_bb4_in(v_22, v_32, v_blkn.0) -> Com_2(eval_emit_bits_start(v_22, nondef.7, v_blkn.0), eval_encode_mcu_DC_refine_18(v_22, nondef.7, v_blkn.0)) [ v_blkn.0 >= 0 ]
		(3, 3)    eval_encode_mcu_DC_refine_bb4_in(v_22, v_32, v_blkn.0) -> Com_1(eval_encode_mcu_DC_refine_stop(v_22, v_32, v_blkn.0)) [ v_blkn.0 >= 0 ]
		(1, 2)    eval_encode_mcu_DC_refine_10(v_22, v_32, v_blkn.0) -> Com_1(eval_encode_mcu_DC_refine_bb4_in(v_22, v_32, 0))
		(1, 2)    eval_encode_mcu_DC_refine_bb0_in(v_22, v_32, v_blkn.0) -> Com_1(eval_encode_mcu_DC_refine_bb4_in(v_22, v_32, 0))
		(1, 2)    eval_encode_mcu_DC_refine_bb0_in(v_22, v_32, v_blkn.0) -> Com_2(eval_emit_restart_start(nondef.4, v_32, v_blkn.0), eval_encode_mcu_DC_refine_10(nondef.4, v_32, v_blkn.0))
	start location:	eval_encode_mcu_DC_refine_start
	leaf cost:	0

Testing for reachability in the complexity graph removes the following transitions from problem 17:
	eval_encode_mcu_DC_refine_bb0_in(v_22, v_32, v_blkn.0) -> Com_1(eval_encode_mcu_DC_refine_bb4_in(v_22, v_32, 0))
	eval_encode_mcu_DC_refine_bb0_in(v_22, v_32, v_blkn.0) -> Com_2(eval_emit_restart_start(nondef.4, v_32, v_blkn.0), eval_encode_mcu_DC_refine_10(nondef.4, v_32, v_blkn.0))
We thus obtain the following problem:
18:	T:
		(?, 1)    eval_encode_mcu_DC_refine_18(v_22, v_32, v_blkn.0) -> Com_1(eval_encode_mcu_DC_refine_bb4_in(v_22, v_32, v_blkn.0 + 1)) [ v_blkn.0 >= 0 ]
		(1, 2)    eval_encode_mcu_DC_refine_10(v_22, v_32, v_blkn.0) -> Com_1(eval_encode_mcu_DC_refine_bb4_in(v_22, v_32, 0))
		(3, 3)    eval_encode_mcu_DC_refine_bb4_in(v_22, v_32, v_blkn.0) -> Com_1(eval_encode_mcu_DC_refine_stop(v_22, v_32, v_blkn.0)) [ v_blkn.0 >= 0 ]
		(?, 2)    eval_encode_mcu_DC_refine_bb4_in(v_22, v_32, v_blkn.0) -> Com_2(eval_emit_bits_start(v_22, nondef.7, v_blkn.0), eval_encode_mcu_DC_refine_18(v_22, nondef.7, v_blkn.0)) [ v_blkn.0 >= 0 ]
		(3, 3)    eval_encode_mcu_DC_refine_bb4_in(v_22, v_32, v_blkn.0) -> Com_1(eval_encode_mcu_DC_refine_stop(v_22, v_32, v_blkn.0)) [ v_blkn.0 >= 0 ]
		(1, 3)    eval_encode_mcu_DC_refine_start(v_22, v_32, v_blkn.0) -> Com_2(eval_emit_restart_start(nondef.4, v_32, v_blkn.0), eval_encode_mcu_DC_refine_10(nondef.4, v_32, v_blkn.0))
		(1, 3)    eval_encode_mcu_DC_refine_start(v_22, v_32, v_blkn.0) -> Com_1(eval_encode_mcu_DC_refine_bb4_in(v_22, v_32, 0))
	start location:	eval_encode_mcu_DC_refine_start
	leaf cost:	0

Complexity upper bound ?

Time: 0.287 sec (SMT: 0.224 sec)
