MAYBE

Initial complexity problem:
1:	T:
		(1, 1)    eval_h2v2_merged_upsample_start(v_col.0, v_in_row_group_ctr) -> eval_h2v2_merged_upsample_bb0_in(v_col.0, v_in_row_group_ctr)
		(?, 1)    eval_h2v2_merged_upsample_bb0_in(v_col.0, v_in_row_group_ctr) -> eval_h2v2_merged_upsample_bb1_in(nondef.1, v_in_row_group_ctr)
		(?, 1)    eval_h2v2_merged_upsample_bb1_in(v_col.0, v_in_row_group_ctr) -> eval_h2v2_merged_upsample_bb1_in(v_col.0 - 1, v_in_row_group_ctr) [ v_col.0 > 0 ]
		(?, 1)    eval_h2v2_merged_upsample_bb1_in(v_col.0, v_in_row_group_ctr) -> eval_h2v2_merged_upsample_bb5_in(v_col.0, v_in_row_group_ctr) [ v_col.0 <= 0 ]
		(?, 1)    eval_h2v2_merged_upsample_bb5_in(v_col.0, v_in_row_group_ctr) -> eval_h2v2_merged_upsample_stop(v_col.0, v_in_row_group_ctr)
	start location:	eval_h2v2_merged_upsample_start
	leaf cost:	0

Repeatedly removing leaves of the complexity graph in problem 1 produces the following problem:
2:	T:
		(1, 1)    eval_h2v2_merged_upsample_start(v_col.0, v_in_row_group_ctr) -> eval_h2v2_merged_upsample_bb0_in(v_col.0, v_in_row_group_ctr)
		(?, 1)    eval_h2v2_merged_upsample_bb0_in(v_col.0, v_in_row_group_ctr) -> eval_h2v2_merged_upsample_bb1_in(nondef.1, v_in_row_group_ctr)
		(?, 1)    eval_h2v2_merged_upsample_bb1_in(v_col.0, v_in_row_group_ctr) -> eval_h2v2_merged_upsample_bb1_in(v_col.0 - 1, v_in_row_group_ctr) [ v_col.0 > 0 ]
	start location:	eval_h2v2_merged_upsample_start
	leaf cost:	2

Repeatedly propagating knowledge in problem 2 produces the following problem:
3:	T:
		(1, 1)    eval_h2v2_merged_upsample_start(v_col.0, v_in_row_group_ctr) -> eval_h2v2_merged_upsample_bb0_in(v_col.0, v_in_row_group_ctr)
		(1, 1)    eval_h2v2_merged_upsample_bb0_in(v_col.0, v_in_row_group_ctr) -> eval_h2v2_merged_upsample_bb1_in(nondef.1, v_in_row_group_ctr)
		(?, 1)    eval_h2v2_merged_upsample_bb1_in(v_col.0, v_in_row_group_ctr) -> eval_h2v2_merged_upsample_bb1_in(v_col.0 - 1, v_in_row_group_ctr) [ v_col.0 > 0 ]
	start location:	eval_h2v2_merged_upsample_start
	leaf cost:	2

By chaining the transition eval_h2v2_merged_upsample_start(v_col.0, v_in_row_group_ctr) -> eval_h2v2_merged_upsample_bb0_in(v_col.0, v_in_row_group_ctr) with all transitions in problem 3, the following new transition is obtained:
	eval_h2v2_merged_upsample_start(v_col.0, v_in_row_group_ctr) -> eval_h2v2_merged_upsample_bb1_in(nondef.1, v_in_row_group_ctr)
We thus obtain the following problem:
4:	T:
		(1, 2)    eval_h2v2_merged_upsample_start(v_col.0, v_in_row_group_ctr) -> eval_h2v2_merged_upsample_bb1_in(nondef.1, v_in_row_group_ctr)
		(1, 1)    eval_h2v2_merged_upsample_bb0_in(v_col.0, v_in_row_group_ctr) -> eval_h2v2_merged_upsample_bb1_in(nondef.1, v_in_row_group_ctr)
		(?, 1)    eval_h2v2_merged_upsample_bb1_in(v_col.0, v_in_row_group_ctr) -> eval_h2v2_merged_upsample_bb1_in(v_col.0 - 1, v_in_row_group_ctr) [ v_col.0 > 0 ]
	start location:	eval_h2v2_merged_upsample_start
	leaf cost:	2

Testing for reachability in the complexity graph removes the following transition from problem 4:
	eval_h2v2_merged_upsample_bb0_in(v_col.0, v_in_row_group_ctr) -> eval_h2v2_merged_upsample_bb1_in(nondef.1, v_in_row_group_ctr)
We thus obtain the following problem:
5:	T:
		(?, 1)    eval_h2v2_merged_upsample_bb1_in(v_col.0, v_in_row_group_ctr) -> eval_h2v2_merged_upsample_bb1_in(v_col.0 - 1, v_in_row_group_ctr) [ v_col.0 > 0 ]
		(1, 2)    eval_h2v2_merged_upsample_start(v_col.0, v_in_row_group_ctr) -> eval_h2v2_merged_upsample_bb1_in(nondef.1, v_in_row_group_ctr)
	start location:	eval_h2v2_merged_upsample_start
	leaf cost:	2

By chaining the transition eval_h2v2_merged_upsample_start(v_col.0, v_in_row_group_ctr) -> eval_h2v2_merged_upsample_bb1_in(nondef.1, v_in_row_group_ctr) with all transitions in problem 5, the following new transition is obtained:
	eval_h2v2_merged_upsample_start(v_col.0, v_in_row_group_ctr) -> eval_h2v2_merged_upsample_bb1_in(nondef.1 - 1, v_in_row_group_ctr) [ nondef.1 > 0 ]
We thus obtain the following problem:
6:	T:
		(1, 3)    eval_h2v2_merged_upsample_start(v_col.0, v_in_row_group_ctr) -> eval_h2v2_merged_upsample_bb1_in(nondef.1 - 1, v_in_row_group_ctr) [ nondef.1 > 0 ]
		(?, 1)    eval_h2v2_merged_upsample_bb1_in(v_col.0, v_in_row_group_ctr) -> eval_h2v2_merged_upsample_bb1_in(v_col.0 - 1, v_in_row_group_ctr) [ v_col.0 > 0 ]
	start location:	eval_h2v2_merged_upsample_start
	leaf cost:	2

By chaining the transition eval_h2v2_merged_upsample_start(v_col.0, v_in_row_group_ctr) -> eval_h2v2_merged_upsample_bb1_in(nondef.1 - 1, v_in_row_group_ctr) [ nondef.1 > 0 ] with all transitions in problem 6, the following new transition is obtained:
	eval_h2v2_merged_upsample_start(v_col.0, v_in_row_group_ctr) -> eval_h2v2_merged_upsample_bb1_in(nondef.1 - 2, v_in_row_group_ctr) [ nondef.1 > 0 /\ nondef.1 - 1 > 0 ]
We thus obtain the following problem:
7:	T:
		(1, 4)    eval_h2v2_merged_upsample_start(v_col.0, v_in_row_group_ctr) -> eval_h2v2_merged_upsample_bb1_in(nondef.1 - 2, v_in_row_group_ctr) [ nondef.1 > 0 /\ nondef.1 - 1 > 0 ]
		(?, 1)    eval_h2v2_merged_upsample_bb1_in(v_col.0, v_in_row_group_ctr) -> eval_h2v2_merged_upsample_bb1_in(v_col.0 - 1, v_in_row_group_ctr) [ v_col.0 > 0 ]
	start location:	eval_h2v2_merged_upsample_start
	leaf cost:	2

By chaining the transition eval_h2v2_merged_upsample_start(v_col.0, v_in_row_group_ctr) -> eval_h2v2_merged_upsample_bb1_in(nondef.1 - 2, v_in_row_group_ctr) [ nondef.1 > 0 /\ nondef.1 - 1 > 0 ] with all transitions in problem 7, the following new transition is obtained:
	eval_h2v2_merged_upsample_start(v_col.0, v_in_row_group_ctr) -> eval_h2v2_merged_upsample_bb1_in(nondef.1 - 3, v_in_row_group_ctr) [ nondef.1 > 0 /\ nondef.1 - 1 > 0 /\ nondef.1 - 2 > 0 ]
We thus obtain the following problem:
8:	T:
		(1, 5)    eval_h2v2_merged_upsample_start(v_col.0, v_in_row_group_ctr) -> eval_h2v2_merged_upsample_bb1_in(nondef.1 - 3, v_in_row_group_ctr) [ nondef.1 > 0 /\ nondef.1 - 1 > 0 /\ nondef.1 - 2 > 0 ]
		(?, 1)    eval_h2v2_merged_upsample_bb1_in(v_col.0, v_in_row_group_ctr) -> eval_h2v2_merged_upsample_bb1_in(v_col.0 - 1, v_in_row_group_ctr) [ v_col.0 > 0 ]
	start location:	eval_h2v2_merged_upsample_start
	leaf cost:	2

By chaining the transition eval_h2v2_merged_upsample_start(v_col.0, v_in_row_group_ctr) -> eval_h2v2_merged_upsample_bb1_in(nondef.1 - 3, v_in_row_group_ctr) [ nondef.1 > 0 /\ nondef.1 - 1 > 0 /\ nondef.1 - 2 > 0 ] with all transitions in problem 8, the following new transition is obtained:
	eval_h2v2_merged_upsample_start(v_col.0, v_in_row_group_ctr) -> eval_h2v2_merged_upsample_bb1_in(nondef.1 - 4, v_in_row_group_ctr) [ nondef.1 > 0 /\ nondef.1 - 1 > 0 /\ nondef.1 - 2 > 0 /\ nondef.1 - 3 > 0 ]
We thus obtain the following problem:
9:	T:
		(1, 6)    eval_h2v2_merged_upsample_start(v_col.0, v_in_row_group_ctr) -> eval_h2v2_merged_upsample_bb1_in(nondef.1 - 4, v_in_row_group_ctr) [ nondef.1 > 0 /\ nondef.1 - 1 > 0 /\ nondef.1 - 2 > 0 /\ nondef.1 - 3 > 0 ]
		(?, 1)    eval_h2v2_merged_upsample_bb1_in(v_col.0, v_in_row_group_ctr) -> eval_h2v2_merged_upsample_bb1_in(v_col.0 - 1, v_in_row_group_ctr) [ v_col.0 > 0 ]
	start location:	eval_h2v2_merged_upsample_start
	leaf cost:	2

By chaining the transition eval_h2v2_merged_upsample_start(v_col.0, v_in_row_group_ctr) -> eval_h2v2_merged_upsample_bb1_in(nondef.1 - 4, v_in_row_group_ctr) [ nondef.1 > 0 /\ nondef.1 - 1 > 0 /\ nondef.1 - 2 > 0 /\ nondef.1 - 3 > 0 ] with all transitions in problem 9, the following new transition is obtained:
	eval_h2v2_merged_upsample_start(v_col.0, v_in_row_group_ctr) -> eval_h2v2_merged_upsample_bb1_in(nondef.1 - 5, v_in_row_group_ctr) [ nondef.1 > 0 /\ nondef.1 - 1 > 0 /\ nondef.1 - 2 > 0 /\ nondef.1 - 3 > 0 /\ nondef.1 - 4 > 0 ]
We thus obtain the following problem:
10:	T:
		(1, 7)    eval_h2v2_merged_upsample_start(v_col.0, v_in_row_group_ctr) -> eval_h2v2_merged_upsample_bb1_in(nondef.1 - 5, v_in_row_group_ctr) [ nondef.1 > 0 /\ nondef.1 - 1 > 0 /\ nondef.1 - 2 > 0 /\ nondef.1 - 3 > 0 /\ nondef.1 - 4 > 0 ]
		(?, 1)    eval_h2v2_merged_upsample_bb1_in(v_col.0, v_in_row_group_ctr) -> eval_h2v2_merged_upsample_bb1_in(v_col.0 - 1, v_in_row_group_ctr) [ v_col.0 > 0 ]
	start location:	eval_h2v2_merged_upsample_start
	leaf cost:	2

By chaining the transition eval_h2v2_merged_upsample_start(v_col.0, v_in_row_group_ctr) -> eval_h2v2_merged_upsample_bb1_in(nondef.1 - 5, v_in_row_group_ctr) [ nondef.1 > 0 /\ nondef.1 - 1 > 0 /\ nondef.1 - 2 > 0 /\ nondef.1 - 3 > 0 /\ nondef.1 - 4 > 0 ] with all transitions in problem 10, the following new transition is obtained:
	eval_h2v2_merged_upsample_start(v_col.0, v_in_row_group_ctr) -> eval_h2v2_merged_upsample_bb1_in(nondef.1 - 6, v_in_row_group_ctr) [ nondef.1 > 0 /\ nondef.1 - 1 > 0 /\ nondef.1 - 2 > 0 /\ nondef.1 - 3 > 0 /\ nondef.1 - 4 > 0 /\ nondef.1 - 5 > 0 ]
We thus obtain the following problem:
11:	T:
		(1, 8)    eval_h2v2_merged_upsample_start(v_col.0, v_in_row_group_ctr) -> eval_h2v2_merged_upsample_bb1_in(nondef.1 - 6, v_in_row_group_ctr) [ nondef.1 > 0 /\ nondef.1 - 1 > 0 /\ nondef.1 - 2 > 0 /\ nondef.1 - 3 > 0 /\ nondef.1 - 4 > 0 /\ nondef.1 - 5 > 0 ]
		(?, 1)    eval_h2v2_merged_upsample_bb1_in(v_col.0, v_in_row_group_ctr) -> eval_h2v2_merged_upsample_bb1_in(v_col.0 - 1, v_in_row_group_ctr) [ v_col.0 > 0 ]
	start location:	eval_h2v2_merged_upsample_start
	leaf cost:	2

By chaining the transition eval_h2v2_merged_upsample_start(v_col.0, v_in_row_group_ctr) -> eval_h2v2_merged_upsample_bb1_in(nondef.1 - 6, v_in_row_group_ctr) [ nondef.1 > 0 /\ nondef.1 - 1 > 0 /\ nondef.1 - 2 > 0 /\ nondef.1 - 3 > 0 /\ nondef.1 - 4 > 0 /\ nondef.1 - 5 > 0 ] with all transitions in problem 11, the following new transition is obtained:
	eval_h2v2_merged_upsample_start(v_col.0, v_in_row_group_ctr) -> eval_h2v2_merged_upsample_bb1_in(nondef.1 - 7, v_in_row_group_ctr) [ nondef.1 > 0 /\ nondef.1 - 1 > 0 /\ nondef.1 - 2 > 0 /\ nondef.1 - 3 > 0 /\ nondef.1 - 4 > 0 /\ nondef.1 - 5 > 0 /\ nondef.1 - 6 > 0 ]
We thus obtain the following problem:
12:	T:
		(1, 9)    eval_h2v2_merged_upsample_start(v_col.0, v_in_row_group_ctr) -> eval_h2v2_merged_upsample_bb1_in(nondef.1 - 7, v_in_row_group_ctr) [ nondef.1 > 0 /\ nondef.1 - 1 > 0 /\ nondef.1 - 2 > 0 /\ nondef.1 - 3 > 0 /\ nondef.1 - 4 > 0 /\ nondef.1 - 5 > 0 /\ nondef.1 - 6 > 0 ]
		(?, 1)    eval_h2v2_merged_upsample_bb1_in(v_col.0, v_in_row_group_ctr) -> eval_h2v2_merged_upsample_bb1_in(v_col.0 - 1, v_in_row_group_ctr) [ v_col.0 > 0 ]
	start location:	eval_h2v2_merged_upsample_start
	leaf cost:	2

By chaining the transition eval_h2v2_merged_upsample_start(v_col.0, v_in_row_group_ctr) -> eval_h2v2_merged_upsample_bb1_in(nondef.1 - 7, v_in_row_group_ctr) [ nondef.1 > 0 /\ nondef.1 - 1 > 0 /\ nondef.1 - 2 > 0 /\ nondef.1 - 3 > 0 /\ nondef.1 - 4 > 0 /\ nondef.1 - 5 > 0 /\ nondef.1 - 6 > 0 ] with all transitions in problem 12, the following new transition is obtained:
	eval_h2v2_merged_upsample_start(v_col.0, v_in_row_group_ctr) -> eval_h2v2_merged_upsample_bb1_in(nondef.1 - 8, v_in_row_group_ctr) [ nondef.1 > 0 /\ nondef.1 - 1 > 0 /\ nondef.1 - 2 > 0 /\ nondef.1 - 3 > 0 /\ nondef.1 - 4 > 0 /\ nondef.1 - 5 > 0 /\ nondef.1 - 6 > 0 /\ nondef.1 - 7 > 0 ]
We thus obtain the following problem:
13:	T:
		(1, 10)    eval_h2v2_merged_upsample_start(v_col.0, v_in_row_group_ctr) -> eval_h2v2_merged_upsample_bb1_in(nondef.1 - 8, v_in_row_group_ctr) [ nondef.1 > 0 /\ nondef.1 - 1 > 0 /\ nondef.1 - 2 > 0 /\ nondef.1 - 3 > 0 /\ nondef.1 - 4 > 0 /\ nondef.1 - 5 > 0 /\ nondef.1 - 6 > 0 /\ nondef.1 - 7 > 0 ]
		(?, 1)     eval_h2v2_merged_upsample_bb1_in(v_col.0, v_in_row_group_ctr) -> eval_h2v2_merged_upsample_bb1_in(v_col.0 - 1, v_in_row_group_ctr) [ v_col.0 > 0 ]
	start location:	eval_h2v2_merged_upsample_start
	leaf cost:	2

By chaining the transition eval_h2v2_merged_upsample_start(v_col.0, v_in_row_group_ctr) -> eval_h2v2_merged_upsample_bb1_in(nondef.1 - 8, v_in_row_group_ctr) [ nondef.1 > 0 /\ nondef.1 - 1 > 0 /\ nondef.1 - 2 > 0 /\ nondef.1 - 3 > 0 /\ nondef.1 - 4 > 0 /\ nondef.1 - 5 > 0 /\ nondef.1 - 6 > 0 /\ nondef.1 - 7 > 0 ] with all transitions in problem 13, the following new transition is obtained:
	eval_h2v2_merged_upsample_start(v_col.0, v_in_row_group_ctr) -> eval_h2v2_merged_upsample_bb1_in(nondef.1 - 9, v_in_row_group_ctr) [ nondef.1 > 0 /\ nondef.1 - 1 > 0 /\ nondef.1 - 2 > 0 /\ nondef.1 - 3 > 0 /\ nondef.1 - 4 > 0 /\ nondef.1 - 5 > 0 /\ nondef.1 - 6 > 0 /\ nondef.1 - 7 > 0 /\ nondef.1 - 8 > 0 ]
We thus obtain the following problem:
14:	T:
		(1, 11)    eval_h2v2_merged_upsample_start(v_col.0, v_in_row_group_ctr) -> eval_h2v2_merged_upsample_bb1_in(nondef.1 - 9, v_in_row_group_ctr) [ nondef.1 > 0 /\ nondef.1 - 1 > 0 /\ nondef.1 - 2 > 0 /\ nondef.1 - 3 > 0 /\ nondef.1 - 4 > 0 /\ nondef.1 - 5 > 0 /\ nondef.1 - 6 > 0 /\ nondef.1 - 7 > 0 /\ nondef.1 - 8 > 0 ]
		(?, 1)     eval_h2v2_merged_upsample_bb1_in(v_col.0, v_in_row_group_ctr) -> eval_h2v2_merged_upsample_bb1_in(v_col.0 - 1, v_in_row_group_ctr) [ v_col.0 > 0 ]
	start location:	eval_h2v2_merged_upsample_start
	leaf cost:	2

By chaining the transition eval_h2v2_merged_upsample_start(v_col.0, v_in_row_group_ctr) -> eval_h2v2_merged_upsample_bb1_in(nondef.1 - 9, v_in_row_group_ctr) [ nondef.1 > 0 /\ nondef.1 - 1 > 0 /\ nondef.1 - 2 > 0 /\ nondef.1 - 3 > 0 /\ nondef.1 - 4 > 0 /\ nondef.1 - 5 > 0 /\ nondef.1 - 6 > 0 /\ nondef.1 - 7 > 0 /\ nondef.1 - 8 > 0 ] with all transitions in problem 14, the following new transition is obtained:
	eval_h2v2_merged_upsample_start(v_col.0, v_in_row_group_ctr) -> eval_h2v2_merged_upsample_bb1_in(nondef.1 - 10, v_in_row_group_ctr) [ nondef.1 > 0 /\ nondef.1 - 1 > 0 /\ nondef.1 - 2 > 0 /\ nondef.1 - 3 > 0 /\ nondef.1 - 4 > 0 /\ nondef.1 - 5 > 0 /\ nondef.1 - 6 > 0 /\ nondef.1 - 7 > 0 /\ nondef.1 - 8 > 0 /\ nondef.1 - 9 > 0 ]
We thus obtain the following problem:
15:	T:
		(1, 12)    eval_h2v2_merged_upsample_start(v_col.0, v_in_row_group_ctr) -> eval_h2v2_merged_upsample_bb1_in(nondef.1 - 10, v_in_row_group_ctr) [ nondef.1 > 0 /\ nondef.1 - 1 > 0 /\ nondef.1 - 2 > 0 /\ nondef.1 - 3 > 0 /\ nondef.1 - 4 > 0 /\ nondef.1 - 5 > 0 /\ nondef.1 - 6 > 0 /\ nondef.1 - 7 > 0 /\ nondef.1 - 8 > 0 /\ nondef.1 - 9 > 0 ]
		(?, 1)     eval_h2v2_merged_upsample_bb1_in(v_col.0, v_in_row_group_ctr) -> eval_h2v2_merged_upsample_bb1_in(v_col.0 - 1, v_in_row_group_ctr) [ v_col.0 > 0 ]
	start location:	eval_h2v2_merged_upsample_start
	leaf cost:	2

By chaining the transition eval_h2v2_merged_upsample_start(v_col.0, v_in_row_group_ctr) -> eval_h2v2_merged_upsample_bb1_in(nondef.1 - 10, v_in_row_group_ctr) [ nondef.1 > 0 /\ nondef.1 - 1 > 0 /\ nondef.1 - 2 > 0 /\ nondef.1 - 3 > 0 /\ nondef.1 - 4 > 0 /\ nondef.1 - 5 > 0 /\ nondef.1 - 6 > 0 /\ nondef.1 - 7 > 0 /\ nondef.1 - 8 > 0 /\ nondef.1 - 9 > 0 ] with all transitions in problem 15, the following new transition is obtained:
	eval_h2v2_merged_upsample_start(v_col.0, v_in_row_group_ctr) -> eval_h2v2_merged_upsample_bb1_in(nondef.1 - 11, v_in_row_group_ctr) [ nondef.1 > 0 /\ nondef.1 - 1 > 0 /\ nondef.1 - 2 > 0 /\ nondef.1 - 3 > 0 /\ nondef.1 - 4 > 0 /\ nondef.1 - 5 > 0 /\ nondef.1 - 6 > 0 /\ nondef.1 - 7 > 0 /\ nondef.1 - 8 > 0 /\ nondef.1 - 9 > 0 /\ nondef.1 - 10 > 0 ]
We thus obtain the following problem:
16:	T:
		(1, 13)    eval_h2v2_merged_upsample_start(v_col.0, v_in_row_group_ctr) -> eval_h2v2_merged_upsample_bb1_in(nondef.1 - 11, v_in_row_group_ctr) [ nondef.1 > 0 /\ nondef.1 - 1 > 0 /\ nondef.1 - 2 > 0 /\ nondef.1 - 3 > 0 /\ nondef.1 - 4 > 0 /\ nondef.1 - 5 > 0 /\ nondef.1 - 6 > 0 /\ nondef.1 - 7 > 0 /\ nondef.1 - 8 > 0 /\ nondef.1 - 9 > 0 /\ nondef.1 - 10 > 0 ]
		(?, 1)     eval_h2v2_merged_upsample_bb1_in(v_col.0, v_in_row_group_ctr) -> eval_h2v2_merged_upsample_bb1_in(v_col.0 - 1, v_in_row_group_ctr) [ v_col.0 > 0 ]
	start location:	eval_h2v2_merged_upsample_start
	leaf cost:	2

By chaining the transition eval_h2v2_merged_upsample_start(v_col.0, v_in_row_group_ctr) -> eval_h2v2_merged_upsample_bb1_in(nondef.1 - 11, v_in_row_group_ctr) [ nondef.1 > 0 /\ nondef.1 - 1 > 0 /\ nondef.1 - 2 > 0 /\ nondef.1 - 3 > 0 /\ nondef.1 - 4 > 0 /\ nondef.1 - 5 > 0 /\ nondef.1 - 6 > 0 /\ nondef.1 - 7 > 0 /\ nondef.1 - 8 > 0 /\ nondef.1 - 9 > 0 /\ nondef.1 - 10 > 0 ] with all transitions in problem 16, the following new transition is obtained:
	eval_h2v2_merged_upsample_start(v_col.0, v_in_row_group_ctr) -> eval_h2v2_merged_upsample_bb1_in(nondef.1 - 12, v_in_row_group_ctr) [ nondef.1 > 0 /\ nondef.1 - 1 > 0 /\ nondef.1 - 2 > 0 /\ nondef.1 - 3 > 0 /\ nondef.1 - 4 > 0 /\ nondef.1 - 5 > 0 /\ nondef.1 - 6 > 0 /\ nondef.1 - 7 > 0 /\ nondef.1 - 8 > 0 /\ nondef.1 - 9 > 0 /\ nondef.1 - 10 > 0 /\ nondef.1 - 11 > 0 ]
We thus obtain the following problem:
17:	T:
		(1, 14)    eval_h2v2_merged_upsample_start(v_col.0, v_in_row_group_ctr) -> eval_h2v2_merged_upsample_bb1_in(nondef.1 - 12, v_in_row_group_ctr) [ nondef.1 > 0 /\ nondef.1 - 1 > 0 /\ nondef.1 - 2 > 0 /\ nondef.1 - 3 > 0 /\ nondef.1 - 4 > 0 /\ nondef.1 - 5 > 0 /\ nondef.1 - 6 > 0 /\ nondef.1 - 7 > 0 /\ nondef.1 - 8 > 0 /\ nondef.1 - 9 > 0 /\ nondef.1 - 10 > 0 /\ nondef.1 - 11 > 0 ]
		(?, 1)     eval_h2v2_merged_upsample_bb1_in(v_col.0, v_in_row_group_ctr) -> eval_h2v2_merged_upsample_bb1_in(v_col.0 - 1, v_in_row_group_ctr) [ v_col.0 > 0 ]
	start location:	eval_h2v2_merged_upsample_start
	leaf cost:	2

By chaining the transition eval_h2v2_merged_upsample_start(v_col.0, v_in_row_group_ctr) -> eval_h2v2_merged_upsample_bb1_in(nondef.1 - 12, v_in_row_group_ctr) [ nondef.1 > 0 /\ nondef.1 - 1 > 0 /\ nondef.1 - 2 > 0 /\ nondef.1 - 3 > 0 /\ nondef.1 - 4 > 0 /\ nondef.1 - 5 > 0 /\ nondef.1 - 6 > 0 /\ nondef.1 - 7 > 0 /\ nondef.1 - 8 > 0 /\ nondef.1 - 9 > 0 /\ nondef.1 - 10 > 0 /\ nondef.1 - 11 > 0 ] with all transitions in problem 17, the following new transition is obtained:
	eval_h2v2_merged_upsample_start(v_col.0, v_in_row_group_ctr) -> eval_h2v2_merged_upsample_bb1_in(nondef.1 - 13, v_in_row_group_ctr) [ nondef.1 > 0 /\ nondef.1 - 1 > 0 /\ nondef.1 - 2 > 0 /\ nondef.1 - 3 > 0 /\ nondef.1 - 4 > 0 /\ nondef.1 - 5 > 0 /\ nondef.1 - 6 > 0 /\ nondef.1 - 7 > 0 /\ nondef.1 - 8 > 0 /\ nondef.1 - 9 > 0 /\ nondef.1 - 10 > 0 /\ nondef.1 - 11 > 0 /\ nondef.1 - 12 > 0 ]
We thus obtain the following problem:
18:	T:
		(1, 15)    eval_h2v2_merged_upsample_start(v_col.0, v_in_row_group_ctr) -> eval_h2v2_merged_upsample_bb1_in(nondef.1 - 13, v_in_row_group_ctr) [ nondef.1 > 0 /\ nondef.1 - 1 > 0 /\ nondef.1 - 2 > 0 /\ nondef.1 - 3 > 0 /\ nondef.1 - 4 > 0 /\ nondef.1 - 5 > 0 /\ nondef.1 - 6 > 0 /\ nondef.1 - 7 > 0 /\ nondef.1 - 8 > 0 /\ nondef.1 - 9 > 0 /\ nondef.1 - 10 > 0 /\ nondef.1 - 11 > 0 /\ nondef.1 - 12 > 0 ]
		(?, 1)     eval_h2v2_merged_upsample_bb1_in(v_col.0, v_in_row_group_ctr) -> eval_h2v2_merged_upsample_bb1_in(v_col.0 - 1, v_in_row_group_ctr) [ v_col.0 > 0 ]
	start location:	eval_h2v2_merged_upsample_start
	leaf cost:	2

By chaining the transition eval_h2v2_merged_upsample_start(v_col.0, v_in_row_group_ctr) -> eval_h2v2_merged_upsample_bb1_in(nondef.1 - 13, v_in_row_group_ctr) [ nondef.1 > 0 /\ nondef.1 - 1 > 0 /\ nondef.1 - 2 > 0 /\ nondef.1 - 3 > 0 /\ nondef.1 - 4 > 0 /\ nondef.1 - 5 > 0 /\ nondef.1 - 6 > 0 /\ nondef.1 - 7 > 0 /\ nondef.1 - 8 > 0 /\ nondef.1 - 9 > 0 /\ nondef.1 - 10 > 0 /\ nondef.1 - 11 > 0 /\ nondef.1 - 12 > 0 ] with all transitions in problem 18, the following new transition is obtained:
	eval_h2v2_merged_upsample_start(v_col.0, v_in_row_group_ctr) -> eval_h2v2_merged_upsample_bb1_in(nondef.1 - 14, v_in_row_group_ctr) [ nondef.1 > 0 /\ nondef.1 - 1 > 0 /\ nondef.1 - 2 > 0 /\ nondef.1 - 3 > 0 /\ nondef.1 - 4 > 0 /\ nondef.1 - 5 > 0 /\ nondef.1 - 6 > 0 /\ nondef.1 - 7 > 0 /\ nondef.1 - 8 > 0 /\ nondef.1 - 9 > 0 /\ nondef.1 - 10 > 0 /\ nondef.1 - 11 > 0 /\ nondef.1 - 12 > 0 /\ nondef.1 - 13 > 0 ]
We thus obtain the following problem:
19:	T:
		(1, 16)    eval_h2v2_merged_upsample_start(v_col.0, v_in_row_group_ctr) -> eval_h2v2_merged_upsample_bb1_in(nondef.1 - 14, v_in_row_group_ctr) [ nondef.1 > 0 /\ nondef.1 - 1 > 0 /\ nondef.1 - 2 > 0 /\ nondef.1 - 3 > 0 /\ nondef.1 - 4 > 0 /\ nondef.1 - 5 > 0 /\ nondef.1 - 6 > 0 /\ nondef.1 - 7 > 0 /\ nondef.1 - 8 > 0 /\ nondef.1 - 9 > 0 /\ nondef.1 - 10 > 0 /\ nondef.1 - 11 > 0 /\ nondef.1 - 12 > 0 /\ nondef.1 - 13 > 0 ]
		(?, 1)     eval_h2v2_merged_upsample_bb1_in(v_col.0, v_in_row_group_ctr) -> eval_h2v2_merged_upsample_bb1_in(v_col.0 - 1, v_in_row_group_ctr) [ v_col.0 > 0 ]
	start location:	eval_h2v2_merged_upsample_start
	leaf cost:	2

Complexity upper bound ?

Time: 0.162 sec (SMT: 0.138 sec)
