YES(?, 256*v_cmaplen + 29)

Initial complexity problem:
1:	T:
		(1, 1)    eval_read_colormap_start(v_cmaplen, v_i.0, v_i.1, v_mapentrysize) -> Com_1(eval_read_colormap_bb0_in(v_cmaplen, v_i.0, v_i.1, v_mapentrysize))
		(?, 1)    eval_read_colormap_bb0_in(v_cmaplen, v_i.0, v_i.1, v_mapentrysize) -> Com_1(eval_read_colormap_bb2_in(v_cmaplen, 0, v_i.1, v_mapentrysize))
		(?, 1)    eval_read_colormap_bb0_in(v_cmaplen, v_i.0, v_i.1, v_mapentrysize) -> Com_1(eval_read_colormap_NewDefault_in(v_cmaplen, v_i.0, v_i.1, v_mapentrysize))
		(?, 1)    eval_read_colormap_bb0_in(v_cmaplen, v_i.0, v_i.1, v_mapentrysize) -> Com_1(eval_read_colormap_bb5_in(v_cmaplen, v_i.0, 0, v_mapentrysize))
		(?, 1)    eval_read_colormap_bb2_in(v_cmaplen, v_i.0, v_i.1, v_mapentrysize) -> Com_1(eval_read_colormap_0(v_cmaplen, v_i.0, v_i.1, v_mapentrysize)) [ v_i.0 < v_cmaplen ]
		(?, 1)    eval_read_colormap_bb2_in(v_cmaplen, v_i.0, v_i.1, v_mapentrysize) -> Com_1(eval_read_colormap_bb8_in(v_cmaplen, v_i.0, v_i.1, v_mapentrysize)) [ v_i.0 >= v_cmaplen ]
		(?, 1)    eval_read_colormap_0(v_cmaplen, v_i.0, v_i.1, v_mapentrysize) -> Com_2(eval_read_byte_start(v_cmaplen, v_i.0, v_i.1, v_mapentrysize), eval_read_colormap_1(v_cmaplen, v_i.0, v_i.1, v_mapentrysize))
		(?, 1)    eval_read_colormap_1(v_cmaplen, v_i.0, v_i.1, v_mapentrysize) -> Com_1(eval_read_colormap_4(v_cmaplen, v_i.0, v_i.1, v_mapentrysize))
		(?, 1)    eval_read_colormap_4(v_cmaplen, v_i.0, v_i.1, v_mapentrysize) -> Com_2(eval_read_byte_start(v_cmaplen, v_i.0, v_i.1, v_mapentrysize), eval_read_colormap_5(v_cmaplen, v_i.0, v_i.1, v_mapentrysize))
		(?, 1)    eval_read_colormap_5(v_cmaplen, v_i.0, v_i.1, v_mapentrysize) -> Com_1(eval_read_colormap_8(v_cmaplen, v_i.0, v_i.1, v_mapentrysize))
		(?, 1)    eval_read_colormap_8(v_cmaplen, v_i.0, v_i.1, v_mapentrysize) -> Com_2(eval_read_byte_start(v_cmaplen, v_i.0, v_i.1, v_mapentrysize), eval_read_colormap_9(v_cmaplen, v_i.0, v_i.1, v_mapentrysize))
		(?, 1)    eval_read_colormap_9(v_cmaplen, v_i.0, v_i.1, v_mapentrysize) -> Com_1(eval_read_colormap_bb2_in(v_cmaplen, v_i.0 + 1, v_i.1, v_mapentrysize))
		(?, 1)    eval_read_colormap_bb5_in(v_cmaplen, v_i.0, v_i.1, v_mapentrysize) -> Com_1(eval_read_colormap_14(v_cmaplen, v_i.0, v_i.1, v_mapentrysize)) [ v_i.1 < v_cmaplen ]
		(?, 1)    eval_read_colormap_bb5_in(v_cmaplen, v_i.0, v_i.1, v_mapentrysize) -> Com_1(eval_read_colormap_bb8_in(v_cmaplen, v_i.0, v_i.1, v_mapentrysize)) [ v_i.1 >= v_cmaplen ]
		(?, 1)    eval_read_colormap_14(v_cmaplen, v_i.0, v_i.1, v_mapentrysize) -> Com_2(eval_read_byte_start(v_cmaplen, v_i.0, v_i.1, v_mapentrysize), eval_read_colormap_15(v_cmaplen, v_i.0, v_i.1, v_mapentrysize))
		(?, 1)    eval_read_colormap_15(v_cmaplen, v_i.0, v_i.1, v_mapentrysize) -> Com_1(eval_read_colormap_18(v_cmaplen, v_i.0, v_i.1, v_mapentrysize))
		(?, 1)    eval_read_colormap_18(v_cmaplen, v_i.0, v_i.1, v_mapentrysize) -> Com_2(eval_read_byte_start(v_cmaplen, v_i.0, v_i.1, v_mapentrysize), eval_read_colormap_19(v_cmaplen, v_i.0, v_i.1, v_mapentrysize))
		(?, 1)    eval_read_colormap_19(v_cmaplen, v_i.0, v_i.1, v_mapentrysize) -> Com_1(eval_read_colormap_22(v_cmaplen, v_i.0, v_i.1, v_mapentrysize))
		(?, 1)    eval_read_colormap_22(v_cmaplen, v_i.0, v_i.1, v_mapentrysize) -> Com_2(eval_read_byte_start(v_cmaplen, v_i.0, v_i.1, v_mapentrysize), eval_read_colormap_23(v_cmaplen, v_i.0, v_i.1, v_mapentrysize))
		(?, 1)    eval_read_colormap_23(v_cmaplen, v_i.0, v_i.1, v_mapentrysize) -> Com_1(eval_read_colormap_26(v_cmaplen, v_i.0, v_i.1, v_mapentrysize))
		(?, 1)    eval_read_colormap_26(v_cmaplen, v_i.0, v_i.1, v_mapentrysize) -> Com_2(eval_read_byte_start(v_cmaplen, v_i.0, v_i.1, v_mapentrysize), eval_read_colormap_27(v_cmaplen, v_i.0, v_i.1, v_mapentrysize))
		(?, 1)    eval_read_colormap_27(v_cmaplen, v_i.0, v_i.1, v_mapentrysize) -> Com_1(eval_read_colormap_bb5_in(v_cmaplen, v_i.0, v_i.1 + 1, v_mapentrysize))
		(?, 1)    eval_read_colormap_NewDefault_in(v_cmaplen, v_i.0, v_i.1, v_mapentrysize) -> Com_1(eval_read_colormap_30(v_cmaplen, v_i.0, v_i.1, v_mapentrysize))
		(?, 1)    eval_read_colormap_30(v_cmaplen, v_i.0, v_i.1, v_mapentrysize) -> Com_1(eval_read_colormap_31(v_cmaplen, v_i.0, v_i.1, v_mapentrysize))
		(?, 1)    eval_read_colormap_31(v_cmaplen, v_i.0, v_i.1, v_mapentrysize) -> Com_1(eval_read_colormap_bb8_in(v_cmaplen, v_i.0, v_i.1, v_mapentrysize))
		(?, 1)    eval_read_colormap_bb8_in(v_cmaplen, v_i.0, v_i.1, v_mapentrysize) -> Com_1(eval_read_colormap_stop(v_cmaplen, v_i.0, v_i.1, v_mapentrysize))
	start location:	eval_read_colormap_start
	leaf cost:	0

Slicing away variables that do not contribute to conditions from problem 1 leaves variables [v_cmaplen, v_i.0, v_i.1].
We thus obtain the following problem:
2:	T:
		(?, 1)    eval_read_colormap_bb8_in(v_cmaplen, v_i.0, v_i.1) -> Com_1(eval_read_colormap_stop(v_cmaplen, v_i.0, v_i.1))
		(?, 1)    eval_read_colormap_31(v_cmaplen, v_i.0, v_i.1) -> Com_1(eval_read_colormap_bb8_in(v_cmaplen, v_i.0, v_i.1))
		(?, 1)    eval_read_colormap_30(v_cmaplen, v_i.0, v_i.1) -> Com_1(eval_read_colormap_31(v_cmaplen, v_i.0, v_i.1))
		(?, 1)    eval_read_colormap_NewDefault_in(v_cmaplen, v_i.0, v_i.1) -> Com_1(eval_read_colormap_30(v_cmaplen, v_i.0, v_i.1))
		(?, 1)    eval_read_colormap_27(v_cmaplen, v_i.0, v_i.1) -> Com_1(eval_read_colormap_bb5_in(v_cmaplen, v_i.0, v_i.1 + 1))
		(?, 1)    eval_read_colormap_26(v_cmaplen, v_i.0, v_i.1) -> Com_2(eval_read_byte_start(v_cmaplen, v_i.0, v_i.1), eval_read_colormap_27(v_cmaplen, v_i.0, v_i.1))
		(?, 1)    eval_read_colormap_23(v_cmaplen, v_i.0, v_i.1) -> Com_1(eval_read_colormap_26(v_cmaplen, v_i.0, v_i.1))
		(?, 1)    eval_read_colormap_22(v_cmaplen, v_i.0, v_i.1) -> Com_2(eval_read_byte_start(v_cmaplen, v_i.0, v_i.1), eval_read_colormap_23(v_cmaplen, v_i.0, v_i.1))
		(?, 1)    eval_read_colormap_19(v_cmaplen, v_i.0, v_i.1) -> Com_1(eval_read_colormap_22(v_cmaplen, v_i.0, v_i.1))
		(?, 1)    eval_read_colormap_18(v_cmaplen, v_i.0, v_i.1) -> Com_2(eval_read_byte_start(v_cmaplen, v_i.0, v_i.1), eval_read_colormap_19(v_cmaplen, v_i.0, v_i.1))
		(?, 1)    eval_read_colormap_15(v_cmaplen, v_i.0, v_i.1) -> Com_1(eval_read_colormap_18(v_cmaplen, v_i.0, v_i.1))
		(?, 1)    eval_read_colormap_14(v_cmaplen, v_i.0, v_i.1) -> Com_2(eval_read_byte_start(v_cmaplen, v_i.0, v_i.1), eval_read_colormap_15(v_cmaplen, v_i.0, v_i.1))
		(?, 1)    eval_read_colormap_bb5_in(v_cmaplen, v_i.0, v_i.1) -> Com_1(eval_read_colormap_bb8_in(v_cmaplen, v_i.0, v_i.1)) [ v_i.1 >= v_cmaplen ]
		(?, 1)    eval_read_colormap_bb5_in(v_cmaplen, v_i.0, v_i.1) -> Com_1(eval_read_colormap_14(v_cmaplen, v_i.0, v_i.1)) [ v_i.1 < v_cmaplen ]
		(?, 1)    eval_read_colormap_9(v_cmaplen, v_i.0, v_i.1) -> Com_1(eval_read_colormap_bb2_in(v_cmaplen, v_i.0 + 1, v_i.1))
		(?, 1)    eval_read_colormap_8(v_cmaplen, v_i.0, v_i.1) -> Com_2(eval_read_byte_start(v_cmaplen, v_i.0, v_i.1), eval_read_colormap_9(v_cmaplen, v_i.0, v_i.1))
		(?, 1)    eval_read_colormap_5(v_cmaplen, v_i.0, v_i.1) -> Com_1(eval_read_colormap_8(v_cmaplen, v_i.0, v_i.1))
		(?, 1)    eval_read_colormap_4(v_cmaplen, v_i.0, v_i.1) -> Com_2(eval_read_byte_start(v_cmaplen, v_i.0, v_i.1), eval_read_colormap_5(v_cmaplen, v_i.0, v_i.1))
		(?, 1)    eval_read_colormap_1(v_cmaplen, v_i.0, v_i.1) -> Com_1(eval_read_colormap_4(v_cmaplen, v_i.0, v_i.1))
		(?, 1)    eval_read_colormap_0(v_cmaplen, v_i.0, v_i.1) -> Com_2(eval_read_byte_start(v_cmaplen, v_i.0, v_i.1), eval_read_colormap_1(v_cmaplen, v_i.0, v_i.1))
		(?, 1)    eval_read_colormap_bb2_in(v_cmaplen, v_i.0, v_i.1) -> Com_1(eval_read_colormap_bb8_in(v_cmaplen, v_i.0, v_i.1)) [ v_i.0 >= v_cmaplen ]
		(?, 1)    eval_read_colormap_bb2_in(v_cmaplen, v_i.0, v_i.1) -> Com_1(eval_read_colormap_0(v_cmaplen, v_i.0, v_i.1)) [ v_i.0 < v_cmaplen ]
		(?, 1)    eval_read_colormap_bb0_in(v_cmaplen, v_i.0, v_i.1) -> Com_1(eval_read_colormap_bb5_in(v_cmaplen, v_i.0, 0))
		(?, 1)    eval_read_colormap_bb0_in(v_cmaplen, v_i.0, v_i.1) -> Com_1(eval_read_colormap_NewDefault_in(v_cmaplen, v_i.0, v_i.1))
		(?, 1)    eval_read_colormap_bb0_in(v_cmaplen, v_i.0, v_i.1) -> Com_1(eval_read_colormap_bb2_in(v_cmaplen, 0, v_i.1))
		(1, 1)    eval_read_colormap_start(v_cmaplen, v_i.0, v_i.1) -> Com_1(eval_read_colormap_bb0_in(v_cmaplen, v_i.0, v_i.1))
	start location:	eval_read_colormap_start
	leaf cost:	0

Repeatedly propagating knowledge in problem 2 produces the following problem:
3:	T:
		(?, 1)    eval_read_colormap_bb8_in(v_cmaplen, v_i.0, v_i.1) -> Com_1(eval_read_colormap_stop(v_cmaplen, v_i.0, v_i.1))
		(1, 1)    eval_read_colormap_31(v_cmaplen, v_i.0, v_i.1) -> Com_1(eval_read_colormap_bb8_in(v_cmaplen, v_i.0, v_i.1))
		(1, 1)    eval_read_colormap_30(v_cmaplen, v_i.0, v_i.1) -> Com_1(eval_read_colormap_31(v_cmaplen, v_i.0, v_i.1))
		(1, 1)    eval_read_colormap_NewDefault_in(v_cmaplen, v_i.0, v_i.1) -> Com_1(eval_read_colormap_30(v_cmaplen, v_i.0, v_i.1))
		(?, 1)    eval_read_colormap_27(v_cmaplen, v_i.0, v_i.1) -> Com_1(eval_read_colormap_bb5_in(v_cmaplen, v_i.0, v_i.1 + 1))
		(?, 1)    eval_read_colormap_26(v_cmaplen, v_i.0, v_i.1) -> Com_2(eval_read_byte_start(v_cmaplen, v_i.0, v_i.1), eval_read_colormap_27(v_cmaplen, v_i.0, v_i.1))
		(?, 1)    eval_read_colormap_23(v_cmaplen, v_i.0, v_i.1) -> Com_1(eval_read_colormap_26(v_cmaplen, v_i.0, v_i.1))
		(?, 1)    eval_read_colormap_22(v_cmaplen, v_i.0, v_i.1) -> Com_2(eval_read_byte_start(v_cmaplen, v_i.0, v_i.1), eval_read_colormap_23(v_cmaplen, v_i.0, v_i.1))
		(?, 1)    eval_read_colormap_19(v_cmaplen, v_i.0, v_i.1) -> Com_1(eval_read_colormap_22(v_cmaplen, v_i.0, v_i.1))
		(?, 1)    eval_read_colormap_18(v_cmaplen, v_i.0, v_i.1) -> Com_2(eval_read_byte_start(v_cmaplen, v_i.0, v_i.1), eval_read_colormap_19(v_cmaplen, v_i.0, v_i.1))
		(?, 1)    eval_read_colormap_15(v_cmaplen, v_i.0, v_i.1) -> Com_1(eval_read_colormap_18(v_cmaplen, v_i.0, v_i.1))
		(?, 1)    eval_read_colormap_14(v_cmaplen, v_i.0, v_i.1) -> Com_2(eval_read_byte_start(v_cmaplen, v_i.0, v_i.1), eval_read_colormap_15(v_cmaplen, v_i.0, v_i.1))
		(?, 1)    eval_read_colormap_bb5_in(v_cmaplen, v_i.0, v_i.1) -> Com_1(eval_read_colormap_bb8_in(v_cmaplen, v_i.0, v_i.1)) [ v_i.1 >= v_cmaplen ]
		(?, 1)    eval_read_colormap_bb5_in(v_cmaplen, v_i.0, v_i.1) -> Com_1(eval_read_colormap_14(v_cmaplen, v_i.0, v_i.1)) [ v_i.1 < v_cmaplen ]
		(?, 1)    eval_read_colormap_9(v_cmaplen, v_i.0, v_i.1) -> Com_1(eval_read_colormap_bb2_in(v_cmaplen, v_i.0 + 1, v_i.1))
		(?, 1)    eval_read_colormap_8(v_cmaplen, v_i.0, v_i.1) -> Com_2(eval_read_byte_start(v_cmaplen, v_i.0, v_i.1), eval_read_colormap_9(v_cmaplen, v_i.0, v_i.1))
		(?, 1)    eval_read_colormap_5(v_cmaplen, v_i.0, v_i.1) -> Com_1(eval_read_colormap_8(v_cmaplen, v_i.0, v_i.1))
		(?, 1)    eval_read_colormap_4(v_cmaplen, v_i.0, v_i.1) -> Com_2(eval_read_byte_start(v_cmaplen, v_i.0, v_i.1), eval_read_colormap_5(v_cmaplen, v_i.0, v_i.1))
		(?, 1)    eval_read_colormap_1(v_cmaplen, v_i.0, v_i.1) -> Com_1(eval_read_colormap_4(v_cmaplen, v_i.0, v_i.1))
		(?, 1)    eval_read_colormap_0(v_cmaplen, v_i.0, v_i.1) -> Com_2(eval_read_byte_start(v_cmaplen, v_i.0, v_i.1), eval_read_colormap_1(v_cmaplen, v_i.0, v_i.1))
		(?, 1)    eval_read_colormap_bb2_in(v_cmaplen, v_i.0, v_i.1) -> Com_1(eval_read_colormap_bb8_in(v_cmaplen, v_i.0, v_i.1)) [ v_i.0 >= v_cmaplen ]
		(?, 1)    eval_read_colormap_bb2_in(v_cmaplen, v_i.0, v_i.1) -> Com_1(eval_read_colormap_0(v_cmaplen, v_i.0, v_i.1)) [ v_i.0 < v_cmaplen ]
		(1, 1)    eval_read_colormap_bb0_in(v_cmaplen, v_i.0, v_i.1) -> Com_1(eval_read_colormap_bb5_in(v_cmaplen, v_i.0, 0))
		(1, 1)    eval_read_colormap_bb0_in(v_cmaplen, v_i.0, v_i.1) -> Com_1(eval_read_colormap_NewDefault_in(v_cmaplen, v_i.0, v_i.1))
		(1, 1)    eval_read_colormap_bb0_in(v_cmaplen, v_i.0, v_i.1) -> Com_1(eval_read_colormap_bb2_in(v_cmaplen, 0, v_i.1))
		(1, 1)    eval_read_colormap_start(v_cmaplen, v_i.0, v_i.1) -> Com_1(eval_read_colormap_bb0_in(v_cmaplen, v_i.0, v_i.1))
	start location:	eval_read_colormap_start
	leaf cost:	0

A polynomial rank function with
	Pol(eval_read_colormap_bb8_in) = 1
	Pol(eval_read_colormap_stop) = 0
	Pol(eval_read_colormap_31) = 1
	Pol(eval_read_colormap_30) = 1
	Pol(eval_read_colormap_NewDefault_in) = 1
	Pol(eval_read_colormap_27) = 2
	Pol(eval_read_colormap_bb5_in) = 2
	Pol(eval_read_colormap_26) = 2
	Pol(eval_read_byte_start) = 0
	Pol(eval_read_colormap_23) = 2
	Pol(eval_read_colormap_22) = 2
	Pol(eval_read_colormap_19) = 2
	Pol(eval_read_colormap_18) = 2
	Pol(eval_read_colormap_15) = 2
	Pol(eval_read_colormap_14) = 2
	Pol(eval_read_colormap_9) = 2
	Pol(eval_read_colormap_bb2_in) = 2
	Pol(eval_read_colormap_8) = 2
	Pol(eval_read_colormap_5) = 2
	Pol(eval_read_colormap_4) = 2
	Pol(eval_read_colormap_1) = 2
	Pol(eval_read_colormap_0) = 2
	Pol(eval_read_colormap_bb0_in) = 2
	Pol(eval_read_colormap_start) = 2
orients all transitions weakly and the transitions
	eval_read_colormap_bb8_in(v_cmaplen, v_i.0, v_i.1) -> Com_1(eval_read_colormap_stop(v_cmaplen, v_i.0, v_i.1))
	eval_read_colormap_bb5_in(v_cmaplen, v_i.0, v_i.1) -> Com_1(eval_read_colormap_bb8_in(v_cmaplen, v_i.0, v_i.1)) [ v_i.1 >= v_cmaplen ]
	eval_read_colormap_bb2_in(v_cmaplen, v_i.0, v_i.1) -> Com_1(eval_read_colormap_bb8_in(v_cmaplen, v_i.0, v_i.1)) [ v_i.0 >= v_cmaplen ]
strictly and produces the following problem:
4:	T:
		(2, 1)    eval_read_colormap_bb8_in(v_cmaplen, v_i.0, v_i.1) -> Com_1(eval_read_colormap_stop(v_cmaplen, v_i.0, v_i.1))
		(1, 1)    eval_read_colormap_31(v_cmaplen, v_i.0, v_i.1) -> Com_1(eval_read_colormap_bb8_in(v_cmaplen, v_i.0, v_i.1))
		(1, 1)    eval_read_colormap_30(v_cmaplen, v_i.0, v_i.1) -> Com_1(eval_read_colormap_31(v_cmaplen, v_i.0, v_i.1))
		(1, 1)    eval_read_colormap_NewDefault_in(v_cmaplen, v_i.0, v_i.1) -> Com_1(eval_read_colormap_30(v_cmaplen, v_i.0, v_i.1))
		(?, 1)    eval_read_colormap_27(v_cmaplen, v_i.0, v_i.1) -> Com_1(eval_read_colormap_bb5_in(v_cmaplen, v_i.0, v_i.1 + 1))
		(?, 1)    eval_read_colormap_26(v_cmaplen, v_i.0, v_i.1) -> Com_2(eval_read_byte_start(v_cmaplen, v_i.0, v_i.1), eval_read_colormap_27(v_cmaplen, v_i.0, v_i.1))
		(?, 1)    eval_read_colormap_23(v_cmaplen, v_i.0, v_i.1) -> Com_1(eval_read_colormap_26(v_cmaplen, v_i.0, v_i.1))
		(?, 1)    eval_read_colormap_22(v_cmaplen, v_i.0, v_i.1) -> Com_2(eval_read_byte_start(v_cmaplen, v_i.0, v_i.1), eval_read_colormap_23(v_cmaplen, v_i.0, v_i.1))
		(?, 1)    eval_read_colormap_19(v_cmaplen, v_i.0, v_i.1) -> Com_1(eval_read_colormap_22(v_cmaplen, v_i.0, v_i.1))
		(?, 1)    eval_read_colormap_18(v_cmaplen, v_i.0, v_i.1) -> Com_2(eval_read_byte_start(v_cmaplen, v_i.0, v_i.1), eval_read_colormap_19(v_cmaplen, v_i.0, v_i.1))
		(?, 1)    eval_read_colormap_15(v_cmaplen, v_i.0, v_i.1) -> Com_1(eval_read_colormap_18(v_cmaplen, v_i.0, v_i.1))
		(?, 1)    eval_read_colormap_14(v_cmaplen, v_i.0, v_i.1) -> Com_2(eval_read_byte_start(v_cmaplen, v_i.0, v_i.1), eval_read_colormap_15(v_cmaplen, v_i.0, v_i.1))
		(2, 1)    eval_read_colormap_bb5_in(v_cmaplen, v_i.0, v_i.1) -> Com_1(eval_read_colormap_bb8_in(v_cmaplen, v_i.0, v_i.1)) [ v_i.1 >= v_cmaplen ]
		(?, 1)    eval_read_colormap_bb5_in(v_cmaplen, v_i.0, v_i.1) -> Com_1(eval_read_colormap_14(v_cmaplen, v_i.0, v_i.1)) [ v_i.1 < v_cmaplen ]
		(?, 1)    eval_read_colormap_9(v_cmaplen, v_i.0, v_i.1) -> Com_1(eval_read_colormap_bb2_in(v_cmaplen, v_i.0 + 1, v_i.1))
		(?, 1)    eval_read_colormap_8(v_cmaplen, v_i.0, v_i.1) -> Com_2(eval_read_byte_start(v_cmaplen, v_i.0, v_i.1), eval_read_colormap_9(v_cmaplen, v_i.0, v_i.1))
		(?, 1)    eval_read_colormap_5(v_cmaplen, v_i.0, v_i.1) -> Com_1(eval_read_colormap_8(v_cmaplen, v_i.0, v_i.1))
		(?, 1)    eval_read_colormap_4(v_cmaplen, v_i.0, v_i.1) -> Com_2(eval_read_byte_start(v_cmaplen, v_i.0, v_i.1), eval_read_colormap_5(v_cmaplen, v_i.0, v_i.1))
		(?, 1)    eval_read_colormap_1(v_cmaplen, v_i.0, v_i.1) -> Com_1(eval_read_colormap_4(v_cmaplen, v_i.0, v_i.1))
		(?, 1)    eval_read_colormap_0(v_cmaplen, v_i.0, v_i.1) -> Com_2(eval_read_byte_start(v_cmaplen, v_i.0, v_i.1), eval_read_colormap_1(v_cmaplen, v_i.0, v_i.1))
		(2, 1)    eval_read_colormap_bb2_in(v_cmaplen, v_i.0, v_i.1) -> Com_1(eval_read_colormap_bb8_in(v_cmaplen, v_i.0, v_i.1)) [ v_i.0 >= v_cmaplen ]
		(?, 1)    eval_read_colormap_bb2_in(v_cmaplen, v_i.0, v_i.1) -> Com_1(eval_read_colormap_0(v_cmaplen, v_i.0, v_i.1)) [ v_i.0 < v_cmaplen ]
		(1, 1)    eval_read_colormap_bb0_in(v_cmaplen, v_i.0, v_i.1) -> Com_1(eval_read_colormap_bb5_in(v_cmaplen, v_i.0, 0))
		(1, 1)    eval_read_colormap_bb0_in(v_cmaplen, v_i.0, v_i.1) -> Com_1(eval_read_colormap_NewDefault_in(v_cmaplen, v_i.0, v_i.1))
		(1, 1)    eval_read_colormap_bb0_in(v_cmaplen, v_i.0, v_i.1) -> Com_1(eval_read_colormap_bb2_in(v_cmaplen, 0, v_i.1))
		(1, 1)    eval_read_colormap_start(v_cmaplen, v_i.0, v_i.1) -> Com_1(eval_read_colormap_bb0_in(v_cmaplen, v_i.0, v_i.1))
	start location:	eval_read_colormap_start
	leaf cost:	0

Applied AI with 'oct' on problem 4 to obtain the following invariants:
  For symbol eval_read_colormap_0: X_1 - X_2 - 1 >= 0 /\ X_2 >= 0 /\ X_1 + X_2 - 1 >= 0 /\ X_1 - 1 >= 0
  For symbol eval_read_colormap_1: X_1 - X_2 - 1 >= 0 /\ X_2 >= 0 /\ X_1 + X_2 - 1 >= 0 /\ X_1 - 1 >= 0
  For symbol eval_read_colormap_14: X_1 - X_3 - 1 >= 0 /\ X_3 >= 0 /\ X_1 + X_3 - 1 >= 0 /\ X_1 - 1 >= 0
  For symbol eval_read_colormap_15: X_1 - X_3 - 1 >= 0 /\ X_3 >= 0 /\ X_1 + X_3 - 1 >= 0 /\ X_1 - 1 >= 0
  For symbol eval_read_colormap_18: X_1 - X_3 - 1 >= 0 /\ X_3 >= 0 /\ X_1 + X_3 - 1 >= 0 /\ X_1 - 1 >= 0
  For symbol eval_read_colormap_19: X_1 - X_3 - 1 >= 0 /\ X_3 >= 0 /\ X_1 + X_3 - 1 >= 0 /\ X_1 - 1 >= 0
  For symbol eval_read_colormap_22: X_1 - X_3 - 1 >= 0 /\ X_3 >= 0 /\ X_1 + X_3 - 1 >= 0 /\ X_1 - 1 >= 0
  For symbol eval_read_colormap_23: X_1 - X_3 - 1 >= 0 /\ X_3 >= 0 /\ X_1 + X_3 - 1 >= 0 /\ X_1 - 1 >= 0
  For symbol eval_read_colormap_26: X_1 - X_3 - 1 >= 0 /\ X_3 >= 0 /\ X_1 + X_3 - 1 >= 0 /\ X_1 - 1 >= 0
  For symbol eval_read_colormap_27: X_1 - X_3 - 1 >= 0 /\ X_3 >= 0 /\ X_1 + X_3 - 1 >= 0 /\ X_1 - 1 >= 0
  For symbol eval_read_colormap_4: X_1 - X_2 - 1 >= 0 /\ X_2 >= 0 /\ X_1 + X_2 - 1 >= 0 /\ X_1 - 1 >= 0
  For symbol eval_read_colormap_5: X_1 - X_2 - 1 >= 0 /\ X_2 >= 0 /\ X_1 + X_2 - 1 >= 0 /\ X_1 - 1 >= 0
  For symbol eval_read_colormap_8: X_1 - X_2 - 1 >= 0 /\ X_2 >= 0 /\ X_1 + X_2 - 1 >= 0 /\ X_1 - 1 >= 0
  For symbol eval_read_colormap_9: X_1 - X_2 - 1 >= 0 /\ X_2 >= 0 /\ X_1 + X_2 - 1 >= 0 /\ X_1 - 1 >= 0
  For symbol eval_read_colormap_bb2_in: X_2 >= 0
  For symbol eval_read_colormap_bb5_in: X_3 >= 0


This yielded the following problem:
5:	T:
		(1, 1)    eval_read_colormap_start(v_cmaplen, v_i.0, v_i.1) -> Com_1(eval_read_colormap_bb0_in(v_cmaplen, v_i.0, v_i.1))
		(1, 1)    eval_read_colormap_bb0_in(v_cmaplen, v_i.0, v_i.1) -> Com_1(eval_read_colormap_bb2_in(v_cmaplen, 0, v_i.1))
		(1, 1)    eval_read_colormap_bb0_in(v_cmaplen, v_i.0, v_i.1) -> Com_1(eval_read_colormap_NewDefault_in(v_cmaplen, v_i.0, v_i.1))
		(1, 1)    eval_read_colormap_bb0_in(v_cmaplen, v_i.0, v_i.1) -> Com_1(eval_read_colormap_bb5_in(v_cmaplen, v_i.0, 0))
		(?, 1)    eval_read_colormap_bb2_in(v_cmaplen, v_i.0, v_i.1) -> Com_1(eval_read_colormap_0(v_cmaplen, v_i.0, v_i.1)) [ v_i.0 >= 0 /\ v_i.0 < v_cmaplen ]
		(2, 1)    eval_read_colormap_bb2_in(v_cmaplen, v_i.0, v_i.1) -> Com_1(eval_read_colormap_bb8_in(v_cmaplen, v_i.0, v_i.1)) [ v_i.0 >= 0 /\ v_i.0 >= v_cmaplen ]
		(?, 1)    eval_read_colormap_0(v_cmaplen, v_i.0, v_i.1) -> Com_2(eval_read_byte_start(v_cmaplen, v_i.0, v_i.1), eval_read_colormap_1(v_cmaplen, v_i.0, v_i.1)) [ v_cmaplen - v_i.0 - 1 >= 0 /\ v_i.0 >= 0 /\ v_cmaplen + v_i.0 - 1 >= 0 /\ v_cmaplen - 1 >= 0 ]
		(?, 1)    eval_read_colormap_1(v_cmaplen, v_i.0, v_i.1) -> Com_1(eval_read_colormap_4(v_cmaplen, v_i.0, v_i.1)) [ v_cmaplen - v_i.0 - 1 >= 0 /\ v_i.0 >= 0 /\ v_cmaplen + v_i.0 - 1 >= 0 /\ v_cmaplen - 1 >= 0 ]
		(?, 1)    eval_read_colormap_4(v_cmaplen, v_i.0, v_i.1) -> Com_2(eval_read_byte_start(v_cmaplen, v_i.0, v_i.1), eval_read_colormap_5(v_cmaplen, v_i.0, v_i.1)) [ v_cmaplen - v_i.0 - 1 >= 0 /\ v_i.0 >= 0 /\ v_cmaplen + v_i.0 - 1 >= 0 /\ v_cmaplen - 1 >= 0 ]
		(?, 1)    eval_read_colormap_5(v_cmaplen, v_i.0, v_i.1) -> Com_1(eval_read_colormap_8(v_cmaplen, v_i.0, v_i.1)) [ v_cmaplen - v_i.0 - 1 >= 0 /\ v_i.0 >= 0 /\ v_cmaplen + v_i.0 - 1 >= 0 /\ v_cmaplen - 1 >= 0 ]
		(?, 1)    eval_read_colormap_8(v_cmaplen, v_i.0, v_i.1) -> Com_2(eval_read_byte_start(v_cmaplen, v_i.0, v_i.1), eval_read_colormap_9(v_cmaplen, v_i.0, v_i.1)) [ v_cmaplen - v_i.0 - 1 >= 0 /\ v_i.0 >= 0 /\ v_cmaplen + v_i.0 - 1 >= 0 /\ v_cmaplen - 1 >= 0 ]
		(?, 1)    eval_read_colormap_9(v_cmaplen, v_i.0, v_i.1) -> Com_1(eval_read_colormap_bb2_in(v_cmaplen, v_i.0 + 1, v_i.1)) [ v_cmaplen - v_i.0 - 1 >= 0 /\ v_i.0 >= 0 /\ v_cmaplen + v_i.0 - 1 >= 0 /\ v_cmaplen - 1 >= 0 ]
		(?, 1)    eval_read_colormap_bb5_in(v_cmaplen, v_i.0, v_i.1) -> Com_1(eval_read_colormap_14(v_cmaplen, v_i.0, v_i.1)) [ v_i.1 >= 0 /\ v_i.1 < v_cmaplen ]
		(2, 1)    eval_read_colormap_bb5_in(v_cmaplen, v_i.0, v_i.1) -> Com_1(eval_read_colormap_bb8_in(v_cmaplen, v_i.0, v_i.1)) [ v_i.1 >= 0 /\ v_i.1 >= v_cmaplen ]
		(?, 1)    eval_read_colormap_14(v_cmaplen, v_i.0, v_i.1) -> Com_2(eval_read_byte_start(v_cmaplen, v_i.0, v_i.1), eval_read_colormap_15(v_cmaplen, v_i.0, v_i.1)) [ v_cmaplen - v_i.1 - 1 >= 0 /\ v_i.1 >= 0 /\ v_cmaplen + v_i.1 - 1 >= 0 /\ v_cmaplen - 1 >= 0 ]
		(?, 1)    eval_read_colormap_15(v_cmaplen, v_i.0, v_i.1) -> Com_1(eval_read_colormap_18(v_cmaplen, v_i.0, v_i.1)) [ v_cmaplen - v_i.1 - 1 >= 0 /\ v_i.1 >= 0 /\ v_cmaplen + v_i.1 - 1 >= 0 /\ v_cmaplen - 1 >= 0 ]
		(?, 1)    eval_read_colormap_18(v_cmaplen, v_i.0, v_i.1) -> Com_2(eval_read_byte_start(v_cmaplen, v_i.0, v_i.1), eval_read_colormap_19(v_cmaplen, v_i.0, v_i.1)) [ v_cmaplen - v_i.1 - 1 >= 0 /\ v_i.1 >= 0 /\ v_cmaplen + v_i.1 - 1 >= 0 /\ v_cmaplen - 1 >= 0 ]
		(?, 1)    eval_read_colormap_19(v_cmaplen, v_i.0, v_i.1) -> Com_1(eval_read_colormap_22(v_cmaplen, v_i.0, v_i.1)) [ v_cmaplen - v_i.1 - 1 >= 0 /\ v_i.1 >= 0 /\ v_cmaplen + v_i.1 - 1 >= 0 /\ v_cmaplen - 1 >= 0 ]
		(?, 1)    eval_read_colormap_22(v_cmaplen, v_i.0, v_i.1) -> Com_2(eval_read_byte_start(v_cmaplen, v_i.0, v_i.1), eval_read_colormap_23(v_cmaplen, v_i.0, v_i.1)) [ v_cmaplen - v_i.1 - 1 >= 0 /\ v_i.1 >= 0 /\ v_cmaplen + v_i.1 - 1 >= 0 /\ v_cmaplen - 1 >= 0 ]
		(?, 1)    eval_read_colormap_23(v_cmaplen, v_i.0, v_i.1) -> Com_1(eval_read_colormap_26(v_cmaplen, v_i.0, v_i.1)) [ v_cmaplen - v_i.1 - 1 >= 0 /\ v_i.1 >= 0 /\ v_cmaplen + v_i.1 - 1 >= 0 /\ v_cmaplen - 1 >= 0 ]
		(?, 1)    eval_read_colormap_26(v_cmaplen, v_i.0, v_i.1) -> Com_2(eval_read_byte_start(v_cmaplen, v_i.0, v_i.1), eval_read_colormap_27(v_cmaplen, v_i.0, v_i.1)) [ v_cmaplen - v_i.1 - 1 >= 0 /\ v_i.1 >= 0 /\ v_cmaplen + v_i.1 - 1 >= 0 /\ v_cmaplen - 1 >= 0 ]
		(?, 1)    eval_read_colormap_27(v_cmaplen, v_i.0, v_i.1) -> Com_1(eval_read_colormap_bb5_in(v_cmaplen, v_i.0, v_i.1 + 1)) [ v_cmaplen - v_i.1 - 1 >= 0 /\ v_i.1 >= 0 /\ v_cmaplen + v_i.1 - 1 >= 0 /\ v_cmaplen - 1 >= 0 ]
		(1, 1)    eval_read_colormap_NewDefault_in(v_cmaplen, v_i.0, v_i.1) -> Com_1(eval_read_colormap_30(v_cmaplen, v_i.0, v_i.1))
		(1, 1)    eval_read_colormap_30(v_cmaplen, v_i.0, v_i.1) -> Com_1(eval_read_colormap_31(v_cmaplen, v_i.0, v_i.1))
		(1, 1)    eval_read_colormap_31(v_cmaplen, v_i.0, v_i.1) -> Com_1(eval_read_colormap_bb8_in(v_cmaplen, v_i.0, v_i.1))
		(2, 1)    eval_read_colormap_bb8_in(v_cmaplen, v_i.0, v_i.1) -> Com_1(eval_read_colormap_stop(v_cmaplen, v_i.0, v_i.1))
	start location:	eval_read_colormap_start
	leaf cost:	0

A polynomial rank function with
	Pol(eval_read_colormap_bb5_in) = 9*V_1 - 9*V_3 + 1
	Pol(eval_read_colormap_14) = 9*V_1 - 9*V_3
	Pol(eval_read_colormap_bb2_in) = 7*V_1 - 7*V_2
	Pol(eval_read_colormap_0) = 7*V_1 - 7*V_2 - 1
	Pol(eval_read_colormap_9) = 7*V_1 - 7*V_2 - 6
	Pol(eval_read_colormap_8) = 7*V_1 - 7*V_2 - 5
	Pol(eval_read_byte_start) = 0
	Pol(eval_read_colormap_5) = 7*V_1 - 7*V_2 - 4
	Pol(eval_read_colormap_4) = 7*V_1 - 7*V_2 - 3
	Pol(eval_read_colormap_27) = 9*V_1 - 9*V_3 - 7
	Pol(eval_read_colormap_26) = 9*V_1 - 9*V_3 - 6
	Pol(eval_read_colormap_23) = 9*V_1 - 9*V_3 - 5
	Pol(eval_read_colormap_22) = 9*V_1 - 9*V_3 - 4
	Pol(eval_read_colormap_19) = 9*V_1 - 9*V_3 - 3
	Pol(eval_read_colormap_18) = 9*V_1 - 9*V_3 - 2
	Pol(eval_read_colormap_15) = 9*V_1 - 9*V_3 - 1
	Pol(eval_read_colormap_1) = 7*V_1 - 7*V_2 - 2
and size complexities
	S("eval_read_colormap_bb8_in(v_cmaplen, v_i.0, v_i.1) -> Com_1(eval_read_colormap_stop(v_cmaplen, v_i.0, v_i.1))", 0-0) = v_cmaplen
	S("eval_read_colormap_bb8_in(v_cmaplen, v_i.0, v_i.1) -> Com_1(eval_read_colormap_stop(v_cmaplen, v_i.0, v_i.1))", 0-1) = v_cmaplen + v_i.0
	S("eval_read_colormap_bb8_in(v_cmaplen, v_i.0, v_i.1) -> Com_1(eval_read_colormap_stop(v_cmaplen, v_i.0, v_i.1))", 0-2) = v_cmaplen + v_i.1
	S("eval_read_colormap_31(v_cmaplen, v_i.0, v_i.1) -> Com_1(eval_read_colormap_bb8_in(v_cmaplen, v_i.0, v_i.1))", 0-0) = v_cmaplen
	S("eval_read_colormap_31(v_cmaplen, v_i.0, v_i.1) -> Com_1(eval_read_colormap_bb8_in(v_cmaplen, v_i.0, v_i.1))", 0-1) = v_i.0
	S("eval_read_colormap_31(v_cmaplen, v_i.0, v_i.1) -> Com_1(eval_read_colormap_bb8_in(v_cmaplen, v_i.0, v_i.1))", 0-2) = v_i.1
	S("eval_read_colormap_30(v_cmaplen, v_i.0, v_i.1) -> Com_1(eval_read_colormap_31(v_cmaplen, v_i.0, v_i.1))", 0-0) = v_cmaplen
	S("eval_read_colormap_30(v_cmaplen, v_i.0, v_i.1) -> Com_1(eval_read_colormap_31(v_cmaplen, v_i.0, v_i.1))", 0-1) = v_i.0
	S("eval_read_colormap_30(v_cmaplen, v_i.0, v_i.1) -> Com_1(eval_read_colormap_31(v_cmaplen, v_i.0, v_i.1))", 0-2) = v_i.1
	S("eval_read_colormap_NewDefault_in(v_cmaplen, v_i.0, v_i.1) -> Com_1(eval_read_colormap_30(v_cmaplen, v_i.0, v_i.1))", 0-0) = v_cmaplen
	S("eval_read_colormap_NewDefault_in(v_cmaplen, v_i.0, v_i.1) -> Com_1(eval_read_colormap_30(v_cmaplen, v_i.0, v_i.1))", 0-1) = v_i.0
	S("eval_read_colormap_NewDefault_in(v_cmaplen, v_i.0, v_i.1) -> Com_1(eval_read_colormap_30(v_cmaplen, v_i.0, v_i.1))", 0-2) = v_i.1
	S("eval_read_colormap_27(v_cmaplen, v_i.0, v_i.1) -> Com_1(eval_read_colormap_bb5_in(v_cmaplen, v_i.0, v_i.1 + 1)) [ v_cmaplen - v_i.1 - 1 >= 0 /\\ v_i.1 >= 0 /\\ v_cmaplen + v_i.1 - 1 >= 0 /\\ v_cmaplen - 1 >= 0 ]", 0-0) = v_cmaplen
	S("eval_read_colormap_27(v_cmaplen, v_i.0, v_i.1) -> Com_1(eval_read_colormap_bb5_in(v_cmaplen, v_i.0, v_i.1 + 1)) [ v_cmaplen - v_i.1 - 1 >= 0 /\\ v_i.1 >= 0 /\\ v_cmaplen + v_i.1 - 1 >= 0 /\\ v_cmaplen - 1 >= 0 ]", 0-1) = v_i.0
	S("eval_read_colormap_27(v_cmaplen, v_i.0, v_i.1) -> Com_1(eval_read_colormap_bb5_in(v_cmaplen, v_i.0, v_i.1 + 1)) [ v_cmaplen - v_i.1 - 1 >= 0 /\\ v_i.1 >= 0 /\\ v_cmaplen + v_i.1 - 1 >= 0 /\\ v_cmaplen - 1 >= 0 ]", 0-2) = v_cmaplen
	S("eval_read_colormap_26(v_cmaplen, v_i.0, v_i.1) -> Com_2(eval_read_byte_start(v_cmaplen, v_i.0, v_i.1), eval_read_colormap_27(v_cmaplen, v_i.0, v_i.1)) [ v_cmaplen - v_i.1 - 1 >= 0 /\\ v_i.1 >= 0 /\\ v_cmaplen + v_i.1 - 1 >= 0 /\\ v_cmaplen - 1 >= 0 ]", 0-0) = v_cmaplen
	S("eval_read_colormap_26(v_cmaplen, v_i.0, v_i.1) -> Com_2(eval_read_byte_start(v_cmaplen, v_i.0, v_i.1), eval_read_colormap_27(v_cmaplen, v_i.0, v_i.1)) [ v_cmaplen - v_i.1 - 1 >= 0 /\\ v_i.1 >= 0 /\\ v_cmaplen + v_i.1 - 1 >= 0 /\\ v_cmaplen - 1 >= 0 ]", 0-1) = v_i.0
	S("eval_read_colormap_26(v_cmaplen, v_i.0, v_i.1) -> Com_2(eval_read_byte_start(v_cmaplen, v_i.0, v_i.1), eval_read_colormap_27(v_cmaplen, v_i.0, v_i.1)) [ v_cmaplen - v_i.1 - 1 >= 0 /\\ v_i.1 >= 0 /\\ v_cmaplen + v_i.1 - 1 >= 0 /\\ v_cmaplen - 1 >= 0 ]", 0-2) = v_cmaplen
	S("eval_read_colormap_26(v_cmaplen, v_i.0, v_i.1) -> Com_2(eval_read_byte_start(v_cmaplen, v_i.0, v_i.1), eval_read_colormap_27(v_cmaplen, v_i.0, v_i.1)) [ v_cmaplen - v_i.1 - 1 >= 0 /\\ v_i.1 >= 0 /\\ v_cmaplen + v_i.1 - 1 >= 0 /\\ v_cmaplen - 1 >= 0 ]", 1-0) = v_cmaplen
	S("eval_read_colormap_26(v_cmaplen, v_i.0, v_i.1) -> Com_2(eval_read_byte_start(v_cmaplen, v_i.0, v_i.1), eval_read_colormap_27(v_cmaplen, v_i.0, v_i.1)) [ v_cmaplen - v_i.1 - 1 >= 0 /\\ v_i.1 >= 0 /\\ v_cmaplen + v_i.1 - 1 >= 0 /\\ v_cmaplen - 1 >= 0 ]", 1-1) = v_i.0
	S("eval_read_colormap_26(v_cmaplen, v_i.0, v_i.1) -> Com_2(eval_read_byte_start(v_cmaplen, v_i.0, v_i.1), eval_read_colormap_27(v_cmaplen, v_i.0, v_i.1)) [ v_cmaplen - v_i.1 - 1 >= 0 /\\ v_i.1 >= 0 /\\ v_cmaplen + v_i.1 - 1 >= 0 /\\ v_cmaplen - 1 >= 0 ]", 1-2) = v_cmaplen
	S("eval_read_colormap_23(v_cmaplen, v_i.0, v_i.1) -> Com_1(eval_read_colormap_26(v_cmaplen, v_i.0, v_i.1)) [ v_cmaplen - v_i.1 - 1 >= 0 /\\ v_i.1 >= 0 /\\ v_cmaplen + v_i.1 - 1 >= 0 /\\ v_cmaplen - 1 >= 0 ]", 0-0) = v_cmaplen
	S("eval_read_colormap_23(v_cmaplen, v_i.0, v_i.1) -> Com_1(eval_read_colormap_26(v_cmaplen, v_i.0, v_i.1)) [ v_cmaplen - v_i.1 - 1 >= 0 /\\ v_i.1 >= 0 /\\ v_cmaplen + v_i.1 - 1 >= 0 /\\ v_cmaplen - 1 >= 0 ]", 0-1) = v_i.0
	S("eval_read_colormap_23(v_cmaplen, v_i.0, v_i.1) -> Com_1(eval_read_colormap_26(v_cmaplen, v_i.0, v_i.1)) [ v_cmaplen - v_i.1 - 1 >= 0 /\\ v_i.1 >= 0 /\\ v_cmaplen + v_i.1 - 1 >= 0 /\\ v_cmaplen - 1 >= 0 ]", 0-2) = v_cmaplen
	S("eval_read_colormap_22(v_cmaplen, v_i.0, v_i.1) -> Com_2(eval_read_byte_start(v_cmaplen, v_i.0, v_i.1), eval_read_colormap_23(v_cmaplen, v_i.0, v_i.1)) [ v_cmaplen - v_i.1 - 1 >= 0 /\\ v_i.1 >= 0 /\\ v_cmaplen + v_i.1 - 1 >= 0 /\\ v_cmaplen - 1 >= 0 ]", 0-0) = v_cmaplen
	S("eval_read_colormap_22(v_cmaplen, v_i.0, v_i.1) -> Com_2(eval_read_byte_start(v_cmaplen, v_i.0, v_i.1), eval_read_colormap_23(v_cmaplen, v_i.0, v_i.1)) [ v_cmaplen - v_i.1 - 1 >= 0 /\\ v_i.1 >= 0 /\\ v_cmaplen + v_i.1 - 1 >= 0 /\\ v_cmaplen - 1 >= 0 ]", 0-1) = v_i.0
	S("eval_read_colormap_22(v_cmaplen, v_i.0, v_i.1) -> Com_2(eval_read_byte_start(v_cmaplen, v_i.0, v_i.1), eval_read_colormap_23(v_cmaplen, v_i.0, v_i.1)) [ v_cmaplen - v_i.1 - 1 >= 0 /\\ v_i.1 >= 0 /\\ v_cmaplen + v_i.1 - 1 >= 0 /\\ v_cmaplen - 1 >= 0 ]", 0-2) = v_cmaplen
	S("eval_read_colormap_22(v_cmaplen, v_i.0, v_i.1) -> Com_2(eval_read_byte_start(v_cmaplen, v_i.0, v_i.1), eval_read_colormap_23(v_cmaplen, v_i.0, v_i.1)) [ v_cmaplen - v_i.1 - 1 >= 0 /\\ v_i.1 >= 0 /\\ v_cmaplen + v_i.1 - 1 >= 0 /\\ v_cmaplen - 1 >= 0 ]", 1-0) = v_cmaplen
	S("eval_read_colormap_22(v_cmaplen, v_i.0, v_i.1) -> Com_2(eval_read_byte_start(v_cmaplen, v_i.0, v_i.1), eval_read_colormap_23(v_cmaplen, v_i.0, v_i.1)) [ v_cmaplen - v_i.1 - 1 >= 0 /\\ v_i.1 >= 0 /\\ v_cmaplen + v_i.1 - 1 >= 0 /\\ v_cmaplen - 1 >= 0 ]", 1-1) = v_i.0
	S("eval_read_colormap_22(v_cmaplen, v_i.0, v_i.1) -> Com_2(eval_read_byte_start(v_cmaplen, v_i.0, v_i.1), eval_read_colormap_23(v_cmaplen, v_i.0, v_i.1)) [ v_cmaplen - v_i.1 - 1 >= 0 /\\ v_i.1 >= 0 /\\ v_cmaplen + v_i.1 - 1 >= 0 /\\ v_cmaplen - 1 >= 0 ]", 1-2) = v_cmaplen
	S("eval_read_colormap_19(v_cmaplen, v_i.0, v_i.1) -> Com_1(eval_read_colormap_22(v_cmaplen, v_i.0, v_i.1)) [ v_cmaplen - v_i.1 - 1 >= 0 /\\ v_i.1 >= 0 /\\ v_cmaplen + v_i.1 - 1 >= 0 /\\ v_cmaplen - 1 >= 0 ]", 0-0) = v_cmaplen
	S("eval_read_colormap_19(v_cmaplen, v_i.0, v_i.1) -> Com_1(eval_read_colormap_22(v_cmaplen, v_i.0, v_i.1)) [ v_cmaplen - v_i.1 - 1 >= 0 /\\ v_i.1 >= 0 /\\ v_cmaplen + v_i.1 - 1 >= 0 /\\ v_cmaplen - 1 >= 0 ]", 0-1) = v_i.0
	S("eval_read_colormap_19(v_cmaplen, v_i.0, v_i.1) -> Com_1(eval_read_colormap_22(v_cmaplen, v_i.0, v_i.1)) [ v_cmaplen - v_i.1 - 1 >= 0 /\\ v_i.1 >= 0 /\\ v_cmaplen + v_i.1 - 1 >= 0 /\\ v_cmaplen - 1 >= 0 ]", 0-2) = v_cmaplen
	S("eval_read_colormap_18(v_cmaplen, v_i.0, v_i.1) -> Com_2(eval_read_byte_start(v_cmaplen, v_i.0, v_i.1), eval_read_colormap_19(v_cmaplen, v_i.0, v_i.1)) [ v_cmaplen - v_i.1 - 1 >= 0 /\\ v_i.1 >= 0 /\\ v_cmaplen + v_i.1 - 1 >= 0 /\\ v_cmaplen - 1 >= 0 ]", 0-0) = v_cmaplen
	S("eval_read_colormap_18(v_cmaplen, v_i.0, v_i.1) -> Com_2(eval_read_byte_start(v_cmaplen, v_i.0, v_i.1), eval_read_colormap_19(v_cmaplen, v_i.0, v_i.1)) [ v_cmaplen - v_i.1 - 1 >= 0 /\\ v_i.1 >= 0 /\\ v_cmaplen + v_i.1 - 1 >= 0 /\\ v_cmaplen - 1 >= 0 ]", 0-1) = v_i.0
	S("eval_read_colormap_18(v_cmaplen, v_i.0, v_i.1) -> Com_2(eval_read_byte_start(v_cmaplen, v_i.0, v_i.1), eval_read_colormap_19(v_cmaplen, v_i.0, v_i.1)) [ v_cmaplen - v_i.1 - 1 >= 0 /\\ v_i.1 >= 0 /\\ v_cmaplen + v_i.1 - 1 >= 0 /\\ v_cmaplen - 1 >= 0 ]", 0-2) = v_cmaplen
	S("eval_read_colormap_18(v_cmaplen, v_i.0, v_i.1) -> Com_2(eval_read_byte_start(v_cmaplen, v_i.0, v_i.1), eval_read_colormap_19(v_cmaplen, v_i.0, v_i.1)) [ v_cmaplen - v_i.1 - 1 >= 0 /\\ v_i.1 >= 0 /\\ v_cmaplen + v_i.1 - 1 >= 0 /\\ v_cmaplen - 1 >= 0 ]", 1-0) = v_cmaplen
	S("eval_read_colormap_18(v_cmaplen, v_i.0, v_i.1) -> Com_2(eval_read_byte_start(v_cmaplen, v_i.0, v_i.1), eval_read_colormap_19(v_cmaplen, v_i.0, v_i.1)) [ v_cmaplen - v_i.1 - 1 >= 0 /\\ v_i.1 >= 0 /\\ v_cmaplen + v_i.1 - 1 >= 0 /\\ v_cmaplen - 1 >= 0 ]", 1-1) = v_i.0
	S("eval_read_colormap_18(v_cmaplen, v_i.0, v_i.1) -> Com_2(eval_read_byte_start(v_cmaplen, v_i.0, v_i.1), eval_read_colormap_19(v_cmaplen, v_i.0, v_i.1)) [ v_cmaplen - v_i.1 - 1 >= 0 /\\ v_i.1 >= 0 /\\ v_cmaplen + v_i.1 - 1 >= 0 /\\ v_cmaplen - 1 >= 0 ]", 1-2) = v_cmaplen
	S("eval_read_colormap_15(v_cmaplen, v_i.0, v_i.1) -> Com_1(eval_read_colormap_18(v_cmaplen, v_i.0, v_i.1)) [ v_cmaplen - v_i.1 - 1 >= 0 /\\ v_i.1 >= 0 /\\ v_cmaplen + v_i.1 - 1 >= 0 /\\ v_cmaplen - 1 >= 0 ]", 0-0) = v_cmaplen
	S("eval_read_colormap_15(v_cmaplen, v_i.0, v_i.1) -> Com_1(eval_read_colormap_18(v_cmaplen, v_i.0, v_i.1)) [ v_cmaplen - v_i.1 - 1 >= 0 /\\ v_i.1 >= 0 /\\ v_cmaplen + v_i.1 - 1 >= 0 /\\ v_cmaplen - 1 >= 0 ]", 0-1) = v_i.0
	S("eval_read_colormap_15(v_cmaplen, v_i.0, v_i.1) -> Com_1(eval_read_colormap_18(v_cmaplen, v_i.0, v_i.1)) [ v_cmaplen - v_i.1 - 1 >= 0 /\\ v_i.1 >= 0 /\\ v_cmaplen + v_i.1 - 1 >= 0 /\\ v_cmaplen - 1 >= 0 ]", 0-2) = v_cmaplen
	S("eval_read_colormap_14(v_cmaplen, v_i.0, v_i.1) -> Com_2(eval_read_byte_start(v_cmaplen, v_i.0, v_i.1), eval_read_colormap_15(v_cmaplen, v_i.0, v_i.1)) [ v_cmaplen - v_i.1 - 1 >= 0 /\\ v_i.1 >= 0 /\\ v_cmaplen + v_i.1 - 1 >= 0 /\\ v_cmaplen - 1 >= 0 ]", 0-0) = v_cmaplen
	S("eval_read_colormap_14(v_cmaplen, v_i.0, v_i.1) -> Com_2(eval_read_byte_start(v_cmaplen, v_i.0, v_i.1), eval_read_colormap_15(v_cmaplen, v_i.0, v_i.1)) [ v_cmaplen - v_i.1 - 1 >= 0 /\\ v_i.1 >= 0 /\\ v_cmaplen + v_i.1 - 1 >= 0 /\\ v_cmaplen - 1 >= 0 ]", 0-1) = v_i.0
	S("eval_read_colormap_14(v_cmaplen, v_i.0, v_i.1) -> Com_2(eval_read_byte_start(v_cmaplen, v_i.0, v_i.1), eval_read_colormap_15(v_cmaplen, v_i.0, v_i.1)) [ v_cmaplen - v_i.1 - 1 >= 0 /\\ v_i.1 >= 0 /\\ v_cmaplen + v_i.1 - 1 >= 0 /\\ v_cmaplen - 1 >= 0 ]", 0-2) = v_cmaplen
	S("eval_read_colormap_14(v_cmaplen, v_i.0, v_i.1) -> Com_2(eval_read_byte_start(v_cmaplen, v_i.0, v_i.1), eval_read_colormap_15(v_cmaplen, v_i.0, v_i.1)) [ v_cmaplen - v_i.1 - 1 >= 0 /\\ v_i.1 >= 0 /\\ v_cmaplen + v_i.1 - 1 >= 0 /\\ v_cmaplen - 1 >= 0 ]", 1-0) = v_cmaplen
	S("eval_read_colormap_14(v_cmaplen, v_i.0, v_i.1) -> Com_2(eval_read_byte_start(v_cmaplen, v_i.0, v_i.1), eval_read_colormap_15(v_cmaplen, v_i.0, v_i.1)) [ v_cmaplen - v_i.1 - 1 >= 0 /\\ v_i.1 >= 0 /\\ v_cmaplen + v_i.1 - 1 >= 0 /\\ v_cmaplen - 1 >= 0 ]", 1-1) = v_i.0
	S("eval_read_colormap_14(v_cmaplen, v_i.0, v_i.1) -> Com_2(eval_read_byte_start(v_cmaplen, v_i.0, v_i.1), eval_read_colormap_15(v_cmaplen, v_i.0, v_i.1)) [ v_cmaplen - v_i.1 - 1 >= 0 /\\ v_i.1 >= 0 /\\ v_cmaplen + v_i.1 - 1 >= 0 /\\ v_cmaplen - 1 >= 0 ]", 1-2) = v_cmaplen
	S("eval_read_colormap_bb5_in(v_cmaplen, v_i.0, v_i.1) -> Com_1(eval_read_colormap_bb8_in(v_cmaplen, v_i.0, v_i.1)) [ v_i.1 >= 0 /\\ v_i.1 >= v_cmaplen ]", 0-0) = v_cmaplen
	S("eval_read_colormap_bb5_in(v_cmaplen, v_i.0, v_i.1) -> Com_1(eval_read_colormap_bb8_in(v_cmaplen, v_i.0, v_i.1)) [ v_i.1 >= 0 /\\ v_i.1 >= v_cmaplen ]", 0-1) = v_i.0
	S("eval_read_colormap_bb5_in(v_cmaplen, v_i.0, v_i.1) -> Com_1(eval_read_colormap_bb8_in(v_cmaplen, v_i.0, v_i.1)) [ v_i.1 >= 0 /\\ v_i.1 >= v_cmaplen ]", 0-2) = v_cmaplen
	S("eval_read_colormap_bb5_in(v_cmaplen, v_i.0, v_i.1) -> Com_1(eval_read_colormap_14(v_cmaplen, v_i.0, v_i.1)) [ v_i.1 >= 0 /\\ v_i.1 < v_cmaplen ]", 0-0) = v_cmaplen
	S("eval_read_colormap_bb5_in(v_cmaplen, v_i.0, v_i.1) -> Com_1(eval_read_colormap_14(v_cmaplen, v_i.0, v_i.1)) [ v_i.1 >= 0 /\\ v_i.1 < v_cmaplen ]", 0-1) = v_i.0
	S("eval_read_colormap_bb5_in(v_cmaplen, v_i.0, v_i.1) -> Com_1(eval_read_colormap_14(v_cmaplen, v_i.0, v_i.1)) [ v_i.1 >= 0 /\\ v_i.1 < v_cmaplen ]", 0-2) = v_cmaplen
	S("eval_read_colormap_9(v_cmaplen, v_i.0, v_i.1) -> Com_1(eval_read_colormap_bb2_in(v_cmaplen, v_i.0 + 1, v_i.1)) [ v_cmaplen - v_i.0 - 1 >= 0 /\\ v_i.0 >= 0 /\\ v_cmaplen + v_i.0 - 1 >= 0 /\\ v_cmaplen - 1 >= 0 ]", 0-0) = v_cmaplen
	S("eval_read_colormap_9(v_cmaplen, v_i.0, v_i.1) -> Com_1(eval_read_colormap_bb2_in(v_cmaplen, v_i.0 + 1, v_i.1)) [ v_cmaplen - v_i.0 - 1 >= 0 /\\ v_i.0 >= 0 /\\ v_cmaplen + v_i.0 - 1 >= 0 /\\ v_cmaplen - 1 >= 0 ]", 0-1) = v_cmaplen
	S("eval_read_colormap_9(v_cmaplen, v_i.0, v_i.1) -> Com_1(eval_read_colormap_bb2_in(v_cmaplen, v_i.0 + 1, v_i.1)) [ v_cmaplen - v_i.0 - 1 >= 0 /\\ v_i.0 >= 0 /\\ v_cmaplen + v_i.0 - 1 >= 0 /\\ v_cmaplen - 1 >= 0 ]", 0-2) = v_i.1
	S("eval_read_colormap_8(v_cmaplen, v_i.0, v_i.1) -> Com_2(eval_read_byte_start(v_cmaplen, v_i.0, v_i.1), eval_read_colormap_9(v_cmaplen, v_i.0, v_i.1)) [ v_cmaplen - v_i.0 - 1 >= 0 /\\ v_i.0 >= 0 /\\ v_cmaplen + v_i.0 - 1 >= 0 /\\ v_cmaplen - 1 >= 0 ]", 0-0) = v_cmaplen
	S("eval_read_colormap_8(v_cmaplen, v_i.0, v_i.1) -> Com_2(eval_read_byte_start(v_cmaplen, v_i.0, v_i.1), eval_read_colormap_9(v_cmaplen, v_i.0, v_i.1)) [ v_cmaplen - v_i.0 - 1 >= 0 /\\ v_i.0 >= 0 /\\ v_cmaplen + v_i.0 - 1 >= 0 /\\ v_cmaplen - 1 >= 0 ]", 0-1) = v_cmaplen
	S("eval_read_colormap_8(v_cmaplen, v_i.0, v_i.1) -> Com_2(eval_read_byte_start(v_cmaplen, v_i.0, v_i.1), eval_read_colormap_9(v_cmaplen, v_i.0, v_i.1)) [ v_cmaplen - v_i.0 - 1 >= 0 /\\ v_i.0 >= 0 /\\ v_cmaplen + v_i.0 - 1 >= 0 /\\ v_cmaplen - 1 >= 0 ]", 0-2) = v_i.1
	S("eval_read_colormap_8(v_cmaplen, v_i.0, v_i.1) -> Com_2(eval_read_byte_start(v_cmaplen, v_i.0, v_i.1), eval_read_colormap_9(v_cmaplen, v_i.0, v_i.1)) [ v_cmaplen - v_i.0 - 1 >= 0 /\\ v_i.0 >= 0 /\\ v_cmaplen + v_i.0 - 1 >= 0 /\\ v_cmaplen - 1 >= 0 ]", 1-0) = v_cmaplen
	S("eval_read_colormap_8(v_cmaplen, v_i.0, v_i.1) -> Com_2(eval_read_byte_start(v_cmaplen, v_i.0, v_i.1), eval_read_colormap_9(v_cmaplen, v_i.0, v_i.1)) [ v_cmaplen - v_i.0 - 1 >= 0 /\\ v_i.0 >= 0 /\\ v_cmaplen + v_i.0 - 1 >= 0 /\\ v_cmaplen - 1 >= 0 ]", 1-1) = v_cmaplen
	S("eval_read_colormap_8(v_cmaplen, v_i.0, v_i.1) -> Com_2(eval_read_byte_start(v_cmaplen, v_i.0, v_i.1), eval_read_colormap_9(v_cmaplen, v_i.0, v_i.1)) [ v_cmaplen - v_i.0 - 1 >= 0 /\\ v_i.0 >= 0 /\\ v_cmaplen + v_i.0 - 1 >= 0 /\\ v_cmaplen - 1 >= 0 ]", 1-2) = v_i.1
	S("eval_read_colormap_5(v_cmaplen, v_i.0, v_i.1) -> Com_1(eval_read_colormap_8(v_cmaplen, v_i.0, v_i.1)) [ v_cmaplen - v_i.0 - 1 >= 0 /\\ v_i.0 >= 0 /\\ v_cmaplen + v_i.0 - 1 >= 0 /\\ v_cmaplen - 1 >= 0 ]", 0-0) = v_cmaplen
	S("eval_read_colormap_5(v_cmaplen, v_i.0, v_i.1) -> Com_1(eval_read_colormap_8(v_cmaplen, v_i.0, v_i.1)) [ v_cmaplen - v_i.0 - 1 >= 0 /\\ v_i.0 >= 0 /\\ v_cmaplen + v_i.0 - 1 >= 0 /\\ v_cmaplen - 1 >= 0 ]", 0-1) = v_cmaplen
	S("eval_read_colormap_5(v_cmaplen, v_i.0, v_i.1) -> Com_1(eval_read_colormap_8(v_cmaplen, v_i.0, v_i.1)) [ v_cmaplen - v_i.0 - 1 >= 0 /\\ v_i.0 >= 0 /\\ v_cmaplen + v_i.0 - 1 >= 0 /\\ v_cmaplen - 1 >= 0 ]", 0-2) = v_i.1
	S("eval_read_colormap_4(v_cmaplen, v_i.0, v_i.1) -> Com_2(eval_read_byte_start(v_cmaplen, v_i.0, v_i.1), eval_read_colormap_5(v_cmaplen, v_i.0, v_i.1)) [ v_cmaplen - v_i.0 - 1 >= 0 /\\ v_i.0 >= 0 /\\ v_cmaplen + v_i.0 - 1 >= 0 /\\ v_cmaplen - 1 >= 0 ]", 0-0) = v_cmaplen
	S("eval_read_colormap_4(v_cmaplen, v_i.0, v_i.1) -> Com_2(eval_read_byte_start(v_cmaplen, v_i.0, v_i.1), eval_read_colormap_5(v_cmaplen, v_i.0, v_i.1)) [ v_cmaplen - v_i.0 - 1 >= 0 /\\ v_i.0 >= 0 /\\ v_cmaplen + v_i.0 - 1 >= 0 /\\ v_cmaplen - 1 >= 0 ]", 0-1) = v_cmaplen
	S("eval_read_colormap_4(v_cmaplen, v_i.0, v_i.1) -> Com_2(eval_read_byte_start(v_cmaplen, v_i.0, v_i.1), eval_read_colormap_5(v_cmaplen, v_i.0, v_i.1)) [ v_cmaplen - v_i.0 - 1 >= 0 /\\ v_i.0 >= 0 /\\ v_cmaplen + v_i.0 - 1 >= 0 /\\ v_cmaplen - 1 >= 0 ]", 0-2) = v_i.1
	S("eval_read_colormap_4(v_cmaplen, v_i.0, v_i.1) -> Com_2(eval_read_byte_start(v_cmaplen, v_i.0, v_i.1), eval_read_colormap_5(v_cmaplen, v_i.0, v_i.1)) [ v_cmaplen - v_i.0 - 1 >= 0 /\\ v_i.0 >= 0 /\\ v_cmaplen + v_i.0 - 1 >= 0 /\\ v_cmaplen - 1 >= 0 ]", 1-0) = v_cmaplen
	S("eval_read_colormap_4(v_cmaplen, v_i.0, v_i.1) -> Com_2(eval_read_byte_start(v_cmaplen, v_i.0, v_i.1), eval_read_colormap_5(v_cmaplen, v_i.0, v_i.1)) [ v_cmaplen - v_i.0 - 1 >= 0 /\\ v_i.0 >= 0 /\\ v_cmaplen + v_i.0 - 1 >= 0 /\\ v_cmaplen - 1 >= 0 ]", 1-1) = v_cmaplen
	S("eval_read_colormap_4(v_cmaplen, v_i.0, v_i.1) -> Com_2(eval_read_byte_start(v_cmaplen, v_i.0, v_i.1), eval_read_colormap_5(v_cmaplen, v_i.0, v_i.1)) [ v_cmaplen - v_i.0 - 1 >= 0 /\\ v_i.0 >= 0 /\\ v_cmaplen + v_i.0 - 1 >= 0 /\\ v_cmaplen - 1 >= 0 ]", 1-2) = v_i.1
	S("eval_read_colormap_1(v_cmaplen, v_i.0, v_i.1) -> Com_1(eval_read_colormap_4(v_cmaplen, v_i.0, v_i.1)) [ v_cmaplen - v_i.0 - 1 >= 0 /\\ v_i.0 >= 0 /\\ v_cmaplen + v_i.0 - 1 >= 0 /\\ v_cmaplen - 1 >= 0 ]", 0-0) = v_cmaplen
	S("eval_read_colormap_1(v_cmaplen, v_i.0, v_i.1) -> Com_1(eval_read_colormap_4(v_cmaplen, v_i.0, v_i.1)) [ v_cmaplen - v_i.0 - 1 >= 0 /\\ v_i.0 >= 0 /\\ v_cmaplen + v_i.0 - 1 >= 0 /\\ v_cmaplen - 1 >= 0 ]", 0-1) = v_cmaplen
	S("eval_read_colormap_1(v_cmaplen, v_i.0, v_i.1) -> Com_1(eval_read_colormap_4(v_cmaplen, v_i.0, v_i.1)) [ v_cmaplen - v_i.0 - 1 >= 0 /\\ v_i.0 >= 0 /\\ v_cmaplen + v_i.0 - 1 >= 0 /\\ v_cmaplen - 1 >= 0 ]", 0-2) = v_i.1
	S("eval_read_colormap_0(v_cmaplen, v_i.0, v_i.1) -> Com_2(eval_read_byte_start(v_cmaplen, v_i.0, v_i.1), eval_read_colormap_1(v_cmaplen, v_i.0, v_i.1)) [ v_cmaplen - v_i.0 - 1 >= 0 /\\ v_i.0 >= 0 /\\ v_cmaplen + v_i.0 - 1 >= 0 /\\ v_cmaplen - 1 >= 0 ]", 0-0) = v_cmaplen
	S("eval_read_colormap_0(v_cmaplen, v_i.0, v_i.1) -> Com_2(eval_read_byte_start(v_cmaplen, v_i.0, v_i.1), eval_read_colormap_1(v_cmaplen, v_i.0, v_i.1)) [ v_cmaplen - v_i.0 - 1 >= 0 /\\ v_i.0 >= 0 /\\ v_cmaplen + v_i.0 - 1 >= 0 /\\ v_cmaplen - 1 >= 0 ]", 0-1) = v_cmaplen
	S("eval_read_colormap_0(v_cmaplen, v_i.0, v_i.1) -> Com_2(eval_read_byte_start(v_cmaplen, v_i.0, v_i.1), eval_read_colormap_1(v_cmaplen, v_i.0, v_i.1)) [ v_cmaplen - v_i.0 - 1 >= 0 /\\ v_i.0 >= 0 /\\ v_cmaplen + v_i.0 - 1 >= 0 /\\ v_cmaplen - 1 >= 0 ]", 0-2) = v_i.1
	S("eval_read_colormap_0(v_cmaplen, v_i.0, v_i.1) -> Com_2(eval_read_byte_start(v_cmaplen, v_i.0, v_i.1), eval_read_colormap_1(v_cmaplen, v_i.0, v_i.1)) [ v_cmaplen - v_i.0 - 1 >= 0 /\\ v_i.0 >= 0 /\\ v_cmaplen + v_i.0 - 1 >= 0 /\\ v_cmaplen - 1 >= 0 ]", 1-0) = v_cmaplen
	S("eval_read_colormap_0(v_cmaplen, v_i.0, v_i.1) -> Com_2(eval_read_byte_start(v_cmaplen, v_i.0, v_i.1), eval_read_colormap_1(v_cmaplen, v_i.0, v_i.1)) [ v_cmaplen - v_i.0 - 1 >= 0 /\\ v_i.0 >= 0 /\\ v_cmaplen + v_i.0 - 1 >= 0 /\\ v_cmaplen - 1 >= 0 ]", 1-1) = v_cmaplen
	S("eval_read_colormap_0(v_cmaplen, v_i.0, v_i.1) -> Com_2(eval_read_byte_start(v_cmaplen, v_i.0, v_i.1), eval_read_colormap_1(v_cmaplen, v_i.0, v_i.1)) [ v_cmaplen - v_i.0 - 1 >= 0 /\\ v_i.0 >= 0 /\\ v_cmaplen + v_i.0 - 1 >= 0 /\\ v_cmaplen - 1 >= 0 ]", 1-2) = v_i.1
	S("eval_read_colormap_bb2_in(v_cmaplen, v_i.0, v_i.1) -> Com_1(eval_read_colormap_bb8_in(v_cmaplen, v_i.0, v_i.1)) [ v_i.0 >= 0 /\\ v_i.0 >= v_cmaplen ]", 0-0) = v_cmaplen
	S("eval_read_colormap_bb2_in(v_cmaplen, v_i.0, v_i.1) -> Com_1(eval_read_colormap_bb8_in(v_cmaplen, v_i.0, v_i.1)) [ v_i.0 >= 0 /\\ v_i.0 >= v_cmaplen ]", 0-1) = v_cmaplen
	S("eval_read_colormap_bb2_in(v_cmaplen, v_i.0, v_i.1) -> Com_1(eval_read_colormap_bb8_in(v_cmaplen, v_i.0, v_i.1)) [ v_i.0 >= 0 /\\ v_i.0 >= v_cmaplen ]", 0-2) = v_i.1
	S("eval_read_colormap_bb2_in(v_cmaplen, v_i.0, v_i.1) -> Com_1(eval_read_colormap_0(v_cmaplen, v_i.0, v_i.1)) [ v_i.0 >= 0 /\\ v_i.0 < v_cmaplen ]", 0-0) = v_cmaplen
	S("eval_read_colormap_bb2_in(v_cmaplen, v_i.0, v_i.1) -> Com_1(eval_read_colormap_0(v_cmaplen, v_i.0, v_i.1)) [ v_i.0 >= 0 /\\ v_i.0 < v_cmaplen ]", 0-1) = v_cmaplen
	S("eval_read_colormap_bb2_in(v_cmaplen, v_i.0, v_i.1) -> Com_1(eval_read_colormap_0(v_cmaplen, v_i.0, v_i.1)) [ v_i.0 >= 0 /\\ v_i.0 < v_cmaplen ]", 0-2) = v_i.1
	S("eval_read_colormap_bb0_in(v_cmaplen, v_i.0, v_i.1) -> Com_1(eval_read_colormap_bb5_in(v_cmaplen, v_i.0, 0))", 0-0) = v_cmaplen
	S("eval_read_colormap_bb0_in(v_cmaplen, v_i.0, v_i.1) -> Com_1(eval_read_colormap_bb5_in(v_cmaplen, v_i.0, 0))", 0-1) = v_i.0
	S("eval_read_colormap_bb0_in(v_cmaplen, v_i.0, v_i.1) -> Com_1(eval_read_colormap_bb5_in(v_cmaplen, v_i.0, 0))", 0-2) = 0
	S("eval_read_colormap_bb0_in(v_cmaplen, v_i.0, v_i.1) -> Com_1(eval_read_colormap_NewDefault_in(v_cmaplen, v_i.0, v_i.1))", 0-0) = v_cmaplen
	S("eval_read_colormap_bb0_in(v_cmaplen, v_i.0, v_i.1) -> Com_1(eval_read_colormap_NewDefault_in(v_cmaplen, v_i.0, v_i.1))", 0-1) = v_i.0
	S("eval_read_colormap_bb0_in(v_cmaplen, v_i.0, v_i.1) -> Com_1(eval_read_colormap_NewDefault_in(v_cmaplen, v_i.0, v_i.1))", 0-2) = v_i.1
	S("eval_read_colormap_bb0_in(v_cmaplen, v_i.0, v_i.1) -> Com_1(eval_read_colormap_bb2_in(v_cmaplen, 0, v_i.1))", 0-0) = v_cmaplen
	S("eval_read_colormap_bb0_in(v_cmaplen, v_i.0, v_i.1) -> Com_1(eval_read_colormap_bb2_in(v_cmaplen, 0, v_i.1))", 0-1) = 0
	S("eval_read_colormap_bb0_in(v_cmaplen, v_i.0, v_i.1) -> Com_1(eval_read_colormap_bb2_in(v_cmaplen, 0, v_i.1))", 0-2) = v_i.1
	S("eval_read_colormap_start(v_cmaplen, v_i.0, v_i.1) -> Com_1(eval_read_colormap_bb0_in(v_cmaplen, v_i.0, v_i.1))", 0-0) = v_cmaplen
	S("eval_read_colormap_start(v_cmaplen, v_i.0, v_i.1) -> Com_1(eval_read_colormap_bb0_in(v_cmaplen, v_i.0, v_i.1))", 0-1) = v_i.0
	S("eval_read_colormap_start(v_cmaplen, v_i.0, v_i.1) -> Com_1(eval_read_colormap_bb0_in(v_cmaplen, v_i.0, v_i.1))", 0-2) = v_i.1
orients the transitions
	eval_read_colormap_bb5_in(v_cmaplen, v_i.0, v_i.1) -> Com_1(eval_read_colormap_14(v_cmaplen, v_i.0, v_i.1)) [ v_i.1 >= 0 /\ v_i.1 < v_cmaplen ]
	eval_read_colormap_bb2_in(v_cmaplen, v_i.0, v_i.1) -> Com_1(eval_read_colormap_0(v_cmaplen, v_i.0, v_i.1)) [ v_i.0 >= 0 /\ v_i.0 < v_cmaplen ]
	eval_read_colormap_9(v_cmaplen, v_i.0, v_i.1) -> Com_1(eval_read_colormap_bb2_in(v_cmaplen, v_i.0 + 1, v_i.1)) [ v_cmaplen - v_i.0 - 1 >= 0 /\ v_i.0 >= 0 /\ v_cmaplen + v_i.0 - 1 >= 0 /\ v_cmaplen - 1 >= 0 ]
	eval_read_colormap_8(v_cmaplen, v_i.0, v_i.1) -> Com_2(eval_read_byte_start(v_cmaplen, v_i.0, v_i.1), eval_read_colormap_9(v_cmaplen, v_i.0, v_i.1)) [ v_cmaplen - v_i.0 - 1 >= 0 /\ v_i.0 >= 0 /\ v_cmaplen + v_i.0 - 1 >= 0 /\ v_cmaplen - 1 >= 0 ]
	eval_read_colormap_5(v_cmaplen, v_i.0, v_i.1) -> Com_1(eval_read_colormap_8(v_cmaplen, v_i.0, v_i.1)) [ v_cmaplen - v_i.0 - 1 >= 0 /\ v_i.0 >= 0 /\ v_cmaplen + v_i.0 - 1 >= 0 /\ v_cmaplen - 1 >= 0 ]
	eval_read_colormap_4(v_cmaplen, v_i.0, v_i.1) -> Com_2(eval_read_byte_start(v_cmaplen, v_i.0, v_i.1), eval_read_colormap_5(v_cmaplen, v_i.0, v_i.1)) [ v_cmaplen - v_i.0 - 1 >= 0 /\ v_i.0 >= 0 /\ v_cmaplen + v_i.0 - 1 >= 0 /\ v_cmaplen - 1 >= 0 ]
	eval_read_colormap_27(v_cmaplen, v_i.0, v_i.1) -> Com_1(eval_read_colormap_bb5_in(v_cmaplen, v_i.0, v_i.1 + 1)) [ v_cmaplen - v_i.1 - 1 >= 0 /\ v_i.1 >= 0 /\ v_cmaplen + v_i.1 - 1 >= 0 /\ v_cmaplen - 1 >= 0 ]
	eval_read_colormap_26(v_cmaplen, v_i.0, v_i.1) -> Com_2(eval_read_byte_start(v_cmaplen, v_i.0, v_i.1), eval_read_colormap_27(v_cmaplen, v_i.0, v_i.1)) [ v_cmaplen - v_i.1 - 1 >= 0 /\ v_i.1 >= 0 /\ v_cmaplen + v_i.1 - 1 >= 0 /\ v_cmaplen - 1 >= 0 ]
	eval_read_colormap_23(v_cmaplen, v_i.0, v_i.1) -> Com_1(eval_read_colormap_26(v_cmaplen, v_i.0, v_i.1)) [ v_cmaplen - v_i.1 - 1 >= 0 /\ v_i.1 >= 0 /\ v_cmaplen + v_i.1 - 1 >= 0 /\ v_cmaplen - 1 >= 0 ]
	eval_read_colormap_22(v_cmaplen, v_i.0, v_i.1) -> Com_2(eval_read_byte_start(v_cmaplen, v_i.0, v_i.1), eval_read_colormap_23(v_cmaplen, v_i.0, v_i.1)) [ v_cmaplen - v_i.1 - 1 >= 0 /\ v_i.1 >= 0 /\ v_cmaplen + v_i.1 - 1 >= 0 /\ v_cmaplen - 1 >= 0 ]
	eval_read_colormap_19(v_cmaplen, v_i.0, v_i.1) -> Com_1(eval_read_colormap_22(v_cmaplen, v_i.0, v_i.1)) [ v_cmaplen - v_i.1 - 1 >= 0 /\ v_i.1 >= 0 /\ v_cmaplen + v_i.1 - 1 >= 0 /\ v_cmaplen - 1 >= 0 ]
	eval_read_colormap_18(v_cmaplen, v_i.0, v_i.1) -> Com_2(eval_read_byte_start(v_cmaplen, v_i.0, v_i.1), eval_read_colormap_19(v_cmaplen, v_i.0, v_i.1)) [ v_cmaplen - v_i.1 - 1 >= 0 /\ v_i.1 >= 0 /\ v_cmaplen + v_i.1 - 1 >= 0 /\ v_cmaplen - 1 >= 0 ]
	eval_read_colormap_15(v_cmaplen, v_i.0, v_i.1) -> Com_1(eval_read_colormap_18(v_cmaplen, v_i.0, v_i.1)) [ v_cmaplen - v_i.1 - 1 >= 0 /\ v_i.1 >= 0 /\ v_cmaplen + v_i.1 - 1 >= 0 /\ v_cmaplen - 1 >= 0 ]
	eval_read_colormap_14(v_cmaplen, v_i.0, v_i.1) -> Com_2(eval_read_byte_start(v_cmaplen, v_i.0, v_i.1), eval_read_colormap_15(v_cmaplen, v_i.0, v_i.1)) [ v_cmaplen - v_i.1 - 1 >= 0 /\ v_i.1 >= 0 /\ v_cmaplen + v_i.1 - 1 >= 0 /\ v_cmaplen - 1 >= 0 ]
	eval_read_colormap_1(v_cmaplen, v_i.0, v_i.1) -> Com_1(eval_read_colormap_4(v_cmaplen, v_i.0, v_i.1)) [ v_cmaplen - v_i.0 - 1 >= 0 /\ v_i.0 >= 0 /\ v_cmaplen + v_i.0 - 1 >= 0 /\ v_cmaplen - 1 >= 0 ]
	eval_read_colormap_0(v_cmaplen, v_i.0, v_i.1) -> Com_2(eval_read_byte_start(v_cmaplen, v_i.0, v_i.1), eval_read_colormap_1(v_cmaplen, v_i.0, v_i.1)) [ v_cmaplen - v_i.0 - 1 >= 0 /\ v_i.0 >= 0 /\ v_cmaplen + v_i.0 - 1 >= 0 /\ v_cmaplen - 1 >= 0 ]
weakly and the transitions
	eval_read_colormap_bb5_in(v_cmaplen, v_i.0, v_i.1) -> Com_1(eval_read_colormap_14(v_cmaplen, v_i.0, v_i.1)) [ v_i.1 >= 0 /\ v_i.1 < v_cmaplen ]
	eval_read_colormap_bb2_in(v_cmaplen, v_i.0, v_i.1) -> Com_1(eval_read_colormap_0(v_cmaplen, v_i.0, v_i.1)) [ v_i.0 >= 0 /\ v_i.0 < v_cmaplen ]
	eval_read_colormap_9(v_cmaplen, v_i.0, v_i.1) -> Com_1(eval_read_colormap_bb2_in(v_cmaplen, v_i.0 + 1, v_i.1)) [ v_cmaplen - v_i.0 - 1 >= 0 /\ v_i.0 >= 0 /\ v_cmaplen + v_i.0 - 1 >= 0 /\ v_cmaplen - 1 >= 0 ]
	eval_read_colormap_8(v_cmaplen, v_i.0, v_i.1) -> Com_2(eval_read_byte_start(v_cmaplen, v_i.0, v_i.1), eval_read_colormap_9(v_cmaplen, v_i.0, v_i.1)) [ v_cmaplen - v_i.0 - 1 >= 0 /\ v_i.0 >= 0 /\ v_cmaplen + v_i.0 - 1 >= 0 /\ v_cmaplen - 1 >= 0 ]
	eval_read_colormap_5(v_cmaplen, v_i.0, v_i.1) -> Com_1(eval_read_colormap_8(v_cmaplen, v_i.0, v_i.1)) [ v_cmaplen - v_i.0 - 1 >= 0 /\ v_i.0 >= 0 /\ v_cmaplen + v_i.0 - 1 >= 0 /\ v_cmaplen - 1 >= 0 ]
	eval_read_colormap_4(v_cmaplen, v_i.0, v_i.1) -> Com_2(eval_read_byte_start(v_cmaplen, v_i.0, v_i.1), eval_read_colormap_5(v_cmaplen, v_i.0, v_i.1)) [ v_cmaplen - v_i.0 - 1 >= 0 /\ v_i.0 >= 0 /\ v_cmaplen + v_i.0 - 1 >= 0 /\ v_cmaplen - 1 >= 0 ]
	eval_read_colormap_27(v_cmaplen, v_i.0, v_i.1) -> Com_1(eval_read_colormap_bb5_in(v_cmaplen, v_i.0, v_i.1 + 1)) [ v_cmaplen - v_i.1 - 1 >= 0 /\ v_i.1 >= 0 /\ v_cmaplen + v_i.1 - 1 >= 0 /\ v_cmaplen - 1 >= 0 ]
	eval_read_colormap_26(v_cmaplen, v_i.0, v_i.1) -> Com_2(eval_read_byte_start(v_cmaplen, v_i.0, v_i.1), eval_read_colormap_27(v_cmaplen, v_i.0, v_i.1)) [ v_cmaplen - v_i.1 - 1 >= 0 /\ v_i.1 >= 0 /\ v_cmaplen + v_i.1 - 1 >= 0 /\ v_cmaplen - 1 >= 0 ]
	eval_read_colormap_23(v_cmaplen, v_i.0, v_i.1) -> Com_1(eval_read_colormap_26(v_cmaplen, v_i.0, v_i.1)) [ v_cmaplen - v_i.1 - 1 >= 0 /\ v_i.1 >= 0 /\ v_cmaplen + v_i.1 - 1 >= 0 /\ v_cmaplen - 1 >= 0 ]
	eval_read_colormap_22(v_cmaplen, v_i.0, v_i.1) -> Com_2(eval_read_byte_start(v_cmaplen, v_i.0, v_i.1), eval_read_colormap_23(v_cmaplen, v_i.0, v_i.1)) [ v_cmaplen - v_i.1 - 1 >= 0 /\ v_i.1 >= 0 /\ v_cmaplen + v_i.1 - 1 >= 0 /\ v_cmaplen - 1 >= 0 ]
	eval_read_colormap_19(v_cmaplen, v_i.0, v_i.1) -> Com_1(eval_read_colormap_22(v_cmaplen, v_i.0, v_i.1)) [ v_cmaplen - v_i.1 - 1 >= 0 /\ v_i.1 >= 0 /\ v_cmaplen + v_i.1 - 1 >= 0 /\ v_cmaplen - 1 >= 0 ]
	eval_read_colormap_18(v_cmaplen, v_i.0, v_i.1) -> Com_2(eval_read_byte_start(v_cmaplen, v_i.0, v_i.1), eval_read_colormap_19(v_cmaplen, v_i.0, v_i.1)) [ v_cmaplen - v_i.1 - 1 >= 0 /\ v_i.1 >= 0 /\ v_cmaplen + v_i.1 - 1 >= 0 /\ v_cmaplen - 1 >= 0 ]
	eval_read_colormap_15(v_cmaplen, v_i.0, v_i.1) -> Com_1(eval_read_colormap_18(v_cmaplen, v_i.0, v_i.1)) [ v_cmaplen - v_i.1 - 1 >= 0 /\ v_i.1 >= 0 /\ v_cmaplen + v_i.1 - 1 >= 0 /\ v_cmaplen - 1 >= 0 ]
	eval_read_colormap_14(v_cmaplen, v_i.0, v_i.1) -> Com_2(eval_read_byte_start(v_cmaplen, v_i.0, v_i.1), eval_read_colormap_15(v_cmaplen, v_i.0, v_i.1)) [ v_cmaplen - v_i.1 - 1 >= 0 /\ v_i.1 >= 0 /\ v_cmaplen + v_i.1 - 1 >= 0 /\ v_cmaplen - 1 >= 0 ]
	eval_read_colormap_1(v_cmaplen, v_i.0, v_i.1) -> Com_1(eval_read_colormap_4(v_cmaplen, v_i.0, v_i.1)) [ v_cmaplen - v_i.0 - 1 >= 0 /\ v_i.0 >= 0 /\ v_cmaplen + v_i.0 - 1 >= 0 /\ v_cmaplen - 1 >= 0 ]
	eval_read_colormap_0(v_cmaplen, v_i.0, v_i.1) -> Com_2(eval_read_byte_start(v_cmaplen, v_i.0, v_i.1), eval_read_colormap_1(v_cmaplen, v_i.0, v_i.1)) [ v_cmaplen - v_i.0 - 1 >= 0 /\ v_i.0 >= 0 /\ v_cmaplen + v_i.0 - 1 >= 0 /\ v_cmaplen - 1 >= 0 ]
strictly and produces the following problem:
6:	T:
		(1, 1)                   eval_read_colormap_start(v_cmaplen, v_i.0, v_i.1) -> Com_1(eval_read_colormap_bb0_in(v_cmaplen, v_i.0, v_i.1))
		(1, 1)                   eval_read_colormap_bb0_in(v_cmaplen, v_i.0, v_i.1) -> Com_1(eval_read_colormap_bb2_in(v_cmaplen, 0, v_i.1))
		(1, 1)                   eval_read_colormap_bb0_in(v_cmaplen, v_i.0, v_i.1) -> Com_1(eval_read_colormap_NewDefault_in(v_cmaplen, v_i.0, v_i.1))
		(1, 1)                   eval_read_colormap_bb0_in(v_cmaplen, v_i.0, v_i.1) -> Com_1(eval_read_colormap_bb5_in(v_cmaplen, v_i.0, 0))
		(16*v_cmaplen + 1, 1)    eval_read_colormap_bb2_in(v_cmaplen, v_i.0, v_i.1) -> Com_1(eval_read_colormap_0(v_cmaplen, v_i.0, v_i.1)) [ v_i.0 >= 0 /\ v_i.0 < v_cmaplen ]
		(2, 1)                   eval_read_colormap_bb2_in(v_cmaplen, v_i.0, v_i.1) -> Com_1(eval_read_colormap_bb8_in(v_cmaplen, v_i.0, v_i.1)) [ v_i.0 >= 0 /\ v_i.0 >= v_cmaplen ]
		(16*v_cmaplen + 1, 1)    eval_read_colormap_0(v_cmaplen, v_i.0, v_i.1) -> Com_2(eval_read_byte_start(v_cmaplen, v_i.0, v_i.1), eval_read_colormap_1(v_cmaplen, v_i.0, v_i.1)) [ v_cmaplen - v_i.0 - 1 >= 0 /\ v_i.0 >= 0 /\ v_cmaplen + v_i.0 - 1 >= 0 /\ v_cmaplen - 1 >= 0 ]
		(16*v_cmaplen + 1, 1)    eval_read_colormap_1(v_cmaplen, v_i.0, v_i.1) -> Com_1(eval_read_colormap_4(v_cmaplen, v_i.0, v_i.1)) [ v_cmaplen - v_i.0 - 1 >= 0 /\ v_i.0 >= 0 /\ v_cmaplen + v_i.0 - 1 >= 0 /\ v_cmaplen - 1 >= 0 ]
		(16*v_cmaplen + 1, 1)    eval_read_colormap_4(v_cmaplen, v_i.0, v_i.1) -> Com_2(eval_read_byte_start(v_cmaplen, v_i.0, v_i.1), eval_read_colormap_5(v_cmaplen, v_i.0, v_i.1)) [ v_cmaplen - v_i.0 - 1 >= 0 /\ v_i.0 >= 0 /\ v_cmaplen + v_i.0 - 1 >= 0 /\ v_cmaplen - 1 >= 0 ]
		(16*v_cmaplen + 1, 1)    eval_read_colormap_5(v_cmaplen, v_i.0, v_i.1) -> Com_1(eval_read_colormap_8(v_cmaplen, v_i.0, v_i.1)) [ v_cmaplen - v_i.0 - 1 >= 0 /\ v_i.0 >= 0 /\ v_cmaplen + v_i.0 - 1 >= 0 /\ v_cmaplen - 1 >= 0 ]
		(16*v_cmaplen + 1, 1)    eval_read_colormap_8(v_cmaplen, v_i.0, v_i.1) -> Com_2(eval_read_byte_start(v_cmaplen, v_i.0, v_i.1), eval_read_colormap_9(v_cmaplen, v_i.0, v_i.1)) [ v_cmaplen - v_i.0 - 1 >= 0 /\ v_i.0 >= 0 /\ v_cmaplen + v_i.0 - 1 >= 0 /\ v_cmaplen - 1 >= 0 ]
		(16*v_cmaplen + 1, 1)    eval_read_colormap_9(v_cmaplen, v_i.0, v_i.1) -> Com_1(eval_read_colormap_bb2_in(v_cmaplen, v_i.0 + 1, v_i.1)) [ v_cmaplen - v_i.0 - 1 >= 0 /\ v_i.0 >= 0 /\ v_cmaplen + v_i.0 - 1 >= 0 /\ v_cmaplen - 1 >= 0 ]
		(16*v_cmaplen + 1, 1)    eval_read_colormap_bb5_in(v_cmaplen, v_i.0, v_i.1) -> Com_1(eval_read_colormap_14(v_cmaplen, v_i.0, v_i.1)) [ v_i.1 >= 0 /\ v_i.1 < v_cmaplen ]
		(2, 1)                   eval_read_colormap_bb5_in(v_cmaplen, v_i.0, v_i.1) -> Com_1(eval_read_colormap_bb8_in(v_cmaplen, v_i.0, v_i.1)) [ v_i.1 >= 0 /\ v_i.1 >= v_cmaplen ]
		(16*v_cmaplen + 1, 1)    eval_read_colormap_14(v_cmaplen, v_i.0, v_i.1) -> Com_2(eval_read_byte_start(v_cmaplen, v_i.0, v_i.1), eval_read_colormap_15(v_cmaplen, v_i.0, v_i.1)) [ v_cmaplen - v_i.1 - 1 >= 0 /\ v_i.1 >= 0 /\ v_cmaplen + v_i.1 - 1 >= 0 /\ v_cmaplen - 1 >= 0 ]
		(16*v_cmaplen + 1, 1)    eval_read_colormap_15(v_cmaplen, v_i.0, v_i.1) -> Com_1(eval_read_colormap_18(v_cmaplen, v_i.0, v_i.1)) [ v_cmaplen - v_i.1 - 1 >= 0 /\ v_i.1 >= 0 /\ v_cmaplen + v_i.1 - 1 >= 0 /\ v_cmaplen - 1 >= 0 ]
		(16*v_cmaplen + 1, 1)    eval_read_colormap_18(v_cmaplen, v_i.0, v_i.1) -> Com_2(eval_read_byte_start(v_cmaplen, v_i.0, v_i.1), eval_read_colormap_19(v_cmaplen, v_i.0, v_i.1)) [ v_cmaplen - v_i.1 - 1 >= 0 /\ v_i.1 >= 0 /\ v_cmaplen + v_i.1 - 1 >= 0 /\ v_cmaplen - 1 >= 0 ]
		(16*v_cmaplen + 1, 1)    eval_read_colormap_19(v_cmaplen, v_i.0, v_i.1) -> Com_1(eval_read_colormap_22(v_cmaplen, v_i.0, v_i.1)) [ v_cmaplen - v_i.1 - 1 >= 0 /\ v_i.1 >= 0 /\ v_cmaplen + v_i.1 - 1 >= 0 /\ v_cmaplen - 1 >= 0 ]
		(16*v_cmaplen + 1, 1)    eval_read_colormap_22(v_cmaplen, v_i.0, v_i.1) -> Com_2(eval_read_byte_start(v_cmaplen, v_i.0, v_i.1), eval_read_colormap_23(v_cmaplen, v_i.0, v_i.1)) [ v_cmaplen - v_i.1 - 1 >= 0 /\ v_i.1 >= 0 /\ v_cmaplen + v_i.1 - 1 >= 0 /\ v_cmaplen - 1 >= 0 ]
		(16*v_cmaplen + 1, 1)    eval_read_colormap_23(v_cmaplen, v_i.0, v_i.1) -> Com_1(eval_read_colormap_26(v_cmaplen, v_i.0, v_i.1)) [ v_cmaplen - v_i.1 - 1 >= 0 /\ v_i.1 >= 0 /\ v_cmaplen + v_i.1 - 1 >= 0 /\ v_cmaplen - 1 >= 0 ]
		(16*v_cmaplen + 1, 1)    eval_read_colormap_26(v_cmaplen, v_i.0, v_i.1) -> Com_2(eval_read_byte_start(v_cmaplen, v_i.0, v_i.1), eval_read_colormap_27(v_cmaplen, v_i.0, v_i.1)) [ v_cmaplen - v_i.1 - 1 >= 0 /\ v_i.1 >= 0 /\ v_cmaplen + v_i.1 - 1 >= 0 /\ v_cmaplen - 1 >= 0 ]
		(16*v_cmaplen + 1, 1)    eval_read_colormap_27(v_cmaplen, v_i.0, v_i.1) -> Com_1(eval_read_colormap_bb5_in(v_cmaplen, v_i.0, v_i.1 + 1)) [ v_cmaplen - v_i.1 - 1 >= 0 /\ v_i.1 >= 0 /\ v_cmaplen + v_i.1 - 1 >= 0 /\ v_cmaplen - 1 >= 0 ]
		(1, 1)                   eval_read_colormap_NewDefault_in(v_cmaplen, v_i.0, v_i.1) -> Com_1(eval_read_colormap_30(v_cmaplen, v_i.0, v_i.1))
		(1, 1)                   eval_read_colormap_30(v_cmaplen, v_i.0, v_i.1) -> Com_1(eval_read_colormap_31(v_cmaplen, v_i.0, v_i.1))
		(1, 1)                   eval_read_colormap_31(v_cmaplen, v_i.0, v_i.1) -> Com_1(eval_read_colormap_bb8_in(v_cmaplen, v_i.0, v_i.1))
		(2, 1)                   eval_read_colormap_bb8_in(v_cmaplen, v_i.0, v_i.1) -> Com_1(eval_read_colormap_stop(v_cmaplen, v_i.0, v_i.1))
	start location:	eval_read_colormap_start
	leaf cost:	0

Complexity upper bound 256*v_cmaplen + 29

Time: 0.355 sec (SMT: 0.261 sec)
