MAYBE

Initial complexity problem:
1:	T:
		(1, 1)    eval_mem_mapped_map_rgb_color_start(v_20, v_b, v_cnt.0, v_g, v_r) -> eval_mem_mapped_map_rgb_color_bb0_in(v_20, v_b, v_cnt.0, v_g, v_r)
		(?, 1)    eval_mem_mapped_map_rgb_color_bb0_in(v_20, v_b, v_cnt.0, v_g, v_r) -> eval_mem_mapped_map_rgb_color_bb1_in(v_20, v_b, nondef.3, v_g, v_r)
		(?, 1)    eval_mem_mapped_map_rgb_color_bb1_in(v_20, v_b, v_cnt.0, v_g, v_r) -> eval_mem_mapped_map_rgb_color_bb5_in(v_cnt.0 - 3, v_b, v_cnt.0, v_g, v_r) [ v_cnt.0 - 3 >= 0 ]
		(?, 1)    eval_mem_mapped_map_rgb_color_bb1_in(v_20, v_b, v_cnt.0, v_g, v_r) -> eval_mem_mapped_map_rgb_color_stop(v_20, v_b, v_cnt.0, v_g, v_r) [ v_cnt.0 - 3 < 0 /\ nondef.7 - nondef.8 = 0 ]
		(?, 1)    eval_mem_mapped_map_rgb_color_bb1_in(v_20, v_b, v_cnt.0, v_g, v_r) -> eval_mem_mapped_map_rgb_color_stop(v_20, v_b, v_cnt.0, v_g, v_r) [ v_cnt.0 - 3 < 0 /\ nondef.7 - nondef.8 > 0 /\ nondef.9 >= 0 /\ nondef.7 - nondef.8 - 3*nondef.9 >= 0 /\ nondef.7 - nondef.8 - 3*nondef.9 < 3 ]
		(?, 1)    eval_mem_mapped_map_rgb_color_bb1_in(v_20, v_b, v_cnt.0, v_g, v_r) -> eval_mem_mapped_map_rgb_color_stop(v_20, v_b, v_cnt.0, v_g, v_r) [ v_cnt.0 - 3 < 0 /\ nondef.7 - nondef.8 < 0 /\ nondef.9 <= 0 /\ -nondef.7 + nondef.8 + 3*nondef.9 >= 0 /\ -nondef.7 + nondef.8 + 3*nondef.9 < 3 ]
		(?, 1)    eval_mem_mapped_map_rgb_color_bb5_in(v_20, v_b, v_cnt.0, v_g, v_r) -> eval_mem_mapped_map_rgb_color_bb1_in(v_20, v_b, v_20, v_g, v_r)
	start location:	eval_mem_mapped_map_rgb_color_start
	leaf cost:	0

Repeatedly removing leaves of the complexity graph in problem 1 produces the following problem:
2:	T:
		(1, 1)    eval_mem_mapped_map_rgb_color_start(v_20, v_b, v_cnt.0, v_g, v_r) -> eval_mem_mapped_map_rgb_color_bb0_in(v_20, v_b, v_cnt.0, v_g, v_r)
		(?, 1)    eval_mem_mapped_map_rgb_color_bb0_in(v_20, v_b, v_cnt.0, v_g, v_r) -> eval_mem_mapped_map_rgb_color_bb1_in(v_20, v_b, nondef.3, v_g, v_r)
		(?, 1)    eval_mem_mapped_map_rgb_color_bb1_in(v_20, v_b, v_cnt.0, v_g, v_r) -> eval_mem_mapped_map_rgb_color_bb5_in(v_cnt.0 - 3, v_b, v_cnt.0, v_g, v_r) [ v_cnt.0 - 3 >= 0 ]
		(?, 1)    eval_mem_mapped_map_rgb_color_bb5_in(v_20, v_b, v_cnt.0, v_g, v_r) -> eval_mem_mapped_map_rgb_color_bb1_in(v_20, v_b, v_20, v_g, v_r)
	start location:	eval_mem_mapped_map_rgb_color_start
	leaf cost:	3

Repeatedly propagating knowledge in problem 2 produces the following problem:
3:	T:
		(1, 1)    eval_mem_mapped_map_rgb_color_start(v_20, v_b, v_cnt.0, v_g, v_r) -> eval_mem_mapped_map_rgb_color_bb0_in(v_20, v_b, v_cnt.0, v_g, v_r)
		(1, 1)    eval_mem_mapped_map_rgb_color_bb0_in(v_20, v_b, v_cnt.0, v_g, v_r) -> eval_mem_mapped_map_rgb_color_bb1_in(v_20, v_b, nondef.3, v_g, v_r)
		(?, 1)    eval_mem_mapped_map_rgb_color_bb1_in(v_20, v_b, v_cnt.0, v_g, v_r) -> eval_mem_mapped_map_rgb_color_bb5_in(v_cnt.0 - 3, v_b, v_cnt.0, v_g, v_r) [ v_cnt.0 - 3 >= 0 ]
		(?, 1)    eval_mem_mapped_map_rgb_color_bb5_in(v_20, v_b, v_cnt.0, v_g, v_r) -> eval_mem_mapped_map_rgb_color_bb1_in(v_20, v_b, v_20, v_g, v_r)
	start location:	eval_mem_mapped_map_rgb_color_start
	leaf cost:	3

Applied AI with 'oct' on problem 3 to obtain the following invariants:
  For symbol eval_mem_mapped_map_rgb_color_bb5_in: X_1 - X_3 + 3 >= 0 /\ X_3 - 3 >= 0 /\ X_1 + X_3 - 3 >= 0 /\ -X_1 + X_3 - 3 >= 0 /\ X_1 >= 0


This yielded the following problem:
4:	T:
		(?, 1)    eval_mem_mapped_map_rgb_color_bb5_in(v_20, v_b, v_cnt.0, v_g, v_r) -> eval_mem_mapped_map_rgb_color_bb1_in(v_20, v_b, v_20, v_g, v_r) [ v_20 - v_cnt.0 + 3 >= 0 /\ v_cnt.0 - 3 >= 0 /\ v_20 + v_cnt.0 - 3 >= 0 /\ -v_20 + v_cnt.0 - 3 >= 0 /\ v_20 >= 0 ]
		(?, 1)    eval_mem_mapped_map_rgb_color_bb1_in(v_20, v_b, v_cnt.0, v_g, v_r) -> eval_mem_mapped_map_rgb_color_bb5_in(v_cnt.0 - 3, v_b, v_cnt.0, v_g, v_r) [ v_cnt.0 - 3 >= 0 ]
		(1, 1)    eval_mem_mapped_map_rgb_color_bb0_in(v_20, v_b, v_cnt.0, v_g, v_r) -> eval_mem_mapped_map_rgb_color_bb1_in(v_20, v_b, nondef.3, v_g, v_r)
		(1, 1)    eval_mem_mapped_map_rgb_color_start(v_20, v_b, v_cnt.0, v_g, v_r) -> eval_mem_mapped_map_rgb_color_bb0_in(v_20, v_b, v_cnt.0, v_g, v_r)
	start location:	eval_mem_mapped_map_rgb_color_start
	leaf cost:	3

By chaining the transition eval_mem_mapped_map_rgb_color_bb5_in(v_20, v_b, v_cnt.0, v_g, v_r) -> eval_mem_mapped_map_rgb_color_bb1_in(v_20, v_b, v_20, v_g, v_r) [ v_20 - v_cnt.0 + 3 >= 0 /\ v_cnt.0 - 3 >= 0 /\ v_20 + v_cnt.0 - 3 >= 0 /\ -v_20 + v_cnt.0 - 3 >= 0 /\ v_20 >= 0 ] with all transitions in problem 4, the following new transition is obtained:
	eval_mem_mapped_map_rgb_color_bb5_in(v_20, v_b, v_cnt.0, v_g, v_r) -> eval_mem_mapped_map_rgb_color_bb5_in(v_20 - 3, v_b, v_20, v_g, v_r) [ v_20 - v_cnt.0 + 3 >= 0 /\ v_cnt.0 - 3 >= 0 /\ v_20 + v_cnt.0 - 3 >= 0 /\ -v_20 + v_cnt.0 - 3 >= 0 /\ v_20 >= 0 /\ v_20 - 3 >= 0 ]
We thus obtain the following problem:
5:	T:
		(?, 2)    eval_mem_mapped_map_rgb_color_bb5_in(v_20, v_b, v_cnt.0, v_g, v_r) -> eval_mem_mapped_map_rgb_color_bb5_in(v_20 - 3, v_b, v_20, v_g, v_r) [ v_20 - v_cnt.0 + 3 >= 0 /\ v_cnt.0 - 3 >= 0 /\ v_20 + v_cnt.0 - 3 >= 0 /\ -v_20 + v_cnt.0 - 3 >= 0 /\ v_20 >= 0 /\ v_20 - 3 >= 0 ]
		(?, 1)    eval_mem_mapped_map_rgb_color_bb1_in(v_20, v_b, v_cnt.0, v_g, v_r) -> eval_mem_mapped_map_rgb_color_bb5_in(v_cnt.0 - 3, v_b, v_cnt.0, v_g, v_r) [ v_cnt.0 - 3 >= 0 ]
		(1, 1)    eval_mem_mapped_map_rgb_color_bb0_in(v_20, v_b, v_cnt.0, v_g, v_r) -> eval_mem_mapped_map_rgb_color_bb1_in(v_20, v_b, nondef.3, v_g, v_r)
		(1, 1)    eval_mem_mapped_map_rgb_color_start(v_20, v_b, v_cnt.0, v_g, v_r) -> eval_mem_mapped_map_rgb_color_bb0_in(v_20, v_b, v_cnt.0, v_g, v_r)
	start location:	eval_mem_mapped_map_rgb_color_start
	leaf cost:	3

Repeatedly propagating knowledge in problem 5 produces the following problem:
6:	T:
		(?, 2)    eval_mem_mapped_map_rgb_color_bb5_in(v_20, v_b, v_cnt.0, v_g, v_r) -> eval_mem_mapped_map_rgb_color_bb5_in(v_20 - 3, v_b, v_20, v_g, v_r) [ v_20 - v_cnt.0 + 3 >= 0 /\ v_cnt.0 - 3 >= 0 /\ v_20 + v_cnt.0 - 3 >= 0 /\ -v_20 + v_cnt.0 - 3 >= 0 /\ v_20 >= 0 /\ v_20 - 3 >= 0 ]
		(1, 1)    eval_mem_mapped_map_rgb_color_bb1_in(v_20, v_b, v_cnt.0, v_g, v_r) -> eval_mem_mapped_map_rgb_color_bb5_in(v_cnt.0 - 3, v_b, v_cnt.0, v_g, v_r) [ v_cnt.0 - 3 >= 0 ]
		(1, 1)    eval_mem_mapped_map_rgb_color_bb0_in(v_20, v_b, v_cnt.0, v_g, v_r) -> eval_mem_mapped_map_rgb_color_bb1_in(v_20, v_b, nondef.3, v_g, v_r)
		(1, 1)    eval_mem_mapped_map_rgb_color_start(v_20, v_b, v_cnt.0, v_g, v_r) -> eval_mem_mapped_map_rgb_color_bb0_in(v_20, v_b, v_cnt.0, v_g, v_r)
	start location:	eval_mem_mapped_map_rgb_color_start
	leaf cost:	3

By chaining the transition eval_mem_mapped_map_rgb_color_bb1_in(v_20, v_b, v_cnt.0, v_g, v_r) -> eval_mem_mapped_map_rgb_color_bb5_in(v_cnt.0 - 3, v_b, v_cnt.0, v_g, v_r) [ v_cnt.0 - 3 >= 0 ] with all transitions in problem 6, the following new transition is obtained:
	eval_mem_mapped_map_rgb_color_bb1_in(v_20, v_b, v_cnt.0, v_g, v_r) -> eval_mem_mapped_map_rgb_color_bb5_in(v_cnt.0 - 6, v_b, v_cnt.0 - 3, v_g, v_r) [ v_cnt.0 - 3 >= 0 /\ 0 >= 0 /\ 2*v_cnt.0 - 6 >= 0 /\ v_cnt.0 - 6 >= 0 ]
We thus obtain the following problem:
7:	T:
		(1, 3)    eval_mem_mapped_map_rgb_color_bb1_in(v_20, v_b, v_cnt.0, v_g, v_r) -> eval_mem_mapped_map_rgb_color_bb5_in(v_cnt.0 - 6, v_b, v_cnt.0 - 3, v_g, v_r) [ v_cnt.0 - 3 >= 0 /\ 0 >= 0 /\ 2*v_cnt.0 - 6 >= 0 /\ v_cnt.0 - 6 >= 0 ]
		(?, 2)    eval_mem_mapped_map_rgb_color_bb5_in(v_20, v_b, v_cnt.0, v_g, v_r) -> eval_mem_mapped_map_rgb_color_bb5_in(v_20 - 3, v_b, v_20, v_g, v_r) [ v_20 - v_cnt.0 + 3 >= 0 /\ v_cnt.0 - 3 >= 0 /\ v_20 + v_cnt.0 - 3 >= 0 /\ -v_20 + v_cnt.0 - 3 >= 0 /\ v_20 >= 0 /\ v_20 - 3 >= 0 ]
		(1, 1)    eval_mem_mapped_map_rgb_color_bb0_in(v_20, v_b, v_cnt.0, v_g, v_r) -> eval_mem_mapped_map_rgb_color_bb1_in(v_20, v_b, nondef.3, v_g, v_r)
		(1, 1)    eval_mem_mapped_map_rgb_color_start(v_20, v_b, v_cnt.0, v_g, v_r) -> eval_mem_mapped_map_rgb_color_bb0_in(v_20, v_b, v_cnt.0, v_g, v_r)
	start location:	eval_mem_mapped_map_rgb_color_start
	leaf cost:	3

By chaining the transition eval_mem_mapped_map_rgb_color_bb1_in(v_20, v_b, v_cnt.0, v_g, v_r) -> eval_mem_mapped_map_rgb_color_bb5_in(v_cnt.0 - 6, v_b, v_cnt.0 - 3, v_g, v_r) [ v_cnt.0 - 3 >= 0 /\ 0 >= 0 /\ 2*v_cnt.0 - 6 >= 0 /\ v_cnt.0 - 6 >= 0 ] with all transitions in problem 7, the following new transition is obtained:
	eval_mem_mapped_map_rgb_color_bb1_in(v_20, v_b, v_cnt.0, v_g, v_r) -> eval_mem_mapped_map_rgb_color_bb5_in(v_cnt.0 - 9, v_b, v_cnt.0 - 6, v_g, v_r) [ v_cnt.0 - 3 >= 0 /\ 0 >= 0 /\ 2*v_cnt.0 - 6 >= 0 /\ v_cnt.0 - 6 >= 0 /\ 2*v_cnt.0 - 12 >= 0 /\ v_cnt.0 - 9 >= 0 ]
We thus obtain the following problem:
8:	T:
		(1, 5)    eval_mem_mapped_map_rgb_color_bb1_in(v_20, v_b, v_cnt.0, v_g, v_r) -> eval_mem_mapped_map_rgb_color_bb5_in(v_cnt.0 - 9, v_b, v_cnt.0 - 6, v_g, v_r) [ v_cnt.0 - 3 >= 0 /\ 0 >= 0 /\ 2*v_cnt.0 - 6 >= 0 /\ v_cnt.0 - 6 >= 0 /\ 2*v_cnt.0 - 12 >= 0 /\ v_cnt.0 - 9 >= 0 ]
		(?, 2)    eval_mem_mapped_map_rgb_color_bb5_in(v_20, v_b, v_cnt.0, v_g, v_r) -> eval_mem_mapped_map_rgb_color_bb5_in(v_20 - 3, v_b, v_20, v_g, v_r) [ v_20 - v_cnt.0 + 3 >= 0 /\ v_cnt.0 - 3 >= 0 /\ v_20 + v_cnt.0 - 3 >= 0 /\ -v_20 + v_cnt.0 - 3 >= 0 /\ v_20 >= 0 /\ v_20 - 3 >= 0 ]
		(1, 1)    eval_mem_mapped_map_rgb_color_bb0_in(v_20, v_b, v_cnt.0, v_g, v_r) -> eval_mem_mapped_map_rgb_color_bb1_in(v_20, v_b, nondef.3, v_g, v_r)
		(1, 1)    eval_mem_mapped_map_rgb_color_start(v_20, v_b, v_cnt.0, v_g, v_r) -> eval_mem_mapped_map_rgb_color_bb0_in(v_20, v_b, v_cnt.0, v_g, v_r)
	start location:	eval_mem_mapped_map_rgb_color_start
	leaf cost:	3

By chaining the transition eval_mem_mapped_map_rgb_color_bb1_in(v_20, v_b, v_cnt.0, v_g, v_r) -> eval_mem_mapped_map_rgb_color_bb5_in(v_cnt.0 - 9, v_b, v_cnt.0 - 6, v_g, v_r) [ v_cnt.0 - 3 >= 0 /\ 0 >= 0 /\ 2*v_cnt.0 - 6 >= 0 /\ v_cnt.0 - 6 >= 0 /\ 2*v_cnt.0 - 12 >= 0 /\ v_cnt.0 - 9 >= 0 ] with all transitions in problem 8, the following new transition is obtained:
	eval_mem_mapped_map_rgb_color_bb1_in(v_20, v_b, v_cnt.0, v_g, v_r) -> eval_mem_mapped_map_rgb_color_bb5_in(v_cnt.0 - 12, v_b, v_cnt.0 - 9, v_g, v_r) [ v_cnt.0 - 3 >= 0 /\ 0 >= 0 /\ 2*v_cnt.0 - 6 >= 0 /\ v_cnt.0 - 6 >= 0 /\ 2*v_cnt.0 - 12 >= 0 /\ v_cnt.0 - 9 >= 0 /\ 2*v_cnt.0 - 18 >= 0 /\ v_cnt.0 - 12 >= 0 ]
We thus obtain the following problem:
9:	T:
		(1, 7)    eval_mem_mapped_map_rgb_color_bb1_in(v_20, v_b, v_cnt.0, v_g, v_r) -> eval_mem_mapped_map_rgb_color_bb5_in(v_cnt.0 - 12, v_b, v_cnt.0 - 9, v_g, v_r) [ v_cnt.0 - 3 >= 0 /\ 0 >= 0 /\ 2*v_cnt.0 - 6 >= 0 /\ v_cnt.0 - 6 >= 0 /\ 2*v_cnt.0 - 12 >= 0 /\ v_cnt.0 - 9 >= 0 /\ 2*v_cnt.0 - 18 >= 0 /\ v_cnt.0 - 12 >= 0 ]
		(?, 2)    eval_mem_mapped_map_rgb_color_bb5_in(v_20, v_b, v_cnt.0, v_g, v_r) -> eval_mem_mapped_map_rgb_color_bb5_in(v_20 - 3, v_b, v_20, v_g, v_r) [ v_20 - v_cnt.0 + 3 >= 0 /\ v_cnt.0 - 3 >= 0 /\ v_20 + v_cnt.0 - 3 >= 0 /\ -v_20 + v_cnt.0 - 3 >= 0 /\ v_20 >= 0 /\ v_20 - 3 >= 0 ]
		(1, 1)    eval_mem_mapped_map_rgb_color_bb0_in(v_20, v_b, v_cnt.0, v_g, v_r) -> eval_mem_mapped_map_rgb_color_bb1_in(v_20, v_b, nondef.3, v_g, v_r)
		(1, 1)    eval_mem_mapped_map_rgb_color_start(v_20, v_b, v_cnt.0, v_g, v_r) -> eval_mem_mapped_map_rgb_color_bb0_in(v_20, v_b, v_cnt.0, v_g, v_r)
	start location:	eval_mem_mapped_map_rgb_color_start
	leaf cost:	3

By chaining the transition eval_mem_mapped_map_rgb_color_bb1_in(v_20, v_b, v_cnt.0, v_g, v_r) -> eval_mem_mapped_map_rgb_color_bb5_in(v_cnt.0 - 12, v_b, v_cnt.0 - 9, v_g, v_r) [ v_cnt.0 - 3 >= 0 /\ 0 >= 0 /\ 2*v_cnt.0 - 6 >= 0 /\ v_cnt.0 - 6 >= 0 /\ 2*v_cnt.0 - 12 >= 0 /\ v_cnt.0 - 9 >= 0 /\ 2*v_cnt.0 - 18 >= 0 /\ v_cnt.0 - 12 >= 0 ] with all transitions in problem 9, the following new transition is obtained:
	eval_mem_mapped_map_rgb_color_bb1_in(v_20, v_b, v_cnt.0, v_g, v_r) -> eval_mem_mapped_map_rgb_color_bb5_in(v_cnt.0 - 15, v_b, v_cnt.0 - 12, v_g, v_r) [ v_cnt.0 - 3 >= 0 /\ 0 >= 0 /\ 2*v_cnt.0 - 6 >= 0 /\ v_cnt.0 - 6 >= 0 /\ 2*v_cnt.0 - 12 >= 0 /\ v_cnt.0 - 9 >= 0 /\ 2*v_cnt.0 - 18 >= 0 /\ v_cnt.0 - 12 >= 0 /\ 2*v_cnt.0 - 24 >= 0 /\ v_cnt.0 - 15 >= 0 ]
We thus obtain the following problem:
10:	T:
		(1, 9)    eval_mem_mapped_map_rgb_color_bb1_in(v_20, v_b, v_cnt.0, v_g, v_r) -> eval_mem_mapped_map_rgb_color_bb5_in(v_cnt.0 - 15, v_b, v_cnt.0 - 12, v_g, v_r) [ v_cnt.0 - 3 >= 0 /\ 0 >= 0 /\ 2*v_cnt.0 - 6 >= 0 /\ v_cnt.0 - 6 >= 0 /\ 2*v_cnt.0 - 12 >= 0 /\ v_cnt.0 - 9 >= 0 /\ 2*v_cnt.0 - 18 >= 0 /\ v_cnt.0 - 12 >= 0 /\ 2*v_cnt.0 - 24 >= 0 /\ v_cnt.0 - 15 >= 0 ]
		(?, 2)    eval_mem_mapped_map_rgb_color_bb5_in(v_20, v_b, v_cnt.0, v_g, v_r) -> eval_mem_mapped_map_rgb_color_bb5_in(v_20 - 3, v_b, v_20, v_g, v_r) [ v_20 - v_cnt.0 + 3 >= 0 /\ v_cnt.0 - 3 >= 0 /\ v_20 + v_cnt.0 - 3 >= 0 /\ -v_20 + v_cnt.0 - 3 >= 0 /\ v_20 >= 0 /\ v_20 - 3 >= 0 ]
		(1, 1)    eval_mem_mapped_map_rgb_color_bb0_in(v_20, v_b, v_cnt.0, v_g, v_r) -> eval_mem_mapped_map_rgb_color_bb1_in(v_20, v_b, nondef.3, v_g, v_r)
		(1, 1)    eval_mem_mapped_map_rgb_color_start(v_20, v_b, v_cnt.0, v_g, v_r) -> eval_mem_mapped_map_rgb_color_bb0_in(v_20, v_b, v_cnt.0, v_g, v_r)
	start location:	eval_mem_mapped_map_rgb_color_start
	leaf cost:	3

By chaining the transition eval_mem_mapped_map_rgb_color_bb1_in(v_20, v_b, v_cnt.0, v_g, v_r) -> eval_mem_mapped_map_rgb_color_bb5_in(v_cnt.0 - 15, v_b, v_cnt.0 - 12, v_g, v_r) [ v_cnt.0 - 3 >= 0 /\ 0 >= 0 /\ 2*v_cnt.0 - 6 >= 0 /\ v_cnt.0 - 6 >= 0 /\ 2*v_cnt.0 - 12 >= 0 /\ v_cnt.0 - 9 >= 0 /\ 2*v_cnt.0 - 18 >= 0 /\ v_cnt.0 - 12 >= 0 /\ 2*v_cnt.0 - 24 >= 0 /\ v_cnt.0 - 15 >= 0 ] with all transitions in problem 10, the following new transition is obtained:
	eval_mem_mapped_map_rgb_color_bb1_in(v_20, v_b, v_cnt.0, v_g, v_r) -> eval_mem_mapped_map_rgb_color_bb5_in(v_cnt.0 - 18, v_b, v_cnt.0 - 15, v_g, v_r) [ v_cnt.0 - 3 >= 0 /\ 0 >= 0 /\ 2*v_cnt.0 - 6 >= 0 /\ v_cnt.0 - 6 >= 0 /\ 2*v_cnt.0 - 12 >= 0 /\ v_cnt.0 - 9 >= 0 /\ 2*v_cnt.0 - 18 >= 0 /\ v_cnt.0 - 12 >= 0 /\ 2*v_cnt.0 - 24 >= 0 /\ v_cnt.0 - 15 >= 0 /\ 2*v_cnt.0 - 30 >= 0 /\ v_cnt.0 - 18 >= 0 ]
We thus obtain the following problem:
11:	T:
		(1, 11)    eval_mem_mapped_map_rgb_color_bb1_in(v_20, v_b, v_cnt.0, v_g, v_r) -> eval_mem_mapped_map_rgb_color_bb5_in(v_cnt.0 - 18, v_b, v_cnt.0 - 15, v_g, v_r) [ v_cnt.0 - 3 >= 0 /\ 0 >= 0 /\ 2*v_cnt.0 - 6 >= 0 /\ v_cnt.0 - 6 >= 0 /\ 2*v_cnt.0 - 12 >= 0 /\ v_cnt.0 - 9 >= 0 /\ 2*v_cnt.0 - 18 >= 0 /\ v_cnt.0 - 12 >= 0 /\ 2*v_cnt.0 - 24 >= 0 /\ v_cnt.0 - 15 >= 0 /\ 2*v_cnt.0 - 30 >= 0 /\ v_cnt.0 - 18 >= 0 ]
		(?, 2)     eval_mem_mapped_map_rgb_color_bb5_in(v_20, v_b, v_cnt.0, v_g, v_r) -> eval_mem_mapped_map_rgb_color_bb5_in(v_20 - 3, v_b, v_20, v_g, v_r) [ v_20 - v_cnt.0 + 3 >= 0 /\ v_cnt.0 - 3 >= 0 /\ v_20 + v_cnt.0 - 3 >= 0 /\ -v_20 + v_cnt.0 - 3 >= 0 /\ v_20 >= 0 /\ v_20 - 3 >= 0 ]
		(1, 1)     eval_mem_mapped_map_rgb_color_bb0_in(v_20, v_b, v_cnt.0, v_g, v_r) -> eval_mem_mapped_map_rgb_color_bb1_in(v_20, v_b, nondef.3, v_g, v_r)
		(1, 1)     eval_mem_mapped_map_rgb_color_start(v_20, v_b, v_cnt.0, v_g, v_r) -> eval_mem_mapped_map_rgb_color_bb0_in(v_20, v_b, v_cnt.0, v_g, v_r)
	start location:	eval_mem_mapped_map_rgb_color_start
	leaf cost:	3

By chaining the transition eval_mem_mapped_map_rgb_color_bb1_in(v_20, v_b, v_cnt.0, v_g, v_r) -> eval_mem_mapped_map_rgb_color_bb5_in(v_cnt.0 - 18, v_b, v_cnt.0 - 15, v_g, v_r) [ v_cnt.0 - 3 >= 0 /\ 0 >= 0 /\ 2*v_cnt.0 - 6 >= 0 /\ v_cnt.0 - 6 >= 0 /\ 2*v_cnt.0 - 12 >= 0 /\ v_cnt.0 - 9 >= 0 /\ 2*v_cnt.0 - 18 >= 0 /\ v_cnt.0 - 12 >= 0 /\ 2*v_cnt.0 - 24 >= 0 /\ v_cnt.0 - 15 >= 0 /\ 2*v_cnt.0 - 30 >= 0 /\ v_cnt.0 - 18 >= 0 ] with all transitions in problem 11, the following new transition is obtained:
	eval_mem_mapped_map_rgb_color_bb1_in(v_20, v_b, v_cnt.0, v_g, v_r) -> eval_mem_mapped_map_rgb_color_bb5_in(v_cnt.0 - 21, v_b, v_cnt.0 - 18, v_g, v_r) [ v_cnt.0 - 3 >= 0 /\ 0 >= 0 /\ 2*v_cnt.0 - 6 >= 0 /\ v_cnt.0 - 6 >= 0 /\ 2*v_cnt.0 - 12 >= 0 /\ v_cnt.0 - 9 >= 0 /\ 2*v_cnt.0 - 18 >= 0 /\ v_cnt.0 - 12 >= 0 /\ 2*v_cnt.0 - 24 >= 0 /\ v_cnt.0 - 15 >= 0 /\ 2*v_cnt.0 - 30 >= 0 /\ v_cnt.0 - 18 >= 0 /\ 2*v_cnt.0 - 36 >= 0 /\ v_cnt.0 - 21 >= 0 ]
We thus obtain the following problem:
12:	T:
		(1, 13)    eval_mem_mapped_map_rgb_color_bb1_in(v_20, v_b, v_cnt.0, v_g, v_r) -> eval_mem_mapped_map_rgb_color_bb5_in(v_cnt.0 - 21, v_b, v_cnt.0 - 18, v_g, v_r) [ v_cnt.0 - 3 >= 0 /\ 0 >= 0 /\ 2*v_cnt.0 - 6 >= 0 /\ v_cnt.0 - 6 >= 0 /\ 2*v_cnt.0 - 12 >= 0 /\ v_cnt.0 - 9 >= 0 /\ 2*v_cnt.0 - 18 >= 0 /\ v_cnt.0 - 12 >= 0 /\ 2*v_cnt.0 - 24 >= 0 /\ v_cnt.0 - 15 >= 0 /\ 2*v_cnt.0 - 30 >= 0 /\ v_cnt.0 - 18 >= 0 /\ 2*v_cnt.0 - 36 >= 0 /\ v_cnt.0 - 21 >= 0 ]
		(?, 2)     eval_mem_mapped_map_rgb_color_bb5_in(v_20, v_b, v_cnt.0, v_g, v_r) -> eval_mem_mapped_map_rgb_color_bb5_in(v_20 - 3, v_b, v_20, v_g, v_r) [ v_20 - v_cnt.0 + 3 >= 0 /\ v_cnt.0 - 3 >= 0 /\ v_20 + v_cnt.0 - 3 >= 0 /\ -v_20 + v_cnt.0 - 3 >= 0 /\ v_20 >= 0 /\ v_20 - 3 >= 0 ]
		(1, 1)     eval_mem_mapped_map_rgb_color_bb0_in(v_20, v_b, v_cnt.0, v_g, v_r) -> eval_mem_mapped_map_rgb_color_bb1_in(v_20, v_b, nondef.3, v_g, v_r)
		(1, 1)     eval_mem_mapped_map_rgb_color_start(v_20, v_b, v_cnt.0, v_g, v_r) -> eval_mem_mapped_map_rgb_color_bb0_in(v_20, v_b, v_cnt.0, v_g, v_r)
	start location:	eval_mem_mapped_map_rgb_color_start
	leaf cost:	3

By chaining the transition eval_mem_mapped_map_rgb_color_bb1_in(v_20, v_b, v_cnt.0, v_g, v_r) -> eval_mem_mapped_map_rgb_color_bb5_in(v_cnt.0 - 21, v_b, v_cnt.0 - 18, v_g, v_r) [ v_cnt.0 - 3 >= 0 /\ 0 >= 0 /\ 2*v_cnt.0 - 6 >= 0 /\ v_cnt.0 - 6 >= 0 /\ 2*v_cnt.0 - 12 >= 0 /\ v_cnt.0 - 9 >= 0 /\ 2*v_cnt.0 - 18 >= 0 /\ v_cnt.0 - 12 >= 0 /\ 2*v_cnt.0 - 24 >= 0 /\ v_cnt.0 - 15 >= 0 /\ 2*v_cnt.0 - 30 >= 0 /\ v_cnt.0 - 18 >= 0 /\ 2*v_cnt.0 - 36 >= 0 /\ v_cnt.0 - 21 >= 0 ] with all transitions in problem 12, the following new transition is obtained:
	eval_mem_mapped_map_rgb_color_bb1_in(v_20, v_b, v_cnt.0, v_g, v_r) -> eval_mem_mapped_map_rgb_color_bb5_in(v_cnt.0 - 24, v_b, v_cnt.0 - 21, v_g, v_r) [ v_cnt.0 - 3 >= 0 /\ 0 >= 0 /\ 2*v_cnt.0 - 6 >= 0 /\ v_cnt.0 - 6 >= 0 /\ 2*v_cnt.0 - 12 >= 0 /\ v_cnt.0 - 9 >= 0 /\ 2*v_cnt.0 - 18 >= 0 /\ v_cnt.0 - 12 >= 0 /\ 2*v_cnt.0 - 24 >= 0 /\ v_cnt.0 - 15 >= 0 /\ 2*v_cnt.0 - 30 >= 0 /\ v_cnt.0 - 18 >= 0 /\ 2*v_cnt.0 - 36 >= 0 /\ v_cnt.0 - 21 >= 0 /\ 2*v_cnt.0 - 42 >= 0 /\ v_cnt.0 - 24 >= 0 ]
We thus obtain the following problem:
13:	T:
		(1, 15)    eval_mem_mapped_map_rgb_color_bb1_in(v_20, v_b, v_cnt.0, v_g, v_r) -> eval_mem_mapped_map_rgb_color_bb5_in(v_cnt.0 - 24, v_b, v_cnt.0 - 21, v_g, v_r) [ v_cnt.0 - 3 >= 0 /\ 0 >= 0 /\ 2*v_cnt.0 - 6 >= 0 /\ v_cnt.0 - 6 >= 0 /\ 2*v_cnt.0 - 12 >= 0 /\ v_cnt.0 - 9 >= 0 /\ 2*v_cnt.0 - 18 >= 0 /\ v_cnt.0 - 12 >= 0 /\ 2*v_cnt.0 - 24 >= 0 /\ v_cnt.0 - 15 >= 0 /\ 2*v_cnt.0 - 30 >= 0 /\ v_cnt.0 - 18 >= 0 /\ 2*v_cnt.0 - 36 >= 0 /\ v_cnt.0 - 21 >= 0 /\ 2*v_cnt.0 - 42 >= 0 /\ v_cnt.0 - 24 >= 0 ]
		(?, 2)     eval_mem_mapped_map_rgb_color_bb5_in(v_20, v_b, v_cnt.0, v_g, v_r) -> eval_mem_mapped_map_rgb_color_bb5_in(v_20 - 3, v_b, v_20, v_g, v_r) [ v_20 - v_cnt.0 + 3 >= 0 /\ v_cnt.0 - 3 >= 0 /\ v_20 + v_cnt.0 - 3 >= 0 /\ -v_20 + v_cnt.0 - 3 >= 0 /\ v_20 >= 0 /\ v_20 - 3 >= 0 ]
		(1, 1)     eval_mem_mapped_map_rgb_color_bb0_in(v_20, v_b, v_cnt.0, v_g, v_r) -> eval_mem_mapped_map_rgb_color_bb1_in(v_20, v_b, nondef.3, v_g, v_r)
		(1, 1)     eval_mem_mapped_map_rgb_color_start(v_20, v_b, v_cnt.0, v_g, v_r) -> eval_mem_mapped_map_rgb_color_bb0_in(v_20, v_b, v_cnt.0, v_g, v_r)
	start location:	eval_mem_mapped_map_rgb_color_start
	leaf cost:	3

By chaining the transition eval_mem_mapped_map_rgb_color_bb1_in(v_20, v_b, v_cnt.0, v_g, v_r) -> eval_mem_mapped_map_rgb_color_bb5_in(v_cnt.0 - 24, v_b, v_cnt.0 - 21, v_g, v_r) [ v_cnt.0 - 3 >= 0 /\ 0 >= 0 /\ 2*v_cnt.0 - 6 >= 0 /\ v_cnt.0 - 6 >= 0 /\ 2*v_cnt.0 - 12 >= 0 /\ v_cnt.0 - 9 >= 0 /\ 2*v_cnt.0 - 18 >= 0 /\ v_cnt.0 - 12 >= 0 /\ 2*v_cnt.0 - 24 >= 0 /\ v_cnt.0 - 15 >= 0 /\ 2*v_cnt.0 - 30 >= 0 /\ v_cnt.0 - 18 >= 0 /\ 2*v_cnt.0 - 36 >= 0 /\ v_cnt.0 - 21 >= 0 /\ 2*v_cnt.0 - 42 >= 0 /\ v_cnt.0 - 24 >= 0 ] with all transitions in problem 13, the following new transition is obtained:
	eval_mem_mapped_map_rgb_color_bb1_in(v_20, v_b, v_cnt.0, v_g, v_r) -> eval_mem_mapped_map_rgb_color_bb5_in(v_cnt.0 - 27, v_b, v_cnt.0 - 24, v_g, v_r) [ v_cnt.0 - 3 >= 0 /\ 0 >= 0 /\ 2*v_cnt.0 - 6 >= 0 /\ v_cnt.0 - 6 >= 0 /\ 2*v_cnt.0 - 12 >= 0 /\ v_cnt.0 - 9 >= 0 /\ 2*v_cnt.0 - 18 >= 0 /\ v_cnt.0 - 12 >= 0 /\ 2*v_cnt.0 - 24 >= 0 /\ v_cnt.0 - 15 >= 0 /\ 2*v_cnt.0 - 30 >= 0 /\ v_cnt.0 - 18 >= 0 /\ 2*v_cnt.0 - 36 >= 0 /\ v_cnt.0 - 21 >= 0 /\ 2*v_cnt.0 - 42 >= 0 /\ v_cnt.0 - 24 >= 0 /\ 2*v_cnt.0 - 48 >= 0 /\ v_cnt.0 - 27 >= 0 ]
We thus obtain the following problem:
14:	T:
		(1, 17)    eval_mem_mapped_map_rgb_color_bb1_in(v_20, v_b, v_cnt.0, v_g, v_r) -> eval_mem_mapped_map_rgb_color_bb5_in(v_cnt.0 - 27, v_b, v_cnt.0 - 24, v_g, v_r) [ v_cnt.0 - 3 >= 0 /\ 0 >= 0 /\ 2*v_cnt.0 - 6 >= 0 /\ v_cnt.0 - 6 >= 0 /\ 2*v_cnt.0 - 12 >= 0 /\ v_cnt.0 - 9 >= 0 /\ 2*v_cnt.0 - 18 >= 0 /\ v_cnt.0 - 12 >= 0 /\ 2*v_cnt.0 - 24 >= 0 /\ v_cnt.0 - 15 >= 0 /\ 2*v_cnt.0 - 30 >= 0 /\ v_cnt.0 - 18 >= 0 /\ 2*v_cnt.0 - 36 >= 0 /\ v_cnt.0 - 21 >= 0 /\ 2*v_cnt.0 - 42 >= 0 /\ v_cnt.0 - 24 >= 0 /\ 2*v_cnt.0 - 48 >= 0 /\ v_cnt.0 - 27 >= 0 ]
		(?, 2)     eval_mem_mapped_map_rgb_color_bb5_in(v_20, v_b, v_cnt.0, v_g, v_r) -> eval_mem_mapped_map_rgb_color_bb5_in(v_20 - 3, v_b, v_20, v_g, v_r) [ v_20 - v_cnt.0 + 3 >= 0 /\ v_cnt.0 - 3 >= 0 /\ v_20 + v_cnt.0 - 3 >= 0 /\ -v_20 + v_cnt.0 - 3 >= 0 /\ v_20 >= 0 /\ v_20 - 3 >= 0 ]
		(1, 1)     eval_mem_mapped_map_rgb_color_bb0_in(v_20, v_b, v_cnt.0, v_g, v_r) -> eval_mem_mapped_map_rgb_color_bb1_in(v_20, v_b, nondef.3, v_g, v_r)
		(1, 1)     eval_mem_mapped_map_rgb_color_start(v_20, v_b, v_cnt.0, v_g, v_r) -> eval_mem_mapped_map_rgb_color_bb0_in(v_20, v_b, v_cnt.0, v_g, v_r)
	start location:	eval_mem_mapped_map_rgb_color_start
	leaf cost:	3

By chaining the transition eval_mem_mapped_map_rgb_color_bb1_in(v_20, v_b, v_cnt.0, v_g, v_r) -> eval_mem_mapped_map_rgb_color_bb5_in(v_cnt.0 - 27, v_b, v_cnt.0 - 24, v_g, v_r) [ v_cnt.0 - 3 >= 0 /\ 0 >= 0 /\ 2*v_cnt.0 - 6 >= 0 /\ v_cnt.0 - 6 >= 0 /\ 2*v_cnt.0 - 12 >= 0 /\ v_cnt.0 - 9 >= 0 /\ 2*v_cnt.0 - 18 >= 0 /\ v_cnt.0 - 12 >= 0 /\ 2*v_cnt.0 - 24 >= 0 /\ v_cnt.0 - 15 >= 0 /\ 2*v_cnt.0 - 30 >= 0 /\ v_cnt.0 - 18 >= 0 /\ 2*v_cnt.0 - 36 >= 0 /\ v_cnt.0 - 21 >= 0 /\ 2*v_cnt.0 - 42 >= 0 /\ v_cnt.0 - 24 >= 0 /\ 2*v_cnt.0 - 48 >= 0 /\ v_cnt.0 - 27 >= 0 ] with all transitions in problem 14, the following new transition is obtained:
	eval_mem_mapped_map_rgb_color_bb1_in(v_20, v_b, v_cnt.0, v_g, v_r) -> eval_mem_mapped_map_rgb_color_bb5_in(v_cnt.0 - 30, v_b, v_cnt.0 - 27, v_g, v_r) [ v_cnt.0 - 3 >= 0 /\ 0 >= 0 /\ 2*v_cnt.0 - 6 >= 0 /\ v_cnt.0 - 6 >= 0 /\ 2*v_cnt.0 - 12 >= 0 /\ v_cnt.0 - 9 >= 0 /\ 2*v_cnt.0 - 18 >= 0 /\ v_cnt.0 - 12 >= 0 /\ 2*v_cnt.0 - 24 >= 0 /\ v_cnt.0 - 15 >= 0 /\ 2*v_cnt.0 - 30 >= 0 /\ v_cnt.0 - 18 >= 0 /\ 2*v_cnt.0 - 36 >= 0 /\ v_cnt.0 - 21 >= 0 /\ 2*v_cnt.0 - 42 >= 0 /\ v_cnt.0 - 24 >= 0 /\ 2*v_cnt.0 - 48 >= 0 /\ v_cnt.0 - 27 >= 0 /\ 2*v_cnt.0 - 54 >= 0 /\ v_cnt.0 - 30 >= 0 ]
We thus obtain the following problem:
15:	T:
		(1, 19)    eval_mem_mapped_map_rgb_color_bb1_in(v_20, v_b, v_cnt.0, v_g, v_r) -> eval_mem_mapped_map_rgb_color_bb5_in(v_cnt.0 - 30, v_b, v_cnt.0 - 27, v_g, v_r) [ v_cnt.0 - 3 >= 0 /\ 0 >= 0 /\ 2*v_cnt.0 - 6 >= 0 /\ v_cnt.0 - 6 >= 0 /\ 2*v_cnt.0 - 12 >= 0 /\ v_cnt.0 - 9 >= 0 /\ 2*v_cnt.0 - 18 >= 0 /\ v_cnt.0 - 12 >= 0 /\ 2*v_cnt.0 - 24 >= 0 /\ v_cnt.0 - 15 >= 0 /\ 2*v_cnt.0 - 30 >= 0 /\ v_cnt.0 - 18 >= 0 /\ 2*v_cnt.0 - 36 >= 0 /\ v_cnt.0 - 21 >= 0 /\ 2*v_cnt.0 - 42 >= 0 /\ v_cnt.0 - 24 >= 0 /\ 2*v_cnt.0 - 48 >= 0 /\ v_cnt.0 - 27 >= 0 /\ 2*v_cnt.0 - 54 >= 0 /\ v_cnt.0 - 30 >= 0 ]
		(?, 2)     eval_mem_mapped_map_rgb_color_bb5_in(v_20, v_b, v_cnt.0, v_g, v_r) -> eval_mem_mapped_map_rgb_color_bb5_in(v_20 - 3, v_b, v_20, v_g, v_r) [ v_20 - v_cnt.0 + 3 >= 0 /\ v_cnt.0 - 3 >= 0 /\ v_20 + v_cnt.0 - 3 >= 0 /\ -v_20 + v_cnt.0 - 3 >= 0 /\ v_20 >= 0 /\ v_20 - 3 >= 0 ]
		(1, 1)     eval_mem_mapped_map_rgb_color_bb0_in(v_20, v_b, v_cnt.0, v_g, v_r) -> eval_mem_mapped_map_rgb_color_bb1_in(v_20, v_b, nondef.3, v_g, v_r)
		(1, 1)     eval_mem_mapped_map_rgb_color_start(v_20, v_b, v_cnt.0, v_g, v_r) -> eval_mem_mapped_map_rgb_color_bb0_in(v_20, v_b, v_cnt.0, v_g, v_r)
	start location:	eval_mem_mapped_map_rgb_color_start
	leaf cost:	3

By chaining the transition eval_mem_mapped_map_rgb_color_bb1_in(v_20, v_b, v_cnt.0, v_g, v_r) -> eval_mem_mapped_map_rgb_color_bb5_in(v_cnt.0 - 30, v_b, v_cnt.0 - 27, v_g, v_r) [ v_cnt.0 - 3 >= 0 /\ 0 >= 0 /\ 2*v_cnt.0 - 6 >= 0 /\ v_cnt.0 - 6 >= 0 /\ 2*v_cnt.0 - 12 >= 0 /\ v_cnt.0 - 9 >= 0 /\ 2*v_cnt.0 - 18 >= 0 /\ v_cnt.0 - 12 >= 0 /\ 2*v_cnt.0 - 24 >= 0 /\ v_cnt.0 - 15 >= 0 /\ 2*v_cnt.0 - 30 >= 0 /\ v_cnt.0 - 18 >= 0 /\ 2*v_cnt.0 - 36 >= 0 /\ v_cnt.0 - 21 >= 0 /\ 2*v_cnt.0 - 42 >= 0 /\ v_cnt.0 - 24 >= 0 /\ 2*v_cnt.0 - 48 >= 0 /\ v_cnt.0 - 27 >= 0 /\ 2*v_cnt.0 - 54 >= 0 /\ v_cnt.0 - 30 >= 0 ] with all transitions in problem 15, the following new transition is obtained:
	eval_mem_mapped_map_rgb_color_bb1_in(v_20, v_b, v_cnt.0, v_g, v_r) -> eval_mem_mapped_map_rgb_color_bb5_in(v_cnt.0 - 33, v_b, v_cnt.0 - 30, v_g, v_r) [ v_cnt.0 - 3 >= 0 /\ 0 >= 0 /\ 2*v_cnt.0 - 6 >= 0 /\ v_cnt.0 - 6 >= 0 /\ 2*v_cnt.0 - 12 >= 0 /\ v_cnt.0 - 9 >= 0 /\ 2*v_cnt.0 - 18 >= 0 /\ v_cnt.0 - 12 >= 0 /\ 2*v_cnt.0 - 24 >= 0 /\ v_cnt.0 - 15 >= 0 /\ 2*v_cnt.0 - 30 >= 0 /\ v_cnt.0 - 18 >= 0 /\ 2*v_cnt.0 - 36 >= 0 /\ v_cnt.0 - 21 >= 0 /\ 2*v_cnt.0 - 42 >= 0 /\ v_cnt.0 - 24 >= 0 /\ 2*v_cnt.0 - 48 >= 0 /\ v_cnt.0 - 27 >= 0 /\ 2*v_cnt.0 - 54 >= 0 /\ v_cnt.0 - 30 >= 0 /\ 2*v_cnt.0 - 60 >= 0 /\ v_cnt.0 - 33 >= 0 ]
We thus obtain the following problem:
16:	T:
		(1, 21)    eval_mem_mapped_map_rgb_color_bb1_in(v_20, v_b, v_cnt.0, v_g, v_r) -> eval_mem_mapped_map_rgb_color_bb5_in(v_cnt.0 - 33, v_b, v_cnt.0 - 30, v_g, v_r) [ v_cnt.0 - 3 >= 0 /\ 0 >= 0 /\ 2*v_cnt.0 - 6 >= 0 /\ v_cnt.0 - 6 >= 0 /\ 2*v_cnt.0 - 12 >= 0 /\ v_cnt.0 - 9 >= 0 /\ 2*v_cnt.0 - 18 >= 0 /\ v_cnt.0 - 12 >= 0 /\ 2*v_cnt.0 - 24 >= 0 /\ v_cnt.0 - 15 >= 0 /\ 2*v_cnt.0 - 30 >= 0 /\ v_cnt.0 - 18 >= 0 /\ 2*v_cnt.0 - 36 >= 0 /\ v_cnt.0 - 21 >= 0 /\ 2*v_cnt.0 - 42 >= 0 /\ v_cnt.0 - 24 >= 0 /\ 2*v_cnt.0 - 48 >= 0 /\ v_cnt.0 - 27 >= 0 /\ 2*v_cnt.0 - 54 >= 0 /\ v_cnt.0 - 30 >= 0 /\ 2*v_cnt.0 - 60 >= 0 /\ v_cnt.0 - 33 >= 0 ]
		(?, 2)     eval_mem_mapped_map_rgb_color_bb5_in(v_20, v_b, v_cnt.0, v_g, v_r) -> eval_mem_mapped_map_rgb_color_bb5_in(v_20 - 3, v_b, v_20, v_g, v_r) [ v_20 - v_cnt.0 + 3 >= 0 /\ v_cnt.0 - 3 >= 0 /\ v_20 + v_cnt.0 - 3 >= 0 /\ -v_20 + v_cnt.0 - 3 >= 0 /\ v_20 >= 0 /\ v_20 - 3 >= 0 ]
		(1, 1)     eval_mem_mapped_map_rgb_color_bb0_in(v_20, v_b, v_cnt.0, v_g, v_r) -> eval_mem_mapped_map_rgb_color_bb1_in(v_20, v_b, nondef.3, v_g, v_r)
		(1, 1)     eval_mem_mapped_map_rgb_color_start(v_20, v_b, v_cnt.0, v_g, v_r) -> eval_mem_mapped_map_rgb_color_bb0_in(v_20, v_b, v_cnt.0, v_g, v_r)
	start location:	eval_mem_mapped_map_rgb_color_start
	leaf cost:	3

By chaining the transition eval_mem_mapped_map_rgb_color_bb1_in(v_20, v_b, v_cnt.0, v_g, v_r) -> eval_mem_mapped_map_rgb_color_bb5_in(v_cnt.0 - 33, v_b, v_cnt.0 - 30, v_g, v_r) [ v_cnt.0 - 3 >= 0 /\ 0 >= 0 /\ 2*v_cnt.0 - 6 >= 0 /\ v_cnt.0 - 6 >= 0 /\ 2*v_cnt.0 - 12 >= 0 /\ v_cnt.0 - 9 >= 0 /\ 2*v_cnt.0 - 18 >= 0 /\ v_cnt.0 - 12 >= 0 /\ 2*v_cnt.0 - 24 >= 0 /\ v_cnt.0 - 15 >= 0 /\ 2*v_cnt.0 - 30 >= 0 /\ v_cnt.0 - 18 >= 0 /\ 2*v_cnt.0 - 36 >= 0 /\ v_cnt.0 - 21 >= 0 /\ 2*v_cnt.0 - 42 >= 0 /\ v_cnt.0 - 24 >= 0 /\ 2*v_cnt.0 - 48 >= 0 /\ v_cnt.0 - 27 >= 0 /\ 2*v_cnt.0 - 54 >= 0 /\ v_cnt.0 - 30 >= 0 /\ 2*v_cnt.0 - 60 >= 0 /\ v_cnt.0 - 33 >= 0 ] with all transitions in problem 16, the following new transition is obtained:
	eval_mem_mapped_map_rgb_color_bb1_in(v_20, v_b, v_cnt.0, v_g, v_r) -> eval_mem_mapped_map_rgb_color_bb5_in(v_cnt.0 - 36, v_b, v_cnt.0 - 33, v_g, v_r) [ v_cnt.0 - 3 >= 0 /\ 0 >= 0 /\ 2*v_cnt.0 - 6 >= 0 /\ v_cnt.0 - 6 >= 0 /\ 2*v_cnt.0 - 12 >= 0 /\ v_cnt.0 - 9 >= 0 /\ 2*v_cnt.0 - 18 >= 0 /\ v_cnt.0 - 12 >= 0 /\ 2*v_cnt.0 - 24 >= 0 /\ v_cnt.0 - 15 >= 0 /\ 2*v_cnt.0 - 30 >= 0 /\ v_cnt.0 - 18 >= 0 /\ 2*v_cnt.0 - 36 >= 0 /\ v_cnt.0 - 21 >= 0 /\ 2*v_cnt.0 - 42 >= 0 /\ v_cnt.0 - 24 >= 0 /\ 2*v_cnt.0 - 48 >= 0 /\ v_cnt.0 - 27 >= 0 /\ 2*v_cnt.0 - 54 >= 0 /\ v_cnt.0 - 30 >= 0 /\ 2*v_cnt.0 - 60 >= 0 /\ v_cnt.0 - 33 >= 0 /\ 2*v_cnt.0 - 66 >= 0 /\ v_cnt.0 - 36 >= 0 ]
We thus obtain the following problem:
17:	T:
		(1, 23)    eval_mem_mapped_map_rgb_color_bb1_in(v_20, v_b, v_cnt.0, v_g, v_r) -> eval_mem_mapped_map_rgb_color_bb5_in(v_cnt.0 - 36, v_b, v_cnt.0 - 33, v_g, v_r) [ v_cnt.0 - 3 >= 0 /\ 0 >= 0 /\ 2*v_cnt.0 - 6 >= 0 /\ v_cnt.0 - 6 >= 0 /\ 2*v_cnt.0 - 12 >= 0 /\ v_cnt.0 - 9 >= 0 /\ 2*v_cnt.0 - 18 >= 0 /\ v_cnt.0 - 12 >= 0 /\ 2*v_cnt.0 - 24 >= 0 /\ v_cnt.0 - 15 >= 0 /\ 2*v_cnt.0 - 30 >= 0 /\ v_cnt.0 - 18 >= 0 /\ 2*v_cnt.0 - 36 >= 0 /\ v_cnt.0 - 21 >= 0 /\ 2*v_cnt.0 - 42 >= 0 /\ v_cnt.0 - 24 >= 0 /\ 2*v_cnt.0 - 48 >= 0 /\ v_cnt.0 - 27 >= 0 /\ 2*v_cnt.0 - 54 >= 0 /\ v_cnt.0 - 30 >= 0 /\ 2*v_cnt.0 - 60 >= 0 /\ v_cnt.0 - 33 >= 0 /\ 2*v_cnt.0 - 66 >= 0 /\ v_cnt.0 - 36 >= 0 ]
		(?, 2)     eval_mem_mapped_map_rgb_color_bb5_in(v_20, v_b, v_cnt.0, v_g, v_r) -> eval_mem_mapped_map_rgb_color_bb5_in(v_20 - 3, v_b, v_20, v_g, v_r) [ v_20 - v_cnt.0 + 3 >= 0 /\ v_cnt.0 - 3 >= 0 /\ v_20 + v_cnt.0 - 3 >= 0 /\ -v_20 + v_cnt.0 - 3 >= 0 /\ v_20 >= 0 /\ v_20 - 3 >= 0 ]
		(1, 1)     eval_mem_mapped_map_rgb_color_bb0_in(v_20, v_b, v_cnt.0, v_g, v_r) -> eval_mem_mapped_map_rgb_color_bb1_in(v_20, v_b, nondef.3, v_g, v_r)
		(1, 1)     eval_mem_mapped_map_rgb_color_start(v_20, v_b, v_cnt.0, v_g, v_r) -> eval_mem_mapped_map_rgb_color_bb0_in(v_20, v_b, v_cnt.0, v_g, v_r)
	start location:	eval_mem_mapped_map_rgb_color_start
	leaf cost:	3

By chaining the transition eval_mem_mapped_map_rgb_color_bb1_in(v_20, v_b, v_cnt.0, v_g, v_r) -> eval_mem_mapped_map_rgb_color_bb5_in(v_cnt.0 - 36, v_b, v_cnt.0 - 33, v_g, v_r) [ v_cnt.0 - 3 >= 0 /\ 0 >= 0 /\ 2*v_cnt.0 - 6 >= 0 /\ v_cnt.0 - 6 >= 0 /\ 2*v_cnt.0 - 12 >= 0 /\ v_cnt.0 - 9 >= 0 /\ 2*v_cnt.0 - 18 >= 0 /\ v_cnt.0 - 12 >= 0 /\ 2*v_cnt.0 - 24 >= 0 /\ v_cnt.0 - 15 >= 0 /\ 2*v_cnt.0 - 30 >= 0 /\ v_cnt.0 - 18 >= 0 /\ 2*v_cnt.0 - 36 >= 0 /\ v_cnt.0 - 21 >= 0 /\ 2*v_cnt.0 - 42 >= 0 /\ v_cnt.0 - 24 >= 0 /\ 2*v_cnt.0 - 48 >= 0 /\ v_cnt.0 - 27 >= 0 /\ 2*v_cnt.0 - 54 >= 0 /\ v_cnt.0 - 30 >= 0 /\ 2*v_cnt.0 - 60 >= 0 /\ v_cnt.0 - 33 >= 0 /\ 2*v_cnt.0 - 66 >= 0 /\ v_cnt.0 - 36 >= 0 ] with all transitions in problem 17, the following new transition is obtained:
	eval_mem_mapped_map_rgb_color_bb1_in(v_20, v_b, v_cnt.0, v_g, v_r) -> eval_mem_mapped_map_rgb_color_bb5_in(v_cnt.0 - 39, v_b, v_cnt.0 - 36, v_g, v_r) [ v_cnt.0 - 3 >= 0 /\ 0 >= 0 /\ 2*v_cnt.0 - 6 >= 0 /\ v_cnt.0 - 6 >= 0 /\ 2*v_cnt.0 - 12 >= 0 /\ v_cnt.0 - 9 >= 0 /\ 2*v_cnt.0 - 18 >= 0 /\ v_cnt.0 - 12 >= 0 /\ 2*v_cnt.0 - 24 >= 0 /\ v_cnt.0 - 15 >= 0 /\ 2*v_cnt.0 - 30 >= 0 /\ v_cnt.0 - 18 >= 0 /\ 2*v_cnt.0 - 36 >= 0 /\ v_cnt.0 - 21 >= 0 /\ 2*v_cnt.0 - 42 >= 0 /\ v_cnt.0 - 24 >= 0 /\ 2*v_cnt.0 - 48 >= 0 /\ v_cnt.0 - 27 >= 0 /\ 2*v_cnt.0 - 54 >= 0 /\ v_cnt.0 - 30 >= 0 /\ 2*v_cnt.0 - 60 >= 0 /\ v_cnt.0 - 33 >= 0 /\ 2*v_cnt.0 - 66 >= 0 /\ v_cnt.0 - 36 >= 0 /\ 2*v_cnt.0 - 72 >= 0 /\ v_cnt.0 - 39 >= 0 ]
We thus obtain the following problem:
18:	T:
		(1, 25)    eval_mem_mapped_map_rgb_color_bb1_in(v_20, v_b, v_cnt.0, v_g, v_r) -> eval_mem_mapped_map_rgb_color_bb5_in(v_cnt.0 - 39, v_b, v_cnt.0 - 36, v_g, v_r) [ v_cnt.0 - 3 >= 0 /\ 0 >= 0 /\ 2*v_cnt.0 - 6 >= 0 /\ v_cnt.0 - 6 >= 0 /\ 2*v_cnt.0 - 12 >= 0 /\ v_cnt.0 - 9 >= 0 /\ 2*v_cnt.0 - 18 >= 0 /\ v_cnt.0 - 12 >= 0 /\ 2*v_cnt.0 - 24 >= 0 /\ v_cnt.0 - 15 >= 0 /\ 2*v_cnt.0 - 30 >= 0 /\ v_cnt.0 - 18 >= 0 /\ 2*v_cnt.0 - 36 >= 0 /\ v_cnt.0 - 21 >= 0 /\ 2*v_cnt.0 - 42 >= 0 /\ v_cnt.0 - 24 >= 0 /\ 2*v_cnt.0 - 48 >= 0 /\ v_cnt.0 - 27 >= 0 /\ 2*v_cnt.0 - 54 >= 0 /\ v_cnt.0 - 30 >= 0 /\ 2*v_cnt.0 - 60 >= 0 /\ v_cnt.0 - 33 >= 0 /\ 2*v_cnt.0 - 66 >= 0 /\ v_cnt.0 - 36 >= 0 /\ 2*v_cnt.0 - 72 >= 0 /\ v_cnt.0 - 39 >= 0 ]
		(?, 2)     eval_mem_mapped_map_rgb_color_bb5_in(v_20, v_b, v_cnt.0, v_g, v_r) -> eval_mem_mapped_map_rgb_color_bb5_in(v_20 - 3, v_b, v_20, v_g, v_r) [ v_20 - v_cnt.0 + 3 >= 0 /\ v_cnt.0 - 3 >= 0 /\ v_20 + v_cnt.0 - 3 >= 0 /\ -v_20 + v_cnt.0 - 3 >= 0 /\ v_20 >= 0 /\ v_20 - 3 >= 0 ]
		(1, 1)     eval_mem_mapped_map_rgb_color_bb0_in(v_20, v_b, v_cnt.0, v_g, v_r) -> eval_mem_mapped_map_rgb_color_bb1_in(v_20, v_b, nondef.3, v_g, v_r)
		(1, 1)     eval_mem_mapped_map_rgb_color_start(v_20, v_b, v_cnt.0, v_g, v_r) -> eval_mem_mapped_map_rgb_color_bb0_in(v_20, v_b, v_cnt.0, v_g, v_r)
	start location:	eval_mem_mapped_map_rgb_color_start
	leaf cost:	3

By chaining the transition eval_mem_mapped_map_rgb_color_bb1_in(v_20, v_b, v_cnt.0, v_g, v_r) -> eval_mem_mapped_map_rgb_color_bb5_in(v_cnt.0 - 39, v_b, v_cnt.0 - 36, v_g, v_r) [ v_cnt.0 - 3 >= 0 /\ 0 >= 0 /\ 2*v_cnt.0 - 6 >= 0 /\ v_cnt.0 - 6 >= 0 /\ 2*v_cnt.0 - 12 >= 0 /\ v_cnt.0 - 9 >= 0 /\ 2*v_cnt.0 - 18 >= 0 /\ v_cnt.0 - 12 >= 0 /\ 2*v_cnt.0 - 24 >= 0 /\ v_cnt.0 - 15 >= 0 /\ 2*v_cnt.0 - 30 >= 0 /\ v_cnt.0 - 18 >= 0 /\ 2*v_cnt.0 - 36 >= 0 /\ v_cnt.0 - 21 >= 0 /\ 2*v_cnt.0 - 42 >= 0 /\ v_cnt.0 - 24 >= 0 /\ 2*v_cnt.0 - 48 >= 0 /\ v_cnt.0 - 27 >= 0 /\ 2*v_cnt.0 - 54 >= 0 /\ v_cnt.0 - 30 >= 0 /\ 2*v_cnt.0 - 60 >= 0 /\ v_cnt.0 - 33 >= 0 /\ 2*v_cnt.0 - 66 >= 0 /\ v_cnt.0 - 36 >= 0 /\ 2*v_cnt.0 - 72 >= 0 /\ v_cnt.0 - 39 >= 0 ] with all transitions in problem 18, the following new transition is obtained:
	eval_mem_mapped_map_rgb_color_bb1_in(v_20, v_b, v_cnt.0, v_g, v_r) -> eval_mem_mapped_map_rgb_color_bb5_in(v_cnt.0 - 42, v_b, v_cnt.0 - 39, v_g, v_r) [ v_cnt.0 - 3 >= 0 /\ 0 >= 0 /\ 2*v_cnt.0 - 6 >= 0 /\ v_cnt.0 - 6 >= 0 /\ 2*v_cnt.0 - 12 >= 0 /\ v_cnt.0 - 9 >= 0 /\ 2*v_cnt.0 - 18 >= 0 /\ v_cnt.0 - 12 >= 0 /\ 2*v_cnt.0 - 24 >= 0 /\ v_cnt.0 - 15 >= 0 /\ 2*v_cnt.0 - 30 >= 0 /\ v_cnt.0 - 18 >= 0 /\ 2*v_cnt.0 - 36 >= 0 /\ v_cnt.0 - 21 >= 0 /\ 2*v_cnt.0 - 42 >= 0 /\ v_cnt.0 - 24 >= 0 /\ 2*v_cnt.0 - 48 >= 0 /\ v_cnt.0 - 27 >= 0 /\ 2*v_cnt.0 - 54 >= 0 /\ v_cnt.0 - 30 >= 0 /\ 2*v_cnt.0 - 60 >= 0 /\ v_cnt.0 - 33 >= 0 /\ 2*v_cnt.0 - 66 >= 0 /\ v_cnt.0 - 36 >= 0 /\ 2*v_cnt.0 - 72 >= 0 /\ v_cnt.0 - 39 >= 0 /\ 2*v_cnt.0 - 78 >= 0 /\ v_cnt.0 - 42 >= 0 ]
We thus obtain the following problem:
19:	T:
		(1, 27)    eval_mem_mapped_map_rgb_color_bb1_in(v_20, v_b, v_cnt.0, v_g, v_r) -> eval_mem_mapped_map_rgb_color_bb5_in(v_cnt.0 - 42, v_b, v_cnt.0 - 39, v_g, v_r) [ v_cnt.0 - 3 >= 0 /\ 0 >= 0 /\ 2*v_cnt.0 - 6 >= 0 /\ v_cnt.0 - 6 >= 0 /\ 2*v_cnt.0 - 12 >= 0 /\ v_cnt.0 - 9 >= 0 /\ 2*v_cnt.0 - 18 >= 0 /\ v_cnt.0 - 12 >= 0 /\ 2*v_cnt.0 - 24 >= 0 /\ v_cnt.0 - 15 >= 0 /\ 2*v_cnt.0 - 30 >= 0 /\ v_cnt.0 - 18 >= 0 /\ 2*v_cnt.0 - 36 >= 0 /\ v_cnt.0 - 21 >= 0 /\ 2*v_cnt.0 - 42 >= 0 /\ v_cnt.0 - 24 >= 0 /\ 2*v_cnt.0 - 48 >= 0 /\ v_cnt.0 - 27 >= 0 /\ 2*v_cnt.0 - 54 >= 0 /\ v_cnt.0 - 30 >= 0 /\ 2*v_cnt.0 - 60 >= 0 /\ v_cnt.0 - 33 >= 0 /\ 2*v_cnt.0 - 66 >= 0 /\ v_cnt.0 - 36 >= 0 /\ 2*v_cnt.0 - 72 >= 0 /\ v_cnt.0 - 39 >= 0 /\ 2*v_cnt.0 - 78 >= 0 /\ v_cnt.0 - 42 >= 0 ]
		(?, 2)     eval_mem_mapped_map_rgb_color_bb5_in(v_20, v_b, v_cnt.0, v_g, v_r) -> eval_mem_mapped_map_rgb_color_bb5_in(v_20 - 3, v_b, v_20, v_g, v_r) [ v_20 - v_cnt.0 + 3 >= 0 /\ v_cnt.0 - 3 >= 0 /\ v_20 + v_cnt.0 - 3 >= 0 /\ -v_20 + v_cnt.0 - 3 >= 0 /\ v_20 >= 0 /\ v_20 - 3 >= 0 ]
		(1, 1)     eval_mem_mapped_map_rgb_color_bb0_in(v_20, v_b, v_cnt.0, v_g, v_r) -> eval_mem_mapped_map_rgb_color_bb1_in(v_20, v_b, nondef.3, v_g, v_r)
		(1, 1)     eval_mem_mapped_map_rgb_color_start(v_20, v_b, v_cnt.0, v_g, v_r) -> eval_mem_mapped_map_rgb_color_bb0_in(v_20, v_b, v_cnt.0, v_g, v_r)
	start location:	eval_mem_mapped_map_rgb_color_start
	leaf cost:	3

By chaining the transition eval_mem_mapped_map_rgb_color_bb1_in(v_20, v_b, v_cnt.0, v_g, v_r) -> eval_mem_mapped_map_rgb_color_bb5_in(v_cnt.0 - 42, v_b, v_cnt.0 - 39, v_g, v_r) [ v_cnt.0 - 3 >= 0 /\ 0 >= 0 /\ 2*v_cnt.0 - 6 >= 0 /\ v_cnt.0 - 6 >= 0 /\ 2*v_cnt.0 - 12 >= 0 /\ v_cnt.0 - 9 >= 0 /\ 2*v_cnt.0 - 18 >= 0 /\ v_cnt.0 - 12 >= 0 /\ 2*v_cnt.0 - 24 >= 0 /\ v_cnt.0 - 15 >= 0 /\ 2*v_cnt.0 - 30 >= 0 /\ v_cnt.0 - 18 >= 0 /\ 2*v_cnt.0 - 36 >= 0 /\ v_cnt.0 - 21 >= 0 /\ 2*v_cnt.0 - 42 >= 0 /\ v_cnt.0 - 24 >= 0 /\ 2*v_cnt.0 - 48 >= 0 /\ v_cnt.0 - 27 >= 0 /\ 2*v_cnt.0 - 54 >= 0 /\ v_cnt.0 - 30 >= 0 /\ 2*v_cnt.0 - 60 >= 0 /\ v_cnt.0 - 33 >= 0 /\ 2*v_cnt.0 - 66 >= 0 /\ v_cnt.0 - 36 >= 0 /\ 2*v_cnt.0 - 72 >= 0 /\ v_cnt.0 - 39 >= 0 /\ 2*v_cnt.0 - 78 >= 0 /\ v_cnt.0 - 42 >= 0 ] with all transitions in problem 19, the following new transition is obtained:
	eval_mem_mapped_map_rgb_color_bb1_in(v_20, v_b, v_cnt.0, v_g, v_r) -> eval_mem_mapped_map_rgb_color_bb5_in(v_cnt.0 - 45, v_b, v_cnt.0 - 42, v_g, v_r) [ v_cnt.0 - 3 >= 0 /\ 0 >= 0 /\ 2*v_cnt.0 - 6 >= 0 /\ v_cnt.0 - 6 >= 0 /\ 2*v_cnt.0 - 12 >= 0 /\ v_cnt.0 - 9 >= 0 /\ 2*v_cnt.0 - 18 >= 0 /\ v_cnt.0 - 12 >= 0 /\ 2*v_cnt.0 - 24 >= 0 /\ v_cnt.0 - 15 >= 0 /\ 2*v_cnt.0 - 30 >= 0 /\ v_cnt.0 - 18 >= 0 /\ 2*v_cnt.0 - 36 >= 0 /\ v_cnt.0 - 21 >= 0 /\ 2*v_cnt.0 - 42 >= 0 /\ v_cnt.0 - 24 >= 0 /\ 2*v_cnt.0 - 48 >= 0 /\ v_cnt.0 - 27 >= 0 /\ 2*v_cnt.0 - 54 >= 0 /\ v_cnt.0 - 30 >= 0 /\ 2*v_cnt.0 - 60 >= 0 /\ v_cnt.0 - 33 >= 0 /\ 2*v_cnt.0 - 66 >= 0 /\ v_cnt.0 - 36 >= 0 /\ 2*v_cnt.0 - 72 >= 0 /\ v_cnt.0 - 39 >= 0 /\ 2*v_cnt.0 - 78 >= 0 /\ v_cnt.0 - 42 >= 0 /\ 2*v_cnt.0 - 84 >= 0 /\ v_cnt.0 - 45 >= 0 ]
We thus obtain the following problem:
20:	T:
		(1, 29)    eval_mem_mapped_map_rgb_color_bb1_in(v_20, v_b, v_cnt.0, v_g, v_r) -> eval_mem_mapped_map_rgb_color_bb5_in(v_cnt.0 - 45, v_b, v_cnt.0 - 42, v_g, v_r) [ v_cnt.0 - 3 >= 0 /\ 0 >= 0 /\ 2*v_cnt.0 - 6 >= 0 /\ v_cnt.0 - 6 >= 0 /\ 2*v_cnt.0 - 12 >= 0 /\ v_cnt.0 - 9 >= 0 /\ 2*v_cnt.0 - 18 >= 0 /\ v_cnt.0 - 12 >= 0 /\ 2*v_cnt.0 - 24 >= 0 /\ v_cnt.0 - 15 >= 0 /\ 2*v_cnt.0 - 30 >= 0 /\ v_cnt.0 - 18 >= 0 /\ 2*v_cnt.0 - 36 >= 0 /\ v_cnt.0 - 21 >= 0 /\ 2*v_cnt.0 - 42 >= 0 /\ v_cnt.0 - 24 >= 0 /\ 2*v_cnt.0 - 48 >= 0 /\ v_cnt.0 - 27 >= 0 /\ 2*v_cnt.0 - 54 >= 0 /\ v_cnt.0 - 30 >= 0 /\ 2*v_cnt.0 - 60 >= 0 /\ v_cnt.0 - 33 >= 0 /\ 2*v_cnt.0 - 66 >= 0 /\ v_cnt.0 - 36 >= 0 /\ 2*v_cnt.0 - 72 >= 0 /\ v_cnt.0 - 39 >= 0 /\ 2*v_cnt.0 - 78 >= 0 /\ v_cnt.0 - 42 >= 0 /\ 2*v_cnt.0 - 84 >= 0 /\ v_cnt.0 - 45 >= 0 ]
		(?, 2)     eval_mem_mapped_map_rgb_color_bb5_in(v_20, v_b, v_cnt.0, v_g, v_r) -> eval_mem_mapped_map_rgb_color_bb5_in(v_20 - 3, v_b, v_20, v_g, v_r) [ v_20 - v_cnt.0 + 3 >= 0 /\ v_cnt.0 - 3 >= 0 /\ v_20 + v_cnt.0 - 3 >= 0 /\ -v_20 + v_cnt.0 - 3 >= 0 /\ v_20 >= 0 /\ v_20 - 3 >= 0 ]
		(1, 1)     eval_mem_mapped_map_rgb_color_bb0_in(v_20, v_b, v_cnt.0, v_g, v_r) -> eval_mem_mapped_map_rgb_color_bb1_in(v_20, v_b, nondef.3, v_g, v_r)
		(1, 1)     eval_mem_mapped_map_rgb_color_start(v_20, v_b, v_cnt.0, v_g, v_r) -> eval_mem_mapped_map_rgb_color_bb0_in(v_20, v_b, v_cnt.0, v_g, v_r)
	start location:	eval_mem_mapped_map_rgb_color_start
	leaf cost:	3

Complexity upper bound ?

Time: 2.146 sec (SMT: 1.877 sec)
