MAYBE

Initial complexity problem:
1:	T:
		(1, 1)    eval_map_glyph_to_char_start(v_3, v_5, v_ch.0) -> Com_1(eval_map_glyph_to_char_bb0_in(v_3, v_5, v_ch.0))
		(?, 1)    eval_map_glyph_to_char_bb0_in(v_3, v_5, v_ch.0) -> Com_1(eval_map_glyph_to_char_bb1_in(nondef.0, v_5, 0))
		(?, 1)    eval_map_glyph_to_char_bb1_in(v_3, v_5, v_ch.0) -> Com_1(eval_map_glyph_to_char_4(v_3, v_ch.0, v_ch.0)) [ v_ch.0 < v_3 ]
		(?, 1)    eval_map_glyph_to_char_bb1_in(v_3, v_5, v_ch.0) -> Com_1(eval_map_glyph_to_char_bb5_in(v_3, v_5, v_ch.0)) [ v_ch.0 >= v_3 ]
		(?, 1)    eval_map_glyph_to_char_4(v_3, v_5, v_ch.0) -> Com_2(eval_array_get_start(v_3, v_5, v_ch.0), eval_map_glyph_to_char_5(v_3, v_5, v_ch.0))
		(?, 1)    eval_map_glyph_to_char_5(v_3, v_5, v_ch.0) -> Com_2(eval_obj_eq_start(v_3, v_5, v_ch.0), eval_map_glyph_to_char_6(v_3, v_5, v_ch.0))
		(?, 1)    eval_map_glyph_to_char_6(v_3, v_5, v_ch.0) -> Com_1(eval_map_glyph_to_char_bb5_in(v_3, v_5, v_ch.0))
		(?, 1)    eval_map_glyph_to_char_6(v_3, v_5, v_ch.0) -> Com_1(eval_map_glyph_to_char_bb1_in(v_3, v_5, v_ch.0 + 1))
		(?, 1)    eval_map_glyph_to_char_bb5_in(v_3, v_5, v_ch.0) -> Com_1(eval_map_glyph_to_char_stop(v_3, v_5, v_ch.0))
	start location:	eval_map_glyph_to_char_start
	leaf cost:	0

Repeatedly propagating knowledge in problem 1 produces the following problem:
2:	T:
		(1, 1)    eval_map_glyph_to_char_start(v_3, v_5, v_ch.0) -> Com_1(eval_map_glyph_to_char_bb0_in(v_3, v_5, v_ch.0))
		(1, 1)    eval_map_glyph_to_char_bb0_in(v_3, v_5, v_ch.0) -> Com_1(eval_map_glyph_to_char_bb1_in(nondef.0, v_5, 0))
		(?, 1)    eval_map_glyph_to_char_bb1_in(v_3, v_5, v_ch.0) -> Com_1(eval_map_glyph_to_char_4(v_3, v_ch.0, v_ch.0)) [ v_ch.0 < v_3 ]
		(?, 1)    eval_map_glyph_to_char_bb1_in(v_3, v_5, v_ch.0) -> Com_1(eval_map_glyph_to_char_bb5_in(v_3, v_5, v_ch.0)) [ v_ch.0 >= v_3 ]
		(?, 1)    eval_map_glyph_to_char_4(v_3, v_5, v_ch.0) -> Com_2(eval_array_get_start(v_3, v_5, v_ch.0), eval_map_glyph_to_char_5(v_3, v_5, v_ch.0))
		(?, 1)    eval_map_glyph_to_char_5(v_3, v_5, v_ch.0) -> Com_2(eval_obj_eq_start(v_3, v_5, v_ch.0), eval_map_glyph_to_char_6(v_3, v_5, v_ch.0))
		(?, 1)    eval_map_glyph_to_char_6(v_3, v_5, v_ch.0) -> Com_1(eval_map_glyph_to_char_bb5_in(v_3, v_5, v_ch.0))
		(?, 1)    eval_map_glyph_to_char_6(v_3, v_5, v_ch.0) -> Com_1(eval_map_glyph_to_char_bb1_in(v_3, v_5, v_ch.0 + 1))
		(?, 1)    eval_map_glyph_to_char_bb5_in(v_3, v_5, v_ch.0) -> Com_1(eval_map_glyph_to_char_stop(v_3, v_5, v_ch.0))
	start location:	eval_map_glyph_to_char_start
	leaf cost:	0

A polynomial rank function with
	Pol(eval_map_glyph_to_char_start) = 2
	Pol(eval_map_glyph_to_char_bb0_in) = 2
	Pol(eval_map_glyph_to_char_bb1_in) = 2
	Pol(eval_map_glyph_to_char_4) = 2
	Pol(eval_map_glyph_to_char_bb5_in) = 1
	Pol(eval_array_get_start) = 0
	Pol(eval_map_glyph_to_char_5) = 2
	Pol(eval_obj_eq_start) = 0
	Pol(eval_map_glyph_to_char_6) = 2
	Pol(eval_map_glyph_to_char_stop) = 0
orients all transitions weakly and the transitions
	eval_map_glyph_to_char_bb5_in(v_3, v_5, v_ch.0) -> Com_1(eval_map_glyph_to_char_stop(v_3, v_5, v_ch.0))
	eval_map_glyph_to_char_bb1_in(v_3, v_5, v_ch.0) -> Com_1(eval_map_glyph_to_char_bb5_in(v_3, v_5, v_ch.0)) [ v_ch.0 >= v_3 ]
	eval_map_glyph_to_char_6(v_3, v_5, v_ch.0) -> Com_1(eval_map_glyph_to_char_bb5_in(v_3, v_5, v_ch.0))
strictly and produces the following problem:
3:	T:
		(1, 1)    eval_map_glyph_to_char_start(v_3, v_5, v_ch.0) -> Com_1(eval_map_glyph_to_char_bb0_in(v_3, v_5, v_ch.0))
		(1, 1)    eval_map_glyph_to_char_bb0_in(v_3, v_5, v_ch.0) -> Com_1(eval_map_glyph_to_char_bb1_in(nondef.0, v_5, 0))
		(?, 1)    eval_map_glyph_to_char_bb1_in(v_3, v_5, v_ch.0) -> Com_1(eval_map_glyph_to_char_4(v_3, v_ch.0, v_ch.0)) [ v_ch.0 < v_3 ]
		(2, 1)    eval_map_glyph_to_char_bb1_in(v_3, v_5, v_ch.0) -> Com_1(eval_map_glyph_to_char_bb5_in(v_3, v_5, v_ch.0)) [ v_ch.0 >= v_3 ]
		(?, 1)    eval_map_glyph_to_char_4(v_3, v_5, v_ch.0) -> Com_2(eval_array_get_start(v_3, v_5, v_ch.0), eval_map_glyph_to_char_5(v_3, v_5, v_ch.0))
		(?, 1)    eval_map_glyph_to_char_5(v_3, v_5, v_ch.0) -> Com_2(eval_obj_eq_start(v_3, v_5, v_ch.0), eval_map_glyph_to_char_6(v_3, v_5, v_ch.0))
		(2, 1)    eval_map_glyph_to_char_6(v_3, v_5, v_ch.0) -> Com_1(eval_map_glyph_to_char_bb5_in(v_3, v_5, v_ch.0))
		(?, 1)    eval_map_glyph_to_char_6(v_3, v_5, v_ch.0) -> Com_1(eval_map_glyph_to_char_bb1_in(v_3, v_5, v_ch.0 + 1))
		(2, 1)    eval_map_glyph_to_char_bb5_in(v_3, v_5, v_ch.0) -> Com_1(eval_map_glyph_to_char_stop(v_3, v_5, v_ch.0))
	start location:	eval_map_glyph_to_char_start
	leaf cost:	0

Applied AI with 'oct' on problem 3 to obtain the following invariants:
  For symbol eval_map_glyph_to_char_4: X_2 - X_3 >= 0 /\ X_1 - X_3 - 1 >= 0 /\ X_3 >= 0 /\ X_2 + X_3 >= 0 /\ -X_2 + X_3 >= 0 /\ X_1 + X_3 - 1 >= 0 /\ X_1 - X_2 - 1 >= 0 /\ X_2 >= 0 /\ X_1 + X_2 - 1 >= 0 /\ X_1 - 1 >= 0
  For symbol eval_map_glyph_to_char_5: X_2 - X_3 >= 0 /\ X_1 - X_3 - 1 >= 0 /\ X_3 >= 0 /\ X_2 + X_3 >= 0 /\ -X_2 + X_3 >= 0 /\ X_1 + X_3 - 1 >= 0 /\ X_1 - X_2 - 1 >= 0 /\ X_2 >= 0 /\ X_1 + X_2 - 1 >= 0 /\ X_1 - 1 >= 0
  For symbol eval_map_glyph_to_char_6: X_2 - X_3 >= 0 /\ X_1 - X_3 - 1 >= 0 /\ X_3 >= 0 /\ X_2 + X_3 >= 0 /\ -X_2 + X_3 >= 0 /\ X_1 + X_3 - 1 >= 0 /\ X_1 - X_2 - 1 >= 0 /\ X_2 >= 0 /\ X_1 + X_2 - 1 >= 0 /\ X_1 - 1 >= 0
  For symbol eval_map_glyph_to_char_bb1_in: X_3 >= 0
  For symbol eval_map_glyph_to_char_bb5_in: X_3 >= 0


This yielded the following problem:
4:	T:
		(2, 1)    eval_map_glyph_to_char_bb5_in(v_3, v_5, v_ch.0) -> Com_1(eval_map_glyph_to_char_stop(v_3, v_5, v_ch.0)) [ v_ch.0 >= 0 ]
		(?, 1)    eval_map_glyph_to_char_6(v_3, v_5, v_ch.0) -> Com_1(eval_map_glyph_to_char_bb1_in(v_3, v_5, v_ch.0 + 1)) [ v_5 - v_ch.0 >= 0 /\ v_3 - v_ch.0 - 1 >= 0 /\ v_ch.0 >= 0 /\ v_5 + v_ch.0 >= 0 /\ -v_5 + v_ch.0 >= 0 /\ v_3 + v_ch.0 - 1 >= 0 /\ v_3 - v_5 - 1 >= 0 /\ v_5 >= 0 /\ v_3 + v_5 - 1 >= 0 /\ v_3 - 1 >= 0 ]
		(2, 1)    eval_map_glyph_to_char_6(v_3, v_5, v_ch.0) -> Com_1(eval_map_glyph_to_char_bb5_in(v_3, v_5, v_ch.0)) [ v_5 - v_ch.0 >= 0 /\ v_3 - v_ch.0 - 1 >= 0 /\ v_ch.0 >= 0 /\ v_5 + v_ch.0 >= 0 /\ -v_5 + v_ch.0 >= 0 /\ v_3 + v_ch.0 - 1 >= 0 /\ v_3 - v_5 - 1 >= 0 /\ v_5 >= 0 /\ v_3 + v_5 - 1 >= 0 /\ v_3 - 1 >= 0 ]
		(?, 1)    eval_map_glyph_to_char_5(v_3, v_5, v_ch.0) -> Com_2(eval_obj_eq_start(v_3, v_5, v_ch.0), eval_map_glyph_to_char_6(v_3, v_5, v_ch.0)) [ v_5 - v_ch.0 >= 0 /\ v_3 - v_ch.0 - 1 >= 0 /\ v_ch.0 >= 0 /\ v_5 + v_ch.0 >= 0 /\ -v_5 + v_ch.0 >= 0 /\ v_3 + v_ch.0 - 1 >= 0 /\ v_3 - v_5 - 1 >= 0 /\ v_5 >= 0 /\ v_3 + v_5 - 1 >= 0 /\ v_3 - 1 >= 0 ]
		(?, 1)    eval_map_glyph_to_char_4(v_3, v_5, v_ch.0) -> Com_2(eval_array_get_start(v_3, v_5, v_ch.0), eval_map_glyph_to_char_5(v_3, v_5, v_ch.0)) [ v_5 - v_ch.0 >= 0 /\ v_3 - v_ch.0 - 1 >= 0 /\ v_ch.0 >= 0 /\ v_5 + v_ch.0 >= 0 /\ -v_5 + v_ch.0 >= 0 /\ v_3 + v_ch.0 - 1 >= 0 /\ v_3 - v_5 - 1 >= 0 /\ v_5 >= 0 /\ v_3 + v_5 - 1 >= 0 /\ v_3 - 1 >= 0 ]
		(2, 1)    eval_map_glyph_to_char_bb1_in(v_3, v_5, v_ch.0) -> Com_1(eval_map_glyph_to_char_bb5_in(v_3, v_5, v_ch.0)) [ v_ch.0 >= 0 /\ v_ch.0 >= v_3 ]
		(?, 1)    eval_map_glyph_to_char_bb1_in(v_3, v_5, v_ch.0) -> Com_1(eval_map_glyph_to_char_4(v_3, v_ch.0, v_ch.0)) [ v_ch.0 >= 0 /\ v_ch.0 < v_3 ]
		(1, 1)    eval_map_glyph_to_char_bb0_in(v_3, v_5, v_ch.0) -> Com_1(eval_map_glyph_to_char_bb1_in(nondef.0, v_5, 0))
		(1, 1)    eval_map_glyph_to_char_start(v_3, v_5, v_ch.0) -> Com_1(eval_map_glyph_to_char_bb0_in(v_3, v_5, v_ch.0))
	start location:	eval_map_glyph_to_char_start
	leaf cost:	0

By chaining the transition eval_map_glyph_to_char_6(v_3, v_5, v_ch.0) -> Com_1(eval_map_glyph_to_char_bb5_in(v_3, v_5, v_ch.0)) [ v_5 - v_ch.0 >= 0 /\ v_3 - v_ch.0 - 1 >= 0 /\ v_ch.0 >= 0 /\ v_5 + v_ch.0 >= 0 /\ -v_5 + v_ch.0 >= 0 /\ v_3 + v_ch.0 - 1 >= 0 /\ v_3 - v_5 - 1 >= 0 /\ v_5 >= 0 /\ v_3 + v_5 - 1 >= 0 /\ v_3 - 1 >= 0 ] with all transitions in problem 4, the following new transition is obtained:
	eval_map_glyph_to_char_6(v_3, v_5, v_ch.0) -> Com_1(eval_map_glyph_to_char_stop(v_3, v_5, v_ch.0)) [ v_5 - v_ch.0 >= 0 /\ v_3 - v_ch.0 - 1 >= 0 /\ v_ch.0 >= 0 /\ v_5 + v_ch.0 >= 0 /\ -v_5 + v_ch.0 >= 0 /\ v_3 + v_ch.0 - 1 >= 0 /\ v_3 - v_5 - 1 >= 0 /\ v_5 >= 0 /\ v_3 + v_5 - 1 >= 0 /\ v_3 - 1 >= 0 ]
We thus obtain the following problem:
5:	T:
		(2, 2)    eval_map_glyph_to_char_6(v_3, v_5, v_ch.0) -> Com_1(eval_map_glyph_to_char_stop(v_3, v_5, v_ch.0)) [ v_5 - v_ch.0 >= 0 /\ v_3 - v_ch.0 - 1 >= 0 /\ v_ch.0 >= 0 /\ v_5 + v_ch.0 >= 0 /\ -v_5 + v_ch.0 >= 0 /\ v_3 + v_ch.0 - 1 >= 0 /\ v_3 - v_5 - 1 >= 0 /\ v_5 >= 0 /\ v_3 + v_5 - 1 >= 0 /\ v_3 - 1 >= 0 ]
		(2, 1)    eval_map_glyph_to_char_bb5_in(v_3, v_5, v_ch.0) -> Com_1(eval_map_glyph_to_char_stop(v_3, v_5, v_ch.0)) [ v_ch.0 >= 0 ]
		(?, 1)    eval_map_glyph_to_char_6(v_3, v_5, v_ch.0) -> Com_1(eval_map_glyph_to_char_bb1_in(v_3, v_5, v_ch.0 + 1)) [ v_5 - v_ch.0 >= 0 /\ v_3 - v_ch.0 - 1 >= 0 /\ v_ch.0 >= 0 /\ v_5 + v_ch.0 >= 0 /\ -v_5 + v_ch.0 >= 0 /\ v_3 + v_ch.0 - 1 >= 0 /\ v_3 - v_5 - 1 >= 0 /\ v_5 >= 0 /\ v_3 + v_5 - 1 >= 0 /\ v_3 - 1 >= 0 ]
		(?, 1)    eval_map_glyph_to_char_5(v_3, v_5, v_ch.0) -> Com_2(eval_obj_eq_start(v_3, v_5, v_ch.0), eval_map_glyph_to_char_6(v_3, v_5, v_ch.0)) [ v_5 - v_ch.0 >= 0 /\ v_3 - v_ch.0 - 1 >= 0 /\ v_ch.0 >= 0 /\ v_5 + v_ch.0 >= 0 /\ -v_5 + v_ch.0 >= 0 /\ v_3 + v_ch.0 - 1 >= 0 /\ v_3 - v_5 - 1 >= 0 /\ v_5 >= 0 /\ v_3 + v_5 - 1 >= 0 /\ v_3 - 1 >= 0 ]
		(?, 1)    eval_map_glyph_to_char_4(v_3, v_5, v_ch.0) -> Com_2(eval_array_get_start(v_3, v_5, v_ch.0), eval_map_glyph_to_char_5(v_3, v_5, v_ch.0)) [ v_5 - v_ch.0 >= 0 /\ v_3 - v_ch.0 - 1 >= 0 /\ v_ch.0 >= 0 /\ v_5 + v_ch.0 >= 0 /\ -v_5 + v_ch.0 >= 0 /\ v_3 + v_ch.0 - 1 >= 0 /\ v_3 - v_5 - 1 >= 0 /\ v_5 >= 0 /\ v_3 + v_5 - 1 >= 0 /\ v_3 - 1 >= 0 ]
		(2, 1)    eval_map_glyph_to_char_bb1_in(v_3, v_5, v_ch.0) -> Com_1(eval_map_glyph_to_char_bb5_in(v_3, v_5, v_ch.0)) [ v_ch.0 >= 0 /\ v_ch.0 >= v_3 ]
		(?, 1)    eval_map_glyph_to_char_bb1_in(v_3, v_5, v_ch.0) -> Com_1(eval_map_glyph_to_char_4(v_3, v_ch.0, v_ch.0)) [ v_ch.0 >= 0 /\ v_ch.0 < v_3 ]
		(1, 1)    eval_map_glyph_to_char_bb0_in(v_3, v_5, v_ch.0) -> Com_1(eval_map_glyph_to_char_bb1_in(nondef.0, v_5, 0))
		(1, 1)    eval_map_glyph_to_char_start(v_3, v_5, v_ch.0) -> Com_1(eval_map_glyph_to_char_bb0_in(v_3, v_5, v_ch.0))
	start location:	eval_map_glyph_to_char_start
	leaf cost:	0

By chaining the transition eval_map_glyph_to_char_bb1_in(v_3, v_5, v_ch.0) -> Com_1(eval_map_glyph_to_char_bb5_in(v_3, v_5, v_ch.0)) [ v_ch.0 >= 0 /\ v_ch.0 >= v_3 ] with all transitions in problem 5, the following new transition is obtained:
	eval_map_glyph_to_char_bb1_in(v_3, v_5, v_ch.0) -> Com_1(eval_map_glyph_to_char_stop(v_3, v_5, v_ch.0)) [ v_ch.0 >= 0 /\ v_ch.0 >= v_3 ]
We thus obtain the following problem:
6:	T:
		(2, 2)    eval_map_glyph_to_char_bb1_in(v_3, v_5, v_ch.0) -> Com_1(eval_map_glyph_to_char_stop(v_3, v_5, v_ch.0)) [ v_ch.0 >= 0 /\ v_ch.0 >= v_3 ]
		(2, 2)    eval_map_glyph_to_char_6(v_3, v_5, v_ch.0) -> Com_1(eval_map_glyph_to_char_stop(v_3, v_5, v_ch.0)) [ v_5 - v_ch.0 >= 0 /\ v_3 - v_ch.0 - 1 >= 0 /\ v_ch.0 >= 0 /\ v_5 + v_ch.0 >= 0 /\ -v_5 + v_ch.0 >= 0 /\ v_3 + v_ch.0 - 1 >= 0 /\ v_3 - v_5 - 1 >= 0 /\ v_5 >= 0 /\ v_3 + v_5 - 1 >= 0 /\ v_3 - 1 >= 0 ]
		(2, 1)    eval_map_glyph_to_char_bb5_in(v_3, v_5, v_ch.0) -> Com_1(eval_map_glyph_to_char_stop(v_3, v_5, v_ch.0)) [ v_ch.0 >= 0 ]
		(?, 1)    eval_map_glyph_to_char_6(v_3, v_5, v_ch.0) -> Com_1(eval_map_glyph_to_char_bb1_in(v_3, v_5, v_ch.0 + 1)) [ v_5 - v_ch.0 >= 0 /\ v_3 - v_ch.0 - 1 >= 0 /\ v_ch.0 >= 0 /\ v_5 + v_ch.0 >= 0 /\ -v_5 + v_ch.0 >= 0 /\ v_3 + v_ch.0 - 1 >= 0 /\ v_3 - v_5 - 1 >= 0 /\ v_5 >= 0 /\ v_3 + v_5 - 1 >= 0 /\ v_3 - 1 >= 0 ]
		(?, 1)    eval_map_glyph_to_char_5(v_3, v_5, v_ch.0) -> Com_2(eval_obj_eq_start(v_3, v_5, v_ch.0), eval_map_glyph_to_char_6(v_3, v_5, v_ch.0)) [ v_5 - v_ch.0 >= 0 /\ v_3 - v_ch.0 - 1 >= 0 /\ v_ch.0 >= 0 /\ v_5 + v_ch.0 >= 0 /\ -v_5 + v_ch.0 >= 0 /\ v_3 + v_ch.0 - 1 >= 0 /\ v_3 - v_5 - 1 >= 0 /\ v_5 >= 0 /\ v_3 + v_5 - 1 >= 0 /\ v_3 - 1 >= 0 ]
		(?, 1)    eval_map_glyph_to_char_4(v_3, v_5, v_ch.0) -> Com_2(eval_array_get_start(v_3, v_5, v_ch.0), eval_map_glyph_to_char_5(v_3, v_5, v_ch.0)) [ v_5 - v_ch.0 >= 0 /\ v_3 - v_ch.0 - 1 >= 0 /\ v_ch.0 >= 0 /\ v_5 + v_ch.0 >= 0 /\ -v_5 + v_ch.0 >= 0 /\ v_3 + v_ch.0 - 1 >= 0 /\ v_3 - v_5 - 1 >= 0 /\ v_5 >= 0 /\ v_3 + v_5 - 1 >= 0 /\ v_3 - 1 >= 0 ]
		(?, 1)    eval_map_glyph_to_char_bb1_in(v_3, v_5, v_ch.0) -> Com_1(eval_map_glyph_to_char_4(v_3, v_ch.0, v_ch.0)) [ v_ch.0 >= 0 /\ v_ch.0 < v_3 ]
		(1, 1)    eval_map_glyph_to_char_bb0_in(v_3, v_5, v_ch.0) -> Com_1(eval_map_glyph_to_char_bb1_in(nondef.0, v_5, 0))
		(1, 1)    eval_map_glyph_to_char_start(v_3, v_5, v_ch.0) -> Com_1(eval_map_glyph_to_char_bb0_in(v_3, v_5, v_ch.0))
	start location:	eval_map_glyph_to_char_start
	leaf cost:	0

Testing for reachability in the complexity graph removes the following transition from problem 6:
	eval_map_glyph_to_char_bb5_in(v_3, v_5, v_ch.0) -> Com_1(eval_map_glyph_to_char_stop(v_3, v_5, v_ch.0)) [ v_ch.0 >= 0 ]
We thus obtain the following problem:
7:	T:
		(2, 2)    eval_map_glyph_to_char_6(v_3, v_5, v_ch.0) -> Com_1(eval_map_glyph_to_char_stop(v_3, v_5, v_ch.0)) [ v_5 - v_ch.0 >= 0 /\ v_3 - v_ch.0 - 1 >= 0 /\ v_ch.0 >= 0 /\ v_5 + v_ch.0 >= 0 /\ -v_5 + v_ch.0 >= 0 /\ v_3 + v_ch.0 - 1 >= 0 /\ v_3 - v_5 - 1 >= 0 /\ v_5 >= 0 /\ v_3 + v_5 - 1 >= 0 /\ v_3 - 1 >= 0 ]
		(?, 1)    eval_map_glyph_to_char_6(v_3, v_5, v_ch.0) -> Com_1(eval_map_glyph_to_char_bb1_in(v_3, v_5, v_ch.0 + 1)) [ v_5 - v_ch.0 >= 0 /\ v_3 - v_ch.0 - 1 >= 0 /\ v_ch.0 >= 0 /\ v_5 + v_ch.0 >= 0 /\ -v_5 + v_ch.0 >= 0 /\ v_3 + v_ch.0 - 1 >= 0 /\ v_3 - v_5 - 1 >= 0 /\ v_5 >= 0 /\ v_3 + v_5 - 1 >= 0 /\ v_3 - 1 >= 0 ]
		(?, 1)    eval_map_glyph_to_char_5(v_3, v_5, v_ch.0) -> Com_2(eval_obj_eq_start(v_3, v_5, v_ch.0), eval_map_glyph_to_char_6(v_3, v_5, v_ch.0)) [ v_5 - v_ch.0 >= 0 /\ v_3 - v_ch.0 - 1 >= 0 /\ v_ch.0 >= 0 /\ v_5 + v_ch.0 >= 0 /\ -v_5 + v_ch.0 >= 0 /\ v_3 + v_ch.0 - 1 >= 0 /\ v_3 - v_5 - 1 >= 0 /\ v_5 >= 0 /\ v_3 + v_5 - 1 >= 0 /\ v_3 - 1 >= 0 ]
		(?, 1)    eval_map_glyph_to_char_4(v_3, v_5, v_ch.0) -> Com_2(eval_array_get_start(v_3, v_5, v_ch.0), eval_map_glyph_to_char_5(v_3, v_5, v_ch.0)) [ v_5 - v_ch.0 >= 0 /\ v_3 - v_ch.0 - 1 >= 0 /\ v_ch.0 >= 0 /\ v_5 + v_ch.0 >= 0 /\ -v_5 + v_ch.0 >= 0 /\ v_3 + v_ch.0 - 1 >= 0 /\ v_3 - v_5 - 1 >= 0 /\ v_5 >= 0 /\ v_3 + v_5 - 1 >= 0 /\ v_3 - 1 >= 0 ]
		(2, 2)    eval_map_glyph_to_char_bb1_in(v_3, v_5, v_ch.0) -> Com_1(eval_map_glyph_to_char_stop(v_3, v_5, v_ch.0)) [ v_ch.0 >= 0 /\ v_ch.0 >= v_3 ]
		(?, 1)    eval_map_glyph_to_char_bb1_in(v_3, v_5, v_ch.0) -> Com_1(eval_map_glyph_to_char_4(v_3, v_ch.0, v_ch.0)) [ v_ch.0 >= 0 /\ v_ch.0 < v_3 ]
		(1, 1)    eval_map_glyph_to_char_bb0_in(v_3, v_5, v_ch.0) -> Com_1(eval_map_glyph_to_char_bb1_in(nondef.0, v_5, 0))
		(1, 1)    eval_map_glyph_to_char_start(v_3, v_5, v_ch.0) -> Com_1(eval_map_glyph_to_char_bb0_in(v_3, v_5, v_ch.0))
	start location:	eval_map_glyph_to_char_start
	leaf cost:	0

By chaining the transition eval_map_glyph_to_char_bb1_in(v_3, v_5, v_ch.0) -> Com_1(eval_map_glyph_to_char_4(v_3, v_ch.0, v_ch.0)) [ v_ch.0 >= 0 /\ v_ch.0 < v_3 ] with all transitions in problem 7, the following new transition is obtained:
	eval_map_glyph_to_char_bb1_in(v_3, v_5, v_ch.0) -> Com_2(eval_array_get_start(v_3, v_ch.0, v_ch.0), eval_map_glyph_to_char_5(v_3, v_ch.0, v_ch.0)) [ v_ch.0 >= 0 /\ v_ch.0 < v_3 /\ 0 >= 0 /\ v_3 - v_ch.0 - 1 >= 0 /\ 2*v_ch.0 >= 0 /\ v_3 + v_ch.0 - 1 >= 0 /\ v_3 - 1 >= 0 ]
We thus obtain the following problem:
8:	T:
		(?, 2)    eval_map_glyph_to_char_bb1_in(v_3, v_5, v_ch.0) -> Com_2(eval_array_get_start(v_3, v_ch.0, v_ch.0), eval_map_glyph_to_char_5(v_3, v_ch.0, v_ch.0)) [ v_ch.0 >= 0 /\ v_ch.0 < v_3 /\ 0 >= 0 /\ v_3 - v_ch.0 - 1 >= 0 /\ 2*v_ch.0 >= 0 /\ v_3 + v_ch.0 - 1 >= 0 /\ v_3 - 1 >= 0 ]
		(2, 2)    eval_map_glyph_to_char_6(v_3, v_5, v_ch.0) -> Com_1(eval_map_glyph_to_char_stop(v_3, v_5, v_ch.0)) [ v_5 - v_ch.0 >= 0 /\ v_3 - v_ch.0 - 1 >= 0 /\ v_ch.0 >= 0 /\ v_5 + v_ch.0 >= 0 /\ -v_5 + v_ch.0 >= 0 /\ v_3 + v_ch.0 - 1 >= 0 /\ v_3 - v_5 - 1 >= 0 /\ v_5 >= 0 /\ v_3 + v_5 - 1 >= 0 /\ v_3 - 1 >= 0 ]
		(?, 1)    eval_map_glyph_to_char_6(v_3, v_5, v_ch.0) -> Com_1(eval_map_glyph_to_char_bb1_in(v_3, v_5, v_ch.0 + 1)) [ v_5 - v_ch.0 >= 0 /\ v_3 - v_ch.0 - 1 >= 0 /\ v_ch.0 >= 0 /\ v_5 + v_ch.0 >= 0 /\ -v_5 + v_ch.0 >= 0 /\ v_3 + v_ch.0 - 1 >= 0 /\ v_3 - v_5 - 1 >= 0 /\ v_5 >= 0 /\ v_3 + v_5 - 1 >= 0 /\ v_3 - 1 >= 0 ]
		(?, 1)    eval_map_glyph_to_char_5(v_3, v_5, v_ch.0) -> Com_2(eval_obj_eq_start(v_3, v_5, v_ch.0), eval_map_glyph_to_char_6(v_3, v_5, v_ch.0)) [ v_5 - v_ch.0 >= 0 /\ v_3 - v_ch.0 - 1 >= 0 /\ v_ch.0 >= 0 /\ v_5 + v_ch.0 >= 0 /\ -v_5 + v_ch.0 >= 0 /\ v_3 + v_ch.0 - 1 >= 0 /\ v_3 - v_5 - 1 >= 0 /\ v_5 >= 0 /\ v_3 + v_5 - 1 >= 0 /\ v_3 - 1 >= 0 ]
		(?, 1)    eval_map_glyph_to_char_4(v_3, v_5, v_ch.0) -> Com_2(eval_array_get_start(v_3, v_5, v_ch.0), eval_map_glyph_to_char_5(v_3, v_5, v_ch.0)) [ v_5 - v_ch.0 >= 0 /\ v_3 - v_ch.0 - 1 >= 0 /\ v_ch.0 >= 0 /\ v_5 + v_ch.0 >= 0 /\ -v_5 + v_ch.0 >= 0 /\ v_3 + v_ch.0 - 1 >= 0 /\ v_3 - v_5 - 1 >= 0 /\ v_5 >= 0 /\ v_3 + v_5 - 1 >= 0 /\ v_3 - 1 >= 0 ]
		(2, 2)    eval_map_glyph_to_char_bb1_in(v_3, v_5, v_ch.0) -> Com_1(eval_map_glyph_to_char_stop(v_3, v_5, v_ch.0)) [ v_ch.0 >= 0 /\ v_ch.0 >= v_3 ]
		(1, 1)    eval_map_glyph_to_char_bb0_in(v_3, v_5, v_ch.0) -> Com_1(eval_map_glyph_to_char_bb1_in(nondef.0, v_5, 0))
		(1, 1)    eval_map_glyph_to_char_start(v_3, v_5, v_ch.0) -> Com_1(eval_map_glyph_to_char_bb0_in(v_3, v_5, v_ch.0))
	start location:	eval_map_glyph_to_char_start
	leaf cost:	0

Testing for reachability in the complexity graph removes the following transition from problem 8:
	eval_map_glyph_to_char_4(v_3, v_5, v_ch.0) -> Com_2(eval_array_get_start(v_3, v_5, v_ch.0), eval_map_glyph_to_char_5(v_3, v_5, v_ch.0)) [ v_5 - v_ch.0 >= 0 /\ v_3 - v_ch.0 - 1 >= 0 /\ v_ch.0 >= 0 /\ v_5 + v_ch.0 >= 0 /\ -v_5 + v_ch.0 >= 0 /\ v_3 + v_ch.0 - 1 >= 0 /\ v_3 - v_5 - 1 >= 0 /\ v_5 >= 0 /\ v_3 + v_5 - 1 >= 0 /\ v_3 - 1 >= 0 ]
We thus obtain the following problem:
9:	T:
		(2, 2)    eval_map_glyph_to_char_6(v_3, v_5, v_ch.0) -> Com_1(eval_map_glyph_to_char_stop(v_3, v_5, v_ch.0)) [ v_5 - v_ch.0 >= 0 /\ v_3 - v_ch.0 - 1 >= 0 /\ v_ch.0 >= 0 /\ v_5 + v_ch.0 >= 0 /\ -v_5 + v_ch.0 >= 0 /\ v_3 + v_ch.0 - 1 >= 0 /\ v_3 - v_5 - 1 >= 0 /\ v_5 >= 0 /\ v_3 + v_5 - 1 >= 0 /\ v_3 - 1 >= 0 ]
		(?, 1)    eval_map_glyph_to_char_6(v_3, v_5, v_ch.0) -> Com_1(eval_map_glyph_to_char_bb1_in(v_3, v_5, v_ch.0 + 1)) [ v_5 - v_ch.0 >= 0 /\ v_3 - v_ch.0 - 1 >= 0 /\ v_ch.0 >= 0 /\ v_5 + v_ch.0 >= 0 /\ -v_5 + v_ch.0 >= 0 /\ v_3 + v_ch.0 - 1 >= 0 /\ v_3 - v_5 - 1 >= 0 /\ v_5 >= 0 /\ v_3 + v_5 - 1 >= 0 /\ v_3 - 1 >= 0 ]
		(?, 1)    eval_map_glyph_to_char_5(v_3, v_5, v_ch.0) -> Com_2(eval_obj_eq_start(v_3, v_5, v_ch.0), eval_map_glyph_to_char_6(v_3, v_5, v_ch.0)) [ v_5 - v_ch.0 >= 0 /\ v_3 - v_ch.0 - 1 >= 0 /\ v_ch.0 >= 0 /\ v_5 + v_ch.0 >= 0 /\ -v_5 + v_ch.0 >= 0 /\ v_3 + v_ch.0 - 1 >= 0 /\ v_3 - v_5 - 1 >= 0 /\ v_5 >= 0 /\ v_3 + v_5 - 1 >= 0 /\ v_3 - 1 >= 0 ]
		(?, 2)    eval_map_glyph_to_char_bb1_in(v_3, v_5, v_ch.0) -> Com_2(eval_array_get_start(v_3, v_ch.0, v_ch.0), eval_map_glyph_to_char_5(v_3, v_ch.0, v_ch.0)) [ v_ch.0 >= 0 /\ v_ch.0 < v_3 /\ 0 >= 0 /\ v_3 - v_ch.0 - 1 >= 0 /\ 2*v_ch.0 >= 0 /\ v_3 + v_ch.0 - 1 >= 0 /\ v_3 - 1 >= 0 ]
		(2, 2)    eval_map_glyph_to_char_bb1_in(v_3, v_5, v_ch.0) -> Com_1(eval_map_glyph_to_char_stop(v_3, v_5, v_ch.0)) [ v_ch.0 >= 0 /\ v_ch.0 >= v_3 ]
		(1, 1)    eval_map_glyph_to_char_bb0_in(v_3, v_5, v_ch.0) -> Com_1(eval_map_glyph_to_char_bb1_in(nondef.0, v_5, 0))
		(1, 1)    eval_map_glyph_to_char_start(v_3, v_5, v_ch.0) -> Com_1(eval_map_glyph_to_char_bb0_in(v_3, v_5, v_ch.0))
	start location:	eval_map_glyph_to_char_start
	leaf cost:	0

By chaining the transition eval_map_glyph_to_char_start(v_3, v_5, v_ch.0) -> Com_1(eval_map_glyph_to_char_bb0_in(v_3, v_5, v_ch.0)) with all transitions in problem 9, the following new transition is obtained:
	eval_map_glyph_to_char_start(v_3, v_5, v_ch.0) -> Com_1(eval_map_glyph_to_char_bb1_in(nondef.0, v_5, 0))
We thus obtain the following problem:
10:	T:
		(1, 2)    eval_map_glyph_to_char_start(v_3, v_5, v_ch.0) -> Com_1(eval_map_glyph_to_char_bb1_in(nondef.0, v_5, 0))
		(2, 2)    eval_map_glyph_to_char_6(v_3, v_5, v_ch.0) -> Com_1(eval_map_glyph_to_char_stop(v_3, v_5, v_ch.0)) [ v_5 - v_ch.0 >= 0 /\ v_3 - v_ch.0 - 1 >= 0 /\ v_ch.0 >= 0 /\ v_5 + v_ch.0 >= 0 /\ -v_5 + v_ch.0 >= 0 /\ v_3 + v_ch.0 - 1 >= 0 /\ v_3 - v_5 - 1 >= 0 /\ v_5 >= 0 /\ v_3 + v_5 - 1 >= 0 /\ v_3 - 1 >= 0 ]
		(?, 1)    eval_map_glyph_to_char_6(v_3, v_5, v_ch.0) -> Com_1(eval_map_glyph_to_char_bb1_in(v_3, v_5, v_ch.0 + 1)) [ v_5 - v_ch.0 >= 0 /\ v_3 - v_ch.0 - 1 >= 0 /\ v_ch.0 >= 0 /\ v_5 + v_ch.0 >= 0 /\ -v_5 + v_ch.0 >= 0 /\ v_3 + v_ch.0 - 1 >= 0 /\ v_3 - v_5 - 1 >= 0 /\ v_5 >= 0 /\ v_3 + v_5 - 1 >= 0 /\ v_3 - 1 >= 0 ]
		(?, 1)    eval_map_glyph_to_char_5(v_3, v_5, v_ch.0) -> Com_2(eval_obj_eq_start(v_3, v_5, v_ch.0), eval_map_glyph_to_char_6(v_3, v_5, v_ch.0)) [ v_5 - v_ch.0 >= 0 /\ v_3 - v_ch.0 - 1 >= 0 /\ v_ch.0 >= 0 /\ v_5 + v_ch.0 >= 0 /\ -v_5 + v_ch.0 >= 0 /\ v_3 + v_ch.0 - 1 >= 0 /\ v_3 - v_5 - 1 >= 0 /\ v_5 >= 0 /\ v_3 + v_5 - 1 >= 0 /\ v_3 - 1 >= 0 ]
		(?, 2)    eval_map_glyph_to_char_bb1_in(v_3, v_5, v_ch.0) -> Com_2(eval_array_get_start(v_3, v_ch.0, v_ch.0), eval_map_glyph_to_char_5(v_3, v_ch.0, v_ch.0)) [ v_ch.0 >= 0 /\ v_ch.0 < v_3 /\ 0 >= 0 /\ v_3 - v_ch.0 - 1 >= 0 /\ 2*v_ch.0 >= 0 /\ v_3 + v_ch.0 - 1 >= 0 /\ v_3 - 1 >= 0 ]
		(2, 2)    eval_map_glyph_to_char_bb1_in(v_3, v_5, v_ch.0) -> Com_1(eval_map_glyph_to_char_stop(v_3, v_5, v_ch.0)) [ v_ch.0 >= 0 /\ v_ch.0 >= v_3 ]
		(1, 1)    eval_map_glyph_to_char_bb0_in(v_3, v_5, v_ch.0) -> Com_1(eval_map_glyph_to_char_bb1_in(nondef.0, v_5, 0))
	start location:	eval_map_glyph_to_char_start
	leaf cost:	0

Testing for reachability in the complexity graph removes the following transition from problem 10:
	eval_map_glyph_to_char_bb0_in(v_3, v_5, v_ch.0) -> Com_1(eval_map_glyph_to_char_bb1_in(nondef.0, v_5, 0))
We thus obtain the following problem:
11:	T:
		(2, 2)    eval_map_glyph_to_char_6(v_3, v_5, v_ch.0) -> Com_1(eval_map_glyph_to_char_stop(v_3, v_5, v_ch.0)) [ v_5 - v_ch.0 >= 0 /\ v_3 - v_ch.0 - 1 >= 0 /\ v_ch.0 >= 0 /\ v_5 + v_ch.0 >= 0 /\ -v_5 + v_ch.0 >= 0 /\ v_3 + v_ch.0 - 1 >= 0 /\ v_3 - v_5 - 1 >= 0 /\ v_5 >= 0 /\ v_3 + v_5 - 1 >= 0 /\ v_3 - 1 >= 0 ]
		(?, 1)    eval_map_glyph_to_char_6(v_3, v_5, v_ch.0) -> Com_1(eval_map_glyph_to_char_bb1_in(v_3, v_5, v_ch.0 + 1)) [ v_5 - v_ch.0 >= 0 /\ v_3 - v_ch.0 - 1 >= 0 /\ v_ch.0 >= 0 /\ v_5 + v_ch.0 >= 0 /\ -v_5 + v_ch.0 >= 0 /\ v_3 + v_ch.0 - 1 >= 0 /\ v_3 - v_5 - 1 >= 0 /\ v_5 >= 0 /\ v_3 + v_5 - 1 >= 0 /\ v_3 - 1 >= 0 ]
		(?, 1)    eval_map_glyph_to_char_5(v_3, v_5, v_ch.0) -> Com_2(eval_obj_eq_start(v_3, v_5, v_ch.0), eval_map_glyph_to_char_6(v_3, v_5, v_ch.0)) [ v_5 - v_ch.0 >= 0 /\ v_3 - v_ch.0 - 1 >= 0 /\ v_ch.0 >= 0 /\ v_5 + v_ch.0 >= 0 /\ -v_5 + v_ch.0 >= 0 /\ v_3 + v_ch.0 - 1 >= 0 /\ v_3 - v_5 - 1 >= 0 /\ v_5 >= 0 /\ v_3 + v_5 - 1 >= 0 /\ v_3 - 1 >= 0 ]
		(?, 2)    eval_map_glyph_to_char_bb1_in(v_3, v_5, v_ch.0) -> Com_2(eval_array_get_start(v_3, v_ch.0, v_ch.0), eval_map_glyph_to_char_5(v_3, v_ch.0, v_ch.0)) [ v_ch.0 >= 0 /\ v_ch.0 < v_3 /\ 0 >= 0 /\ v_3 - v_ch.0 - 1 >= 0 /\ 2*v_ch.0 >= 0 /\ v_3 + v_ch.0 - 1 >= 0 /\ v_3 - 1 >= 0 ]
		(2, 2)    eval_map_glyph_to_char_bb1_in(v_3, v_5, v_ch.0) -> Com_1(eval_map_glyph_to_char_stop(v_3, v_5, v_ch.0)) [ v_ch.0 >= 0 /\ v_ch.0 >= v_3 ]
		(1, 2)    eval_map_glyph_to_char_start(v_3, v_5, v_ch.0) -> Com_1(eval_map_glyph_to_char_bb1_in(nondef.0, v_5, 0))
	start location:	eval_map_glyph_to_char_start
	leaf cost:	0

By chaining the transition eval_map_glyph_to_char_6(v_3, v_5, v_ch.0) -> Com_1(eval_map_glyph_to_char_bb1_in(v_3, v_5, v_ch.0 + 1)) [ v_5 - v_ch.0 >= 0 /\ v_3 - v_ch.0 - 1 >= 0 /\ v_ch.0 >= 0 /\ v_5 + v_ch.0 >= 0 /\ -v_5 + v_ch.0 >= 0 /\ v_3 + v_ch.0 - 1 >= 0 /\ v_3 - v_5 - 1 >= 0 /\ v_5 >= 0 /\ v_3 + v_5 - 1 >= 0 /\ v_3 - 1 >= 0 ] with all transitions in problem 11, the following new transitions are obtained:
	eval_map_glyph_to_char_6(v_3, v_5, v_ch.0) -> Com_2(eval_array_get_start(v_3, v_ch.0 + 1, v_ch.0 + 1), eval_map_glyph_to_char_5(v_3, v_ch.0 + 1, v_ch.0 + 1)) [ v_5 - v_ch.0 >= 0 /\ v_3 - v_ch.0 - 1 >= 0 /\ v_ch.0 >= 0 /\ v_5 + v_ch.0 >= 0 /\ -v_5 + v_ch.0 >= 0 /\ v_3 + v_ch.0 - 1 >= 0 /\ v_3 - v_5 - 1 >= 0 /\ v_5 >= 0 /\ v_3 + v_5 - 1 >= 0 /\ v_3 - 1 >= 0 /\ v_ch.0 + 1 >= 0 /\ v_ch.0 + 1 < v_3 /\ 0 >= 0 /\ v_3 - v_ch.0 - 2 >= 0 /\ 2*v_ch.0 + 2 >= 0 /\ v_3 + v_ch.0 >= 0 ]
	eval_map_glyph_to_char_6(v_3, v_5, v_ch.0) -> Com_1(eval_map_glyph_to_char_stop(v_3, v_5, v_ch.0 + 1)) [ v_5 - v_ch.0 >= 0 /\ v_3 - v_ch.0 - 1 >= 0 /\ v_ch.0 >= 0 /\ v_5 + v_ch.0 >= 0 /\ -v_5 + v_ch.0 >= 0 /\ v_3 + v_ch.0 - 1 >= 0 /\ v_3 - v_5 - 1 >= 0 /\ v_5 >= 0 /\ v_3 + v_5 - 1 >= 0 /\ v_3 - 1 >= 0 /\ v_ch.0 + 1 >= 0 /\ v_ch.0 + 1 >= v_3 ]
We thus obtain the following problem:
12:	T:
		(?, 3)    eval_map_glyph_to_char_6(v_3, v_5, v_ch.0) -> Com_2(eval_array_get_start(v_3, v_ch.0 + 1, v_ch.0 + 1), eval_map_glyph_to_char_5(v_3, v_ch.0 + 1, v_ch.0 + 1)) [ v_5 - v_ch.0 >= 0 /\ v_3 - v_ch.0 - 1 >= 0 /\ v_ch.0 >= 0 /\ v_5 + v_ch.0 >= 0 /\ -v_5 + v_ch.0 >= 0 /\ v_3 + v_ch.0 - 1 >= 0 /\ v_3 - v_5 - 1 >= 0 /\ v_5 >= 0 /\ v_3 + v_5 - 1 >= 0 /\ v_3 - 1 >= 0 /\ v_ch.0 + 1 >= 0 /\ v_ch.0 + 1 < v_3 /\ 0 >= 0 /\ v_3 - v_ch.0 - 2 >= 0 /\ 2*v_ch.0 + 2 >= 0 /\ v_3 + v_ch.0 >= 0 ]
		(?, 3)    eval_map_glyph_to_char_6(v_3, v_5, v_ch.0) -> Com_1(eval_map_glyph_to_char_stop(v_3, v_5, v_ch.0 + 1)) [ v_5 - v_ch.0 >= 0 /\ v_3 - v_ch.0 - 1 >= 0 /\ v_ch.0 >= 0 /\ v_5 + v_ch.0 >= 0 /\ -v_5 + v_ch.0 >= 0 /\ v_3 + v_ch.0 - 1 >= 0 /\ v_3 - v_5 - 1 >= 0 /\ v_5 >= 0 /\ v_3 + v_5 - 1 >= 0 /\ v_3 - 1 >= 0 /\ v_ch.0 + 1 >= 0 /\ v_ch.0 + 1 >= v_3 ]
		(2, 2)    eval_map_glyph_to_char_6(v_3, v_5, v_ch.0) -> Com_1(eval_map_glyph_to_char_stop(v_3, v_5, v_ch.0)) [ v_5 - v_ch.0 >= 0 /\ v_3 - v_ch.0 - 1 >= 0 /\ v_ch.0 >= 0 /\ v_5 + v_ch.0 >= 0 /\ -v_5 + v_ch.0 >= 0 /\ v_3 + v_ch.0 - 1 >= 0 /\ v_3 - v_5 - 1 >= 0 /\ v_5 >= 0 /\ v_3 + v_5 - 1 >= 0 /\ v_3 - 1 >= 0 ]
		(?, 1)    eval_map_glyph_to_char_5(v_3, v_5, v_ch.0) -> Com_2(eval_obj_eq_start(v_3, v_5, v_ch.0), eval_map_glyph_to_char_6(v_3, v_5, v_ch.0)) [ v_5 - v_ch.0 >= 0 /\ v_3 - v_ch.0 - 1 >= 0 /\ v_ch.0 >= 0 /\ v_5 + v_ch.0 >= 0 /\ -v_5 + v_ch.0 >= 0 /\ v_3 + v_ch.0 - 1 >= 0 /\ v_3 - v_5 - 1 >= 0 /\ v_5 >= 0 /\ v_3 + v_5 - 1 >= 0 /\ v_3 - 1 >= 0 ]
		(?, 2)    eval_map_glyph_to_char_bb1_in(v_3, v_5, v_ch.0) -> Com_2(eval_array_get_start(v_3, v_ch.0, v_ch.0), eval_map_glyph_to_char_5(v_3, v_ch.0, v_ch.0)) [ v_ch.0 >= 0 /\ v_ch.0 < v_3 /\ 0 >= 0 /\ v_3 - v_ch.0 - 1 >= 0 /\ 2*v_ch.0 >= 0 /\ v_3 + v_ch.0 - 1 >= 0 /\ v_3 - 1 >= 0 ]
		(2, 2)    eval_map_glyph_to_char_bb1_in(v_3, v_5, v_ch.0) -> Com_1(eval_map_glyph_to_char_stop(v_3, v_5, v_ch.0)) [ v_ch.0 >= 0 /\ v_ch.0 >= v_3 ]
		(1, 2)    eval_map_glyph_to_char_start(v_3, v_5, v_ch.0) -> Com_1(eval_map_glyph_to_char_bb1_in(nondef.0, v_5, 0))
	start location:	eval_map_glyph_to_char_start
	leaf cost:	0

Repeatedly propagating knowledge in problem 12 produces the following problem:
13:	T:
		(?, 3)    eval_map_glyph_to_char_6(v_3, v_5, v_ch.0) -> Com_2(eval_array_get_start(v_3, v_ch.0 + 1, v_ch.0 + 1), eval_map_glyph_to_char_5(v_3, v_ch.0 + 1, v_ch.0 + 1)) [ v_5 - v_ch.0 >= 0 /\ v_3 - v_ch.0 - 1 >= 0 /\ v_ch.0 >= 0 /\ v_5 + v_ch.0 >= 0 /\ -v_5 + v_ch.0 >= 0 /\ v_3 + v_ch.0 - 1 >= 0 /\ v_3 - v_5 - 1 >= 0 /\ v_5 >= 0 /\ v_3 + v_5 - 1 >= 0 /\ v_3 - 1 >= 0 /\ v_ch.0 + 1 >= 0 /\ v_ch.0 + 1 < v_3 /\ 0 >= 0 /\ v_3 - v_ch.0 - 2 >= 0 /\ 2*v_ch.0 + 2 >= 0 /\ v_3 + v_ch.0 >= 0 ]
		(?, 3)    eval_map_glyph_to_char_6(v_3, v_5, v_ch.0) -> Com_1(eval_map_glyph_to_char_stop(v_3, v_5, v_ch.0 + 1)) [ v_5 - v_ch.0 >= 0 /\ v_3 - v_ch.0 - 1 >= 0 /\ v_ch.0 >= 0 /\ v_5 + v_ch.0 >= 0 /\ -v_5 + v_ch.0 >= 0 /\ v_3 + v_ch.0 - 1 >= 0 /\ v_3 - v_5 - 1 >= 0 /\ v_5 >= 0 /\ v_3 + v_5 - 1 >= 0 /\ v_3 - 1 >= 0 /\ v_ch.0 + 1 >= 0 /\ v_ch.0 + 1 >= v_3 ]
		(2, 2)    eval_map_glyph_to_char_6(v_3, v_5, v_ch.0) -> Com_1(eval_map_glyph_to_char_stop(v_3, v_5, v_ch.0)) [ v_5 - v_ch.0 >= 0 /\ v_3 - v_ch.0 - 1 >= 0 /\ v_ch.0 >= 0 /\ v_5 + v_ch.0 >= 0 /\ -v_5 + v_ch.0 >= 0 /\ v_3 + v_ch.0 - 1 >= 0 /\ v_3 - v_5 - 1 >= 0 /\ v_5 >= 0 /\ v_3 + v_5 - 1 >= 0 /\ v_3 - 1 >= 0 ]
		(?, 1)    eval_map_glyph_to_char_5(v_3, v_5, v_ch.0) -> Com_2(eval_obj_eq_start(v_3, v_5, v_ch.0), eval_map_glyph_to_char_6(v_3, v_5, v_ch.0)) [ v_5 - v_ch.0 >= 0 /\ v_3 - v_ch.0 - 1 >= 0 /\ v_ch.0 >= 0 /\ v_5 + v_ch.0 >= 0 /\ -v_5 + v_ch.0 >= 0 /\ v_3 + v_ch.0 - 1 >= 0 /\ v_3 - v_5 - 1 >= 0 /\ v_5 >= 0 /\ v_3 + v_5 - 1 >= 0 /\ v_3 - 1 >= 0 ]
		(1, 2)    eval_map_glyph_to_char_bb1_in(v_3, v_5, v_ch.0) -> Com_2(eval_array_get_start(v_3, v_ch.0, v_ch.0), eval_map_glyph_to_char_5(v_3, v_ch.0, v_ch.0)) [ v_ch.0 >= 0 /\ v_ch.0 < v_3 /\ 0 >= 0 /\ v_3 - v_ch.0 - 1 >= 0 /\ 2*v_ch.0 >= 0 /\ v_3 + v_ch.0 - 1 >= 0 /\ v_3 - 1 >= 0 ]
		(2, 2)    eval_map_glyph_to_char_bb1_in(v_3, v_5, v_ch.0) -> Com_1(eval_map_glyph_to_char_stop(v_3, v_5, v_ch.0)) [ v_ch.0 >= 0 /\ v_ch.0 >= v_3 ]
		(1, 2)    eval_map_glyph_to_char_start(v_3, v_5, v_ch.0) -> Com_1(eval_map_glyph_to_char_bb1_in(nondef.0, v_5, 0))
	start location:	eval_map_glyph_to_char_start
	leaf cost:	0

A polynomial rank function with
	Pol(eval_map_glyph_to_char_6) = 1
	Pol(eval_array_get_start) = 0
	Pol(eval_map_glyph_to_char_5) = 1
	Pol(eval_map_glyph_to_char_stop) = 0
	Pol(eval_obj_eq_start) = 0
	Pol(eval_map_glyph_to_char_bb1_in) = 1
	Pol(eval_map_glyph_to_char_start) = 1
orients all transitions weakly and the transition
	eval_map_glyph_to_char_6(v_3, v_5, v_ch.0) -> Com_1(eval_map_glyph_to_char_stop(v_3, v_5, v_ch.0 + 1)) [ v_5 - v_ch.0 >= 0 /\ v_3 - v_ch.0 - 1 >= 0 /\ v_ch.0 >= 0 /\ v_5 + v_ch.0 >= 0 /\ -v_5 + v_ch.0 >= 0 /\ v_3 + v_ch.0 - 1 >= 0 /\ v_3 - v_5 - 1 >= 0 /\ v_5 >= 0 /\ v_3 + v_5 - 1 >= 0 /\ v_3 - 1 >= 0 /\ v_ch.0 + 1 >= 0 /\ v_ch.0 + 1 >= v_3 ]
strictly and produces the following problem:
14:	T:
		(?, 3)    eval_map_glyph_to_char_6(v_3, v_5, v_ch.0) -> Com_2(eval_array_get_start(v_3, v_ch.0 + 1, v_ch.0 + 1), eval_map_glyph_to_char_5(v_3, v_ch.0 + 1, v_ch.0 + 1)) [ v_5 - v_ch.0 >= 0 /\ v_3 - v_ch.0 - 1 >= 0 /\ v_ch.0 >= 0 /\ v_5 + v_ch.0 >= 0 /\ -v_5 + v_ch.0 >= 0 /\ v_3 + v_ch.0 - 1 >= 0 /\ v_3 - v_5 - 1 >= 0 /\ v_5 >= 0 /\ v_3 + v_5 - 1 >= 0 /\ v_3 - 1 >= 0 /\ v_ch.0 + 1 >= 0 /\ v_ch.0 + 1 < v_3 /\ 0 >= 0 /\ v_3 - v_ch.0 - 2 >= 0 /\ 2*v_ch.0 + 2 >= 0 /\ v_3 + v_ch.0 >= 0 ]
		(1, 3)    eval_map_glyph_to_char_6(v_3, v_5, v_ch.0) -> Com_1(eval_map_glyph_to_char_stop(v_3, v_5, v_ch.0 + 1)) [ v_5 - v_ch.0 >= 0 /\ v_3 - v_ch.0 - 1 >= 0 /\ v_ch.0 >= 0 /\ v_5 + v_ch.0 >= 0 /\ -v_5 + v_ch.0 >= 0 /\ v_3 + v_ch.0 - 1 >= 0 /\ v_3 - v_5 - 1 >= 0 /\ v_5 >= 0 /\ v_3 + v_5 - 1 >= 0 /\ v_3 - 1 >= 0 /\ v_ch.0 + 1 >= 0 /\ v_ch.0 + 1 >= v_3 ]
		(2, 2)    eval_map_glyph_to_char_6(v_3, v_5, v_ch.0) -> Com_1(eval_map_glyph_to_char_stop(v_3, v_5, v_ch.0)) [ v_5 - v_ch.0 >= 0 /\ v_3 - v_ch.0 - 1 >= 0 /\ v_ch.0 >= 0 /\ v_5 + v_ch.0 >= 0 /\ -v_5 + v_ch.0 >= 0 /\ v_3 + v_ch.0 - 1 >= 0 /\ v_3 - v_5 - 1 >= 0 /\ v_5 >= 0 /\ v_3 + v_5 - 1 >= 0 /\ v_3 - 1 >= 0 ]
		(?, 1)    eval_map_glyph_to_char_5(v_3, v_5, v_ch.0) -> Com_2(eval_obj_eq_start(v_3, v_5, v_ch.0), eval_map_glyph_to_char_6(v_3, v_5, v_ch.0)) [ v_5 - v_ch.0 >= 0 /\ v_3 - v_ch.0 - 1 >= 0 /\ v_ch.0 >= 0 /\ v_5 + v_ch.0 >= 0 /\ -v_5 + v_ch.0 >= 0 /\ v_3 + v_ch.0 - 1 >= 0 /\ v_3 - v_5 - 1 >= 0 /\ v_5 >= 0 /\ v_3 + v_5 - 1 >= 0 /\ v_3 - 1 >= 0 ]
		(1, 2)    eval_map_glyph_to_char_bb1_in(v_3, v_5, v_ch.0) -> Com_2(eval_array_get_start(v_3, v_ch.0, v_ch.0), eval_map_glyph_to_char_5(v_3, v_ch.0, v_ch.0)) [ v_ch.0 >= 0 /\ v_ch.0 < v_3 /\ 0 >= 0 /\ v_3 - v_ch.0 - 1 >= 0 /\ 2*v_ch.0 >= 0 /\ v_3 + v_ch.0 - 1 >= 0 /\ v_3 - 1 >= 0 ]
		(2, 2)    eval_map_glyph_to_char_bb1_in(v_3, v_5, v_ch.0) -> Com_1(eval_map_glyph_to_char_stop(v_3, v_5, v_ch.0)) [ v_ch.0 >= 0 /\ v_ch.0 >= v_3 ]
		(1, 2)    eval_map_glyph_to_char_start(v_3, v_5, v_ch.0) -> Com_1(eval_map_glyph_to_char_bb1_in(nondef.0, v_5, 0))
	start location:	eval_map_glyph_to_char_start
	leaf cost:	0

By chaining the transition eval_map_glyph_to_char_start(v_3, v_5, v_ch.0) -> Com_1(eval_map_glyph_to_char_bb1_in(nondef.0, v_5, 0)) with all transitions in problem 14, the following new transitions are obtained:
	eval_map_glyph_to_char_start(v_3, v_5, v_ch.0) -> Com_2(eval_array_get_start(nondef.0, 0, 0), eval_map_glyph_to_char_5(nondef.0, 0, 0)) [ 0 >= 0 /\ 0 < nondef.0 /\ nondef.0 - 1 >= 0 ]
	eval_map_glyph_to_char_start(v_3, v_5, v_ch.0) -> Com_1(eval_map_glyph_to_char_stop(nondef.0, v_5, 0)) [ 0 >= 0 /\ 0 >= nondef.0 ]
We thus obtain the following problem:
15:	T:
		(1, 4)    eval_map_glyph_to_char_start(v_3, v_5, v_ch.0) -> Com_2(eval_array_get_start(nondef.0, 0, 0), eval_map_glyph_to_char_5(nondef.0, 0, 0)) [ 0 >= 0 /\ 0 < nondef.0 /\ nondef.0 - 1 >= 0 ]
		(1, 4)    eval_map_glyph_to_char_start(v_3, v_5, v_ch.0) -> Com_1(eval_map_glyph_to_char_stop(nondef.0, v_5, 0)) [ 0 >= 0 /\ 0 >= nondef.0 ]
		(?, 3)    eval_map_glyph_to_char_6(v_3, v_5, v_ch.0) -> Com_2(eval_array_get_start(v_3, v_ch.0 + 1, v_ch.0 + 1), eval_map_glyph_to_char_5(v_3, v_ch.0 + 1, v_ch.0 + 1)) [ v_5 - v_ch.0 >= 0 /\ v_3 - v_ch.0 - 1 >= 0 /\ v_ch.0 >= 0 /\ v_5 + v_ch.0 >= 0 /\ -v_5 + v_ch.0 >= 0 /\ v_3 + v_ch.0 - 1 >= 0 /\ v_3 - v_5 - 1 >= 0 /\ v_5 >= 0 /\ v_3 + v_5 - 1 >= 0 /\ v_3 - 1 >= 0 /\ v_ch.0 + 1 >= 0 /\ v_ch.0 + 1 < v_3 /\ 0 >= 0 /\ v_3 - v_ch.0 - 2 >= 0 /\ 2*v_ch.0 + 2 >= 0 /\ v_3 + v_ch.0 >= 0 ]
		(1, 3)    eval_map_glyph_to_char_6(v_3, v_5, v_ch.0) -> Com_1(eval_map_glyph_to_char_stop(v_3, v_5, v_ch.0 + 1)) [ v_5 - v_ch.0 >= 0 /\ v_3 - v_ch.0 - 1 >= 0 /\ v_ch.0 >= 0 /\ v_5 + v_ch.0 >= 0 /\ -v_5 + v_ch.0 >= 0 /\ v_3 + v_ch.0 - 1 >= 0 /\ v_3 - v_5 - 1 >= 0 /\ v_5 >= 0 /\ v_3 + v_5 - 1 >= 0 /\ v_3 - 1 >= 0 /\ v_ch.0 + 1 >= 0 /\ v_ch.0 + 1 >= v_3 ]
		(2, 2)    eval_map_glyph_to_char_6(v_3, v_5, v_ch.0) -> Com_1(eval_map_glyph_to_char_stop(v_3, v_5, v_ch.0)) [ v_5 - v_ch.0 >= 0 /\ v_3 - v_ch.0 - 1 >= 0 /\ v_ch.0 >= 0 /\ v_5 + v_ch.0 >= 0 /\ -v_5 + v_ch.0 >= 0 /\ v_3 + v_ch.0 - 1 >= 0 /\ v_3 - v_5 - 1 >= 0 /\ v_5 >= 0 /\ v_3 + v_5 - 1 >= 0 /\ v_3 - 1 >= 0 ]
		(?, 1)    eval_map_glyph_to_char_5(v_3, v_5, v_ch.0) -> Com_2(eval_obj_eq_start(v_3, v_5, v_ch.0), eval_map_glyph_to_char_6(v_3, v_5, v_ch.0)) [ v_5 - v_ch.0 >= 0 /\ v_3 - v_ch.0 - 1 >= 0 /\ v_ch.0 >= 0 /\ v_5 + v_ch.0 >= 0 /\ -v_5 + v_ch.0 >= 0 /\ v_3 + v_ch.0 - 1 >= 0 /\ v_3 - v_5 - 1 >= 0 /\ v_5 >= 0 /\ v_3 + v_5 - 1 >= 0 /\ v_3 - 1 >= 0 ]
		(1, 2)    eval_map_glyph_to_char_bb1_in(v_3, v_5, v_ch.0) -> Com_2(eval_array_get_start(v_3, v_ch.0, v_ch.0), eval_map_glyph_to_char_5(v_3, v_ch.0, v_ch.0)) [ v_ch.0 >= 0 /\ v_ch.0 < v_3 /\ 0 >= 0 /\ v_3 - v_ch.0 - 1 >= 0 /\ 2*v_ch.0 >= 0 /\ v_3 + v_ch.0 - 1 >= 0 /\ v_3 - 1 >= 0 ]
		(2, 2)    eval_map_glyph_to_char_bb1_in(v_3, v_5, v_ch.0) -> Com_1(eval_map_glyph_to_char_stop(v_3, v_5, v_ch.0)) [ v_ch.0 >= 0 /\ v_ch.0 >= v_3 ]
	start location:	eval_map_glyph_to_char_start
	leaf cost:	0

Testing for reachability in the complexity graph removes the following transitions from problem 15:
	eval_map_glyph_to_char_bb1_in(v_3, v_5, v_ch.0) -> Com_2(eval_array_get_start(v_3, v_ch.0, v_ch.0), eval_map_glyph_to_char_5(v_3, v_ch.0, v_ch.0)) [ v_ch.0 >= 0 /\ v_ch.0 < v_3 /\ 0 >= 0 /\ v_3 - v_ch.0 - 1 >= 0 /\ 2*v_ch.0 >= 0 /\ v_3 + v_ch.0 - 1 >= 0 /\ v_3 - 1 >= 0 ]
	eval_map_glyph_to_char_bb1_in(v_3, v_5, v_ch.0) -> Com_1(eval_map_glyph_to_char_stop(v_3, v_5, v_ch.0)) [ v_ch.0 >= 0 /\ v_ch.0 >= v_3 ]
We thus obtain the following problem:
16:	T:
		(1, 3)    eval_map_glyph_to_char_6(v_3, v_5, v_ch.0) -> Com_1(eval_map_glyph_to_char_stop(v_3, v_5, v_ch.0 + 1)) [ v_5 - v_ch.0 >= 0 /\ v_3 - v_ch.0 - 1 >= 0 /\ v_ch.0 >= 0 /\ v_5 + v_ch.0 >= 0 /\ -v_5 + v_ch.0 >= 0 /\ v_3 + v_ch.0 - 1 >= 0 /\ v_3 - v_5 - 1 >= 0 /\ v_5 >= 0 /\ v_3 + v_5 - 1 >= 0 /\ v_3 - 1 >= 0 /\ v_ch.0 + 1 >= 0 /\ v_ch.0 + 1 >= v_3 ]
		(?, 3)    eval_map_glyph_to_char_6(v_3, v_5, v_ch.0) -> Com_2(eval_array_get_start(v_3, v_ch.0 + 1, v_ch.0 + 1), eval_map_glyph_to_char_5(v_3, v_ch.0 + 1, v_ch.0 + 1)) [ v_5 - v_ch.0 >= 0 /\ v_3 - v_ch.0 - 1 >= 0 /\ v_ch.0 >= 0 /\ v_5 + v_ch.0 >= 0 /\ -v_5 + v_ch.0 >= 0 /\ v_3 + v_ch.0 - 1 >= 0 /\ v_3 - v_5 - 1 >= 0 /\ v_5 >= 0 /\ v_3 + v_5 - 1 >= 0 /\ v_3 - 1 >= 0 /\ v_ch.0 + 1 >= 0 /\ v_ch.0 + 1 < v_3 /\ 0 >= 0 /\ v_3 - v_ch.0 - 2 >= 0 /\ 2*v_ch.0 + 2 >= 0 /\ v_3 + v_ch.0 >= 0 ]
		(2, 2)    eval_map_glyph_to_char_6(v_3, v_5, v_ch.0) -> Com_1(eval_map_glyph_to_char_stop(v_3, v_5, v_ch.0)) [ v_5 - v_ch.0 >= 0 /\ v_3 - v_ch.0 - 1 >= 0 /\ v_ch.0 >= 0 /\ v_5 + v_ch.0 >= 0 /\ -v_5 + v_ch.0 >= 0 /\ v_3 + v_ch.0 - 1 >= 0 /\ v_3 - v_5 - 1 >= 0 /\ v_5 >= 0 /\ v_3 + v_5 - 1 >= 0 /\ v_3 - 1 >= 0 ]
		(?, 1)    eval_map_glyph_to_char_5(v_3, v_5, v_ch.0) -> Com_2(eval_obj_eq_start(v_3, v_5, v_ch.0), eval_map_glyph_to_char_6(v_3, v_5, v_ch.0)) [ v_5 - v_ch.0 >= 0 /\ v_3 - v_ch.0 - 1 >= 0 /\ v_ch.0 >= 0 /\ v_5 + v_ch.0 >= 0 /\ -v_5 + v_ch.0 >= 0 /\ v_3 + v_ch.0 - 1 >= 0 /\ v_3 - v_5 - 1 >= 0 /\ v_5 >= 0 /\ v_3 + v_5 - 1 >= 0 /\ v_3 - 1 >= 0 ]
		(1, 4)    eval_map_glyph_to_char_start(v_3, v_5, v_ch.0) -> Com_1(eval_map_glyph_to_char_stop(nondef.0, v_5, 0)) [ 0 >= 0 /\ 0 >= nondef.0 ]
		(1, 4)    eval_map_glyph_to_char_start(v_3, v_5, v_ch.0) -> Com_2(eval_array_get_start(nondef.0, 0, 0), eval_map_glyph_to_char_5(nondef.0, 0, 0)) [ 0 >= 0 /\ 0 < nondef.0 /\ nondef.0 - 1 >= 0 ]
	start location:	eval_map_glyph_to_char_start
	leaf cost:	0

Complexity upper bound ?

Time: 0.657 sec (SMT: 0.485 sec)
