YES(?, 60)

Initial complexity problem:
1:	T:
		(1, 1)    eval_set_trans_start(v_'speed, v_e, v_ext, v_i.0) -> eval_set_trans_bb0_in(v_'speed, v_e, v_ext, v_i.0)
		(?, 1)    eval_set_trans_bb0_in(v_'speed, v_e, v_ext, v_i.0) -> eval_set_trans_bb1_in(v_'speed, v_e, v_ext, 0)
		(?, 1)    eval_set_trans_bb1_in(v_'speed, v_e, v_ext, v_i.0) -> eval_set_trans_bb5_in(v_'speed, v_e, v_ext, v_i.0) [ v_i.0 < 19 ]
		(?, 1)    eval_set_trans_bb1_in(v_'speed, v_e, v_ext, v_i.0) -> eval_set_trans_stop(v_'speed, v_e, v_ext, v_i.0) [ v_i.0 >= 19 ]
		(?, 1)    eval_set_trans_bb5_in(v_'speed, v_e, v_ext, v_i.0) -> eval_set_trans_bb8_in(v_'speed, v_e, v_ext, v_i.0)
		(?, 1)    eval_set_trans_bb8_in(v_'speed, v_e, v_ext, v_i.0) -> eval_set_trans_bb1_in(v_'speed, v_e, v_ext, v_i.0 + 1)
	start location:	eval_set_trans_start
	leaf cost:	0

Repeatedly removing leaves of the complexity graph in problem 1 produces the following problem:
2:	T:
		(1, 1)    eval_set_trans_start(v_'speed, v_e, v_ext, v_i.0) -> eval_set_trans_bb0_in(v_'speed, v_e, v_ext, v_i.0)
		(?, 1)    eval_set_trans_bb0_in(v_'speed, v_e, v_ext, v_i.0) -> eval_set_trans_bb1_in(v_'speed, v_e, v_ext, 0)
		(?, 1)    eval_set_trans_bb1_in(v_'speed, v_e, v_ext, v_i.0) -> eval_set_trans_bb5_in(v_'speed, v_e, v_ext, v_i.0) [ v_i.0 < 19 ]
		(?, 1)    eval_set_trans_bb5_in(v_'speed, v_e, v_ext, v_i.0) -> eval_set_trans_bb8_in(v_'speed, v_e, v_ext, v_i.0)
		(?, 1)    eval_set_trans_bb8_in(v_'speed, v_e, v_ext, v_i.0) -> eval_set_trans_bb1_in(v_'speed, v_e, v_ext, v_i.0 + 1)
	start location:	eval_set_trans_start
	leaf cost:	1

Repeatedly propagating knowledge in problem 2 produces the following problem:
3:	T:
		(1, 1)    eval_set_trans_start(v_'speed, v_e, v_ext, v_i.0) -> eval_set_trans_bb0_in(v_'speed, v_e, v_ext, v_i.0)
		(1, 1)    eval_set_trans_bb0_in(v_'speed, v_e, v_ext, v_i.0) -> eval_set_trans_bb1_in(v_'speed, v_e, v_ext, 0)
		(?, 1)    eval_set_trans_bb1_in(v_'speed, v_e, v_ext, v_i.0) -> eval_set_trans_bb5_in(v_'speed, v_e, v_ext, v_i.0) [ v_i.0 < 19 ]
		(?, 1)    eval_set_trans_bb5_in(v_'speed, v_e, v_ext, v_i.0) -> eval_set_trans_bb8_in(v_'speed, v_e, v_ext, v_i.0)
		(?, 1)    eval_set_trans_bb8_in(v_'speed, v_e, v_ext, v_i.0) -> eval_set_trans_bb1_in(v_'speed, v_e, v_ext, v_i.0 + 1)
	start location:	eval_set_trans_start
	leaf cost:	1

A polynomial rank function with
	Pol(eval_set_trans_start) = 19
	Pol(eval_set_trans_bb0_in) = 19
	Pol(eval_set_trans_bb1_in) = -V_4 + 19
	Pol(eval_set_trans_bb5_in) = -V_4 + 18
	Pol(eval_set_trans_bb8_in) = -V_4 + 18
orients all transitions weakly and the transition
	eval_set_trans_bb1_in(v_'speed, v_e, v_ext, v_i.0) -> eval_set_trans_bb5_in(v_'speed, v_e, v_ext, v_i.0) [ v_i.0 < 19 ]
strictly and produces the following problem:
4:	T:
		(1, 1)     eval_set_trans_start(v_'speed, v_e, v_ext, v_i.0) -> eval_set_trans_bb0_in(v_'speed, v_e, v_ext, v_i.0)
		(1, 1)     eval_set_trans_bb0_in(v_'speed, v_e, v_ext, v_i.0) -> eval_set_trans_bb1_in(v_'speed, v_e, v_ext, 0)
		(19, 1)    eval_set_trans_bb1_in(v_'speed, v_e, v_ext, v_i.0) -> eval_set_trans_bb5_in(v_'speed, v_e, v_ext, v_i.0) [ v_i.0 < 19 ]
		(?, 1)     eval_set_trans_bb5_in(v_'speed, v_e, v_ext, v_i.0) -> eval_set_trans_bb8_in(v_'speed, v_e, v_ext, v_i.0)
		(?, 1)     eval_set_trans_bb8_in(v_'speed, v_e, v_ext, v_i.0) -> eval_set_trans_bb1_in(v_'speed, v_e, v_ext, v_i.0 + 1)
	start location:	eval_set_trans_start
	leaf cost:	1

Repeatedly propagating knowledge in problem 4 produces the following problem:
5:	T:
		(1, 1)     eval_set_trans_start(v_'speed, v_e, v_ext, v_i.0) -> eval_set_trans_bb0_in(v_'speed, v_e, v_ext, v_i.0)
		(1, 1)     eval_set_trans_bb0_in(v_'speed, v_e, v_ext, v_i.0) -> eval_set_trans_bb1_in(v_'speed, v_e, v_ext, 0)
		(19, 1)    eval_set_trans_bb1_in(v_'speed, v_e, v_ext, v_i.0) -> eval_set_trans_bb5_in(v_'speed, v_e, v_ext, v_i.0) [ v_i.0 < 19 ]
		(19, 1)    eval_set_trans_bb5_in(v_'speed, v_e, v_ext, v_i.0) -> eval_set_trans_bb8_in(v_'speed, v_e, v_ext, v_i.0)
		(19, 1)    eval_set_trans_bb8_in(v_'speed, v_e, v_ext, v_i.0) -> eval_set_trans_bb1_in(v_'speed, v_e, v_ext, v_i.0 + 1)
	start location:	eval_set_trans_start
	leaf cost:	1

Complexity upper bound 60

Time: 0.029 sec (SMT: 0.025 sec)
