MAYBE

Initial complexity problem:
1:	T:
		(1, 1)    eval_debug_dump_bytes_start(v_11, v_18) -> Com_1(eval_debug_dump_bytes_bb0_in(v_11, v_18))
		(?, 1)    eval_debug_dump_bytes_bb0_in(v_11, v_18) -> Com_1(eval_debug_dump_bytes_0(v_11, v_18))
		(?, 1)    eval_debug_dump_bytes_bb0_in(v_11, v_18) -> Com_1(eval_debug_dump_bytes_bb2_in(v_11, v_18))
		(?, 1)    eval_debug_dump_bytes_0(v_11, v_18) -> Com_2(eval_fprintf_start(v_11, v_18), eval_debug_dump_bytes_1(v_11, v_18))
		(?, 1)    eval_debug_dump_bytes_1(v_11, v_18) -> Com_1(eval_debug_dump_bytes_bb2_in(v_11, v_18))
		(?, 1)    eval_debug_dump_bytes_bb2_in(v_11, v_18) -> Com_1(eval_debug_dump_bytes_3(nondef.1, v_18))
		(?, 1)    eval_debug_dump_bytes_bb2_in(v_11, v_18) -> Com_1(eval_debug_dump_bytes_stop(v_11, v_18))
		(?, 1)    eval_debug_dump_bytes_3(v_11, v_18) -> Com_2(eval_fprintf_start(v_11, v_18), eval_debug_dump_bytes_4(v_11, v_18))
		(?, 1)    eval_debug_dump_bytes_4(v_11, v_18) -> Com_1(eval_debug_dump_bytes_bb4_in(v_11, v_18))
		(?, 1)    eval_debug_dump_bytes_bb4_in(v_11, v_18) -> Com_1(eval_debug_dump_bytes_7(v_11, nondef.3))
		(?, 1)    eval_debug_dump_bytes_bb4_in(v_11, v_18) -> Com_1(eval_debug_dump_bytes_9(v_11, v_18))
		(?, 1)    eval_debug_dump_bytes_7(v_11, v_18) -> Com_2(eval_fprintf_start(v_11, v_18), eval_debug_dump_bytes_8(v_11, v_18))
		(?, 1)    eval_debug_dump_bytes_8(v_11, v_18) -> Com_1(eval_debug_dump_bytes_bb4_in(v_11, v_18))
		(?, 1)    eval_debug_dump_bytes_9(v_11, v_18) -> Com_2(eval_fprintf_start(v_11, v_18), eval_debug_dump_bytes_10(v_11, v_18))
		(?, 1)    eval_debug_dump_bytes_10(v_11, v_18) -> Com_1(eval_debug_dump_bytes_bb2_in(v_11, v_18))
	start location:	eval_debug_dump_bytes_start
	leaf cost:	0

Repeatedly propagating knowledge in problem 1 produces the following problem:
2:	T:
		(1, 1)    eval_debug_dump_bytes_start(v_11, v_18) -> Com_1(eval_debug_dump_bytes_bb0_in(v_11, v_18))
		(1, 1)    eval_debug_dump_bytes_bb0_in(v_11, v_18) -> Com_1(eval_debug_dump_bytes_0(v_11, v_18))
		(1, 1)    eval_debug_dump_bytes_bb0_in(v_11, v_18) -> Com_1(eval_debug_dump_bytes_bb2_in(v_11, v_18))
		(1, 1)    eval_debug_dump_bytes_0(v_11, v_18) -> Com_2(eval_fprintf_start(v_11, v_18), eval_debug_dump_bytes_1(v_11, v_18))
		(1, 1)    eval_debug_dump_bytes_1(v_11, v_18) -> Com_1(eval_debug_dump_bytes_bb2_in(v_11, v_18))
		(?, 1)    eval_debug_dump_bytes_bb2_in(v_11, v_18) -> Com_1(eval_debug_dump_bytes_3(nondef.1, v_18))
		(?, 1)    eval_debug_dump_bytes_bb2_in(v_11, v_18) -> Com_1(eval_debug_dump_bytes_stop(v_11, v_18))
		(?, 1)    eval_debug_dump_bytes_3(v_11, v_18) -> Com_2(eval_fprintf_start(v_11, v_18), eval_debug_dump_bytes_4(v_11, v_18))
		(?, 1)    eval_debug_dump_bytes_4(v_11, v_18) -> Com_1(eval_debug_dump_bytes_bb4_in(v_11, v_18))
		(?, 1)    eval_debug_dump_bytes_bb4_in(v_11, v_18) -> Com_1(eval_debug_dump_bytes_7(v_11, nondef.3))
		(?, 1)    eval_debug_dump_bytes_bb4_in(v_11, v_18) -> Com_1(eval_debug_dump_bytes_9(v_11, v_18))
		(?, 1)    eval_debug_dump_bytes_7(v_11, v_18) -> Com_2(eval_fprintf_start(v_11, v_18), eval_debug_dump_bytes_8(v_11, v_18))
		(?, 1)    eval_debug_dump_bytes_8(v_11, v_18) -> Com_1(eval_debug_dump_bytes_bb4_in(v_11, v_18))
		(?, 1)    eval_debug_dump_bytes_9(v_11, v_18) -> Com_2(eval_fprintf_start(v_11, v_18), eval_debug_dump_bytes_10(v_11, v_18))
		(?, 1)    eval_debug_dump_bytes_10(v_11, v_18) -> Com_1(eval_debug_dump_bytes_bb2_in(v_11, v_18))
	start location:	eval_debug_dump_bytes_start
	leaf cost:	0

A polynomial rank function with
	Pol(eval_debug_dump_bytes_start) = 1
	Pol(eval_debug_dump_bytes_bb0_in) = 1
	Pol(eval_debug_dump_bytes_0) = 1
	Pol(eval_debug_dump_bytes_bb2_in) = 1
	Pol(eval_fprintf_start) = 0
	Pol(eval_debug_dump_bytes_1) = 1
	Pol(eval_debug_dump_bytes_3) = 1
	Pol(eval_debug_dump_bytes_stop) = 0
	Pol(eval_debug_dump_bytes_4) = 1
	Pol(eval_debug_dump_bytes_bb4_in) = 1
	Pol(eval_debug_dump_bytes_7) = 1
	Pol(eval_debug_dump_bytes_9) = 1
	Pol(eval_debug_dump_bytes_8) = 1
	Pol(eval_debug_dump_bytes_10) = 1
orients all transitions weakly and the transition
	eval_debug_dump_bytes_bb2_in(v_11, v_18) -> Com_1(eval_debug_dump_bytes_stop(v_11, v_18))
strictly and produces the following problem:
3:	T:
		(1, 1)    eval_debug_dump_bytes_start(v_11, v_18) -> Com_1(eval_debug_dump_bytes_bb0_in(v_11, v_18))
		(1, 1)    eval_debug_dump_bytes_bb0_in(v_11, v_18) -> Com_1(eval_debug_dump_bytes_0(v_11, v_18))
		(1, 1)    eval_debug_dump_bytes_bb0_in(v_11, v_18) -> Com_1(eval_debug_dump_bytes_bb2_in(v_11, v_18))
		(1, 1)    eval_debug_dump_bytes_0(v_11, v_18) -> Com_2(eval_fprintf_start(v_11, v_18), eval_debug_dump_bytes_1(v_11, v_18))
		(1, 1)    eval_debug_dump_bytes_1(v_11, v_18) -> Com_1(eval_debug_dump_bytes_bb2_in(v_11, v_18))
		(?, 1)    eval_debug_dump_bytes_bb2_in(v_11, v_18) -> Com_1(eval_debug_dump_bytes_3(nondef.1, v_18))
		(1, 1)    eval_debug_dump_bytes_bb2_in(v_11, v_18) -> Com_1(eval_debug_dump_bytes_stop(v_11, v_18))
		(?, 1)    eval_debug_dump_bytes_3(v_11, v_18) -> Com_2(eval_fprintf_start(v_11, v_18), eval_debug_dump_bytes_4(v_11, v_18))
		(?, 1)    eval_debug_dump_bytes_4(v_11, v_18) -> Com_1(eval_debug_dump_bytes_bb4_in(v_11, v_18))
		(?, 1)    eval_debug_dump_bytes_bb4_in(v_11, v_18) -> Com_1(eval_debug_dump_bytes_7(v_11, nondef.3))
		(?, 1)    eval_debug_dump_bytes_bb4_in(v_11, v_18) -> Com_1(eval_debug_dump_bytes_9(v_11, v_18))
		(?, 1)    eval_debug_dump_bytes_7(v_11, v_18) -> Com_2(eval_fprintf_start(v_11, v_18), eval_debug_dump_bytes_8(v_11, v_18))
		(?, 1)    eval_debug_dump_bytes_8(v_11, v_18) -> Com_1(eval_debug_dump_bytes_bb4_in(v_11, v_18))
		(?, 1)    eval_debug_dump_bytes_9(v_11, v_18) -> Com_2(eval_fprintf_start(v_11, v_18), eval_debug_dump_bytes_10(v_11, v_18))
		(?, 1)    eval_debug_dump_bytes_10(v_11, v_18) -> Com_1(eval_debug_dump_bytes_bb2_in(v_11, v_18))
	start location:	eval_debug_dump_bytes_start
	leaf cost:	0

By chaining the transition eval_debug_dump_bytes_bb0_in(v_11, v_18) -> Com_1(eval_debug_dump_bytes_0(v_11, v_18)) with all transitions in problem 3, the following new transition is obtained:
	eval_debug_dump_bytes_bb0_in(v_11, v_18) -> Com_2(eval_fprintf_start(v_11, v_18), eval_debug_dump_bytes_1(v_11, v_18))
We thus obtain the following problem:
4:	T:
		(1, 2)    eval_debug_dump_bytes_bb0_in(v_11, v_18) -> Com_2(eval_fprintf_start(v_11, v_18), eval_debug_dump_bytes_1(v_11, v_18))
		(1, 1)    eval_debug_dump_bytes_start(v_11, v_18) -> Com_1(eval_debug_dump_bytes_bb0_in(v_11, v_18))
		(1, 1)    eval_debug_dump_bytes_bb0_in(v_11, v_18) -> Com_1(eval_debug_dump_bytes_bb2_in(v_11, v_18))
		(1, 1)    eval_debug_dump_bytes_0(v_11, v_18) -> Com_2(eval_fprintf_start(v_11, v_18), eval_debug_dump_bytes_1(v_11, v_18))
		(1, 1)    eval_debug_dump_bytes_1(v_11, v_18) -> Com_1(eval_debug_dump_bytes_bb2_in(v_11, v_18))
		(?, 1)    eval_debug_dump_bytes_bb2_in(v_11, v_18) -> Com_1(eval_debug_dump_bytes_3(nondef.1, v_18))
		(1, 1)    eval_debug_dump_bytes_bb2_in(v_11, v_18) -> Com_1(eval_debug_dump_bytes_stop(v_11, v_18))
		(?, 1)    eval_debug_dump_bytes_3(v_11, v_18) -> Com_2(eval_fprintf_start(v_11, v_18), eval_debug_dump_bytes_4(v_11, v_18))
		(?, 1)    eval_debug_dump_bytes_4(v_11, v_18) -> Com_1(eval_debug_dump_bytes_bb4_in(v_11, v_18))
		(?, 1)    eval_debug_dump_bytes_bb4_in(v_11, v_18) -> Com_1(eval_debug_dump_bytes_7(v_11, nondef.3))
		(?, 1)    eval_debug_dump_bytes_bb4_in(v_11, v_18) -> Com_1(eval_debug_dump_bytes_9(v_11, v_18))
		(?, 1)    eval_debug_dump_bytes_7(v_11, v_18) -> Com_2(eval_fprintf_start(v_11, v_18), eval_debug_dump_bytes_8(v_11, v_18))
		(?, 1)    eval_debug_dump_bytes_8(v_11, v_18) -> Com_1(eval_debug_dump_bytes_bb4_in(v_11, v_18))
		(?, 1)    eval_debug_dump_bytes_9(v_11, v_18) -> Com_2(eval_fprintf_start(v_11, v_18), eval_debug_dump_bytes_10(v_11, v_18))
		(?, 1)    eval_debug_dump_bytes_10(v_11, v_18) -> Com_1(eval_debug_dump_bytes_bb2_in(v_11, v_18))
	start location:	eval_debug_dump_bytes_start
	leaf cost:	0

Testing for reachability in the complexity graph removes the following transition from problem 4:
	eval_debug_dump_bytes_0(v_11, v_18) -> Com_2(eval_fprintf_start(v_11, v_18), eval_debug_dump_bytes_1(v_11, v_18))
We thus obtain the following problem:
5:	T:
		(?, 1)    eval_debug_dump_bytes_10(v_11, v_18) -> Com_1(eval_debug_dump_bytes_bb2_in(v_11, v_18))
		(?, 1)    eval_debug_dump_bytes_8(v_11, v_18) -> Com_1(eval_debug_dump_bytes_bb4_in(v_11, v_18))
		(?, 1)    eval_debug_dump_bytes_9(v_11, v_18) -> Com_2(eval_fprintf_start(v_11, v_18), eval_debug_dump_bytes_10(v_11, v_18))
		(?, 1)    eval_debug_dump_bytes_7(v_11, v_18) -> Com_2(eval_fprintf_start(v_11, v_18), eval_debug_dump_bytes_8(v_11, v_18))
		(?, 1)    eval_debug_dump_bytes_bb4_in(v_11, v_18) -> Com_1(eval_debug_dump_bytes_9(v_11, v_18))
		(?, 1)    eval_debug_dump_bytes_bb4_in(v_11, v_18) -> Com_1(eval_debug_dump_bytes_7(v_11, nondef.3))
		(?, 1)    eval_debug_dump_bytes_4(v_11, v_18) -> Com_1(eval_debug_dump_bytes_bb4_in(v_11, v_18))
		(?, 1)    eval_debug_dump_bytes_3(v_11, v_18) -> Com_2(eval_fprintf_start(v_11, v_18), eval_debug_dump_bytes_4(v_11, v_18))
		(1, 1)    eval_debug_dump_bytes_1(v_11, v_18) -> Com_1(eval_debug_dump_bytes_bb2_in(v_11, v_18))
		(1, 1)    eval_debug_dump_bytes_bb2_in(v_11, v_18) -> Com_1(eval_debug_dump_bytes_stop(v_11, v_18))
		(?, 1)    eval_debug_dump_bytes_bb2_in(v_11, v_18) -> Com_1(eval_debug_dump_bytes_3(nondef.1, v_18))
		(1, 2)    eval_debug_dump_bytes_bb0_in(v_11, v_18) -> Com_2(eval_fprintf_start(v_11, v_18), eval_debug_dump_bytes_1(v_11, v_18))
		(1, 1)    eval_debug_dump_bytes_bb0_in(v_11, v_18) -> Com_1(eval_debug_dump_bytes_bb2_in(v_11, v_18))
		(1, 1)    eval_debug_dump_bytes_start(v_11, v_18) -> Com_1(eval_debug_dump_bytes_bb0_in(v_11, v_18))
	start location:	eval_debug_dump_bytes_start
	leaf cost:	0

By chaining the transition eval_debug_dump_bytes_bb4_in(v_11, v_18) -> Com_1(eval_debug_dump_bytes_9(v_11, v_18)) with all transitions in problem 5, the following new transition is obtained:
	eval_debug_dump_bytes_bb4_in(v_11, v_18) -> Com_2(eval_fprintf_start(v_11, v_18), eval_debug_dump_bytes_10(v_11, v_18))
We thus obtain the following problem:
6:	T:
		(?, 2)    eval_debug_dump_bytes_bb4_in(v_11, v_18) -> Com_2(eval_fprintf_start(v_11, v_18), eval_debug_dump_bytes_10(v_11, v_18))
		(?, 1)    eval_debug_dump_bytes_10(v_11, v_18) -> Com_1(eval_debug_dump_bytes_bb2_in(v_11, v_18))
		(?, 1)    eval_debug_dump_bytes_8(v_11, v_18) -> Com_1(eval_debug_dump_bytes_bb4_in(v_11, v_18))
		(?, 1)    eval_debug_dump_bytes_9(v_11, v_18) -> Com_2(eval_fprintf_start(v_11, v_18), eval_debug_dump_bytes_10(v_11, v_18))
		(?, 1)    eval_debug_dump_bytes_7(v_11, v_18) -> Com_2(eval_fprintf_start(v_11, v_18), eval_debug_dump_bytes_8(v_11, v_18))
		(?, 1)    eval_debug_dump_bytes_bb4_in(v_11, v_18) -> Com_1(eval_debug_dump_bytes_7(v_11, nondef.3))
		(?, 1)    eval_debug_dump_bytes_4(v_11, v_18) -> Com_1(eval_debug_dump_bytes_bb4_in(v_11, v_18))
		(?, 1)    eval_debug_dump_bytes_3(v_11, v_18) -> Com_2(eval_fprintf_start(v_11, v_18), eval_debug_dump_bytes_4(v_11, v_18))
		(1, 1)    eval_debug_dump_bytes_1(v_11, v_18) -> Com_1(eval_debug_dump_bytes_bb2_in(v_11, v_18))
		(1, 1)    eval_debug_dump_bytes_bb2_in(v_11, v_18) -> Com_1(eval_debug_dump_bytes_stop(v_11, v_18))
		(?, 1)    eval_debug_dump_bytes_bb2_in(v_11, v_18) -> Com_1(eval_debug_dump_bytes_3(nondef.1, v_18))
		(1, 2)    eval_debug_dump_bytes_bb0_in(v_11, v_18) -> Com_2(eval_fprintf_start(v_11, v_18), eval_debug_dump_bytes_1(v_11, v_18))
		(1, 1)    eval_debug_dump_bytes_bb0_in(v_11, v_18) -> Com_1(eval_debug_dump_bytes_bb2_in(v_11, v_18))
		(1, 1)    eval_debug_dump_bytes_start(v_11, v_18) -> Com_1(eval_debug_dump_bytes_bb0_in(v_11, v_18))
	start location:	eval_debug_dump_bytes_start
	leaf cost:	0

Testing for reachability in the complexity graph removes the following transition from problem 6:
	eval_debug_dump_bytes_9(v_11, v_18) -> Com_2(eval_fprintf_start(v_11, v_18), eval_debug_dump_bytes_10(v_11, v_18))
We thus obtain the following problem:
7:	T:
		(?, 1)    eval_debug_dump_bytes_8(v_11, v_18) -> Com_1(eval_debug_dump_bytes_bb4_in(v_11, v_18))
		(?, 1)    eval_debug_dump_bytes_10(v_11, v_18) -> Com_1(eval_debug_dump_bytes_bb2_in(v_11, v_18))
		(?, 1)    eval_debug_dump_bytes_7(v_11, v_18) -> Com_2(eval_fprintf_start(v_11, v_18), eval_debug_dump_bytes_8(v_11, v_18))
		(?, 2)    eval_debug_dump_bytes_bb4_in(v_11, v_18) -> Com_2(eval_fprintf_start(v_11, v_18), eval_debug_dump_bytes_10(v_11, v_18))
		(?, 1)    eval_debug_dump_bytes_bb4_in(v_11, v_18) -> Com_1(eval_debug_dump_bytes_7(v_11, nondef.3))
		(?, 1)    eval_debug_dump_bytes_4(v_11, v_18) -> Com_1(eval_debug_dump_bytes_bb4_in(v_11, v_18))
		(?, 1)    eval_debug_dump_bytes_3(v_11, v_18) -> Com_2(eval_fprintf_start(v_11, v_18), eval_debug_dump_bytes_4(v_11, v_18))
		(1, 1)    eval_debug_dump_bytes_1(v_11, v_18) -> Com_1(eval_debug_dump_bytes_bb2_in(v_11, v_18))
		(1, 1)    eval_debug_dump_bytes_bb2_in(v_11, v_18) -> Com_1(eval_debug_dump_bytes_stop(v_11, v_18))
		(?, 1)    eval_debug_dump_bytes_bb2_in(v_11, v_18) -> Com_1(eval_debug_dump_bytes_3(nondef.1, v_18))
		(1, 2)    eval_debug_dump_bytes_bb0_in(v_11, v_18) -> Com_2(eval_fprintf_start(v_11, v_18), eval_debug_dump_bytes_1(v_11, v_18))
		(1, 1)    eval_debug_dump_bytes_bb0_in(v_11, v_18) -> Com_1(eval_debug_dump_bytes_bb2_in(v_11, v_18))
		(1, 1)    eval_debug_dump_bytes_start(v_11, v_18) -> Com_1(eval_debug_dump_bytes_bb0_in(v_11, v_18))
	start location:	eval_debug_dump_bytes_start
	leaf cost:	0

By chaining the transition eval_debug_dump_bytes_bb4_in(v_11, v_18) -> Com_1(eval_debug_dump_bytes_7(v_11, nondef.3)) with all transitions in problem 7, the following new transition is obtained:
	eval_debug_dump_bytes_bb4_in(v_11, v_18) -> Com_2(eval_fprintf_start(v_11, nondef.3), eval_debug_dump_bytes_8(v_11, nondef.3))
We thus obtain the following problem:
8:	T:
		(?, 2)    eval_debug_dump_bytes_bb4_in(v_11, v_18) -> Com_2(eval_fprintf_start(v_11, nondef.3), eval_debug_dump_bytes_8(v_11, nondef.3))
		(?, 1)    eval_debug_dump_bytes_8(v_11, v_18) -> Com_1(eval_debug_dump_bytes_bb4_in(v_11, v_18))
		(?, 1)    eval_debug_dump_bytes_10(v_11, v_18) -> Com_1(eval_debug_dump_bytes_bb2_in(v_11, v_18))
		(?, 1)    eval_debug_dump_bytes_7(v_11, v_18) -> Com_2(eval_fprintf_start(v_11, v_18), eval_debug_dump_bytes_8(v_11, v_18))
		(?, 2)    eval_debug_dump_bytes_bb4_in(v_11, v_18) -> Com_2(eval_fprintf_start(v_11, v_18), eval_debug_dump_bytes_10(v_11, v_18))
		(?, 1)    eval_debug_dump_bytes_4(v_11, v_18) -> Com_1(eval_debug_dump_bytes_bb4_in(v_11, v_18))
		(?, 1)    eval_debug_dump_bytes_3(v_11, v_18) -> Com_2(eval_fprintf_start(v_11, v_18), eval_debug_dump_bytes_4(v_11, v_18))
		(1, 1)    eval_debug_dump_bytes_1(v_11, v_18) -> Com_1(eval_debug_dump_bytes_bb2_in(v_11, v_18))
		(1, 1)    eval_debug_dump_bytes_bb2_in(v_11, v_18) -> Com_1(eval_debug_dump_bytes_stop(v_11, v_18))
		(?, 1)    eval_debug_dump_bytes_bb2_in(v_11, v_18) -> Com_1(eval_debug_dump_bytes_3(nondef.1, v_18))
		(1, 2)    eval_debug_dump_bytes_bb0_in(v_11, v_18) -> Com_2(eval_fprintf_start(v_11, v_18), eval_debug_dump_bytes_1(v_11, v_18))
		(1, 1)    eval_debug_dump_bytes_bb0_in(v_11, v_18) -> Com_1(eval_debug_dump_bytes_bb2_in(v_11, v_18))
		(1, 1)    eval_debug_dump_bytes_start(v_11, v_18) -> Com_1(eval_debug_dump_bytes_bb0_in(v_11, v_18))
	start location:	eval_debug_dump_bytes_start
	leaf cost:	0

Testing for reachability in the complexity graph removes the following transition from problem 8:
	eval_debug_dump_bytes_7(v_11, v_18) -> Com_2(eval_fprintf_start(v_11, v_18), eval_debug_dump_bytes_8(v_11, v_18))
We thus obtain the following problem:
9:	T:
		(?, 1)    eval_debug_dump_bytes_8(v_11, v_18) -> Com_1(eval_debug_dump_bytes_bb4_in(v_11, v_18))
		(?, 1)    eval_debug_dump_bytes_10(v_11, v_18) -> Com_1(eval_debug_dump_bytes_bb2_in(v_11, v_18))
		(?, 2)    eval_debug_dump_bytes_bb4_in(v_11, v_18) -> Com_2(eval_fprintf_start(v_11, nondef.3), eval_debug_dump_bytes_8(v_11, nondef.3))
		(?, 2)    eval_debug_dump_bytes_bb4_in(v_11, v_18) -> Com_2(eval_fprintf_start(v_11, v_18), eval_debug_dump_bytes_10(v_11, v_18))
		(?, 1)    eval_debug_dump_bytes_4(v_11, v_18) -> Com_1(eval_debug_dump_bytes_bb4_in(v_11, v_18))
		(?, 1)    eval_debug_dump_bytes_3(v_11, v_18) -> Com_2(eval_fprintf_start(v_11, v_18), eval_debug_dump_bytes_4(v_11, v_18))
		(1, 1)    eval_debug_dump_bytes_1(v_11, v_18) -> Com_1(eval_debug_dump_bytes_bb2_in(v_11, v_18))
		(1, 1)    eval_debug_dump_bytes_bb2_in(v_11, v_18) -> Com_1(eval_debug_dump_bytes_stop(v_11, v_18))
		(?, 1)    eval_debug_dump_bytes_bb2_in(v_11, v_18) -> Com_1(eval_debug_dump_bytes_3(nondef.1, v_18))
		(1, 2)    eval_debug_dump_bytes_bb0_in(v_11, v_18) -> Com_2(eval_fprintf_start(v_11, v_18), eval_debug_dump_bytes_1(v_11, v_18))
		(1, 1)    eval_debug_dump_bytes_bb0_in(v_11, v_18) -> Com_1(eval_debug_dump_bytes_bb2_in(v_11, v_18))
		(1, 1)    eval_debug_dump_bytes_start(v_11, v_18) -> Com_1(eval_debug_dump_bytes_bb0_in(v_11, v_18))
	start location:	eval_debug_dump_bytes_start
	leaf cost:	0

By chaining the transition eval_debug_dump_bytes_bb2_in(v_11, v_18) -> Com_1(eval_debug_dump_bytes_3(nondef.1, v_18)) with all transitions in problem 9, the following new transition is obtained:
	eval_debug_dump_bytes_bb2_in(v_11, v_18) -> Com_2(eval_fprintf_start(nondef.1, v_18), eval_debug_dump_bytes_4(nondef.1, v_18))
We thus obtain the following problem:
10:	T:
		(?, 2)    eval_debug_dump_bytes_bb2_in(v_11, v_18) -> Com_2(eval_fprintf_start(nondef.1, v_18), eval_debug_dump_bytes_4(nondef.1, v_18))
		(?, 1)    eval_debug_dump_bytes_8(v_11, v_18) -> Com_1(eval_debug_dump_bytes_bb4_in(v_11, v_18))
		(?, 1)    eval_debug_dump_bytes_10(v_11, v_18) -> Com_1(eval_debug_dump_bytes_bb2_in(v_11, v_18))
		(?, 2)    eval_debug_dump_bytes_bb4_in(v_11, v_18) -> Com_2(eval_fprintf_start(v_11, nondef.3), eval_debug_dump_bytes_8(v_11, nondef.3))
		(?, 2)    eval_debug_dump_bytes_bb4_in(v_11, v_18) -> Com_2(eval_fprintf_start(v_11, v_18), eval_debug_dump_bytes_10(v_11, v_18))
		(?, 1)    eval_debug_dump_bytes_4(v_11, v_18) -> Com_1(eval_debug_dump_bytes_bb4_in(v_11, v_18))
		(?, 1)    eval_debug_dump_bytes_3(v_11, v_18) -> Com_2(eval_fprintf_start(v_11, v_18), eval_debug_dump_bytes_4(v_11, v_18))
		(1, 1)    eval_debug_dump_bytes_1(v_11, v_18) -> Com_1(eval_debug_dump_bytes_bb2_in(v_11, v_18))
		(1, 1)    eval_debug_dump_bytes_bb2_in(v_11, v_18) -> Com_1(eval_debug_dump_bytes_stop(v_11, v_18))
		(1, 2)    eval_debug_dump_bytes_bb0_in(v_11, v_18) -> Com_2(eval_fprintf_start(v_11, v_18), eval_debug_dump_bytes_1(v_11, v_18))
		(1, 1)    eval_debug_dump_bytes_bb0_in(v_11, v_18) -> Com_1(eval_debug_dump_bytes_bb2_in(v_11, v_18))
		(1, 1)    eval_debug_dump_bytes_start(v_11, v_18) -> Com_1(eval_debug_dump_bytes_bb0_in(v_11, v_18))
	start location:	eval_debug_dump_bytes_start
	leaf cost:	0

Testing for reachability in the complexity graph removes the following transition from problem 10:
	eval_debug_dump_bytes_3(v_11, v_18) -> Com_2(eval_fprintf_start(v_11, v_18), eval_debug_dump_bytes_4(v_11, v_18))
We thus obtain the following problem:
11:	T:
		(?, 1)    eval_debug_dump_bytes_8(v_11, v_18) -> Com_1(eval_debug_dump_bytes_bb4_in(v_11, v_18))
		(?, 1)    eval_debug_dump_bytes_10(v_11, v_18) -> Com_1(eval_debug_dump_bytes_bb2_in(v_11, v_18))
		(?, 2)    eval_debug_dump_bytes_bb4_in(v_11, v_18) -> Com_2(eval_fprintf_start(v_11, nondef.3), eval_debug_dump_bytes_8(v_11, nondef.3))
		(?, 2)    eval_debug_dump_bytes_bb4_in(v_11, v_18) -> Com_2(eval_fprintf_start(v_11, v_18), eval_debug_dump_bytes_10(v_11, v_18))
		(?, 1)    eval_debug_dump_bytes_4(v_11, v_18) -> Com_1(eval_debug_dump_bytes_bb4_in(v_11, v_18))
		(1, 1)    eval_debug_dump_bytes_1(v_11, v_18) -> Com_1(eval_debug_dump_bytes_bb2_in(v_11, v_18))
		(?, 2)    eval_debug_dump_bytes_bb2_in(v_11, v_18) -> Com_2(eval_fprintf_start(nondef.1, v_18), eval_debug_dump_bytes_4(nondef.1, v_18))
		(1, 1)    eval_debug_dump_bytes_bb2_in(v_11, v_18) -> Com_1(eval_debug_dump_bytes_stop(v_11, v_18))
		(1, 2)    eval_debug_dump_bytes_bb0_in(v_11, v_18) -> Com_2(eval_fprintf_start(v_11, v_18), eval_debug_dump_bytes_1(v_11, v_18))
		(1, 1)    eval_debug_dump_bytes_bb0_in(v_11, v_18) -> Com_1(eval_debug_dump_bytes_bb2_in(v_11, v_18))
		(1, 1)    eval_debug_dump_bytes_start(v_11, v_18) -> Com_1(eval_debug_dump_bytes_bb0_in(v_11, v_18))
	start location:	eval_debug_dump_bytes_start
	leaf cost:	0

By chaining the transition eval_debug_dump_bytes_8(v_11, v_18) -> Com_1(eval_debug_dump_bytes_bb4_in(v_11, v_18)) with all transitions in problem 11, the following new transitions are obtained:
	eval_debug_dump_bytes_8(v_11, v_18) -> Com_2(eval_fprintf_start(v_11, nondef.3), eval_debug_dump_bytes_8(v_11, nondef.3))
	eval_debug_dump_bytes_8(v_11, v_18) -> Com_2(eval_fprintf_start(v_11, v_18), eval_debug_dump_bytes_10(v_11, v_18))
We thus obtain the following problem:
12:	T:
		(?, 3)    eval_debug_dump_bytes_8(v_11, v_18) -> Com_2(eval_fprintf_start(v_11, nondef.3), eval_debug_dump_bytes_8(v_11, nondef.3))
		(?, 3)    eval_debug_dump_bytes_8(v_11, v_18) -> Com_2(eval_fprintf_start(v_11, v_18), eval_debug_dump_bytes_10(v_11, v_18))
		(?, 1)    eval_debug_dump_bytes_10(v_11, v_18) -> Com_1(eval_debug_dump_bytes_bb2_in(v_11, v_18))
		(?, 2)    eval_debug_dump_bytes_bb4_in(v_11, v_18) -> Com_2(eval_fprintf_start(v_11, nondef.3), eval_debug_dump_bytes_8(v_11, nondef.3))
		(?, 2)    eval_debug_dump_bytes_bb4_in(v_11, v_18) -> Com_2(eval_fprintf_start(v_11, v_18), eval_debug_dump_bytes_10(v_11, v_18))
		(?, 1)    eval_debug_dump_bytes_4(v_11, v_18) -> Com_1(eval_debug_dump_bytes_bb4_in(v_11, v_18))
		(1, 1)    eval_debug_dump_bytes_1(v_11, v_18) -> Com_1(eval_debug_dump_bytes_bb2_in(v_11, v_18))
		(?, 2)    eval_debug_dump_bytes_bb2_in(v_11, v_18) -> Com_2(eval_fprintf_start(nondef.1, v_18), eval_debug_dump_bytes_4(nondef.1, v_18))
		(1, 1)    eval_debug_dump_bytes_bb2_in(v_11, v_18) -> Com_1(eval_debug_dump_bytes_stop(v_11, v_18))
		(1, 2)    eval_debug_dump_bytes_bb0_in(v_11, v_18) -> Com_2(eval_fprintf_start(v_11, v_18), eval_debug_dump_bytes_1(v_11, v_18))
		(1, 1)    eval_debug_dump_bytes_bb0_in(v_11, v_18) -> Com_1(eval_debug_dump_bytes_bb2_in(v_11, v_18))
		(1, 1)    eval_debug_dump_bytes_start(v_11, v_18) -> Com_1(eval_debug_dump_bytes_bb0_in(v_11, v_18))
	start location:	eval_debug_dump_bytes_start
	leaf cost:	0

By chaining the transition eval_debug_dump_bytes_10(v_11, v_18) -> Com_1(eval_debug_dump_bytes_bb2_in(v_11, v_18)) with all transitions in problem 12, the following new transitions are obtained:
	eval_debug_dump_bytes_10(v_11, v_18) -> Com_2(eval_fprintf_start(nondef.1, v_18), eval_debug_dump_bytes_4(nondef.1, v_18))
	eval_debug_dump_bytes_10(v_11, v_18) -> Com_1(eval_debug_dump_bytes_stop(v_11, v_18))
We thus obtain the following problem:
13:	T:
		(?, 3)    eval_debug_dump_bytes_10(v_11, v_18) -> Com_2(eval_fprintf_start(nondef.1, v_18), eval_debug_dump_bytes_4(nondef.1, v_18))
		(?, 2)    eval_debug_dump_bytes_10(v_11, v_18) -> Com_1(eval_debug_dump_bytes_stop(v_11, v_18))
		(?, 3)    eval_debug_dump_bytes_8(v_11, v_18) -> Com_2(eval_fprintf_start(v_11, nondef.3), eval_debug_dump_bytes_8(v_11, nondef.3))
		(?, 3)    eval_debug_dump_bytes_8(v_11, v_18) -> Com_2(eval_fprintf_start(v_11, v_18), eval_debug_dump_bytes_10(v_11, v_18))
		(?, 2)    eval_debug_dump_bytes_bb4_in(v_11, v_18) -> Com_2(eval_fprintf_start(v_11, nondef.3), eval_debug_dump_bytes_8(v_11, nondef.3))
		(?, 2)    eval_debug_dump_bytes_bb4_in(v_11, v_18) -> Com_2(eval_fprintf_start(v_11, v_18), eval_debug_dump_bytes_10(v_11, v_18))
		(?, 1)    eval_debug_dump_bytes_4(v_11, v_18) -> Com_1(eval_debug_dump_bytes_bb4_in(v_11, v_18))
		(1, 1)    eval_debug_dump_bytes_1(v_11, v_18) -> Com_1(eval_debug_dump_bytes_bb2_in(v_11, v_18))
		(?, 2)    eval_debug_dump_bytes_bb2_in(v_11, v_18) -> Com_2(eval_fprintf_start(nondef.1, v_18), eval_debug_dump_bytes_4(nondef.1, v_18))
		(1, 1)    eval_debug_dump_bytes_bb2_in(v_11, v_18) -> Com_1(eval_debug_dump_bytes_stop(v_11, v_18))
		(1, 2)    eval_debug_dump_bytes_bb0_in(v_11, v_18) -> Com_2(eval_fprintf_start(v_11, v_18), eval_debug_dump_bytes_1(v_11, v_18))
		(1, 1)    eval_debug_dump_bytes_bb0_in(v_11, v_18) -> Com_1(eval_debug_dump_bytes_bb2_in(v_11, v_18))
		(1, 1)    eval_debug_dump_bytes_start(v_11, v_18) -> Com_1(eval_debug_dump_bytes_bb0_in(v_11, v_18))
	start location:	eval_debug_dump_bytes_start
	leaf cost:	0

Repeatedly propagating knowledge in problem 13 produces the following problem:
14:	T:
		(?, 3)    eval_debug_dump_bytes_10(v_11, v_18) -> Com_2(eval_fprintf_start(nondef.1, v_18), eval_debug_dump_bytes_4(nondef.1, v_18))
		(?, 2)    eval_debug_dump_bytes_10(v_11, v_18) -> Com_1(eval_debug_dump_bytes_stop(v_11, v_18))
		(?, 3)    eval_debug_dump_bytes_8(v_11, v_18) -> Com_2(eval_fprintf_start(v_11, nondef.3), eval_debug_dump_bytes_8(v_11, nondef.3))
		(?, 3)    eval_debug_dump_bytes_8(v_11, v_18) -> Com_2(eval_fprintf_start(v_11, v_18), eval_debug_dump_bytes_10(v_11, v_18))
		(?, 2)    eval_debug_dump_bytes_bb4_in(v_11, v_18) -> Com_2(eval_fprintf_start(v_11, nondef.3), eval_debug_dump_bytes_8(v_11, nondef.3))
		(?, 2)    eval_debug_dump_bytes_bb4_in(v_11, v_18) -> Com_2(eval_fprintf_start(v_11, v_18), eval_debug_dump_bytes_10(v_11, v_18))
		(?, 1)    eval_debug_dump_bytes_4(v_11, v_18) -> Com_1(eval_debug_dump_bytes_bb4_in(v_11, v_18))
		(1, 1)    eval_debug_dump_bytes_1(v_11, v_18) -> Com_1(eval_debug_dump_bytes_bb2_in(v_11, v_18))
		(2, 2)    eval_debug_dump_bytes_bb2_in(v_11, v_18) -> Com_2(eval_fprintf_start(nondef.1, v_18), eval_debug_dump_bytes_4(nondef.1, v_18))
		(1, 1)    eval_debug_dump_bytes_bb2_in(v_11, v_18) -> Com_1(eval_debug_dump_bytes_stop(v_11, v_18))
		(1, 2)    eval_debug_dump_bytes_bb0_in(v_11, v_18) -> Com_2(eval_fprintf_start(v_11, v_18), eval_debug_dump_bytes_1(v_11, v_18))
		(1, 1)    eval_debug_dump_bytes_bb0_in(v_11, v_18) -> Com_1(eval_debug_dump_bytes_bb2_in(v_11, v_18))
		(1, 1)    eval_debug_dump_bytes_start(v_11, v_18) -> Com_1(eval_debug_dump_bytes_bb0_in(v_11, v_18))
	start location:	eval_debug_dump_bytes_start
	leaf cost:	0

A polynomial rank function with
	Pol(eval_debug_dump_bytes_10) = 1
	Pol(eval_fprintf_start) = 0
	Pol(eval_debug_dump_bytes_4) = 1
	Pol(eval_debug_dump_bytes_stop) = 0
	Pol(eval_debug_dump_bytes_8) = 1
	Pol(eval_debug_dump_bytes_bb4_in) = 1
	Pol(eval_debug_dump_bytes_1) = 1
	Pol(eval_debug_dump_bytes_bb2_in) = 1
	Pol(eval_debug_dump_bytes_bb0_in) = 1
	Pol(eval_debug_dump_bytes_start) = 1
orients all transitions weakly and the transition
	eval_debug_dump_bytes_10(v_11, v_18) -> Com_1(eval_debug_dump_bytes_stop(v_11, v_18))
strictly and produces the following problem:
15:	T:
		(?, 3)    eval_debug_dump_bytes_10(v_11, v_18) -> Com_2(eval_fprintf_start(nondef.1, v_18), eval_debug_dump_bytes_4(nondef.1, v_18))
		(1, 2)    eval_debug_dump_bytes_10(v_11, v_18) -> Com_1(eval_debug_dump_bytes_stop(v_11, v_18))
		(?, 3)    eval_debug_dump_bytes_8(v_11, v_18) -> Com_2(eval_fprintf_start(v_11, nondef.3), eval_debug_dump_bytes_8(v_11, nondef.3))
		(?, 3)    eval_debug_dump_bytes_8(v_11, v_18) -> Com_2(eval_fprintf_start(v_11, v_18), eval_debug_dump_bytes_10(v_11, v_18))
		(?, 2)    eval_debug_dump_bytes_bb4_in(v_11, v_18) -> Com_2(eval_fprintf_start(v_11, nondef.3), eval_debug_dump_bytes_8(v_11, nondef.3))
		(?, 2)    eval_debug_dump_bytes_bb4_in(v_11, v_18) -> Com_2(eval_fprintf_start(v_11, v_18), eval_debug_dump_bytes_10(v_11, v_18))
		(?, 1)    eval_debug_dump_bytes_4(v_11, v_18) -> Com_1(eval_debug_dump_bytes_bb4_in(v_11, v_18))
		(1, 1)    eval_debug_dump_bytes_1(v_11, v_18) -> Com_1(eval_debug_dump_bytes_bb2_in(v_11, v_18))
		(2, 2)    eval_debug_dump_bytes_bb2_in(v_11, v_18) -> Com_2(eval_fprintf_start(nondef.1, v_18), eval_debug_dump_bytes_4(nondef.1, v_18))
		(1, 1)    eval_debug_dump_bytes_bb2_in(v_11, v_18) -> Com_1(eval_debug_dump_bytes_stop(v_11, v_18))
		(1, 2)    eval_debug_dump_bytes_bb0_in(v_11, v_18) -> Com_2(eval_fprintf_start(v_11, v_18), eval_debug_dump_bytes_1(v_11, v_18))
		(1, 1)    eval_debug_dump_bytes_bb0_in(v_11, v_18) -> Com_1(eval_debug_dump_bytes_bb2_in(v_11, v_18))
		(1, 1)    eval_debug_dump_bytes_start(v_11, v_18) -> Com_1(eval_debug_dump_bytes_bb0_in(v_11, v_18))
	start location:	eval_debug_dump_bytes_start
	leaf cost:	0

By chaining the transition eval_debug_dump_bytes_4(v_11, v_18) -> Com_1(eval_debug_dump_bytes_bb4_in(v_11, v_18)) with all transitions in problem 15, the following new transitions are obtained:
	eval_debug_dump_bytes_4(v_11, v_18) -> Com_2(eval_fprintf_start(v_11, nondef.3), eval_debug_dump_bytes_8(v_11, nondef.3))
	eval_debug_dump_bytes_4(v_11, v_18) -> Com_2(eval_fprintf_start(v_11, v_18), eval_debug_dump_bytes_10(v_11, v_18))
We thus obtain the following problem:
16:	T:
		(?, 3)    eval_debug_dump_bytes_4(v_11, v_18) -> Com_2(eval_fprintf_start(v_11, nondef.3), eval_debug_dump_bytes_8(v_11, nondef.3))
		(?, 3)    eval_debug_dump_bytes_4(v_11, v_18) -> Com_2(eval_fprintf_start(v_11, v_18), eval_debug_dump_bytes_10(v_11, v_18))
		(?, 3)    eval_debug_dump_bytes_10(v_11, v_18) -> Com_2(eval_fprintf_start(nondef.1, v_18), eval_debug_dump_bytes_4(nondef.1, v_18))
		(1, 2)    eval_debug_dump_bytes_10(v_11, v_18) -> Com_1(eval_debug_dump_bytes_stop(v_11, v_18))
		(?, 3)    eval_debug_dump_bytes_8(v_11, v_18) -> Com_2(eval_fprintf_start(v_11, nondef.3), eval_debug_dump_bytes_8(v_11, nondef.3))
		(?, 3)    eval_debug_dump_bytes_8(v_11, v_18) -> Com_2(eval_fprintf_start(v_11, v_18), eval_debug_dump_bytes_10(v_11, v_18))
		(?, 2)    eval_debug_dump_bytes_bb4_in(v_11, v_18) -> Com_2(eval_fprintf_start(v_11, nondef.3), eval_debug_dump_bytes_8(v_11, nondef.3))
		(?, 2)    eval_debug_dump_bytes_bb4_in(v_11, v_18) -> Com_2(eval_fprintf_start(v_11, v_18), eval_debug_dump_bytes_10(v_11, v_18))
		(1, 1)    eval_debug_dump_bytes_1(v_11, v_18) -> Com_1(eval_debug_dump_bytes_bb2_in(v_11, v_18))
		(2, 2)    eval_debug_dump_bytes_bb2_in(v_11, v_18) -> Com_2(eval_fprintf_start(nondef.1, v_18), eval_debug_dump_bytes_4(nondef.1, v_18))
		(1, 1)    eval_debug_dump_bytes_bb2_in(v_11, v_18) -> Com_1(eval_debug_dump_bytes_stop(v_11, v_18))
		(1, 2)    eval_debug_dump_bytes_bb0_in(v_11, v_18) -> Com_2(eval_fprintf_start(v_11, v_18), eval_debug_dump_bytes_1(v_11, v_18))
		(1, 1)    eval_debug_dump_bytes_bb0_in(v_11, v_18) -> Com_1(eval_debug_dump_bytes_bb2_in(v_11, v_18))
		(1, 1)    eval_debug_dump_bytes_start(v_11, v_18) -> Com_1(eval_debug_dump_bytes_bb0_in(v_11, v_18))
	start location:	eval_debug_dump_bytes_start
	leaf cost:	0

Testing for reachability in the complexity graph removes the following transitions from problem 16:
	eval_debug_dump_bytes_bb4_in(v_11, v_18) -> Com_2(eval_fprintf_start(v_11, nondef.3), eval_debug_dump_bytes_8(v_11, nondef.3))
	eval_debug_dump_bytes_bb4_in(v_11, v_18) -> Com_2(eval_fprintf_start(v_11, v_18), eval_debug_dump_bytes_10(v_11, v_18))
We thus obtain the following problem:
17:	T:
		(1, 2)    eval_debug_dump_bytes_10(v_11, v_18) -> Com_1(eval_debug_dump_bytes_stop(v_11, v_18))
		(?, 3)    eval_debug_dump_bytes_10(v_11, v_18) -> Com_2(eval_fprintf_start(nondef.1, v_18), eval_debug_dump_bytes_4(nondef.1, v_18))
		(?, 3)    eval_debug_dump_bytes_8(v_11, v_18) -> Com_2(eval_fprintf_start(v_11, v_18), eval_debug_dump_bytes_10(v_11, v_18))
		(?, 3)    eval_debug_dump_bytes_8(v_11, v_18) -> Com_2(eval_fprintf_start(v_11, nondef.3), eval_debug_dump_bytes_8(v_11, nondef.3))
		(?, 3)    eval_debug_dump_bytes_4(v_11, v_18) -> Com_2(eval_fprintf_start(v_11, v_18), eval_debug_dump_bytes_10(v_11, v_18))
		(?, 3)    eval_debug_dump_bytes_4(v_11, v_18) -> Com_2(eval_fprintf_start(v_11, nondef.3), eval_debug_dump_bytes_8(v_11, nondef.3))
		(1, 1)    eval_debug_dump_bytes_1(v_11, v_18) -> Com_1(eval_debug_dump_bytes_bb2_in(v_11, v_18))
		(2, 2)    eval_debug_dump_bytes_bb2_in(v_11, v_18) -> Com_2(eval_fprintf_start(nondef.1, v_18), eval_debug_dump_bytes_4(nondef.1, v_18))
		(1, 1)    eval_debug_dump_bytes_bb2_in(v_11, v_18) -> Com_1(eval_debug_dump_bytes_stop(v_11, v_18))
		(1, 2)    eval_debug_dump_bytes_bb0_in(v_11, v_18) -> Com_2(eval_fprintf_start(v_11, v_18), eval_debug_dump_bytes_1(v_11, v_18))
		(1, 1)    eval_debug_dump_bytes_bb0_in(v_11, v_18) -> Com_1(eval_debug_dump_bytes_bb2_in(v_11, v_18))
		(1, 1)    eval_debug_dump_bytes_start(v_11, v_18) -> Com_1(eval_debug_dump_bytes_bb0_in(v_11, v_18))
	start location:	eval_debug_dump_bytes_start
	leaf cost:	0

By chaining the transition eval_debug_dump_bytes_1(v_11, v_18) -> Com_1(eval_debug_dump_bytes_bb2_in(v_11, v_18)) with all transitions in problem 17, the following new transitions are obtained:
	eval_debug_dump_bytes_1(v_11, v_18) -> Com_2(eval_fprintf_start(nondef.1, v_18), eval_debug_dump_bytes_4(nondef.1, v_18))
	eval_debug_dump_bytes_1(v_11, v_18) -> Com_1(eval_debug_dump_bytes_stop(v_11, v_18))
We thus obtain the following problem:
18:	T:
		(1, 3)    eval_debug_dump_bytes_1(v_11, v_18) -> Com_2(eval_fprintf_start(nondef.1, v_18), eval_debug_dump_bytes_4(nondef.1, v_18))
		(1, 2)    eval_debug_dump_bytes_1(v_11, v_18) -> Com_1(eval_debug_dump_bytes_stop(v_11, v_18))
		(1, 2)    eval_debug_dump_bytes_10(v_11, v_18) -> Com_1(eval_debug_dump_bytes_stop(v_11, v_18))
		(?, 3)    eval_debug_dump_bytes_10(v_11, v_18) -> Com_2(eval_fprintf_start(nondef.1, v_18), eval_debug_dump_bytes_4(nondef.1, v_18))
		(?, 3)    eval_debug_dump_bytes_8(v_11, v_18) -> Com_2(eval_fprintf_start(v_11, v_18), eval_debug_dump_bytes_10(v_11, v_18))
		(?, 3)    eval_debug_dump_bytes_8(v_11, v_18) -> Com_2(eval_fprintf_start(v_11, nondef.3), eval_debug_dump_bytes_8(v_11, nondef.3))
		(?, 3)    eval_debug_dump_bytes_4(v_11, v_18) -> Com_2(eval_fprintf_start(v_11, v_18), eval_debug_dump_bytes_10(v_11, v_18))
		(?, 3)    eval_debug_dump_bytes_4(v_11, v_18) -> Com_2(eval_fprintf_start(v_11, nondef.3), eval_debug_dump_bytes_8(v_11, nondef.3))
		(2, 2)    eval_debug_dump_bytes_bb2_in(v_11, v_18) -> Com_2(eval_fprintf_start(nondef.1, v_18), eval_debug_dump_bytes_4(nondef.1, v_18))
		(1, 1)    eval_debug_dump_bytes_bb2_in(v_11, v_18) -> Com_1(eval_debug_dump_bytes_stop(v_11, v_18))
		(1, 2)    eval_debug_dump_bytes_bb0_in(v_11, v_18) -> Com_2(eval_fprintf_start(v_11, v_18), eval_debug_dump_bytes_1(v_11, v_18))
		(1, 1)    eval_debug_dump_bytes_bb0_in(v_11, v_18) -> Com_1(eval_debug_dump_bytes_bb2_in(v_11, v_18))
		(1, 1)    eval_debug_dump_bytes_start(v_11, v_18) -> Com_1(eval_debug_dump_bytes_bb0_in(v_11, v_18))
	start location:	eval_debug_dump_bytes_start
	leaf cost:	0

By chaining the transition eval_debug_dump_bytes_bb0_in(v_11, v_18) -> Com_1(eval_debug_dump_bytes_bb2_in(v_11, v_18)) with all transitions in problem 18, the following new transitions are obtained:
	eval_debug_dump_bytes_bb0_in(v_11, v_18) -> Com_2(eval_fprintf_start(nondef.1, v_18), eval_debug_dump_bytes_4(nondef.1, v_18))
	eval_debug_dump_bytes_bb0_in(v_11, v_18) -> Com_1(eval_debug_dump_bytes_stop(v_11, v_18))
We thus obtain the following problem:
19:	T:
		(1, 3)    eval_debug_dump_bytes_bb0_in(v_11, v_18) -> Com_2(eval_fprintf_start(nondef.1, v_18), eval_debug_dump_bytes_4(nondef.1, v_18))
		(1, 2)    eval_debug_dump_bytes_bb0_in(v_11, v_18) -> Com_1(eval_debug_dump_bytes_stop(v_11, v_18))
		(1, 3)    eval_debug_dump_bytes_1(v_11, v_18) -> Com_2(eval_fprintf_start(nondef.1, v_18), eval_debug_dump_bytes_4(nondef.1, v_18))
		(1, 2)    eval_debug_dump_bytes_1(v_11, v_18) -> Com_1(eval_debug_dump_bytes_stop(v_11, v_18))
		(1, 2)    eval_debug_dump_bytes_10(v_11, v_18) -> Com_1(eval_debug_dump_bytes_stop(v_11, v_18))
		(?, 3)    eval_debug_dump_bytes_10(v_11, v_18) -> Com_2(eval_fprintf_start(nondef.1, v_18), eval_debug_dump_bytes_4(nondef.1, v_18))
		(?, 3)    eval_debug_dump_bytes_8(v_11, v_18) -> Com_2(eval_fprintf_start(v_11, v_18), eval_debug_dump_bytes_10(v_11, v_18))
		(?, 3)    eval_debug_dump_bytes_8(v_11, v_18) -> Com_2(eval_fprintf_start(v_11, nondef.3), eval_debug_dump_bytes_8(v_11, nondef.3))
		(?, 3)    eval_debug_dump_bytes_4(v_11, v_18) -> Com_2(eval_fprintf_start(v_11, v_18), eval_debug_dump_bytes_10(v_11, v_18))
		(?, 3)    eval_debug_dump_bytes_4(v_11, v_18) -> Com_2(eval_fprintf_start(v_11, nondef.3), eval_debug_dump_bytes_8(v_11, nondef.3))
		(2, 2)    eval_debug_dump_bytes_bb2_in(v_11, v_18) -> Com_2(eval_fprintf_start(nondef.1, v_18), eval_debug_dump_bytes_4(nondef.1, v_18))
		(1, 1)    eval_debug_dump_bytes_bb2_in(v_11, v_18) -> Com_1(eval_debug_dump_bytes_stop(v_11, v_18))
		(1, 2)    eval_debug_dump_bytes_bb0_in(v_11, v_18) -> Com_2(eval_fprintf_start(v_11, v_18), eval_debug_dump_bytes_1(v_11, v_18))
		(1, 1)    eval_debug_dump_bytes_start(v_11, v_18) -> Com_1(eval_debug_dump_bytes_bb0_in(v_11, v_18))
	start location:	eval_debug_dump_bytes_start
	leaf cost:	0

Testing for reachability in the complexity graph removes the following transitions from problem 19:
	eval_debug_dump_bytes_bb2_in(v_11, v_18) -> Com_2(eval_fprintf_start(nondef.1, v_18), eval_debug_dump_bytes_4(nondef.1, v_18))
	eval_debug_dump_bytes_bb2_in(v_11, v_18) -> Com_1(eval_debug_dump_bytes_stop(v_11, v_18))
We thus obtain the following problem:
20:	T:
		(1, 2)    eval_debug_dump_bytes_10(v_11, v_18) -> Com_1(eval_debug_dump_bytes_stop(v_11, v_18))
		(?, 3)    eval_debug_dump_bytes_10(v_11, v_18) -> Com_2(eval_fprintf_start(nondef.1, v_18), eval_debug_dump_bytes_4(nondef.1, v_18))
		(?, 3)    eval_debug_dump_bytes_8(v_11, v_18) -> Com_2(eval_fprintf_start(v_11, v_18), eval_debug_dump_bytes_10(v_11, v_18))
		(?, 3)    eval_debug_dump_bytes_8(v_11, v_18) -> Com_2(eval_fprintf_start(v_11, nondef.3), eval_debug_dump_bytes_8(v_11, nondef.3))
		(?, 3)    eval_debug_dump_bytes_4(v_11, v_18) -> Com_2(eval_fprintf_start(v_11, v_18), eval_debug_dump_bytes_10(v_11, v_18))
		(?, 3)    eval_debug_dump_bytes_4(v_11, v_18) -> Com_2(eval_fprintf_start(v_11, nondef.3), eval_debug_dump_bytes_8(v_11, nondef.3))
		(1, 2)    eval_debug_dump_bytes_1(v_11, v_18) -> Com_1(eval_debug_dump_bytes_stop(v_11, v_18))
		(1, 3)    eval_debug_dump_bytes_1(v_11, v_18) -> Com_2(eval_fprintf_start(nondef.1, v_18), eval_debug_dump_bytes_4(nondef.1, v_18))
		(1, 2)    eval_debug_dump_bytes_bb0_in(v_11, v_18) -> Com_1(eval_debug_dump_bytes_stop(v_11, v_18))
		(1, 3)    eval_debug_dump_bytes_bb0_in(v_11, v_18) -> Com_2(eval_fprintf_start(nondef.1, v_18), eval_debug_dump_bytes_4(nondef.1, v_18))
		(1, 2)    eval_debug_dump_bytes_bb0_in(v_11, v_18) -> Com_2(eval_fprintf_start(v_11, v_18), eval_debug_dump_bytes_1(v_11, v_18))
		(1, 1)    eval_debug_dump_bytes_start(v_11, v_18) -> Com_1(eval_debug_dump_bytes_bb0_in(v_11, v_18))
	start location:	eval_debug_dump_bytes_start
	leaf cost:	0

Complexity upper bound ?

Time: 0.333 sec (SMT: 0.253 sec)
