MAYBE

Initial complexity problem:
1:	T:
		(1, 1)    eval_dict_uid_param_start(v_22, v_defaultval, v_i.0) -> Com_1(eval_dict_uid_param_bb0_in(v_22, v_defaultval, v_i.0))
		(?, 1)    eval_dict_uid_param_bb0_in(v_22, v_defaultval, v_i.0) -> Com_1(eval_dict_uid_param_bb20_in(v_22, v_defaultval, v_i.0))
		(?, 1)    eval_dict_uid_param_bb0_in(v_22, v_defaultval, v_i.0) -> Com_1(eval_dict_uid_param_6(v_22, v_defaultval, v_i.0))
		(?, 1)    eval_dict_uid_param_bb0_in(v_22, v_defaultval, v_i.0) -> Com_1(eval_dict_uid_param_bb12_in(v_22, v_defaultval, v_i.0))
		(?, 1)    eval_dict_uid_param_6(v_22, v_defaultval, v_i.0) -> Com_2(eval_dict_find_string_start(v_22, v_defaultval, v_i.0), eval_dict_uid_param_7(v_22, v_defaultval, v_i.0))
		(?, 1)    eval_dict_uid_param_7(v_22, v_defaultval, v_i.0) -> Com_1(eval_dict_uid_param_bb20_in(v_22, v_defaultval, v_i.0))
		(?, 1)    eval_dict_uid_param_7(v_22, v_defaultval, v_i.0) -> Com_1(eval_dict_uid_param_14(nondef.3, v_defaultval, v_i.0))
		(?, 1)    eval_dict_uid_param_7(v_22, v_defaultval, v_i.0) -> Com_1(eval_dict_uid_param_bb12_in(v_22, v_defaultval, v_i.0))
		(?, 1)    eval_dict_uid_param_14(v_22, v_defaultval, v_i.0) -> Com_1(eval_dict_uid_param_15(v_22, v_defaultval, v_i.0))
		(?, 1)    eval_dict_uid_param_15(v_22, v_defaultval, v_i.0) -> Com_1(eval_dict_uid_param_bb20_in(v_22, v_defaultval, v_i.0))
		(?, 1)    eval_dict_uid_param_15(v_22, v_defaultval, v_i.0) -> Com_1(eval_dict_uid_param_bb7_in(v_22, v_defaultval, 0))
		(?, 1)    eval_dict_uid_param_bb7_in(v_22, v_defaultval, v_i.0) -> Com_1(eval_dict_uid_param_bb7_in(v_22, v_defaultval, v_i.0 + 1)) [ v_i.0 < v_22 ]
		(?, 1)    eval_dict_uid_param_bb7_in(v_22, v_defaultval, v_i.0) -> Com_1(eval_dict_uid_param_25(v_22, v_defaultval, v_i.0)) [ v_i.0 < v_22 ]
		(?, 1)    eval_dict_uid_param_bb7_in(v_22, v_defaultval, v_i.0) -> Com_1(eval_dict_uid_param_bb20_in(v_22, v_defaultval, v_i.0)) [ v_i.0 >= v_22 ]
		(?, 1)    eval_dict_uid_param_25(v_22, v_defaultval, v_i.0) -> Com_1(eval_dict_uid_param_26(v_22, v_defaultval, v_i.0))
		(?, 1)    eval_dict_uid_param_26(v_22, v_defaultval, v_i.0) -> Com_1(eval_dict_uid_param_bb20_in(v_22, v_defaultval, v_i.0))
		(?, 1)    eval_dict_uid_param_bb12_in(v_22, v_defaultval, v_i.0) -> Com_1(eval_dict_uid_param_32(v_22, v_defaultval, v_i.0))
		(?, 1)    eval_dict_uid_param_32(v_22, v_defaultval, v_i.0) -> Com_2(eval_dict_find_string_start(v_22, v_defaultval, v_i.0), eval_dict_uid_param_33(v_22, v_defaultval, v_i.0))
		(?, 1)    eval_dict_uid_param_33(v_22, v_defaultval, v_i.0) -> Com_1(eval_dict_uid_param_bb20_in(v_22, v_defaultval, v_i.0))
		(?, 1)    eval_dict_uid_param_bb20_in(v_22, v_defaultval, v_i.0) -> Com_1(eval_dict_uid_param_stop(v_22, v_defaultval, v_i.0))
	start location:	eval_dict_uid_param_start
	leaf cost:	0

Slicing away variables that do not contribute to conditions from problem 1 leaves variables [v_22, v_i.0].
We thus obtain the following problem:
2:	T:
		(?, 1)    eval_dict_uid_param_bb20_in(v_22, v_i.0) -> Com_1(eval_dict_uid_param_stop(v_22, v_i.0))
		(?, 1)    eval_dict_uid_param_33(v_22, v_i.0) -> Com_1(eval_dict_uid_param_bb20_in(v_22, v_i.0))
		(?, 1)    eval_dict_uid_param_32(v_22, v_i.0) -> Com_2(eval_dict_find_string_start(v_22, v_i.0), eval_dict_uid_param_33(v_22, v_i.0))
		(?, 1)    eval_dict_uid_param_bb12_in(v_22, v_i.0) -> Com_1(eval_dict_uid_param_32(v_22, v_i.0))
		(?, 1)    eval_dict_uid_param_26(v_22, v_i.0) -> Com_1(eval_dict_uid_param_bb20_in(v_22, v_i.0))
		(?, 1)    eval_dict_uid_param_25(v_22, v_i.0) -> Com_1(eval_dict_uid_param_26(v_22, v_i.0))
		(?, 1)    eval_dict_uid_param_bb7_in(v_22, v_i.0) -> Com_1(eval_dict_uid_param_bb20_in(v_22, v_i.0)) [ v_i.0 >= v_22 ]
		(?, 1)    eval_dict_uid_param_bb7_in(v_22, v_i.0) -> Com_1(eval_dict_uid_param_25(v_22, v_i.0)) [ v_i.0 < v_22 ]
		(?, 1)    eval_dict_uid_param_bb7_in(v_22, v_i.0) -> Com_1(eval_dict_uid_param_bb7_in(v_22, v_i.0 + 1)) [ v_i.0 < v_22 ]
		(?, 1)    eval_dict_uid_param_15(v_22, v_i.0) -> Com_1(eval_dict_uid_param_bb7_in(v_22, 0))
		(?, 1)    eval_dict_uid_param_15(v_22, v_i.0) -> Com_1(eval_dict_uid_param_bb20_in(v_22, v_i.0))
		(?, 1)    eval_dict_uid_param_14(v_22, v_i.0) -> Com_1(eval_dict_uid_param_15(v_22, v_i.0))
		(?, 1)    eval_dict_uid_param_7(v_22, v_i.0) -> Com_1(eval_dict_uid_param_bb12_in(v_22, v_i.0))
		(?, 1)    eval_dict_uid_param_7(v_22, v_i.0) -> Com_1(eval_dict_uid_param_14(nondef.3, v_i.0))
		(?, 1)    eval_dict_uid_param_7(v_22, v_i.0) -> Com_1(eval_dict_uid_param_bb20_in(v_22, v_i.0))
		(?, 1)    eval_dict_uid_param_6(v_22, v_i.0) -> Com_2(eval_dict_find_string_start(v_22, v_i.0), eval_dict_uid_param_7(v_22, v_i.0))
		(?, 1)    eval_dict_uid_param_bb0_in(v_22, v_i.0) -> Com_1(eval_dict_uid_param_bb12_in(v_22, v_i.0))
		(?, 1)    eval_dict_uid_param_bb0_in(v_22, v_i.0) -> Com_1(eval_dict_uid_param_6(v_22, v_i.0))
		(?, 1)    eval_dict_uid_param_bb0_in(v_22, v_i.0) -> Com_1(eval_dict_uid_param_bb20_in(v_22, v_i.0))
		(1, 1)    eval_dict_uid_param_start(v_22, v_i.0) -> Com_1(eval_dict_uid_param_bb0_in(v_22, v_i.0))
	start location:	eval_dict_uid_param_start
	leaf cost:	0

Repeatedly propagating knowledge in problem 2 produces the following problem:
3:	T:
		(?, 1)    eval_dict_uid_param_bb20_in(v_22, v_i.0) -> Com_1(eval_dict_uid_param_stop(v_22, v_i.0))
		(2, 1)    eval_dict_uid_param_33(v_22, v_i.0) -> Com_1(eval_dict_uid_param_bb20_in(v_22, v_i.0))
		(2, 1)    eval_dict_uid_param_32(v_22, v_i.0) -> Com_2(eval_dict_find_string_start(v_22, v_i.0), eval_dict_uid_param_33(v_22, v_i.0))
		(2, 1)    eval_dict_uid_param_bb12_in(v_22, v_i.0) -> Com_1(eval_dict_uid_param_32(v_22, v_i.0))
		(?, 1)    eval_dict_uid_param_26(v_22, v_i.0) -> Com_1(eval_dict_uid_param_bb20_in(v_22, v_i.0))
		(?, 1)    eval_dict_uid_param_25(v_22, v_i.0) -> Com_1(eval_dict_uid_param_26(v_22, v_i.0))
		(?, 1)    eval_dict_uid_param_bb7_in(v_22, v_i.0) -> Com_1(eval_dict_uid_param_bb20_in(v_22, v_i.0)) [ v_i.0 >= v_22 ]
		(?, 1)    eval_dict_uid_param_bb7_in(v_22, v_i.0) -> Com_1(eval_dict_uid_param_25(v_22, v_i.0)) [ v_i.0 < v_22 ]
		(?, 1)    eval_dict_uid_param_bb7_in(v_22, v_i.0) -> Com_1(eval_dict_uid_param_bb7_in(v_22, v_i.0 + 1)) [ v_i.0 < v_22 ]
		(1, 1)    eval_dict_uid_param_15(v_22, v_i.0) -> Com_1(eval_dict_uid_param_bb7_in(v_22, 0))
		(1, 1)    eval_dict_uid_param_15(v_22, v_i.0) -> Com_1(eval_dict_uid_param_bb20_in(v_22, v_i.0))
		(1, 1)    eval_dict_uid_param_14(v_22, v_i.0) -> Com_1(eval_dict_uid_param_15(v_22, v_i.0))
		(1, 1)    eval_dict_uid_param_7(v_22, v_i.0) -> Com_1(eval_dict_uid_param_bb12_in(v_22, v_i.0))
		(1, 1)    eval_dict_uid_param_7(v_22, v_i.0) -> Com_1(eval_dict_uid_param_14(nondef.3, v_i.0))
		(1, 1)    eval_dict_uid_param_7(v_22, v_i.0) -> Com_1(eval_dict_uid_param_bb20_in(v_22, v_i.0))
		(1, 1)    eval_dict_uid_param_6(v_22, v_i.0) -> Com_2(eval_dict_find_string_start(v_22, v_i.0), eval_dict_uid_param_7(v_22, v_i.0))
		(1, 1)    eval_dict_uid_param_bb0_in(v_22, v_i.0) -> Com_1(eval_dict_uid_param_bb12_in(v_22, v_i.0))
		(1, 1)    eval_dict_uid_param_bb0_in(v_22, v_i.0) -> Com_1(eval_dict_uid_param_6(v_22, v_i.0))
		(1, 1)    eval_dict_uid_param_bb0_in(v_22, v_i.0) -> Com_1(eval_dict_uid_param_bb20_in(v_22, v_i.0))
		(1, 1)    eval_dict_uid_param_start(v_22, v_i.0) -> Com_1(eval_dict_uid_param_bb0_in(v_22, v_i.0))
	start location:	eval_dict_uid_param_start
	leaf cost:	0

A polynomial rank function with
	Pol(eval_dict_uid_param_bb20_in) = 1
	Pol(eval_dict_uid_param_stop) = 0
	Pol(eval_dict_uid_param_33) = 1
	Pol(eval_dict_uid_param_32) = 1
	Pol(eval_dict_find_string_start) = 0
	Pol(eval_dict_uid_param_bb12_in) = 1
	Pol(eval_dict_uid_param_26) = 2
	Pol(eval_dict_uid_param_25) = 3
	Pol(eval_dict_uid_param_bb7_in) = 4
	Pol(eval_dict_uid_param_15) = 4
	Pol(eval_dict_uid_param_14) = 4
	Pol(eval_dict_uid_param_7) = 4
	Pol(eval_dict_uid_param_6) = 4
	Pol(eval_dict_uid_param_bb0_in) = 4
	Pol(eval_dict_uid_param_start) = 4
orients all transitions weakly and the transitions
	eval_dict_uid_param_bb7_in(v_22, v_i.0) -> Com_1(eval_dict_uid_param_bb20_in(v_22, v_i.0)) [ v_i.0 >= v_22 ]
	eval_dict_uid_param_bb7_in(v_22, v_i.0) -> Com_1(eval_dict_uid_param_25(v_22, v_i.0)) [ v_i.0 < v_22 ]
	eval_dict_uid_param_bb20_in(v_22, v_i.0) -> Com_1(eval_dict_uid_param_stop(v_22, v_i.0))
	eval_dict_uid_param_26(v_22, v_i.0) -> Com_1(eval_dict_uid_param_bb20_in(v_22, v_i.0))
	eval_dict_uid_param_25(v_22, v_i.0) -> Com_1(eval_dict_uid_param_26(v_22, v_i.0))
strictly and produces the following problem:
4:	T:
		(4, 1)    eval_dict_uid_param_bb20_in(v_22, v_i.0) -> Com_1(eval_dict_uid_param_stop(v_22, v_i.0))
		(2, 1)    eval_dict_uid_param_33(v_22, v_i.0) -> Com_1(eval_dict_uid_param_bb20_in(v_22, v_i.0))
		(2, 1)    eval_dict_uid_param_32(v_22, v_i.0) -> Com_2(eval_dict_find_string_start(v_22, v_i.0), eval_dict_uid_param_33(v_22, v_i.0))
		(2, 1)    eval_dict_uid_param_bb12_in(v_22, v_i.0) -> Com_1(eval_dict_uid_param_32(v_22, v_i.0))
		(4, 1)    eval_dict_uid_param_26(v_22, v_i.0) -> Com_1(eval_dict_uid_param_bb20_in(v_22, v_i.0))
		(4, 1)    eval_dict_uid_param_25(v_22, v_i.0) -> Com_1(eval_dict_uid_param_26(v_22, v_i.0))
		(4, 1)    eval_dict_uid_param_bb7_in(v_22, v_i.0) -> Com_1(eval_dict_uid_param_bb20_in(v_22, v_i.0)) [ v_i.0 >= v_22 ]
		(4, 1)    eval_dict_uid_param_bb7_in(v_22, v_i.0) -> Com_1(eval_dict_uid_param_25(v_22, v_i.0)) [ v_i.0 < v_22 ]
		(?, 1)    eval_dict_uid_param_bb7_in(v_22, v_i.0) -> Com_1(eval_dict_uid_param_bb7_in(v_22, v_i.0 + 1)) [ v_i.0 < v_22 ]
		(1, 1)    eval_dict_uid_param_15(v_22, v_i.0) -> Com_1(eval_dict_uid_param_bb7_in(v_22, 0))
		(1, 1)    eval_dict_uid_param_15(v_22, v_i.0) -> Com_1(eval_dict_uid_param_bb20_in(v_22, v_i.0))
		(1, 1)    eval_dict_uid_param_14(v_22, v_i.0) -> Com_1(eval_dict_uid_param_15(v_22, v_i.0))
		(1, 1)    eval_dict_uid_param_7(v_22, v_i.0) -> Com_1(eval_dict_uid_param_bb12_in(v_22, v_i.0))
		(1, 1)    eval_dict_uid_param_7(v_22, v_i.0) -> Com_1(eval_dict_uid_param_14(nondef.3, v_i.0))
		(1, 1)    eval_dict_uid_param_7(v_22, v_i.0) -> Com_1(eval_dict_uid_param_bb20_in(v_22, v_i.0))
		(1, 1)    eval_dict_uid_param_6(v_22, v_i.0) -> Com_2(eval_dict_find_string_start(v_22, v_i.0), eval_dict_uid_param_7(v_22, v_i.0))
		(1, 1)    eval_dict_uid_param_bb0_in(v_22, v_i.0) -> Com_1(eval_dict_uid_param_bb12_in(v_22, v_i.0))
		(1, 1)    eval_dict_uid_param_bb0_in(v_22, v_i.0) -> Com_1(eval_dict_uid_param_6(v_22, v_i.0))
		(1, 1)    eval_dict_uid_param_bb0_in(v_22, v_i.0) -> Com_1(eval_dict_uid_param_bb20_in(v_22, v_i.0))
		(1, 1)    eval_dict_uid_param_start(v_22, v_i.0) -> Com_1(eval_dict_uid_param_bb0_in(v_22, v_i.0))
	start location:	eval_dict_uid_param_start
	leaf cost:	0

Applied AI with 'oct' on problem 4 to obtain the following invariants:
  For symbol eval_dict_uid_param_25: X_1 - X_2 - 1 >= 0 /\ X_2 >= 0 /\ X_1 + X_2 - 1 >= 0 /\ X_1 - 1 >= 0
  For symbol eval_dict_uid_param_26: X_1 - X_2 - 1 >= 0 /\ X_2 >= 0 /\ X_1 + X_2 - 1 >= 0 /\ X_1 - 1 >= 0
  For symbol eval_dict_uid_param_bb7_in: X_2 >= 0


This yielded the following problem:
5:	T:
		(1, 1)    eval_dict_uid_param_start(v_22, v_i.0) -> Com_1(eval_dict_uid_param_bb0_in(v_22, v_i.0))
		(1, 1)    eval_dict_uid_param_bb0_in(v_22, v_i.0) -> Com_1(eval_dict_uid_param_bb20_in(v_22, v_i.0))
		(1, 1)    eval_dict_uid_param_bb0_in(v_22, v_i.0) -> Com_1(eval_dict_uid_param_6(v_22, v_i.0))
		(1, 1)    eval_dict_uid_param_bb0_in(v_22, v_i.0) -> Com_1(eval_dict_uid_param_bb12_in(v_22, v_i.0))
		(1, 1)    eval_dict_uid_param_6(v_22, v_i.0) -> Com_2(eval_dict_find_string_start(v_22, v_i.0), eval_dict_uid_param_7(v_22, v_i.0))
		(1, 1)    eval_dict_uid_param_7(v_22, v_i.0) -> Com_1(eval_dict_uid_param_bb20_in(v_22, v_i.0))
		(1, 1)    eval_dict_uid_param_7(v_22, v_i.0) -> Com_1(eval_dict_uid_param_14(nondef.3, v_i.0))
		(1, 1)    eval_dict_uid_param_7(v_22, v_i.0) -> Com_1(eval_dict_uid_param_bb12_in(v_22, v_i.0))
		(1, 1)    eval_dict_uid_param_14(v_22, v_i.0) -> Com_1(eval_dict_uid_param_15(v_22, v_i.0))
		(1, 1)    eval_dict_uid_param_15(v_22, v_i.0) -> Com_1(eval_dict_uid_param_bb20_in(v_22, v_i.0))
		(1, 1)    eval_dict_uid_param_15(v_22, v_i.0) -> Com_1(eval_dict_uid_param_bb7_in(v_22, 0))
		(?, 1)    eval_dict_uid_param_bb7_in(v_22, v_i.0) -> Com_1(eval_dict_uid_param_bb7_in(v_22, v_i.0 + 1)) [ v_i.0 >= 0 /\ v_i.0 < v_22 ]
		(4, 1)    eval_dict_uid_param_bb7_in(v_22, v_i.0) -> Com_1(eval_dict_uid_param_25(v_22, v_i.0)) [ v_i.0 >= 0 /\ v_i.0 < v_22 ]
		(4, 1)    eval_dict_uid_param_bb7_in(v_22, v_i.0) -> Com_1(eval_dict_uid_param_bb20_in(v_22, v_i.0)) [ v_i.0 >= 0 /\ v_i.0 >= v_22 ]
		(4, 1)    eval_dict_uid_param_25(v_22, v_i.0) -> Com_1(eval_dict_uid_param_26(v_22, v_i.0)) [ v_22 - v_i.0 - 1 >= 0 /\ v_i.0 >= 0 /\ v_22 + v_i.0 - 1 >= 0 /\ v_22 - 1 >= 0 ]
		(4, 1)    eval_dict_uid_param_26(v_22, v_i.0) -> Com_1(eval_dict_uid_param_bb20_in(v_22, v_i.0)) [ v_22 - v_i.0 - 1 >= 0 /\ v_i.0 >= 0 /\ v_22 + v_i.0 - 1 >= 0 /\ v_22 - 1 >= 0 ]
		(2, 1)    eval_dict_uid_param_bb12_in(v_22, v_i.0) -> Com_1(eval_dict_uid_param_32(v_22, v_i.0))
		(2, 1)    eval_dict_uid_param_32(v_22, v_i.0) -> Com_2(eval_dict_find_string_start(v_22, v_i.0), eval_dict_uid_param_33(v_22, v_i.0))
		(2, 1)    eval_dict_uid_param_33(v_22, v_i.0) -> Com_1(eval_dict_uid_param_bb20_in(v_22, v_i.0))
		(4, 1)    eval_dict_uid_param_bb20_in(v_22, v_i.0) -> Com_1(eval_dict_uid_param_stop(v_22, v_i.0))
	start location:	eval_dict_uid_param_start
	leaf cost:	0

By chaining the transition eval_dict_uid_param_bb0_in(v_22, v_i.0) -> Com_1(eval_dict_uid_param_bb20_in(v_22, v_i.0)) with all transitions in problem 5, the following new transition is obtained:
	eval_dict_uid_param_bb0_in(v_22, v_i.0) -> Com_1(eval_dict_uid_param_stop(v_22, v_i.0))
We thus obtain the following problem:
6:	T:
		(1, 2)    eval_dict_uid_param_bb0_in(v_22, v_i.0) -> Com_1(eval_dict_uid_param_stop(v_22, v_i.0))
		(1, 1)    eval_dict_uid_param_start(v_22, v_i.0) -> Com_1(eval_dict_uid_param_bb0_in(v_22, v_i.0))
		(1, 1)    eval_dict_uid_param_bb0_in(v_22, v_i.0) -> Com_1(eval_dict_uid_param_6(v_22, v_i.0))
		(1, 1)    eval_dict_uid_param_bb0_in(v_22, v_i.0) -> Com_1(eval_dict_uid_param_bb12_in(v_22, v_i.0))
		(1, 1)    eval_dict_uid_param_6(v_22, v_i.0) -> Com_2(eval_dict_find_string_start(v_22, v_i.0), eval_dict_uid_param_7(v_22, v_i.0))
		(1, 1)    eval_dict_uid_param_7(v_22, v_i.0) -> Com_1(eval_dict_uid_param_bb20_in(v_22, v_i.0))
		(1, 1)    eval_dict_uid_param_7(v_22, v_i.0) -> Com_1(eval_dict_uid_param_14(nondef.3, v_i.0))
		(1, 1)    eval_dict_uid_param_7(v_22, v_i.0) -> Com_1(eval_dict_uid_param_bb12_in(v_22, v_i.0))
		(1, 1)    eval_dict_uid_param_14(v_22, v_i.0) -> Com_1(eval_dict_uid_param_15(v_22, v_i.0))
		(1, 1)    eval_dict_uid_param_15(v_22, v_i.0) -> Com_1(eval_dict_uid_param_bb20_in(v_22, v_i.0))
		(1, 1)    eval_dict_uid_param_15(v_22, v_i.0) -> Com_1(eval_dict_uid_param_bb7_in(v_22, 0))
		(?, 1)    eval_dict_uid_param_bb7_in(v_22, v_i.0) -> Com_1(eval_dict_uid_param_bb7_in(v_22, v_i.0 + 1)) [ v_i.0 >= 0 /\ v_i.0 < v_22 ]
		(4, 1)    eval_dict_uid_param_bb7_in(v_22, v_i.0) -> Com_1(eval_dict_uid_param_25(v_22, v_i.0)) [ v_i.0 >= 0 /\ v_i.0 < v_22 ]
		(4, 1)    eval_dict_uid_param_bb7_in(v_22, v_i.0) -> Com_1(eval_dict_uid_param_bb20_in(v_22, v_i.0)) [ v_i.0 >= 0 /\ v_i.0 >= v_22 ]
		(4, 1)    eval_dict_uid_param_25(v_22, v_i.0) -> Com_1(eval_dict_uid_param_26(v_22, v_i.0)) [ v_22 - v_i.0 - 1 >= 0 /\ v_i.0 >= 0 /\ v_22 + v_i.0 - 1 >= 0 /\ v_22 - 1 >= 0 ]
		(4, 1)    eval_dict_uid_param_26(v_22, v_i.0) -> Com_1(eval_dict_uid_param_bb20_in(v_22, v_i.0)) [ v_22 - v_i.0 - 1 >= 0 /\ v_i.0 >= 0 /\ v_22 + v_i.0 - 1 >= 0 /\ v_22 - 1 >= 0 ]
		(2, 1)    eval_dict_uid_param_bb12_in(v_22, v_i.0) -> Com_1(eval_dict_uid_param_32(v_22, v_i.0))
		(2, 1)    eval_dict_uid_param_32(v_22, v_i.0) -> Com_2(eval_dict_find_string_start(v_22, v_i.0), eval_dict_uid_param_33(v_22, v_i.0))
		(2, 1)    eval_dict_uid_param_33(v_22, v_i.0) -> Com_1(eval_dict_uid_param_bb20_in(v_22, v_i.0))
		(4, 1)    eval_dict_uid_param_bb20_in(v_22, v_i.0) -> Com_1(eval_dict_uid_param_stop(v_22, v_i.0))
	start location:	eval_dict_uid_param_start
	leaf cost:	0

By chaining the transition eval_dict_uid_param_bb0_in(v_22, v_i.0) -> Com_1(eval_dict_uid_param_6(v_22, v_i.0)) with all transitions in problem 6, the following new transition is obtained:
	eval_dict_uid_param_bb0_in(v_22, v_i.0) -> Com_2(eval_dict_find_string_start(v_22, v_i.0), eval_dict_uid_param_7(v_22, v_i.0))
We thus obtain the following problem:
7:	T:
		(1, 2)    eval_dict_uid_param_bb0_in(v_22, v_i.0) -> Com_2(eval_dict_find_string_start(v_22, v_i.0), eval_dict_uid_param_7(v_22, v_i.0))
		(1, 2)    eval_dict_uid_param_bb0_in(v_22, v_i.0) -> Com_1(eval_dict_uid_param_stop(v_22, v_i.0))
		(1, 1)    eval_dict_uid_param_start(v_22, v_i.0) -> Com_1(eval_dict_uid_param_bb0_in(v_22, v_i.0))
		(1, 1)    eval_dict_uid_param_bb0_in(v_22, v_i.0) -> Com_1(eval_dict_uid_param_bb12_in(v_22, v_i.0))
		(1, 1)    eval_dict_uid_param_6(v_22, v_i.0) -> Com_2(eval_dict_find_string_start(v_22, v_i.0), eval_dict_uid_param_7(v_22, v_i.0))
		(1, 1)    eval_dict_uid_param_7(v_22, v_i.0) -> Com_1(eval_dict_uid_param_bb20_in(v_22, v_i.0))
		(1, 1)    eval_dict_uid_param_7(v_22, v_i.0) -> Com_1(eval_dict_uid_param_14(nondef.3, v_i.0))
		(1, 1)    eval_dict_uid_param_7(v_22, v_i.0) -> Com_1(eval_dict_uid_param_bb12_in(v_22, v_i.0))
		(1, 1)    eval_dict_uid_param_14(v_22, v_i.0) -> Com_1(eval_dict_uid_param_15(v_22, v_i.0))
		(1, 1)    eval_dict_uid_param_15(v_22, v_i.0) -> Com_1(eval_dict_uid_param_bb20_in(v_22, v_i.0))
		(1, 1)    eval_dict_uid_param_15(v_22, v_i.0) -> Com_1(eval_dict_uid_param_bb7_in(v_22, 0))
		(?, 1)    eval_dict_uid_param_bb7_in(v_22, v_i.0) -> Com_1(eval_dict_uid_param_bb7_in(v_22, v_i.0 + 1)) [ v_i.0 >= 0 /\ v_i.0 < v_22 ]
		(4, 1)    eval_dict_uid_param_bb7_in(v_22, v_i.0) -> Com_1(eval_dict_uid_param_25(v_22, v_i.0)) [ v_i.0 >= 0 /\ v_i.0 < v_22 ]
		(4, 1)    eval_dict_uid_param_bb7_in(v_22, v_i.0) -> Com_1(eval_dict_uid_param_bb20_in(v_22, v_i.0)) [ v_i.0 >= 0 /\ v_i.0 >= v_22 ]
		(4, 1)    eval_dict_uid_param_25(v_22, v_i.0) -> Com_1(eval_dict_uid_param_26(v_22, v_i.0)) [ v_22 - v_i.0 - 1 >= 0 /\ v_i.0 >= 0 /\ v_22 + v_i.0 - 1 >= 0 /\ v_22 - 1 >= 0 ]
		(4, 1)    eval_dict_uid_param_26(v_22, v_i.0) -> Com_1(eval_dict_uid_param_bb20_in(v_22, v_i.0)) [ v_22 - v_i.0 - 1 >= 0 /\ v_i.0 >= 0 /\ v_22 + v_i.0 - 1 >= 0 /\ v_22 - 1 >= 0 ]
		(2, 1)    eval_dict_uid_param_bb12_in(v_22, v_i.0) -> Com_1(eval_dict_uid_param_32(v_22, v_i.0))
		(2, 1)    eval_dict_uid_param_32(v_22, v_i.0) -> Com_2(eval_dict_find_string_start(v_22, v_i.0), eval_dict_uid_param_33(v_22, v_i.0))
		(2, 1)    eval_dict_uid_param_33(v_22, v_i.0) -> Com_1(eval_dict_uid_param_bb20_in(v_22, v_i.0))
		(4, 1)    eval_dict_uid_param_bb20_in(v_22, v_i.0) -> Com_1(eval_dict_uid_param_stop(v_22, v_i.0))
	start location:	eval_dict_uid_param_start
	leaf cost:	0

Testing for reachability in the complexity graph removes the following transition from problem 7:
	eval_dict_uid_param_6(v_22, v_i.0) -> Com_2(eval_dict_find_string_start(v_22, v_i.0), eval_dict_uid_param_7(v_22, v_i.0))
We thus obtain the following problem:
8:	T:
		(4, 1)    eval_dict_uid_param_26(v_22, v_i.0) -> Com_1(eval_dict_uid_param_bb20_in(v_22, v_i.0)) [ v_22 - v_i.0 - 1 >= 0 /\ v_i.0 >= 0 /\ v_22 + v_i.0 - 1 >= 0 /\ v_22 - 1 >= 0 ]
		(4, 1)    eval_dict_uid_param_25(v_22, v_i.0) -> Com_1(eval_dict_uid_param_26(v_22, v_i.0)) [ v_22 - v_i.0 - 1 >= 0 /\ v_i.0 >= 0 /\ v_22 + v_i.0 - 1 >= 0 /\ v_22 - 1 >= 0 ]
		(4, 1)    eval_dict_uid_param_bb7_in(v_22, v_i.0) -> Com_1(eval_dict_uid_param_bb20_in(v_22, v_i.0)) [ v_i.0 >= 0 /\ v_i.0 >= v_22 ]
		(4, 1)    eval_dict_uid_param_bb7_in(v_22, v_i.0) -> Com_1(eval_dict_uid_param_25(v_22, v_i.0)) [ v_i.0 >= 0 /\ v_i.0 < v_22 ]
		(?, 1)    eval_dict_uid_param_bb7_in(v_22, v_i.0) -> Com_1(eval_dict_uid_param_bb7_in(v_22, v_i.0 + 1)) [ v_i.0 >= 0 /\ v_i.0 < v_22 ]
		(2, 1)    eval_dict_uid_param_33(v_22, v_i.0) -> Com_1(eval_dict_uid_param_bb20_in(v_22, v_i.0))
		(1, 1)    eval_dict_uid_param_15(v_22, v_i.0) -> Com_1(eval_dict_uid_param_bb7_in(v_22, 0))
		(1, 1)    eval_dict_uid_param_15(v_22, v_i.0) -> Com_1(eval_dict_uid_param_bb20_in(v_22, v_i.0))
		(2, 1)    eval_dict_uid_param_32(v_22, v_i.0) -> Com_2(eval_dict_find_string_start(v_22, v_i.0), eval_dict_uid_param_33(v_22, v_i.0))
		(1, 1)    eval_dict_uid_param_14(v_22, v_i.0) -> Com_1(eval_dict_uid_param_15(v_22, v_i.0))
		(4, 1)    eval_dict_uid_param_bb20_in(v_22, v_i.0) -> Com_1(eval_dict_uid_param_stop(v_22, v_i.0))
		(1, 1)    eval_dict_uid_param_7(v_22, v_i.0) -> Com_1(eval_dict_uid_param_bb12_in(v_22, v_i.0))
		(1, 1)    eval_dict_uid_param_7(v_22, v_i.0) -> Com_1(eval_dict_uid_param_14(nondef.3, v_i.0))
		(1, 1)    eval_dict_uid_param_7(v_22, v_i.0) -> Com_1(eval_dict_uid_param_bb20_in(v_22, v_i.0))
		(2, 1)    eval_dict_uid_param_bb12_in(v_22, v_i.0) -> Com_1(eval_dict_uid_param_32(v_22, v_i.0))
		(1, 2)    eval_dict_uid_param_bb0_in(v_22, v_i.0) -> Com_2(eval_dict_find_string_start(v_22, v_i.0), eval_dict_uid_param_7(v_22, v_i.0))
		(1, 2)    eval_dict_uid_param_bb0_in(v_22, v_i.0) -> Com_1(eval_dict_uid_param_stop(v_22, v_i.0))
		(1, 1)    eval_dict_uid_param_bb0_in(v_22, v_i.0) -> Com_1(eval_dict_uid_param_bb12_in(v_22, v_i.0))
		(1, 1)    eval_dict_uid_param_start(v_22, v_i.0) -> Com_1(eval_dict_uid_param_bb0_in(v_22, v_i.0))
	start location:	eval_dict_uid_param_start
	leaf cost:	0

By chaining the transition eval_dict_uid_param_26(v_22, v_i.0) -> Com_1(eval_dict_uid_param_bb20_in(v_22, v_i.0)) [ v_22 - v_i.0 - 1 >= 0 /\ v_i.0 >= 0 /\ v_22 + v_i.0 - 1 >= 0 /\ v_22 - 1 >= 0 ] with all transitions in problem 8, the following new transition is obtained:
	eval_dict_uid_param_26(v_22, v_i.0) -> Com_1(eval_dict_uid_param_stop(v_22, v_i.0)) [ v_22 - v_i.0 - 1 >= 0 /\ v_i.0 >= 0 /\ v_22 + v_i.0 - 1 >= 0 /\ v_22 - 1 >= 0 ]
We thus obtain the following problem:
9:	T:
		(4, 2)    eval_dict_uid_param_26(v_22, v_i.0) -> Com_1(eval_dict_uid_param_stop(v_22, v_i.0)) [ v_22 - v_i.0 - 1 >= 0 /\ v_i.0 >= 0 /\ v_22 + v_i.0 - 1 >= 0 /\ v_22 - 1 >= 0 ]
		(4, 1)    eval_dict_uid_param_25(v_22, v_i.0) -> Com_1(eval_dict_uid_param_26(v_22, v_i.0)) [ v_22 - v_i.0 - 1 >= 0 /\ v_i.0 >= 0 /\ v_22 + v_i.0 - 1 >= 0 /\ v_22 - 1 >= 0 ]
		(4, 1)    eval_dict_uid_param_bb7_in(v_22, v_i.0) -> Com_1(eval_dict_uid_param_bb20_in(v_22, v_i.0)) [ v_i.0 >= 0 /\ v_i.0 >= v_22 ]
		(4, 1)    eval_dict_uid_param_bb7_in(v_22, v_i.0) -> Com_1(eval_dict_uid_param_25(v_22, v_i.0)) [ v_i.0 >= 0 /\ v_i.0 < v_22 ]
		(?, 1)    eval_dict_uid_param_bb7_in(v_22, v_i.0) -> Com_1(eval_dict_uid_param_bb7_in(v_22, v_i.0 + 1)) [ v_i.0 >= 0 /\ v_i.0 < v_22 ]
		(2, 1)    eval_dict_uid_param_33(v_22, v_i.0) -> Com_1(eval_dict_uid_param_bb20_in(v_22, v_i.0))
		(1, 1)    eval_dict_uid_param_15(v_22, v_i.0) -> Com_1(eval_dict_uid_param_bb7_in(v_22, 0))
		(1, 1)    eval_dict_uid_param_15(v_22, v_i.0) -> Com_1(eval_dict_uid_param_bb20_in(v_22, v_i.0))
		(2, 1)    eval_dict_uid_param_32(v_22, v_i.0) -> Com_2(eval_dict_find_string_start(v_22, v_i.0), eval_dict_uid_param_33(v_22, v_i.0))
		(1, 1)    eval_dict_uid_param_14(v_22, v_i.0) -> Com_1(eval_dict_uid_param_15(v_22, v_i.0))
		(4, 1)    eval_dict_uid_param_bb20_in(v_22, v_i.0) -> Com_1(eval_dict_uid_param_stop(v_22, v_i.0))
		(1, 1)    eval_dict_uid_param_7(v_22, v_i.0) -> Com_1(eval_dict_uid_param_bb12_in(v_22, v_i.0))
		(1, 1)    eval_dict_uid_param_7(v_22, v_i.0) -> Com_1(eval_dict_uid_param_14(nondef.3, v_i.0))
		(1, 1)    eval_dict_uid_param_7(v_22, v_i.0) -> Com_1(eval_dict_uid_param_bb20_in(v_22, v_i.0))
		(2, 1)    eval_dict_uid_param_bb12_in(v_22, v_i.0) -> Com_1(eval_dict_uid_param_32(v_22, v_i.0))
		(1, 2)    eval_dict_uid_param_bb0_in(v_22, v_i.0) -> Com_2(eval_dict_find_string_start(v_22, v_i.0), eval_dict_uid_param_7(v_22, v_i.0))
		(1, 2)    eval_dict_uid_param_bb0_in(v_22, v_i.0) -> Com_1(eval_dict_uid_param_stop(v_22, v_i.0))
		(1, 1)    eval_dict_uid_param_bb0_in(v_22, v_i.0) -> Com_1(eval_dict_uid_param_bb12_in(v_22, v_i.0))
		(1, 1)    eval_dict_uid_param_start(v_22, v_i.0) -> Com_1(eval_dict_uid_param_bb0_in(v_22, v_i.0))
	start location:	eval_dict_uid_param_start
	leaf cost:	0

By chaining the transition eval_dict_uid_param_25(v_22, v_i.0) -> Com_1(eval_dict_uid_param_26(v_22, v_i.0)) [ v_22 - v_i.0 - 1 >= 0 /\ v_i.0 >= 0 /\ v_22 + v_i.0 - 1 >= 0 /\ v_22 - 1 >= 0 ] with all transitions in problem 9, the following new transition is obtained:
	eval_dict_uid_param_25(v_22, v_i.0) -> Com_1(eval_dict_uid_param_stop(v_22, v_i.0)) [ v_22 - v_i.0 - 1 >= 0 /\ v_i.0 >= 0 /\ v_22 + v_i.0 - 1 >= 0 /\ v_22 - 1 >= 0 ]
We thus obtain the following problem:
10:	T:
		(4, 3)    eval_dict_uid_param_25(v_22, v_i.0) -> Com_1(eval_dict_uid_param_stop(v_22, v_i.0)) [ v_22 - v_i.0 - 1 >= 0 /\ v_i.0 >= 0 /\ v_22 + v_i.0 - 1 >= 0 /\ v_22 - 1 >= 0 ]
		(4, 2)    eval_dict_uid_param_26(v_22, v_i.0) -> Com_1(eval_dict_uid_param_stop(v_22, v_i.0)) [ v_22 - v_i.0 - 1 >= 0 /\ v_i.0 >= 0 /\ v_22 + v_i.0 - 1 >= 0 /\ v_22 - 1 >= 0 ]
		(4, 1)    eval_dict_uid_param_bb7_in(v_22, v_i.0) -> Com_1(eval_dict_uid_param_bb20_in(v_22, v_i.0)) [ v_i.0 >= 0 /\ v_i.0 >= v_22 ]
		(4, 1)    eval_dict_uid_param_bb7_in(v_22, v_i.0) -> Com_1(eval_dict_uid_param_25(v_22, v_i.0)) [ v_i.0 >= 0 /\ v_i.0 < v_22 ]
		(?, 1)    eval_dict_uid_param_bb7_in(v_22, v_i.0) -> Com_1(eval_dict_uid_param_bb7_in(v_22, v_i.0 + 1)) [ v_i.0 >= 0 /\ v_i.0 < v_22 ]
		(2, 1)    eval_dict_uid_param_33(v_22, v_i.0) -> Com_1(eval_dict_uid_param_bb20_in(v_22, v_i.0))
		(1, 1)    eval_dict_uid_param_15(v_22, v_i.0) -> Com_1(eval_dict_uid_param_bb7_in(v_22, 0))
		(1, 1)    eval_dict_uid_param_15(v_22, v_i.0) -> Com_1(eval_dict_uid_param_bb20_in(v_22, v_i.0))
		(2, 1)    eval_dict_uid_param_32(v_22, v_i.0) -> Com_2(eval_dict_find_string_start(v_22, v_i.0), eval_dict_uid_param_33(v_22, v_i.0))
		(1, 1)    eval_dict_uid_param_14(v_22, v_i.0) -> Com_1(eval_dict_uid_param_15(v_22, v_i.0))
		(4, 1)    eval_dict_uid_param_bb20_in(v_22, v_i.0) -> Com_1(eval_dict_uid_param_stop(v_22, v_i.0))
		(1, 1)    eval_dict_uid_param_7(v_22, v_i.0) -> Com_1(eval_dict_uid_param_bb12_in(v_22, v_i.0))
		(1, 1)    eval_dict_uid_param_7(v_22, v_i.0) -> Com_1(eval_dict_uid_param_14(nondef.3, v_i.0))
		(1, 1)    eval_dict_uid_param_7(v_22, v_i.0) -> Com_1(eval_dict_uid_param_bb20_in(v_22, v_i.0))
		(2, 1)    eval_dict_uid_param_bb12_in(v_22, v_i.0) -> Com_1(eval_dict_uid_param_32(v_22, v_i.0))
		(1, 2)    eval_dict_uid_param_bb0_in(v_22, v_i.0) -> Com_2(eval_dict_find_string_start(v_22, v_i.0), eval_dict_uid_param_7(v_22, v_i.0))
		(1, 2)    eval_dict_uid_param_bb0_in(v_22, v_i.0) -> Com_1(eval_dict_uid_param_stop(v_22, v_i.0))
		(1, 1)    eval_dict_uid_param_bb0_in(v_22, v_i.0) -> Com_1(eval_dict_uid_param_bb12_in(v_22, v_i.0))
		(1, 1)    eval_dict_uid_param_start(v_22, v_i.0) -> Com_1(eval_dict_uid_param_bb0_in(v_22, v_i.0))
	start location:	eval_dict_uid_param_start
	leaf cost:	0

Testing for reachability in the complexity graph removes the following transition from problem 10:
	eval_dict_uid_param_26(v_22, v_i.0) -> Com_1(eval_dict_uid_param_stop(v_22, v_i.0)) [ v_22 - v_i.0 - 1 >= 0 /\ v_i.0 >= 0 /\ v_22 + v_i.0 - 1 >= 0 /\ v_22 - 1 >= 0 ]
We thus obtain the following problem:
11:	T:
		(4, 3)    eval_dict_uid_param_25(v_22, v_i.0) -> Com_1(eval_dict_uid_param_stop(v_22, v_i.0)) [ v_22 - v_i.0 - 1 >= 0 /\ v_i.0 >= 0 /\ v_22 + v_i.0 - 1 >= 0 /\ v_22 - 1 >= 0 ]
		(4, 1)    eval_dict_uid_param_bb7_in(v_22, v_i.0) -> Com_1(eval_dict_uid_param_bb20_in(v_22, v_i.0)) [ v_i.0 >= 0 /\ v_i.0 >= v_22 ]
		(4, 1)    eval_dict_uid_param_bb7_in(v_22, v_i.0) -> Com_1(eval_dict_uid_param_25(v_22, v_i.0)) [ v_i.0 >= 0 /\ v_i.0 < v_22 ]
		(?, 1)    eval_dict_uid_param_bb7_in(v_22, v_i.0) -> Com_1(eval_dict_uid_param_bb7_in(v_22, v_i.0 + 1)) [ v_i.0 >= 0 /\ v_i.0 < v_22 ]
		(2, 1)    eval_dict_uid_param_33(v_22, v_i.0) -> Com_1(eval_dict_uid_param_bb20_in(v_22, v_i.0))
		(1, 1)    eval_dict_uid_param_15(v_22, v_i.0) -> Com_1(eval_dict_uid_param_bb7_in(v_22, 0))
		(1, 1)    eval_dict_uid_param_15(v_22, v_i.0) -> Com_1(eval_dict_uid_param_bb20_in(v_22, v_i.0))
		(2, 1)    eval_dict_uid_param_32(v_22, v_i.0) -> Com_2(eval_dict_find_string_start(v_22, v_i.0), eval_dict_uid_param_33(v_22, v_i.0))
		(1, 1)    eval_dict_uid_param_14(v_22, v_i.0) -> Com_1(eval_dict_uid_param_15(v_22, v_i.0))
		(4, 1)    eval_dict_uid_param_bb20_in(v_22, v_i.0) -> Com_1(eval_dict_uid_param_stop(v_22, v_i.0))
		(1, 1)    eval_dict_uid_param_7(v_22, v_i.0) -> Com_1(eval_dict_uid_param_bb12_in(v_22, v_i.0))
		(1, 1)    eval_dict_uid_param_7(v_22, v_i.0) -> Com_1(eval_dict_uid_param_14(nondef.3, v_i.0))
		(1, 1)    eval_dict_uid_param_7(v_22, v_i.0) -> Com_1(eval_dict_uid_param_bb20_in(v_22, v_i.0))
		(2, 1)    eval_dict_uid_param_bb12_in(v_22, v_i.0) -> Com_1(eval_dict_uid_param_32(v_22, v_i.0))
		(1, 2)    eval_dict_uid_param_bb0_in(v_22, v_i.0) -> Com_2(eval_dict_find_string_start(v_22, v_i.0), eval_dict_uid_param_7(v_22, v_i.0))
		(1, 2)    eval_dict_uid_param_bb0_in(v_22, v_i.0) -> Com_1(eval_dict_uid_param_stop(v_22, v_i.0))
		(1, 1)    eval_dict_uid_param_bb0_in(v_22, v_i.0) -> Com_1(eval_dict_uid_param_bb12_in(v_22, v_i.0))
		(1, 1)    eval_dict_uid_param_start(v_22, v_i.0) -> Com_1(eval_dict_uid_param_bb0_in(v_22, v_i.0))
	start location:	eval_dict_uid_param_start
	leaf cost:	0

By chaining the transition eval_dict_uid_param_bb7_in(v_22, v_i.0) -> Com_1(eval_dict_uid_param_bb20_in(v_22, v_i.0)) [ v_i.0 >= 0 /\ v_i.0 >= v_22 ] with all transitions in problem 11, the following new transition is obtained:
	eval_dict_uid_param_bb7_in(v_22, v_i.0) -> Com_1(eval_dict_uid_param_stop(v_22, v_i.0)) [ v_i.0 >= 0 /\ v_i.0 >= v_22 ]
We thus obtain the following problem:
12:	T:
		(4, 2)    eval_dict_uid_param_bb7_in(v_22, v_i.0) -> Com_1(eval_dict_uid_param_stop(v_22, v_i.0)) [ v_i.0 >= 0 /\ v_i.0 >= v_22 ]
		(4, 3)    eval_dict_uid_param_25(v_22, v_i.0) -> Com_1(eval_dict_uid_param_stop(v_22, v_i.0)) [ v_22 - v_i.0 - 1 >= 0 /\ v_i.0 >= 0 /\ v_22 + v_i.0 - 1 >= 0 /\ v_22 - 1 >= 0 ]
		(4, 1)    eval_dict_uid_param_bb7_in(v_22, v_i.0) -> Com_1(eval_dict_uid_param_25(v_22, v_i.0)) [ v_i.0 >= 0 /\ v_i.0 < v_22 ]
		(?, 1)    eval_dict_uid_param_bb7_in(v_22, v_i.0) -> Com_1(eval_dict_uid_param_bb7_in(v_22, v_i.0 + 1)) [ v_i.0 >= 0 /\ v_i.0 < v_22 ]
		(2, 1)    eval_dict_uid_param_33(v_22, v_i.0) -> Com_1(eval_dict_uid_param_bb20_in(v_22, v_i.0))
		(1, 1)    eval_dict_uid_param_15(v_22, v_i.0) -> Com_1(eval_dict_uid_param_bb7_in(v_22, 0))
		(1, 1)    eval_dict_uid_param_15(v_22, v_i.0) -> Com_1(eval_dict_uid_param_bb20_in(v_22, v_i.0))
		(2, 1)    eval_dict_uid_param_32(v_22, v_i.0) -> Com_2(eval_dict_find_string_start(v_22, v_i.0), eval_dict_uid_param_33(v_22, v_i.0))
		(1, 1)    eval_dict_uid_param_14(v_22, v_i.0) -> Com_1(eval_dict_uid_param_15(v_22, v_i.0))
		(4, 1)    eval_dict_uid_param_bb20_in(v_22, v_i.0) -> Com_1(eval_dict_uid_param_stop(v_22, v_i.0))
		(1, 1)    eval_dict_uid_param_7(v_22, v_i.0) -> Com_1(eval_dict_uid_param_bb12_in(v_22, v_i.0))
		(1, 1)    eval_dict_uid_param_7(v_22, v_i.0) -> Com_1(eval_dict_uid_param_14(nondef.3, v_i.0))
		(1, 1)    eval_dict_uid_param_7(v_22, v_i.0) -> Com_1(eval_dict_uid_param_bb20_in(v_22, v_i.0))
		(2, 1)    eval_dict_uid_param_bb12_in(v_22, v_i.0) -> Com_1(eval_dict_uid_param_32(v_22, v_i.0))
		(1, 2)    eval_dict_uid_param_bb0_in(v_22, v_i.0) -> Com_2(eval_dict_find_string_start(v_22, v_i.0), eval_dict_uid_param_7(v_22, v_i.0))
		(1, 2)    eval_dict_uid_param_bb0_in(v_22, v_i.0) -> Com_1(eval_dict_uid_param_stop(v_22, v_i.0))
		(1, 1)    eval_dict_uid_param_bb0_in(v_22, v_i.0) -> Com_1(eval_dict_uid_param_bb12_in(v_22, v_i.0))
		(1, 1)    eval_dict_uid_param_start(v_22, v_i.0) -> Com_1(eval_dict_uid_param_bb0_in(v_22, v_i.0))
	start location:	eval_dict_uid_param_start
	leaf cost:	0

By chaining the transition eval_dict_uid_param_bb7_in(v_22, v_i.0) -> Com_1(eval_dict_uid_param_25(v_22, v_i.0)) [ v_i.0 >= 0 /\ v_i.0 < v_22 ] with all transitions in problem 12, the following new transition is obtained:
	eval_dict_uid_param_bb7_in(v_22, v_i.0) -> Com_1(eval_dict_uid_param_stop(v_22, v_i.0)) [ v_i.0 >= 0 /\ v_i.0 < v_22 /\ v_22 - v_i.0 - 1 >= 0 /\ v_22 + v_i.0 - 1 >= 0 /\ v_22 - 1 >= 0 ]
We thus obtain the following problem:
13:	T:
		(4, 4)    eval_dict_uid_param_bb7_in(v_22, v_i.0) -> Com_1(eval_dict_uid_param_stop(v_22, v_i.0)) [ v_i.0 >= 0 /\ v_i.0 < v_22 /\ v_22 - v_i.0 - 1 >= 0 /\ v_22 + v_i.0 - 1 >= 0 /\ v_22 - 1 >= 0 ]
		(4, 2)    eval_dict_uid_param_bb7_in(v_22, v_i.0) -> Com_1(eval_dict_uid_param_stop(v_22, v_i.0)) [ v_i.0 >= 0 /\ v_i.0 >= v_22 ]
		(4, 3)    eval_dict_uid_param_25(v_22, v_i.0) -> Com_1(eval_dict_uid_param_stop(v_22, v_i.0)) [ v_22 - v_i.0 - 1 >= 0 /\ v_i.0 >= 0 /\ v_22 + v_i.0 - 1 >= 0 /\ v_22 - 1 >= 0 ]
		(?, 1)    eval_dict_uid_param_bb7_in(v_22, v_i.0) -> Com_1(eval_dict_uid_param_bb7_in(v_22, v_i.0 + 1)) [ v_i.0 >= 0 /\ v_i.0 < v_22 ]
		(2, 1)    eval_dict_uid_param_33(v_22, v_i.0) -> Com_1(eval_dict_uid_param_bb20_in(v_22, v_i.0))
		(1, 1)    eval_dict_uid_param_15(v_22, v_i.0) -> Com_1(eval_dict_uid_param_bb7_in(v_22, 0))
		(1, 1)    eval_dict_uid_param_15(v_22, v_i.0) -> Com_1(eval_dict_uid_param_bb20_in(v_22, v_i.0))
		(2, 1)    eval_dict_uid_param_32(v_22, v_i.0) -> Com_2(eval_dict_find_string_start(v_22, v_i.0), eval_dict_uid_param_33(v_22, v_i.0))
		(1, 1)    eval_dict_uid_param_14(v_22, v_i.0) -> Com_1(eval_dict_uid_param_15(v_22, v_i.0))
		(4, 1)    eval_dict_uid_param_bb20_in(v_22, v_i.0) -> Com_1(eval_dict_uid_param_stop(v_22, v_i.0))
		(1, 1)    eval_dict_uid_param_7(v_22, v_i.0) -> Com_1(eval_dict_uid_param_bb12_in(v_22, v_i.0))
		(1, 1)    eval_dict_uid_param_7(v_22, v_i.0) -> Com_1(eval_dict_uid_param_14(nondef.3, v_i.0))
		(1, 1)    eval_dict_uid_param_7(v_22, v_i.0) -> Com_1(eval_dict_uid_param_bb20_in(v_22, v_i.0))
		(2, 1)    eval_dict_uid_param_bb12_in(v_22, v_i.0) -> Com_1(eval_dict_uid_param_32(v_22, v_i.0))
		(1, 2)    eval_dict_uid_param_bb0_in(v_22, v_i.0) -> Com_2(eval_dict_find_string_start(v_22, v_i.0), eval_dict_uid_param_7(v_22, v_i.0))
		(1, 2)    eval_dict_uid_param_bb0_in(v_22, v_i.0) -> Com_1(eval_dict_uid_param_stop(v_22, v_i.0))
		(1, 1)    eval_dict_uid_param_bb0_in(v_22, v_i.0) -> Com_1(eval_dict_uid_param_bb12_in(v_22, v_i.0))
		(1, 1)    eval_dict_uid_param_start(v_22, v_i.0) -> Com_1(eval_dict_uid_param_bb0_in(v_22, v_i.0))
	start location:	eval_dict_uid_param_start
	leaf cost:	0

Testing for reachability in the complexity graph removes the following transition from problem 13:
	eval_dict_uid_param_25(v_22, v_i.0) -> Com_1(eval_dict_uid_param_stop(v_22, v_i.0)) [ v_22 - v_i.0 - 1 >= 0 /\ v_i.0 >= 0 /\ v_22 + v_i.0 - 1 >= 0 /\ v_22 - 1 >= 0 ]
We thus obtain the following problem:
14:	T:
		(4, 4)    eval_dict_uid_param_bb7_in(v_22, v_i.0) -> Com_1(eval_dict_uid_param_stop(v_22, v_i.0)) [ v_i.0 >= 0 /\ v_i.0 < v_22 /\ v_22 - v_i.0 - 1 >= 0 /\ v_22 + v_i.0 - 1 >= 0 /\ v_22 - 1 >= 0 ]
		(4, 2)    eval_dict_uid_param_bb7_in(v_22, v_i.0) -> Com_1(eval_dict_uid_param_stop(v_22, v_i.0)) [ v_i.0 >= 0 /\ v_i.0 >= v_22 ]
		(?, 1)    eval_dict_uid_param_bb7_in(v_22, v_i.0) -> Com_1(eval_dict_uid_param_bb7_in(v_22, v_i.0 + 1)) [ v_i.0 >= 0 /\ v_i.0 < v_22 ]
		(2, 1)    eval_dict_uid_param_33(v_22, v_i.0) -> Com_1(eval_dict_uid_param_bb20_in(v_22, v_i.0))
		(1, 1)    eval_dict_uid_param_15(v_22, v_i.0) -> Com_1(eval_dict_uid_param_bb7_in(v_22, 0))
		(1, 1)    eval_dict_uid_param_15(v_22, v_i.0) -> Com_1(eval_dict_uid_param_bb20_in(v_22, v_i.0))
		(2, 1)    eval_dict_uid_param_32(v_22, v_i.0) -> Com_2(eval_dict_find_string_start(v_22, v_i.0), eval_dict_uid_param_33(v_22, v_i.0))
		(1, 1)    eval_dict_uid_param_14(v_22, v_i.0) -> Com_1(eval_dict_uid_param_15(v_22, v_i.0))
		(4, 1)    eval_dict_uid_param_bb20_in(v_22, v_i.0) -> Com_1(eval_dict_uid_param_stop(v_22, v_i.0))
		(1, 1)    eval_dict_uid_param_7(v_22, v_i.0) -> Com_1(eval_dict_uid_param_bb12_in(v_22, v_i.0))
		(1, 1)    eval_dict_uid_param_7(v_22, v_i.0) -> Com_1(eval_dict_uid_param_14(nondef.3, v_i.0))
		(1, 1)    eval_dict_uid_param_7(v_22, v_i.0) -> Com_1(eval_dict_uid_param_bb20_in(v_22, v_i.0))
		(2, 1)    eval_dict_uid_param_bb12_in(v_22, v_i.0) -> Com_1(eval_dict_uid_param_32(v_22, v_i.0))
		(1, 2)    eval_dict_uid_param_bb0_in(v_22, v_i.0) -> Com_2(eval_dict_find_string_start(v_22, v_i.0), eval_dict_uid_param_7(v_22, v_i.0))
		(1, 2)    eval_dict_uid_param_bb0_in(v_22, v_i.0) -> Com_1(eval_dict_uid_param_stop(v_22, v_i.0))
		(1, 1)    eval_dict_uid_param_bb0_in(v_22, v_i.0) -> Com_1(eval_dict_uid_param_bb12_in(v_22, v_i.0))
		(1, 1)    eval_dict_uid_param_start(v_22, v_i.0) -> Com_1(eval_dict_uid_param_bb0_in(v_22, v_i.0))
	start location:	eval_dict_uid_param_start
	leaf cost:	0

By chaining the transition eval_dict_uid_param_33(v_22, v_i.0) -> Com_1(eval_dict_uid_param_bb20_in(v_22, v_i.0)) with all transitions in problem 14, the following new transition is obtained:
	eval_dict_uid_param_33(v_22, v_i.0) -> Com_1(eval_dict_uid_param_stop(v_22, v_i.0))
We thus obtain the following problem:
15:	T:
		(2, 2)    eval_dict_uid_param_33(v_22, v_i.0) -> Com_1(eval_dict_uid_param_stop(v_22, v_i.0))
		(4, 4)    eval_dict_uid_param_bb7_in(v_22, v_i.0) -> Com_1(eval_dict_uid_param_stop(v_22, v_i.0)) [ v_i.0 >= 0 /\ v_i.0 < v_22 /\ v_22 - v_i.0 - 1 >= 0 /\ v_22 + v_i.0 - 1 >= 0 /\ v_22 - 1 >= 0 ]
		(4, 2)    eval_dict_uid_param_bb7_in(v_22, v_i.0) -> Com_1(eval_dict_uid_param_stop(v_22, v_i.0)) [ v_i.0 >= 0 /\ v_i.0 >= v_22 ]
		(?, 1)    eval_dict_uid_param_bb7_in(v_22, v_i.0) -> Com_1(eval_dict_uid_param_bb7_in(v_22, v_i.0 + 1)) [ v_i.0 >= 0 /\ v_i.0 < v_22 ]
		(1, 1)    eval_dict_uid_param_15(v_22, v_i.0) -> Com_1(eval_dict_uid_param_bb7_in(v_22, 0))
		(1, 1)    eval_dict_uid_param_15(v_22, v_i.0) -> Com_1(eval_dict_uid_param_bb20_in(v_22, v_i.0))
		(2, 1)    eval_dict_uid_param_32(v_22, v_i.0) -> Com_2(eval_dict_find_string_start(v_22, v_i.0), eval_dict_uid_param_33(v_22, v_i.0))
		(1, 1)    eval_dict_uid_param_14(v_22, v_i.0) -> Com_1(eval_dict_uid_param_15(v_22, v_i.0))
		(4, 1)    eval_dict_uid_param_bb20_in(v_22, v_i.0) -> Com_1(eval_dict_uid_param_stop(v_22, v_i.0))
		(1, 1)    eval_dict_uid_param_7(v_22, v_i.0) -> Com_1(eval_dict_uid_param_bb12_in(v_22, v_i.0))
		(1, 1)    eval_dict_uid_param_7(v_22, v_i.0) -> Com_1(eval_dict_uid_param_14(nondef.3, v_i.0))
		(1, 1)    eval_dict_uid_param_7(v_22, v_i.0) -> Com_1(eval_dict_uid_param_bb20_in(v_22, v_i.0))
		(2, 1)    eval_dict_uid_param_bb12_in(v_22, v_i.0) -> Com_1(eval_dict_uid_param_32(v_22, v_i.0))
		(1, 2)    eval_dict_uid_param_bb0_in(v_22, v_i.0) -> Com_2(eval_dict_find_string_start(v_22, v_i.0), eval_dict_uid_param_7(v_22, v_i.0))
		(1, 2)    eval_dict_uid_param_bb0_in(v_22, v_i.0) -> Com_1(eval_dict_uid_param_stop(v_22, v_i.0))
		(1, 1)    eval_dict_uid_param_bb0_in(v_22, v_i.0) -> Com_1(eval_dict_uid_param_bb12_in(v_22, v_i.0))
		(1, 1)    eval_dict_uid_param_start(v_22, v_i.0) -> Com_1(eval_dict_uid_param_bb0_in(v_22, v_i.0))
	start location:	eval_dict_uid_param_start
	leaf cost:	0

By chaining the transition eval_dict_uid_param_15(v_22, v_i.0) -> Com_1(eval_dict_uid_param_bb20_in(v_22, v_i.0)) with all transitions in problem 15, the following new transition is obtained:
	eval_dict_uid_param_15(v_22, v_i.0) -> Com_1(eval_dict_uid_param_stop(v_22, v_i.0))
We thus obtain the following problem:
16:	T:
		(1, 2)    eval_dict_uid_param_15(v_22, v_i.0) -> Com_1(eval_dict_uid_param_stop(v_22, v_i.0))
		(2, 2)    eval_dict_uid_param_33(v_22, v_i.0) -> Com_1(eval_dict_uid_param_stop(v_22, v_i.0))
		(4, 4)    eval_dict_uid_param_bb7_in(v_22, v_i.0) -> Com_1(eval_dict_uid_param_stop(v_22, v_i.0)) [ v_i.0 >= 0 /\ v_i.0 < v_22 /\ v_22 - v_i.0 - 1 >= 0 /\ v_22 + v_i.0 - 1 >= 0 /\ v_22 - 1 >= 0 ]
		(4, 2)    eval_dict_uid_param_bb7_in(v_22, v_i.0) -> Com_1(eval_dict_uid_param_stop(v_22, v_i.0)) [ v_i.0 >= 0 /\ v_i.0 >= v_22 ]
		(?, 1)    eval_dict_uid_param_bb7_in(v_22, v_i.0) -> Com_1(eval_dict_uid_param_bb7_in(v_22, v_i.0 + 1)) [ v_i.0 >= 0 /\ v_i.0 < v_22 ]
		(1, 1)    eval_dict_uid_param_15(v_22, v_i.0) -> Com_1(eval_dict_uid_param_bb7_in(v_22, 0))
		(2, 1)    eval_dict_uid_param_32(v_22, v_i.0) -> Com_2(eval_dict_find_string_start(v_22, v_i.0), eval_dict_uid_param_33(v_22, v_i.0))
		(1, 1)    eval_dict_uid_param_14(v_22, v_i.0) -> Com_1(eval_dict_uid_param_15(v_22, v_i.0))
		(4, 1)    eval_dict_uid_param_bb20_in(v_22, v_i.0) -> Com_1(eval_dict_uid_param_stop(v_22, v_i.0))
		(1, 1)    eval_dict_uid_param_7(v_22, v_i.0) -> Com_1(eval_dict_uid_param_bb12_in(v_22, v_i.0))
		(1, 1)    eval_dict_uid_param_7(v_22, v_i.0) -> Com_1(eval_dict_uid_param_14(nondef.3, v_i.0))
		(1, 1)    eval_dict_uid_param_7(v_22, v_i.0) -> Com_1(eval_dict_uid_param_bb20_in(v_22, v_i.0))
		(2, 1)    eval_dict_uid_param_bb12_in(v_22, v_i.0) -> Com_1(eval_dict_uid_param_32(v_22, v_i.0))
		(1, 2)    eval_dict_uid_param_bb0_in(v_22, v_i.0) -> Com_2(eval_dict_find_string_start(v_22, v_i.0), eval_dict_uid_param_7(v_22, v_i.0))
		(1, 2)    eval_dict_uid_param_bb0_in(v_22, v_i.0) -> Com_1(eval_dict_uid_param_stop(v_22, v_i.0))
		(1, 1)    eval_dict_uid_param_bb0_in(v_22, v_i.0) -> Com_1(eval_dict_uid_param_bb12_in(v_22, v_i.0))
		(1, 1)    eval_dict_uid_param_start(v_22, v_i.0) -> Com_1(eval_dict_uid_param_bb0_in(v_22, v_i.0))
	start location:	eval_dict_uid_param_start
	leaf cost:	0

By chaining the transition eval_dict_uid_param_7(v_22, v_i.0) -> Com_1(eval_dict_uid_param_bb12_in(v_22, v_i.0)) with all transitions in problem 16, the following new transition is obtained:
	eval_dict_uid_param_7(v_22, v_i.0) -> Com_1(eval_dict_uid_param_32(v_22, v_i.0))
We thus obtain the following problem:
17:	T:
		(1, 2)    eval_dict_uid_param_7(v_22, v_i.0) -> Com_1(eval_dict_uid_param_32(v_22, v_i.0))
		(1, 2)    eval_dict_uid_param_15(v_22, v_i.0) -> Com_1(eval_dict_uid_param_stop(v_22, v_i.0))
		(2, 2)    eval_dict_uid_param_33(v_22, v_i.0) -> Com_1(eval_dict_uid_param_stop(v_22, v_i.0))
		(4, 4)    eval_dict_uid_param_bb7_in(v_22, v_i.0) -> Com_1(eval_dict_uid_param_stop(v_22, v_i.0)) [ v_i.0 >= 0 /\ v_i.0 < v_22 /\ v_22 - v_i.0 - 1 >= 0 /\ v_22 + v_i.0 - 1 >= 0 /\ v_22 - 1 >= 0 ]
		(4, 2)    eval_dict_uid_param_bb7_in(v_22, v_i.0) -> Com_1(eval_dict_uid_param_stop(v_22, v_i.0)) [ v_i.0 >= 0 /\ v_i.0 >= v_22 ]
		(?, 1)    eval_dict_uid_param_bb7_in(v_22, v_i.0) -> Com_1(eval_dict_uid_param_bb7_in(v_22, v_i.0 + 1)) [ v_i.0 >= 0 /\ v_i.0 < v_22 ]
		(1, 1)    eval_dict_uid_param_15(v_22, v_i.0) -> Com_1(eval_dict_uid_param_bb7_in(v_22, 0))
		(2, 1)    eval_dict_uid_param_32(v_22, v_i.0) -> Com_2(eval_dict_find_string_start(v_22, v_i.0), eval_dict_uid_param_33(v_22, v_i.0))
		(1, 1)    eval_dict_uid_param_14(v_22, v_i.0) -> Com_1(eval_dict_uid_param_15(v_22, v_i.0))
		(4, 1)    eval_dict_uid_param_bb20_in(v_22, v_i.0) -> Com_1(eval_dict_uid_param_stop(v_22, v_i.0))
		(1, 1)    eval_dict_uid_param_7(v_22, v_i.0) -> Com_1(eval_dict_uid_param_14(nondef.3, v_i.0))
		(1, 1)    eval_dict_uid_param_7(v_22, v_i.0) -> Com_1(eval_dict_uid_param_bb20_in(v_22, v_i.0))
		(2, 1)    eval_dict_uid_param_bb12_in(v_22, v_i.0) -> Com_1(eval_dict_uid_param_32(v_22, v_i.0))
		(1, 2)    eval_dict_uid_param_bb0_in(v_22, v_i.0) -> Com_2(eval_dict_find_string_start(v_22, v_i.0), eval_dict_uid_param_7(v_22, v_i.0))
		(1, 2)    eval_dict_uid_param_bb0_in(v_22, v_i.0) -> Com_1(eval_dict_uid_param_stop(v_22, v_i.0))
		(1, 1)    eval_dict_uid_param_bb0_in(v_22, v_i.0) -> Com_1(eval_dict_uid_param_bb12_in(v_22, v_i.0))
		(1, 1)    eval_dict_uid_param_start(v_22, v_i.0) -> Com_1(eval_dict_uid_param_bb0_in(v_22, v_i.0))
	start location:	eval_dict_uid_param_start
	leaf cost:	0

By chaining the transition eval_dict_uid_param_7(v_22, v_i.0) -> Com_1(eval_dict_uid_param_32(v_22, v_i.0)) with all transitions in problem 17, the following new transition is obtained:
	eval_dict_uid_param_7(v_22, v_i.0) -> Com_2(eval_dict_find_string_start(v_22, v_i.0), eval_dict_uid_param_33(v_22, v_i.0))
We thus obtain the following problem:
18:	T:
		(1, 3)    eval_dict_uid_param_7(v_22, v_i.0) -> Com_2(eval_dict_find_string_start(v_22, v_i.0), eval_dict_uid_param_33(v_22, v_i.0))
		(1, 2)    eval_dict_uid_param_15(v_22, v_i.0) -> Com_1(eval_dict_uid_param_stop(v_22, v_i.0))
		(2, 2)    eval_dict_uid_param_33(v_22, v_i.0) -> Com_1(eval_dict_uid_param_stop(v_22, v_i.0))
		(4, 4)    eval_dict_uid_param_bb7_in(v_22, v_i.0) -> Com_1(eval_dict_uid_param_stop(v_22, v_i.0)) [ v_i.0 >= 0 /\ v_i.0 < v_22 /\ v_22 - v_i.0 - 1 >= 0 /\ v_22 + v_i.0 - 1 >= 0 /\ v_22 - 1 >= 0 ]
		(4, 2)    eval_dict_uid_param_bb7_in(v_22, v_i.0) -> Com_1(eval_dict_uid_param_stop(v_22, v_i.0)) [ v_i.0 >= 0 /\ v_i.0 >= v_22 ]
		(?, 1)    eval_dict_uid_param_bb7_in(v_22, v_i.0) -> Com_1(eval_dict_uid_param_bb7_in(v_22, v_i.0 + 1)) [ v_i.0 >= 0 /\ v_i.0 < v_22 ]
		(1, 1)    eval_dict_uid_param_15(v_22, v_i.0) -> Com_1(eval_dict_uid_param_bb7_in(v_22, 0))
		(2, 1)    eval_dict_uid_param_32(v_22, v_i.0) -> Com_2(eval_dict_find_string_start(v_22, v_i.0), eval_dict_uid_param_33(v_22, v_i.0))
		(1, 1)    eval_dict_uid_param_14(v_22, v_i.0) -> Com_1(eval_dict_uid_param_15(v_22, v_i.0))
		(4, 1)    eval_dict_uid_param_bb20_in(v_22, v_i.0) -> Com_1(eval_dict_uid_param_stop(v_22, v_i.0))
		(1, 1)    eval_dict_uid_param_7(v_22, v_i.0) -> Com_1(eval_dict_uid_param_14(nondef.3, v_i.0))
		(1, 1)    eval_dict_uid_param_7(v_22, v_i.0) -> Com_1(eval_dict_uid_param_bb20_in(v_22, v_i.0))
		(2, 1)    eval_dict_uid_param_bb12_in(v_22, v_i.0) -> Com_1(eval_dict_uid_param_32(v_22, v_i.0))
		(1, 2)    eval_dict_uid_param_bb0_in(v_22, v_i.0) -> Com_2(eval_dict_find_string_start(v_22, v_i.0), eval_dict_uid_param_7(v_22, v_i.0))
		(1, 2)    eval_dict_uid_param_bb0_in(v_22, v_i.0) -> Com_1(eval_dict_uid_param_stop(v_22, v_i.0))
		(1, 1)    eval_dict_uid_param_bb0_in(v_22, v_i.0) -> Com_1(eval_dict_uid_param_bb12_in(v_22, v_i.0))
		(1, 1)    eval_dict_uid_param_start(v_22, v_i.0) -> Com_1(eval_dict_uid_param_bb0_in(v_22, v_i.0))
	start location:	eval_dict_uid_param_start
	leaf cost:	0

By chaining the transition eval_dict_uid_param_7(v_22, v_i.0) -> Com_1(eval_dict_uid_param_14(nondef.3, v_i.0)) with all transitions in problem 18, the following new transition is obtained:
	eval_dict_uid_param_7(v_22, v_i.0) -> Com_1(eval_dict_uid_param_15(nondef.3, v_i.0))
We thus obtain the following problem:
19:	T:
		(1, 2)    eval_dict_uid_param_7(v_22, v_i.0) -> Com_1(eval_dict_uid_param_15(nondef.3, v_i.0))
		(1, 3)    eval_dict_uid_param_7(v_22, v_i.0) -> Com_2(eval_dict_find_string_start(v_22, v_i.0), eval_dict_uid_param_33(v_22, v_i.0))
		(1, 2)    eval_dict_uid_param_15(v_22, v_i.0) -> Com_1(eval_dict_uid_param_stop(v_22, v_i.0))
		(2, 2)    eval_dict_uid_param_33(v_22, v_i.0) -> Com_1(eval_dict_uid_param_stop(v_22, v_i.0))
		(4, 4)    eval_dict_uid_param_bb7_in(v_22, v_i.0) -> Com_1(eval_dict_uid_param_stop(v_22, v_i.0)) [ v_i.0 >= 0 /\ v_i.0 < v_22 /\ v_22 - v_i.0 - 1 >= 0 /\ v_22 + v_i.0 - 1 >= 0 /\ v_22 - 1 >= 0 ]
		(4, 2)    eval_dict_uid_param_bb7_in(v_22, v_i.0) -> Com_1(eval_dict_uid_param_stop(v_22, v_i.0)) [ v_i.0 >= 0 /\ v_i.0 >= v_22 ]
		(?, 1)    eval_dict_uid_param_bb7_in(v_22, v_i.0) -> Com_1(eval_dict_uid_param_bb7_in(v_22, v_i.0 + 1)) [ v_i.0 >= 0 /\ v_i.0 < v_22 ]
		(1, 1)    eval_dict_uid_param_15(v_22, v_i.0) -> Com_1(eval_dict_uid_param_bb7_in(v_22, 0))
		(2, 1)    eval_dict_uid_param_32(v_22, v_i.0) -> Com_2(eval_dict_find_string_start(v_22, v_i.0), eval_dict_uid_param_33(v_22, v_i.0))
		(1, 1)    eval_dict_uid_param_14(v_22, v_i.0) -> Com_1(eval_dict_uid_param_15(v_22, v_i.0))
		(4, 1)    eval_dict_uid_param_bb20_in(v_22, v_i.0) -> Com_1(eval_dict_uid_param_stop(v_22, v_i.0))
		(1, 1)    eval_dict_uid_param_7(v_22, v_i.0) -> Com_1(eval_dict_uid_param_bb20_in(v_22, v_i.0))
		(2, 1)    eval_dict_uid_param_bb12_in(v_22, v_i.0) -> Com_1(eval_dict_uid_param_32(v_22, v_i.0))
		(1, 2)    eval_dict_uid_param_bb0_in(v_22, v_i.0) -> Com_2(eval_dict_find_string_start(v_22, v_i.0), eval_dict_uid_param_7(v_22, v_i.0))
		(1, 2)    eval_dict_uid_param_bb0_in(v_22, v_i.0) -> Com_1(eval_dict_uid_param_stop(v_22, v_i.0))
		(1, 1)    eval_dict_uid_param_bb0_in(v_22, v_i.0) -> Com_1(eval_dict_uid_param_bb12_in(v_22, v_i.0))
		(1, 1)    eval_dict_uid_param_start(v_22, v_i.0) -> Com_1(eval_dict_uid_param_bb0_in(v_22, v_i.0))
	start location:	eval_dict_uid_param_start
	leaf cost:	0

Testing for reachability in the complexity graph removes the following transition from problem 19:
	eval_dict_uid_param_14(v_22, v_i.0) -> Com_1(eval_dict_uid_param_15(v_22, v_i.0))
We thus obtain the following problem:
20:	T:
		(4, 4)    eval_dict_uid_param_bb7_in(v_22, v_i.0) -> Com_1(eval_dict_uid_param_stop(v_22, v_i.0)) [ v_i.0 >= 0 /\ v_i.0 < v_22 /\ v_22 - v_i.0 - 1 >= 0 /\ v_22 + v_i.0 - 1 >= 0 /\ v_22 - 1 >= 0 ]
		(4, 2)    eval_dict_uid_param_bb7_in(v_22, v_i.0) -> Com_1(eval_dict_uid_param_stop(v_22, v_i.0)) [ v_i.0 >= 0 /\ v_i.0 >= v_22 ]
		(?, 1)    eval_dict_uid_param_bb7_in(v_22, v_i.0) -> Com_1(eval_dict_uid_param_bb7_in(v_22, v_i.0 + 1)) [ v_i.0 >= 0 /\ v_i.0 < v_22 ]
		(1, 2)    eval_dict_uid_param_15(v_22, v_i.0) -> Com_1(eval_dict_uid_param_stop(v_22, v_i.0))
		(1, 1)    eval_dict_uid_param_15(v_22, v_i.0) -> Com_1(eval_dict_uid_param_bb7_in(v_22, 0))
		(2, 2)    eval_dict_uid_param_33(v_22, v_i.0) -> Com_1(eval_dict_uid_param_stop(v_22, v_i.0))
		(2, 1)    eval_dict_uid_param_32(v_22, v_i.0) -> Com_2(eval_dict_find_string_start(v_22, v_i.0), eval_dict_uid_param_33(v_22, v_i.0))
		(4, 1)    eval_dict_uid_param_bb20_in(v_22, v_i.0) -> Com_1(eval_dict_uid_param_stop(v_22, v_i.0))
		(1, 2)    eval_dict_uid_param_7(v_22, v_i.0) -> Com_1(eval_dict_uid_param_15(nondef.3, v_i.0))
		(1, 3)    eval_dict_uid_param_7(v_22, v_i.0) -> Com_2(eval_dict_find_string_start(v_22, v_i.0), eval_dict_uid_param_33(v_22, v_i.0))
		(1, 1)    eval_dict_uid_param_7(v_22, v_i.0) -> Com_1(eval_dict_uid_param_bb20_in(v_22, v_i.0))
		(2, 1)    eval_dict_uid_param_bb12_in(v_22, v_i.0) -> Com_1(eval_dict_uid_param_32(v_22, v_i.0))
		(1, 2)    eval_dict_uid_param_bb0_in(v_22, v_i.0) -> Com_2(eval_dict_find_string_start(v_22, v_i.0), eval_dict_uid_param_7(v_22, v_i.0))
		(1, 2)    eval_dict_uid_param_bb0_in(v_22, v_i.0) -> Com_1(eval_dict_uid_param_stop(v_22, v_i.0))
		(1, 1)    eval_dict_uid_param_bb0_in(v_22, v_i.0) -> Com_1(eval_dict_uid_param_bb12_in(v_22, v_i.0))
		(1, 1)    eval_dict_uid_param_start(v_22, v_i.0) -> Com_1(eval_dict_uid_param_bb0_in(v_22, v_i.0))
	start location:	eval_dict_uid_param_start
	leaf cost:	0

By chaining the transition eval_dict_uid_param_7(v_22, v_i.0) -> Com_1(eval_dict_uid_param_bb20_in(v_22, v_i.0)) with all transitions in problem 20, the following new transition is obtained:
	eval_dict_uid_param_7(v_22, v_i.0) -> Com_1(eval_dict_uid_param_stop(v_22, v_i.0))
We thus obtain the following problem:
21:	T:
		(1, 2)    eval_dict_uid_param_7(v_22, v_i.0) -> Com_1(eval_dict_uid_param_stop(v_22, v_i.0))
		(4, 4)    eval_dict_uid_param_bb7_in(v_22, v_i.0) -> Com_1(eval_dict_uid_param_stop(v_22, v_i.0)) [ v_i.0 >= 0 /\ v_i.0 < v_22 /\ v_22 - v_i.0 - 1 >= 0 /\ v_22 + v_i.0 - 1 >= 0 /\ v_22 - 1 >= 0 ]
		(4, 2)    eval_dict_uid_param_bb7_in(v_22, v_i.0) -> Com_1(eval_dict_uid_param_stop(v_22, v_i.0)) [ v_i.0 >= 0 /\ v_i.0 >= v_22 ]
		(?, 1)    eval_dict_uid_param_bb7_in(v_22, v_i.0) -> Com_1(eval_dict_uid_param_bb7_in(v_22, v_i.0 + 1)) [ v_i.0 >= 0 /\ v_i.0 < v_22 ]
		(1, 2)    eval_dict_uid_param_15(v_22, v_i.0) -> Com_1(eval_dict_uid_param_stop(v_22, v_i.0))
		(1, 1)    eval_dict_uid_param_15(v_22, v_i.0) -> Com_1(eval_dict_uid_param_bb7_in(v_22, 0))
		(2, 2)    eval_dict_uid_param_33(v_22, v_i.0) -> Com_1(eval_dict_uid_param_stop(v_22, v_i.0))
		(2, 1)    eval_dict_uid_param_32(v_22, v_i.0) -> Com_2(eval_dict_find_string_start(v_22, v_i.0), eval_dict_uid_param_33(v_22, v_i.0))
		(4, 1)    eval_dict_uid_param_bb20_in(v_22, v_i.0) -> Com_1(eval_dict_uid_param_stop(v_22, v_i.0))
		(1, 2)    eval_dict_uid_param_7(v_22, v_i.0) -> Com_1(eval_dict_uid_param_15(nondef.3, v_i.0))
		(1, 3)    eval_dict_uid_param_7(v_22, v_i.0) -> Com_2(eval_dict_find_string_start(v_22, v_i.0), eval_dict_uid_param_33(v_22, v_i.0))
		(2, 1)    eval_dict_uid_param_bb12_in(v_22, v_i.0) -> Com_1(eval_dict_uid_param_32(v_22, v_i.0))
		(1, 2)    eval_dict_uid_param_bb0_in(v_22, v_i.0) -> Com_2(eval_dict_find_string_start(v_22, v_i.0), eval_dict_uid_param_7(v_22, v_i.0))
		(1, 2)    eval_dict_uid_param_bb0_in(v_22, v_i.0) -> Com_1(eval_dict_uid_param_stop(v_22, v_i.0))
		(1, 1)    eval_dict_uid_param_bb0_in(v_22, v_i.0) -> Com_1(eval_dict_uid_param_bb12_in(v_22, v_i.0))
		(1, 1)    eval_dict_uid_param_start(v_22, v_i.0) -> Com_1(eval_dict_uid_param_bb0_in(v_22, v_i.0))
	start location:	eval_dict_uid_param_start
	leaf cost:	0

Testing for reachability in the complexity graph removes the following transition from problem 21:
	eval_dict_uid_param_bb20_in(v_22, v_i.0) -> Com_1(eval_dict_uid_param_stop(v_22, v_i.0))
We thus obtain the following problem:
22:	T:
		(4, 4)    eval_dict_uid_param_bb7_in(v_22, v_i.0) -> Com_1(eval_dict_uid_param_stop(v_22, v_i.0)) [ v_i.0 >= 0 /\ v_i.0 < v_22 /\ v_22 - v_i.0 - 1 >= 0 /\ v_22 + v_i.0 - 1 >= 0 /\ v_22 - 1 >= 0 ]
		(4, 2)    eval_dict_uid_param_bb7_in(v_22, v_i.0) -> Com_1(eval_dict_uid_param_stop(v_22, v_i.0)) [ v_i.0 >= 0 /\ v_i.0 >= v_22 ]
		(?, 1)    eval_dict_uid_param_bb7_in(v_22, v_i.0) -> Com_1(eval_dict_uid_param_bb7_in(v_22, v_i.0 + 1)) [ v_i.0 >= 0 /\ v_i.0 < v_22 ]
		(1, 2)    eval_dict_uid_param_15(v_22, v_i.0) -> Com_1(eval_dict_uid_param_stop(v_22, v_i.0))
		(1, 1)    eval_dict_uid_param_15(v_22, v_i.0) -> Com_1(eval_dict_uid_param_bb7_in(v_22, 0))
		(2, 2)    eval_dict_uid_param_33(v_22, v_i.0) -> Com_1(eval_dict_uid_param_stop(v_22, v_i.0))
		(2, 1)    eval_dict_uid_param_32(v_22, v_i.0) -> Com_2(eval_dict_find_string_start(v_22, v_i.0), eval_dict_uid_param_33(v_22, v_i.0))
		(1, 2)    eval_dict_uid_param_7(v_22, v_i.0) -> Com_1(eval_dict_uid_param_stop(v_22, v_i.0))
		(1, 2)    eval_dict_uid_param_7(v_22, v_i.0) -> Com_1(eval_dict_uid_param_15(nondef.3, v_i.0))
		(1, 3)    eval_dict_uid_param_7(v_22, v_i.0) -> Com_2(eval_dict_find_string_start(v_22, v_i.0), eval_dict_uid_param_33(v_22, v_i.0))
		(2, 1)    eval_dict_uid_param_bb12_in(v_22, v_i.0) -> Com_1(eval_dict_uid_param_32(v_22, v_i.0))
		(1, 2)    eval_dict_uid_param_bb0_in(v_22, v_i.0) -> Com_2(eval_dict_find_string_start(v_22, v_i.0), eval_dict_uid_param_7(v_22, v_i.0))
		(1, 2)    eval_dict_uid_param_bb0_in(v_22, v_i.0) -> Com_1(eval_dict_uid_param_stop(v_22, v_i.0))
		(1, 1)    eval_dict_uid_param_bb0_in(v_22, v_i.0) -> Com_1(eval_dict_uid_param_bb12_in(v_22, v_i.0))
		(1, 1)    eval_dict_uid_param_start(v_22, v_i.0) -> Com_1(eval_dict_uid_param_bb0_in(v_22, v_i.0))
	start location:	eval_dict_uid_param_start
	leaf cost:	0

By chaining the transition eval_dict_uid_param_bb12_in(v_22, v_i.0) -> Com_1(eval_dict_uid_param_32(v_22, v_i.0)) with all transitions in problem 22, the following new transition is obtained:
	eval_dict_uid_param_bb12_in(v_22, v_i.0) -> Com_2(eval_dict_find_string_start(v_22, v_i.0), eval_dict_uid_param_33(v_22, v_i.0))
We thus obtain the following problem:
23:	T:
		(2, 2)    eval_dict_uid_param_bb12_in(v_22, v_i.0) -> Com_2(eval_dict_find_string_start(v_22, v_i.0), eval_dict_uid_param_33(v_22, v_i.0))
		(4, 4)    eval_dict_uid_param_bb7_in(v_22, v_i.0) -> Com_1(eval_dict_uid_param_stop(v_22, v_i.0)) [ v_i.0 >= 0 /\ v_i.0 < v_22 /\ v_22 - v_i.0 - 1 >= 0 /\ v_22 + v_i.0 - 1 >= 0 /\ v_22 - 1 >= 0 ]
		(4, 2)    eval_dict_uid_param_bb7_in(v_22, v_i.0) -> Com_1(eval_dict_uid_param_stop(v_22, v_i.0)) [ v_i.0 >= 0 /\ v_i.0 >= v_22 ]
		(?, 1)    eval_dict_uid_param_bb7_in(v_22, v_i.0) -> Com_1(eval_dict_uid_param_bb7_in(v_22, v_i.0 + 1)) [ v_i.0 >= 0 /\ v_i.0 < v_22 ]
		(1, 2)    eval_dict_uid_param_15(v_22, v_i.0) -> Com_1(eval_dict_uid_param_stop(v_22, v_i.0))
		(1, 1)    eval_dict_uid_param_15(v_22, v_i.0) -> Com_1(eval_dict_uid_param_bb7_in(v_22, 0))
		(2, 2)    eval_dict_uid_param_33(v_22, v_i.0) -> Com_1(eval_dict_uid_param_stop(v_22, v_i.0))
		(2, 1)    eval_dict_uid_param_32(v_22, v_i.0) -> Com_2(eval_dict_find_string_start(v_22, v_i.0), eval_dict_uid_param_33(v_22, v_i.0))
		(1, 2)    eval_dict_uid_param_7(v_22, v_i.0) -> Com_1(eval_dict_uid_param_stop(v_22, v_i.0))
		(1, 2)    eval_dict_uid_param_7(v_22, v_i.0) -> Com_1(eval_dict_uid_param_15(nondef.3, v_i.0))
		(1, 3)    eval_dict_uid_param_7(v_22, v_i.0) -> Com_2(eval_dict_find_string_start(v_22, v_i.0), eval_dict_uid_param_33(v_22, v_i.0))
		(1, 2)    eval_dict_uid_param_bb0_in(v_22, v_i.0) -> Com_2(eval_dict_find_string_start(v_22, v_i.0), eval_dict_uid_param_7(v_22, v_i.0))
		(1, 2)    eval_dict_uid_param_bb0_in(v_22, v_i.0) -> Com_1(eval_dict_uid_param_stop(v_22, v_i.0))
		(1, 1)    eval_dict_uid_param_bb0_in(v_22, v_i.0) -> Com_1(eval_dict_uid_param_bb12_in(v_22, v_i.0))
		(1, 1)    eval_dict_uid_param_start(v_22, v_i.0) -> Com_1(eval_dict_uid_param_bb0_in(v_22, v_i.0))
	start location:	eval_dict_uid_param_start
	leaf cost:	0

Testing for reachability in the complexity graph removes the following transition from problem 23:
	eval_dict_uid_param_32(v_22, v_i.0) -> Com_2(eval_dict_find_string_start(v_22, v_i.0), eval_dict_uid_param_33(v_22, v_i.0))
We thus obtain the following problem:
24:	T:
		(4, 4)    eval_dict_uid_param_bb7_in(v_22, v_i.0) -> Com_1(eval_dict_uid_param_stop(v_22, v_i.0)) [ v_i.0 >= 0 /\ v_i.0 < v_22 /\ v_22 - v_i.0 - 1 >= 0 /\ v_22 + v_i.0 - 1 >= 0 /\ v_22 - 1 >= 0 ]
		(4, 2)    eval_dict_uid_param_bb7_in(v_22, v_i.0) -> Com_1(eval_dict_uid_param_stop(v_22, v_i.0)) [ v_i.0 >= 0 /\ v_i.0 >= v_22 ]
		(?, 1)    eval_dict_uid_param_bb7_in(v_22, v_i.0) -> Com_1(eval_dict_uid_param_bb7_in(v_22, v_i.0 + 1)) [ v_i.0 >= 0 /\ v_i.0 < v_22 ]
		(1, 2)    eval_dict_uid_param_15(v_22, v_i.0) -> Com_1(eval_dict_uid_param_stop(v_22, v_i.0))
		(1, 1)    eval_dict_uid_param_15(v_22, v_i.0) -> Com_1(eval_dict_uid_param_bb7_in(v_22, 0))
		(2, 2)    eval_dict_uid_param_33(v_22, v_i.0) -> Com_1(eval_dict_uid_param_stop(v_22, v_i.0))
		(1, 2)    eval_dict_uid_param_7(v_22, v_i.0) -> Com_1(eval_dict_uid_param_stop(v_22, v_i.0))
		(1, 2)    eval_dict_uid_param_7(v_22, v_i.0) -> Com_1(eval_dict_uid_param_15(nondef.3, v_i.0))
		(1, 3)    eval_dict_uid_param_7(v_22, v_i.0) -> Com_2(eval_dict_find_string_start(v_22, v_i.0), eval_dict_uid_param_33(v_22, v_i.0))
		(2, 2)    eval_dict_uid_param_bb12_in(v_22, v_i.0) -> Com_2(eval_dict_find_string_start(v_22, v_i.0), eval_dict_uid_param_33(v_22, v_i.0))
		(1, 2)    eval_dict_uid_param_bb0_in(v_22, v_i.0) -> Com_2(eval_dict_find_string_start(v_22, v_i.0), eval_dict_uid_param_7(v_22, v_i.0))
		(1, 2)    eval_dict_uid_param_bb0_in(v_22, v_i.0) -> Com_1(eval_dict_uid_param_stop(v_22, v_i.0))
		(1, 1)    eval_dict_uid_param_bb0_in(v_22, v_i.0) -> Com_1(eval_dict_uid_param_bb12_in(v_22, v_i.0))
		(1, 1)    eval_dict_uid_param_start(v_22, v_i.0) -> Com_1(eval_dict_uid_param_bb0_in(v_22, v_i.0))
	start location:	eval_dict_uid_param_start
	leaf cost:	0

By chaining the transition eval_dict_uid_param_bb0_in(v_22, v_i.0) -> Com_1(eval_dict_uid_param_bb12_in(v_22, v_i.0)) with all transitions in problem 24, the following new transition is obtained:
	eval_dict_uid_param_bb0_in(v_22, v_i.0) -> Com_2(eval_dict_find_string_start(v_22, v_i.0), eval_dict_uid_param_33(v_22, v_i.0))
We thus obtain the following problem:
25:	T:
		(1, 3)    eval_dict_uid_param_bb0_in(v_22, v_i.0) -> Com_2(eval_dict_find_string_start(v_22, v_i.0), eval_dict_uid_param_33(v_22, v_i.0))
		(4, 4)    eval_dict_uid_param_bb7_in(v_22, v_i.0) -> Com_1(eval_dict_uid_param_stop(v_22, v_i.0)) [ v_i.0 >= 0 /\ v_i.0 < v_22 /\ v_22 - v_i.0 - 1 >= 0 /\ v_22 + v_i.0 - 1 >= 0 /\ v_22 - 1 >= 0 ]
		(4, 2)    eval_dict_uid_param_bb7_in(v_22, v_i.0) -> Com_1(eval_dict_uid_param_stop(v_22, v_i.0)) [ v_i.0 >= 0 /\ v_i.0 >= v_22 ]
		(?, 1)    eval_dict_uid_param_bb7_in(v_22, v_i.0) -> Com_1(eval_dict_uid_param_bb7_in(v_22, v_i.0 + 1)) [ v_i.0 >= 0 /\ v_i.0 < v_22 ]
		(1, 2)    eval_dict_uid_param_15(v_22, v_i.0) -> Com_1(eval_dict_uid_param_stop(v_22, v_i.0))
		(1, 1)    eval_dict_uid_param_15(v_22, v_i.0) -> Com_1(eval_dict_uid_param_bb7_in(v_22, 0))
		(2, 2)    eval_dict_uid_param_33(v_22, v_i.0) -> Com_1(eval_dict_uid_param_stop(v_22, v_i.0))
		(1, 2)    eval_dict_uid_param_7(v_22, v_i.0) -> Com_1(eval_dict_uid_param_stop(v_22, v_i.0))
		(1, 2)    eval_dict_uid_param_7(v_22, v_i.0) -> Com_1(eval_dict_uid_param_15(nondef.3, v_i.0))
		(1, 3)    eval_dict_uid_param_7(v_22, v_i.0) -> Com_2(eval_dict_find_string_start(v_22, v_i.0), eval_dict_uid_param_33(v_22, v_i.0))
		(2, 2)    eval_dict_uid_param_bb12_in(v_22, v_i.0) -> Com_2(eval_dict_find_string_start(v_22, v_i.0), eval_dict_uid_param_33(v_22, v_i.0))
		(1, 2)    eval_dict_uid_param_bb0_in(v_22, v_i.0) -> Com_2(eval_dict_find_string_start(v_22, v_i.0), eval_dict_uid_param_7(v_22, v_i.0))
		(1, 2)    eval_dict_uid_param_bb0_in(v_22, v_i.0) -> Com_1(eval_dict_uid_param_stop(v_22, v_i.0))
		(1, 1)    eval_dict_uid_param_start(v_22, v_i.0) -> Com_1(eval_dict_uid_param_bb0_in(v_22, v_i.0))
	start location:	eval_dict_uid_param_start
	leaf cost:	0

Testing for reachability in the complexity graph removes the following transition from problem 25:
	eval_dict_uid_param_bb12_in(v_22, v_i.0) -> Com_2(eval_dict_find_string_start(v_22, v_i.0), eval_dict_uid_param_33(v_22, v_i.0))
We thus obtain the following problem:
26:	T:
		(4, 4)    eval_dict_uid_param_bb7_in(v_22, v_i.0) -> Com_1(eval_dict_uid_param_stop(v_22, v_i.0)) [ v_i.0 >= 0 /\ v_i.0 < v_22 /\ v_22 - v_i.0 - 1 >= 0 /\ v_22 + v_i.0 - 1 >= 0 /\ v_22 - 1 >= 0 ]
		(4, 2)    eval_dict_uid_param_bb7_in(v_22, v_i.0) -> Com_1(eval_dict_uid_param_stop(v_22, v_i.0)) [ v_i.0 >= 0 /\ v_i.0 >= v_22 ]
		(?, 1)    eval_dict_uid_param_bb7_in(v_22, v_i.0) -> Com_1(eval_dict_uid_param_bb7_in(v_22, v_i.0 + 1)) [ v_i.0 >= 0 /\ v_i.0 < v_22 ]
		(1, 2)    eval_dict_uid_param_15(v_22, v_i.0) -> Com_1(eval_dict_uid_param_stop(v_22, v_i.0))
		(1, 1)    eval_dict_uid_param_15(v_22, v_i.0) -> Com_1(eval_dict_uid_param_bb7_in(v_22, 0))
		(2, 2)    eval_dict_uid_param_33(v_22, v_i.0) -> Com_1(eval_dict_uid_param_stop(v_22, v_i.0))
		(1, 2)    eval_dict_uid_param_7(v_22, v_i.0) -> Com_1(eval_dict_uid_param_stop(v_22, v_i.0))
		(1, 2)    eval_dict_uid_param_7(v_22, v_i.0) -> Com_1(eval_dict_uid_param_15(nondef.3, v_i.0))
		(1, 3)    eval_dict_uid_param_7(v_22, v_i.0) -> Com_2(eval_dict_find_string_start(v_22, v_i.0), eval_dict_uid_param_33(v_22, v_i.0))
		(1, 3)    eval_dict_uid_param_bb0_in(v_22, v_i.0) -> Com_2(eval_dict_find_string_start(v_22, v_i.0), eval_dict_uid_param_33(v_22, v_i.0))
		(1, 2)    eval_dict_uid_param_bb0_in(v_22, v_i.0) -> Com_2(eval_dict_find_string_start(v_22, v_i.0), eval_dict_uid_param_7(v_22, v_i.0))
		(1, 2)    eval_dict_uid_param_bb0_in(v_22, v_i.0) -> Com_1(eval_dict_uid_param_stop(v_22, v_i.0))
		(1, 1)    eval_dict_uid_param_start(v_22, v_i.0) -> Com_1(eval_dict_uid_param_bb0_in(v_22, v_i.0))
	start location:	eval_dict_uid_param_start
	leaf cost:	0

By chaining the transition eval_dict_uid_param_7(v_22, v_i.0) -> Com_1(eval_dict_uid_param_15(nondef.3, v_i.0)) with all transitions in problem 26, the following new transitions are obtained:
	eval_dict_uid_param_7(v_22, v_i.0) -> Com_1(eval_dict_uid_param_stop(nondef.3, v_i.0))
	eval_dict_uid_param_7(v_22, v_i.0) -> Com_1(eval_dict_uid_param_bb7_in(nondef.3, 0))
We thus obtain the following problem:
27:	T:
		(1, 4)    eval_dict_uid_param_7(v_22, v_i.0) -> Com_1(eval_dict_uid_param_stop(nondef.3, v_i.0))
		(1, 3)    eval_dict_uid_param_7(v_22, v_i.0) -> Com_1(eval_dict_uid_param_bb7_in(nondef.3, 0))
		(4, 4)    eval_dict_uid_param_bb7_in(v_22, v_i.0) -> Com_1(eval_dict_uid_param_stop(v_22, v_i.0)) [ v_i.0 >= 0 /\ v_i.0 < v_22 /\ v_22 - v_i.0 - 1 >= 0 /\ v_22 + v_i.0 - 1 >= 0 /\ v_22 - 1 >= 0 ]
		(4, 2)    eval_dict_uid_param_bb7_in(v_22, v_i.0) -> Com_1(eval_dict_uid_param_stop(v_22, v_i.0)) [ v_i.0 >= 0 /\ v_i.0 >= v_22 ]
		(?, 1)    eval_dict_uid_param_bb7_in(v_22, v_i.0) -> Com_1(eval_dict_uid_param_bb7_in(v_22, v_i.0 + 1)) [ v_i.0 >= 0 /\ v_i.0 < v_22 ]
		(1, 2)    eval_dict_uid_param_15(v_22, v_i.0) -> Com_1(eval_dict_uid_param_stop(v_22, v_i.0))
		(1, 1)    eval_dict_uid_param_15(v_22, v_i.0) -> Com_1(eval_dict_uid_param_bb7_in(v_22, 0))
		(2, 2)    eval_dict_uid_param_33(v_22, v_i.0) -> Com_1(eval_dict_uid_param_stop(v_22, v_i.0))
		(1, 2)    eval_dict_uid_param_7(v_22, v_i.0) -> Com_1(eval_dict_uid_param_stop(v_22, v_i.0))
		(1, 3)    eval_dict_uid_param_7(v_22, v_i.0) -> Com_2(eval_dict_find_string_start(v_22, v_i.0), eval_dict_uid_param_33(v_22, v_i.0))
		(1, 3)    eval_dict_uid_param_bb0_in(v_22, v_i.0) -> Com_2(eval_dict_find_string_start(v_22, v_i.0), eval_dict_uid_param_33(v_22, v_i.0))
		(1, 2)    eval_dict_uid_param_bb0_in(v_22, v_i.0) -> Com_2(eval_dict_find_string_start(v_22, v_i.0), eval_dict_uid_param_7(v_22, v_i.0))
		(1, 2)    eval_dict_uid_param_bb0_in(v_22, v_i.0) -> Com_1(eval_dict_uid_param_stop(v_22, v_i.0))
		(1, 1)    eval_dict_uid_param_start(v_22, v_i.0) -> Com_1(eval_dict_uid_param_bb0_in(v_22, v_i.0))
	start location:	eval_dict_uid_param_start
	leaf cost:	0

Testing for reachability in the complexity graph removes the following transitions from problem 27:
	eval_dict_uid_param_15(v_22, v_i.0) -> Com_1(eval_dict_uid_param_stop(v_22, v_i.0))
	eval_dict_uid_param_15(v_22, v_i.0) -> Com_1(eval_dict_uid_param_bb7_in(v_22, 0))
We thus obtain the following problem:
28:	T:
		(4, 4)    eval_dict_uid_param_bb7_in(v_22, v_i.0) -> Com_1(eval_dict_uid_param_stop(v_22, v_i.0)) [ v_i.0 >= 0 /\ v_i.0 < v_22 /\ v_22 - v_i.0 - 1 >= 0 /\ v_22 + v_i.0 - 1 >= 0 /\ v_22 - 1 >= 0 ]
		(4, 2)    eval_dict_uid_param_bb7_in(v_22, v_i.0) -> Com_1(eval_dict_uid_param_stop(v_22, v_i.0)) [ v_i.0 >= 0 /\ v_i.0 >= v_22 ]
		(?, 1)    eval_dict_uid_param_bb7_in(v_22, v_i.0) -> Com_1(eval_dict_uid_param_bb7_in(v_22, v_i.0 + 1)) [ v_i.0 >= 0 /\ v_i.0 < v_22 ]
		(2, 2)    eval_dict_uid_param_33(v_22, v_i.0) -> Com_1(eval_dict_uid_param_stop(v_22, v_i.0))
		(1, 3)    eval_dict_uid_param_7(v_22, v_i.0) -> Com_1(eval_dict_uid_param_bb7_in(nondef.3, 0))
		(1, 4)    eval_dict_uid_param_7(v_22, v_i.0) -> Com_1(eval_dict_uid_param_stop(nondef.3, v_i.0))
		(1, 2)    eval_dict_uid_param_7(v_22, v_i.0) -> Com_1(eval_dict_uid_param_stop(v_22, v_i.0))
		(1, 3)    eval_dict_uid_param_7(v_22, v_i.0) -> Com_2(eval_dict_find_string_start(v_22, v_i.0), eval_dict_uid_param_33(v_22, v_i.0))
		(1, 3)    eval_dict_uid_param_bb0_in(v_22, v_i.0) -> Com_2(eval_dict_find_string_start(v_22, v_i.0), eval_dict_uid_param_33(v_22, v_i.0))
		(1, 2)    eval_dict_uid_param_bb0_in(v_22, v_i.0) -> Com_2(eval_dict_find_string_start(v_22, v_i.0), eval_dict_uid_param_7(v_22, v_i.0))
		(1, 2)    eval_dict_uid_param_bb0_in(v_22, v_i.0) -> Com_1(eval_dict_uid_param_stop(v_22, v_i.0))
		(1, 1)    eval_dict_uid_param_start(v_22, v_i.0) -> Com_1(eval_dict_uid_param_bb0_in(v_22, v_i.0))
	start location:	eval_dict_uid_param_start
	leaf cost:	0

Complexity upper bound ?

Time: 1.170 sec (SMT: 0.830 sec)
