YES(?, 88*v_count + 46)

Initial complexity problem:
1:	T:
		(1, 1)    eval_gdev_prn_render_pages_start(v_count, v_i.0, v_i1.0) -> Com_1(eval_gdev_prn_render_pages_bb0_in(v_count, v_i.0, v_i1.0))
		(?, 1)    eval_gdev_prn_render_pages_bb0_in(v_count, v_i.0, v_i1.0) -> Com_1(eval_gdev_prn_render_pages_bb1_in(v_count, 0, v_i1.0))
		(?, 1)    eval_gdev_prn_render_pages_bb1_in(v_count, v_i.0, v_i1.0) -> Com_1(eval_gdev_prn_render_pages_1(v_count, v_i.0, v_i1.0)) [ v_i.0 < v_count ]
		(?, 1)    eval_gdev_prn_render_pages_bb1_in(v_count, v_i.0, v_i1.0) -> Com_1(eval_gdev_prn_render_pages_26(v_count, v_i.0, v_i1.0)) [ v_i.0 >= v_count ]
		(?, 1)    eval_gdev_prn_render_pages_1(v_count, v_i.0, v_i1.0) -> Com_2(eval_strcmp_start(v_count, v_i.0, v_i1.0), eval_gdev_prn_render_pages_2(v_count, v_i.0, v_i1.0))
		(?, 1)    eval_gdev_prn_render_pages_2(v_count, v_i.0, v_i1.0) -> Com_1(eval_gdev_prn_render_pages_bb14_in(v_count, v_i.0, v_i1.0))
		(?, 1)    eval_gdev_prn_render_pages_2(v_count, v_i.0, v_i1.0) -> Com_1(eval_gdev_prn_render_pages_3(v_count, v_i.0, v_i1.0))
		(?, 1)    eval_gdev_prn_render_pages_3(v_count, v_i.0, v_i1.0) -> Com_2(eval_memcmp_start(v_count, v_i.0, v_i1.0), eval_gdev_prn_render_pages_4(v_count, v_i.0, v_i1.0))
		(?, 1)    eval_gdev_prn_render_pages_4(v_count, v_i.0, v_i1.0) -> Com_1(eval_gdev_prn_render_pages_bb14_in(v_count, v_i.0, v_i1.0))
		(?, 1)    eval_gdev_prn_render_pages_4(v_count, v_i.0, v_i1.0) -> Com_1(eval_gdev_prn_render_pages_14(v_count, v_i.0, v_i1.0))
		(?, 1)    eval_gdev_prn_render_pages_4(v_count, v_i.0, v_i1.0) -> Com_1(eval_gdev_prn_render_pages_bb10_in(v_count, v_i.0, v_i1.0))
		(?, 1)    eval_gdev_prn_render_pages_14(v_count, v_i.0, v_i1.0) -> Com_2(eval_llvm.memcpy.p0i8.p0i8.i64_start(v_count, v_i.0, v_i1.0), eval_gdev_prn_render_pages_15(v_count, v_i.0, v_i1.0))
		(?, 1)    eval_gdev_prn_render_pages_15(v_count, v_i.0, v_i1.0) -> Com_1(eval_gdev_prn_render_pages_bb10_in(v_count, v_i.0, v_i1.0))
		(?, 1)    eval_gdev_prn_render_pages_bb10_in(v_count, v_i.0, v_i1.0) -> Com_1(eval_gdev_prn_render_pages_bb1_in(v_count, v_i.0 + 1, v_i1.0))
		(?, 1)    eval_gdev_prn_render_pages_26(v_count, v_i.0, v_i1.0) -> Com_1(eval_gdev_prn_render_pages_27(v_count, v_i.0, v_i1.0))
		(?, 1)    eval_gdev_prn_render_pages_27(v_count, v_i.0, v_i1.0) -> Com_1(eval_gdev_prn_render_pages_bb12_in(v_count, v_i.0, 0))
		(?, 1)    eval_gdev_prn_render_pages_bb12_in(v_count, v_i.0, v_i1.0) -> Com_1(eval_gdev_prn_render_pages_29(v_count, v_i.0, v_i1.0)) [ v_i1.0 < v_count ]
		(?, 1)    eval_gdev_prn_render_pages_bb12_in(v_count, v_i.0, v_i1.0) -> Com_1(eval_gdev_prn_render_pages_bb14_in(v_count, v_i.0, v_i1.0)) [ v_i1.0 >= v_count ]
		(?, 1)    eval_gdev_prn_render_pages_29(v_count, v_i.0, v_i1.0) -> Com_2(eval_clist_unlink_start(v_count, v_i.0, v_i1.0), eval_gdev_prn_render_pages_30(v_count, v_i.0, v_i1.0))
		(?, 1)    eval_gdev_prn_render_pages_30(v_count, v_i.0, v_i1.0) -> Com_2(eval_clist_unlink_start(v_count, v_i.0, v_i1.0), eval_gdev_prn_render_pages_31(v_count, v_i.0, v_i1.0))
		(?, 1)    eval_gdev_prn_render_pages_31(v_count, v_i.0, v_i1.0) -> Com_1(eval_gdev_prn_render_pages_bb12_in(v_count, v_i.0, v_i1.0 + 1))
		(?, 1)    eval_gdev_prn_render_pages_bb14_in(v_count, v_i.0, v_i1.0) -> Com_1(eval_gdev_prn_render_pages_stop(v_count, v_i.0, v_i1.0))
	start location:	eval_gdev_prn_render_pages_start
	leaf cost:	0

Repeatedly propagating knowledge in problem 1 produces the following problem:
2:	T:
		(1, 1)    eval_gdev_prn_render_pages_start(v_count, v_i.0, v_i1.0) -> Com_1(eval_gdev_prn_render_pages_bb0_in(v_count, v_i.0, v_i1.0))
		(1, 1)    eval_gdev_prn_render_pages_bb0_in(v_count, v_i.0, v_i1.0) -> Com_1(eval_gdev_prn_render_pages_bb1_in(v_count, 0, v_i1.0))
		(?, 1)    eval_gdev_prn_render_pages_bb1_in(v_count, v_i.0, v_i1.0) -> Com_1(eval_gdev_prn_render_pages_1(v_count, v_i.0, v_i1.0)) [ v_i.0 < v_count ]
		(?, 1)    eval_gdev_prn_render_pages_bb1_in(v_count, v_i.0, v_i1.0) -> Com_1(eval_gdev_prn_render_pages_26(v_count, v_i.0, v_i1.0)) [ v_i.0 >= v_count ]
		(?, 1)    eval_gdev_prn_render_pages_1(v_count, v_i.0, v_i1.0) -> Com_2(eval_strcmp_start(v_count, v_i.0, v_i1.0), eval_gdev_prn_render_pages_2(v_count, v_i.0, v_i1.0))
		(?, 1)    eval_gdev_prn_render_pages_2(v_count, v_i.0, v_i1.0) -> Com_1(eval_gdev_prn_render_pages_bb14_in(v_count, v_i.0, v_i1.0))
		(?, 1)    eval_gdev_prn_render_pages_2(v_count, v_i.0, v_i1.0) -> Com_1(eval_gdev_prn_render_pages_3(v_count, v_i.0, v_i1.0))
		(?, 1)    eval_gdev_prn_render_pages_3(v_count, v_i.0, v_i1.0) -> Com_2(eval_memcmp_start(v_count, v_i.0, v_i1.0), eval_gdev_prn_render_pages_4(v_count, v_i.0, v_i1.0))
		(?, 1)    eval_gdev_prn_render_pages_4(v_count, v_i.0, v_i1.0) -> Com_1(eval_gdev_prn_render_pages_bb14_in(v_count, v_i.0, v_i1.0))
		(?, 1)    eval_gdev_prn_render_pages_4(v_count, v_i.0, v_i1.0) -> Com_1(eval_gdev_prn_render_pages_14(v_count, v_i.0, v_i1.0))
		(?, 1)    eval_gdev_prn_render_pages_4(v_count, v_i.0, v_i1.0) -> Com_1(eval_gdev_prn_render_pages_bb10_in(v_count, v_i.0, v_i1.0))
		(?, 1)    eval_gdev_prn_render_pages_14(v_count, v_i.0, v_i1.0) -> Com_2(eval_llvm.memcpy.p0i8.p0i8.i64_start(v_count, v_i.0, v_i1.0), eval_gdev_prn_render_pages_15(v_count, v_i.0, v_i1.0))
		(?, 1)    eval_gdev_prn_render_pages_15(v_count, v_i.0, v_i1.0) -> Com_1(eval_gdev_prn_render_pages_bb10_in(v_count, v_i.0, v_i1.0))
		(?, 1)    eval_gdev_prn_render_pages_bb10_in(v_count, v_i.0, v_i1.0) -> Com_1(eval_gdev_prn_render_pages_bb1_in(v_count, v_i.0 + 1, v_i1.0))
		(?, 1)    eval_gdev_prn_render_pages_26(v_count, v_i.0, v_i1.0) -> Com_1(eval_gdev_prn_render_pages_27(v_count, v_i.0, v_i1.0))
		(?, 1)    eval_gdev_prn_render_pages_27(v_count, v_i.0, v_i1.0) -> Com_1(eval_gdev_prn_render_pages_bb12_in(v_count, v_i.0, 0))
		(?, 1)    eval_gdev_prn_render_pages_bb12_in(v_count, v_i.0, v_i1.0) -> Com_1(eval_gdev_prn_render_pages_29(v_count, v_i.0, v_i1.0)) [ v_i1.0 < v_count ]
		(?, 1)    eval_gdev_prn_render_pages_bb12_in(v_count, v_i.0, v_i1.0) -> Com_1(eval_gdev_prn_render_pages_bb14_in(v_count, v_i.0, v_i1.0)) [ v_i1.0 >= v_count ]
		(?, 1)    eval_gdev_prn_render_pages_29(v_count, v_i.0, v_i1.0) -> Com_2(eval_clist_unlink_start(v_count, v_i.0, v_i1.0), eval_gdev_prn_render_pages_30(v_count, v_i.0, v_i1.0))
		(?, 1)    eval_gdev_prn_render_pages_30(v_count, v_i.0, v_i1.0) -> Com_2(eval_clist_unlink_start(v_count, v_i.0, v_i1.0), eval_gdev_prn_render_pages_31(v_count, v_i.0, v_i1.0))
		(?, 1)    eval_gdev_prn_render_pages_31(v_count, v_i.0, v_i1.0) -> Com_1(eval_gdev_prn_render_pages_bb12_in(v_count, v_i.0, v_i1.0 + 1))
		(?, 1)    eval_gdev_prn_render_pages_bb14_in(v_count, v_i.0, v_i1.0) -> Com_1(eval_gdev_prn_render_pages_stop(v_count, v_i.0, v_i1.0))
	start location:	eval_gdev_prn_render_pages_start
	leaf cost:	0

A polynomial rank function with
	Pol(eval_gdev_prn_render_pages_start) = 5
	Pol(eval_gdev_prn_render_pages_bb0_in) = 5
	Pol(eval_gdev_prn_render_pages_bb1_in) = 5
	Pol(eval_gdev_prn_render_pages_1) = 5
	Pol(eval_gdev_prn_render_pages_26) = 4
	Pol(eval_strcmp_start) = 0
	Pol(eval_gdev_prn_render_pages_2) = 5
	Pol(eval_gdev_prn_render_pages_bb14_in) = 1
	Pol(eval_gdev_prn_render_pages_3) = 5
	Pol(eval_memcmp_start) = 0
	Pol(eval_gdev_prn_render_pages_4) = 5
	Pol(eval_gdev_prn_render_pages_14) = 5
	Pol(eval_gdev_prn_render_pages_bb10_in) = 5
	Pol(eval_llvm.memcpy.p0i8.p0i8.i64_start) = 0
	Pol(eval_gdev_prn_render_pages_15) = 5
	Pol(eval_gdev_prn_render_pages_27) = 3
	Pol(eval_gdev_prn_render_pages_bb12_in) = 2
	Pol(eval_gdev_prn_render_pages_29) = 2
	Pol(eval_clist_unlink_start) = 0
	Pol(eval_gdev_prn_render_pages_30) = 2
	Pol(eval_gdev_prn_render_pages_31) = 2
	Pol(eval_gdev_prn_render_pages_stop) = 0
orients all transitions weakly and the transitions
	eval_gdev_prn_render_pages_bb1_in(v_count, v_i.0, v_i1.0) -> Com_1(eval_gdev_prn_render_pages_26(v_count, v_i.0, v_i1.0)) [ v_i.0 >= v_count ]
	eval_gdev_prn_render_pages_bb14_in(v_count, v_i.0, v_i1.0) -> Com_1(eval_gdev_prn_render_pages_stop(v_count, v_i.0, v_i1.0))
	eval_gdev_prn_render_pages_bb12_in(v_count, v_i.0, v_i1.0) -> Com_1(eval_gdev_prn_render_pages_bb14_in(v_count, v_i.0, v_i1.0)) [ v_i1.0 >= v_count ]
	eval_gdev_prn_render_pages_4(v_count, v_i.0, v_i1.0) -> Com_1(eval_gdev_prn_render_pages_bb14_in(v_count, v_i.0, v_i1.0))
	eval_gdev_prn_render_pages_27(v_count, v_i.0, v_i1.0) -> Com_1(eval_gdev_prn_render_pages_bb12_in(v_count, v_i.0, 0))
	eval_gdev_prn_render_pages_26(v_count, v_i.0, v_i1.0) -> Com_1(eval_gdev_prn_render_pages_27(v_count, v_i.0, v_i1.0))
	eval_gdev_prn_render_pages_2(v_count, v_i.0, v_i1.0) -> Com_1(eval_gdev_prn_render_pages_bb14_in(v_count, v_i.0, v_i1.0))
strictly and produces the following problem:
3:	T:
		(1, 1)    eval_gdev_prn_render_pages_start(v_count, v_i.0, v_i1.0) -> Com_1(eval_gdev_prn_render_pages_bb0_in(v_count, v_i.0, v_i1.0))
		(1, 1)    eval_gdev_prn_render_pages_bb0_in(v_count, v_i.0, v_i1.0) -> Com_1(eval_gdev_prn_render_pages_bb1_in(v_count, 0, v_i1.0))
		(?, 1)    eval_gdev_prn_render_pages_bb1_in(v_count, v_i.0, v_i1.0) -> Com_1(eval_gdev_prn_render_pages_1(v_count, v_i.0, v_i1.0)) [ v_i.0 < v_count ]
		(5, 1)    eval_gdev_prn_render_pages_bb1_in(v_count, v_i.0, v_i1.0) -> Com_1(eval_gdev_prn_render_pages_26(v_count, v_i.0, v_i1.0)) [ v_i.0 >= v_count ]
		(?, 1)    eval_gdev_prn_render_pages_1(v_count, v_i.0, v_i1.0) -> Com_2(eval_strcmp_start(v_count, v_i.0, v_i1.0), eval_gdev_prn_render_pages_2(v_count, v_i.0, v_i1.0))
		(5, 1)    eval_gdev_prn_render_pages_2(v_count, v_i.0, v_i1.0) -> Com_1(eval_gdev_prn_render_pages_bb14_in(v_count, v_i.0, v_i1.0))
		(?, 1)    eval_gdev_prn_render_pages_2(v_count, v_i.0, v_i1.0) -> Com_1(eval_gdev_prn_render_pages_3(v_count, v_i.0, v_i1.0))
		(?, 1)    eval_gdev_prn_render_pages_3(v_count, v_i.0, v_i1.0) -> Com_2(eval_memcmp_start(v_count, v_i.0, v_i1.0), eval_gdev_prn_render_pages_4(v_count, v_i.0, v_i1.0))
		(5, 1)    eval_gdev_prn_render_pages_4(v_count, v_i.0, v_i1.0) -> Com_1(eval_gdev_prn_render_pages_bb14_in(v_count, v_i.0, v_i1.0))
		(?, 1)    eval_gdev_prn_render_pages_4(v_count, v_i.0, v_i1.0) -> Com_1(eval_gdev_prn_render_pages_14(v_count, v_i.0, v_i1.0))
		(?, 1)    eval_gdev_prn_render_pages_4(v_count, v_i.0, v_i1.0) -> Com_1(eval_gdev_prn_render_pages_bb10_in(v_count, v_i.0, v_i1.0))
		(?, 1)    eval_gdev_prn_render_pages_14(v_count, v_i.0, v_i1.0) -> Com_2(eval_llvm.memcpy.p0i8.p0i8.i64_start(v_count, v_i.0, v_i1.0), eval_gdev_prn_render_pages_15(v_count, v_i.0, v_i1.0))
		(?, 1)    eval_gdev_prn_render_pages_15(v_count, v_i.0, v_i1.0) -> Com_1(eval_gdev_prn_render_pages_bb10_in(v_count, v_i.0, v_i1.0))
		(?, 1)    eval_gdev_prn_render_pages_bb10_in(v_count, v_i.0, v_i1.0) -> Com_1(eval_gdev_prn_render_pages_bb1_in(v_count, v_i.0 + 1, v_i1.0))
		(5, 1)    eval_gdev_prn_render_pages_26(v_count, v_i.0, v_i1.0) -> Com_1(eval_gdev_prn_render_pages_27(v_count, v_i.0, v_i1.0))
		(5, 1)    eval_gdev_prn_render_pages_27(v_count, v_i.0, v_i1.0) -> Com_1(eval_gdev_prn_render_pages_bb12_in(v_count, v_i.0, 0))
		(?, 1)    eval_gdev_prn_render_pages_bb12_in(v_count, v_i.0, v_i1.0) -> Com_1(eval_gdev_prn_render_pages_29(v_count, v_i.0, v_i1.0)) [ v_i1.0 < v_count ]
		(5, 1)    eval_gdev_prn_render_pages_bb12_in(v_count, v_i.0, v_i1.0) -> Com_1(eval_gdev_prn_render_pages_bb14_in(v_count, v_i.0, v_i1.0)) [ v_i1.0 >= v_count ]
		(?, 1)    eval_gdev_prn_render_pages_29(v_count, v_i.0, v_i1.0) -> Com_2(eval_clist_unlink_start(v_count, v_i.0, v_i1.0), eval_gdev_prn_render_pages_30(v_count, v_i.0, v_i1.0))
		(?, 1)    eval_gdev_prn_render_pages_30(v_count, v_i.0, v_i1.0) -> Com_2(eval_clist_unlink_start(v_count, v_i.0, v_i1.0), eval_gdev_prn_render_pages_31(v_count, v_i.0, v_i1.0))
		(?, 1)    eval_gdev_prn_render_pages_31(v_count, v_i.0, v_i1.0) -> Com_1(eval_gdev_prn_render_pages_bb12_in(v_count, v_i.0, v_i1.0 + 1))
		(5, 1)    eval_gdev_prn_render_pages_bb14_in(v_count, v_i.0, v_i1.0) -> Com_1(eval_gdev_prn_render_pages_stop(v_count, v_i.0, v_i1.0))
	start location:	eval_gdev_prn_render_pages_start
	leaf cost:	0

Applied AI with 'oct' on problem 3 to obtain the following invariants:
  For symbol eval_gdev_prn_render_pages_1: X_1 - X_2 - 1 >= 0 /\ X_2 >= 0 /\ X_1 + X_2 - 1 >= 0 /\ X_1 - 1 >= 0
  For symbol eval_gdev_prn_render_pages_14: X_1 - X_2 - 1 >= 0 /\ X_2 >= 0 /\ X_1 + X_2 - 1 >= 0 /\ X_1 - 1 >= 0
  For symbol eval_gdev_prn_render_pages_15: X_1 - X_2 - 1 >= 0 /\ X_2 >= 0 /\ X_1 + X_2 - 1 >= 0 /\ X_1 - 1 >= 0
  For symbol eval_gdev_prn_render_pages_2: X_1 - X_2 - 1 >= 0 /\ X_2 >= 0 /\ X_1 + X_2 - 1 >= 0 /\ X_1 - 1 >= 0
  For symbol eval_gdev_prn_render_pages_26: X_2 >= 0 /\ -X_1 + X_2 >= 0
  For symbol eval_gdev_prn_render_pages_27: X_2 >= 0 /\ -X_1 + X_2 >= 0
  For symbol eval_gdev_prn_render_pages_29: X_2 - X_3 - 1 >= 0 /\ X_1 - X_3 - 1 >= 0 /\ X_3 >= 0 /\ X_2 + X_3 - 1 >= 0 /\ X_1 + X_3 - 1 >= 0 /\ X_2 - 1 >= 0 /\ X_1 + X_2 - 2 >= 0 /\ -X_1 + X_2 >= 0 /\ X_1 - 1 >= 0
  For symbol eval_gdev_prn_render_pages_3: X_1 - X_2 - 1 >= 0 /\ X_2 >= 0 /\ X_1 + X_2 - 1 >= 0 /\ X_1 - 1 >= 0
  For symbol eval_gdev_prn_render_pages_30: X_2 - X_3 - 1 >= 0 /\ X_1 - X_3 - 1 >= 0 /\ X_3 >= 0 /\ X_2 + X_3 - 1 >= 0 /\ X_1 + X_3 - 1 >= 0 /\ X_2 - 1 >= 0 /\ X_1 + X_2 - 2 >= 0 /\ -X_1 + X_2 >= 0 /\ X_1 - 1 >= 0
  For symbol eval_gdev_prn_render_pages_31: X_2 - X_3 - 1 >= 0 /\ X_1 - X_3 - 1 >= 0 /\ X_3 >= 0 /\ X_2 + X_3 - 1 >= 0 /\ X_1 + X_3 - 1 >= 0 /\ X_2 - 1 >= 0 /\ X_1 + X_2 - 2 >= 0 /\ -X_1 + X_2 >= 0 /\ X_1 - 1 >= 0
  For symbol eval_gdev_prn_render_pages_4: X_1 - X_2 - 1 >= 0 /\ X_2 >= 0 /\ X_1 + X_2 - 1 >= 0 /\ X_1 - 1 >= 0
  For symbol eval_gdev_prn_render_pages_bb10_in: X_1 - X_2 - 1 >= 0 /\ X_2 >= 0 /\ X_1 + X_2 - 1 >= 0 /\ X_1 - 1 >= 0
  For symbol eval_gdev_prn_render_pages_bb12_in: X_2 - X_3 >= 0 /\ X_3 >= 0 /\ X_2 + X_3 >= 0 /\ X_2 >= 0 /\ -X_1 + X_2 >= 0
  For symbol eval_gdev_prn_render_pages_bb14_in: X_2 >= 0
  For symbol eval_gdev_prn_render_pages_bb1_in: X_2 >= 0


This yielded the following problem:
4:	T:
		(5, 1)    eval_gdev_prn_render_pages_bb14_in(v_count, v_i.0, v_i1.0) -> Com_1(eval_gdev_prn_render_pages_stop(v_count, v_i.0, v_i1.0)) [ v_i.0 >= 0 ]
		(?, 1)    eval_gdev_prn_render_pages_31(v_count, v_i.0, v_i1.0) -> Com_1(eval_gdev_prn_render_pages_bb12_in(v_count, v_i.0, v_i1.0 + 1)) [ v_i.0 - v_i1.0 - 1 >= 0 /\ v_count - v_i1.0 - 1 >= 0 /\ v_i1.0 >= 0 /\ v_i.0 + v_i1.0 - 1 >= 0 /\ v_count + v_i1.0 - 1 >= 0 /\ v_i.0 - 1 >= 0 /\ v_count + v_i.0 - 2 >= 0 /\ -v_count + v_i.0 >= 0 /\ v_count - 1 >= 0 ]
		(?, 1)    eval_gdev_prn_render_pages_30(v_count, v_i.0, v_i1.0) -> Com_2(eval_clist_unlink_start(v_count, v_i.0, v_i1.0), eval_gdev_prn_render_pages_31(v_count, v_i.0, v_i1.0)) [ v_i.0 - v_i1.0 - 1 >= 0 /\ v_count - v_i1.0 - 1 >= 0 /\ v_i1.0 >= 0 /\ v_i.0 + v_i1.0 - 1 >= 0 /\ v_count + v_i1.0 - 1 >= 0 /\ v_i.0 - 1 >= 0 /\ v_count + v_i.0 - 2 >= 0 /\ -v_count + v_i.0 >= 0 /\ v_count - 1 >= 0 ]
		(?, 1)    eval_gdev_prn_render_pages_29(v_count, v_i.0, v_i1.0) -> Com_2(eval_clist_unlink_start(v_count, v_i.0, v_i1.0), eval_gdev_prn_render_pages_30(v_count, v_i.0, v_i1.0)) [ v_i.0 - v_i1.0 - 1 >= 0 /\ v_count - v_i1.0 - 1 >= 0 /\ v_i1.0 >= 0 /\ v_i.0 + v_i1.0 - 1 >= 0 /\ v_count + v_i1.0 - 1 >= 0 /\ v_i.0 - 1 >= 0 /\ v_count + v_i.0 - 2 >= 0 /\ -v_count + v_i.0 >= 0 /\ v_count - 1 >= 0 ]
		(5, 1)    eval_gdev_prn_render_pages_bb12_in(v_count, v_i.0, v_i1.0) -> Com_1(eval_gdev_prn_render_pages_bb14_in(v_count, v_i.0, v_i1.0)) [ v_i.0 - v_i1.0 >= 0 /\ v_i1.0 >= 0 /\ v_i.0 + v_i1.0 >= 0 /\ v_i.0 >= 0 /\ -v_count + v_i.0 >= 0 /\ v_i1.0 >= v_count ]
		(?, 1)    eval_gdev_prn_render_pages_bb12_in(v_count, v_i.0, v_i1.0) -> Com_1(eval_gdev_prn_render_pages_29(v_count, v_i.0, v_i1.0)) [ v_i.0 - v_i1.0 >= 0 /\ v_i1.0 >= 0 /\ v_i.0 + v_i1.0 >= 0 /\ v_i.0 >= 0 /\ -v_count + v_i.0 >= 0 /\ v_i1.0 < v_count ]
		(5, 1)    eval_gdev_prn_render_pages_27(v_count, v_i.0, v_i1.0) -> Com_1(eval_gdev_prn_render_pages_bb12_in(v_count, v_i.0, 0)) [ v_i.0 >= 0 /\ -v_count + v_i.0 >= 0 ]
		(5, 1)    eval_gdev_prn_render_pages_26(v_count, v_i.0, v_i1.0) -> Com_1(eval_gdev_prn_render_pages_27(v_count, v_i.0, v_i1.0)) [ v_i.0 >= 0 /\ -v_count + v_i.0 >= 0 ]
		(?, 1)    eval_gdev_prn_render_pages_bb10_in(v_count, v_i.0, v_i1.0) -> Com_1(eval_gdev_prn_render_pages_bb1_in(v_count, v_i.0 + 1, v_i1.0)) [ v_count - v_i.0 - 1 >= 0 /\ v_i.0 >= 0 /\ v_count + v_i.0 - 1 >= 0 /\ v_count - 1 >= 0 ]
		(?, 1)    eval_gdev_prn_render_pages_15(v_count, v_i.0, v_i1.0) -> Com_1(eval_gdev_prn_render_pages_bb10_in(v_count, v_i.0, v_i1.0)) [ v_count - v_i.0 - 1 >= 0 /\ v_i.0 >= 0 /\ v_count + v_i.0 - 1 >= 0 /\ v_count - 1 >= 0 ]
		(?, 1)    eval_gdev_prn_render_pages_14(v_count, v_i.0, v_i1.0) -> Com_2(eval_llvm.memcpy.p0i8.p0i8.i64_start(v_count, v_i.0, v_i1.0), eval_gdev_prn_render_pages_15(v_count, v_i.0, v_i1.0)) [ v_count - v_i.0 - 1 >= 0 /\ v_i.0 >= 0 /\ v_count + v_i.0 - 1 >= 0 /\ v_count - 1 >= 0 ]
		(?, 1)    eval_gdev_prn_render_pages_4(v_count, v_i.0, v_i1.0) -> Com_1(eval_gdev_prn_render_pages_bb10_in(v_count, v_i.0, v_i1.0)) [ v_count - v_i.0 - 1 >= 0 /\ v_i.0 >= 0 /\ v_count + v_i.0 - 1 >= 0 /\ v_count - 1 >= 0 ]
		(?, 1)    eval_gdev_prn_render_pages_4(v_count, v_i.0, v_i1.0) -> Com_1(eval_gdev_prn_render_pages_14(v_count, v_i.0, v_i1.0)) [ v_count - v_i.0 - 1 >= 0 /\ v_i.0 >= 0 /\ v_count + v_i.0 - 1 >= 0 /\ v_count - 1 >= 0 ]
		(5, 1)    eval_gdev_prn_render_pages_4(v_count, v_i.0, v_i1.0) -> Com_1(eval_gdev_prn_render_pages_bb14_in(v_count, v_i.0, v_i1.0)) [ v_count - v_i.0 - 1 >= 0 /\ v_i.0 >= 0 /\ v_count + v_i.0 - 1 >= 0 /\ v_count - 1 >= 0 ]
		(?, 1)    eval_gdev_prn_render_pages_3(v_count, v_i.0, v_i1.0) -> Com_2(eval_memcmp_start(v_count, v_i.0, v_i1.0), eval_gdev_prn_render_pages_4(v_count, v_i.0, v_i1.0)) [ v_count - v_i.0 - 1 >= 0 /\ v_i.0 >= 0 /\ v_count + v_i.0 - 1 >= 0 /\ v_count - 1 >= 0 ]
		(?, 1)    eval_gdev_prn_render_pages_2(v_count, v_i.0, v_i1.0) -> Com_1(eval_gdev_prn_render_pages_3(v_count, v_i.0, v_i1.0)) [ v_count - v_i.0 - 1 >= 0 /\ v_i.0 >= 0 /\ v_count + v_i.0 - 1 >= 0 /\ v_count - 1 >= 0 ]
		(5, 1)    eval_gdev_prn_render_pages_2(v_count, v_i.0, v_i1.0) -> Com_1(eval_gdev_prn_render_pages_bb14_in(v_count, v_i.0, v_i1.0)) [ v_count - v_i.0 - 1 >= 0 /\ v_i.0 >= 0 /\ v_count + v_i.0 - 1 >= 0 /\ v_count - 1 >= 0 ]
		(?, 1)    eval_gdev_prn_render_pages_1(v_count, v_i.0, v_i1.0) -> Com_2(eval_strcmp_start(v_count, v_i.0, v_i1.0), eval_gdev_prn_render_pages_2(v_count, v_i.0, v_i1.0)) [ v_count - v_i.0 - 1 >= 0 /\ v_i.0 >= 0 /\ v_count + v_i.0 - 1 >= 0 /\ v_count - 1 >= 0 ]
		(5, 1)    eval_gdev_prn_render_pages_bb1_in(v_count, v_i.0, v_i1.0) -> Com_1(eval_gdev_prn_render_pages_26(v_count, v_i.0, v_i1.0)) [ v_i.0 >= 0 /\ v_i.0 >= v_count ]
		(?, 1)    eval_gdev_prn_render_pages_bb1_in(v_count, v_i.0, v_i1.0) -> Com_1(eval_gdev_prn_render_pages_1(v_count, v_i.0, v_i1.0)) [ v_i.0 >= 0 /\ v_i.0 < v_count ]
		(1, 1)    eval_gdev_prn_render_pages_bb0_in(v_count, v_i.0, v_i1.0) -> Com_1(eval_gdev_prn_render_pages_bb1_in(v_count, 0, v_i1.0))
		(1, 1)    eval_gdev_prn_render_pages_start(v_count, v_i.0, v_i1.0) -> Com_1(eval_gdev_prn_render_pages_bb0_in(v_count, v_i.0, v_i1.0))
	start location:	eval_gdev_prn_render_pages_start
	leaf cost:	0

A polynomial rank function with
	Pol(eval_gdev_prn_render_pages_bb14_in) = 4*V_1 - 4*V_2
	Pol(eval_gdev_prn_render_pages_stop) = 4*V_1 - 4*V_2
	Pol(eval_gdev_prn_render_pages_31) = 4*V_1 - 4*V_3 - 3
	Pol(eval_gdev_prn_render_pages_bb12_in) = 4*V_1 - 4*V_3
	Pol(eval_gdev_prn_render_pages_30) = 4*V_1 - 4*V_3 - 2
	Pol(eval_clist_unlink_start) = 0
	Pol(eval_gdev_prn_render_pages_29) = 4*V_1 - 4*V_3 - 1
	Pol(eval_gdev_prn_render_pages_27) = 4*V_1
	Pol(eval_gdev_prn_render_pages_26) = 4*V_1
	Pol(eval_gdev_prn_render_pages_bb10_in) = 4*V_1
	Pol(eval_gdev_prn_render_pages_bb1_in) = 4*V_1
	Pol(eval_gdev_prn_render_pages_15) = 4*V_1
	Pol(eval_gdev_prn_render_pages_14) = 4*V_1
	Pol(eval_llvm.memcpy.p0i8.p0i8.i64_start) = 0
	Pol(eval_gdev_prn_render_pages_4) = 4*V_1
	Pol(eval_gdev_prn_render_pages_3) = 4*V_1
	Pol(eval_memcmp_start) = 0
	Pol(eval_gdev_prn_render_pages_2) = 4*V_1
	Pol(eval_gdev_prn_render_pages_1) = 4*V_1
	Pol(eval_strcmp_start) = 0
	Pol(eval_gdev_prn_render_pages_bb0_in) = 4*V_1
	Pol(eval_gdev_prn_render_pages_start) = 4*V_1
orients all transitions weakly and the transitions
	eval_gdev_prn_render_pages_bb12_in(v_count, v_i.0, v_i1.0) -> Com_1(eval_gdev_prn_render_pages_29(v_count, v_i.0, v_i1.0)) [ v_i.0 - v_i1.0 >= 0 /\ v_i1.0 >= 0 /\ v_i.0 + v_i1.0 >= 0 /\ v_i.0 >= 0 /\ -v_count + v_i.0 >= 0 /\ v_i1.0 < v_count ]
	eval_gdev_prn_render_pages_31(v_count, v_i.0, v_i1.0) -> Com_1(eval_gdev_prn_render_pages_bb12_in(v_count, v_i.0, v_i1.0 + 1)) [ v_i.0 - v_i1.0 - 1 >= 0 /\ v_count - v_i1.0 - 1 >= 0 /\ v_i1.0 >= 0 /\ v_i.0 + v_i1.0 - 1 >= 0 /\ v_count + v_i1.0 - 1 >= 0 /\ v_i.0 - 1 >= 0 /\ v_count + v_i.0 - 2 >= 0 /\ -v_count + v_i.0 >= 0 /\ v_count - 1 >= 0 ]
	eval_gdev_prn_render_pages_30(v_count, v_i.0, v_i1.0) -> Com_2(eval_clist_unlink_start(v_count, v_i.0, v_i1.0), eval_gdev_prn_render_pages_31(v_count, v_i.0, v_i1.0)) [ v_i.0 - v_i1.0 - 1 >= 0 /\ v_count - v_i1.0 - 1 >= 0 /\ v_i1.0 >= 0 /\ v_i.0 + v_i1.0 - 1 >= 0 /\ v_count + v_i1.0 - 1 >= 0 /\ v_i.0 - 1 >= 0 /\ v_count + v_i.0 - 2 >= 0 /\ -v_count + v_i.0 >= 0 /\ v_count - 1 >= 0 ]
	eval_gdev_prn_render_pages_29(v_count, v_i.0, v_i1.0) -> Com_2(eval_clist_unlink_start(v_count, v_i.0, v_i1.0), eval_gdev_prn_render_pages_30(v_count, v_i.0, v_i1.0)) [ v_i.0 - v_i1.0 - 1 >= 0 /\ v_count - v_i1.0 - 1 >= 0 /\ v_i1.0 >= 0 /\ v_i.0 + v_i1.0 - 1 >= 0 /\ v_count + v_i1.0 - 1 >= 0 /\ v_i.0 - 1 >= 0 /\ v_count + v_i.0 - 2 >= 0 /\ -v_count + v_i.0 >= 0 /\ v_count - 1 >= 0 ]
strictly and produces the following problem:
5:	T:
		(5, 1)            eval_gdev_prn_render_pages_bb14_in(v_count, v_i.0, v_i1.0) -> Com_1(eval_gdev_prn_render_pages_stop(v_count, v_i.0, v_i1.0)) [ v_i.0 >= 0 ]
		(4*v_count, 1)    eval_gdev_prn_render_pages_31(v_count, v_i.0, v_i1.0) -> Com_1(eval_gdev_prn_render_pages_bb12_in(v_count, v_i.0, v_i1.0 + 1)) [ v_i.0 - v_i1.0 - 1 >= 0 /\ v_count - v_i1.0 - 1 >= 0 /\ v_i1.0 >= 0 /\ v_i.0 + v_i1.0 - 1 >= 0 /\ v_count + v_i1.0 - 1 >= 0 /\ v_i.0 - 1 >= 0 /\ v_count + v_i.0 - 2 >= 0 /\ -v_count + v_i.0 >= 0 /\ v_count - 1 >= 0 ]
		(4*v_count, 1)    eval_gdev_prn_render_pages_30(v_count, v_i.0, v_i1.0) -> Com_2(eval_clist_unlink_start(v_count, v_i.0, v_i1.0), eval_gdev_prn_render_pages_31(v_count, v_i.0, v_i1.0)) [ v_i.0 - v_i1.0 - 1 >= 0 /\ v_count - v_i1.0 - 1 >= 0 /\ v_i1.0 >= 0 /\ v_i.0 + v_i1.0 - 1 >= 0 /\ v_count + v_i1.0 - 1 >= 0 /\ v_i.0 - 1 >= 0 /\ v_count + v_i.0 - 2 >= 0 /\ -v_count + v_i.0 >= 0 /\ v_count - 1 >= 0 ]
		(4*v_count, 1)    eval_gdev_prn_render_pages_29(v_count, v_i.0, v_i1.0) -> Com_2(eval_clist_unlink_start(v_count, v_i.0, v_i1.0), eval_gdev_prn_render_pages_30(v_count, v_i.0, v_i1.0)) [ v_i.0 - v_i1.0 - 1 >= 0 /\ v_count - v_i1.0 - 1 >= 0 /\ v_i1.0 >= 0 /\ v_i.0 + v_i1.0 - 1 >= 0 /\ v_count + v_i1.0 - 1 >= 0 /\ v_i.0 - 1 >= 0 /\ v_count + v_i.0 - 2 >= 0 /\ -v_count + v_i.0 >= 0 /\ v_count - 1 >= 0 ]
		(5, 1)            eval_gdev_prn_render_pages_bb12_in(v_count, v_i.0, v_i1.0) -> Com_1(eval_gdev_prn_render_pages_bb14_in(v_count, v_i.0, v_i1.0)) [ v_i.0 - v_i1.0 >= 0 /\ v_i1.0 >= 0 /\ v_i.0 + v_i1.0 >= 0 /\ v_i.0 >= 0 /\ -v_count + v_i.0 >= 0 /\ v_i1.0 >= v_count ]
		(4*v_count, 1)    eval_gdev_prn_render_pages_bb12_in(v_count, v_i.0, v_i1.0) -> Com_1(eval_gdev_prn_render_pages_29(v_count, v_i.0, v_i1.0)) [ v_i.0 - v_i1.0 >= 0 /\ v_i1.0 >= 0 /\ v_i.0 + v_i1.0 >= 0 /\ v_i.0 >= 0 /\ -v_count + v_i.0 >= 0 /\ v_i1.0 < v_count ]
		(5, 1)            eval_gdev_prn_render_pages_27(v_count, v_i.0, v_i1.0) -> Com_1(eval_gdev_prn_render_pages_bb12_in(v_count, v_i.0, 0)) [ v_i.0 >= 0 /\ -v_count + v_i.0 >= 0 ]
		(5, 1)            eval_gdev_prn_render_pages_26(v_count, v_i.0, v_i1.0) -> Com_1(eval_gdev_prn_render_pages_27(v_count, v_i.0, v_i1.0)) [ v_i.0 >= 0 /\ -v_count + v_i.0 >= 0 ]
		(?, 1)            eval_gdev_prn_render_pages_bb10_in(v_count, v_i.0, v_i1.0) -> Com_1(eval_gdev_prn_render_pages_bb1_in(v_count, v_i.0 + 1, v_i1.0)) [ v_count - v_i.0 - 1 >= 0 /\ v_i.0 >= 0 /\ v_count + v_i.0 - 1 >= 0 /\ v_count - 1 >= 0 ]
		(?, 1)            eval_gdev_prn_render_pages_15(v_count, v_i.0, v_i1.0) -> Com_1(eval_gdev_prn_render_pages_bb10_in(v_count, v_i.0, v_i1.0)) [ v_count - v_i.0 - 1 >= 0 /\ v_i.0 >= 0 /\ v_count + v_i.0 - 1 >= 0 /\ v_count - 1 >= 0 ]
		(?, 1)            eval_gdev_prn_render_pages_14(v_count, v_i.0, v_i1.0) -> Com_2(eval_llvm.memcpy.p0i8.p0i8.i64_start(v_count, v_i.0, v_i1.0), eval_gdev_prn_render_pages_15(v_count, v_i.0, v_i1.0)) [ v_count - v_i.0 - 1 >= 0 /\ v_i.0 >= 0 /\ v_count + v_i.0 - 1 >= 0 /\ v_count - 1 >= 0 ]
		(?, 1)            eval_gdev_prn_render_pages_4(v_count, v_i.0, v_i1.0) -> Com_1(eval_gdev_prn_render_pages_bb10_in(v_count, v_i.0, v_i1.0)) [ v_count - v_i.0 - 1 >= 0 /\ v_i.0 >= 0 /\ v_count + v_i.0 - 1 >= 0 /\ v_count - 1 >= 0 ]
		(?, 1)            eval_gdev_prn_render_pages_4(v_count, v_i.0, v_i1.0) -> Com_1(eval_gdev_prn_render_pages_14(v_count, v_i.0, v_i1.0)) [ v_count - v_i.0 - 1 >= 0 /\ v_i.0 >= 0 /\ v_count + v_i.0 - 1 >= 0 /\ v_count - 1 >= 0 ]
		(5, 1)            eval_gdev_prn_render_pages_4(v_count, v_i.0, v_i1.0) -> Com_1(eval_gdev_prn_render_pages_bb14_in(v_count, v_i.0, v_i1.0)) [ v_count - v_i.0 - 1 >= 0 /\ v_i.0 >= 0 /\ v_count + v_i.0 - 1 >= 0 /\ v_count - 1 >= 0 ]
		(?, 1)            eval_gdev_prn_render_pages_3(v_count, v_i.0, v_i1.0) -> Com_2(eval_memcmp_start(v_count, v_i.0, v_i1.0), eval_gdev_prn_render_pages_4(v_count, v_i.0, v_i1.0)) [ v_count - v_i.0 - 1 >= 0 /\ v_i.0 >= 0 /\ v_count + v_i.0 - 1 >= 0 /\ v_count - 1 >= 0 ]
		(?, 1)            eval_gdev_prn_render_pages_2(v_count, v_i.0, v_i1.0) -> Com_1(eval_gdev_prn_render_pages_3(v_count, v_i.0, v_i1.0)) [ v_count - v_i.0 - 1 >= 0 /\ v_i.0 >= 0 /\ v_count + v_i.0 - 1 >= 0 /\ v_count - 1 >= 0 ]
		(5, 1)            eval_gdev_prn_render_pages_2(v_count, v_i.0, v_i1.0) -> Com_1(eval_gdev_prn_render_pages_bb14_in(v_count, v_i.0, v_i1.0)) [ v_count - v_i.0 - 1 >= 0 /\ v_i.0 >= 0 /\ v_count + v_i.0 - 1 >= 0 /\ v_count - 1 >= 0 ]
		(?, 1)            eval_gdev_prn_render_pages_1(v_count, v_i.0, v_i1.0) -> Com_2(eval_strcmp_start(v_count, v_i.0, v_i1.0), eval_gdev_prn_render_pages_2(v_count, v_i.0, v_i1.0)) [ v_count - v_i.0 - 1 >= 0 /\ v_i.0 >= 0 /\ v_count + v_i.0 - 1 >= 0 /\ v_count - 1 >= 0 ]
		(5, 1)            eval_gdev_prn_render_pages_bb1_in(v_count, v_i.0, v_i1.0) -> Com_1(eval_gdev_prn_render_pages_26(v_count, v_i.0, v_i1.0)) [ v_i.0 >= 0 /\ v_i.0 >= v_count ]
		(?, 1)            eval_gdev_prn_render_pages_bb1_in(v_count, v_i.0, v_i1.0) -> Com_1(eval_gdev_prn_render_pages_1(v_count, v_i.0, v_i1.0)) [ v_i.0 >= 0 /\ v_i.0 < v_count ]
		(1, 1)            eval_gdev_prn_render_pages_bb0_in(v_count, v_i.0, v_i1.0) -> Com_1(eval_gdev_prn_render_pages_bb1_in(v_count, 0, v_i1.0))
		(1, 1)            eval_gdev_prn_render_pages_start(v_count, v_i.0, v_i1.0) -> Com_1(eval_gdev_prn_render_pages_bb0_in(v_count, v_i.0, v_i1.0))
	start location:	eval_gdev_prn_render_pages_start
	leaf cost:	0

A polynomial rank function with
	Pol(eval_gdev_prn_render_pages_bb1_in) = 8*V_1 - 8*V_2 + 1
	Pol(eval_gdev_prn_render_pages_1) = 8*V_1 - 8*V_2
	Pol(eval_gdev_prn_render_pages_bb10_in) = 8*V_1 - 8*V_2 - 6
	Pol(eval_gdev_prn_render_pages_4) = 8*V_1 - 8*V_2 - 3
	Pol(eval_gdev_prn_render_pages_14) = 8*V_1 - 8*V_2 - 4
	Pol(eval_gdev_prn_render_pages_3) = 8*V_1 - 8*V_2 - 2
	Pol(eval_memcmp_start) = -8*V_2
	Pol(eval_gdev_prn_render_pages_2) = 8*V_1 - 8*V_2 - 1
	Pol(eval_gdev_prn_render_pages_15) = 8*V_1 - 8*V_2 - 5
	Pol(eval_llvm.memcpy.p0i8.p0i8.i64_start) = -8*V_2
	Pol(eval_strcmp_start) = -8*V_2
and size complexities
	S("eval_gdev_prn_render_pages_start(v_count, v_i.0, v_i1.0) -> Com_1(eval_gdev_prn_render_pages_bb0_in(v_count, v_i.0, v_i1.0))", 0-0) = v_count
	S("eval_gdev_prn_render_pages_start(v_count, v_i.0, v_i1.0) -> Com_1(eval_gdev_prn_render_pages_bb0_in(v_count, v_i.0, v_i1.0))", 0-1) = v_i.0
	S("eval_gdev_prn_render_pages_start(v_count, v_i.0, v_i1.0) -> Com_1(eval_gdev_prn_render_pages_bb0_in(v_count, v_i.0, v_i1.0))", 0-2) = v_i1.0
	S("eval_gdev_prn_render_pages_bb0_in(v_count, v_i.0, v_i1.0) -> Com_1(eval_gdev_prn_render_pages_bb1_in(v_count, 0, v_i1.0))", 0-0) = v_count
	S("eval_gdev_prn_render_pages_bb0_in(v_count, v_i.0, v_i1.0) -> Com_1(eval_gdev_prn_render_pages_bb1_in(v_count, 0, v_i1.0))", 0-1) = 0
	S("eval_gdev_prn_render_pages_bb0_in(v_count, v_i.0, v_i1.0) -> Com_1(eval_gdev_prn_render_pages_bb1_in(v_count, 0, v_i1.0))", 0-2) = v_i1.0
	S("eval_gdev_prn_render_pages_bb1_in(v_count, v_i.0, v_i1.0) -> Com_1(eval_gdev_prn_render_pages_1(v_count, v_i.0, v_i1.0)) [ v_i.0 >= 0 /\\ v_i.0 < v_count ]", 0-0) = v_count
	S("eval_gdev_prn_render_pages_bb1_in(v_count, v_i.0, v_i1.0) -> Com_1(eval_gdev_prn_render_pages_1(v_count, v_i.0, v_i1.0)) [ v_i.0 >= 0 /\\ v_i.0 < v_count ]", 0-1) = v_count
	S("eval_gdev_prn_render_pages_bb1_in(v_count, v_i.0, v_i1.0) -> Com_1(eval_gdev_prn_render_pages_1(v_count, v_i.0, v_i1.0)) [ v_i.0 >= 0 /\\ v_i.0 < v_count ]", 0-2) = v_i1.0
	S("eval_gdev_prn_render_pages_bb1_in(v_count, v_i.0, v_i1.0) -> Com_1(eval_gdev_prn_render_pages_26(v_count, v_i.0, v_i1.0)) [ v_i.0 >= 0 /\\ v_i.0 >= v_count ]", 0-0) = v_count
	S("eval_gdev_prn_render_pages_bb1_in(v_count, v_i.0, v_i1.0) -> Com_1(eval_gdev_prn_render_pages_26(v_count, v_i.0, v_i1.0)) [ v_i.0 >= 0 /\\ v_i.0 >= v_count ]", 0-1) = v_count
	S("eval_gdev_prn_render_pages_bb1_in(v_count, v_i.0, v_i1.0) -> Com_1(eval_gdev_prn_render_pages_26(v_count, v_i.0, v_i1.0)) [ v_i.0 >= 0 /\\ v_i.0 >= v_count ]", 0-2) = v_i1.0
	S("eval_gdev_prn_render_pages_1(v_count, v_i.0, v_i1.0) -> Com_2(eval_strcmp_start(v_count, v_i.0, v_i1.0), eval_gdev_prn_render_pages_2(v_count, v_i.0, v_i1.0)) [ v_count - v_i.0 - 1 >= 0 /\\ v_i.0 >= 0 /\\ v_count + v_i.0 - 1 >= 0 /\\ v_count - 1 >= 0 ]", 0-0) = v_count
	S("eval_gdev_prn_render_pages_1(v_count, v_i.0, v_i1.0) -> Com_2(eval_strcmp_start(v_count, v_i.0, v_i1.0), eval_gdev_prn_render_pages_2(v_count, v_i.0, v_i1.0)) [ v_count - v_i.0 - 1 >= 0 /\\ v_i.0 >= 0 /\\ v_count + v_i.0 - 1 >= 0 /\\ v_count - 1 >= 0 ]", 0-1) = v_count
	S("eval_gdev_prn_render_pages_1(v_count, v_i.0, v_i1.0) -> Com_2(eval_strcmp_start(v_count, v_i.0, v_i1.0), eval_gdev_prn_render_pages_2(v_count, v_i.0, v_i1.0)) [ v_count - v_i.0 - 1 >= 0 /\\ v_i.0 >= 0 /\\ v_count + v_i.0 - 1 >= 0 /\\ v_count - 1 >= 0 ]", 0-2) = v_i1.0
	S("eval_gdev_prn_render_pages_1(v_count, v_i.0, v_i1.0) -> Com_2(eval_strcmp_start(v_count, v_i.0, v_i1.0), eval_gdev_prn_render_pages_2(v_count, v_i.0, v_i1.0)) [ v_count - v_i.0 - 1 >= 0 /\\ v_i.0 >= 0 /\\ v_count + v_i.0 - 1 >= 0 /\\ v_count - 1 >= 0 ]", 1-0) = v_count
	S("eval_gdev_prn_render_pages_1(v_count, v_i.0, v_i1.0) -> Com_2(eval_strcmp_start(v_count, v_i.0, v_i1.0), eval_gdev_prn_render_pages_2(v_count, v_i.0, v_i1.0)) [ v_count - v_i.0 - 1 >= 0 /\\ v_i.0 >= 0 /\\ v_count + v_i.0 - 1 >= 0 /\\ v_count - 1 >= 0 ]", 1-1) = v_count
	S("eval_gdev_prn_render_pages_1(v_count, v_i.0, v_i1.0) -> Com_2(eval_strcmp_start(v_count, v_i.0, v_i1.0), eval_gdev_prn_render_pages_2(v_count, v_i.0, v_i1.0)) [ v_count - v_i.0 - 1 >= 0 /\\ v_i.0 >= 0 /\\ v_count + v_i.0 - 1 >= 0 /\\ v_count - 1 >= 0 ]", 1-2) = v_i1.0
	S("eval_gdev_prn_render_pages_2(v_count, v_i.0, v_i1.0) -> Com_1(eval_gdev_prn_render_pages_bb14_in(v_count, v_i.0, v_i1.0)) [ v_count - v_i.0 - 1 >= 0 /\\ v_i.0 >= 0 /\\ v_count + v_i.0 - 1 >= 0 /\\ v_count - 1 >= 0 ]", 0-0) = v_count
	S("eval_gdev_prn_render_pages_2(v_count, v_i.0, v_i1.0) -> Com_1(eval_gdev_prn_render_pages_bb14_in(v_count, v_i.0, v_i1.0)) [ v_count - v_i.0 - 1 >= 0 /\\ v_i.0 >= 0 /\\ v_count + v_i.0 - 1 >= 0 /\\ v_count - 1 >= 0 ]", 0-1) = v_count
	S("eval_gdev_prn_render_pages_2(v_count, v_i.0, v_i1.0) -> Com_1(eval_gdev_prn_render_pages_bb14_in(v_count, v_i.0, v_i1.0)) [ v_count - v_i.0 - 1 >= 0 /\\ v_i.0 >= 0 /\\ v_count + v_i.0 - 1 >= 0 /\\ v_count - 1 >= 0 ]", 0-2) = v_i1.0
	S("eval_gdev_prn_render_pages_2(v_count, v_i.0, v_i1.0) -> Com_1(eval_gdev_prn_render_pages_3(v_count, v_i.0, v_i1.0)) [ v_count - v_i.0 - 1 >= 0 /\\ v_i.0 >= 0 /\\ v_count + v_i.0 - 1 >= 0 /\\ v_count - 1 >= 0 ]", 0-0) = v_count
	S("eval_gdev_prn_render_pages_2(v_count, v_i.0, v_i1.0) -> Com_1(eval_gdev_prn_render_pages_3(v_count, v_i.0, v_i1.0)) [ v_count - v_i.0 - 1 >= 0 /\\ v_i.0 >= 0 /\\ v_count + v_i.0 - 1 >= 0 /\\ v_count - 1 >= 0 ]", 0-1) = v_count
	S("eval_gdev_prn_render_pages_2(v_count, v_i.0, v_i1.0) -> Com_1(eval_gdev_prn_render_pages_3(v_count, v_i.0, v_i1.0)) [ v_count - v_i.0 - 1 >= 0 /\\ v_i.0 >= 0 /\\ v_count + v_i.0 - 1 >= 0 /\\ v_count - 1 >= 0 ]", 0-2) = v_i1.0
	S("eval_gdev_prn_render_pages_3(v_count, v_i.0, v_i1.0) -> Com_2(eval_memcmp_start(v_count, v_i.0, v_i1.0), eval_gdev_prn_render_pages_4(v_count, v_i.0, v_i1.0)) [ v_count - v_i.0 - 1 >= 0 /\\ v_i.0 >= 0 /\\ v_count + v_i.0 - 1 >= 0 /\\ v_count - 1 >= 0 ]", 0-0) = v_count
	S("eval_gdev_prn_render_pages_3(v_count, v_i.0, v_i1.0) -> Com_2(eval_memcmp_start(v_count, v_i.0, v_i1.0), eval_gdev_prn_render_pages_4(v_count, v_i.0, v_i1.0)) [ v_count - v_i.0 - 1 >= 0 /\\ v_i.0 >= 0 /\\ v_count + v_i.0 - 1 >= 0 /\\ v_count - 1 >= 0 ]", 0-1) = v_count
	S("eval_gdev_prn_render_pages_3(v_count, v_i.0, v_i1.0) -> Com_2(eval_memcmp_start(v_count, v_i.0, v_i1.0), eval_gdev_prn_render_pages_4(v_count, v_i.0, v_i1.0)) [ v_count - v_i.0 - 1 >= 0 /\\ v_i.0 >= 0 /\\ v_count + v_i.0 - 1 >= 0 /\\ v_count - 1 >= 0 ]", 0-2) = v_i1.0
	S("eval_gdev_prn_render_pages_3(v_count, v_i.0, v_i1.0) -> Com_2(eval_memcmp_start(v_count, v_i.0, v_i1.0), eval_gdev_prn_render_pages_4(v_count, v_i.0, v_i1.0)) [ v_count - v_i.0 - 1 >= 0 /\\ v_i.0 >= 0 /\\ v_count + v_i.0 - 1 >= 0 /\\ v_count - 1 >= 0 ]", 1-0) = v_count
	S("eval_gdev_prn_render_pages_3(v_count, v_i.0, v_i1.0) -> Com_2(eval_memcmp_start(v_count, v_i.0, v_i1.0), eval_gdev_prn_render_pages_4(v_count, v_i.0, v_i1.0)) [ v_count - v_i.0 - 1 >= 0 /\\ v_i.0 >= 0 /\\ v_count + v_i.0 - 1 >= 0 /\\ v_count - 1 >= 0 ]", 1-1) = v_count
	S("eval_gdev_prn_render_pages_3(v_count, v_i.0, v_i1.0) -> Com_2(eval_memcmp_start(v_count, v_i.0, v_i1.0), eval_gdev_prn_render_pages_4(v_count, v_i.0, v_i1.0)) [ v_count - v_i.0 - 1 >= 0 /\\ v_i.0 >= 0 /\\ v_count + v_i.0 - 1 >= 0 /\\ v_count - 1 >= 0 ]", 1-2) = v_i1.0
	S("eval_gdev_prn_render_pages_4(v_count, v_i.0, v_i1.0) -> Com_1(eval_gdev_prn_render_pages_bb14_in(v_count, v_i.0, v_i1.0)) [ v_count - v_i.0 - 1 >= 0 /\\ v_i.0 >= 0 /\\ v_count + v_i.0 - 1 >= 0 /\\ v_count - 1 >= 0 ]", 0-0) = v_count
	S("eval_gdev_prn_render_pages_4(v_count, v_i.0, v_i1.0) -> Com_1(eval_gdev_prn_render_pages_bb14_in(v_count, v_i.0, v_i1.0)) [ v_count - v_i.0 - 1 >= 0 /\\ v_i.0 >= 0 /\\ v_count + v_i.0 - 1 >= 0 /\\ v_count - 1 >= 0 ]", 0-1) = v_count
	S("eval_gdev_prn_render_pages_4(v_count, v_i.0, v_i1.0) -> Com_1(eval_gdev_prn_render_pages_bb14_in(v_count, v_i.0, v_i1.0)) [ v_count - v_i.0 - 1 >= 0 /\\ v_i.0 >= 0 /\\ v_count + v_i.0 - 1 >= 0 /\\ v_count - 1 >= 0 ]", 0-2) = v_i1.0
	S("eval_gdev_prn_render_pages_4(v_count, v_i.0, v_i1.0) -> Com_1(eval_gdev_prn_render_pages_14(v_count, v_i.0, v_i1.0)) [ v_count - v_i.0 - 1 >= 0 /\\ v_i.0 >= 0 /\\ v_count + v_i.0 - 1 >= 0 /\\ v_count - 1 >= 0 ]", 0-0) = v_count
	S("eval_gdev_prn_render_pages_4(v_count, v_i.0, v_i1.0) -> Com_1(eval_gdev_prn_render_pages_14(v_count, v_i.0, v_i1.0)) [ v_count - v_i.0 - 1 >= 0 /\\ v_i.0 >= 0 /\\ v_count + v_i.0 - 1 >= 0 /\\ v_count - 1 >= 0 ]", 0-1) = v_count
	S("eval_gdev_prn_render_pages_4(v_count, v_i.0, v_i1.0) -> Com_1(eval_gdev_prn_render_pages_14(v_count, v_i.0, v_i1.0)) [ v_count - v_i.0 - 1 >= 0 /\\ v_i.0 >= 0 /\\ v_count + v_i.0 - 1 >= 0 /\\ v_count - 1 >= 0 ]", 0-2) = v_i1.0
	S("eval_gdev_prn_render_pages_4(v_count, v_i.0, v_i1.0) -> Com_1(eval_gdev_prn_render_pages_bb10_in(v_count, v_i.0, v_i1.0)) [ v_count - v_i.0 - 1 >= 0 /\\ v_i.0 >= 0 /\\ v_count + v_i.0 - 1 >= 0 /\\ v_count - 1 >= 0 ]", 0-0) = v_count
	S("eval_gdev_prn_render_pages_4(v_count, v_i.0, v_i1.0) -> Com_1(eval_gdev_prn_render_pages_bb10_in(v_count, v_i.0, v_i1.0)) [ v_count - v_i.0 - 1 >= 0 /\\ v_i.0 >= 0 /\\ v_count + v_i.0 - 1 >= 0 /\\ v_count - 1 >= 0 ]", 0-1) = v_count
	S("eval_gdev_prn_render_pages_4(v_count, v_i.0, v_i1.0) -> Com_1(eval_gdev_prn_render_pages_bb10_in(v_count, v_i.0, v_i1.0)) [ v_count - v_i.0 - 1 >= 0 /\\ v_i.0 >= 0 /\\ v_count + v_i.0 - 1 >= 0 /\\ v_count - 1 >= 0 ]", 0-2) = v_i1.0
	S("eval_gdev_prn_render_pages_14(v_count, v_i.0, v_i1.0) -> Com_2(eval_llvm.memcpy.p0i8.p0i8.i64_start(v_count, v_i.0, v_i1.0), eval_gdev_prn_render_pages_15(v_count, v_i.0, v_i1.0)) [ v_count - v_i.0 - 1 >= 0 /\\ v_i.0 >= 0 /\\ v_count + v_i.0 - 1 >= 0 /\\ v_count - 1 >= 0 ]", 0-0) = v_count
	S("eval_gdev_prn_render_pages_14(v_count, v_i.0, v_i1.0) -> Com_2(eval_llvm.memcpy.p0i8.p0i8.i64_start(v_count, v_i.0, v_i1.0), eval_gdev_prn_render_pages_15(v_count, v_i.0, v_i1.0)) [ v_count - v_i.0 - 1 >= 0 /\\ v_i.0 >= 0 /\\ v_count + v_i.0 - 1 >= 0 /\\ v_count - 1 >= 0 ]", 0-1) = v_count
	S("eval_gdev_prn_render_pages_14(v_count, v_i.0, v_i1.0) -> Com_2(eval_llvm.memcpy.p0i8.p0i8.i64_start(v_count, v_i.0, v_i1.0), eval_gdev_prn_render_pages_15(v_count, v_i.0, v_i1.0)) [ v_count - v_i.0 - 1 >= 0 /\\ v_i.0 >= 0 /\\ v_count + v_i.0 - 1 >= 0 /\\ v_count - 1 >= 0 ]", 0-2) = v_i1.0
	S("eval_gdev_prn_render_pages_14(v_count, v_i.0, v_i1.0) -> Com_2(eval_llvm.memcpy.p0i8.p0i8.i64_start(v_count, v_i.0, v_i1.0), eval_gdev_prn_render_pages_15(v_count, v_i.0, v_i1.0)) [ v_count - v_i.0 - 1 >= 0 /\\ v_i.0 >= 0 /\\ v_count + v_i.0 - 1 >= 0 /\\ v_count - 1 >= 0 ]", 1-0) = v_count
	S("eval_gdev_prn_render_pages_14(v_count, v_i.0, v_i1.0) -> Com_2(eval_llvm.memcpy.p0i8.p0i8.i64_start(v_count, v_i.0, v_i1.0), eval_gdev_prn_render_pages_15(v_count, v_i.0, v_i1.0)) [ v_count - v_i.0 - 1 >= 0 /\\ v_i.0 >= 0 /\\ v_count + v_i.0 - 1 >= 0 /\\ v_count - 1 >= 0 ]", 1-1) = v_count
	S("eval_gdev_prn_render_pages_14(v_count, v_i.0, v_i1.0) -> Com_2(eval_llvm.memcpy.p0i8.p0i8.i64_start(v_count, v_i.0, v_i1.0), eval_gdev_prn_render_pages_15(v_count, v_i.0, v_i1.0)) [ v_count - v_i.0 - 1 >= 0 /\\ v_i.0 >= 0 /\\ v_count + v_i.0 - 1 >= 0 /\\ v_count - 1 >= 0 ]", 1-2) = v_i1.0
	S("eval_gdev_prn_render_pages_15(v_count, v_i.0, v_i1.0) -> Com_1(eval_gdev_prn_render_pages_bb10_in(v_count, v_i.0, v_i1.0)) [ v_count - v_i.0 - 1 >= 0 /\\ v_i.0 >= 0 /\\ v_count + v_i.0 - 1 >= 0 /\\ v_count - 1 >= 0 ]", 0-0) = v_count
	S("eval_gdev_prn_render_pages_15(v_count, v_i.0, v_i1.0) -> Com_1(eval_gdev_prn_render_pages_bb10_in(v_count, v_i.0, v_i1.0)) [ v_count - v_i.0 - 1 >= 0 /\\ v_i.0 >= 0 /\\ v_count + v_i.0 - 1 >= 0 /\\ v_count - 1 >= 0 ]", 0-1) = v_count
	S("eval_gdev_prn_render_pages_15(v_count, v_i.0, v_i1.0) -> Com_1(eval_gdev_prn_render_pages_bb10_in(v_count, v_i.0, v_i1.0)) [ v_count - v_i.0 - 1 >= 0 /\\ v_i.0 >= 0 /\\ v_count + v_i.0 - 1 >= 0 /\\ v_count - 1 >= 0 ]", 0-2) = v_i1.0
	S("eval_gdev_prn_render_pages_bb10_in(v_count, v_i.0, v_i1.0) -> Com_1(eval_gdev_prn_render_pages_bb1_in(v_count, v_i.0 + 1, v_i1.0)) [ v_count - v_i.0 - 1 >= 0 /\\ v_i.0 >= 0 /\\ v_count + v_i.0 - 1 >= 0 /\\ v_count - 1 >= 0 ]", 0-0) = v_count
	S("eval_gdev_prn_render_pages_bb10_in(v_count, v_i.0, v_i1.0) -> Com_1(eval_gdev_prn_render_pages_bb1_in(v_count, v_i.0 + 1, v_i1.0)) [ v_count - v_i.0 - 1 >= 0 /\\ v_i.0 >= 0 /\\ v_count + v_i.0 - 1 >= 0 /\\ v_count - 1 >= 0 ]", 0-1) = v_count
	S("eval_gdev_prn_render_pages_bb10_in(v_count, v_i.0, v_i1.0) -> Com_1(eval_gdev_prn_render_pages_bb1_in(v_count, v_i.0 + 1, v_i1.0)) [ v_count - v_i.0 - 1 >= 0 /\\ v_i.0 >= 0 /\\ v_count + v_i.0 - 1 >= 0 /\\ v_count - 1 >= 0 ]", 0-2) = v_i1.0
	S("eval_gdev_prn_render_pages_26(v_count, v_i.0, v_i1.0) -> Com_1(eval_gdev_prn_render_pages_27(v_count, v_i.0, v_i1.0)) [ v_i.0 >= 0 /\\ -v_count + v_i.0 >= 0 ]", 0-0) = v_count
	S("eval_gdev_prn_render_pages_26(v_count, v_i.0, v_i1.0) -> Com_1(eval_gdev_prn_render_pages_27(v_count, v_i.0, v_i1.0)) [ v_i.0 >= 0 /\\ -v_count + v_i.0 >= 0 ]", 0-1) = v_count
	S("eval_gdev_prn_render_pages_26(v_count, v_i.0, v_i1.0) -> Com_1(eval_gdev_prn_render_pages_27(v_count, v_i.0, v_i1.0)) [ v_i.0 >= 0 /\\ -v_count + v_i.0 >= 0 ]", 0-2) = v_i1.0
	S("eval_gdev_prn_render_pages_27(v_count, v_i.0, v_i1.0) -> Com_1(eval_gdev_prn_render_pages_bb12_in(v_count, v_i.0, 0)) [ v_i.0 >= 0 /\\ -v_count + v_i.0 >= 0 ]", 0-0) = v_count
	S("eval_gdev_prn_render_pages_27(v_count, v_i.0, v_i1.0) -> Com_1(eval_gdev_prn_render_pages_bb12_in(v_count, v_i.0, 0)) [ v_i.0 >= 0 /\\ -v_count + v_i.0 >= 0 ]", 0-1) = v_count
	S("eval_gdev_prn_render_pages_27(v_count, v_i.0, v_i1.0) -> Com_1(eval_gdev_prn_render_pages_bb12_in(v_count, v_i.0, 0)) [ v_i.0 >= 0 /\\ -v_count + v_i.0 >= 0 ]", 0-2) = 0
	S("eval_gdev_prn_render_pages_bb12_in(v_count, v_i.0, v_i1.0) -> Com_1(eval_gdev_prn_render_pages_29(v_count, v_i.0, v_i1.0)) [ v_i.0 - v_i1.0 >= 0 /\\ v_i1.0 >= 0 /\\ v_i.0 + v_i1.0 >= 0 /\\ v_i.0 >= 0 /\\ -v_count + v_i.0 >= 0 /\\ v_i1.0 < v_count ]", 0-0) = v_count
	S("eval_gdev_prn_render_pages_bb12_in(v_count, v_i.0, v_i1.0) -> Com_1(eval_gdev_prn_render_pages_29(v_count, v_i.0, v_i1.0)) [ v_i.0 - v_i1.0 >= 0 /\\ v_i1.0 >= 0 /\\ v_i.0 + v_i1.0 >= 0 /\\ v_i.0 >= 0 /\\ -v_count + v_i.0 >= 0 /\\ v_i1.0 < v_count ]", 0-1) = v_count
	S("eval_gdev_prn_render_pages_bb12_in(v_count, v_i.0, v_i1.0) -> Com_1(eval_gdev_prn_render_pages_29(v_count, v_i.0, v_i1.0)) [ v_i.0 - v_i1.0 >= 0 /\\ v_i1.0 >= 0 /\\ v_i.0 + v_i1.0 >= 0 /\\ v_i.0 >= 0 /\\ -v_count + v_i.0 >= 0 /\\ v_i1.0 < v_count ]", 0-2) = v_count
	S("eval_gdev_prn_render_pages_bb12_in(v_count, v_i.0, v_i1.0) -> Com_1(eval_gdev_prn_render_pages_bb14_in(v_count, v_i.0, v_i1.0)) [ v_i.0 - v_i1.0 >= 0 /\\ v_i1.0 >= 0 /\\ v_i.0 + v_i1.0 >= 0 /\\ v_i.0 >= 0 /\\ -v_count + v_i.0 >= 0 /\\ v_i1.0 >= v_count ]", 0-0) = v_count
	S("eval_gdev_prn_render_pages_bb12_in(v_count, v_i.0, v_i1.0) -> Com_1(eval_gdev_prn_render_pages_bb14_in(v_count, v_i.0, v_i1.0)) [ v_i.0 - v_i1.0 >= 0 /\\ v_i1.0 >= 0 /\\ v_i.0 + v_i1.0 >= 0 /\\ v_i.0 >= 0 /\\ -v_count + v_i.0 >= 0 /\\ v_i1.0 >= v_count ]", 0-1) = v_count
	S("eval_gdev_prn_render_pages_bb12_in(v_count, v_i.0, v_i1.0) -> Com_1(eval_gdev_prn_render_pages_bb14_in(v_count, v_i.0, v_i1.0)) [ v_i.0 - v_i1.0 >= 0 /\\ v_i1.0 >= 0 /\\ v_i.0 + v_i1.0 >= 0 /\\ v_i.0 >= 0 /\\ -v_count + v_i.0 >= 0 /\\ v_i1.0 >= v_count ]", 0-2) = v_count
	S("eval_gdev_prn_render_pages_29(v_count, v_i.0, v_i1.0) -> Com_2(eval_clist_unlink_start(v_count, v_i.0, v_i1.0), eval_gdev_prn_render_pages_30(v_count, v_i.0, v_i1.0)) [ v_i.0 - v_i1.0 - 1 >= 0 /\\ v_count - v_i1.0 - 1 >= 0 /\\ v_i1.0 >= 0 /\\ v_i.0 + v_i1.0 - 1 >= 0 /\\ v_count + v_i1.0 - 1 >= 0 /\\ v_i.0 - 1 >= 0 /\\ v_count + v_i.0 - 2 >= 0 /\\ -v_count + v_i.0 >= 0 /\\ v_count - 1 >= 0 ]", 0-0) = v_count
	S("eval_gdev_prn_render_pages_29(v_count, v_i.0, v_i1.0) -> Com_2(eval_clist_unlink_start(v_count, v_i.0, v_i1.0), eval_gdev_prn_render_pages_30(v_count, v_i.0, v_i1.0)) [ v_i.0 - v_i1.0 - 1 >= 0 /\\ v_count - v_i1.0 - 1 >= 0 /\\ v_i1.0 >= 0 /\\ v_i.0 + v_i1.0 - 1 >= 0 /\\ v_count + v_i1.0 - 1 >= 0 /\\ v_i.0 - 1 >= 0 /\\ v_count + v_i.0 - 2 >= 0 /\\ -v_count + v_i.0 >= 0 /\\ v_count - 1 >= 0 ]", 0-1) = v_count
	S("eval_gdev_prn_render_pages_29(v_count, v_i.0, v_i1.0) -> Com_2(eval_clist_unlink_start(v_count, v_i.0, v_i1.0), eval_gdev_prn_render_pages_30(v_count, v_i.0, v_i1.0)) [ v_i.0 - v_i1.0 - 1 >= 0 /\\ v_count - v_i1.0 - 1 >= 0 /\\ v_i1.0 >= 0 /\\ v_i.0 + v_i1.0 - 1 >= 0 /\\ v_count + v_i1.0 - 1 >= 0 /\\ v_i.0 - 1 >= 0 /\\ v_count + v_i.0 - 2 >= 0 /\\ -v_count + v_i.0 >= 0 /\\ v_count - 1 >= 0 ]", 0-2) = v_count
	S("eval_gdev_prn_render_pages_29(v_count, v_i.0, v_i1.0) -> Com_2(eval_clist_unlink_start(v_count, v_i.0, v_i1.0), eval_gdev_prn_render_pages_30(v_count, v_i.0, v_i1.0)) [ v_i.0 - v_i1.0 - 1 >= 0 /\\ v_count - v_i1.0 - 1 >= 0 /\\ v_i1.0 >= 0 /\\ v_i.0 + v_i1.0 - 1 >= 0 /\\ v_count + v_i1.0 - 1 >= 0 /\\ v_i.0 - 1 >= 0 /\\ v_count + v_i.0 - 2 >= 0 /\\ -v_count + v_i.0 >= 0 /\\ v_count - 1 >= 0 ]", 1-0) = v_count
	S("eval_gdev_prn_render_pages_29(v_count, v_i.0, v_i1.0) -> Com_2(eval_clist_unlink_start(v_count, v_i.0, v_i1.0), eval_gdev_prn_render_pages_30(v_count, v_i.0, v_i1.0)) [ v_i.0 - v_i1.0 - 1 >= 0 /\\ v_count - v_i1.0 - 1 >= 0 /\\ v_i1.0 >= 0 /\\ v_i.0 + v_i1.0 - 1 >= 0 /\\ v_count + v_i1.0 - 1 >= 0 /\\ v_i.0 - 1 >= 0 /\\ v_count + v_i.0 - 2 >= 0 /\\ -v_count + v_i.0 >= 0 /\\ v_count - 1 >= 0 ]", 1-1) = v_count
	S("eval_gdev_prn_render_pages_29(v_count, v_i.0, v_i1.0) -> Com_2(eval_clist_unlink_start(v_count, v_i.0, v_i1.0), eval_gdev_prn_render_pages_30(v_count, v_i.0, v_i1.0)) [ v_i.0 - v_i1.0 - 1 >= 0 /\\ v_count - v_i1.0 - 1 >= 0 /\\ v_i1.0 >= 0 /\\ v_i.0 + v_i1.0 - 1 >= 0 /\\ v_count + v_i1.0 - 1 >= 0 /\\ v_i.0 - 1 >= 0 /\\ v_count + v_i.0 - 2 >= 0 /\\ -v_count + v_i.0 >= 0 /\\ v_count - 1 >= 0 ]", 1-2) = v_count
	S("eval_gdev_prn_render_pages_30(v_count, v_i.0, v_i1.0) -> Com_2(eval_clist_unlink_start(v_count, v_i.0, v_i1.0), eval_gdev_prn_render_pages_31(v_count, v_i.0, v_i1.0)) [ v_i.0 - v_i1.0 - 1 >= 0 /\\ v_count - v_i1.0 - 1 >= 0 /\\ v_i1.0 >= 0 /\\ v_i.0 + v_i1.0 - 1 >= 0 /\\ v_count + v_i1.0 - 1 >= 0 /\\ v_i.0 - 1 >= 0 /\\ v_count + v_i.0 - 2 >= 0 /\\ -v_count + v_i.0 >= 0 /\\ v_count - 1 >= 0 ]", 0-0) = v_count
	S("eval_gdev_prn_render_pages_30(v_count, v_i.0, v_i1.0) -> Com_2(eval_clist_unlink_start(v_count, v_i.0, v_i1.0), eval_gdev_prn_render_pages_31(v_count, v_i.0, v_i1.0)) [ v_i.0 - v_i1.0 - 1 >= 0 /\\ v_count - v_i1.0 - 1 >= 0 /\\ v_i1.0 >= 0 /\\ v_i.0 + v_i1.0 - 1 >= 0 /\\ v_count + v_i1.0 - 1 >= 0 /\\ v_i.0 - 1 >= 0 /\\ v_count + v_i.0 - 2 >= 0 /\\ -v_count + v_i.0 >= 0 /\\ v_count - 1 >= 0 ]", 0-1) = v_count
	S("eval_gdev_prn_render_pages_30(v_count, v_i.0, v_i1.0) -> Com_2(eval_clist_unlink_start(v_count, v_i.0, v_i1.0), eval_gdev_prn_render_pages_31(v_count, v_i.0, v_i1.0)) [ v_i.0 - v_i1.0 - 1 >= 0 /\\ v_count - v_i1.0 - 1 >= 0 /\\ v_i1.0 >= 0 /\\ v_i.0 + v_i1.0 - 1 >= 0 /\\ v_count + v_i1.0 - 1 >= 0 /\\ v_i.0 - 1 >= 0 /\\ v_count + v_i.0 - 2 >= 0 /\\ -v_count + v_i.0 >= 0 /\\ v_count - 1 >= 0 ]", 0-2) = v_count
	S("eval_gdev_prn_render_pages_30(v_count, v_i.0, v_i1.0) -> Com_2(eval_clist_unlink_start(v_count, v_i.0, v_i1.0), eval_gdev_prn_render_pages_31(v_count, v_i.0, v_i1.0)) [ v_i.0 - v_i1.0 - 1 >= 0 /\\ v_count - v_i1.0 - 1 >= 0 /\\ v_i1.0 >= 0 /\\ v_i.0 + v_i1.0 - 1 >= 0 /\\ v_count + v_i1.0 - 1 >= 0 /\\ v_i.0 - 1 >= 0 /\\ v_count + v_i.0 - 2 >= 0 /\\ -v_count + v_i.0 >= 0 /\\ v_count - 1 >= 0 ]", 1-0) = v_count
	S("eval_gdev_prn_render_pages_30(v_count, v_i.0, v_i1.0) -> Com_2(eval_clist_unlink_start(v_count, v_i.0, v_i1.0), eval_gdev_prn_render_pages_31(v_count, v_i.0, v_i1.0)) [ v_i.0 - v_i1.0 - 1 >= 0 /\\ v_count - v_i1.0 - 1 >= 0 /\\ v_i1.0 >= 0 /\\ v_i.0 + v_i1.0 - 1 >= 0 /\\ v_count + v_i1.0 - 1 >= 0 /\\ v_i.0 - 1 >= 0 /\\ v_count + v_i.0 - 2 >= 0 /\\ -v_count + v_i.0 >= 0 /\\ v_count - 1 >= 0 ]", 1-1) = v_count
	S("eval_gdev_prn_render_pages_30(v_count, v_i.0, v_i1.0) -> Com_2(eval_clist_unlink_start(v_count, v_i.0, v_i1.0), eval_gdev_prn_render_pages_31(v_count, v_i.0, v_i1.0)) [ v_i.0 - v_i1.0 - 1 >= 0 /\\ v_count - v_i1.0 - 1 >= 0 /\\ v_i1.0 >= 0 /\\ v_i.0 + v_i1.0 - 1 >= 0 /\\ v_count + v_i1.0 - 1 >= 0 /\\ v_i.0 - 1 >= 0 /\\ v_count + v_i.0 - 2 >= 0 /\\ -v_count + v_i.0 >= 0 /\\ v_count - 1 >= 0 ]", 1-2) = v_count
	S("eval_gdev_prn_render_pages_31(v_count, v_i.0, v_i1.0) -> Com_1(eval_gdev_prn_render_pages_bb12_in(v_count, v_i.0, v_i1.0 + 1)) [ v_i.0 - v_i1.0 - 1 >= 0 /\\ v_count - v_i1.0 - 1 >= 0 /\\ v_i1.0 >= 0 /\\ v_i.0 + v_i1.0 - 1 >= 0 /\\ v_count + v_i1.0 - 1 >= 0 /\\ v_i.0 - 1 >= 0 /\\ v_count + v_i.0 - 2 >= 0 /\\ -v_count + v_i.0 >= 0 /\\ v_count - 1 >= 0 ]", 0-0) = v_count
	S("eval_gdev_prn_render_pages_31(v_count, v_i.0, v_i1.0) -> Com_1(eval_gdev_prn_render_pages_bb12_in(v_count, v_i.0, v_i1.0 + 1)) [ v_i.0 - v_i1.0 - 1 >= 0 /\\ v_count - v_i1.0 - 1 >= 0 /\\ v_i1.0 >= 0 /\\ v_i.0 + v_i1.0 - 1 >= 0 /\\ v_count + v_i1.0 - 1 >= 0 /\\ v_i.0 - 1 >= 0 /\\ v_count + v_i.0 - 2 >= 0 /\\ -v_count + v_i.0 >= 0 /\\ v_count - 1 >= 0 ]", 0-1) = v_count
	S("eval_gdev_prn_render_pages_31(v_count, v_i.0, v_i1.0) -> Com_1(eval_gdev_prn_render_pages_bb12_in(v_count, v_i.0, v_i1.0 + 1)) [ v_i.0 - v_i1.0 - 1 >= 0 /\\ v_count - v_i1.0 - 1 >= 0 /\\ v_i1.0 >= 0 /\\ v_i.0 + v_i1.0 - 1 >= 0 /\\ v_count + v_i1.0 - 1 >= 0 /\\ v_i.0 - 1 >= 0 /\\ v_count + v_i.0 - 2 >= 0 /\\ -v_count + v_i.0 >= 0 /\\ v_count - 1 >= 0 ]", 0-2) = v_count
	S("eval_gdev_prn_render_pages_bb14_in(v_count, v_i.0, v_i1.0) -> Com_1(eval_gdev_prn_render_pages_stop(v_count, v_i.0, v_i1.0)) [ v_i.0 >= 0 ]", 0-0) = v_count
	S("eval_gdev_prn_render_pages_bb14_in(v_count, v_i.0, v_i1.0) -> Com_1(eval_gdev_prn_render_pages_stop(v_count, v_i.0, v_i1.0)) [ v_i.0 >= 0 ]", 0-1) = v_count
	S("eval_gdev_prn_render_pages_bb14_in(v_count, v_i.0, v_i1.0) -> Com_1(eval_gdev_prn_render_pages_stop(v_count, v_i.0, v_i1.0)) [ v_i.0 >= 0 ]", 0-2) = v_count + v_i1.0
orients the transitions
	eval_gdev_prn_render_pages_bb1_in(v_count, v_i.0, v_i1.0) -> Com_1(eval_gdev_prn_render_pages_1(v_count, v_i.0, v_i1.0)) [ v_i.0 >= 0 /\ v_i.0 < v_count ]
	eval_gdev_prn_render_pages_bb10_in(v_count, v_i.0, v_i1.0) -> Com_1(eval_gdev_prn_render_pages_bb1_in(v_count, v_i.0 + 1, v_i1.0)) [ v_count - v_i.0 - 1 >= 0 /\ v_i.0 >= 0 /\ v_count + v_i.0 - 1 >= 0 /\ v_count - 1 >= 0 ]
	eval_gdev_prn_render_pages_4(v_count, v_i.0, v_i1.0) -> Com_1(eval_gdev_prn_render_pages_bb10_in(v_count, v_i.0, v_i1.0)) [ v_count - v_i.0 - 1 >= 0 /\ v_i.0 >= 0 /\ v_count + v_i.0 - 1 >= 0 /\ v_count - 1 >= 0 ]
	eval_gdev_prn_render_pages_4(v_count, v_i.0, v_i1.0) -> Com_1(eval_gdev_prn_render_pages_14(v_count, v_i.0, v_i1.0)) [ v_count - v_i.0 - 1 >= 0 /\ v_i.0 >= 0 /\ v_count + v_i.0 - 1 >= 0 /\ v_count - 1 >= 0 ]
	eval_gdev_prn_render_pages_3(v_count, v_i.0, v_i1.0) -> Com_2(eval_memcmp_start(v_count, v_i.0, v_i1.0), eval_gdev_prn_render_pages_4(v_count, v_i.0, v_i1.0)) [ v_count - v_i.0 - 1 >= 0 /\ v_i.0 >= 0 /\ v_count + v_i.0 - 1 >= 0 /\ v_count - 1 >= 0 ]
	eval_gdev_prn_render_pages_2(v_count, v_i.0, v_i1.0) -> Com_1(eval_gdev_prn_render_pages_3(v_count, v_i.0, v_i1.0)) [ v_count - v_i.0 - 1 >= 0 /\ v_i.0 >= 0 /\ v_count + v_i.0 - 1 >= 0 /\ v_count - 1 >= 0 ]
	eval_gdev_prn_render_pages_15(v_count, v_i.0, v_i1.0) -> Com_1(eval_gdev_prn_render_pages_bb10_in(v_count, v_i.0, v_i1.0)) [ v_count - v_i.0 - 1 >= 0 /\ v_i.0 >= 0 /\ v_count + v_i.0 - 1 >= 0 /\ v_count - 1 >= 0 ]
	eval_gdev_prn_render_pages_14(v_count, v_i.0, v_i1.0) -> Com_2(eval_llvm.memcpy.p0i8.p0i8.i64_start(v_count, v_i.0, v_i1.0), eval_gdev_prn_render_pages_15(v_count, v_i.0, v_i1.0)) [ v_count - v_i.0 - 1 >= 0 /\ v_i.0 >= 0 /\ v_count + v_i.0 - 1 >= 0 /\ v_count - 1 >= 0 ]
	eval_gdev_prn_render_pages_1(v_count, v_i.0, v_i1.0) -> Com_2(eval_strcmp_start(v_count, v_i.0, v_i1.0), eval_gdev_prn_render_pages_2(v_count, v_i.0, v_i1.0)) [ v_count - v_i.0 - 1 >= 0 /\ v_i.0 >= 0 /\ v_count + v_i.0 - 1 >= 0 /\ v_count - 1 >= 0 ]
weakly and the transitions
	eval_gdev_prn_render_pages_bb1_in(v_count, v_i.0, v_i1.0) -> Com_1(eval_gdev_prn_render_pages_1(v_count, v_i.0, v_i1.0)) [ v_i.0 >= 0 /\ v_i.0 < v_count ]
	eval_gdev_prn_render_pages_bb10_in(v_count, v_i.0, v_i1.0) -> Com_1(eval_gdev_prn_render_pages_bb1_in(v_count, v_i.0 + 1, v_i1.0)) [ v_count - v_i.0 - 1 >= 0 /\ v_i.0 >= 0 /\ v_count + v_i.0 - 1 >= 0 /\ v_count - 1 >= 0 ]
	eval_gdev_prn_render_pages_4(v_count, v_i.0, v_i1.0) -> Com_1(eval_gdev_prn_render_pages_bb10_in(v_count, v_i.0, v_i1.0)) [ v_count - v_i.0 - 1 >= 0 /\ v_i.0 >= 0 /\ v_count + v_i.0 - 1 >= 0 /\ v_count - 1 >= 0 ]
	eval_gdev_prn_render_pages_4(v_count, v_i.0, v_i1.0) -> Com_1(eval_gdev_prn_render_pages_14(v_count, v_i.0, v_i1.0)) [ v_count - v_i.0 - 1 >= 0 /\ v_i.0 >= 0 /\ v_count + v_i.0 - 1 >= 0 /\ v_count - 1 >= 0 ]
	eval_gdev_prn_render_pages_3(v_count, v_i.0, v_i1.0) -> Com_2(eval_memcmp_start(v_count, v_i.0, v_i1.0), eval_gdev_prn_render_pages_4(v_count, v_i.0, v_i1.0)) [ v_count - v_i.0 - 1 >= 0 /\ v_i.0 >= 0 /\ v_count + v_i.0 - 1 >= 0 /\ v_count - 1 >= 0 ]
	eval_gdev_prn_render_pages_2(v_count, v_i.0, v_i1.0) -> Com_1(eval_gdev_prn_render_pages_3(v_count, v_i.0, v_i1.0)) [ v_count - v_i.0 - 1 >= 0 /\ v_i.0 >= 0 /\ v_count + v_i.0 - 1 >= 0 /\ v_count - 1 >= 0 ]
	eval_gdev_prn_render_pages_15(v_count, v_i.0, v_i1.0) -> Com_1(eval_gdev_prn_render_pages_bb10_in(v_count, v_i.0, v_i1.0)) [ v_count - v_i.0 - 1 >= 0 /\ v_i.0 >= 0 /\ v_count + v_i.0 - 1 >= 0 /\ v_count - 1 >= 0 ]
	eval_gdev_prn_render_pages_14(v_count, v_i.0, v_i1.0) -> Com_2(eval_llvm.memcpy.p0i8.p0i8.i64_start(v_count, v_i.0, v_i1.0), eval_gdev_prn_render_pages_15(v_count, v_i.0, v_i1.0)) [ v_count - v_i.0 - 1 >= 0 /\ v_i.0 >= 0 /\ v_count + v_i.0 - 1 >= 0 /\ v_count - 1 >= 0 ]
	eval_gdev_prn_render_pages_1(v_count, v_i.0, v_i1.0) -> Com_2(eval_strcmp_start(v_count, v_i.0, v_i1.0), eval_gdev_prn_render_pages_2(v_count, v_i.0, v_i1.0)) [ v_count - v_i.0 - 1 >= 0 /\ v_i.0 >= 0 /\ v_count + v_i.0 - 1 >= 0 /\ v_count - 1 >= 0 ]
strictly and produces the following problem:
6:	T:
		(5, 1)                eval_gdev_prn_render_pages_bb14_in(v_count, v_i.0, v_i1.0) -> Com_1(eval_gdev_prn_render_pages_stop(v_count, v_i.0, v_i1.0)) [ v_i.0 >= 0 ]
		(4*v_count, 1)        eval_gdev_prn_render_pages_31(v_count, v_i.0, v_i1.0) -> Com_1(eval_gdev_prn_render_pages_bb12_in(v_count, v_i.0, v_i1.0 + 1)) [ v_i.0 - v_i1.0 - 1 >= 0 /\ v_count - v_i1.0 - 1 >= 0 /\ v_i1.0 >= 0 /\ v_i.0 + v_i1.0 - 1 >= 0 /\ v_count + v_i1.0 - 1 >= 0 /\ v_i.0 - 1 >= 0 /\ v_count + v_i.0 - 2 >= 0 /\ -v_count + v_i.0 >= 0 /\ v_count - 1 >= 0 ]
		(4*v_count, 1)        eval_gdev_prn_render_pages_30(v_count, v_i.0, v_i1.0) -> Com_2(eval_clist_unlink_start(v_count, v_i.0, v_i1.0), eval_gdev_prn_render_pages_31(v_count, v_i.0, v_i1.0)) [ v_i.0 - v_i1.0 - 1 >= 0 /\ v_count - v_i1.0 - 1 >= 0 /\ v_i1.0 >= 0 /\ v_i.0 + v_i1.0 - 1 >= 0 /\ v_count + v_i1.0 - 1 >= 0 /\ v_i.0 - 1 >= 0 /\ v_count + v_i.0 - 2 >= 0 /\ -v_count + v_i.0 >= 0 /\ v_count - 1 >= 0 ]
		(4*v_count, 1)        eval_gdev_prn_render_pages_29(v_count, v_i.0, v_i1.0) -> Com_2(eval_clist_unlink_start(v_count, v_i.0, v_i1.0), eval_gdev_prn_render_pages_30(v_count, v_i.0, v_i1.0)) [ v_i.0 - v_i1.0 - 1 >= 0 /\ v_count - v_i1.0 - 1 >= 0 /\ v_i1.0 >= 0 /\ v_i.0 + v_i1.0 - 1 >= 0 /\ v_count + v_i1.0 - 1 >= 0 /\ v_i.0 - 1 >= 0 /\ v_count + v_i.0 - 2 >= 0 /\ -v_count + v_i.0 >= 0 /\ v_count - 1 >= 0 ]
		(5, 1)                eval_gdev_prn_render_pages_bb12_in(v_count, v_i.0, v_i1.0) -> Com_1(eval_gdev_prn_render_pages_bb14_in(v_count, v_i.0, v_i1.0)) [ v_i.0 - v_i1.0 >= 0 /\ v_i1.0 >= 0 /\ v_i.0 + v_i1.0 >= 0 /\ v_i.0 >= 0 /\ -v_count + v_i.0 >= 0 /\ v_i1.0 >= v_count ]
		(4*v_count, 1)        eval_gdev_prn_render_pages_bb12_in(v_count, v_i.0, v_i1.0) -> Com_1(eval_gdev_prn_render_pages_29(v_count, v_i.0, v_i1.0)) [ v_i.0 - v_i1.0 >= 0 /\ v_i1.0 >= 0 /\ v_i.0 + v_i1.0 >= 0 /\ v_i.0 >= 0 /\ -v_count + v_i.0 >= 0 /\ v_i1.0 < v_count ]
		(5, 1)                eval_gdev_prn_render_pages_27(v_count, v_i.0, v_i1.0) -> Com_1(eval_gdev_prn_render_pages_bb12_in(v_count, v_i.0, 0)) [ v_i.0 >= 0 /\ -v_count + v_i.0 >= 0 ]
		(5, 1)                eval_gdev_prn_render_pages_26(v_count, v_i.0, v_i1.0) -> Com_1(eval_gdev_prn_render_pages_27(v_count, v_i.0, v_i1.0)) [ v_i.0 >= 0 /\ -v_count + v_i.0 >= 0 ]
		(8*v_count + 1, 1)    eval_gdev_prn_render_pages_bb10_in(v_count, v_i.0, v_i1.0) -> Com_1(eval_gdev_prn_render_pages_bb1_in(v_count, v_i.0 + 1, v_i1.0)) [ v_count - v_i.0 - 1 >= 0 /\ v_i.0 >= 0 /\ v_count + v_i.0 - 1 >= 0 /\ v_count - 1 >= 0 ]
		(8*v_count + 1, 1)    eval_gdev_prn_render_pages_15(v_count, v_i.0, v_i1.0) -> Com_1(eval_gdev_prn_render_pages_bb10_in(v_count, v_i.0, v_i1.0)) [ v_count - v_i.0 - 1 >= 0 /\ v_i.0 >= 0 /\ v_count + v_i.0 - 1 >= 0 /\ v_count - 1 >= 0 ]
		(8*v_count + 1, 1)    eval_gdev_prn_render_pages_14(v_count, v_i.0, v_i1.0) -> Com_2(eval_llvm.memcpy.p0i8.p0i8.i64_start(v_count, v_i.0, v_i1.0), eval_gdev_prn_render_pages_15(v_count, v_i.0, v_i1.0)) [ v_count - v_i.0 - 1 >= 0 /\ v_i.0 >= 0 /\ v_count + v_i.0 - 1 >= 0 /\ v_count - 1 >= 0 ]
		(8*v_count + 1, 1)    eval_gdev_prn_render_pages_4(v_count, v_i.0, v_i1.0) -> Com_1(eval_gdev_prn_render_pages_bb10_in(v_count, v_i.0, v_i1.0)) [ v_count - v_i.0 - 1 >= 0 /\ v_i.0 >= 0 /\ v_count + v_i.0 - 1 >= 0 /\ v_count - 1 >= 0 ]
		(8*v_count + 1, 1)    eval_gdev_prn_render_pages_4(v_count, v_i.0, v_i1.0) -> Com_1(eval_gdev_prn_render_pages_14(v_count, v_i.0, v_i1.0)) [ v_count - v_i.0 - 1 >= 0 /\ v_i.0 >= 0 /\ v_count + v_i.0 - 1 >= 0 /\ v_count - 1 >= 0 ]
		(5, 1)                eval_gdev_prn_render_pages_4(v_count, v_i.0, v_i1.0) -> Com_1(eval_gdev_prn_render_pages_bb14_in(v_count, v_i.0, v_i1.0)) [ v_count - v_i.0 - 1 >= 0 /\ v_i.0 >= 0 /\ v_count + v_i.0 - 1 >= 0 /\ v_count - 1 >= 0 ]
		(8*v_count + 1, 1)    eval_gdev_prn_render_pages_3(v_count, v_i.0, v_i1.0) -> Com_2(eval_memcmp_start(v_count, v_i.0, v_i1.0), eval_gdev_prn_render_pages_4(v_count, v_i.0, v_i1.0)) [ v_count - v_i.0 - 1 >= 0 /\ v_i.0 >= 0 /\ v_count + v_i.0 - 1 >= 0 /\ v_count - 1 >= 0 ]
		(8*v_count + 1, 1)    eval_gdev_prn_render_pages_2(v_count, v_i.0, v_i1.0) -> Com_1(eval_gdev_prn_render_pages_3(v_count, v_i.0, v_i1.0)) [ v_count - v_i.0 - 1 >= 0 /\ v_i.0 >= 0 /\ v_count + v_i.0 - 1 >= 0 /\ v_count - 1 >= 0 ]
		(5, 1)                eval_gdev_prn_render_pages_2(v_count, v_i.0, v_i1.0) -> Com_1(eval_gdev_prn_render_pages_bb14_in(v_count, v_i.0, v_i1.0)) [ v_count - v_i.0 - 1 >= 0 /\ v_i.0 >= 0 /\ v_count + v_i.0 - 1 >= 0 /\ v_count - 1 >= 0 ]
		(8*v_count + 1, 1)    eval_gdev_prn_render_pages_1(v_count, v_i.0, v_i1.0) -> Com_2(eval_strcmp_start(v_count, v_i.0, v_i1.0), eval_gdev_prn_render_pages_2(v_count, v_i.0, v_i1.0)) [ v_count - v_i.0 - 1 >= 0 /\ v_i.0 >= 0 /\ v_count + v_i.0 - 1 >= 0 /\ v_count - 1 >= 0 ]
		(5, 1)                eval_gdev_prn_render_pages_bb1_in(v_count, v_i.0, v_i1.0) -> Com_1(eval_gdev_prn_render_pages_26(v_count, v_i.0, v_i1.0)) [ v_i.0 >= 0 /\ v_i.0 >= v_count ]
		(8*v_count + 1, 1)    eval_gdev_prn_render_pages_bb1_in(v_count, v_i.0, v_i1.0) -> Com_1(eval_gdev_prn_render_pages_1(v_count, v_i.0, v_i1.0)) [ v_i.0 >= 0 /\ v_i.0 < v_count ]
		(1, 1)                eval_gdev_prn_render_pages_bb0_in(v_count, v_i.0, v_i1.0) -> Com_1(eval_gdev_prn_render_pages_bb1_in(v_count, 0, v_i1.0))
		(1, 1)                eval_gdev_prn_render_pages_start(v_count, v_i.0, v_i1.0) -> Com_1(eval_gdev_prn_render_pages_bb0_in(v_count, v_i.0, v_i1.0))
	start location:	eval_gdev_prn_render_pages_start
	leaf cost:	0

Complexity upper bound 88*v_count + 46

Time: 0.313 sec (SMT: 0.241 sec)
