MAYBE

Initial complexity problem:
1:	T:
		(1, 1)    eval_pgm_print_row_start(v_10, v_34, v_44, v_depth, v_pixel.0, v_x.0) -> Com_1(eval_pgm_print_row_bb0_in(v_10, v_34, v_44, v_depth, v_pixel.0, v_x.0))
		(?, 1)    eval_pgm_print_row_bb0_in(v_10, v_34, v_44, v_depth, v_pixel.0, v_x.0) -> Com_1(eval_pgm_print_row_7(nondef.2, v_34, v_44, v_depth, v_pixel.0, v_x.0))
		(?, 1)    eval_pgm_print_row_bb0_in(v_10, v_34, v_44, v_depth, v_pixel.0, v_x.0) -> Com_1(eval_pgm_print_row_bb3_in(v_10, v_34, v_44, v_depth, v_pixel.0, 0))
		(?, 1)    eval_pgm_print_row_7(v_10, v_34, v_44, v_depth, v_pixel.0, v_x.0) -> Com_2(eval_fwrite_start(v_10, v_34, v_44, v_depth, v_pixel.0, v_x.0), eval_pgm_print_row_8(v_10, v_34, v_44, v_depth, v_pixel.0, v_x.0))
		(?, 1)    eval_pgm_print_row_8(v_10, v_34, v_44, v_depth, v_pixel.0, v_x.0) -> Com_1(eval_pgm_print_row_bb13_in(v_10, v_34, v_44, v_depth, v_pixel.0, v_x.0))
		(?, 1)    eval_pgm_print_row_bb3_in(v_10, v_34, v_44, v_depth, v_pixel.0, v_x.0) -> Com_1(eval_pgm_print_row_bb8_in(v_10, v_34, v_44, v_depth, nondef.6 + nondef.7, v_x.0))
		(?, 1)    eval_pgm_print_row_bb3_in(v_10, v_34, v_44, v_depth, v_pixel.0, v_x.0) -> Com_1(eval_pgm_print_row_bb8_in(v_10, v_34, v_44, v_depth, nondef.9, v_x.0))
		(?, 1)    eval_pgm_print_row_bb3_in(v_10, v_34, v_44, v_depth, v_pixel.0, v_x.0) -> Com_1(eval_pgm_print_row_bb13_in(v_10, v_34, v_44, v_depth, v_pixel.0, v_x.0))
		(?, 1)    eval_pgm_print_row_bb8_in(v_10, v_34, v_44, v_depth, v_pixel.0, v_x.0) -> Com_1(eval_pgm_print_row_30(v_10, v_x.0 + 1, v_44, v_depth, v_pixel.0, v_x.0))
		(?, 1)    eval_pgm_print_row_bb8_in(v_10, v_34, v_44, v_depth, v_pixel.0, v_x.0) -> Com_1(eval_pgm_print_row_bb12_in(v_10, v_x.0 + 1, v_44, v_depth, v_pixel.0, v_x.0))
		(?, 1)    eval_pgm_print_row_30(v_10, v_34, v_44, v_depth, v_pixel.0, v_x.0) -> Com_2(eval__IO_putc_start(v_10, v_34, v_44, v_depth, v_pixel.0, v_x.0), eval_pgm_print_row_31(v_10, v_34, v_44, v_depth, v_pixel.0, v_x.0))
		(?, 1)    eval_pgm_print_row_31(v_10, v_34, v_44, v_depth, v_pixel.0, v_x.0) -> Com_1(eval_pgm_print_row_bb3_in(v_10, v_34, v_44, v_depth, v_pixel.0, v_34))
		(?, 1)    eval_pgm_print_row_bb12_in(v_10, v_34, v_44, v_depth, v_pixel.0, v_x.0) -> Com_1(eval_pgm_print_row_37(v_10, v_34, 10, v_depth, v_pixel.0, v_x.0))
		(?, 1)    eval_pgm_print_row_bb12_in(v_10, v_34, v_44, v_depth, v_pixel.0, v_x.0) -> Com_1(eval_pgm_print_row_37(v_10, v_34, 32, v_depth, v_pixel.0, v_x.0))
		(?, 1)    eval_pgm_print_row_37(v_10, v_34, v_44, v_depth, v_pixel.0, v_x.0) -> Com_2(eval_fprintf_start(v_10, v_34, v_44, v_depth, v_pixel.0, v_x.0), eval_pgm_print_row_38(v_10, v_34, v_44, v_depth, v_pixel.0, v_x.0))
		(?, 1)    eval_pgm_print_row_38(v_10, v_34, v_44, v_depth, v_pixel.0, v_x.0) -> Com_1(eval_pgm_print_row_bb3_in(v_10, v_34, v_44, v_depth, v_pixel.0, v_34))
		(?, 1)    eval_pgm_print_row_bb13_in(v_10, v_34, v_44, v_depth, v_pixel.0, v_x.0) -> Com_1(eval_pgm_print_row_stop(v_10, v_34, v_44, v_depth, v_pixel.0, v_x.0))
	start location:	eval_pgm_print_row_start
	leaf cost:	0

Slicing away variables that do not contribute to conditions from problem 1 leaves variables [].
We thus obtain the following problem:
2:	T:
		(?, 1)    eval_pgm_print_row_bb13_in() -> Com_1(eval_pgm_print_row_stop())
		(?, 1)    eval_pgm_print_row_38() -> Com_1(eval_pgm_print_row_bb3_in())
		(?, 1)    eval_pgm_print_row_37() -> Com_2(eval_fprintf_start(), eval_pgm_print_row_38())
		(?, 1)    eval_pgm_print_row_bb12_in() -> Com_1(eval_pgm_print_row_37())
		(?, 1)    eval_pgm_print_row_bb12_in() -> Com_1(eval_pgm_print_row_37())
		(?, 1)    eval_pgm_print_row_31() -> Com_1(eval_pgm_print_row_bb3_in())
		(?, 1)    eval_pgm_print_row_30() -> Com_2(eval__IO_putc_start(), eval_pgm_print_row_31())
		(?, 1)    eval_pgm_print_row_bb8_in() -> Com_1(eval_pgm_print_row_bb12_in())
		(?, 1)    eval_pgm_print_row_bb8_in() -> Com_1(eval_pgm_print_row_30())
		(?, 1)    eval_pgm_print_row_bb3_in() -> Com_1(eval_pgm_print_row_bb13_in())
		(?, 1)    eval_pgm_print_row_bb3_in() -> Com_1(eval_pgm_print_row_bb8_in())
		(?, 1)    eval_pgm_print_row_bb3_in() -> Com_1(eval_pgm_print_row_bb8_in())
		(?, 1)    eval_pgm_print_row_8() -> Com_1(eval_pgm_print_row_bb13_in())
		(?, 1)    eval_pgm_print_row_7() -> Com_2(eval_fwrite_start(), eval_pgm_print_row_8())
		(?, 1)    eval_pgm_print_row_bb0_in() -> Com_1(eval_pgm_print_row_bb3_in())
		(?, 1)    eval_pgm_print_row_bb0_in() -> Com_1(eval_pgm_print_row_7())
		(1, 1)    eval_pgm_print_row_start() -> Com_1(eval_pgm_print_row_bb0_in())
	start location:	eval_pgm_print_row_start
	leaf cost:	0

Repeatedly propagating knowledge in problem 2 produces the following problem:
3:	T:
		(?, 1)    eval_pgm_print_row_bb13_in() -> Com_1(eval_pgm_print_row_stop())
		(?, 1)    eval_pgm_print_row_38() -> Com_1(eval_pgm_print_row_bb3_in())
		(?, 1)    eval_pgm_print_row_37() -> Com_2(eval_fprintf_start(), eval_pgm_print_row_38())
		(?, 1)    eval_pgm_print_row_bb12_in() -> Com_1(eval_pgm_print_row_37())
		(?, 1)    eval_pgm_print_row_bb12_in() -> Com_1(eval_pgm_print_row_37())
		(?, 1)    eval_pgm_print_row_31() -> Com_1(eval_pgm_print_row_bb3_in())
		(?, 1)    eval_pgm_print_row_30() -> Com_2(eval__IO_putc_start(), eval_pgm_print_row_31())
		(?, 1)    eval_pgm_print_row_bb8_in() -> Com_1(eval_pgm_print_row_bb12_in())
		(?, 1)    eval_pgm_print_row_bb8_in() -> Com_1(eval_pgm_print_row_30())
		(?, 1)    eval_pgm_print_row_bb3_in() -> Com_1(eval_pgm_print_row_bb13_in())
		(?, 1)    eval_pgm_print_row_bb3_in() -> Com_1(eval_pgm_print_row_bb8_in())
		(?, 1)    eval_pgm_print_row_bb3_in() -> Com_1(eval_pgm_print_row_bb8_in())
		(1, 1)    eval_pgm_print_row_8() -> Com_1(eval_pgm_print_row_bb13_in())
		(1, 1)    eval_pgm_print_row_7() -> Com_2(eval_fwrite_start(), eval_pgm_print_row_8())
		(1, 1)    eval_pgm_print_row_bb0_in() -> Com_1(eval_pgm_print_row_bb3_in())
		(1, 1)    eval_pgm_print_row_bb0_in() -> Com_1(eval_pgm_print_row_7())
		(1, 1)    eval_pgm_print_row_start() -> Com_1(eval_pgm_print_row_bb0_in())
	start location:	eval_pgm_print_row_start
	leaf cost:	0

A polynomial rank function with
	Pol(eval_pgm_print_row_bb13_in) = 1
	Pol(eval_pgm_print_row_stop) = 0
	Pol(eval_pgm_print_row_38) = 2
	Pol(eval_pgm_print_row_bb3_in) = 2
	Pol(eval_pgm_print_row_37) = 2
	Pol(eval_fprintf_start) = 0
	Pol(eval_pgm_print_row_bb12_in) = 2
	Pol(eval_pgm_print_row_31) = 2
	Pol(eval_pgm_print_row_30) = 2
	Pol(eval__IO_putc_start) = 0
	Pol(eval_pgm_print_row_bb8_in) = 2
	Pol(eval_pgm_print_row_8) = 1
	Pol(eval_pgm_print_row_7) = 1
	Pol(eval_fwrite_start) = 0
	Pol(eval_pgm_print_row_bb0_in) = 2
	Pol(eval_pgm_print_row_start) = 2
orients all transitions weakly and the transitions
	eval_pgm_print_row_bb3_in() -> Com_1(eval_pgm_print_row_bb13_in())
	eval_pgm_print_row_bb13_in() -> Com_1(eval_pgm_print_row_stop())
strictly and produces the following problem:
4:	T:
		(2, 1)    eval_pgm_print_row_bb13_in() -> Com_1(eval_pgm_print_row_stop())
		(?, 1)    eval_pgm_print_row_38() -> Com_1(eval_pgm_print_row_bb3_in())
		(?, 1)    eval_pgm_print_row_37() -> Com_2(eval_fprintf_start(), eval_pgm_print_row_38())
		(?, 1)    eval_pgm_print_row_bb12_in() -> Com_1(eval_pgm_print_row_37())
		(?, 1)    eval_pgm_print_row_bb12_in() -> Com_1(eval_pgm_print_row_37())
		(?, 1)    eval_pgm_print_row_31() -> Com_1(eval_pgm_print_row_bb3_in())
		(?, 1)    eval_pgm_print_row_30() -> Com_2(eval__IO_putc_start(), eval_pgm_print_row_31())
		(?, 1)    eval_pgm_print_row_bb8_in() -> Com_1(eval_pgm_print_row_bb12_in())
		(?, 1)    eval_pgm_print_row_bb8_in() -> Com_1(eval_pgm_print_row_30())
		(2, 1)    eval_pgm_print_row_bb3_in() -> Com_1(eval_pgm_print_row_bb13_in())
		(?, 1)    eval_pgm_print_row_bb3_in() -> Com_1(eval_pgm_print_row_bb8_in())
		(?, 1)    eval_pgm_print_row_bb3_in() -> Com_1(eval_pgm_print_row_bb8_in())
		(1, 1)    eval_pgm_print_row_8() -> Com_1(eval_pgm_print_row_bb13_in())
		(1, 1)    eval_pgm_print_row_7() -> Com_2(eval_fwrite_start(), eval_pgm_print_row_8())
		(1, 1)    eval_pgm_print_row_bb0_in() -> Com_1(eval_pgm_print_row_bb3_in())
		(1, 1)    eval_pgm_print_row_bb0_in() -> Com_1(eval_pgm_print_row_7())
		(1, 1)    eval_pgm_print_row_start() -> Com_1(eval_pgm_print_row_bb0_in())
	start location:	eval_pgm_print_row_start
	leaf cost:	0

By chaining the transition eval_pgm_print_row_bb12_in() -> Com_1(eval_pgm_print_row_37()) with all transitions in problem 4, the following new transition is obtained:
	eval_pgm_print_row_bb12_in() -> Com_2(eval_fprintf_start(), eval_pgm_print_row_38())
We thus obtain the following problem:
5:	T:
		(?, 2)    eval_pgm_print_row_bb12_in() -> Com_2(eval_fprintf_start(), eval_pgm_print_row_38())
		(2, 1)    eval_pgm_print_row_bb13_in() -> Com_1(eval_pgm_print_row_stop())
		(?, 1)    eval_pgm_print_row_38() -> Com_1(eval_pgm_print_row_bb3_in())
		(?, 1)    eval_pgm_print_row_37() -> Com_2(eval_fprintf_start(), eval_pgm_print_row_38())
		(?, 1)    eval_pgm_print_row_31() -> Com_1(eval_pgm_print_row_bb3_in())
		(?, 1)    eval_pgm_print_row_30() -> Com_2(eval__IO_putc_start(), eval_pgm_print_row_31())
		(?, 1)    eval_pgm_print_row_bb8_in() -> Com_1(eval_pgm_print_row_bb12_in())
		(?, 1)    eval_pgm_print_row_bb8_in() -> Com_1(eval_pgm_print_row_30())
		(2, 1)    eval_pgm_print_row_bb3_in() -> Com_1(eval_pgm_print_row_bb13_in())
		(?, 1)    eval_pgm_print_row_bb3_in() -> Com_1(eval_pgm_print_row_bb8_in())
		(?, 1)    eval_pgm_print_row_bb3_in() -> Com_1(eval_pgm_print_row_bb8_in())
		(1, 1)    eval_pgm_print_row_8() -> Com_1(eval_pgm_print_row_bb13_in())
		(1, 1)    eval_pgm_print_row_7() -> Com_2(eval_fwrite_start(), eval_pgm_print_row_8())
		(1, 1)    eval_pgm_print_row_bb0_in() -> Com_1(eval_pgm_print_row_bb3_in())
		(1, 1)    eval_pgm_print_row_bb0_in() -> Com_1(eval_pgm_print_row_7())
		(1, 1)    eval_pgm_print_row_start() -> Com_1(eval_pgm_print_row_bb0_in())
	start location:	eval_pgm_print_row_start
	leaf cost:	0

Testing for reachability in the complexity graph removes the following transition from problem 5:
	eval_pgm_print_row_37() -> Com_2(eval_fprintf_start(), eval_pgm_print_row_38())
We thus obtain the following problem:
6:	T:
		(?, 1)    eval_pgm_print_row_38() -> Com_1(eval_pgm_print_row_bb3_in())
		(?, 1)    eval_pgm_print_row_31() -> Com_1(eval_pgm_print_row_bb3_in())
		(?, 1)    eval_pgm_print_row_30() -> Com_2(eval__IO_putc_start(), eval_pgm_print_row_31())
		(?, 2)    eval_pgm_print_row_bb12_in() -> Com_2(eval_fprintf_start(), eval_pgm_print_row_38())
		(1, 1)    eval_pgm_print_row_8() -> Com_1(eval_pgm_print_row_bb13_in())
		(?, 1)    eval_pgm_print_row_bb8_in() -> Com_1(eval_pgm_print_row_30())
		(?, 1)    eval_pgm_print_row_bb8_in() -> Com_1(eval_pgm_print_row_bb12_in())
		(2, 1)    eval_pgm_print_row_bb13_in() -> Com_1(eval_pgm_print_row_stop())
		(1, 1)    eval_pgm_print_row_7() -> Com_2(eval_fwrite_start(), eval_pgm_print_row_8())
		(?, 1)    eval_pgm_print_row_bb3_in() -> Com_1(eval_pgm_print_row_bb8_in())
		(?, 1)    eval_pgm_print_row_bb3_in() -> Com_1(eval_pgm_print_row_bb8_in())
		(2, 1)    eval_pgm_print_row_bb3_in() -> Com_1(eval_pgm_print_row_bb13_in())
		(1, 1)    eval_pgm_print_row_bb0_in() -> Com_1(eval_pgm_print_row_7())
		(1, 1)    eval_pgm_print_row_bb0_in() -> Com_1(eval_pgm_print_row_bb3_in())
		(1, 1)    eval_pgm_print_row_start() -> Com_1(eval_pgm_print_row_bb0_in())
	start location:	eval_pgm_print_row_start
	leaf cost:	0

By chaining the transition eval_pgm_print_row_8() -> Com_1(eval_pgm_print_row_bb13_in()) with all transitions in problem 6, the following new transition is obtained:
	eval_pgm_print_row_8() -> Com_1(eval_pgm_print_row_stop())
We thus obtain the following problem:
7:	T:
		(1, 2)    eval_pgm_print_row_8() -> Com_1(eval_pgm_print_row_stop())
		(?, 1)    eval_pgm_print_row_38() -> Com_1(eval_pgm_print_row_bb3_in())
		(?, 1)    eval_pgm_print_row_31() -> Com_1(eval_pgm_print_row_bb3_in())
		(?, 1)    eval_pgm_print_row_30() -> Com_2(eval__IO_putc_start(), eval_pgm_print_row_31())
		(?, 2)    eval_pgm_print_row_bb12_in() -> Com_2(eval_fprintf_start(), eval_pgm_print_row_38())
		(?, 1)    eval_pgm_print_row_bb8_in() -> Com_1(eval_pgm_print_row_30())
		(?, 1)    eval_pgm_print_row_bb8_in() -> Com_1(eval_pgm_print_row_bb12_in())
		(2, 1)    eval_pgm_print_row_bb13_in() -> Com_1(eval_pgm_print_row_stop())
		(1, 1)    eval_pgm_print_row_7() -> Com_2(eval_fwrite_start(), eval_pgm_print_row_8())
		(?, 1)    eval_pgm_print_row_bb3_in() -> Com_1(eval_pgm_print_row_bb8_in())
		(?, 1)    eval_pgm_print_row_bb3_in() -> Com_1(eval_pgm_print_row_bb8_in())
		(2, 1)    eval_pgm_print_row_bb3_in() -> Com_1(eval_pgm_print_row_bb13_in())
		(1, 1)    eval_pgm_print_row_bb0_in() -> Com_1(eval_pgm_print_row_7())
		(1, 1)    eval_pgm_print_row_bb0_in() -> Com_1(eval_pgm_print_row_bb3_in())
		(1, 1)    eval_pgm_print_row_start() -> Com_1(eval_pgm_print_row_bb0_in())
	start location:	eval_pgm_print_row_start
	leaf cost:	0

By chaining the transition eval_pgm_print_row_bb8_in() -> Com_1(eval_pgm_print_row_30()) with all transitions in problem 7, the following new transition is obtained:
	eval_pgm_print_row_bb8_in() -> Com_2(eval__IO_putc_start(), eval_pgm_print_row_31())
We thus obtain the following problem:
8:	T:
		(?, 2)    eval_pgm_print_row_bb8_in() -> Com_2(eval__IO_putc_start(), eval_pgm_print_row_31())
		(1, 2)    eval_pgm_print_row_8() -> Com_1(eval_pgm_print_row_stop())
		(?, 1)    eval_pgm_print_row_38() -> Com_1(eval_pgm_print_row_bb3_in())
		(?, 1)    eval_pgm_print_row_31() -> Com_1(eval_pgm_print_row_bb3_in())
		(?, 1)    eval_pgm_print_row_30() -> Com_2(eval__IO_putc_start(), eval_pgm_print_row_31())
		(?, 2)    eval_pgm_print_row_bb12_in() -> Com_2(eval_fprintf_start(), eval_pgm_print_row_38())
		(?, 1)    eval_pgm_print_row_bb8_in() -> Com_1(eval_pgm_print_row_bb12_in())
		(2, 1)    eval_pgm_print_row_bb13_in() -> Com_1(eval_pgm_print_row_stop())
		(1, 1)    eval_pgm_print_row_7() -> Com_2(eval_fwrite_start(), eval_pgm_print_row_8())
		(?, 1)    eval_pgm_print_row_bb3_in() -> Com_1(eval_pgm_print_row_bb8_in())
		(?, 1)    eval_pgm_print_row_bb3_in() -> Com_1(eval_pgm_print_row_bb8_in())
		(2, 1)    eval_pgm_print_row_bb3_in() -> Com_1(eval_pgm_print_row_bb13_in())
		(1, 1)    eval_pgm_print_row_bb0_in() -> Com_1(eval_pgm_print_row_7())
		(1, 1)    eval_pgm_print_row_bb0_in() -> Com_1(eval_pgm_print_row_bb3_in())
		(1, 1)    eval_pgm_print_row_start() -> Com_1(eval_pgm_print_row_bb0_in())
	start location:	eval_pgm_print_row_start
	leaf cost:	0

Testing for reachability in the complexity graph removes the following transition from problem 8:
	eval_pgm_print_row_30() -> Com_2(eval__IO_putc_start(), eval_pgm_print_row_31())
We thus obtain the following problem:
9:	T:
		(?, 1)    eval_pgm_print_row_38() -> Com_1(eval_pgm_print_row_bb3_in())
		(?, 1)    eval_pgm_print_row_31() -> Com_1(eval_pgm_print_row_bb3_in())
		(?, 2)    eval_pgm_print_row_bb12_in() -> Com_2(eval_fprintf_start(), eval_pgm_print_row_38())
		(1, 2)    eval_pgm_print_row_8() -> Com_1(eval_pgm_print_row_stop())
		(?, 2)    eval_pgm_print_row_bb8_in() -> Com_2(eval__IO_putc_start(), eval_pgm_print_row_31())
		(?, 1)    eval_pgm_print_row_bb8_in() -> Com_1(eval_pgm_print_row_bb12_in())
		(2, 1)    eval_pgm_print_row_bb13_in() -> Com_1(eval_pgm_print_row_stop())
		(1, 1)    eval_pgm_print_row_7() -> Com_2(eval_fwrite_start(), eval_pgm_print_row_8())
		(?, 1)    eval_pgm_print_row_bb3_in() -> Com_1(eval_pgm_print_row_bb8_in())
		(?, 1)    eval_pgm_print_row_bb3_in() -> Com_1(eval_pgm_print_row_bb8_in())
		(2, 1)    eval_pgm_print_row_bb3_in() -> Com_1(eval_pgm_print_row_bb13_in())
		(1, 1)    eval_pgm_print_row_bb0_in() -> Com_1(eval_pgm_print_row_7())
		(1, 1)    eval_pgm_print_row_bb0_in() -> Com_1(eval_pgm_print_row_bb3_in())
		(1, 1)    eval_pgm_print_row_start() -> Com_1(eval_pgm_print_row_bb0_in())
	start location:	eval_pgm_print_row_start
	leaf cost:	0

By chaining the transition eval_pgm_print_row_bb8_in() -> Com_1(eval_pgm_print_row_bb12_in()) with all transitions in problem 9, the following new transition is obtained:
	eval_pgm_print_row_bb8_in() -> Com_2(eval_fprintf_start(), eval_pgm_print_row_38())
We thus obtain the following problem:
10:	T:
		(?, 3)    eval_pgm_print_row_bb8_in() -> Com_2(eval_fprintf_start(), eval_pgm_print_row_38())
		(?, 1)    eval_pgm_print_row_38() -> Com_1(eval_pgm_print_row_bb3_in())
		(?, 1)    eval_pgm_print_row_31() -> Com_1(eval_pgm_print_row_bb3_in())
		(?, 2)    eval_pgm_print_row_bb12_in() -> Com_2(eval_fprintf_start(), eval_pgm_print_row_38())
		(1, 2)    eval_pgm_print_row_8() -> Com_1(eval_pgm_print_row_stop())
		(?, 2)    eval_pgm_print_row_bb8_in() -> Com_2(eval__IO_putc_start(), eval_pgm_print_row_31())
		(2, 1)    eval_pgm_print_row_bb13_in() -> Com_1(eval_pgm_print_row_stop())
		(1, 1)    eval_pgm_print_row_7() -> Com_2(eval_fwrite_start(), eval_pgm_print_row_8())
		(?, 1)    eval_pgm_print_row_bb3_in() -> Com_1(eval_pgm_print_row_bb8_in())
		(?, 1)    eval_pgm_print_row_bb3_in() -> Com_1(eval_pgm_print_row_bb8_in())
		(2, 1)    eval_pgm_print_row_bb3_in() -> Com_1(eval_pgm_print_row_bb13_in())
		(1, 1)    eval_pgm_print_row_bb0_in() -> Com_1(eval_pgm_print_row_7())
		(1, 1)    eval_pgm_print_row_bb0_in() -> Com_1(eval_pgm_print_row_bb3_in())
		(1, 1)    eval_pgm_print_row_start() -> Com_1(eval_pgm_print_row_bb0_in())
	start location:	eval_pgm_print_row_start
	leaf cost:	0

Testing for reachability in the complexity graph removes the following transition from problem 10:
	eval_pgm_print_row_bb12_in() -> Com_2(eval_fprintf_start(), eval_pgm_print_row_38())
We thus obtain the following problem:
11:	T:
		(?, 1)    eval_pgm_print_row_38() -> Com_1(eval_pgm_print_row_bb3_in())
		(?, 1)    eval_pgm_print_row_31() -> Com_1(eval_pgm_print_row_bb3_in())
		(1, 2)    eval_pgm_print_row_8() -> Com_1(eval_pgm_print_row_stop())
		(?, 3)    eval_pgm_print_row_bb8_in() -> Com_2(eval_fprintf_start(), eval_pgm_print_row_38())
		(?, 2)    eval_pgm_print_row_bb8_in() -> Com_2(eval__IO_putc_start(), eval_pgm_print_row_31())
		(2, 1)    eval_pgm_print_row_bb13_in() -> Com_1(eval_pgm_print_row_stop())
		(1, 1)    eval_pgm_print_row_7() -> Com_2(eval_fwrite_start(), eval_pgm_print_row_8())
		(?, 1)    eval_pgm_print_row_bb3_in() -> Com_1(eval_pgm_print_row_bb8_in())
		(?, 1)    eval_pgm_print_row_bb3_in() -> Com_1(eval_pgm_print_row_bb8_in())
		(2, 1)    eval_pgm_print_row_bb3_in() -> Com_1(eval_pgm_print_row_bb13_in())
		(1, 1)    eval_pgm_print_row_bb0_in() -> Com_1(eval_pgm_print_row_7())
		(1, 1)    eval_pgm_print_row_bb0_in() -> Com_1(eval_pgm_print_row_bb3_in())
		(1, 1)    eval_pgm_print_row_start() -> Com_1(eval_pgm_print_row_bb0_in())
	start location:	eval_pgm_print_row_start
	leaf cost:	0

By chaining the transition eval_pgm_print_row_bb3_in() -> Com_1(eval_pgm_print_row_bb13_in()) with all transitions in problem 11, the following new transition is obtained:
	eval_pgm_print_row_bb3_in() -> Com_1(eval_pgm_print_row_stop())
We thus obtain the following problem:
12:	T:
		(2, 2)    eval_pgm_print_row_bb3_in() -> Com_1(eval_pgm_print_row_stop())
		(?, 1)    eval_pgm_print_row_38() -> Com_1(eval_pgm_print_row_bb3_in())
		(?, 1)    eval_pgm_print_row_31() -> Com_1(eval_pgm_print_row_bb3_in())
		(1, 2)    eval_pgm_print_row_8() -> Com_1(eval_pgm_print_row_stop())
		(?, 3)    eval_pgm_print_row_bb8_in() -> Com_2(eval_fprintf_start(), eval_pgm_print_row_38())
		(?, 2)    eval_pgm_print_row_bb8_in() -> Com_2(eval__IO_putc_start(), eval_pgm_print_row_31())
		(2, 1)    eval_pgm_print_row_bb13_in() -> Com_1(eval_pgm_print_row_stop())
		(1, 1)    eval_pgm_print_row_7() -> Com_2(eval_fwrite_start(), eval_pgm_print_row_8())
		(?, 1)    eval_pgm_print_row_bb3_in() -> Com_1(eval_pgm_print_row_bb8_in())
		(?, 1)    eval_pgm_print_row_bb3_in() -> Com_1(eval_pgm_print_row_bb8_in())
		(1, 1)    eval_pgm_print_row_bb0_in() -> Com_1(eval_pgm_print_row_7())
		(1, 1)    eval_pgm_print_row_bb0_in() -> Com_1(eval_pgm_print_row_bb3_in())
		(1, 1)    eval_pgm_print_row_start() -> Com_1(eval_pgm_print_row_bb0_in())
	start location:	eval_pgm_print_row_start
	leaf cost:	0

Testing for reachability in the complexity graph removes the following transition from problem 12:
	eval_pgm_print_row_bb13_in() -> Com_1(eval_pgm_print_row_stop())
We thus obtain the following problem:
13:	T:
		(?, 1)    eval_pgm_print_row_38() -> Com_1(eval_pgm_print_row_bb3_in())
		(?, 1)    eval_pgm_print_row_31() -> Com_1(eval_pgm_print_row_bb3_in())
		(1, 2)    eval_pgm_print_row_8() -> Com_1(eval_pgm_print_row_stop())
		(?, 3)    eval_pgm_print_row_bb8_in() -> Com_2(eval_fprintf_start(), eval_pgm_print_row_38())
		(?, 2)    eval_pgm_print_row_bb8_in() -> Com_2(eval__IO_putc_start(), eval_pgm_print_row_31())
		(1, 1)    eval_pgm_print_row_7() -> Com_2(eval_fwrite_start(), eval_pgm_print_row_8())
		(2, 2)    eval_pgm_print_row_bb3_in() -> Com_1(eval_pgm_print_row_stop())
		(?, 1)    eval_pgm_print_row_bb3_in() -> Com_1(eval_pgm_print_row_bb8_in())
		(?, 1)    eval_pgm_print_row_bb3_in() -> Com_1(eval_pgm_print_row_bb8_in())
		(1, 1)    eval_pgm_print_row_bb0_in() -> Com_1(eval_pgm_print_row_7())
		(1, 1)    eval_pgm_print_row_bb0_in() -> Com_1(eval_pgm_print_row_bb3_in())
		(1, 1)    eval_pgm_print_row_start() -> Com_1(eval_pgm_print_row_bb0_in())
	start location:	eval_pgm_print_row_start
	leaf cost:	0

By chaining the transition eval_pgm_print_row_bb0_in() -> Com_1(eval_pgm_print_row_7()) with all transitions in problem 13, the following new transition is obtained:
	eval_pgm_print_row_bb0_in() -> Com_2(eval_fwrite_start(), eval_pgm_print_row_8())
We thus obtain the following problem:
14:	T:
		(1, 2)    eval_pgm_print_row_bb0_in() -> Com_2(eval_fwrite_start(), eval_pgm_print_row_8())
		(?, 1)    eval_pgm_print_row_38() -> Com_1(eval_pgm_print_row_bb3_in())
		(?, 1)    eval_pgm_print_row_31() -> Com_1(eval_pgm_print_row_bb3_in())
		(1, 2)    eval_pgm_print_row_8() -> Com_1(eval_pgm_print_row_stop())
		(?, 3)    eval_pgm_print_row_bb8_in() -> Com_2(eval_fprintf_start(), eval_pgm_print_row_38())
		(?, 2)    eval_pgm_print_row_bb8_in() -> Com_2(eval__IO_putc_start(), eval_pgm_print_row_31())
		(1, 1)    eval_pgm_print_row_7() -> Com_2(eval_fwrite_start(), eval_pgm_print_row_8())
		(2, 2)    eval_pgm_print_row_bb3_in() -> Com_1(eval_pgm_print_row_stop())
		(?, 1)    eval_pgm_print_row_bb3_in() -> Com_1(eval_pgm_print_row_bb8_in())
		(?, 1)    eval_pgm_print_row_bb3_in() -> Com_1(eval_pgm_print_row_bb8_in())
		(1, 1)    eval_pgm_print_row_bb0_in() -> Com_1(eval_pgm_print_row_bb3_in())
		(1, 1)    eval_pgm_print_row_start() -> Com_1(eval_pgm_print_row_bb0_in())
	start location:	eval_pgm_print_row_start
	leaf cost:	0

Testing for reachability in the complexity graph removes the following transition from problem 14:
	eval_pgm_print_row_7() -> Com_2(eval_fwrite_start(), eval_pgm_print_row_8())
We thus obtain the following problem:
15:	T:
		(?, 1)    eval_pgm_print_row_38() -> Com_1(eval_pgm_print_row_bb3_in())
		(?, 1)    eval_pgm_print_row_31() -> Com_1(eval_pgm_print_row_bb3_in())
		(?, 3)    eval_pgm_print_row_bb8_in() -> Com_2(eval_fprintf_start(), eval_pgm_print_row_38())
		(?, 2)    eval_pgm_print_row_bb8_in() -> Com_2(eval__IO_putc_start(), eval_pgm_print_row_31())
		(1, 2)    eval_pgm_print_row_8() -> Com_1(eval_pgm_print_row_stop())
		(2, 2)    eval_pgm_print_row_bb3_in() -> Com_1(eval_pgm_print_row_stop())
		(?, 1)    eval_pgm_print_row_bb3_in() -> Com_1(eval_pgm_print_row_bb8_in())
		(?, 1)    eval_pgm_print_row_bb3_in() -> Com_1(eval_pgm_print_row_bb8_in())
		(1, 2)    eval_pgm_print_row_bb0_in() -> Com_2(eval_fwrite_start(), eval_pgm_print_row_8())
		(1, 1)    eval_pgm_print_row_bb0_in() -> Com_1(eval_pgm_print_row_bb3_in())
		(1, 1)    eval_pgm_print_row_start() -> Com_1(eval_pgm_print_row_bb0_in())
	start location:	eval_pgm_print_row_start
	leaf cost:	0

By chaining the transition eval_pgm_print_row_bb3_in() -> Com_1(eval_pgm_print_row_bb8_in()) with all transitions in problem 15, the following new transitions are obtained:
	eval_pgm_print_row_bb3_in() -> Com_2(eval_fprintf_start(), eval_pgm_print_row_38())
	eval_pgm_print_row_bb3_in() -> Com_2(eval__IO_putc_start(), eval_pgm_print_row_31())
We thus obtain the following problem:
16:	T:
		(?, 4)    eval_pgm_print_row_bb3_in() -> Com_2(eval_fprintf_start(), eval_pgm_print_row_38())
		(?, 3)    eval_pgm_print_row_bb3_in() -> Com_2(eval__IO_putc_start(), eval_pgm_print_row_31())
		(?, 1)    eval_pgm_print_row_38() -> Com_1(eval_pgm_print_row_bb3_in())
		(?, 1)    eval_pgm_print_row_31() -> Com_1(eval_pgm_print_row_bb3_in())
		(?, 3)    eval_pgm_print_row_bb8_in() -> Com_2(eval_fprintf_start(), eval_pgm_print_row_38())
		(?, 2)    eval_pgm_print_row_bb8_in() -> Com_2(eval__IO_putc_start(), eval_pgm_print_row_31())
		(1, 2)    eval_pgm_print_row_8() -> Com_1(eval_pgm_print_row_stop())
		(2, 2)    eval_pgm_print_row_bb3_in() -> Com_1(eval_pgm_print_row_stop())
		(1, 2)    eval_pgm_print_row_bb0_in() -> Com_2(eval_fwrite_start(), eval_pgm_print_row_8())
		(1, 1)    eval_pgm_print_row_bb0_in() -> Com_1(eval_pgm_print_row_bb3_in())
		(1, 1)    eval_pgm_print_row_start() -> Com_1(eval_pgm_print_row_bb0_in())
	start location:	eval_pgm_print_row_start
	leaf cost:	0

Testing for reachability in the complexity graph removes the following transitions from problem 16:
	eval_pgm_print_row_bb8_in() -> Com_2(eval_fprintf_start(), eval_pgm_print_row_38())
	eval_pgm_print_row_bb8_in() -> Com_2(eval__IO_putc_start(), eval_pgm_print_row_31())
We thus obtain the following problem:
17:	T:
		(?, 1)    eval_pgm_print_row_31() -> Com_1(eval_pgm_print_row_bb3_in())
		(?, 1)    eval_pgm_print_row_38() -> Com_1(eval_pgm_print_row_bb3_in())
		(1, 2)    eval_pgm_print_row_8() -> Com_1(eval_pgm_print_row_stop())
		(?, 3)    eval_pgm_print_row_bb3_in() -> Com_2(eval__IO_putc_start(), eval_pgm_print_row_31())
		(?, 4)    eval_pgm_print_row_bb3_in() -> Com_2(eval_fprintf_start(), eval_pgm_print_row_38())
		(2, 2)    eval_pgm_print_row_bb3_in() -> Com_1(eval_pgm_print_row_stop())
		(1, 2)    eval_pgm_print_row_bb0_in() -> Com_2(eval_fwrite_start(), eval_pgm_print_row_8())
		(1, 1)    eval_pgm_print_row_bb0_in() -> Com_1(eval_pgm_print_row_bb3_in())
		(1, 1)    eval_pgm_print_row_start() -> Com_1(eval_pgm_print_row_bb0_in())
	start location:	eval_pgm_print_row_start
	leaf cost:	0

By chaining the transition eval_pgm_print_row_start() -> Com_1(eval_pgm_print_row_bb0_in()) with all transitions in problem 17, the following new transitions are obtained:
	eval_pgm_print_row_start() -> Com_2(eval_fwrite_start(), eval_pgm_print_row_8())
	eval_pgm_print_row_start() -> Com_1(eval_pgm_print_row_bb3_in())
We thus obtain the following problem:
18:	T:
		(1, 3)    eval_pgm_print_row_start() -> Com_2(eval_fwrite_start(), eval_pgm_print_row_8())
		(1, 2)    eval_pgm_print_row_start() -> Com_1(eval_pgm_print_row_bb3_in())
		(?, 1)    eval_pgm_print_row_31() -> Com_1(eval_pgm_print_row_bb3_in())
		(?, 1)    eval_pgm_print_row_38() -> Com_1(eval_pgm_print_row_bb3_in())
		(1, 2)    eval_pgm_print_row_8() -> Com_1(eval_pgm_print_row_stop())
		(?, 3)    eval_pgm_print_row_bb3_in() -> Com_2(eval__IO_putc_start(), eval_pgm_print_row_31())
		(?, 4)    eval_pgm_print_row_bb3_in() -> Com_2(eval_fprintf_start(), eval_pgm_print_row_38())
		(2, 2)    eval_pgm_print_row_bb3_in() -> Com_1(eval_pgm_print_row_stop())
		(1, 2)    eval_pgm_print_row_bb0_in() -> Com_2(eval_fwrite_start(), eval_pgm_print_row_8())
		(1, 1)    eval_pgm_print_row_bb0_in() -> Com_1(eval_pgm_print_row_bb3_in())
	start location:	eval_pgm_print_row_start
	leaf cost:	0

Testing for reachability in the complexity graph removes the following transitions from problem 18:
	eval_pgm_print_row_bb0_in() -> Com_2(eval_fwrite_start(), eval_pgm_print_row_8())
	eval_pgm_print_row_bb0_in() -> Com_1(eval_pgm_print_row_bb3_in())
We thus obtain the following problem:
19:	T:
		(?, 1)    eval_pgm_print_row_31() -> Com_1(eval_pgm_print_row_bb3_in())
		(?, 1)    eval_pgm_print_row_38() -> Com_1(eval_pgm_print_row_bb3_in())
		(?, 3)    eval_pgm_print_row_bb3_in() -> Com_2(eval__IO_putc_start(), eval_pgm_print_row_31())
		(?, 4)    eval_pgm_print_row_bb3_in() -> Com_2(eval_fprintf_start(), eval_pgm_print_row_38())
		(2, 2)    eval_pgm_print_row_bb3_in() -> Com_1(eval_pgm_print_row_stop())
		(1, 2)    eval_pgm_print_row_8() -> Com_1(eval_pgm_print_row_stop())
		(1, 2)    eval_pgm_print_row_start() -> Com_1(eval_pgm_print_row_bb3_in())
		(1, 3)    eval_pgm_print_row_start() -> Com_2(eval_fwrite_start(), eval_pgm_print_row_8())
	start location:	eval_pgm_print_row_start
	leaf cost:	0

Complexity upper bound ?

Time: 0.324 sec (SMT: 0.293 sec)
