YES(?, 20)

Initial complexity problem:
1:	T:
		(1, 1)    eval_alloc_add_chunk_start(v_csize, v_elt_size.0, v_has_strings) -> Com_1(eval_alloc_add_chunk_bb0_in(v_csize, v_elt_size.0, v_has_strings))
		(?, 1)    eval_alloc_add_chunk_bb0_in(v_csize, v_elt_size.0, v_has_strings) -> Com_1(eval_alloc_add_chunk_0(v_csize, v_elt_size.0, v_has_strings))
		(?, 1)    eval_alloc_add_chunk_0(v_csize, v_elt_size.0, v_has_strings) -> Com_1(eval_alloc_add_chunk_1(v_csize, v_elt_size.0, v_has_strings))
		(?, 1)    eval_alloc_add_chunk_1(v_csize, v_elt_size.0, v_has_strings) -> Com_1(eval_alloc_add_chunk_bb9_in(v_csize, v_elt_size.0, v_has_strings))
		(?, 1)    eval_alloc_add_chunk_1(v_csize, v_elt_size.0, v_has_strings) -> Com_1(eval_alloc_add_chunk_bb4_in(v_csize, v_csize, v_has_strings))
		(?, 1)    eval_alloc_add_chunk_bb4_in(v_csize, v_elt_size.0, v_has_strings) -> Com_1(eval_alloc_add_chunk_bb4_in(v_csize, nondef.7, v_has_strings)) [ v_elt_size.0 < v_elt_size.0 ]
		(?, 1)    eval_alloc_add_chunk_bb4_in(v_csize, v_elt_size.0, v_has_strings) -> Com_1(eval_alloc_add_chunk_bb4_in(v_csize, nondef.7, v_has_strings)) [ v_elt_size.0 > v_elt_size.0 ]
		(?, 1)    eval_alloc_add_chunk_bb4_in(v_csize, v_elt_size.0, v_has_strings) -> Com_1(eval_alloc_add_chunk_23(v_csize, v_elt_size.0, v_has_strings)) [ v_elt_size.0 = v_elt_size.0 ]
		(?, 1)    eval_alloc_add_chunk_23(v_csize, v_elt_size.0, v_has_strings) -> Com_1(eval_alloc_add_chunk_24(v_csize, v_elt_size.0, v_has_strings))
		(?, 1)    eval_alloc_add_chunk_24(v_csize, v_elt_size.0, v_has_strings) -> Com_1(eval_alloc_add_chunk_25(v_csize, v_elt_size.0, v_has_strings))
		(?, 1)    eval_alloc_add_chunk_24(v_csize, v_elt_size.0, v_has_strings) -> Com_1(eval_alloc_add_chunk_29(v_csize, v_elt_size.0, v_has_strings))
		(?, 1)    eval_alloc_add_chunk_25(v_csize, v_elt_size.0, v_has_strings) -> Com_1(eval_alloc_add_chunk_26(v_csize, v_elt_size.0, v_has_strings))
		(?, 1)    eval_alloc_add_chunk_26(v_csize, v_elt_size.0, v_has_strings) -> Com_1(eval_alloc_add_chunk_27(v_csize, v_elt_size.0, v_has_strings))
		(?, 1)    eval_alloc_add_chunk_27(v_csize, v_elt_size.0, v_has_strings) -> Com_1(eval_alloc_add_chunk_bb9_in(v_csize, v_elt_size.0, v_has_strings))
		(?, 1)    eval_alloc_add_chunk_29(v_csize, v_elt_size.0, v_has_strings) -> Com_2(eval_alloc_init_chunk_start(v_csize, v_elt_size.0, v_has_strings), eval_alloc_add_chunk_30(v_csize, v_elt_size.0, v_has_strings))
		(?, 1)    eval_alloc_add_chunk_30(v_csize, v_elt_size.0, v_has_strings) -> Com_2(eval_alloc_link_chunk_start(v_csize, v_elt_size.0, v_has_strings), eval_alloc_add_chunk_31(v_csize, v_elt_size.0, v_has_strings))
		(?, 1)    eval_alloc_add_chunk_31(v_csize, v_elt_size.0, v_has_strings) -> Com_1(eval_alloc_add_chunk_32(v_csize, v_elt_size.0, v_has_strings))
		(?, 1)    eval_alloc_add_chunk_32(v_csize, v_elt_size.0, v_has_strings) -> Com_1(eval_alloc_add_chunk_33(v_csize, v_elt_size.0, v_has_strings))
		(?, 1)    eval_alloc_add_chunk_33(v_csize, v_elt_size.0, v_has_strings) -> Com_1(eval_alloc_add_chunk_bb9_in(v_csize, v_elt_size.0, v_has_strings))
		(?, 1)    eval_alloc_add_chunk_bb9_in(v_csize, v_elt_size.0, v_has_strings) -> Com_1(eval_alloc_add_chunk_stop(v_csize, v_elt_size.0, v_has_strings))
	start location:	eval_alloc_add_chunk_start
	leaf cost:	0

Slicing away variables that do not contribute to conditions from problem 1 leaves variables [v_csize, v_elt_size.0].
We thus obtain the following problem:
2:	T:
		(?, 1)    eval_alloc_add_chunk_bb9_in(v_csize, v_elt_size.0) -> Com_1(eval_alloc_add_chunk_stop(v_csize, v_elt_size.0))
		(?, 1)    eval_alloc_add_chunk_33(v_csize, v_elt_size.0) -> Com_1(eval_alloc_add_chunk_bb9_in(v_csize, v_elt_size.0))
		(?, 1)    eval_alloc_add_chunk_32(v_csize, v_elt_size.0) -> Com_1(eval_alloc_add_chunk_33(v_csize, v_elt_size.0))
		(?, 1)    eval_alloc_add_chunk_31(v_csize, v_elt_size.0) -> Com_1(eval_alloc_add_chunk_32(v_csize, v_elt_size.0))
		(?, 1)    eval_alloc_add_chunk_30(v_csize, v_elt_size.0) -> Com_2(eval_alloc_link_chunk_start(v_csize, v_elt_size.0), eval_alloc_add_chunk_31(v_csize, v_elt_size.0))
		(?, 1)    eval_alloc_add_chunk_29(v_csize, v_elt_size.0) -> Com_2(eval_alloc_init_chunk_start(v_csize, v_elt_size.0), eval_alloc_add_chunk_30(v_csize, v_elt_size.0))
		(?, 1)    eval_alloc_add_chunk_27(v_csize, v_elt_size.0) -> Com_1(eval_alloc_add_chunk_bb9_in(v_csize, v_elt_size.0))
		(?, 1)    eval_alloc_add_chunk_26(v_csize, v_elt_size.0) -> Com_1(eval_alloc_add_chunk_27(v_csize, v_elt_size.0))
		(?, 1)    eval_alloc_add_chunk_25(v_csize, v_elt_size.0) -> Com_1(eval_alloc_add_chunk_26(v_csize, v_elt_size.0))
		(?, 1)    eval_alloc_add_chunk_24(v_csize, v_elt_size.0) -> Com_1(eval_alloc_add_chunk_29(v_csize, v_elt_size.0))
		(?, 1)    eval_alloc_add_chunk_24(v_csize, v_elt_size.0) -> Com_1(eval_alloc_add_chunk_25(v_csize, v_elt_size.0))
		(?, 1)    eval_alloc_add_chunk_23(v_csize, v_elt_size.0) -> Com_1(eval_alloc_add_chunk_24(v_csize, v_elt_size.0))
		(?, 1)    eval_alloc_add_chunk_bb4_in(v_csize, v_elt_size.0) -> Com_1(eval_alloc_add_chunk_23(v_csize, v_elt_size.0)) [ v_elt_size.0 = v_elt_size.0 ]
		(?, 1)    eval_alloc_add_chunk_bb4_in(v_csize, v_elt_size.0) -> Com_1(eval_alloc_add_chunk_bb4_in(v_csize, nondef.7)) [ v_elt_size.0 > v_elt_size.0 ]
		(?, 1)    eval_alloc_add_chunk_bb4_in(v_csize, v_elt_size.0) -> Com_1(eval_alloc_add_chunk_bb4_in(v_csize, nondef.7)) [ v_elt_size.0 < v_elt_size.0 ]
		(?, 1)    eval_alloc_add_chunk_1(v_csize, v_elt_size.0) -> Com_1(eval_alloc_add_chunk_bb4_in(v_csize, v_csize))
		(?, 1)    eval_alloc_add_chunk_1(v_csize, v_elt_size.0) -> Com_1(eval_alloc_add_chunk_bb9_in(v_csize, v_elt_size.0))
		(?, 1)    eval_alloc_add_chunk_0(v_csize, v_elt_size.0) -> Com_1(eval_alloc_add_chunk_1(v_csize, v_elt_size.0))
		(?, 1)    eval_alloc_add_chunk_bb0_in(v_csize, v_elt_size.0) -> Com_1(eval_alloc_add_chunk_0(v_csize, v_elt_size.0))
		(1, 1)    eval_alloc_add_chunk_start(v_csize, v_elt_size.0) -> Com_1(eval_alloc_add_chunk_bb0_in(v_csize, v_elt_size.0))
	start location:	eval_alloc_add_chunk_start
	leaf cost:	0

Testing for reachability in the complexity graph removes the following transitions from problem 2:
	eval_alloc_add_chunk_bb4_in(v_csize, v_elt_size.0) -> Com_1(eval_alloc_add_chunk_bb4_in(v_csize, nondef.7)) [ v_elt_size.0 > v_elt_size.0 ]
	eval_alloc_add_chunk_bb4_in(v_csize, v_elt_size.0) -> Com_1(eval_alloc_add_chunk_bb4_in(v_csize, nondef.7)) [ v_elt_size.0 < v_elt_size.0 ]
We thus obtain the following problem:
3:	T:
		(?, 1)    eval_alloc_add_chunk_33(v_csize, v_elt_size.0) -> Com_1(eval_alloc_add_chunk_bb9_in(v_csize, v_elt_size.0))
		(?, 1)    eval_alloc_add_chunk_32(v_csize, v_elt_size.0) -> Com_1(eval_alloc_add_chunk_33(v_csize, v_elt_size.0))
		(?, 1)    eval_alloc_add_chunk_27(v_csize, v_elt_size.0) -> Com_1(eval_alloc_add_chunk_bb9_in(v_csize, v_elt_size.0))
		(?, 1)    eval_alloc_add_chunk_31(v_csize, v_elt_size.0) -> Com_1(eval_alloc_add_chunk_32(v_csize, v_elt_size.0))
		(?, 1)    eval_alloc_add_chunk_26(v_csize, v_elt_size.0) -> Com_1(eval_alloc_add_chunk_27(v_csize, v_elt_size.0))
		(?, 1)    eval_alloc_add_chunk_30(v_csize, v_elt_size.0) -> Com_2(eval_alloc_link_chunk_start(v_csize, v_elt_size.0), eval_alloc_add_chunk_31(v_csize, v_elt_size.0))
		(?, 1)    eval_alloc_add_chunk_25(v_csize, v_elt_size.0) -> Com_1(eval_alloc_add_chunk_26(v_csize, v_elt_size.0))
		(?, 1)    eval_alloc_add_chunk_29(v_csize, v_elt_size.0) -> Com_2(eval_alloc_init_chunk_start(v_csize, v_elt_size.0), eval_alloc_add_chunk_30(v_csize, v_elt_size.0))
		(?, 1)    eval_alloc_add_chunk_24(v_csize, v_elt_size.0) -> Com_1(eval_alloc_add_chunk_25(v_csize, v_elt_size.0))
		(?, 1)    eval_alloc_add_chunk_24(v_csize, v_elt_size.0) -> Com_1(eval_alloc_add_chunk_29(v_csize, v_elt_size.0))
		(?, 1)    eval_alloc_add_chunk_23(v_csize, v_elt_size.0) -> Com_1(eval_alloc_add_chunk_24(v_csize, v_elt_size.0))
		(?, 1)    eval_alloc_add_chunk_bb9_in(v_csize, v_elt_size.0) -> Com_1(eval_alloc_add_chunk_stop(v_csize, v_elt_size.0))
		(?, 1)    eval_alloc_add_chunk_bb4_in(v_csize, v_elt_size.0) -> Com_1(eval_alloc_add_chunk_23(v_csize, v_elt_size.0)) [ v_elt_size.0 = v_elt_size.0 ]
		(?, 1)    eval_alloc_add_chunk_1(v_csize, v_elt_size.0) -> Com_1(eval_alloc_add_chunk_bb9_in(v_csize, v_elt_size.0))
		(?, 1)    eval_alloc_add_chunk_1(v_csize, v_elt_size.0) -> Com_1(eval_alloc_add_chunk_bb4_in(v_csize, v_csize))
		(?, 1)    eval_alloc_add_chunk_0(v_csize, v_elt_size.0) -> Com_1(eval_alloc_add_chunk_1(v_csize, v_elt_size.0))
		(?, 1)    eval_alloc_add_chunk_bb0_in(v_csize, v_elt_size.0) -> Com_1(eval_alloc_add_chunk_0(v_csize, v_elt_size.0))
		(1, 1)    eval_alloc_add_chunk_start(v_csize, v_elt_size.0) -> Com_1(eval_alloc_add_chunk_bb0_in(v_csize, v_elt_size.0))
	start location:	eval_alloc_add_chunk_start
	leaf cost:	0

Repeatedly propagating knowledge in problem 3 produces the following problem:
4:	T:
		(1, 1)    eval_alloc_add_chunk_33(v_csize, v_elt_size.0) -> Com_1(eval_alloc_add_chunk_bb9_in(v_csize, v_elt_size.0))
		(1, 1)    eval_alloc_add_chunk_32(v_csize, v_elt_size.0) -> Com_1(eval_alloc_add_chunk_33(v_csize, v_elt_size.0))
		(1, 1)    eval_alloc_add_chunk_27(v_csize, v_elt_size.0) -> Com_1(eval_alloc_add_chunk_bb9_in(v_csize, v_elt_size.0))
		(1, 1)    eval_alloc_add_chunk_31(v_csize, v_elt_size.0) -> Com_1(eval_alloc_add_chunk_32(v_csize, v_elt_size.0))
		(1, 1)    eval_alloc_add_chunk_26(v_csize, v_elt_size.0) -> Com_1(eval_alloc_add_chunk_27(v_csize, v_elt_size.0))
		(1, 1)    eval_alloc_add_chunk_30(v_csize, v_elt_size.0) -> Com_2(eval_alloc_link_chunk_start(v_csize, v_elt_size.0), eval_alloc_add_chunk_31(v_csize, v_elt_size.0))
		(1, 1)    eval_alloc_add_chunk_25(v_csize, v_elt_size.0) -> Com_1(eval_alloc_add_chunk_26(v_csize, v_elt_size.0))
		(1, 1)    eval_alloc_add_chunk_29(v_csize, v_elt_size.0) -> Com_2(eval_alloc_init_chunk_start(v_csize, v_elt_size.0), eval_alloc_add_chunk_30(v_csize, v_elt_size.0))
		(1, 1)    eval_alloc_add_chunk_24(v_csize, v_elt_size.0) -> Com_1(eval_alloc_add_chunk_25(v_csize, v_elt_size.0))
		(1, 1)    eval_alloc_add_chunk_24(v_csize, v_elt_size.0) -> Com_1(eval_alloc_add_chunk_29(v_csize, v_elt_size.0))
		(1, 1)    eval_alloc_add_chunk_23(v_csize, v_elt_size.0) -> Com_1(eval_alloc_add_chunk_24(v_csize, v_elt_size.0))
		(3, 1)    eval_alloc_add_chunk_bb9_in(v_csize, v_elt_size.0) -> Com_1(eval_alloc_add_chunk_stop(v_csize, v_elt_size.0))
		(1, 1)    eval_alloc_add_chunk_bb4_in(v_csize, v_elt_size.0) -> Com_1(eval_alloc_add_chunk_23(v_csize, v_elt_size.0)) [ v_elt_size.0 = v_elt_size.0 ]
		(1, 1)    eval_alloc_add_chunk_1(v_csize, v_elt_size.0) -> Com_1(eval_alloc_add_chunk_bb9_in(v_csize, v_elt_size.0))
		(1, 1)    eval_alloc_add_chunk_1(v_csize, v_elt_size.0) -> Com_1(eval_alloc_add_chunk_bb4_in(v_csize, v_csize))
		(1, 1)    eval_alloc_add_chunk_0(v_csize, v_elt_size.0) -> Com_1(eval_alloc_add_chunk_1(v_csize, v_elt_size.0))
		(1, 1)    eval_alloc_add_chunk_bb0_in(v_csize, v_elt_size.0) -> Com_1(eval_alloc_add_chunk_0(v_csize, v_elt_size.0))
		(1, 1)    eval_alloc_add_chunk_start(v_csize, v_elt_size.0) -> Com_1(eval_alloc_add_chunk_bb0_in(v_csize, v_elt_size.0))
	start location:	eval_alloc_add_chunk_start
	leaf cost:	0

Complexity upper bound 20

Time: 0.040 sec (SMT: 0.034 sec)
