YES(?, 90*v_height + 3)

Initial complexity problem:
1:	T:
		(1, 1)    eval_clist_unpack_short_bits_start(v_.0, v_8, v_9, v_height, v_raster, v_width_bytes) -> Com_1(eval_clist_unpack_short_bits_bb0_in(v_.0, v_8, v_9, v_height, v_raster, v_width_bytes))
		(?, 1)    eval_clist_unpack_short_bits_bb0_in(v_.0, v_8, v_9, v_height, v_raster, v_width_bytes) -> Com_1(eval_clist_unpack_short_bits_bb1_in(v_height, v_width_bytes, v_9, v_height, v_raster, v_width_bytes))
		(?, 1)    eval_clist_unpack_short_bits_bb1_in(v_.0, v_8, v_9, v_height, v_raster, v_width_bytes) -> Com_1(eval_clist_unpack_short_bits_bb1_in(v_.0 - 1, v_8, v_9, v_height, v_raster, v_width_bytes)) [ v_.0 - 1 >= 0 ]
		(?, 1)    eval_clist_unpack_short_bits_bb1_in(v_.0, v_8, v_9, v_height, v_raster, v_width_bytes) -> Com_1(eval_clist_unpack_short_bits_NewDefault_in(v_.0, v_8, v_.0 - 1, v_height, v_raster, v_width_bytes)) [ v_.0 - 1 >= 0 ]
		(?, 1)    eval_clist_unpack_short_bits_bb1_in(v_.0, v_8, v_9, v_height, v_raster, v_width_bytes) -> Com_1(eval_clist_unpack_short_bits_bb8_in(v_.0, v_8, v_.0 - 1, v_height, v_raster, v_width_bytes)) [ v_.0 - 1 >= 0 ]
		(?, 1)    eval_clist_unpack_short_bits_bb1_in(v_.0, v_8, v_9, v_height, v_raster, v_width_bytes) -> Com_1(eval_clist_unpack_short_bits_bb7_in(v_.0, v_8, v_.0 - 1, v_height, v_raster, v_width_bytes)) [ v_.0 - 1 >= 0 ]
		(?, 1)    eval_clist_unpack_short_bits_bb1_in(v_.0, v_8, v_9, v_height, v_raster, v_width_bytes) -> Com_1(eval_clist_unpack_short_bits_bb6_in(v_.0, v_8, v_.0 - 1, v_height, v_raster, v_width_bytes)) [ v_.0 - 1 >= 0 ]
		(?, 1)    eval_clist_unpack_short_bits_bb1_in(v_.0, v_8, v_9, v_height, v_raster, v_width_bytes) -> Com_1(eval_clist_unpack_short_bits_bb5_in(v_.0, v_8, v_.0 - 1, v_height, v_raster, v_width_bytes)) [ v_.0 - 1 >= 0 ]
		(?, 1)    eval_clist_unpack_short_bits_bb1_in(v_.0, v_8, v_9, v_height, v_raster, v_width_bytes) -> Com_1(eval_clist_unpack_short_bits_bb4_in(v_.0, v_8, v_.0 - 1, v_height, v_raster, v_width_bytes)) [ v_.0 - 1 >= 0 ]
		(?, 1)    eval_clist_unpack_short_bits_bb1_in(v_.0, v_8, v_9, v_height, v_raster, v_width_bytes) -> Com_1(eval_clist_unpack_short_bits_stop(v_.0, v_8, v_9, v_height, v_raster, v_width_bytes)) [ v_.0 - 1 < 0 ]
		(?, 1)    eval_clist_unpack_short_bits_bb4_in(v_.0, v_8, v_9, v_height, v_raster, v_width_bytes) -> Com_1(eval_clist_unpack_short_bits_bb5_in(v_.0, v_8, v_9, v_height, v_raster, v_width_bytes))
		(?, 1)    eval_clist_unpack_short_bits_bb5_in(v_.0, v_8, v_9, v_height, v_raster, v_width_bytes) -> Com_1(eval_clist_unpack_short_bits_bb6_in(v_.0, v_8, v_9, v_height, v_raster, v_width_bytes))
		(?, 1)    eval_clist_unpack_short_bits_bb6_in(v_.0, v_8, v_9, v_height, v_raster, v_width_bytes) -> Com_1(eval_clist_unpack_short_bits_bb7_in(v_.0, v_8, v_9, v_height, v_raster, v_width_bytes))
		(?, 1)    eval_clist_unpack_short_bits_bb7_in(v_.0, v_8, v_9, v_height, v_raster, v_width_bytes) -> Com_1(eval_clist_unpack_short_bits_bb8_in(v_.0, v_8, v_9, v_height, v_raster, v_width_bytes))
		(?, 1)    eval_clist_unpack_short_bits_bb8_in(v_.0, v_8, v_9, v_height, v_raster, v_width_bytes) -> Com_1(eval_clist_unpack_short_bits_bb1_in(v_9, v_8, v_9, v_height, v_raster, v_width_bytes))
		(?, 1)    eval_clist_unpack_short_bits_NewDefault_in(v_.0, v_8, v_9, v_height, v_raster, v_width_bytes) -> Com_1(eval_clist_unpack_short_bits_31(v_.0, v_8, v_9, v_height, v_raster, v_width_bytes))
		(?, 1)    eval_clist_unpack_short_bits_31(v_.0, v_8, v_9, v_height, v_raster, v_width_bytes) -> Com_2(eval_llvm.memmove.p0i8.p0i8.i64_start(v_.0, v_8, v_9, v_height, v_raster, v_width_bytes), eval_clist_unpack_short_bits_32(v_.0, v_8, v_9, v_height, v_raster, v_width_bytes))
		(?, 1)    eval_clist_unpack_short_bits_32(v_.0, v_8, v_9, v_height, v_raster, v_width_bytes) -> Com_1(eval_clist_unpack_short_bits_bb1_in(v_9, v_8, v_9, v_height, v_raster, v_width_bytes))
	start location:	eval_clist_unpack_short_bits_start
	leaf cost:	0

Slicing away variables that do not contribute to conditions from problem 1 leaves variables [v_.0, v_9, v_height].
We thus obtain the following problem:
2:	T:
		(?, 1)    eval_clist_unpack_short_bits_32(v_.0, v_9, v_height) -> Com_1(eval_clist_unpack_short_bits_bb1_in(v_9, v_9, v_height))
		(?, 1)    eval_clist_unpack_short_bits_31(v_.0, v_9, v_height) -> Com_2(eval_llvm.memmove.p0i8.p0i8.i64_start(v_.0, v_9, v_height), eval_clist_unpack_short_bits_32(v_.0, v_9, v_height))
		(?, 1)    eval_clist_unpack_short_bits_NewDefault_in(v_.0, v_9, v_height) -> Com_1(eval_clist_unpack_short_bits_31(v_.0, v_9, v_height))
		(?, 1)    eval_clist_unpack_short_bits_bb8_in(v_.0, v_9, v_height) -> Com_1(eval_clist_unpack_short_bits_bb1_in(v_9, v_9, v_height))
		(?, 1)    eval_clist_unpack_short_bits_bb7_in(v_.0, v_9, v_height) -> Com_1(eval_clist_unpack_short_bits_bb8_in(v_.0, v_9, v_height))
		(?, 1)    eval_clist_unpack_short_bits_bb6_in(v_.0, v_9, v_height) -> Com_1(eval_clist_unpack_short_bits_bb7_in(v_.0, v_9, v_height))
		(?, 1)    eval_clist_unpack_short_bits_bb5_in(v_.0, v_9, v_height) -> Com_1(eval_clist_unpack_short_bits_bb6_in(v_.0, v_9, v_height))
		(?, 1)    eval_clist_unpack_short_bits_bb4_in(v_.0, v_9, v_height) -> Com_1(eval_clist_unpack_short_bits_bb5_in(v_.0, v_9, v_height))
		(?, 1)    eval_clist_unpack_short_bits_bb1_in(v_.0, v_9, v_height) -> Com_1(eval_clist_unpack_short_bits_stop(v_.0, v_9, v_height)) [ v_.0 - 1 < 0 ]
		(?, 1)    eval_clist_unpack_short_bits_bb1_in(v_.0, v_9, v_height) -> Com_1(eval_clist_unpack_short_bits_bb4_in(v_.0, v_.0 - 1, v_height)) [ v_.0 - 1 >= 0 ]
		(?, 1)    eval_clist_unpack_short_bits_bb1_in(v_.0, v_9, v_height) -> Com_1(eval_clist_unpack_short_bits_bb5_in(v_.0, v_.0 - 1, v_height)) [ v_.0 - 1 >= 0 ]
		(?, 1)    eval_clist_unpack_short_bits_bb1_in(v_.0, v_9, v_height) -> Com_1(eval_clist_unpack_short_bits_bb6_in(v_.0, v_.0 - 1, v_height)) [ v_.0 - 1 >= 0 ]
		(?, 1)    eval_clist_unpack_short_bits_bb1_in(v_.0, v_9, v_height) -> Com_1(eval_clist_unpack_short_bits_bb7_in(v_.0, v_.0 - 1, v_height)) [ v_.0 - 1 >= 0 ]
		(?, 1)    eval_clist_unpack_short_bits_bb1_in(v_.0, v_9, v_height) -> Com_1(eval_clist_unpack_short_bits_bb8_in(v_.0, v_.0 - 1, v_height)) [ v_.0 - 1 >= 0 ]
		(?, 1)    eval_clist_unpack_short_bits_bb1_in(v_.0, v_9, v_height) -> Com_1(eval_clist_unpack_short_bits_NewDefault_in(v_.0, v_.0 - 1, v_height)) [ v_.0 - 1 >= 0 ]
		(?, 1)    eval_clist_unpack_short_bits_bb1_in(v_.0, v_9, v_height) -> Com_1(eval_clist_unpack_short_bits_bb1_in(v_.0 - 1, v_9, v_height)) [ v_.0 - 1 >= 0 ]
		(?, 1)    eval_clist_unpack_short_bits_bb0_in(v_.0, v_9, v_height) -> Com_1(eval_clist_unpack_short_bits_bb1_in(v_height, v_9, v_height))
		(1, 1)    eval_clist_unpack_short_bits_start(v_.0, v_9, v_height) -> Com_1(eval_clist_unpack_short_bits_bb0_in(v_.0, v_9, v_height))
	start location:	eval_clist_unpack_short_bits_start
	leaf cost:	0

Repeatedly propagating knowledge in problem 2 produces the following problem:
3:	T:
		(?, 1)    eval_clist_unpack_short_bits_32(v_.0, v_9, v_height) -> Com_1(eval_clist_unpack_short_bits_bb1_in(v_9, v_9, v_height))
		(?, 1)    eval_clist_unpack_short_bits_31(v_.0, v_9, v_height) -> Com_2(eval_llvm.memmove.p0i8.p0i8.i64_start(v_.0, v_9, v_height), eval_clist_unpack_short_bits_32(v_.0, v_9, v_height))
		(?, 1)    eval_clist_unpack_short_bits_NewDefault_in(v_.0, v_9, v_height) -> Com_1(eval_clist_unpack_short_bits_31(v_.0, v_9, v_height))
		(?, 1)    eval_clist_unpack_short_bits_bb8_in(v_.0, v_9, v_height) -> Com_1(eval_clist_unpack_short_bits_bb1_in(v_9, v_9, v_height))
		(?, 1)    eval_clist_unpack_short_bits_bb7_in(v_.0, v_9, v_height) -> Com_1(eval_clist_unpack_short_bits_bb8_in(v_.0, v_9, v_height))
		(?, 1)    eval_clist_unpack_short_bits_bb6_in(v_.0, v_9, v_height) -> Com_1(eval_clist_unpack_short_bits_bb7_in(v_.0, v_9, v_height))
		(?, 1)    eval_clist_unpack_short_bits_bb5_in(v_.0, v_9, v_height) -> Com_1(eval_clist_unpack_short_bits_bb6_in(v_.0, v_9, v_height))
		(?, 1)    eval_clist_unpack_short_bits_bb4_in(v_.0, v_9, v_height) -> Com_1(eval_clist_unpack_short_bits_bb5_in(v_.0, v_9, v_height))
		(?, 1)    eval_clist_unpack_short_bits_bb1_in(v_.0, v_9, v_height) -> Com_1(eval_clist_unpack_short_bits_stop(v_.0, v_9, v_height)) [ v_.0 - 1 < 0 ]
		(?, 1)    eval_clist_unpack_short_bits_bb1_in(v_.0, v_9, v_height) -> Com_1(eval_clist_unpack_short_bits_bb4_in(v_.0, v_.0 - 1, v_height)) [ v_.0 - 1 >= 0 ]
		(?, 1)    eval_clist_unpack_short_bits_bb1_in(v_.0, v_9, v_height) -> Com_1(eval_clist_unpack_short_bits_bb5_in(v_.0, v_.0 - 1, v_height)) [ v_.0 - 1 >= 0 ]
		(?, 1)    eval_clist_unpack_short_bits_bb1_in(v_.0, v_9, v_height) -> Com_1(eval_clist_unpack_short_bits_bb6_in(v_.0, v_.0 - 1, v_height)) [ v_.0 - 1 >= 0 ]
		(?, 1)    eval_clist_unpack_short_bits_bb1_in(v_.0, v_9, v_height) -> Com_1(eval_clist_unpack_short_bits_bb7_in(v_.0, v_.0 - 1, v_height)) [ v_.0 - 1 >= 0 ]
		(?, 1)    eval_clist_unpack_short_bits_bb1_in(v_.0, v_9, v_height) -> Com_1(eval_clist_unpack_short_bits_bb8_in(v_.0, v_.0 - 1, v_height)) [ v_.0 - 1 >= 0 ]
		(?, 1)    eval_clist_unpack_short_bits_bb1_in(v_.0, v_9, v_height) -> Com_1(eval_clist_unpack_short_bits_NewDefault_in(v_.0, v_.0 - 1, v_height)) [ v_.0 - 1 >= 0 ]
		(?, 1)    eval_clist_unpack_short_bits_bb1_in(v_.0, v_9, v_height) -> Com_1(eval_clist_unpack_short_bits_bb1_in(v_.0 - 1, v_9, v_height)) [ v_.0 - 1 >= 0 ]
		(1, 1)    eval_clist_unpack_short_bits_bb0_in(v_.0, v_9, v_height) -> Com_1(eval_clist_unpack_short_bits_bb1_in(v_height, v_9, v_height))
		(1, 1)    eval_clist_unpack_short_bits_start(v_.0, v_9, v_height) -> Com_1(eval_clist_unpack_short_bits_bb0_in(v_.0, v_9, v_height))
	start location:	eval_clist_unpack_short_bits_start
	leaf cost:	0

A polynomial rank function with
	Pol(eval_clist_unpack_short_bits_32) = 1
	Pol(eval_clist_unpack_short_bits_bb1_in) = 1
	Pol(eval_clist_unpack_short_bits_31) = 1
	Pol(eval_llvm.memmove.p0i8.p0i8.i64_start) = 0
	Pol(eval_clist_unpack_short_bits_NewDefault_in) = 1
	Pol(eval_clist_unpack_short_bits_bb8_in) = 1
	Pol(eval_clist_unpack_short_bits_bb7_in) = 1
	Pol(eval_clist_unpack_short_bits_bb6_in) = 1
	Pol(eval_clist_unpack_short_bits_bb5_in) = 1
	Pol(eval_clist_unpack_short_bits_bb4_in) = 1
	Pol(eval_clist_unpack_short_bits_stop) = 0
	Pol(eval_clist_unpack_short_bits_bb0_in) = 1
	Pol(eval_clist_unpack_short_bits_start) = 1
orients all transitions weakly and the transition
	eval_clist_unpack_short_bits_bb1_in(v_.0, v_9, v_height) -> Com_1(eval_clist_unpack_short_bits_stop(v_.0, v_9, v_height)) [ v_.0 - 1 < 0 ]
strictly and produces the following problem:
4:	T:
		(?, 1)    eval_clist_unpack_short_bits_32(v_.0, v_9, v_height) -> Com_1(eval_clist_unpack_short_bits_bb1_in(v_9, v_9, v_height))
		(?, 1)    eval_clist_unpack_short_bits_31(v_.0, v_9, v_height) -> Com_2(eval_llvm.memmove.p0i8.p0i8.i64_start(v_.0, v_9, v_height), eval_clist_unpack_short_bits_32(v_.0, v_9, v_height))
		(?, 1)    eval_clist_unpack_short_bits_NewDefault_in(v_.0, v_9, v_height) -> Com_1(eval_clist_unpack_short_bits_31(v_.0, v_9, v_height))
		(?, 1)    eval_clist_unpack_short_bits_bb8_in(v_.0, v_9, v_height) -> Com_1(eval_clist_unpack_short_bits_bb1_in(v_9, v_9, v_height))
		(?, 1)    eval_clist_unpack_short_bits_bb7_in(v_.0, v_9, v_height) -> Com_1(eval_clist_unpack_short_bits_bb8_in(v_.0, v_9, v_height))
		(?, 1)    eval_clist_unpack_short_bits_bb6_in(v_.0, v_9, v_height) -> Com_1(eval_clist_unpack_short_bits_bb7_in(v_.0, v_9, v_height))
		(?, 1)    eval_clist_unpack_short_bits_bb5_in(v_.0, v_9, v_height) -> Com_1(eval_clist_unpack_short_bits_bb6_in(v_.0, v_9, v_height))
		(?, 1)    eval_clist_unpack_short_bits_bb4_in(v_.0, v_9, v_height) -> Com_1(eval_clist_unpack_short_bits_bb5_in(v_.0, v_9, v_height))
		(1, 1)    eval_clist_unpack_short_bits_bb1_in(v_.0, v_9, v_height) -> Com_1(eval_clist_unpack_short_bits_stop(v_.0, v_9, v_height)) [ v_.0 - 1 < 0 ]
		(?, 1)    eval_clist_unpack_short_bits_bb1_in(v_.0, v_9, v_height) -> Com_1(eval_clist_unpack_short_bits_bb4_in(v_.0, v_.0 - 1, v_height)) [ v_.0 - 1 >= 0 ]
		(?, 1)    eval_clist_unpack_short_bits_bb1_in(v_.0, v_9, v_height) -> Com_1(eval_clist_unpack_short_bits_bb5_in(v_.0, v_.0 - 1, v_height)) [ v_.0 - 1 >= 0 ]
		(?, 1)    eval_clist_unpack_short_bits_bb1_in(v_.0, v_9, v_height) -> Com_1(eval_clist_unpack_short_bits_bb6_in(v_.0, v_.0 - 1, v_height)) [ v_.0 - 1 >= 0 ]
		(?, 1)    eval_clist_unpack_short_bits_bb1_in(v_.0, v_9, v_height) -> Com_1(eval_clist_unpack_short_bits_bb7_in(v_.0, v_.0 - 1, v_height)) [ v_.0 - 1 >= 0 ]
		(?, 1)    eval_clist_unpack_short_bits_bb1_in(v_.0, v_9, v_height) -> Com_1(eval_clist_unpack_short_bits_bb8_in(v_.0, v_.0 - 1, v_height)) [ v_.0 - 1 >= 0 ]
		(?, 1)    eval_clist_unpack_short_bits_bb1_in(v_.0, v_9, v_height) -> Com_1(eval_clist_unpack_short_bits_NewDefault_in(v_.0, v_.0 - 1, v_height)) [ v_.0 - 1 >= 0 ]
		(?, 1)    eval_clist_unpack_short_bits_bb1_in(v_.0, v_9, v_height) -> Com_1(eval_clist_unpack_short_bits_bb1_in(v_.0 - 1, v_9, v_height)) [ v_.0 - 1 >= 0 ]
		(1, 1)    eval_clist_unpack_short_bits_bb0_in(v_.0, v_9, v_height) -> Com_1(eval_clist_unpack_short_bits_bb1_in(v_height, v_9, v_height))
		(1, 1)    eval_clist_unpack_short_bits_start(v_.0, v_9, v_height) -> Com_1(eval_clist_unpack_short_bits_bb0_in(v_.0, v_9, v_height))
	start location:	eval_clist_unpack_short_bits_start
	leaf cost:	0

Applied AI with 'oct' on problem 4 to obtain the following invariants:
  For symbol eval_clist_unpack_short_bits_31: X_3 - 1 >= 0 /\ X_2 + X_3 - 1 >= 0 /\ -X_2 + X_3 - 1 >= 0 /\ X_1 + X_3 - 2 >= 0 /\ -X_1 + X_3 >= 0 /\ X_1 - X_2 - 1 >= 0 /\ X_2 >= 0 /\ X_1 + X_2 - 1 >= 0 /\ -X_1 + X_2 + 1 >= 0 /\ X_1 - 1 >= 0
  For symbol eval_clist_unpack_short_bits_32: X_3 - 1 >= 0 /\ X_2 + X_3 - 1 >= 0 /\ -X_2 + X_3 - 1 >= 0 /\ X_1 + X_3 - 2 >= 0 /\ -X_1 + X_3 >= 0 /\ X_1 - X_2 - 1 >= 0 /\ X_2 >= 0 /\ X_1 + X_2 - 1 >= 0 /\ -X_1 + X_2 + 1 >= 0 /\ X_1 - 1 >= 0
  For symbol eval_clist_unpack_short_bits_NewDefault_in: X_3 - 1 >= 0 /\ X_2 + X_3 - 1 >= 0 /\ -X_2 + X_3 - 1 >= 0 /\ X_1 + X_3 - 2 >= 0 /\ -X_1 + X_3 >= 0 /\ X_1 - X_2 - 1 >= 0 /\ X_2 >= 0 /\ X_1 + X_2 - 1 >= 0 /\ -X_1 + X_2 + 1 >= 0 /\ X_1 - 1 >= 0
  For symbol eval_clist_unpack_short_bits_bb1_in: -X_1 + X_3 >= 0
  For symbol eval_clist_unpack_short_bits_bb4_in: X_3 - 1 >= 0 /\ X_2 + X_3 - 1 >= 0 /\ -X_2 + X_3 - 1 >= 0 /\ X_1 + X_3 - 2 >= 0 /\ -X_1 + X_3 >= 0 /\ X_1 - X_2 - 1 >= 0 /\ X_2 >= 0 /\ X_1 + X_2 - 1 >= 0 /\ -X_1 + X_2 + 1 >= 0 /\ X_1 - 1 >= 0
  For symbol eval_clist_unpack_short_bits_bb5_in: X_3 - 1 >= 0 /\ X_2 + X_3 - 1 >= 0 /\ -X_2 + X_3 - 1 >= 0 /\ X_1 + X_3 - 2 >= 0 /\ -X_1 + X_3 >= 0 /\ X_1 - X_2 - 1 >= 0 /\ X_2 >= 0 /\ X_1 + X_2 - 1 >= 0 /\ -X_1 + X_2 + 1 >= 0 /\ X_1 - 1 >= 0
  For symbol eval_clist_unpack_short_bits_bb6_in: X_3 - 1 >= 0 /\ X_2 + X_3 - 1 >= 0 /\ -X_2 + X_3 - 1 >= 0 /\ X_1 + X_3 - 2 >= 0 /\ -X_1 + X_3 >= 0 /\ X_1 - X_2 - 1 >= 0 /\ X_2 >= 0 /\ X_1 + X_2 - 1 >= 0 /\ -X_1 + X_2 + 1 >= 0 /\ X_1 - 1 >= 0
  For symbol eval_clist_unpack_short_bits_bb7_in: X_3 - 1 >= 0 /\ X_2 + X_3 - 1 >= 0 /\ -X_2 + X_3 - 1 >= 0 /\ X_1 + X_3 - 2 >= 0 /\ -X_1 + X_3 >= 0 /\ X_1 - X_2 - 1 >= 0 /\ X_2 >= 0 /\ X_1 + X_2 - 1 >= 0 /\ -X_1 + X_2 + 1 >= 0 /\ X_1 - 1 >= 0
  For symbol eval_clist_unpack_short_bits_bb8_in: X_3 - 1 >= 0 /\ X_2 + X_3 - 1 >= 0 /\ -X_2 + X_3 - 1 >= 0 /\ X_1 + X_3 - 2 >= 0 /\ -X_1 + X_3 >= 0 /\ X_1 - X_2 - 1 >= 0 /\ X_2 >= 0 /\ X_1 + X_2 - 1 >= 0 /\ -X_1 + X_2 + 1 >= 0 /\ X_1 - 1 >= 0


This yielded the following problem:
5:	T:
		(1, 1)    eval_clist_unpack_short_bits_start(v_.0, v_9, v_height) -> Com_1(eval_clist_unpack_short_bits_bb0_in(v_.0, v_9, v_height))
		(1, 1)    eval_clist_unpack_short_bits_bb0_in(v_.0, v_9, v_height) -> Com_1(eval_clist_unpack_short_bits_bb1_in(v_height, v_9, v_height))
		(?, 1)    eval_clist_unpack_short_bits_bb1_in(v_.0, v_9, v_height) -> Com_1(eval_clist_unpack_short_bits_bb1_in(v_.0 - 1, v_9, v_height)) [ -v_.0 + v_height >= 0 /\ v_.0 - 1 >= 0 ]
		(?, 1)    eval_clist_unpack_short_bits_bb1_in(v_.0, v_9, v_height) -> Com_1(eval_clist_unpack_short_bits_NewDefault_in(v_.0, v_.0 - 1, v_height)) [ -v_.0 + v_height >= 0 /\ v_.0 - 1 >= 0 ]
		(?, 1)    eval_clist_unpack_short_bits_bb1_in(v_.0, v_9, v_height) -> Com_1(eval_clist_unpack_short_bits_bb8_in(v_.0, v_.0 - 1, v_height)) [ -v_.0 + v_height >= 0 /\ v_.0 - 1 >= 0 ]
		(?, 1)    eval_clist_unpack_short_bits_bb1_in(v_.0, v_9, v_height) -> Com_1(eval_clist_unpack_short_bits_bb7_in(v_.0, v_.0 - 1, v_height)) [ -v_.0 + v_height >= 0 /\ v_.0 - 1 >= 0 ]
		(?, 1)    eval_clist_unpack_short_bits_bb1_in(v_.0, v_9, v_height) -> Com_1(eval_clist_unpack_short_bits_bb6_in(v_.0, v_.0 - 1, v_height)) [ -v_.0 + v_height >= 0 /\ v_.0 - 1 >= 0 ]
		(?, 1)    eval_clist_unpack_short_bits_bb1_in(v_.0, v_9, v_height) -> Com_1(eval_clist_unpack_short_bits_bb5_in(v_.0, v_.0 - 1, v_height)) [ -v_.0 + v_height >= 0 /\ v_.0 - 1 >= 0 ]
		(?, 1)    eval_clist_unpack_short_bits_bb1_in(v_.0, v_9, v_height) -> Com_1(eval_clist_unpack_short_bits_bb4_in(v_.0, v_.0 - 1, v_height)) [ -v_.0 + v_height >= 0 /\ v_.0 - 1 >= 0 ]
		(1, 1)    eval_clist_unpack_short_bits_bb1_in(v_.0, v_9, v_height) -> Com_1(eval_clist_unpack_short_bits_stop(v_.0, v_9, v_height)) [ -v_.0 + v_height >= 0 /\ v_.0 - 1 < 0 ]
		(?, 1)    eval_clist_unpack_short_bits_bb4_in(v_.0, v_9, v_height) -> Com_1(eval_clist_unpack_short_bits_bb5_in(v_.0, v_9, v_height)) [ v_height - 1 >= 0 /\ v_9 + v_height - 1 >= 0 /\ -v_9 + v_height - 1 >= 0 /\ v_.0 + v_height - 2 >= 0 /\ -v_.0 + v_height >= 0 /\ v_.0 - v_9 - 1 >= 0 /\ v_9 >= 0 /\ v_.0 + v_9 - 1 >= 0 /\ -v_.0 + v_9 + 1 >= 0 /\ v_.0 - 1 >= 0 ]
		(?, 1)    eval_clist_unpack_short_bits_bb5_in(v_.0, v_9, v_height) -> Com_1(eval_clist_unpack_short_bits_bb6_in(v_.0, v_9, v_height)) [ v_height - 1 >= 0 /\ v_9 + v_height - 1 >= 0 /\ -v_9 + v_height - 1 >= 0 /\ v_.0 + v_height - 2 >= 0 /\ -v_.0 + v_height >= 0 /\ v_.0 - v_9 - 1 >= 0 /\ v_9 >= 0 /\ v_.0 + v_9 - 1 >= 0 /\ -v_.0 + v_9 + 1 >= 0 /\ v_.0 - 1 >= 0 ]
		(?, 1)    eval_clist_unpack_short_bits_bb6_in(v_.0, v_9, v_height) -> Com_1(eval_clist_unpack_short_bits_bb7_in(v_.0, v_9, v_height)) [ v_height - 1 >= 0 /\ v_9 + v_height - 1 >= 0 /\ -v_9 + v_height - 1 >= 0 /\ v_.0 + v_height - 2 >= 0 /\ -v_.0 + v_height >= 0 /\ v_.0 - v_9 - 1 >= 0 /\ v_9 >= 0 /\ v_.0 + v_9 - 1 >= 0 /\ -v_.0 + v_9 + 1 >= 0 /\ v_.0 - 1 >= 0 ]
		(?, 1)    eval_clist_unpack_short_bits_bb7_in(v_.0, v_9, v_height) -> Com_1(eval_clist_unpack_short_bits_bb8_in(v_.0, v_9, v_height)) [ v_height - 1 >= 0 /\ v_9 + v_height - 1 >= 0 /\ -v_9 + v_height - 1 >= 0 /\ v_.0 + v_height - 2 >= 0 /\ -v_.0 + v_height >= 0 /\ v_.0 - v_9 - 1 >= 0 /\ v_9 >= 0 /\ v_.0 + v_9 - 1 >= 0 /\ -v_.0 + v_9 + 1 >= 0 /\ v_.0 - 1 >= 0 ]
		(?, 1)    eval_clist_unpack_short_bits_bb8_in(v_.0, v_9, v_height) -> Com_1(eval_clist_unpack_short_bits_bb1_in(v_9, v_9, v_height)) [ v_height - 1 >= 0 /\ v_9 + v_height - 1 >= 0 /\ -v_9 + v_height - 1 >= 0 /\ v_.0 + v_height - 2 >= 0 /\ -v_.0 + v_height >= 0 /\ v_.0 - v_9 - 1 >= 0 /\ v_9 >= 0 /\ v_.0 + v_9 - 1 >= 0 /\ -v_.0 + v_9 + 1 >= 0 /\ v_.0 - 1 >= 0 ]
		(?, 1)    eval_clist_unpack_short_bits_NewDefault_in(v_.0, v_9, v_height) -> Com_1(eval_clist_unpack_short_bits_31(v_.0, v_9, v_height)) [ v_height - 1 >= 0 /\ v_9 + v_height - 1 >= 0 /\ -v_9 + v_height - 1 >= 0 /\ v_.0 + v_height - 2 >= 0 /\ -v_.0 + v_height >= 0 /\ v_.0 - v_9 - 1 >= 0 /\ v_9 >= 0 /\ v_.0 + v_9 - 1 >= 0 /\ -v_.0 + v_9 + 1 >= 0 /\ v_.0 - 1 >= 0 ]
		(?, 1)    eval_clist_unpack_short_bits_31(v_.0, v_9, v_height) -> Com_2(eval_llvm.memmove.p0i8.p0i8.i64_start(v_.0, v_9, v_height), eval_clist_unpack_short_bits_32(v_.0, v_9, v_height)) [ v_height - 1 >= 0 /\ v_9 + v_height - 1 >= 0 /\ -v_9 + v_height - 1 >= 0 /\ v_.0 + v_height - 2 >= 0 /\ -v_.0 + v_height >= 0 /\ v_.0 - v_9 - 1 >= 0 /\ v_9 >= 0 /\ v_.0 + v_9 - 1 >= 0 /\ -v_.0 + v_9 + 1 >= 0 /\ v_.0 - 1 >= 0 ]
		(?, 1)    eval_clist_unpack_short_bits_32(v_.0, v_9, v_height) -> Com_1(eval_clist_unpack_short_bits_bb1_in(v_9, v_9, v_height)) [ v_height - 1 >= 0 /\ v_9 + v_height - 1 >= 0 /\ -v_9 + v_height - 1 >= 0 /\ v_.0 + v_height - 2 >= 0 /\ -v_.0 + v_height >= 0 /\ v_.0 - v_9 - 1 >= 0 /\ v_9 >= 0 /\ v_.0 + v_9 - 1 >= 0 /\ -v_.0 + v_9 + 1 >= 0 /\ v_.0 - 1 >= 0 ]
	start location:	eval_clist_unpack_short_bits_start
	leaf cost:	0

A polynomial rank function with
	Pol(eval_clist_unpack_short_bits_start) = 6*V_3
	Pol(eval_clist_unpack_short_bits_bb0_in) = 6*V_3
	Pol(eval_clist_unpack_short_bits_bb1_in) = 6*V_1
	Pol(eval_clist_unpack_short_bits_NewDefault_in) = 6*V_2 + 3
	Pol(eval_clist_unpack_short_bits_bb8_in) = 6*V_1 - 5
	Pol(eval_clist_unpack_short_bits_bb7_in) = 6*V_1 - 4
	Pol(eval_clist_unpack_short_bits_bb6_in) = 6*V_1 - 3
	Pol(eval_clist_unpack_short_bits_bb5_in) = 6*V_2 + 4
	Pol(eval_clist_unpack_short_bits_bb4_in) = 6*V_1 - 1
	Pol(eval_clist_unpack_short_bits_stop) = 6*V_1
	Pol(eval_clist_unpack_short_bits_31) = 6*V_2 + 2
	Pol(eval_llvm.memmove.p0i8.p0i8.i64_start) = -V_1
	Pol(eval_clist_unpack_short_bits_32) = V_1 + 5*V_2
orients all transitions weakly and the transitions
	eval_clist_unpack_short_bits_bb8_in(v_.0, v_9, v_height) -> Com_1(eval_clist_unpack_short_bits_bb1_in(v_9, v_9, v_height)) [ v_height - 1 >= 0 /\ v_9 + v_height - 1 >= 0 /\ -v_9 + v_height - 1 >= 0 /\ v_.0 + v_height - 2 >= 0 /\ -v_.0 + v_height >= 0 /\ v_.0 - v_9 - 1 >= 0 /\ v_9 >= 0 /\ v_.0 + v_9 - 1 >= 0 /\ -v_.0 + v_9 + 1 >= 0 /\ v_.0 - 1 >= 0 ]
	eval_clist_unpack_short_bits_bb7_in(v_.0, v_9, v_height) -> Com_1(eval_clist_unpack_short_bits_bb8_in(v_.0, v_9, v_height)) [ v_height - 1 >= 0 /\ v_9 + v_height - 1 >= 0 /\ -v_9 + v_height - 1 >= 0 /\ v_.0 + v_height - 2 >= 0 /\ -v_.0 + v_height >= 0 /\ v_.0 - v_9 - 1 >= 0 /\ v_9 >= 0 /\ v_.0 + v_9 - 1 >= 0 /\ -v_.0 + v_9 + 1 >= 0 /\ v_.0 - 1 >= 0 ]
	eval_clist_unpack_short_bits_bb6_in(v_.0, v_9, v_height) -> Com_1(eval_clist_unpack_short_bits_bb7_in(v_.0, v_9, v_height)) [ v_height - 1 >= 0 /\ v_9 + v_height - 1 >= 0 /\ -v_9 + v_height - 1 >= 0 /\ v_.0 + v_height - 2 >= 0 /\ -v_.0 + v_height >= 0 /\ v_.0 - v_9 - 1 >= 0 /\ v_9 >= 0 /\ v_.0 + v_9 - 1 >= 0 /\ -v_.0 + v_9 + 1 >= 0 /\ v_.0 - 1 >= 0 ]
	eval_clist_unpack_short_bits_bb5_in(v_.0, v_9, v_height) -> Com_1(eval_clist_unpack_short_bits_bb6_in(v_.0, v_9, v_height)) [ v_height - 1 >= 0 /\ v_9 + v_height - 1 >= 0 /\ -v_9 + v_height - 1 >= 0 /\ v_.0 + v_height - 2 >= 0 /\ -v_.0 + v_height >= 0 /\ v_.0 - v_9 - 1 >= 0 /\ v_9 >= 0 /\ v_.0 + v_9 - 1 >= 0 /\ -v_.0 + v_9 + 1 >= 0 /\ v_.0 - 1 >= 0 ]
	eval_clist_unpack_short_bits_bb4_in(v_.0, v_9, v_height) -> Com_1(eval_clist_unpack_short_bits_bb5_in(v_.0, v_9, v_height)) [ v_height - 1 >= 0 /\ v_9 + v_height - 1 >= 0 /\ -v_9 + v_height - 1 >= 0 /\ v_.0 + v_height - 2 >= 0 /\ -v_.0 + v_height >= 0 /\ v_.0 - v_9 - 1 >= 0 /\ v_9 >= 0 /\ v_.0 + v_9 - 1 >= 0 /\ -v_.0 + v_9 + 1 >= 0 /\ v_.0 - 1 >= 0 ]
	eval_clist_unpack_short_bits_bb1_in(v_.0, v_9, v_height) -> Com_1(eval_clist_unpack_short_bits_bb8_in(v_.0, v_.0 - 1, v_height)) [ -v_.0 + v_height >= 0 /\ v_.0 - 1 >= 0 ]
	eval_clist_unpack_short_bits_bb1_in(v_.0, v_9, v_height) -> Com_1(eval_clist_unpack_short_bits_bb7_in(v_.0, v_.0 - 1, v_height)) [ -v_.0 + v_height >= 0 /\ v_.0 - 1 >= 0 ]
	eval_clist_unpack_short_bits_bb1_in(v_.0, v_9, v_height) -> Com_1(eval_clist_unpack_short_bits_bb6_in(v_.0, v_.0 - 1, v_height)) [ -v_.0 + v_height >= 0 /\ v_.0 - 1 >= 0 ]
	eval_clist_unpack_short_bits_bb1_in(v_.0, v_9, v_height) -> Com_1(eval_clist_unpack_short_bits_bb5_in(v_.0, v_.0 - 1, v_height)) [ -v_.0 + v_height >= 0 /\ v_.0 - 1 >= 0 ]
	eval_clist_unpack_short_bits_bb1_in(v_.0, v_9, v_height) -> Com_1(eval_clist_unpack_short_bits_bb4_in(v_.0, v_.0 - 1, v_height)) [ -v_.0 + v_height >= 0 /\ v_.0 - 1 >= 0 ]
	eval_clist_unpack_short_bits_bb1_in(v_.0, v_9, v_height) -> Com_1(eval_clist_unpack_short_bits_bb1_in(v_.0 - 1, v_9, v_height)) [ -v_.0 + v_height >= 0 /\ v_.0 - 1 >= 0 ]
	eval_clist_unpack_short_bits_bb1_in(v_.0, v_9, v_height) -> Com_1(eval_clist_unpack_short_bits_NewDefault_in(v_.0, v_.0 - 1, v_height)) [ -v_.0 + v_height >= 0 /\ v_.0 - 1 >= 0 ]
	eval_clist_unpack_short_bits_NewDefault_in(v_.0, v_9, v_height) -> Com_1(eval_clist_unpack_short_bits_31(v_.0, v_9, v_height)) [ v_height - 1 >= 0 /\ v_9 + v_height - 1 >= 0 /\ -v_9 + v_height - 1 >= 0 /\ v_.0 + v_height - 2 >= 0 /\ -v_.0 + v_height >= 0 /\ v_.0 - v_9 - 1 >= 0 /\ v_9 >= 0 /\ v_.0 + v_9 - 1 >= 0 /\ -v_.0 + v_9 + 1 >= 0 /\ v_.0 - 1 >= 0 ]
	eval_clist_unpack_short_bits_32(v_.0, v_9, v_height) -> Com_1(eval_clist_unpack_short_bits_bb1_in(v_9, v_9, v_height)) [ v_height - 1 >= 0 /\ v_9 + v_height - 1 >= 0 /\ -v_9 + v_height - 1 >= 0 /\ v_.0 + v_height - 2 >= 0 /\ -v_.0 + v_height >= 0 /\ v_.0 - v_9 - 1 >= 0 /\ v_9 >= 0 /\ v_.0 + v_9 - 1 >= 0 /\ -v_.0 + v_9 + 1 >= 0 /\ v_.0 - 1 >= 0 ]
	eval_clist_unpack_short_bits_31(v_.0, v_9, v_height) -> Com_2(eval_llvm.memmove.p0i8.p0i8.i64_start(v_.0, v_9, v_height), eval_clist_unpack_short_bits_32(v_.0, v_9, v_height)) [ v_height - 1 >= 0 /\ v_9 + v_height - 1 >= 0 /\ -v_9 + v_height - 1 >= 0 /\ v_.0 + v_height - 2 >= 0 /\ -v_.0 + v_height >= 0 /\ v_.0 - v_9 - 1 >= 0 /\ v_9 >= 0 /\ v_.0 + v_9 - 1 >= 0 /\ -v_.0 + v_9 + 1 >= 0 /\ v_.0 - 1 >= 0 ]
strictly and produces the following problem:
6:	T:
		(1, 1)             eval_clist_unpack_short_bits_start(v_.0, v_9, v_height) -> Com_1(eval_clist_unpack_short_bits_bb0_in(v_.0, v_9, v_height))
		(1, 1)             eval_clist_unpack_short_bits_bb0_in(v_.0, v_9, v_height) -> Com_1(eval_clist_unpack_short_bits_bb1_in(v_height, v_9, v_height))
		(6*v_height, 1)    eval_clist_unpack_short_bits_bb1_in(v_.0, v_9, v_height) -> Com_1(eval_clist_unpack_short_bits_bb1_in(v_.0 - 1, v_9, v_height)) [ -v_.0 + v_height >= 0 /\ v_.0 - 1 >= 0 ]
		(6*v_height, 1)    eval_clist_unpack_short_bits_bb1_in(v_.0, v_9, v_height) -> Com_1(eval_clist_unpack_short_bits_NewDefault_in(v_.0, v_.0 - 1, v_height)) [ -v_.0 + v_height >= 0 /\ v_.0 - 1 >= 0 ]
		(6*v_height, 1)    eval_clist_unpack_short_bits_bb1_in(v_.0, v_9, v_height) -> Com_1(eval_clist_unpack_short_bits_bb8_in(v_.0, v_.0 - 1, v_height)) [ -v_.0 + v_height >= 0 /\ v_.0 - 1 >= 0 ]
		(6*v_height, 1)    eval_clist_unpack_short_bits_bb1_in(v_.0, v_9, v_height) -> Com_1(eval_clist_unpack_short_bits_bb7_in(v_.0, v_.0 - 1, v_height)) [ -v_.0 + v_height >= 0 /\ v_.0 - 1 >= 0 ]
		(6*v_height, 1)    eval_clist_unpack_short_bits_bb1_in(v_.0, v_9, v_height) -> Com_1(eval_clist_unpack_short_bits_bb6_in(v_.0, v_.0 - 1, v_height)) [ -v_.0 + v_height >= 0 /\ v_.0 - 1 >= 0 ]
		(6*v_height, 1)    eval_clist_unpack_short_bits_bb1_in(v_.0, v_9, v_height) -> Com_1(eval_clist_unpack_short_bits_bb5_in(v_.0, v_.0 - 1, v_height)) [ -v_.0 + v_height >= 0 /\ v_.0 - 1 >= 0 ]
		(6*v_height, 1)    eval_clist_unpack_short_bits_bb1_in(v_.0, v_9, v_height) -> Com_1(eval_clist_unpack_short_bits_bb4_in(v_.0, v_.0 - 1, v_height)) [ -v_.0 + v_height >= 0 /\ v_.0 - 1 >= 0 ]
		(1, 1)             eval_clist_unpack_short_bits_bb1_in(v_.0, v_9, v_height) -> Com_1(eval_clist_unpack_short_bits_stop(v_.0, v_9, v_height)) [ -v_.0 + v_height >= 0 /\ v_.0 - 1 < 0 ]
		(6*v_height, 1)    eval_clist_unpack_short_bits_bb4_in(v_.0, v_9, v_height) -> Com_1(eval_clist_unpack_short_bits_bb5_in(v_.0, v_9, v_height)) [ v_height - 1 >= 0 /\ v_9 + v_height - 1 >= 0 /\ -v_9 + v_height - 1 >= 0 /\ v_.0 + v_height - 2 >= 0 /\ -v_.0 + v_height >= 0 /\ v_.0 - v_9 - 1 >= 0 /\ v_9 >= 0 /\ v_.0 + v_9 - 1 >= 0 /\ -v_.0 + v_9 + 1 >= 0 /\ v_.0 - 1 >= 0 ]
		(6*v_height, 1)    eval_clist_unpack_short_bits_bb5_in(v_.0, v_9, v_height) -> Com_1(eval_clist_unpack_short_bits_bb6_in(v_.0, v_9, v_height)) [ v_height - 1 >= 0 /\ v_9 + v_height - 1 >= 0 /\ -v_9 + v_height - 1 >= 0 /\ v_.0 + v_height - 2 >= 0 /\ -v_.0 + v_height >= 0 /\ v_.0 - v_9 - 1 >= 0 /\ v_9 >= 0 /\ v_.0 + v_9 - 1 >= 0 /\ -v_.0 + v_9 + 1 >= 0 /\ v_.0 - 1 >= 0 ]
		(6*v_height, 1)    eval_clist_unpack_short_bits_bb6_in(v_.0, v_9, v_height) -> Com_1(eval_clist_unpack_short_bits_bb7_in(v_.0, v_9, v_height)) [ v_height - 1 >= 0 /\ v_9 + v_height - 1 >= 0 /\ -v_9 + v_height - 1 >= 0 /\ v_.0 + v_height - 2 >= 0 /\ -v_.0 + v_height >= 0 /\ v_.0 - v_9 - 1 >= 0 /\ v_9 >= 0 /\ v_.0 + v_9 - 1 >= 0 /\ -v_.0 + v_9 + 1 >= 0 /\ v_.0 - 1 >= 0 ]
		(6*v_height, 1)    eval_clist_unpack_short_bits_bb7_in(v_.0, v_9, v_height) -> Com_1(eval_clist_unpack_short_bits_bb8_in(v_.0, v_9, v_height)) [ v_height - 1 >= 0 /\ v_9 + v_height - 1 >= 0 /\ -v_9 + v_height - 1 >= 0 /\ v_.0 + v_height - 2 >= 0 /\ -v_.0 + v_height >= 0 /\ v_.0 - v_9 - 1 >= 0 /\ v_9 >= 0 /\ v_.0 + v_9 - 1 >= 0 /\ -v_.0 + v_9 + 1 >= 0 /\ v_.0 - 1 >= 0 ]
		(6*v_height, 1)    eval_clist_unpack_short_bits_bb8_in(v_.0, v_9, v_height) -> Com_1(eval_clist_unpack_short_bits_bb1_in(v_9, v_9, v_height)) [ v_height - 1 >= 0 /\ v_9 + v_height - 1 >= 0 /\ -v_9 + v_height - 1 >= 0 /\ v_.0 + v_height - 2 >= 0 /\ -v_.0 + v_height >= 0 /\ v_.0 - v_9 - 1 >= 0 /\ v_9 >= 0 /\ v_.0 + v_9 - 1 >= 0 /\ -v_.0 + v_9 + 1 >= 0 /\ v_.0 - 1 >= 0 ]
		(6*v_height, 1)    eval_clist_unpack_short_bits_NewDefault_in(v_.0, v_9, v_height) -> Com_1(eval_clist_unpack_short_bits_31(v_.0, v_9, v_height)) [ v_height - 1 >= 0 /\ v_9 + v_height - 1 >= 0 /\ -v_9 + v_height - 1 >= 0 /\ v_.0 + v_height - 2 >= 0 /\ -v_.0 + v_height >= 0 /\ v_.0 - v_9 - 1 >= 0 /\ v_9 >= 0 /\ v_.0 + v_9 - 1 >= 0 /\ -v_.0 + v_9 + 1 >= 0 /\ v_.0 - 1 >= 0 ]
		(6*v_height, 1)    eval_clist_unpack_short_bits_31(v_.0, v_9, v_height) -> Com_2(eval_llvm.memmove.p0i8.p0i8.i64_start(v_.0, v_9, v_height), eval_clist_unpack_short_bits_32(v_.0, v_9, v_height)) [ v_height - 1 >= 0 /\ v_9 + v_height - 1 >= 0 /\ -v_9 + v_height - 1 >= 0 /\ v_.0 + v_height - 2 >= 0 /\ -v_.0 + v_height >= 0 /\ v_.0 - v_9 - 1 >= 0 /\ v_9 >= 0 /\ v_.0 + v_9 - 1 >= 0 /\ -v_.0 + v_9 + 1 >= 0 /\ v_.0 - 1 >= 0 ]
		(6*v_height, 1)    eval_clist_unpack_short_bits_32(v_.0, v_9, v_height) -> Com_1(eval_clist_unpack_short_bits_bb1_in(v_9, v_9, v_height)) [ v_height - 1 >= 0 /\ v_9 + v_height - 1 >= 0 /\ -v_9 + v_height - 1 >= 0 /\ v_.0 + v_height - 2 >= 0 /\ -v_.0 + v_height >= 0 /\ v_.0 - v_9 - 1 >= 0 /\ v_9 >= 0 /\ v_.0 + v_9 - 1 >= 0 /\ -v_.0 + v_9 + 1 >= 0 /\ v_.0 - 1 >= 0 ]
	start location:	eval_clist_unpack_short_bits_start
	leaf cost:	0

Complexity upper bound 90*v_height + 3

Time: 1.030 sec (SMT: 0.867 sec)
