YES(?, 5659)

Initial complexity problem:
1:	T:
		(1, 1)    eval_cie_joint_caches_init_start(v_i.0, v_j.0) -> Com_1(eval_cie_joint_caches_init_bb0_in(v_i.0, v_j.0))
		(?, 1)    eval_cie_joint_caches_init_bb0_in(v_i.0, v_j.0) -> Com_1(eval_cie_joint_caches_init_0(v_i.0, v_j.0))
		(?, 1)    eval_cie_joint_caches_init_0(v_i.0, v_j.0) -> Com_2(eval_llvm.memcpy.p0i8.p0i8.i64_start(v_i.0, v_j.0), eval_cie_joint_caches_init_1(v_i.0, v_j.0))
		(?, 1)    eval_cie_joint_caches_init_1(v_i.0, v_j.0) -> Com_2(eval_cie_mult3_start(v_i.0, v_j.0), eval_cie_joint_caches_init_2(v_i.0, v_j.0))
		(?, 1)    eval_cie_joint_caches_init_2(v_i.0, v_j.0) -> Com_2(eval_llvm.memcpy.p0i8.p0i8.i64_start(v_i.0, v_j.0), eval_cie_joint_caches_init_3(v_i.0, v_j.0))
		(?, 1)    eval_cie_joint_caches_init_3(v_i.0, v_j.0) -> Com_2(eval_cie_mult3_start(v_i.0, v_j.0), eval_cie_joint_caches_init_4(v_i.0, v_j.0))
		(?, 1)    eval_cie_joint_caches_init_4(v_i.0, v_j.0) -> Com_2(eval_llvm.memcpy.p0i8.p0i8.i64_start(v_i.0, v_j.0), eval_cie_joint_caches_init_5(v_i.0, v_j.0))
		(?, 1)    eval_cie_joint_caches_init_5(v_i.0, v_j.0) -> Com_2(eval_llvm.memcpy.p0i8.p0i8.i64_start(v_i.0, v_j.0), eval_cie_joint_caches_init_6(v_i.0, v_j.0))
		(?, 1)    eval_cie_joint_caches_init_6(v_i.0, v_j.0) -> Com_2(eval_llvm.memcpy.p0i8.p0i8.i64_start(v_i.0, v_j.0), eval_cie_joint_caches_init_7(v_i.0, v_j.0))
		(?, 1)    eval_cie_joint_caches_init_7(v_i.0, v_j.0) -> Com_2(eval_llvm.memcpy.p0i8.p0i8.i64_start(v_i.0, v_j.0), eval_cie_joint_caches_init_8(v_i.0, v_j.0))
		(?, 1)    eval_cie_joint_caches_init_8(v_i.0, v_j.0) -> Com_2(eval_cie_matrix_mult3_start(v_i.0, v_j.0), eval_cie_joint_caches_init_9(v_i.0, v_j.0))
		(?, 1)    eval_cie_joint_caches_init_9(v_i.0, v_j.0) -> Com_2(eval_gs_cie_cache_init_start(v_i.0, v_j.0), eval_cie_joint_caches_init_10(v_i.0, v_j.0))
		(?, 1)    eval_cie_joint_caches_init_10(v_i.0, v_j.0) -> Com_2(eval_gs_cie_cache_init_start(v_i.0, v_j.0), eval_cie_joint_caches_init_11(v_i.0, v_j.0))
		(?, 1)    eval_cie_joint_caches_init_11(v_i.0, v_j.0) -> Com_2(eval_gs_cie_cache_init_start(v_i.0, v_j.0), eval_cie_joint_caches_init_12(v_i.0, v_j.0))
		(?, 1)    eval_cie_joint_caches_init_12(v_i.0, v_j.0) -> Com_1(eval_cie_joint_caches_init_bb1_in(0, v_j.0))
		(?, 1)    eval_cie_joint_caches_init_bb1_in(v_i.0, v_j.0) -> Com_1(eval_cie_joint_caches_init_bb3_in(v_i.0, 0)) [ v_i.0 < 512 ]
		(?, 1)    eval_cie_joint_caches_init_bb1_in(v_i.0, v_j.0) -> Com_1(eval_cie_joint_caches_init_stop(v_i.0, v_j.0)) [ v_i.0 >= 512 ]
		(?, 1)    eval_cie_joint_caches_init_bb3_in(v_i.0, v_j.0) -> Com_1(eval_cie_joint_caches_init_17(v_i.0, v_j.0)) [ v_j.0 < 3 ]
		(?, 1)    eval_cie_joint_caches_init_bb3_in(v_i.0, v_j.0) -> Com_1(eval_cie_joint_caches_init_bb1_in(v_i.0 + 1, v_j.0)) [ v_j.0 >= 3 ]
		(?, 1)    eval_cie_joint_caches_init_17(v_i.0, v_j.0) -> Com_1(eval_cie_joint_caches_init_18(v_i.0, v_j.0))
		(?, 1)    eval_cie_joint_caches_init_18(v_i.0, v_j.0) -> Com_1(eval_cie_joint_caches_init_bb3_in(v_i.0, v_j.0 + 1))
	start location:	eval_cie_joint_caches_init_start
	leaf cost:	0

Repeatedly propagating knowledge in problem 1 produces the following problem:
2:	T:
		(1, 1)    eval_cie_joint_caches_init_start(v_i.0, v_j.0) -> Com_1(eval_cie_joint_caches_init_bb0_in(v_i.0, v_j.0))
		(1, 1)    eval_cie_joint_caches_init_bb0_in(v_i.0, v_j.0) -> Com_1(eval_cie_joint_caches_init_0(v_i.0, v_j.0))
		(1, 1)    eval_cie_joint_caches_init_0(v_i.0, v_j.0) -> Com_2(eval_llvm.memcpy.p0i8.p0i8.i64_start(v_i.0, v_j.0), eval_cie_joint_caches_init_1(v_i.0, v_j.0))
		(1, 1)    eval_cie_joint_caches_init_1(v_i.0, v_j.0) -> Com_2(eval_cie_mult3_start(v_i.0, v_j.0), eval_cie_joint_caches_init_2(v_i.0, v_j.0))
		(1, 1)    eval_cie_joint_caches_init_2(v_i.0, v_j.0) -> Com_2(eval_llvm.memcpy.p0i8.p0i8.i64_start(v_i.0, v_j.0), eval_cie_joint_caches_init_3(v_i.0, v_j.0))
		(1, 1)    eval_cie_joint_caches_init_3(v_i.0, v_j.0) -> Com_2(eval_cie_mult3_start(v_i.0, v_j.0), eval_cie_joint_caches_init_4(v_i.0, v_j.0))
		(1, 1)    eval_cie_joint_caches_init_4(v_i.0, v_j.0) -> Com_2(eval_llvm.memcpy.p0i8.p0i8.i64_start(v_i.0, v_j.0), eval_cie_joint_caches_init_5(v_i.0, v_j.0))
		(1, 1)    eval_cie_joint_caches_init_5(v_i.0, v_j.0) -> Com_2(eval_llvm.memcpy.p0i8.p0i8.i64_start(v_i.0, v_j.0), eval_cie_joint_caches_init_6(v_i.0, v_j.0))
		(1, 1)    eval_cie_joint_caches_init_6(v_i.0, v_j.0) -> Com_2(eval_llvm.memcpy.p0i8.p0i8.i64_start(v_i.0, v_j.0), eval_cie_joint_caches_init_7(v_i.0, v_j.0))
		(1, 1)    eval_cie_joint_caches_init_7(v_i.0, v_j.0) -> Com_2(eval_llvm.memcpy.p0i8.p0i8.i64_start(v_i.0, v_j.0), eval_cie_joint_caches_init_8(v_i.0, v_j.0))
		(1, 1)    eval_cie_joint_caches_init_8(v_i.0, v_j.0) -> Com_2(eval_cie_matrix_mult3_start(v_i.0, v_j.0), eval_cie_joint_caches_init_9(v_i.0, v_j.0))
		(1, 1)    eval_cie_joint_caches_init_9(v_i.0, v_j.0) -> Com_2(eval_gs_cie_cache_init_start(v_i.0, v_j.0), eval_cie_joint_caches_init_10(v_i.0, v_j.0))
		(1, 1)    eval_cie_joint_caches_init_10(v_i.0, v_j.0) -> Com_2(eval_gs_cie_cache_init_start(v_i.0, v_j.0), eval_cie_joint_caches_init_11(v_i.0, v_j.0))
		(1, 1)    eval_cie_joint_caches_init_11(v_i.0, v_j.0) -> Com_2(eval_gs_cie_cache_init_start(v_i.0, v_j.0), eval_cie_joint_caches_init_12(v_i.0, v_j.0))
		(1, 1)    eval_cie_joint_caches_init_12(v_i.0, v_j.0) -> Com_1(eval_cie_joint_caches_init_bb1_in(0, v_j.0))
		(?, 1)    eval_cie_joint_caches_init_bb1_in(v_i.0, v_j.0) -> Com_1(eval_cie_joint_caches_init_bb3_in(v_i.0, 0)) [ v_i.0 < 512 ]
		(?, 1)    eval_cie_joint_caches_init_bb1_in(v_i.0, v_j.0) -> Com_1(eval_cie_joint_caches_init_stop(v_i.0, v_j.0)) [ v_i.0 >= 512 ]
		(?, 1)    eval_cie_joint_caches_init_bb3_in(v_i.0, v_j.0) -> Com_1(eval_cie_joint_caches_init_17(v_i.0, v_j.0)) [ v_j.0 < 3 ]
		(?, 1)    eval_cie_joint_caches_init_bb3_in(v_i.0, v_j.0) -> Com_1(eval_cie_joint_caches_init_bb1_in(v_i.0 + 1, v_j.0)) [ v_j.0 >= 3 ]
		(?, 1)    eval_cie_joint_caches_init_17(v_i.0, v_j.0) -> Com_1(eval_cie_joint_caches_init_18(v_i.0, v_j.0))
		(?, 1)    eval_cie_joint_caches_init_18(v_i.0, v_j.0) -> Com_1(eval_cie_joint_caches_init_bb3_in(v_i.0, v_j.0 + 1))
	start location:	eval_cie_joint_caches_init_start
	leaf cost:	0

A polynomial rank function with
	Pol(eval_cie_joint_caches_init_start) = 513
	Pol(eval_cie_joint_caches_init_bb0_in) = 513
	Pol(eval_cie_joint_caches_init_0) = 513
	Pol(eval_llvm.memcpy.p0i8.p0i8.i64_start) = 0
	Pol(eval_cie_joint_caches_init_1) = 513
	Pol(eval_cie_mult3_start) = 0
	Pol(eval_cie_joint_caches_init_2) = 513
	Pol(eval_cie_joint_caches_init_3) = 513
	Pol(eval_cie_joint_caches_init_4) = 513
	Pol(eval_cie_joint_caches_init_5) = 513
	Pol(eval_cie_joint_caches_init_6) = 513
	Pol(eval_cie_joint_caches_init_7) = 513
	Pol(eval_cie_joint_caches_init_8) = 513
	Pol(eval_cie_matrix_mult3_start) = 0
	Pol(eval_cie_joint_caches_init_9) = 513
	Pol(eval_gs_cie_cache_init_start) = 0
	Pol(eval_cie_joint_caches_init_10) = 513
	Pol(eval_cie_joint_caches_init_11) = 513
	Pol(eval_cie_joint_caches_init_12) = 513
	Pol(eval_cie_joint_caches_init_bb1_in) = -V_1 + 513
	Pol(eval_cie_joint_caches_init_bb3_in) = -V_1 + 512
	Pol(eval_cie_joint_caches_init_stop) = -V_1 + 512
	Pol(eval_cie_joint_caches_init_17) = -V_1 + 512
	Pol(eval_cie_joint_caches_init_18) = -V_1 + 512
orients all transitions weakly and the transition
	eval_cie_joint_caches_init_bb1_in(v_i.0, v_j.0) -> Com_1(eval_cie_joint_caches_init_bb3_in(v_i.0, 0)) [ v_i.0 < 512 ]
strictly and produces the following problem:
3:	T:
		(1, 1)      eval_cie_joint_caches_init_start(v_i.0, v_j.0) -> Com_1(eval_cie_joint_caches_init_bb0_in(v_i.0, v_j.0))
		(1, 1)      eval_cie_joint_caches_init_bb0_in(v_i.0, v_j.0) -> Com_1(eval_cie_joint_caches_init_0(v_i.0, v_j.0))
		(1, 1)      eval_cie_joint_caches_init_0(v_i.0, v_j.0) -> Com_2(eval_llvm.memcpy.p0i8.p0i8.i64_start(v_i.0, v_j.0), eval_cie_joint_caches_init_1(v_i.0, v_j.0))
		(1, 1)      eval_cie_joint_caches_init_1(v_i.0, v_j.0) -> Com_2(eval_cie_mult3_start(v_i.0, v_j.0), eval_cie_joint_caches_init_2(v_i.0, v_j.0))
		(1, 1)      eval_cie_joint_caches_init_2(v_i.0, v_j.0) -> Com_2(eval_llvm.memcpy.p0i8.p0i8.i64_start(v_i.0, v_j.0), eval_cie_joint_caches_init_3(v_i.0, v_j.0))
		(1, 1)      eval_cie_joint_caches_init_3(v_i.0, v_j.0) -> Com_2(eval_cie_mult3_start(v_i.0, v_j.0), eval_cie_joint_caches_init_4(v_i.0, v_j.0))
		(1, 1)      eval_cie_joint_caches_init_4(v_i.0, v_j.0) -> Com_2(eval_llvm.memcpy.p0i8.p0i8.i64_start(v_i.0, v_j.0), eval_cie_joint_caches_init_5(v_i.0, v_j.0))
		(1, 1)      eval_cie_joint_caches_init_5(v_i.0, v_j.0) -> Com_2(eval_llvm.memcpy.p0i8.p0i8.i64_start(v_i.0, v_j.0), eval_cie_joint_caches_init_6(v_i.0, v_j.0))
		(1, 1)      eval_cie_joint_caches_init_6(v_i.0, v_j.0) -> Com_2(eval_llvm.memcpy.p0i8.p0i8.i64_start(v_i.0, v_j.0), eval_cie_joint_caches_init_7(v_i.0, v_j.0))
		(1, 1)      eval_cie_joint_caches_init_7(v_i.0, v_j.0) -> Com_2(eval_llvm.memcpy.p0i8.p0i8.i64_start(v_i.0, v_j.0), eval_cie_joint_caches_init_8(v_i.0, v_j.0))
		(1, 1)      eval_cie_joint_caches_init_8(v_i.0, v_j.0) -> Com_2(eval_cie_matrix_mult3_start(v_i.0, v_j.0), eval_cie_joint_caches_init_9(v_i.0, v_j.0))
		(1, 1)      eval_cie_joint_caches_init_9(v_i.0, v_j.0) -> Com_2(eval_gs_cie_cache_init_start(v_i.0, v_j.0), eval_cie_joint_caches_init_10(v_i.0, v_j.0))
		(1, 1)      eval_cie_joint_caches_init_10(v_i.0, v_j.0) -> Com_2(eval_gs_cie_cache_init_start(v_i.0, v_j.0), eval_cie_joint_caches_init_11(v_i.0, v_j.0))
		(1, 1)      eval_cie_joint_caches_init_11(v_i.0, v_j.0) -> Com_2(eval_gs_cie_cache_init_start(v_i.0, v_j.0), eval_cie_joint_caches_init_12(v_i.0, v_j.0))
		(1, 1)      eval_cie_joint_caches_init_12(v_i.0, v_j.0) -> Com_1(eval_cie_joint_caches_init_bb1_in(0, v_j.0))
		(513, 1)    eval_cie_joint_caches_init_bb1_in(v_i.0, v_j.0) -> Com_1(eval_cie_joint_caches_init_bb3_in(v_i.0, 0)) [ v_i.0 < 512 ]
		(?, 1)      eval_cie_joint_caches_init_bb1_in(v_i.0, v_j.0) -> Com_1(eval_cie_joint_caches_init_stop(v_i.0, v_j.0)) [ v_i.0 >= 512 ]
		(?, 1)      eval_cie_joint_caches_init_bb3_in(v_i.0, v_j.0) -> Com_1(eval_cie_joint_caches_init_17(v_i.0, v_j.0)) [ v_j.0 < 3 ]
		(?, 1)      eval_cie_joint_caches_init_bb3_in(v_i.0, v_j.0) -> Com_1(eval_cie_joint_caches_init_bb1_in(v_i.0 + 1, v_j.0)) [ v_j.0 >= 3 ]
		(?, 1)      eval_cie_joint_caches_init_17(v_i.0, v_j.0) -> Com_1(eval_cie_joint_caches_init_18(v_i.0, v_j.0))
		(?, 1)      eval_cie_joint_caches_init_18(v_i.0, v_j.0) -> Com_1(eval_cie_joint_caches_init_bb3_in(v_i.0, v_j.0 + 1))
	start location:	eval_cie_joint_caches_init_start
	leaf cost:	0

A polynomial rank function with
	Pol(eval_cie_joint_caches_init_start) = 1
	Pol(eval_cie_joint_caches_init_bb0_in) = 1
	Pol(eval_cie_joint_caches_init_0) = 1
	Pol(eval_llvm.memcpy.p0i8.p0i8.i64_start) = 0
	Pol(eval_cie_joint_caches_init_1) = 1
	Pol(eval_cie_mult3_start) = 0
	Pol(eval_cie_joint_caches_init_2) = 1
	Pol(eval_cie_joint_caches_init_3) = 1
	Pol(eval_cie_joint_caches_init_4) = 1
	Pol(eval_cie_joint_caches_init_5) = 1
	Pol(eval_cie_joint_caches_init_6) = 1
	Pol(eval_cie_joint_caches_init_7) = 1
	Pol(eval_cie_joint_caches_init_8) = 1
	Pol(eval_cie_matrix_mult3_start) = 0
	Pol(eval_cie_joint_caches_init_9) = 1
	Pol(eval_gs_cie_cache_init_start) = 0
	Pol(eval_cie_joint_caches_init_10) = 1
	Pol(eval_cie_joint_caches_init_11) = 1
	Pol(eval_cie_joint_caches_init_12) = 1
	Pol(eval_cie_joint_caches_init_bb1_in) = 1
	Pol(eval_cie_joint_caches_init_bb3_in) = 1
	Pol(eval_cie_joint_caches_init_stop) = 0
	Pol(eval_cie_joint_caches_init_17) = 1
	Pol(eval_cie_joint_caches_init_18) = 1
orients all transitions weakly and the transition
	eval_cie_joint_caches_init_bb1_in(v_i.0, v_j.0) -> Com_1(eval_cie_joint_caches_init_stop(v_i.0, v_j.0)) [ v_i.0 >= 512 ]
strictly and produces the following problem:
4:	T:
		(1, 1)      eval_cie_joint_caches_init_start(v_i.0, v_j.0) -> Com_1(eval_cie_joint_caches_init_bb0_in(v_i.0, v_j.0))
		(1, 1)      eval_cie_joint_caches_init_bb0_in(v_i.0, v_j.0) -> Com_1(eval_cie_joint_caches_init_0(v_i.0, v_j.0))
		(1, 1)      eval_cie_joint_caches_init_0(v_i.0, v_j.0) -> Com_2(eval_llvm.memcpy.p0i8.p0i8.i64_start(v_i.0, v_j.0), eval_cie_joint_caches_init_1(v_i.0, v_j.0))
		(1, 1)      eval_cie_joint_caches_init_1(v_i.0, v_j.0) -> Com_2(eval_cie_mult3_start(v_i.0, v_j.0), eval_cie_joint_caches_init_2(v_i.0, v_j.0))
		(1, 1)      eval_cie_joint_caches_init_2(v_i.0, v_j.0) -> Com_2(eval_llvm.memcpy.p0i8.p0i8.i64_start(v_i.0, v_j.0), eval_cie_joint_caches_init_3(v_i.0, v_j.0))
		(1, 1)      eval_cie_joint_caches_init_3(v_i.0, v_j.0) -> Com_2(eval_cie_mult3_start(v_i.0, v_j.0), eval_cie_joint_caches_init_4(v_i.0, v_j.0))
		(1, 1)      eval_cie_joint_caches_init_4(v_i.0, v_j.0) -> Com_2(eval_llvm.memcpy.p0i8.p0i8.i64_start(v_i.0, v_j.0), eval_cie_joint_caches_init_5(v_i.0, v_j.0))
		(1, 1)      eval_cie_joint_caches_init_5(v_i.0, v_j.0) -> Com_2(eval_llvm.memcpy.p0i8.p0i8.i64_start(v_i.0, v_j.0), eval_cie_joint_caches_init_6(v_i.0, v_j.0))
		(1, 1)      eval_cie_joint_caches_init_6(v_i.0, v_j.0) -> Com_2(eval_llvm.memcpy.p0i8.p0i8.i64_start(v_i.0, v_j.0), eval_cie_joint_caches_init_7(v_i.0, v_j.0))
		(1, 1)      eval_cie_joint_caches_init_7(v_i.0, v_j.0) -> Com_2(eval_llvm.memcpy.p0i8.p0i8.i64_start(v_i.0, v_j.0), eval_cie_joint_caches_init_8(v_i.0, v_j.0))
		(1, 1)      eval_cie_joint_caches_init_8(v_i.0, v_j.0) -> Com_2(eval_cie_matrix_mult3_start(v_i.0, v_j.0), eval_cie_joint_caches_init_9(v_i.0, v_j.0))
		(1, 1)      eval_cie_joint_caches_init_9(v_i.0, v_j.0) -> Com_2(eval_gs_cie_cache_init_start(v_i.0, v_j.0), eval_cie_joint_caches_init_10(v_i.0, v_j.0))
		(1, 1)      eval_cie_joint_caches_init_10(v_i.0, v_j.0) -> Com_2(eval_gs_cie_cache_init_start(v_i.0, v_j.0), eval_cie_joint_caches_init_11(v_i.0, v_j.0))
		(1, 1)      eval_cie_joint_caches_init_11(v_i.0, v_j.0) -> Com_2(eval_gs_cie_cache_init_start(v_i.0, v_j.0), eval_cie_joint_caches_init_12(v_i.0, v_j.0))
		(1, 1)      eval_cie_joint_caches_init_12(v_i.0, v_j.0) -> Com_1(eval_cie_joint_caches_init_bb1_in(0, v_j.0))
		(513, 1)    eval_cie_joint_caches_init_bb1_in(v_i.0, v_j.0) -> Com_1(eval_cie_joint_caches_init_bb3_in(v_i.0, 0)) [ v_i.0 < 512 ]
		(1, 1)      eval_cie_joint_caches_init_bb1_in(v_i.0, v_j.0) -> Com_1(eval_cie_joint_caches_init_stop(v_i.0, v_j.0)) [ v_i.0 >= 512 ]
		(?, 1)      eval_cie_joint_caches_init_bb3_in(v_i.0, v_j.0) -> Com_1(eval_cie_joint_caches_init_17(v_i.0, v_j.0)) [ v_j.0 < 3 ]
		(?, 1)      eval_cie_joint_caches_init_bb3_in(v_i.0, v_j.0) -> Com_1(eval_cie_joint_caches_init_bb1_in(v_i.0 + 1, v_j.0)) [ v_j.0 >= 3 ]
		(?, 1)      eval_cie_joint_caches_init_17(v_i.0, v_j.0) -> Com_1(eval_cie_joint_caches_init_18(v_i.0, v_j.0))
		(?, 1)      eval_cie_joint_caches_init_18(v_i.0, v_j.0) -> Com_1(eval_cie_joint_caches_init_bb3_in(v_i.0, v_j.0 + 1))
	start location:	eval_cie_joint_caches_init_start
	leaf cost:	0

A polynomial rank function with
	Pol(eval_cie_joint_caches_init_bb3_in) = 1
	Pol(eval_cie_joint_caches_init_bb1_in) = 0
	Pol(eval_cie_joint_caches_init_17) = 1
	Pol(eval_cie_joint_caches_init_18) = 1
and size complexities
	S("eval_cie_joint_caches_init_18(v_i.0, v_j.0) -> Com_1(eval_cie_joint_caches_init_bb3_in(v_i.0, v_j.0 + 1))", 0-0) = ?
	S("eval_cie_joint_caches_init_18(v_i.0, v_j.0) -> Com_1(eval_cie_joint_caches_init_bb3_in(v_i.0, v_j.0 + 1))", 0-1) = ?
	S("eval_cie_joint_caches_init_17(v_i.0, v_j.0) -> Com_1(eval_cie_joint_caches_init_18(v_i.0, v_j.0))", 0-0) = ?
	S("eval_cie_joint_caches_init_17(v_i.0, v_j.0) -> Com_1(eval_cie_joint_caches_init_18(v_i.0, v_j.0))", 0-1) = ?
	S("eval_cie_joint_caches_init_bb3_in(v_i.0, v_j.0) -> Com_1(eval_cie_joint_caches_init_bb1_in(v_i.0 + 1, v_j.0)) [ v_j.0 >= 3 ]", 0-0) = ?
	S("eval_cie_joint_caches_init_bb3_in(v_i.0, v_j.0) -> Com_1(eval_cie_joint_caches_init_bb1_in(v_i.0 + 1, v_j.0)) [ v_j.0 >= 3 ]", 0-1) = ?
	S("eval_cie_joint_caches_init_bb3_in(v_i.0, v_j.0) -> Com_1(eval_cie_joint_caches_init_17(v_i.0, v_j.0)) [ v_j.0 < 3 ]", 0-0) = ?
	S("eval_cie_joint_caches_init_bb3_in(v_i.0, v_j.0) -> Com_1(eval_cie_joint_caches_init_17(v_i.0, v_j.0)) [ v_j.0 < 3 ]", 0-1) = ?
	S("eval_cie_joint_caches_init_bb1_in(v_i.0, v_j.0) -> Com_1(eval_cie_joint_caches_init_stop(v_i.0, v_j.0)) [ v_i.0 >= 512 ]", 0-0) = ?
	S("eval_cie_joint_caches_init_bb1_in(v_i.0, v_j.0) -> Com_1(eval_cie_joint_caches_init_stop(v_i.0, v_j.0)) [ v_i.0 >= 512 ]", 0-1) = ?
	S("eval_cie_joint_caches_init_bb1_in(v_i.0, v_j.0) -> Com_1(eval_cie_joint_caches_init_bb3_in(v_i.0, 0)) [ v_i.0 < 512 ]", 0-0) = ?
	S("eval_cie_joint_caches_init_bb1_in(v_i.0, v_j.0) -> Com_1(eval_cie_joint_caches_init_bb3_in(v_i.0, 0)) [ v_i.0 < 512 ]", 0-1) = 0
	S("eval_cie_joint_caches_init_12(v_i.0, v_j.0) -> Com_1(eval_cie_joint_caches_init_bb1_in(0, v_j.0))", 0-0) = 0
	S("eval_cie_joint_caches_init_12(v_i.0, v_j.0) -> Com_1(eval_cie_joint_caches_init_bb1_in(0, v_j.0))", 0-1) = v_j.0
	S("eval_cie_joint_caches_init_11(v_i.0, v_j.0) -> Com_2(eval_gs_cie_cache_init_start(v_i.0, v_j.0), eval_cie_joint_caches_init_12(v_i.0, v_j.0))", 0-0) = v_i.0
	S("eval_cie_joint_caches_init_11(v_i.0, v_j.0) -> Com_2(eval_gs_cie_cache_init_start(v_i.0, v_j.0), eval_cie_joint_caches_init_12(v_i.0, v_j.0))", 0-1) = v_j.0
	S("eval_cie_joint_caches_init_11(v_i.0, v_j.0) -> Com_2(eval_gs_cie_cache_init_start(v_i.0, v_j.0), eval_cie_joint_caches_init_12(v_i.0, v_j.0))", 1-0) = v_i.0
	S("eval_cie_joint_caches_init_11(v_i.0, v_j.0) -> Com_2(eval_gs_cie_cache_init_start(v_i.0, v_j.0), eval_cie_joint_caches_init_12(v_i.0, v_j.0))", 1-1) = v_j.0
	S("eval_cie_joint_caches_init_10(v_i.0, v_j.0) -> Com_2(eval_gs_cie_cache_init_start(v_i.0, v_j.0), eval_cie_joint_caches_init_11(v_i.0, v_j.0))", 0-0) = v_i.0
	S("eval_cie_joint_caches_init_10(v_i.0, v_j.0) -> Com_2(eval_gs_cie_cache_init_start(v_i.0, v_j.0), eval_cie_joint_caches_init_11(v_i.0, v_j.0))", 0-1) = v_j.0
	S("eval_cie_joint_caches_init_10(v_i.0, v_j.0) -> Com_2(eval_gs_cie_cache_init_start(v_i.0, v_j.0), eval_cie_joint_caches_init_11(v_i.0, v_j.0))", 1-0) = v_i.0
	S("eval_cie_joint_caches_init_10(v_i.0, v_j.0) -> Com_2(eval_gs_cie_cache_init_start(v_i.0, v_j.0), eval_cie_joint_caches_init_11(v_i.0, v_j.0))", 1-1) = v_j.0
	S("eval_cie_joint_caches_init_9(v_i.0, v_j.0) -> Com_2(eval_gs_cie_cache_init_start(v_i.0, v_j.0), eval_cie_joint_caches_init_10(v_i.0, v_j.0))", 0-0) = v_i.0
	S("eval_cie_joint_caches_init_9(v_i.0, v_j.0) -> Com_2(eval_gs_cie_cache_init_start(v_i.0, v_j.0), eval_cie_joint_caches_init_10(v_i.0, v_j.0))", 0-1) = v_j.0
	S("eval_cie_joint_caches_init_9(v_i.0, v_j.0) -> Com_2(eval_gs_cie_cache_init_start(v_i.0, v_j.0), eval_cie_joint_caches_init_10(v_i.0, v_j.0))", 1-0) = v_i.0
	S("eval_cie_joint_caches_init_9(v_i.0, v_j.0) -> Com_2(eval_gs_cie_cache_init_start(v_i.0, v_j.0), eval_cie_joint_caches_init_10(v_i.0, v_j.0))", 1-1) = v_j.0
	S("eval_cie_joint_caches_init_8(v_i.0, v_j.0) -> Com_2(eval_cie_matrix_mult3_start(v_i.0, v_j.0), eval_cie_joint_caches_init_9(v_i.0, v_j.0))", 0-0) = v_i.0
	S("eval_cie_joint_caches_init_8(v_i.0, v_j.0) -> Com_2(eval_cie_matrix_mult3_start(v_i.0, v_j.0), eval_cie_joint_caches_init_9(v_i.0, v_j.0))", 0-1) = v_j.0
	S("eval_cie_joint_caches_init_8(v_i.0, v_j.0) -> Com_2(eval_cie_matrix_mult3_start(v_i.0, v_j.0), eval_cie_joint_caches_init_9(v_i.0, v_j.0))", 1-0) = v_i.0
	S("eval_cie_joint_caches_init_8(v_i.0, v_j.0) -> Com_2(eval_cie_matrix_mult3_start(v_i.0, v_j.0), eval_cie_joint_caches_init_9(v_i.0, v_j.0))", 1-1) = v_j.0
	S("eval_cie_joint_caches_init_7(v_i.0, v_j.0) -> Com_2(eval_llvm.memcpy.p0i8.p0i8.i64_start(v_i.0, v_j.0), eval_cie_joint_caches_init_8(v_i.0, v_j.0))", 0-0) = v_i.0
	S("eval_cie_joint_caches_init_7(v_i.0, v_j.0) -> Com_2(eval_llvm.memcpy.p0i8.p0i8.i64_start(v_i.0, v_j.0), eval_cie_joint_caches_init_8(v_i.0, v_j.0))", 0-1) = v_j.0
	S("eval_cie_joint_caches_init_7(v_i.0, v_j.0) -> Com_2(eval_llvm.memcpy.p0i8.p0i8.i64_start(v_i.0, v_j.0), eval_cie_joint_caches_init_8(v_i.0, v_j.0))", 1-0) = v_i.0
	S("eval_cie_joint_caches_init_7(v_i.0, v_j.0) -> Com_2(eval_llvm.memcpy.p0i8.p0i8.i64_start(v_i.0, v_j.0), eval_cie_joint_caches_init_8(v_i.0, v_j.0))", 1-1) = v_j.0
	S("eval_cie_joint_caches_init_6(v_i.0, v_j.0) -> Com_2(eval_llvm.memcpy.p0i8.p0i8.i64_start(v_i.0, v_j.0), eval_cie_joint_caches_init_7(v_i.0, v_j.0))", 0-0) = v_i.0
	S("eval_cie_joint_caches_init_6(v_i.0, v_j.0) -> Com_2(eval_llvm.memcpy.p0i8.p0i8.i64_start(v_i.0, v_j.0), eval_cie_joint_caches_init_7(v_i.0, v_j.0))", 0-1) = v_j.0
	S("eval_cie_joint_caches_init_6(v_i.0, v_j.0) -> Com_2(eval_llvm.memcpy.p0i8.p0i8.i64_start(v_i.0, v_j.0), eval_cie_joint_caches_init_7(v_i.0, v_j.0))", 1-0) = v_i.0
	S("eval_cie_joint_caches_init_6(v_i.0, v_j.0) -> Com_2(eval_llvm.memcpy.p0i8.p0i8.i64_start(v_i.0, v_j.0), eval_cie_joint_caches_init_7(v_i.0, v_j.0))", 1-1) = v_j.0
	S("eval_cie_joint_caches_init_5(v_i.0, v_j.0) -> Com_2(eval_llvm.memcpy.p0i8.p0i8.i64_start(v_i.0, v_j.0), eval_cie_joint_caches_init_6(v_i.0, v_j.0))", 0-0) = v_i.0
	S("eval_cie_joint_caches_init_5(v_i.0, v_j.0) -> Com_2(eval_llvm.memcpy.p0i8.p0i8.i64_start(v_i.0, v_j.0), eval_cie_joint_caches_init_6(v_i.0, v_j.0))", 0-1) = v_j.0
	S("eval_cie_joint_caches_init_5(v_i.0, v_j.0) -> Com_2(eval_llvm.memcpy.p0i8.p0i8.i64_start(v_i.0, v_j.0), eval_cie_joint_caches_init_6(v_i.0, v_j.0))", 1-0) = v_i.0
	S("eval_cie_joint_caches_init_5(v_i.0, v_j.0) -> Com_2(eval_llvm.memcpy.p0i8.p0i8.i64_start(v_i.0, v_j.0), eval_cie_joint_caches_init_6(v_i.0, v_j.0))", 1-1) = v_j.0
	S("eval_cie_joint_caches_init_4(v_i.0, v_j.0) -> Com_2(eval_llvm.memcpy.p0i8.p0i8.i64_start(v_i.0, v_j.0), eval_cie_joint_caches_init_5(v_i.0, v_j.0))", 0-0) = v_i.0
	S("eval_cie_joint_caches_init_4(v_i.0, v_j.0) -> Com_2(eval_llvm.memcpy.p0i8.p0i8.i64_start(v_i.0, v_j.0), eval_cie_joint_caches_init_5(v_i.0, v_j.0))", 0-1) = v_j.0
	S("eval_cie_joint_caches_init_4(v_i.0, v_j.0) -> Com_2(eval_llvm.memcpy.p0i8.p0i8.i64_start(v_i.0, v_j.0), eval_cie_joint_caches_init_5(v_i.0, v_j.0))", 1-0) = v_i.0
	S("eval_cie_joint_caches_init_4(v_i.0, v_j.0) -> Com_2(eval_llvm.memcpy.p0i8.p0i8.i64_start(v_i.0, v_j.0), eval_cie_joint_caches_init_5(v_i.0, v_j.0))", 1-1) = v_j.0
	S("eval_cie_joint_caches_init_3(v_i.0, v_j.0) -> Com_2(eval_cie_mult3_start(v_i.0, v_j.0), eval_cie_joint_caches_init_4(v_i.0, v_j.0))", 0-0) = v_i.0
	S("eval_cie_joint_caches_init_3(v_i.0, v_j.0) -> Com_2(eval_cie_mult3_start(v_i.0, v_j.0), eval_cie_joint_caches_init_4(v_i.0, v_j.0))", 0-1) = v_j.0
	S("eval_cie_joint_caches_init_3(v_i.0, v_j.0) -> Com_2(eval_cie_mult3_start(v_i.0, v_j.0), eval_cie_joint_caches_init_4(v_i.0, v_j.0))", 1-0) = v_i.0
	S("eval_cie_joint_caches_init_3(v_i.0, v_j.0) -> Com_2(eval_cie_mult3_start(v_i.0, v_j.0), eval_cie_joint_caches_init_4(v_i.0, v_j.0))", 1-1) = v_j.0
	S("eval_cie_joint_caches_init_2(v_i.0, v_j.0) -> Com_2(eval_llvm.memcpy.p0i8.p0i8.i64_start(v_i.0, v_j.0), eval_cie_joint_caches_init_3(v_i.0, v_j.0))", 0-0) = v_i.0
	S("eval_cie_joint_caches_init_2(v_i.0, v_j.0) -> Com_2(eval_llvm.memcpy.p0i8.p0i8.i64_start(v_i.0, v_j.0), eval_cie_joint_caches_init_3(v_i.0, v_j.0))", 0-1) = v_j.0
	S("eval_cie_joint_caches_init_2(v_i.0, v_j.0) -> Com_2(eval_llvm.memcpy.p0i8.p0i8.i64_start(v_i.0, v_j.0), eval_cie_joint_caches_init_3(v_i.0, v_j.0))", 1-0) = v_i.0
	S("eval_cie_joint_caches_init_2(v_i.0, v_j.0) -> Com_2(eval_llvm.memcpy.p0i8.p0i8.i64_start(v_i.0, v_j.0), eval_cie_joint_caches_init_3(v_i.0, v_j.0))", 1-1) = v_j.0
	S("eval_cie_joint_caches_init_1(v_i.0, v_j.0) -> Com_2(eval_cie_mult3_start(v_i.0, v_j.0), eval_cie_joint_caches_init_2(v_i.0, v_j.0))", 0-0) = v_i.0
	S("eval_cie_joint_caches_init_1(v_i.0, v_j.0) -> Com_2(eval_cie_mult3_start(v_i.0, v_j.0), eval_cie_joint_caches_init_2(v_i.0, v_j.0))", 0-1) = v_j.0
	S("eval_cie_joint_caches_init_1(v_i.0, v_j.0) -> Com_2(eval_cie_mult3_start(v_i.0, v_j.0), eval_cie_joint_caches_init_2(v_i.0, v_j.0))", 1-0) = v_i.0
	S("eval_cie_joint_caches_init_1(v_i.0, v_j.0) -> Com_2(eval_cie_mult3_start(v_i.0, v_j.0), eval_cie_joint_caches_init_2(v_i.0, v_j.0))", 1-1) = v_j.0
	S("eval_cie_joint_caches_init_0(v_i.0, v_j.0) -> Com_2(eval_llvm.memcpy.p0i8.p0i8.i64_start(v_i.0, v_j.0), eval_cie_joint_caches_init_1(v_i.0, v_j.0))", 0-0) = v_i.0
	S("eval_cie_joint_caches_init_0(v_i.0, v_j.0) -> Com_2(eval_llvm.memcpy.p0i8.p0i8.i64_start(v_i.0, v_j.0), eval_cie_joint_caches_init_1(v_i.0, v_j.0))", 0-1) = v_j.0
	S("eval_cie_joint_caches_init_0(v_i.0, v_j.0) -> Com_2(eval_llvm.memcpy.p0i8.p0i8.i64_start(v_i.0, v_j.0), eval_cie_joint_caches_init_1(v_i.0, v_j.0))", 1-0) = v_i.0
	S("eval_cie_joint_caches_init_0(v_i.0, v_j.0) -> Com_2(eval_llvm.memcpy.p0i8.p0i8.i64_start(v_i.0, v_j.0), eval_cie_joint_caches_init_1(v_i.0, v_j.0))", 1-1) = v_j.0
	S("eval_cie_joint_caches_init_bb0_in(v_i.0, v_j.0) -> Com_1(eval_cie_joint_caches_init_0(v_i.0, v_j.0))", 0-0) = v_i.0
	S("eval_cie_joint_caches_init_bb0_in(v_i.0, v_j.0) -> Com_1(eval_cie_joint_caches_init_0(v_i.0, v_j.0))", 0-1) = v_j.0
	S("eval_cie_joint_caches_init_start(v_i.0, v_j.0) -> Com_1(eval_cie_joint_caches_init_bb0_in(v_i.0, v_j.0))", 0-0) = v_i.0
	S("eval_cie_joint_caches_init_start(v_i.0, v_j.0) -> Com_1(eval_cie_joint_caches_init_bb0_in(v_i.0, v_j.0))", 0-1) = v_j.0
orients the transitions
	eval_cie_joint_caches_init_bb3_in(v_i.0, v_j.0) -> Com_1(eval_cie_joint_caches_init_bb1_in(v_i.0 + 1, v_j.0)) [ v_j.0 >= 3 ]
	eval_cie_joint_caches_init_bb3_in(v_i.0, v_j.0) -> Com_1(eval_cie_joint_caches_init_17(v_i.0, v_j.0)) [ v_j.0 < 3 ]
	eval_cie_joint_caches_init_18(v_i.0, v_j.0) -> Com_1(eval_cie_joint_caches_init_bb3_in(v_i.0, v_j.0 + 1))
	eval_cie_joint_caches_init_17(v_i.0, v_j.0) -> Com_1(eval_cie_joint_caches_init_18(v_i.0, v_j.0))
weakly and the transition
	eval_cie_joint_caches_init_bb3_in(v_i.0, v_j.0) -> Com_1(eval_cie_joint_caches_init_bb1_in(v_i.0 + 1, v_j.0)) [ v_j.0 >= 3 ]
strictly and produces the following problem:
5:	T:
		(1, 1)      eval_cie_joint_caches_init_start(v_i.0, v_j.0) -> Com_1(eval_cie_joint_caches_init_bb0_in(v_i.0, v_j.0))
		(1, 1)      eval_cie_joint_caches_init_bb0_in(v_i.0, v_j.0) -> Com_1(eval_cie_joint_caches_init_0(v_i.0, v_j.0))
		(1, 1)      eval_cie_joint_caches_init_0(v_i.0, v_j.0) -> Com_2(eval_llvm.memcpy.p0i8.p0i8.i64_start(v_i.0, v_j.0), eval_cie_joint_caches_init_1(v_i.0, v_j.0))
		(1, 1)      eval_cie_joint_caches_init_1(v_i.0, v_j.0) -> Com_2(eval_cie_mult3_start(v_i.0, v_j.0), eval_cie_joint_caches_init_2(v_i.0, v_j.0))
		(1, 1)      eval_cie_joint_caches_init_2(v_i.0, v_j.0) -> Com_2(eval_llvm.memcpy.p0i8.p0i8.i64_start(v_i.0, v_j.0), eval_cie_joint_caches_init_3(v_i.0, v_j.0))
		(1, 1)      eval_cie_joint_caches_init_3(v_i.0, v_j.0) -> Com_2(eval_cie_mult3_start(v_i.0, v_j.0), eval_cie_joint_caches_init_4(v_i.0, v_j.0))
		(1, 1)      eval_cie_joint_caches_init_4(v_i.0, v_j.0) -> Com_2(eval_llvm.memcpy.p0i8.p0i8.i64_start(v_i.0, v_j.0), eval_cie_joint_caches_init_5(v_i.0, v_j.0))
		(1, 1)      eval_cie_joint_caches_init_5(v_i.0, v_j.0) -> Com_2(eval_llvm.memcpy.p0i8.p0i8.i64_start(v_i.0, v_j.0), eval_cie_joint_caches_init_6(v_i.0, v_j.0))
		(1, 1)      eval_cie_joint_caches_init_6(v_i.0, v_j.0) -> Com_2(eval_llvm.memcpy.p0i8.p0i8.i64_start(v_i.0, v_j.0), eval_cie_joint_caches_init_7(v_i.0, v_j.0))
		(1, 1)      eval_cie_joint_caches_init_7(v_i.0, v_j.0) -> Com_2(eval_llvm.memcpy.p0i8.p0i8.i64_start(v_i.0, v_j.0), eval_cie_joint_caches_init_8(v_i.0, v_j.0))
		(1, 1)      eval_cie_joint_caches_init_8(v_i.0, v_j.0) -> Com_2(eval_cie_matrix_mult3_start(v_i.0, v_j.0), eval_cie_joint_caches_init_9(v_i.0, v_j.0))
		(1, 1)      eval_cie_joint_caches_init_9(v_i.0, v_j.0) -> Com_2(eval_gs_cie_cache_init_start(v_i.0, v_j.0), eval_cie_joint_caches_init_10(v_i.0, v_j.0))
		(1, 1)      eval_cie_joint_caches_init_10(v_i.0, v_j.0) -> Com_2(eval_gs_cie_cache_init_start(v_i.0, v_j.0), eval_cie_joint_caches_init_11(v_i.0, v_j.0))
		(1, 1)      eval_cie_joint_caches_init_11(v_i.0, v_j.0) -> Com_2(eval_gs_cie_cache_init_start(v_i.0, v_j.0), eval_cie_joint_caches_init_12(v_i.0, v_j.0))
		(1, 1)      eval_cie_joint_caches_init_12(v_i.0, v_j.0) -> Com_1(eval_cie_joint_caches_init_bb1_in(0, v_j.0))
		(513, 1)    eval_cie_joint_caches_init_bb1_in(v_i.0, v_j.0) -> Com_1(eval_cie_joint_caches_init_bb3_in(v_i.0, 0)) [ v_i.0 < 512 ]
		(1, 1)      eval_cie_joint_caches_init_bb1_in(v_i.0, v_j.0) -> Com_1(eval_cie_joint_caches_init_stop(v_i.0, v_j.0)) [ v_i.0 >= 512 ]
		(?, 1)      eval_cie_joint_caches_init_bb3_in(v_i.0, v_j.0) -> Com_1(eval_cie_joint_caches_init_17(v_i.0, v_j.0)) [ v_j.0 < 3 ]
		(513, 1)    eval_cie_joint_caches_init_bb3_in(v_i.0, v_j.0) -> Com_1(eval_cie_joint_caches_init_bb1_in(v_i.0 + 1, v_j.0)) [ v_j.0 >= 3 ]
		(?, 1)      eval_cie_joint_caches_init_17(v_i.0, v_j.0) -> Com_1(eval_cie_joint_caches_init_18(v_i.0, v_j.0))
		(?, 1)      eval_cie_joint_caches_init_18(v_i.0, v_j.0) -> Com_1(eval_cie_joint_caches_init_bb3_in(v_i.0, v_j.0 + 1))
	start location:	eval_cie_joint_caches_init_start
	leaf cost:	0

A polynomial rank function with
	Pol(eval_cie_joint_caches_init_bb3_in) = -V_2 + 3
	Pol(eval_cie_joint_caches_init_17) = -V_2 + 2
	Pol(eval_cie_joint_caches_init_18) = -V_2 + 2
and size complexities
	S("eval_cie_joint_caches_init_18(v_i.0, v_j.0) -> Com_1(eval_cie_joint_caches_init_bb3_in(v_i.0, v_j.0 + 1))", 0-0) = 513
	S("eval_cie_joint_caches_init_18(v_i.0, v_j.0) -> Com_1(eval_cie_joint_caches_init_bb3_in(v_i.0, v_j.0 + 1))", 0-1) = ?
	S("eval_cie_joint_caches_init_17(v_i.0, v_j.0) -> Com_1(eval_cie_joint_caches_init_18(v_i.0, v_j.0))", 0-0) = 513
	S("eval_cie_joint_caches_init_17(v_i.0, v_j.0) -> Com_1(eval_cie_joint_caches_init_18(v_i.0, v_j.0))", 0-1) = ?
	S("eval_cie_joint_caches_init_bb3_in(v_i.0, v_j.0) -> Com_1(eval_cie_joint_caches_init_bb1_in(v_i.0 + 1, v_j.0)) [ v_j.0 >= 3 ]", 0-0) = 513
	S("eval_cie_joint_caches_init_bb3_in(v_i.0, v_j.0) -> Com_1(eval_cie_joint_caches_init_bb1_in(v_i.0 + 1, v_j.0)) [ v_j.0 >= 3 ]", 0-1) = ?
	S("eval_cie_joint_caches_init_bb3_in(v_i.0, v_j.0) -> Com_1(eval_cie_joint_caches_init_17(v_i.0, v_j.0)) [ v_j.0 < 3 ]", 0-0) = 513
	S("eval_cie_joint_caches_init_bb3_in(v_i.0, v_j.0) -> Com_1(eval_cie_joint_caches_init_17(v_i.0, v_j.0)) [ v_j.0 < 3 ]", 0-1) = ?
	S("eval_cie_joint_caches_init_bb1_in(v_i.0, v_j.0) -> Com_1(eval_cie_joint_caches_init_stop(v_i.0, v_j.0)) [ v_i.0 >= 512 ]", 0-0) = 513
	S("eval_cie_joint_caches_init_bb1_in(v_i.0, v_j.0) -> Com_1(eval_cie_joint_caches_init_stop(v_i.0, v_j.0)) [ v_i.0 >= 512 ]", 0-1) = ?
	S("eval_cie_joint_caches_init_bb1_in(v_i.0, v_j.0) -> Com_1(eval_cie_joint_caches_init_bb3_in(v_i.0, 0)) [ v_i.0 < 512 ]", 0-0) = 513
	S("eval_cie_joint_caches_init_bb1_in(v_i.0, v_j.0) -> Com_1(eval_cie_joint_caches_init_bb3_in(v_i.0, 0)) [ v_i.0 < 512 ]", 0-1) = 0
	S("eval_cie_joint_caches_init_12(v_i.0, v_j.0) -> Com_1(eval_cie_joint_caches_init_bb1_in(0, v_j.0))", 0-0) = 0
	S("eval_cie_joint_caches_init_12(v_i.0, v_j.0) -> Com_1(eval_cie_joint_caches_init_bb1_in(0, v_j.0))", 0-1) = v_j.0
	S("eval_cie_joint_caches_init_11(v_i.0, v_j.0) -> Com_2(eval_gs_cie_cache_init_start(v_i.0, v_j.0), eval_cie_joint_caches_init_12(v_i.0, v_j.0))", 0-0) = v_i.0
	S("eval_cie_joint_caches_init_11(v_i.0, v_j.0) -> Com_2(eval_gs_cie_cache_init_start(v_i.0, v_j.0), eval_cie_joint_caches_init_12(v_i.0, v_j.0))", 0-1) = v_j.0
	S("eval_cie_joint_caches_init_11(v_i.0, v_j.0) -> Com_2(eval_gs_cie_cache_init_start(v_i.0, v_j.0), eval_cie_joint_caches_init_12(v_i.0, v_j.0))", 1-0) = v_i.0
	S("eval_cie_joint_caches_init_11(v_i.0, v_j.0) -> Com_2(eval_gs_cie_cache_init_start(v_i.0, v_j.0), eval_cie_joint_caches_init_12(v_i.0, v_j.0))", 1-1) = v_j.0
	S("eval_cie_joint_caches_init_10(v_i.0, v_j.0) -> Com_2(eval_gs_cie_cache_init_start(v_i.0, v_j.0), eval_cie_joint_caches_init_11(v_i.0, v_j.0))", 0-0) = v_i.0
	S("eval_cie_joint_caches_init_10(v_i.0, v_j.0) -> Com_2(eval_gs_cie_cache_init_start(v_i.0, v_j.0), eval_cie_joint_caches_init_11(v_i.0, v_j.0))", 0-1) = v_j.0
	S("eval_cie_joint_caches_init_10(v_i.0, v_j.0) -> Com_2(eval_gs_cie_cache_init_start(v_i.0, v_j.0), eval_cie_joint_caches_init_11(v_i.0, v_j.0))", 1-0) = v_i.0
	S("eval_cie_joint_caches_init_10(v_i.0, v_j.0) -> Com_2(eval_gs_cie_cache_init_start(v_i.0, v_j.0), eval_cie_joint_caches_init_11(v_i.0, v_j.0))", 1-1) = v_j.0
	S("eval_cie_joint_caches_init_9(v_i.0, v_j.0) -> Com_2(eval_gs_cie_cache_init_start(v_i.0, v_j.0), eval_cie_joint_caches_init_10(v_i.0, v_j.0))", 0-0) = v_i.0
	S("eval_cie_joint_caches_init_9(v_i.0, v_j.0) -> Com_2(eval_gs_cie_cache_init_start(v_i.0, v_j.0), eval_cie_joint_caches_init_10(v_i.0, v_j.0))", 0-1) = v_j.0
	S("eval_cie_joint_caches_init_9(v_i.0, v_j.0) -> Com_2(eval_gs_cie_cache_init_start(v_i.0, v_j.0), eval_cie_joint_caches_init_10(v_i.0, v_j.0))", 1-0) = v_i.0
	S("eval_cie_joint_caches_init_9(v_i.0, v_j.0) -> Com_2(eval_gs_cie_cache_init_start(v_i.0, v_j.0), eval_cie_joint_caches_init_10(v_i.0, v_j.0))", 1-1) = v_j.0
	S("eval_cie_joint_caches_init_8(v_i.0, v_j.0) -> Com_2(eval_cie_matrix_mult3_start(v_i.0, v_j.0), eval_cie_joint_caches_init_9(v_i.0, v_j.0))", 0-0) = v_i.0
	S("eval_cie_joint_caches_init_8(v_i.0, v_j.0) -> Com_2(eval_cie_matrix_mult3_start(v_i.0, v_j.0), eval_cie_joint_caches_init_9(v_i.0, v_j.0))", 0-1) = v_j.0
	S("eval_cie_joint_caches_init_8(v_i.0, v_j.0) -> Com_2(eval_cie_matrix_mult3_start(v_i.0, v_j.0), eval_cie_joint_caches_init_9(v_i.0, v_j.0))", 1-0) = v_i.0
	S("eval_cie_joint_caches_init_8(v_i.0, v_j.0) -> Com_2(eval_cie_matrix_mult3_start(v_i.0, v_j.0), eval_cie_joint_caches_init_9(v_i.0, v_j.0))", 1-1) = v_j.0
	S("eval_cie_joint_caches_init_7(v_i.0, v_j.0) -> Com_2(eval_llvm.memcpy.p0i8.p0i8.i64_start(v_i.0, v_j.0), eval_cie_joint_caches_init_8(v_i.0, v_j.0))", 0-0) = v_i.0
	S("eval_cie_joint_caches_init_7(v_i.0, v_j.0) -> Com_2(eval_llvm.memcpy.p0i8.p0i8.i64_start(v_i.0, v_j.0), eval_cie_joint_caches_init_8(v_i.0, v_j.0))", 0-1) = v_j.0
	S("eval_cie_joint_caches_init_7(v_i.0, v_j.0) -> Com_2(eval_llvm.memcpy.p0i8.p0i8.i64_start(v_i.0, v_j.0), eval_cie_joint_caches_init_8(v_i.0, v_j.0))", 1-0) = v_i.0
	S("eval_cie_joint_caches_init_7(v_i.0, v_j.0) -> Com_2(eval_llvm.memcpy.p0i8.p0i8.i64_start(v_i.0, v_j.0), eval_cie_joint_caches_init_8(v_i.0, v_j.0))", 1-1) = v_j.0
	S("eval_cie_joint_caches_init_6(v_i.0, v_j.0) -> Com_2(eval_llvm.memcpy.p0i8.p0i8.i64_start(v_i.0, v_j.0), eval_cie_joint_caches_init_7(v_i.0, v_j.0))", 0-0) = v_i.0
	S("eval_cie_joint_caches_init_6(v_i.0, v_j.0) -> Com_2(eval_llvm.memcpy.p0i8.p0i8.i64_start(v_i.0, v_j.0), eval_cie_joint_caches_init_7(v_i.0, v_j.0))", 0-1) = v_j.0
	S("eval_cie_joint_caches_init_6(v_i.0, v_j.0) -> Com_2(eval_llvm.memcpy.p0i8.p0i8.i64_start(v_i.0, v_j.0), eval_cie_joint_caches_init_7(v_i.0, v_j.0))", 1-0) = v_i.0
	S("eval_cie_joint_caches_init_6(v_i.0, v_j.0) -> Com_2(eval_llvm.memcpy.p0i8.p0i8.i64_start(v_i.0, v_j.0), eval_cie_joint_caches_init_7(v_i.0, v_j.0))", 1-1) = v_j.0
	S("eval_cie_joint_caches_init_5(v_i.0, v_j.0) -> Com_2(eval_llvm.memcpy.p0i8.p0i8.i64_start(v_i.0, v_j.0), eval_cie_joint_caches_init_6(v_i.0, v_j.0))", 0-0) = v_i.0
	S("eval_cie_joint_caches_init_5(v_i.0, v_j.0) -> Com_2(eval_llvm.memcpy.p0i8.p0i8.i64_start(v_i.0, v_j.0), eval_cie_joint_caches_init_6(v_i.0, v_j.0))", 0-1) = v_j.0
	S("eval_cie_joint_caches_init_5(v_i.0, v_j.0) -> Com_2(eval_llvm.memcpy.p0i8.p0i8.i64_start(v_i.0, v_j.0), eval_cie_joint_caches_init_6(v_i.0, v_j.0))", 1-0) = v_i.0
	S("eval_cie_joint_caches_init_5(v_i.0, v_j.0) -> Com_2(eval_llvm.memcpy.p0i8.p0i8.i64_start(v_i.0, v_j.0), eval_cie_joint_caches_init_6(v_i.0, v_j.0))", 1-1) = v_j.0
	S("eval_cie_joint_caches_init_4(v_i.0, v_j.0) -> Com_2(eval_llvm.memcpy.p0i8.p0i8.i64_start(v_i.0, v_j.0), eval_cie_joint_caches_init_5(v_i.0, v_j.0))", 0-0) = v_i.0
	S("eval_cie_joint_caches_init_4(v_i.0, v_j.0) -> Com_2(eval_llvm.memcpy.p0i8.p0i8.i64_start(v_i.0, v_j.0), eval_cie_joint_caches_init_5(v_i.0, v_j.0))", 0-1) = v_j.0
	S("eval_cie_joint_caches_init_4(v_i.0, v_j.0) -> Com_2(eval_llvm.memcpy.p0i8.p0i8.i64_start(v_i.0, v_j.0), eval_cie_joint_caches_init_5(v_i.0, v_j.0))", 1-0) = v_i.0
	S("eval_cie_joint_caches_init_4(v_i.0, v_j.0) -> Com_2(eval_llvm.memcpy.p0i8.p0i8.i64_start(v_i.0, v_j.0), eval_cie_joint_caches_init_5(v_i.0, v_j.0))", 1-1) = v_j.0
	S("eval_cie_joint_caches_init_3(v_i.0, v_j.0) -> Com_2(eval_cie_mult3_start(v_i.0, v_j.0), eval_cie_joint_caches_init_4(v_i.0, v_j.0))", 0-0) = v_i.0
	S("eval_cie_joint_caches_init_3(v_i.0, v_j.0) -> Com_2(eval_cie_mult3_start(v_i.0, v_j.0), eval_cie_joint_caches_init_4(v_i.0, v_j.0))", 0-1) = v_j.0
	S("eval_cie_joint_caches_init_3(v_i.0, v_j.0) -> Com_2(eval_cie_mult3_start(v_i.0, v_j.0), eval_cie_joint_caches_init_4(v_i.0, v_j.0))", 1-0) = v_i.0
	S("eval_cie_joint_caches_init_3(v_i.0, v_j.0) -> Com_2(eval_cie_mult3_start(v_i.0, v_j.0), eval_cie_joint_caches_init_4(v_i.0, v_j.0))", 1-1) = v_j.0
	S("eval_cie_joint_caches_init_2(v_i.0, v_j.0) -> Com_2(eval_llvm.memcpy.p0i8.p0i8.i64_start(v_i.0, v_j.0), eval_cie_joint_caches_init_3(v_i.0, v_j.0))", 0-0) = v_i.0
	S("eval_cie_joint_caches_init_2(v_i.0, v_j.0) -> Com_2(eval_llvm.memcpy.p0i8.p0i8.i64_start(v_i.0, v_j.0), eval_cie_joint_caches_init_3(v_i.0, v_j.0))", 0-1) = v_j.0
	S("eval_cie_joint_caches_init_2(v_i.0, v_j.0) -> Com_2(eval_llvm.memcpy.p0i8.p0i8.i64_start(v_i.0, v_j.0), eval_cie_joint_caches_init_3(v_i.0, v_j.0))", 1-0) = v_i.0
	S("eval_cie_joint_caches_init_2(v_i.0, v_j.0) -> Com_2(eval_llvm.memcpy.p0i8.p0i8.i64_start(v_i.0, v_j.0), eval_cie_joint_caches_init_3(v_i.0, v_j.0))", 1-1) = v_j.0
	S("eval_cie_joint_caches_init_1(v_i.0, v_j.0) -> Com_2(eval_cie_mult3_start(v_i.0, v_j.0), eval_cie_joint_caches_init_2(v_i.0, v_j.0))", 0-0) = v_i.0
	S("eval_cie_joint_caches_init_1(v_i.0, v_j.0) -> Com_2(eval_cie_mult3_start(v_i.0, v_j.0), eval_cie_joint_caches_init_2(v_i.0, v_j.0))", 0-1) = v_j.0
	S("eval_cie_joint_caches_init_1(v_i.0, v_j.0) -> Com_2(eval_cie_mult3_start(v_i.0, v_j.0), eval_cie_joint_caches_init_2(v_i.0, v_j.0))", 1-0) = v_i.0
	S("eval_cie_joint_caches_init_1(v_i.0, v_j.0) -> Com_2(eval_cie_mult3_start(v_i.0, v_j.0), eval_cie_joint_caches_init_2(v_i.0, v_j.0))", 1-1) = v_j.0
	S("eval_cie_joint_caches_init_0(v_i.0, v_j.0) -> Com_2(eval_llvm.memcpy.p0i8.p0i8.i64_start(v_i.0, v_j.0), eval_cie_joint_caches_init_1(v_i.0, v_j.0))", 0-0) = v_i.0
	S("eval_cie_joint_caches_init_0(v_i.0, v_j.0) -> Com_2(eval_llvm.memcpy.p0i8.p0i8.i64_start(v_i.0, v_j.0), eval_cie_joint_caches_init_1(v_i.0, v_j.0))", 0-1) = v_j.0
	S("eval_cie_joint_caches_init_0(v_i.0, v_j.0) -> Com_2(eval_llvm.memcpy.p0i8.p0i8.i64_start(v_i.0, v_j.0), eval_cie_joint_caches_init_1(v_i.0, v_j.0))", 1-0) = v_i.0
	S("eval_cie_joint_caches_init_0(v_i.0, v_j.0) -> Com_2(eval_llvm.memcpy.p0i8.p0i8.i64_start(v_i.0, v_j.0), eval_cie_joint_caches_init_1(v_i.0, v_j.0))", 1-1) = v_j.0
	S("eval_cie_joint_caches_init_bb0_in(v_i.0, v_j.0) -> Com_1(eval_cie_joint_caches_init_0(v_i.0, v_j.0))", 0-0) = v_i.0
	S("eval_cie_joint_caches_init_bb0_in(v_i.0, v_j.0) -> Com_1(eval_cie_joint_caches_init_0(v_i.0, v_j.0))", 0-1) = v_j.0
	S("eval_cie_joint_caches_init_start(v_i.0, v_j.0) -> Com_1(eval_cie_joint_caches_init_bb0_in(v_i.0, v_j.0))", 0-0) = v_i.0
	S("eval_cie_joint_caches_init_start(v_i.0, v_j.0) -> Com_1(eval_cie_joint_caches_init_bb0_in(v_i.0, v_j.0))", 0-1) = v_j.0
orients the transitions
	eval_cie_joint_caches_init_bb3_in(v_i.0, v_j.0) -> Com_1(eval_cie_joint_caches_init_17(v_i.0, v_j.0)) [ v_j.0 < 3 ]
	eval_cie_joint_caches_init_18(v_i.0, v_j.0) -> Com_1(eval_cie_joint_caches_init_bb3_in(v_i.0, v_j.0 + 1))
	eval_cie_joint_caches_init_17(v_i.0, v_j.0) -> Com_1(eval_cie_joint_caches_init_18(v_i.0, v_j.0))
weakly and the transition
	eval_cie_joint_caches_init_bb3_in(v_i.0, v_j.0) -> Com_1(eval_cie_joint_caches_init_17(v_i.0, v_j.0)) [ v_j.0 < 3 ]
strictly and produces the following problem:
6:	T:
		(1, 1)       eval_cie_joint_caches_init_start(v_i.0, v_j.0) -> Com_1(eval_cie_joint_caches_init_bb0_in(v_i.0, v_j.0))
		(1, 1)       eval_cie_joint_caches_init_bb0_in(v_i.0, v_j.0) -> Com_1(eval_cie_joint_caches_init_0(v_i.0, v_j.0))
		(1, 1)       eval_cie_joint_caches_init_0(v_i.0, v_j.0) -> Com_2(eval_llvm.memcpy.p0i8.p0i8.i64_start(v_i.0, v_j.0), eval_cie_joint_caches_init_1(v_i.0, v_j.0))
		(1, 1)       eval_cie_joint_caches_init_1(v_i.0, v_j.0) -> Com_2(eval_cie_mult3_start(v_i.0, v_j.0), eval_cie_joint_caches_init_2(v_i.0, v_j.0))
		(1, 1)       eval_cie_joint_caches_init_2(v_i.0, v_j.0) -> Com_2(eval_llvm.memcpy.p0i8.p0i8.i64_start(v_i.0, v_j.0), eval_cie_joint_caches_init_3(v_i.0, v_j.0))
		(1, 1)       eval_cie_joint_caches_init_3(v_i.0, v_j.0) -> Com_2(eval_cie_mult3_start(v_i.0, v_j.0), eval_cie_joint_caches_init_4(v_i.0, v_j.0))
		(1, 1)       eval_cie_joint_caches_init_4(v_i.0, v_j.0) -> Com_2(eval_llvm.memcpy.p0i8.p0i8.i64_start(v_i.0, v_j.0), eval_cie_joint_caches_init_5(v_i.0, v_j.0))
		(1, 1)       eval_cie_joint_caches_init_5(v_i.0, v_j.0) -> Com_2(eval_llvm.memcpy.p0i8.p0i8.i64_start(v_i.0, v_j.0), eval_cie_joint_caches_init_6(v_i.0, v_j.0))
		(1, 1)       eval_cie_joint_caches_init_6(v_i.0, v_j.0) -> Com_2(eval_llvm.memcpy.p0i8.p0i8.i64_start(v_i.0, v_j.0), eval_cie_joint_caches_init_7(v_i.0, v_j.0))
		(1, 1)       eval_cie_joint_caches_init_7(v_i.0, v_j.0) -> Com_2(eval_llvm.memcpy.p0i8.p0i8.i64_start(v_i.0, v_j.0), eval_cie_joint_caches_init_8(v_i.0, v_j.0))
		(1, 1)       eval_cie_joint_caches_init_8(v_i.0, v_j.0) -> Com_2(eval_cie_matrix_mult3_start(v_i.0, v_j.0), eval_cie_joint_caches_init_9(v_i.0, v_j.0))
		(1, 1)       eval_cie_joint_caches_init_9(v_i.0, v_j.0) -> Com_2(eval_gs_cie_cache_init_start(v_i.0, v_j.0), eval_cie_joint_caches_init_10(v_i.0, v_j.0))
		(1, 1)       eval_cie_joint_caches_init_10(v_i.0, v_j.0) -> Com_2(eval_gs_cie_cache_init_start(v_i.0, v_j.0), eval_cie_joint_caches_init_11(v_i.0, v_j.0))
		(1, 1)       eval_cie_joint_caches_init_11(v_i.0, v_j.0) -> Com_2(eval_gs_cie_cache_init_start(v_i.0, v_j.0), eval_cie_joint_caches_init_12(v_i.0, v_j.0))
		(1, 1)       eval_cie_joint_caches_init_12(v_i.0, v_j.0) -> Com_1(eval_cie_joint_caches_init_bb1_in(0, v_j.0))
		(513, 1)     eval_cie_joint_caches_init_bb1_in(v_i.0, v_j.0) -> Com_1(eval_cie_joint_caches_init_bb3_in(v_i.0, 0)) [ v_i.0 < 512 ]
		(1, 1)       eval_cie_joint_caches_init_bb1_in(v_i.0, v_j.0) -> Com_1(eval_cie_joint_caches_init_stop(v_i.0, v_j.0)) [ v_i.0 >= 512 ]
		(1539, 1)    eval_cie_joint_caches_init_bb3_in(v_i.0, v_j.0) -> Com_1(eval_cie_joint_caches_init_17(v_i.0, v_j.0)) [ v_j.0 < 3 ]
		(513, 1)     eval_cie_joint_caches_init_bb3_in(v_i.0, v_j.0) -> Com_1(eval_cie_joint_caches_init_bb1_in(v_i.0 + 1, v_j.0)) [ v_j.0 >= 3 ]
		(?, 1)       eval_cie_joint_caches_init_17(v_i.0, v_j.0) -> Com_1(eval_cie_joint_caches_init_18(v_i.0, v_j.0))
		(?, 1)       eval_cie_joint_caches_init_18(v_i.0, v_j.0) -> Com_1(eval_cie_joint_caches_init_bb3_in(v_i.0, v_j.0 + 1))
	start location:	eval_cie_joint_caches_init_start
	leaf cost:	0

Repeatedly propagating knowledge in problem 6 produces the following problem:
7:	T:
		(1, 1)       eval_cie_joint_caches_init_start(v_i.0, v_j.0) -> Com_1(eval_cie_joint_caches_init_bb0_in(v_i.0, v_j.0))
		(1, 1)       eval_cie_joint_caches_init_bb0_in(v_i.0, v_j.0) -> Com_1(eval_cie_joint_caches_init_0(v_i.0, v_j.0))
		(1, 1)       eval_cie_joint_caches_init_0(v_i.0, v_j.0) -> Com_2(eval_llvm.memcpy.p0i8.p0i8.i64_start(v_i.0, v_j.0), eval_cie_joint_caches_init_1(v_i.0, v_j.0))
		(1, 1)       eval_cie_joint_caches_init_1(v_i.0, v_j.0) -> Com_2(eval_cie_mult3_start(v_i.0, v_j.0), eval_cie_joint_caches_init_2(v_i.0, v_j.0))
		(1, 1)       eval_cie_joint_caches_init_2(v_i.0, v_j.0) -> Com_2(eval_llvm.memcpy.p0i8.p0i8.i64_start(v_i.0, v_j.0), eval_cie_joint_caches_init_3(v_i.0, v_j.0))
		(1, 1)       eval_cie_joint_caches_init_3(v_i.0, v_j.0) -> Com_2(eval_cie_mult3_start(v_i.0, v_j.0), eval_cie_joint_caches_init_4(v_i.0, v_j.0))
		(1, 1)       eval_cie_joint_caches_init_4(v_i.0, v_j.0) -> Com_2(eval_llvm.memcpy.p0i8.p0i8.i64_start(v_i.0, v_j.0), eval_cie_joint_caches_init_5(v_i.0, v_j.0))
		(1, 1)       eval_cie_joint_caches_init_5(v_i.0, v_j.0) -> Com_2(eval_llvm.memcpy.p0i8.p0i8.i64_start(v_i.0, v_j.0), eval_cie_joint_caches_init_6(v_i.0, v_j.0))
		(1, 1)       eval_cie_joint_caches_init_6(v_i.0, v_j.0) -> Com_2(eval_llvm.memcpy.p0i8.p0i8.i64_start(v_i.0, v_j.0), eval_cie_joint_caches_init_7(v_i.0, v_j.0))
		(1, 1)       eval_cie_joint_caches_init_7(v_i.0, v_j.0) -> Com_2(eval_llvm.memcpy.p0i8.p0i8.i64_start(v_i.0, v_j.0), eval_cie_joint_caches_init_8(v_i.0, v_j.0))
		(1, 1)       eval_cie_joint_caches_init_8(v_i.0, v_j.0) -> Com_2(eval_cie_matrix_mult3_start(v_i.0, v_j.0), eval_cie_joint_caches_init_9(v_i.0, v_j.0))
		(1, 1)       eval_cie_joint_caches_init_9(v_i.0, v_j.0) -> Com_2(eval_gs_cie_cache_init_start(v_i.0, v_j.0), eval_cie_joint_caches_init_10(v_i.0, v_j.0))
		(1, 1)       eval_cie_joint_caches_init_10(v_i.0, v_j.0) -> Com_2(eval_gs_cie_cache_init_start(v_i.0, v_j.0), eval_cie_joint_caches_init_11(v_i.0, v_j.0))
		(1, 1)       eval_cie_joint_caches_init_11(v_i.0, v_j.0) -> Com_2(eval_gs_cie_cache_init_start(v_i.0, v_j.0), eval_cie_joint_caches_init_12(v_i.0, v_j.0))
		(1, 1)       eval_cie_joint_caches_init_12(v_i.0, v_j.0) -> Com_1(eval_cie_joint_caches_init_bb1_in(0, v_j.0))
		(513, 1)     eval_cie_joint_caches_init_bb1_in(v_i.0, v_j.0) -> Com_1(eval_cie_joint_caches_init_bb3_in(v_i.0, 0)) [ v_i.0 < 512 ]
		(1, 1)       eval_cie_joint_caches_init_bb1_in(v_i.0, v_j.0) -> Com_1(eval_cie_joint_caches_init_stop(v_i.0, v_j.0)) [ v_i.0 >= 512 ]
		(1539, 1)    eval_cie_joint_caches_init_bb3_in(v_i.0, v_j.0) -> Com_1(eval_cie_joint_caches_init_17(v_i.0, v_j.0)) [ v_j.0 < 3 ]
		(513, 1)     eval_cie_joint_caches_init_bb3_in(v_i.0, v_j.0) -> Com_1(eval_cie_joint_caches_init_bb1_in(v_i.0 + 1, v_j.0)) [ v_j.0 >= 3 ]
		(1539, 1)    eval_cie_joint_caches_init_17(v_i.0, v_j.0) -> Com_1(eval_cie_joint_caches_init_18(v_i.0, v_j.0))
		(1539, 1)    eval_cie_joint_caches_init_18(v_i.0, v_j.0) -> Com_1(eval_cie_joint_caches_init_bb3_in(v_i.0, v_j.0 + 1))
	start location:	eval_cie_joint_caches_init_start
	leaf cost:	0

Complexity upper bound 5659

Time: 0.103 sec (SMT: 0.079 sec)
