MAYBE

Initial complexity problem:
1:	T:
		(1, 1)    eval_darray_delete_start(v_.01, v_12, v_20, v_27, v_n) -> Com_1(eval_darray_delete_bb0_in(v_.01, v_12, v_20, v_27, v_n))
		(?, 1)    eval_darray_delete_bb0_in(v_.01, v_12, v_20, v_27, v_n) -> Com_1(eval_darray_delete_0(v_.01, v_12, v_20, v_27, v_n))
		(?, 1)    eval_darray_delete_0(v_.01, v_12, v_20, v_27, v_n) -> Com_2(eval_darray_find_start(v_.01, v_12, v_20, v_27, v_n), eval_darray_delete_1(v_.01, v_12, v_20, v_27, v_n))
		(?, 1)    eval_darray_delete_1(v_.01, v_12, v_20, v_27, v_n) -> Com_1(eval_darray_delete_bb3_in(v_n, v_12, v_20, v_27, v_n))
		(?, 1)    eval_darray_delete_1(v_.01, v_12, v_20, v_27, v_n) -> Com_1(eval_darray_delete_25(v_.01, v_12, v_20, v_27, v_n))
		(?, 1)    eval_darray_delete_1(v_.01, v_12, v_20, v_27, v_n) -> Com_1(eval_darray_delete_bb7_in(v_.01, v_12, v_20, v_27, v_n))
		(?, 1)    eval_darray_delete_bb3_in(v_.01, v_12, v_20, v_27, v_n) -> Com_1(eval_darray_delete_16(v_.01, v_.01 + 1, nondef.4, v_27, v_n))
		(?, 1)    eval_darray_delete_bb3_in(v_.01, v_12, v_20, v_27, v_n) -> Com_1(eval_darray_delete_23(v_.01, v_12, v_20, nondef.6, v_n))
		(?, 1)    eval_darray_delete_16(v_.01, v_12, v_20, v_27, v_n) -> Com_2(eval_llvm.memcpy.p0i8.p0i8.i64_start(v_.01, v_12, v_20, v_27, v_n), eval_darray_delete_17(v_.01, v_12, v_20, v_27, v_n))
		(?, 1)    eval_darray_delete_17(v_.01, v_12, v_20, v_27, v_n) -> Com_1(eval_darray_delete_bb3_in(v_12, v_12, v_20, v_27, v_n))
		(?, 1)    eval_darray_delete_23(v_.01, v_12, v_20, v_27, v_n) -> Com_2(eval_llvm.memset.p0i8.i64_start(v_.01, v_12, v_20, v_27, v_n), eval_darray_delete_24(v_.01, v_12, v_20, v_27, v_n))
		(?, 1)    eval_darray_delete_24(v_.01, v_12, v_20, v_27, v_n) -> Com_1(eval_darray_delete_bb7_in(v_.01, v_12, v_20, v_27, v_n))
		(?, 1)    eval_darray_delete_25(v_.01, v_12, v_20, v_27, v_n) -> Com_2(eval_abort_start(v_.01, v_12, v_20, v_27, v_n), eval_darray_delete_26(v_.01, v_12, v_20, v_27, v_n))
		(?, 1)    eval_darray_delete_26(v_.01, v_12, v_20, v_27, v_n) -> Com_1(eval_darray_delete_stop(v_.01, v_12, v_20, v_27, v_n))
		(?, 1)    eval_darray_delete_bb7_in(v_.01, v_12, v_20, v_27, v_n) -> Com_1(eval_darray_delete_stop(v_.01, v_12, v_20, v_27, v_n))
	start location:	eval_darray_delete_start
	leaf cost:	0

Slicing away variables that do not contribute to conditions from problem 1 leaves variables [].
We thus obtain the following problem:
2:	T:
		(?, 1)    eval_darray_delete_bb7_in() -> Com_1(eval_darray_delete_stop())
		(?, 1)    eval_darray_delete_26() -> Com_1(eval_darray_delete_stop())
		(?, 1)    eval_darray_delete_25() -> Com_2(eval_abort_start(), eval_darray_delete_26())
		(?, 1)    eval_darray_delete_24() -> Com_1(eval_darray_delete_bb7_in())
		(?, 1)    eval_darray_delete_23() -> Com_2(eval_llvm.memset.p0i8.i64_start(), eval_darray_delete_24())
		(?, 1)    eval_darray_delete_17() -> Com_1(eval_darray_delete_bb3_in())
		(?, 1)    eval_darray_delete_16() -> Com_2(eval_llvm.memcpy.p0i8.p0i8.i64_start(), eval_darray_delete_17())
		(?, 1)    eval_darray_delete_bb3_in() -> Com_1(eval_darray_delete_23())
		(?, 1)    eval_darray_delete_bb3_in() -> Com_1(eval_darray_delete_16())
		(?, 1)    eval_darray_delete_1() -> Com_1(eval_darray_delete_bb7_in())
		(?, 1)    eval_darray_delete_1() -> Com_1(eval_darray_delete_25())
		(?, 1)    eval_darray_delete_1() -> Com_1(eval_darray_delete_bb3_in())
		(?, 1)    eval_darray_delete_0() -> Com_2(eval_darray_find_start(), eval_darray_delete_1())
		(?, 1)    eval_darray_delete_bb0_in() -> Com_1(eval_darray_delete_0())
		(1, 1)    eval_darray_delete_start() -> Com_1(eval_darray_delete_bb0_in())
	start location:	eval_darray_delete_start
	leaf cost:	0

Repeatedly propagating knowledge in problem 2 produces the following problem:
3:	T:
		(?, 1)    eval_darray_delete_bb7_in() -> Com_1(eval_darray_delete_stop())
		(1, 1)    eval_darray_delete_26() -> Com_1(eval_darray_delete_stop())
		(1, 1)    eval_darray_delete_25() -> Com_2(eval_abort_start(), eval_darray_delete_26())
		(?, 1)    eval_darray_delete_24() -> Com_1(eval_darray_delete_bb7_in())
		(?, 1)    eval_darray_delete_23() -> Com_2(eval_llvm.memset.p0i8.i64_start(), eval_darray_delete_24())
		(?, 1)    eval_darray_delete_17() -> Com_1(eval_darray_delete_bb3_in())
		(?, 1)    eval_darray_delete_16() -> Com_2(eval_llvm.memcpy.p0i8.p0i8.i64_start(), eval_darray_delete_17())
		(?, 1)    eval_darray_delete_bb3_in() -> Com_1(eval_darray_delete_23())
		(?, 1)    eval_darray_delete_bb3_in() -> Com_1(eval_darray_delete_16())
		(1, 1)    eval_darray_delete_1() -> Com_1(eval_darray_delete_bb7_in())
		(1, 1)    eval_darray_delete_1() -> Com_1(eval_darray_delete_25())
		(1, 1)    eval_darray_delete_1() -> Com_1(eval_darray_delete_bb3_in())
		(1, 1)    eval_darray_delete_0() -> Com_2(eval_darray_find_start(), eval_darray_delete_1())
		(1, 1)    eval_darray_delete_bb0_in() -> Com_1(eval_darray_delete_0())
		(1, 1)    eval_darray_delete_start() -> Com_1(eval_darray_delete_bb0_in())
	start location:	eval_darray_delete_start
	leaf cost:	0

A polynomial rank function with
	Pol(eval_darray_delete_bb7_in) = 1
	Pol(eval_darray_delete_stop) = 0
	Pol(eval_darray_delete_26) = 0
	Pol(eval_darray_delete_25) = 0
	Pol(eval_abort_start) = 0
	Pol(eval_darray_delete_24) = 2
	Pol(eval_darray_delete_23) = 3
	Pol(eval_llvm.memset.p0i8.i64_start) = 0
	Pol(eval_darray_delete_17) = 4
	Pol(eval_darray_delete_bb3_in) = 4
	Pol(eval_darray_delete_16) = 4
	Pol(eval_llvm.memcpy.p0i8.p0i8.i64_start) = 0
	Pol(eval_darray_delete_1) = 4
	Pol(eval_darray_delete_0) = 4
	Pol(eval_darray_find_start) = 0
	Pol(eval_darray_delete_bb0_in) = 4
	Pol(eval_darray_delete_start) = 4
orients all transitions weakly and the transitions
	eval_darray_delete_bb7_in() -> Com_1(eval_darray_delete_stop())
	eval_darray_delete_bb3_in() -> Com_1(eval_darray_delete_23())
	eval_darray_delete_24() -> Com_1(eval_darray_delete_bb7_in())
	eval_darray_delete_23() -> Com_2(eval_llvm.memset.p0i8.i64_start(), eval_darray_delete_24())
strictly and produces the following problem:
4:	T:
		(4, 1)    eval_darray_delete_bb7_in() -> Com_1(eval_darray_delete_stop())
		(1, 1)    eval_darray_delete_26() -> Com_1(eval_darray_delete_stop())
		(1, 1)    eval_darray_delete_25() -> Com_2(eval_abort_start(), eval_darray_delete_26())
		(4, 1)    eval_darray_delete_24() -> Com_1(eval_darray_delete_bb7_in())
		(4, 1)    eval_darray_delete_23() -> Com_2(eval_llvm.memset.p0i8.i64_start(), eval_darray_delete_24())
		(?, 1)    eval_darray_delete_17() -> Com_1(eval_darray_delete_bb3_in())
		(?, 1)    eval_darray_delete_16() -> Com_2(eval_llvm.memcpy.p0i8.p0i8.i64_start(), eval_darray_delete_17())
		(4, 1)    eval_darray_delete_bb3_in() -> Com_1(eval_darray_delete_23())
		(?, 1)    eval_darray_delete_bb3_in() -> Com_1(eval_darray_delete_16())
		(1, 1)    eval_darray_delete_1() -> Com_1(eval_darray_delete_bb7_in())
		(1, 1)    eval_darray_delete_1() -> Com_1(eval_darray_delete_25())
		(1, 1)    eval_darray_delete_1() -> Com_1(eval_darray_delete_bb3_in())
		(1, 1)    eval_darray_delete_0() -> Com_2(eval_darray_find_start(), eval_darray_delete_1())
		(1, 1)    eval_darray_delete_bb0_in() -> Com_1(eval_darray_delete_0())
		(1, 1)    eval_darray_delete_start() -> Com_1(eval_darray_delete_bb0_in())
	start location:	eval_darray_delete_start
	leaf cost:	0

By chaining the transition eval_darray_delete_24() -> Com_1(eval_darray_delete_bb7_in()) with all transitions in problem 4, the following new transition is obtained:
	eval_darray_delete_24() -> Com_1(eval_darray_delete_stop())
We thus obtain the following problem:
5:	T:
		(4, 2)    eval_darray_delete_24() -> Com_1(eval_darray_delete_stop())
		(4, 1)    eval_darray_delete_bb7_in() -> Com_1(eval_darray_delete_stop())
		(1, 1)    eval_darray_delete_26() -> Com_1(eval_darray_delete_stop())
		(1, 1)    eval_darray_delete_25() -> Com_2(eval_abort_start(), eval_darray_delete_26())
		(4, 1)    eval_darray_delete_23() -> Com_2(eval_llvm.memset.p0i8.i64_start(), eval_darray_delete_24())
		(?, 1)    eval_darray_delete_17() -> Com_1(eval_darray_delete_bb3_in())
		(?, 1)    eval_darray_delete_16() -> Com_2(eval_llvm.memcpy.p0i8.p0i8.i64_start(), eval_darray_delete_17())
		(4, 1)    eval_darray_delete_bb3_in() -> Com_1(eval_darray_delete_23())
		(?, 1)    eval_darray_delete_bb3_in() -> Com_1(eval_darray_delete_16())
		(1, 1)    eval_darray_delete_1() -> Com_1(eval_darray_delete_bb7_in())
		(1, 1)    eval_darray_delete_1() -> Com_1(eval_darray_delete_25())
		(1, 1)    eval_darray_delete_1() -> Com_1(eval_darray_delete_bb3_in())
		(1, 1)    eval_darray_delete_0() -> Com_2(eval_darray_find_start(), eval_darray_delete_1())
		(1, 1)    eval_darray_delete_bb0_in() -> Com_1(eval_darray_delete_0())
		(1, 1)    eval_darray_delete_start() -> Com_1(eval_darray_delete_bb0_in())
	start location:	eval_darray_delete_start
	leaf cost:	0

By chaining the transition eval_darray_delete_bb3_in() -> Com_1(eval_darray_delete_23()) with all transitions in problem 5, the following new transition is obtained:
	eval_darray_delete_bb3_in() -> Com_2(eval_llvm.memset.p0i8.i64_start(), eval_darray_delete_24())
We thus obtain the following problem:
6:	T:
		(4, 2)    eval_darray_delete_bb3_in() -> Com_2(eval_llvm.memset.p0i8.i64_start(), eval_darray_delete_24())
		(4, 2)    eval_darray_delete_24() -> Com_1(eval_darray_delete_stop())
		(4, 1)    eval_darray_delete_bb7_in() -> Com_1(eval_darray_delete_stop())
		(1, 1)    eval_darray_delete_26() -> Com_1(eval_darray_delete_stop())
		(1, 1)    eval_darray_delete_25() -> Com_2(eval_abort_start(), eval_darray_delete_26())
		(4, 1)    eval_darray_delete_23() -> Com_2(eval_llvm.memset.p0i8.i64_start(), eval_darray_delete_24())
		(?, 1)    eval_darray_delete_17() -> Com_1(eval_darray_delete_bb3_in())
		(?, 1)    eval_darray_delete_16() -> Com_2(eval_llvm.memcpy.p0i8.p0i8.i64_start(), eval_darray_delete_17())
		(?, 1)    eval_darray_delete_bb3_in() -> Com_1(eval_darray_delete_16())
		(1, 1)    eval_darray_delete_1() -> Com_1(eval_darray_delete_bb7_in())
		(1, 1)    eval_darray_delete_1() -> Com_1(eval_darray_delete_25())
		(1, 1)    eval_darray_delete_1() -> Com_1(eval_darray_delete_bb3_in())
		(1, 1)    eval_darray_delete_0() -> Com_2(eval_darray_find_start(), eval_darray_delete_1())
		(1, 1)    eval_darray_delete_bb0_in() -> Com_1(eval_darray_delete_0())
		(1, 1)    eval_darray_delete_start() -> Com_1(eval_darray_delete_bb0_in())
	start location:	eval_darray_delete_start
	leaf cost:	0

Testing for reachability in the complexity graph removes the following transition from problem 6:
	eval_darray_delete_23() -> Com_2(eval_llvm.memset.p0i8.i64_start(), eval_darray_delete_24())
We thus obtain the following problem:
7:	T:
		(?, 1)    eval_darray_delete_17() -> Com_1(eval_darray_delete_bb3_in())
		(4, 2)    eval_darray_delete_24() -> Com_1(eval_darray_delete_stop())
		(?, 1)    eval_darray_delete_16() -> Com_2(eval_llvm.memcpy.p0i8.p0i8.i64_start(), eval_darray_delete_17())
		(1, 1)    eval_darray_delete_26() -> Com_1(eval_darray_delete_stop())
		(4, 2)    eval_darray_delete_bb3_in() -> Com_2(eval_llvm.memset.p0i8.i64_start(), eval_darray_delete_24())
		(?, 1)    eval_darray_delete_bb3_in() -> Com_1(eval_darray_delete_16())
		(1, 1)    eval_darray_delete_25() -> Com_2(eval_abort_start(), eval_darray_delete_26())
		(4, 1)    eval_darray_delete_bb7_in() -> Com_1(eval_darray_delete_stop())
		(1, 1)    eval_darray_delete_1() -> Com_1(eval_darray_delete_bb3_in())
		(1, 1)    eval_darray_delete_1() -> Com_1(eval_darray_delete_25())
		(1, 1)    eval_darray_delete_1() -> Com_1(eval_darray_delete_bb7_in())
		(1, 1)    eval_darray_delete_0() -> Com_2(eval_darray_find_start(), eval_darray_delete_1())
		(1, 1)    eval_darray_delete_bb0_in() -> Com_1(eval_darray_delete_0())
		(1, 1)    eval_darray_delete_start() -> Com_1(eval_darray_delete_bb0_in())
	start location:	eval_darray_delete_start
	leaf cost:	0

By chaining the transition eval_darray_delete_bb3_in() -> Com_1(eval_darray_delete_16()) with all transitions in problem 7, the following new transition is obtained:
	eval_darray_delete_bb3_in() -> Com_2(eval_llvm.memcpy.p0i8.p0i8.i64_start(), eval_darray_delete_17())
We thus obtain the following problem:
8:	T:
		(?, 2)    eval_darray_delete_bb3_in() -> Com_2(eval_llvm.memcpy.p0i8.p0i8.i64_start(), eval_darray_delete_17())
		(?, 1)    eval_darray_delete_17() -> Com_1(eval_darray_delete_bb3_in())
		(4, 2)    eval_darray_delete_24() -> Com_1(eval_darray_delete_stop())
		(?, 1)    eval_darray_delete_16() -> Com_2(eval_llvm.memcpy.p0i8.p0i8.i64_start(), eval_darray_delete_17())
		(1, 1)    eval_darray_delete_26() -> Com_1(eval_darray_delete_stop())
		(4, 2)    eval_darray_delete_bb3_in() -> Com_2(eval_llvm.memset.p0i8.i64_start(), eval_darray_delete_24())
		(1, 1)    eval_darray_delete_25() -> Com_2(eval_abort_start(), eval_darray_delete_26())
		(4, 1)    eval_darray_delete_bb7_in() -> Com_1(eval_darray_delete_stop())
		(1, 1)    eval_darray_delete_1() -> Com_1(eval_darray_delete_bb3_in())
		(1, 1)    eval_darray_delete_1() -> Com_1(eval_darray_delete_25())
		(1, 1)    eval_darray_delete_1() -> Com_1(eval_darray_delete_bb7_in())
		(1, 1)    eval_darray_delete_0() -> Com_2(eval_darray_find_start(), eval_darray_delete_1())
		(1, 1)    eval_darray_delete_bb0_in() -> Com_1(eval_darray_delete_0())
		(1, 1)    eval_darray_delete_start() -> Com_1(eval_darray_delete_bb0_in())
	start location:	eval_darray_delete_start
	leaf cost:	0

Testing for reachability in the complexity graph removes the following transition from problem 8:
	eval_darray_delete_16() -> Com_2(eval_llvm.memcpy.p0i8.p0i8.i64_start(), eval_darray_delete_17())
We thus obtain the following problem:
9:	T:
		(?, 1)    eval_darray_delete_17() -> Com_1(eval_darray_delete_bb3_in())
		(4, 2)    eval_darray_delete_24() -> Com_1(eval_darray_delete_stop())
		(1, 1)    eval_darray_delete_26() -> Com_1(eval_darray_delete_stop())
		(?, 2)    eval_darray_delete_bb3_in() -> Com_2(eval_llvm.memcpy.p0i8.p0i8.i64_start(), eval_darray_delete_17())
		(4, 2)    eval_darray_delete_bb3_in() -> Com_2(eval_llvm.memset.p0i8.i64_start(), eval_darray_delete_24())
		(1, 1)    eval_darray_delete_25() -> Com_2(eval_abort_start(), eval_darray_delete_26())
		(4, 1)    eval_darray_delete_bb7_in() -> Com_1(eval_darray_delete_stop())
		(1, 1)    eval_darray_delete_1() -> Com_1(eval_darray_delete_bb3_in())
		(1, 1)    eval_darray_delete_1() -> Com_1(eval_darray_delete_25())
		(1, 1)    eval_darray_delete_1() -> Com_1(eval_darray_delete_bb7_in())
		(1, 1)    eval_darray_delete_0() -> Com_2(eval_darray_find_start(), eval_darray_delete_1())
		(1, 1)    eval_darray_delete_bb0_in() -> Com_1(eval_darray_delete_0())
		(1, 1)    eval_darray_delete_start() -> Com_1(eval_darray_delete_bb0_in())
	start location:	eval_darray_delete_start
	leaf cost:	0

By chaining the transition eval_darray_delete_1() -> Com_1(eval_darray_delete_25()) with all transitions in problem 9, the following new transition is obtained:
	eval_darray_delete_1() -> Com_2(eval_abort_start(), eval_darray_delete_26())
We thus obtain the following problem:
10:	T:
		(1, 2)    eval_darray_delete_1() -> Com_2(eval_abort_start(), eval_darray_delete_26())
		(?, 1)    eval_darray_delete_17() -> Com_1(eval_darray_delete_bb3_in())
		(4, 2)    eval_darray_delete_24() -> Com_1(eval_darray_delete_stop())
		(1, 1)    eval_darray_delete_26() -> Com_1(eval_darray_delete_stop())
		(?, 2)    eval_darray_delete_bb3_in() -> Com_2(eval_llvm.memcpy.p0i8.p0i8.i64_start(), eval_darray_delete_17())
		(4, 2)    eval_darray_delete_bb3_in() -> Com_2(eval_llvm.memset.p0i8.i64_start(), eval_darray_delete_24())
		(1, 1)    eval_darray_delete_25() -> Com_2(eval_abort_start(), eval_darray_delete_26())
		(4, 1)    eval_darray_delete_bb7_in() -> Com_1(eval_darray_delete_stop())
		(1, 1)    eval_darray_delete_1() -> Com_1(eval_darray_delete_bb3_in())
		(1, 1)    eval_darray_delete_1() -> Com_1(eval_darray_delete_bb7_in())
		(1, 1)    eval_darray_delete_0() -> Com_2(eval_darray_find_start(), eval_darray_delete_1())
		(1, 1)    eval_darray_delete_bb0_in() -> Com_1(eval_darray_delete_0())
		(1, 1)    eval_darray_delete_start() -> Com_1(eval_darray_delete_bb0_in())
	start location:	eval_darray_delete_start
	leaf cost:	0

Testing for reachability in the complexity graph removes the following transition from problem 10:
	eval_darray_delete_25() -> Com_2(eval_abort_start(), eval_darray_delete_26())
We thus obtain the following problem:
11:	T:
		(?, 1)    eval_darray_delete_17() -> Com_1(eval_darray_delete_bb3_in())
		(4, 2)    eval_darray_delete_24() -> Com_1(eval_darray_delete_stop())
		(1, 1)    eval_darray_delete_26() -> Com_1(eval_darray_delete_stop())
		(?, 2)    eval_darray_delete_bb3_in() -> Com_2(eval_llvm.memcpy.p0i8.p0i8.i64_start(), eval_darray_delete_17())
		(4, 2)    eval_darray_delete_bb3_in() -> Com_2(eval_llvm.memset.p0i8.i64_start(), eval_darray_delete_24())
		(4, 1)    eval_darray_delete_bb7_in() -> Com_1(eval_darray_delete_stop())
		(1, 2)    eval_darray_delete_1() -> Com_2(eval_abort_start(), eval_darray_delete_26())
		(1, 1)    eval_darray_delete_1() -> Com_1(eval_darray_delete_bb3_in())
		(1, 1)    eval_darray_delete_1() -> Com_1(eval_darray_delete_bb7_in())
		(1, 1)    eval_darray_delete_0() -> Com_2(eval_darray_find_start(), eval_darray_delete_1())
		(1, 1)    eval_darray_delete_bb0_in() -> Com_1(eval_darray_delete_0())
		(1, 1)    eval_darray_delete_start() -> Com_1(eval_darray_delete_bb0_in())
	start location:	eval_darray_delete_start
	leaf cost:	0

By chaining the transition eval_darray_delete_1() -> Com_1(eval_darray_delete_bb7_in()) with all transitions in problem 11, the following new transition is obtained:
	eval_darray_delete_1() -> Com_1(eval_darray_delete_stop())
We thus obtain the following problem:
12:	T:
		(1, 2)    eval_darray_delete_1() -> Com_1(eval_darray_delete_stop())
		(?, 1)    eval_darray_delete_17() -> Com_1(eval_darray_delete_bb3_in())
		(4, 2)    eval_darray_delete_24() -> Com_1(eval_darray_delete_stop())
		(1, 1)    eval_darray_delete_26() -> Com_1(eval_darray_delete_stop())
		(?, 2)    eval_darray_delete_bb3_in() -> Com_2(eval_llvm.memcpy.p0i8.p0i8.i64_start(), eval_darray_delete_17())
		(4, 2)    eval_darray_delete_bb3_in() -> Com_2(eval_llvm.memset.p0i8.i64_start(), eval_darray_delete_24())
		(4, 1)    eval_darray_delete_bb7_in() -> Com_1(eval_darray_delete_stop())
		(1, 2)    eval_darray_delete_1() -> Com_2(eval_abort_start(), eval_darray_delete_26())
		(1, 1)    eval_darray_delete_1() -> Com_1(eval_darray_delete_bb3_in())
		(1, 1)    eval_darray_delete_0() -> Com_2(eval_darray_find_start(), eval_darray_delete_1())
		(1, 1)    eval_darray_delete_bb0_in() -> Com_1(eval_darray_delete_0())
		(1, 1)    eval_darray_delete_start() -> Com_1(eval_darray_delete_bb0_in())
	start location:	eval_darray_delete_start
	leaf cost:	0

Testing for reachability in the complexity graph removes the following transition from problem 12:
	eval_darray_delete_bb7_in() -> Com_1(eval_darray_delete_stop())
We thus obtain the following problem:
13:	T:
		(?, 1)    eval_darray_delete_17() -> Com_1(eval_darray_delete_bb3_in())
		(4, 2)    eval_darray_delete_24() -> Com_1(eval_darray_delete_stop())
		(1, 1)    eval_darray_delete_26() -> Com_1(eval_darray_delete_stop())
		(?, 2)    eval_darray_delete_bb3_in() -> Com_2(eval_llvm.memcpy.p0i8.p0i8.i64_start(), eval_darray_delete_17())
		(4, 2)    eval_darray_delete_bb3_in() -> Com_2(eval_llvm.memset.p0i8.i64_start(), eval_darray_delete_24())
		(1, 2)    eval_darray_delete_1() -> Com_1(eval_darray_delete_stop())
		(1, 2)    eval_darray_delete_1() -> Com_2(eval_abort_start(), eval_darray_delete_26())
		(1, 1)    eval_darray_delete_1() -> Com_1(eval_darray_delete_bb3_in())
		(1, 1)    eval_darray_delete_0() -> Com_2(eval_darray_find_start(), eval_darray_delete_1())
		(1, 1)    eval_darray_delete_bb0_in() -> Com_1(eval_darray_delete_0())
		(1, 1)    eval_darray_delete_start() -> Com_1(eval_darray_delete_bb0_in())
	start location:	eval_darray_delete_start
	leaf cost:	0

By chaining the transition eval_darray_delete_bb0_in() -> Com_1(eval_darray_delete_0()) with all transitions in problem 13, the following new transition is obtained:
	eval_darray_delete_bb0_in() -> Com_2(eval_darray_find_start(), eval_darray_delete_1())
We thus obtain the following problem:
14:	T:
		(1, 2)    eval_darray_delete_bb0_in() -> Com_2(eval_darray_find_start(), eval_darray_delete_1())
		(?, 1)    eval_darray_delete_17() -> Com_1(eval_darray_delete_bb3_in())
		(4, 2)    eval_darray_delete_24() -> Com_1(eval_darray_delete_stop())
		(1, 1)    eval_darray_delete_26() -> Com_1(eval_darray_delete_stop())
		(?, 2)    eval_darray_delete_bb3_in() -> Com_2(eval_llvm.memcpy.p0i8.p0i8.i64_start(), eval_darray_delete_17())
		(4, 2)    eval_darray_delete_bb3_in() -> Com_2(eval_llvm.memset.p0i8.i64_start(), eval_darray_delete_24())
		(1, 2)    eval_darray_delete_1() -> Com_1(eval_darray_delete_stop())
		(1, 2)    eval_darray_delete_1() -> Com_2(eval_abort_start(), eval_darray_delete_26())
		(1, 1)    eval_darray_delete_1() -> Com_1(eval_darray_delete_bb3_in())
		(1, 1)    eval_darray_delete_0() -> Com_2(eval_darray_find_start(), eval_darray_delete_1())
		(1, 1)    eval_darray_delete_start() -> Com_1(eval_darray_delete_bb0_in())
	start location:	eval_darray_delete_start
	leaf cost:	0

Testing for reachability in the complexity graph removes the following transition from problem 14:
	eval_darray_delete_0() -> Com_2(eval_darray_find_start(), eval_darray_delete_1())
We thus obtain the following problem:
15:	T:
		(?, 1)    eval_darray_delete_17() -> Com_1(eval_darray_delete_bb3_in())
		(4, 2)    eval_darray_delete_24() -> Com_1(eval_darray_delete_stop())
		(1, 1)    eval_darray_delete_26() -> Com_1(eval_darray_delete_stop())
		(?, 2)    eval_darray_delete_bb3_in() -> Com_2(eval_llvm.memcpy.p0i8.p0i8.i64_start(), eval_darray_delete_17())
		(4, 2)    eval_darray_delete_bb3_in() -> Com_2(eval_llvm.memset.p0i8.i64_start(), eval_darray_delete_24())
		(1, 2)    eval_darray_delete_1() -> Com_1(eval_darray_delete_stop())
		(1, 2)    eval_darray_delete_1() -> Com_2(eval_abort_start(), eval_darray_delete_26())
		(1, 1)    eval_darray_delete_1() -> Com_1(eval_darray_delete_bb3_in())
		(1, 2)    eval_darray_delete_bb0_in() -> Com_2(eval_darray_find_start(), eval_darray_delete_1())
		(1, 1)    eval_darray_delete_start() -> Com_1(eval_darray_delete_bb0_in())
	start location:	eval_darray_delete_start
	leaf cost:	0

By chaining the transition eval_darray_delete_start() -> Com_1(eval_darray_delete_bb0_in()) with all transitions in problem 15, the following new transition is obtained:
	eval_darray_delete_start() -> Com_2(eval_darray_find_start(), eval_darray_delete_1())
We thus obtain the following problem:
16:	T:
		(1, 3)    eval_darray_delete_start() -> Com_2(eval_darray_find_start(), eval_darray_delete_1())
		(?, 1)    eval_darray_delete_17() -> Com_1(eval_darray_delete_bb3_in())
		(4, 2)    eval_darray_delete_24() -> Com_1(eval_darray_delete_stop())
		(1, 1)    eval_darray_delete_26() -> Com_1(eval_darray_delete_stop())
		(?, 2)    eval_darray_delete_bb3_in() -> Com_2(eval_llvm.memcpy.p0i8.p0i8.i64_start(), eval_darray_delete_17())
		(4, 2)    eval_darray_delete_bb3_in() -> Com_2(eval_llvm.memset.p0i8.i64_start(), eval_darray_delete_24())
		(1, 2)    eval_darray_delete_1() -> Com_1(eval_darray_delete_stop())
		(1, 2)    eval_darray_delete_1() -> Com_2(eval_abort_start(), eval_darray_delete_26())
		(1, 1)    eval_darray_delete_1() -> Com_1(eval_darray_delete_bb3_in())
		(1, 2)    eval_darray_delete_bb0_in() -> Com_2(eval_darray_find_start(), eval_darray_delete_1())
	start location:	eval_darray_delete_start
	leaf cost:	0

Testing for reachability in the complexity graph removes the following transition from problem 16:
	eval_darray_delete_bb0_in() -> Com_2(eval_darray_find_start(), eval_darray_delete_1())
We thus obtain the following problem:
17:	T:
		(?, 1)    eval_darray_delete_17() -> Com_1(eval_darray_delete_bb3_in())
		(4, 2)    eval_darray_delete_24() -> Com_1(eval_darray_delete_stop())
		(1, 1)    eval_darray_delete_26() -> Com_1(eval_darray_delete_stop())
		(?, 2)    eval_darray_delete_bb3_in() -> Com_2(eval_llvm.memcpy.p0i8.p0i8.i64_start(), eval_darray_delete_17())
		(4, 2)    eval_darray_delete_bb3_in() -> Com_2(eval_llvm.memset.p0i8.i64_start(), eval_darray_delete_24())
		(1, 2)    eval_darray_delete_1() -> Com_1(eval_darray_delete_stop())
		(1, 2)    eval_darray_delete_1() -> Com_2(eval_abort_start(), eval_darray_delete_26())
		(1, 1)    eval_darray_delete_1() -> Com_1(eval_darray_delete_bb3_in())
		(1, 3)    eval_darray_delete_start() -> Com_2(eval_darray_find_start(), eval_darray_delete_1())
	start location:	eval_darray_delete_start
	leaf cost:	0

By chaining the transition eval_darray_delete_17() -> Com_1(eval_darray_delete_bb3_in()) with all transitions in problem 17, the following new transitions are obtained:
	eval_darray_delete_17() -> Com_2(eval_llvm.memcpy.p0i8.p0i8.i64_start(), eval_darray_delete_17())
	eval_darray_delete_17() -> Com_2(eval_llvm.memset.p0i8.i64_start(), eval_darray_delete_24())
We thus obtain the following problem:
18:	T:
		(?, 3)    eval_darray_delete_17() -> Com_2(eval_llvm.memcpy.p0i8.p0i8.i64_start(), eval_darray_delete_17())
		(?, 3)    eval_darray_delete_17() -> Com_2(eval_llvm.memset.p0i8.i64_start(), eval_darray_delete_24())
		(4, 2)    eval_darray_delete_24() -> Com_1(eval_darray_delete_stop())
		(1, 1)    eval_darray_delete_26() -> Com_1(eval_darray_delete_stop())
		(?, 2)    eval_darray_delete_bb3_in() -> Com_2(eval_llvm.memcpy.p0i8.p0i8.i64_start(), eval_darray_delete_17())
		(4, 2)    eval_darray_delete_bb3_in() -> Com_2(eval_llvm.memset.p0i8.i64_start(), eval_darray_delete_24())
		(1, 2)    eval_darray_delete_1() -> Com_1(eval_darray_delete_stop())
		(1, 2)    eval_darray_delete_1() -> Com_2(eval_abort_start(), eval_darray_delete_26())
		(1, 1)    eval_darray_delete_1() -> Com_1(eval_darray_delete_bb3_in())
		(1, 3)    eval_darray_delete_start() -> Com_2(eval_darray_find_start(), eval_darray_delete_1())
	start location:	eval_darray_delete_start
	leaf cost:	0

Repeatedly propagating knowledge in problem 18 produces the following problem:
19:	T:
		(?, 3)    eval_darray_delete_17() -> Com_2(eval_llvm.memcpy.p0i8.p0i8.i64_start(), eval_darray_delete_17())
		(?, 3)    eval_darray_delete_17() -> Com_2(eval_llvm.memset.p0i8.i64_start(), eval_darray_delete_24())
		(4, 2)    eval_darray_delete_24() -> Com_1(eval_darray_delete_stop())
		(1, 1)    eval_darray_delete_26() -> Com_1(eval_darray_delete_stop())
		(1, 2)    eval_darray_delete_bb3_in() -> Com_2(eval_llvm.memcpy.p0i8.p0i8.i64_start(), eval_darray_delete_17())
		(4, 2)    eval_darray_delete_bb3_in() -> Com_2(eval_llvm.memset.p0i8.i64_start(), eval_darray_delete_24())
		(1, 2)    eval_darray_delete_1() -> Com_1(eval_darray_delete_stop())
		(1, 2)    eval_darray_delete_1() -> Com_2(eval_abort_start(), eval_darray_delete_26())
		(1, 1)    eval_darray_delete_1() -> Com_1(eval_darray_delete_bb3_in())
		(1, 3)    eval_darray_delete_start() -> Com_2(eval_darray_find_start(), eval_darray_delete_1())
	start location:	eval_darray_delete_start
	leaf cost:	0

A polynomial rank function with
	Pol(eval_darray_delete_17) = 1
	Pol(eval_llvm.memcpy.p0i8.p0i8.i64_start) = 0
	Pol(eval_llvm.memset.p0i8.i64_start) = 0
	Pol(eval_darray_delete_24) = 0
	Pol(eval_darray_delete_stop) = 0
	Pol(eval_darray_delete_26) = 0
	Pol(eval_darray_delete_bb3_in) = 1
	Pol(eval_darray_delete_1) = 1
	Pol(eval_abort_start) = 0
	Pol(eval_darray_delete_start) = 1
	Pol(eval_darray_find_start) = 0
orients all transitions weakly and the transition
	eval_darray_delete_17() -> Com_2(eval_llvm.memset.p0i8.i64_start(), eval_darray_delete_24())
strictly and produces the following problem:
20:	T:
		(?, 3)    eval_darray_delete_17() -> Com_2(eval_llvm.memcpy.p0i8.p0i8.i64_start(), eval_darray_delete_17())
		(1, 3)    eval_darray_delete_17() -> Com_2(eval_llvm.memset.p0i8.i64_start(), eval_darray_delete_24())
		(4, 2)    eval_darray_delete_24() -> Com_1(eval_darray_delete_stop())
		(1, 1)    eval_darray_delete_26() -> Com_1(eval_darray_delete_stop())
		(1, 2)    eval_darray_delete_bb3_in() -> Com_2(eval_llvm.memcpy.p0i8.p0i8.i64_start(), eval_darray_delete_17())
		(4, 2)    eval_darray_delete_bb3_in() -> Com_2(eval_llvm.memset.p0i8.i64_start(), eval_darray_delete_24())
		(1, 2)    eval_darray_delete_1() -> Com_1(eval_darray_delete_stop())
		(1, 2)    eval_darray_delete_1() -> Com_2(eval_abort_start(), eval_darray_delete_26())
		(1, 1)    eval_darray_delete_1() -> Com_1(eval_darray_delete_bb3_in())
		(1, 3)    eval_darray_delete_start() -> Com_2(eval_darray_find_start(), eval_darray_delete_1())
	start location:	eval_darray_delete_start
	leaf cost:	0

By chaining the transition eval_darray_delete_1() -> Com_1(eval_darray_delete_bb3_in()) with all transitions in problem 20, the following new transitions are obtained:
	eval_darray_delete_1() -> Com_2(eval_llvm.memcpy.p0i8.p0i8.i64_start(), eval_darray_delete_17())
	eval_darray_delete_1() -> Com_2(eval_llvm.memset.p0i8.i64_start(), eval_darray_delete_24())
We thus obtain the following problem:
21:	T:
		(1, 3)    eval_darray_delete_1() -> Com_2(eval_llvm.memcpy.p0i8.p0i8.i64_start(), eval_darray_delete_17())
		(1, 3)    eval_darray_delete_1() -> Com_2(eval_llvm.memset.p0i8.i64_start(), eval_darray_delete_24())
		(?, 3)    eval_darray_delete_17() -> Com_2(eval_llvm.memcpy.p0i8.p0i8.i64_start(), eval_darray_delete_17())
		(1, 3)    eval_darray_delete_17() -> Com_2(eval_llvm.memset.p0i8.i64_start(), eval_darray_delete_24())
		(4, 2)    eval_darray_delete_24() -> Com_1(eval_darray_delete_stop())
		(1, 1)    eval_darray_delete_26() -> Com_1(eval_darray_delete_stop())
		(1, 2)    eval_darray_delete_bb3_in() -> Com_2(eval_llvm.memcpy.p0i8.p0i8.i64_start(), eval_darray_delete_17())
		(4, 2)    eval_darray_delete_bb3_in() -> Com_2(eval_llvm.memset.p0i8.i64_start(), eval_darray_delete_24())
		(1, 2)    eval_darray_delete_1() -> Com_1(eval_darray_delete_stop())
		(1, 2)    eval_darray_delete_1() -> Com_2(eval_abort_start(), eval_darray_delete_26())
		(1, 3)    eval_darray_delete_start() -> Com_2(eval_darray_find_start(), eval_darray_delete_1())
	start location:	eval_darray_delete_start
	leaf cost:	0

Testing for reachability in the complexity graph removes the following transitions from problem 21:
	eval_darray_delete_bb3_in() -> Com_2(eval_llvm.memcpy.p0i8.p0i8.i64_start(), eval_darray_delete_17())
	eval_darray_delete_bb3_in() -> Com_2(eval_llvm.memset.p0i8.i64_start(), eval_darray_delete_24())
We thus obtain the following problem:
22:	T:
		(4, 2)    eval_darray_delete_24() -> Com_1(eval_darray_delete_stop())
		(1, 3)    eval_darray_delete_17() -> Com_2(eval_llvm.memset.p0i8.i64_start(), eval_darray_delete_24())
		(?, 3)    eval_darray_delete_17() -> Com_2(eval_llvm.memcpy.p0i8.p0i8.i64_start(), eval_darray_delete_17())
		(1, 1)    eval_darray_delete_26() -> Com_1(eval_darray_delete_stop())
		(1, 3)    eval_darray_delete_1() -> Com_2(eval_llvm.memset.p0i8.i64_start(), eval_darray_delete_24())
		(1, 3)    eval_darray_delete_1() -> Com_2(eval_llvm.memcpy.p0i8.p0i8.i64_start(), eval_darray_delete_17())
		(1, 2)    eval_darray_delete_1() -> Com_1(eval_darray_delete_stop())
		(1, 2)    eval_darray_delete_1() -> Com_2(eval_abort_start(), eval_darray_delete_26())
		(1, 3)    eval_darray_delete_start() -> Com_2(eval_darray_find_start(), eval_darray_delete_1())
	start location:	eval_darray_delete_start
	leaf cost:	0

Complexity upper bound ?

Time: 0.088 sec (SMT: 0.081 sec)
