YES(?, 2*v_bits_left + 67)

Initial complexity problem:
1:	T:
		(1, 1)    eval_hc_put_last_bits_proc_start(v_.02, v_bits, v_bits_left) -> eval_hc_put_last_bits_proc_bb0_in(v_.02, v_bits, v_bits_left)
		(?, 1)    eval_hc_put_last_bits_proc_bb0_in(v_.02, v_bits, v_bits_left) -> eval_hc_put_last_bits_proc_bb1_in(v_bits_left, v_bits, v_bits_left)
		(?, 1)    eval_hc_put_last_bits_proc_bb1_in(v_.02, v_bits, v_bits_left) -> eval_hc_put_last_bits_proc_bb4_in(v_.02, v_bits, v_bits_left) [ v_.02 < 32 ]
		(?, 1)    eval_hc_put_last_bits_proc_bb1_in(v_.02, v_bits, v_bits_left) -> eval_hc_put_last_bits_proc_stop(v_.02, v_bits, v_bits_left) [ v_.02 >= 32 ]
		(?, 1)    eval_hc_put_last_bits_proc_bb4_in(v_.02, v_bits, v_bits_left) -> eval_hc_put_last_bits_proc_bb1_in(v_.02 + 8, v_bits, v_bits_left)
	start location:	eval_hc_put_last_bits_proc_start
	leaf cost:	0

Repeatedly removing leaves of the complexity graph in problem 1 produces the following problem:
2:	T:
		(1, 1)    eval_hc_put_last_bits_proc_start(v_.02, v_bits, v_bits_left) -> eval_hc_put_last_bits_proc_bb0_in(v_.02, v_bits, v_bits_left)
		(?, 1)    eval_hc_put_last_bits_proc_bb0_in(v_.02, v_bits, v_bits_left) -> eval_hc_put_last_bits_proc_bb1_in(v_bits_left, v_bits, v_bits_left)
		(?, 1)    eval_hc_put_last_bits_proc_bb1_in(v_.02, v_bits, v_bits_left) -> eval_hc_put_last_bits_proc_bb4_in(v_.02, v_bits, v_bits_left) [ v_.02 < 32 ]
		(?, 1)    eval_hc_put_last_bits_proc_bb4_in(v_.02, v_bits, v_bits_left) -> eval_hc_put_last_bits_proc_bb1_in(v_.02 + 8, v_bits, v_bits_left)
	start location:	eval_hc_put_last_bits_proc_start
	leaf cost:	1

Repeatedly propagating knowledge in problem 2 produces the following problem:
3:	T:
		(1, 1)    eval_hc_put_last_bits_proc_start(v_.02, v_bits, v_bits_left) -> eval_hc_put_last_bits_proc_bb0_in(v_.02, v_bits, v_bits_left)
		(1, 1)    eval_hc_put_last_bits_proc_bb0_in(v_.02, v_bits, v_bits_left) -> eval_hc_put_last_bits_proc_bb1_in(v_bits_left, v_bits, v_bits_left)
		(?, 1)    eval_hc_put_last_bits_proc_bb1_in(v_.02, v_bits, v_bits_left) -> eval_hc_put_last_bits_proc_bb4_in(v_.02, v_bits, v_bits_left) [ v_.02 < 32 ]
		(?, 1)    eval_hc_put_last_bits_proc_bb4_in(v_.02, v_bits, v_bits_left) -> eval_hc_put_last_bits_proc_bb1_in(v_.02 + 8, v_bits, v_bits_left)
	start location:	eval_hc_put_last_bits_proc_start
	leaf cost:	1

A polynomial rank function with
	Pol(eval_hc_put_last_bits_proc_start) = -V_3 + 32
	Pol(eval_hc_put_last_bits_proc_bb0_in) = -V_3 + 32
	Pol(eval_hc_put_last_bits_proc_bb1_in) = -V_1 + 32
	Pol(eval_hc_put_last_bits_proc_bb4_in) = -V_1 + 24
orients all transitions weakly and the transition
	eval_hc_put_last_bits_proc_bb1_in(v_.02, v_bits, v_bits_left) -> eval_hc_put_last_bits_proc_bb4_in(v_.02, v_bits, v_bits_left) [ v_.02 < 32 ]
strictly and produces the following problem:
4:	T:
		(1, 1)                   eval_hc_put_last_bits_proc_start(v_.02, v_bits, v_bits_left) -> eval_hc_put_last_bits_proc_bb0_in(v_.02, v_bits, v_bits_left)
		(1, 1)                   eval_hc_put_last_bits_proc_bb0_in(v_.02, v_bits, v_bits_left) -> eval_hc_put_last_bits_proc_bb1_in(v_bits_left, v_bits, v_bits_left)
		(v_bits_left + 32, 1)    eval_hc_put_last_bits_proc_bb1_in(v_.02, v_bits, v_bits_left) -> eval_hc_put_last_bits_proc_bb4_in(v_.02, v_bits, v_bits_left) [ v_.02 < 32 ]
		(?, 1)                   eval_hc_put_last_bits_proc_bb4_in(v_.02, v_bits, v_bits_left) -> eval_hc_put_last_bits_proc_bb1_in(v_.02 + 8, v_bits, v_bits_left)
	start location:	eval_hc_put_last_bits_proc_start
	leaf cost:	1

Repeatedly propagating knowledge in problem 4 produces the following problem:
5:	T:
		(1, 1)                   eval_hc_put_last_bits_proc_start(v_.02, v_bits, v_bits_left) -> eval_hc_put_last_bits_proc_bb0_in(v_.02, v_bits, v_bits_left)
		(1, 1)                   eval_hc_put_last_bits_proc_bb0_in(v_.02, v_bits, v_bits_left) -> eval_hc_put_last_bits_proc_bb1_in(v_bits_left, v_bits, v_bits_left)
		(v_bits_left + 32, 1)    eval_hc_put_last_bits_proc_bb1_in(v_.02, v_bits, v_bits_left) -> eval_hc_put_last_bits_proc_bb4_in(v_.02, v_bits, v_bits_left) [ v_.02 < 32 ]
		(v_bits_left + 32, 1)    eval_hc_put_last_bits_proc_bb4_in(v_.02, v_bits, v_bits_left) -> eval_hc_put_last_bits_proc_bb1_in(v_.02 + 8, v_bits, v_bits_left)
	start location:	eval_hc_put_last_bits_proc_start
	leaf cost:	1

Complexity upper bound 2*v_bits_left + 67

Time: 0.068 sec (SMT: 0.063 sec)
