MAYBE

Initial complexity problem:
1:	T:
		(1, 1)    eval_gs_grestoreall_start(v_8) -> Com_1(eval_gs_grestoreall_bb0_in(v_8))
		(?, 1)    eval_gs_grestoreall_bb0_in(v_8) -> Com_1(eval_gs_grestoreall_bb2_in(v_8))
		(?, 1)    eval_gs_grestoreall_bb0_in(v_8) -> Com_1(eval_gs_grestoreall_8(v_8))
		(?, 1)    eval_gs_grestoreall_bb2_in(v_8) -> Com_1(eval_gs_grestoreall_0(v_8))
		(?, 1)    eval_gs_grestoreall_0(v_8) -> Com_2(eval_gs_grestore_start(v_8), eval_gs_grestoreall_1(nondef.0))
		(?, 1)    eval_gs_grestoreall_1(v_8) -> Com_1(eval_gs_grestoreall_bb8_in(v_8)) [ v_8 < 0 ]
		(?, 1)    eval_gs_grestoreall_1(v_8) -> Com_1(eval_gs_grestoreall_bb2_in(v_8)) [ v_8 >= 0 ]
		(?, 1)    eval_gs_grestoreall_1(v_8) -> Com_1(eval_gs_grestoreall_bb8_in(v_8))
		(?, 1)    eval_gs_grestoreall_1(v_8) -> Com_1(eval_gs_grestoreall_6(v_8))
		(?, 1)    eval_gs_grestoreall_6(v_8) -> Com_1(eval_gs_grestoreall_7(v_8))
		(?, 1)    eval_gs_grestoreall_7(v_8) -> Com_1(eval_gs_grestoreall_bb8_in(v_8))
		(?, 1)    eval_gs_grestoreall_8(v_8) -> Com_2(eval_gs_gsave_start(v_8), eval_gs_grestoreall_9(v_8))
		(?, 1)    eval_gs_grestoreall_9(v_8) -> Com_1(eval_gs_grestoreall_bb8_in(v_8))
		(?, 1)    eval_gs_grestoreall_bb8_in(v_8) -> Com_1(eval_gs_grestoreall_stop(v_8))
	start location:	eval_gs_grestoreall_start
	leaf cost:	0

Repeatedly propagating knowledge in problem 1 produces the following problem:
2:	T:
		(1, 1)    eval_gs_grestoreall_start(v_8) -> Com_1(eval_gs_grestoreall_bb0_in(v_8))
		(1, 1)    eval_gs_grestoreall_bb0_in(v_8) -> Com_1(eval_gs_grestoreall_bb2_in(v_8))
		(1, 1)    eval_gs_grestoreall_bb0_in(v_8) -> Com_1(eval_gs_grestoreall_8(v_8))
		(?, 1)    eval_gs_grestoreall_bb2_in(v_8) -> Com_1(eval_gs_grestoreall_0(v_8))
		(?, 1)    eval_gs_grestoreall_0(v_8) -> Com_2(eval_gs_grestore_start(v_8), eval_gs_grestoreall_1(nondef.0))
		(?, 1)    eval_gs_grestoreall_1(v_8) -> Com_1(eval_gs_grestoreall_bb8_in(v_8)) [ v_8 < 0 ]
		(?, 1)    eval_gs_grestoreall_1(v_8) -> Com_1(eval_gs_grestoreall_bb2_in(v_8)) [ v_8 >= 0 ]
		(?, 1)    eval_gs_grestoreall_1(v_8) -> Com_1(eval_gs_grestoreall_bb8_in(v_8))
		(?, 1)    eval_gs_grestoreall_1(v_8) -> Com_1(eval_gs_grestoreall_6(v_8))
		(?, 1)    eval_gs_grestoreall_6(v_8) -> Com_1(eval_gs_grestoreall_7(v_8))
		(?, 1)    eval_gs_grestoreall_7(v_8) -> Com_1(eval_gs_grestoreall_bb8_in(v_8))
		(1, 1)    eval_gs_grestoreall_8(v_8) -> Com_2(eval_gs_gsave_start(v_8), eval_gs_grestoreall_9(v_8))
		(1, 1)    eval_gs_grestoreall_9(v_8) -> Com_1(eval_gs_grestoreall_bb8_in(v_8))
		(?, 1)    eval_gs_grestoreall_bb8_in(v_8) -> Com_1(eval_gs_grestoreall_stop(v_8))
	start location:	eval_gs_grestoreall_start
	leaf cost:	0

A polynomial rank function with
	Pol(eval_gs_grestoreall_start) = 4
	Pol(eval_gs_grestoreall_bb0_in) = 4
	Pol(eval_gs_grestoreall_bb2_in) = 4
	Pol(eval_gs_grestoreall_8) = 1
	Pol(eval_gs_grestoreall_0) = 4
	Pol(eval_gs_grestore_start) = 0
	Pol(eval_gs_grestoreall_1) = 4
	Pol(eval_gs_grestoreall_bb8_in) = 1
	Pol(eval_gs_grestoreall_6) = 3
	Pol(eval_gs_grestoreall_7) = 2
	Pol(eval_gs_gsave_start) = 0
	Pol(eval_gs_grestoreall_9) = 1
	Pol(eval_gs_grestoreall_stop) = 0
orients all transitions weakly and the transitions
	eval_gs_grestoreall_bb8_in(v_8) -> Com_1(eval_gs_grestoreall_stop(v_8))
	eval_gs_grestoreall_7(v_8) -> Com_1(eval_gs_grestoreall_bb8_in(v_8))
	eval_gs_grestoreall_6(v_8) -> Com_1(eval_gs_grestoreall_7(v_8))
	eval_gs_grestoreall_1(v_8) -> Com_1(eval_gs_grestoreall_bb8_in(v_8)) [ v_8 < 0 ]
	eval_gs_grestoreall_1(v_8) -> Com_1(eval_gs_grestoreall_bb8_in(v_8))
	eval_gs_grestoreall_1(v_8) -> Com_1(eval_gs_grestoreall_6(v_8))
strictly and produces the following problem:
3:	T:
		(1, 1)    eval_gs_grestoreall_start(v_8) -> Com_1(eval_gs_grestoreall_bb0_in(v_8))
		(1, 1)    eval_gs_grestoreall_bb0_in(v_8) -> Com_1(eval_gs_grestoreall_bb2_in(v_8))
		(1, 1)    eval_gs_grestoreall_bb0_in(v_8) -> Com_1(eval_gs_grestoreall_8(v_8))
		(?, 1)    eval_gs_grestoreall_bb2_in(v_8) -> Com_1(eval_gs_grestoreall_0(v_8))
		(?, 1)    eval_gs_grestoreall_0(v_8) -> Com_2(eval_gs_grestore_start(v_8), eval_gs_grestoreall_1(nondef.0))
		(4, 1)    eval_gs_grestoreall_1(v_8) -> Com_1(eval_gs_grestoreall_bb8_in(v_8)) [ v_8 < 0 ]
		(?, 1)    eval_gs_grestoreall_1(v_8) -> Com_1(eval_gs_grestoreall_bb2_in(v_8)) [ v_8 >= 0 ]
		(4, 1)    eval_gs_grestoreall_1(v_8) -> Com_1(eval_gs_grestoreall_bb8_in(v_8))
		(4, 1)    eval_gs_grestoreall_1(v_8) -> Com_1(eval_gs_grestoreall_6(v_8))
		(4, 1)    eval_gs_grestoreall_6(v_8) -> Com_1(eval_gs_grestoreall_7(v_8))
		(4, 1)    eval_gs_grestoreall_7(v_8) -> Com_1(eval_gs_grestoreall_bb8_in(v_8))
		(1, 1)    eval_gs_grestoreall_8(v_8) -> Com_2(eval_gs_gsave_start(v_8), eval_gs_grestoreall_9(v_8))
		(1, 1)    eval_gs_grestoreall_9(v_8) -> Com_1(eval_gs_grestoreall_bb8_in(v_8))
		(4, 1)    eval_gs_grestoreall_bb8_in(v_8) -> Com_1(eval_gs_grestoreall_stop(v_8))
	start location:	eval_gs_grestoreall_start
	leaf cost:	0

By chaining the transition eval_gs_grestoreall_bb0_in(v_8) -> Com_1(eval_gs_grestoreall_bb2_in(v_8)) with all transitions in problem 3, the following new transition is obtained:
	eval_gs_grestoreall_bb0_in(v_8) -> Com_1(eval_gs_grestoreall_0(v_8))
We thus obtain the following problem:
4:	T:
		(1, 2)    eval_gs_grestoreall_bb0_in(v_8) -> Com_1(eval_gs_grestoreall_0(v_8))
		(1, 1)    eval_gs_grestoreall_start(v_8) -> Com_1(eval_gs_grestoreall_bb0_in(v_8))
		(1, 1)    eval_gs_grestoreall_bb0_in(v_8) -> Com_1(eval_gs_grestoreall_8(v_8))
		(?, 1)    eval_gs_grestoreall_bb2_in(v_8) -> Com_1(eval_gs_grestoreall_0(v_8))
		(?, 1)    eval_gs_grestoreall_0(v_8) -> Com_2(eval_gs_grestore_start(v_8), eval_gs_grestoreall_1(nondef.0))
		(4, 1)    eval_gs_grestoreall_1(v_8) -> Com_1(eval_gs_grestoreall_bb8_in(v_8)) [ v_8 < 0 ]
		(?, 1)    eval_gs_grestoreall_1(v_8) -> Com_1(eval_gs_grestoreall_bb2_in(v_8)) [ v_8 >= 0 ]
		(4, 1)    eval_gs_grestoreall_1(v_8) -> Com_1(eval_gs_grestoreall_bb8_in(v_8))
		(4, 1)    eval_gs_grestoreall_1(v_8) -> Com_1(eval_gs_grestoreall_6(v_8))
		(4, 1)    eval_gs_grestoreall_6(v_8) -> Com_1(eval_gs_grestoreall_7(v_8))
		(4, 1)    eval_gs_grestoreall_7(v_8) -> Com_1(eval_gs_grestoreall_bb8_in(v_8))
		(1, 1)    eval_gs_grestoreall_8(v_8) -> Com_2(eval_gs_gsave_start(v_8), eval_gs_grestoreall_9(v_8))
		(1, 1)    eval_gs_grestoreall_9(v_8) -> Com_1(eval_gs_grestoreall_bb8_in(v_8))
		(4, 1)    eval_gs_grestoreall_bb8_in(v_8) -> Com_1(eval_gs_grestoreall_stop(v_8))
	start location:	eval_gs_grestoreall_start
	leaf cost:	0

By chaining the transition eval_gs_grestoreall_bb0_in(v_8) -> Com_1(eval_gs_grestoreall_0(v_8)) with all transitions in problem 4, the following new transition is obtained:
	eval_gs_grestoreall_bb0_in(v_8) -> Com_2(eval_gs_grestore_start(v_8), eval_gs_grestoreall_1(nondef.0))
We thus obtain the following problem:
5:	T:
		(1, 3)    eval_gs_grestoreall_bb0_in(v_8) -> Com_2(eval_gs_grestore_start(v_8), eval_gs_grestoreall_1(nondef.0))
		(1, 1)    eval_gs_grestoreall_start(v_8) -> Com_1(eval_gs_grestoreall_bb0_in(v_8))
		(1, 1)    eval_gs_grestoreall_bb0_in(v_8) -> Com_1(eval_gs_grestoreall_8(v_8))
		(?, 1)    eval_gs_grestoreall_bb2_in(v_8) -> Com_1(eval_gs_grestoreall_0(v_8))
		(?, 1)    eval_gs_grestoreall_0(v_8) -> Com_2(eval_gs_grestore_start(v_8), eval_gs_grestoreall_1(nondef.0))
		(4, 1)    eval_gs_grestoreall_1(v_8) -> Com_1(eval_gs_grestoreall_bb8_in(v_8)) [ v_8 < 0 ]
		(?, 1)    eval_gs_grestoreall_1(v_8) -> Com_1(eval_gs_grestoreall_bb2_in(v_8)) [ v_8 >= 0 ]
		(4, 1)    eval_gs_grestoreall_1(v_8) -> Com_1(eval_gs_grestoreall_bb8_in(v_8))
		(4, 1)    eval_gs_grestoreall_1(v_8) -> Com_1(eval_gs_grestoreall_6(v_8))
		(4, 1)    eval_gs_grestoreall_6(v_8) -> Com_1(eval_gs_grestoreall_7(v_8))
		(4, 1)    eval_gs_grestoreall_7(v_8) -> Com_1(eval_gs_grestoreall_bb8_in(v_8))
		(1, 1)    eval_gs_grestoreall_8(v_8) -> Com_2(eval_gs_gsave_start(v_8), eval_gs_grestoreall_9(v_8))
		(1, 1)    eval_gs_grestoreall_9(v_8) -> Com_1(eval_gs_grestoreall_bb8_in(v_8))
		(4, 1)    eval_gs_grestoreall_bb8_in(v_8) -> Com_1(eval_gs_grestoreall_stop(v_8))
	start location:	eval_gs_grestoreall_start
	leaf cost:	0

By chaining the transition eval_gs_grestoreall_bb0_in(v_8) -> Com_1(eval_gs_grestoreall_8(v_8)) with all transitions in problem 5, the following new transition is obtained:
	eval_gs_grestoreall_bb0_in(v_8) -> Com_2(eval_gs_gsave_start(v_8), eval_gs_grestoreall_9(v_8))
We thus obtain the following problem:
6:	T:
		(1, 2)    eval_gs_grestoreall_bb0_in(v_8) -> Com_2(eval_gs_gsave_start(v_8), eval_gs_grestoreall_9(v_8))
		(1, 3)    eval_gs_grestoreall_bb0_in(v_8) -> Com_2(eval_gs_grestore_start(v_8), eval_gs_grestoreall_1(nondef.0))
		(1, 1)    eval_gs_grestoreall_start(v_8) -> Com_1(eval_gs_grestoreall_bb0_in(v_8))
		(?, 1)    eval_gs_grestoreall_bb2_in(v_8) -> Com_1(eval_gs_grestoreall_0(v_8))
		(?, 1)    eval_gs_grestoreall_0(v_8) -> Com_2(eval_gs_grestore_start(v_8), eval_gs_grestoreall_1(nondef.0))
		(4, 1)    eval_gs_grestoreall_1(v_8) -> Com_1(eval_gs_grestoreall_bb8_in(v_8)) [ v_8 < 0 ]
		(?, 1)    eval_gs_grestoreall_1(v_8) -> Com_1(eval_gs_grestoreall_bb2_in(v_8)) [ v_8 >= 0 ]
		(4, 1)    eval_gs_grestoreall_1(v_8) -> Com_1(eval_gs_grestoreall_bb8_in(v_8))
		(4, 1)    eval_gs_grestoreall_1(v_8) -> Com_1(eval_gs_grestoreall_6(v_8))
		(4, 1)    eval_gs_grestoreall_6(v_8) -> Com_1(eval_gs_grestoreall_7(v_8))
		(4, 1)    eval_gs_grestoreall_7(v_8) -> Com_1(eval_gs_grestoreall_bb8_in(v_8))
		(1, 1)    eval_gs_grestoreall_8(v_8) -> Com_2(eval_gs_gsave_start(v_8), eval_gs_grestoreall_9(v_8))
		(1, 1)    eval_gs_grestoreall_9(v_8) -> Com_1(eval_gs_grestoreall_bb8_in(v_8))
		(4, 1)    eval_gs_grestoreall_bb8_in(v_8) -> Com_1(eval_gs_grestoreall_stop(v_8))
	start location:	eval_gs_grestoreall_start
	leaf cost:	0

Testing for reachability in the complexity graph removes the following transition from problem 6:
	eval_gs_grestoreall_8(v_8) -> Com_2(eval_gs_gsave_start(v_8), eval_gs_grestoreall_9(v_8))
We thus obtain the following problem:
7:	T:
		(4, 1)    eval_gs_grestoreall_7(v_8) -> Com_1(eval_gs_grestoreall_bb8_in(v_8))
		(?, 1)    eval_gs_grestoreall_0(v_8) -> Com_2(eval_gs_grestore_start(v_8), eval_gs_grestoreall_1(nondef.0))
		(4, 1)    eval_gs_grestoreall_6(v_8) -> Com_1(eval_gs_grestoreall_7(v_8))
		(?, 1)    eval_gs_grestoreall_bb2_in(v_8) -> Com_1(eval_gs_grestoreall_0(v_8))
		(4, 1)    eval_gs_grestoreall_bb8_in(v_8) -> Com_1(eval_gs_grestoreall_stop(v_8))
		(1, 1)    eval_gs_grestoreall_9(v_8) -> Com_1(eval_gs_grestoreall_bb8_in(v_8))
		(4, 1)    eval_gs_grestoreall_1(v_8) -> Com_1(eval_gs_grestoreall_6(v_8))
		(4, 1)    eval_gs_grestoreall_1(v_8) -> Com_1(eval_gs_grestoreall_bb8_in(v_8))
		(?, 1)    eval_gs_grestoreall_1(v_8) -> Com_1(eval_gs_grestoreall_bb2_in(v_8)) [ v_8 >= 0 ]
		(4, 1)    eval_gs_grestoreall_1(v_8) -> Com_1(eval_gs_grestoreall_bb8_in(v_8)) [ v_8 < 0 ]
		(1, 2)    eval_gs_grestoreall_bb0_in(v_8) -> Com_2(eval_gs_gsave_start(v_8), eval_gs_grestoreall_9(v_8))
		(1, 3)    eval_gs_grestoreall_bb0_in(v_8) -> Com_2(eval_gs_grestore_start(v_8), eval_gs_grestoreall_1(nondef.0))
		(1, 1)    eval_gs_grestoreall_start(v_8) -> Com_1(eval_gs_grestoreall_bb0_in(v_8))
	start location:	eval_gs_grestoreall_start
	leaf cost:	0

By chaining the transition eval_gs_grestoreall_7(v_8) -> Com_1(eval_gs_grestoreall_bb8_in(v_8)) with all transitions in problem 7, the following new transition is obtained:
	eval_gs_grestoreall_7(v_8) -> Com_1(eval_gs_grestoreall_stop(v_8))
We thus obtain the following problem:
8:	T:
		(4, 2)    eval_gs_grestoreall_7(v_8) -> Com_1(eval_gs_grestoreall_stop(v_8))
		(?, 1)    eval_gs_grestoreall_0(v_8) -> Com_2(eval_gs_grestore_start(v_8), eval_gs_grestoreall_1(nondef.0))
		(4, 1)    eval_gs_grestoreall_6(v_8) -> Com_1(eval_gs_grestoreall_7(v_8))
		(?, 1)    eval_gs_grestoreall_bb2_in(v_8) -> Com_1(eval_gs_grestoreall_0(v_8))
		(4, 1)    eval_gs_grestoreall_bb8_in(v_8) -> Com_1(eval_gs_grestoreall_stop(v_8))
		(1, 1)    eval_gs_grestoreall_9(v_8) -> Com_1(eval_gs_grestoreall_bb8_in(v_8))
		(4, 1)    eval_gs_grestoreall_1(v_8) -> Com_1(eval_gs_grestoreall_6(v_8))
		(4, 1)    eval_gs_grestoreall_1(v_8) -> Com_1(eval_gs_grestoreall_bb8_in(v_8))
		(?, 1)    eval_gs_grestoreall_1(v_8) -> Com_1(eval_gs_grestoreall_bb2_in(v_8)) [ v_8 >= 0 ]
		(4, 1)    eval_gs_grestoreall_1(v_8) -> Com_1(eval_gs_grestoreall_bb8_in(v_8)) [ v_8 < 0 ]
		(1, 2)    eval_gs_grestoreall_bb0_in(v_8) -> Com_2(eval_gs_gsave_start(v_8), eval_gs_grestoreall_9(v_8))
		(1, 3)    eval_gs_grestoreall_bb0_in(v_8) -> Com_2(eval_gs_grestore_start(v_8), eval_gs_grestoreall_1(nondef.0))
		(1, 1)    eval_gs_grestoreall_start(v_8) -> Com_1(eval_gs_grestoreall_bb0_in(v_8))
	start location:	eval_gs_grestoreall_start
	leaf cost:	0

By chaining the transition eval_gs_grestoreall_6(v_8) -> Com_1(eval_gs_grestoreall_7(v_8)) with all transitions in problem 8, the following new transition is obtained:
	eval_gs_grestoreall_6(v_8) -> Com_1(eval_gs_grestoreall_stop(v_8))
We thus obtain the following problem:
9:	T:
		(4, 3)    eval_gs_grestoreall_6(v_8) -> Com_1(eval_gs_grestoreall_stop(v_8))
		(4, 2)    eval_gs_grestoreall_7(v_8) -> Com_1(eval_gs_grestoreall_stop(v_8))
		(?, 1)    eval_gs_grestoreall_0(v_8) -> Com_2(eval_gs_grestore_start(v_8), eval_gs_grestoreall_1(nondef.0))
		(?, 1)    eval_gs_grestoreall_bb2_in(v_8) -> Com_1(eval_gs_grestoreall_0(v_8))
		(4, 1)    eval_gs_grestoreall_bb8_in(v_8) -> Com_1(eval_gs_grestoreall_stop(v_8))
		(1, 1)    eval_gs_grestoreall_9(v_8) -> Com_1(eval_gs_grestoreall_bb8_in(v_8))
		(4, 1)    eval_gs_grestoreall_1(v_8) -> Com_1(eval_gs_grestoreall_6(v_8))
		(4, 1)    eval_gs_grestoreall_1(v_8) -> Com_1(eval_gs_grestoreall_bb8_in(v_8))
		(?, 1)    eval_gs_grestoreall_1(v_8) -> Com_1(eval_gs_grestoreall_bb2_in(v_8)) [ v_8 >= 0 ]
		(4, 1)    eval_gs_grestoreall_1(v_8) -> Com_1(eval_gs_grestoreall_bb8_in(v_8)) [ v_8 < 0 ]
		(1, 2)    eval_gs_grestoreall_bb0_in(v_8) -> Com_2(eval_gs_gsave_start(v_8), eval_gs_grestoreall_9(v_8))
		(1, 3)    eval_gs_grestoreall_bb0_in(v_8) -> Com_2(eval_gs_grestore_start(v_8), eval_gs_grestoreall_1(nondef.0))
		(1, 1)    eval_gs_grestoreall_start(v_8) -> Com_1(eval_gs_grestoreall_bb0_in(v_8))
	start location:	eval_gs_grestoreall_start
	leaf cost:	0

Testing for reachability in the complexity graph removes the following transition from problem 9:
	eval_gs_grestoreall_7(v_8) -> Com_1(eval_gs_grestoreall_stop(v_8))
We thus obtain the following problem:
10:	T:
		(?, 1)    eval_gs_grestoreall_0(v_8) -> Com_2(eval_gs_grestore_start(v_8), eval_gs_grestoreall_1(nondef.0))
		(4, 3)    eval_gs_grestoreall_6(v_8) -> Com_1(eval_gs_grestoreall_stop(v_8))
		(?, 1)    eval_gs_grestoreall_bb2_in(v_8) -> Com_1(eval_gs_grestoreall_0(v_8))
		(4, 1)    eval_gs_grestoreall_bb8_in(v_8) -> Com_1(eval_gs_grestoreall_stop(v_8))
		(1, 1)    eval_gs_grestoreall_9(v_8) -> Com_1(eval_gs_grestoreall_bb8_in(v_8))
		(4, 1)    eval_gs_grestoreall_1(v_8) -> Com_1(eval_gs_grestoreall_6(v_8))
		(4, 1)    eval_gs_grestoreall_1(v_8) -> Com_1(eval_gs_grestoreall_bb8_in(v_8))
		(?, 1)    eval_gs_grestoreall_1(v_8) -> Com_1(eval_gs_grestoreall_bb2_in(v_8)) [ v_8 >= 0 ]
		(4, 1)    eval_gs_grestoreall_1(v_8) -> Com_1(eval_gs_grestoreall_bb8_in(v_8)) [ v_8 < 0 ]
		(1, 2)    eval_gs_grestoreall_bb0_in(v_8) -> Com_2(eval_gs_gsave_start(v_8), eval_gs_grestoreall_9(v_8))
		(1, 3)    eval_gs_grestoreall_bb0_in(v_8) -> Com_2(eval_gs_grestore_start(v_8), eval_gs_grestoreall_1(nondef.0))
		(1, 1)    eval_gs_grestoreall_start(v_8) -> Com_1(eval_gs_grestoreall_bb0_in(v_8))
	start location:	eval_gs_grestoreall_start
	leaf cost:	0

By chaining the transition eval_gs_grestoreall_bb2_in(v_8) -> Com_1(eval_gs_grestoreall_0(v_8)) with all transitions in problem 10, the following new transition is obtained:
	eval_gs_grestoreall_bb2_in(v_8) -> Com_2(eval_gs_grestore_start(v_8), eval_gs_grestoreall_1(nondef.0))
We thus obtain the following problem:
11:	T:
		(?, 2)    eval_gs_grestoreall_bb2_in(v_8) -> Com_2(eval_gs_grestore_start(v_8), eval_gs_grestoreall_1(nondef.0))
		(?, 1)    eval_gs_grestoreall_0(v_8) -> Com_2(eval_gs_grestore_start(v_8), eval_gs_grestoreall_1(nondef.0))
		(4, 3)    eval_gs_grestoreall_6(v_8) -> Com_1(eval_gs_grestoreall_stop(v_8))
		(4, 1)    eval_gs_grestoreall_bb8_in(v_8) -> Com_1(eval_gs_grestoreall_stop(v_8))
		(1, 1)    eval_gs_grestoreall_9(v_8) -> Com_1(eval_gs_grestoreall_bb8_in(v_8))
		(4, 1)    eval_gs_grestoreall_1(v_8) -> Com_1(eval_gs_grestoreall_6(v_8))
		(4, 1)    eval_gs_grestoreall_1(v_8) -> Com_1(eval_gs_grestoreall_bb8_in(v_8))
		(?, 1)    eval_gs_grestoreall_1(v_8) -> Com_1(eval_gs_grestoreall_bb2_in(v_8)) [ v_8 >= 0 ]
		(4, 1)    eval_gs_grestoreall_1(v_8) -> Com_1(eval_gs_grestoreall_bb8_in(v_8)) [ v_8 < 0 ]
		(1, 2)    eval_gs_grestoreall_bb0_in(v_8) -> Com_2(eval_gs_gsave_start(v_8), eval_gs_grestoreall_9(v_8))
		(1, 3)    eval_gs_grestoreall_bb0_in(v_8) -> Com_2(eval_gs_grestore_start(v_8), eval_gs_grestoreall_1(nondef.0))
		(1, 1)    eval_gs_grestoreall_start(v_8) -> Com_1(eval_gs_grestoreall_bb0_in(v_8))
	start location:	eval_gs_grestoreall_start
	leaf cost:	0

Testing for reachability in the complexity graph removes the following transition from problem 11:
	eval_gs_grestoreall_0(v_8) -> Com_2(eval_gs_grestore_start(v_8), eval_gs_grestoreall_1(nondef.0))
We thus obtain the following problem:
12:	T:
		(4, 3)    eval_gs_grestoreall_6(v_8) -> Com_1(eval_gs_grestoreall_stop(v_8))
		(?, 2)    eval_gs_grestoreall_bb2_in(v_8) -> Com_2(eval_gs_grestore_start(v_8), eval_gs_grestoreall_1(nondef.0))
		(4, 1)    eval_gs_grestoreall_bb8_in(v_8) -> Com_1(eval_gs_grestoreall_stop(v_8))
		(1, 1)    eval_gs_grestoreall_9(v_8) -> Com_1(eval_gs_grestoreall_bb8_in(v_8))
		(4, 1)    eval_gs_grestoreall_1(v_8) -> Com_1(eval_gs_grestoreall_6(v_8))
		(4, 1)    eval_gs_grestoreall_1(v_8) -> Com_1(eval_gs_grestoreall_bb8_in(v_8))
		(?, 1)    eval_gs_grestoreall_1(v_8) -> Com_1(eval_gs_grestoreall_bb2_in(v_8)) [ v_8 >= 0 ]
		(4, 1)    eval_gs_grestoreall_1(v_8) -> Com_1(eval_gs_grestoreall_bb8_in(v_8)) [ v_8 < 0 ]
		(1, 2)    eval_gs_grestoreall_bb0_in(v_8) -> Com_2(eval_gs_gsave_start(v_8), eval_gs_grestoreall_9(v_8))
		(1, 3)    eval_gs_grestoreall_bb0_in(v_8) -> Com_2(eval_gs_grestore_start(v_8), eval_gs_grestoreall_1(nondef.0))
		(1, 1)    eval_gs_grestoreall_start(v_8) -> Com_1(eval_gs_grestoreall_bb0_in(v_8))
	start location:	eval_gs_grestoreall_start
	leaf cost:	0

By chaining the transition eval_gs_grestoreall_9(v_8) -> Com_1(eval_gs_grestoreall_bb8_in(v_8)) with all transitions in problem 12, the following new transition is obtained:
	eval_gs_grestoreall_9(v_8) -> Com_1(eval_gs_grestoreall_stop(v_8))
We thus obtain the following problem:
13:	T:
		(1, 2)    eval_gs_grestoreall_9(v_8) -> Com_1(eval_gs_grestoreall_stop(v_8))
		(4, 3)    eval_gs_grestoreall_6(v_8) -> Com_1(eval_gs_grestoreall_stop(v_8))
		(?, 2)    eval_gs_grestoreall_bb2_in(v_8) -> Com_2(eval_gs_grestore_start(v_8), eval_gs_grestoreall_1(nondef.0))
		(4, 1)    eval_gs_grestoreall_bb8_in(v_8) -> Com_1(eval_gs_grestoreall_stop(v_8))
		(4, 1)    eval_gs_grestoreall_1(v_8) -> Com_1(eval_gs_grestoreall_6(v_8))
		(4, 1)    eval_gs_grestoreall_1(v_8) -> Com_1(eval_gs_grestoreall_bb8_in(v_8))
		(?, 1)    eval_gs_grestoreall_1(v_8) -> Com_1(eval_gs_grestoreall_bb2_in(v_8)) [ v_8 >= 0 ]
		(4, 1)    eval_gs_grestoreall_1(v_8) -> Com_1(eval_gs_grestoreall_bb8_in(v_8)) [ v_8 < 0 ]
		(1, 2)    eval_gs_grestoreall_bb0_in(v_8) -> Com_2(eval_gs_gsave_start(v_8), eval_gs_grestoreall_9(v_8))
		(1, 3)    eval_gs_grestoreall_bb0_in(v_8) -> Com_2(eval_gs_grestore_start(v_8), eval_gs_grestoreall_1(nondef.0))
		(1, 1)    eval_gs_grestoreall_start(v_8) -> Com_1(eval_gs_grestoreall_bb0_in(v_8))
	start location:	eval_gs_grestoreall_start
	leaf cost:	0

By chaining the transition eval_gs_grestoreall_1(v_8) -> Com_1(eval_gs_grestoreall_6(v_8)) with all transitions in problem 13, the following new transition is obtained:
	eval_gs_grestoreall_1(v_8) -> Com_1(eval_gs_grestoreall_stop(v_8))
We thus obtain the following problem:
14:	T:
		(4, 4)    eval_gs_grestoreall_1(v_8) -> Com_1(eval_gs_grestoreall_stop(v_8))
		(1, 2)    eval_gs_grestoreall_9(v_8) -> Com_1(eval_gs_grestoreall_stop(v_8))
		(4, 3)    eval_gs_grestoreall_6(v_8) -> Com_1(eval_gs_grestoreall_stop(v_8))
		(?, 2)    eval_gs_grestoreall_bb2_in(v_8) -> Com_2(eval_gs_grestore_start(v_8), eval_gs_grestoreall_1(nondef.0))
		(4, 1)    eval_gs_grestoreall_bb8_in(v_8) -> Com_1(eval_gs_grestoreall_stop(v_8))
		(4, 1)    eval_gs_grestoreall_1(v_8) -> Com_1(eval_gs_grestoreall_bb8_in(v_8))
		(?, 1)    eval_gs_grestoreall_1(v_8) -> Com_1(eval_gs_grestoreall_bb2_in(v_8)) [ v_8 >= 0 ]
		(4, 1)    eval_gs_grestoreall_1(v_8) -> Com_1(eval_gs_grestoreall_bb8_in(v_8)) [ v_8 < 0 ]
		(1, 2)    eval_gs_grestoreall_bb0_in(v_8) -> Com_2(eval_gs_gsave_start(v_8), eval_gs_grestoreall_9(v_8))
		(1, 3)    eval_gs_grestoreall_bb0_in(v_8) -> Com_2(eval_gs_grestore_start(v_8), eval_gs_grestoreall_1(nondef.0))
		(1, 1)    eval_gs_grestoreall_start(v_8) -> Com_1(eval_gs_grestoreall_bb0_in(v_8))
	start location:	eval_gs_grestoreall_start
	leaf cost:	0

Testing for reachability in the complexity graph removes the following transition from problem 14:
	eval_gs_grestoreall_6(v_8) -> Com_1(eval_gs_grestoreall_stop(v_8))
We thus obtain the following problem:
15:	T:
		(?, 2)    eval_gs_grestoreall_bb2_in(v_8) -> Com_2(eval_gs_grestore_start(v_8), eval_gs_grestoreall_1(nondef.0))
		(4, 1)    eval_gs_grestoreall_bb8_in(v_8) -> Com_1(eval_gs_grestoreall_stop(v_8))
		(1, 2)    eval_gs_grestoreall_9(v_8) -> Com_1(eval_gs_grestoreall_stop(v_8))
		(4, 4)    eval_gs_grestoreall_1(v_8) -> Com_1(eval_gs_grestoreall_stop(v_8))
		(4, 1)    eval_gs_grestoreall_1(v_8) -> Com_1(eval_gs_grestoreall_bb8_in(v_8))
		(?, 1)    eval_gs_grestoreall_1(v_8) -> Com_1(eval_gs_grestoreall_bb2_in(v_8)) [ v_8 >= 0 ]
		(4, 1)    eval_gs_grestoreall_1(v_8) -> Com_1(eval_gs_grestoreall_bb8_in(v_8)) [ v_8 < 0 ]
		(1, 2)    eval_gs_grestoreall_bb0_in(v_8) -> Com_2(eval_gs_gsave_start(v_8), eval_gs_grestoreall_9(v_8))
		(1, 3)    eval_gs_grestoreall_bb0_in(v_8) -> Com_2(eval_gs_grestore_start(v_8), eval_gs_grestoreall_1(nondef.0))
		(1, 1)    eval_gs_grestoreall_start(v_8) -> Com_1(eval_gs_grestoreall_bb0_in(v_8))
	start location:	eval_gs_grestoreall_start
	leaf cost:	0

By chaining the transition eval_gs_grestoreall_1(v_8) -> Com_1(eval_gs_grestoreall_bb8_in(v_8)) with all transitions in problem 15, the following new transition is obtained:
	eval_gs_grestoreall_1(v_8) -> Com_1(eval_gs_grestoreall_stop(v_8))
We thus obtain the following problem:
16:	T:
		(4, 2)    eval_gs_grestoreall_1(v_8) -> Com_1(eval_gs_grestoreall_stop(v_8))
		(?, 2)    eval_gs_grestoreall_bb2_in(v_8) -> Com_2(eval_gs_grestore_start(v_8), eval_gs_grestoreall_1(nondef.0))
		(4, 1)    eval_gs_grestoreall_bb8_in(v_8) -> Com_1(eval_gs_grestoreall_stop(v_8))
		(1, 2)    eval_gs_grestoreall_9(v_8) -> Com_1(eval_gs_grestoreall_stop(v_8))
		(4, 2)    eval_gs_grestoreall_1(v_8) -> Com_1(eval_gs_grestoreall_stop(v_8))
		(?, 1)    eval_gs_grestoreall_1(v_8) -> Com_1(eval_gs_grestoreall_bb2_in(v_8)) [ v_8 >= 0 ]
		(4, 1)    eval_gs_grestoreall_1(v_8) -> Com_1(eval_gs_grestoreall_bb8_in(v_8)) [ v_8 < 0 ]
		(1, 2)    eval_gs_grestoreall_bb0_in(v_8) -> Com_2(eval_gs_gsave_start(v_8), eval_gs_grestoreall_9(v_8))
		(1, 3)    eval_gs_grestoreall_bb0_in(v_8) -> Com_2(eval_gs_grestore_start(v_8), eval_gs_grestoreall_1(nondef.0))
		(1, 1)    eval_gs_grestoreall_start(v_8) -> Com_1(eval_gs_grestoreall_bb0_in(v_8))
	start location:	eval_gs_grestoreall_start
	leaf cost:	0

By chaining the transition eval_gs_grestoreall_1(v_8) -> Com_1(eval_gs_grestoreall_bb2_in(v_8)) [ v_8 >= 0 ] with all transitions in problem 16, the following new transition is obtained:
	eval_gs_grestoreall_1(v_8) -> Com_2(eval_gs_grestore_start(v_8), eval_gs_grestoreall_1(nondef.0)) [ v_8 >= 0 ]
We thus obtain the following problem:
17:	T:
		(?, 3)    eval_gs_grestoreall_1(v_8) -> Com_2(eval_gs_grestore_start(v_8), eval_gs_grestoreall_1(nondef.0)) [ v_8 >= 0 ]
		(4, 2)    eval_gs_grestoreall_1(v_8) -> Com_1(eval_gs_grestoreall_stop(v_8))
		(?, 2)    eval_gs_grestoreall_bb2_in(v_8) -> Com_2(eval_gs_grestore_start(v_8), eval_gs_grestoreall_1(nondef.0))
		(4, 1)    eval_gs_grestoreall_bb8_in(v_8) -> Com_1(eval_gs_grestoreall_stop(v_8))
		(1, 2)    eval_gs_grestoreall_9(v_8) -> Com_1(eval_gs_grestoreall_stop(v_8))
		(4, 2)    eval_gs_grestoreall_1(v_8) -> Com_1(eval_gs_grestoreall_stop(v_8))
		(4, 1)    eval_gs_grestoreall_1(v_8) -> Com_1(eval_gs_grestoreall_bb8_in(v_8)) [ v_8 < 0 ]
		(1, 2)    eval_gs_grestoreall_bb0_in(v_8) -> Com_2(eval_gs_gsave_start(v_8), eval_gs_grestoreall_9(v_8))
		(1, 3)    eval_gs_grestoreall_bb0_in(v_8) -> Com_2(eval_gs_grestore_start(v_8), eval_gs_grestoreall_1(nondef.0))
		(1, 1)    eval_gs_grestoreall_start(v_8) -> Com_1(eval_gs_grestoreall_bb0_in(v_8))
	start location:	eval_gs_grestoreall_start
	leaf cost:	0

Testing for reachability in the complexity graph removes the following transition from problem 17:
	eval_gs_grestoreall_bb2_in(v_8) -> Com_2(eval_gs_grestore_start(v_8), eval_gs_grestoreall_1(nondef.0))
We thus obtain the following problem:
18:	T:
		(4, 1)    eval_gs_grestoreall_bb8_in(v_8) -> Com_1(eval_gs_grestoreall_stop(v_8))
		(1, 2)    eval_gs_grestoreall_9(v_8) -> Com_1(eval_gs_grestoreall_stop(v_8))
		(?, 3)    eval_gs_grestoreall_1(v_8) -> Com_2(eval_gs_grestore_start(v_8), eval_gs_grestoreall_1(nondef.0)) [ v_8 >= 0 ]
		(4, 2)    eval_gs_grestoreall_1(v_8) -> Com_1(eval_gs_grestoreall_stop(v_8))
		(4, 2)    eval_gs_grestoreall_1(v_8) -> Com_1(eval_gs_grestoreall_stop(v_8))
		(4, 1)    eval_gs_grestoreall_1(v_8) -> Com_1(eval_gs_grestoreall_bb8_in(v_8)) [ v_8 < 0 ]
		(1, 2)    eval_gs_grestoreall_bb0_in(v_8) -> Com_2(eval_gs_gsave_start(v_8), eval_gs_grestoreall_9(v_8))
		(1, 3)    eval_gs_grestoreall_bb0_in(v_8) -> Com_2(eval_gs_grestore_start(v_8), eval_gs_grestoreall_1(nondef.0))
		(1, 1)    eval_gs_grestoreall_start(v_8) -> Com_1(eval_gs_grestoreall_bb0_in(v_8))
	start location:	eval_gs_grestoreall_start
	leaf cost:	0

By chaining the transition eval_gs_grestoreall_1(v_8) -> Com_1(eval_gs_grestoreall_bb8_in(v_8)) [ v_8 < 0 ] with all transitions in problem 18, the following new transition is obtained:
	eval_gs_grestoreall_1(v_8) -> Com_1(eval_gs_grestoreall_stop(v_8)) [ v_8 < 0 ]
We thus obtain the following problem:
19:	T:
		(4, 2)    eval_gs_grestoreall_1(v_8) -> Com_1(eval_gs_grestoreall_stop(v_8)) [ v_8 < 0 ]
		(4, 1)    eval_gs_grestoreall_bb8_in(v_8) -> Com_1(eval_gs_grestoreall_stop(v_8))
		(1, 2)    eval_gs_grestoreall_9(v_8) -> Com_1(eval_gs_grestoreall_stop(v_8))
		(?, 3)    eval_gs_grestoreall_1(v_8) -> Com_2(eval_gs_grestore_start(v_8), eval_gs_grestoreall_1(nondef.0)) [ v_8 >= 0 ]
		(4, 2)    eval_gs_grestoreall_1(v_8) -> Com_1(eval_gs_grestoreall_stop(v_8))
		(4, 2)    eval_gs_grestoreall_1(v_8) -> Com_1(eval_gs_grestoreall_stop(v_8))
		(1, 2)    eval_gs_grestoreall_bb0_in(v_8) -> Com_2(eval_gs_gsave_start(v_8), eval_gs_grestoreall_9(v_8))
		(1, 3)    eval_gs_grestoreall_bb0_in(v_8) -> Com_2(eval_gs_grestore_start(v_8), eval_gs_grestoreall_1(nondef.0))
		(1, 1)    eval_gs_grestoreall_start(v_8) -> Com_1(eval_gs_grestoreall_bb0_in(v_8))
	start location:	eval_gs_grestoreall_start
	leaf cost:	0

Testing for reachability in the complexity graph removes the following transition from problem 19:
	eval_gs_grestoreall_bb8_in(v_8) -> Com_1(eval_gs_grestoreall_stop(v_8))
We thus obtain the following problem:
20:	T:
		(1, 2)    eval_gs_grestoreall_9(v_8) -> Com_1(eval_gs_grestoreall_stop(v_8))
		(4, 2)    eval_gs_grestoreall_1(v_8) -> Com_1(eval_gs_grestoreall_stop(v_8)) [ v_8 < 0 ]
		(?, 3)    eval_gs_grestoreall_1(v_8) -> Com_2(eval_gs_grestore_start(v_8), eval_gs_grestoreall_1(nondef.0)) [ v_8 >= 0 ]
		(4, 2)    eval_gs_grestoreall_1(v_8) -> Com_1(eval_gs_grestoreall_stop(v_8))
		(4, 2)    eval_gs_grestoreall_1(v_8) -> Com_1(eval_gs_grestoreall_stop(v_8))
		(1, 2)    eval_gs_grestoreall_bb0_in(v_8) -> Com_2(eval_gs_gsave_start(v_8), eval_gs_grestoreall_9(v_8))
		(1, 3)    eval_gs_grestoreall_bb0_in(v_8) -> Com_2(eval_gs_grestore_start(v_8), eval_gs_grestoreall_1(nondef.0))
		(1, 1)    eval_gs_grestoreall_start(v_8) -> Com_1(eval_gs_grestoreall_bb0_in(v_8))
	start location:	eval_gs_grestoreall_start
	leaf cost:	0

By chaining the transition eval_gs_grestoreall_start(v_8) -> Com_1(eval_gs_grestoreall_bb0_in(v_8)) with all transitions in problem 20, the following new transitions are obtained:
	eval_gs_grestoreall_start(v_8) -> Com_2(eval_gs_gsave_start(v_8), eval_gs_grestoreall_9(v_8))
	eval_gs_grestoreall_start(v_8) -> Com_2(eval_gs_grestore_start(v_8), eval_gs_grestoreall_1(nondef.0))
We thus obtain the following problem:
21:	T:
		(1, 3)    eval_gs_grestoreall_start(v_8) -> Com_2(eval_gs_gsave_start(v_8), eval_gs_grestoreall_9(v_8))
		(1, 4)    eval_gs_grestoreall_start(v_8) -> Com_2(eval_gs_grestore_start(v_8), eval_gs_grestoreall_1(nondef.0))
		(1, 2)    eval_gs_grestoreall_9(v_8) -> Com_1(eval_gs_grestoreall_stop(v_8))
		(4, 2)    eval_gs_grestoreall_1(v_8) -> Com_1(eval_gs_grestoreall_stop(v_8)) [ v_8 < 0 ]
		(?, 3)    eval_gs_grestoreall_1(v_8) -> Com_2(eval_gs_grestore_start(v_8), eval_gs_grestoreall_1(nondef.0)) [ v_8 >= 0 ]
		(4, 2)    eval_gs_grestoreall_1(v_8) -> Com_1(eval_gs_grestoreall_stop(v_8))
		(4, 2)    eval_gs_grestoreall_1(v_8) -> Com_1(eval_gs_grestoreall_stop(v_8))
		(1, 2)    eval_gs_grestoreall_bb0_in(v_8) -> Com_2(eval_gs_gsave_start(v_8), eval_gs_grestoreall_9(v_8))
		(1, 3)    eval_gs_grestoreall_bb0_in(v_8) -> Com_2(eval_gs_grestore_start(v_8), eval_gs_grestoreall_1(nondef.0))
	start location:	eval_gs_grestoreall_start
	leaf cost:	0

Testing for reachability in the complexity graph removes the following transitions from problem 21:
	eval_gs_grestoreall_bb0_in(v_8) -> Com_2(eval_gs_gsave_start(v_8), eval_gs_grestoreall_9(v_8))
	eval_gs_grestoreall_bb0_in(v_8) -> Com_2(eval_gs_grestore_start(v_8), eval_gs_grestoreall_1(nondef.0))
We thus obtain the following problem:
22:	T:
		(4, 2)    eval_gs_grestoreall_1(v_8) -> Com_1(eval_gs_grestoreall_stop(v_8)) [ v_8 < 0 ]
		(?, 3)    eval_gs_grestoreall_1(v_8) -> Com_2(eval_gs_grestore_start(v_8), eval_gs_grestoreall_1(nondef.0)) [ v_8 >= 0 ]
		(4, 2)    eval_gs_grestoreall_1(v_8) -> Com_1(eval_gs_grestoreall_stop(v_8))
		(4, 2)    eval_gs_grestoreall_1(v_8) -> Com_1(eval_gs_grestoreall_stop(v_8))
		(1, 2)    eval_gs_grestoreall_9(v_8) -> Com_1(eval_gs_grestoreall_stop(v_8))
		(1, 4)    eval_gs_grestoreall_start(v_8) -> Com_2(eval_gs_grestore_start(v_8), eval_gs_grestoreall_1(nondef.0))
		(1, 3)    eval_gs_grestoreall_start(v_8) -> Com_2(eval_gs_gsave_start(v_8), eval_gs_grestoreall_9(v_8))
	start location:	eval_gs_grestoreall_start
	leaf cost:	0

Complexity upper bound ?

Time: 0.176 sec (SMT: 0.143 sec)
