YES(?, 17)

Initial complexity problem:
1:	T:
		(1, 1)    eval_gx_imager_set_effective_xfer_start(v_i.0) -> Com_1(eval_gx_imager_set_effective_xfer_bb0_in(v_i.0))
		(?, 1)    eval_gx_imager_set_effective_xfer_bb0_in(v_i.0) -> Com_1(eval_gx_imager_set_effective_xfer_0(v_i.0))
		(?, 1)    eval_gx_imager_set_effective_xfer_0(v_i.0) -> Com_2(eval_llvm.memcpy.p0i8.p0i8.i64_start(v_i.0), eval_gx_imager_set_effective_xfer_1(v_i.0))
		(?, 1)    eval_gx_imager_set_effective_xfer_1(v_i.0) -> Com_1(eval_gx_imager_set_effective_xfer_bb9_in(v_i.0))
		(?, 1)    eval_gx_imager_set_effective_xfer_1(v_i.0) -> Com_1(eval_gx_imager_set_effective_xfer_bb5_in(0))
		(?, 1)    eval_gx_imager_set_effective_xfer_bb5_in(v_i.0) -> Com_1(eval_gx_imager_set_effective_xfer_bb8_in(v_i.0)) [ v_i.0 < 4 ]
		(?, 1)    eval_gx_imager_set_effective_xfer_bb5_in(v_i.0) -> Com_1(eval_gx_imager_set_effective_xfer_bb9_in(v_i.0)) [ v_i.0 >= 4 ]
		(?, 1)    eval_gx_imager_set_effective_xfer_bb8_in(v_i.0) -> Com_1(eval_gx_imager_set_effective_xfer_bb5_in(v_i.0 + 1))
		(?, 1)    eval_gx_imager_set_effective_xfer_bb9_in(v_i.0) -> Com_1(eval_gx_imager_set_effective_xfer_stop(v_i.0))
	start location:	eval_gx_imager_set_effective_xfer_start
	leaf cost:	0

Repeatedly propagating knowledge in problem 1 produces the following problem:
2:	T:
		(1, 1)    eval_gx_imager_set_effective_xfer_start(v_i.0) -> Com_1(eval_gx_imager_set_effective_xfer_bb0_in(v_i.0))
		(1, 1)    eval_gx_imager_set_effective_xfer_bb0_in(v_i.0) -> Com_1(eval_gx_imager_set_effective_xfer_0(v_i.0))
		(1, 1)    eval_gx_imager_set_effective_xfer_0(v_i.0) -> Com_2(eval_llvm.memcpy.p0i8.p0i8.i64_start(v_i.0), eval_gx_imager_set_effective_xfer_1(v_i.0))
		(1, 1)    eval_gx_imager_set_effective_xfer_1(v_i.0) -> Com_1(eval_gx_imager_set_effective_xfer_bb9_in(v_i.0))
		(1, 1)    eval_gx_imager_set_effective_xfer_1(v_i.0) -> Com_1(eval_gx_imager_set_effective_xfer_bb5_in(0))
		(?, 1)    eval_gx_imager_set_effective_xfer_bb5_in(v_i.0) -> Com_1(eval_gx_imager_set_effective_xfer_bb8_in(v_i.0)) [ v_i.0 < 4 ]
		(?, 1)    eval_gx_imager_set_effective_xfer_bb5_in(v_i.0) -> Com_1(eval_gx_imager_set_effective_xfer_bb9_in(v_i.0)) [ v_i.0 >= 4 ]
		(?, 1)    eval_gx_imager_set_effective_xfer_bb8_in(v_i.0) -> Com_1(eval_gx_imager_set_effective_xfer_bb5_in(v_i.0 + 1))
		(?, 1)    eval_gx_imager_set_effective_xfer_bb9_in(v_i.0) -> Com_1(eval_gx_imager_set_effective_xfer_stop(v_i.0))
	start location:	eval_gx_imager_set_effective_xfer_start
	leaf cost:	0

A polynomial rank function with
	Pol(eval_gx_imager_set_effective_xfer_start) = 2
	Pol(eval_gx_imager_set_effective_xfer_bb0_in) = 2
	Pol(eval_gx_imager_set_effective_xfer_0) = 2
	Pol(eval_llvm.memcpy.p0i8.p0i8.i64_start) = 0
	Pol(eval_gx_imager_set_effective_xfer_1) = 2
	Pol(eval_gx_imager_set_effective_xfer_bb9_in) = 1
	Pol(eval_gx_imager_set_effective_xfer_bb5_in) = 2
	Pol(eval_gx_imager_set_effective_xfer_bb8_in) = 2
	Pol(eval_gx_imager_set_effective_xfer_stop) = 0
orients all transitions weakly and the transitions
	eval_gx_imager_set_effective_xfer_bb9_in(v_i.0) -> Com_1(eval_gx_imager_set_effective_xfer_stop(v_i.0))
	eval_gx_imager_set_effective_xfer_bb5_in(v_i.0) -> Com_1(eval_gx_imager_set_effective_xfer_bb9_in(v_i.0)) [ v_i.0 >= 4 ]
strictly and produces the following problem:
3:	T:
		(1, 1)    eval_gx_imager_set_effective_xfer_start(v_i.0) -> Com_1(eval_gx_imager_set_effective_xfer_bb0_in(v_i.0))
		(1, 1)    eval_gx_imager_set_effective_xfer_bb0_in(v_i.0) -> Com_1(eval_gx_imager_set_effective_xfer_0(v_i.0))
		(1, 1)    eval_gx_imager_set_effective_xfer_0(v_i.0) -> Com_2(eval_llvm.memcpy.p0i8.p0i8.i64_start(v_i.0), eval_gx_imager_set_effective_xfer_1(v_i.0))
		(1, 1)    eval_gx_imager_set_effective_xfer_1(v_i.0) -> Com_1(eval_gx_imager_set_effective_xfer_bb9_in(v_i.0))
		(1, 1)    eval_gx_imager_set_effective_xfer_1(v_i.0) -> Com_1(eval_gx_imager_set_effective_xfer_bb5_in(0))
		(?, 1)    eval_gx_imager_set_effective_xfer_bb5_in(v_i.0) -> Com_1(eval_gx_imager_set_effective_xfer_bb8_in(v_i.0)) [ v_i.0 < 4 ]
		(2, 1)    eval_gx_imager_set_effective_xfer_bb5_in(v_i.0) -> Com_1(eval_gx_imager_set_effective_xfer_bb9_in(v_i.0)) [ v_i.0 >= 4 ]
		(?, 1)    eval_gx_imager_set_effective_xfer_bb8_in(v_i.0) -> Com_1(eval_gx_imager_set_effective_xfer_bb5_in(v_i.0 + 1))
		(2, 1)    eval_gx_imager_set_effective_xfer_bb9_in(v_i.0) -> Com_1(eval_gx_imager_set_effective_xfer_stop(v_i.0))
	start location:	eval_gx_imager_set_effective_xfer_start
	leaf cost:	0

A polynomial rank function with
	Pol(eval_gx_imager_set_effective_xfer_bb8_in) = -V_1 + 3
	Pol(eval_gx_imager_set_effective_xfer_bb5_in) = -V_1 + 4
and size complexities
	S("eval_gx_imager_set_effective_xfer_bb9_in(v_i.0) -> Com_1(eval_gx_imager_set_effective_xfer_stop(v_i.0))", 0-0) = ?
	S("eval_gx_imager_set_effective_xfer_bb8_in(v_i.0) -> Com_1(eval_gx_imager_set_effective_xfer_bb5_in(v_i.0 + 1))", 0-0) = ?
	S("eval_gx_imager_set_effective_xfer_bb5_in(v_i.0) -> Com_1(eval_gx_imager_set_effective_xfer_bb9_in(v_i.0)) [ v_i.0 >= 4 ]", 0-0) = ?
	S("eval_gx_imager_set_effective_xfer_bb5_in(v_i.0) -> Com_1(eval_gx_imager_set_effective_xfer_bb8_in(v_i.0)) [ v_i.0 < 4 ]", 0-0) = ?
	S("eval_gx_imager_set_effective_xfer_1(v_i.0) -> Com_1(eval_gx_imager_set_effective_xfer_bb5_in(0))", 0-0) = 0
	S("eval_gx_imager_set_effective_xfer_1(v_i.0) -> Com_1(eval_gx_imager_set_effective_xfer_bb9_in(v_i.0))", 0-0) = v_i.0
	S("eval_gx_imager_set_effective_xfer_0(v_i.0) -> Com_2(eval_llvm.memcpy.p0i8.p0i8.i64_start(v_i.0), eval_gx_imager_set_effective_xfer_1(v_i.0))", 0-0) = v_i.0
	S("eval_gx_imager_set_effective_xfer_0(v_i.0) -> Com_2(eval_llvm.memcpy.p0i8.p0i8.i64_start(v_i.0), eval_gx_imager_set_effective_xfer_1(v_i.0))", 1-0) = v_i.0
	S("eval_gx_imager_set_effective_xfer_bb0_in(v_i.0) -> Com_1(eval_gx_imager_set_effective_xfer_0(v_i.0))", 0-0) = v_i.0
	S("eval_gx_imager_set_effective_xfer_start(v_i.0) -> Com_1(eval_gx_imager_set_effective_xfer_bb0_in(v_i.0))", 0-0) = v_i.0
orients the transitions
	eval_gx_imager_set_effective_xfer_bb8_in(v_i.0) -> Com_1(eval_gx_imager_set_effective_xfer_bb5_in(v_i.0 + 1))
	eval_gx_imager_set_effective_xfer_bb5_in(v_i.0) -> Com_1(eval_gx_imager_set_effective_xfer_bb8_in(v_i.0)) [ v_i.0 < 4 ]
weakly and the transition
	eval_gx_imager_set_effective_xfer_bb5_in(v_i.0) -> Com_1(eval_gx_imager_set_effective_xfer_bb8_in(v_i.0)) [ v_i.0 < 4 ]
strictly and produces the following problem:
4:	T:
		(1, 1)    eval_gx_imager_set_effective_xfer_start(v_i.0) -> Com_1(eval_gx_imager_set_effective_xfer_bb0_in(v_i.0))
		(1, 1)    eval_gx_imager_set_effective_xfer_bb0_in(v_i.0) -> Com_1(eval_gx_imager_set_effective_xfer_0(v_i.0))
		(1, 1)    eval_gx_imager_set_effective_xfer_0(v_i.0) -> Com_2(eval_llvm.memcpy.p0i8.p0i8.i64_start(v_i.0), eval_gx_imager_set_effective_xfer_1(v_i.0))
		(1, 1)    eval_gx_imager_set_effective_xfer_1(v_i.0) -> Com_1(eval_gx_imager_set_effective_xfer_bb9_in(v_i.0))
		(1, 1)    eval_gx_imager_set_effective_xfer_1(v_i.0) -> Com_1(eval_gx_imager_set_effective_xfer_bb5_in(0))
		(4, 1)    eval_gx_imager_set_effective_xfer_bb5_in(v_i.0) -> Com_1(eval_gx_imager_set_effective_xfer_bb8_in(v_i.0)) [ v_i.0 < 4 ]
		(2, 1)    eval_gx_imager_set_effective_xfer_bb5_in(v_i.0) -> Com_1(eval_gx_imager_set_effective_xfer_bb9_in(v_i.0)) [ v_i.0 >= 4 ]
		(?, 1)    eval_gx_imager_set_effective_xfer_bb8_in(v_i.0) -> Com_1(eval_gx_imager_set_effective_xfer_bb5_in(v_i.0 + 1))
		(2, 1)    eval_gx_imager_set_effective_xfer_bb9_in(v_i.0) -> Com_1(eval_gx_imager_set_effective_xfer_stop(v_i.0))
	start location:	eval_gx_imager_set_effective_xfer_start
	leaf cost:	0

Repeatedly propagating knowledge in problem 4 produces the following problem:
5:	T:
		(1, 1)    eval_gx_imager_set_effective_xfer_start(v_i.0) -> Com_1(eval_gx_imager_set_effective_xfer_bb0_in(v_i.0))
		(1, 1)    eval_gx_imager_set_effective_xfer_bb0_in(v_i.0) -> Com_1(eval_gx_imager_set_effective_xfer_0(v_i.0))
		(1, 1)    eval_gx_imager_set_effective_xfer_0(v_i.0) -> Com_2(eval_llvm.memcpy.p0i8.p0i8.i64_start(v_i.0), eval_gx_imager_set_effective_xfer_1(v_i.0))
		(1, 1)    eval_gx_imager_set_effective_xfer_1(v_i.0) -> Com_1(eval_gx_imager_set_effective_xfer_bb9_in(v_i.0))
		(1, 1)    eval_gx_imager_set_effective_xfer_1(v_i.0) -> Com_1(eval_gx_imager_set_effective_xfer_bb5_in(0))
		(4, 1)    eval_gx_imager_set_effective_xfer_bb5_in(v_i.0) -> Com_1(eval_gx_imager_set_effective_xfer_bb8_in(v_i.0)) [ v_i.0 < 4 ]
		(2, 1)    eval_gx_imager_set_effective_xfer_bb5_in(v_i.0) -> Com_1(eval_gx_imager_set_effective_xfer_bb9_in(v_i.0)) [ v_i.0 >= 4 ]
		(4, 1)    eval_gx_imager_set_effective_xfer_bb8_in(v_i.0) -> Com_1(eval_gx_imager_set_effective_xfer_bb5_in(v_i.0 + 1))
		(2, 1)    eval_gx_imager_set_effective_xfer_bb9_in(v_i.0) -> Com_1(eval_gx_imager_set_effective_xfer_stop(v_i.0))
	start location:	eval_gx_imager_set_effective_xfer_start
	leaf cost:	0

Complexity upper bound 17

Time: 0.068 sec (SMT: 0.057 sec)
