MAYBE

Initial complexity problem:
1:	T:
		(1, 1)    eval_pclxl_end_image_start(v_15, v_26, v_36, v_37, v_draw_last) -> Com_1(eval_pclxl_end_image_bb0_in(v_15, v_26, v_36, v_37, v_draw_last))
		(?, 1)    eval_pclxl_end_image_bb0_in(v_15, v_26, v_36, v_37, v_draw_last) -> Com_1(eval_pclxl_end_image_0(v_15, v_26, v_36, v_37, v_draw_last))
		(?, 1)    eval_pclxl_end_image_bb0_in(v_15, v_26, v_36, v_37, v_draw_last) -> Com_1(eval_pclxl_end_image_8(nondef.4, v_26, v_36, v_37, v_draw_last))
		(?, 1)    eval_pclxl_end_image_bb0_in(v_15, v_26, v_36, v_37, v_draw_last) -> Com_1(eval_pclxl_end_image_bb8_in(v_15, v_26, v_36, v_37, v_draw_last))
		(?, 1)    eval_pclxl_end_image_0(v_15, v_26, v_36, v_37, v_draw_last) -> Com_2(eval_gx_default_end_image_start(v_15, v_26, v_36, v_37, v_draw_last), eval_pclxl_end_image_1(v_15, v_26, v_36, v_37, v_draw_last))
		(?, 1)    eval_pclxl_end_image_1(v_15, v_26, v_36, v_37, v_draw_last) -> Com_1(eval_pclxl_end_image_bb9_in(v_15, v_26, v_36, v_37, v_draw_last))
		(?, 1)    eval_pclxl_end_image_8(v_15, v_26, v_36, v_37, v_draw_last) -> Com_1(eval_pclxl_end_image_9(v_15, v_26, v_36, v_37, v_draw_last))
		(?, 1)    eval_pclxl_end_image_9(v_15, v_26, v_36, v_37, v_draw_last) -> Com_1(eval_pclxl_end_image_bb10_in(v_15, v_26, v_36, v_37, v_draw_last))
		(?, 1)    eval_pclxl_end_image_9(v_15, v_26, v_36, v_37, v_draw_last) -> Com_1(eval_pclxl_end_image_11(v_15, v_15, v_36, v_37, v_draw_last))
		(?, 1)    eval_pclxl_end_image_11(v_15, v_26, v_36, v_37, v_draw_last) -> Com_2(eval_llvm.memset.p0i8.i64_start(v_15, v_26, v_36, v_37, v_draw_last), eval_pclxl_end_image_12(v_15, v_26, v_36, v_37, v_draw_last))
		(?, 1)    eval_pclxl_end_image_12(v_15, v_26, v_36, v_37, v_draw_last) -> Com_1(eval_pclxl_end_image_bb5_in(v_15, v_26, v_36, v_37, v_draw_last))
		(?, 1)    eval_pclxl_end_image_bb5_in(v_15, v_26, v_36, v_37, v_draw_last) -> Com_1(eval_pclxl_end_image_18(v_15, v_26, nondef.7, nondef.8, v_draw_last))
		(?, 1)    eval_pclxl_end_image_bb5_in(v_15, v_26, v_36, v_37, v_draw_last) -> Com_1(eval_pclxl_end_image_23(v_15, v_26, v_36, v_37, v_draw_last))
		(?, 1)    eval_pclxl_end_image_18(v_15, v_26, v_36, v_37, v_draw_last) -> Com_2(eval_pclxl_write_image_data_start(v_15, v_26, v_36, v_37, v_draw_last), eval_pclxl_end_image_19(v_15, v_26, v_36, v_37, v_draw_last))
		(?, 1)    eval_pclxl_end_image_19(v_15, v_26, v_36, v_37, v_draw_last) -> Com_1(eval_pclxl_end_image_bb5_in(v_15, v_26, v_36, v_37, v_draw_last))
		(?, 1)    eval_pclxl_end_image_23(v_15, v_26, v_36, v_37, v_draw_last) -> Com_1(eval_pclxl_end_image_24(v_15, v_26, v_36, v_37, v_draw_last))
		(?, 1)    eval_pclxl_end_image_24(v_15, v_26, v_36, v_37, v_draw_last) -> Com_1(eval_pclxl_end_image_bb8_in(v_15, v_26, v_36, v_37, v_draw_last))
		(?, 1)    eval_pclxl_end_image_bb8_in(v_15, v_26, v_36, v_37, v_draw_last) -> Com_1(eval_pclxl_end_image_25(v_15, v_26, v_36, v_37, v_draw_last))
		(?, 1)    eval_pclxl_end_image_25(v_15, v_26, v_36, v_37, v_draw_last) -> Com_2(eval_pclxl_write_end_image_start(v_15, v_26, v_36, v_37, v_draw_last), eval_pclxl_end_image_26(v_15, v_26, v_36, v_37, v_draw_last))
		(?, 1)    eval_pclxl_end_image_26(v_15, v_26, v_36, v_37, v_draw_last) -> Com_1(eval_pclxl_end_image_bb9_in(v_15, v_26, v_36, v_37, v_draw_last))
		(?, 1)    eval_pclxl_end_image_bb9_in(v_15, v_26, v_36, v_37, v_draw_last) -> Com_1(eval_pclxl_end_image_27(v_15, v_26, v_36, v_37, v_draw_last))
		(?, 1)    eval_pclxl_end_image_27(v_15, v_26, v_36, v_37, v_draw_last) -> Com_1(eval_pclxl_end_image_28(v_15, v_26, v_36, v_37, v_draw_last))
		(?, 1)    eval_pclxl_end_image_28(v_15, v_26, v_36, v_37, v_draw_last) -> Com_1(eval_pclxl_end_image_bb10_in(v_15, v_26, v_36, v_37, v_draw_last))
		(?, 1)    eval_pclxl_end_image_bb10_in(v_15, v_26, v_36, v_37, v_draw_last) -> Com_1(eval_pclxl_end_image_stop(v_15, v_26, v_36, v_37, v_draw_last))
	start location:	eval_pclxl_end_image_start
	leaf cost:	0

Slicing away variables that do not contribute to conditions from problem 1 leaves variables [].
We thus obtain the following problem:
2:	T:
		(?, 1)    eval_pclxl_end_image_bb10_in() -> Com_1(eval_pclxl_end_image_stop())
		(?, 1)    eval_pclxl_end_image_28() -> Com_1(eval_pclxl_end_image_bb10_in())
		(?, 1)    eval_pclxl_end_image_27() -> Com_1(eval_pclxl_end_image_28())
		(?, 1)    eval_pclxl_end_image_bb9_in() -> Com_1(eval_pclxl_end_image_27())
		(?, 1)    eval_pclxl_end_image_26() -> Com_1(eval_pclxl_end_image_bb9_in())
		(?, 1)    eval_pclxl_end_image_25() -> Com_2(eval_pclxl_write_end_image_start(), eval_pclxl_end_image_26())
		(?, 1)    eval_pclxl_end_image_bb8_in() -> Com_1(eval_pclxl_end_image_25())
		(?, 1)    eval_pclxl_end_image_24() -> Com_1(eval_pclxl_end_image_bb8_in())
		(?, 1)    eval_pclxl_end_image_23() -> Com_1(eval_pclxl_end_image_24())
		(?, 1)    eval_pclxl_end_image_19() -> Com_1(eval_pclxl_end_image_bb5_in())
		(?, 1)    eval_pclxl_end_image_18() -> Com_2(eval_pclxl_write_image_data_start(), eval_pclxl_end_image_19())
		(?, 1)    eval_pclxl_end_image_bb5_in() -> Com_1(eval_pclxl_end_image_23())
		(?, 1)    eval_pclxl_end_image_bb5_in() -> Com_1(eval_pclxl_end_image_18())
		(?, 1)    eval_pclxl_end_image_12() -> Com_1(eval_pclxl_end_image_bb5_in())
		(?, 1)    eval_pclxl_end_image_11() -> Com_2(eval_llvm.memset.p0i8.i64_start(), eval_pclxl_end_image_12())
		(?, 1)    eval_pclxl_end_image_9() -> Com_1(eval_pclxl_end_image_11())
		(?, 1)    eval_pclxl_end_image_9() -> Com_1(eval_pclxl_end_image_bb10_in())
		(?, 1)    eval_pclxl_end_image_8() -> Com_1(eval_pclxl_end_image_9())
		(?, 1)    eval_pclxl_end_image_1() -> Com_1(eval_pclxl_end_image_bb9_in())
		(?, 1)    eval_pclxl_end_image_0() -> Com_2(eval_gx_default_end_image_start(), eval_pclxl_end_image_1())
		(?, 1)    eval_pclxl_end_image_bb0_in() -> Com_1(eval_pclxl_end_image_bb8_in())
		(?, 1)    eval_pclxl_end_image_bb0_in() -> Com_1(eval_pclxl_end_image_8())
		(?, 1)    eval_pclxl_end_image_bb0_in() -> Com_1(eval_pclxl_end_image_0())
		(1, 1)    eval_pclxl_end_image_start() -> Com_1(eval_pclxl_end_image_bb0_in())
	start location:	eval_pclxl_end_image_start
	leaf cost:	0

Repeatedly propagating knowledge in problem 2 produces the following problem:
3:	T:
		(?, 1)    eval_pclxl_end_image_bb10_in() -> Com_1(eval_pclxl_end_image_stop())
		(?, 1)    eval_pclxl_end_image_28() -> Com_1(eval_pclxl_end_image_bb10_in())
		(?, 1)    eval_pclxl_end_image_27() -> Com_1(eval_pclxl_end_image_28())
		(?, 1)    eval_pclxl_end_image_bb9_in() -> Com_1(eval_pclxl_end_image_27())
		(?, 1)    eval_pclxl_end_image_26() -> Com_1(eval_pclxl_end_image_bb9_in())
		(?, 1)    eval_pclxl_end_image_25() -> Com_2(eval_pclxl_write_end_image_start(), eval_pclxl_end_image_26())
		(?, 1)    eval_pclxl_end_image_bb8_in() -> Com_1(eval_pclxl_end_image_25())
		(?, 1)    eval_pclxl_end_image_24() -> Com_1(eval_pclxl_end_image_bb8_in())
		(?, 1)    eval_pclxl_end_image_23() -> Com_1(eval_pclxl_end_image_24())
		(?, 1)    eval_pclxl_end_image_19() -> Com_1(eval_pclxl_end_image_bb5_in())
		(?, 1)    eval_pclxl_end_image_18() -> Com_2(eval_pclxl_write_image_data_start(), eval_pclxl_end_image_19())
		(?, 1)    eval_pclxl_end_image_bb5_in() -> Com_1(eval_pclxl_end_image_23())
		(?, 1)    eval_pclxl_end_image_bb5_in() -> Com_1(eval_pclxl_end_image_18())
		(1, 1)    eval_pclxl_end_image_12() -> Com_1(eval_pclxl_end_image_bb5_in())
		(1, 1)    eval_pclxl_end_image_11() -> Com_2(eval_llvm.memset.p0i8.i64_start(), eval_pclxl_end_image_12())
		(1, 1)    eval_pclxl_end_image_9() -> Com_1(eval_pclxl_end_image_11())
		(1, 1)    eval_pclxl_end_image_9() -> Com_1(eval_pclxl_end_image_bb10_in())
		(1, 1)    eval_pclxl_end_image_8() -> Com_1(eval_pclxl_end_image_9())
		(1, 1)    eval_pclxl_end_image_1() -> Com_1(eval_pclxl_end_image_bb9_in())
		(1, 1)    eval_pclxl_end_image_0() -> Com_2(eval_gx_default_end_image_start(), eval_pclxl_end_image_1())
		(1, 1)    eval_pclxl_end_image_bb0_in() -> Com_1(eval_pclxl_end_image_bb8_in())
		(1, 1)    eval_pclxl_end_image_bb0_in() -> Com_1(eval_pclxl_end_image_8())
		(1, 1)    eval_pclxl_end_image_bb0_in() -> Com_1(eval_pclxl_end_image_0())
		(1, 1)    eval_pclxl_end_image_start() -> Com_1(eval_pclxl_end_image_bb0_in())
	start location:	eval_pclxl_end_image_start
	leaf cost:	0

A polynomial rank function with
	Pol(eval_pclxl_end_image_bb10_in) = 1
	Pol(eval_pclxl_end_image_stop) = 0
	Pol(eval_pclxl_end_image_28) = 2
	Pol(eval_pclxl_end_image_27) = 3
	Pol(eval_pclxl_end_image_bb9_in) = 4
	Pol(eval_pclxl_end_image_26) = 5
	Pol(eval_pclxl_end_image_25) = 6
	Pol(eval_pclxl_write_end_image_start) = 0
	Pol(eval_pclxl_end_image_bb8_in) = 7
	Pol(eval_pclxl_end_image_24) = 8
	Pol(eval_pclxl_end_image_23) = 9
	Pol(eval_pclxl_end_image_19) = 10
	Pol(eval_pclxl_end_image_bb5_in) = 10
	Pol(eval_pclxl_end_image_18) = 10
	Pol(eval_pclxl_write_image_data_start) = 0
	Pol(eval_pclxl_end_image_12) = 10
	Pol(eval_pclxl_end_image_11) = 10
	Pol(eval_llvm.memset.p0i8.i64_start) = 0
	Pol(eval_pclxl_end_image_9) = 10
	Pol(eval_pclxl_end_image_8) = 10
	Pol(eval_pclxl_end_image_1) = 4
	Pol(eval_pclxl_end_image_0) = 4
	Pol(eval_gx_default_end_image_start) = 0
	Pol(eval_pclxl_end_image_bb0_in) = 10
	Pol(eval_pclxl_end_image_start) = 10
orients all transitions weakly and the transitions
	eval_pclxl_end_image_bb9_in() -> Com_1(eval_pclxl_end_image_27())
	eval_pclxl_end_image_bb8_in() -> Com_1(eval_pclxl_end_image_25())
	eval_pclxl_end_image_bb5_in() -> Com_1(eval_pclxl_end_image_23())
	eval_pclxl_end_image_bb10_in() -> Com_1(eval_pclxl_end_image_stop())
	eval_pclxl_end_image_28() -> Com_1(eval_pclxl_end_image_bb10_in())
	eval_pclxl_end_image_27() -> Com_1(eval_pclxl_end_image_28())
	eval_pclxl_end_image_26() -> Com_1(eval_pclxl_end_image_bb9_in())
	eval_pclxl_end_image_25() -> Com_2(eval_pclxl_write_end_image_start(), eval_pclxl_end_image_26())
	eval_pclxl_end_image_24() -> Com_1(eval_pclxl_end_image_bb8_in())
	eval_pclxl_end_image_23() -> Com_1(eval_pclxl_end_image_24())
strictly and produces the following problem:
4:	T:
		(10, 1)    eval_pclxl_end_image_bb10_in() -> Com_1(eval_pclxl_end_image_stop())
		(10, 1)    eval_pclxl_end_image_28() -> Com_1(eval_pclxl_end_image_bb10_in())
		(10, 1)    eval_pclxl_end_image_27() -> Com_1(eval_pclxl_end_image_28())
		(10, 1)    eval_pclxl_end_image_bb9_in() -> Com_1(eval_pclxl_end_image_27())
		(10, 1)    eval_pclxl_end_image_26() -> Com_1(eval_pclxl_end_image_bb9_in())
		(10, 1)    eval_pclxl_end_image_25() -> Com_2(eval_pclxl_write_end_image_start(), eval_pclxl_end_image_26())
		(10, 1)    eval_pclxl_end_image_bb8_in() -> Com_1(eval_pclxl_end_image_25())
		(10, 1)    eval_pclxl_end_image_24() -> Com_1(eval_pclxl_end_image_bb8_in())
		(10, 1)    eval_pclxl_end_image_23() -> Com_1(eval_pclxl_end_image_24())
		(?, 1)     eval_pclxl_end_image_19() -> Com_1(eval_pclxl_end_image_bb5_in())
		(?, 1)     eval_pclxl_end_image_18() -> Com_2(eval_pclxl_write_image_data_start(), eval_pclxl_end_image_19())
		(10, 1)    eval_pclxl_end_image_bb5_in() -> Com_1(eval_pclxl_end_image_23())
		(?, 1)     eval_pclxl_end_image_bb5_in() -> Com_1(eval_pclxl_end_image_18())
		(1, 1)     eval_pclxl_end_image_12() -> Com_1(eval_pclxl_end_image_bb5_in())
		(1, 1)     eval_pclxl_end_image_11() -> Com_2(eval_llvm.memset.p0i8.i64_start(), eval_pclxl_end_image_12())
		(1, 1)     eval_pclxl_end_image_9() -> Com_1(eval_pclxl_end_image_11())
		(1, 1)     eval_pclxl_end_image_9() -> Com_1(eval_pclxl_end_image_bb10_in())
		(1, 1)     eval_pclxl_end_image_8() -> Com_1(eval_pclxl_end_image_9())
		(1, 1)     eval_pclxl_end_image_1() -> Com_1(eval_pclxl_end_image_bb9_in())
		(1, 1)     eval_pclxl_end_image_0() -> Com_2(eval_gx_default_end_image_start(), eval_pclxl_end_image_1())
		(1, 1)     eval_pclxl_end_image_bb0_in() -> Com_1(eval_pclxl_end_image_bb8_in())
		(1, 1)     eval_pclxl_end_image_bb0_in() -> Com_1(eval_pclxl_end_image_8())
		(1, 1)     eval_pclxl_end_image_bb0_in() -> Com_1(eval_pclxl_end_image_0())
		(1, 1)     eval_pclxl_end_image_start() -> Com_1(eval_pclxl_end_image_bb0_in())
	start location:	eval_pclxl_end_image_start
	leaf cost:	0

By chaining the transition eval_pclxl_end_image_28() -> Com_1(eval_pclxl_end_image_bb10_in()) with all transitions in problem 4, the following new transition is obtained:
	eval_pclxl_end_image_28() -> Com_1(eval_pclxl_end_image_stop())
We thus obtain the following problem:
5:	T:
		(10, 2)    eval_pclxl_end_image_28() -> Com_1(eval_pclxl_end_image_stop())
		(10, 1)    eval_pclxl_end_image_bb10_in() -> Com_1(eval_pclxl_end_image_stop())
		(10, 1)    eval_pclxl_end_image_27() -> Com_1(eval_pclxl_end_image_28())
		(10, 1)    eval_pclxl_end_image_bb9_in() -> Com_1(eval_pclxl_end_image_27())
		(10, 1)    eval_pclxl_end_image_26() -> Com_1(eval_pclxl_end_image_bb9_in())
		(10, 1)    eval_pclxl_end_image_25() -> Com_2(eval_pclxl_write_end_image_start(), eval_pclxl_end_image_26())
		(10, 1)    eval_pclxl_end_image_bb8_in() -> Com_1(eval_pclxl_end_image_25())
		(10, 1)    eval_pclxl_end_image_24() -> Com_1(eval_pclxl_end_image_bb8_in())
		(10, 1)    eval_pclxl_end_image_23() -> Com_1(eval_pclxl_end_image_24())
		(?, 1)     eval_pclxl_end_image_19() -> Com_1(eval_pclxl_end_image_bb5_in())
		(?, 1)     eval_pclxl_end_image_18() -> Com_2(eval_pclxl_write_image_data_start(), eval_pclxl_end_image_19())
		(10, 1)    eval_pclxl_end_image_bb5_in() -> Com_1(eval_pclxl_end_image_23())
		(?, 1)     eval_pclxl_end_image_bb5_in() -> Com_1(eval_pclxl_end_image_18())
		(1, 1)     eval_pclxl_end_image_12() -> Com_1(eval_pclxl_end_image_bb5_in())
		(1, 1)     eval_pclxl_end_image_11() -> Com_2(eval_llvm.memset.p0i8.i64_start(), eval_pclxl_end_image_12())
		(1, 1)     eval_pclxl_end_image_9() -> Com_1(eval_pclxl_end_image_11())
		(1, 1)     eval_pclxl_end_image_9() -> Com_1(eval_pclxl_end_image_bb10_in())
		(1, 1)     eval_pclxl_end_image_8() -> Com_1(eval_pclxl_end_image_9())
		(1, 1)     eval_pclxl_end_image_1() -> Com_1(eval_pclxl_end_image_bb9_in())
		(1, 1)     eval_pclxl_end_image_0() -> Com_2(eval_gx_default_end_image_start(), eval_pclxl_end_image_1())
		(1, 1)     eval_pclxl_end_image_bb0_in() -> Com_1(eval_pclxl_end_image_bb8_in())
		(1, 1)     eval_pclxl_end_image_bb0_in() -> Com_1(eval_pclxl_end_image_8())
		(1, 1)     eval_pclxl_end_image_bb0_in() -> Com_1(eval_pclxl_end_image_0())
		(1, 1)     eval_pclxl_end_image_start() -> Com_1(eval_pclxl_end_image_bb0_in())
	start location:	eval_pclxl_end_image_start
	leaf cost:	0

By chaining the transition eval_pclxl_end_image_27() -> Com_1(eval_pclxl_end_image_28()) with all transitions in problem 5, the following new transition is obtained:
	eval_pclxl_end_image_27() -> Com_1(eval_pclxl_end_image_stop())
We thus obtain the following problem:
6:	T:
		(10, 3)    eval_pclxl_end_image_27() -> Com_1(eval_pclxl_end_image_stop())
		(10, 2)    eval_pclxl_end_image_28() -> Com_1(eval_pclxl_end_image_stop())
		(10, 1)    eval_pclxl_end_image_bb10_in() -> Com_1(eval_pclxl_end_image_stop())
		(10, 1)    eval_pclxl_end_image_bb9_in() -> Com_1(eval_pclxl_end_image_27())
		(10, 1)    eval_pclxl_end_image_26() -> Com_1(eval_pclxl_end_image_bb9_in())
		(10, 1)    eval_pclxl_end_image_25() -> Com_2(eval_pclxl_write_end_image_start(), eval_pclxl_end_image_26())
		(10, 1)    eval_pclxl_end_image_bb8_in() -> Com_1(eval_pclxl_end_image_25())
		(10, 1)    eval_pclxl_end_image_24() -> Com_1(eval_pclxl_end_image_bb8_in())
		(10, 1)    eval_pclxl_end_image_23() -> Com_1(eval_pclxl_end_image_24())
		(?, 1)     eval_pclxl_end_image_19() -> Com_1(eval_pclxl_end_image_bb5_in())
		(?, 1)     eval_pclxl_end_image_18() -> Com_2(eval_pclxl_write_image_data_start(), eval_pclxl_end_image_19())
		(10, 1)    eval_pclxl_end_image_bb5_in() -> Com_1(eval_pclxl_end_image_23())
		(?, 1)     eval_pclxl_end_image_bb5_in() -> Com_1(eval_pclxl_end_image_18())
		(1, 1)     eval_pclxl_end_image_12() -> Com_1(eval_pclxl_end_image_bb5_in())
		(1, 1)     eval_pclxl_end_image_11() -> Com_2(eval_llvm.memset.p0i8.i64_start(), eval_pclxl_end_image_12())
		(1, 1)     eval_pclxl_end_image_9() -> Com_1(eval_pclxl_end_image_11())
		(1, 1)     eval_pclxl_end_image_9() -> Com_1(eval_pclxl_end_image_bb10_in())
		(1, 1)     eval_pclxl_end_image_8() -> Com_1(eval_pclxl_end_image_9())
		(1, 1)     eval_pclxl_end_image_1() -> Com_1(eval_pclxl_end_image_bb9_in())
		(1, 1)     eval_pclxl_end_image_0() -> Com_2(eval_gx_default_end_image_start(), eval_pclxl_end_image_1())
		(1, 1)     eval_pclxl_end_image_bb0_in() -> Com_1(eval_pclxl_end_image_bb8_in())
		(1, 1)     eval_pclxl_end_image_bb0_in() -> Com_1(eval_pclxl_end_image_8())
		(1, 1)     eval_pclxl_end_image_bb0_in() -> Com_1(eval_pclxl_end_image_0())
		(1, 1)     eval_pclxl_end_image_start() -> Com_1(eval_pclxl_end_image_bb0_in())
	start location:	eval_pclxl_end_image_start
	leaf cost:	0

Testing for reachability in the complexity graph removes the following transition from problem 6:
	eval_pclxl_end_image_28() -> Com_1(eval_pclxl_end_image_stop())
We thus obtain the following problem:
7:	T:
		(?, 1)     eval_pclxl_end_image_19() -> Com_1(eval_pclxl_end_image_bb5_in())
		(10, 1)    eval_pclxl_end_image_24() -> Com_1(eval_pclxl_end_image_bb8_in())
		(?, 1)     eval_pclxl_end_image_18() -> Com_2(eval_pclxl_write_image_data_start(), eval_pclxl_end_image_19())
		(10, 1)    eval_pclxl_end_image_23() -> Com_1(eval_pclxl_end_image_24())
		(?, 1)     eval_pclxl_end_image_bb5_in() -> Com_1(eval_pclxl_end_image_18())
		(10, 1)    eval_pclxl_end_image_bb5_in() -> Com_1(eval_pclxl_end_image_23())
		(1, 1)     eval_pclxl_end_image_12() -> Com_1(eval_pclxl_end_image_bb5_in())
		(10, 3)    eval_pclxl_end_image_27() -> Com_1(eval_pclxl_end_image_stop())
		(10, 1)    eval_pclxl_end_image_bb9_in() -> Com_1(eval_pclxl_end_image_27())
		(10, 1)    eval_pclxl_end_image_bb10_in() -> Com_1(eval_pclxl_end_image_stop())
		(1, 1)     eval_pclxl_end_image_11() -> Com_2(eval_llvm.memset.p0i8.i64_start(), eval_pclxl_end_image_12())
		(10, 1)    eval_pclxl_end_image_26() -> Com_1(eval_pclxl_end_image_bb9_in())
		(1, 1)     eval_pclxl_end_image_1() -> Com_1(eval_pclxl_end_image_bb9_in())
		(1, 1)     eval_pclxl_end_image_9() -> Com_1(eval_pclxl_end_image_bb10_in())
		(1, 1)     eval_pclxl_end_image_9() -> Com_1(eval_pclxl_end_image_11())
		(10, 1)    eval_pclxl_end_image_25() -> Com_2(eval_pclxl_write_end_image_start(), eval_pclxl_end_image_26())
		(1, 1)     eval_pclxl_end_image_0() -> Com_2(eval_gx_default_end_image_start(), eval_pclxl_end_image_1())
		(1, 1)     eval_pclxl_end_image_8() -> Com_1(eval_pclxl_end_image_9())
		(10, 1)    eval_pclxl_end_image_bb8_in() -> Com_1(eval_pclxl_end_image_25())
		(1, 1)     eval_pclxl_end_image_bb0_in() -> Com_1(eval_pclxl_end_image_0())
		(1, 1)     eval_pclxl_end_image_bb0_in() -> Com_1(eval_pclxl_end_image_8())
		(1, 1)     eval_pclxl_end_image_bb0_in() -> Com_1(eval_pclxl_end_image_bb8_in())
		(1, 1)     eval_pclxl_end_image_start() -> Com_1(eval_pclxl_end_image_bb0_in())
	start location:	eval_pclxl_end_image_start
	leaf cost:	0

By chaining the transition eval_pclxl_end_image_24() -> Com_1(eval_pclxl_end_image_bb8_in()) with all transitions in problem 7, the following new transition is obtained:
	eval_pclxl_end_image_24() -> Com_1(eval_pclxl_end_image_25())
We thus obtain the following problem:
8:	T:
		(10, 2)    eval_pclxl_end_image_24() -> Com_1(eval_pclxl_end_image_25())
		(?, 1)     eval_pclxl_end_image_19() -> Com_1(eval_pclxl_end_image_bb5_in())
		(?, 1)     eval_pclxl_end_image_18() -> Com_2(eval_pclxl_write_image_data_start(), eval_pclxl_end_image_19())
		(10, 1)    eval_pclxl_end_image_23() -> Com_1(eval_pclxl_end_image_24())
		(?, 1)     eval_pclxl_end_image_bb5_in() -> Com_1(eval_pclxl_end_image_18())
		(10, 1)    eval_pclxl_end_image_bb5_in() -> Com_1(eval_pclxl_end_image_23())
		(1, 1)     eval_pclxl_end_image_12() -> Com_1(eval_pclxl_end_image_bb5_in())
		(10, 3)    eval_pclxl_end_image_27() -> Com_1(eval_pclxl_end_image_stop())
		(10, 1)    eval_pclxl_end_image_bb9_in() -> Com_1(eval_pclxl_end_image_27())
		(10, 1)    eval_pclxl_end_image_bb10_in() -> Com_1(eval_pclxl_end_image_stop())
		(1, 1)     eval_pclxl_end_image_11() -> Com_2(eval_llvm.memset.p0i8.i64_start(), eval_pclxl_end_image_12())
		(10, 1)    eval_pclxl_end_image_26() -> Com_1(eval_pclxl_end_image_bb9_in())
		(1, 1)     eval_pclxl_end_image_1() -> Com_1(eval_pclxl_end_image_bb9_in())
		(1, 1)     eval_pclxl_end_image_9() -> Com_1(eval_pclxl_end_image_bb10_in())
		(1, 1)     eval_pclxl_end_image_9() -> Com_1(eval_pclxl_end_image_11())
		(10, 1)    eval_pclxl_end_image_25() -> Com_2(eval_pclxl_write_end_image_start(), eval_pclxl_end_image_26())
		(1, 1)     eval_pclxl_end_image_0() -> Com_2(eval_gx_default_end_image_start(), eval_pclxl_end_image_1())
		(1, 1)     eval_pclxl_end_image_8() -> Com_1(eval_pclxl_end_image_9())
		(10, 1)    eval_pclxl_end_image_bb8_in() -> Com_1(eval_pclxl_end_image_25())
		(1, 1)     eval_pclxl_end_image_bb0_in() -> Com_1(eval_pclxl_end_image_0())
		(1, 1)     eval_pclxl_end_image_bb0_in() -> Com_1(eval_pclxl_end_image_8())
		(1, 1)     eval_pclxl_end_image_bb0_in() -> Com_1(eval_pclxl_end_image_bb8_in())
		(1, 1)     eval_pclxl_end_image_start() -> Com_1(eval_pclxl_end_image_bb0_in())
	start location:	eval_pclxl_end_image_start
	leaf cost:	0

By chaining the transition eval_pclxl_end_image_24() -> Com_1(eval_pclxl_end_image_25()) with all transitions in problem 8, the following new transition is obtained:
	eval_pclxl_end_image_24() -> Com_2(eval_pclxl_write_end_image_start(), eval_pclxl_end_image_26())
We thus obtain the following problem:
9:	T:
		(10, 3)    eval_pclxl_end_image_24() -> Com_2(eval_pclxl_write_end_image_start(), eval_pclxl_end_image_26())
		(?, 1)     eval_pclxl_end_image_19() -> Com_1(eval_pclxl_end_image_bb5_in())
		(?, 1)     eval_pclxl_end_image_18() -> Com_2(eval_pclxl_write_image_data_start(), eval_pclxl_end_image_19())
		(10, 1)    eval_pclxl_end_image_23() -> Com_1(eval_pclxl_end_image_24())
		(?, 1)     eval_pclxl_end_image_bb5_in() -> Com_1(eval_pclxl_end_image_18())
		(10, 1)    eval_pclxl_end_image_bb5_in() -> Com_1(eval_pclxl_end_image_23())
		(1, 1)     eval_pclxl_end_image_12() -> Com_1(eval_pclxl_end_image_bb5_in())
		(10, 3)    eval_pclxl_end_image_27() -> Com_1(eval_pclxl_end_image_stop())
		(10, 1)    eval_pclxl_end_image_bb9_in() -> Com_1(eval_pclxl_end_image_27())
		(10, 1)    eval_pclxl_end_image_bb10_in() -> Com_1(eval_pclxl_end_image_stop())
		(1, 1)     eval_pclxl_end_image_11() -> Com_2(eval_llvm.memset.p0i8.i64_start(), eval_pclxl_end_image_12())
		(10, 1)    eval_pclxl_end_image_26() -> Com_1(eval_pclxl_end_image_bb9_in())
		(1, 1)     eval_pclxl_end_image_1() -> Com_1(eval_pclxl_end_image_bb9_in())
		(1, 1)     eval_pclxl_end_image_9() -> Com_1(eval_pclxl_end_image_bb10_in())
		(1, 1)     eval_pclxl_end_image_9() -> Com_1(eval_pclxl_end_image_11())
		(10, 1)    eval_pclxl_end_image_25() -> Com_2(eval_pclxl_write_end_image_start(), eval_pclxl_end_image_26())
		(1, 1)     eval_pclxl_end_image_0() -> Com_2(eval_gx_default_end_image_start(), eval_pclxl_end_image_1())
		(1, 1)     eval_pclxl_end_image_8() -> Com_1(eval_pclxl_end_image_9())
		(10, 1)    eval_pclxl_end_image_bb8_in() -> Com_1(eval_pclxl_end_image_25())
		(1, 1)     eval_pclxl_end_image_bb0_in() -> Com_1(eval_pclxl_end_image_0())
		(1, 1)     eval_pclxl_end_image_bb0_in() -> Com_1(eval_pclxl_end_image_8())
		(1, 1)     eval_pclxl_end_image_bb0_in() -> Com_1(eval_pclxl_end_image_bb8_in())
		(1, 1)     eval_pclxl_end_image_start() -> Com_1(eval_pclxl_end_image_bb0_in())
	start location:	eval_pclxl_end_image_start
	leaf cost:	0

By chaining the transition eval_pclxl_end_image_23() -> Com_1(eval_pclxl_end_image_24()) with all transitions in problem 9, the following new transition is obtained:
	eval_pclxl_end_image_23() -> Com_2(eval_pclxl_write_end_image_start(), eval_pclxl_end_image_26())
We thus obtain the following problem:
10:	T:
		(10, 4)    eval_pclxl_end_image_23() -> Com_2(eval_pclxl_write_end_image_start(), eval_pclxl_end_image_26())
		(10, 3)    eval_pclxl_end_image_24() -> Com_2(eval_pclxl_write_end_image_start(), eval_pclxl_end_image_26())
		(?, 1)     eval_pclxl_end_image_19() -> Com_1(eval_pclxl_end_image_bb5_in())
		(?, 1)     eval_pclxl_end_image_18() -> Com_2(eval_pclxl_write_image_data_start(), eval_pclxl_end_image_19())
		(?, 1)     eval_pclxl_end_image_bb5_in() -> Com_1(eval_pclxl_end_image_18())
		(10, 1)    eval_pclxl_end_image_bb5_in() -> Com_1(eval_pclxl_end_image_23())
		(1, 1)     eval_pclxl_end_image_12() -> Com_1(eval_pclxl_end_image_bb5_in())
		(10, 3)    eval_pclxl_end_image_27() -> Com_1(eval_pclxl_end_image_stop())
		(10, 1)    eval_pclxl_end_image_bb9_in() -> Com_1(eval_pclxl_end_image_27())
		(10, 1)    eval_pclxl_end_image_bb10_in() -> Com_1(eval_pclxl_end_image_stop())
		(1, 1)     eval_pclxl_end_image_11() -> Com_2(eval_llvm.memset.p0i8.i64_start(), eval_pclxl_end_image_12())
		(10, 1)    eval_pclxl_end_image_26() -> Com_1(eval_pclxl_end_image_bb9_in())
		(1, 1)     eval_pclxl_end_image_1() -> Com_1(eval_pclxl_end_image_bb9_in())
		(1, 1)     eval_pclxl_end_image_9() -> Com_1(eval_pclxl_end_image_bb10_in())
		(1, 1)     eval_pclxl_end_image_9() -> Com_1(eval_pclxl_end_image_11())
		(10, 1)    eval_pclxl_end_image_25() -> Com_2(eval_pclxl_write_end_image_start(), eval_pclxl_end_image_26())
		(1, 1)     eval_pclxl_end_image_0() -> Com_2(eval_gx_default_end_image_start(), eval_pclxl_end_image_1())
		(1, 1)     eval_pclxl_end_image_8() -> Com_1(eval_pclxl_end_image_9())
		(10, 1)    eval_pclxl_end_image_bb8_in() -> Com_1(eval_pclxl_end_image_25())
		(1, 1)     eval_pclxl_end_image_bb0_in() -> Com_1(eval_pclxl_end_image_0())
		(1, 1)     eval_pclxl_end_image_bb0_in() -> Com_1(eval_pclxl_end_image_8())
		(1, 1)     eval_pclxl_end_image_bb0_in() -> Com_1(eval_pclxl_end_image_bb8_in())
		(1, 1)     eval_pclxl_end_image_start() -> Com_1(eval_pclxl_end_image_bb0_in())
	start location:	eval_pclxl_end_image_start
	leaf cost:	0

Testing for reachability in the complexity graph removes the following transition from problem 10:
	eval_pclxl_end_image_24() -> Com_2(eval_pclxl_write_end_image_start(), eval_pclxl_end_image_26())
We thus obtain the following problem:
11:	T:
		(?, 1)     eval_pclxl_end_image_19() -> Com_1(eval_pclxl_end_image_bb5_in())
		(?, 1)     eval_pclxl_end_image_18() -> Com_2(eval_pclxl_write_image_data_start(), eval_pclxl_end_image_19())
		(10, 4)    eval_pclxl_end_image_23() -> Com_2(eval_pclxl_write_end_image_start(), eval_pclxl_end_image_26())
		(?, 1)     eval_pclxl_end_image_bb5_in() -> Com_1(eval_pclxl_end_image_18())
		(10, 1)    eval_pclxl_end_image_bb5_in() -> Com_1(eval_pclxl_end_image_23())
		(1, 1)     eval_pclxl_end_image_12() -> Com_1(eval_pclxl_end_image_bb5_in())
		(10, 3)    eval_pclxl_end_image_27() -> Com_1(eval_pclxl_end_image_stop())
		(10, 1)    eval_pclxl_end_image_bb9_in() -> Com_1(eval_pclxl_end_image_27())
		(10, 1)    eval_pclxl_end_image_bb10_in() -> Com_1(eval_pclxl_end_image_stop())
		(1, 1)     eval_pclxl_end_image_11() -> Com_2(eval_llvm.memset.p0i8.i64_start(), eval_pclxl_end_image_12())
		(10, 1)    eval_pclxl_end_image_26() -> Com_1(eval_pclxl_end_image_bb9_in())
		(1, 1)     eval_pclxl_end_image_1() -> Com_1(eval_pclxl_end_image_bb9_in())
		(1, 1)     eval_pclxl_end_image_9() -> Com_1(eval_pclxl_end_image_bb10_in())
		(1, 1)     eval_pclxl_end_image_9() -> Com_1(eval_pclxl_end_image_11())
		(10, 1)    eval_pclxl_end_image_25() -> Com_2(eval_pclxl_write_end_image_start(), eval_pclxl_end_image_26())
		(1, 1)     eval_pclxl_end_image_0() -> Com_2(eval_gx_default_end_image_start(), eval_pclxl_end_image_1())
		(1, 1)     eval_pclxl_end_image_8() -> Com_1(eval_pclxl_end_image_9())
		(10, 1)    eval_pclxl_end_image_bb8_in() -> Com_1(eval_pclxl_end_image_25())
		(1, 1)     eval_pclxl_end_image_bb0_in() -> Com_1(eval_pclxl_end_image_0())
		(1, 1)     eval_pclxl_end_image_bb0_in() -> Com_1(eval_pclxl_end_image_8())
		(1, 1)     eval_pclxl_end_image_bb0_in() -> Com_1(eval_pclxl_end_image_bb8_in())
		(1, 1)     eval_pclxl_end_image_start() -> Com_1(eval_pclxl_end_image_bb0_in())
	start location:	eval_pclxl_end_image_start
	leaf cost:	0

By chaining the transition eval_pclxl_end_image_bb5_in() -> Com_1(eval_pclxl_end_image_18()) with all transitions in problem 11, the following new transition is obtained:
	eval_pclxl_end_image_bb5_in() -> Com_2(eval_pclxl_write_image_data_start(), eval_pclxl_end_image_19())
We thus obtain the following problem:
12:	T:
		(?, 2)     eval_pclxl_end_image_bb5_in() -> Com_2(eval_pclxl_write_image_data_start(), eval_pclxl_end_image_19())
		(?, 1)     eval_pclxl_end_image_19() -> Com_1(eval_pclxl_end_image_bb5_in())
		(?, 1)     eval_pclxl_end_image_18() -> Com_2(eval_pclxl_write_image_data_start(), eval_pclxl_end_image_19())
		(10, 4)    eval_pclxl_end_image_23() -> Com_2(eval_pclxl_write_end_image_start(), eval_pclxl_end_image_26())
		(10, 1)    eval_pclxl_end_image_bb5_in() -> Com_1(eval_pclxl_end_image_23())
		(1, 1)     eval_pclxl_end_image_12() -> Com_1(eval_pclxl_end_image_bb5_in())
		(10, 3)    eval_pclxl_end_image_27() -> Com_1(eval_pclxl_end_image_stop())
		(10, 1)    eval_pclxl_end_image_bb9_in() -> Com_1(eval_pclxl_end_image_27())
		(10, 1)    eval_pclxl_end_image_bb10_in() -> Com_1(eval_pclxl_end_image_stop())
		(1, 1)     eval_pclxl_end_image_11() -> Com_2(eval_llvm.memset.p0i8.i64_start(), eval_pclxl_end_image_12())
		(10, 1)    eval_pclxl_end_image_26() -> Com_1(eval_pclxl_end_image_bb9_in())
		(1, 1)     eval_pclxl_end_image_1() -> Com_1(eval_pclxl_end_image_bb9_in())
		(1, 1)     eval_pclxl_end_image_9() -> Com_1(eval_pclxl_end_image_bb10_in())
		(1, 1)     eval_pclxl_end_image_9() -> Com_1(eval_pclxl_end_image_11())
		(10, 1)    eval_pclxl_end_image_25() -> Com_2(eval_pclxl_write_end_image_start(), eval_pclxl_end_image_26())
		(1, 1)     eval_pclxl_end_image_0() -> Com_2(eval_gx_default_end_image_start(), eval_pclxl_end_image_1())
		(1, 1)     eval_pclxl_end_image_8() -> Com_1(eval_pclxl_end_image_9())
		(10, 1)    eval_pclxl_end_image_bb8_in() -> Com_1(eval_pclxl_end_image_25())
		(1, 1)     eval_pclxl_end_image_bb0_in() -> Com_1(eval_pclxl_end_image_0())
		(1, 1)     eval_pclxl_end_image_bb0_in() -> Com_1(eval_pclxl_end_image_8())
		(1, 1)     eval_pclxl_end_image_bb0_in() -> Com_1(eval_pclxl_end_image_bb8_in())
		(1, 1)     eval_pclxl_end_image_start() -> Com_1(eval_pclxl_end_image_bb0_in())
	start location:	eval_pclxl_end_image_start
	leaf cost:	0

Testing for reachability in the complexity graph removes the following transition from problem 12:
	eval_pclxl_end_image_18() -> Com_2(eval_pclxl_write_image_data_start(), eval_pclxl_end_image_19())
We thus obtain the following problem:
13:	T:
		(?, 1)     eval_pclxl_end_image_19() -> Com_1(eval_pclxl_end_image_bb5_in())
		(10, 4)    eval_pclxl_end_image_23() -> Com_2(eval_pclxl_write_end_image_start(), eval_pclxl_end_image_26())
		(?, 2)     eval_pclxl_end_image_bb5_in() -> Com_2(eval_pclxl_write_image_data_start(), eval_pclxl_end_image_19())
		(10, 1)    eval_pclxl_end_image_bb5_in() -> Com_1(eval_pclxl_end_image_23())
		(1, 1)     eval_pclxl_end_image_12() -> Com_1(eval_pclxl_end_image_bb5_in())
		(10, 3)    eval_pclxl_end_image_27() -> Com_1(eval_pclxl_end_image_stop())
		(10, 1)    eval_pclxl_end_image_bb9_in() -> Com_1(eval_pclxl_end_image_27())
		(10, 1)    eval_pclxl_end_image_bb10_in() -> Com_1(eval_pclxl_end_image_stop())
		(1, 1)     eval_pclxl_end_image_11() -> Com_2(eval_llvm.memset.p0i8.i64_start(), eval_pclxl_end_image_12())
		(10, 1)    eval_pclxl_end_image_26() -> Com_1(eval_pclxl_end_image_bb9_in())
		(1, 1)     eval_pclxl_end_image_1() -> Com_1(eval_pclxl_end_image_bb9_in())
		(1, 1)     eval_pclxl_end_image_9() -> Com_1(eval_pclxl_end_image_bb10_in())
		(1, 1)     eval_pclxl_end_image_9() -> Com_1(eval_pclxl_end_image_11())
		(10, 1)    eval_pclxl_end_image_25() -> Com_2(eval_pclxl_write_end_image_start(), eval_pclxl_end_image_26())
		(1, 1)     eval_pclxl_end_image_0() -> Com_2(eval_gx_default_end_image_start(), eval_pclxl_end_image_1())
		(1, 1)     eval_pclxl_end_image_8() -> Com_1(eval_pclxl_end_image_9())
		(10, 1)    eval_pclxl_end_image_bb8_in() -> Com_1(eval_pclxl_end_image_25())
		(1, 1)     eval_pclxl_end_image_bb0_in() -> Com_1(eval_pclxl_end_image_0())
		(1, 1)     eval_pclxl_end_image_bb0_in() -> Com_1(eval_pclxl_end_image_8())
		(1, 1)     eval_pclxl_end_image_bb0_in() -> Com_1(eval_pclxl_end_image_bb8_in())
		(1, 1)     eval_pclxl_end_image_start() -> Com_1(eval_pclxl_end_image_bb0_in())
	start location:	eval_pclxl_end_image_start
	leaf cost:	0

By chaining the transition eval_pclxl_end_image_bb5_in() -> Com_1(eval_pclxl_end_image_23()) with all transitions in problem 13, the following new transition is obtained:
	eval_pclxl_end_image_bb5_in() -> Com_2(eval_pclxl_write_end_image_start(), eval_pclxl_end_image_26())
We thus obtain the following problem:
14:	T:
		(10, 5)    eval_pclxl_end_image_bb5_in() -> Com_2(eval_pclxl_write_end_image_start(), eval_pclxl_end_image_26())
		(?, 1)     eval_pclxl_end_image_19() -> Com_1(eval_pclxl_end_image_bb5_in())
		(10, 4)    eval_pclxl_end_image_23() -> Com_2(eval_pclxl_write_end_image_start(), eval_pclxl_end_image_26())
		(?, 2)     eval_pclxl_end_image_bb5_in() -> Com_2(eval_pclxl_write_image_data_start(), eval_pclxl_end_image_19())
		(1, 1)     eval_pclxl_end_image_12() -> Com_1(eval_pclxl_end_image_bb5_in())
		(10, 3)    eval_pclxl_end_image_27() -> Com_1(eval_pclxl_end_image_stop())
		(10, 1)    eval_pclxl_end_image_bb9_in() -> Com_1(eval_pclxl_end_image_27())
		(10, 1)    eval_pclxl_end_image_bb10_in() -> Com_1(eval_pclxl_end_image_stop())
		(1, 1)     eval_pclxl_end_image_11() -> Com_2(eval_llvm.memset.p0i8.i64_start(), eval_pclxl_end_image_12())
		(10, 1)    eval_pclxl_end_image_26() -> Com_1(eval_pclxl_end_image_bb9_in())
		(1, 1)     eval_pclxl_end_image_1() -> Com_1(eval_pclxl_end_image_bb9_in())
		(1, 1)     eval_pclxl_end_image_9() -> Com_1(eval_pclxl_end_image_bb10_in())
		(1, 1)     eval_pclxl_end_image_9() -> Com_1(eval_pclxl_end_image_11())
		(10, 1)    eval_pclxl_end_image_25() -> Com_2(eval_pclxl_write_end_image_start(), eval_pclxl_end_image_26())
		(1, 1)     eval_pclxl_end_image_0() -> Com_2(eval_gx_default_end_image_start(), eval_pclxl_end_image_1())
		(1, 1)     eval_pclxl_end_image_8() -> Com_1(eval_pclxl_end_image_9())
		(10, 1)    eval_pclxl_end_image_bb8_in() -> Com_1(eval_pclxl_end_image_25())
		(1, 1)     eval_pclxl_end_image_bb0_in() -> Com_1(eval_pclxl_end_image_0())
		(1, 1)     eval_pclxl_end_image_bb0_in() -> Com_1(eval_pclxl_end_image_8())
		(1, 1)     eval_pclxl_end_image_bb0_in() -> Com_1(eval_pclxl_end_image_bb8_in())
		(1, 1)     eval_pclxl_end_image_start() -> Com_1(eval_pclxl_end_image_bb0_in())
	start location:	eval_pclxl_end_image_start
	leaf cost:	0

Testing for reachability in the complexity graph removes the following transition from problem 14:
	eval_pclxl_end_image_23() -> Com_2(eval_pclxl_write_end_image_start(), eval_pclxl_end_image_26())
We thus obtain the following problem:
15:	T:
		(?, 1)     eval_pclxl_end_image_19() -> Com_1(eval_pclxl_end_image_bb5_in())
		(10, 5)    eval_pclxl_end_image_bb5_in() -> Com_2(eval_pclxl_write_end_image_start(), eval_pclxl_end_image_26())
		(?, 2)     eval_pclxl_end_image_bb5_in() -> Com_2(eval_pclxl_write_image_data_start(), eval_pclxl_end_image_19())
		(1, 1)     eval_pclxl_end_image_12() -> Com_1(eval_pclxl_end_image_bb5_in())
		(10, 3)    eval_pclxl_end_image_27() -> Com_1(eval_pclxl_end_image_stop())
		(10, 1)    eval_pclxl_end_image_bb9_in() -> Com_1(eval_pclxl_end_image_27())
		(10, 1)    eval_pclxl_end_image_bb10_in() -> Com_1(eval_pclxl_end_image_stop())
		(1, 1)     eval_pclxl_end_image_11() -> Com_2(eval_llvm.memset.p0i8.i64_start(), eval_pclxl_end_image_12())
		(10, 1)    eval_pclxl_end_image_26() -> Com_1(eval_pclxl_end_image_bb9_in())
		(1, 1)     eval_pclxl_end_image_1() -> Com_1(eval_pclxl_end_image_bb9_in())
		(1, 1)     eval_pclxl_end_image_9() -> Com_1(eval_pclxl_end_image_bb10_in())
		(1, 1)     eval_pclxl_end_image_9() -> Com_1(eval_pclxl_end_image_11())
		(10, 1)    eval_pclxl_end_image_25() -> Com_2(eval_pclxl_write_end_image_start(), eval_pclxl_end_image_26())
		(1, 1)     eval_pclxl_end_image_0() -> Com_2(eval_gx_default_end_image_start(), eval_pclxl_end_image_1())
		(1, 1)     eval_pclxl_end_image_8() -> Com_1(eval_pclxl_end_image_9())
		(10, 1)    eval_pclxl_end_image_bb8_in() -> Com_1(eval_pclxl_end_image_25())
		(1, 1)     eval_pclxl_end_image_bb0_in() -> Com_1(eval_pclxl_end_image_0())
		(1, 1)     eval_pclxl_end_image_bb0_in() -> Com_1(eval_pclxl_end_image_8())
		(1, 1)     eval_pclxl_end_image_bb0_in() -> Com_1(eval_pclxl_end_image_bb8_in())
		(1, 1)     eval_pclxl_end_image_start() -> Com_1(eval_pclxl_end_image_bb0_in())
	start location:	eval_pclxl_end_image_start
	leaf cost:	0

By chaining the transition eval_pclxl_end_image_bb9_in() -> Com_1(eval_pclxl_end_image_27()) with all transitions in problem 15, the following new transition is obtained:
	eval_pclxl_end_image_bb9_in() -> Com_1(eval_pclxl_end_image_stop())
We thus obtain the following problem:
16:	T:
		(10, 4)    eval_pclxl_end_image_bb9_in() -> Com_1(eval_pclxl_end_image_stop())
		(?, 1)     eval_pclxl_end_image_19() -> Com_1(eval_pclxl_end_image_bb5_in())
		(10, 5)    eval_pclxl_end_image_bb5_in() -> Com_2(eval_pclxl_write_end_image_start(), eval_pclxl_end_image_26())
		(?, 2)     eval_pclxl_end_image_bb5_in() -> Com_2(eval_pclxl_write_image_data_start(), eval_pclxl_end_image_19())
		(1, 1)     eval_pclxl_end_image_12() -> Com_1(eval_pclxl_end_image_bb5_in())
		(10, 3)    eval_pclxl_end_image_27() -> Com_1(eval_pclxl_end_image_stop())
		(10, 1)    eval_pclxl_end_image_bb10_in() -> Com_1(eval_pclxl_end_image_stop())
		(1, 1)     eval_pclxl_end_image_11() -> Com_2(eval_llvm.memset.p0i8.i64_start(), eval_pclxl_end_image_12())
		(10, 1)    eval_pclxl_end_image_26() -> Com_1(eval_pclxl_end_image_bb9_in())
		(1, 1)     eval_pclxl_end_image_1() -> Com_1(eval_pclxl_end_image_bb9_in())
		(1, 1)     eval_pclxl_end_image_9() -> Com_1(eval_pclxl_end_image_bb10_in())
		(1, 1)     eval_pclxl_end_image_9() -> Com_1(eval_pclxl_end_image_11())
		(10, 1)    eval_pclxl_end_image_25() -> Com_2(eval_pclxl_write_end_image_start(), eval_pclxl_end_image_26())
		(1, 1)     eval_pclxl_end_image_0() -> Com_2(eval_gx_default_end_image_start(), eval_pclxl_end_image_1())
		(1, 1)     eval_pclxl_end_image_8() -> Com_1(eval_pclxl_end_image_9())
		(10, 1)    eval_pclxl_end_image_bb8_in() -> Com_1(eval_pclxl_end_image_25())
		(1, 1)     eval_pclxl_end_image_bb0_in() -> Com_1(eval_pclxl_end_image_0())
		(1, 1)     eval_pclxl_end_image_bb0_in() -> Com_1(eval_pclxl_end_image_8())
		(1, 1)     eval_pclxl_end_image_bb0_in() -> Com_1(eval_pclxl_end_image_bb8_in())
		(1, 1)     eval_pclxl_end_image_start() -> Com_1(eval_pclxl_end_image_bb0_in())
	start location:	eval_pclxl_end_image_start
	leaf cost:	0

Testing for reachability in the complexity graph removes the following transition from problem 16:
	eval_pclxl_end_image_27() -> Com_1(eval_pclxl_end_image_stop())
We thus obtain the following problem:
17:	T:
		(?, 1)     eval_pclxl_end_image_19() -> Com_1(eval_pclxl_end_image_bb5_in())
		(10, 5)    eval_pclxl_end_image_bb5_in() -> Com_2(eval_pclxl_write_end_image_start(), eval_pclxl_end_image_26())
		(?, 2)     eval_pclxl_end_image_bb5_in() -> Com_2(eval_pclxl_write_image_data_start(), eval_pclxl_end_image_19())
		(1, 1)     eval_pclxl_end_image_12() -> Com_1(eval_pclxl_end_image_bb5_in())
		(10, 4)    eval_pclxl_end_image_bb9_in() -> Com_1(eval_pclxl_end_image_stop())
		(10, 1)    eval_pclxl_end_image_bb10_in() -> Com_1(eval_pclxl_end_image_stop())
		(1, 1)     eval_pclxl_end_image_11() -> Com_2(eval_llvm.memset.p0i8.i64_start(), eval_pclxl_end_image_12())
		(10, 1)    eval_pclxl_end_image_26() -> Com_1(eval_pclxl_end_image_bb9_in())
		(1, 1)     eval_pclxl_end_image_1() -> Com_1(eval_pclxl_end_image_bb9_in())
		(1, 1)     eval_pclxl_end_image_9() -> Com_1(eval_pclxl_end_image_bb10_in())
		(1, 1)     eval_pclxl_end_image_9() -> Com_1(eval_pclxl_end_image_11())
		(10, 1)    eval_pclxl_end_image_25() -> Com_2(eval_pclxl_write_end_image_start(), eval_pclxl_end_image_26())
		(1, 1)     eval_pclxl_end_image_0() -> Com_2(eval_gx_default_end_image_start(), eval_pclxl_end_image_1())
		(1, 1)     eval_pclxl_end_image_8() -> Com_1(eval_pclxl_end_image_9())
		(10, 1)    eval_pclxl_end_image_bb8_in() -> Com_1(eval_pclxl_end_image_25())
		(1, 1)     eval_pclxl_end_image_bb0_in() -> Com_1(eval_pclxl_end_image_0())
		(1, 1)     eval_pclxl_end_image_bb0_in() -> Com_1(eval_pclxl_end_image_8())
		(1, 1)     eval_pclxl_end_image_bb0_in() -> Com_1(eval_pclxl_end_image_bb8_in())
		(1, 1)     eval_pclxl_end_image_start() -> Com_1(eval_pclxl_end_image_bb0_in())
	start location:	eval_pclxl_end_image_start
	leaf cost:	0

By chaining the transition eval_pclxl_end_image_26() -> Com_1(eval_pclxl_end_image_bb9_in()) with all transitions in problem 17, the following new transition is obtained:
	eval_pclxl_end_image_26() -> Com_1(eval_pclxl_end_image_stop())
We thus obtain the following problem:
18:	T:
		(10, 5)    eval_pclxl_end_image_26() -> Com_1(eval_pclxl_end_image_stop())
		(?, 1)     eval_pclxl_end_image_19() -> Com_1(eval_pclxl_end_image_bb5_in())
		(10, 5)    eval_pclxl_end_image_bb5_in() -> Com_2(eval_pclxl_write_end_image_start(), eval_pclxl_end_image_26())
		(?, 2)     eval_pclxl_end_image_bb5_in() -> Com_2(eval_pclxl_write_image_data_start(), eval_pclxl_end_image_19())
		(1, 1)     eval_pclxl_end_image_12() -> Com_1(eval_pclxl_end_image_bb5_in())
		(10, 4)    eval_pclxl_end_image_bb9_in() -> Com_1(eval_pclxl_end_image_stop())
		(10, 1)    eval_pclxl_end_image_bb10_in() -> Com_1(eval_pclxl_end_image_stop())
		(1, 1)     eval_pclxl_end_image_11() -> Com_2(eval_llvm.memset.p0i8.i64_start(), eval_pclxl_end_image_12())
		(1, 1)     eval_pclxl_end_image_1() -> Com_1(eval_pclxl_end_image_bb9_in())
		(1, 1)     eval_pclxl_end_image_9() -> Com_1(eval_pclxl_end_image_bb10_in())
		(1, 1)     eval_pclxl_end_image_9() -> Com_1(eval_pclxl_end_image_11())
		(10, 1)    eval_pclxl_end_image_25() -> Com_2(eval_pclxl_write_end_image_start(), eval_pclxl_end_image_26())
		(1, 1)     eval_pclxl_end_image_0() -> Com_2(eval_gx_default_end_image_start(), eval_pclxl_end_image_1())
		(1, 1)     eval_pclxl_end_image_8() -> Com_1(eval_pclxl_end_image_9())
		(10, 1)    eval_pclxl_end_image_bb8_in() -> Com_1(eval_pclxl_end_image_25())
		(1, 1)     eval_pclxl_end_image_bb0_in() -> Com_1(eval_pclxl_end_image_0())
		(1, 1)     eval_pclxl_end_image_bb0_in() -> Com_1(eval_pclxl_end_image_8())
		(1, 1)     eval_pclxl_end_image_bb0_in() -> Com_1(eval_pclxl_end_image_bb8_in())
		(1, 1)     eval_pclxl_end_image_start() -> Com_1(eval_pclxl_end_image_bb0_in())
	start location:	eval_pclxl_end_image_start
	leaf cost:	0

By chaining the transition eval_pclxl_end_image_1() -> Com_1(eval_pclxl_end_image_bb9_in()) with all transitions in problem 18, the following new transition is obtained:
	eval_pclxl_end_image_1() -> Com_1(eval_pclxl_end_image_stop())
We thus obtain the following problem:
19:	T:
		(1, 5)     eval_pclxl_end_image_1() -> Com_1(eval_pclxl_end_image_stop())
		(10, 5)    eval_pclxl_end_image_26() -> Com_1(eval_pclxl_end_image_stop())
		(?, 1)     eval_pclxl_end_image_19() -> Com_1(eval_pclxl_end_image_bb5_in())
		(10, 5)    eval_pclxl_end_image_bb5_in() -> Com_2(eval_pclxl_write_end_image_start(), eval_pclxl_end_image_26())
		(?, 2)     eval_pclxl_end_image_bb5_in() -> Com_2(eval_pclxl_write_image_data_start(), eval_pclxl_end_image_19())
		(1, 1)     eval_pclxl_end_image_12() -> Com_1(eval_pclxl_end_image_bb5_in())
		(10, 4)    eval_pclxl_end_image_bb9_in() -> Com_1(eval_pclxl_end_image_stop())
		(10, 1)    eval_pclxl_end_image_bb10_in() -> Com_1(eval_pclxl_end_image_stop())
		(1, 1)     eval_pclxl_end_image_11() -> Com_2(eval_llvm.memset.p0i8.i64_start(), eval_pclxl_end_image_12())
		(1, 1)     eval_pclxl_end_image_9() -> Com_1(eval_pclxl_end_image_bb10_in())
		(1, 1)     eval_pclxl_end_image_9() -> Com_1(eval_pclxl_end_image_11())
		(10, 1)    eval_pclxl_end_image_25() -> Com_2(eval_pclxl_write_end_image_start(), eval_pclxl_end_image_26())
		(1, 1)     eval_pclxl_end_image_0() -> Com_2(eval_gx_default_end_image_start(), eval_pclxl_end_image_1())
		(1, 1)     eval_pclxl_end_image_8() -> Com_1(eval_pclxl_end_image_9())
		(10, 1)    eval_pclxl_end_image_bb8_in() -> Com_1(eval_pclxl_end_image_25())
		(1, 1)     eval_pclxl_end_image_bb0_in() -> Com_1(eval_pclxl_end_image_0())
		(1, 1)     eval_pclxl_end_image_bb0_in() -> Com_1(eval_pclxl_end_image_8())
		(1, 1)     eval_pclxl_end_image_bb0_in() -> Com_1(eval_pclxl_end_image_bb8_in())
		(1, 1)     eval_pclxl_end_image_start() -> Com_1(eval_pclxl_end_image_bb0_in())
	start location:	eval_pclxl_end_image_start
	leaf cost:	0

Testing for reachability in the complexity graph removes the following transition from problem 19:
	eval_pclxl_end_image_bb9_in() -> Com_1(eval_pclxl_end_image_stop())
We thus obtain the following problem:
20:	T:
		(?, 1)     eval_pclxl_end_image_19() -> Com_1(eval_pclxl_end_image_bb5_in())
		(10, 5)    eval_pclxl_end_image_bb5_in() -> Com_2(eval_pclxl_write_end_image_start(), eval_pclxl_end_image_26())
		(?, 2)     eval_pclxl_end_image_bb5_in() -> Com_2(eval_pclxl_write_image_data_start(), eval_pclxl_end_image_19())
		(1, 1)     eval_pclxl_end_image_12() -> Com_1(eval_pclxl_end_image_bb5_in())
		(10, 1)    eval_pclxl_end_image_bb10_in() -> Com_1(eval_pclxl_end_image_stop())
		(1, 1)     eval_pclxl_end_image_11() -> Com_2(eval_llvm.memset.p0i8.i64_start(), eval_pclxl_end_image_12())
		(10, 5)    eval_pclxl_end_image_26() -> Com_1(eval_pclxl_end_image_stop())
		(1, 5)     eval_pclxl_end_image_1() -> Com_1(eval_pclxl_end_image_stop())
		(1, 1)     eval_pclxl_end_image_9() -> Com_1(eval_pclxl_end_image_bb10_in())
		(1, 1)     eval_pclxl_end_image_9() -> Com_1(eval_pclxl_end_image_11())
		(10, 1)    eval_pclxl_end_image_25() -> Com_2(eval_pclxl_write_end_image_start(), eval_pclxl_end_image_26())
		(1, 1)     eval_pclxl_end_image_0() -> Com_2(eval_gx_default_end_image_start(), eval_pclxl_end_image_1())
		(1, 1)     eval_pclxl_end_image_8() -> Com_1(eval_pclxl_end_image_9())
		(10, 1)    eval_pclxl_end_image_bb8_in() -> Com_1(eval_pclxl_end_image_25())
		(1, 1)     eval_pclxl_end_image_bb0_in() -> Com_1(eval_pclxl_end_image_0())
		(1, 1)     eval_pclxl_end_image_bb0_in() -> Com_1(eval_pclxl_end_image_8())
		(1, 1)     eval_pclxl_end_image_bb0_in() -> Com_1(eval_pclxl_end_image_bb8_in())
		(1, 1)     eval_pclxl_end_image_start() -> Com_1(eval_pclxl_end_image_bb0_in())
	start location:	eval_pclxl_end_image_start
	leaf cost:	0

By chaining the transition eval_pclxl_end_image_9() -> Com_1(eval_pclxl_end_image_bb10_in()) with all transitions in problem 20, the following new transition is obtained:
	eval_pclxl_end_image_9() -> Com_1(eval_pclxl_end_image_stop())
We thus obtain the following problem:
21:	T:
		(1, 2)     eval_pclxl_end_image_9() -> Com_1(eval_pclxl_end_image_stop())
		(?, 1)     eval_pclxl_end_image_19() -> Com_1(eval_pclxl_end_image_bb5_in())
		(10, 5)    eval_pclxl_end_image_bb5_in() -> Com_2(eval_pclxl_write_end_image_start(), eval_pclxl_end_image_26())
		(?, 2)     eval_pclxl_end_image_bb5_in() -> Com_2(eval_pclxl_write_image_data_start(), eval_pclxl_end_image_19())
		(1, 1)     eval_pclxl_end_image_12() -> Com_1(eval_pclxl_end_image_bb5_in())
		(10, 1)    eval_pclxl_end_image_bb10_in() -> Com_1(eval_pclxl_end_image_stop())
		(1, 1)     eval_pclxl_end_image_11() -> Com_2(eval_llvm.memset.p0i8.i64_start(), eval_pclxl_end_image_12())
		(10, 5)    eval_pclxl_end_image_26() -> Com_1(eval_pclxl_end_image_stop())
		(1, 5)     eval_pclxl_end_image_1() -> Com_1(eval_pclxl_end_image_stop())
		(1, 1)     eval_pclxl_end_image_9() -> Com_1(eval_pclxl_end_image_11())
		(10, 1)    eval_pclxl_end_image_25() -> Com_2(eval_pclxl_write_end_image_start(), eval_pclxl_end_image_26())
		(1, 1)     eval_pclxl_end_image_0() -> Com_2(eval_gx_default_end_image_start(), eval_pclxl_end_image_1())
		(1, 1)     eval_pclxl_end_image_8() -> Com_1(eval_pclxl_end_image_9())
		(10, 1)    eval_pclxl_end_image_bb8_in() -> Com_1(eval_pclxl_end_image_25())
		(1, 1)     eval_pclxl_end_image_bb0_in() -> Com_1(eval_pclxl_end_image_0())
		(1, 1)     eval_pclxl_end_image_bb0_in() -> Com_1(eval_pclxl_end_image_8())
		(1, 1)     eval_pclxl_end_image_bb0_in() -> Com_1(eval_pclxl_end_image_bb8_in())
		(1, 1)     eval_pclxl_end_image_start() -> Com_1(eval_pclxl_end_image_bb0_in())
	start location:	eval_pclxl_end_image_start
	leaf cost:	0

Testing for reachability in the complexity graph removes the following transition from problem 21:
	eval_pclxl_end_image_bb10_in() -> Com_1(eval_pclxl_end_image_stop())
We thus obtain the following problem:
22:	T:
		(?, 1)     eval_pclxl_end_image_19() -> Com_1(eval_pclxl_end_image_bb5_in())
		(10, 5)    eval_pclxl_end_image_bb5_in() -> Com_2(eval_pclxl_write_end_image_start(), eval_pclxl_end_image_26())
		(?, 2)     eval_pclxl_end_image_bb5_in() -> Com_2(eval_pclxl_write_image_data_start(), eval_pclxl_end_image_19())
		(1, 1)     eval_pclxl_end_image_12() -> Com_1(eval_pclxl_end_image_bb5_in())
		(1, 1)     eval_pclxl_end_image_11() -> Com_2(eval_llvm.memset.p0i8.i64_start(), eval_pclxl_end_image_12())
		(10, 5)    eval_pclxl_end_image_26() -> Com_1(eval_pclxl_end_image_stop())
		(1, 5)     eval_pclxl_end_image_1() -> Com_1(eval_pclxl_end_image_stop())
		(1, 2)     eval_pclxl_end_image_9() -> Com_1(eval_pclxl_end_image_stop())
		(1, 1)     eval_pclxl_end_image_9() -> Com_1(eval_pclxl_end_image_11())
		(10, 1)    eval_pclxl_end_image_25() -> Com_2(eval_pclxl_write_end_image_start(), eval_pclxl_end_image_26())
		(1, 1)     eval_pclxl_end_image_0() -> Com_2(eval_gx_default_end_image_start(), eval_pclxl_end_image_1())
		(1, 1)     eval_pclxl_end_image_8() -> Com_1(eval_pclxl_end_image_9())
		(10, 1)    eval_pclxl_end_image_bb8_in() -> Com_1(eval_pclxl_end_image_25())
		(1, 1)     eval_pclxl_end_image_bb0_in() -> Com_1(eval_pclxl_end_image_0())
		(1, 1)     eval_pclxl_end_image_bb0_in() -> Com_1(eval_pclxl_end_image_8())
		(1, 1)     eval_pclxl_end_image_bb0_in() -> Com_1(eval_pclxl_end_image_bb8_in())
		(1, 1)     eval_pclxl_end_image_start() -> Com_1(eval_pclxl_end_image_bb0_in())
	start location:	eval_pclxl_end_image_start
	leaf cost:	0

By chaining the transition eval_pclxl_end_image_9() -> Com_1(eval_pclxl_end_image_11()) with all transitions in problem 22, the following new transition is obtained:
	eval_pclxl_end_image_9() -> Com_2(eval_llvm.memset.p0i8.i64_start(), eval_pclxl_end_image_12())
We thus obtain the following problem:
23:	T:
		(1, 2)     eval_pclxl_end_image_9() -> Com_2(eval_llvm.memset.p0i8.i64_start(), eval_pclxl_end_image_12())
		(?, 1)     eval_pclxl_end_image_19() -> Com_1(eval_pclxl_end_image_bb5_in())
		(10, 5)    eval_pclxl_end_image_bb5_in() -> Com_2(eval_pclxl_write_end_image_start(), eval_pclxl_end_image_26())
		(?, 2)     eval_pclxl_end_image_bb5_in() -> Com_2(eval_pclxl_write_image_data_start(), eval_pclxl_end_image_19())
		(1, 1)     eval_pclxl_end_image_12() -> Com_1(eval_pclxl_end_image_bb5_in())
		(1, 1)     eval_pclxl_end_image_11() -> Com_2(eval_llvm.memset.p0i8.i64_start(), eval_pclxl_end_image_12())
		(10, 5)    eval_pclxl_end_image_26() -> Com_1(eval_pclxl_end_image_stop())
		(1, 5)     eval_pclxl_end_image_1() -> Com_1(eval_pclxl_end_image_stop())
		(1, 2)     eval_pclxl_end_image_9() -> Com_1(eval_pclxl_end_image_stop())
		(10, 1)    eval_pclxl_end_image_25() -> Com_2(eval_pclxl_write_end_image_start(), eval_pclxl_end_image_26())
		(1, 1)     eval_pclxl_end_image_0() -> Com_2(eval_gx_default_end_image_start(), eval_pclxl_end_image_1())
		(1, 1)     eval_pclxl_end_image_8() -> Com_1(eval_pclxl_end_image_9())
		(10, 1)    eval_pclxl_end_image_bb8_in() -> Com_1(eval_pclxl_end_image_25())
		(1, 1)     eval_pclxl_end_image_bb0_in() -> Com_1(eval_pclxl_end_image_0())
		(1, 1)     eval_pclxl_end_image_bb0_in() -> Com_1(eval_pclxl_end_image_8())
		(1, 1)     eval_pclxl_end_image_bb0_in() -> Com_1(eval_pclxl_end_image_bb8_in())
		(1, 1)     eval_pclxl_end_image_start() -> Com_1(eval_pclxl_end_image_bb0_in())
	start location:	eval_pclxl_end_image_start
	leaf cost:	0

Testing for reachability in the complexity graph removes the following transition from problem 23:
	eval_pclxl_end_image_11() -> Com_2(eval_llvm.memset.p0i8.i64_start(), eval_pclxl_end_image_12())
We thus obtain the following problem:
24:	T:
		(?, 1)     eval_pclxl_end_image_19() -> Com_1(eval_pclxl_end_image_bb5_in())
		(10, 5)    eval_pclxl_end_image_bb5_in() -> Com_2(eval_pclxl_write_end_image_start(), eval_pclxl_end_image_26())
		(?, 2)     eval_pclxl_end_image_bb5_in() -> Com_2(eval_pclxl_write_image_data_start(), eval_pclxl_end_image_19())
		(1, 1)     eval_pclxl_end_image_12() -> Com_1(eval_pclxl_end_image_bb5_in())
		(10, 5)    eval_pclxl_end_image_26() -> Com_1(eval_pclxl_end_image_stop())
		(1, 5)     eval_pclxl_end_image_1() -> Com_1(eval_pclxl_end_image_stop())
		(1, 2)     eval_pclxl_end_image_9() -> Com_2(eval_llvm.memset.p0i8.i64_start(), eval_pclxl_end_image_12())
		(1, 2)     eval_pclxl_end_image_9() -> Com_1(eval_pclxl_end_image_stop())
		(10, 1)    eval_pclxl_end_image_25() -> Com_2(eval_pclxl_write_end_image_start(), eval_pclxl_end_image_26())
		(1, 1)     eval_pclxl_end_image_0() -> Com_2(eval_gx_default_end_image_start(), eval_pclxl_end_image_1())
		(1, 1)     eval_pclxl_end_image_8() -> Com_1(eval_pclxl_end_image_9())
		(10, 1)    eval_pclxl_end_image_bb8_in() -> Com_1(eval_pclxl_end_image_25())
		(1, 1)     eval_pclxl_end_image_bb0_in() -> Com_1(eval_pclxl_end_image_0())
		(1, 1)     eval_pclxl_end_image_bb0_in() -> Com_1(eval_pclxl_end_image_8())
		(1, 1)     eval_pclxl_end_image_bb0_in() -> Com_1(eval_pclxl_end_image_bb8_in())
		(1, 1)     eval_pclxl_end_image_start() -> Com_1(eval_pclxl_end_image_bb0_in())
	start location:	eval_pclxl_end_image_start
	leaf cost:	0

By chaining the transition eval_pclxl_end_image_bb8_in() -> Com_1(eval_pclxl_end_image_25()) with all transitions in problem 24, the following new transition is obtained:
	eval_pclxl_end_image_bb8_in() -> Com_2(eval_pclxl_write_end_image_start(), eval_pclxl_end_image_26())
We thus obtain the following problem:
25:	T:
		(10, 2)    eval_pclxl_end_image_bb8_in() -> Com_2(eval_pclxl_write_end_image_start(), eval_pclxl_end_image_26())
		(?, 1)     eval_pclxl_end_image_19() -> Com_1(eval_pclxl_end_image_bb5_in())
		(10, 5)    eval_pclxl_end_image_bb5_in() -> Com_2(eval_pclxl_write_end_image_start(), eval_pclxl_end_image_26())
		(?, 2)     eval_pclxl_end_image_bb5_in() -> Com_2(eval_pclxl_write_image_data_start(), eval_pclxl_end_image_19())
		(1, 1)     eval_pclxl_end_image_12() -> Com_1(eval_pclxl_end_image_bb5_in())
		(10, 5)    eval_pclxl_end_image_26() -> Com_1(eval_pclxl_end_image_stop())
		(1, 5)     eval_pclxl_end_image_1() -> Com_1(eval_pclxl_end_image_stop())
		(1, 2)     eval_pclxl_end_image_9() -> Com_2(eval_llvm.memset.p0i8.i64_start(), eval_pclxl_end_image_12())
		(1, 2)     eval_pclxl_end_image_9() -> Com_1(eval_pclxl_end_image_stop())
		(10, 1)    eval_pclxl_end_image_25() -> Com_2(eval_pclxl_write_end_image_start(), eval_pclxl_end_image_26())
		(1, 1)     eval_pclxl_end_image_0() -> Com_2(eval_gx_default_end_image_start(), eval_pclxl_end_image_1())
		(1, 1)     eval_pclxl_end_image_8() -> Com_1(eval_pclxl_end_image_9())
		(1, 1)     eval_pclxl_end_image_bb0_in() -> Com_1(eval_pclxl_end_image_0())
		(1, 1)     eval_pclxl_end_image_bb0_in() -> Com_1(eval_pclxl_end_image_8())
		(1, 1)     eval_pclxl_end_image_bb0_in() -> Com_1(eval_pclxl_end_image_bb8_in())
		(1, 1)     eval_pclxl_end_image_start() -> Com_1(eval_pclxl_end_image_bb0_in())
	start location:	eval_pclxl_end_image_start
	leaf cost:	0

Testing for reachability in the complexity graph removes the following transition from problem 25:
	eval_pclxl_end_image_25() -> Com_2(eval_pclxl_write_end_image_start(), eval_pclxl_end_image_26())
We thus obtain the following problem:
26:	T:
		(?, 1)     eval_pclxl_end_image_19() -> Com_1(eval_pclxl_end_image_bb5_in())
		(10, 5)    eval_pclxl_end_image_bb5_in() -> Com_2(eval_pclxl_write_end_image_start(), eval_pclxl_end_image_26())
		(?, 2)     eval_pclxl_end_image_bb5_in() -> Com_2(eval_pclxl_write_image_data_start(), eval_pclxl_end_image_19())
		(1, 1)     eval_pclxl_end_image_12() -> Com_1(eval_pclxl_end_image_bb5_in())
		(10, 5)    eval_pclxl_end_image_26() -> Com_1(eval_pclxl_end_image_stop())
		(1, 5)     eval_pclxl_end_image_1() -> Com_1(eval_pclxl_end_image_stop())
		(1, 2)     eval_pclxl_end_image_9() -> Com_2(eval_llvm.memset.p0i8.i64_start(), eval_pclxl_end_image_12())
		(1, 2)     eval_pclxl_end_image_9() -> Com_1(eval_pclxl_end_image_stop())
		(1, 1)     eval_pclxl_end_image_0() -> Com_2(eval_gx_default_end_image_start(), eval_pclxl_end_image_1())
		(1, 1)     eval_pclxl_end_image_8() -> Com_1(eval_pclxl_end_image_9())
		(10, 2)    eval_pclxl_end_image_bb8_in() -> Com_2(eval_pclxl_write_end_image_start(), eval_pclxl_end_image_26())
		(1, 1)     eval_pclxl_end_image_bb0_in() -> Com_1(eval_pclxl_end_image_0())
		(1, 1)     eval_pclxl_end_image_bb0_in() -> Com_1(eval_pclxl_end_image_8())
		(1, 1)     eval_pclxl_end_image_bb0_in() -> Com_1(eval_pclxl_end_image_bb8_in())
		(1, 1)     eval_pclxl_end_image_start() -> Com_1(eval_pclxl_end_image_bb0_in())
	start location:	eval_pclxl_end_image_start
	leaf cost:	0

By chaining the transition eval_pclxl_end_image_bb0_in() -> Com_1(eval_pclxl_end_image_0()) with all transitions in problem 26, the following new transition is obtained:
	eval_pclxl_end_image_bb0_in() -> Com_2(eval_gx_default_end_image_start(), eval_pclxl_end_image_1())
We thus obtain the following problem:
27:	T:
		(1, 2)     eval_pclxl_end_image_bb0_in() -> Com_2(eval_gx_default_end_image_start(), eval_pclxl_end_image_1())
		(?, 1)     eval_pclxl_end_image_19() -> Com_1(eval_pclxl_end_image_bb5_in())
		(10, 5)    eval_pclxl_end_image_bb5_in() -> Com_2(eval_pclxl_write_end_image_start(), eval_pclxl_end_image_26())
		(?, 2)     eval_pclxl_end_image_bb5_in() -> Com_2(eval_pclxl_write_image_data_start(), eval_pclxl_end_image_19())
		(1, 1)     eval_pclxl_end_image_12() -> Com_1(eval_pclxl_end_image_bb5_in())
		(10, 5)    eval_pclxl_end_image_26() -> Com_1(eval_pclxl_end_image_stop())
		(1, 5)     eval_pclxl_end_image_1() -> Com_1(eval_pclxl_end_image_stop())
		(1, 2)     eval_pclxl_end_image_9() -> Com_2(eval_llvm.memset.p0i8.i64_start(), eval_pclxl_end_image_12())
		(1, 2)     eval_pclxl_end_image_9() -> Com_1(eval_pclxl_end_image_stop())
		(1, 1)     eval_pclxl_end_image_0() -> Com_2(eval_gx_default_end_image_start(), eval_pclxl_end_image_1())
		(1, 1)     eval_pclxl_end_image_8() -> Com_1(eval_pclxl_end_image_9())
		(10, 2)    eval_pclxl_end_image_bb8_in() -> Com_2(eval_pclxl_write_end_image_start(), eval_pclxl_end_image_26())
		(1, 1)     eval_pclxl_end_image_bb0_in() -> Com_1(eval_pclxl_end_image_8())
		(1, 1)     eval_pclxl_end_image_bb0_in() -> Com_1(eval_pclxl_end_image_bb8_in())
		(1, 1)     eval_pclxl_end_image_start() -> Com_1(eval_pclxl_end_image_bb0_in())
	start location:	eval_pclxl_end_image_start
	leaf cost:	0

Testing for reachability in the complexity graph removes the following transition from problem 27:
	eval_pclxl_end_image_0() -> Com_2(eval_gx_default_end_image_start(), eval_pclxl_end_image_1())
We thus obtain the following problem:
28:	T:
		(?, 1)     eval_pclxl_end_image_19() -> Com_1(eval_pclxl_end_image_bb5_in())
		(10, 5)    eval_pclxl_end_image_bb5_in() -> Com_2(eval_pclxl_write_end_image_start(), eval_pclxl_end_image_26())
		(?, 2)     eval_pclxl_end_image_bb5_in() -> Com_2(eval_pclxl_write_image_data_start(), eval_pclxl_end_image_19())
		(1, 1)     eval_pclxl_end_image_12() -> Com_1(eval_pclxl_end_image_bb5_in())
		(10, 5)    eval_pclxl_end_image_26() -> Com_1(eval_pclxl_end_image_stop())
		(1, 2)     eval_pclxl_end_image_9() -> Com_2(eval_llvm.memset.p0i8.i64_start(), eval_pclxl_end_image_12())
		(1, 2)     eval_pclxl_end_image_9() -> Com_1(eval_pclxl_end_image_stop())
		(1, 5)     eval_pclxl_end_image_1() -> Com_1(eval_pclxl_end_image_stop())
		(1, 1)     eval_pclxl_end_image_8() -> Com_1(eval_pclxl_end_image_9())
		(10, 2)    eval_pclxl_end_image_bb8_in() -> Com_2(eval_pclxl_write_end_image_start(), eval_pclxl_end_image_26())
		(1, 2)     eval_pclxl_end_image_bb0_in() -> Com_2(eval_gx_default_end_image_start(), eval_pclxl_end_image_1())
		(1, 1)     eval_pclxl_end_image_bb0_in() -> Com_1(eval_pclxl_end_image_8())
		(1, 1)     eval_pclxl_end_image_bb0_in() -> Com_1(eval_pclxl_end_image_bb8_in())
		(1, 1)     eval_pclxl_end_image_start() -> Com_1(eval_pclxl_end_image_bb0_in())
	start location:	eval_pclxl_end_image_start
	leaf cost:	0

By chaining the transition eval_pclxl_end_image_bb0_in() -> Com_1(eval_pclxl_end_image_8()) with all transitions in problem 28, the following new transition is obtained:
	eval_pclxl_end_image_bb0_in() -> Com_1(eval_pclxl_end_image_9())
We thus obtain the following problem:
29:	T:
		(1, 2)     eval_pclxl_end_image_bb0_in() -> Com_1(eval_pclxl_end_image_9())
		(?, 1)     eval_pclxl_end_image_19() -> Com_1(eval_pclxl_end_image_bb5_in())
		(10, 5)    eval_pclxl_end_image_bb5_in() -> Com_2(eval_pclxl_write_end_image_start(), eval_pclxl_end_image_26())
		(?, 2)     eval_pclxl_end_image_bb5_in() -> Com_2(eval_pclxl_write_image_data_start(), eval_pclxl_end_image_19())
		(1, 1)     eval_pclxl_end_image_12() -> Com_1(eval_pclxl_end_image_bb5_in())
		(10, 5)    eval_pclxl_end_image_26() -> Com_1(eval_pclxl_end_image_stop())
		(1, 2)     eval_pclxl_end_image_9() -> Com_2(eval_llvm.memset.p0i8.i64_start(), eval_pclxl_end_image_12())
		(1, 2)     eval_pclxl_end_image_9() -> Com_1(eval_pclxl_end_image_stop())
		(1, 5)     eval_pclxl_end_image_1() -> Com_1(eval_pclxl_end_image_stop())
		(1, 1)     eval_pclxl_end_image_8() -> Com_1(eval_pclxl_end_image_9())
		(10, 2)    eval_pclxl_end_image_bb8_in() -> Com_2(eval_pclxl_write_end_image_start(), eval_pclxl_end_image_26())
		(1, 2)     eval_pclxl_end_image_bb0_in() -> Com_2(eval_gx_default_end_image_start(), eval_pclxl_end_image_1())
		(1, 1)     eval_pclxl_end_image_bb0_in() -> Com_1(eval_pclxl_end_image_bb8_in())
		(1, 1)     eval_pclxl_end_image_start() -> Com_1(eval_pclxl_end_image_bb0_in())
	start location:	eval_pclxl_end_image_start
	leaf cost:	0

Testing for reachability in the complexity graph removes the following transition from problem 29:
	eval_pclxl_end_image_8() -> Com_1(eval_pclxl_end_image_9())
We thus obtain the following problem:
30:	T:
		(?, 1)     eval_pclxl_end_image_19() -> Com_1(eval_pclxl_end_image_bb5_in())
		(10, 5)    eval_pclxl_end_image_bb5_in() -> Com_2(eval_pclxl_write_end_image_start(), eval_pclxl_end_image_26())
		(?, 2)     eval_pclxl_end_image_bb5_in() -> Com_2(eval_pclxl_write_image_data_start(), eval_pclxl_end_image_19())
		(10, 5)    eval_pclxl_end_image_26() -> Com_1(eval_pclxl_end_image_stop())
		(1, 1)     eval_pclxl_end_image_12() -> Com_1(eval_pclxl_end_image_bb5_in())
		(1, 2)     eval_pclxl_end_image_9() -> Com_2(eval_llvm.memset.p0i8.i64_start(), eval_pclxl_end_image_12())
		(1, 2)     eval_pclxl_end_image_9() -> Com_1(eval_pclxl_end_image_stop())
		(1, 5)     eval_pclxl_end_image_1() -> Com_1(eval_pclxl_end_image_stop())
		(10, 2)    eval_pclxl_end_image_bb8_in() -> Com_2(eval_pclxl_write_end_image_start(), eval_pclxl_end_image_26())
		(1, 2)     eval_pclxl_end_image_bb0_in() -> Com_1(eval_pclxl_end_image_9())
		(1, 2)     eval_pclxl_end_image_bb0_in() -> Com_2(eval_gx_default_end_image_start(), eval_pclxl_end_image_1())
		(1, 1)     eval_pclxl_end_image_bb0_in() -> Com_1(eval_pclxl_end_image_bb8_in())
		(1, 1)     eval_pclxl_end_image_start() -> Com_1(eval_pclxl_end_image_bb0_in())
	start location:	eval_pclxl_end_image_start
	leaf cost:	0

Complexity upper bound ?

Time: 0.144 sec (SMT: 0.122 sec)
