YES(?, 360*v_range + 30*v_keyLength + 80)

Initial complexity problem:
1:	T:
		(1, 1)    eval_lookup_start(v_0, v_15, v_9, v_index.0, v_index.1, v_keyLength, v_range) -> Com_1(eval_lookup_bb0_in(v_0, v_15, v_9, v_index.0, v_index.1, v_keyLength, v_range))
		(?, 1)    eval_lookup_bb0_in(v_0, v_15, v_9, v_index.0, v_index.1, v_keyLength, v_range) -> Com_1(eval_lookup_1(v_keyLength, v_15, v_9, v_index.0, v_index.1, v_keyLength, v_range))
		(?, 1)    eval_lookup_1(v_0, v_15, v_9, v_index.0, v_index.1, v_keyLength, v_range) -> Com_2(eval_strncpy_start(v_0, v_15, v_9, v_index.0, v_index.1, v_keyLength, v_range), eval_lookup_2(v_0, v_15, v_9, v_index.0, v_index.1, v_keyLength, v_range))
		(?, 1)    eval_lookup_2(v_0, v_15, v_9, v_index.0, v_index.1, v_keyLength, v_range) -> Com_1(eval_lookup_bb1_in(v_0, v_15, v_9, 0, v_index.1, v_keyLength, v_range))
		(?, 1)    eval_lookup_bb1_in(v_0, v_15, v_9, v_index.0, v_index.1, v_keyLength, v_range) -> Com_1(eval_lookup_8(v_0, v_15, nondef.0, v_index.0, v_index.1, v_keyLength, v_range)) [ v_index.0 < v_keyLength ]
		(?, 1)    eval_lookup_bb1_in(v_0, v_15, v_9, v_index.0, v_index.1, v_keyLength, v_range) -> Com_1(eval_lookup_bb4_in(v_0, v_keyLength, v_9, v_index.0, 0, v_keyLength, v_range)) [ v_index.0 >= v_keyLength ]
		(?, 1)    eval_lookup_8(v_0, v_15, v_9, v_index.0, v_index.1, v_keyLength, v_range) -> Com_2(eval_to_upper_start(v_0, v_15, v_9, v_index.0, v_index.1, v_keyLength, v_range), eval_lookup_9(v_0, v_15, v_9, v_index.0, v_index.1, v_keyLength, v_range))
		(?, 1)    eval_lookup_9(v_0, v_15, v_9, v_index.0, v_index.1, v_keyLength, v_range) -> Com_1(eval_lookup_bb1_in(v_0, v_15, v_9, v_index.0 + 1, v_index.1, v_keyLength, v_range))
		(?, 1)    eval_lookup_bb4_in(v_0, v_15, v_9, v_index.0, v_index.1, v_keyLength, v_range) -> Com_1(eval_lookup_18(v_0, v_15, v_9, v_index.0, v_index.1, v_keyLength, v_range)) [ v_index.1 < v_range ]
		(?, 1)    eval_lookup_bb4_in(v_0, v_15, v_9, v_index.0, v_index.1, v_keyLength, v_range) -> Com_1(eval_lookup_27(v_0, v_15, v_9, v_index.0, v_index.1, v_keyLength, v_range)) [ v_index.1 >= v_range ]
		(?, 1)    eval_lookup_bb4_in(v_0, v_15, v_9, v_index.0, v_index.1, v_keyLength, v_range) -> Com_1(eval_lookup_NewDefault_in(v_0, v_15, v_9, v_index.0, v_index.1, v_keyLength, v_range)) [ v_index.1 >= v_range ]
		(?, 1)    eval_lookup_bb4_in(v_0, v_15, v_9, v_index.0, v_index.1, v_keyLength, v_range) -> Com_1(eval_lookup_bb12_in(v_0, v_15, v_9, v_index.0, v_index.1, v_keyLength, v_range)) [ v_index.1 >= v_range ]
		(?, 1)    eval_lookup_18(v_0, v_15, v_9, v_index.0, v_index.1, v_keyLength, v_range) -> Com_2(eval_strncmp_start(v_0, v_15, v_9, v_index.0, v_index.1, v_keyLength, v_range), eval_lookup_19(v_0, v_15, v_9, v_index.0, v_index.1, v_keyLength, v_range))
		(?, 1)    eval_lookup_19(v_0, v_15, v_9, v_index.0, v_index.1, v_keyLength, v_range) -> Com_1(eval_lookup_bb8_in(v_0, v_15, v_9, v_index.0, v_index.1, v_keyLength, v_range))
		(?, 1)    eval_lookup_19(v_0, v_15, v_9, v_index.0, v_index.1, v_keyLength, v_range) -> Com_1(eval_lookup_21(v_0, v_15, v_9, v_index.0, v_index.1, v_keyLength, v_range))
		(?, 1)    eval_lookup_21(v_0, v_15, v_9, v_index.0, v_index.1, v_keyLength, v_range) -> Com_2(eval_strlen_start(v_0, v_15, v_9, v_index.0, v_index.1, v_keyLength, v_range), eval_lookup_22(v_0, v_15, v_9, v_index.0, v_index.1, v_keyLength, v_range))
		(?, 1)    eval_lookup_22(v_0, v_15, v_9, v_index.0, v_index.1, v_keyLength, v_range) -> Com_1(eval_lookup_bb12_in(v_0, v_15, v_9, v_index.0, v_index.1, v_keyLength, v_range))
		(?, 1)    eval_lookup_22(v_0, v_15, v_9, v_index.0, v_index.1, v_keyLength, v_range) -> Com_1(eval_lookup_bb8_in(v_0, v_15, v_9, v_index.0, v_index.1, v_keyLength, v_range))
		(?, 1)    eval_lookup_bb8_in(v_0, v_15, v_9, v_index.0, v_index.1, v_keyLength, v_range) -> Com_1(eval_lookup_bb4_in(v_0, v_15, v_9, v_index.0, v_index.1 + 1, v_keyLength, v_range))
		(?, 1)    eval_lookup_27(v_0, v_15, v_9, v_index.0, v_index.1, v_keyLength, v_range) -> Com_2(eval_fprintf_start(v_0, v_15, v_9, v_index.0, v_index.1, v_keyLength, v_range), eval_lookup_28(v_0, v_15, v_9, v_index.0, v_index.1, v_keyLength, v_range))
		(?, 1)    eval_lookup_28(v_0, v_15, v_9, v_index.0, v_index.1, v_keyLength, v_range) -> Com_1(eval_lookup_bb12_in(v_0, v_15, v_9, v_index.0, v_index.1, v_keyLength, v_range))
		(?, 1)    eval_lookup_NewDefault_in(v_0, v_15, v_9, v_index.0, v_index.1, v_keyLength, v_range) -> Com_1(eval_lookup_29(v_0, v_15, v_9, v_index.0, v_index.1, v_keyLength, v_range))
		(?, 1)    eval_lookup_29(v_0, v_15, v_9, v_index.0, v_index.1, v_keyLength, v_range) -> Com_2(eval_fprintf_start(v_0, v_15, v_9, v_index.0, v_index.1, v_keyLength, v_range), eval_lookup_30(v_0, v_15, v_9, v_index.0, v_index.1, v_keyLength, v_range))
		(?, 1)    eval_lookup_30(v_0, v_15, v_9, v_index.0, v_index.1, v_keyLength, v_range) -> Com_1(eval_lookup_bb12_in(v_0, v_15, v_9, v_index.0, v_index.1, v_keyLength, v_range))
		(?, 1)    eval_lookup_bb12_in(v_0, v_15, v_9, v_index.0, v_index.1, v_keyLength, v_range) -> Com_1(eval_lookup_stop(v_0, v_15, v_9, v_index.0, v_index.1, v_keyLength, v_range))
	start location:	eval_lookup_start
	leaf cost:	0

Slicing away variables that do not contribute to conditions from problem 1 leaves variables [v_index.0, v_index.1, v_keyLength, v_range].
We thus obtain the following problem:
2:	T:
		(?, 1)    eval_lookup_bb12_in(v_index.0, v_index.1, v_keyLength, v_range) -> Com_1(eval_lookup_stop(v_index.0, v_index.1, v_keyLength, v_range))
		(?, 1)    eval_lookup_30(v_index.0, v_index.1, v_keyLength, v_range) -> Com_1(eval_lookup_bb12_in(v_index.0, v_index.1, v_keyLength, v_range))
		(?, 1)    eval_lookup_29(v_index.0, v_index.1, v_keyLength, v_range) -> Com_2(eval_fprintf_start(v_index.0, v_index.1, v_keyLength, v_range), eval_lookup_30(v_index.0, v_index.1, v_keyLength, v_range))
		(?, 1)    eval_lookup_NewDefault_in(v_index.0, v_index.1, v_keyLength, v_range) -> Com_1(eval_lookup_29(v_index.0, v_index.1, v_keyLength, v_range))
		(?, 1)    eval_lookup_28(v_index.0, v_index.1, v_keyLength, v_range) -> Com_1(eval_lookup_bb12_in(v_index.0, v_index.1, v_keyLength, v_range))
		(?, 1)    eval_lookup_27(v_index.0, v_index.1, v_keyLength, v_range) -> Com_2(eval_fprintf_start(v_index.0, v_index.1, v_keyLength, v_range), eval_lookup_28(v_index.0, v_index.1, v_keyLength, v_range))
		(?, 1)    eval_lookup_bb8_in(v_index.0, v_index.1, v_keyLength, v_range) -> Com_1(eval_lookup_bb4_in(v_index.0, v_index.1 + 1, v_keyLength, v_range))
		(?, 1)    eval_lookup_22(v_index.0, v_index.1, v_keyLength, v_range) -> Com_1(eval_lookup_bb8_in(v_index.0, v_index.1, v_keyLength, v_range))
		(?, 1)    eval_lookup_22(v_index.0, v_index.1, v_keyLength, v_range) -> Com_1(eval_lookup_bb12_in(v_index.0, v_index.1, v_keyLength, v_range))
		(?, 1)    eval_lookup_21(v_index.0, v_index.1, v_keyLength, v_range) -> Com_2(eval_strlen_start(v_index.0, v_index.1, v_keyLength, v_range), eval_lookup_22(v_index.0, v_index.1, v_keyLength, v_range))
		(?, 1)    eval_lookup_19(v_index.0, v_index.1, v_keyLength, v_range) -> Com_1(eval_lookup_21(v_index.0, v_index.1, v_keyLength, v_range))
		(?, 1)    eval_lookup_19(v_index.0, v_index.1, v_keyLength, v_range) -> Com_1(eval_lookup_bb8_in(v_index.0, v_index.1, v_keyLength, v_range))
		(?, 1)    eval_lookup_18(v_index.0, v_index.1, v_keyLength, v_range) -> Com_2(eval_strncmp_start(v_index.0, v_index.1, v_keyLength, v_range), eval_lookup_19(v_index.0, v_index.1, v_keyLength, v_range))
		(?, 1)    eval_lookup_bb4_in(v_index.0, v_index.1, v_keyLength, v_range) -> Com_1(eval_lookup_bb12_in(v_index.0, v_index.1, v_keyLength, v_range)) [ v_index.1 >= v_range ]
		(?, 1)    eval_lookup_bb4_in(v_index.0, v_index.1, v_keyLength, v_range) -> Com_1(eval_lookup_NewDefault_in(v_index.0, v_index.1, v_keyLength, v_range)) [ v_index.1 >= v_range ]
		(?, 1)    eval_lookup_bb4_in(v_index.0, v_index.1, v_keyLength, v_range) -> Com_1(eval_lookup_27(v_index.0, v_index.1, v_keyLength, v_range)) [ v_index.1 >= v_range ]
		(?, 1)    eval_lookup_bb4_in(v_index.0, v_index.1, v_keyLength, v_range) -> Com_1(eval_lookup_18(v_index.0, v_index.1, v_keyLength, v_range)) [ v_index.1 < v_range ]
		(?, 1)    eval_lookup_9(v_index.0, v_index.1, v_keyLength, v_range) -> Com_1(eval_lookup_bb1_in(v_index.0 + 1, v_index.1, v_keyLength, v_range))
		(?, 1)    eval_lookup_8(v_index.0, v_index.1, v_keyLength, v_range) -> Com_2(eval_to_upper_start(v_index.0, v_index.1, v_keyLength, v_range), eval_lookup_9(v_index.0, v_index.1, v_keyLength, v_range))
		(?, 1)    eval_lookup_bb1_in(v_index.0, v_index.1, v_keyLength, v_range) -> Com_1(eval_lookup_bb4_in(v_index.0, 0, v_keyLength, v_range)) [ v_index.0 >= v_keyLength ]
		(?, 1)    eval_lookup_bb1_in(v_index.0, v_index.1, v_keyLength, v_range) -> Com_1(eval_lookup_8(v_index.0, v_index.1, v_keyLength, v_range)) [ v_index.0 < v_keyLength ]
		(?, 1)    eval_lookup_2(v_index.0, v_index.1, v_keyLength, v_range) -> Com_1(eval_lookup_bb1_in(0, v_index.1, v_keyLength, v_range))
		(?, 1)    eval_lookup_1(v_index.0, v_index.1, v_keyLength, v_range) -> Com_2(eval_strncpy_start(v_index.0, v_index.1, v_keyLength, v_range), eval_lookup_2(v_index.0, v_index.1, v_keyLength, v_range))
		(?, 1)    eval_lookup_bb0_in(v_index.0, v_index.1, v_keyLength, v_range) -> Com_1(eval_lookup_1(v_index.0, v_index.1, v_keyLength, v_range))
		(1, 1)    eval_lookup_start(v_index.0, v_index.1, v_keyLength, v_range) -> Com_1(eval_lookup_bb0_in(v_index.0, v_index.1, v_keyLength, v_range))
	start location:	eval_lookup_start
	leaf cost:	0

Repeatedly propagating knowledge in problem 2 produces the following problem:
3:	T:
		(?, 1)    eval_lookup_bb12_in(v_index.0, v_index.1, v_keyLength, v_range) -> Com_1(eval_lookup_stop(v_index.0, v_index.1, v_keyLength, v_range))
		(?, 1)    eval_lookup_30(v_index.0, v_index.1, v_keyLength, v_range) -> Com_1(eval_lookup_bb12_in(v_index.0, v_index.1, v_keyLength, v_range))
		(?, 1)    eval_lookup_29(v_index.0, v_index.1, v_keyLength, v_range) -> Com_2(eval_fprintf_start(v_index.0, v_index.1, v_keyLength, v_range), eval_lookup_30(v_index.0, v_index.1, v_keyLength, v_range))
		(?, 1)    eval_lookup_NewDefault_in(v_index.0, v_index.1, v_keyLength, v_range) -> Com_1(eval_lookup_29(v_index.0, v_index.1, v_keyLength, v_range))
		(?, 1)    eval_lookup_28(v_index.0, v_index.1, v_keyLength, v_range) -> Com_1(eval_lookup_bb12_in(v_index.0, v_index.1, v_keyLength, v_range))
		(?, 1)    eval_lookup_27(v_index.0, v_index.1, v_keyLength, v_range) -> Com_2(eval_fprintf_start(v_index.0, v_index.1, v_keyLength, v_range), eval_lookup_28(v_index.0, v_index.1, v_keyLength, v_range))
		(?, 1)    eval_lookup_bb8_in(v_index.0, v_index.1, v_keyLength, v_range) -> Com_1(eval_lookup_bb4_in(v_index.0, v_index.1 + 1, v_keyLength, v_range))
		(?, 1)    eval_lookup_22(v_index.0, v_index.1, v_keyLength, v_range) -> Com_1(eval_lookup_bb8_in(v_index.0, v_index.1, v_keyLength, v_range))
		(?, 1)    eval_lookup_22(v_index.0, v_index.1, v_keyLength, v_range) -> Com_1(eval_lookup_bb12_in(v_index.0, v_index.1, v_keyLength, v_range))
		(?, 1)    eval_lookup_21(v_index.0, v_index.1, v_keyLength, v_range) -> Com_2(eval_strlen_start(v_index.0, v_index.1, v_keyLength, v_range), eval_lookup_22(v_index.0, v_index.1, v_keyLength, v_range))
		(?, 1)    eval_lookup_19(v_index.0, v_index.1, v_keyLength, v_range) -> Com_1(eval_lookup_21(v_index.0, v_index.1, v_keyLength, v_range))
		(?, 1)    eval_lookup_19(v_index.0, v_index.1, v_keyLength, v_range) -> Com_1(eval_lookup_bb8_in(v_index.0, v_index.1, v_keyLength, v_range))
		(?, 1)    eval_lookup_18(v_index.0, v_index.1, v_keyLength, v_range) -> Com_2(eval_strncmp_start(v_index.0, v_index.1, v_keyLength, v_range), eval_lookup_19(v_index.0, v_index.1, v_keyLength, v_range))
		(?, 1)    eval_lookup_bb4_in(v_index.0, v_index.1, v_keyLength, v_range) -> Com_1(eval_lookup_bb12_in(v_index.0, v_index.1, v_keyLength, v_range)) [ v_index.1 >= v_range ]
		(?, 1)    eval_lookup_bb4_in(v_index.0, v_index.1, v_keyLength, v_range) -> Com_1(eval_lookup_NewDefault_in(v_index.0, v_index.1, v_keyLength, v_range)) [ v_index.1 >= v_range ]
		(?, 1)    eval_lookup_bb4_in(v_index.0, v_index.1, v_keyLength, v_range) -> Com_1(eval_lookup_27(v_index.0, v_index.1, v_keyLength, v_range)) [ v_index.1 >= v_range ]
		(?, 1)    eval_lookup_bb4_in(v_index.0, v_index.1, v_keyLength, v_range) -> Com_1(eval_lookup_18(v_index.0, v_index.1, v_keyLength, v_range)) [ v_index.1 < v_range ]
		(?, 1)    eval_lookup_9(v_index.0, v_index.1, v_keyLength, v_range) -> Com_1(eval_lookup_bb1_in(v_index.0 + 1, v_index.1, v_keyLength, v_range))
		(?, 1)    eval_lookup_8(v_index.0, v_index.1, v_keyLength, v_range) -> Com_2(eval_to_upper_start(v_index.0, v_index.1, v_keyLength, v_range), eval_lookup_9(v_index.0, v_index.1, v_keyLength, v_range))
		(?, 1)    eval_lookup_bb1_in(v_index.0, v_index.1, v_keyLength, v_range) -> Com_1(eval_lookup_bb4_in(v_index.0, 0, v_keyLength, v_range)) [ v_index.0 >= v_keyLength ]
		(?, 1)    eval_lookup_bb1_in(v_index.0, v_index.1, v_keyLength, v_range) -> Com_1(eval_lookup_8(v_index.0, v_index.1, v_keyLength, v_range)) [ v_index.0 < v_keyLength ]
		(1, 1)    eval_lookup_2(v_index.0, v_index.1, v_keyLength, v_range) -> Com_1(eval_lookup_bb1_in(0, v_index.1, v_keyLength, v_range))
		(1, 1)    eval_lookup_1(v_index.0, v_index.1, v_keyLength, v_range) -> Com_2(eval_strncpy_start(v_index.0, v_index.1, v_keyLength, v_range), eval_lookup_2(v_index.0, v_index.1, v_keyLength, v_range))
		(1, 1)    eval_lookup_bb0_in(v_index.0, v_index.1, v_keyLength, v_range) -> Com_1(eval_lookup_1(v_index.0, v_index.1, v_keyLength, v_range))
		(1, 1)    eval_lookup_start(v_index.0, v_index.1, v_keyLength, v_range) -> Com_1(eval_lookup_bb0_in(v_index.0, v_index.1, v_keyLength, v_range))
	start location:	eval_lookup_start
	leaf cost:	0

A polynomial rank function with
	Pol(eval_lookup_bb12_in) = 1
	Pol(eval_lookup_stop) = 0
	Pol(eval_lookup_30) = 2
	Pol(eval_lookup_29) = 3
	Pol(eval_fprintf_start) = 0
	Pol(eval_lookup_NewDefault_in) = 4
	Pol(eval_lookup_28) = 2
	Pol(eval_lookup_27) = 3
	Pol(eval_lookup_bb8_in) = 5
	Pol(eval_lookup_bb4_in) = 5
	Pol(eval_lookup_22) = 5
	Pol(eval_lookup_21) = 5
	Pol(eval_strlen_start) = 0
	Pol(eval_lookup_19) = 5
	Pol(eval_lookup_18) = 5
	Pol(eval_strncmp_start) = 0
	Pol(eval_lookup_9) = 6
	Pol(eval_lookup_bb1_in) = 6
	Pol(eval_lookup_8) = 6
	Pol(eval_to_upper_start) = 0
	Pol(eval_lookup_2) = 6
	Pol(eval_lookup_1) = 6
	Pol(eval_strncpy_start) = 0
	Pol(eval_lookup_bb0_in) = 6
	Pol(eval_lookup_start) = 6
orients all transitions weakly and the transitions
	eval_lookup_bb4_in(v_index.0, v_index.1, v_keyLength, v_range) -> Com_1(eval_lookup_bb12_in(v_index.0, v_index.1, v_keyLength, v_range)) [ v_index.1 >= v_range ]
	eval_lookup_bb4_in(v_index.0, v_index.1, v_keyLength, v_range) -> Com_1(eval_lookup_NewDefault_in(v_index.0, v_index.1, v_keyLength, v_range)) [ v_index.1 >= v_range ]
	eval_lookup_bb4_in(v_index.0, v_index.1, v_keyLength, v_range) -> Com_1(eval_lookup_27(v_index.0, v_index.1, v_keyLength, v_range)) [ v_index.1 >= v_range ]
	eval_lookup_bb1_in(v_index.0, v_index.1, v_keyLength, v_range) -> Com_1(eval_lookup_bb4_in(v_index.0, 0, v_keyLength, v_range)) [ v_index.0 >= v_keyLength ]
	eval_lookup_bb12_in(v_index.0, v_index.1, v_keyLength, v_range) -> Com_1(eval_lookup_stop(v_index.0, v_index.1, v_keyLength, v_range))
	eval_lookup_NewDefault_in(v_index.0, v_index.1, v_keyLength, v_range) -> Com_1(eval_lookup_29(v_index.0, v_index.1, v_keyLength, v_range))
	eval_lookup_30(v_index.0, v_index.1, v_keyLength, v_range) -> Com_1(eval_lookup_bb12_in(v_index.0, v_index.1, v_keyLength, v_range))
	eval_lookup_29(v_index.0, v_index.1, v_keyLength, v_range) -> Com_2(eval_fprintf_start(v_index.0, v_index.1, v_keyLength, v_range), eval_lookup_30(v_index.0, v_index.1, v_keyLength, v_range))
	eval_lookup_28(v_index.0, v_index.1, v_keyLength, v_range) -> Com_1(eval_lookup_bb12_in(v_index.0, v_index.1, v_keyLength, v_range))
	eval_lookup_27(v_index.0, v_index.1, v_keyLength, v_range) -> Com_2(eval_fprintf_start(v_index.0, v_index.1, v_keyLength, v_range), eval_lookup_28(v_index.0, v_index.1, v_keyLength, v_range))
	eval_lookup_22(v_index.0, v_index.1, v_keyLength, v_range) -> Com_1(eval_lookup_bb12_in(v_index.0, v_index.1, v_keyLength, v_range))
strictly and produces the following problem:
4:	T:
		(6, 1)    eval_lookup_bb12_in(v_index.0, v_index.1, v_keyLength, v_range) -> Com_1(eval_lookup_stop(v_index.0, v_index.1, v_keyLength, v_range))
		(6, 1)    eval_lookup_30(v_index.0, v_index.1, v_keyLength, v_range) -> Com_1(eval_lookup_bb12_in(v_index.0, v_index.1, v_keyLength, v_range))
		(6, 1)    eval_lookup_29(v_index.0, v_index.1, v_keyLength, v_range) -> Com_2(eval_fprintf_start(v_index.0, v_index.1, v_keyLength, v_range), eval_lookup_30(v_index.0, v_index.1, v_keyLength, v_range))
		(6, 1)    eval_lookup_NewDefault_in(v_index.0, v_index.1, v_keyLength, v_range) -> Com_1(eval_lookup_29(v_index.0, v_index.1, v_keyLength, v_range))
		(6, 1)    eval_lookup_28(v_index.0, v_index.1, v_keyLength, v_range) -> Com_1(eval_lookup_bb12_in(v_index.0, v_index.1, v_keyLength, v_range))
		(6, 1)    eval_lookup_27(v_index.0, v_index.1, v_keyLength, v_range) -> Com_2(eval_fprintf_start(v_index.0, v_index.1, v_keyLength, v_range), eval_lookup_28(v_index.0, v_index.1, v_keyLength, v_range))
		(?, 1)    eval_lookup_bb8_in(v_index.0, v_index.1, v_keyLength, v_range) -> Com_1(eval_lookup_bb4_in(v_index.0, v_index.1 + 1, v_keyLength, v_range))
		(?, 1)    eval_lookup_22(v_index.0, v_index.1, v_keyLength, v_range) -> Com_1(eval_lookup_bb8_in(v_index.0, v_index.1, v_keyLength, v_range))
		(6, 1)    eval_lookup_22(v_index.0, v_index.1, v_keyLength, v_range) -> Com_1(eval_lookup_bb12_in(v_index.0, v_index.1, v_keyLength, v_range))
		(?, 1)    eval_lookup_21(v_index.0, v_index.1, v_keyLength, v_range) -> Com_2(eval_strlen_start(v_index.0, v_index.1, v_keyLength, v_range), eval_lookup_22(v_index.0, v_index.1, v_keyLength, v_range))
		(?, 1)    eval_lookup_19(v_index.0, v_index.1, v_keyLength, v_range) -> Com_1(eval_lookup_21(v_index.0, v_index.1, v_keyLength, v_range))
		(?, 1)    eval_lookup_19(v_index.0, v_index.1, v_keyLength, v_range) -> Com_1(eval_lookup_bb8_in(v_index.0, v_index.1, v_keyLength, v_range))
		(?, 1)    eval_lookup_18(v_index.0, v_index.1, v_keyLength, v_range) -> Com_2(eval_strncmp_start(v_index.0, v_index.1, v_keyLength, v_range), eval_lookup_19(v_index.0, v_index.1, v_keyLength, v_range))
		(6, 1)    eval_lookup_bb4_in(v_index.0, v_index.1, v_keyLength, v_range) -> Com_1(eval_lookup_bb12_in(v_index.0, v_index.1, v_keyLength, v_range)) [ v_index.1 >= v_range ]
		(6, 1)    eval_lookup_bb4_in(v_index.0, v_index.1, v_keyLength, v_range) -> Com_1(eval_lookup_NewDefault_in(v_index.0, v_index.1, v_keyLength, v_range)) [ v_index.1 >= v_range ]
		(6, 1)    eval_lookup_bb4_in(v_index.0, v_index.1, v_keyLength, v_range) -> Com_1(eval_lookup_27(v_index.0, v_index.1, v_keyLength, v_range)) [ v_index.1 >= v_range ]
		(?, 1)    eval_lookup_bb4_in(v_index.0, v_index.1, v_keyLength, v_range) -> Com_1(eval_lookup_18(v_index.0, v_index.1, v_keyLength, v_range)) [ v_index.1 < v_range ]
		(?, 1)    eval_lookup_9(v_index.0, v_index.1, v_keyLength, v_range) -> Com_1(eval_lookup_bb1_in(v_index.0 + 1, v_index.1, v_keyLength, v_range))
		(?, 1)    eval_lookup_8(v_index.0, v_index.1, v_keyLength, v_range) -> Com_2(eval_to_upper_start(v_index.0, v_index.1, v_keyLength, v_range), eval_lookup_9(v_index.0, v_index.1, v_keyLength, v_range))
		(6, 1)    eval_lookup_bb1_in(v_index.0, v_index.1, v_keyLength, v_range) -> Com_1(eval_lookup_bb4_in(v_index.0, 0, v_keyLength, v_range)) [ v_index.0 >= v_keyLength ]
		(?, 1)    eval_lookup_bb1_in(v_index.0, v_index.1, v_keyLength, v_range) -> Com_1(eval_lookup_8(v_index.0, v_index.1, v_keyLength, v_range)) [ v_index.0 < v_keyLength ]
		(1, 1)    eval_lookup_2(v_index.0, v_index.1, v_keyLength, v_range) -> Com_1(eval_lookup_bb1_in(0, v_index.1, v_keyLength, v_range))
		(1, 1)    eval_lookup_1(v_index.0, v_index.1, v_keyLength, v_range) -> Com_2(eval_strncpy_start(v_index.0, v_index.1, v_keyLength, v_range), eval_lookup_2(v_index.0, v_index.1, v_keyLength, v_range))
		(1, 1)    eval_lookup_bb0_in(v_index.0, v_index.1, v_keyLength, v_range) -> Com_1(eval_lookup_1(v_index.0, v_index.1, v_keyLength, v_range))
		(1, 1)    eval_lookup_start(v_index.0, v_index.1, v_keyLength, v_range) -> Com_1(eval_lookup_bb0_in(v_index.0, v_index.1, v_keyLength, v_range))
	start location:	eval_lookup_start
	leaf cost:	0

Applied AI with 'oct' on problem 4 to obtain the following invariants:
  For symbol eval_lookup_18: X_4 - 1 >= 0 /\ X_2 + X_4 - 1 >= 0 /\ -X_2 + X_4 - 1 >= 0 /\ X_1 + X_4 - 1 >= 0 /\ X_1 - X_3 >= 0 /\ X_2 >= 0 /\ X_1 + X_2 >= 0 /\ X_1 >= 0
  For symbol eval_lookup_19: X_4 - 1 >= 0 /\ X_2 + X_4 - 1 >= 0 /\ -X_2 + X_4 - 1 >= 0 /\ X_1 + X_4 - 1 >= 0 /\ X_1 - X_3 >= 0 /\ X_2 >= 0 /\ X_1 + X_2 >= 0 /\ X_1 >= 0
  For symbol eval_lookup_21: X_4 - 1 >= 0 /\ X_2 + X_4 - 1 >= 0 /\ -X_2 + X_4 - 1 >= 0 /\ X_1 + X_4 - 1 >= 0 /\ X_1 - X_3 >= 0 /\ X_2 >= 0 /\ X_1 + X_2 >= 0 /\ X_1 >= 0
  For symbol eval_lookup_22: X_4 - 1 >= 0 /\ X_2 + X_4 - 1 >= 0 /\ -X_2 + X_4 - 1 >= 0 /\ X_1 + X_4 - 1 >= 0 /\ X_1 - X_3 >= 0 /\ X_2 >= 0 /\ X_1 + X_2 >= 0 /\ X_1 >= 0
  For symbol eval_lookup_27: X_2 - X_4 >= 0 /\ X_1 - X_3 >= 0 /\ X_2 >= 0 /\ X_1 + X_2 >= 0 /\ X_1 >= 0
  For symbol eval_lookup_28: X_2 - X_4 >= 0 /\ X_1 - X_3 >= 0 /\ X_2 >= 0 /\ X_1 + X_2 >= 0 /\ X_1 >= 0
  For symbol eval_lookup_29: X_2 - X_4 >= 0 /\ X_1 - X_3 >= 0 /\ X_2 >= 0 /\ X_1 + X_2 >= 0 /\ X_1 >= 0
  For symbol eval_lookup_30: X_2 - X_4 >= 0 /\ X_1 - X_3 >= 0 /\ X_2 >= 0 /\ X_1 + X_2 >= 0 /\ X_1 >= 0
  For symbol eval_lookup_8: X_3 - 1 >= 0 /\ X_1 + X_3 - 1 >= 0 /\ -X_1 + X_3 - 1 >= 0 /\ X_1 >= 0
  For symbol eval_lookup_9: X_3 - 1 >= 0 /\ X_1 + X_3 - 1 >= 0 /\ -X_1 + X_3 - 1 >= 0 /\ X_1 >= 0
  For symbol eval_lookup_NewDefault_in: X_2 - X_4 >= 0 /\ X_1 - X_3 >= 0 /\ X_2 >= 0 /\ X_1 + X_2 >= 0 /\ X_1 >= 0
  For symbol eval_lookup_bb12_in: X_1 - X_3 >= 0 /\ X_2 >= 0 /\ X_1 + X_2 >= 0 /\ X_1 >= 0
  For symbol eval_lookup_bb1_in: X_1 >= 0
  For symbol eval_lookup_bb4_in: X_1 - X_3 >= 0 /\ X_2 >= 0 /\ X_1 + X_2 >= 0 /\ X_1 >= 0
  For symbol eval_lookup_bb8_in: X_4 - 1 >= 0 /\ X_2 + X_4 - 1 >= 0 /\ -X_2 + X_4 - 1 >= 0 /\ X_1 + X_4 - 1 >= 0 /\ X_1 - X_3 >= 0 /\ X_2 >= 0 /\ X_1 + X_2 >= 0 /\ X_1 >= 0


This yielded the following problem:
5:	T:
		(1, 1)    eval_lookup_start(v_index.0, v_index.1, v_keyLength, v_range) -> Com_1(eval_lookup_bb0_in(v_index.0, v_index.1, v_keyLength, v_range))
		(1, 1)    eval_lookup_bb0_in(v_index.0, v_index.1, v_keyLength, v_range) -> Com_1(eval_lookup_1(v_index.0, v_index.1, v_keyLength, v_range))
		(1, 1)    eval_lookup_1(v_index.0, v_index.1, v_keyLength, v_range) -> Com_2(eval_strncpy_start(v_index.0, v_index.1, v_keyLength, v_range), eval_lookup_2(v_index.0, v_index.1, v_keyLength, v_range))
		(1, 1)    eval_lookup_2(v_index.0, v_index.1, v_keyLength, v_range) -> Com_1(eval_lookup_bb1_in(0, v_index.1, v_keyLength, v_range))
		(?, 1)    eval_lookup_bb1_in(v_index.0, v_index.1, v_keyLength, v_range) -> Com_1(eval_lookup_8(v_index.0, v_index.1, v_keyLength, v_range)) [ v_index.0 >= 0 /\ v_index.0 < v_keyLength ]
		(6, 1)    eval_lookup_bb1_in(v_index.0, v_index.1, v_keyLength, v_range) -> Com_1(eval_lookup_bb4_in(v_index.0, 0, v_keyLength, v_range)) [ v_index.0 >= 0 /\ v_index.0 >= v_keyLength ]
		(?, 1)    eval_lookup_8(v_index.0, v_index.1, v_keyLength, v_range) -> Com_2(eval_to_upper_start(v_index.0, v_index.1, v_keyLength, v_range), eval_lookup_9(v_index.0, v_index.1, v_keyLength, v_range)) [ v_keyLength - 1 >= 0 /\ v_index.0 + v_keyLength - 1 >= 0 /\ -v_index.0 + v_keyLength - 1 >= 0 /\ v_index.0 >= 0 ]
		(?, 1)    eval_lookup_9(v_index.0, v_index.1, v_keyLength, v_range) -> Com_1(eval_lookup_bb1_in(v_index.0 + 1, v_index.1, v_keyLength, v_range)) [ v_keyLength - 1 >= 0 /\ v_index.0 + v_keyLength - 1 >= 0 /\ -v_index.0 + v_keyLength - 1 >= 0 /\ v_index.0 >= 0 ]
		(?, 1)    eval_lookup_bb4_in(v_index.0, v_index.1, v_keyLength, v_range) -> Com_1(eval_lookup_18(v_index.0, v_index.1, v_keyLength, v_range)) [ v_index.0 - v_keyLength >= 0 /\ v_index.1 >= 0 /\ v_index.0 + v_index.1 >= 0 /\ v_index.0 >= 0 /\ v_index.1 < v_range ]
		(6, 1)    eval_lookup_bb4_in(v_index.0, v_index.1, v_keyLength, v_range) -> Com_1(eval_lookup_27(v_index.0, v_index.1, v_keyLength, v_range)) [ v_index.0 - v_keyLength >= 0 /\ v_index.1 >= 0 /\ v_index.0 + v_index.1 >= 0 /\ v_index.0 >= 0 /\ v_index.1 >= v_range ]
		(6, 1)    eval_lookup_bb4_in(v_index.0, v_index.1, v_keyLength, v_range) -> Com_1(eval_lookup_NewDefault_in(v_index.0, v_index.1, v_keyLength, v_range)) [ v_index.0 - v_keyLength >= 0 /\ v_index.1 >= 0 /\ v_index.0 + v_index.1 >= 0 /\ v_index.0 >= 0 /\ v_index.1 >= v_range ]
		(6, 1)    eval_lookup_bb4_in(v_index.0, v_index.1, v_keyLength, v_range) -> Com_1(eval_lookup_bb12_in(v_index.0, v_index.1, v_keyLength, v_range)) [ v_index.0 - v_keyLength >= 0 /\ v_index.1 >= 0 /\ v_index.0 + v_index.1 >= 0 /\ v_index.0 >= 0 /\ v_index.1 >= v_range ]
		(?, 1)    eval_lookup_18(v_index.0, v_index.1, v_keyLength, v_range) -> Com_2(eval_strncmp_start(v_index.0, v_index.1, v_keyLength, v_range), eval_lookup_19(v_index.0, v_index.1, v_keyLength, v_range)) [ v_range - 1 >= 0 /\ v_index.1 + v_range - 1 >= 0 /\ -v_index.1 + v_range - 1 >= 0 /\ v_index.0 + v_range - 1 >= 0 /\ v_index.0 - v_keyLength >= 0 /\ v_index.1 >= 0 /\ v_index.0 + v_index.1 >= 0 /\ v_index.0 >= 0 ]
		(?, 1)    eval_lookup_19(v_index.0, v_index.1, v_keyLength, v_range) -> Com_1(eval_lookup_bb8_in(v_index.0, v_index.1, v_keyLength, v_range)) [ v_range - 1 >= 0 /\ v_index.1 + v_range - 1 >= 0 /\ -v_index.1 + v_range - 1 >= 0 /\ v_index.0 + v_range - 1 >= 0 /\ v_index.0 - v_keyLength >= 0 /\ v_index.1 >= 0 /\ v_index.0 + v_index.1 >= 0 /\ v_index.0 >= 0 ]
		(?, 1)    eval_lookup_19(v_index.0, v_index.1, v_keyLength, v_range) -> Com_1(eval_lookup_21(v_index.0, v_index.1, v_keyLength, v_range)) [ v_range - 1 >= 0 /\ v_index.1 + v_range - 1 >= 0 /\ -v_index.1 + v_range - 1 >= 0 /\ v_index.0 + v_range - 1 >= 0 /\ v_index.0 - v_keyLength >= 0 /\ v_index.1 >= 0 /\ v_index.0 + v_index.1 >= 0 /\ v_index.0 >= 0 ]
		(?, 1)    eval_lookup_21(v_index.0, v_index.1, v_keyLength, v_range) -> Com_2(eval_strlen_start(v_index.0, v_index.1, v_keyLength, v_range), eval_lookup_22(v_index.0, v_index.1, v_keyLength, v_range)) [ v_range - 1 >= 0 /\ v_index.1 + v_range - 1 >= 0 /\ -v_index.1 + v_range - 1 >= 0 /\ v_index.0 + v_range - 1 >= 0 /\ v_index.0 - v_keyLength >= 0 /\ v_index.1 >= 0 /\ v_index.0 + v_index.1 >= 0 /\ v_index.0 >= 0 ]
		(6, 1)    eval_lookup_22(v_index.0, v_index.1, v_keyLength, v_range) -> Com_1(eval_lookup_bb12_in(v_index.0, v_index.1, v_keyLength, v_range)) [ v_range - 1 >= 0 /\ v_index.1 + v_range - 1 >= 0 /\ -v_index.1 + v_range - 1 >= 0 /\ v_index.0 + v_range - 1 >= 0 /\ v_index.0 - v_keyLength >= 0 /\ v_index.1 >= 0 /\ v_index.0 + v_index.1 >= 0 /\ v_index.0 >= 0 ]
		(?, 1)    eval_lookup_22(v_index.0, v_index.1, v_keyLength, v_range) -> Com_1(eval_lookup_bb8_in(v_index.0, v_index.1, v_keyLength, v_range)) [ v_range - 1 >= 0 /\ v_index.1 + v_range - 1 >= 0 /\ -v_index.1 + v_range - 1 >= 0 /\ v_index.0 + v_range - 1 >= 0 /\ v_index.0 - v_keyLength >= 0 /\ v_index.1 >= 0 /\ v_index.0 + v_index.1 >= 0 /\ v_index.0 >= 0 ]
		(?, 1)    eval_lookup_bb8_in(v_index.0, v_index.1, v_keyLength, v_range) -> Com_1(eval_lookup_bb4_in(v_index.0, v_index.1 + 1, v_keyLength, v_range)) [ v_range - 1 >= 0 /\ v_index.1 + v_range - 1 >= 0 /\ -v_index.1 + v_range - 1 >= 0 /\ v_index.0 + v_range - 1 >= 0 /\ v_index.0 - v_keyLength >= 0 /\ v_index.1 >= 0 /\ v_index.0 + v_index.1 >= 0 /\ v_index.0 >= 0 ]
		(6, 1)    eval_lookup_27(v_index.0, v_index.1, v_keyLength, v_range) -> Com_2(eval_fprintf_start(v_index.0, v_index.1, v_keyLength, v_range), eval_lookup_28(v_index.0, v_index.1, v_keyLength, v_range)) [ v_index.1 - v_range >= 0 /\ v_index.0 - v_keyLength >= 0 /\ v_index.1 >= 0 /\ v_index.0 + v_index.1 >= 0 /\ v_index.0 >= 0 ]
		(6, 1)    eval_lookup_28(v_index.0, v_index.1, v_keyLength, v_range) -> Com_1(eval_lookup_bb12_in(v_index.0, v_index.1, v_keyLength, v_range)) [ v_index.1 - v_range >= 0 /\ v_index.0 - v_keyLength >= 0 /\ v_index.1 >= 0 /\ v_index.0 + v_index.1 >= 0 /\ v_index.0 >= 0 ]
		(6, 1)    eval_lookup_NewDefault_in(v_index.0, v_index.1, v_keyLength, v_range) -> Com_1(eval_lookup_29(v_index.0, v_index.1, v_keyLength, v_range)) [ v_index.1 - v_range >= 0 /\ v_index.0 - v_keyLength >= 0 /\ v_index.1 >= 0 /\ v_index.0 + v_index.1 >= 0 /\ v_index.0 >= 0 ]
		(6, 1)    eval_lookup_29(v_index.0, v_index.1, v_keyLength, v_range) -> Com_2(eval_fprintf_start(v_index.0, v_index.1, v_keyLength, v_range), eval_lookup_30(v_index.0, v_index.1, v_keyLength, v_range)) [ v_index.1 - v_range >= 0 /\ v_index.0 - v_keyLength >= 0 /\ v_index.1 >= 0 /\ v_index.0 + v_index.1 >= 0 /\ v_index.0 >= 0 ]
		(6, 1)    eval_lookup_30(v_index.0, v_index.1, v_keyLength, v_range) -> Com_1(eval_lookup_bb12_in(v_index.0, v_index.1, v_keyLength, v_range)) [ v_index.1 - v_range >= 0 /\ v_index.0 - v_keyLength >= 0 /\ v_index.1 >= 0 /\ v_index.0 + v_index.1 >= 0 /\ v_index.0 >= 0 ]
		(6, 1)    eval_lookup_bb12_in(v_index.0, v_index.1, v_keyLength, v_range) -> Com_1(eval_lookup_stop(v_index.0, v_index.1, v_keyLength, v_range)) [ v_index.0 - v_keyLength >= 0 /\ v_index.1 >= 0 /\ v_index.0 + v_index.1 >= 0 /\ v_index.0 >= 0 ]
	start location:	eval_lookup_start
	leaf cost:	0

A polynomial rank function with
	Pol(eval_lookup_bb8_in) = -6*V_2 + 6*V_4 - 5
	Pol(eval_lookup_bb4_in) = -6*V_2 + 6*V_4
	Pol(eval_lookup_18) = -6*V_2 + 6*V_4 - 1
	Pol(eval_lookup_bb1_in) = -3*V_1 + 3*V_3 + 1
	Pol(eval_lookup_8) = -3*V_1 + 3*V_3
	Pol(eval_lookup_9) = -3*V_1 + 3*V_3 - 1
	Pol(eval_to_upper_start) = -6*V_1
	Pol(eval_lookup_22) = -6*V_2 + 6*V_4 - 4
	Pol(eval_lookup_21) = -6*V_2 + 6*V_4 - 3
	Pol(eval_strlen_start) = -6*V_2
	Pol(eval_lookup_19) = -6*V_2 + 6*V_4 - 2
	Pol(eval_strncmp_start) = -6*V_2
and size complexities
	S("eval_lookup_bb12_in(v_index.0, v_index.1, v_keyLength, v_range) -> Com_1(eval_lookup_stop(v_index.0, v_index.1, v_keyLength, v_range)) [ v_index.0 - v_keyLength >= 0 /\\ v_index.1 >= 0 /\\ v_index.0 + v_index.1 >= 0 /\\ v_index.0 >= 0 ]", 0-0) = v_keyLength
	S("eval_lookup_bb12_in(v_index.0, v_index.1, v_keyLength, v_range) -> Com_1(eval_lookup_stop(v_index.0, v_index.1, v_keyLength, v_range)) [ v_index.0 - v_keyLength >= 0 /\\ v_index.1 >= 0 /\\ v_index.0 + v_index.1 >= 0 /\\ v_index.0 >= 0 ]", 0-1) = v_range
	S("eval_lookup_bb12_in(v_index.0, v_index.1, v_keyLength, v_range) -> Com_1(eval_lookup_stop(v_index.0, v_index.1, v_keyLength, v_range)) [ v_index.0 - v_keyLength >= 0 /\\ v_index.1 >= 0 /\\ v_index.0 + v_index.1 >= 0 /\\ v_index.0 >= 0 ]", 0-2) = v_keyLength
	S("eval_lookup_bb12_in(v_index.0, v_index.1, v_keyLength, v_range) -> Com_1(eval_lookup_stop(v_index.0, v_index.1, v_keyLength, v_range)) [ v_index.0 - v_keyLength >= 0 /\\ v_index.1 >= 0 /\\ v_index.0 + v_index.1 >= 0 /\\ v_index.0 >= 0 ]", 0-3) = v_range
	S("eval_lookup_30(v_index.0, v_index.1, v_keyLength, v_range) -> Com_1(eval_lookup_bb12_in(v_index.0, v_index.1, v_keyLength, v_range)) [ v_index.1 - v_range >= 0 /\\ v_index.0 - v_keyLength >= 0 /\\ v_index.1 >= 0 /\\ v_index.0 + v_index.1 >= 0 /\\ v_index.0 >= 0 ]", 0-0) = v_keyLength
	S("eval_lookup_30(v_index.0, v_index.1, v_keyLength, v_range) -> Com_1(eval_lookup_bb12_in(v_index.0, v_index.1, v_keyLength, v_range)) [ v_index.1 - v_range >= 0 /\\ v_index.0 - v_keyLength >= 0 /\\ v_index.1 >= 0 /\\ v_index.0 + v_index.1 >= 0 /\\ v_index.0 >= 0 ]", 0-1) = v_range
	S("eval_lookup_30(v_index.0, v_index.1, v_keyLength, v_range) -> Com_1(eval_lookup_bb12_in(v_index.0, v_index.1, v_keyLength, v_range)) [ v_index.1 - v_range >= 0 /\\ v_index.0 - v_keyLength >= 0 /\\ v_index.1 >= 0 /\\ v_index.0 + v_index.1 >= 0 /\\ v_index.0 >= 0 ]", 0-2) = v_keyLength
	S("eval_lookup_30(v_index.0, v_index.1, v_keyLength, v_range) -> Com_1(eval_lookup_bb12_in(v_index.0, v_index.1, v_keyLength, v_range)) [ v_index.1 - v_range >= 0 /\\ v_index.0 - v_keyLength >= 0 /\\ v_index.1 >= 0 /\\ v_index.0 + v_index.1 >= 0 /\\ v_index.0 >= 0 ]", 0-3) = v_range
	S("eval_lookup_29(v_index.0, v_index.1, v_keyLength, v_range) -> Com_2(eval_fprintf_start(v_index.0, v_index.1, v_keyLength, v_range), eval_lookup_30(v_index.0, v_index.1, v_keyLength, v_range)) [ v_index.1 - v_range >= 0 /\\ v_index.0 - v_keyLength >= 0 /\\ v_index.1 >= 0 /\\ v_index.0 + v_index.1 >= 0 /\\ v_index.0 >= 0 ]", 0-0) = v_keyLength
	S("eval_lookup_29(v_index.0, v_index.1, v_keyLength, v_range) -> Com_2(eval_fprintf_start(v_index.0, v_index.1, v_keyLength, v_range), eval_lookup_30(v_index.0, v_index.1, v_keyLength, v_range)) [ v_index.1 - v_range >= 0 /\\ v_index.0 - v_keyLength >= 0 /\\ v_index.1 >= 0 /\\ v_index.0 + v_index.1 >= 0 /\\ v_index.0 >= 0 ]", 0-1) = v_range
	S("eval_lookup_29(v_index.0, v_index.1, v_keyLength, v_range) -> Com_2(eval_fprintf_start(v_index.0, v_index.1, v_keyLength, v_range), eval_lookup_30(v_index.0, v_index.1, v_keyLength, v_range)) [ v_index.1 - v_range >= 0 /\\ v_index.0 - v_keyLength >= 0 /\\ v_index.1 >= 0 /\\ v_index.0 + v_index.1 >= 0 /\\ v_index.0 >= 0 ]", 0-2) = v_keyLength
	S("eval_lookup_29(v_index.0, v_index.1, v_keyLength, v_range) -> Com_2(eval_fprintf_start(v_index.0, v_index.1, v_keyLength, v_range), eval_lookup_30(v_index.0, v_index.1, v_keyLength, v_range)) [ v_index.1 - v_range >= 0 /\\ v_index.0 - v_keyLength >= 0 /\\ v_index.1 >= 0 /\\ v_index.0 + v_index.1 >= 0 /\\ v_index.0 >= 0 ]", 0-3) = v_range
	S("eval_lookup_29(v_index.0, v_index.1, v_keyLength, v_range) -> Com_2(eval_fprintf_start(v_index.0, v_index.1, v_keyLength, v_range), eval_lookup_30(v_index.0, v_index.1, v_keyLength, v_range)) [ v_index.1 - v_range >= 0 /\\ v_index.0 - v_keyLength >= 0 /\\ v_index.1 >= 0 /\\ v_index.0 + v_index.1 >= 0 /\\ v_index.0 >= 0 ]", 1-0) = v_keyLength
	S("eval_lookup_29(v_index.0, v_index.1, v_keyLength, v_range) -> Com_2(eval_fprintf_start(v_index.0, v_index.1, v_keyLength, v_range), eval_lookup_30(v_index.0, v_index.1, v_keyLength, v_range)) [ v_index.1 - v_range >= 0 /\\ v_index.0 - v_keyLength >= 0 /\\ v_index.1 >= 0 /\\ v_index.0 + v_index.1 >= 0 /\\ v_index.0 >= 0 ]", 1-1) = v_range
	S("eval_lookup_29(v_index.0, v_index.1, v_keyLength, v_range) -> Com_2(eval_fprintf_start(v_index.0, v_index.1, v_keyLength, v_range), eval_lookup_30(v_index.0, v_index.1, v_keyLength, v_range)) [ v_index.1 - v_range >= 0 /\\ v_index.0 - v_keyLength >= 0 /\\ v_index.1 >= 0 /\\ v_index.0 + v_index.1 >= 0 /\\ v_index.0 >= 0 ]", 1-2) = v_keyLength
	S("eval_lookup_29(v_index.0, v_index.1, v_keyLength, v_range) -> Com_2(eval_fprintf_start(v_index.0, v_index.1, v_keyLength, v_range), eval_lookup_30(v_index.0, v_index.1, v_keyLength, v_range)) [ v_index.1 - v_range >= 0 /\\ v_index.0 - v_keyLength >= 0 /\\ v_index.1 >= 0 /\\ v_index.0 + v_index.1 >= 0 /\\ v_index.0 >= 0 ]", 1-3) = v_range
	S("eval_lookup_NewDefault_in(v_index.0, v_index.1, v_keyLength, v_range) -> Com_1(eval_lookup_29(v_index.0, v_index.1, v_keyLength, v_range)) [ v_index.1 - v_range >= 0 /\\ v_index.0 - v_keyLength >= 0 /\\ v_index.1 >= 0 /\\ v_index.0 + v_index.1 >= 0 /\\ v_index.0 >= 0 ]", 0-0) = v_keyLength
	S("eval_lookup_NewDefault_in(v_index.0, v_index.1, v_keyLength, v_range) -> Com_1(eval_lookup_29(v_index.0, v_index.1, v_keyLength, v_range)) [ v_index.1 - v_range >= 0 /\\ v_index.0 - v_keyLength >= 0 /\\ v_index.1 >= 0 /\\ v_index.0 + v_index.1 >= 0 /\\ v_index.0 >= 0 ]", 0-1) = v_range
	S("eval_lookup_NewDefault_in(v_index.0, v_index.1, v_keyLength, v_range) -> Com_1(eval_lookup_29(v_index.0, v_index.1, v_keyLength, v_range)) [ v_index.1 - v_range >= 0 /\\ v_index.0 - v_keyLength >= 0 /\\ v_index.1 >= 0 /\\ v_index.0 + v_index.1 >= 0 /\\ v_index.0 >= 0 ]", 0-2) = v_keyLength
	S("eval_lookup_NewDefault_in(v_index.0, v_index.1, v_keyLength, v_range) -> Com_1(eval_lookup_29(v_index.0, v_index.1, v_keyLength, v_range)) [ v_index.1 - v_range >= 0 /\\ v_index.0 - v_keyLength >= 0 /\\ v_index.1 >= 0 /\\ v_index.0 + v_index.1 >= 0 /\\ v_index.0 >= 0 ]", 0-3) = v_range
	S("eval_lookup_28(v_index.0, v_index.1, v_keyLength, v_range) -> Com_1(eval_lookup_bb12_in(v_index.0, v_index.1, v_keyLength, v_range)) [ v_index.1 - v_range >= 0 /\\ v_index.0 - v_keyLength >= 0 /\\ v_index.1 >= 0 /\\ v_index.0 + v_index.1 >= 0 /\\ v_index.0 >= 0 ]", 0-0) = v_keyLength
	S("eval_lookup_28(v_index.0, v_index.1, v_keyLength, v_range) -> Com_1(eval_lookup_bb12_in(v_index.0, v_index.1, v_keyLength, v_range)) [ v_index.1 - v_range >= 0 /\\ v_index.0 - v_keyLength >= 0 /\\ v_index.1 >= 0 /\\ v_index.0 + v_index.1 >= 0 /\\ v_index.0 >= 0 ]", 0-1) = v_range
	S("eval_lookup_28(v_index.0, v_index.1, v_keyLength, v_range) -> Com_1(eval_lookup_bb12_in(v_index.0, v_index.1, v_keyLength, v_range)) [ v_index.1 - v_range >= 0 /\\ v_index.0 - v_keyLength >= 0 /\\ v_index.1 >= 0 /\\ v_index.0 + v_index.1 >= 0 /\\ v_index.0 >= 0 ]", 0-2) = v_keyLength
	S("eval_lookup_28(v_index.0, v_index.1, v_keyLength, v_range) -> Com_1(eval_lookup_bb12_in(v_index.0, v_index.1, v_keyLength, v_range)) [ v_index.1 - v_range >= 0 /\\ v_index.0 - v_keyLength >= 0 /\\ v_index.1 >= 0 /\\ v_index.0 + v_index.1 >= 0 /\\ v_index.0 >= 0 ]", 0-3) = v_range
	S("eval_lookup_27(v_index.0, v_index.1, v_keyLength, v_range) -> Com_2(eval_fprintf_start(v_index.0, v_index.1, v_keyLength, v_range), eval_lookup_28(v_index.0, v_index.1, v_keyLength, v_range)) [ v_index.1 - v_range >= 0 /\\ v_index.0 - v_keyLength >= 0 /\\ v_index.1 >= 0 /\\ v_index.0 + v_index.1 >= 0 /\\ v_index.0 >= 0 ]", 0-0) = v_keyLength
	S("eval_lookup_27(v_index.0, v_index.1, v_keyLength, v_range) -> Com_2(eval_fprintf_start(v_index.0, v_index.1, v_keyLength, v_range), eval_lookup_28(v_index.0, v_index.1, v_keyLength, v_range)) [ v_index.1 - v_range >= 0 /\\ v_index.0 - v_keyLength >= 0 /\\ v_index.1 >= 0 /\\ v_index.0 + v_index.1 >= 0 /\\ v_index.0 >= 0 ]", 0-1) = v_range
	S("eval_lookup_27(v_index.0, v_index.1, v_keyLength, v_range) -> Com_2(eval_fprintf_start(v_index.0, v_index.1, v_keyLength, v_range), eval_lookup_28(v_index.0, v_index.1, v_keyLength, v_range)) [ v_index.1 - v_range >= 0 /\\ v_index.0 - v_keyLength >= 0 /\\ v_index.1 >= 0 /\\ v_index.0 + v_index.1 >= 0 /\\ v_index.0 >= 0 ]", 0-2) = v_keyLength
	S("eval_lookup_27(v_index.0, v_index.1, v_keyLength, v_range) -> Com_2(eval_fprintf_start(v_index.0, v_index.1, v_keyLength, v_range), eval_lookup_28(v_index.0, v_index.1, v_keyLength, v_range)) [ v_index.1 - v_range >= 0 /\\ v_index.0 - v_keyLength >= 0 /\\ v_index.1 >= 0 /\\ v_index.0 + v_index.1 >= 0 /\\ v_index.0 >= 0 ]", 0-3) = v_range
	S("eval_lookup_27(v_index.0, v_index.1, v_keyLength, v_range) -> Com_2(eval_fprintf_start(v_index.0, v_index.1, v_keyLength, v_range), eval_lookup_28(v_index.0, v_index.1, v_keyLength, v_range)) [ v_index.1 - v_range >= 0 /\\ v_index.0 - v_keyLength >= 0 /\\ v_index.1 >= 0 /\\ v_index.0 + v_index.1 >= 0 /\\ v_index.0 >= 0 ]", 1-0) = v_keyLength
	S("eval_lookup_27(v_index.0, v_index.1, v_keyLength, v_range) -> Com_2(eval_fprintf_start(v_index.0, v_index.1, v_keyLength, v_range), eval_lookup_28(v_index.0, v_index.1, v_keyLength, v_range)) [ v_index.1 - v_range >= 0 /\\ v_index.0 - v_keyLength >= 0 /\\ v_index.1 >= 0 /\\ v_index.0 + v_index.1 >= 0 /\\ v_index.0 >= 0 ]", 1-1) = v_range
	S("eval_lookup_27(v_index.0, v_index.1, v_keyLength, v_range) -> Com_2(eval_fprintf_start(v_index.0, v_index.1, v_keyLength, v_range), eval_lookup_28(v_index.0, v_index.1, v_keyLength, v_range)) [ v_index.1 - v_range >= 0 /\\ v_index.0 - v_keyLength >= 0 /\\ v_index.1 >= 0 /\\ v_index.0 + v_index.1 >= 0 /\\ v_index.0 >= 0 ]", 1-2) = v_keyLength
	S("eval_lookup_27(v_index.0, v_index.1, v_keyLength, v_range) -> Com_2(eval_fprintf_start(v_index.0, v_index.1, v_keyLength, v_range), eval_lookup_28(v_index.0, v_index.1, v_keyLength, v_range)) [ v_index.1 - v_range >= 0 /\\ v_index.0 - v_keyLength >= 0 /\\ v_index.1 >= 0 /\\ v_index.0 + v_index.1 >= 0 /\\ v_index.0 >= 0 ]", 1-3) = v_range
	S("eval_lookup_bb8_in(v_index.0, v_index.1, v_keyLength, v_range) -> Com_1(eval_lookup_bb4_in(v_index.0, v_index.1 + 1, v_keyLength, v_range)) [ v_range - 1 >= 0 /\\ v_index.1 + v_range - 1 >= 0 /\\ -v_index.1 + v_range - 1 >= 0 /\\ v_index.0 + v_range - 1 >= 0 /\\ v_index.0 - v_keyLength >= 0 /\\ v_index.1 >= 0 /\\ v_index.0 + v_index.1 >= 0 /\\ v_index.0 >= 0 ]", 0-0) = v_keyLength
	S("eval_lookup_bb8_in(v_index.0, v_index.1, v_keyLength, v_range) -> Com_1(eval_lookup_bb4_in(v_index.0, v_index.1 + 1, v_keyLength, v_range)) [ v_range - 1 >= 0 /\\ v_index.1 + v_range - 1 >= 0 /\\ -v_index.1 + v_range - 1 >= 0 /\\ v_index.0 + v_range - 1 >= 0 /\\ v_index.0 - v_keyLength >= 0 /\\ v_index.1 >= 0 /\\ v_index.0 + v_index.1 >= 0 /\\ v_index.0 >= 0 ]", 0-1) = v_range
	S("eval_lookup_bb8_in(v_index.0, v_index.1, v_keyLength, v_range) -> Com_1(eval_lookup_bb4_in(v_index.0, v_index.1 + 1, v_keyLength, v_range)) [ v_range - 1 >= 0 /\\ v_index.1 + v_range - 1 >= 0 /\\ -v_index.1 + v_range - 1 >= 0 /\\ v_index.0 + v_range - 1 >= 0 /\\ v_index.0 - v_keyLength >= 0 /\\ v_index.1 >= 0 /\\ v_index.0 + v_index.1 >= 0 /\\ v_index.0 >= 0 ]", 0-2) = v_keyLength
	S("eval_lookup_bb8_in(v_index.0, v_index.1, v_keyLength, v_range) -> Com_1(eval_lookup_bb4_in(v_index.0, v_index.1 + 1, v_keyLength, v_range)) [ v_range - 1 >= 0 /\\ v_index.1 + v_range - 1 >= 0 /\\ -v_index.1 + v_range - 1 >= 0 /\\ v_index.0 + v_range - 1 >= 0 /\\ v_index.0 - v_keyLength >= 0 /\\ v_index.1 >= 0 /\\ v_index.0 + v_index.1 >= 0 /\\ v_index.0 >= 0 ]", 0-3) = v_range
	S("eval_lookup_22(v_index.0, v_index.1, v_keyLength, v_range) -> Com_1(eval_lookup_bb8_in(v_index.0, v_index.1, v_keyLength, v_range)) [ v_range - 1 >= 0 /\\ v_index.1 + v_range - 1 >= 0 /\\ -v_index.1 + v_range - 1 >= 0 /\\ v_index.0 + v_range - 1 >= 0 /\\ v_index.0 - v_keyLength >= 0 /\\ v_index.1 >= 0 /\\ v_index.0 + v_index.1 >= 0 /\\ v_index.0 >= 0 ]", 0-0) = v_keyLength
	S("eval_lookup_22(v_index.0, v_index.1, v_keyLength, v_range) -> Com_1(eval_lookup_bb8_in(v_index.0, v_index.1, v_keyLength, v_range)) [ v_range - 1 >= 0 /\\ v_index.1 + v_range - 1 >= 0 /\\ -v_index.1 + v_range - 1 >= 0 /\\ v_index.0 + v_range - 1 >= 0 /\\ v_index.0 - v_keyLength >= 0 /\\ v_index.1 >= 0 /\\ v_index.0 + v_index.1 >= 0 /\\ v_index.0 >= 0 ]", 0-1) = v_range
	S("eval_lookup_22(v_index.0, v_index.1, v_keyLength, v_range) -> Com_1(eval_lookup_bb8_in(v_index.0, v_index.1, v_keyLength, v_range)) [ v_range - 1 >= 0 /\\ v_index.1 + v_range - 1 >= 0 /\\ -v_index.1 + v_range - 1 >= 0 /\\ v_index.0 + v_range - 1 >= 0 /\\ v_index.0 - v_keyLength >= 0 /\\ v_index.1 >= 0 /\\ v_index.0 + v_index.1 >= 0 /\\ v_index.0 >= 0 ]", 0-2) = v_keyLength
	S("eval_lookup_22(v_index.0, v_index.1, v_keyLength, v_range) -> Com_1(eval_lookup_bb8_in(v_index.0, v_index.1, v_keyLength, v_range)) [ v_range - 1 >= 0 /\\ v_index.1 + v_range - 1 >= 0 /\\ -v_index.1 + v_range - 1 >= 0 /\\ v_index.0 + v_range - 1 >= 0 /\\ v_index.0 - v_keyLength >= 0 /\\ v_index.1 >= 0 /\\ v_index.0 + v_index.1 >= 0 /\\ v_index.0 >= 0 ]", 0-3) = v_range
	S("eval_lookup_22(v_index.0, v_index.1, v_keyLength, v_range) -> Com_1(eval_lookup_bb12_in(v_index.0, v_index.1, v_keyLength, v_range)) [ v_range - 1 >= 0 /\\ v_index.1 + v_range - 1 >= 0 /\\ -v_index.1 + v_range - 1 >= 0 /\\ v_index.0 + v_range - 1 >= 0 /\\ v_index.0 - v_keyLength >= 0 /\\ v_index.1 >= 0 /\\ v_index.0 + v_index.1 >= 0 /\\ v_index.0 >= 0 ]", 0-0) = v_keyLength
	S("eval_lookup_22(v_index.0, v_index.1, v_keyLength, v_range) -> Com_1(eval_lookup_bb12_in(v_index.0, v_index.1, v_keyLength, v_range)) [ v_range - 1 >= 0 /\\ v_index.1 + v_range - 1 >= 0 /\\ -v_index.1 + v_range - 1 >= 0 /\\ v_index.0 + v_range - 1 >= 0 /\\ v_index.0 - v_keyLength >= 0 /\\ v_index.1 >= 0 /\\ v_index.0 + v_index.1 >= 0 /\\ v_index.0 >= 0 ]", 0-1) = v_range
	S("eval_lookup_22(v_index.0, v_index.1, v_keyLength, v_range) -> Com_1(eval_lookup_bb12_in(v_index.0, v_index.1, v_keyLength, v_range)) [ v_range - 1 >= 0 /\\ v_index.1 + v_range - 1 >= 0 /\\ -v_index.1 + v_range - 1 >= 0 /\\ v_index.0 + v_range - 1 >= 0 /\\ v_index.0 - v_keyLength >= 0 /\\ v_index.1 >= 0 /\\ v_index.0 + v_index.1 >= 0 /\\ v_index.0 >= 0 ]", 0-2) = v_keyLength
	S("eval_lookup_22(v_index.0, v_index.1, v_keyLength, v_range) -> Com_1(eval_lookup_bb12_in(v_index.0, v_index.1, v_keyLength, v_range)) [ v_range - 1 >= 0 /\\ v_index.1 + v_range - 1 >= 0 /\\ -v_index.1 + v_range - 1 >= 0 /\\ v_index.0 + v_range - 1 >= 0 /\\ v_index.0 - v_keyLength >= 0 /\\ v_index.1 >= 0 /\\ v_index.0 + v_index.1 >= 0 /\\ v_index.0 >= 0 ]", 0-3) = v_range
	S("eval_lookup_21(v_index.0, v_index.1, v_keyLength, v_range) -> Com_2(eval_strlen_start(v_index.0, v_index.1, v_keyLength, v_range), eval_lookup_22(v_index.0, v_index.1, v_keyLength, v_range)) [ v_range - 1 >= 0 /\\ v_index.1 + v_range - 1 >= 0 /\\ -v_index.1 + v_range - 1 >= 0 /\\ v_index.0 + v_range - 1 >= 0 /\\ v_index.0 - v_keyLength >= 0 /\\ v_index.1 >= 0 /\\ v_index.0 + v_index.1 >= 0 /\\ v_index.0 >= 0 ]", 0-0) = v_keyLength
	S("eval_lookup_21(v_index.0, v_index.1, v_keyLength, v_range) -> Com_2(eval_strlen_start(v_index.0, v_index.1, v_keyLength, v_range), eval_lookup_22(v_index.0, v_index.1, v_keyLength, v_range)) [ v_range - 1 >= 0 /\\ v_index.1 + v_range - 1 >= 0 /\\ -v_index.1 + v_range - 1 >= 0 /\\ v_index.0 + v_range - 1 >= 0 /\\ v_index.0 - v_keyLength >= 0 /\\ v_index.1 >= 0 /\\ v_index.0 + v_index.1 >= 0 /\\ v_index.0 >= 0 ]", 0-1) = v_range
	S("eval_lookup_21(v_index.0, v_index.1, v_keyLength, v_range) -> Com_2(eval_strlen_start(v_index.0, v_index.1, v_keyLength, v_range), eval_lookup_22(v_index.0, v_index.1, v_keyLength, v_range)) [ v_range - 1 >= 0 /\\ v_index.1 + v_range - 1 >= 0 /\\ -v_index.1 + v_range - 1 >= 0 /\\ v_index.0 + v_range - 1 >= 0 /\\ v_index.0 - v_keyLength >= 0 /\\ v_index.1 >= 0 /\\ v_index.0 + v_index.1 >= 0 /\\ v_index.0 >= 0 ]", 0-2) = v_keyLength
	S("eval_lookup_21(v_index.0, v_index.1, v_keyLength, v_range) -> Com_2(eval_strlen_start(v_index.0, v_index.1, v_keyLength, v_range), eval_lookup_22(v_index.0, v_index.1, v_keyLength, v_range)) [ v_range - 1 >= 0 /\\ v_index.1 + v_range - 1 >= 0 /\\ -v_index.1 + v_range - 1 >= 0 /\\ v_index.0 + v_range - 1 >= 0 /\\ v_index.0 - v_keyLength >= 0 /\\ v_index.1 >= 0 /\\ v_index.0 + v_index.1 >= 0 /\\ v_index.0 >= 0 ]", 0-3) = v_range
	S("eval_lookup_21(v_index.0, v_index.1, v_keyLength, v_range) -> Com_2(eval_strlen_start(v_index.0, v_index.1, v_keyLength, v_range), eval_lookup_22(v_index.0, v_index.1, v_keyLength, v_range)) [ v_range - 1 >= 0 /\\ v_index.1 + v_range - 1 >= 0 /\\ -v_index.1 + v_range - 1 >= 0 /\\ v_index.0 + v_range - 1 >= 0 /\\ v_index.0 - v_keyLength >= 0 /\\ v_index.1 >= 0 /\\ v_index.0 + v_index.1 >= 0 /\\ v_index.0 >= 0 ]", 1-0) = v_keyLength
	S("eval_lookup_21(v_index.0, v_index.1, v_keyLength, v_range) -> Com_2(eval_strlen_start(v_index.0, v_index.1, v_keyLength, v_range), eval_lookup_22(v_index.0, v_index.1, v_keyLength, v_range)) [ v_range - 1 >= 0 /\\ v_index.1 + v_range - 1 >= 0 /\\ -v_index.1 + v_range - 1 >= 0 /\\ v_index.0 + v_range - 1 >= 0 /\\ v_index.0 - v_keyLength >= 0 /\\ v_index.1 >= 0 /\\ v_index.0 + v_index.1 >= 0 /\\ v_index.0 >= 0 ]", 1-1) = v_range
	S("eval_lookup_21(v_index.0, v_index.1, v_keyLength, v_range) -> Com_2(eval_strlen_start(v_index.0, v_index.1, v_keyLength, v_range), eval_lookup_22(v_index.0, v_index.1, v_keyLength, v_range)) [ v_range - 1 >= 0 /\\ v_index.1 + v_range - 1 >= 0 /\\ -v_index.1 + v_range - 1 >= 0 /\\ v_index.0 + v_range - 1 >= 0 /\\ v_index.0 - v_keyLength >= 0 /\\ v_index.1 >= 0 /\\ v_index.0 + v_index.1 >= 0 /\\ v_index.0 >= 0 ]", 1-2) = v_keyLength
	S("eval_lookup_21(v_index.0, v_index.1, v_keyLength, v_range) -> Com_2(eval_strlen_start(v_index.0, v_index.1, v_keyLength, v_range), eval_lookup_22(v_index.0, v_index.1, v_keyLength, v_range)) [ v_range - 1 >= 0 /\\ v_index.1 + v_range - 1 >= 0 /\\ -v_index.1 + v_range - 1 >= 0 /\\ v_index.0 + v_range - 1 >= 0 /\\ v_index.0 - v_keyLength >= 0 /\\ v_index.1 >= 0 /\\ v_index.0 + v_index.1 >= 0 /\\ v_index.0 >= 0 ]", 1-3) = v_range
	S("eval_lookup_19(v_index.0, v_index.1, v_keyLength, v_range) -> Com_1(eval_lookup_21(v_index.0, v_index.1, v_keyLength, v_range)) [ v_range - 1 >= 0 /\\ v_index.1 + v_range - 1 >= 0 /\\ -v_index.1 + v_range - 1 >= 0 /\\ v_index.0 + v_range - 1 >= 0 /\\ v_index.0 - v_keyLength >= 0 /\\ v_index.1 >= 0 /\\ v_index.0 + v_index.1 >= 0 /\\ v_index.0 >= 0 ]", 0-0) = v_keyLength
	S("eval_lookup_19(v_index.0, v_index.1, v_keyLength, v_range) -> Com_1(eval_lookup_21(v_index.0, v_index.1, v_keyLength, v_range)) [ v_range - 1 >= 0 /\\ v_index.1 + v_range - 1 >= 0 /\\ -v_index.1 + v_range - 1 >= 0 /\\ v_index.0 + v_range - 1 >= 0 /\\ v_index.0 - v_keyLength >= 0 /\\ v_index.1 >= 0 /\\ v_index.0 + v_index.1 >= 0 /\\ v_index.0 >= 0 ]", 0-1) = v_range
	S("eval_lookup_19(v_index.0, v_index.1, v_keyLength, v_range) -> Com_1(eval_lookup_21(v_index.0, v_index.1, v_keyLength, v_range)) [ v_range - 1 >= 0 /\\ v_index.1 + v_range - 1 >= 0 /\\ -v_index.1 + v_range - 1 >= 0 /\\ v_index.0 + v_range - 1 >= 0 /\\ v_index.0 - v_keyLength >= 0 /\\ v_index.1 >= 0 /\\ v_index.0 + v_index.1 >= 0 /\\ v_index.0 >= 0 ]", 0-2) = v_keyLength
	S("eval_lookup_19(v_index.0, v_index.1, v_keyLength, v_range) -> Com_1(eval_lookup_21(v_index.0, v_index.1, v_keyLength, v_range)) [ v_range - 1 >= 0 /\\ v_index.1 + v_range - 1 >= 0 /\\ -v_index.1 + v_range - 1 >= 0 /\\ v_index.0 + v_range - 1 >= 0 /\\ v_index.0 - v_keyLength >= 0 /\\ v_index.1 >= 0 /\\ v_index.0 + v_index.1 >= 0 /\\ v_index.0 >= 0 ]", 0-3) = v_range
	S("eval_lookup_19(v_index.0, v_index.1, v_keyLength, v_range) -> Com_1(eval_lookup_bb8_in(v_index.0, v_index.1, v_keyLength, v_range)) [ v_range - 1 >= 0 /\\ v_index.1 + v_range - 1 >= 0 /\\ -v_index.1 + v_range - 1 >= 0 /\\ v_index.0 + v_range - 1 >= 0 /\\ v_index.0 - v_keyLength >= 0 /\\ v_index.1 >= 0 /\\ v_index.0 + v_index.1 >= 0 /\\ v_index.0 >= 0 ]", 0-0) = v_keyLength
	S("eval_lookup_19(v_index.0, v_index.1, v_keyLength, v_range) -> Com_1(eval_lookup_bb8_in(v_index.0, v_index.1, v_keyLength, v_range)) [ v_range - 1 >= 0 /\\ v_index.1 + v_range - 1 >= 0 /\\ -v_index.1 + v_range - 1 >= 0 /\\ v_index.0 + v_range - 1 >= 0 /\\ v_index.0 - v_keyLength >= 0 /\\ v_index.1 >= 0 /\\ v_index.0 + v_index.1 >= 0 /\\ v_index.0 >= 0 ]", 0-1) = v_range
	S("eval_lookup_19(v_index.0, v_index.1, v_keyLength, v_range) -> Com_1(eval_lookup_bb8_in(v_index.0, v_index.1, v_keyLength, v_range)) [ v_range - 1 >= 0 /\\ v_index.1 + v_range - 1 >= 0 /\\ -v_index.1 + v_range - 1 >= 0 /\\ v_index.0 + v_range - 1 >= 0 /\\ v_index.0 - v_keyLength >= 0 /\\ v_index.1 >= 0 /\\ v_index.0 + v_index.1 >= 0 /\\ v_index.0 >= 0 ]", 0-2) = v_keyLength
	S("eval_lookup_19(v_index.0, v_index.1, v_keyLength, v_range) -> Com_1(eval_lookup_bb8_in(v_index.0, v_index.1, v_keyLength, v_range)) [ v_range - 1 >= 0 /\\ v_index.1 + v_range - 1 >= 0 /\\ -v_index.1 + v_range - 1 >= 0 /\\ v_index.0 + v_range - 1 >= 0 /\\ v_index.0 - v_keyLength >= 0 /\\ v_index.1 >= 0 /\\ v_index.0 + v_index.1 >= 0 /\\ v_index.0 >= 0 ]", 0-3) = v_range
	S("eval_lookup_18(v_index.0, v_index.1, v_keyLength, v_range) -> Com_2(eval_strncmp_start(v_index.0, v_index.1, v_keyLength, v_range), eval_lookup_19(v_index.0, v_index.1, v_keyLength, v_range)) [ v_range - 1 >= 0 /\\ v_index.1 + v_range - 1 >= 0 /\\ -v_index.1 + v_range - 1 >= 0 /\\ v_index.0 + v_range - 1 >= 0 /\\ v_index.0 - v_keyLength >= 0 /\\ v_index.1 >= 0 /\\ v_index.0 + v_index.1 >= 0 /\\ v_index.0 >= 0 ]", 0-0) = v_keyLength
	S("eval_lookup_18(v_index.0, v_index.1, v_keyLength, v_range) -> Com_2(eval_strncmp_start(v_index.0, v_index.1, v_keyLength, v_range), eval_lookup_19(v_index.0, v_index.1, v_keyLength, v_range)) [ v_range - 1 >= 0 /\\ v_index.1 + v_range - 1 >= 0 /\\ -v_index.1 + v_range - 1 >= 0 /\\ v_index.0 + v_range - 1 >= 0 /\\ v_index.0 - v_keyLength >= 0 /\\ v_index.1 >= 0 /\\ v_index.0 + v_index.1 >= 0 /\\ v_index.0 >= 0 ]", 0-1) = v_range
	S("eval_lookup_18(v_index.0, v_index.1, v_keyLength, v_range) -> Com_2(eval_strncmp_start(v_index.0, v_index.1, v_keyLength, v_range), eval_lookup_19(v_index.0, v_index.1, v_keyLength, v_range)) [ v_range - 1 >= 0 /\\ v_index.1 + v_range - 1 >= 0 /\\ -v_index.1 + v_range - 1 >= 0 /\\ v_index.0 + v_range - 1 >= 0 /\\ v_index.0 - v_keyLength >= 0 /\\ v_index.1 >= 0 /\\ v_index.0 + v_index.1 >= 0 /\\ v_index.0 >= 0 ]", 0-2) = v_keyLength
	S("eval_lookup_18(v_index.0, v_index.1, v_keyLength, v_range) -> Com_2(eval_strncmp_start(v_index.0, v_index.1, v_keyLength, v_range), eval_lookup_19(v_index.0, v_index.1, v_keyLength, v_range)) [ v_range - 1 >= 0 /\\ v_index.1 + v_range - 1 >= 0 /\\ -v_index.1 + v_range - 1 >= 0 /\\ v_index.0 + v_range - 1 >= 0 /\\ v_index.0 - v_keyLength >= 0 /\\ v_index.1 >= 0 /\\ v_index.0 + v_index.1 >= 0 /\\ v_index.0 >= 0 ]", 0-3) = v_range
	S("eval_lookup_18(v_index.0, v_index.1, v_keyLength, v_range) -> Com_2(eval_strncmp_start(v_index.0, v_index.1, v_keyLength, v_range), eval_lookup_19(v_index.0, v_index.1, v_keyLength, v_range)) [ v_range - 1 >= 0 /\\ v_index.1 + v_range - 1 >= 0 /\\ -v_index.1 + v_range - 1 >= 0 /\\ v_index.0 + v_range - 1 >= 0 /\\ v_index.0 - v_keyLength >= 0 /\\ v_index.1 >= 0 /\\ v_index.0 + v_index.1 >= 0 /\\ v_index.0 >= 0 ]", 1-0) = v_keyLength
	S("eval_lookup_18(v_index.0, v_index.1, v_keyLength, v_range) -> Com_2(eval_strncmp_start(v_index.0, v_index.1, v_keyLength, v_range), eval_lookup_19(v_index.0, v_index.1, v_keyLength, v_range)) [ v_range - 1 >= 0 /\\ v_index.1 + v_range - 1 >= 0 /\\ -v_index.1 + v_range - 1 >= 0 /\\ v_index.0 + v_range - 1 >= 0 /\\ v_index.0 - v_keyLength >= 0 /\\ v_index.1 >= 0 /\\ v_index.0 + v_index.1 >= 0 /\\ v_index.0 >= 0 ]", 1-1) = v_range
	S("eval_lookup_18(v_index.0, v_index.1, v_keyLength, v_range) -> Com_2(eval_strncmp_start(v_index.0, v_index.1, v_keyLength, v_range), eval_lookup_19(v_index.0, v_index.1, v_keyLength, v_range)) [ v_range - 1 >= 0 /\\ v_index.1 + v_range - 1 >= 0 /\\ -v_index.1 + v_range - 1 >= 0 /\\ v_index.0 + v_range - 1 >= 0 /\\ v_index.0 - v_keyLength >= 0 /\\ v_index.1 >= 0 /\\ v_index.0 + v_index.1 >= 0 /\\ v_index.0 >= 0 ]", 1-2) = v_keyLength
	S("eval_lookup_18(v_index.0, v_index.1, v_keyLength, v_range) -> Com_2(eval_strncmp_start(v_index.0, v_index.1, v_keyLength, v_range), eval_lookup_19(v_index.0, v_index.1, v_keyLength, v_range)) [ v_range - 1 >= 0 /\\ v_index.1 + v_range - 1 >= 0 /\\ -v_index.1 + v_range - 1 >= 0 /\\ v_index.0 + v_range - 1 >= 0 /\\ v_index.0 - v_keyLength >= 0 /\\ v_index.1 >= 0 /\\ v_index.0 + v_index.1 >= 0 /\\ v_index.0 >= 0 ]", 1-3) = v_range
	S("eval_lookup_bb4_in(v_index.0, v_index.1, v_keyLength, v_range) -> Com_1(eval_lookup_bb12_in(v_index.0, v_index.1, v_keyLength, v_range)) [ v_index.0 - v_keyLength >= 0 /\\ v_index.1 >= 0 /\\ v_index.0 + v_index.1 >= 0 /\\ v_index.0 >= 0 /\\ v_index.1 >= v_range ]", 0-0) = v_keyLength
	S("eval_lookup_bb4_in(v_index.0, v_index.1, v_keyLength, v_range) -> Com_1(eval_lookup_bb12_in(v_index.0, v_index.1, v_keyLength, v_range)) [ v_index.0 - v_keyLength >= 0 /\\ v_index.1 >= 0 /\\ v_index.0 + v_index.1 >= 0 /\\ v_index.0 >= 0 /\\ v_index.1 >= v_range ]", 0-1) = v_range
	S("eval_lookup_bb4_in(v_index.0, v_index.1, v_keyLength, v_range) -> Com_1(eval_lookup_bb12_in(v_index.0, v_index.1, v_keyLength, v_range)) [ v_index.0 - v_keyLength >= 0 /\\ v_index.1 >= 0 /\\ v_index.0 + v_index.1 >= 0 /\\ v_index.0 >= 0 /\\ v_index.1 >= v_range ]", 0-2) = v_keyLength
	S("eval_lookup_bb4_in(v_index.0, v_index.1, v_keyLength, v_range) -> Com_1(eval_lookup_bb12_in(v_index.0, v_index.1, v_keyLength, v_range)) [ v_index.0 - v_keyLength >= 0 /\\ v_index.1 >= 0 /\\ v_index.0 + v_index.1 >= 0 /\\ v_index.0 >= 0 /\\ v_index.1 >= v_range ]", 0-3) = v_range
	S("eval_lookup_bb4_in(v_index.0, v_index.1, v_keyLength, v_range) -> Com_1(eval_lookup_NewDefault_in(v_index.0, v_index.1, v_keyLength, v_range)) [ v_index.0 - v_keyLength >= 0 /\\ v_index.1 >= 0 /\\ v_index.0 + v_index.1 >= 0 /\\ v_index.0 >= 0 /\\ v_index.1 >= v_range ]", 0-0) = v_keyLength
	S("eval_lookup_bb4_in(v_index.0, v_index.1, v_keyLength, v_range) -> Com_1(eval_lookup_NewDefault_in(v_index.0, v_index.1, v_keyLength, v_range)) [ v_index.0 - v_keyLength >= 0 /\\ v_index.1 >= 0 /\\ v_index.0 + v_index.1 >= 0 /\\ v_index.0 >= 0 /\\ v_index.1 >= v_range ]", 0-1) = v_range
	S("eval_lookup_bb4_in(v_index.0, v_index.1, v_keyLength, v_range) -> Com_1(eval_lookup_NewDefault_in(v_index.0, v_index.1, v_keyLength, v_range)) [ v_index.0 - v_keyLength >= 0 /\\ v_index.1 >= 0 /\\ v_index.0 + v_index.1 >= 0 /\\ v_index.0 >= 0 /\\ v_index.1 >= v_range ]", 0-2) = v_keyLength
	S("eval_lookup_bb4_in(v_index.0, v_index.1, v_keyLength, v_range) -> Com_1(eval_lookup_NewDefault_in(v_index.0, v_index.1, v_keyLength, v_range)) [ v_index.0 - v_keyLength >= 0 /\\ v_index.1 >= 0 /\\ v_index.0 + v_index.1 >= 0 /\\ v_index.0 >= 0 /\\ v_index.1 >= v_range ]", 0-3) = v_range
	S("eval_lookup_bb4_in(v_index.0, v_index.1, v_keyLength, v_range) -> Com_1(eval_lookup_27(v_index.0, v_index.1, v_keyLength, v_range)) [ v_index.0 - v_keyLength >= 0 /\\ v_index.1 >= 0 /\\ v_index.0 + v_index.1 >= 0 /\\ v_index.0 >= 0 /\\ v_index.1 >= v_range ]", 0-0) = v_keyLength
	S("eval_lookup_bb4_in(v_index.0, v_index.1, v_keyLength, v_range) -> Com_1(eval_lookup_27(v_index.0, v_index.1, v_keyLength, v_range)) [ v_index.0 - v_keyLength >= 0 /\\ v_index.1 >= 0 /\\ v_index.0 + v_index.1 >= 0 /\\ v_index.0 >= 0 /\\ v_index.1 >= v_range ]", 0-1) = v_range
	S("eval_lookup_bb4_in(v_index.0, v_index.1, v_keyLength, v_range) -> Com_1(eval_lookup_27(v_index.0, v_index.1, v_keyLength, v_range)) [ v_index.0 - v_keyLength >= 0 /\\ v_index.1 >= 0 /\\ v_index.0 + v_index.1 >= 0 /\\ v_index.0 >= 0 /\\ v_index.1 >= v_range ]", 0-2) = v_keyLength
	S("eval_lookup_bb4_in(v_index.0, v_index.1, v_keyLength, v_range) -> Com_1(eval_lookup_27(v_index.0, v_index.1, v_keyLength, v_range)) [ v_index.0 - v_keyLength >= 0 /\\ v_index.1 >= 0 /\\ v_index.0 + v_index.1 >= 0 /\\ v_index.0 >= 0 /\\ v_index.1 >= v_range ]", 0-3) = v_range
	S("eval_lookup_bb4_in(v_index.0, v_index.1, v_keyLength, v_range) -> Com_1(eval_lookup_18(v_index.0, v_index.1, v_keyLength, v_range)) [ v_index.0 - v_keyLength >= 0 /\\ v_index.1 >= 0 /\\ v_index.0 + v_index.1 >= 0 /\\ v_index.0 >= 0 /\\ v_index.1 < v_range ]", 0-0) = v_keyLength
	S("eval_lookup_bb4_in(v_index.0, v_index.1, v_keyLength, v_range) -> Com_1(eval_lookup_18(v_index.0, v_index.1, v_keyLength, v_range)) [ v_index.0 - v_keyLength >= 0 /\\ v_index.1 >= 0 /\\ v_index.0 + v_index.1 >= 0 /\\ v_index.0 >= 0 /\\ v_index.1 < v_range ]", 0-1) = v_range
	S("eval_lookup_bb4_in(v_index.0, v_index.1, v_keyLength, v_range) -> Com_1(eval_lookup_18(v_index.0, v_index.1, v_keyLength, v_range)) [ v_index.0 - v_keyLength >= 0 /\\ v_index.1 >= 0 /\\ v_index.0 + v_index.1 >= 0 /\\ v_index.0 >= 0 /\\ v_index.1 < v_range ]", 0-2) = v_keyLength
	S("eval_lookup_bb4_in(v_index.0, v_index.1, v_keyLength, v_range) -> Com_1(eval_lookup_18(v_index.0, v_index.1, v_keyLength, v_range)) [ v_index.0 - v_keyLength >= 0 /\\ v_index.1 >= 0 /\\ v_index.0 + v_index.1 >= 0 /\\ v_index.0 >= 0 /\\ v_index.1 < v_range ]", 0-3) = v_range
	S("eval_lookup_9(v_index.0, v_index.1, v_keyLength, v_range) -> Com_1(eval_lookup_bb1_in(v_index.0 + 1, v_index.1, v_keyLength, v_range)) [ v_keyLength - 1 >= 0 /\\ v_index.0 + v_keyLength - 1 >= 0 /\\ -v_index.0 + v_keyLength - 1 >= 0 /\\ v_index.0 >= 0 ]", 0-0) = v_keyLength
	S("eval_lookup_9(v_index.0, v_index.1, v_keyLength, v_range) -> Com_1(eval_lookup_bb1_in(v_index.0 + 1, v_index.1, v_keyLength, v_range)) [ v_keyLength - 1 >= 0 /\\ v_index.0 + v_keyLength - 1 >= 0 /\\ -v_index.0 + v_keyLength - 1 >= 0 /\\ v_index.0 >= 0 ]", 0-1) = v_index.1
	S("eval_lookup_9(v_index.0, v_index.1, v_keyLength, v_range) -> Com_1(eval_lookup_bb1_in(v_index.0 + 1, v_index.1, v_keyLength, v_range)) [ v_keyLength - 1 >= 0 /\\ v_index.0 + v_keyLength - 1 >= 0 /\\ -v_index.0 + v_keyLength - 1 >= 0 /\\ v_index.0 >= 0 ]", 0-2) = v_keyLength
	S("eval_lookup_9(v_index.0, v_index.1, v_keyLength, v_range) -> Com_1(eval_lookup_bb1_in(v_index.0 + 1, v_index.1, v_keyLength, v_range)) [ v_keyLength - 1 >= 0 /\\ v_index.0 + v_keyLength - 1 >= 0 /\\ -v_index.0 + v_keyLength - 1 >= 0 /\\ v_index.0 >= 0 ]", 0-3) = v_range
	S("eval_lookup_8(v_index.0, v_index.1, v_keyLength, v_range) -> Com_2(eval_to_upper_start(v_index.0, v_index.1, v_keyLength, v_range), eval_lookup_9(v_index.0, v_index.1, v_keyLength, v_range)) [ v_keyLength - 1 >= 0 /\\ v_index.0 + v_keyLength - 1 >= 0 /\\ -v_index.0 + v_keyLength - 1 >= 0 /\\ v_index.0 >= 0 ]", 0-0) = v_keyLength
	S("eval_lookup_8(v_index.0, v_index.1, v_keyLength, v_range) -> Com_2(eval_to_upper_start(v_index.0, v_index.1, v_keyLength, v_range), eval_lookup_9(v_index.0, v_index.1, v_keyLength, v_range)) [ v_keyLength - 1 >= 0 /\\ v_index.0 + v_keyLength - 1 >= 0 /\\ -v_index.0 + v_keyLength - 1 >= 0 /\\ v_index.0 >= 0 ]", 0-1) = v_index.1
	S("eval_lookup_8(v_index.0, v_index.1, v_keyLength, v_range) -> Com_2(eval_to_upper_start(v_index.0, v_index.1, v_keyLength, v_range), eval_lookup_9(v_index.0, v_index.1, v_keyLength, v_range)) [ v_keyLength - 1 >= 0 /\\ v_index.0 + v_keyLength - 1 >= 0 /\\ -v_index.0 + v_keyLength - 1 >= 0 /\\ v_index.0 >= 0 ]", 0-2) = v_keyLength
	S("eval_lookup_8(v_index.0, v_index.1, v_keyLength, v_range) -> Com_2(eval_to_upper_start(v_index.0, v_index.1, v_keyLength, v_range), eval_lookup_9(v_index.0, v_index.1, v_keyLength, v_range)) [ v_keyLength - 1 >= 0 /\\ v_index.0 + v_keyLength - 1 >= 0 /\\ -v_index.0 + v_keyLength - 1 >= 0 /\\ v_index.0 >= 0 ]", 0-3) = v_range
	S("eval_lookup_8(v_index.0, v_index.1, v_keyLength, v_range) -> Com_2(eval_to_upper_start(v_index.0, v_index.1, v_keyLength, v_range), eval_lookup_9(v_index.0, v_index.1, v_keyLength, v_range)) [ v_keyLength - 1 >= 0 /\\ v_index.0 + v_keyLength - 1 >= 0 /\\ -v_index.0 + v_keyLength - 1 >= 0 /\\ v_index.0 >= 0 ]", 1-0) = v_keyLength
	S("eval_lookup_8(v_index.0, v_index.1, v_keyLength, v_range) -> Com_2(eval_to_upper_start(v_index.0, v_index.1, v_keyLength, v_range), eval_lookup_9(v_index.0, v_index.1, v_keyLength, v_range)) [ v_keyLength - 1 >= 0 /\\ v_index.0 + v_keyLength - 1 >= 0 /\\ -v_index.0 + v_keyLength - 1 >= 0 /\\ v_index.0 >= 0 ]", 1-1) = v_index.1
	S("eval_lookup_8(v_index.0, v_index.1, v_keyLength, v_range) -> Com_2(eval_to_upper_start(v_index.0, v_index.1, v_keyLength, v_range), eval_lookup_9(v_index.0, v_index.1, v_keyLength, v_range)) [ v_keyLength - 1 >= 0 /\\ v_index.0 + v_keyLength - 1 >= 0 /\\ -v_index.0 + v_keyLength - 1 >= 0 /\\ v_index.0 >= 0 ]", 1-2) = v_keyLength
	S("eval_lookup_8(v_index.0, v_index.1, v_keyLength, v_range) -> Com_2(eval_to_upper_start(v_index.0, v_index.1, v_keyLength, v_range), eval_lookup_9(v_index.0, v_index.1, v_keyLength, v_range)) [ v_keyLength - 1 >= 0 /\\ v_index.0 + v_keyLength - 1 >= 0 /\\ -v_index.0 + v_keyLength - 1 >= 0 /\\ v_index.0 >= 0 ]", 1-3) = v_range
	S("eval_lookup_bb1_in(v_index.0, v_index.1, v_keyLength, v_range) -> Com_1(eval_lookup_bb4_in(v_index.0, 0, v_keyLength, v_range)) [ v_index.0 >= 0 /\\ v_index.0 >= v_keyLength ]", 0-0) = v_keyLength
	S("eval_lookup_bb1_in(v_index.0, v_index.1, v_keyLength, v_range) -> Com_1(eval_lookup_bb4_in(v_index.0, 0, v_keyLength, v_range)) [ v_index.0 >= 0 /\\ v_index.0 >= v_keyLength ]", 0-1) = 0
	S("eval_lookup_bb1_in(v_index.0, v_index.1, v_keyLength, v_range) -> Com_1(eval_lookup_bb4_in(v_index.0, 0, v_keyLength, v_range)) [ v_index.0 >= 0 /\\ v_index.0 >= v_keyLength ]", 0-2) = v_keyLength
	S("eval_lookup_bb1_in(v_index.0, v_index.1, v_keyLength, v_range) -> Com_1(eval_lookup_bb4_in(v_index.0, 0, v_keyLength, v_range)) [ v_index.0 >= 0 /\\ v_index.0 >= v_keyLength ]", 0-3) = v_range
	S("eval_lookup_bb1_in(v_index.0, v_index.1, v_keyLength, v_range) -> Com_1(eval_lookup_8(v_index.0, v_index.1, v_keyLength, v_range)) [ v_index.0 >= 0 /\\ v_index.0 < v_keyLength ]", 0-0) = v_keyLength
	S("eval_lookup_bb1_in(v_index.0, v_index.1, v_keyLength, v_range) -> Com_1(eval_lookup_8(v_index.0, v_index.1, v_keyLength, v_range)) [ v_index.0 >= 0 /\\ v_index.0 < v_keyLength ]", 0-1) = v_index.1
	S("eval_lookup_bb1_in(v_index.0, v_index.1, v_keyLength, v_range) -> Com_1(eval_lookup_8(v_index.0, v_index.1, v_keyLength, v_range)) [ v_index.0 >= 0 /\\ v_index.0 < v_keyLength ]", 0-2) = v_keyLength
	S("eval_lookup_bb1_in(v_index.0, v_index.1, v_keyLength, v_range) -> Com_1(eval_lookup_8(v_index.0, v_index.1, v_keyLength, v_range)) [ v_index.0 >= 0 /\\ v_index.0 < v_keyLength ]", 0-3) = v_range
	S("eval_lookup_2(v_index.0, v_index.1, v_keyLength, v_range) -> Com_1(eval_lookup_bb1_in(0, v_index.1, v_keyLength, v_range))", 0-0) = 0
	S("eval_lookup_2(v_index.0, v_index.1, v_keyLength, v_range) -> Com_1(eval_lookup_bb1_in(0, v_index.1, v_keyLength, v_range))", 0-1) = v_index.1
	S("eval_lookup_2(v_index.0, v_index.1, v_keyLength, v_range) -> Com_1(eval_lookup_bb1_in(0, v_index.1, v_keyLength, v_range))", 0-2) = v_keyLength
	S("eval_lookup_2(v_index.0, v_index.1, v_keyLength, v_range) -> Com_1(eval_lookup_bb1_in(0, v_index.1, v_keyLength, v_range))", 0-3) = v_range
	S("eval_lookup_1(v_index.0, v_index.1, v_keyLength, v_range) -> Com_2(eval_strncpy_start(v_index.0, v_index.1, v_keyLength, v_range), eval_lookup_2(v_index.0, v_index.1, v_keyLength, v_range))", 0-0) = v_index.0
	S("eval_lookup_1(v_index.0, v_index.1, v_keyLength, v_range) -> Com_2(eval_strncpy_start(v_index.0, v_index.1, v_keyLength, v_range), eval_lookup_2(v_index.0, v_index.1, v_keyLength, v_range))", 0-1) = v_index.1
	S("eval_lookup_1(v_index.0, v_index.1, v_keyLength, v_range) -> Com_2(eval_strncpy_start(v_index.0, v_index.1, v_keyLength, v_range), eval_lookup_2(v_index.0, v_index.1, v_keyLength, v_range))", 0-2) = v_keyLength
	S("eval_lookup_1(v_index.0, v_index.1, v_keyLength, v_range) -> Com_2(eval_strncpy_start(v_index.0, v_index.1, v_keyLength, v_range), eval_lookup_2(v_index.0, v_index.1, v_keyLength, v_range))", 0-3) = v_range
	S("eval_lookup_1(v_index.0, v_index.1, v_keyLength, v_range) -> Com_2(eval_strncpy_start(v_index.0, v_index.1, v_keyLength, v_range), eval_lookup_2(v_index.0, v_index.1, v_keyLength, v_range))", 1-0) = v_index.0
	S("eval_lookup_1(v_index.0, v_index.1, v_keyLength, v_range) -> Com_2(eval_strncpy_start(v_index.0, v_index.1, v_keyLength, v_range), eval_lookup_2(v_index.0, v_index.1, v_keyLength, v_range))", 1-1) = v_index.1
	S("eval_lookup_1(v_index.0, v_index.1, v_keyLength, v_range) -> Com_2(eval_strncpy_start(v_index.0, v_index.1, v_keyLength, v_range), eval_lookup_2(v_index.0, v_index.1, v_keyLength, v_range))", 1-2) = v_keyLength
	S("eval_lookup_1(v_index.0, v_index.1, v_keyLength, v_range) -> Com_2(eval_strncpy_start(v_index.0, v_index.1, v_keyLength, v_range), eval_lookup_2(v_index.0, v_index.1, v_keyLength, v_range))", 1-3) = v_range
	S("eval_lookup_bb0_in(v_index.0, v_index.1, v_keyLength, v_range) -> Com_1(eval_lookup_1(v_index.0, v_index.1, v_keyLength, v_range))", 0-0) = v_index.0
	S("eval_lookup_bb0_in(v_index.0, v_index.1, v_keyLength, v_range) -> Com_1(eval_lookup_1(v_index.0, v_index.1, v_keyLength, v_range))", 0-1) = v_index.1
	S("eval_lookup_bb0_in(v_index.0, v_index.1, v_keyLength, v_range) -> Com_1(eval_lookup_1(v_index.0, v_index.1, v_keyLength, v_range))", 0-2) = v_keyLength
	S("eval_lookup_bb0_in(v_index.0, v_index.1, v_keyLength, v_range) -> Com_1(eval_lookup_1(v_index.0, v_index.1, v_keyLength, v_range))", 0-3) = v_range
	S("eval_lookup_start(v_index.0, v_index.1, v_keyLength, v_range) -> Com_1(eval_lookup_bb0_in(v_index.0, v_index.1, v_keyLength, v_range))", 0-0) = v_index.0
	S("eval_lookup_start(v_index.0, v_index.1, v_keyLength, v_range) -> Com_1(eval_lookup_bb0_in(v_index.0, v_index.1, v_keyLength, v_range))", 0-1) = v_index.1
	S("eval_lookup_start(v_index.0, v_index.1, v_keyLength, v_range) -> Com_1(eval_lookup_bb0_in(v_index.0, v_index.1, v_keyLength, v_range))", 0-2) = v_keyLength
	S("eval_lookup_start(v_index.0, v_index.1, v_keyLength, v_range) -> Com_1(eval_lookup_bb0_in(v_index.0, v_index.1, v_keyLength, v_range))", 0-3) = v_range
orients the transitions
	eval_lookup_bb8_in(v_index.0, v_index.1, v_keyLength, v_range) -> Com_1(eval_lookup_bb4_in(v_index.0, v_index.1 + 1, v_keyLength, v_range)) [ v_range - 1 >= 0 /\ v_index.1 + v_range - 1 >= 0 /\ -v_index.1 + v_range - 1 >= 0 /\ v_index.0 + v_range - 1 >= 0 /\ v_index.0 - v_keyLength >= 0 /\ v_index.1 >= 0 /\ v_index.0 + v_index.1 >= 0 /\ v_index.0 >= 0 ]
	eval_lookup_bb4_in(v_index.0, v_index.1, v_keyLength, v_range) -> Com_1(eval_lookup_18(v_index.0, v_index.1, v_keyLength, v_range)) [ v_index.0 - v_keyLength >= 0 /\ v_index.1 >= 0 /\ v_index.0 + v_index.1 >= 0 /\ v_index.0 >= 0 /\ v_index.1 < v_range ]
	eval_lookup_bb1_in(v_index.0, v_index.1, v_keyLength, v_range) -> Com_1(eval_lookup_8(v_index.0, v_index.1, v_keyLength, v_range)) [ v_index.0 >= 0 /\ v_index.0 < v_keyLength ]
	eval_lookup_9(v_index.0, v_index.1, v_keyLength, v_range) -> Com_1(eval_lookup_bb1_in(v_index.0 + 1, v_index.1, v_keyLength, v_range)) [ v_keyLength - 1 >= 0 /\ v_index.0 + v_keyLength - 1 >= 0 /\ -v_index.0 + v_keyLength - 1 >= 0 /\ v_index.0 >= 0 ]
	eval_lookup_8(v_index.0, v_index.1, v_keyLength, v_range) -> Com_2(eval_to_upper_start(v_index.0, v_index.1, v_keyLength, v_range), eval_lookup_9(v_index.0, v_index.1, v_keyLength, v_range)) [ v_keyLength - 1 >= 0 /\ v_index.0 + v_keyLength - 1 >= 0 /\ -v_index.0 + v_keyLength - 1 >= 0 /\ v_index.0 >= 0 ]
	eval_lookup_22(v_index.0, v_index.1, v_keyLength, v_range) -> Com_1(eval_lookup_bb8_in(v_index.0, v_index.1, v_keyLength, v_range)) [ v_range - 1 >= 0 /\ v_index.1 + v_range - 1 >= 0 /\ -v_index.1 + v_range - 1 >= 0 /\ v_index.0 + v_range - 1 >= 0 /\ v_index.0 - v_keyLength >= 0 /\ v_index.1 >= 0 /\ v_index.0 + v_index.1 >= 0 /\ v_index.0 >= 0 ]
	eval_lookup_21(v_index.0, v_index.1, v_keyLength, v_range) -> Com_2(eval_strlen_start(v_index.0, v_index.1, v_keyLength, v_range), eval_lookup_22(v_index.0, v_index.1, v_keyLength, v_range)) [ v_range - 1 >= 0 /\ v_index.1 + v_range - 1 >= 0 /\ -v_index.1 + v_range - 1 >= 0 /\ v_index.0 + v_range - 1 >= 0 /\ v_index.0 - v_keyLength >= 0 /\ v_index.1 >= 0 /\ v_index.0 + v_index.1 >= 0 /\ v_index.0 >= 0 ]
	eval_lookup_19(v_index.0, v_index.1, v_keyLength, v_range) -> Com_1(eval_lookup_bb8_in(v_index.0, v_index.1, v_keyLength, v_range)) [ v_range - 1 >= 0 /\ v_index.1 + v_range - 1 >= 0 /\ -v_index.1 + v_range - 1 >= 0 /\ v_index.0 + v_range - 1 >= 0 /\ v_index.0 - v_keyLength >= 0 /\ v_index.1 >= 0 /\ v_index.0 + v_index.1 >= 0 /\ v_index.0 >= 0 ]
	eval_lookup_19(v_index.0, v_index.1, v_keyLength, v_range) -> Com_1(eval_lookup_21(v_index.0, v_index.1, v_keyLength, v_range)) [ v_range - 1 >= 0 /\ v_index.1 + v_range - 1 >= 0 /\ -v_index.1 + v_range - 1 >= 0 /\ v_index.0 + v_range - 1 >= 0 /\ v_index.0 - v_keyLength >= 0 /\ v_index.1 >= 0 /\ v_index.0 + v_index.1 >= 0 /\ v_index.0 >= 0 ]
	eval_lookup_18(v_index.0, v_index.1, v_keyLength, v_range) -> Com_2(eval_strncmp_start(v_index.0, v_index.1, v_keyLength, v_range), eval_lookup_19(v_index.0, v_index.1, v_keyLength, v_range)) [ v_range - 1 >= 0 /\ v_index.1 + v_range - 1 >= 0 /\ -v_index.1 + v_range - 1 >= 0 /\ v_index.0 + v_range - 1 >= 0 /\ v_index.0 - v_keyLength >= 0 /\ v_index.1 >= 0 /\ v_index.0 + v_index.1 >= 0 /\ v_index.0 >= 0 ]
weakly and the transitions
	eval_lookup_bb8_in(v_index.0, v_index.1, v_keyLength, v_range) -> Com_1(eval_lookup_bb4_in(v_index.0, v_index.1 + 1, v_keyLength, v_range)) [ v_range - 1 >= 0 /\ v_index.1 + v_range - 1 >= 0 /\ -v_index.1 + v_range - 1 >= 0 /\ v_index.0 + v_range - 1 >= 0 /\ v_index.0 - v_keyLength >= 0 /\ v_index.1 >= 0 /\ v_index.0 + v_index.1 >= 0 /\ v_index.0 >= 0 ]
	eval_lookup_bb4_in(v_index.0, v_index.1, v_keyLength, v_range) -> Com_1(eval_lookup_18(v_index.0, v_index.1, v_keyLength, v_range)) [ v_index.0 - v_keyLength >= 0 /\ v_index.1 >= 0 /\ v_index.0 + v_index.1 >= 0 /\ v_index.0 >= 0 /\ v_index.1 < v_range ]
	eval_lookup_bb1_in(v_index.0, v_index.1, v_keyLength, v_range) -> Com_1(eval_lookup_8(v_index.0, v_index.1, v_keyLength, v_range)) [ v_index.0 >= 0 /\ v_index.0 < v_keyLength ]
	eval_lookup_9(v_index.0, v_index.1, v_keyLength, v_range) -> Com_1(eval_lookup_bb1_in(v_index.0 + 1, v_index.1, v_keyLength, v_range)) [ v_keyLength - 1 >= 0 /\ v_index.0 + v_keyLength - 1 >= 0 /\ -v_index.0 + v_keyLength - 1 >= 0 /\ v_index.0 >= 0 ]
	eval_lookup_8(v_index.0, v_index.1, v_keyLength, v_range) -> Com_2(eval_to_upper_start(v_index.0, v_index.1, v_keyLength, v_range), eval_lookup_9(v_index.0, v_index.1, v_keyLength, v_range)) [ v_keyLength - 1 >= 0 /\ v_index.0 + v_keyLength - 1 >= 0 /\ -v_index.0 + v_keyLength - 1 >= 0 /\ v_index.0 >= 0 ]
	eval_lookup_22(v_index.0, v_index.1, v_keyLength, v_range) -> Com_1(eval_lookup_bb8_in(v_index.0, v_index.1, v_keyLength, v_range)) [ v_range - 1 >= 0 /\ v_index.1 + v_range - 1 >= 0 /\ -v_index.1 + v_range - 1 >= 0 /\ v_index.0 + v_range - 1 >= 0 /\ v_index.0 - v_keyLength >= 0 /\ v_index.1 >= 0 /\ v_index.0 + v_index.1 >= 0 /\ v_index.0 >= 0 ]
	eval_lookup_21(v_index.0, v_index.1, v_keyLength, v_range) -> Com_2(eval_strlen_start(v_index.0, v_index.1, v_keyLength, v_range), eval_lookup_22(v_index.0, v_index.1, v_keyLength, v_range)) [ v_range - 1 >= 0 /\ v_index.1 + v_range - 1 >= 0 /\ -v_index.1 + v_range - 1 >= 0 /\ v_index.0 + v_range - 1 >= 0 /\ v_index.0 - v_keyLength >= 0 /\ v_index.1 >= 0 /\ v_index.0 + v_index.1 >= 0 /\ v_index.0 >= 0 ]
	eval_lookup_19(v_index.0, v_index.1, v_keyLength, v_range) -> Com_1(eval_lookup_bb8_in(v_index.0, v_index.1, v_keyLength, v_range)) [ v_range - 1 >= 0 /\ v_index.1 + v_range - 1 >= 0 /\ -v_index.1 + v_range - 1 >= 0 /\ v_index.0 + v_range - 1 >= 0 /\ v_index.0 - v_keyLength >= 0 /\ v_index.1 >= 0 /\ v_index.0 + v_index.1 >= 0 /\ v_index.0 >= 0 ]
	eval_lookup_19(v_index.0, v_index.1, v_keyLength, v_range) -> Com_1(eval_lookup_21(v_index.0, v_index.1, v_keyLength, v_range)) [ v_range - 1 >= 0 /\ v_index.1 + v_range - 1 >= 0 /\ -v_index.1 + v_range - 1 >= 0 /\ v_index.0 + v_range - 1 >= 0 /\ v_index.0 - v_keyLength >= 0 /\ v_index.1 >= 0 /\ v_index.0 + v_index.1 >= 0 /\ v_index.0 >= 0 ]
	eval_lookup_18(v_index.0, v_index.1, v_keyLength, v_range) -> Com_2(eval_strncmp_start(v_index.0, v_index.1, v_keyLength, v_range), eval_lookup_19(v_index.0, v_index.1, v_keyLength, v_range)) [ v_range - 1 >= 0 /\ v_index.1 + v_range - 1 >= 0 /\ -v_index.1 + v_range - 1 >= 0 /\ v_index.0 + v_range - 1 >= 0 /\ v_index.0 - v_keyLength >= 0 /\ v_index.1 >= 0 /\ v_index.0 + v_index.1 >= 0 /\ v_index.0 >= 0 ]
strictly and produces the following problem:
6:	T:
		(1, 1)                                 eval_lookup_start(v_index.0, v_index.1, v_keyLength, v_range) -> Com_1(eval_lookup_bb0_in(v_index.0, v_index.1, v_keyLength, v_range))
		(1, 1)                                 eval_lookup_bb0_in(v_index.0, v_index.1, v_keyLength, v_range) -> Com_1(eval_lookup_1(v_index.0, v_index.1, v_keyLength, v_range))
		(1, 1)                                 eval_lookup_1(v_index.0, v_index.1, v_keyLength, v_range) -> Com_2(eval_strncpy_start(v_index.0, v_index.1, v_keyLength, v_range), eval_lookup_2(v_index.0, v_index.1, v_keyLength, v_range))
		(1, 1)                                 eval_lookup_2(v_index.0, v_index.1, v_keyLength, v_range) -> Com_1(eval_lookup_bb1_in(0, v_index.1, v_keyLength, v_range))
		(36*v_range + 3*v_keyLength + 1, 1)    eval_lookup_bb1_in(v_index.0, v_index.1, v_keyLength, v_range) -> Com_1(eval_lookup_8(v_index.0, v_index.1, v_keyLength, v_range)) [ v_index.0 >= 0 /\ v_index.0 < v_keyLength ]
		(6, 1)                                 eval_lookup_bb1_in(v_index.0, v_index.1, v_keyLength, v_range) -> Com_1(eval_lookup_bb4_in(v_index.0, 0, v_keyLength, v_range)) [ v_index.0 >= 0 /\ v_index.0 >= v_keyLength ]
		(36*v_range + 3*v_keyLength + 1, 1)    eval_lookup_8(v_index.0, v_index.1, v_keyLength, v_range) -> Com_2(eval_to_upper_start(v_index.0, v_index.1, v_keyLength, v_range), eval_lookup_9(v_index.0, v_index.1, v_keyLength, v_range)) [ v_keyLength - 1 >= 0 /\ v_index.0 + v_keyLength - 1 >= 0 /\ -v_index.0 + v_keyLength - 1 >= 0 /\ v_index.0 >= 0 ]
		(36*v_range + 3*v_keyLength + 1, 1)    eval_lookup_9(v_index.0, v_index.1, v_keyLength, v_range) -> Com_1(eval_lookup_bb1_in(v_index.0 + 1, v_index.1, v_keyLength, v_range)) [ v_keyLength - 1 >= 0 /\ v_index.0 + v_keyLength - 1 >= 0 /\ -v_index.0 + v_keyLength - 1 >= 0 /\ v_index.0 >= 0 ]
		(36*v_range + 3*v_keyLength + 1, 1)    eval_lookup_bb4_in(v_index.0, v_index.1, v_keyLength, v_range) -> Com_1(eval_lookup_18(v_index.0, v_index.1, v_keyLength, v_range)) [ v_index.0 - v_keyLength >= 0 /\ v_index.1 >= 0 /\ v_index.0 + v_index.1 >= 0 /\ v_index.0 >= 0 /\ v_index.1 < v_range ]
		(6, 1)                                 eval_lookup_bb4_in(v_index.0, v_index.1, v_keyLength, v_range) -> Com_1(eval_lookup_27(v_index.0, v_index.1, v_keyLength, v_range)) [ v_index.0 - v_keyLength >= 0 /\ v_index.1 >= 0 /\ v_index.0 + v_index.1 >= 0 /\ v_index.0 >= 0 /\ v_index.1 >= v_range ]
		(6, 1)                                 eval_lookup_bb4_in(v_index.0, v_index.1, v_keyLength, v_range) -> Com_1(eval_lookup_NewDefault_in(v_index.0, v_index.1, v_keyLength, v_range)) [ v_index.0 - v_keyLength >= 0 /\ v_index.1 >= 0 /\ v_index.0 + v_index.1 >= 0 /\ v_index.0 >= 0 /\ v_index.1 >= v_range ]
		(6, 1)                                 eval_lookup_bb4_in(v_index.0, v_index.1, v_keyLength, v_range) -> Com_1(eval_lookup_bb12_in(v_index.0, v_index.1, v_keyLength, v_range)) [ v_index.0 - v_keyLength >= 0 /\ v_index.1 >= 0 /\ v_index.0 + v_index.1 >= 0 /\ v_index.0 >= 0 /\ v_index.1 >= v_range ]
		(36*v_range + 3*v_keyLength + 1, 1)    eval_lookup_18(v_index.0, v_index.1, v_keyLength, v_range) -> Com_2(eval_strncmp_start(v_index.0, v_index.1, v_keyLength, v_range), eval_lookup_19(v_index.0, v_index.1, v_keyLength, v_range)) [ v_range - 1 >= 0 /\ v_index.1 + v_range - 1 >= 0 /\ -v_index.1 + v_range - 1 >= 0 /\ v_index.0 + v_range - 1 >= 0 /\ v_index.0 - v_keyLength >= 0 /\ v_index.1 >= 0 /\ v_index.0 + v_index.1 >= 0 /\ v_index.0 >= 0 ]
		(36*v_range + 3*v_keyLength + 1, 1)    eval_lookup_19(v_index.0, v_index.1, v_keyLength, v_range) -> Com_1(eval_lookup_bb8_in(v_index.0, v_index.1, v_keyLength, v_range)) [ v_range - 1 >= 0 /\ v_index.1 + v_range - 1 >= 0 /\ -v_index.1 + v_range - 1 >= 0 /\ v_index.0 + v_range - 1 >= 0 /\ v_index.0 - v_keyLength >= 0 /\ v_index.1 >= 0 /\ v_index.0 + v_index.1 >= 0 /\ v_index.0 >= 0 ]
		(36*v_range + 3*v_keyLength + 1, 1)    eval_lookup_19(v_index.0, v_index.1, v_keyLength, v_range) -> Com_1(eval_lookup_21(v_index.0, v_index.1, v_keyLength, v_range)) [ v_range - 1 >= 0 /\ v_index.1 + v_range - 1 >= 0 /\ -v_index.1 + v_range - 1 >= 0 /\ v_index.0 + v_range - 1 >= 0 /\ v_index.0 - v_keyLength >= 0 /\ v_index.1 >= 0 /\ v_index.0 + v_index.1 >= 0 /\ v_index.0 >= 0 ]
		(36*v_range + 3*v_keyLength + 1, 1)    eval_lookup_21(v_index.0, v_index.1, v_keyLength, v_range) -> Com_2(eval_strlen_start(v_index.0, v_index.1, v_keyLength, v_range), eval_lookup_22(v_index.0, v_index.1, v_keyLength, v_range)) [ v_range - 1 >= 0 /\ v_index.1 + v_range - 1 >= 0 /\ -v_index.1 + v_range - 1 >= 0 /\ v_index.0 + v_range - 1 >= 0 /\ v_index.0 - v_keyLength >= 0 /\ v_index.1 >= 0 /\ v_index.0 + v_index.1 >= 0 /\ v_index.0 >= 0 ]
		(6, 1)                                 eval_lookup_22(v_index.0, v_index.1, v_keyLength, v_range) -> Com_1(eval_lookup_bb12_in(v_index.0, v_index.1, v_keyLength, v_range)) [ v_range - 1 >= 0 /\ v_index.1 + v_range - 1 >= 0 /\ -v_index.1 + v_range - 1 >= 0 /\ v_index.0 + v_range - 1 >= 0 /\ v_index.0 - v_keyLength >= 0 /\ v_index.1 >= 0 /\ v_index.0 + v_index.1 >= 0 /\ v_index.0 >= 0 ]
		(36*v_range + 3*v_keyLength + 1, 1)    eval_lookup_22(v_index.0, v_index.1, v_keyLength, v_range) -> Com_1(eval_lookup_bb8_in(v_index.0, v_index.1, v_keyLength, v_range)) [ v_range - 1 >= 0 /\ v_index.1 + v_range - 1 >= 0 /\ -v_index.1 + v_range - 1 >= 0 /\ v_index.0 + v_range - 1 >= 0 /\ v_index.0 - v_keyLength >= 0 /\ v_index.1 >= 0 /\ v_index.0 + v_index.1 >= 0 /\ v_index.0 >= 0 ]
		(36*v_range + 3*v_keyLength + 1, 1)    eval_lookup_bb8_in(v_index.0, v_index.1, v_keyLength, v_range) -> Com_1(eval_lookup_bb4_in(v_index.0, v_index.1 + 1, v_keyLength, v_range)) [ v_range - 1 >= 0 /\ v_index.1 + v_range - 1 >= 0 /\ -v_index.1 + v_range - 1 >= 0 /\ v_index.0 + v_range - 1 >= 0 /\ v_index.0 - v_keyLength >= 0 /\ v_index.1 >= 0 /\ v_index.0 + v_index.1 >= 0 /\ v_index.0 >= 0 ]
		(6, 1)                                 eval_lookup_27(v_index.0, v_index.1, v_keyLength, v_range) -> Com_2(eval_fprintf_start(v_index.0, v_index.1, v_keyLength, v_range), eval_lookup_28(v_index.0, v_index.1, v_keyLength, v_range)) [ v_index.1 - v_range >= 0 /\ v_index.0 - v_keyLength >= 0 /\ v_index.1 >= 0 /\ v_index.0 + v_index.1 >= 0 /\ v_index.0 >= 0 ]
		(6, 1)                                 eval_lookup_28(v_index.0, v_index.1, v_keyLength, v_range) -> Com_1(eval_lookup_bb12_in(v_index.0, v_index.1, v_keyLength, v_range)) [ v_index.1 - v_range >= 0 /\ v_index.0 - v_keyLength >= 0 /\ v_index.1 >= 0 /\ v_index.0 + v_index.1 >= 0 /\ v_index.0 >= 0 ]
		(6, 1)                                 eval_lookup_NewDefault_in(v_index.0, v_index.1, v_keyLength, v_range) -> Com_1(eval_lookup_29(v_index.0, v_index.1, v_keyLength, v_range)) [ v_index.1 - v_range >= 0 /\ v_index.0 - v_keyLength >= 0 /\ v_index.1 >= 0 /\ v_index.0 + v_index.1 >= 0 /\ v_index.0 >= 0 ]
		(6, 1)                                 eval_lookup_29(v_index.0, v_index.1, v_keyLength, v_range) -> Com_2(eval_fprintf_start(v_index.0, v_index.1, v_keyLength, v_range), eval_lookup_30(v_index.0, v_index.1, v_keyLength, v_range)) [ v_index.1 - v_range >= 0 /\ v_index.0 - v_keyLength >= 0 /\ v_index.1 >= 0 /\ v_index.0 + v_index.1 >= 0 /\ v_index.0 >= 0 ]
		(6, 1)                                 eval_lookup_30(v_index.0, v_index.1, v_keyLength, v_range) -> Com_1(eval_lookup_bb12_in(v_index.0, v_index.1, v_keyLength, v_range)) [ v_index.1 - v_range >= 0 /\ v_index.0 - v_keyLength >= 0 /\ v_index.1 >= 0 /\ v_index.0 + v_index.1 >= 0 /\ v_index.0 >= 0 ]
		(6, 1)                                 eval_lookup_bb12_in(v_index.0, v_index.1, v_keyLength, v_range) -> Com_1(eval_lookup_stop(v_index.0, v_index.1, v_keyLength, v_range)) [ v_index.0 - v_keyLength >= 0 /\ v_index.1 >= 0 /\ v_index.0 + v_index.1 >= 0 /\ v_index.0 >= 0 ]
	start location:	eval_lookup_start
	leaf cost:	0

Complexity upper bound 360*v_range + 30*v_keyLength + 80

Time: 1.297 sec (SMT: 0.874 sec)
