MAYBE

Initial complexity problem:
1:	T:
		(1, 1)    eval_getpubusersig_start(v_11, v_28, v_7, v_8, v_user_position) -> Com_1(eval_getpubusersig_bb0_in(v_11, v_28, v_7, v_8, v_user_position))
		(?, 1)    eval_getpubusersig_bb0_in(v_11, v_28, v_7, v_8, v_user_position) -> Com_1(eval_getpubusersig_0(v_11, v_28, v_7, v_8, v_user_position))
		(?, 1)    eval_getpubusersig_0(v_11, v_28, v_7, v_8, v_user_position) -> Com_2(eval_fopen_start(v_11, v_28, v_7, v_8, v_user_position), eval_getpubusersig_1(v_11, v_28, v_7, v_8, v_user_position))
		(?, 1)    eval_getpubusersig_1(v_11, v_28, v_7, v_8, v_user_position) -> Com_1(eval_getpubusersig_bb9_in(v_11, v_28, v_7, v_8, v_user_position))
		(?, 1)    eval_getpubusersig_1(v_11, v_28, v_7, v_8, v_user_position) -> Com_1(eval_getpubusersig_2(v_11, v_28, v_7, v_8, v_user_position))
		(?, 1)    eval_getpubusersig_2(v_11, v_28, v_7, v_8, v_user_position) -> Com_2(eval_fseek_start(v_11, v_28, v_7, v_8, v_user_position), eval_getpubusersig_3(v_11, v_28, v_7, v_8, v_user_position))
		(?, 1)    eval_getpubusersig_3(v_11, v_28, v_7, v_8, v_user_position) -> Com_2(eval_nextkeypacket_start(v_11, v_28, v_7, v_8, v_user_position), eval_getpubusersig_4(v_11, v_28, v_7, v_8, v_user_position))
		(?, 1)    eval_getpubusersig_4(v_11, v_28, v_7, v_8, v_user_position) -> Com_1(eval_getpubusersig_bb2_in(v_11, v_28, v_7, v_8, v_user_position))
		(?, 1)    eval_getpubusersig_bb2_in(v_11, v_28, v_7, v_8, v_user_position) -> Com_1(eval_getpubusersig_5(v_11, v_28, v_7, v_8, v_user_position))
		(?, 1)    eval_getpubusersig_5(v_11, v_28, v_7, v_8, v_user_position) -> Com_2(eval_ftell_start(v_11, v_28, v_7, v_8, v_user_position), eval_getpubusersig_6(v_11, v_28, nondef.2, v_8, v_user_position))
		(?, 1)    eval_getpubusersig_6(v_11, v_28, v_7, v_8, v_user_position) -> Com_2(eval_readkeypacket_start(v_11, v_28, v_7, v_8, v_user_position), eval_getpubusersig_7(v_11, v_28, v_7, nondef.3, v_user_position))
		(?, 1)    eval_getpubusersig_7(v_11, v_28, v_7, v_8, v_user_position) -> Com_1(eval_getpubusersig_bb5_in(v_11, v_28, v_7, v_8, v_user_position)) [ v_8 < 0 ]
		(?, 1)    eval_getpubusersig_7(v_11, v_28, v_7, v_8, v_user_position) -> Com_1(eval_getpubusersig_10(nondef.4, v_28, v_7, v_8, v_user_position)) [ v_8 >= 0 ]
		(?, 1)    eval_getpubusersig_10(v_11, v_28, v_7, v_8, v_user_position) -> Com_2(eval_is_key_ctb_start(v_11, v_28, v_7, v_8, v_user_position), eval_getpubusersig_11(v_11, v_28, v_7, v_8, v_user_position))
		(?, 1)    eval_getpubusersig_11(v_11, v_28, v_7, v_8, v_user_position) -> Com_1(eval_getpubusersig_bb5_in(v_11, v_28, v_7, v_8, v_user_position))
		(?, 1)    eval_getpubusersig_11(v_11, v_28, v_7, v_8, v_user_position) -> Com_1(eval_getpubusersig_22(v_11, v_28, v_7, v_8, v_user_position))
		(?, 1)    eval_getpubusersig_11(v_11, v_28, v_7, v_8, v_user_position) -> Com_1(eval_getpubusersig_bb2_in(v_11, v_28, v_7, v_8, v_user_position))
		(?, 1)    eval_getpubusersig_bb5_in(v_11, v_28, v_7, v_8, v_user_position) -> Com_1(eval_getpubusersig_15(v_11, v_28, v_7, v_8, v_user_position))
		(?, 1)    eval_getpubusersig_15(v_11, v_28, v_7, v_8, v_user_position) -> Com_2(eval_fclose_start(v_11, v_28, v_7, v_8, v_user_position), eval_getpubusersig_16(v_11, v_28, v_7, v_8, v_user_position))
		(?, 1)    eval_getpubusersig_16(v_11, v_28, v_7, v_8, v_user_position) -> Com_1(eval_getpubusersig_bb9_in(v_11, v_28, v_7, v_8, v_user_position))
		(?, 1)    eval_getpubusersig_22(v_11, v_28, v_7, v_8, v_user_position) -> Com_2(eval_memcmp_start(v_11, v_28, v_7, v_8, v_user_position), eval_getpubusersig_23(v_11, v_28, v_7, v_8, v_user_position))
		(?, 1)    eval_getpubusersig_23(v_11, v_28, v_7, v_8, v_user_position) -> Com_1(eval_getpubusersig_bb2_in(v_11, v_28, v_7, v_8, v_user_position))
		(?, 1)    eval_getpubusersig_23(v_11, v_28, v_7, v_8, v_user_position) -> Com_1(eval_getpubusersig_25(v_11, v_28, v_7, v_8, v_user_position))
		(?, 1)    eval_getpubusersig_25(v_11, v_28, v_7, v_8, v_user_position) -> Com_2(eval_ftell_start(v_11, v_28, v_7, v_8, v_user_position), eval_getpubusersig_26(v_11, v_28, v_7, v_8, v_user_position))
		(?, 1)    eval_getpubusersig_26(v_11, v_28, v_7, v_8, v_user_position) -> Com_1(eval_getpubusersig_30(v_11, v_7 + 6, v_7, v_8, v_user_position))
		(?, 1)    eval_getpubusersig_30(v_11, v_28, v_7, v_8, v_user_position) -> Com_2(eval_fseek_start(v_11, v_28, v_7, v_8, v_user_position), eval_getpubusersig_31(v_11, v_28, v_7, v_8, v_user_position))
		(?, 1)    eval_getpubusersig_31(v_11, v_28, v_7, v_8, v_user_position) -> Com_2(eval_fread_start(v_11, v_28, v_7, v_8, v_user_position), eval_getpubusersig_32(v_11, v_28, v_7, v_8, v_user_position))
		(?, 1)    eval_getpubusersig_32(v_11, v_28, v_7, v_8, v_user_position) -> Com_2(eval_hiloswap_start(v_11, v_28, v_7, v_8, v_user_position), eval_getpubusersig_33(v_11, v_28, v_7, v_8, v_user_position))
		(?, 1)    eval_getpubusersig_33(v_11, v_28, v_7, v_8, v_user_position) -> Com_2(eval_fclose_start(v_11, v_28, v_7, v_8, v_user_position), eval_getpubusersig_34(v_11, v_28, v_7, v_8, v_user_position))
		(?, 1)    eval_getpubusersig_34(v_11, v_28, v_7, v_8, v_user_position) -> Com_1(eval_getpubusersig_bb9_in(v_11, v_28, v_7, v_8, v_user_position))
		(?, 1)    eval_getpubusersig_bb9_in(v_11, v_28, v_7, v_8, v_user_position) -> Com_1(eval_getpubusersig_stop(v_11, v_28, v_7, v_8, v_user_position))
	start location:	eval_getpubusersig_start
	leaf cost:	0

Slicing away variables that do not contribute to conditions from problem 1 leaves variables [v_8].
We thus obtain the following problem:
2:	T:
		(?, 1)    eval_getpubusersig_bb9_in(v_8) -> Com_1(eval_getpubusersig_stop(v_8))
		(?, 1)    eval_getpubusersig_34(v_8) -> Com_1(eval_getpubusersig_bb9_in(v_8))
		(?, 1)    eval_getpubusersig_33(v_8) -> Com_2(eval_fclose_start(v_8), eval_getpubusersig_34(v_8))
		(?, 1)    eval_getpubusersig_32(v_8) -> Com_2(eval_hiloswap_start(v_8), eval_getpubusersig_33(v_8))
		(?, 1)    eval_getpubusersig_31(v_8) -> Com_2(eval_fread_start(v_8), eval_getpubusersig_32(v_8))
		(?, 1)    eval_getpubusersig_30(v_8) -> Com_2(eval_fseek_start(v_8), eval_getpubusersig_31(v_8))
		(?, 1)    eval_getpubusersig_26(v_8) -> Com_1(eval_getpubusersig_30(v_8))
		(?, 1)    eval_getpubusersig_25(v_8) -> Com_2(eval_ftell_start(v_8), eval_getpubusersig_26(v_8))
		(?, 1)    eval_getpubusersig_23(v_8) -> Com_1(eval_getpubusersig_25(v_8))
		(?, 1)    eval_getpubusersig_23(v_8) -> Com_1(eval_getpubusersig_bb2_in(v_8))
		(?, 1)    eval_getpubusersig_22(v_8) -> Com_2(eval_memcmp_start(v_8), eval_getpubusersig_23(v_8))
		(?, 1)    eval_getpubusersig_16(v_8) -> Com_1(eval_getpubusersig_bb9_in(v_8))
		(?, 1)    eval_getpubusersig_15(v_8) -> Com_2(eval_fclose_start(v_8), eval_getpubusersig_16(v_8))
		(?, 1)    eval_getpubusersig_bb5_in(v_8) -> Com_1(eval_getpubusersig_15(v_8))
		(?, 1)    eval_getpubusersig_11(v_8) -> Com_1(eval_getpubusersig_bb2_in(v_8))
		(?, 1)    eval_getpubusersig_11(v_8) -> Com_1(eval_getpubusersig_22(v_8))
		(?, 1)    eval_getpubusersig_11(v_8) -> Com_1(eval_getpubusersig_bb5_in(v_8))
		(?, 1)    eval_getpubusersig_10(v_8) -> Com_2(eval_is_key_ctb_start(v_8), eval_getpubusersig_11(v_8))
		(?, 1)    eval_getpubusersig_7(v_8) -> Com_1(eval_getpubusersig_10(v_8)) [ v_8 >= 0 ]
		(?, 1)    eval_getpubusersig_7(v_8) -> Com_1(eval_getpubusersig_bb5_in(v_8)) [ v_8 < 0 ]
		(?, 1)    eval_getpubusersig_6(v_8) -> Com_2(eval_readkeypacket_start(v_8), eval_getpubusersig_7(nondef.3))
		(?, 1)    eval_getpubusersig_5(v_8) -> Com_2(eval_ftell_start(v_8), eval_getpubusersig_6(v_8))
		(?, 1)    eval_getpubusersig_bb2_in(v_8) -> Com_1(eval_getpubusersig_5(v_8))
		(?, 1)    eval_getpubusersig_4(v_8) -> Com_1(eval_getpubusersig_bb2_in(v_8))
		(?, 1)    eval_getpubusersig_3(v_8) -> Com_2(eval_nextkeypacket_start(v_8), eval_getpubusersig_4(v_8))
		(?, 1)    eval_getpubusersig_2(v_8) -> Com_2(eval_fseek_start(v_8), eval_getpubusersig_3(v_8))
		(?, 1)    eval_getpubusersig_1(v_8) -> Com_1(eval_getpubusersig_2(v_8))
		(?, 1)    eval_getpubusersig_1(v_8) -> Com_1(eval_getpubusersig_bb9_in(v_8))
		(?, 1)    eval_getpubusersig_0(v_8) -> Com_2(eval_fopen_start(v_8), eval_getpubusersig_1(v_8))
		(?, 1)    eval_getpubusersig_bb0_in(v_8) -> Com_1(eval_getpubusersig_0(v_8))
		(1, 1)    eval_getpubusersig_start(v_8) -> Com_1(eval_getpubusersig_bb0_in(v_8))
	start location:	eval_getpubusersig_start
	leaf cost:	0

Repeatedly propagating knowledge in problem 2 produces the following problem:
3:	T:
		(?, 1)    eval_getpubusersig_bb9_in(v_8) -> Com_1(eval_getpubusersig_stop(v_8))
		(?, 1)    eval_getpubusersig_34(v_8) -> Com_1(eval_getpubusersig_bb9_in(v_8))
		(?, 1)    eval_getpubusersig_33(v_8) -> Com_2(eval_fclose_start(v_8), eval_getpubusersig_34(v_8))
		(?, 1)    eval_getpubusersig_32(v_8) -> Com_2(eval_hiloswap_start(v_8), eval_getpubusersig_33(v_8))
		(?, 1)    eval_getpubusersig_31(v_8) -> Com_2(eval_fread_start(v_8), eval_getpubusersig_32(v_8))
		(?, 1)    eval_getpubusersig_30(v_8) -> Com_2(eval_fseek_start(v_8), eval_getpubusersig_31(v_8))
		(?, 1)    eval_getpubusersig_26(v_8) -> Com_1(eval_getpubusersig_30(v_8))
		(?, 1)    eval_getpubusersig_25(v_8) -> Com_2(eval_ftell_start(v_8), eval_getpubusersig_26(v_8))
		(?, 1)    eval_getpubusersig_23(v_8) -> Com_1(eval_getpubusersig_25(v_8))
		(?, 1)    eval_getpubusersig_23(v_8) -> Com_1(eval_getpubusersig_bb2_in(v_8))
		(?, 1)    eval_getpubusersig_22(v_8) -> Com_2(eval_memcmp_start(v_8), eval_getpubusersig_23(v_8))
		(?, 1)    eval_getpubusersig_16(v_8) -> Com_1(eval_getpubusersig_bb9_in(v_8))
		(?, 1)    eval_getpubusersig_15(v_8) -> Com_2(eval_fclose_start(v_8), eval_getpubusersig_16(v_8))
		(?, 1)    eval_getpubusersig_bb5_in(v_8) -> Com_1(eval_getpubusersig_15(v_8))
		(?, 1)    eval_getpubusersig_11(v_8) -> Com_1(eval_getpubusersig_bb2_in(v_8))
		(?, 1)    eval_getpubusersig_11(v_8) -> Com_1(eval_getpubusersig_22(v_8))
		(?, 1)    eval_getpubusersig_11(v_8) -> Com_1(eval_getpubusersig_bb5_in(v_8))
		(?, 1)    eval_getpubusersig_10(v_8) -> Com_2(eval_is_key_ctb_start(v_8), eval_getpubusersig_11(v_8))
		(?, 1)    eval_getpubusersig_7(v_8) -> Com_1(eval_getpubusersig_10(v_8)) [ v_8 >= 0 ]
		(?, 1)    eval_getpubusersig_7(v_8) -> Com_1(eval_getpubusersig_bb5_in(v_8)) [ v_8 < 0 ]
		(?, 1)    eval_getpubusersig_6(v_8) -> Com_2(eval_readkeypacket_start(v_8), eval_getpubusersig_7(nondef.3))
		(?, 1)    eval_getpubusersig_5(v_8) -> Com_2(eval_ftell_start(v_8), eval_getpubusersig_6(v_8))
		(?, 1)    eval_getpubusersig_bb2_in(v_8) -> Com_1(eval_getpubusersig_5(v_8))
		(1, 1)    eval_getpubusersig_4(v_8) -> Com_1(eval_getpubusersig_bb2_in(v_8))
		(1, 1)    eval_getpubusersig_3(v_8) -> Com_2(eval_nextkeypacket_start(v_8), eval_getpubusersig_4(v_8))
		(1, 1)    eval_getpubusersig_2(v_8) -> Com_2(eval_fseek_start(v_8), eval_getpubusersig_3(v_8))
		(1, 1)    eval_getpubusersig_1(v_8) -> Com_1(eval_getpubusersig_2(v_8))
		(1, 1)    eval_getpubusersig_1(v_8) -> Com_1(eval_getpubusersig_bb9_in(v_8))
		(1, 1)    eval_getpubusersig_0(v_8) -> Com_2(eval_fopen_start(v_8), eval_getpubusersig_1(v_8))
		(1, 1)    eval_getpubusersig_bb0_in(v_8) -> Com_1(eval_getpubusersig_0(v_8))
		(1, 1)    eval_getpubusersig_start(v_8) -> Com_1(eval_getpubusersig_bb0_in(v_8))
	start location:	eval_getpubusersig_start
	leaf cost:	0

A polynomial rank function with
	Pol(eval_getpubusersig_bb9_in) = 1
	Pol(eval_getpubusersig_stop) = 0
	Pol(eval_getpubusersig_34) = 2
	Pol(eval_getpubusersig_33) = 3
	Pol(eval_fclose_start) = 0
	Pol(eval_getpubusersig_32) = 4
	Pol(eval_hiloswap_start) = 0
	Pol(eval_getpubusersig_31) = 5
	Pol(eval_fread_start) = 0
	Pol(eval_getpubusersig_30) = 6
	Pol(eval_fseek_start) = 0
	Pol(eval_getpubusersig_26) = 7
	Pol(eval_getpubusersig_25) = 8
	Pol(eval_ftell_start) = 0
	Pol(eval_getpubusersig_23) = 9
	Pol(eval_getpubusersig_bb2_in) = 9
	Pol(eval_getpubusersig_22) = 9
	Pol(eval_memcmp_start) = 0
	Pol(eval_getpubusersig_16) = 2
	Pol(eval_getpubusersig_15) = 3
	Pol(eval_getpubusersig_bb5_in) = 4
	Pol(eval_getpubusersig_11) = 9
	Pol(eval_getpubusersig_10) = 9
	Pol(eval_is_key_ctb_start) = 0
	Pol(eval_getpubusersig_7) = 9
	Pol(eval_getpubusersig_6) = 9
	Pol(eval_readkeypacket_start) = 0
	Pol(eval_getpubusersig_5) = 9
	Pol(eval_getpubusersig_4) = 9
	Pol(eval_getpubusersig_3) = 9
	Pol(eval_nextkeypacket_start) = 0
	Pol(eval_getpubusersig_2) = 9
	Pol(eval_getpubusersig_1) = 9
	Pol(eval_getpubusersig_0) = 9
	Pol(eval_fopen_start) = 0
	Pol(eval_getpubusersig_bb0_in) = 9
	Pol(eval_getpubusersig_start) = 9
orients all transitions weakly and the transitions
	eval_getpubusersig_bb9_in(v_8) -> Com_1(eval_getpubusersig_stop(v_8))
	eval_getpubusersig_bb5_in(v_8) -> Com_1(eval_getpubusersig_15(v_8))
	eval_getpubusersig_7(v_8) -> Com_1(eval_getpubusersig_bb5_in(v_8)) [ v_8 < 0 ]
	eval_getpubusersig_34(v_8) -> Com_1(eval_getpubusersig_bb9_in(v_8))
	eval_getpubusersig_33(v_8) -> Com_2(eval_fclose_start(v_8), eval_getpubusersig_34(v_8))
	eval_getpubusersig_32(v_8) -> Com_2(eval_hiloswap_start(v_8), eval_getpubusersig_33(v_8))
	eval_getpubusersig_31(v_8) -> Com_2(eval_fread_start(v_8), eval_getpubusersig_32(v_8))
	eval_getpubusersig_30(v_8) -> Com_2(eval_fseek_start(v_8), eval_getpubusersig_31(v_8))
	eval_getpubusersig_26(v_8) -> Com_1(eval_getpubusersig_30(v_8))
	eval_getpubusersig_25(v_8) -> Com_2(eval_ftell_start(v_8), eval_getpubusersig_26(v_8))
	eval_getpubusersig_23(v_8) -> Com_1(eval_getpubusersig_25(v_8))
	eval_getpubusersig_16(v_8) -> Com_1(eval_getpubusersig_bb9_in(v_8))
	eval_getpubusersig_15(v_8) -> Com_2(eval_fclose_start(v_8), eval_getpubusersig_16(v_8))
	eval_getpubusersig_11(v_8) -> Com_1(eval_getpubusersig_bb5_in(v_8))
strictly and produces the following problem:
4:	T:
		(9, 1)    eval_getpubusersig_bb9_in(v_8) -> Com_1(eval_getpubusersig_stop(v_8))
		(9, 1)    eval_getpubusersig_34(v_8) -> Com_1(eval_getpubusersig_bb9_in(v_8))
		(9, 1)    eval_getpubusersig_33(v_8) -> Com_2(eval_fclose_start(v_8), eval_getpubusersig_34(v_8))
		(9, 1)    eval_getpubusersig_32(v_8) -> Com_2(eval_hiloswap_start(v_8), eval_getpubusersig_33(v_8))
		(9, 1)    eval_getpubusersig_31(v_8) -> Com_2(eval_fread_start(v_8), eval_getpubusersig_32(v_8))
		(9, 1)    eval_getpubusersig_30(v_8) -> Com_2(eval_fseek_start(v_8), eval_getpubusersig_31(v_8))
		(9, 1)    eval_getpubusersig_26(v_8) -> Com_1(eval_getpubusersig_30(v_8))
		(9, 1)    eval_getpubusersig_25(v_8) -> Com_2(eval_ftell_start(v_8), eval_getpubusersig_26(v_8))
		(9, 1)    eval_getpubusersig_23(v_8) -> Com_1(eval_getpubusersig_25(v_8))
		(?, 1)    eval_getpubusersig_23(v_8) -> Com_1(eval_getpubusersig_bb2_in(v_8))
		(?, 1)    eval_getpubusersig_22(v_8) -> Com_2(eval_memcmp_start(v_8), eval_getpubusersig_23(v_8))
		(9, 1)    eval_getpubusersig_16(v_8) -> Com_1(eval_getpubusersig_bb9_in(v_8))
		(9, 1)    eval_getpubusersig_15(v_8) -> Com_2(eval_fclose_start(v_8), eval_getpubusersig_16(v_8))
		(9, 1)    eval_getpubusersig_bb5_in(v_8) -> Com_1(eval_getpubusersig_15(v_8))
		(?, 1)    eval_getpubusersig_11(v_8) -> Com_1(eval_getpubusersig_bb2_in(v_8))
		(?, 1)    eval_getpubusersig_11(v_8) -> Com_1(eval_getpubusersig_22(v_8))
		(9, 1)    eval_getpubusersig_11(v_8) -> Com_1(eval_getpubusersig_bb5_in(v_8))
		(?, 1)    eval_getpubusersig_10(v_8) -> Com_2(eval_is_key_ctb_start(v_8), eval_getpubusersig_11(v_8))
		(?, 1)    eval_getpubusersig_7(v_8) -> Com_1(eval_getpubusersig_10(v_8)) [ v_8 >= 0 ]
		(9, 1)    eval_getpubusersig_7(v_8) -> Com_1(eval_getpubusersig_bb5_in(v_8)) [ v_8 < 0 ]
		(?, 1)    eval_getpubusersig_6(v_8) -> Com_2(eval_readkeypacket_start(v_8), eval_getpubusersig_7(nondef.3))
		(?, 1)    eval_getpubusersig_5(v_8) -> Com_2(eval_ftell_start(v_8), eval_getpubusersig_6(v_8))
		(?, 1)    eval_getpubusersig_bb2_in(v_8) -> Com_1(eval_getpubusersig_5(v_8))
		(1, 1)    eval_getpubusersig_4(v_8) -> Com_1(eval_getpubusersig_bb2_in(v_8))
		(1, 1)    eval_getpubusersig_3(v_8) -> Com_2(eval_nextkeypacket_start(v_8), eval_getpubusersig_4(v_8))
		(1, 1)    eval_getpubusersig_2(v_8) -> Com_2(eval_fseek_start(v_8), eval_getpubusersig_3(v_8))
		(1, 1)    eval_getpubusersig_1(v_8) -> Com_1(eval_getpubusersig_2(v_8))
		(1, 1)    eval_getpubusersig_1(v_8) -> Com_1(eval_getpubusersig_bb9_in(v_8))
		(1, 1)    eval_getpubusersig_0(v_8) -> Com_2(eval_fopen_start(v_8), eval_getpubusersig_1(v_8))
		(1, 1)    eval_getpubusersig_bb0_in(v_8) -> Com_1(eval_getpubusersig_0(v_8))
		(1, 1)    eval_getpubusersig_start(v_8) -> Com_1(eval_getpubusersig_bb0_in(v_8))
	start location:	eval_getpubusersig_start
	leaf cost:	0

Applied AI with 'oct' on problem 4 to obtain the following invariants:
  For symbol eval_getpubusersig_10: X_1 >= 0
  For symbol eval_getpubusersig_11: X_1 >= 0
  For symbol eval_getpubusersig_22: X_1 >= 0
  For symbol eval_getpubusersig_23: X_1 >= 0
  For symbol eval_getpubusersig_25: X_1 >= 0
  For symbol eval_getpubusersig_26: X_1 >= 0
  For symbol eval_getpubusersig_30: X_1 >= 0
  For symbol eval_getpubusersig_31: X_1 >= 0
  For symbol eval_getpubusersig_32: X_1 >= 0
  For symbol eval_getpubusersig_33: X_1 >= 0
  For symbol eval_getpubusersig_34: X_1 >= 0


This yielded the following problem:
5:	T:
		(1, 1)    eval_getpubusersig_start(v_8) -> Com_1(eval_getpubusersig_bb0_in(v_8))
		(1, 1)    eval_getpubusersig_bb0_in(v_8) -> Com_1(eval_getpubusersig_0(v_8))
		(1, 1)    eval_getpubusersig_0(v_8) -> Com_2(eval_fopen_start(v_8), eval_getpubusersig_1(v_8))
		(1, 1)    eval_getpubusersig_1(v_8) -> Com_1(eval_getpubusersig_bb9_in(v_8))
		(1, 1)    eval_getpubusersig_1(v_8) -> Com_1(eval_getpubusersig_2(v_8))
		(1, 1)    eval_getpubusersig_2(v_8) -> Com_2(eval_fseek_start(v_8), eval_getpubusersig_3(v_8))
		(1, 1)    eval_getpubusersig_3(v_8) -> Com_2(eval_nextkeypacket_start(v_8), eval_getpubusersig_4(v_8))
		(1, 1)    eval_getpubusersig_4(v_8) -> Com_1(eval_getpubusersig_bb2_in(v_8))
		(?, 1)    eval_getpubusersig_bb2_in(v_8) -> Com_1(eval_getpubusersig_5(v_8))
		(?, 1)    eval_getpubusersig_5(v_8) -> Com_2(eval_ftell_start(v_8), eval_getpubusersig_6(v_8))
		(?, 1)    eval_getpubusersig_6(v_8) -> Com_2(eval_readkeypacket_start(v_8), eval_getpubusersig_7(nondef.3))
		(9, 1)    eval_getpubusersig_7(v_8) -> Com_1(eval_getpubusersig_bb5_in(v_8)) [ v_8 < 0 ]
		(?, 1)    eval_getpubusersig_7(v_8) -> Com_1(eval_getpubusersig_10(v_8)) [ v_8 >= 0 ]
		(?, 1)    eval_getpubusersig_10(v_8) -> Com_2(eval_is_key_ctb_start(v_8), eval_getpubusersig_11(v_8)) [ v_8 >= 0 ]
		(9, 1)    eval_getpubusersig_11(v_8) -> Com_1(eval_getpubusersig_bb5_in(v_8)) [ v_8 >= 0 ]
		(?, 1)    eval_getpubusersig_11(v_8) -> Com_1(eval_getpubusersig_22(v_8)) [ v_8 >= 0 ]
		(?, 1)    eval_getpubusersig_11(v_8) -> Com_1(eval_getpubusersig_bb2_in(v_8)) [ v_8 >= 0 ]
		(9, 1)    eval_getpubusersig_bb5_in(v_8) -> Com_1(eval_getpubusersig_15(v_8))
		(9, 1)    eval_getpubusersig_15(v_8) -> Com_2(eval_fclose_start(v_8), eval_getpubusersig_16(v_8))
		(9, 1)    eval_getpubusersig_16(v_8) -> Com_1(eval_getpubusersig_bb9_in(v_8))
		(?, 1)    eval_getpubusersig_22(v_8) -> Com_2(eval_memcmp_start(v_8), eval_getpubusersig_23(v_8)) [ v_8 >= 0 ]
		(?, 1)    eval_getpubusersig_23(v_8) -> Com_1(eval_getpubusersig_bb2_in(v_8)) [ v_8 >= 0 ]
		(9, 1)    eval_getpubusersig_23(v_8) -> Com_1(eval_getpubusersig_25(v_8)) [ v_8 >= 0 ]
		(9, 1)    eval_getpubusersig_25(v_8) -> Com_2(eval_ftell_start(v_8), eval_getpubusersig_26(v_8)) [ v_8 >= 0 ]
		(9, 1)    eval_getpubusersig_26(v_8) -> Com_1(eval_getpubusersig_30(v_8)) [ v_8 >= 0 ]
		(9, 1)    eval_getpubusersig_30(v_8) -> Com_2(eval_fseek_start(v_8), eval_getpubusersig_31(v_8)) [ v_8 >= 0 ]
		(9, 1)    eval_getpubusersig_31(v_8) -> Com_2(eval_fread_start(v_8), eval_getpubusersig_32(v_8)) [ v_8 >= 0 ]
		(9, 1)    eval_getpubusersig_32(v_8) -> Com_2(eval_hiloswap_start(v_8), eval_getpubusersig_33(v_8)) [ v_8 >= 0 ]
		(9, 1)    eval_getpubusersig_33(v_8) -> Com_2(eval_fclose_start(v_8), eval_getpubusersig_34(v_8)) [ v_8 >= 0 ]
		(9, 1)    eval_getpubusersig_34(v_8) -> Com_1(eval_getpubusersig_bb9_in(v_8)) [ v_8 >= 0 ]
		(9, 1)    eval_getpubusersig_bb9_in(v_8) -> Com_1(eval_getpubusersig_stop(v_8))
	start location:	eval_getpubusersig_start
	leaf cost:	0

By chaining the transition eval_getpubusersig_start(v_8) -> Com_1(eval_getpubusersig_bb0_in(v_8)) with all transitions in problem 5, the following new transition is obtained:
	eval_getpubusersig_start(v_8) -> Com_1(eval_getpubusersig_0(v_8))
We thus obtain the following problem:
6:	T:
		(1, 2)    eval_getpubusersig_start(v_8) -> Com_1(eval_getpubusersig_0(v_8))
		(1, 1)    eval_getpubusersig_bb0_in(v_8) -> Com_1(eval_getpubusersig_0(v_8))
		(1, 1)    eval_getpubusersig_0(v_8) -> Com_2(eval_fopen_start(v_8), eval_getpubusersig_1(v_8))
		(1, 1)    eval_getpubusersig_1(v_8) -> Com_1(eval_getpubusersig_bb9_in(v_8))
		(1, 1)    eval_getpubusersig_1(v_8) -> Com_1(eval_getpubusersig_2(v_8))
		(1, 1)    eval_getpubusersig_2(v_8) -> Com_2(eval_fseek_start(v_8), eval_getpubusersig_3(v_8))
		(1, 1)    eval_getpubusersig_3(v_8) -> Com_2(eval_nextkeypacket_start(v_8), eval_getpubusersig_4(v_8))
		(1, 1)    eval_getpubusersig_4(v_8) -> Com_1(eval_getpubusersig_bb2_in(v_8))
		(?, 1)    eval_getpubusersig_bb2_in(v_8) -> Com_1(eval_getpubusersig_5(v_8))
		(?, 1)    eval_getpubusersig_5(v_8) -> Com_2(eval_ftell_start(v_8), eval_getpubusersig_6(v_8))
		(?, 1)    eval_getpubusersig_6(v_8) -> Com_2(eval_readkeypacket_start(v_8), eval_getpubusersig_7(nondef.3))
		(9, 1)    eval_getpubusersig_7(v_8) -> Com_1(eval_getpubusersig_bb5_in(v_8)) [ v_8 < 0 ]
		(?, 1)    eval_getpubusersig_7(v_8) -> Com_1(eval_getpubusersig_10(v_8)) [ v_8 >= 0 ]
		(?, 1)    eval_getpubusersig_10(v_8) -> Com_2(eval_is_key_ctb_start(v_8), eval_getpubusersig_11(v_8)) [ v_8 >= 0 ]
		(9, 1)    eval_getpubusersig_11(v_8) -> Com_1(eval_getpubusersig_bb5_in(v_8)) [ v_8 >= 0 ]
		(?, 1)    eval_getpubusersig_11(v_8) -> Com_1(eval_getpubusersig_22(v_8)) [ v_8 >= 0 ]
		(?, 1)    eval_getpubusersig_11(v_8) -> Com_1(eval_getpubusersig_bb2_in(v_8)) [ v_8 >= 0 ]
		(9, 1)    eval_getpubusersig_bb5_in(v_8) -> Com_1(eval_getpubusersig_15(v_8))
		(9, 1)    eval_getpubusersig_15(v_8) -> Com_2(eval_fclose_start(v_8), eval_getpubusersig_16(v_8))
		(9, 1)    eval_getpubusersig_16(v_8) -> Com_1(eval_getpubusersig_bb9_in(v_8))
		(?, 1)    eval_getpubusersig_22(v_8) -> Com_2(eval_memcmp_start(v_8), eval_getpubusersig_23(v_8)) [ v_8 >= 0 ]
		(?, 1)    eval_getpubusersig_23(v_8) -> Com_1(eval_getpubusersig_bb2_in(v_8)) [ v_8 >= 0 ]
		(9, 1)    eval_getpubusersig_23(v_8) -> Com_1(eval_getpubusersig_25(v_8)) [ v_8 >= 0 ]
		(9, 1)    eval_getpubusersig_25(v_8) -> Com_2(eval_ftell_start(v_8), eval_getpubusersig_26(v_8)) [ v_8 >= 0 ]
		(9, 1)    eval_getpubusersig_26(v_8) -> Com_1(eval_getpubusersig_30(v_8)) [ v_8 >= 0 ]
		(9, 1)    eval_getpubusersig_30(v_8) -> Com_2(eval_fseek_start(v_8), eval_getpubusersig_31(v_8)) [ v_8 >= 0 ]
		(9, 1)    eval_getpubusersig_31(v_8) -> Com_2(eval_fread_start(v_8), eval_getpubusersig_32(v_8)) [ v_8 >= 0 ]
		(9, 1)    eval_getpubusersig_32(v_8) -> Com_2(eval_hiloswap_start(v_8), eval_getpubusersig_33(v_8)) [ v_8 >= 0 ]
		(9, 1)    eval_getpubusersig_33(v_8) -> Com_2(eval_fclose_start(v_8), eval_getpubusersig_34(v_8)) [ v_8 >= 0 ]
		(9, 1)    eval_getpubusersig_34(v_8) -> Com_1(eval_getpubusersig_bb9_in(v_8)) [ v_8 >= 0 ]
		(9, 1)    eval_getpubusersig_bb9_in(v_8) -> Com_1(eval_getpubusersig_stop(v_8))
	start location:	eval_getpubusersig_start
	leaf cost:	0

Testing for reachability in the complexity graph removes the following transition from problem 6:
	eval_getpubusersig_bb0_in(v_8) -> Com_1(eval_getpubusersig_0(v_8))
We thus obtain the following problem:
7:	T:
		(9, 1)    eval_getpubusersig_34(v_8) -> Com_1(eval_getpubusersig_bb9_in(v_8)) [ v_8 >= 0 ]
		(9, 1)    eval_getpubusersig_33(v_8) -> Com_2(eval_fclose_start(v_8), eval_getpubusersig_34(v_8)) [ v_8 >= 0 ]
		(9, 1)    eval_getpubusersig_32(v_8) -> Com_2(eval_hiloswap_start(v_8), eval_getpubusersig_33(v_8)) [ v_8 >= 0 ]
		(9, 1)    eval_getpubusersig_31(v_8) -> Com_2(eval_fread_start(v_8), eval_getpubusersig_32(v_8)) [ v_8 >= 0 ]
		(9, 1)    eval_getpubusersig_30(v_8) -> Com_2(eval_fseek_start(v_8), eval_getpubusersig_31(v_8)) [ v_8 >= 0 ]
		(9, 1)    eval_getpubusersig_26(v_8) -> Com_1(eval_getpubusersig_30(v_8)) [ v_8 >= 0 ]
		(9, 1)    eval_getpubusersig_25(v_8) -> Com_2(eval_ftell_start(v_8), eval_getpubusersig_26(v_8)) [ v_8 >= 0 ]
		(9, 1)    eval_getpubusersig_23(v_8) -> Com_1(eval_getpubusersig_25(v_8)) [ v_8 >= 0 ]
		(?, 1)    eval_getpubusersig_23(v_8) -> Com_1(eval_getpubusersig_bb2_in(v_8)) [ v_8 >= 0 ]
		(9, 1)    eval_getpubusersig_16(v_8) -> Com_1(eval_getpubusersig_bb9_in(v_8))
		(?, 1)    eval_getpubusersig_22(v_8) -> Com_2(eval_memcmp_start(v_8), eval_getpubusersig_23(v_8)) [ v_8 >= 0 ]
		(9, 1)    eval_getpubusersig_15(v_8) -> Com_2(eval_fclose_start(v_8), eval_getpubusersig_16(v_8))
		(?, 1)    eval_getpubusersig_11(v_8) -> Com_1(eval_getpubusersig_bb2_in(v_8)) [ v_8 >= 0 ]
		(?, 1)    eval_getpubusersig_11(v_8) -> Com_1(eval_getpubusersig_22(v_8)) [ v_8 >= 0 ]
		(9, 1)    eval_getpubusersig_11(v_8) -> Com_1(eval_getpubusersig_bb5_in(v_8)) [ v_8 >= 0 ]
		(?, 1)    eval_getpubusersig_10(v_8) -> Com_2(eval_is_key_ctb_start(v_8), eval_getpubusersig_11(v_8)) [ v_8 >= 0 ]
		(9, 1)    eval_getpubusersig_bb5_in(v_8) -> Com_1(eval_getpubusersig_15(v_8))
		(?, 1)    eval_getpubusersig_7(v_8) -> Com_1(eval_getpubusersig_10(v_8)) [ v_8 >= 0 ]
		(9, 1)    eval_getpubusersig_7(v_8) -> Com_1(eval_getpubusersig_bb5_in(v_8)) [ v_8 < 0 ]
		(?, 1)    eval_getpubusersig_6(v_8) -> Com_2(eval_readkeypacket_start(v_8), eval_getpubusersig_7(nondef.3))
		(?, 1)    eval_getpubusersig_5(v_8) -> Com_2(eval_ftell_start(v_8), eval_getpubusersig_6(v_8))
		(?, 1)    eval_getpubusersig_bb2_in(v_8) -> Com_1(eval_getpubusersig_5(v_8))
		(1, 1)    eval_getpubusersig_4(v_8) -> Com_1(eval_getpubusersig_bb2_in(v_8))
		(1, 1)    eval_getpubusersig_3(v_8) -> Com_2(eval_nextkeypacket_start(v_8), eval_getpubusersig_4(v_8))
		(1, 1)    eval_getpubusersig_2(v_8) -> Com_2(eval_fseek_start(v_8), eval_getpubusersig_3(v_8))
		(9, 1)    eval_getpubusersig_bb9_in(v_8) -> Com_1(eval_getpubusersig_stop(v_8))
		(1, 1)    eval_getpubusersig_1(v_8) -> Com_1(eval_getpubusersig_2(v_8))
		(1, 1)    eval_getpubusersig_1(v_8) -> Com_1(eval_getpubusersig_bb9_in(v_8))
		(1, 1)    eval_getpubusersig_0(v_8) -> Com_2(eval_fopen_start(v_8), eval_getpubusersig_1(v_8))
		(1, 2)    eval_getpubusersig_start(v_8) -> Com_1(eval_getpubusersig_0(v_8))
	start location:	eval_getpubusersig_start
	leaf cost:	0

By chaining the transition eval_getpubusersig_34(v_8) -> Com_1(eval_getpubusersig_bb9_in(v_8)) [ v_8 >= 0 ] with all transitions in problem 7, the following new transition is obtained:
	eval_getpubusersig_34(v_8) -> Com_1(eval_getpubusersig_stop(v_8)) [ v_8 >= 0 ]
We thus obtain the following problem:
8:	T:
		(9, 2)    eval_getpubusersig_34(v_8) -> Com_1(eval_getpubusersig_stop(v_8)) [ v_8 >= 0 ]
		(9, 1)    eval_getpubusersig_33(v_8) -> Com_2(eval_fclose_start(v_8), eval_getpubusersig_34(v_8)) [ v_8 >= 0 ]
		(9, 1)    eval_getpubusersig_32(v_8) -> Com_2(eval_hiloswap_start(v_8), eval_getpubusersig_33(v_8)) [ v_8 >= 0 ]
		(9, 1)    eval_getpubusersig_31(v_8) -> Com_2(eval_fread_start(v_8), eval_getpubusersig_32(v_8)) [ v_8 >= 0 ]
		(9, 1)    eval_getpubusersig_30(v_8) -> Com_2(eval_fseek_start(v_8), eval_getpubusersig_31(v_8)) [ v_8 >= 0 ]
		(9, 1)    eval_getpubusersig_26(v_8) -> Com_1(eval_getpubusersig_30(v_8)) [ v_8 >= 0 ]
		(9, 1)    eval_getpubusersig_25(v_8) -> Com_2(eval_ftell_start(v_8), eval_getpubusersig_26(v_8)) [ v_8 >= 0 ]
		(9, 1)    eval_getpubusersig_23(v_8) -> Com_1(eval_getpubusersig_25(v_8)) [ v_8 >= 0 ]
		(?, 1)    eval_getpubusersig_23(v_8) -> Com_1(eval_getpubusersig_bb2_in(v_8)) [ v_8 >= 0 ]
		(9, 1)    eval_getpubusersig_16(v_8) -> Com_1(eval_getpubusersig_bb9_in(v_8))
		(?, 1)    eval_getpubusersig_22(v_8) -> Com_2(eval_memcmp_start(v_8), eval_getpubusersig_23(v_8)) [ v_8 >= 0 ]
		(9, 1)    eval_getpubusersig_15(v_8) -> Com_2(eval_fclose_start(v_8), eval_getpubusersig_16(v_8))
		(?, 1)    eval_getpubusersig_11(v_8) -> Com_1(eval_getpubusersig_bb2_in(v_8)) [ v_8 >= 0 ]
		(?, 1)    eval_getpubusersig_11(v_8) -> Com_1(eval_getpubusersig_22(v_8)) [ v_8 >= 0 ]
		(9, 1)    eval_getpubusersig_11(v_8) -> Com_1(eval_getpubusersig_bb5_in(v_8)) [ v_8 >= 0 ]
		(?, 1)    eval_getpubusersig_10(v_8) -> Com_2(eval_is_key_ctb_start(v_8), eval_getpubusersig_11(v_8)) [ v_8 >= 0 ]
		(9, 1)    eval_getpubusersig_bb5_in(v_8) -> Com_1(eval_getpubusersig_15(v_8))
		(?, 1)    eval_getpubusersig_7(v_8) -> Com_1(eval_getpubusersig_10(v_8)) [ v_8 >= 0 ]
		(9, 1)    eval_getpubusersig_7(v_8) -> Com_1(eval_getpubusersig_bb5_in(v_8)) [ v_8 < 0 ]
		(?, 1)    eval_getpubusersig_6(v_8) -> Com_2(eval_readkeypacket_start(v_8), eval_getpubusersig_7(nondef.3))
		(?, 1)    eval_getpubusersig_5(v_8) -> Com_2(eval_ftell_start(v_8), eval_getpubusersig_6(v_8))
		(?, 1)    eval_getpubusersig_bb2_in(v_8) -> Com_1(eval_getpubusersig_5(v_8))
		(1, 1)    eval_getpubusersig_4(v_8) -> Com_1(eval_getpubusersig_bb2_in(v_8))
		(1, 1)    eval_getpubusersig_3(v_8) -> Com_2(eval_nextkeypacket_start(v_8), eval_getpubusersig_4(v_8))
		(1, 1)    eval_getpubusersig_2(v_8) -> Com_2(eval_fseek_start(v_8), eval_getpubusersig_3(v_8))
		(9, 1)    eval_getpubusersig_bb9_in(v_8) -> Com_1(eval_getpubusersig_stop(v_8))
		(1, 1)    eval_getpubusersig_1(v_8) -> Com_1(eval_getpubusersig_2(v_8))
		(1, 1)    eval_getpubusersig_1(v_8) -> Com_1(eval_getpubusersig_bb9_in(v_8))
		(1, 1)    eval_getpubusersig_0(v_8) -> Com_2(eval_fopen_start(v_8), eval_getpubusersig_1(v_8))
		(1, 2)    eval_getpubusersig_start(v_8) -> Com_1(eval_getpubusersig_0(v_8))
	start location:	eval_getpubusersig_start
	leaf cost:	0

By chaining the transition eval_getpubusersig_26(v_8) -> Com_1(eval_getpubusersig_30(v_8)) [ v_8 >= 0 ] with all transitions in problem 8, the following new transition is obtained:
	eval_getpubusersig_26(v_8) -> Com_2(eval_fseek_start(v_8), eval_getpubusersig_31(v_8)) [ v_8 >= 0 ]
We thus obtain the following problem:
9:	T:
		(9, 2)    eval_getpubusersig_26(v_8) -> Com_2(eval_fseek_start(v_8), eval_getpubusersig_31(v_8)) [ v_8 >= 0 ]
		(9, 2)    eval_getpubusersig_34(v_8) -> Com_1(eval_getpubusersig_stop(v_8)) [ v_8 >= 0 ]
		(9, 1)    eval_getpubusersig_33(v_8) -> Com_2(eval_fclose_start(v_8), eval_getpubusersig_34(v_8)) [ v_8 >= 0 ]
		(9, 1)    eval_getpubusersig_32(v_8) -> Com_2(eval_hiloswap_start(v_8), eval_getpubusersig_33(v_8)) [ v_8 >= 0 ]
		(9, 1)    eval_getpubusersig_31(v_8) -> Com_2(eval_fread_start(v_8), eval_getpubusersig_32(v_8)) [ v_8 >= 0 ]
		(9, 1)    eval_getpubusersig_30(v_8) -> Com_2(eval_fseek_start(v_8), eval_getpubusersig_31(v_8)) [ v_8 >= 0 ]
		(9, 1)    eval_getpubusersig_25(v_8) -> Com_2(eval_ftell_start(v_8), eval_getpubusersig_26(v_8)) [ v_8 >= 0 ]
		(9, 1)    eval_getpubusersig_23(v_8) -> Com_1(eval_getpubusersig_25(v_8)) [ v_8 >= 0 ]
		(?, 1)    eval_getpubusersig_23(v_8) -> Com_1(eval_getpubusersig_bb2_in(v_8)) [ v_8 >= 0 ]
		(9, 1)    eval_getpubusersig_16(v_8) -> Com_1(eval_getpubusersig_bb9_in(v_8))
		(?, 1)    eval_getpubusersig_22(v_8) -> Com_2(eval_memcmp_start(v_8), eval_getpubusersig_23(v_8)) [ v_8 >= 0 ]
		(9, 1)    eval_getpubusersig_15(v_8) -> Com_2(eval_fclose_start(v_8), eval_getpubusersig_16(v_8))
		(?, 1)    eval_getpubusersig_11(v_8) -> Com_1(eval_getpubusersig_bb2_in(v_8)) [ v_8 >= 0 ]
		(?, 1)    eval_getpubusersig_11(v_8) -> Com_1(eval_getpubusersig_22(v_8)) [ v_8 >= 0 ]
		(9, 1)    eval_getpubusersig_11(v_8) -> Com_1(eval_getpubusersig_bb5_in(v_8)) [ v_8 >= 0 ]
		(?, 1)    eval_getpubusersig_10(v_8) -> Com_2(eval_is_key_ctb_start(v_8), eval_getpubusersig_11(v_8)) [ v_8 >= 0 ]
		(9, 1)    eval_getpubusersig_bb5_in(v_8) -> Com_1(eval_getpubusersig_15(v_8))
		(?, 1)    eval_getpubusersig_7(v_8) -> Com_1(eval_getpubusersig_10(v_8)) [ v_8 >= 0 ]
		(9, 1)    eval_getpubusersig_7(v_8) -> Com_1(eval_getpubusersig_bb5_in(v_8)) [ v_8 < 0 ]
		(?, 1)    eval_getpubusersig_6(v_8) -> Com_2(eval_readkeypacket_start(v_8), eval_getpubusersig_7(nondef.3))
		(?, 1)    eval_getpubusersig_5(v_8) -> Com_2(eval_ftell_start(v_8), eval_getpubusersig_6(v_8))
		(?, 1)    eval_getpubusersig_bb2_in(v_8) -> Com_1(eval_getpubusersig_5(v_8))
		(1, 1)    eval_getpubusersig_4(v_8) -> Com_1(eval_getpubusersig_bb2_in(v_8))
		(1, 1)    eval_getpubusersig_3(v_8) -> Com_2(eval_nextkeypacket_start(v_8), eval_getpubusersig_4(v_8))
		(1, 1)    eval_getpubusersig_2(v_8) -> Com_2(eval_fseek_start(v_8), eval_getpubusersig_3(v_8))
		(9, 1)    eval_getpubusersig_bb9_in(v_8) -> Com_1(eval_getpubusersig_stop(v_8))
		(1, 1)    eval_getpubusersig_1(v_8) -> Com_1(eval_getpubusersig_2(v_8))
		(1, 1)    eval_getpubusersig_1(v_8) -> Com_1(eval_getpubusersig_bb9_in(v_8))
		(1, 1)    eval_getpubusersig_0(v_8) -> Com_2(eval_fopen_start(v_8), eval_getpubusersig_1(v_8))
		(1, 2)    eval_getpubusersig_start(v_8) -> Com_1(eval_getpubusersig_0(v_8))
	start location:	eval_getpubusersig_start
	leaf cost:	0

Testing for reachability in the complexity graph removes the following transition from problem 9:
	eval_getpubusersig_30(v_8) -> Com_2(eval_fseek_start(v_8), eval_getpubusersig_31(v_8)) [ v_8 >= 0 ]
We thus obtain the following problem:
10:	T:
		(9, 2)    eval_getpubusersig_34(v_8) -> Com_1(eval_getpubusersig_stop(v_8)) [ v_8 >= 0 ]
		(9, 1)    eval_getpubusersig_33(v_8) -> Com_2(eval_fclose_start(v_8), eval_getpubusersig_34(v_8)) [ v_8 >= 0 ]
		(9, 1)    eval_getpubusersig_32(v_8) -> Com_2(eval_hiloswap_start(v_8), eval_getpubusersig_33(v_8)) [ v_8 >= 0 ]
		(9, 1)    eval_getpubusersig_31(v_8) -> Com_2(eval_fread_start(v_8), eval_getpubusersig_32(v_8)) [ v_8 >= 0 ]
		(9, 2)    eval_getpubusersig_26(v_8) -> Com_2(eval_fseek_start(v_8), eval_getpubusersig_31(v_8)) [ v_8 >= 0 ]
		(9, 1)    eval_getpubusersig_25(v_8) -> Com_2(eval_ftell_start(v_8), eval_getpubusersig_26(v_8)) [ v_8 >= 0 ]
		(9, 1)    eval_getpubusersig_23(v_8) -> Com_1(eval_getpubusersig_25(v_8)) [ v_8 >= 0 ]
		(?, 1)    eval_getpubusersig_23(v_8) -> Com_1(eval_getpubusersig_bb2_in(v_8)) [ v_8 >= 0 ]
		(9, 1)    eval_getpubusersig_16(v_8) -> Com_1(eval_getpubusersig_bb9_in(v_8))
		(?, 1)    eval_getpubusersig_22(v_8) -> Com_2(eval_memcmp_start(v_8), eval_getpubusersig_23(v_8)) [ v_8 >= 0 ]
		(9, 1)    eval_getpubusersig_15(v_8) -> Com_2(eval_fclose_start(v_8), eval_getpubusersig_16(v_8))
		(?, 1)    eval_getpubusersig_11(v_8) -> Com_1(eval_getpubusersig_bb2_in(v_8)) [ v_8 >= 0 ]
		(?, 1)    eval_getpubusersig_11(v_8) -> Com_1(eval_getpubusersig_22(v_8)) [ v_8 >= 0 ]
		(9, 1)    eval_getpubusersig_11(v_8) -> Com_1(eval_getpubusersig_bb5_in(v_8)) [ v_8 >= 0 ]
		(?, 1)    eval_getpubusersig_10(v_8) -> Com_2(eval_is_key_ctb_start(v_8), eval_getpubusersig_11(v_8)) [ v_8 >= 0 ]
		(9, 1)    eval_getpubusersig_bb5_in(v_8) -> Com_1(eval_getpubusersig_15(v_8))
		(?, 1)    eval_getpubusersig_7(v_8) -> Com_1(eval_getpubusersig_10(v_8)) [ v_8 >= 0 ]
		(9, 1)    eval_getpubusersig_7(v_8) -> Com_1(eval_getpubusersig_bb5_in(v_8)) [ v_8 < 0 ]
		(?, 1)    eval_getpubusersig_6(v_8) -> Com_2(eval_readkeypacket_start(v_8), eval_getpubusersig_7(nondef.3))
		(?, 1)    eval_getpubusersig_5(v_8) -> Com_2(eval_ftell_start(v_8), eval_getpubusersig_6(v_8))
		(?, 1)    eval_getpubusersig_bb2_in(v_8) -> Com_1(eval_getpubusersig_5(v_8))
		(1, 1)    eval_getpubusersig_4(v_8) -> Com_1(eval_getpubusersig_bb2_in(v_8))
		(1, 1)    eval_getpubusersig_3(v_8) -> Com_2(eval_nextkeypacket_start(v_8), eval_getpubusersig_4(v_8))
		(1, 1)    eval_getpubusersig_2(v_8) -> Com_2(eval_fseek_start(v_8), eval_getpubusersig_3(v_8))
		(9, 1)    eval_getpubusersig_bb9_in(v_8) -> Com_1(eval_getpubusersig_stop(v_8))
		(1, 1)    eval_getpubusersig_1(v_8) -> Com_1(eval_getpubusersig_2(v_8))
		(1, 1)    eval_getpubusersig_1(v_8) -> Com_1(eval_getpubusersig_bb9_in(v_8))
		(1, 1)    eval_getpubusersig_0(v_8) -> Com_2(eval_fopen_start(v_8), eval_getpubusersig_1(v_8))
		(1, 2)    eval_getpubusersig_start(v_8) -> Com_1(eval_getpubusersig_0(v_8))
	start location:	eval_getpubusersig_start
	leaf cost:	0

By chaining the transition eval_getpubusersig_23(v_8) -> Com_1(eval_getpubusersig_25(v_8)) [ v_8 >= 0 ] with all transitions in problem 10, the following new transition is obtained:
	eval_getpubusersig_23(v_8) -> Com_2(eval_ftell_start(v_8), eval_getpubusersig_26(v_8)) [ v_8 >= 0 ]
We thus obtain the following problem:
11:	T:
		(9, 2)    eval_getpubusersig_23(v_8) -> Com_2(eval_ftell_start(v_8), eval_getpubusersig_26(v_8)) [ v_8 >= 0 ]
		(9, 2)    eval_getpubusersig_34(v_8) -> Com_1(eval_getpubusersig_stop(v_8)) [ v_8 >= 0 ]
		(9, 1)    eval_getpubusersig_33(v_8) -> Com_2(eval_fclose_start(v_8), eval_getpubusersig_34(v_8)) [ v_8 >= 0 ]
		(9, 1)    eval_getpubusersig_32(v_8) -> Com_2(eval_hiloswap_start(v_8), eval_getpubusersig_33(v_8)) [ v_8 >= 0 ]
		(9, 1)    eval_getpubusersig_31(v_8) -> Com_2(eval_fread_start(v_8), eval_getpubusersig_32(v_8)) [ v_8 >= 0 ]
		(9, 2)    eval_getpubusersig_26(v_8) -> Com_2(eval_fseek_start(v_8), eval_getpubusersig_31(v_8)) [ v_8 >= 0 ]
		(9, 1)    eval_getpubusersig_25(v_8) -> Com_2(eval_ftell_start(v_8), eval_getpubusersig_26(v_8)) [ v_8 >= 0 ]
		(?, 1)    eval_getpubusersig_23(v_8) -> Com_1(eval_getpubusersig_bb2_in(v_8)) [ v_8 >= 0 ]
		(9, 1)    eval_getpubusersig_16(v_8) -> Com_1(eval_getpubusersig_bb9_in(v_8))
		(?, 1)    eval_getpubusersig_22(v_8) -> Com_2(eval_memcmp_start(v_8), eval_getpubusersig_23(v_8)) [ v_8 >= 0 ]
		(9, 1)    eval_getpubusersig_15(v_8) -> Com_2(eval_fclose_start(v_8), eval_getpubusersig_16(v_8))
		(?, 1)    eval_getpubusersig_11(v_8) -> Com_1(eval_getpubusersig_bb2_in(v_8)) [ v_8 >= 0 ]
		(?, 1)    eval_getpubusersig_11(v_8) -> Com_1(eval_getpubusersig_22(v_8)) [ v_8 >= 0 ]
		(9, 1)    eval_getpubusersig_11(v_8) -> Com_1(eval_getpubusersig_bb5_in(v_8)) [ v_8 >= 0 ]
		(?, 1)    eval_getpubusersig_10(v_8) -> Com_2(eval_is_key_ctb_start(v_8), eval_getpubusersig_11(v_8)) [ v_8 >= 0 ]
		(9, 1)    eval_getpubusersig_bb5_in(v_8) -> Com_1(eval_getpubusersig_15(v_8))
		(?, 1)    eval_getpubusersig_7(v_8) -> Com_1(eval_getpubusersig_10(v_8)) [ v_8 >= 0 ]
		(9, 1)    eval_getpubusersig_7(v_8) -> Com_1(eval_getpubusersig_bb5_in(v_8)) [ v_8 < 0 ]
		(?, 1)    eval_getpubusersig_6(v_8) -> Com_2(eval_readkeypacket_start(v_8), eval_getpubusersig_7(nondef.3))
		(?, 1)    eval_getpubusersig_5(v_8) -> Com_2(eval_ftell_start(v_8), eval_getpubusersig_6(v_8))
		(?, 1)    eval_getpubusersig_bb2_in(v_8) -> Com_1(eval_getpubusersig_5(v_8))
		(1, 1)    eval_getpubusersig_4(v_8) -> Com_1(eval_getpubusersig_bb2_in(v_8))
		(1, 1)    eval_getpubusersig_3(v_8) -> Com_2(eval_nextkeypacket_start(v_8), eval_getpubusersig_4(v_8))
		(1, 1)    eval_getpubusersig_2(v_8) -> Com_2(eval_fseek_start(v_8), eval_getpubusersig_3(v_8))
		(9, 1)    eval_getpubusersig_bb9_in(v_8) -> Com_1(eval_getpubusersig_stop(v_8))
		(1, 1)    eval_getpubusersig_1(v_8) -> Com_1(eval_getpubusersig_2(v_8))
		(1, 1)    eval_getpubusersig_1(v_8) -> Com_1(eval_getpubusersig_bb9_in(v_8))
		(1, 1)    eval_getpubusersig_0(v_8) -> Com_2(eval_fopen_start(v_8), eval_getpubusersig_1(v_8))
		(1, 2)    eval_getpubusersig_start(v_8) -> Com_1(eval_getpubusersig_0(v_8))
	start location:	eval_getpubusersig_start
	leaf cost:	0

Testing for reachability in the complexity graph removes the following transition from problem 11:
	eval_getpubusersig_25(v_8) -> Com_2(eval_ftell_start(v_8), eval_getpubusersig_26(v_8)) [ v_8 >= 0 ]
We thus obtain the following problem:
12:	T:
		(9, 2)    eval_getpubusersig_34(v_8) -> Com_1(eval_getpubusersig_stop(v_8)) [ v_8 >= 0 ]
		(9, 1)    eval_getpubusersig_33(v_8) -> Com_2(eval_fclose_start(v_8), eval_getpubusersig_34(v_8)) [ v_8 >= 0 ]
		(9, 1)    eval_getpubusersig_32(v_8) -> Com_2(eval_hiloswap_start(v_8), eval_getpubusersig_33(v_8)) [ v_8 >= 0 ]
		(9, 1)    eval_getpubusersig_31(v_8) -> Com_2(eval_fread_start(v_8), eval_getpubusersig_32(v_8)) [ v_8 >= 0 ]
		(9, 2)    eval_getpubusersig_26(v_8) -> Com_2(eval_fseek_start(v_8), eval_getpubusersig_31(v_8)) [ v_8 >= 0 ]
		(9, 2)    eval_getpubusersig_23(v_8) -> Com_2(eval_ftell_start(v_8), eval_getpubusersig_26(v_8)) [ v_8 >= 0 ]
		(?, 1)    eval_getpubusersig_23(v_8) -> Com_1(eval_getpubusersig_bb2_in(v_8)) [ v_8 >= 0 ]
		(9, 1)    eval_getpubusersig_16(v_8) -> Com_1(eval_getpubusersig_bb9_in(v_8))
		(?, 1)    eval_getpubusersig_22(v_8) -> Com_2(eval_memcmp_start(v_8), eval_getpubusersig_23(v_8)) [ v_8 >= 0 ]
		(9, 1)    eval_getpubusersig_15(v_8) -> Com_2(eval_fclose_start(v_8), eval_getpubusersig_16(v_8))
		(?, 1)    eval_getpubusersig_11(v_8) -> Com_1(eval_getpubusersig_bb2_in(v_8)) [ v_8 >= 0 ]
		(?, 1)    eval_getpubusersig_11(v_8) -> Com_1(eval_getpubusersig_22(v_8)) [ v_8 >= 0 ]
		(9, 1)    eval_getpubusersig_11(v_8) -> Com_1(eval_getpubusersig_bb5_in(v_8)) [ v_8 >= 0 ]
		(?, 1)    eval_getpubusersig_10(v_8) -> Com_2(eval_is_key_ctb_start(v_8), eval_getpubusersig_11(v_8)) [ v_8 >= 0 ]
		(9, 1)    eval_getpubusersig_bb5_in(v_8) -> Com_1(eval_getpubusersig_15(v_8))
		(?, 1)    eval_getpubusersig_7(v_8) -> Com_1(eval_getpubusersig_10(v_8)) [ v_8 >= 0 ]
		(9, 1)    eval_getpubusersig_7(v_8) -> Com_1(eval_getpubusersig_bb5_in(v_8)) [ v_8 < 0 ]
		(?, 1)    eval_getpubusersig_6(v_8) -> Com_2(eval_readkeypacket_start(v_8), eval_getpubusersig_7(nondef.3))
		(?, 1)    eval_getpubusersig_5(v_8) -> Com_2(eval_ftell_start(v_8), eval_getpubusersig_6(v_8))
		(?, 1)    eval_getpubusersig_bb2_in(v_8) -> Com_1(eval_getpubusersig_5(v_8))
		(1, 1)    eval_getpubusersig_4(v_8) -> Com_1(eval_getpubusersig_bb2_in(v_8))
		(1, 1)    eval_getpubusersig_3(v_8) -> Com_2(eval_nextkeypacket_start(v_8), eval_getpubusersig_4(v_8))
		(1, 1)    eval_getpubusersig_2(v_8) -> Com_2(eval_fseek_start(v_8), eval_getpubusersig_3(v_8))
		(9, 1)    eval_getpubusersig_bb9_in(v_8) -> Com_1(eval_getpubusersig_stop(v_8))
		(1, 1)    eval_getpubusersig_1(v_8) -> Com_1(eval_getpubusersig_2(v_8))
		(1, 1)    eval_getpubusersig_1(v_8) -> Com_1(eval_getpubusersig_bb9_in(v_8))
		(1, 1)    eval_getpubusersig_0(v_8) -> Com_2(eval_fopen_start(v_8), eval_getpubusersig_1(v_8))
		(1, 2)    eval_getpubusersig_start(v_8) -> Com_1(eval_getpubusersig_0(v_8))
	start location:	eval_getpubusersig_start
	leaf cost:	0

By chaining the transition eval_getpubusersig_23(v_8) -> Com_1(eval_getpubusersig_bb2_in(v_8)) [ v_8 >= 0 ] with all transitions in problem 12, the following new transition is obtained:
	eval_getpubusersig_23(v_8) -> Com_1(eval_getpubusersig_5(v_8)) [ v_8 >= 0 ]
We thus obtain the following problem:
13:	T:
		(?, 2)    eval_getpubusersig_23(v_8) -> Com_1(eval_getpubusersig_5(v_8)) [ v_8 >= 0 ]
		(9, 2)    eval_getpubusersig_34(v_8) -> Com_1(eval_getpubusersig_stop(v_8)) [ v_8 >= 0 ]
		(9, 1)    eval_getpubusersig_33(v_8) -> Com_2(eval_fclose_start(v_8), eval_getpubusersig_34(v_8)) [ v_8 >= 0 ]
		(9, 1)    eval_getpubusersig_32(v_8) -> Com_2(eval_hiloswap_start(v_8), eval_getpubusersig_33(v_8)) [ v_8 >= 0 ]
		(9, 1)    eval_getpubusersig_31(v_8) -> Com_2(eval_fread_start(v_8), eval_getpubusersig_32(v_8)) [ v_8 >= 0 ]
		(9, 2)    eval_getpubusersig_26(v_8) -> Com_2(eval_fseek_start(v_8), eval_getpubusersig_31(v_8)) [ v_8 >= 0 ]
		(9, 2)    eval_getpubusersig_23(v_8) -> Com_2(eval_ftell_start(v_8), eval_getpubusersig_26(v_8)) [ v_8 >= 0 ]
		(9, 1)    eval_getpubusersig_16(v_8) -> Com_1(eval_getpubusersig_bb9_in(v_8))
		(?, 1)    eval_getpubusersig_22(v_8) -> Com_2(eval_memcmp_start(v_8), eval_getpubusersig_23(v_8)) [ v_8 >= 0 ]
		(9, 1)    eval_getpubusersig_15(v_8) -> Com_2(eval_fclose_start(v_8), eval_getpubusersig_16(v_8))
		(?, 1)    eval_getpubusersig_11(v_8) -> Com_1(eval_getpubusersig_bb2_in(v_8)) [ v_8 >= 0 ]
		(?, 1)    eval_getpubusersig_11(v_8) -> Com_1(eval_getpubusersig_22(v_8)) [ v_8 >= 0 ]
		(9, 1)    eval_getpubusersig_11(v_8) -> Com_1(eval_getpubusersig_bb5_in(v_8)) [ v_8 >= 0 ]
		(?, 1)    eval_getpubusersig_10(v_8) -> Com_2(eval_is_key_ctb_start(v_8), eval_getpubusersig_11(v_8)) [ v_8 >= 0 ]
		(9, 1)    eval_getpubusersig_bb5_in(v_8) -> Com_1(eval_getpubusersig_15(v_8))
		(?, 1)    eval_getpubusersig_7(v_8) -> Com_1(eval_getpubusersig_10(v_8)) [ v_8 >= 0 ]
		(9, 1)    eval_getpubusersig_7(v_8) -> Com_1(eval_getpubusersig_bb5_in(v_8)) [ v_8 < 0 ]
		(?, 1)    eval_getpubusersig_6(v_8) -> Com_2(eval_readkeypacket_start(v_8), eval_getpubusersig_7(nondef.3))
		(?, 1)    eval_getpubusersig_5(v_8) -> Com_2(eval_ftell_start(v_8), eval_getpubusersig_6(v_8))
		(?, 1)    eval_getpubusersig_bb2_in(v_8) -> Com_1(eval_getpubusersig_5(v_8))
		(1, 1)    eval_getpubusersig_4(v_8) -> Com_1(eval_getpubusersig_bb2_in(v_8))
		(1, 1)    eval_getpubusersig_3(v_8) -> Com_2(eval_nextkeypacket_start(v_8), eval_getpubusersig_4(v_8))
		(1, 1)    eval_getpubusersig_2(v_8) -> Com_2(eval_fseek_start(v_8), eval_getpubusersig_3(v_8))
		(9, 1)    eval_getpubusersig_bb9_in(v_8) -> Com_1(eval_getpubusersig_stop(v_8))
		(1, 1)    eval_getpubusersig_1(v_8) -> Com_1(eval_getpubusersig_2(v_8))
		(1, 1)    eval_getpubusersig_1(v_8) -> Com_1(eval_getpubusersig_bb9_in(v_8))
		(1, 1)    eval_getpubusersig_0(v_8) -> Com_2(eval_fopen_start(v_8), eval_getpubusersig_1(v_8))
		(1, 2)    eval_getpubusersig_start(v_8) -> Com_1(eval_getpubusersig_0(v_8))
	start location:	eval_getpubusersig_start
	leaf cost:	0

By chaining the transition eval_getpubusersig_23(v_8) -> Com_1(eval_getpubusersig_5(v_8)) [ v_8 >= 0 ] with all transitions in problem 13, the following new transition is obtained:
	eval_getpubusersig_23(v_8) -> Com_2(eval_ftell_start(v_8), eval_getpubusersig_6(v_8)) [ v_8 >= 0 ]
We thus obtain the following problem:
14:	T:
		(?, 3)    eval_getpubusersig_23(v_8) -> Com_2(eval_ftell_start(v_8), eval_getpubusersig_6(v_8)) [ v_8 >= 0 ]
		(9, 2)    eval_getpubusersig_34(v_8) -> Com_1(eval_getpubusersig_stop(v_8)) [ v_8 >= 0 ]
		(9, 1)    eval_getpubusersig_33(v_8) -> Com_2(eval_fclose_start(v_8), eval_getpubusersig_34(v_8)) [ v_8 >= 0 ]
		(9, 1)    eval_getpubusersig_32(v_8) -> Com_2(eval_hiloswap_start(v_8), eval_getpubusersig_33(v_8)) [ v_8 >= 0 ]
		(9, 1)    eval_getpubusersig_31(v_8) -> Com_2(eval_fread_start(v_8), eval_getpubusersig_32(v_8)) [ v_8 >= 0 ]
		(9, 2)    eval_getpubusersig_26(v_8) -> Com_2(eval_fseek_start(v_8), eval_getpubusersig_31(v_8)) [ v_8 >= 0 ]
		(9, 2)    eval_getpubusersig_23(v_8) -> Com_2(eval_ftell_start(v_8), eval_getpubusersig_26(v_8)) [ v_8 >= 0 ]
		(9, 1)    eval_getpubusersig_16(v_8) -> Com_1(eval_getpubusersig_bb9_in(v_8))
		(?, 1)    eval_getpubusersig_22(v_8) -> Com_2(eval_memcmp_start(v_8), eval_getpubusersig_23(v_8)) [ v_8 >= 0 ]
		(9, 1)    eval_getpubusersig_15(v_8) -> Com_2(eval_fclose_start(v_8), eval_getpubusersig_16(v_8))
		(?, 1)    eval_getpubusersig_11(v_8) -> Com_1(eval_getpubusersig_bb2_in(v_8)) [ v_8 >= 0 ]
		(?, 1)    eval_getpubusersig_11(v_8) -> Com_1(eval_getpubusersig_22(v_8)) [ v_8 >= 0 ]
		(9, 1)    eval_getpubusersig_11(v_8) -> Com_1(eval_getpubusersig_bb5_in(v_8)) [ v_8 >= 0 ]
		(?, 1)    eval_getpubusersig_10(v_8) -> Com_2(eval_is_key_ctb_start(v_8), eval_getpubusersig_11(v_8)) [ v_8 >= 0 ]
		(9, 1)    eval_getpubusersig_bb5_in(v_8) -> Com_1(eval_getpubusersig_15(v_8))
		(?, 1)    eval_getpubusersig_7(v_8) -> Com_1(eval_getpubusersig_10(v_8)) [ v_8 >= 0 ]
		(9, 1)    eval_getpubusersig_7(v_8) -> Com_1(eval_getpubusersig_bb5_in(v_8)) [ v_8 < 0 ]
		(?, 1)    eval_getpubusersig_6(v_8) -> Com_2(eval_readkeypacket_start(v_8), eval_getpubusersig_7(nondef.3))
		(?, 1)    eval_getpubusersig_5(v_8) -> Com_2(eval_ftell_start(v_8), eval_getpubusersig_6(v_8))
		(?, 1)    eval_getpubusersig_bb2_in(v_8) -> Com_1(eval_getpubusersig_5(v_8))
		(1, 1)    eval_getpubusersig_4(v_8) -> Com_1(eval_getpubusersig_bb2_in(v_8))
		(1, 1)    eval_getpubusersig_3(v_8) -> Com_2(eval_nextkeypacket_start(v_8), eval_getpubusersig_4(v_8))
		(1, 1)    eval_getpubusersig_2(v_8) -> Com_2(eval_fseek_start(v_8), eval_getpubusersig_3(v_8))
		(9, 1)    eval_getpubusersig_bb9_in(v_8) -> Com_1(eval_getpubusersig_stop(v_8))
		(1, 1)    eval_getpubusersig_1(v_8) -> Com_1(eval_getpubusersig_2(v_8))
		(1, 1)    eval_getpubusersig_1(v_8) -> Com_1(eval_getpubusersig_bb9_in(v_8))
		(1, 1)    eval_getpubusersig_0(v_8) -> Com_2(eval_fopen_start(v_8), eval_getpubusersig_1(v_8))
		(1, 2)    eval_getpubusersig_start(v_8) -> Com_1(eval_getpubusersig_0(v_8))
	start location:	eval_getpubusersig_start
	leaf cost:	0

By chaining the transition eval_getpubusersig_16(v_8) -> Com_1(eval_getpubusersig_bb9_in(v_8)) with all transitions in problem 14, the following new transition is obtained:
	eval_getpubusersig_16(v_8) -> Com_1(eval_getpubusersig_stop(v_8))
We thus obtain the following problem:
15:	T:
		(9, 2)    eval_getpubusersig_16(v_8) -> Com_1(eval_getpubusersig_stop(v_8))
		(?, 3)    eval_getpubusersig_23(v_8) -> Com_2(eval_ftell_start(v_8), eval_getpubusersig_6(v_8)) [ v_8 >= 0 ]
		(9, 2)    eval_getpubusersig_34(v_8) -> Com_1(eval_getpubusersig_stop(v_8)) [ v_8 >= 0 ]
		(9, 1)    eval_getpubusersig_33(v_8) -> Com_2(eval_fclose_start(v_8), eval_getpubusersig_34(v_8)) [ v_8 >= 0 ]
		(9, 1)    eval_getpubusersig_32(v_8) -> Com_2(eval_hiloswap_start(v_8), eval_getpubusersig_33(v_8)) [ v_8 >= 0 ]
		(9, 1)    eval_getpubusersig_31(v_8) -> Com_2(eval_fread_start(v_8), eval_getpubusersig_32(v_8)) [ v_8 >= 0 ]
		(9, 2)    eval_getpubusersig_26(v_8) -> Com_2(eval_fseek_start(v_8), eval_getpubusersig_31(v_8)) [ v_8 >= 0 ]
		(9, 2)    eval_getpubusersig_23(v_8) -> Com_2(eval_ftell_start(v_8), eval_getpubusersig_26(v_8)) [ v_8 >= 0 ]
		(?, 1)    eval_getpubusersig_22(v_8) -> Com_2(eval_memcmp_start(v_8), eval_getpubusersig_23(v_8)) [ v_8 >= 0 ]
		(9, 1)    eval_getpubusersig_15(v_8) -> Com_2(eval_fclose_start(v_8), eval_getpubusersig_16(v_8))
		(?, 1)    eval_getpubusersig_11(v_8) -> Com_1(eval_getpubusersig_bb2_in(v_8)) [ v_8 >= 0 ]
		(?, 1)    eval_getpubusersig_11(v_8) -> Com_1(eval_getpubusersig_22(v_8)) [ v_8 >= 0 ]
		(9, 1)    eval_getpubusersig_11(v_8) -> Com_1(eval_getpubusersig_bb5_in(v_8)) [ v_8 >= 0 ]
		(?, 1)    eval_getpubusersig_10(v_8) -> Com_2(eval_is_key_ctb_start(v_8), eval_getpubusersig_11(v_8)) [ v_8 >= 0 ]
		(9, 1)    eval_getpubusersig_bb5_in(v_8) -> Com_1(eval_getpubusersig_15(v_8))
		(?, 1)    eval_getpubusersig_7(v_8) -> Com_1(eval_getpubusersig_10(v_8)) [ v_8 >= 0 ]
		(9, 1)    eval_getpubusersig_7(v_8) -> Com_1(eval_getpubusersig_bb5_in(v_8)) [ v_8 < 0 ]
		(?, 1)    eval_getpubusersig_6(v_8) -> Com_2(eval_readkeypacket_start(v_8), eval_getpubusersig_7(nondef.3))
		(?, 1)    eval_getpubusersig_5(v_8) -> Com_2(eval_ftell_start(v_8), eval_getpubusersig_6(v_8))
		(?, 1)    eval_getpubusersig_bb2_in(v_8) -> Com_1(eval_getpubusersig_5(v_8))
		(1, 1)    eval_getpubusersig_4(v_8) -> Com_1(eval_getpubusersig_bb2_in(v_8))
		(1, 1)    eval_getpubusersig_3(v_8) -> Com_2(eval_nextkeypacket_start(v_8), eval_getpubusersig_4(v_8))
		(1, 1)    eval_getpubusersig_2(v_8) -> Com_2(eval_fseek_start(v_8), eval_getpubusersig_3(v_8))
		(9, 1)    eval_getpubusersig_bb9_in(v_8) -> Com_1(eval_getpubusersig_stop(v_8))
		(1, 1)    eval_getpubusersig_1(v_8) -> Com_1(eval_getpubusersig_2(v_8))
		(1, 1)    eval_getpubusersig_1(v_8) -> Com_1(eval_getpubusersig_bb9_in(v_8))
		(1, 1)    eval_getpubusersig_0(v_8) -> Com_2(eval_fopen_start(v_8), eval_getpubusersig_1(v_8))
		(1, 2)    eval_getpubusersig_start(v_8) -> Com_1(eval_getpubusersig_0(v_8))
	start location:	eval_getpubusersig_start
	leaf cost:	0

By chaining the transition eval_getpubusersig_11(v_8) -> Com_1(eval_getpubusersig_bb2_in(v_8)) [ v_8 >= 0 ] with all transitions in problem 15, the following new transition is obtained:
	eval_getpubusersig_11(v_8) -> Com_1(eval_getpubusersig_5(v_8)) [ v_8 >= 0 ]
We thus obtain the following problem:
16:	T:
		(?, 2)    eval_getpubusersig_11(v_8) -> Com_1(eval_getpubusersig_5(v_8)) [ v_8 >= 0 ]
		(9, 2)    eval_getpubusersig_16(v_8) -> Com_1(eval_getpubusersig_stop(v_8))
		(?, 3)    eval_getpubusersig_23(v_8) -> Com_2(eval_ftell_start(v_8), eval_getpubusersig_6(v_8)) [ v_8 >= 0 ]
		(9, 2)    eval_getpubusersig_34(v_8) -> Com_1(eval_getpubusersig_stop(v_8)) [ v_8 >= 0 ]
		(9, 1)    eval_getpubusersig_33(v_8) -> Com_2(eval_fclose_start(v_8), eval_getpubusersig_34(v_8)) [ v_8 >= 0 ]
		(9, 1)    eval_getpubusersig_32(v_8) -> Com_2(eval_hiloswap_start(v_8), eval_getpubusersig_33(v_8)) [ v_8 >= 0 ]
		(9, 1)    eval_getpubusersig_31(v_8) -> Com_2(eval_fread_start(v_8), eval_getpubusersig_32(v_8)) [ v_8 >= 0 ]
		(9, 2)    eval_getpubusersig_26(v_8) -> Com_2(eval_fseek_start(v_8), eval_getpubusersig_31(v_8)) [ v_8 >= 0 ]
		(9, 2)    eval_getpubusersig_23(v_8) -> Com_2(eval_ftell_start(v_8), eval_getpubusersig_26(v_8)) [ v_8 >= 0 ]
		(?, 1)    eval_getpubusersig_22(v_8) -> Com_2(eval_memcmp_start(v_8), eval_getpubusersig_23(v_8)) [ v_8 >= 0 ]
		(9, 1)    eval_getpubusersig_15(v_8) -> Com_2(eval_fclose_start(v_8), eval_getpubusersig_16(v_8))
		(?, 1)    eval_getpubusersig_11(v_8) -> Com_1(eval_getpubusersig_22(v_8)) [ v_8 >= 0 ]
		(9, 1)    eval_getpubusersig_11(v_8) -> Com_1(eval_getpubusersig_bb5_in(v_8)) [ v_8 >= 0 ]
		(?, 1)    eval_getpubusersig_10(v_8) -> Com_2(eval_is_key_ctb_start(v_8), eval_getpubusersig_11(v_8)) [ v_8 >= 0 ]
		(9, 1)    eval_getpubusersig_bb5_in(v_8) -> Com_1(eval_getpubusersig_15(v_8))
		(?, 1)    eval_getpubusersig_7(v_8) -> Com_1(eval_getpubusersig_10(v_8)) [ v_8 >= 0 ]
		(9, 1)    eval_getpubusersig_7(v_8) -> Com_1(eval_getpubusersig_bb5_in(v_8)) [ v_8 < 0 ]
		(?, 1)    eval_getpubusersig_6(v_8) -> Com_2(eval_readkeypacket_start(v_8), eval_getpubusersig_7(nondef.3))
		(?, 1)    eval_getpubusersig_5(v_8) -> Com_2(eval_ftell_start(v_8), eval_getpubusersig_6(v_8))
		(?, 1)    eval_getpubusersig_bb2_in(v_8) -> Com_1(eval_getpubusersig_5(v_8))
		(1, 1)    eval_getpubusersig_4(v_8) -> Com_1(eval_getpubusersig_bb2_in(v_8))
		(1, 1)    eval_getpubusersig_3(v_8) -> Com_2(eval_nextkeypacket_start(v_8), eval_getpubusersig_4(v_8))
		(1, 1)    eval_getpubusersig_2(v_8) -> Com_2(eval_fseek_start(v_8), eval_getpubusersig_3(v_8))
		(9, 1)    eval_getpubusersig_bb9_in(v_8) -> Com_1(eval_getpubusersig_stop(v_8))
		(1, 1)    eval_getpubusersig_1(v_8) -> Com_1(eval_getpubusersig_2(v_8))
		(1, 1)    eval_getpubusersig_1(v_8) -> Com_1(eval_getpubusersig_bb9_in(v_8))
		(1, 1)    eval_getpubusersig_0(v_8) -> Com_2(eval_fopen_start(v_8), eval_getpubusersig_1(v_8))
		(1, 2)    eval_getpubusersig_start(v_8) -> Com_1(eval_getpubusersig_0(v_8))
	start location:	eval_getpubusersig_start
	leaf cost:	0

Repeatedly propagating knowledge in problem 16 produces the following problem:
17:	T:
		(?, 2)    eval_getpubusersig_11(v_8) -> Com_1(eval_getpubusersig_5(v_8)) [ v_8 >= 0 ]
		(9, 2)    eval_getpubusersig_16(v_8) -> Com_1(eval_getpubusersig_stop(v_8))
		(?, 3)    eval_getpubusersig_23(v_8) -> Com_2(eval_ftell_start(v_8), eval_getpubusersig_6(v_8)) [ v_8 >= 0 ]
		(9, 2)    eval_getpubusersig_34(v_8) -> Com_1(eval_getpubusersig_stop(v_8)) [ v_8 >= 0 ]
		(9, 1)    eval_getpubusersig_33(v_8) -> Com_2(eval_fclose_start(v_8), eval_getpubusersig_34(v_8)) [ v_8 >= 0 ]
		(9, 1)    eval_getpubusersig_32(v_8) -> Com_2(eval_hiloswap_start(v_8), eval_getpubusersig_33(v_8)) [ v_8 >= 0 ]
		(9, 1)    eval_getpubusersig_31(v_8) -> Com_2(eval_fread_start(v_8), eval_getpubusersig_32(v_8)) [ v_8 >= 0 ]
		(9, 2)    eval_getpubusersig_26(v_8) -> Com_2(eval_fseek_start(v_8), eval_getpubusersig_31(v_8)) [ v_8 >= 0 ]
		(9, 2)    eval_getpubusersig_23(v_8) -> Com_2(eval_ftell_start(v_8), eval_getpubusersig_26(v_8)) [ v_8 >= 0 ]
		(?, 1)    eval_getpubusersig_22(v_8) -> Com_2(eval_memcmp_start(v_8), eval_getpubusersig_23(v_8)) [ v_8 >= 0 ]
		(9, 1)    eval_getpubusersig_15(v_8) -> Com_2(eval_fclose_start(v_8), eval_getpubusersig_16(v_8))
		(?, 1)    eval_getpubusersig_11(v_8) -> Com_1(eval_getpubusersig_22(v_8)) [ v_8 >= 0 ]
		(9, 1)    eval_getpubusersig_11(v_8) -> Com_1(eval_getpubusersig_bb5_in(v_8)) [ v_8 >= 0 ]
		(?, 1)    eval_getpubusersig_10(v_8) -> Com_2(eval_is_key_ctb_start(v_8), eval_getpubusersig_11(v_8)) [ v_8 >= 0 ]
		(9, 1)    eval_getpubusersig_bb5_in(v_8) -> Com_1(eval_getpubusersig_15(v_8))
		(?, 1)    eval_getpubusersig_7(v_8) -> Com_1(eval_getpubusersig_10(v_8)) [ v_8 >= 0 ]
		(9, 1)    eval_getpubusersig_7(v_8) -> Com_1(eval_getpubusersig_bb5_in(v_8)) [ v_8 < 0 ]
		(?, 1)    eval_getpubusersig_6(v_8) -> Com_2(eval_readkeypacket_start(v_8), eval_getpubusersig_7(nondef.3))
		(?, 1)    eval_getpubusersig_5(v_8) -> Com_2(eval_ftell_start(v_8), eval_getpubusersig_6(v_8))
		(1, 1)    eval_getpubusersig_bb2_in(v_8) -> Com_1(eval_getpubusersig_5(v_8))
		(1, 1)    eval_getpubusersig_4(v_8) -> Com_1(eval_getpubusersig_bb2_in(v_8))
		(1, 1)    eval_getpubusersig_3(v_8) -> Com_2(eval_nextkeypacket_start(v_8), eval_getpubusersig_4(v_8))
		(1, 1)    eval_getpubusersig_2(v_8) -> Com_2(eval_fseek_start(v_8), eval_getpubusersig_3(v_8))
		(9, 1)    eval_getpubusersig_bb9_in(v_8) -> Com_1(eval_getpubusersig_stop(v_8))
		(1, 1)    eval_getpubusersig_1(v_8) -> Com_1(eval_getpubusersig_2(v_8))
		(1, 1)    eval_getpubusersig_1(v_8) -> Com_1(eval_getpubusersig_bb9_in(v_8))
		(1, 1)    eval_getpubusersig_0(v_8) -> Com_2(eval_fopen_start(v_8), eval_getpubusersig_1(v_8))
		(1, 2)    eval_getpubusersig_start(v_8) -> Com_1(eval_getpubusersig_0(v_8))
	start location:	eval_getpubusersig_start
	leaf cost:	0

By chaining the transition eval_getpubusersig_11(v_8) -> Com_1(eval_getpubusersig_5(v_8)) [ v_8 >= 0 ] with all transitions in problem 17, the following new transition is obtained:
	eval_getpubusersig_11(v_8) -> Com_2(eval_ftell_start(v_8), eval_getpubusersig_6(v_8)) [ v_8 >= 0 ]
We thus obtain the following problem:
18:	T:
		(?, 3)    eval_getpubusersig_11(v_8) -> Com_2(eval_ftell_start(v_8), eval_getpubusersig_6(v_8)) [ v_8 >= 0 ]
		(9, 2)    eval_getpubusersig_16(v_8) -> Com_1(eval_getpubusersig_stop(v_8))
		(?, 3)    eval_getpubusersig_23(v_8) -> Com_2(eval_ftell_start(v_8), eval_getpubusersig_6(v_8)) [ v_8 >= 0 ]
		(9, 2)    eval_getpubusersig_34(v_8) -> Com_1(eval_getpubusersig_stop(v_8)) [ v_8 >= 0 ]
		(9, 1)    eval_getpubusersig_33(v_8) -> Com_2(eval_fclose_start(v_8), eval_getpubusersig_34(v_8)) [ v_8 >= 0 ]
		(9, 1)    eval_getpubusersig_32(v_8) -> Com_2(eval_hiloswap_start(v_8), eval_getpubusersig_33(v_8)) [ v_8 >= 0 ]
		(9, 1)    eval_getpubusersig_31(v_8) -> Com_2(eval_fread_start(v_8), eval_getpubusersig_32(v_8)) [ v_8 >= 0 ]
		(9, 2)    eval_getpubusersig_26(v_8) -> Com_2(eval_fseek_start(v_8), eval_getpubusersig_31(v_8)) [ v_8 >= 0 ]
		(9, 2)    eval_getpubusersig_23(v_8) -> Com_2(eval_ftell_start(v_8), eval_getpubusersig_26(v_8)) [ v_8 >= 0 ]
		(?, 1)    eval_getpubusersig_22(v_8) -> Com_2(eval_memcmp_start(v_8), eval_getpubusersig_23(v_8)) [ v_8 >= 0 ]
		(9, 1)    eval_getpubusersig_15(v_8) -> Com_2(eval_fclose_start(v_8), eval_getpubusersig_16(v_8))
		(?, 1)    eval_getpubusersig_11(v_8) -> Com_1(eval_getpubusersig_22(v_8)) [ v_8 >= 0 ]
		(9, 1)    eval_getpubusersig_11(v_8) -> Com_1(eval_getpubusersig_bb5_in(v_8)) [ v_8 >= 0 ]
		(?, 1)    eval_getpubusersig_10(v_8) -> Com_2(eval_is_key_ctb_start(v_8), eval_getpubusersig_11(v_8)) [ v_8 >= 0 ]
		(9, 1)    eval_getpubusersig_bb5_in(v_8) -> Com_1(eval_getpubusersig_15(v_8))
		(?, 1)    eval_getpubusersig_7(v_8) -> Com_1(eval_getpubusersig_10(v_8)) [ v_8 >= 0 ]
		(9, 1)    eval_getpubusersig_7(v_8) -> Com_1(eval_getpubusersig_bb5_in(v_8)) [ v_8 < 0 ]
		(?, 1)    eval_getpubusersig_6(v_8) -> Com_2(eval_readkeypacket_start(v_8), eval_getpubusersig_7(nondef.3))
		(?, 1)    eval_getpubusersig_5(v_8) -> Com_2(eval_ftell_start(v_8), eval_getpubusersig_6(v_8))
		(1, 1)    eval_getpubusersig_bb2_in(v_8) -> Com_1(eval_getpubusersig_5(v_8))
		(1, 1)    eval_getpubusersig_4(v_8) -> Com_1(eval_getpubusersig_bb2_in(v_8))
		(1, 1)    eval_getpubusersig_3(v_8) -> Com_2(eval_nextkeypacket_start(v_8), eval_getpubusersig_4(v_8))
		(1, 1)    eval_getpubusersig_2(v_8) -> Com_2(eval_fseek_start(v_8), eval_getpubusersig_3(v_8))
		(9, 1)    eval_getpubusersig_bb9_in(v_8) -> Com_1(eval_getpubusersig_stop(v_8))
		(1, 1)    eval_getpubusersig_1(v_8) -> Com_1(eval_getpubusersig_2(v_8))
		(1, 1)    eval_getpubusersig_1(v_8) -> Com_1(eval_getpubusersig_bb9_in(v_8))
		(1, 1)    eval_getpubusersig_0(v_8) -> Com_2(eval_fopen_start(v_8), eval_getpubusersig_1(v_8))
		(1, 2)    eval_getpubusersig_start(v_8) -> Com_1(eval_getpubusersig_0(v_8))
	start location:	eval_getpubusersig_start
	leaf cost:	0

Repeatedly propagating knowledge in problem 18 produces the following problem:
19:	T:
		(?, 3)    eval_getpubusersig_11(v_8) -> Com_2(eval_ftell_start(v_8), eval_getpubusersig_6(v_8)) [ v_8 >= 0 ]
		(9, 2)    eval_getpubusersig_16(v_8) -> Com_1(eval_getpubusersig_stop(v_8))
		(?, 3)    eval_getpubusersig_23(v_8) -> Com_2(eval_ftell_start(v_8), eval_getpubusersig_6(v_8)) [ v_8 >= 0 ]
		(9, 2)    eval_getpubusersig_34(v_8) -> Com_1(eval_getpubusersig_stop(v_8)) [ v_8 >= 0 ]
		(9, 1)    eval_getpubusersig_33(v_8) -> Com_2(eval_fclose_start(v_8), eval_getpubusersig_34(v_8)) [ v_8 >= 0 ]
		(9, 1)    eval_getpubusersig_32(v_8) -> Com_2(eval_hiloswap_start(v_8), eval_getpubusersig_33(v_8)) [ v_8 >= 0 ]
		(9, 1)    eval_getpubusersig_31(v_8) -> Com_2(eval_fread_start(v_8), eval_getpubusersig_32(v_8)) [ v_8 >= 0 ]
		(9, 2)    eval_getpubusersig_26(v_8) -> Com_2(eval_fseek_start(v_8), eval_getpubusersig_31(v_8)) [ v_8 >= 0 ]
		(9, 2)    eval_getpubusersig_23(v_8) -> Com_2(eval_ftell_start(v_8), eval_getpubusersig_26(v_8)) [ v_8 >= 0 ]
		(?, 1)    eval_getpubusersig_22(v_8) -> Com_2(eval_memcmp_start(v_8), eval_getpubusersig_23(v_8)) [ v_8 >= 0 ]
		(9, 1)    eval_getpubusersig_15(v_8) -> Com_2(eval_fclose_start(v_8), eval_getpubusersig_16(v_8))
		(?, 1)    eval_getpubusersig_11(v_8) -> Com_1(eval_getpubusersig_22(v_8)) [ v_8 >= 0 ]
		(9, 1)    eval_getpubusersig_11(v_8) -> Com_1(eval_getpubusersig_bb5_in(v_8)) [ v_8 >= 0 ]
		(?, 1)    eval_getpubusersig_10(v_8) -> Com_2(eval_is_key_ctb_start(v_8), eval_getpubusersig_11(v_8)) [ v_8 >= 0 ]
		(9, 1)    eval_getpubusersig_bb5_in(v_8) -> Com_1(eval_getpubusersig_15(v_8))
		(?, 1)    eval_getpubusersig_7(v_8) -> Com_1(eval_getpubusersig_10(v_8)) [ v_8 >= 0 ]
		(9, 1)    eval_getpubusersig_7(v_8) -> Com_1(eval_getpubusersig_bb5_in(v_8)) [ v_8 < 0 ]
		(?, 1)    eval_getpubusersig_6(v_8) -> Com_2(eval_readkeypacket_start(v_8), eval_getpubusersig_7(nondef.3))
		(1, 1)    eval_getpubusersig_5(v_8) -> Com_2(eval_ftell_start(v_8), eval_getpubusersig_6(v_8))
		(1, 1)    eval_getpubusersig_bb2_in(v_8) -> Com_1(eval_getpubusersig_5(v_8))
		(1, 1)    eval_getpubusersig_4(v_8) -> Com_1(eval_getpubusersig_bb2_in(v_8))
		(1, 1)    eval_getpubusersig_3(v_8) -> Com_2(eval_nextkeypacket_start(v_8), eval_getpubusersig_4(v_8))
		(1, 1)    eval_getpubusersig_2(v_8) -> Com_2(eval_fseek_start(v_8), eval_getpubusersig_3(v_8))
		(9, 1)    eval_getpubusersig_bb9_in(v_8) -> Com_1(eval_getpubusersig_stop(v_8))
		(1, 1)    eval_getpubusersig_1(v_8) -> Com_1(eval_getpubusersig_2(v_8))
		(1, 1)    eval_getpubusersig_1(v_8) -> Com_1(eval_getpubusersig_bb9_in(v_8))
		(1, 1)    eval_getpubusersig_0(v_8) -> Com_2(eval_fopen_start(v_8), eval_getpubusersig_1(v_8))
		(1, 2)    eval_getpubusersig_start(v_8) -> Com_1(eval_getpubusersig_0(v_8))
	start location:	eval_getpubusersig_start
	leaf cost:	0

By chaining the transition eval_getpubusersig_11(v_8) -> Com_1(eval_getpubusersig_22(v_8)) [ v_8 >= 0 ] with all transitions in problem 19, the following new transition is obtained:
	eval_getpubusersig_11(v_8) -> Com_2(eval_memcmp_start(v_8), eval_getpubusersig_23(v_8)) [ v_8 >= 0 ]
We thus obtain the following problem:
20:	T:
		(?, 2)    eval_getpubusersig_11(v_8) -> Com_2(eval_memcmp_start(v_8), eval_getpubusersig_23(v_8)) [ v_8 >= 0 ]
		(?, 3)    eval_getpubusersig_11(v_8) -> Com_2(eval_ftell_start(v_8), eval_getpubusersig_6(v_8)) [ v_8 >= 0 ]
		(9, 2)    eval_getpubusersig_16(v_8) -> Com_1(eval_getpubusersig_stop(v_8))
		(?, 3)    eval_getpubusersig_23(v_8) -> Com_2(eval_ftell_start(v_8), eval_getpubusersig_6(v_8)) [ v_8 >= 0 ]
		(9, 2)    eval_getpubusersig_34(v_8) -> Com_1(eval_getpubusersig_stop(v_8)) [ v_8 >= 0 ]
		(9, 1)    eval_getpubusersig_33(v_8) -> Com_2(eval_fclose_start(v_8), eval_getpubusersig_34(v_8)) [ v_8 >= 0 ]
		(9, 1)    eval_getpubusersig_32(v_8) -> Com_2(eval_hiloswap_start(v_8), eval_getpubusersig_33(v_8)) [ v_8 >= 0 ]
		(9, 1)    eval_getpubusersig_31(v_8) -> Com_2(eval_fread_start(v_8), eval_getpubusersig_32(v_8)) [ v_8 >= 0 ]
		(9, 2)    eval_getpubusersig_26(v_8) -> Com_2(eval_fseek_start(v_8), eval_getpubusersig_31(v_8)) [ v_8 >= 0 ]
		(9, 2)    eval_getpubusersig_23(v_8) -> Com_2(eval_ftell_start(v_8), eval_getpubusersig_26(v_8)) [ v_8 >= 0 ]
		(?, 1)    eval_getpubusersig_22(v_8) -> Com_2(eval_memcmp_start(v_8), eval_getpubusersig_23(v_8)) [ v_8 >= 0 ]
		(9, 1)    eval_getpubusersig_15(v_8) -> Com_2(eval_fclose_start(v_8), eval_getpubusersig_16(v_8))
		(9, 1)    eval_getpubusersig_11(v_8) -> Com_1(eval_getpubusersig_bb5_in(v_8)) [ v_8 >= 0 ]
		(?, 1)    eval_getpubusersig_10(v_8) -> Com_2(eval_is_key_ctb_start(v_8), eval_getpubusersig_11(v_8)) [ v_8 >= 0 ]
		(9, 1)    eval_getpubusersig_bb5_in(v_8) -> Com_1(eval_getpubusersig_15(v_8))
		(?, 1)    eval_getpubusersig_7(v_8) -> Com_1(eval_getpubusersig_10(v_8)) [ v_8 >= 0 ]
		(9, 1)    eval_getpubusersig_7(v_8) -> Com_1(eval_getpubusersig_bb5_in(v_8)) [ v_8 < 0 ]
		(?, 1)    eval_getpubusersig_6(v_8) -> Com_2(eval_readkeypacket_start(v_8), eval_getpubusersig_7(nondef.3))
		(1, 1)    eval_getpubusersig_5(v_8) -> Com_2(eval_ftell_start(v_8), eval_getpubusersig_6(v_8))
		(1, 1)    eval_getpubusersig_bb2_in(v_8) -> Com_1(eval_getpubusersig_5(v_8))
		(1, 1)    eval_getpubusersig_4(v_8) -> Com_1(eval_getpubusersig_bb2_in(v_8))
		(1, 1)    eval_getpubusersig_3(v_8) -> Com_2(eval_nextkeypacket_start(v_8), eval_getpubusersig_4(v_8))
		(1, 1)    eval_getpubusersig_2(v_8) -> Com_2(eval_fseek_start(v_8), eval_getpubusersig_3(v_8))
		(9, 1)    eval_getpubusersig_bb9_in(v_8) -> Com_1(eval_getpubusersig_stop(v_8))
		(1, 1)    eval_getpubusersig_1(v_8) -> Com_1(eval_getpubusersig_2(v_8))
		(1, 1)    eval_getpubusersig_1(v_8) -> Com_1(eval_getpubusersig_bb9_in(v_8))
		(1, 1)    eval_getpubusersig_0(v_8) -> Com_2(eval_fopen_start(v_8), eval_getpubusersig_1(v_8))
		(1, 2)    eval_getpubusersig_start(v_8) -> Com_1(eval_getpubusersig_0(v_8))
	start location:	eval_getpubusersig_start
	leaf cost:	0

Testing for reachability in the complexity graph removes the following transition from problem 20:
	eval_getpubusersig_22(v_8) -> Com_2(eval_memcmp_start(v_8), eval_getpubusersig_23(v_8)) [ v_8 >= 0 ]
We thus obtain the following problem:
21:	T:
		(9, 2)    eval_getpubusersig_34(v_8) -> Com_1(eval_getpubusersig_stop(v_8)) [ v_8 >= 0 ]
		(9, 1)    eval_getpubusersig_33(v_8) -> Com_2(eval_fclose_start(v_8), eval_getpubusersig_34(v_8)) [ v_8 >= 0 ]
		(9, 1)    eval_getpubusersig_32(v_8) -> Com_2(eval_hiloswap_start(v_8), eval_getpubusersig_33(v_8)) [ v_8 >= 0 ]
		(9, 1)    eval_getpubusersig_31(v_8) -> Com_2(eval_fread_start(v_8), eval_getpubusersig_32(v_8)) [ v_8 >= 0 ]
		(9, 2)    eval_getpubusersig_26(v_8) -> Com_2(eval_fseek_start(v_8), eval_getpubusersig_31(v_8)) [ v_8 >= 0 ]
		(?, 3)    eval_getpubusersig_23(v_8) -> Com_2(eval_ftell_start(v_8), eval_getpubusersig_6(v_8)) [ v_8 >= 0 ]
		(9, 2)    eval_getpubusersig_23(v_8) -> Com_2(eval_ftell_start(v_8), eval_getpubusersig_26(v_8)) [ v_8 >= 0 ]
		(9, 2)    eval_getpubusersig_16(v_8) -> Com_1(eval_getpubusersig_stop(v_8))
		(9, 1)    eval_getpubusersig_15(v_8) -> Com_2(eval_fclose_start(v_8), eval_getpubusersig_16(v_8))
		(?, 2)    eval_getpubusersig_11(v_8) -> Com_2(eval_memcmp_start(v_8), eval_getpubusersig_23(v_8)) [ v_8 >= 0 ]
		(?, 3)    eval_getpubusersig_11(v_8) -> Com_2(eval_ftell_start(v_8), eval_getpubusersig_6(v_8)) [ v_8 >= 0 ]
		(9, 1)    eval_getpubusersig_11(v_8) -> Com_1(eval_getpubusersig_bb5_in(v_8)) [ v_8 >= 0 ]
		(?, 1)    eval_getpubusersig_10(v_8) -> Com_2(eval_is_key_ctb_start(v_8), eval_getpubusersig_11(v_8)) [ v_8 >= 0 ]
		(9, 1)    eval_getpubusersig_bb5_in(v_8) -> Com_1(eval_getpubusersig_15(v_8))
		(?, 1)    eval_getpubusersig_7(v_8) -> Com_1(eval_getpubusersig_10(v_8)) [ v_8 >= 0 ]
		(9, 1)    eval_getpubusersig_7(v_8) -> Com_1(eval_getpubusersig_bb5_in(v_8)) [ v_8 < 0 ]
		(?, 1)    eval_getpubusersig_6(v_8) -> Com_2(eval_readkeypacket_start(v_8), eval_getpubusersig_7(nondef.3))
		(1, 1)    eval_getpubusersig_5(v_8) -> Com_2(eval_ftell_start(v_8), eval_getpubusersig_6(v_8))
		(1, 1)    eval_getpubusersig_bb2_in(v_8) -> Com_1(eval_getpubusersig_5(v_8))
		(1, 1)    eval_getpubusersig_4(v_8) -> Com_1(eval_getpubusersig_bb2_in(v_8))
		(1, 1)    eval_getpubusersig_3(v_8) -> Com_2(eval_nextkeypacket_start(v_8), eval_getpubusersig_4(v_8))
		(1, 1)    eval_getpubusersig_2(v_8) -> Com_2(eval_fseek_start(v_8), eval_getpubusersig_3(v_8))
		(9, 1)    eval_getpubusersig_bb9_in(v_8) -> Com_1(eval_getpubusersig_stop(v_8))
		(1, 1)    eval_getpubusersig_1(v_8) -> Com_1(eval_getpubusersig_2(v_8))
		(1, 1)    eval_getpubusersig_1(v_8) -> Com_1(eval_getpubusersig_bb9_in(v_8))
		(1, 1)    eval_getpubusersig_0(v_8) -> Com_2(eval_fopen_start(v_8), eval_getpubusersig_1(v_8))
		(1, 2)    eval_getpubusersig_start(v_8) -> Com_1(eval_getpubusersig_0(v_8))
	start location:	eval_getpubusersig_start
	leaf cost:	0

By chaining the transition eval_getpubusersig_11(v_8) -> Com_1(eval_getpubusersig_bb5_in(v_8)) [ v_8 >= 0 ] with all transitions in problem 21, the following new transition is obtained:
	eval_getpubusersig_11(v_8) -> Com_1(eval_getpubusersig_15(v_8)) [ v_8 >= 0 ]
We thus obtain the following problem:
22:	T:
		(9, 2)    eval_getpubusersig_11(v_8) -> Com_1(eval_getpubusersig_15(v_8)) [ v_8 >= 0 ]
		(9, 2)    eval_getpubusersig_34(v_8) -> Com_1(eval_getpubusersig_stop(v_8)) [ v_8 >= 0 ]
		(9, 1)    eval_getpubusersig_33(v_8) -> Com_2(eval_fclose_start(v_8), eval_getpubusersig_34(v_8)) [ v_8 >= 0 ]
		(9, 1)    eval_getpubusersig_32(v_8) -> Com_2(eval_hiloswap_start(v_8), eval_getpubusersig_33(v_8)) [ v_8 >= 0 ]
		(9, 1)    eval_getpubusersig_31(v_8) -> Com_2(eval_fread_start(v_8), eval_getpubusersig_32(v_8)) [ v_8 >= 0 ]
		(9, 2)    eval_getpubusersig_26(v_8) -> Com_2(eval_fseek_start(v_8), eval_getpubusersig_31(v_8)) [ v_8 >= 0 ]
		(?, 3)    eval_getpubusersig_23(v_8) -> Com_2(eval_ftell_start(v_8), eval_getpubusersig_6(v_8)) [ v_8 >= 0 ]
		(9, 2)    eval_getpubusersig_23(v_8) -> Com_2(eval_ftell_start(v_8), eval_getpubusersig_26(v_8)) [ v_8 >= 0 ]
		(9, 2)    eval_getpubusersig_16(v_8) -> Com_1(eval_getpubusersig_stop(v_8))
		(9, 1)    eval_getpubusersig_15(v_8) -> Com_2(eval_fclose_start(v_8), eval_getpubusersig_16(v_8))
		(?, 2)    eval_getpubusersig_11(v_8) -> Com_2(eval_memcmp_start(v_8), eval_getpubusersig_23(v_8)) [ v_8 >= 0 ]
		(?, 3)    eval_getpubusersig_11(v_8) -> Com_2(eval_ftell_start(v_8), eval_getpubusersig_6(v_8)) [ v_8 >= 0 ]
		(?, 1)    eval_getpubusersig_10(v_8) -> Com_2(eval_is_key_ctb_start(v_8), eval_getpubusersig_11(v_8)) [ v_8 >= 0 ]
		(9, 1)    eval_getpubusersig_bb5_in(v_8) -> Com_1(eval_getpubusersig_15(v_8))
		(?, 1)    eval_getpubusersig_7(v_8) -> Com_1(eval_getpubusersig_10(v_8)) [ v_8 >= 0 ]
		(9, 1)    eval_getpubusersig_7(v_8) -> Com_1(eval_getpubusersig_bb5_in(v_8)) [ v_8 < 0 ]
		(?, 1)    eval_getpubusersig_6(v_8) -> Com_2(eval_readkeypacket_start(v_8), eval_getpubusersig_7(nondef.3))
		(1, 1)    eval_getpubusersig_5(v_8) -> Com_2(eval_ftell_start(v_8), eval_getpubusersig_6(v_8))
		(1, 1)    eval_getpubusersig_bb2_in(v_8) -> Com_1(eval_getpubusersig_5(v_8))
		(1, 1)    eval_getpubusersig_4(v_8) -> Com_1(eval_getpubusersig_bb2_in(v_8))
		(1, 1)    eval_getpubusersig_3(v_8) -> Com_2(eval_nextkeypacket_start(v_8), eval_getpubusersig_4(v_8))
		(1, 1)    eval_getpubusersig_2(v_8) -> Com_2(eval_fseek_start(v_8), eval_getpubusersig_3(v_8))
		(9, 1)    eval_getpubusersig_bb9_in(v_8) -> Com_1(eval_getpubusersig_stop(v_8))
		(1, 1)    eval_getpubusersig_1(v_8) -> Com_1(eval_getpubusersig_2(v_8))
		(1, 1)    eval_getpubusersig_1(v_8) -> Com_1(eval_getpubusersig_bb9_in(v_8))
		(1, 1)    eval_getpubusersig_0(v_8) -> Com_2(eval_fopen_start(v_8), eval_getpubusersig_1(v_8))
		(1, 2)    eval_getpubusersig_start(v_8) -> Com_1(eval_getpubusersig_0(v_8))
	start location:	eval_getpubusersig_start
	leaf cost:	0

By chaining the transition eval_getpubusersig_11(v_8) -> Com_1(eval_getpubusersig_15(v_8)) [ v_8 >= 0 ] with all transitions in problem 22, the following new transition is obtained:
	eval_getpubusersig_11(v_8) -> Com_2(eval_fclose_start(v_8), eval_getpubusersig_16(v_8)) [ v_8 >= 0 ]
We thus obtain the following problem:
23:	T:
		(9, 3)    eval_getpubusersig_11(v_8) -> Com_2(eval_fclose_start(v_8), eval_getpubusersig_16(v_8)) [ v_8 >= 0 ]
		(9, 2)    eval_getpubusersig_34(v_8) -> Com_1(eval_getpubusersig_stop(v_8)) [ v_8 >= 0 ]
		(9, 1)    eval_getpubusersig_33(v_8) -> Com_2(eval_fclose_start(v_8), eval_getpubusersig_34(v_8)) [ v_8 >= 0 ]
		(9, 1)    eval_getpubusersig_32(v_8) -> Com_2(eval_hiloswap_start(v_8), eval_getpubusersig_33(v_8)) [ v_8 >= 0 ]
		(9, 1)    eval_getpubusersig_31(v_8) -> Com_2(eval_fread_start(v_8), eval_getpubusersig_32(v_8)) [ v_8 >= 0 ]
		(9, 2)    eval_getpubusersig_26(v_8) -> Com_2(eval_fseek_start(v_8), eval_getpubusersig_31(v_8)) [ v_8 >= 0 ]
		(?, 3)    eval_getpubusersig_23(v_8) -> Com_2(eval_ftell_start(v_8), eval_getpubusersig_6(v_8)) [ v_8 >= 0 ]
		(9, 2)    eval_getpubusersig_23(v_8) -> Com_2(eval_ftell_start(v_8), eval_getpubusersig_26(v_8)) [ v_8 >= 0 ]
		(9, 2)    eval_getpubusersig_16(v_8) -> Com_1(eval_getpubusersig_stop(v_8))
		(9, 1)    eval_getpubusersig_15(v_8) -> Com_2(eval_fclose_start(v_8), eval_getpubusersig_16(v_8))
		(?, 2)    eval_getpubusersig_11(v_8) -> Com_2(eval_memcmp_start(v_8), eval_getpubusersig_23(v_8)) [ v_8 >= 0 ]
		(?, 3)    eval_getpubusersig_11(v_8) -> Com_2(eval_ftell_start(v_8), eval_getpubusersig_6(v_8)) [ v_8 >= 0 ]
		(?, 1)    eval_getpubusersig_10(v_8) -> Com_2(eval_is_key_ctb_start(v_8), eval_getpubusersig_11(v_8)) [ v_8 >= 0 ]
		(9, 1)    eval_getpubusersig_bb5_in(v_8) -> Com_1(eval_getpubusersig_15(v_8))
		(?, 1)    eval_getpubusersig_7(v_8) -> Com_1(eval_getpubusersig_10(v_8)) [ v_8 >= 0 ]
		(9, 1)    eval_getpubusersig_7(v_8) -> Com_1(eval_getpubusersig_bb5_in(v_8)) [ v_8 < 0 ]
		(?, 1)    eval_getpubusersig_6(v_8) -> Com_2(eval_readkeypacket_start(v_8), eval_getpubusersig_7(nondef.3))
		(1, 1)    eval_getpubusersig_5(v_8) -> Com_2(eval_ftell_start(v_8), eval_getpubusersig_6(v_8))
		(1, 1)    eval_getpubusersig_bb2_in(v_8) -> Com_1(eval_getpubusersig_5(v_8))
		(1, 1)    eval_getpubusersig_4(v_8) -> Com_1(eval_getpubusersig_bb2_in(v_8))
		(1, 1)    eval_getpubusersig_3(v_8) -> Com_2(eval_nextkeypacket_start(v_8), eval_getpubusersig_4(v_8))
		(1, 1)    eval_getpubusersig_2(v_8) -> Com_2(eval_fseek_start(v_8), eval_getpubusersig_3(v_8))
		(9, 1)    eval_getpubusersig_bb9_in(v_8) -> Com_1(eval_getpubusersig_stop(v_8))
		(1, 1)    eval_getpubusersig_1(v_8) -> Com_1(eval_getpubusersig_2(v_8))
		(1, 1)    eval_getpubusersig_1(v_8) -> Com_1(eval_getpubusersig_bb9_in(v_8))
		(1, 1)    eval_getpubusersig_0(v_8) -> Com_2(eval_fopen_start(v_8), eval_getpubusersig_1(v_8))
		(1, 2)    eval_getpubusersig_start(v_8) -> Com_1(eval_getpubusersig_0(v_8))
	start location:	eval_getpubusersig_start
	leaf cost:	0

By chaining the transition eval_getpubusersig_bb5_in(v_8) -> Com_1(eval_getpubusersig_15(v_8)) with all transitions in problem 23, the following new transition is obtained:
	eval_getpubusersig_bb5_in(v_8) -> Com_2(eval_fclose_start(v_8), eval_getpubusersig_16(v_8))
We thus obtain the following problem:
24:	T:
		(9, 2)    eval_getpubusersig_bb5_in(v_8) -> Com_2(eval_fclose_start(v_8), eval_getpubusersig_16(v_8))
		(9, 3)    eval_getpubusersig_11(v_8) -> Com_2(eval_fclose_start(v_8), eval_getpubusersig_16(v_8)) [ v_8 >= 0 ]
		(9, 2)    eval_getpubusersig_34(v_8) -> Com_1(eval_getpubusersig_stop(v_8)) [ v_8 >= 0 ]
		(9, 1)    eval_getpubusersig_33(v_8) -> Com_2(eval_fclose_start(v_8), eval_getpubusersig_34(v_8)) [ v_8 >= 0 ]
		(9, 1)    eval_getpubusersig_32(v_8) -> Com_2(eval_hiloswap_start(v_8), eval_getpubusersig_33(v_8)) [ v_8 >= 0 ]
		(9, 1)    eval_getpubusersig_31(v_8) -> Com_2(eval_fread_start(v_8), eval_getpubusersig_32(v_8)) [ v_8 >= 0 ]
		(9, 2)    eval_getpubusersig_26(v_8) -> Com_2(eval_fseek_start(v_8), eval_getpubusersig_31(v_8)) [ v_8 >= 0 ]
		(?, 3)    eval_getpubusersig_23(v_8) -> Com_2(eval_ftell_start(v_8), eval_getpubusersig_6(v_8)) [ v_8 >= 0 ]
		(9, 2)    eval_getpubusersig_23(v_8) -> Com_2(eval_ftell_start(v_8), eval_getpubusersig_26(v_8)) [ v_8 >= 0 ]
		(9, 2)    eval_getpubusersig_16(v_8) -> Com_1(eval_getpubusersig_stop(v_8))
		(9, 1)    eval_getpubusersig_15(v_8) -> Com_2(eval_fclose_start(v_8), eval_getpubusersig_16(v_8))
		(?, 2)    eval_getpubusersig_11(v_8) -> Com_2(eval_memcmp_start(v_8), eval_getpubusersig_23(v_8)) [ v_8 >= 0 ]
		(?, 3)    eval_getpubusersig_11(v_8) -> Com_2(eval_ftell_start(v_8), eval_getpubusersig_6(v_8)) [ v_8 >= 0 ]
		(?, 1)    eval_getpubusersig_10(v_8) -> Com_2(eval_is_key_ctb_start(v_8), eval_getpubusersig_11(v_8)) [ v_8 >= 0 ]
		(?, 1)    eval_getpubusersig_7(v_8) -> Com_1(eval_getpubusersig_10(v_8)) [ v_8 >= 0 ]
		(9, 1)    eval_getpubusersig_7(v_8) -> Com_1(eval_getpubusersig_bb5_in(v_8)) [ v_8 < 0 ]
		(?, 1)    eval_getpubusersig_6(v_8) -> Com_2(eval_readkeypacket_start(v_8), eval_getpubusersig_7(nondef.3))
		(1, 1)    eval_getpubusersig_5(v_8) -> Com_2(eval_ftell_start(v_8), eval_getpubusersig_6(v_8))
		(1, 1)    eval_getpubusersig_bb2_in(v_8) -> Com_1(eval_getpubusersig_5(v_8))
		(1, 1)    eval_getpubusersig_4(v_8) -> Com_1(eval_getpubusersig_bb2_in(v_8))
		(1, 1)    eval_getpubusersig_3(v_8) -> Com_2(eval_nextkeypacket_start(v_8), eval_getpubusersig_4(v_8))
		(1, 1)    eval_getpubusersig_2(v_8) -> Com_2(eval_fseek_start(v_8), eval_getpubusersig_3(v_8))
		(9, 1)    eval_getpubusersig_bb9_in(v_8) -> Com_1(eval_getpubusersig_stop(v_8))
		(1, 1)    eval_getpubusersig_1(v_8) -> Com_1(eval_getpubusersig_2(v_8))
		(1, 1)    eval_getpubusersig_1(v_8) -> Com_1(eval_getpubusersig_bb9_in(v_8))
		(1, 1)    eval_getpubusersig_0(v_8) -> Com_2(eval_fopen_start(v_8), eval_getpubusersig_1(v_8))
		(1, 2)    eval_getpubusersig_start(v_8) -> Com_1(eval_getpubusersig_0(v_8))
	start location:	eval_getpubusersig_start
	leaf cost:	0

Testing for reachability in the complexity graph removes the following transition from problem 24:
	eval_getpubusersig_15(v_8) -> Com_2(eval_fclose_start(v_8), eval_getpubusersig_16(v_8))
We thus obtain the following problem:
25:	T:
		(9, 2)    eval_getpubusersig_34(v_8) -> Com_1(eval_getpubusersig_stop(v_8)) [ v_8 >= 0 ]
		(9, 1)    eval_getpubusersig_33(v_8) -> Com_2(eval_fclose_start(v_8), eval_getpubusersig_34(v_8)) [ v_8 >= 0 ]
		(9, 1)    eval_getpubusersig_32(v_8) -> Com_2(eval_hiloswap_start(v_8), eval_getpubusersig_33(v_8)) [ v_8 >= 0 ]
		(9, 1)    eval_getpubusersig_31(v_8) -> Com_2(eval_fread_start(v_8), eval_getpubusersig_32(v_8)) [ v_8 >= 0 ]
		(9, 2)    eval_getpubusersig_26(v_8) -> Com_2(eval_fseek_start(v_8), eval_getpubusersig_31(v_8)) [ v_8 >= 0 ]
		(?, 3)    eval_getpubusersig_23(v_8) -> Com_2(eval_ftell_start(v_8), eval_getpubusersig_6(v_8)) [ v_8 >= 0 ]
		(9, 2)    eval_getpubusersig_23(v_8) -> Com_2(eval_ftell_start(v_8), eval_getpubusersig_26(v_8)) [ v_8 >= 0 ]
		(9, 2)    eval_getpubusersig_16(v_8) -> Com_1(eval_getpubusersig_stop(v_8))
		(9, 3)    eval_getpubusersig_11(v_8) -> Com_2(eval_fclose_start(v_8), eval_getpubusersig_16(v_8)) [ v_8 >= 0 ]
		(?, 2)    eval_getpubusersig_11(v_8) -> Com_2(eval_memcmp_start(v_8), eval_getpubusersig_23(v_8)) [ v_8 >= 0 ]
		(?, 3)    eval_getpubusersig_11(v_8) -> Com_2(eval_ftell_start(v_8), eval_getpubusersig_6(v_8)) [ v_8 >= 0 ]
		(?, 1)    eval_getpubusersig_10(v_8) -> Com_2(eval_is_key_ctb_start(v_8), eval_getpubusersig_11(v_8)) [ v_8 >= 0 ]
		(9, 2)    eval_getpubusersig_bb5_in(v_8) -> Com_2(eval_fclose_start(v_8), eval_getpubusersig_16(v_8))
		(?, 1)    eval_getpubusersig_7(v_8) -> Com_1(eval_getpubusersig_10(v_8)) [ v_8 >= 0 ]
		(9, 1)    eval_getpubusersig_7(v_8) -> Com_1(eval_getpubusersig_bb5_in(v_8)) [ v_8 < 0 ]
		(?, 1)    eval_getpubusersig_6(v_8) -> Com_2(eval_readkeypacket_start(v_8), eval_getpubusersig_7(nondef.3))
		(1, 1)    eval_getpubusersig_5(v_8) -> Com_2(eval_ftell_start(v_8), eval_getpubusersig_6(v_8))
		(1, 1)    eval_getpubusersig_bb2_in(v_8) -> Com_1(eval_getpubusersig_5(v_8))
		(1, 1)    eval_getpubusersig_4(v_8) -> Com_1(eval_getpubusersig_bb2_in(v_8))
		(1, 1)    eval_getpubusersig_3(v_8) -> Com_2(eval_nextkeypacket_start(v_8), eval_getpubusersig_4(v_8))
		(1, 1)    eval_getpubusersig_2(v_8) -> Com_2(eval_fseek_start(v_8), eval_getpubusersig_3(v_8))
		(9, 1)    eval_getpubusersig_bb9_in(v_8) -> Com_1(eval_getpubusersig_stop(v_8))
		(1, 1)    eval_getpubusersig_1(v_8) -> Com_1(eval_getpubusersig_2(v_8))
		(1, 1)    eval_getpubusersig_1(v_8) -> Com_1(eval_getpubusersig_bb9_in(v_8))
		(1, 1)    eval_getpubusersig_0(v_8) -> Com_2(eval_fopen_start(v_8), eval_getpubusersig_1(v_8))
		(1, 2)    eval_getpubusersig_start(v_8) -> Com_1(eval_getpubusersig_0(v_8))
	start location:	eval_getpubusersig_start
	leaf cost:	0

By chaining the transition eval_getpubusersig_7(v_8) -> Com_1(eval_getpubusersig_10(v_8)) [ v_8 >= 0 ] with all transitions in problem 25, the following new transition is obtained:
	eval_getpubusersig_7(v_8) -> Com_2(eval_is_key_ctb_start(v_8), eval_getpubusersig_11(v_8)) [ v_8 >= 0 ]
We thus obtain the following problem:
26:	T:
		(?, 2)    eval_getpubusersig_7(v_8) -> Com_2(eval_is_key_ctb_start(v_8), eval_getpubusersig_11(v_8)) [ v_8 >= 0 ]
		(9, 2)    eval_getpubusersig_34(v_8) -> Com_1(eval_getpubusersig_stop(v_8)) [ v_8 >= 0 ]
		(9, 1)    eval_getpubusersig_33(v_8) -> Com_2(eval_fclose_start(v_8), eval_getpubusersig_34(v_8)) [ v_8 >= 0 ]
		(9, 1)    eval_getpubusersig_32(v_8) -> Com_2(eval_hiloswap_start(v_8), eval_getpubusersig_33(v_8)) [ v_8 >= 0 ]
		(9, 1)    eval_getpubusersig_31(v_8) -> Com_2(eval_fread_start(v_8), eval_getpubusersig_32(v_8)) [ v_8 >= 0 ]
		(9, 2)    eval_getpubusersig_26(v_8) -> Com_2(eval_fseek_start(v_8), eval_getpubusersig_31(v_8)) [ v_8 >= 0 ]
		(?, 3)    eval_getpubusersig_23(v_8) -> Com_2(eval_ftell_start(v_8), eval_getpubusersig_6(v_8)) [ v_8 >= 0 ]
		(9, 2)    eval_getpubusersig_23(v_8) -> Com_2(eval_ftell_start(v_8), eval_getpubusersig_26(v_8)) [ v_8 >= 0 ]
		(9, 2)    eval_getpubusersig_16(v_8) -> Com_1(eval_getpubusersig_stop(v_8))
		(9, 3)    eval_getpubusersig_11(v_8) -> Com_2(eval_fclose_start(v_8), eval_getpubusersig_16(v_8)) [ v_8 >= 0 ]
		(?, 2)    eval_getpubusersig_11(v_8) -> Com_2(eval_memcmp_start(v_8), eval_getpubusersig_23(v_8)) [ v_8 >= 0 ]
		(?, 3)    eval_getpubusersig_11(v_8) -> Com_2(eval_ftell_start(v_8), eval_getpubusersig_6(v_8)) [ v_8 >= 0 ]
		(?, 1)    eval_getpubusersig_10(v_8) -> Com_2(eval_is_key_ctb_start(v_8), eval_getpubusersig_11(v_8)) [ v_8 >= 0 ]
		(9, 2)    eval_getpubusersig_bb5_in(v_8) -> Com_2(eval_fclose_start(v_8), eval_getpubusersig_16(v_8))
		(9, 1)    eval_getpubusersig_7(v_8) -> Com_1(eval_getpubusersig_bb5_in(v_8)) [ v_8 < 0 ]
		(?, 1)    eval_getpubusersig_6(v_8) -> Com_2(eval_readkeypacket_start(v_8), eval_getpubusersig_7(nondef.3))
		(1, 1)    eval_getpubusersig_5(v_8) -> Com_2(eval_ftell_start(v_8), eval_getpubusersig_6(v_8))
		(1, 1)    eval_getpubusersig_bb2_in(v_8) -> Com_1(eval_getpubusersig_5(v_8))
		(1, 1)    eval_getpubusersig_4(v_8) -> Com_1(eval_getpubusersig_bb2_in(v_8))
		(1, 1)    eval_getpubusersig_3(v_8) -> Com_2(eval_nextkeypacket_start(v_8), eval_getpubusersig_4(v_8))
		(1, 1)    eval_getpubusersig_2(v_8) -> Com_2(eval_fseek_start(v_8), eval_getpubusersig_3(v_8))
		(9, 1)    eval_getpubusersig_bb9_in(v_8) -> Com_1(eval_getpubusersig_stop(v_8))
		(1, 1)    eval_getpubusersig_1(v_8) -> Com_1(eval_getpubusersig_2(v_8))
		(1, 1)    eval_getpubusersig_1(v_8) -> Com_1(eval_getpubusersig_bb9_in(v_8))
		(1, 1)    eval_getpubusersig_0(v_8) -> Com_2(eval_fopen_start(v_8), eval_getpubusersig_1(v_8))
		(1, 2)    eval_getpubusersig_start(v_8) -> Com_1(eval_getpubusersig_0(v_8))
	start location:	eval_getpubusersig_start
	leaf cost:	0

Testing for reachability in the complexity graph removes the following transition from problem 26:
	eval_getpubusersig_10(v_8) -> Com_2(eval_is_key_ctb_start(v_8), eval_getpubusersig_11(v_8)) [ v_8 >= 0 ]
We thus obtain the following problem:
27:	T:
		(9, 2)    eval_getpubusersig_34(v_8) -> Com_1(eval_getpubusersig_stop(v_8)) [ v_8 >= 0 ]
		(9, 1)    eval_getpubusersig_33(v_8) -> Com_2(eval_fclose_start(v_8), eval_getpubusersig_34(v_8)) [ v_8 >= 0 ]
		(9, 1)    eval_getpubusersig_32(v_8) -> Com_2(eval_hiloswap_start(v_8), eval_getpubusersig_33(v_8)) [ v_8 >= 0 ]
		(9, 1)    eval_getpubusersig_31(v_8) -> Com_2(eval_fread_start(v_8), eval_getpubusersig_32(v_8)) [ v_8 >= 0 ]
		(9, 2)    eval_getpubusersig_26(v_8) -> Com_2(eval_fseek_start(v_8), eval_getpubusersig_31(v_8)) [ v_8 >= 0 ]
		(9, 2)    eval_getpubusersig_16(v_8) -> Com_1(eval_getpubusersig_stop(v_8))
		(?, 3)    eval_getpubusersig_23(v_8) -> Com_2(eval_ftell_start(v_8), eval_getpubusersig_6(v_8)) [ v_8 >= 0 ]
		(9, 2)    eval_getpubusersig_23(v_8) -> Com_2(eval_ftell_start(v_8), eval_getpubusersig_26(v_8)) [ v_8 >= 0 ]
		(9, 3)    eval_getpubusersig_11(v_8) -> Com_2(eval_fclose_start(v_8), eval_getpubusersig_16(v_8)) [ v_8 >= 0 ]
		(?, 2)    eval_getpubusersig_11(v_8) -> Com_2(eval_memcmp_start(v_8), eval_getpubusersig_23(v_8)) [ v_8 >= 0 ]
		(?, 3)    eval_getpubusersig_11(v_8) -> Com_2(eval_ftell_start(v_8), eval_getpubusersig_6(v_8)) [ v_8 >= 0 ]
		(9, 2)    eval_getpubusersig_bb5_in(v_8) -> Com_2(eval_fclose_start(v_8), eval_getpubusersig_16(v_8))
		(?, 2)    eval_getpubusersig_7(v_8) -> Com_2(eval_is_key_ctb_start(v_8), eval_getpubusersig_11(v_8)) [ v_8 >= 0 ]
		(9, 1)    eval_getpubusersig_7(v_8) -> Com_1(eval_getpubusersig_bb5_in(v_8)) [ v_8 < 0 ]
		(?, 1)    eval_getpubusersig_6(v_8) -> Com_2(eval_readkeypacket_start(v_8), eval_getpubusersig_7(nondef.3))
		(1, 1)    eval_getpubusersig_5(v_8) -> Com_2(eval_ftell_start(v_8), eval_getpubusersig_6(v_8))
		(1, 1)    eval_getpubusersig_bb2_in(v_8) -> Com_1(eval_getpubusersig_5(v_8))
		(1, 1)    eval_getpubusersig_4(v_8) -> Com_1(eval_getpubusersig_bb2_in(v_8))
		(1, 1)    eval_getpubusersig_3(v_8) -> Com_2(eval_nextkeypacket_start(v_8), eval_getpubusersig_4(v_8))
		(1, 1)    eval_getpubusersig_2(v_8) -> Com_2(eval_fseek_start(v_8), eval_getpubusersig_3(v_8))
		(9, 1)    eval_getpubusersig_bb9_in(v_8) -> Com_1(eval_getpubusersig_stop(v_8))
		(1, 1)    eval_getpubusersig_1(v_8) -> Com_1(eval_getpubusersig_2(v_8))
		(1, 1)    eval_getpubusersig_1(v_8) -> Com_1(eval_getpubusersig_bb9_in(v_8))
		(1, 1)    eval_getpubusersig_0(v_8) -> Com_2(eval_fopen_start(v_8), eval_getpubusersig_1(v_8))
		(1, 2)    eval_getpubusersig_start(v_8) -> Com_1(eval_getpubusersig_0(v_8))
	start location:	eval_getpubusersig_start
	leaf cost:	0

By chaining the transition eval_getpubusersig_7(v_8) -> Com_1(eval_getpubusersig_bb5_in(v_8)) [ v_8 < 0 ] with all transitions in problem 27, the following new transition is obtained:
	eval_getpubusersig_7(v_8) -> Com_2(eval_fclose_start(v_8), eval_getpubusersig_16(v_8)) [ v_8 < 0 ]
We thus obtain the following problem:
28:	T:
		(9, 3)    eval_getpubusersig_7(v_8) -> Com_2(eval_fclose_start(v_8), eval_getpubusersig_16(v_8)) [ v_8 < 0 ]
		(9, 2)    eval_getpubusersig_34(v_8) -> Com_1(eval_getpubusersig_stop(v_8)) [ v_8 >= 0 ]
		(9, 1)    eval_getpubusersig_33(v_8) -> Com_2(eval_fclose_start(v_8), eval_getpubusersig_34(v_8)) [ v_8 >= 0 ]
		(9, 1)    eval_getpubusersig_32(v_8) -> Com_2(eval_hiloswap_start(v_8), eval_getpubusersig_33(v_8)) [ v_8 >= 0 ]
		(9, 1)    eval_getpubusersig_31(v_8) -> Com_2(eval_fread_start(v_8), eval_getpubusersig_32(v_8)) [ v_8 >= 0 ]
		(9, 2)    eval_getpubusersig_26(v_8) -> Com_2(eval_fseek_start(v_8), eval_getpubusersig_31(v_8)) [ v_8 >= 0 ]
		(9, 2)    eval_getpubusersig_16(v_8) -> Com_1(eval_getpubusersig_stop(v_8))
		(?, 3)    eval_getpubusersig_23(v_8) -> Com_2(eval_ftell_start(v_8), eval_getpubusersig_6(v_8)) [ v_8 >= 0 ]
		(9, 2)    eval_getpubusersig_23(v_8) -> Com_2(eval_ftell_start(v_8), eval_getpubusersig_26(v_8)) [ v_8 >= 0 ]
		(9, 3)    eval_getpubusersig_11(v_8) -> Com_2(eval_fclose_start(v_8), eval_getpubusersig_16(v_8)) [ v_8 >= 0 ]
		(?, 2)    eval_getpubusersig_11(v_8) -> Com_2(eval_memcmp_start(v_8), eval_getpubusersig_23(v_8)) [ v_8 >= 0 ]
		(?, 3)    eval_getpubusersig_11(v_8) -> Com_2(eval_ftell_start(v_8), eval_getpubusersig_6(v_8)) [ v_8 >= 0 ]
		(9, 2)    eval_getpubusersig_bb5_in(v_8) -> Com_2(eval_fclose_start(v_8), eval_getpubusersig_16(v_8))
		(?, 2)    eval_getpubusersig_7(v_8) -> Com_2(eval_is_key_ctb_start(v_8), eval_getpubusersig_11(v_8)) [ v_8 >= 0 ]
		(?, 1)    eval_getpubusersig_6(v_8) -> Com_2(eval_readkeypacket_start(v_8), eval_getpubusersig_7(nondef.3))
		(1, 1)    eval_getpubusersig_5(v_8) -> Com_2(eval_ftell_start(v_8), eval_getpubusersig_6(v_8))
		(1, 1)    eval_getpubusersig_bb2_in(v_8) -> Com_1(eval_getpubusersig_5(v_8))
		(1, 1)    eval_getpubusersig_4(v_8) -> Com_1(eval_getpubusersig_bb2_in(v_8))
		(1, 1)    eval_getpubusersig_3(v_8) -> Com_2(eval_nextkeypacket_start(v_8), eval_getpubusersig_4(v_8))
		(1, 1)    eval_getpubusersig_2(v_8) -> Com_2(eval_fseek_start(v_8), eval_getpubusersig_3(v_8))
		(9, 1)    eval_getpubusersig_bb9_in(v_8) -> Com_1(eval_getpubusersig_stop(v_8))
		(1, 1)    eval_getpubusersig_1(v_8) -> Com_1(eval_getpubusersig_2(v_8))
		(1, 1)    eval_getpubusersig_1(v_8) -> Com_1(eval_getpubusersig_bb9_in(v_8))
		(1, 1)    eval_getpubusersig_0(v_8) -> Com_2(eval_fopen_start(v_8), eval_getpubusersig_1(v_8))
		(1, 2)    eval_getpubusersig_start(v_8) -> Com_1(eval_getpubusersig_0(v_8))
	start location:	eval_getpubusersig_start
	leaf cost:	0

Testing for reachability in the complexity graph removes the following transition from problem 28:
	eval_getpubusersig_bb5_in(v_8) -> Com_2(eval_fclose_start(v_8), eval_getpubusersig_16(v_8))
We thus obtain the following problem:
29:	T:
		(9, 2)    eval_getpubusersig_34(v_8) -> Com_1(eval_getpubusersig_stop(v_8)) [ v_8 >= 0 ]
		(9, 1)    eval_getpubusersig_33(v_8) -> Com_2(eval_fclose_start(v_8), eval_getpubusersig_34(v_8)) [ v_8 >= 0 ]
		(9, 1)    eval_getpubusersig_32(v_8) -> Com_2(eval_hiloswap_start(v_8), eval_getpubusersig_33(v_8)) [ v_8 >= 0 ]
		(9, 1)    eval_getpubusersig_31(v_8) -> Com_2(eval_fread_start(v_8), eval_getpubusersig_32(v_8)) [ v_8 >= 0 ]
		(9, 2)    eval_getpubusersig_26(v_8) -> Com_2(eval_fseek_start(v_8), eval_getpubusersig_31(v_8)) [ v_8 >= 0 ]
		(?, 3)    eval_getpubusersig_23(v_8) -> Com_2(eval_ftell_start(v_8), eval_getpubusersig_6(v_8)) [ v_8 >= 0 ]
		(9, 2)    eval_getpubusersig_23(v_8) -> Com_2(eval_ftell_start(v_8), eval_getpubusersig_26(v_8)) [ v_8 >= 0 ]
		(9, 2)    eval_getpubusersig_16(v_8) -> Com_1(eval_getpubusersig_stop(v_8))
		(9, 3)    eval_getpubusersig_11(v_8) -> Com_2(eval_fclose_start(v_8), eval_getpubusersig_16(v_8)) [ v_8 >= 0 ]
		(?, 2)    eval_getpubusersig_11(v_8) -> Com_2(eval_memcmp_start(v_8), eval_getpubusersig_23(v_8)) [ v_8 >= 0 ]
		(?, 3)    eval_getpubusersig_11(v_8) -> Com_2(eval_ftell_start(v_8), eval_getpubusersig_6(v_8)) [ v_8 >= 0 ]
		(9, 3)    eval_getpubusersig_7(v_8) -> Com_2(eval_fclose_start(v_8), eval_getpubusersig_16(v_8)) [ v_8 < 0 ]
		(?, 2)    eval_getpubusersig_7(v_8) -> Com_2(eval_is_key_ctb_start(v_8), eval_getpubusersig_11(v_8)) [ v_8 >= 0 ]
		(?, 1)    eval_getpubusersig_6(v_8) -> Com_2(eval_readkeypacket_start(v_8), eval_getpubusersig_7(nondef.3))
		(1, 1)    eval_getpubusersig_5(v_8) -> Com_2(eval_ftell_start(v_8), eval_getpubusersig_6(v_8))
		(1, 1)    eval_getpubusersig_bb2_in(v_8) -> Com_1(eval_getpubusersig_5(v_8))
		(1, 1)    eval_getpubusersig_4(v_8) -> Com_1(eval_getpubusersig_bb2_in(v_8))
		(1, 1)    eval_getpubusersig_3(v_8) -> Com_2(eval_nextkeypacket_start(v_8), eval_getpubusersig_4(v_8))
		(1, 1)    eval_getpubusersig_2(v_8) -> Com_2(eval_fseek_start(v_8), eval_getpubusersig_3(v_8))
		(9, 1)    eval_getpubusersig_bb9_in(v_8) -> Com_1(eval_getpubusersig_stop(v_8))
		(1, 1)    eval_getpubusersig_1(v_8) -> Com_1(eval_getpubusersig_2(v_8))
		(1, 1)    eval_getpubusersig_1(v_8) -> Com_1(eval_getpubusersig_bb9_in(v_8))
		(1, 1)    eval_getpubusersig_0(v_8) -> Com_2(eval_fopen_start(v_8), eval_getpubusersig_1(v_8))
		(1, 2)    eval_getpubusersig_start(v_8) -> Com_1(eval_getpubusersig_0(v_8))
	start location:	eval_getpubusersig_start
	leaf cost:	0

Complexity upper bound ?

Time: 0.594 sec (SMT: 0.452 sec)
