YES(?, 59)

Initial complexity problem:
1:	T:
		(1, 1)    eval_LARp_to_rp_start(v_i.0) -> eval_LARp_to_rp_bb0_in(v_i.0)
		(?, 1)    eval_LARp_to_rp_bb0_in(v_i.0) -> eval_LARp_to_rp_bb1_in(1)
		(?, 1)    eval_LARp_to_rp_bb1_in(v_i.0) -> eval_LARp_to_rp_bb5_in(v_i.0) [ v_i.0 <= 8 ]
		(?, 1)    eval_LARp_to_rp_bb1_in(v_i.0) -> eval_LARp_to_rp_bb18_in(v_i.0) [ v_i.0 <= 8 ]
		(?, 1)    eval_LARp_to_rp_bb1_in(v_i.0) -> eval_LARp_to_rp_stop(v_i.0) [ v_i.0 > 8 ]
		(?, 1)    eval_LARp_to_rp_bb5_in(v_i.0) -> eval_LARp_to_rp_bb11_in(v_i.0)
		(?, 1)    eval_LARp_to_rp_bb11_in(v_i.0) -> eval_LARp_to_rp_bb19_in(v_i.0)
		(?, 1)    eval_LARp_to_rp_bb18_in(v_i.0) -> eval_LARp_to_rp_bb19_in(v_i.0)
		(?, 1)    eval_LARp_to_rp_bb19_in(v_i.0) -> eval_LARp_to_rp_bb1_in(v_i.0 + 1)
	start location:	eval_LARp_to_rp_start
	leaf cost:	0

Repeatedly removing leaves of the complexity graph in problem 1 produces the following problem:
2:	T:
		(1, 1)    eval_LARp_to_rp_start(v_i.0) -> eval_LARp_to_rp_bb0_in(v_i.0)
		(?, 1)    eval_LARp_to_rp_bb0_in(v_i.0) -> eval_LARp_to_rp_bb1_in(1)
		(?, 1)    eval_LARp_to_rp_bb1_in(v_i.0) -> eval_LARp_to_rp_bb5_in(v_i.0) [ v_i.0 <= 8 ]
		(?, 1)    eval_LARp_to_rp_bb1_in(v_i.0) -> eval_LARp_to_rp_bb18_in(v_i.0) [ v_i.0 <= 8 ]
		(?, 1)    eval_LARp_to_rp_bb5_in(v_i.0) -> eval_LARp_to_rp_bb11_in(v_i.0)
		(?, 1)    eval_LARp_to_rp_bb11_in(v_i.0) -> eval_LARp_to_rp_bb19_in(v_i.0)
		(?, 1)    eval_LARp_to_rp_bb18_in(v_i.0) -> eval_LARp_to_rp_bb19_in(v_i.0)
		(?, 1)    eval_LARp_to_rp_bb19_in(v_i.0) -> eval_LARp_to_rp_bb1_in(v_i.0 + 1)
	start location:	eval_LARp_to_rp_start
	leaf cost:	1

Repeatedly propagating knowledge in problem 2 produces the following problem:
3:	T:
		(1, 1)    eval_LARp_to_rp_start(v_i.0) -> eval_LARp_to_rp_bb0_in(v_i.0)
		(1, 1)    eval_LARp_to_rp_bb0_in(v_i.0) -> eval_LARp_to_rp_bb1_in(1)
		(?, 1)    eval_LARp_to_rp_bb1_in(v_i.0) -> eval_LARp_to_rp_bb5_in(v_i.0) [ v_i.0 <= 8 ]
		(?, 1)    eval_LARp_to_rp_bb1_in(v_i.0) -> eval_LARp_to_rp_bb18_in(v_i.0) [ v_i.0 <= 8 ]
		(?, 1)    eval_LARp_to_rp_bb5_in(v_i.0) -> eval_LARp_to_rp_bb11_in(v_i.0)
		(?, 1)    eval_LARp_to_rp_bb11_in(v_i.0) -> eval_LARp_to_rp_bb19_in(v_i.0)
		(?, 1)    eval_LARp_to_rp_bb18_in(v_i.0) -> eval_LARp_to_rp_bb19_in(v_i.0)
		(?, 1)    eval_LARp_to_rp_bb19_in(v_i.0) -> eval_LARp_to_rp_bb1_in(v_i.0 + 1)
	start location:	eval_LARp_to_rp_start
	leaf cost:	1

A polynomial rank function with
	Pol(eval_LARp_to_rp_start) = 8
	Pol(eval_LARp_to_rp_bb0_in) = 8
	Pol(eval_LARp_to_rp_bb1_in) = -V_1 + 9
	Pol(eval_LARp_to_rp_bb5_in) = -V_1 + 8
	Pol(eval_LARp_to_rp_bb18_in) = -V_1 + 8
	Pol(eval_LARp_to_rp_bb11_in) = -V_1 + 8
	Pol(eval_LARp_to_rp_bb19_in) = -V_1 + 8
orients all transitions weakly and the transitions
	eval_LARp_to_rp_bb1_in(v_i.0) -> eval_LARp_to_rp_bb5_in(v_i.0) [ v_i.0 <= 8 ]
	eval_LARp_to_rp_bb1_in(v_i.0) -> eval_LARp_to_rp_bb18_in(v_i.0) [ v_i.0 <= 8 ]
strictly and produces the following problem:
4:	T:
		(1, 1)    eval_LARp_to_rp_start(v_i.0) -> eval_LARp_to_rp_bb0_in(v_i.0)
		(1, 1)    eval_LARp_to_rp_bb0_in(v_i.0) -> eval_LARp_to_rp_bb1_in(1)
		(8, 1)    eval_LARp_to_rp_bb1_in(v_i.0) -> eval_LARp_to_rp_bb5_in(v_i.0) [ v_i.0 <= 8 ]
		(8, 1)    eval_LARp_to_rp_bb1_in(v_i.0) -> eval_LARp_to_rp_bb18_in(v_i.0) [ v_i.0 <= 8 ]
		(?, 1)    eval_LARp_to_rp_bb5_in(v_i.0) -> eval_LARp_to_rp_bb11_in(v_i.0)
		(?, 1)    eval_LARp_to_rp_bb11_in(v_i.0) -> eval_LARp_to_rp_bb19_in(v_i.0)
		(?, 1)    eval_LARp_to_rp_bb18_in(v_i.0) -> eval_LARp_to_rp_bb19_in(v_i.0)
		(?, 1)    eval_LARp_to_rp_bb19_in(v_i.0) -> eval_LARp_to_rp_bb1_in(v_i.0 + 1)
	start location:	eval_LARp_to_rp_start
	leaf cost:	1

Repeatedly propagating knowledge in problem 4 produces the following problem:
5:	T:
		(1, 1)     eval_LARp_to_rp_start(v_i.0) -> eval_LARp_to_rp_bb0_in(v_i.0)
		(1, 1)     eval_LARp_to_rp_bb0_in(v_i.0) -> eval_LARp_to_rp_bb1_in(1)
		(8, 1)     eval_LARp_to_rp_bb1_in(v_i.0) -> eval_LARp_to_rp_bb5_in(v_i.0) [ v_i.0 <= 8 ]
		(8, 1)     eval_LARp_to_rp_bb1_in(v_i.0) -> eval_LARp_to_rp_bb18_in(v_i.0) [ v_i.0 <= 8 ]
		(8, 1)     eval_LARp_to_rp_bb5_in(v_i.0) -> eval_LARp_to_rp_bb11_in(v_i.0)
		(8, 1)     eval_LARp_to_rp_bb11_in(v_i.0) -> eval_LARp_to_rp_bb19_in(v_i.0)
		(8, 1)     eval_LARp_to_rp_bb18_in(v_i.0) -> eval_LARp_to_rp_bb19_in(v_i.0)
		(16, 1)    eval_LARp_to_rp_bb19_in(v_i.0) -> eval_LARp_to_rp_bb1_in(v_i.0 + 1)
	start location:	eval_LARp_to_rp_start
	leaf cost:	1

Complexity upper bound 59

Time: 0.025 sec (SMT: 0.023 sec)
