This is PUBS, version 0.2.
Copyright (C) 2007, 2008, 2009 UPM, UCM.
This program comes with ABSOLUTELY NO WARRANTY.
This is free software, and you are welcome to
redistribute it under certain conditions.



CRS $pubs_aux_entry$(A) -- THE MAIN ENTRY

  * Non Asymptotic Upper Bound: 1+nat(A)+3*nat(A) 

  * LOOPS $pubs_aux_entry$(B) -> $pubs_aux_entry$(C)

  * Ranking function: N/A

  * Invariants $pubs_aux_entry$(A) -> $pubs_aux_entry$(B)

     entry  : []
     non-rec: [A=B]
     rec    : [0=1]
     inv    : [A=B]

CRS eval_foo_start(A)

  * Non Asymptotic Upper Bound: 1+nat(A)+3*nat(A) 

  * LOOPS eval_foo_start(B) -> eval_foo_start(C)

  * Ranking function: N/A

  * Invariants eval_foo_start(A) -> eval_foo_start(B)

     entry  : []
     non-rec: [A=B]
     rec    : [0=1]
     inv    : [A=B]

CRS eval_foo_bb0_in(A)

  * Non Asymptotic Upper Bound: 1+nat(A)+3*nat(A) 

  * LOOPS eval_foo_bb0_in(B) -> eval_foo_bb0_in(C)

  * Ranking function: N/A

  * Invariants eval_foo_bb0_in(A) -> eval_foo_bb0_in(B)

     entry  : []
     non-rec: [A=B]
     rec    : [0=1]
     inv    : [A=B]

CRS eval_foo_0(A)

  * Non Asymptotic Upper Bound: 1+nat(A)+3*nat(A) 

  * LOOPS eval_foo_0(B) -> eval_foo_0(C)

  * Ranking function: N/A

  * Invariants eval_foo_0(A) -> eval_foo_0(B)

     entry  : []
     non-rec: [A=B]
     rec    : [0=1]
     inv    : [A=B]

CRS eval_foo_1(A)

  * Non Asymptotic Upper Bound: 1+nat(A)+3*nat(A) 

  * LOOPS eval_foo_1(B) -> eval_foo_1(C)

  * Ranking function: N/A

  * Invariants eval_foo_1(A) -> eval_foo_1(B)

     entry  : []
     non-rec: [A=B]
     rec    : [0=1]
     inv    : [A=B]

CRS eval_foo_2(A)

  * Non Asymptotic Upper Bound: 1+nat(A)+3*nat(A) 

  * LOOPS eval_foo_2(B) -> eval_foo_2(C)

  * Ranking function: N/A

  * Invariants eval_foo_2(A) -> eval_foo_2(B)

     entry  : []
     non-rec: [A=B]
     rec    : [0=1]
     inv    : [A=B]

CRS eval_foo_3(A)

  * Non Asymptotic Upper Bound: 1+nat(A)+3*nat(A) 

  * LOOPS eval_foo_3(B) -> eval_foo_3(C)

  * Ranking function: N/A

  * Invariants eval_foo_3(A) -> eval_foo_3(B)

     entry  : []
     non-rec: [A=B]
     rec    : [0=1]
     inv    : [A=B]

CRS eval_foo_4(A)

  * Non Asymptotic Upper Bound: 1+nat(A)+3*nat(A) 

  * LOOPS eval_foo_4(B) -> eval_foo_4(C)

  * Ranking function: N/A

  * Invariants eval_foo_4(A) -> eval_foo_4(B)

     entry  : []
     non-rec: [A=B]
     rec    : [0=1]
     inv    : [A=B]

CRS eval_foo_5(A)

  * Non Asymptotic Upper Bound: 1+nat(A)+3*nat(A) 

  * LOOPS eval_foo_5(B) -> eval_foo_5(C)

  * Ranking function: N/A

  * Invariants eval_foo_5(A) -> eval_foo_5(B)

     entry  : []
     non-rec: [A=B]
     rec    : [0=1]
     inv    : [A=B]

CRS eval_foo_6(A)

  * Non Asymptotic Upper Bound: 1+nat(A)+3*nat(A) 

  * LOOPS eval_foo_6(B) -> eval_foo_6(C)

  * Ranking function: N/A

  * Invariants eval_foo_6(A) -> eval_foo_6(B)

     entry  : []
     non-rec: [A=B]
     rec    : [0=1]
     inv    : [A=B]

CRS eval_foo_7(A)

  * Non Asymptotic Upper Bound: 1+nat(A)+3*nat(A) 

  * LOOPS eval_foo_7(B) -> eval_foo_7(C)

  * Ranking function: N/A

  * Invariants eval_foo_7(A) -> eval_foo_7(B)

     entry  : []
     non-rec: [A=B]
     rec    : [0=1]
     inv    : [A=B]

CRS loop_cont_eval_foo_bb1_in(A,B)

  * Non Asymptotic Upper Bound: 0 

  * LOOPS loop_cont_eval_foo_bb1_in(C,D) -> loop_cont_eval_foo_bb1_in(E,F)

  * Ranking function: N/A

  * Invariants loop_cont_eval_foo_bb1_in(A,B) -> loop_cont_eval_foo_bb1_in(C,D)

     entry  : [A=3]
     non-rec: [A=C,B=D,A=3]
     rec    : [0=1]
     inv    : [A=3,C=3,B=D]

CRS eval_foo_bb5_in

  * Non Asymptotic Upper Bound: 0 

  * LOOPS eval_foo_bb5_in -> eval_foo_bb5_in

  * Ranking function: N/A

  * Invariants eval_foo_bb5_in -> eval_foo_bb5_in

     entry  : []
     non-rec: []
     rec    : [0=1]
     inv    : []

CRS eval_foo_bb1_in(A,B)

  * Non Asymptotic Upper Bound: nat(B)+3*nat(A+B) 

  * LOOPS eval_foo_bb1_in(C,D) -> eval_foo_bb1_in(E,F)
     - [F>=0,D=F+1,E=0]
     - [D=F+1,C+1=E,D>=1]

  * Ranking function: nat(D)

  * Invariants eval_foo_bb1_in(A,B) -> eval_foo_bb1_in(C,D)

     entry  : [A=0]
     non-rec: [A=C,B=D,A=0]
     rec    : [A=0,D>=0,B>=C+D,C>=0,B>=D+1]
     inv    : [C>=0,B>=C+D,A=0]

CRS eval_foo_bb3_in(A,B,C,D,E,F)

  * Non Asymptotic Upper Bound: nat(F) 

  * LOOPS eval_foo_bb3_in(G,H,I,J,K,L) -> eval_foo_bb3_in(M,N,O,P,Q,R)
     - [L=R+1,G=M,H=N,I=O,J=P,K=Q,R>=0]

  * Ranking function: nat(L)

  * Invariants eval_foo_bb3_in(A,B,C,D,E,F) -> eval_foo_bb3_in(G,H,I,J,K,L)

     entry  : [E>=1,B>=1,F>=1,D=F,A+1=F,B=C+1]
     non-rec: [A=G,B=H,C=I,D=J,E=K,F=L,E>=1,B>=1,F>=1,D=F,A+1=F,B=C+1]
     rec    : [E=K,A+1=J,B=I+1,B=H,A=G,A+1=F,A+1=D,B=C+1,B>=1,L>=0,E>=1,A>=L]
     inv    : [L>=0,A+1>=L,A>=0,E>=1,B>=1,A+1=D,A+1=F,A=G,B=H,B=I+1,A+1=J,E=K,B=C+1]


