This is PUBS, version 0.2.
Copyright (C) 2007, 2008, 2009 UPM, UCM.
This program comes with ABSOLUTELY NO WARRANTY.
This is free software, and you are welcome to
redistribute it under certain conditions.



CRS $pubs_aux_entry$(A,B) -- THE MAIN ENTRY

  * Non Asymptotic Upper Bound: 1+c(failed(schemes_failed,[scc=5,cr=eval_fallbackQSort3_bb1_in/2])) 

  * LOOPS $pubs_aux_entry$(C,D) -> $pubs_aux_entry$(E,F)

  * Ranking function: N/A

  * Invariants $pubs_aux_entry$(A,B) -> $pubs_aux_entry$(C,D)

     entry  : []
     non-rec: [A=C,B=D]
     rec    : [0=1]
     inv    : [A=C,B=D]

CRS eval_fallbackQSort3_start(A,B)

  * Non Asymptotic Upper Bound: 1+c(failed(schemes_failed,[scc=5,cr=eval_fallbackQSort3_bb1_in/2])) 

  * LOOPS eval_fallbackQSort3_start(C,D) -> eval_fallbackQSort3_start(E,F)

  * Ranking function: N/A

  * Invariants eval_fallbackQSort3_start(A,B) -> eval_fallbackQSort3_start(C,D)

     entry  : []
     non-rec: [A=C,B=D]
     rec    : [0=1]
     inv    : [A=C,B=D]

CRS eval_fallbackQSort3_bb0_in

  * Non Asymptotic Upper Bound: 1+c(failed(schemes_failed,[scc=5,cr=eval_fallbackQSort3_bb1_in/2])) 

  * LOOPS eval_fallbackQSort3_bb0_in -> eval_fallbackQSort3_bb0_in

  * Ranking function: N/A

  * Invariants eval_fallbackQSort3_bb0_in -> eval_fallbackQSort3_bb0_in

     entry  : []
     non-rec: []
     rec    : [0=1]
     inv    : []

CRS loop_cont_eval_fallbackQSort3_bb1_in(A,B)

  * Non Asymptotic Upper Bound: 0 

  * LOOPS loop_cont_eval_fallbackQSort3_bb1_in(C,D) -> loop_cont_eval_fallbackQSort3_bb1_in(E,F)

  * Ranking function: N/A

  * Invariants loop_cont_eval_fallbackQSort3_bb1_in(A,B) -> loop_cont_eval_fallbackQSort3_bb1_in(C,D)

     entry  : []
     non-rec: [A=C,B=D]
     rec    : [0=1]
     inv    : [A=C,B=D]

CRS eval_fallbackQSort3_bb1_in(A,B)

  * Non Asymptotic Upper Bound: c(failed(schemes_failed,[scc=5,cr=eval_fallbackQSort3_bb1_in/2])) 

  * LOOPS eval_fallbackQSort3_bb1_in(C,D) -> eval_fallbackQSort3_bb1_in(E,F)
     - [D=F+1,C=E,F>=0]
     - [D>=1,7621*C+1=0]
     - [D>=1,7621*C+1=0]
     - [D>=1,7621*C+1=0]
     - [D>=1,7621*C+1=0]
     - [D>=1,7621*C+1=0]
     - [D>=1,C>=0]
     - [D>=1,C>=0]
     - [D>=1,C>=0]
     - [D>=1,C>=0]
     - [D>=1,C>=0]
     - [D>=1,C>=0]
     - [D>=1,C>=0]
     - [D>=1,C>=0]
     - [D>=1,C>=0]
     - [D>=1,C>=0]
     - [0>=7621*C+2,D>=1]
     - [0>=7621*C+2,D>=1]
     - [0>=7621*C+2,D>=1]
     - [0>=7621*C+2,D>=1]
     - [0>=7621*C+2,D>=1]
     - [0>=7621*C+2,D>=1]
     - [0>=7621*C+2,D>=1]
     - [0>=7621*C+2,D>=1]
     - [0>=7621*C+2,D>=1]
     - [0>=7621*C+2,D>=1]
     - [D>=1,7621*C+1=0]
     - [D>=1,7621*C+1=0]
     - [D>=1,7621*C+1=0]
     - [D>=1,7621*C+1=0]
     - [D>=1,7621*C+1=0]
     - [D>=1,C>=0]
     - [D>=1,C>=0]
     - [D>=1,C>=0]
     - [D>=1,C>=0]
     - [D>=1,C>=0]
     - [D>=1,C>=0]
     - [D>=1,C>=0]
     - [D>=1,C>=0]
     - [D>=1,C>=0]
     - [D>=1,C>=0]
     - [0>=7621*C+2,D>=1]
     - [0>=7621*C+2,D>=1]
     - [0>=7621*C+2,D>=1]
     - [0>=7621*C+2,D>=1]
     - [0>=7621*C+2,D>=1]
     - [0>=7621*C+2,D>=1]
     - [0>=7621*C+2,D>=1]
     - [0>=7621*C+2,D>=1]
     - [0>=7621*C+2,D>=1]
     - [0>=7621*C+2,D>=1]
     - [D=F+1,C=E,F>=0]
     - [D>=1,7621*C+1=0]
     - [D>=1,7621*C+1=0]
     - [D>=1,7621*C+1=0]
     - [D>=1,7621*C+1=0]
     - [D>=1,7621*C+1=0]
     - [D>=1,C>=0]
     - [D>=1,C>=0]
     - [D>=1,C>=0]
     - [D>=1,C>=0]
     - [D>=1,C>=0]
     - [D>=1,C>=0]
     - [D>=1,C>=0]
     - [D>=1,C>=0]
     - [D>=1,C>=0]
     - [D>=1,C>=0]
     - [0>=7621*C+2,D>=1]
     - [0>=7621*C+2,D>=1]
     - [0>=7621*C+2,D>=1]
     - [0>=7621*C+2,D>=1]
     - [0>=7621*C+2,D>=1]
     - [0>=7621*C+2,D>=1]
     - [0>=7621*C+2,D>=1]
     - [0>=7621*C+2,D>=1]
     - [0>=7621*C+2,D>=1]
     - [0>=7621*C+2,D>=1]
     - [D>=1,7621*C+1=0]
     - [D>=1,7621*C+1=0]
     - [D>=1,7621*C+1=0]
     - [D>=1,7621*C+1=0]
     - [D>=1,7621*C+1=0]
     - [D>=1,C>=0]
     - [D>=1,C>=0]
     - [D>=1,C>=0]
     - [D>=1,C>=0]
     - [D>=1,C>=0]
     - [D>=1,C>=0]
     - [D>=1,C>=0]
     - [D>=1,C>=0]
     - [D>=1,C>=0]
     - [D>=1,C>=0]
     - [0>=7621*C+2,D>=1]
     - [0>=7621*C+2,D>=1]
     - [0>=7621*C+2,D>=1]
     - [0>=7621*C+2,D>=1]
     - [0>=7621*C+2,D>=1]
     - [0>=7621*C+2,D>=1]
     - [0>=7621*C+2,D>=1]
     - [0>=7621*C+2,D>=1]
     - [0>=7621*C+2,D>=1]
     - [0>=7621*C+2,D>=1]

  * Ranking function: c(failed(no_rf,[scc=5,cr=eval_fallbackQSort3_bb1_in/2]))

  * Invariants eval_fallbackQSort3_bb1_in(A,B) -> eval_fallbackQSort3_bb1_in(C,D)

     entry  : [B=1,A=0]
     non-rec: [A=C,B=D,B=1,A=0]
     rec    : [A=0,B=1]
     inv    : [B=1,A=0]

CRS eval_fallbackQSort3_bb26_in(A,B,C,D,E,F,G,H,I,J,K,L,M,N,O,P)

  * Non Asymptotic Upper Bound: nat(P) 

  * LOOPS eval_fallbackQSort3_bb26_in(Q,R,S,T,U,V,W,X,Y,Z,A1,B1,C1,D1,E1,F1) -> eval_fallbackQSort3_bb26_in(G1,H1,I1,J1,K1,L1,M1,N1,O1,P1,Q1,R1,S1,T1,U1,V1)
     - [Q=G1,R=H1,S=I1,T=J1,U=K1,V=L1,W=M1,X=N1,Y=O1,Z=P1,A1=Q1,B1=R1,C1=S1,D1=T1,E1=U1,F1=V1+1,V1>=0]

  * Ranking function: nat(F1)

  * Invariants eval_fallbackQSort3_bb26_in(A,B,C,D,E,F,G,H,I,J,K,L,M,N,O,P) -> eval_fallbackQSort3_bb26_in(Q,R,S,T,U,V,W,X,Y,Z,A1,B1,C1,D1,E1,F1)

     entry  : []
     non-rec: [A=Q,B=R,C=S,D=T,E=U,F=V,G=W,H=X,I=Y,J=Z,K=A1,L=B1,M=C1,N=D1,O=E1,P=F1]
     rec    : [O=E1,N=D1,M=C1,L=B1,K=A1,J=Z,I=Y,H=X,G=W,F=V,E=U,D=T,C=S,B=R,A=Q,F1>=0,P>=F1+1]
     inv    : [P>=F1,B=R,C=S,D=T,E=U,F=V,G=W,H=X,I=Y,J=Z,K=A1,L=B1,M=C1,N=D1,O=E1,A=Q]

CRS eval_fallbackQSort3_bb23_in(A,B,C,D,E,F,G,H,I,J,K,L,M,N,O)

  * Non Asymptotic Upper Bound: nat(O) 

  * LOOPS eval_fallbackQSort3_bb23_in(P,Q,R,S,T,U,V,W,X,Y,Z,A1,B1,C1,D1) -> eval_fallbackQSort3_bb23_in(E1,F1,G1,H1,I1,J1,K1,L1,M1,N1,O1,P1,Q1,R1,S1)
     - [P=E1,Q=F1,R=G1,S=H1,T=I1,U=J1,V=K1,W=L1,X=M1,Y=N1,Z=O1,A1=P1,B1=Q1,C1=R1,D1=S1+1,S1>=0]

  * Ranking function: nat(D1)

  * Invariants eval_fallbackQSort3_bb23_in(A,B,C,D,E,F,G,H,I,J,K,L,M,N,O) -> eval_fallbackQSort3_bb23_in(P,Q,R,S,T,U,V,W,X,Y,Z,A1,B1,C1,D1)

     entry  : []
     non-rec: [A=P,B=Q,C=R,D=S,E=T,F=U,G=V,H=W,I=X,J=Y,K=Z,L=A1,M=B1,N=C1,O=D1]
     rec    : [N=C1,M=B1,L=A1,K=Z,J=Y,I=X,H=W,G=V,F=U,E=T,D=S,C=R,B=Q,A=P,D1>=0,O>=D1+1]
     inv    : [O>=D1,B=Q,C=R,D=S,E=T,F=U,G=V,H=W,I=X,J=Y,K=Z,L=A1,M=B1,N=C1,A=P]

CRS eval_fallbackQSort3_bb11_in(A,B,C,D,E,F,G,H,I,J)

  * Non Asymptotic Upper Bound: c(failed(schemes_failed,[scc=2,cr=eval_fallbackQSort3_bb11_in/10])) 

  * LOOPS eval_fallbackQSort3_bb11_in(K,L,M,N,O,P,Q,R,S,T) -> eval_fallbackQSort3_bb11_in(U,V,W,X,Y,Z,A1,B1,C1,D1)
     - []
     - []
     - []
     - []

  * Ranking function: c(failed(no_rf,[scc=2,cr=eval_fallbackQSort3_bb11_in/10]))

  * Invariants eval_fallbackQSort3_bb11_in(A,B,C,D,E,F,G,H,I,J) -> eval_fallbackQSort3_bb11_in(K,L,M,N,O,P,Q,R,S,T)

     entry  : [32767>=F,F+32767>=0,B>=1,B=C+1,E=G,D=H,E=I,D=J]
     non-rec: [A=K,B=L,C=M,D=N,E=O,F=P,G=Q,H=R,I=S,J=T,32767>=F,F+32767>=0,B>=1,B=C+1,E=G,D=H,E=I,D=J]
     rec    : [F+32767>=0,B>=1,32767>=F,B=C+1,E=G,D=H,E=I,D=J]
     inv    : [B>=1,F+32767>=0,32767>=F,D=J,E=I,D=H,E=G,B=C+1]

CRS eval_fallbackQSort3_bb16_in(A,B,C,D,E,F,G,H,I,J,K,L,M,N)

  * Non Asymptotic Upper Bound: 2*nat(-L+N+1) 

  * LOOPS eval_fallbackQSort3_bb16_in(O,P,Q,R,S,T,U,V,W,X,Y,Z,A1,B1) -> eval_fallbackQSort3_bb16_in(C1,D1,E1,F1,G1,H1,I1,J1,K1,L1,M1,N1,O1,P1)
     - [B1=P1+1,P=D1,Q=E1,R=F1,S=G1,T=H1,U=I1,V=J1,W=K1,X=L1,Y=M1,Z=N1,A1=O1+1,O=C1,P1+1>=Z]
     - [B1=P1+1,P=D1,Q=E1,R=F1,S=G1,T=H1,U=I1,V=J1,W=K1,X=L1,Y=M1,Z=N1,A1=O1,O=C1,P1+1>=Z]

  * Ranking function: nat(-Z+B1+1)

  * Invariants eval_fallbackQSort3_bb16_in(A,B,C,D,E,F,G,H,I,J,K,L,M,N) -> eval_fallbackQSort3_bb16_in(O,P,Q,R,S,T,U,V,W,X,Y,Z,A1,B1)

     entry  : []
     non-rec: [A=O,B=P,C=Q,D=R,E=S,F=T,G=U,H=V,I=W,J=X,K=Y,L=Z,M=A1,N=B1]
     rec    : [L=Z,K=Y,J=X,I=W,H=V,G=U,F=T,E=S,D=R,C=Q,B=P,A=O,B1+1>=L,M>=A1,N+A1>=M+B1,N>=B1+1]
     inv    : [N+A1>=M+B1,M>=A1,C=Q,D=R,E=S,F=T,G=U,H=V,I=W,J=X,K=Y,L=Z,B=P,A=O]

CRS eval_fallbackQSort3_bb12_in(A,B,C,D,E,F,G,H,I,J,K,L)

  * Non Asymptotic Upper Bound: 2*nat(I-L+1) 

  * LOOPS eval_fallbackQSort3_bb12_in(M,N,O,P,Q,R,S,T,U,V,W,X) -> eval_fallbackQSort3_bb12_in(Y,Z,A1,B1,C1,D1,E1,F1,G1,H1,I1,J1)
     - [M=Y,N=Z,O=A1,P=B1,Q=C1,R=D1,S=E1,T=F1,U=G1,V=H1,W+1=I1,X+1=J1,U+1>=J1]
     - [M=Y,N=Z,O=A1,P=B1,Q=C1,R=D1,S=E1,T=F1,U=G1,V=H1,W=I1,X+1=J1,U+1>=J1]

  * Ranking function: nat(U-X+1)

  * Invariants eval_fallbackQSort3_bb12_in(A,B,C,D,E,F,G,H,I,J,K,L) -> eval_fallbackQSort3_bb12_in(M,N,O,P,Q,R,S,T,U,V,W,X)

     entry  : [H=K,J=L]
     non-rec: [A=M,B=N,C=O,D=P,E=Q,F=R,G=S,H=T,I=U,J=V,K=W,L=X,H=K,J=L]
     rec    : [J=V,I=U,H=T,G=S,F=R,E=Q,D=P,C=O,B=N,A=M,J=L,H=K,I+1>=X,W>=H,H+X>=J+W,X>=J+1]
     inv    : [H+X>=J+W,W>=H,A=M,B=N,C=O,D=P,E=Q,F=R,G=S,H=T,I=U,J=V,J=L,H=K]


