This is PUBS, version 0.2.
Copyright (C) 2007, 2008, 2009 UPM, UCM.
This program comes with ABSOLUTELY NO WARRANTY.
This is free software, and you are welcome to
redistribute it under certain conditions.



CRS $pubs_aux_entry$(A,B) -- THE MAIN ENTRY

  * Non Asymptotic Upper Bound: 65541+nat(c(maximize_failed))/4+nat(c(maximize_failed))+nat(c(maximize_failed))+max([7+nat(c(maximize_failed))+nat(c(maximize_failed))/4+nat(c(maximize_failed))+nat(c(maximize_failed))+c(failed(schemes_failed,[scc=8,cr=eval_mainSort_bb22_in/2]))+c(failed(schemes_failed,[scc=11,cr=eval_mainSort_bb23_in/2]))+c(failed(schemes_failed,[scc=19,cr=eval_mainSort_bb30_in/3])),65543+nat(c(maximize_failed))/4+nat(c(maximize_failed))+nat(c(maximize_failed))+c(failed(schemes_failed,[scc=8,cr=eval_mainSort_bb22_in/2]))+c(failed(schemes_failed,[scc=11,cr=eval_mainSort_bb23_in/2]))+c(failed(schemes_failed,[scc=19,cr=eval_mainSort_bb30_in/3]))]) 

  * LOOPS $pubs_aux_entry$(C,D) -> $pubs_aux_entry$(E,F)

  * Ranking function: N/A

  * Invariants $pubs_aux_entry$(A,B) -> $pubs_aux_entry$(C,D)

     entry  : []
     non-rec: [A=C,B=D]
     rec    : [0=1]
     inv    : [A=C,B=D]

CRS eval_mainSort_start(A,B)

  * Non Asymptotic Upper Bound: 65541+nat(c(maximize_failed))/4+nat(c(maximize_failed))+nat(c(maximize_failed))+max([7+nat(c(maximize_failed))+nat(c(maximize_failed))/4+nat(c(maximize_failed))+nat(c(maximize_failed))+c(failed(schemes_failed,[scc=8,cr=eval_mainSort_bb22_in/2]))+c(failed(schemes_failed,[scc=11,cr=eval_mainSort_bb23_in/2]))+c(failed(schemes_failed,[scc=19,cr=eval_mainSort_bb30_in/3])),65543+nat(c(maximize_failed))/4+nat(c(maximize_failed))+nat(c(maximize_failed))+c(failed(schemes_failed,[scc=8,cr=eval_mainSort_bb22_in/2]))+c(failed(schemes_failed,[scc=11,cr=eval_mainSort_bb23_in/2]))+c(failed(schemes_failed,[scc=19,cr=eval_mainSort_bb30_in/3]))]) 

  * LOOPS eval_mainSort_start(C,D) -> eval_mainSort_start(E,F)

  * Ranking function: N/A

  * Invariants eval_mainSort_start(A,B) -> eval_mainSort_start(C,D)

     entry  : []
     non-rec: [A=C,B=D]
     rec    : [0=1]
     inv    : [A=C,B=D]

CRS eval_mainSort_bb0_in(A)

  * Non Asymptotic Upper Bound: 65541+nat(c(maximize_failed))/4+nat(c(maximize_failed))+nat(c(maximize_failed))+max([7+nat(c(maximize_failed))+nat(c(maximize_failed))/4+nat(c(maximize_failed))+nat(c(maximize_failed))+c(failed(schemes_failed,[scc=8,cr=eval_mainSort_bb22_in/2]))+c(failed(schemes_failed,[scc=11,cr=eval_mainSort_bb23_in/2]))+c(failed(schemes_failed,[scc=19,cr=eval_mainSort_bb30_in/3])),65543+nat(c(maximize_failed))/4+nat(c(maximize_failed))+nat(c(maximize_failed))+c(failed(schemes_failed,[scc=8,cr=eval_mainSort_bb22_in/2]))+c(failed(schemes_failed,[scc=11,cr=eval_mainSort_bb23_in/2]))+c(failed(schemes_failed,[scc=19,cr=eval_mainSort_bb30_in/3]))]) 

  * LOOPS eval_mainSort_bb0_in(B) -> eval_mainSort_bb0_in(C)

  * Ranking function: N/A

  * Invariants eval_mainSort_bb0_in(A) -> eval_mainSort_bb0_in(B)

     entry  : []
     non-rec: [A=B]
     rec    : [0=1]
     inv    : [A=B]

CRS eval_mainSort_0(A)

  * Non Asymptotic Upper Bound: 65541+nat(c(maximize_failed))/4+nat(c(maximize_failed))+nat(c(maximize_failed))+max([7+nat(c(maximize_failed))+nat(c(maximize_failed))/4+nat(c(maximize_failed))+nat(c(maximize_failed))+c(failed(schemes_failed,[scc=8,cr=eval_mainSort_bb22_in/2]))+c(failed(schemes_failed,[scc=11,cr=eval_mainSort_bb23_in/2]))+c(failed(schemes_failed,[scc=19,cr=eval_mainSort_bb30_in/3])),65543+nat(c(maximize_failed))/4+nat(c(maximize_failed))+nat(c(maximize_failed))+c(failed(schemes_failed,[scc=8,cr=eval_mainSort_bb22_in/2]))+c(failed(schemes_failed,[scc=11,cr=eval_mainSort_bb23_in/2]))+c(failed(schemes_failed,[scc=19,cr=eval_mainSort_bb30_in/3]))]) 

  * LOOPS eval_mainSort_0(B) -> eval_mainSort_0(C)

  * Ranking function: N/A

  * Invariants eval_mainSort_0(A) -> eval_mainSort_0(B)

     entry  : []
     non-rec: [A=B]
     rec    : [0=1]
     inv    : [A=B]

CRS eval_mainSort_1(A)

  * Non Asymptotic Upper Bound: 65541+nat(c(maximize_failed))/4+nat(c(maximize_failed))+nat(c(maximize_failed))+max([7+nat(c(maximize_failed))+nat(c(maximize_failed))/4+nat(c(maximize_failed))+nat(c(maximize_failed))+c(failed(schemes_failed,[scc=8,cr=eval_mainSort_bb22_in/2]))+c(failed(schemes_failed,[scc=11,cr=eval_mainSort_bb23_in/2]))+c(failed(schemes_failed,[scc=19,cr=eval_mainSort_bb30_in/3])),65543+nat(c(maximize_failed))/4+nat(c(maximize_failed))+nat(c(maximize_failed))+c(failed(schemes_failed,[scc=8,cr=eval_mainSort_bb22_in/2]))+c(failed(schemes_failed,[scc=11,cr=eval_mainSort_bb23_in/2]))+c(failed(schemes_failed,[scc=19,cr=eval_mainSort_bb30_in/3]))]) 

  * LOOPS eval_mainSort_1(B) -> eval_mainSort_1(C)

  * Ranking function: N/A

  * Invariants eval_mainSort_1(A) -> eval_mainSort_1(B)

     entry  : []
     non-rec: [A=B]
     rec    : [0=1]
     inv    : [A=B]

CRS loop_cont_eval_mainSort_bb2_in(A,B,C,D)

  * Non Asymptotic Upper Bound: 3+nat(1*C+1)/4+nat(c(maximize_failed))+nat(c(maximize_failed))+max([7+nat(c(maximize_failed))+nat(c(maximize_failed))/4+nat(c(maximize_failed))+nat(c(maximize_failed))+c(failed(schemes_failed,[scc=8,cr=eval_mainSort_bb22_in/2]))+c(failed(schemes_failed,[scc=11,cr=eval_mainSort_bb23_in/2]))+c(failed(schemes_failed,[scc=19,cr=eval_mainSort_bb30_in/3])),65543+nat(c(maximize_failed))/4+nat(c(maximize_failed))+nat(c(maximize_failed))+c(failed(schemes_failed,[scc=8,cr=eval_mainSort_bb22_in/2]))+c(failed(schemes_failed,[scc=11,cr=eval_mainSort_bb23_in/2]))+c(failed(schemes_failed,[scc=19,cr=eval_mainSort_bb30_in/3]))]) 

  * LOOPS loop_cont_eval_mainSort_bb2_in(E,F,G,H) -> loop_cont_eval_mainSort_bb2_in(I,J,K,L)

  * Ranking function: N/A

  * Invariants loop_cont_eval_mainSort_bb2_in(A,B,C,D) -> loop_cont_eval_mainSort_bb2_in(E,F,G,H)

     entry  : []
     non-rec: [A=E,B=F,C=G,D=H]
     rec    : [0=1]
     inv    : [A=E,B=F,C=G,D=H]

CRS loop_cont_eval_mainSort_bb5_in(A,B,C,D)

  * Non Asymptotic Upper Bound: 2+nat(C+1)+nat(c(maximize_failed))+max([7+nat(c(maximize_failed))+nat(c(maximize_failed))/4+nat(c(maximize_failed))+nat(c(maximize_failed))+c(failed(schemes_failed,[scc=8,cr=eval_mainSort_bb22_in/2]))+c(failed(schemes_failed,[scc=11,cr=eval_mainSort_bb23_in/2]))+c(failed(schemes_failed,[scc=19,cr=eval_mainSort_bb30_in/3])),65543+nat(c(maximize_failed))/4+nat(c(maximize_failed))+nat(c(maximize_failed))+c(failed(schemes_failed,[scc=8,cr=eval_mainSort_bb22_in/2]))+c(failed(schemes_failed,[scc=11,cr=eval_mainSort_bb23_in/2]))+c(failed(schemes_failed,[scc=19,cr=eval_mainSort_bb30_in/3]))]) 

  * LOOPS loop_cont_eval_mainSort_bb5_in(E,F,G,H) -> loop_cont_eval_mainSort_bb5_in(I,J,K,L)

  * Ranking function: N/A

  * Invariants loop_cont_eval_mainSort_bb5_in(A,B,C,D) -> loop_cont_eval_mainSort_bb5_in(E,F,G,H)

     entry  : []
     non-rec: [A=E,B=F,C=G,D=H]
     rec    : [0=1]
     inv    : [A=E,B=F,C=G,D=H]

CRS loop_cont_eval_mainSort_bb7_in(A,B,C,D)

  * Non Asymptotic Upper Bound: 1+nat(-C+34)+max([7+nat(c(maximize_failed))+nat(c(maximize_failed))/4+nat(c(maximize_failed))+nat(c(maximize_failed))+c(failed(schemes_failed,[scc=8,cr=eval_mainSort_bb22_in/2]))+c(failed(schemes_failed,[scc=11,cr=eval_mainSort_bb23_in/2]))+c(failed(schemes_failed,[scc=19,cr=eval_mainSort_bb30_in/3])),65543+nat(c(maximize_failed))/4+nat(c(maximize_failed))+nat(c(maximize_failed))+c(failed(schemes_failed,[scc=8,cr=eval_mainSort_bb22_in/2]))+c(failed(schemes_failed,[scc=11,cr=eval_mainSort_bb23_in/2]))+c(failed(schemes_failed,[scc=19,cr=eval_mainSort_bb30_in/3]))]) 

  * LOOPS loop_cont_eval_mainSort_bb7_in(E,F,G,H) -> loop_cont_eval_mainSort_bb7_in(I,J,K,L)

  * Ranking function: N/A

  * Invariants loop_cont_eval_mainSort_bb7_in(A,B,C,D) -> loop_cont_eval_mainSort_bb7_in(E,F,G,H)

     entry  : []
     non-rec: [A=E,B=F,C=G,D=H]
     rec    : [0=1]
     inv    : [A=E,B=F,C=G,D=H]

CRS loop_cont_eval_mainSort_bb9_in(A,B,C,D)

  * Non Asymptotic Upper Bound: max([7+nat(-C+65537)+nat(c(maximize_failed))/4+nat(c(maximize_failed))+nat(c(maximize_failed))+c(failed(schemes_failed,[scc=8,cr=eval_mainSort_bb22_in/2]))+c(failed(schemes_failed,[scc=11,cr=eval_mainSort_bb23_in/2]))+c(failed(schemes_failed,[scc=19,cr=eval_mainSort_bb30_in/3])),65543+nat(c(maximize_failed))/4+nat(c(maximize_failed))+nat(c(maximize_failed))+c(failed(schemes_failed,[scc=8,cr=eval_mainSort_bb22_in/2]))+c(failed(schemes_failed,[scc=11,cr=eval_mainSort_bb23_in/2]))+c(failed(schemes_failed,[scc=19,cr=eval_mainSort_bb30_in/3]))]) 

  * LOOPS loop_cont_eval_mainSort_bb9_in(E,F,G,H) -> loop_cont_eval_mainSort_bb9_in(I,J,K,L)

  * Ranking function: N/A

  * Invariants loop_cont_eval_mainSort_bb9_in(A,B,C,D) -> loop_cont_eval_mainSort_bb9_in(E,F,G,H)

     entry  : []
     non-rec: [A=E,B=F,C=G,D=H]
     rec    : [0=1]
     inv    : [A=E,B=F,C=G,D=H]

CRS eval_mainSort_96(A)

  * Non Asymptotic Upper Bound: 65543+nat(c(maximize_failed))/4+nat(c(maximize_failed))+nat(c(maximize_failed))+c(failed(schemes_failed,[scc=8,cr=eval_mainSort_bb22_in/2]))+c(failed(schemes_failed,[scc=11,cr=eval_mainSort_bb23_in/2]))+c(failed(schemes_failed,[scc=19,cr=eval_mainSort_bb30_in/3])) 

  * LOOPS eval_mainSort_96(B) -> eval_mainSort_96(C)

  * Ranking function: N/A

  * Invariants eval_mainSort_96(A) -> eval_mainSort_96(B)

     entry  : []
     non-rec: [A=B]
     rec    : [0=1]
     inv    : [A=B]

CRS eval_mainSort_97(A)

  * Non Asymptotic Upper Bound: 65543+nat(c(maximize_failed))/4+nat(c(maximize_failed))+nat(c(maximize_failed))+c(failed(schemes_failed,[scc=8,cr=eval_mainSort_bb22_in/2]))+c(failed(schemes_failed,[scc=11,cr=eval_mainSort_bb23_in/2]))+c(failed(schemes_failed,[scc=19,cr=eval_mainSort_bb30_in/3])) 

  * LOOPS eval_mainSort_97(B) -> eval_mainSort_97(C)

  * Ranking function: N/A

  * Invariants eval_mainSort_97(A) -> eval_mainSort_97(B)

     entry  : []
     non-rec: [A=B]
     rec    : [0=1]
     inv    : [A=B]

CRS loop_cont_eval_mainSort_bb13_in(A,B,C,D)

  * Non Asymptotic Upper Bound: 6+nat(1*C+1)/4+nat(c(maximize_failed))+nat(c(maximize_failed))+c(failed(schemes_failed,[scc=8,cr=eval_mainSort_bb22_in/2]))+c(failed(schemes_failed,[scc=11,cr=eval_mainSort_bb23_in/2]))+c(failed(schemes_failed,[scc=19,cr=eval_mainSort_bb30_in/3])) 

  * LOOPS loop_cont_eval_mainSort_bb13_in(E,F,G,H) -> loop_cont_eval_mainSort_bb13_in(I,J,K,L)

  * Ranking function: N/A

  * Invariants loop_cont_eval_mainSort_bb13_in(A,B,C,D) -> loop_cont_eval_mainSort_bb13_in(E,F,G,H)

     entry  : []
     non-rec: [A=E,B=F,C=G,D=H]
     rec    : [0=1]
     inv    : [A=E,B=F,C=G,D=H]

CRS loop_cont_eval_mainSort_bb16_in(A,B,C,D)

  * Non Asymptotic Upper Bound: 5+nat(C+1)+nat(c(maximize_failed))+c(failed(schemes_failed,[scc=8,cr=eval_mainSort_bb22_in/2]))+c(failed(schemes_failed,[scc=11,cr=eval_mainSort_bb23_in/2]))+c(failed(schemes_failed,[scc=19,cr=eval_mainSort_bb30_in/3])) 

  * LOOPS loop_cont_eval_mainSort_bb16_in(E,F,G,H) -> loop_cont_eval_mainSort_bb16_in(I,J,K,L)

  * Ranking function: N/A

  * Invariants loop_cont_eval_mainSort_bb16_in(A,B,C,D) -> loop_cont_eval_mainSort_bb16_in(E,F,G,H)

     entry  : []
     non-rec: [A=E,B=F,C=G,D=H]
     rec    : [0=1]
     inv    : [A=E,B=F,C=G,D=H]

CRS loop_cont_eval_mainSort_bb18_in(A,B,C,D)

  * Non Asymptotic Upper Bound: 4+nat(-C+256)+c(failed(schemes_failed,[scc=8,cr=eval_mainSort_bb22_in/2]))+c(failed(schemes_failed,[scc=11,cr=eval_mainSort_bb23_in/2]))+c(failed(schemes_failed,[scc=19,cr=eval_mainSort_bb30_in/3])) 

  * LOOPS loop_cont_eval_mainSort_bb18_in(E,F,G,H) -> loop_cont_eval_mainSort_bb18_in(I,J,K,L)

  * Ranking function: N/A

  * Invariants loop_cont_eval_mainSort_bb18_in(A,B,C,D) -> loop_cont_eval_mainSort_bb18_in(E,F,G,H)

     entry  : []
     non-rec: [A=E,B=F,C=G,D=H]
     rec    : [0=1]
     inv    : [A=E,B=F,C=G,D=H]

CRS loop_cont_eval_mainSort_bb20_in(A,B,C,D)

  * Non Asymptotic Upper Bound: 3+c(failed(schemes_failed,[scc=8,cr=eval_mainSort_bb22_in/2]))+c(failed(schemes_failed,[scc=11,cr=eval_mainSort_bb23_in/2]))+c(failed(schemes_failed,[scc=19,cr=eval_mainSort_bb30_in/3])) 

  * LOOPS loop_cont_eval_mainSort_bb20_in(E,F,G,H) -> loop_cont_eval_mainSort_bb20_in(I,J,K,L)

  * Ranking function: N/A

  * Invariants loop_cont_eval_mainSort_bb20_in(A,B,C,D) -> loop_cont_eval_mainSort_bb20_in(E,F,G,H)

     entry  : []
     non-rec: [A=E,B=F,C=G,D=H]
     rec    : [0=1]
     inv    : [A=E,B=F,C=G,D=H]

CRS loop_cont_eval_mainSort_bb22_in(A,B,C,D)

  * Non Asymptotic Upper Bound: 2+c(failed(schemes_failed,[scc=11,cr=eval_mainSort_bb23_in/2]))+c(failed(schemes_failed,[scc=19,cr=eval_mainSort_bb30_in/3])) 

  * LOOPS loop_cont_eval_mainSort_bb22_in(E,F,G,H) -> loop_cont_eval_mainSort_bb22_in(I,J,K,L)

  * Ranking function: N/A

  * Invariants loop_cont_eval_mainSort_bb22_in(A,B,C,D) -> loop_cont_eval_mainSort_bb22_in(E,F,G,H)

     entry  : []
     non-rec: [A=E,B=F,C=G,D=H]
     rec    : [0=1]
     inv    : [A=E,B=F,C=G,D=H]

CRS loop_cont_eval_mainSort_bb23_in(A,B,C,D,E)

  * Non Asymptotic Upper Bound: 1+c(failed(schemes_failed,[scc=19,cr=eval_mainSort_bb30_in/3])) 

  * LOOPS loop_cont_eval_mainSort_bb23_in(F,G,H,I,J) -> loop_cont_eval_mainSort_bb23_in(K,L,M,N,O)

  * Ranking function: N/A

  * Invariants loop_cont_eval_mainSort_bb23_in(A,B,C,D,E) -> loop_cont_eval_mainSort_bb23_in(F,G,H,I,J)

     entry  : []
     non-rec: [A=F,B=G,C=H,D=I,E=J]
     rec    : [0=1]
     inv    : [A=F,B=G,C=H,D=I,E=J]

CRS loop_cont_eval_mainSort_bb30_in(A,B,C,D,E)

  * Non Asymptotic Upper Bound: 0 

  * LOOPS loop_cont_eval_mainSort_bb30_in(F,G,H,I,J) -> loop_cont_eval_mainSort_bb30_in(K,L,M,N,O)

  * Ranking function: N/A

  * Invariants loop_cont_eval_mainSort_bb30_in(A,B,C,D,E) -> loop_cont_eval_mainSort_bb30_in(F,G,H,I,J)

     entry  : []
     non-rec: [A=F,B=G,C=H,D=I,E=J]
     rec    : [0=1]
     inv    : [A=F,B=G,C=H,D=I,E=J]

CRS eval_mainSort_426(A,B,C)

  * Non Asymptotic Upper Bound: 0 

  * LOOPS eval_mainSort_426(D,E,F) -> eval_mainSort_426(G,H,I)

  * Ranking function: N/A

  * Invariants eval_mainSort_426(A,B,C) -> eval_mainSort_426(D,E,F)

     entry  : []
     non-rec: [A=D,B=E,C=F]
     rec    : [0=1]
     inv    : [A=D,B=E,C=F]

CRS eval_mainSort_427

  * Non Asymptotic Upper Bound: 0 

  * LOOPS eval_mainSort_427 -> eval_mainSort_427

  * Ranking function: N/A

  * Invariants eval_mainSort_427 -> eval_mainSort_427

     entry  : []
     non-rec: []
     rec    : [0=1]
     inv    : []

CRS eval_mainSort_bb75_in

  * Non Asymptotic Upper Bound: 0 

  * LOOPS eval_mainSort_bb75_in -> eval_mainSort_bb75_in

  * Ranking function: N/A

  * Invariants eval_mainSort_bb75_in -> eval_mainSort_bb75_in

     entry  : []
     non-rec: []
     rec    : [0=1]
     inv    : []

CRS eval_mainSort_bb30_in(A,B,C)

  * Non Asymptotic Upper Bound: c(failed(schemes_failed,[scc=19,cr=eval_mainSort_bb30_in/3])) 

  * LOOPS eval_mainSort_bb30_in(D,E,F) -> eval_mainSort_bb30_in(G,H,I)
     - [255>=F]
     - [255>=F]
     - [255>=F]
     - [255>=F]
     - [255>=F]
     - [255>=F]
     - [255>=F]
     - [255>=F]
     - [255>=F]
     - [255>=F]
     - [255>=F]
     - [255>=F]

  * Ranking function: c(failed(no_rf,[scc=19,cr=eval_mainSort_bb30_in/3]))

  * Invariants eval_mainSort_bb30_in(A,B,C) -> eval_mainSort_bb30_in(D,E,F)

     entry  : []
     non-rec: [A=D,B=E,C=F]
     rec    : [255>=C]
     inv    : []

CRS eval_mainSort_bb66_in(A,B,C,D,E,F,G,H,I,J,K,L)

  * Non Asymptotic Upper Bound: nat(L+1) 

  * LOOPS eval_mainSort_bb66_in(M,N,O,P,Q,R,S,T,U,V,W,X) -> eval_mainSort_bb66_in(Y,Z,A1,B1,C1,D1,E1,F1,G1,H1,I1,J1)
     - [X=J1+1,M=Y,N=Z,O=A1,P=B1,Q=C1,R=D1,S=E1,T=F1,U=G1,V=H1,W=I1,J1+1>=0]

  * Ranking function: nat(X+1)

  * Invariants eval_mainSort_bb66_in(A,B,C,D,E,F,G,H,I,J,K,L) -> eval_mainSort_bb66_in(M,N,O,P,Q,R,S,T,U,V,W,X)

     entry  : []
     non-rec: [A=M,B=N,C=O,D=P,E=Q,F=R,G=S,H=T,I=U,J=V,K=W,L=X]
     rec    : [K=W,J=V,I=U,H=T,G=S,F=R,E=Q,D=P,C=O,B=N,A=M,X+1>=0,L>=X+1]
     inv    : [L>=X,B=N,C=O,D=P,E=Q,F=R,G=S,H=T,I=U,J=V,K=W,A=M]

CRS eval_mainSort_bb63_in(A,B,C,D,E,F,G,H,I,J,K)

  * Non Asymptotic Upper Bound: c(failed(schemes_failed,[scc=17,cr=eval_mainSort_bb63_in/11])) 

  * LOOPS eval_mainSort_bb63_in(L,M,N,O,P,Q,R,S,T,U,V) -> eval_mainSort_bb63_in(W,X,Y,Z,A1,B1,C1,D1,E1,F1,G1)
     - [V=G1,L=W,M=X,N=Y,O=Z,P=A1,Q=B1,R=C1,S=D1,T=E1,U=F1]

  * Ranking function: c(failed(no_rf,[scc=17,cr=eval_mainSort_bb63_in/11]))

  * Invariants eval_mainSort_bb63_in(A,B,C,D,E,F,G,H,I,J,K) -> eval_mainSort_bb63_in(L,M,N,O,P,Q,R,S,T,U,V)

     entry  : []
     non-rec: [A=L,B=M,C=N,D=O,E=P,F=Q,G=R,H=S,I=T,J=U,K=V]
     rec    : [J=U,I=T,H=S,G=R,F=Q,E=P,D=O,C=N,B=M,A=L,K=V]
     inv    : [A=L,B=M,C=N,D=O,E=P,F=Q,G=R,H=S,I=T,J=U,K=V]

CRS eval_mainSort_bb59_in(A,B,C,D,E,F,G,H,I,J)

  * Non Asymptotic Upper Bound: nat(-J+256) 

  * LOOPS eval_mainSort_bb59_in(K,L,M,N,O,P,Q,R,S,T) -> eval_mainSort_bb59_in(U,V,W,X,Y,Z,A1,B1,C1,D1)
     - [T+1=D1,L=V,M=W,N=X,O=Y,P=Z,Q=A1,R=B1,S=C1,K=U,256>=D1]

  * Ranking function: nat(-T+256)

  * Invariants eval_mainSort_bb59_in(A,B,C,D,E,F,G,H,I,J) -> eval_mainSort_bb59_in(K,L,M,N,O,P,Q,R,S,T)

     entry  : []
     non-rec: [A=K,B=L,C=M,D=N,E=O,F=P,G=Q,H=R,I=S,J=T]
     rec    : [I=S,H=R,G=Q,F=P,E=O,D=N,C=M,B=L,A=K,256>=T,T>=J+1]
     inv    : [T>=J,B=L,C=M,D=N,E=O,F=P,G=Q,H=R,I=S,A=K]

CRS eval_mainSort_bb51_in(A,B,C,D,E,F,G,H,I)

  * Non Asymptotic Upper Bound: c(failed(schemes_failed,[scc=15,cr=eval_mainSort_bb51_in/9])) 

  * LOOPS eval_mainSort_bb51_in(J,K,L,M,N,O,P,Q,R) -> eval_mainSort_bb51_in(S,T,U,V,W,X,Y,Z,A1)
     - [Q=Z,R=A1+1,J=S,K=T,L=U,M=V,N=W,O=X,P=Y]

  * Ranking function: c(failed(no_rf,[scc=15,cr=eval_mainSort_bb51_in/9]))

  * Invariants eval_mainSort_bb51_in(A,B,C,D,E,F,G,H,I) -> eval_mainSort_bb51_in(J,K,L,M,N,O,P,Q,R)

     entry  : []
     non-rec: [A=J,B=K,C=L,D=M,E=N,F=O,G=P,H=Q,I=R]
     rec    : [H=Q,G=P,F=O,E=N,D=M,C=L,B=K,A=J,I>=R+1]
     inv    : [I>=R,B=K,C=L,D=M,E=N,F=O,G=P,H=Q,A=J]

CRS eval_mainSort_bb46_in(A,B,C,D,E,F,G,H)

  * Non Asymptotic Upper Bound: c(failed(schemes_failed,[scc=14,cr=eval_mainSort_bb46_in/8])) 

  * LOOPS eval_mainSort_bb46_in(I,J,K,L,M,N,O,P) -> eval_mainSort_bb46_in(Q,R,S,T,U,V,W,X)
     - [O=W,P+1=X,I=Q,J=R,K=S,L=T,M=U,N=V]

  * Ranking function: c(failed(no_rf,[scc=14,cr=eval_mainSort_bb46_in/8]))

  * Invariants eval_mainSort_bb46_in(A,B,C,D,E,F,G,H) -> eval_mainSort_bb46_in(I,J,K,L,M,N,O,P)

     entry  : []
     non-rec: [A=I,B=J,C=K,D=L,E=M,F=N,G=O,H=P]
     rec    : [G=O,F=N,E=M,D=L,C=K,B=J,A=I,P>=H+1]
     inv    : [P>=H,B=J,C=K,D=L,E=M,F=N,G=O,A=I]

CRS eval_mainSort_bb43_in(A,B,C,D,E,F,G)

  * Non Asymptotic Upper Bound: nat(-G+256) 

  * LOOPS eval_mainSort_bb43_in(H,I,J,K,L,M,N) -> eval_mainSort_bb43_in(O,P,Q,R,S,T,U)
     - [N+1=U,I=P,J=Q,K=R,L=S,M=T,H=O,256>=U]

  * Ranking function: nat(-N+256)

  * Invariants eval_mainSort_bb43_in(A,B,C,D,E,F,G) -> eval_mainSort_bb43_in(H,I,J,K,L,M,N)

     entry  : []
     non-rec: [A=H,B=I,C=J,D=K,E=L,F=M,G=N]
     rec    : [F=M,E=L,D=K,C=J,B=I,A=H,256>=N,N>=G+1]
     inv    : [N>=G,B=I,C=J,D=K,E=L,F=M,A=H]

CRS eval_mainSort_bb32_in(A,B,C,D,E,F)

  * Non Asymptotic Upper Bound: 4*nat(-F+256) 

  * LOOPS eval_mainSort_bb32_in(G,H,I,J,K,L) -> eval_mainSort_bb32_in(M,N,O,P,Q,R)
     - [L+1=R,G=M,H=N,I=O,J=P,K=Q,255>=L]
     - [J=P,L+1=R,G=M,H=N,I=O,256>=R]
     - [J=P,L+1=R,G=M,H=N,I=O,256>=R]
     - [L+1=R,G=M,H=N,I=O,J=P,K=Q,255>=L]

  * Ranking function: nat(-L+256)

  * Invariants eval_mainSort_bb32_in(A,B,C,D,E,F) -> eval_mainSort_bb32_in(G,H,I,J,K,L)

     entry  : [255>=C,F=0,B=E]
     non-rec: [A=G,B=H,C=I,D=J,E=K,F=L,255>=C,F=0,B=E]
     rec    : [D=J,C=I,B=H,A=G,F=0,B=E,255>=C,L>=1]
     inv    : [L>=0,255>=C,A=G,B=H,C=I,D=J,B=E,F=0]

CRS eval_mainSort_bb23_in(A,B)

  * Non Asymptotic Upper Bound: c(failed(schemes_failed,[scc=11,cr=eval_mainSort_bb23_in/2])) 

  * LOOPS eval_mainSort_bb23_in(C,D) -> eval_mainSort_bb23_in(E,F)
     - [D=0]
     - [D=0]
     - [D>=1]
     - [D>=1]
     - [0>=D+1]
     - [0>=D+1]

  * Ranking function: c(failed(no_rf,[scc=11,cr=eval_mainSort_bb23_in/2]))

  * Invariants eval_mainSort_bb23_in(A,B) -> eval_mainSort_bb23_in(C,D)

     entry  : []
     non-rec: [A=C,B=D]
     rec    : []
     inv    : []

CRS eval_mainSort_bb24_in(A,B,C,D)

  * Non Asymptotic Upper Bound: c(failed(schemes_failed,[scc=10,cr=eval_mainSort_bb24_in/4])) 

  * LOOPS eval_mainSort_bb24_in(E,F,G,H) -> eval_mainSort_bb24_in(I,J,K,L)
     - [255>=H]
     - [255>=H]

  * Ranking function: c(failed(no_rf,[scc=10,cr=eval_mainSort_bb24_in/4]))

  * Invariants eval_mainSort_bb24_in(A,B,C,D) -> eval_mainSort_bb24_in(E,F,G,H)

     entry  : [B+2>=3*C,3*C+2>=B,C=D]
     non-rec: [A=E,B=F,C=G,D=H,B+2>=3*C,3*C+2>=B,C=D]
     rec    : [B+2>=3*C,255>=C,3*C+2>=B,C=D]
     inv    : [B+2>=3*C,3*C+2>=B,C=D]

CRS eval_mainSort_bb26_in(A,B,C,D,E,F)

  * Non Asymptotic Upper Bound: c(failed(schemes_failed,[scc=9,cr=eval_mainSort_bb26_in/6])) 

  * LOOPS eval_mainSort_bb26_in(G,H,I,J,K,L) -> eval_mainSort_bb26_in(M,N,O,P,Q,R)
     - [I+R=L,H=N,I=O,J=P,K=Q,G=M,R>=I]

  * Ranking function: c(failed(no_rf,[scc=9,cr=eval_mainSort_bb26_in/6]))

  * Invariants eval_mainSort_bb26_in(A,B,C,D,E,F) -> eval_mainSort_bb26_in(G,H,I,J,K,L)

     entry  : [255>=F,D=F]
     non-rec: [A=G,B=H,C=I,D=J,E=K,F=L,255>=F,D=F]
     rec    : [E=K,D=J,C=I,B=H,A=G,D=F,255>=D,L>=C,D>=2*C]
     inv    : [255>=D,A=G,B=H,C=I,D=J,E=K,D=F]

CRS eval_mainSort_bb22_in(A,B)

  * Non Asymptotic Upper Bound: c(failed(schemes_failed,[scc=8,cr=eval_mainSort_bb22_in/2])) 

  * LOOPS eval_mainSort_bb22_in(C,D) -> eval_mainSort_bb22_in(E,F)
     - [3*D+1=F,C=E,256>=F]

  * Ranking function: c(failed(no_rf,[scc=8,cr=eval_mainSort_bb22_in/2]))

  * Invariants eval_mainSort_bb22_in(A,B) -> eval_mainSort_bb22_in(C,D)

     entry  : []
     non-rec: [A=C,B=D]
     rec    : [A=C,256>=D]
     inv    : [A=C]

CRS eval_mainSort_bb20_in(A,B)

  * Non Asymptotic Upper Bound: nat(-B+256) 

  * LOOPS eval_mainSort_bb20_in(C,D) -> eval_mainSort_bb20_in(E,F)
     - [D+1=F,C=E,256>=F]

  * Ranking function: nat(-D+256)

  * Invariants eval_mainSort_bb20_in(A,B) -> eval_mainSort_bb20_in(C,D)

     entry  : []
     non-rec: [A=C,B=D]
     rec    : [A=C,256>=D,D>=B+1]
     inv    : [D>=B,A=C]

CRS eval_mainSort_bb18_in(A,B)

  * Non Asymptotic Upper Bound: nat(B+1) 

  * LOOPS eval_mainSort_bb18_in(C,D) -> eval_mainSort_bb18_in(E,F)
     - [C=E,D=F+1,F+1>=0]

  * Ranking function: nat(D+1)

  * Invariants eval_mainSort_bb18_in(A,B) -> eval_mainSort_bb18_in(C,D)

     entry  : []
     non-rec: [A=C,B=D]
     rec    : [A=C,D+1>=0,B>=D+1]
     inv    : [B>=D,A=C]

CRS eval_mainSort_bb16_in(A,B)

  * Non Asymptotic Upper Bound: nat(B+1)/4 

  * LOOPS eval_mainSort_bb16_in(C,D) -> eval_mainSort_bb16_in(E,F)
     - [D=F+4,C=E,F+1>=0]

  * Ranking function: nat(D/4+1/4)

  * Invariants eval_mainSort_bb16_in(A,B) -> eval_mainSort_bb16_in(C,D)

     entry  : []
     non-rec: [A=C,B=D]
     rec    : [A=C,D+1>=0,B>=D+4]
     inv    : [B>=D,A=C]

CRS eval_mainSort_bb13_in(A,B)

  * Non Asymptotic Upper Bound: nat(-B+65537) 

  * LOOPS eval_mainSort_bb13_in(C,D) -> eval_mainSort_bb13_in(E,F)
     - [D+1=F,C=E,65537>=F]

  * Ranking function: nat(-D+65537)

  * Invariants eval_mainSort_bb13_in(A,B) -> eval_mainSort_bb13_in(C,D)

     entry  : []
     non-rec: [A=C,B=D]
     rec    : [A=C,65537>=D,D>=B+1]
     inv    : [D>=B,A=C]

CRS eval_mainSort_bb9_in(A,B)

  * Non Asymptotic Upper Bound: nat(-B+34) 

  * LOOPS eval_mainSort_bb9_in(C,D) -> eval_mainSort_bb9_in(E,F)
     - [D+1=F,C=E,34>=F]

  * Ranking function: nat(-D+34)

  * Invariants eval_mainSort_bb9_in(A,B) -> eval_mainSort_bb9_in(C,D)

     entry  : []
     non-rec: [A=C,B=D]
     rec    : [A=C,34>=D,D>=B+1]
     inv    : [D>=B,A=C]

CRS eval_mainSort_bb7_in(A,B)

  * Non Asymptotic Upper Bound: nat(B+1) 

  * LOOPS eval_mainSort_bb7_in(C,D) -> eval_mainSort_bb7_in(E,F)
     - [C=E,D=F+1,F+1>=0]

  * Ranking function: nat(D+1)

  * Invariants eval_mainSort_bb7_in(A,B) -> eval_mainSort_bb7_in(C,D)

     entry  : []
     non-rec: [A=C,B=D]
     rec    : [A=C,D+1>=0,B>=D+1]
     inv    : [B>=D,A=C]

CRS eval_mainSort_bb5_in(A,B)

  * Non Asymptotic Upper Bound: nat(B+1)/4 

  * LOOPS eval_mainSort_bb5_in(C,D) -> eval_mainSort_bb5_in(E,F)
     - [D=F+4,C=E,F+1>=0]

  * Ranking function: nat(D/4+1/4)

  * Invariants eval_mainSort_bb5_in(A,B) -> eval_mainSort_bb5_in(C,D)

     entry  : []
     non-rec: [A=C,B=D]
     rec    : [A=C,D+1>=0,B>=D+4]
     inv    : [B>=D,A=C]

CRS eval_mainSort_bb2_in(A,B)

  * Non Asymptotic Upper Bound: nat(B+1) 

  * LOOPS eval_mainSort_bb2_in(C,D) -> eval_mainSort_bb2_in(E,F)
     - [C=E,D=F+1,F+1>=0]

  * Ranking function: nat(D+1)

  * Invariants eval_mainSort_bb2_in(A,B) -> eval_mainSort_bb2_in(C,D)

     entry  : [B=65536]
     non-rec: [A=C,B=D,B=65536]
     rec    : [A=C,B=65536,65535>=D]
     inv    : [65536>=D,A=C,B=65536]


