This is PUBS, version 0.2.
Copyright (C) 2007, 2008, 2009 UPM, UCM.
This program comes with ABSOLUTELY NO WARRANTY.
This is free software, and you are welcome to
redistribute it under certain conditions.



CRS $pubs_aux_entry$(A,B,C) -- THE MAIN ENTRY

  * Non Asymptotic Upper Bound: 1+nat(1*C+8)/8 

  * LOOPS $pubs_aux_entry$(D,E,F) -> $pubs_aux_entry$(G,H,I)

  * Ranking function: N/A

  * Invariants $pubs_aux_entry$(A,B,C) -> $pubs_aux_entry$(D,E,F)

     entry  : []
     non-rec: [A=D,B=E,C=F]
     rec    : [0=1]
     inv    : [A=D,B=E,C=F]

CRS eval_mainGtU_start(A,B,C)

  * Non Asymptotic Upper Bound: 1+nat(1*C+8)/8 

  * LOOPS eval_mainGtU_start(D,E,F) -> eval_mainGtU_start(G,H,I)

  * Ranking function: N/A

  * Invariants eval_mainGtU_start(A,B,C) -> eval_mainGtU_start(D,E,F)

     entry  : []
     non-rec: [A=D,B=E,C=F]
     rec    : [0=1]
     inv    : [A=D,B=E,C=F]

CRS eval_mainGtU_bb0_in(A)

  * Non Asymptotic Upper Bound: 1+nat(1*A+8)/8 

  * LOOPS eval_mainGtU_bb0_in(B) -> eval_mainGtU_bb0_in(C)

  * Ranking function: N/A

  * Invariants eval_mainGtU_bb0_in(A) -> eval_mainGtU_bb0_in(B)

     entry  : []
     non-rec: [A=B]
     rec    : [0=1]
     inv    : [A=B]

CRS loop_cont_eval_mainGtU_bb25_in(A,B)

  * Non Asymptotic Upper Bound: 0 

  * LOOPS loop_cont_eval_mainGtU_bb25_in(C,D) -> loop_cont_eval_mainGtU_bb25_in(E,F)

  * Ranking function: N/A

  * Invariants loop_cont_eval_mainGtU_bb25_in(A,B) -> loop_cont_eval_mainGtU_bb25_in(C,D)

     entry  : [A=2]
     non-rec: [A=C,B=D,A=2]
     rec    : [0=1]
     inv    : [A=2,C=2,B=D]

CRS eval_mainGtU_bb58_in

  * Non Asymptotic Upper Bound: 0 

  * LOOPS eval_mainGtU_bb58_in -> eval_mainGtU_bb58_in

  * Ranking function: N/A

  * Invariants eval_mainGtU_bb58_in -> eval_mainGtU_bb58_in

     entry  : []
     non-rec: []
     rec    : [0=1]
     inv    : []

CRS eval_mainGtU_bb25_in(A)

  * Non Asymptotic Upper Bound: nat(A)/8 

  * LOOPS eval_mainGtU_bb25_in(B) -> eval_mainGtU_bb25_in(C)
     - [B=C+8,B>=8]

  * Ranking function: nat(B/8)

  * Invariants eval_mainGtU_bb25_in(A) -> eval_mainGtU_bb25_in(B)

     entry  : []
     non-rec: [A=B]
     rec    : [B>=0,A>=B+8]
     inv    : [A>=B]


