This is PUBS, version 0.2.
Copyright (C) 2007, 2008, 2009 UPM, UCM.
This program comes with ABSOLUTELY NO WARRANTY.
This is free software, and you are welcome to
redistribute it under certain conditions.



CRS $pubs_aux_entry$(A,B) -- THE MAIN ENTRY

  * Non Asymptotic Upper Bound: max([3+c(failed(schemes_failed,[scc=4,cr=eval_LZWDecode_bb12_in/1]))+c(failed(schemes_failed,[scc=11,cr=eval_LZWDecode_bb37_in/1]))+c(failed(schemes_failed,[scc=15,cr=eval_LZWDecode_bb40_in/1])),4+c(failed(schemes_failed,[scc=23,cr=eval_LZWDecode_bb9_in/2]))+c(failed(schemes_failed,[scc=4,cr=eval_LZWDecode_bb12_in/1]))+c(failed(schemes_failed,[scc=11,cr=eval_LZWDecode_bb37_in/1]))+c(failed(schemes_failed,[scc=15,cr=eval_LZWDecode_bb40_in/1])),2+nat(c(maximize_failed))+c(failed(schemes_failed,[scc=24,cr=eval_LZWDecode_bb7_in/1]))]) 

  * LOOPS $pubs_aux_entry$(C,D) -> $pubs_aux_entry$(E,F)

  * Ranking function: N/A

  * Invariants $pubs_aux_entry$(A,B) -> $pubs_aux_entry$(C,D)

     entry  : []
     non-rec: [A=C,B=D]
     rec    : [0=1]
     inv    : [A=C,B=D]

CRS eval_LZWDecode_start(A,B)

  * Non Asymptotic Upper Bound: max([3+c(failed(schemes_failed,[scc=4,cr=eval_LZWDecode_bb12_in/1]))+c(failed(schemes_failed,[scc=11,cr=eval_LZWDecode_bb37_in/1]))+c(failed(schemes_failed,[scc=15,cr=eval_LZWDecode_bb40_in/1])),4+c(failed(schemes_failed,[scc=23,cr=eval_LZWDecode_bb9_in/2]))+c(failed(schemes_failed,[scc=4,cr=eval_LZWDecode_bb12_in/1]))+c(failed(schemes_failed,[scc=11,cr=eval_LZWDecode_bb37_in/1]))+c(failed(schemes_failed,[scc=15,cr=eval_LZWDecode_bb40_in/1])),2+nat(c(maximize_failed))+c(failed(schemes_failed,[scc=24,cr=eval_LZWDecode_bb7_in/1]))]) 

  * LOOPS eval_LZWDecode_start(C,D) -> eval_LZWDecode_start(E,F)

  * Ranking function: N/A

  * Invariants eval_LZWDecode_start(A,B) -> eval_LZWDecode_start(C,D)

     entry  : []
     non-rec: [A=C,B=D]
     rec    : [0=1]
     inv    : [A=C,B=D]

CRS eval_LZWDecode_bb0_in(A)

  * Non Asymptotic Upper Bound: max([3+c(failed(schemes_failed,[scc=4,cr=eval_LZWDecode_bb12_in/1]))+c(failed(schemes_failed,[scc=11,cr=eval_LZWDecode_bb37_in/1]))+c(failed(schemes_failed,[scc=15,cr=eval_LZWDecode_bb40_in/1])),4+c(failed(schemes_failed,[scc=23,cr=eval_LZWDecode_bb9_in/2]))+c(failed(schemes_failed,[scc=4,cr=eval_LZWDecode_bb12_in/1]))+c(failed(schemes_failed,[scc=11,cr=eval_LZWDecode_bb37_in/1]))+c(failed(schemes_failed,[scc=15,cr=eval_LZWDecode_bb40_in/1])),2+nat(c(maximize_failed))+c(failed(schemes_failed,[scc=24,cr=eval_LZWDecode_bb7_in/1]))]) 

  * LOOPS eval_LZWDecode_bb0_in(B) -> eval_LZWDecode_bb0_in(C)

  * Ranking function: N/A

  * Invariants eval_LZWDecode_bb0_in(A) -> eval_LZWDecode_bb0_in(B)

     entry  : []
     non-rec: [A=B]
     rec    : [0=1]
     inv    : [A=B]

CRS loop_cont_eval_LZWDecode_bb9_in(A,B,C)

  * Non Asymptotic Upper Bound: 3+c(failed(schemes_failed,[scc=4,cr=eval_LZWDecode_bb12_in/1]))+c(failed(schemes_failed,[scc=11,cr=eval_LZWDecode_bb37_in/1]))+c(failed(schemes_failed,[scc=15,cr=eval_LZWDecode_bb40_in/1])) 

  * LOOPS loop_cont_eval_LZWDecode_bb9_in(D,E,F) -> loop_cont_eval_LZWDecode_bb9_in(G,H,I)

  * Ranking function: N/A

  * Invariants loop_cont_eval_LZWDecode_bb9_in(A,B,C) -> loop_cont_eval_LZWDecode_bb9_in(D,E,F)

     entry  : []
     non-rec: [A=D,B=E,C=F]
     rec    : [0=1]
     inv    : [A=D,B=E,C=F]

CRS loop_cont_eval_LZWDecode_bb4_in(A,B,C)

  * Non Asymptotic Upper Bound: 1+c(failed(schemes_failed,[scc=24,cr=eval_LZWDecode_bb7_in/1])) 

  * LOOPS loop_cont_eval_LZWDecode_bb4_in(D,E,F) -> loop_cont_eval_LZWDecode_bb4_in(G,H,I)

  * Ranking function: N/A

  * Invariants loop_cont_eval_LZWDecode_bb4_in(A,B,C) -> loop_cont_eval_LZWDecode_bb4_in(D,E,F)

     entry  : []
     non-rec: [A=D,B=E,C=F]
     rec    : [0=1]
     inv    : [A=D,B=E,C=F]

CRS loop_cont_eval_LZWDecode_bb7_in(A,B)

  * Non Asymptotic Upper Bound: 0 

  * LOOPS loop_cont_eval_LZWDecode_bb7_in(C,D) -> loop_cont_eval_LZWDecode_bb7_in(E,F)

  * Ranking function: N/A

  * Invariants loop_cont_eval_LZWDecode_bb7_in(A,B) -> loop_cont_eval_LZWDecode_bb7_in(C,D)

     entry  : []
     non-rec: [A=C,B=D]
     rec    : [0=1]
     inv    : [A=C,B=D]

CRS eval_LZWDecode_bb7_in(A)

  * Non Asymptotic Upper Bound: c(failed(schemes_failed,[scc=24,cr=eval_LZWDecode_bb7_in/1])) 

  * LOOPS eval_LZWDecode_bb7_in(B) -> eval_LZWDecode_bb7_in(C)
     - [B=C+1,0>=B]
     - [B=C+1,B>=2]

  * Ranking function: c(failed(no_rf,[scc=24,cr=eval_LZWDecode_bb7_in/1]))

  * Invariants eval_LZWDecode_bb7_in(A) -> eval_LZWDecode_bb7_in(B)

     entry  : []
     non-rec: [A=B]
     rec    : [A>=B+1]
     inv    : [A>=B]

CRS eval_LZWDecode_bb9_in(A,B)

  * Non Asymptotic Upper Bound: c(failed(schemes_failed,[scc=23,cr=eval_LZWDecode_bb9_in/2])) 

  * LOOPS eval_LZWDecode_bb9_in(C,D) -> eval_LZWDecode_bb9_in(E,F)
     - [D=F+1,C=E,0>=F+1]
     - [D=F+1,C=E,F>=1]

  * Ranking function: c(failed(no_rf,[scc=23,cr=eval_LZWDecode_bb9_in/2]))

  * Invariants eval_LZWDecode_bb9_in(A,B) -> eval_LZWDecode_bb9_in(C,D)

     entry  : []
     non-rec: [A=C,B=D]
     rec    : [A=C,B>=D+1]
     inv    : [B>=D,A=C]

CRS eval_LZWDecode_bb4_in(A,B)

  * Non Asymptotic Upper Bound: nat(-A+B-1) 

  * LOOPS eval_LZWDecode_bb4_in(C,D) -> eval_LZWDecode_bb4_in(E,F)
     - [D=F+1,C=E,F>=C+1]

  * Ranking function: nat(-C+D-1)

  * Invariants eval_LZWDecode_bb4_in(A,B) -> eval_LZWDecode_bb4_in(C,D)

     entry  : []
     non-rec: [A=C,B=D]
     rec    : [A=C,D>=A+1,B>=D+1]
     inv    : [B>=D,A=C]

CRS eval_LZWDecode_bb11_in(A)

  * Non Asymptotic Upper Bound: 3+c(failed(schemes_failed,[scc=4,cr=eval_LZWDecode_bb12_in/1]))+c(failed(schemes_failed,[scc=11,cr=eval_LZWDecode_bb37_in/1]))+c(failed(schemes_failed,[scc=15,cr=eval_LZWDecode_bb40_in/1])) 

  * LOOPS eval_LZWDecode_bb11_in(B) -> eval_LZWDecode_bb11_in(C)

  * Ranking function: N/A

  * Invariants eval_LZWDecode_bb11_in(A) -> eval_LZWDecode_bb11_in(B)

     entry  : []
     non-rec: [A=B]
     rec    : [0=1]
     inv    : [A=B]

CRS loop_cont_eval_LZWDecode_bb12_in(A,B,C)

  * Non Asymptotic Upper Bound: 2+c(failed(schemes_failed,[scc=11,cr=eval_LZWDecode_bb37_in/1]))+c(failed(schemes_failed,[scc=15,cr=eval_LZWDecode_bb40_in/1])) 

  * LOOPS loop_cont_eval_LZWDecode_bb12_in(D,E,F) -> loop_cont_eval_LZWDecode_bb12_in(G,H,I)

  * Ranking function: N/A

  * Invariants loop_cont_eval_LZWDecode_bb12_in(A,B,C) -> loop_cont_eval_LZWDecode_bb12_in(D,E,F)

     entry  : []
     non-rec: [A=D,B=E,C=F]
     rec    : [0=1]
     inv    : [A=D,B=E,C=F]

CRS loop_cont_eval_LZWDecode_bb37_in(A,B,C)

  * Non Asymptotic Upper Bound: 1+c(failed(schemes_failed,[scc=15,cr=eval_LZWDecode_bb40_in/1])) 

  * LOOPS loop_cont_eval_LZWDecode_bb37_in(D,E,F) -> loop_cont_eval_LZWDecode_bb37_in(G,H,I)

  * Ranking function: N/A

  * Invariants loop_cont_eval_LZWDecode_bb37_in(A,B,C) -> loop_cont_eval_LZWDecode_bb37_in(D,E,F)

     entry  : []
     non-rec: [A=D,B=E,C=F]
     rec    : [0=1]
     inv    : [A=D,B=E,C=F]

CRS loop_cont_eval_LZWDecode_bb40_in(A,B,C)

  * Non Asymptotic Upper Bound: 0 

  * LOOPS loop_cont_eval_LZWDecode_bb40_in(D,E,F) -> loop_cont_eval_LZWDecode_bb40_in(G,H,I)

  * Ranking function: N/A

  * Invariants loop_cont_eval_LZWDecode_bb40_in(A,B,C) -> loop_cont_eval_LZWDecode_bb40_in(D,E,F)

     entry  : []
     non-rec: [A=D,B=E,C=F]
     rec    : [0=1]
     inv    : [A=D,B=E,C=F]

CRS eval_LZWDecode_142(A)

  * Non Asymptotic Upper Bound: 0 

  * LOOPS eval_LZWDecode_142(B) -> eval_LZWDecode_142(C)

  * Ranking function: N/A

  * Invariants eval_LZWDecode_142(A) -> eval_LZWDecode_142(B)

     entry  : []
     non-rec: [A=B]
     rec    : [0=1]
     inv    : [A=B]

CRS eval_LZWDecode_143(A)

  * Non Asymptotic Upper Bound: 0 

  * LOOPS eval_LZWDecode_143(B) -> eval_LZWDecode_143(C)

  * Ranking function: N/A

  * Invariants eval_LZWDecode_143(A) -> eval_LZWDecode_143(B)

     entry  : []
     non-rec: [A=B]
     rec    : [0=1]
     inv    : [A=B]

CRS eval_LZWDecode_bb40_in(A)

  * Non Asymptotic Upper Bound: c(failed(schemes_failed,[scc=15,cr=eval_LZWDecode_bb40_in/1])) 

  * LOOPS eval_LZWDecode_bb40_in(B) -> eval_LZWDecode_bb40_in(C)
     - [B=C+1,0>=B]
     - [B=C+1,B>=2]

  * Ranking function: c(failed(no_rf,[scc=15,cr=eval_LZWDecode_bb40_in/1]))

  * Invariants eval_LZWDecode_bb40_in(A) -> eval_LZWDecode_bb40_in(B)

     entry  : []
     non-rec: [A=B]
     rec    : [A>=B+1]
     inv    : [A>=B]

CRS eval_LZWDecode_bb49_in

  * Non Asymptotic Upper Bound: 0 

  * LOOPS eval_LZWDecode_bb49_in -> eval_LZWDecode_bb49_in

  * Ranking function: N/A

  * Invariants eval_LZWDecode_bb49_in -> eval_LZWDecode_bb49_in

     entry  : []
     non-rec: []
     rec    : [0=1]
     inv    : []

CRS eval_LZWDecode_163

  * Non Asymptotic Upper Bound: 0 

  * LOOPS eval_LZWDecode_163 -> eval_LZWDecode_163

  * Ranking function: N/A

  * Invariants eval_LZWDecode_163 -> eval_LZWDecode_163

     entry  : []
     non-rec: []
     rec    : [0=1]
     inv    : []

CRS eval_LZWDecode_164

  * Non Asymptotic Upper Bound: 0 

  * LOOPS eval_LZWDecode_164 -> eval_LZWDecode_164

  * Ranking function: N/A

  * Invariants eval_LZWDecode_164 -> eval_LZWDecode_164

     entry  : []
     non-rec: []
     rec    : [0=1]
     inv    : []

CRS eval_LZWDecode_bb37_in(A)

  * Non Asymptotic Upper Bound: c(failed(schemes_failed,[scc=11,cr=eval_LZWDecode_bb37_in/1])) 

  * LOOPS eval_LZWDecode_bb37_in(B) -> eval_LZWDecode_bb37_in(C)
     - [B=C]

  * Ranking function: c(failed(no_rf,[scc=11,cr=eval_LZWDecode_bb37_in/1]))

  * Invariants eval_LZWDecode_bb37_in(A) -> eval_LZWDecode_bb37_in(B)

     entry  : []
     non-rec: [A=B]
     rec    : [A=B]
     inv    : [A=B]

CRS eval_LZWDecode_153(A)

  * Non Asymptotic Upper Bound: 0 

  * LOOPS eval_LZWDecode_153(B) -> eval_LZWDecode_153(C)

  * Ranking function: N/A

  * Invariants eval_LZWDecode_153(A) -> eval_LZWDecode_153(B)

     entry  : []
     non-rec: [A=B]
     rec    : [0=1]
     inv    : [A=B]

CRS eval_LZWDecode_154(A)

  * Non Asymptotic Upper Bound: 0 

  * LOOPS eval_LZWDecode_154(B) -> eval_LZWDecode_154(C)

  * Ranking function: N/A

  * Invariants eval_LZWDecode_154(A) -> eval_LZWDecode_154(B)

     entry  : []
     non-rec: [A=B]
     rec    : [0=1]
     inv    : [A=B]

CRS eval_LZWDecode_bb50_in(A)

  * Non Asymptotic Upper Bound: 0 

  * LOOPS eval_LZWDecode_bb50_in(B) -> eval_LZWDecode_bb50_in(C)

  * Ranking function: N/A

  * Invariants eval_LZWDecode_bb50_in(A) -> eval_LZWDecode_bb50_in(B)

     entry  : []
     non-rec: [A=B]
     rec    : [0=1]
     inv    : [A=B]

CRS eval_LZWDecode_176(A,B)

  * Non Asymptotic Upper Bound: 0 

  * LOOPS eval_LZWDecode_176(C,D) -> eval_LZWDecode_176(E,F)

  * Ranking function: N/A

  * Invariants eval_LZWDecode_176(A,B) -> eval_LZWDecode_176(C,D)

     entry  : []
     non-rec: [A=C,B=D]
     rec    : [0=1]
     inv    : [A=C,B=D]

CRS eval_LZWDecode_177

  * Non Asymptotic Upper Bound: 0 

  * LOOPS eval_LZWDecode_177 -> eval_LZWDecode_177

  * Ranking function: N/A

  * Invariants eval_LZWDecode_177 -> eval_LZWDecode_177

     entry  : []
     non-rec: []
     rec    : [0=1]
     inv    : []

CRS eval_LZWDecode_bb52_in

  * Non Asymptotic Upper Bound: 0 

  * LOOPS eval_LZWDecode_bb52_in -> eval_LZWDecode_bb52_in

  * Ranking function: N/A

  * Invariants eval_LZWDecode_bb52_in -> eval_LZWDecode_bb52_in

     entry  : []
     non-rec: []
     rec    : [0=1]
     inv    : []

CRS eval_LZWDecode_bb12_in(A)

  * Non Asymptotic Upper Bound: c(failed(schemes_failed,[scc=4,cr=eval_LZWDecode_bb12_in/1])) 

  * LOOPS eval_LZWDecode_bb12_in(B) -> eval_LZWDecode_bb12_in(C)
     - [B=C+1,C>=0]
     - [B=C+1,C>=0]
     - [B>=1]
     - [B=C+1,C>=0]
     - [B=C+1,C>=0]
     - [B=C+1,C>=0]
     - [B>=1]
     - [B=C+1,C>=0]

  * Ranking function: c(failed(no_rf,[scc=4,cr=eval_LZWDecode_bb12_in/1]))

  * Invariants eval_LZWDecode_bb12_in(A) -> eval_LZWDecode_bb12_in(B)

     entry  : []
     non-rec: [A=B]
     rec    : [A>=1]
     inv    : []

CRS eval_LZWDecode_bb44_in(A,B,C)

  * Non Asymptotic Upper Bound: c(failed(schemes_failed,[scc=3,cr=eval_LZWDecode_bb44_in/3])) 

  * LOOPS eval_LZWDecode_bb44_in(D,E,F) -> eval_LZWDecode_bb44_in(G,H,I)
     - [F=I,D=G,E=H]

  * Ranking function: c(failed(no_rf,[scc=3,cr=eval_LZWDecode_bb44_in/3]))

  * Invariants eval_LZWDecode_bb44_in(A,B,C) -> eval_LZWDecode_bb44_in(D,E,F)

     entry  : [A>=1]
     non-rec: [A=D,B=E,C=F,A>=1]
     rec    : [A>=1,B=E,A=D,C=F]
     inv    : [A>=1,A=D,B=E,C=F]

CRS eval_LZWDecode_178

  * Non Asymptotic Upper Bound: 0 

  * LOOPS eval_LZWDecode_178 -> eval_LZWDecode_178

  * Ranking function: N/A

  * Invariants eval_LZWDecode_178 -> eval_LZWDecode_178

     entry  : []
     non-rec: []
     rec    : [0=1]
     inv    : []

CRS eval_LZWDecode_179

  * Non Asymptotic Upper Bound: 0 

  * LOOPS eval_LZWDecode_179 -> eval_LZWDecode_179

  * Ranking function: N/A

  * Invariants eval_LZWDecode_179 -> eval_LZWDecode_179

     entry  : []
     non-rec: []
     rec    : [0=1]
     inv    : []


