This is PUBS, version 0.2.
Copyright (C) 2007, 2008, 2009 UPM, UCM.
This program comes with ABSOLUTELY NO WARRANTY.
This is free software, and you are welcome to
redistribute it under certain conditions.



CRS $pubs_aux_entry$ -- THE MAIN ENTRY

  * Non Asymptotic Upper Bound: 2+2*nat(c(maximize_failed))+c(failed(schemes_failed,[scc=2,cr=eval_encode_mcu_AC_refine_bb7_in/5])) 

  * LOOPS $pubs_aux_entry$ -> $pubs_aux_entry$

  * Ranking function: N/A

  * Invariants $pubs_aux_entry$ -> $pubs_aux_entry$

     entry  : []
     non-rec: []
     rec    : [0=1]
     inv    : []

CRS eval_encode_mcu_AC_refine_start

  * Non Asymptotic Upper Bound: 2+2*nat(c(maximize_failed))+c(failed(schemes_failed,[scc=2,cr=eval_encode_mcu_AC_refine_bb7_in/5])) 

  * LOOPS eval_encode_mcu_AC_refine_start -> eval_encode_mcu_AC_refine_start

  * Ranking function: N/A

  * Invariants eval_encode_mcu_AC_refine_start -> eval_encode_mcu_AC_refine_start

     entry  : []
     non-rec: []
     rec    : [0=1]
     inv    : []

CRS eval_encode_mcu_AC_refine_bb0_in

  * Non Asymptotic Upper Bound: 2+2*nat(c(maximize_failed))+c(failed(schemes_failed,[scc=2,cr=eval_encode_mcu_AC_refine_bb7_in/5])) 

  * LOOPS eval_encode_mcu_AC_refine_bb0_in -> eval_encode_mcu_AC_refine_bb0_in

  * Ranking function: N/A

  * Invariants eval_encode_mcu_AC_refine_bb0_in -> eval_encode_mcu_AC_refine_bb0_in

     entry  : []
     non-rec: []
     rec    : [0=1]
     inv    : []

CRS eval_encode_mcu_AC_refine_10(A,B)

  * Non Asymptotic Upper Bound: 2+2*nat(c(maximize_failed))+c(failed(schemes_failed,[scc=2,cr=eval_encode_mcu_AC_refine_bb7_in/5])) 

  * LOOPS eval_encode_mcu_AC_refine_10(C,D) -> eval_encode_mcu_AC_refine_10(E,F)

  * Ranking function: N/A

  * Invariants eval_encode_mcu_AC_refine_10(A,B) -> eval_encode_mcu_AC_refine_10(C,D)

     entry  : []
     non-rec: [A=C,B=D]
     rec    : [0=1]
     inv    : [A=C,B=D]

CRS eval_encode_mcu_AC_refine_11(A)

  * Non Asymptotic Upper Bound: 2+2*nat(c(maximize_failed))+c(failed(schemes_failed,[scc=2,cr=eval_encode_mcu_AC_refine_bb7_in/5])) 

  * LOOPS eval_encode_mcu_AC_refine_11(B) -> eval_encode_mcu_AC_refine_11(C)

  * Ranking function: N/A

  * Invariants eval_encode_mcu_AC_refine_11(A) -> eval_encode_mcu_AC_refine_11(B)

     entry  : []
     non-rec: [A=B]
     rec    : [0=1]
     inv    : [A=B]

CRS eval_encode_mcu_AC_refine_bb3_in(A)

  * Non Asymptotic Upper Bound: 2+2*nat(c(maximize_failed))+c(failed(schemes_failed,[scc=2,cr=eval_encode_mcu_AC_refine_bb7_in/5])) 

  * LOOPS eval_encode_mcu_AC_refine_bb3_in(B) -> eval_encode_mcu_AC_refine_bb3_in(C)

  * Ranking function: N/A

  * Invariants eval_encode_mcu_AC_refine_bb3_in(A) -> eval_encode_mcu_AC_refine_bb3_in(B)

     entry  : []
     non-rec: [A=B]
     rec    : [0=1]
     inv    : [A=B]

CRS loop_cont_eval_encode_mcu_AC_refine_bb4_in(A,B,C,D,E,F,G)

  * Non Asymptotic Upper Bound: 1+c(failed(schemes_failed,[scc=2,cr=eval_encode_mcu_AC_refine_bb7_in/5])) 

  * LOOPS loop_cont_eval_encode_mcu_AC_refine_bb4_in(H,I,J,K,L,M,N) -> loop_cont_eval_encode_mcu_AC_refine_bb4_in(O,P,Q,R,S,T,U)

  * Ranking function: N/A

  * Invariants loop_cont_eval_encode_mcu_AC_refine_bb4_in(A,B,C,D,E,F,G) -> loop_cont_eval_encode_mcu_AC_refine_bb4_in(H,I,J,K,L,M,N)

     entry  : [D=0,A=6,F=0]
     non-rec: [A=H,B=I,C=J,D=K,E=L,F=M,G=N,D=0,A=6,F=0]
     rec    : [0=1]
     inv    : [A=6,D=0,F=0,H=6,B=I,C=J,K=0,E=L,M=0,G=N]

CRS loop_cont_eval_encode_mcu_AC_refine_bb7_in(A,B)

  * Non Asymptotic Upper Bound: 0 

  * LOOPS loop_cont_eval_encode_mcu_AC_refine_bb7_in(C,D) -> loop_cont_eval_encode_mcu_AC_refine_bb7_in(E,F)

  * Ranking function: N/A

  * Invariants loop_cont_eval_encode_mcu_AC_refine_bb7_in(A,B) -> loop_cont_eval_encode_mcu_AC_refine_bb7_in(C,D)

     entry  : [5>=A,A>=4]
     non-rec: [A=C,B=D,5>=A,A>=4]
     rec    : [0=1]
     inv    : [A>=4,5>=A,A=C,B=D]

CRS eval_encode_mcu_AC_refine_bb19_in

  * Non Asymptotic Upper Bound: 0 

  * LOOPS eval_encode_mcu_AC_refine_bb19_in -> eval_encode_mcu_AC_refine_bb19_in

  * Ranking function: N/A

  * Invariants eval_encode_mcu_AC_refine_bb19_in -> eval_encode_mcu_AC_refine_bb19_in

     entry  : []
     non-rec: []
     rec    : [0=1]
     inv    : []

CRS eval_encode_mcu_AC_refine_74

  * Non Asymptotic Upper Bound: 0 

  * LOOPS eval_encode_mcu_AC_refine_74 -> eval_encode_mcu_AC_refine_74

  * Ranking function: N/A

  * Invariants eval_encode_mcu_AC_refine_74 -> eval_encode_mcu_AC_refine_74

     entry  : []
     non-rec: []
     rec    : [0=1]
     inv    : []

CRS eval_encode_mcu_AC_refine_75

  * Non Asymptotic Upper Bound: 0 

  * LOOPS eval_encode_mcu_AC_refine_75 -> eval_encode_mcu_AC_refine_75

  * Ranking function: N/A

  * Invariants eval_encode_mcu_AC_refine_75 -> eval_encode_mcu_AC_refine_75

     entry  : []
     non-rec: []
     rec    : [0=1]
     inv    : []

CRS eval_encode_mcu_AC_refine_bb20_in

  * Non Asymptotic Upper Bound: 0 

  * LOOPS eval_encode_mcu_AC_refine_bb20_in -> eval_encode_mcu_AC_refine_bb20_in

  * Ranking function: N/A

  * Invariants eval_encode_mcu_AC_refine_bb20_in -> eval_encode_mcu_AC_refine_bb20_in

     entry  : []
     non-rec: []
     rec    : [0=1]
     inv    : []

CRS eval_encode_mcu_AC_refine_bb23_in

  * Non Asymptotic Upper Bound: 0 

  * LOOPS eval_encode_mcu_AC_refine_bb23_in -> eval_encode_mcu_AC_refine_bb23_in

  * Ranking function: N/A

  * Invariants eval_encode_mcu_AC_refine_bb23_in -> eval_encode_mcu_AC_refine_bb23_in

     entry  : []
     non-rec: []
     rec    : [0=1]
     inv    : []

CRS eval_encode_mcu_AC_refine_bb24_in

  * Non Asymptotic Upper Bound: 0 

  * LOOPS eval_encode_mcu_AC_refine_bb24_in -> eval_encode_mcu_AC_refine_bb24_in

  * Ranking function: N/A

  * Invariants eval_encode_mcu_AC_refine_bb24_in -> eval_encode_mcu_AC_refine_bb24_in

     entry  : []
     non-rec: []
     rec    : [0=1]
     inv    : []

CRS eval_encode_mcu_AC_refine_bb7_in(A,B,C,D,E)

  * Non Asymptotic Upper Bound: c(failed(schemes_failed,[scc=2,cr=eval_encode_mcu_AC_refine_bb7_in/5])) 

  * LOOPS eval_encode_mcu_AC_refine_bb7_in(F,G,H,I,J) -> eval_encode_mcu_AC_refine_bb7_in(K,L,M,N,O)
     - [I+1=N,F=K,G=L,H=M,J+1=O,F>=I]
     - [J>=O,F>=I,G=L,F=K,I+1=N]
     - [J>=O,F>=I,G=L,F=K,I+1=N]
     - [F+1>=N,I+1=N,O=0,M=0,G=L,F=K]
     - [F+1>=N,I+1=N,O=0,M=0,G=L,F=K]
     - [F+1>=N,I+1=N,O=0,M=0,G=L,F=K]
     - [F+1>=N,I+1=N,O=0,M=0,G=L,F=K]

  * Ranking function: nat(F-I+1)

  * Invariants eval_encode_mcu_AC_refine_bb7_in(A,B,C,D,E) -> eval_encode_mcu_AC_refine_bb7_in(F,G,H,I,J)

     entry  : [C=0,E=0]
     non-rec: [A=F,B=G,C=H,D=I,E=J,C=0,E=0]
     rec    : [B=G,A=F,E=0,C=0,I>=D+J,A+1>=I,I>=D+1]
     inv    : [I>=D,I>=D+J,B=G,C=0,A=F,E=0]

CRS eval_encode_mcu_AC_refine_bb10_in(A,B,C,D,E,F,G)

  * Non Asymptotic Upper Bound: nat(G)/16 

  * LOOPS eval_encode_mcu_AC_refine_bb10_in(H,I,J,K,L,M,N) -> eval_encode_mcu_AC_refine_bb10_in(O,P,Q,R,S,T,U)
     - [N=U+16,I=P,J=Q,H=O,K=R,L=S,T=0,N>=16,I>=R]

  * Ranking function: nat(N/16)

  * Invariants eval_encode_mcu_AC_refine_bb10_in(A,B,C,D,E,F,G) -> eval_encode_mcu_AC_refine_bb10_in(H,I,J,K,L,M,N)

     entry  : [A>=D,E=G,C=F]
     non-rec: [A=H,B=I,C=J,D=K,E=L,F=M,G=N,A>=D,E=G,C=F]
     rec    : [M=0,E=L,D=K,C=J,B=I,A=H,E=G,C=F,A>=D,N>=0,B>=D,E>=N+16]
     inv    : [E>=N,A>=D,A=H,B=I,C=J,D=K,E=L,C=F,E=G]

CRS eval_encode_mcu_AC_refine_bb4_in(A,B,C)

  * Non Asymptotic Upper Bound: 2*nat(A-C+1) 

  * LOOPS eval_encode_mcu_AC_refine_bb4_in(D,E,F) -> eval_encode_mcu_AC_refine_bb4_in(G,H,I)
     - [F=H,D=G,H+1=I,D>=H]
     - [F+1=I,E=H,D=G,D+1>=I]

  * Ranking function: nat(D-F+1)

  * Invariants eval_encode_mcu_AC_refine_bb4_in(A,B,C) -> eval_encode_mcu_AC_refine_bb4_in(D,E,F)

     entry  : [B=0]
     non-rec: [A=D,B=E,C=F,B=0]
     rec    : [A=D,B=0,A+1>=F,F>=C+1]
     inv    : [F>=C,B=0,A=D]


