This is PUBS, version 0.2.
Copyright (C) 2007, 2008, 2009 UPM, UCM.
This program comes with ABSOLUTELY NO WARRANTY.
This is free software, and you are welcome to
redistribute it under certain conditions.



CRS $pubs_aux_entry$(A,B,C) -- THE MAIN ENTRY

  * Non Asymptotic Upper Bound: 1+779*nat(C) 

  * LOOPS $pubs_aux_entry$(D,E,F) -> $pubs_aux_entry$(G,H,I)

  * Ranking function: N/A

  * Invariants $pubs_aux_entry$(A,B,C) -> $pubs_aux_entry$(D,E,F)

     entry  : []
     non-rec: [A=D,B=E,C=F]
     rec    : [0=1]
     inv    : [A=D,B=E,C=F]

CRS eval_forward_DCT_start(A,B,C)

  * Non Asymptotic Upper Bound: 1+779*nat(C) 

  * LOOPS eval_forward_DCT_start(D,E,F) -> eval_forward_DCT_start(G,H,I)

  * Ranking function: N/A

  * Invariants eval_forward_DCT_start(A,B,C) -> eval_forward_DCT_start(D,E,F)

     entry  : []
     non-rec: [A=D,B=E,C=F]
     rec    : [0=1]
     inv    : [A=D,B=E,C=F]

CRS eval_forward_DCT_bb0_in(A)

  * Non Asymptotic Upper Bound: 1+779*nat(A) 

  * LOOPS eval_forward_DCT_bb0_in(B) -> eval_forward_DCT_bb0_in(C)

  * Ranking function: N/A

  * Invariants eval_forward_DCT_bb0_in(A) -> eval_forward_DCT_bb0_in(B)

     entry  : []
     non-rec: [A=B]
     rec    : [0=1]
     inv    : [A=B]

CRS loop_cont_eval_forward_DCT_bb1_in(A,B)

  * Non Asymptotic Upper Bound: 0 

  * LOOPS loop_cont_eval_forward_DCT_bb1_in(C,D) -> loop_cont_eval_forward_DCT_bb1_in(E,F)

  * Ranking function: N/A

  * Invariants loop_cont_eval_forward_DCT_bb1_in(A,B) -> loop_cont_eval_forward_DCT_bb1_in(C,D)

     entry  : [A=4]
     non-rec: [A=C,B=D,A=4]
     rec    : [0=1]
     inv    : [A=4,C=4,B=D]

CRS eval_forward_DCT_bb1_in(A,B)

  * Non Asymptotic Upper Bound: 779*nat(A-B) 

  * LOOPS eval_forward_DCT_bb1_in(C,D) -> eval_forward_DCT_bb1_in(E,F)
     - [C>=F,C=E,D+1=F]

  * Ranking function: nat(C-D)

  * Invariants eval_forward_DCT_bb1_in(A,B) -> eval_forward_DCT_bb1_in(C,D)

     entry  : [B=0]
     non-rec: [A=C,B=D,B=0]
     rec    : [A=C,B=0,A>=D,D>=1]
     inv    : [D>=0,A=C,B=0]

CRS eval_forward_DCT_bb6_in(A,B,C,D)

  * Non Asymptotic Upper Bound: 12*nat(-D+64) 

  * LOOPS eval_forward_DCT_bb6_in(E,F,G,H) -> eval_forward_DCT_bb6_in(I,J,K,L)
     - [H+1=L,E=I,F=J,G=K,63>=H]
     - [H+1=L,E=I,F=J,G=K,63>=H]
     - [H+1=L,E=I,F=J,G=K,63>=H]
     - [H+1=L,E=I,F=J,G=K,63>=H]
     - [H+1=L,E=I,F=J,G=K,63>=H]
     - [H+1=L,E=I,F=J,G=K,63>=H]
     - [H+1=L,E=I,F=J,G=K,63>=H]
     - [H+1=L,E=I,F=J,G=K,63>=H]
     - [H+1=L,E=I,F=J,G=K,63>=H]
     - [H+1=L,E=I,F=J,G=K,63>=H]
     - [H+1=L,E=I,F=J,G=K,63>=H]
     - [H+1=L,E=I,F=J,G=K,63>=H]

  * Ranking function: nat(-H+64)

  * Invariants eval_forward_DCT_bb6_in(A,B,C,D) -> eval_forward_DCT_bb6_in(E,F,G,H)

     entry  : [C>=8,A>=B+1,B>=0,D=0]
     non-rec: [A=E,B=F,C=G,D=H,C>=8,A>=B+1,B>=0,D=0]
     rec    : [C=G,B=F,A=E,D=0,A>=B+1,B>=0,C>=8,H>=1]
     inv    : [H>=0,A>=B+1,B>=0,C>=8,A=E,B=F,C=G,D=0]

CRS eval_forward_DCT_bb3_in(A,B,C)

  * Non Asymptotic Upper Bound: nat(-C+8) 

  * LOOPS eval_forward_DCT_bb3_in(D,E,F) -> eval_forward_DCT_bb3_in(G,H,I)
     - [F+1=I,E=H,D=G,8>=I]

  * Ranking function: nat(-F+8)

  * Invariants eval_forward_DCT_bb3_in(A,B,C) -> eval_forward_DCT_bb3_in(D,E,F)

     entry  : [A>=B+1,B>=0,C=0]
     non-rec: [A=D,B=E,C=F,A>=B+1,B>=0,C=0]
     rec    : [B=E,A=D,C=0,A>=B+1,B>=0,F>=1]
     inv    : [F>=0,A>=B+1,B>=0,A=D,B=E,C=0]


