This is PUBS, version 0.2.
Copyright (C) 2007, 2008, 2009 UPM, UCM.
This program comes with ABSOLUTELY NO WARRANTY.
This is free software, and you are welcome to
redistribute it under certain conditions.



CRS $pubs_aux_entry$(A,B) -- THE MAIN ENTRY

  * Non Asymptotic Upper Bound: max([6+nat(A)+52*nat(A)*log(4,5),3+52*nat(A)*log(4,2)]) 

  * LOOPS $pubs_aux_entry$(C,D) -> $pubs_aux_entry$(E,F)

  * Ranking function: N/A

  * Invariants $pubs_aux_entry$(A,B) -> $pubs_aux_entry$(C,D)

     entry  : []
     non-rec: [A=C,B=D]
     rec    : [0=1]
     inv    : [A=C,B=D]

CRS eval_III_sideinfo_start(A,B)

  * Non Asymptotic Upper Bound: max([6+nat(A)+52*nat(A)*log(4,5),3+52*nat(A)*log(4,2)]) 

  * LOOPS eval_III_sideinfo_start(C,D) -> eval_III_sideinfo_start(E,F)

  * Ranking function: N/A

  * Invariants eval_III_sideinfo_start(A,B) -> eval_III_sideinfo_start(C,D)

     entry  : []
     non-rec: [A=C,B=D]
     rec    : [0=1]
     inv    : [A=C,B=D]

CRS eval_III_sideinfo_bb0_in(A)

  * Non Asymptotic Upper Bound: max([6+nat(A)+52*nat(A)*log(4,5),3+52*nat(A)*log(4,2)]) 

  * LOOPS eval_III_sideinfo_bb0_in(B) -> eval_III_sideinfo_bb0_in(C)

  * Ranking function: N/A

  * Invariants eval_III_sideinfo_bb0_in(A) -> eval_III_sideinfo_bb0_in(B)

     entry  : []
     non-rec: [A=B]
     rec    : [0=1]
     inv    : [A=B]

CRS eval_III_sideinfo_bb3_in(A)

  * Non Asymptotic Upper Bound: max([6+nat(A)+52*nat(A)*log(4,5),3+52*nat(A)*log(4,2)]) 

  * LOOPS eval_III_sideinfo_bb3_in(B) -> eval_III_sideinfo_bb3_in(C)

  * Ranking function: N/A

  * Invariants eval_III_sideinfo_bb3_in(A) -> eval_III_sideinfo_bb3_in(B)

     entry  : []
     non-rec: [A=B]
     rec    : [0=1]
     inv    : [A=B]

CRS eval_III_sideinfo_8(A,B)

  * Non Asymptotic Upper Bound: max([6+nat(A)+52*nat(A)*log(4,5),3+52*nat(A)*log(4,2)]) 

  * LOOPS eval_III_sideinfo_8(C,D) -> eval_III_sideinfo_8(E,F)

  * Ranking function: N/A

  * Invariants eval_III_sideinfo_8(A,B) -> eval_III_sideinfo_8(C,D)

     entry  : [B>=8,9>=B]
     non-rec: [A=C,B=D,B>=8,9>=B]
     rec    : [0=1]
     inv    : [B>=8,9>=B,A=C,B=D]

CRS eval_III_sideinfo_9(A)

  * Non Asymptotic Upper Bound: max([6+nat(A)+52*nat(A)*log(4,5),3+52*nat(A)*log(4,2)]) 

  * LOOPS eval_III_sideinfo_9(B) -> eval_III_sideinfo_9(C)

  * Ranking function: N/A

  * Invariants eval_III_sideinfo_9(A) -> eval_III_sideinfo_9(B)

     entry  : []
     non-rec: [A=B]
     rec    : [0=1]
     inv    : [A=B]

CRS eval_III_sideinfo_12(A,B)

  * Non Asymptotic Upper Bound: max([6+nat(A)+52*nat(A)*log(4,5),3+52*nat(A)*log(4,2)]) 

  * LOOPS eval_III_sideinfo_12(C,D) -> eval_III_sideinfo_12(E,F)

  * Ranking function: N/A

  * Invariants eval_III_sideinfo_12(A,B) -> eval_III_sideinfo_12(C,D)

     entry  : []
     non-rec: [A=C,B=D]
     rec    : [0=1]
     inv    : [A=C,B=D]

CRS eval_III_sideinfo_13(A)

  * Non Asymptotic Upper Bound: max([6+nat(A)+52*nat(A)*log(4,5),3+52*nat(A)*log(4,2)]) 

  * LOOPS eval_III_sideinfo_13(B) -> eval_III_sideinfo_13(C)

  * Ranking function: N/A

  * Invariants eval_III_sideinfo_13(A) -> eval_III_sideinfo_13(B)

     entry  : []
     non-rec: [A=B]
     rec    : [0=1]
     inv    : [A=B]

CRS loop_cont_eval_III_sideinfo_bb5_in(A,B,C,D)

  * Non Asymptotic Upper Bound: 5+52*nat(B)*log(4,5) 

  * LOOPS loop_cont_eval_III_sideinfo_bb5_in(E,F,G,H) -> loop_cont_eval_III_sideinfo_bb5_in(I,J,K,L)

  * Ranking function: N/A

  * Invariants loop_cont_eval_III_sideinfo_bb5_in(A,B,C,D) -> loop_cont_eval_III_sideinfo_bb5_in(E,F,G,H)

     entry  : [A=7,C=2]
     non-rec: [A=E,B=F,C=G,D=H,A=7,C=2]
     rec    : [0=1]
     inv    : [A=7,C=2,E=7,B=F,G=2,D=H]

CRS eval_III_sideinfo_bb7_in(A,B)

  * Non Asymptotic Upper Bound: 1+2*nat(B)+52*nat(A)*log(4,1+nat(3*B-2)) 

  * LOOPS eval_III_sideinfo_bb7_in(C,D) -> eval_III_sideinfo_bb7_in(E,F)

  * Ranking function: N/A

  * Invariants eval_III_sideinfo_bb7_in(A,B) -> eval_III_sideinfo_bb7_in(C,D)

     entry  : [B>=1,2>=B]
     non-rec: [A=C,B=D,B>=1,2>=B]
     rec    : [0=1]
     inv    : [B>=1,2>=B,A=C,B=D]

CRS loop_cont_eval_III_sideinfo_bb8_in(A,B)

  * Non Asymptotic Upper Bound: 0 

  * LOOPS loop_cont_eval_III_sideinfo_bb8_in(C,D) -> loop_cont_eval_III_sideinfo_bb8_in(E,F)

  * Ranking function: N/A

  * Invariants loop_cont_eval_III_sideinfo_bb8_in(A,B) -> loop_cont_eval_III_sideinfo_bb8_in(C,D)

     entry  : [A=6]
     non-rec: [A=C,B=D,A=6]
     rec    : [0=1]
     inv    : [A=6,C=6,B=D]

CRS eval_III_sideinfo_bb8_in(A,B,C)

  * Non Asymptotic Upper Bound: 2*nat(B-C)+52*nat(A)*log(4,1+nat(3*B-3*C-2)) 

  * LOOPS eval_III_sideinfo_bb8_in(D,E,F) -> eval_III_sideinfo_bb8_in(G,H,I)
     - [E>=I,D=G,E=H,F+1=I]

  * Ranking function: nat(E-F)

  * Invariants eval_III_sideinfo_bb8_in(A,B,C) -> eval_III_sideinfo_bb8_in(D,E,F)

     entry  : [2>=B,B>=1,C=0]
     non-rec: [A=D,B=E,C=F,2>=B,B>=1,C=0]
     rec    : [F>=1,2>=B,B>=F,A=D,B=E,C=0]
     inv    : [B>=F,F>=0,B>=1,2>=B,A=D,B=E,C=0]

CRS eval_III_sideinfo_bb10_in(A,B,C,D)

  * Non Asymptotic Upper Bound: 52*nat(A-D) 

  * LOOPS eval_III_sideinfo_bb10_in(E,F,G,H) -> eval_III_sideinfo_bb10_in(I,J,K,L)
     - [E>=L,E=I,G=K,F=J,H+1=L]
     - [E>=L,E=I,G=K,F=J,H+1=L]
     - [E>=L,E=I,G=K,F=J,H+1=L]
     - [E>=L,E=I,G=K,F=J,H+1=L]
     - [E>=L,E=I,G=K,F=J,H+1=L]
     - [E>=L,E=I,G=K,F=J,H+1=L]
     - [E>=L,E=I,G=K,F=J,H+1=L]
     - [E>=L,E=I,G=K,F=J,H+1=L]

  * Ranking function: nat(E-H)

  * Invariants eval_III_sideinfo_bb10_in(A,B,C,D) -> eval_III_sideinfo_bb10_in(E,F,G,H)

     entry  : [2>=B,B>=C+1,C>=0,D=0]
     non-rec: [A=E,B=F,C=G,D=H,2>=B,B>=C+1,C>=0,D=0]
     rec    : [C=G,B=F,A=E,D=0,A>=H,2>=B,B>=C+1,C>=0,H>=1]
     inv    : [C>=0,H>=0,B>=C+1,2>=B,A=E,B=F,C=G,D=0]

CRS eval_III_sideinfo_bb26_in(A,B,C,D,E,F)

  * Non Asymptotic Upper Bound: nat(-F+3) 

  * LOOPS eval_III_sideinfo_bb26_in(G,H,I,J,K,L) -> eval_III_sideinfo_bb26_in(M,N,O,P,Q,R)
     - [L+1=R,G=M,H=N,I=O,J=P,K=Q,2>=L]

  * Ranking function: nat(-L+3)

  * Invariants eval_III_sideinfo_bb26_in(A,B,C,D,E,F) -> eval_III_sideinfo_bb26_in(G,H,I,J,K,L)

     entry  : [9>=E,C>=0,E>=4,2>=B,B>=C+1,D>=0,A>=D+1,F=0]
     non-rec: [A=G,B=H,C=I,D=J,E=K,F=L,9>=E,C>=0,E>=4,2>=B,B>=C+1,D>=0,A>=D+1,F=0]
     rec    : [3>=L,E>=4,C>=0,L>=1,9>=E,B>=C+1,2>=B,D>=0,A>=D+1,F=0,A=G,B=H,C=I,D=J,E=K]
     inv    : [C>=0,L>=0,E>=4,3>=L,9>=E,B>=C+1,2>=B,D>=0,A>=D+1,A=G,B=H,C=I,D=J,E=K,F=0]

CRS eval_III_sideinfo_bb23_in(A,B,C,D,E,F,G)

  * Non Asymptotic Upper Bound: nat(-G+3) 

  * LOOPS eval_III_sideinfo_bb23_in(H,I,J,K,L,M,N) -> eval_III_sideinfo_bb23_in(O,P,Q,R,S,T,U)
     - [N+1=U,H=O,I=P,J=Q,K=R,L=S,M=T,2>=N]

  * Ranking function: nat(-N+3)

  * Invariants eval_III_sideinfo_bb23_in(A,B,C,D,E,F,G) -> eval_III_sideinfo_bb23_in(H,I,J,K,L,M,N)

     entry  : [9>=E,E>=4,C>=0,2>=B,B>=C+1,D>=0,F>=2,A>=D+1,G=0]
     non-rec: [A=H,B=I,C=J,D=K,E=L,F=M,G=N,9>=E,E>=4,C>=0,2>=B,B>=C+1,D>=0,F>=2,A>=D+1,G=0]
     rec    : [C>=0,3>=N,E>=4,N>=1,9>=E,B>=C+1,2>=B,D>=0,F>=2,A>=D+1,G=0,A=H,B=I,C=J,D=K,E=L,F=M]
     inv    : [C>=0,N>=0,E>=4,3>=N,9>=E,B>=C+1,2>=B,D>=0,F>=2,A>=D+1,A=H,B=I,C=J,D=K,E=L,F=M,G=0]

CRS eval_III_sideinfo_bb20_in(A,B,C,D,E,F)

  * Non Asymptotic Upper Bound: nat(-F+2) 

  * LOOPS eval_III_sideinfo_bb20_in(G,H,I,J,K,L) -> eval_III_sideinfo_bb20_in(M,N,O,P,Q,R)
     - [L+1=R,G=M,H=N,I=O,J=P,K=Q,1>=L]

  * Ranking function: nat(-L+2)

  * Invariants eval_III_sideinfo_bb20_in(A,B,C,D,E,F) -> eval_III_sideinfo_bb20_in(G,H,I,J,K,L)

     entry  : [9>=E,C>=0,E>=4,2>=B,B>=C+1,D>=0,A>=D+1,F=0]
     non-rec: [A=G,B=H,C=I,D=J,E=K,F=L,9>=E,C>=0,E>=4,2>=B,B>=C+1,D>=0,A>=D+1,F=0]
     rec    : [C>=0,2>=L,E>=4,L>=1,9>=E,B>=C+1,2>=B,D>=0,A>=D+1,A=G,B=H,C=I,D=J,E=K,F=0]
     inv    : [C>=0,L>=0,E>=4,2>=L,9>=E,B>=C+1,2>=B,D>=0,A>=D+1,A=G,B=H,C=I,D=J,E=K,F=0]

CRS eval_III_sideinfo_bb5_in(A,B)

  * Non Asymptotic Upper Bound: nat(A-B) 

  * LOOPS eval_III_sideinfo_bb5_in(C,D) -> eval_III_sideinfo_bb5_in(E,F)
     - [D+1=F,C=E,C>=D+1]

  * Ranking function: nat(C-D)

  * Invariants eval_III_sideinfo_bb5_in(A,B) -> eval_III_sideinfo_bb5_in(C,D)

     entry  : [B=0]
     non-rec: [A=C,B=D,B=0]
     rec    : [A=C,B=0,A>=D,D>=1]
     inv    : [D>=0,A=C,B=0]


