This is PUBS, version 0.2.
Copyright (C) 2007, 2008, 2009 UPM, UCM.
This program comes with ABSOLUTELY NO WARRANTY.
This is free software, and you are welcome to
redistribute it under certain conditions.



CRS $pubs_aux_entry$(A) -- THE MAIN ENTRY

  * Non Asymptotic Upper Bound: 19/4 

  * LOOPS $pubs_aux_entry$(B) -> $pubs_aux_entry$(C)

  * Ranking function: N/A

  * Invariants $pubs_aux_entry$(A) -> $pubs_aux_entry$(B)

     entry  : []
     non-rec: [A=B]
     rec    : [0=1]
     inv    : [A=B]

CRS eval_III_freqinver_start(A)

  * Non Asymptotic Upper Bound: 19/4 

  * LOOPS eval_III_freqinver_start(B) -> eval_III_freqinver_start(C)

  * Ranking function: N/A

  * Invariants eval_III_freqinver_start(A) -> eval_III_freqinver_start(B)

     entry  : []
     non-rec: [A=B]
     rec    : [0=1]
     inv    : [A=B]

CRS eval_III_freqinver_bb0_in

  * Non Asymptotic Upper Bound: 19/4 

  * LOOPS eval_III_freqinver_bb0_in -> eval_III_freqinver_bb0_in

  * Ranking function: N/A

  * Invariants eval_III_freqinver_bb0_in -> eval_III_freqinver_bb0_in

     entry  : []
     non-rec: []
     rec    : [0=1]
     inv    : []

CRS loop_cont_eval_III_freqinver_bb1_in(A,B)

  * Non Asymptotic Upper Bound: 0 

  * LOOPS loop_cont_eval_III_freqinver_bb1_in(C,D) -> loop_cont_eval_III_freqinver_bb1_in(E,F)

  * Ranking function: N/A

  * Invariants loop_cont_eval_III_freqinver_bb1_in(A,B) -> loop_cont_eval_III_freqinver_bb1_in(C,D)

     entry  : [A=2]
     non-rec: [A=C,B=D,A=2]
     rec    : [0=1]
     inv    : [A=2,C=2,B=D]

CRS eval_III_freqinver_bb1_in(A)

  * Non Asymptotic Upper Bound: nat(-A+16)/4 

  * LOOPS eval_III_freqinver_bb1_in(B) -> eval_III_freqinver_bb1_in(C)
     - [B+4=C,12>=B]

  * Ranking function: nat(-B/4+4)

  * Invariants eval_III_freqinver_bb1_in(A) -> eval_III_freqinver_bb1_in(B)

     entry  : [A=1]
     non-rec: [A=B,A=1]
     rec    : [A=1,B>=5]
     inv    : [B>=1,A=1]


