This is PUBS, version 0.2.
Copyright (C) 2007, 2008, 2009 UPM, UCM.
This program comes with ABSOLUTELY NO WARRANTY.
This is free software, and you are welcome to
redistribute it under certain conditions.



CRS $pubs_aux_entry$ -- THE MAIN ENTRY

  * Non Asymptotic Upper Bound: 18 

  * LOOPS $pubs_aux_entry$ -> $pubs_aux_entry$

  * Ranking function: N/A

  * Invariants $pubs_aux_entry$ -> $pubs_aux_entry$

     entry  : []
     non-rec: []
     rec    : [0=1]
     inv    : []

CRS eval_choose_table_start

  * Non Asymptotic Upper Bound: 18 

  * LOOPS eval_choose_table_start -> eval_choose_table_start

  * Ranking function: N/A

  * Invariants eval_choose_table_start -> eval_choose_table_start

     entry  : []
     non-rec: []
     rec    : [0=1]
     inv    : []

CRS eval_choose_table_bb0_in

  * Non Asymptotic Upper Bound: 18 

  * LOOPS eval_choose_table_bb0_in -> eval_choose_table_bb0_in

  * Ranking function: N/A

  * Invariants eval_choose_table_bb0_in -> eval_choose_table_bb0_in

     entry  : []
     non-rec: []
     rec    : [0=1]
     inv    : []

CRS eval_choose_table_0

  * Non Asymptotic Upper Bound: 18 

  * LOOPS eval_choose_table_0 -> eval_choose_table_0

  * Ranking function: N/A

  * Invariants eval_choose_table_0 -> eval_choose_table_0

     entry  : []
     non-rec: []
     rec    : [0=1]
     inv    : []

CRS eval_choose_table_1

  * Non Asymptotic Upper Bound: 18 

  * LOOPS eval_choose_table_1 -> eval_choose_table_1

  * Ranking function: N/A

  * Invariants eval_choose_table_1 -> eval_choose_table_1

     entry  : []
     non-rec: []
     rec    : [0=1]
     inv    : []

CRS loop_cont_eval_choose_table_bb10_in(A,B,C)

  * Non Asymptotic Upper Bound: 1+nat(-B+32) 

  * LOOPS loop_cont_eval_choose_table_bb10_in(D,E,F) -> loop_cont_eval_choose_table_bb10_in(G,H,I)

  * Ranking function: N/A

  * Invariants loop_cont_eval_choose_table_bb10_in(A,B,C) -> loop_cont_eval_choose_table_bb10_in(D,E,F)

     entry  : [B>=24,A=3]
     non-rec: [A=D,B=E,C=F,B>=24,A=3]
     rec    : [0=1]
     inv    : [B>=24,A=3,D=3,B=E,C=F]

CRS eval_choose_table_bb13_in(A)

  * Non Asymptotic Upper Bound: 1+nat(-A+32) 

  * LOOPS eval_choose_table_bb13_in(B) -> eval_choose_table_bb13_in(C)

  * Ranking function: N/A

  * Invariants eval_choose_table_bb13_in(A) -> eval_choose_table_bb13_in(B)

     entry  : [A>=24]
     non-rec: [A=B,A>=24]
     rec    : [0=1]
     inv    : [A>=24,A=B]

CRS loop_cont_eval_choose_table_bb14_in(A,B,C,D)

  * Non Asymptotic Upper Bound: 0 

  * LOOPS loop_cont_eval_choose_table_bb14_in(E,F,G,H) -> loop_cont_eval_choose_table_bb14_in(I,J,K,L)

  * Ranking function: N/A

  * Invariants loop_cont_eval_choose_table_bb14_in(A,B,C,D) -> loop_cont_eval_choose_table_bb14_in(E,F,G,H)

     entry  : [C+8>=B,B>=24,A=2]
     non-rec: [A=E,B=F,C=G,D=H,C+8>=B,B>=24,A=2]
     rec    : [0=1]
     inv    : [B>=24,C+8>=B,A=2,E=2,B=F,C=G,D=H]

CRS eval_choose_table_bb17_in(A,B)

  * Non Asymptotic Upper Bound: 0 

  * LOOPS eval_choose_table_bb17_in(C,D) -> eval_choose_table_bb17_in(E,F)

  * Ranking function: N/A

  * Invariants eval_choose_table_bb17_in(A,B) -> eval_choose_table_bb17_in(C,D)

     entry  : [B+8>=A,A>=24]
     non-rec: [A=C,B=D,B+8>=A,A>=24]
     rec    : [0=1]
     inv    : [A>=24,B+8>=A,A=C,B=D]

CRS eval_choose_table_42(A,B)

  * Non Asymptotic Upper Bound: 0 

  * LOOPS eval_choose_table_42(C,D) -> eval_choose_table_42(E,F)

  * Ranking function: N/A

  * Invariants eval_choose_table_42(A,B) -> eval_choose_table_42(C,D)

     entry  : [B+8>=A,A>=24]
     non-rec: [A=C,B=D,B+8>=A,A>=24]
     rec    : [0=1]
     inv    : [A>=24,B+8>=A,A=C,B=D]

CRS eval_choose_table_43

  * Non Asymptotic Upper Bound: 0 

  * LOOPS eval_choose_table_43 -> eval_choose_table_43

  * Ranking function: N/A

  * Invariants eval_choose_table_43 -> eval_choose_table_43

     entry  : []
     non-rec: []
     rec    : [0=1]
     inv    : []

CRS eval_choose_table_bb14_in(A,B)

  * Non Asymptotic Upper Bound: nat(-B+24) 

  * LOOPS eval_choose_table_bb14_in(C,D) -> eval_choose_table_bb14_in(E,F)
     - [D+1=F,C=E,24>=F]

  * Ranking function: nat(-D+24)

  * Invariants eval_choose_table_bb14_in(A,B) -> eval_choose_table_bb14_in(C,D)

     entry  : [A>=24,A=B+8]
     non-rec: [A=C,B=D,A>=24,A=B+8]
     rec    : [A=C,A=B+8,24>=D,A>=24,D+7>=A]
     inv    : [A>=D,D+8>=A,A>=24,A=C,A=B+8]

CRS eval_choose_table_bb10_in(A)

  * Non Asymptotic Upper Bound: nat(-A+32) 

  * LOOPS eval_choose_table_bb10_in(B) -> eval_choose_table_bb10_in(C)
     - [B+1=C,31>=B]

  * Ranking function: nat(-B+32)

  * Invariants eval_choose_table_bb10_in(A) -> eval_choose_table_bb10_in(B)

     entry  : [A=24]
     non-rec: [A=B,A=24]
     rec    : [A=24,B>=25]
     inv    : [B>=24,A=24]

CRS eval_choose_table_7(A)

  * Non Asymptotic Upper Bound: 0 

  * LOOPS eval_choose_table_7(B) -> eval_choose_table_7(C)

  * Ranking function: N/A

  * Invariants eval_choose_table_7(A) -> eval_choose_table_7(B)

     entry  : []
     non-rec: [A=B]
     rec    : [0=1]
     inv    : [A=B]

CRS eval_choose_table_8(A)

  * Non Asymptotic Upper Bound: 0 

  * LOOPS eval_choose_table_8(B) -> eval_choose_table_8(C)

  * Ranking function: N/A

  * Invariants eval_choose_table_8(A) -> eval_choose_table_8(B)

     entry  : []
     non-rec: [A=B]
     rec    : [0=1]
     inv    : [A=B]

CRS eval_choose_table_bb5_in(A)

  * Non Asymptotic Upper Bound: 0 

  * LOOPS eval_choose_table_bb5_in(B) -> eval_choose_table_bb5_in(C)

  * Ranking function: N/A

  * Invariants eval_choose_table_bb5_in(A) -> eval_choose_table_bb5_in(B)

     entry  : []
     non-rec: [A=B]
     rec    : [0=1]
     inv    : [A=B]

CRS eval_choose_table_10(A)

  * Non Asymptotic Upper Bound: 0 

  * LOOPS eval_choose_table_10(B) -> eval_choose_table_10(C)

  * Ranking function: N/A

  * Invariants eval_choose_table_10(A) -> eval_choose_table_10(B)

     entry  : []
     non-rec: [A=B]
     rec    : [0=1]
     inv    : [A=B]

CRS eval_choose_table_11

  * Non Asymptotic Upper Bound: 0 

  * LOOPS eval_choose_table_11 -> eval_choose_table_11

  * Ranking function: N/A

  * Invariants eval_choose_table_11 -> eval_choose_table_11

     entry  : []
     non-rec: []
     rec    : [0=1]
     inv    : []

CRS eval_choose_table_bb6_in(A)

  * Non Asymptotic Upper Bound: 0 

  * LOOPS eval_choose_table_bb6_in(B) -> eval_choose_table_bb6_in(C)

  * Ranking function: N/A

  * Invariants eval_choose_table_bb6_in(A) -> eval_choose_table_bb6_in(B)

     entry  : []
     non-rec: [A=B]
     rec    : [0=1]
     inv    : [A=B]

CRS eval_choose_table_15(A)

  * Non Asymptotic Upper Bound: 0 

  * LOOPS eval_choose_table_15(B) -> eval_choose_table_15(C)

  * Ranking function: N/A

  * Invariants eval_choose_table_15(A) -> eval_choose_table_15(B)

     entry  : []
     non-rec: [A=B]
     rec    : [0=1]
     inv    : [A=B]

CRS eval_choose_table_16

  * Non Asymptotic Upper Bound: 0 

  * LOOPS eval_choose_table_16 -> eval_choose_table_16

  * Ranking function: N/A

  * Invariants eval_choose_table_16 -> eval_choose_table_16

     entry  : []
     non-rec: []
     rec    : [0=1]
     inv    : []

CRS eval_choose_table_NewDefault_in

  * Non Asymptotic Upper Bound: 0 

  * LOOPS eval_choose_table_NewDefault_in -> eval_choose_table_NewDefault_in

  * Ranking function: N/A

  * Invariants eval_choose_table_NewDefault_in -> eval_choose_table_NewDefault_in

     entry  : []
     non-rec: []
     rec    : [0=1]
     inv    : []

CRS eval_choose_table_20(A)

  * Non Asymptotic Upper Bound: 0 

  * LOOPS eval_choose_table_20(B) -> eval_choose_table_20(C)

  * Ranking function: N/A

  * Invariants eval_choose_table_20(A) -> eval_choose_table_20(B)

     entry  : []
     non-rec: [A=B]
     rec    : [0=1]
     inv    : [A=B]

CRS eval_choose_table_21

  * Non Asymptotic Upper Bound: 0 

  * LOOPS eval_choose_table_21 -> eval_choose_table_21

  * Ranking function: N/A

  * Invariants eval_choose_table_21 -> eval_choose_table_21

     entry  : []
     non-rec: []
     rec    : [0=1]
     inv    : []

CRS eval_choose_table_bb8_in

  * Non Asymptotic Upper Bound: 0 

  * LOOPS eval_choose_table_bb8_in -> eval_choose_table_bb8_in

  * Ranking function: N/A

  * Invariants eval_choose_table_bb8_in -> eval_choose_table_bb8_in

     entry  : []
     non-rec: []
     rec    : [0=1]
     inv    : []

CRS eval_choose_table_bb18_in

  * Non Asymptotic Upper Bound: 0 

  * LOOPS eval_choose_table_bb18_in -> eval_choose_table_bb18_in

  * Ranking function: N/A

  * Invariants eval_choose_table_bb18_in -> eval_choose_table_bb18_in

     entry  : []
     non-rec: []
     rec    : [0=1]
     inv    : []


