This is PUBS, version 0.2.
Copyright (C) 2007, 2008, 2009 UPM, UCM.
This program comes with ABSOLUTELY NO WARRANTY.
This is free software, and you are welcome to
redistribute it under certain conditions.



CRS $pubs_aux_entry$(A) -- THE MAIN ENTRY

  * Non Asymptotic Upper Bound: 1+nat(c(maximize_failed)) 

  * LOOPS $pubs_aux_entry$(B) -> $pubs_aux_entry$(C)

  * Ranking function: N/A

  * Invariants $pubs_aux_entry$(A) -> $pubs_aux_entry$(B)

     entry  : []
     non-rec: [A=B]
     rec    : [0=1]
     inv    : [A=B]

CRS eval_put_demapped_rgb_start(A)

  * Non Asymptotic Upper Bound: 1+nat(c(maximize_failed)) 

  * LOOPS eval_put_demapped_rgb_start(B) -> eval_put_demapped_rgb_start(C)

  * Ranking function: N/A

  * Invariants eval_put_demapped_rgb_start(A) -> eval_put_demapped_rgb_start(B)

     entry  : []
     non-rec: [A=B]
     rec    : [0=1]
     inv    : [A=B]

CRS eval_put_demapped_rgb_bb0_in

  * Non Asymptotic Upper Bound: 1+nat(c(maximize_failed)) 

  * LOOPS eval_put_demapped_rgb_bb0_in -> eval_put_demapped_rgb_bb0_in

  * Ranking function: N/A

  * Invariants eval_put_demapped_rgb_bb0_in -> eval_put_demapped_rgb_bb0_in

     entry  : []
     non-rec: []
     rec    : [0=1]
     inv    : []

CRS loop_cont_eval_put_demapped_rgb_bb1_in(A,B,C)

  * Non Asymptotic Upper Bound: 0 

  * LOOPS loop_cont_eval_put_demapped_rgb_bb1_in(D,E,F) -> loop_cont_eval_put_demapped_rgb_bb1_in(G,H,I)

  * Ranking function: N/A

  * Invariants loop_cont_eval_put_demapped_rgb_bb1_in(A,B,C) -> loop_cont_eval_put_demapped_rgb_bb1_in(D,E,F)

     entry  : [A=2]
     non-rec: [A=D,B=E,C=F,A=2]
     rec    : [0=1]
     inv    : [A=2,D=2,B=E,C=F]

CRS eval_put_demapped_rgb_22(A)

  * Non Asymptotic Upper Bound: 0 

  * LOOPS eval_put_demapped_rgb_22(B) -> eval_put_demapped_rgb_22(C)

  * Ranking function: N/A

  * Invariants eval_put_demapped_rgb_22(A) -> eval_put_demapped_rgb_22(B)

     entry  : []
     non-rec: [A=B]
     rec    : [0=1]
     inv    : [A=B]

CRS eval_put_demapped_rgb_23

  * Non Asymptotic Upper Bound: 0 

  * LOOPS eval_put_demapped_rgb_23 -> eval_put_demapped_rgb_23

  * Ranking function: N/A

  * Invariants eval_put_demapped_rgb_23 -> eval_put_demapped_rgb_23

     entry  : []
     non-rec: []
     rec    : [0=1]
     inv    : []

CRS eval_put_demapped_rgb_bb1_in(A)

  * Non Asymptotic Upper Bound: nat(A) 

  * LOOPS eval_put_demapped_rgb_bb1_in(B) -> eval_put_demapped_rgb_bb1_in(C)
     - [B=C+1,C>=0]

  * Ranking function: nat(B)

  * Invariants eval_put_demapped_rgb_bb1_in(A) -> eval_put_demapped_rgb_bb1_in(B)

     entry  : []
     non-rec: [A=B]
     rec    : [B>=0,A>=B+1]
     inv    : [A>=B]


