This is PUBS, version 0.2.
Copyright (C) 2007, 2008, 2009 UPM, UCM.
This program comes with ABSOLUTELY NO WARRANTY.
This is free software, and you are welcome to
redistribute it under certain conditions.



CRS $pubs_aux_entry$(A) -- THE MAIN ENTRY

  * Non Asymptotic Upper Bound: 1+nat(A-1) 

  * LOOPS $pubs_aux_entry$(B) -> $pubs_aux_entry$(C)

  * Ranking function: N/A

  * Invariants $pubs_aux_entry$(A) -> $pubs_aux_entry$(B)

     entry  : []
     non-rec: [A=B]
     rec    : [0=1]
     inv    : [A=B]

CRS eval_TIFFUnlinkDirectory_start(A)

  * Non Asymptotic Upper Bound: 1+nat(A-1) 

  * LOOPS eval_TIFFUnlinkDirectory_start(B) -> eval_TIFFUnlinkDirectory_start(C)

  * Ranking function: N/A

  * Invariants eval_TIFFUnlinkDirectory_start(A) -> eval_TIFFUnlinkDirectory_start(B)

     entry  : []
     non-rec: [A=B]
     rec    : [0=1]
     inv    : [A=B]

CRS eval_TIFFUnlinkDirectory_bb0_in(A)

  * Non Asymptotic Upper Bound: 1+nat(A-1) 

  * LOOPS eval_TIFFUnlinkDirectory_bb0_in(B) -> eval_TIFFUnlinkDirectory_bb0_in(C)

  * Ranking function: N/A

  * Invariants eval_TIFFUnlinkDirectory_bb0_in(A) -> eval_TIFFUnlinkDirectory_bb0_in(B)

     entry  : []
     non-rec: [A=B]
     rec    : [0=1]
     inv    : [A=B]

CRS loop_cont_eval_TIFFUnlinkDirectory_bb3_in(A,B,C)

  * Non Asymptotic Upper Bound: 0 

  * LOOPS loop_cont_eval_TIFFUnlinkDirectory_bb3_in(D,E,F) -> loop_cont_eval_TIFFUnlinkDirectory_bb3_in(G,H,I)

  * Ranking function: N/A

  * Invariants loop_cont_eval_TIFFUnlinkDirectory_bb3_in(A,B,C) -> loop_cont_eval_TIFFUnlinkDirectory_bb3_in(D,E,F)

     entry  : [4>=A,A>=2]
     non-rec: [A=D,B=E,C=F,4>=A,A>=2]
     rec    : [0=1]
     inv    : [A>=2,4>=A,A=D,B=E,C=F]

CRS eval_TIFFUnlinkDirectory_22

  * Non Asymptotic Upper Bound: 0 

  * LOOPS eval_TIFFUnlinkDirectory_22 -> eval_TIFFUnlinkDirectory_22

  * Ranking function: N/A

  * Invariants eval_TIFFUnlinkDirectory_22 -> eval_TIFFUnlinkDirectory_22

     entry  : []
     non-rec: []
     rec    : [0=1]
     inv    : []

CRS eval_TIFFUnlinkDirectory_23

  * Non Asymptotic Upper Bound: 0 

  * LOOPS eval_TIFFUnlinkDirectory_23 -> eval_TIFFUnlinkDirectory_23

  * Ranking function: N/A

  * Invariants eval_TIFFUnlinkDirectory_23 -> eval_TIFFUnlinkDirectory_23

     entry  : []
     non-rec: []
     rec    : [0=1]
     inv    : []

CRS eval_TIFFUnlinkDirectory_25

  * Non Asymptotic Upper Bound: 0 

  * LOOPS eval_TIFFUnlinkDirectory_25 -> eval_TIFFUnlinkDirectory_25

  * Ranking function: N/A

  * Invariants eval_TIFFUnlinkDirectory_25 -> eval_TIFFUnlinkDirectory_25

     entry  : []
     non-rec: []
     rec    : [0=1]
     inv    : []

CRS eval_TIFFUnlinkDirectory_26

  * Non Asymptotic Upper Bound: 0 

  * LOOPS eval_TIFFUnlinkDirectory_26 -> eval_TIFFUnlinkDirectory_26

  * Ranking function: N/A

  * Invariants eval_TIFFUnlinkDirectory_26 -> eval_TIFFUnlinkDirectory_26

     entry  : []
     non-rec: []
     rec    : [0=1]
     inv    : []

CRS eval_TIFFUnlinkDirectory_29

  * Non Asymptotic Upper Bound: 0 

  * LOOPS eval_TIFFUnlinkDirectory_29 -> eval_TIFFUnlinkDirectory_29

  * Ranking function: N/A

  * Invariants eval_TIFFUnlinkDirectory_29 -> eval_TIFFUnlinkDirectory_29

     entry  : []
     non-rec: []
     rec    : [0=1]
     inv    : []

CRS eval_TIFFUnlinkDirectory_30

  * Non Asymptotic Upper Bound: 0 

  * LOOPS eval_TIFFUnlinkDirectory_30 -> eval_TIFFUnlinkDirectory_30

  * Ranking function: N/A

  * Invariants eval_TIFFUnlinkDirectory_30 -> eval_TIFFUnlinkDirectory_30

     entry  : []
     non-rec: []
     rec    : [0=1]
     inv    : []

CRS eval_TIFFUnlinkDirectory_bb11_in

  * Non Asymptotic Upper Bound: 0 

  * LOOPS eval_TIFFUnlinkDirectory_bb11_in -> eval_TIFFUnlinkDirectory_bb11_in

  * Ranking function: N/A

  * Invariants eval_TIFFUnlinkDirectory_bb11_in -> eval_TIFFUnlinkDirectory_bb11_in

     entry  : []
     non-rec: []
     rec    : [0=1]
     inv    : []

CRS eval_TIFFUnlinkDirectory_31

  * Non Asymptotic Upper Bound: 0 

  * LOOPS eval_TIFFUnlinkDirectory_31 -> eval_TIFFUnlinkDirectory_31

  * Ranking function: N/A

  * Invariants eval_TIFFUnlinkDirectory_31 -> eval_TIFFUnlinkDirectory_31

     entry  : []
     non-rec: []
     rec    : [0=1]
     inv    : []

CRS eval_TIFFUnlinkDirectory_32

  * Non Asymptotic Upper Bound: 0 

  * LOOPS eval_TIFFUnlinkDirectory_32 -> eval_TIFFUnlinkDirectory_32

  * Ranking function: N/A

  * Invariants eval_TIFFUnlinkDirectory_32 -> eval_TIFFUnlinkDirectory_32

     entry  : []
     non-rec: []
     rec    : [0=1]
     inv    : []

CRS eval_TIFFUnlinkDirectory_52

  * Non Asymptotic Upper Bound: 0 

  * LOOPS eval_TIFFUnlinkDirectory_52 -> eval_TIFFUnlinkDirectory_52

  * Ranking function: N/A

  * Invariants eval_TIFFUnlinkDirectory_52 -> eval_TIFFUnlinkDirectory_52

     entry  : []
     non-rec: []
     rec    : [0=1]
     inv    : []

CRS eval_TIFFUnlinkDirectory_53

  * Non Asymptotic Upper Bound: 0 

  * LOOPS eval_TIFFUnlinkDirectory_53 -> eval_TIFFUnlinkDirectory_53

  * Ranking function: N/A

  * Invariants eval_TIFFUnlinkDirectory_53 -> eval_TIFFUnlinkDirectory_53

     entry  : []
     non-rec: []
     rec    : [0=1]
     inv    : []

CRS eval_TIFFUnlinkDirectory_33

  * Non Asymptotic Upper Bound: 0 

  * LOOPS eval_TIFFUnlinkDirectory_33 -> eval_TIFFUnlinkDirectory_33

  * Ranking function: N/A

  * Invariants eval_TIFFUnlinkDirectory_33 -> eval_TIFFUnlinkDirectory_33

     entry  : []
     non-rec: []
     rec    : [0=1]
     inv    : []

CRS eval_TIFFUnlinkDirectory_34

  * Non Asymptotic Upper Bound: 0 

  * LOOPS eval_TIFFUnlinkDirectory_34 -> eval_TIFFUnlinkDirectory_34

  * Ranking function: N/A

  * Invariants eval_TIFFUnlinkDirectory_34 -> eval_TIFFUnlinkDirectory_34

     entry  : []
     non-rec: []
     rec    : [0=1]
     inv    : []

CRS eval_TIFFUnlinkDirectory_37

  * Non Asymptotic Upper Bound: 0 

  * LOOPS eval_TIFFUnlinkDirectory_37 -> eval_TIFFUnlinkDirectory_37

  * Ranking function: N/A

  * Invariants eval_TIFFUnlinkDirectory_37 -> eval_TIFFUnlinkDirectory_37

     entry  : []
     non-rec: []
     rec    : [0=1]
     inv    : []

CRS eval_TIFFUnlinkDirectory_38

  * Non Asymptotic Upper Bound: 0 

  * LOOPS eval_TIFFUnlinkDirectory_38 -> eval_TIFFUnlinkDirectory_38

  * Ranking function: N/A

  * Invariants eval_TIFFUnlinkDirectory_38 -> eval_TIFFUnlinkDirectory_38

     entry  : []
     non-rec: []
     rec    : [0=1]
     inv    : []

CRS eval_TIFFUnlinkDirectory_bb15_in

  * Non Asymptotic Upper Bound: 0 

  * LOOPS eval_TIFFUnlinkDirectory_bb15_in -> eval_TIFFUnlinkDirectory_bb15_in

  * Ranking function: N/A

  * Invariants eval_TIFFUnlinkDirectory_bb15_in -> eval_TIFFUnlinkDirectory_bb15_in

     entry  : []
     non-rec: []
     rec    : [0=1]
     inv    : []

CRS eval_TIFFUnlinkDirectory_44

  * Non Asymptotic Upper Bound: 0 

  * LOOPS eval_TIFFUnlinkDirectory_44 -> eval_TIFFUnlinkDirectory_44

  * Ranking function: N/A

  * Invariants eval_TIFFUnlinkDirectory_44 -> eval_TIFFUnlinkDirectory_44

     entry  : []
     non-rec: []
     rec    : [0=1]
     inv    : []

CRS eval_TIFFUnlinkDirectory_45

  * Non Asymptotic Upper Bound: 0 

  * LOOPS eval_TIFFUnlinkDirectory_45 -> eval_TIFFUnlinkDirectory_45

  * Ranking function: N/A

  * Invariants eval_TIFFUnlinkDirectory_45 -> eval_TIFFUnlinkDirectory_45

     entry  : []
     non-rec: []
     rec    : [0=1]
     inv    : []

CRS eval_TIFFUnlinkDirectory_46

  * Non Asymptotic Upper Bound: 0 

  * LOOPS eval_TIFFUnlinkDirectory_46 -> eval_TIFFUnlinkDirectory_46

  * Ranking function: N/A

  * Invariants eval_TIFFUnlinkDirectory_46 -> eval_TIFFUnlinkDirectory_46

     entry  : []
     non-rec: []
     rec    : [0=1]
     inv    : []

CRS eval_TIFFUnlinkDirectory_16(A)

  * Non Asymptotic Upper Bound: 0 

  * LOOPS eval_TIFFUnlinkDirectory_16(B) -> eval_TIFFUnlinkDirectory_16(C)

  * Ranking function: N/A

  * Invariants eval_TIFFUnlinkDirectory_16(A) -> eval_TIFFUnlinkDirectory_16(B)

     entry  : []
     non-rec: [A=B]
     rec    : [0=1]
     inv    : [A=B]

CRS eval_TIFFUnlinkDirectory_17

  * Non Asymptotic Upper Bound: 0 

  * LOOPS eval_TIFFUnlinkDirectory_17 -> eval_TIFFUnlinkDirectory_17

  * Ranking function: N/A

  * Invariants eval_TIFFUnlinkDirectory_17 -> eval_TIFFUnlinkDirectory_17

     entry  : []
     non-rec: []
     rec    : [0=1]
     inv    : []

CRS eval_TIFFUnlinkDirectory_bb3_in(A,B)

  * Non Asymptotic Upper Bound: nat(B) 

  * LOOPS eval_TIFFUnlinkDirectory_bb3_in(C,D) -> eval_TIFFUnlinkDirectory_bb3_in(E,F)
     - [D=F+1,C=E,F>=0]

  * Ranking function: nat(D)

  * Invariants eval_TIFFUnlinkDirectory_bb3_in(A,B) -> eval_TIFFUnlinkDirectory_bb3_in(C,D)

     entry  : [A=B+1]
     non-rec: [A=C,B=D,A=B+1]
     rec    : [A=C,A=B+1,D>=0,A>=D+2]
     inv    : [A>=D+1,A=C,A=B+1]

CRS eval_TIFFUnlinkDirectory_2

  * Non Asymptotic Upper Bound: 0 

  * LOOPS eval_TIFFUnlinkDirectory_2 -> eval_TIFFUnlinkDirectory_2

  * Ranking function: N/A

  * Invariants eval_TIFFUnlinkDirectory_2 -> eval_TIFFUnlinkDirectory_2

     entry  : []
     non-rec: []
     rec    : [0=1]
     inv    : []

CRS eval_TIFFUnlinkDirectory_3

  * Non Asymptotic Upper Bound: 0 

  * LOOPS eval_TIFFUnlinkDirectory_3 -> eval_TIFFUnlinkDirectory_3

  * Ranking function: N/A

  * Invariants eval_TIFFUnlinkDirectory_3 -> eval_TIFFUnlinkDirectory_3

     entry  : []
     non-rec: []
     rec    : [0=1]
     inv    : []

CRS eval_TIFFUnlinkDirectory_bb17_in

  * Non Asymptotic Upper Bound: 0 

  * LOOPS eval_TIFFUnlinkDirectory_bb17_in -> eval_TIFFUnlinkDirectory_bb17_in

  * Ranking function: N/A

  * Invariants eval_TIFFUnlinkDirectory_bb17_in -> eval_TIFFUnlinkDirectory_bb17_in

     entry  : []
     non-rec: []
     rec    : [0=1]
     inv    : []


