This is PUBS, version 0.2.
Copyright (C) 2007, 2008, 2009 UPM, UCM.
This program comes with ABSOLUTELY NO WARRANTY.
This is free software, and you are welcome to
redistribute it under certain conditions.



CRS $pubs_aux_entry$ -- THE MAIN ENTRY

  * Non Asymptotic Upper Bound: 1+nat(c(maximize_failed)) 

  * LOOPS $pubs_aux_entry$ -> $pubs_aux_entry$

  * Ranking function: N/A

  * Invariants $pubs_aux_entry$ -> $pubs_aux_entry$

     entry  : []
     non-rec: []
     rec    : [0=1]
     inv    : []

CRS eval_TIFFDefaultTransferFunction_start

  * Non Asymptotic Upper Bound: 1+nat(c(maximize_failed)) 

  * LOOPS eval_TIFFDefaultTransferFunction_start -> eval_TIFFDefaultTransferFunction_start

  * Ranking function: N/A

  * Invariants eval_TIFFDefaultTransferFunction_start -> eval_TIFFDefaultTransferFunction_start

     entry  : []
     non-rec: []
     rec    : [0=1]
     inv    : []

CRS eval_TIFFDefaultTransferFunction_bb0_in

  * Non Asymptotic Upper Bound: 1+nat(c(maximize_failed)) 

  * LOOPS eval_TIFFDefaultTransferFunction_bb0_in -> eval_TIFFDefaultTransferFunction_bb0_in

  * Ranking function: N/A

  * Invariants eval_TIFFDefaultTransferFunction_bb0_in -> eval_TIFFDefaultTransferFunction_bb0_in

     entry  : []
     non-rec: []
     rec    : [0=1]
     inv    : []

CRS eval_TIFFDefaultTransferFunction_6(A,B)

  * Non Asymptotic Upper Bound: 1+nat(B/2-1) 

  * LOOPS eval_TIFFDefaultTransferFunction_6(C,D) -> eval_TIFFDefaultTransferFunction_6(E,F)

  * Ranking function: N/A

  * Invariants eval_TIFFDefaultTransferFunction_6(A,B) -> eval_TIFFDefaultTransferFunction_6(C,D)

     entry  : [2*A=B]
     non-rec: [A=C,B=D,2*A=B]
     rec    : [0=1]
     inv    : [2*A=B,A=C,2*A=D]

CRS eval_TIFFDefaultTransferFunction_7(A)

  * Non Asymptotic Upper Bound: 1+nat(A-1) 

  * LOOPS eval_TIFFDefaultTransferFunction_7(B) -> eval_TIFFDefaultTransferFunction_7(C)

  * Ranking function: N/A

  * Invariants eval_TIFFDefaultTransferFunction_7(A) -> eval_TIFFDefaultTransferFunction_7(B)

     entry  : []
     non-rec: [A=B]
     rec    : [0=1]
     inv    : [A=B]

CRS loop_cont_eval_TIFFDefaultTransferFunction_bb1_in(A,B,C,D)

  * Non Asymptotic Upper Bound: 0 

  * LOOPS loop_cont_eval_TIFFDefaultTransferFunction_bb1_in(E,F,G,H) -> loop_cont_eval_TIFFDefaultTransferFunction_bb1_in(I,J,K,L)

  * Ranking function: N/A

  * Invariants loop_cont_eval_TIFFDefaultTransferFunction_bb1_in(A,B,C,D) -> loop_cont_eval_TIFFDefaultTransferFunction_bb1_in(E,F,G,H)

     entry  : [3>=A,A>=2]
     non-rec: [A=E,B=F,C=G,D=H,3>=A,A>=2]
     rec    : [0=1]
     inv    : [A>=2,3>=A,A=E,B=F,C=G,D=H]

CRS eval_TIFFDefaultTransferFunction_24(A,B)

  * Non Asymptotic Upper Bound: 0 

  * LOOPS eval_TIFFDefaultTransferFunction_24(C,D) -> eval_TIFFDefaultTransferFunction_24(E,F)

  * Ranking function: N/A

  * Invariants eval_TIFFDefaultTransferFunction_24(A,B) -> eval_TIFFDefaultTransferFunction_24(C,D)

     entry  : []
     non-rec: [A=C,B=D]
     rec    : [0=1]
     inv    : [A=C,B=D]

CRS eval_TIFFDefaultTransferFunction_25(A)

  * Non Asymptotic Upper Bound: 0 

  * LOOPS eval_TIFFDefaultTransferFunction_25(B) -> eval_TIFFDefaultTransferFunction_25(C)

  * Ranking function: N/A

  * Invariants eval_TIFFDefaultTransferFunction_25(A) -> eval_TIFFDefaultTransferFunction_25(B)

     entry  : []
     non-rec: [A=B]
     rec    : [0=1]
     inv    : [A=B]

CRS eval_TIFFDefaultTransferFunction_28(A,B)

  * Non Asymptotic Upper Bound: 0 

  * LOOPS eval_TIFFDefaultTransferFunction_28(C,D) -> eval_TIFFDefaultTransferFunction_28(E,F)

  * Ranking function: N/A

  * Invariants eval_TIFFDefaultTransferFunction_28(A,B) -> eval_TIFFDefaultTransferFunction_28(C,D)

     entry  : [2*A=B]
     non-rec: [A=C,B=D,2*A=B]
     rec    : [0=1]
     inv    : [2*A=B,A=C,2*A=D]

CRS eval_TIFFDefaultTransferFunction_29(A)

  * Non Asymptotic Upper Bound: 0 

  * LOOPS eval_TIFFDefaultTransferFunction_29(B) -> eval_TIFFDefaultTransferFunction_29(C)

  * Ranking function: N/A

  * Invariants eval_TIFFDefaultTransferFunction_29(A) -> eval_TIFFDefaultTransferFunction_29(B)

     entry  : []
     non-rec: [A=B]
     rec    : [0=1]
     inv    : [A=B]

CRS eval_TIFFDefaultTransferFunction_31(A,B)

  * Non Asymptotic Upper Bound: 0 

  * LOOPS eval_TIFFDefaultTransferFunction_31(C,D) -> eval_TIFFDefaultTransferFunction_31(E,F)

  * Ranking function: N/A

  * Invariants eval_TIFFDefaultTransferFunction_31(A,B) -> eval_TIFFDefaultTransferFunction_31(C,D)

     entry  : [2*A=B]
     non-rec: [A=C,B=D,2*A=B]
     rec    : [0=1]
     inv    : [2*A=B,A=C,2*A=D]

CRS eval_TIFFDefaultTransferFunction_32(A)

  * Non Asymptotic Upper Bound: 0 

  * LOOPS eval_TIFFDefaultTransferFunction_32(B) -> eval_TIFFDefaultTransferFunction_32(C)

  * Ranking function: N/A

  * Invariants eval_TIFFDefaultTransferFunction_32(A) -> eval_TIFFDefaultTransferFunction_32(B)

     entry  : []
     non-rec: [A=B]
     rec    : [0=1]
     inv    : [A=B]

CRS eval_TIFFDefaultTransferFunction_35(A)

  * Non Asymptotic Upper Bound: 0 

  * LOOPS eval_TIFFDefaultTransferFunction_35(B) -> eval_TIFFDefaultTransferFunction_35(C)

  * Ranking function: N/A

  * Invariants eval_TIFFDefaultTransferFunction_35(A) -> eval_TIFFDefaultTransferFunction_35(B)

     entry  : []
     non-rec: [A=B]
     rec    : [0=1]
     inv    : [A=B]

CRS eval_TIFFDefaultTransferFunction_36

  * Non Asymptotic Upper Bound: 0 

  * LOOPS eval_TIFFDefaultTransferFunction_36 -> eval_TIFFDefaultTransferFunction_36

  * Ranking function: N/A

  * Invariants eval_TIFFDefaultTransferFunction_36 -> eval_TIFFDefaultTransferFunction_36

     entry  : []
     non-rec: []
     rec    : [0=1]
     inv    : []

CRS eval_TIFFDefaultTransferFunction_bb5_in

  * Non Asymptotic Upper Bound: 0 

  * LOOPS eval_TIFFDefaultTransferFunction_bb5_in -> eval_TIFFDefaultTransferFunction_bb5_in

  * Ranking function: N/A

  * Invariants eval_TIFFDefaultTransferFunction_bb5_in -> eval_TIFFDefaultTransferFunction_bb5_in

     entry  : []
     non-rec: []
     rec    : [0=1]
     inv    : []

CRS eval_TIFFDefaultTransferFunction_bb1_in(A,B)

  * Non Asymptotic Upper Bound: nat(A-B) 

  * LOOPS eval_TIFFDefaultTransferFunction_bb1_in(C,D) -> eval_TIFFDefaultTransferFunction_bb1_in(E,F)
     - [D+1=F,C=E,C>=D+1]

  * Ranking function: nat(C-D)

  * Invariants eval_TIFFDefaultTransferFunction_bb1_in(A,B) -> eval_TIFFDefaultTransferFunction_bb1_in(C,D)

     entry  : [B=1]
     non-rec: [A=C,B=D,B=1]
     rec    : [A=C,B=1,A>=D,D>=2]
     inv    : [D>=1,A=C,B=1]


