This is PUBS, version 0.2.
Copyright (C) 2007, 2008, 2009 UPM, UCM.
This program comes with ABSOLUTELY NO WARRANTY.
This is free software, and you are welcome to
redistribute it under certain conditions.



CRS $pubs_aux_entry$ -- THE MAIN ENTRY

  * Non Asymptotic Upper Bound: 1+c(failed(schemes_failed,[scc=0,cr=eval_start_input_gif_bb20_in/0])) 

  * LOOPS $pubs_aux_entry$ -> $pubs_aux_entry$

  * Ranking function: N/A

  * Invariants $pubs_aux_entry$ -> $pubs_aux_entry$

     entry  : []
     non-rec: []
     rec    : [0=1]
     inv    : []

CRS eval_start_input_gif_start

  * Non Asymptotic Upper Bound: 1+c(failed(schemes_failed,[scc=0,cr=eval_start_input_gif_bb20_in/0])) 

  * LOOPS eval_start_input_gif_start -> eval_start_input_gif_start

  * Ranking function: N/A

  * Invariants eval_start_input_gif_start -> eval_start_input_gif_start

     entry  : []
     non-rec: []
     rec    : [0=1]
     inv    : []

CRS eval_start_input_gif_bb0_in

  * Non Asymptotic Upper Bound: 1+c(failed(schemes_failed,[scc=0,cr=eval_start_input_gif_bb20_in/0])) 

  * LOOPS eval_start_input_gif_bb0_in -> eval_start_input_gif_bb0_in

  * Ranking function: N/A

  * Invariants eval_start_input_gif_bb0_in -> eval_start_input_gif_bb0_in

     entry  : []
     non-rec: []
     rec    : [0=1]
     inv    : []

CRS eval_start_input_gif_0

  * Non Asymptotic Upper Bound: 1+c(failed(schemes_failed,[scc=0,cr=eval_start_input_gif_bb20_in/0])) 

  * LOOPS eval_start_input_gif_0 -> eval_start_input_gif_0

  * Ranking function: N/A

  * Invariants eval_start_input_gif_0 -> eval_start_input_gif_0

     entry  : []
     non-rec: []
     rec    : [0=1]
     inv    : []

CRS eval_start_input_gif_1

  * Non Asymptotic Upper Bound: 1+c(failed(schemes_failed,[scc=0,cr=eval_start_input_gif_bb20_in/0])) 

  * LOOPS eval_start_input_gif_1 -> eval_start_input_gif_1

  * Ranking function: N/A

  * Invariants eval_start_input_gif_1 -> eval_start_input_gif_1

     entry  : []
     non-rec: []
     rec    : [0=1]
     inv    : []

CRS eval_start_input_gif_2

  * Non Asymptotic Upper Bound: 1+c(failed(schemes_failed,[scc=0,cr=eval_start_input_gif_bb20_in/0])) 

  * LOOPS eval_start_input_gif_2 -> eval_start_input_gif_2

  * Ranking function: N/A

  * Invariants eval_start_input_gif_2 -> eval_start_input_gif_2

     entry  : []
     non-rec: []
     rec    : [0=1]
     inv    : []

CRS eval_start_input_gif_3

  * Non Asymptotic Upper Bound: 1+c(failed(schemes_failed,[scc=0,cr=eval_start_input_gif_bb20_in/0])) 

  * LOOPS eval_start_input_gif_3 -> eval_start_input_gif_3

  * Ranking function: N/A

  * Invariants eval_start_input_gif_3 -> eval_start_input_gif_3

     entry  : []
     non-rec: []
     rec    : [0=1]
     inv    : []

CRS eval_start_input_gif_5

  * Non Asymptotic Upper Bound: 1+c(failed(schemes_failed,[scc=0,cr=eval_start_input_gif_bb20_in/0])) 

  * LOOPS eval_start_input_gif_5 -> eval_start_input_gif_5

  * Ranking function: N/A

  * Invariants eval_start_input_gif_5 -> eval_start_input_gif_5

     entry  : []
     non-rec: []
     rec    : [0=1]
     inv    : []

CRS eval_start_input_gif_6

  * Non Asymptotic Upper Bound: 1+c(failed(schemes_failed,[scc=0,cr=eval_start_input_gif_bb20_in/0])) 

  * LOOPS eval_start_input_gif_6 -> eval_start_input_gif_6

  * Ranking function: N/A

  * Invariants eval_start_input_gif_6 -> eval_start_input_gif_6

     entry  : []
     non-rec: []
     rec    : [0=1]
     inv    : []

CRS eval_start_input_gif_bb2_in

  * Non Asymptotic Upper Bound: 1+c(failed(schemes_failed,[scc=0,cr=eval_start_input_gif_bb20_in/0])) 

  * LOOPS eval_start_input_gif_bb2_in -> eval_start_input_gif_bb2_in

  * Ranking function: N/A

  * Invariants eval_start_input_gif_bb2_in -> eval_start_input_gif_bb2_in

     entry  : []
     non-rec: []
     rec    : [0=1]
     inv    : []

CRS eval_start_input_gif_bb5_in

  * Non Asymptotic Upper Bound: 1+c(failed(schemes_failed,[scc=0,cr=eval_start_input_gif_bb20_in/0])) 

  * LOOPS eval_start_input_gif_bb5_in -> eval_start_input_gif_bb5_in

  * Ranking function: N/A

  * Invariants eval_start_input_gif_bb5_in -> eval_start_input_gif_bb5_in

     entry  : []
     non-rec: []
     rec    : [0=1]
     inv    : []

CRS eval_start_input_gif_17

  * Non Asymptotic Upper Bound: 1+c(failed(schemes_failed,[scc=0,cr=eval_start_input_gif_bb20_in/0])) 

  * LOOPS eval_start_input_gif_17 -> eval_start_input_gif_17

  * Ranking function: N/A

  * Invariants eval_start_input_gif_17 -> eval_start_input_gif_17

     entry  : []
     non-rec: []
     rec    : [0=1]
     inv    : []

CRS eval_start_input_gif_18

  * Non Asymptotic Upper Bound: 1+c(failed(schemes_failed,[scc=0,cr=eval_start_input_gif_bb20_in/0])) 

  * LOOPS eval_start_input_gif_18 -> eval_start_input_gif_18

  * Ranking function: N/A

  * Invariants eval_start_input_gif_18 -> eval_start_input_gif_18

     entry  : []
     non-rec: []
     rec    : [0=1]
     inv    : []

CRS eval_start_input_gif_bb6_in

  * Non Asymptotic Upper Bound: 1+c(failed(schemes_failed,[scc=0,cr=eval_start_input_gif_bb20_in/0])) 

  * LOOPS eval_start_input_gif_bb6_in -> eval_start_input_gif_bb6_in

  * Ranking function: N/A

  * Invariants eval_start_input_gif_bb6_in -> eval_start_input_gif_bb6_in

     entry  : []
     non-rec: []
     rec    : [0=1]
     inv    : []

CRS eval_start_input_gif_bb9_in

  * Non Asymptotic Upper Bound: 1+c(failed(schemes_failed,[scc=0,cr=eval_start_input_gif_bb20_in/0])) 

  * LOOPS eval_start_input_gif_bb9_in -> eval_start_input_gif_bb9_in

  * Ranking function: N/A

  * Invariants eval_start_input_gif_bb9_in -> eval_start_input_gif_bb9_in

     entry  : []
     non-rec: []
     rec    : [0=1]
     inv    : []

CRS eval_start_input_gif_bb12_in

  * Non Asymptotic Upper Bound: 1+c(failed(schemes_failed,[scc=0,cr=eval_start_input_gif_bb20_in/0])) 

  * LOOPS eval_start_input_gif_bb12_in -> eval_start_input_gif_bb12_in

  * Ranking function: N/A

  * Invariants eval_start_input_gif_bb12_in -> eval_start_input_gif_bb12_in

     entry  : []
     non-rec: []
     rec    : [0=1]
     inv    : []

CRS eval_start_input_gif_47

  * Non Asymptotic Upper Bound: 1+c(failed(schemes_failed,[scc=0,cr=eval_start_input_gif_bb20_in/0])) 

  * LOOPS eval_start_input_gif_47 -> eval_start_input_gif_47

  * Ranking function: N/A

  * Invariants eval_start_input_gif_47 -> eval_start_input_gif_47

     entry  : []
     non-rec: []
     rec    : [0=1]
     inv    : []

CRS eval_start_input_gif_48

  * Non Asymptotic Upper Bound: 1+c(failed(schemes_failed,[scc=0,cr=eval_start_input_gif_bb20_in/0])) 

  * LOOPS eval_start_input_gif_48 -> eval_start_input_gif_48

  * Ranking function: N/A

  * Invariants eval_start_input_gif_48 -> eval_start_input_gif_48

     entry  : []
     non-rec: []
     rec    : [0=1]
     inv    : []

CRS eval_start_input_gif_bb13_in

  * Non Asymptotic Upper Bound: 1+c(failed(schemes_failed,[scc=0,cr=eval_start_input_gif_bb20_in/0])) 

  * LOOPS eval_start_input_gif_bb13_in -> eval_start_input_gif_bb13_in

  * Ranking function: N/A

  * Invariants eval_start_input_gif_bb13_in -> eval_start_input_gif_bb13_in

     entry  : []
     non-rec: []
     rec    : [0=1]
     inv    : []

CRS eval_start_input_gif_49

  * Non Asymptotic Upper Bound: 1+c(failed(schemes_failed,[scc=0,cr=eval_start_input_gif_bb20_in/0])) 

  * LOOPS eval_start_input_gif_49 -> eval_start_input_gif_49

  * Ranking function: N/A

  * Invariants eval_start_input_gif_49 -> eval_start_input_gif_49

     entry  : []
     non-rec: []
     rec    : [0=1]
     inv    : []

CRS eval_start_input_gif_50

  * Non Asymptotic Upper Bound: 1+c(failed(schemes_failed,[scc=0,cr=eval_start_input_gif_bb20_in/0])) 

  * LOOPS eval_start_input_gif_50 -> eval_start_input_gif_50

  * Ranking function: N/A

  * Invariants eval_start_input_gif_50 -> eval_start_input_gif_50

     entry  : []
     non-rec: []
     rec    : [0=1]
     inv    : []

CRS eval_start_input_gif_52

  * Non Asymptotic Upper Bound: 1+c(failed(schemes_failed,[scc=0,cr=eval_start_input_gif_bb20_in/0])) 

  * LOOPS eval_start_input_gif_52 -> eval_start_input_gif_52

  * Ranking function: N/A

  * Invariants eval_start_input_gif_52 -> eval_start_input_gif_52

     entry  : []
     non-rec: []
     rec    : [0=1]
     inv    : []

CRS eval_start_input_gif_53

  * Non Asymptotic Upper Bound: 1+c(failed(schemes_failed,[scc=0,cr=eval_start_input_gif_bb20_in/0])) 

  * LOOPS eval_start_input_gif_53 -> eval_start_input_gif_53

  * Ranking function: N/A

  * Invariants eval_start_input_gif_53 -> eval_start_input_gif_53

     entry  : []
     non-rec: []
     rec    : [0=1]
     inv    : []

CRS eval_start_input_gif_bb15_in

  * Non Asymptotic Upper Bound: 1+c(failed(schemes_failed,[scc=0,cr=eval_start_input_gif_bb20_in/0])) 

  * LOOPS eval_start_input_gif_bb15_in -> eval_start_input_gif_bb15_in

  * Ranking function: N/A

  * Invariants eval_start_input_gif_bb15_in -> eval_start_input_gif_bb15_in

     entry  : []
     non-rec: []
     rec    : [0=1]
     inv    : []

CRS eval_start_input_gif_NewDefault_in(A)

  * Non Asymptotic Upper Bound: 1+c(failed(schemes_failed,[scc=0,cr=eval_start_input_gif_bb20_in/0])) 

  * LOOPS eval_start_input_gif_NewDefault_in(B) -> eval_start_input_gif_NewDefault_in(C)

  * Ranking function: N/A

  * Invariants eval_start_input_gif_NewDefault_in(A) -> eval_start_input_gif_NewDefault_in(B)

     entry  : []
     non-rec: [A=B]
     rec    : [0=1]
     inv    : [A=B]

CRS eval_start_input_gif_63(A)

  * Non Asymptotic Upper Bound: 1+c(failed(schemes_failed,[scc=0,cr=eval_start_input_gif_bb20_in/0])) 

  * LOOPS eval_start_input_gif_63(B) -> eval_start_input_gif_63(C)

  * Ranking function: N/A

  * Invariants eval_start_input_gif_63(A) -> eval_start_input_gif_63(B)

     entry  : []
     non-rec: [A=B]
     rec    : [0=1]
     inv    : [A=B]

CRS eval_start_input_gif_64(A)

  * Non Asymptotic Upper Bound: 1+c(failed(schemes_failed,[scc=0,cr=eval_start_input_gif_bb20_in/0])) 

  * LOOPS eval_start_input_gif_64(B) -> eval_start_input_gif_64(C)

  * Ranking function: N/A

  * Invariants eval_start_input_gif_64(A) -> eval_start_input_gif_64(B)

     entry  : []
     non-rec: [A=B]
     rec    : [0=1]
     inv    : [A=B]

CRS eval_start_input_gif_bb17_in(A)

  * Non Asymptotic Upper Bound: 1+c(failed(schemes_failed,[scc=0,cr=eval_start_input_gif_bb20_in/0])) 

  * LOOPS eval_start_input_gif_bb17_in(B) -> eval_start_input_gif_bb17_in(C)

  * Ranking function: N/A

  * Invariants eval_start_input_gif_bb17_in(A) -> eval_start_input_gif_bb17_in(B)

     entry  : []
     non-rec: [A=B]
     rec    : [0=1]
     inv    : [A=B]

CRS eval_start_input_gif_69(A)

  * Non Asymptotic Upper Bound: 1+c(failed(schemes_failed,[scc=0,cr=eval_start_input_gif_bb20_in/0])) 

  * LOOPS eval_start_input_gif_69(B) -> eval_start_input_gif_69(C)

  * Ranking function: N/A

  * Invariants eval_start_input_gif_69(A) -> eval_start_input_gif_69(B)

     entry  : []
     non-rec: [A=B]
     rec    : [0=1]
     inv    : [A=B]

CRS eval_start_input_gif_70

  * Non Asymptotic Upper Bound: 1+c(failed(schemes_failed,[scc=0,cr=eval_start_input_gif_bb20_in/0])) 

  * LOOPS eval_start_input_gif_70 -> eval_start_input_gif_70

  * Ranking function: N/A

  * Invariants eval_start_input_gif_70 -> eval_start_input_gif_70

     entry  : []
     non-rec: []
     rec    : [0=1]
     inv    : []

CRS eval_start_input_gif_bb19_in

  * Non Asymptotic Upper Bound: 1+c(failed(schemes_failed,[scc=0,cr=eval_start_input_gif_bb20_in/0])) 

  * LOOPS eval_start_input_gif_bb19_in -> eval_start_input_gif_bb19_in

  * Ranking function: N/A

  * Invariants eval_start_input_gif_bb19_in -> eval_start_input_gif_bb19_in

     entry  : []
     non-rec: []
     rec    : [0=1]
     inv    : []

CRS loop_cont_eval_start_input_gif_bb20_in(A,B)

  * Non Asymptotic Upper Bound: 0 

  * LOOPS loop_cont_eval_start_input_gif_bb20_in(C,D) -> loop_cont_eval_start_input_gif_bb20_in(E,F)

  * Ranking function: N/A

  * Invariants loop_cont_eval_start_input_gif_bb20_in(A,B) -> loop_cont_eval_start_input_gif_bb20_in(C,D)

     entry  : []
     non-rec: [A=C,B=D]
     rec    : [0=1]
     inv    : [A=C,B=D]

CRS eval_start_input_gif_75

  * Non Asymptotic Upper Bound: 0 

  * LOOPS eval_start_input_gif_75 -> eval_start_input_gif_75

  * Ranking function: N/A

  * Invariants eval_start_input_gif_75 -> eval_start_input_gif_75

     entry  : []
     non-rec: []
     rec    : [0=1]
     inv    : []

CRS eval_start_input_gif_76

  * Non Asymptotic Upper Bound: 0 

  * LOOPS eval_start_input_gif_76 -> eval_start_input_gif_76

  * Ranking function: N/A

  * Invariants eval_start_input_gif_76 -> eval_start_input_gif_76

     entry  : []
     non-rec: []
     rec    : [0=1]
     inv    : []

CRS eval_start_input_gif_78

  * Non Asymptotic Upper Bound: 0 

  * LOOPS eval_start_input_gif_78 -> eval_start_input_gif_78

  * Ranking function: N/A

  * Invariants eval_start_input_gif_78 -> eval_start_input_gif_78

     entry  : []
     non-rec: []
     rec    : [0=1]
     inv    : []

CRS eval_start_input_gif_79

  * Non Asymptotic Upper Bound: 0 

  * LOOPS eval_start_input_gif_79 -> eval_start_input_gif_79

  * Ranking function: N/A

  * Invariants eval_start_input_gif_79 -> eval_start_input_gif_79

     entry  : []
     non-rec: []
     rec    : [0=1]
     inv    : []

CRS eval_start_input_gif_bb24_in

  * Non Asymptotic Upper Bound: 0 

  * LOOPS eval_start_input_gif_bb24_in -> eval_start_input_gif_bb24_in

  * Ranking function: N/A

  * Invariants eval_start_input_gif_bb24_in -> eval_start_input_gif_bb24_in

     entry  : []
     non-rec: []
     rec    : [0=1]
     inv    : []

CRS eval_start_input_gif_108(A)

  * Non Asymptotic Upper Bound: 0 

  * LOOPS eval_start_input_gif_108(B) -> eval_start_input_gif_108(C)

  * Ranking function: N/A

  * Invariants eval_start_input_gif_108(A) -> eval_start_input_gif_108(B)

     entry  : []
     non-rec: [A=B]
     rec    : [0=1]
     inv    : [A=B]

CRS eval_start_input_gif_109

  * Non Asymptotic Upper Bound: 0 

  * LOOPS eval_start_input_gif_109 -> eval_start_input_gif_109

  * Ranking function: N/A

  * Invariants eval_start_input_gif_109 -> eval_start_input_gif_109

     entry  : []
     non-rec: []
     rec    : [0=1]
     inv    : []

CRS eval_start_input_gif_bb26_in

  * Non Asymptotic Upper Bound: 0 

  * LOOPS eval_start_input_gif_bb26_in -> eval_start_input_gif_bb26_in

  * Ranking function: N/A

  * Invariants eval_start_input_gif_bb26_in -> eval_start_input_gif_bb26_in

     entry  : []
     non-rec: []
     rec    : [0=1]
     inv    : []

CRS eval_start_input_gif_110

  * Non Asymptotic Upper Bound: 0 

  * LOOPS eval_start_input_gif_110 -> eval_start_input_gif_110

  * Ranking function: N/A

  * Invariants eval_start_input_gif_110 -> eval_start_input_gif_110

     entry  : []
     non-rec: []
     rec    : [0=1]
     inv    : []

CRS eval_start_input_gif_111

  * Non Asymptotic Upper Bound: 0 

  * LOOPS eval_start_input_gif_111 -> eval_start_input_gif_111

  * Ranking function: N/A

  * Invariants eval_start_input_gif_111 -> eval_start_input_gif_111

     entry  : []
     non-rec: []
     rec    : [0=1]
     inv    : []

CRS eval_start_input_gif_bb28_in

  * Non Asymptotic Upper Bound: 0 

  * LOOPS eval_start_input_gif_bb28_in -> eval_start_input_gif_bb28_in

  * Ranking function: N/A

  * Invariants eval_start_input_gif_bb28_in -> eval_start_input_gif_bb28_in

     entry  : []
     non-rec: []
     rec    : [0=1]
     inv    : []

CRS eval_start_input_gif_119

  * Non Asymptotic Upper Bound: 0 

  * LOOPS eval_start_input_gif_119 -> eval_start_input_gif_119

  * Ranking function: N/A

  * Invariants eval_start_input_gif_119 -> eval_start_input_gif_119

     entry  : []
     non-rec: []
     rec    : [0=1]
     inv    : []

CRS eval_start_input_gif_120

  * Non Asymptotic Upper Bound: 0 

  * LOOPS eval_start_input_gif_120 -> eval_start_input_gif_120

  * Ranking function: N/A

  * Invariants eval_start_input_gif_120 -> eval_start_input_gif_120

     entry  : []
     non-rec: []
     rec    : [0=1]
     inv    : []

CRS eval_start_input_gif_bb29_in

  * Non Asymptotic Upper Bound: 0 

  * LOOPS eval_start_input_gif_bb29_in -> eval_start_input_gif_bb29_in

  * Ranking function: N/A

  * Invariants eval_start_input_gif_bb29_in -> eval_start_input_gif_bb29_in

     entry  : []
     non-rec: []
     rec    : [0=1]
     inv    : []

CRS eval_start_input_gif_121

  * Non Asymptotic Upper Bound: 0 

  * LOOPS eval_start_input_gif_121 -> eval_start_input_gif_121

  * Ranking function: N/A

  * Invariants eval_start_input_gif_121 -> eval_start_input_gif_121

     entry  : []
     non-rec: []
     rec    : [0=1]
     inv    : []

CRS eval_start_input_gif_122

  * Non Asymptotic Upper Bound: 0 

  * LOOPS eval_start_input_gif_122 -> eval_start_input_gif_122

  * Ranking function: N/A

  * Invariants eval_start_input_gif_122 -> eval_start_input_gif_122

     entry  : []
     non-rec: []
     rec    : [0=1]
     inv    : []

CRS eval_start_input_gif_123

  * Non Asymptotic Upper Bound: 0 

  * LOOPS eval_start_input_gif_123 -> eval_start_input_gif_123

  * Ranking function: N/A

  * Invariants eval_start_input_gif_123 -> eval_start_input_gif_123

     entry  : []
     non-rec: []
     rec    : [0=1]
     inv    : []

CRS eval_start_input_gif_124

  * Non Asymptotic Upper Bound: 0 

  * LOOPS eval_start_input_gif_124 -> eval_start_input_gif_124

  * Ranking function: N/A

  * Invariants eval_start_input_gif_124 -> eval_start_input_gif_124

     entry  : []
     non-rec: []
     rec    : [0=1]
     inv    : []

CRS eval_start_input_gif_125

  * Non Asymptotic Upper Bound: 0 

  * LOOPS eval_start_input_gif_125 -> eval_start_input_gif_125

  * Ranking function: N/A

  * Invariants eval_start_input_gif_125 -> eval_start_input_gif_125

     entry  : []
     non-rec: []
     rec    : [0=1]
     inv    : []

CRS eval_start_input_gif_126

  * Non Asymptotic Upper Bound: 0 

  * LOOPS eval_start_input_gif_126 -> eval_start_input_gif_126

  * Ranking function: N/A

  * Invariants eval_start_input_gif_126 -> eval_start_input_gif_126

     entry  : []
     non-rec: []
     rec    : [0=1]
     inv    : []

CRS eval_start_input_gif_127

  * Non Asymptotic Upper Bound: 0 

  * LOOPS eval_start_input_gif_127 -> eval_start_input_gif_127

  * Ranking function: N/A

  * Invariants eval_start_input_gif_127 -> eval_start_input_gif_127

     entry  : []
     non-rec: []
     rec    : [0=1]
     inv    : []

CRS eval_start_input_gif_128

  * Non Asymptotic Upper Bound: 0 

  * LOOPS eval_start_input_gif_128 -> eval_start_input_gif_128

  * Ranking function: N/A

  * Invariants eval_start_input_gif_128 -> eval_start_input_gif_128

     entry  : []
     non-rec: []
     rec    : [0=1]
     inv    : []

CRS eval_start_input_gif_130

  * Non Asymptotic Upper Bound: 0 

  * LOOPS eval_start_input_gif_130 -> eval_start_input_gif_130

  * Ranking function: N/A

  * Invariants eval_start_input_gif_130 -> eval_start_input_gif_130

     entry  : []
     non-rec: []
     rec    : [0=1]
     inv    : []

CRS eval_start_input_gif_131

  * Non Asymptotic Upper Bound: 0 

  * LOOPS eval_start_input_gif_131 -> eval_start_input_gif_131

  * Ranking function: N/A

  * Invariants eval_start_input_gif_131 -> eval_start_input_gif_131

     entry  : []
     non-rec: []
     rec    : [0=1]
     inv    : []

CRS eval_start_input_gif_bb32_in

  * Non Asymptotic Upper Bound: 0 

  * LOOPS eval_start_input_gif_bb32_in -> eval_start_input_gif_bb32_in

  * Ranking function: N/A

  * Invariants eval_start_input_gif_bb32_in -> eval_start_input_gif_bb32_in

     entry  : []
     non-rec: []
     rec    : [0=1]
     inv    : []

CRS eval_start_input_gif_bb34_in

  * Non Asymptotic Upper Bound: 0 

  * LOOPS eval_start_input_gif_bb34_in -> eval_start_input_gif_bb34_in

  * Ranking function: N/A

  * Invariants eval_start_input_gif_bb34_in -> eval_start_input_gif_bb34_in

     entry  : []
     non-rec: []
     rec    : [0=1]
     inv    : []

CRS eval_start_input_gif_142

  * Non Asymptotic Upper Bound: 0 

  * LOOPS eval_start_input_gif_142 -> eval_start_input_gif_142

  * Ranking function: N/A

  * Invariants eval_start_input_gif_142 -> eval_start_input_gif_142

     entry  : []
     non-rec: []
     rec    : [0=1]
     inv    : []

CRS eval_start_input_gif_143

  * Non Asymptotic Upper Bound: 0 

  * LOOPS eval_start_input_gif_143 -> eval_start_input_gif_143

  * Ranking function: N/A

  * Invariants eval_start_input_gif_143 -> eval_start_input_gif_143

     entry  : []
     non-rec: []
     rec    : [0=1]
     inv    : []

CRS eval_start_input_gif_154

  * Non Asymptotic Upper Bound: 0 

  * LOOPS eval_start_input_gif_154 -> eval_start_input_gif_154

  * Ranking function: N/A

  * Invariants eval_start_input_gif_154 -> eval_start_input_gif_154

     entry  : []
     non-rec: []
     rec    : [0=1]
     inv    : []

CRS eval_start_input_gif_155

  * Non Asymptotic Upper Bound: 0 

  * LOOPS eval_start_input_gif_155 -> eval_start_input_gif_155

  * Ranking function: N/A

  * Invariants eval_start_input_gif_155 -> eval_start_input_gif_155

     entry  : []
     non-rec: []
     rec    : [0=1]
     inv    : []

CRS eval_start_input_gif_bb20_in

  * Non Asymptotic Upper Bound: c(failed(schemes_failed,[scc=0,cr=eval_start_input_gif_bb20_in/0])) 

  * LOOPS eval_start_input_gif_bb20_in -> eval_start_input_gif_bb20_in
     - []
     - []
     - []

  * Ranking function: c(failed(no_rf,[scc=0,cr=eval_start_input_gif_bb20_in/0]))

  * Invariants eval_start_input_gif_bb20_in -> eval_start_input_gif_bb20_in

     entry  : []
     non-rec: []
     rec    : []
     inv    : []


