This is PUBS, version 0.2.
Copyright (C) 2007, 2008, 2009 UPM, UCM.
This program comes with ABSOLUTELY NO WARRANTY.
This is free software, and you are welcome to
redistribute it under certain conditions.



CRS $pubs_aux_entry$ -- THE MAIN ENTRY

  * Non Asymptotic Upper Bound: 2+c(failed(schemes_failed,[scc=1,cr=eval_calc_noise1_bb1_in/1]))+c(failed(schemes_failed,[scc=9,cr=eval_calc_noise1_bb19_in/1])) 

  * LOOPS $pubs_aux_entry$ -> $pubs_aux_entry$

  * Ranking function: N/A

  * Invariants $pubs_aux_entry$ -> $pubs_aux_entry$

     entry  : []
     non-rec: []
     rec    : [0=1]
     inv    : []

CRS eval_calc_noise1_start

  * Non Asymptotic Upper Bound: 2+c(failed(schemes_failed,[scc=1,cr=eval_calc_noise1_bb1_in/1]))+c(failed(schemes_failed,[scc=9,cr=eval_calc_noise1_bb19_in/1])) 

  * LOOPS eval_calc_noise1_start -> eval_calc_noise1_start

  * Ranking function: N/A

  * Invariants eval_calc_noise1_start -> eval_calc_noise1_start

     entry  : []
     non-rec: []
     rec    : [0=1]
     inv    : []

CRS eval_calc_noise1_bb0_in

  * Non Asymptotic Upper Bound: 2+c(failed(schemes_failed,[scc=1,cr=eval_calc_noise1_bb1_in/1]))+c(failed(schemes_failed,[scc=9,cr=eval_calc_noise1_bb19_in/1])) 

  * LOOPS eval_calc_noise1_bb0_in -> eval_calc_noise1_bb0_in

  * Ranking function: N/A

  * Invariants eval_calc_noise1_bb0_in -> eval_calc_noise1_bb0_in

     entry  : []
     non-rec: []
     rec    : [0=1]
     inv    : []

CRS loop_cont_eval_calc_noise1_bb1_in(A,B,C)

  * Non Asymptotic Upper Bound: 1+c(failed(schemes_failed,[scc=9,cr=eval_calc_noise1_bb19_in/1])) 

  * LOOPS loop_cont_eval_calc_noise1_bb1_in(D,E,F) -> loop_cont_eval_calc_noise1_bb1_in(G,H,I)

  * Ranking function: N/A

  * Invariants loop_cont_eval_calc_noise1_bb1_in(A,B,C) -> loop_cont_eval_calc_noise1_bb1_in(D,E,F)

     entry  : []
     non-rec: [A=D,B=E,C=F]
     rec    : [0=1]
     inv    : [A=D,B=E,C=F]

CRS loop_cont_eval_calc_noise1_bb19_in(A,B)

  * Non Asymptotic Upper Bound: 0 

  * LOOPS loop_cont_eval_calc_noise1_bb19_in(C,D) -> loop_cont_eval_calc_noise1_bb19_in(E,F)

  * Ranking function: N/A

  * Invariants loop_cont_eval_calc_noise1_bb19_in(A,B) -> loop_cont_eval_calc_noise1_bb19_in(C,D)

     entry  : []
     non-rec: [A=C,B=D]
     rec    : [0=1]
     inv    : [A=C,B=D]

CRS eval_calc_noise1_bb39_in

  * Non Asymptotic Upper Bound: 0 

  * LOOPS eval_calc_noise1_bb39_in -> eval_calc_noise1_bb39_in

  * Ranking function: N/A

  * Invariants eval_calc_noise1_bb39_in -> eval_calc_noise1_bb39_in

     entry  : []
     non-rec: []
     rec    : [0=1]
     inv    : []

CRS eval_calc_noise1_bb41_in

  * Non Asymptotic Upper Bound: 0 

  * LOOPS eval_calc_noise1_bb41_in -> eval_calc_noise1_bb41_in

  * Ranking function: N/A

  * Invariants eval_calc_noise1_bb41_in -> eval_calc_noise1_bb41_in

     entry  : []
     non-rec: []
     rec    : [0=1]
     inv    : []

CRS eval_calc_noise1_127

  * Non Asymptotic Upper Bound: 0 

  * LOOPS eval_calc_noise1_127 -> eval_calc_noise1_127

  * Ranking function: N/A

  * Invariants eval_calc_noise1_127 -> eval_calc_noise1_127

     entry  : []
     non-rec: []
     rec    : [0=1]
     inv    : []

CRS eval_calc_noise1_128

  * Non Asymptotic Upper Bound: 0 

  * LOOPS eval_calc_noise1_128 -> eval_calc_noise1_128

  * Ranking function: N/A

  * Invariants eval_calc_noise1_128 -> eval_calc_noise1_128

     entry  : []
     non-rec: []
     rec    : [0=1]
     inv    : []

CRS eval_calc_noise1_125

  * Non Asymptotic Upper Bound: 0 

  * LOOPS eval_calc_noise1_125 -> eval_calc_noise1_125

  * Ranking function: N/A

  * Invariants eval_calc_noise1_125 -> eval_calc_noise1_125

     entry  : []
     non-rec: []
     rec    : [0=1]
     inv    : []

CRS eval_calc_noise1_126

  * Non Asymptotic Upper Bound: 0 

  * LOOPS eval_calc_noise1_126 -> eval_calc_noise1_126

  * Ranking function: N/A

  * Invariants eval_calc_noise1_126 -> eval_calc_noise1_126

     entry  : []
     non-rec: []
     rec    : [0=1]
     inv    : []

CRS eval_calc_noise1_bb19_in(A)

  * Non Asymptotic Upper Bound: c(failed(schemes_failed,[scc=9,cr=eval_calc_noise1_bb19_in/1])) 

  * LOOPS eval_calc_noise1_bb19_in(B) -> eval_calc_noise1_bb19_in(C)
     - [2>=B]

  * Ranking function: c(failed(no_rf,[scc=9,cr=eval_calc_noise1_bb19_in/1]))

  * Invariants eval_calc_noise1_bb19_in(A) -> eval_calc_noise1_bb19_in(B)

     entry  : []
     non-rec: [A=B]
     rec    : [2>=A]
     inv    : []

CRS eval_calc_noise1_bb21_in(A,B)

  * Non Asymptotic Upper Bound: c(failed(schemes_failed,[scc=8,cr=eval_calc_noise1_bb21_in/2])) 

  * LOOPS eval_calc_noise1_bb21_in(C,D) -> eval_calc_noise1_bb21_in(E,F)
     - [11>=D]

  * Ranking function: c(failed(no_rf,[scc=8,cr=eval_calc_noise1_bb21_in/2]))

  * Invariants eval_calc_noise1_bb21_in(A,B) -> eval_calc_noise1_bb21_in(C,D)

     entry  : [2>=A]
     non-rec: [A=C,B=D,2>=A]
     rec    : [2>=A,11>=B]
     inv    : [2>=A]

CRS eval_calc_noise1_bb25_in(A,B,C,D)

  * Non Asymptotic Upper Bound: nat(C-D) 

  * LOOPS eval_calc_noise1_bb25_in(E,F,G,H) -> eval_calc_noise1_bb25_in(I,J,K,L)
     - [H+1=L,E=I,F=J,G=K,G>=H+1]

  * Ranking function: nat(G-H)

  * Invariants eval_calc_noise1_bb25_in(A,B,C,D) -> eval_calc_noise1_bb25_in(E,F,G,H)

     entry  : [11>=B]
     non-rec: [A=E,B=F,C=G,D=H,11>=B]
     rec    : [C=G,B=F,A=E,11>=B,C>=H,H>=D+1]
     inv    : [H>=D,11>=B,B=F,C=G,A=E]

CRS eval_calc_noise1_58

  * Non Asymptotic Upper Bound: 0 

  * LOOPS eval_calc_noise1_58 -> eval_calc_noise1_58

  * Ranking function: N/A

  * Invariants eval_calc_noise1_58 -> eval_calc_noise1_58

     entry  : []
     non-rec: []
     rec    : [0=1]
     inv    : []

CRS eval_calc_noise1_59

  * Non Asymptotic Upper Bound: 0 

  * LOOPS eval_calc_noise1_59 -> eval_calc_noise1_59

  * Ranking function: N/A

  * Invariants eval_calc_noise1_59 -> eval_calc_noise1_59

     entry  : []
     non-rec: []
     rec    : [0=1]
     inv    : []

CRS eval_calc_noise1_56

  * Non Asymptotic Upper Bound: 0 

  * LOOPS eval_calc_noise1_56 -> eval_calc_noise1_56

  * Ranking function: N/A

  * Invariants eval_calc_noise1_56 -> eval_calc_noise1_56

     entry  : []
     non-rec: []
     rec    : [0=1]
     inv    : []

CRS eval_calc_noise1_57

  * Non Asymptotic Upper Bound: 0 

  * LOOPS eval_calc_noise1_57 -> eval_calc_noise1_57

  * Ranking function: N/A

  * Invariants eval_calc_noise1_57 -> eval_calc_noise1_57

     entry  : []
     non-rec: []
     rec    : [0=1]
     inv    : []

CRS eval_calc_noise1_bb1_in(A)

  * Non Asymptotic Upper Bound: c(failed(schemes_failed,[scc=1,cr=eval_calc_noise1_bb1_in/1])) 

  * LOOPS eval_calc_noise1_bb1_in(B) -> eval_calc_noise1_bb1_in(C)
     - []

  * Ranking function: c(failed(no_rf,[scc=1,cr=eval_calc_noise1_bb1_in/1]))

  * Invariants eval_calc_noise1_bb1_in(A) -> eval_calc_noise1_bb1_in(B)

     entry  : [A=0]
     non-rec: [A=B,A=0]
     rec    : [A=0]
     inv    : [A=0]

CRS eval_calc_noise1_bb7_in(A,B,C)

  * Non Asymptotic Upper Bound: nat(B-C) 

  * LOOPS eval_calc_noise1_bb7_in(D,E,F) -> eval_calc_noise1_bb7_in(G,H,I)
     - [F+1=I,D=G,E=H,E>=F+1]

  * Ranking function: nat(E-F)

  * Invariants eval_calc_noise1_bb7_in(A,B,C) -> eval_calc_noise1_bb7_in(D,E,F)

     entry  : []
     non-rec: [A=D,B=E,C=F]
     rec    : [B=E,A=D,B>=F,F>=C+1]
     inv    : [F>=C,B=E,A=D]


