This is PUBS, version 0.2.
Copyright (C) 2007, 2008, 2009 UPM, UCM.
This program comes with ABSOLUTELY NO WARRANTY.
This is free software, and you are welcome to
redistribute it under certain conditions.



CRS $pubs_aux_entry$(A,B,C,D,E,F,G,H,I,J) -- THE MAIN ENTRY

  * Non Asymptotic Upper Bound: 6917+c(failed(schemes_failed,[scc=0,cr=eval_main1_bb1_in/10]))+c(failed(schemes_failed,[scc=7,cr=eval_main1_bb14_in/10]))+c(failed(schemes_failed,[scc=8,cr=eval_main1_bb21_in/9]))+c(failed(schemes_failed,[scc=9,cr=eval_main1_bb26_in/9])) 

  * LOOPS $pubs_aux_entry$(K,L,M,N,O,P,Q,R,S,T) -> $pubs_aux_entry$(U,V,W,X,Y,Z,A1,B1,C1,D1)

  * Ranking function: N/A

  * Invariants $pubs_aux_entry$(A,B,C,D,E,F,G,H,I,J) -> $pubs_aux_entry$(K,L,M,N,O,P,Q,R,S,T)

     entry  : []
     non-rec: [A=K,B=L,C=M,D=N,E=O,F=P,G=Q,H=R,I=S,J=T]
     rec    : [0=1]
     inv    : [A=K,B=L,C=M,D=N,E=O,F=P,G=Q,H=R,I=S,J=T]

CRS eval_main1_start(A,B,C,D,E,F,G,H,I,J)

  * Non Asymptotic Upper Bound: 6917+c(failed(schemes_failed,[scc=0,cr=eval_main1_bb1_in/10]))+c(failed(schemes_failed,[scc=7,cr=eval_main1_bb14_in/10]))+c(failed(schemes_failed,[scc=8,cr=eval_main1_bb21_in/9]))+c(failed(schemes_failed,[scc=9,cr=eval_main1_bb26_in/9])) 

  * LOOPS eval_main1_start(K,L,M,N,O,P,Q,R,S,T) -> eval_main1_start(U,V,W,X,Y,Z,A1,B1,C1,D1)

  * Ranking function: N/A

  * Invariants eval_main1_start(A,B,C,D,E,F,G,H,I,J) -> eval_main1_start(K,L,M,N,O,P,Q,R,S,T)

     entry  : []
     non-rec: [A=K,B=L,C=M,D=N,E=O,F=P,G=Q,H=R,I=S,J=T]
     rec    : [0=1]
     inv    : [A=K,B=L,C=M,D=N,E=O,F=P,G=Q,H=R,I=S,J=T]

CRS eval_main1_bb0_in(A,B,C,D,E,F,G,H,I,J)

  * Non Asymptotic Upper Bound: 6917+c(failed(schemes_failed,[scc=0,cr=eval_main1_bb1_in/10]))+c(failed(schemes_failed,[scc=7,cr=eval_main1_bb14_in/10]))+c(failed(schemes_failed,[scc=8,cr=eval_main1_bb21_in/9]))+c(failed(schemes_failed,[scc=9,cr=eval_main1_bb26_in/9])) 

  * LOOPS eval_main1_bb0_in(K,L,M,N,O,P,Q,R,S,T) -> eval_main1_bb0_in(U,V,W,X,Y,Z,A1,B1,C1,D1)

  * Ranking function: N/A

  * Invariants eval_main1_bb0_in(A,B,C,D,E,F,G,H,I,J) -> eval_main1_bb0_in(K,L,M,N,O,P,Q,R,S,T)

     entry  : []
     non-rec: [A=K,B=L,C=M,D=N,E=O,F=P,G=Q,H=R,I=S,J=T]
     rec    : [0=1]
     inv    : [A=K,B=L,C=M,D=N,E=O,F=P,G=Q,H=R,I=S,J=T]

CRS loop_cont_eval_main1_bb1_in(A,B,C,D,E,F,G,H,I,J,K)

  * Non Asymptotic Upper Bound: 6916+c(failed(schemes_failed,[scc=7,cr=eval_main1_bb14_in/10]))+c(failed(schemes_failed,[scc=8,cr=eval_main1_bb21_in/9]))+c(failed(schemes_failed,[scc=9,cr=eval_main1_bb26_in/9])) 

  * LOOPS loop_cont_eval_main1_bb1_in(L,M,N,O,P,Q,R,S,T,U,V) -> loop_cont_eval_main1_bb1_in(W,X,Y,Z,A1,B1,C1,D1,E1,F1,G1)

  * Ranking function: N/A

  * Invariants loop_cont_eval_main1_bb1_in(A,B,C,D,E,F,G,H,I,J,K) -> loop_cont_eval_main1_bb1_in(L,M,N,O,P,Q,R,S,T,U,V)

     entry  : []
     non-rec: [A=L,B=M,C=N,D=O,E=P,F=Q,G=R,H=S,I=T,J=U,K=V]
     rec    : [0=1]
     inv    : [A=L,B=M,C=N,D=O,E=P,F=Q,G=R,H=S,I=T,J=U,K=V]

CRS eval_main1_7(A,B,C,D,E,F,G,H,I)

  * Non Asymptotic Upper Bound: 6916+c(failed(schemes_failed,[scc=7,cr=eval_main1_bb14_in/10]))+c(failed(schemes_failed,[scc=8,cr=eval_main1_bb21_in/9]))+c(failed(schemes_failed,[scc=9,cr=eval_main1_bb26_in/9])) 

  * LOOPS eval_main1_7(J,K,L,M,N,O,P,Q,R) -> eval_main1_7(S,T,U,V,W,X,Y,Z,A1)

  * Ranking function: N/A

  * Invariants eval_main1_7(A,B,C,D,E,F,G,H,I) -> eval_main1_7(J,K,L,M,N,O,P,Q,R)

     entry  : []
     non-rec: [A=J,B=K,C=L,D=M,E=N,F=O,G=P,H=Q,I=R]
     rec    : [0=1]
     inv    : [A=J,B=K,C=L,D=M,E=N,F=O,G=P,H=Q,I=R]

CRS eval_main1_8(A,B,C,D,E,F,G,H,I)

  * Non Asymptotic Upper Bound: 6916+c(failed(schemes_failed,[scc=7,cr=eval_main1_bb14_in/10]))+c(failed(schemes_failed,[scc=8,cr=eval_main1_bb21_in/9]))+c(failed(schemes_failed,[scc=9,cr=eval_main1_bb26_in/9])) 

  * LOOPS eval_main1_8(J,K,L,M,N,O,P,Q,R) -> eval_main1_8(S,T,U,V,W,X,Y,Z,A1)

  * Ranking function: N/A

  * Invariants eval_main1_8(A,B,C,D,E,F,G,H,I) -> eval_main1_8(J,K,L,M,N,O,P,Q,R)

     entry  : []
     non-rec: [A=J,B=K,C=L,D=M,E=N,F=O,G=P,H=Q,I=R]
     rec    : [0=1]
     inv    : [A=J,B=K,C=L,D=M,E=N,F=O,G=P,H=Q,I=R]

CRS eval_main1_bb4_in(A,B,C,D,E,F,G,H,I)

  * Non Asymptotic Upper Bound: 6916+c(failed(schemes_failed,[scc=7,cr=eval_main1_bb14_in/10]))+c(failed(schemes_failed,[scc=8,cr=eval_main1_bb21_in/9]))+c(failed(schemes_failed,[scc=9,cr=eval_main1_bb26_in/9])) 

  * LOOPS eval_main1_bb4_in(J,K,L,M,N,O,P,Q,R) -> eval_main1_bb4_in(S,T,U,V,W,X,Y,Z,A1)

  * Ranking function: N/A

  * Invariants eval_main1_bb4_in(A,B,C,D,E,F,G,H,I) -> eval_main1_bb4_in(J,K,L,M,N,O,P,Q,R)

     entry  : []
     non-rec: [A=J,B=K,C=L,D=M,E=N,F=O,G=P,H=Q,I=R]
     rec    : [0=1]
     inv    : [A=J,B=K,C=L,D=M,E=N,F=O,G=P,H=Q,I=R]

CRS eval_main1_11(A,B,C,D,E,F,G,H,I)

  * Non Asymptotic Upper Bound: 6916+c(failed(schemes_failed,[scc=7,cr=eval_main1_bb14_in/10]))+c(failed(schemes_failed,[scc=8,cr=eval_main1_bb21_in/9]))+c(failed(schemes_failed,[scc=9,cr=eval_main1_bb26_in/9])) 

  * LOOPS eval_main1_11(J,K,L,M,N,O,P,Q,R) -> eval_main1_11(S,T,U,V,W,X,Y,Z,A1)

  * Ranking function: N/A

  * Invariants eval_main1_11(A,B,C,D,E,F,G,H,I) -> eval_main1_11(J,K,L,M,N,O,P,Q,R)

     entry  : []
     non-rec: [A=J,B=K,C=L,D=M,E=N,F=O,G=P,H=Q,I=R]
     rec    : [0=1]
     inv    : [A=J,B=K,C=L,D=M,E=N,F=O,G=P,H=Q,I=R]

CRS eval_main1_12(A,B,C,D,E,F,G,H,I)

  * Non Asymptotic Upper Bound: 6916+c(failed(schemes_failed,[scc=7,cr=eval_main1_bb14_in/10]))+c(failed(schemes_failed,[scc=8,cr=eval_main1_bb21_in/9]))+c(failed(schemes_failed,[scc=9,cr=eval_main1_bb26_in/9])) 

  * LOOPS eval_main1_12(J,K,L,M,N,O,P,Q,R) -> eval_main1_12(S,T,U,V,W,X,Y,Z,A1)

  * Ranking function: N/A

  * Invariants eval_main1_12(A,B,C,D,E,F,G,H,I) -> eval_main1_12(J,K,L,M,N,O,P,Q,R)

     entry  : []
     non-rec: [A=J,B=K,C=L,D=M,E=N,F=O,G=P,H=Q,I=R]
     rec    : [0=1]
     inv    : [A=J,B=K,C=L,D=M,E=N,F=O,G=P,H=Q,I=R]

CRS eval_main1_14(A,B,C,D,E,F,G,H,I)

  * Non Asymptotic Upper Bound: 6916+c(failed(schemes_failed,[scc=7,cr=eval_main1_bb14_in/10]))+c(failed(schemes_failed,[scc=8,cr=eval_main1_bb21_in/9]))+c(failed(schemes_failed,[scc=9,cr=eval_main1_bb26_in/9])) 

  * LOOPS eval_main1_14(J,K,L,M,N,O,P,Q,R) -> eval_main1_14(S,T,U,V,W,X,Y,Z,A1)

  * Ranking function: N/A

  * Invariants eval_main1_14(A,B,C,D,E,F,G,H,I) -> eval_main1_14(J,K,L,M,N,O,P,Q,R)

     entry  : []
     non-rec: [A=J,B=K,C=L,D=M,E=N,F=O,G=P,H=Q,I=R]
     rec    : [0=1]
     inv    : [A=J,B=K,C=L,D=M,E=N,F=O,G=P,H=Q,I=R]

CRS eval_main1_15(A,B,C,D,E,F,G,H,I)

  * Non Asymptotic Upper Bound: 6916+c(failed(schemes_failed,[scc=7,cr=eval_main1_bb14_in/10]))+c(failed(schemes_failed,[scc=8,cr=eval_main1_bb21_in/9]))+c(failed(schemes_failed,[scc=9,cr=eval_main1_bb26_in/9])) 

  * LOOPS eval_main1_15(J,K,L,M,N,O,P,Q,R) -> eval_main1_15(S,T,U,V,W,X,Y,Z,A1)

  * Ranking function: N/A

  * Invariants eval_main1_15(A,B,C,D,E,F,G,H,I) -> eval_main1_15(J,K,L,M,N,O,P,Q,R)

     entry  : []
     non-rec: [A=J,B=K,C=L,D=M,E=N,F=O,G=P,H=Q,I=R]
     rec    : [0=1]
     inv    : [A=J,B=K,C=L,D=M,E=N,F=O,G=P,H=Q,I=R]

CRS eval_main1_16(A,B,C,D,E,F,G,H,I)

  * Non Asymptotic Upper Bound: 6916+c(failed(schemes_failed,[scc=7,cr=eval_main1_bb14_in/10]))+c(failed(schemes_failed,[scc=8,cr=eval_main1_bb21_in/9]))+c(failed(schemes_failed,[scc=9,cr=eval_main1_bb26_in/9])) 

  * LOOPS eval_main1_16(J,K,L,M,N,O,P,Q,R) -> eval_main1_16(S,T,U,V,W,X,Y,Z,A1)

  * Ranking function: N/A

  * Invariants eval_main1_16(A,B,C,D,E,F,G,H,I) -> eval_main1_16(J,K,L,M,N,O,P,Q,R)

     entry  : []
     non-rec: [A=J,B=K,C=L,D=M,E=N,F=O,G=P,H=Q,I=R]
     rec    : [0=1]
     inv    : [A=J,B=K,C=L,D=M,E=N,F=O,G=P,H=Q,I=R]

CRS eval_main1_17(A,B,C,D,E,F,G,H,I)

  * Non Asymptotic Upper Bound: 6916+c(failed(schemes_failed,[scc=7,cr=eval_main1_bb14_in/10]))+c(failed(schemes_failed,[scc=8,cr=eval_main1_bb21_in/9]))+c(failed(schemes_failed,[scc=9,cr=eval_main1_bb26_in/9])) 

  * LOOPS eval_main1_17(J,K,L,M,N,O,P,Q,R) -> eval_main1_17(S,T,U,V,W,X,Y,Z,A1)

  * Ranking function: N/A

  * Invariants eval_main1_17(A,B,C,D,E,F,G,H,I) -> eval_main1_17(J,K,L,M,N,O,P,Q,R)

     entry  : []
     non-rec: [A=J,B=K,C=L,D=M,E=N,F=O,G=P,H=Q,I=R]
     rec    : [0=1]
     inv    : [A=J,B=K,C=L,D=M,E=N,F=O,G=P,H=Q,I=R]

CRS eval_main1_18(A,B,C,D,E,F,G,H,I)

  * Non Asymptotic Upper Bound: 6916+c(failed(schemes_failed,[scc=7,cr=eval_main1_bb14_in/10]))+c(failed(schemes_failed,[scc=8,cr=eval_main1_bb21_in/9]))+c(failed(schemes_failed,[scc=9,cr=eval_main1_bb26_in/9])) 

  * LOOPS eval_main1_18(J,K,L,M,N,O,P,Q,R) -> eval_main1_18(S,T,U,V,W,X,Y,Z,A1)

  * Ranking function: N/A

  * Invariants eval_main1_18(A,B,C,D,E,F,G,H,I) -> eval_main1_18(J,K,L,M,N,O,P,Q,R)

     entry  : []
     non-rec: [A=J,B=K,C=L,D=M,E=N,F=O,G=P,H=Q,I=R]
     rec    : [0=1]
     inv    : [A=J,B=K,C=L,D=M,E=N,F=O,G=P,H=Q,I=R]

CRS eval_main1_bb8_in(A,B,C,D,E,F,G,H,I)

  * Non Asymptotic Upper Bound: 6916+c(failed(schemes_failed,[scc=7,cr=eval_main1_bb14_in/10]))+c(failed(schemes_failed,[scc=8,cr=eval_main1_bb21_in/9]))+c(failed(schemes_failed,[scc=9,cr=eval_main1_bb26_in/9])) 

  * LOOPS eval_main1_bb8_in(J,K,L,M,N,O,P,Q,R) -> eval_main1_bb8_in(S,T,U,V,W,X,Y,Z,A1)

  * Ranking function: N/A

  * Invariants eval_main1_bb8_in(A,B,C,D,E,F,G,H,I) -> eval_main1_bb8_in(J,K,L,M,N,O,P,Q,R)

     entry  : []
     non-rec: [A=J,B=K,C=L,D=M,E=N,F=O,G=P,H=Q,I=R]
     rec    : [0=1]
     inv    : [A=J,B=K,C=L,D=M,E=N,F=O,G=P,H=Q,I=R]

CRS eval_main1_28(A,B,C,D,E,F,G,H,I)

  * Non Asymptotic Upper Bound: 6916+c(failed(schemes_failed,[scc=7,cr=eval_main1_bb14_in/10]))+c(failed(schemes_failed,[scc=8,cr=eval_main1_bb21_in/9]))+c(failed(schemes_failed,[scc=9,cr=eval_main1_bb26_in/9])) 

  * LOOPS eval_main1_28(J,K,L,M,N,O,P,Q,R) -> eval_main1_28(S,T,U,V,W,X,Y,Z,A1)

  * Ranking function: N/A

  * Invariants eval_main1_28(A,B,C,D,E,F,G,H,I) -> eval_main1_28(J,K,L,M,N,O,P,Q,R)

     entry  : []
     non-rec: [A=J,B=K,C=L,D=M,E=N,F=O,G=P,H=Q,I=R]
     rec    : [0=1]
     inv    : [A=J,B=K,C=L,D=M,E=N,F=O,G=P,H=Q,I=R]

CRS eval_main1_29(A,B,C,D,E,F,G,H,I)

  * Non Asymptotic Upper Bound: 6916+c(failed(schemes_failed,[scc=7,cr=eval_main1_bb14_in/10]))+c(failed(schemes_failed,[scc=8,cr=eval_main1_bb21_in/9]))+c(failed(schemes_failed,[scc=9,cr=eval_main1_bb26_in/9])) 

  * LOOPS eval_main1_29(J,K,L,M,N,O,P,Q,R) -> eval_main1_29(S,T,U,V,W,X,Y,Z,A1)

  * Ranking function: N/A

  * Invariants eval_main1_29(A,B,C,D,E,F,G,H,I) -> eval_main1_29(J,K,L,M,N,O,P,Q,R)

     entry  : []
     non-rec: [A=J,B=K,C=L,D=M,E=N,F=O,G=P,H=Q,I=R]
     rec    : [0=1]
     inv    : [A=J,B=K,C=L,D=M,E=N,F=O,G=P,H=Q,I=R]

CRS eval_main1_bb63_in(A,B,C,D,E,F,G,H,I)

  * Non Asymptotic Upper Bound: 0 

  * LOOPS eval_main1_bb63_in(J,K,L,M,N,O,P,Q,R) -> eval_main1_bb63_in(S,T,U,V,W,X,Y,Z,A1)

  * Ranking function: N/A

  * Invariants eval_main1_bb63_in(A,B,C,D,E,F,G,H,I) -> eval_main1_bb63_in(J,K,L,M,N,O,P,Q,R)

     entry  : []
     non-rec: [A=J,B=K,C=L,D=M,E=N,F=O,G=P,H=Q,I=R]
     rec    : [0=1]
     inv    : [A=J,B=K,C=L,D=M,E=N,F=O,G=P,H=Q,I=R]

CRS eval_main1_254(A,B,C,D,E,F,G,H,I)

  * Non Asymptotic Upper Bound: 0 

  * LOOPS eval_main1_254(J,K,L,M,N,O,P,Q,R) -> eval_main1_254(S,T,U,V,W,X,Y,Z,A1)

  * Ranking function: N/A

  * Invariants eval_main1_254(A,B,C,D,E,F,G,H,I) -> eval_main1_254(J,K,L,M,N,O,P,Q,R)

     entry  : []
     non-rec: [A=J,B=K,C=L,D=M,E=N,F=O,G=P,H=Q,I=R]
     rec    : [0=1]
     inv    : [A=J,B=K,C=L,D=M,E=N,F=O,G=P,H=Q,I=R]

CRS eval_main1_255

  * Non Asymptotic Upper Bound: 0 

  * LOOPS eval_main1_255 -> eval_main1_255

  * Ranking function: N/A

  * Invariants eval_main1_255 -> eval_main1_255

     entry  : []
     non-rec: []
     rec    : [0=1]
     inv    : []

CRS eval_main1_36(A,B,C,D,E,F,G,H,I)

  * Non Asymptotic Upper Bound: 6916+c(failed(schemes_failed,[scc=7,cr=eval_main1_bb14_in/10]))+c(failed(schemes_failed,[scc=8,cr=eval_main1_bb21_in/9]))+c(failed(schemes_failed,[scc=9,cr=eval_main1_bb26_in/9])) 

  * LOOPS eval_main1_36(J,K,L,M,N,O,P,Q,R) -> eval_main1_36(S,T,U,V,W,X,Y,Z,A1)

  * Ranking function: N/A

  * Invariants eval_main1_36(A,B,C,D,E,F,G,H,I) -> eval_main1_36(J,K,L,M,N,O,P,Q,R)

     entry  : []
     non-rec: [A=J,B=K,C=L,D=M,E=N,F=O,G=P,H=Q,I=R]
     rec    : [0=1]
     inv    : [A=J,B=K,C=L,D=M,E=N,F=O,G=P,H=Q,I=R]

CRS eval_main1_37(A,B,C,D,E,F,G,H,I)

  * Non Asymptotic Upper Bound: 6916+c(failed(schemes_failed,[scc=7,cr=eval_main1_bb14_in/10]))+c(failed(schemes_failed,[scc=8,cr=eval_main1_bb21_in/9]))+c(failed(schemes_failed,[scc=9,cr=eval_main1_bb26_in/9])) 

  * LOOPS eval_main1_37(J,K,L,M,N,O,P,Q,R) -> eval_main1_37(S,T,U,V,W,X,Y,Z,A1)

  * Ranking function: N/A

  * Invariants eval_main1_37(A,B,C,D,E,F,G,H,I) -> eval_main1_37(J,K,L,M,N,O,P,Q,R)

     entry  : []
     non-rec: [A=J,B=K,C=L,D=M,E=N,F=O,G=P,H=Q,I=R]
     rec    : [0=1]
     inv    : [A=J,B=K,C=L,D=M,E=N,F=O,G=P,H=Q,I=R]

CRS eval_main1_49(A,B,C,D,E,F,G,H,I,J)

  * Non Asymptotic Upper Bound: 6916+c(failed(schemes_failed,[scc=7,cr=eval_main1_bb14_in/10]))+c(failed(schemes_failed,[scc=8,cr=eval_main1_bb21_in/9]))+c(failed(schemes_failed,[scc=9,cr=eval_main1_bb26_in/9])) 

  * LOOPS eval_main1_49(K,L,M,N,O,P,Q,R,S,T) -> eval_main1_49(U,V,W,X,Y,Z,A1,B1,C1,D1)

  * Ranking function: N/A

  * Invariants eval_main1_49(A,B,C,D,E,F,G,H,I,J) -> eval_main1_49(K,L,M,N,O,P,Q,R,S,T)

     entry  : [48*E=J]
     non-rec: [A=K,B=L,C=M,D=N,E=O,F=P,G=Q,H=R,I=S,J=T,48*E=J]
     rec    : [0=1]
     inv    : [48*E=J,A=K,B=L,C=M,D=N,E=O,F=P,G=Q,H=R,I=S,48*E=T]

CRS eval_main1_50(A,B,C,D,E,F,G,H,I)

  * Non Asymptotic Upper Bound: 6916+c(failed(schemes_failed,[scc=7,cr=eval_main1_bb14_in/10]))+c(failed(schemes_failed,[scc=8,cr=eval_main1_bb21_in/9]))+c(failed(schemes_failed,[scc=9,cr=eval_main1_bb26_in/9])) 

  * LOOPS eval_main1_50(J,K,L,M,N,O,P,Q,R) -> eval_main1_50(S,T,U,V,W,X,Y,Z,A1)

  * Ranking function: N/A

  * Invariants eval_main1_50(A,B,C,D,E,F,G,H,I) -> eval_main1_50(J,K,L,M,N,O,P,Q,R)

     entry  : []
     non-rec: [A=J,B=K,C=L,D=M,E=N,F=O,G=P,H=Q,I=R]
     rec    : [0=1]
     inv    : [A=J,B=K,C=L,D=M,E=N,F=O,G=P,H=Q,I=R]

CRS loop_cont_eval_main1_bb14_in(A,B,C,D,E,F,G,H,I,J,K)

  * Non Asymptotic Upper Bound: 6915+c(failed(schemes_failed,[scc=8,cr=eval_main1_bb21_in/9]))+c(failed(schemes_failed,[scc=9,cr=eval_main1_bb26_in/9])) 

  * LOOPS loop_cont_eval_main1_bb14_in(L,M,N,O,P,Q,R,S,T,U,V) -> loop_cont_eval_main1_bb14_in(W,X,Y,Z,A1,B1,C1,D1,E1,F1,G1)

  * Ranking function: N/A

  * Invariants loop_cont_eval_main1_bb14_in(A,B,C,D,E,F,G,H,I,J,K) -> loop_cont_eval_main1_bb14_in(L,M,N,O,P,Q,R,S,T,U,V)

     entry  : []
     non-rec: [A=L,B=M,C=N,D=O,E=P,F=Q,G=R,H=S,I=T,J=U,K=V]
     rec    : [0=1]
     inv    : [A=L,B=M,C=N,D=O,E=P,F=Q,G=R,H=S,I=T,J=U,K=V]

CRS eval_main1_bb18_in(A,B,C,D,E,F,G,H,I)

  * Non Asymptotic Upper Bound: 6915+c(failed(schemes_failed,[scc=8,cr=eval_main1_bb21_in/9]))+c(failed(schemes_failed,[scc=9,cr=eval_main1_bb26_in/9])) 

  * LOOPS eval_main1_bb18_in(J,K,L,M,N,O,P,Q,R) -> eval_main1_bb18_in(S,T,U,V,W,X,Y,Z,A1)

  * Ranking function: N/A

  * Invariants eval_main1_bb18_in(A,B,C,D,E,F,G,H,I) -> eval_main1_bb18_in(J,K,L,M,N,O,P,Q,R)

     entry  : []
     non-rec: [A=J,B=K,C=L,D=M,E=N,F=O,G=P,H=Q,I=R]
     rec    : [0=1]
     inv    : [A=J,B=K,C=L,D=M,E=N,F=O,G=P,H=Q,I=R]

CRS eval_main1_bb20_in(A,B,C,D,E,F,G,H,I)

  * Non Asymptotic Upper Bound: 6915+c(failed(schemes_failed,[scc=8,cr=eval_main1_bb21_in/9]))+c(failed(schemes_failed,[scc=9,cr=eval_main1_bb26_in/9])) 

  * LOOPS eval_main1_bb20_in(J,K,L,M,N,O,P,Q,R) -> eval_main1_bb20_in(S,T,U,V,W,X,Y,Z,A1)

  * Ranking function: N/A

  * Invariants eval_main1_bb20_in(A,B,C,D,E,F,G,H,I) -> eval_main1_bb20_in(J,K,L,M,N,O,P,Q,R)

     entry  : []
     non-rec: [A=J,B=K,C=L,D=M,E=N,F=O,G=P,H=Q,I=R]
     rec    : [0=1]
     inv    : [A=J,B=K,C=L,D=M,E=N,F=O,G=P,H=Q,I=R]

CRS eval_main1_87(A,B,C,D,E,F,G,H,I)

  * Non Asymptotic Upper Bound: 6915+c(failed(schemes_failed,[scc=8,cr=eval_main1_bb21_in/9]))+c(failed(schemes_failed,[scc=9,cr=eval_main1_bb26_in/9])) 

  * LOOPS eval_main1_87(J,K,L,M,N,O,P,Q,R) -> eval_main1_87(S,T,U,V,W,X,Y,Z,A1)

  * Ranking function: N/A

  * Invariants eval_main1_87(A,B,C,D,E,F,G,H,I) -> eval_main1_87(J,K,L,M,N,O,P,Q,R)

     entry  : []
     non-rec: [A=J,B=K,C=L,D=M,E=N,F=O,G=P,H=Q,I=R]
     rec    : [0=1]
     inv    : [A=J,B=K,C=L,D=M,E=N,F=O,G=P,H=Q,I=R]

CRS eval_main1_88(A,B,C,D,E,F,G,H,I)

  * Non Asymptotic Upper Bound: 6915+c(failed(schemes_failed,[scc=8,cr=eval_main1_bb21_in/9]))+c(failed(schemes_failed,[scc=9,cr=eval_main1_bb26_in/9])) 

  * LOOPS eval_main1_88(J,K,L,M,N,O,P,Q,R) -> eval_main1_88(S,T,U,V,W,X,Y,Z,A1)

  * Ranking function: N/A

  * Invariants eval_main1_88(A,B,C,D,E,F,G,H,I) -> eval_main1_88(J,K,L,M,N,O,P,Q,R)

     entry  : []
     non-rec: [A=J,B=K,C=L,D=M,E=N,F=O,G=P,H=Q,I=R]
     rec    : [0=1]
     inv    : [A=J,B=K,C=L,D=M,E=N,F=O,G=P,H=Q,I=R]

CRS loop_cont_eval_main1_bb21_in(A,B,C,D,E,F,G,H,I,J,K)

  * Non Asymptotic Upper Bound: 6914+c(failed(schemes_failed,[scc=9,cr=eval_main1_bb26_in/9])) 

  * LOOPS loop_cont_eval_main1_bb21_in(L,M,N,O,P,Q,R,S,T,U,V) -> loop_cont_eval_main1_bb21_in(W,X,Y,Z,A1,B1,C1,D1,E1,F1,G1)

  * Ranking function: N/A

  * Invariants loop_cont_eval_main1_bb21_in(A,B,C,D,E,F,G,H,I,J,K) -> loop_cont_eval_main1_bb21_in(L,M,N,O,P,Q,R,S,T,U,V)

     entry  : []
     non-rec: [A=L,B=M,C=N,D=O,E=P,F=Q,G=R,H=S,I=T,J=U,K=V]
     rec    : [0=1]
     inv    : [A=L,B=M,C=N,D=O,E=P,F=Q,G=R,H=S,I=T,J=U,K=V]

CRS loop_cont_eval_main1_bb26_in(A,B,C,D,E,F,G,H,I,J,K)

  * Non Asymptotic Upper Bound: 6913 

  * LOOPS loop_cont_eval_main1_bb26_in(L,M,N,O,P,Q,R,S,T,U,V) -> loop_cont_eval_main1_bb26_in(W,X,Y,Z,A1,B1,C1,D1,E1,F1,G1)

  * Ranking function: N/A

  * Invariants loop_cont_eval_main1_bb26_in(A,B,C,D,E,F,G,H,I,J,K) -> loop_cont_eval_main1_bb26_in(L,M,N,O,P,Q,R,S,T,U,V)

     entry  : []
     non-rec: [A=L,B=M,C=N,D=O,E=P,F=Q,G=R,H=S,I=T,J=U,K=V]
     rec    : [0=1]
     inv    : [A=L,B=M,C=N,D=O,E=P,F=Q,G=R,H=S,I=T,J=U,K=V]

CRS eval_main1_121(A,B,C,D,E,F,G,H,I)

  * Non Asymptotic Upper Bound: 6913 

  * LOOPS eval_main1_121(J,K,L,M,N,O,P,Q,R) -> eval_main1_121(S,T,U,V,W,X,Y,Z,A1)

  * Ranking function: N/A

  * Invariants eval_main1_121(A,B,C,D,E,F,G,H,I) -> eval_main1_121(J,K,L,M,N,O,P,Q,R)

     entry  : []
     non-rec: [A=J,B=K,C=L,D=M,E=N,F=O,G=P,H=Q,I=R]
     rec    : [0=1]
     inv    : [A=J,B=K,C=L,D=M,E=N,F=O,G=P,H=Q,I=R]

CRS eval_main1_122(A,B,C,D,E,F,G,H,I)

