This is PUBS, version 0.2.
Copyright (C) 2007, 2008, 2009 UPM, UCM.
This program comes with ABSOLUTELY NO WARRANTY.
This is free software, and you are welcome to
redistribute it under certain conditions.



CRS $pubs_aux_entry$ -- THE MAIN ENTRY

  * Non Asymptotic Upper Bound: 3529 

  * LOOPS $pubs_aux_entry$ -> $pubs_aux_entry$

  * Ranking function: N/A

  * Invariants $pubs_aux_entry$ -> $pubs_aux_entry$

     entry  : []
     non-rec: []
     rec    : [0=1]
     inv    : []

CRS eval_mono_filter_start

  * Non Asymptotic Upper Bound: 3529 

  * LOOPS eval_mono_filter_start -> eval_mono_filter_start

  * Ranking function: N/A

  * Invariants eval_mono_filter_start -> eval_mono_filter_start

     entry  : []
     non-rec: []
     rec    : [0=1]
     inv    : []

CRS eval_mono_filter_bb0_in

  * Non Asymptotic Upper Bound: 3529 

  * LOOPS eval_mono_filter_bb0_in -> eval_mono_filter_bb0_in

  * Ranking function: N/A

  * Invariants eval_mono_filter_bb0_in -> eval_mono_filter_bb0_in

     entry  : []
     non-rec: []
     rec    : [0=1]
     inv    : []

CRS eval_mono_filter_bb4_in

  * Non Asymptotic Upper Bound: 3529 

  * LOOPS eval_mono_filter_bb4_in -> eval_mono_filter_bb4_in

  * Ranking function: N/A

  * Invariants eval_mono_filter_bb4_in -> eval_mono_filter_bb4_in

     entry  : []
     non-rec: []
     rec    : [0=1]
     inv    : []

CRS eval_mono_filter_bb5_in(A)

  * Non Asymptotic Upper Bound: 1+98*nat(A) 

  * LOOPS eval_mono_filter_bb5_in(B) -> eval_mono_filter_bb5_in(C)

  * Ranking function: N/A

  * Invariants eval_mono_filter_bb5_in(A) -> eval_mono_filter_bb5_in(B)

     entry  : [A>=12,36>=A]
     non-rec: [A=B,A>=12,36>=A]
     rec    : [0=1]
     inv    : [A>=12,36>=A,A=B]

CRS loop_cont_eval_mono_filter_bb6_in(A,B)

  * Non Asymptotic Upper Bound: 0 

  * LOOPS loop_cont_eval_mono_filter_bb6_in(C,D) -> loop_cont_eval_mono_filter_bb6_in(E,F)

  * Ranking function: N/A

  * Invariants loop_cont_eval_mono_filter_bb6_in(A,B) -> loop_cont_eval_mono_filter_bb6_in(C,D)

     entry  : [A=3]
     non-rec: [A=C,B=D,A=3]
     rec    : [0=1]
     inv    : [A=3,C=3,B=D]

CRS eval_mono_filter_bb6_in(A,B)

  * Non Asymptotic Upper Bound: 98*nat(A-B) 

  * LOOPS eval_mono_filter_bb6_in(C,D) -> eval_mono_filter_bb6_in(E,F)
     - [C>=F,C=E,D+1=F]

  * Ranking function: nat(C-D)

  * Invariants eval_mono_filter_bb6_in(A,B) -> eval_mono_filter_bb6_in(C,D)

     entry  : [36>=A,A>=12,B=0]
     non-rec: [A=C,B=D,36>=A,A>=12,B=0]
     rec    : [A=C,B=0,36>=A,A>=12,D>=1]
     inv    : [D>=0,A>=12,36>=A,A=C,B=0]

CRS eval_mono_filter_bb8_in(A,B,C)

  * Non Asymptotic Upper Bound: 3*nat(-C+32) 

  * LOOPS eval_mono_filter_bb8_in(D,E,F) -> eval_mono_filter_bb8_in(G,H,I)
     - [D=G,E=H,F+1=I,32>=I]
     - [F+1=I,E=H,D=G,32>=I]
     - [F+1=I,E=H,D=G,32>=I]

  * Ranking function: nat(-F+32)

  * Invariants eval_mono_filter_bb8_in(A,B,C) -> eval_mono_filter_bb8_in(D,E,F)

     entry  : [A>=B+1,36>=A,B>=0,A>=12,C=0]
     non-rec: [A=D,B=E,C=F,A>=B+1,36>=A,B>=0,A>=12,C=0]
     rec    : [B=E,A=D,C=0,36>=A,A>=B+1,F>=1,B>=0,A>=12]
     inv    : [B>=0,A>=12,F>=0,A>=B+1,36>=A,A=D,B=E,C=0]

CRS eval_mono_filter_bb12_in

  * Non Asymptotic Upper Bound: 0 

  * LOOPS eval_mono_filter_bb12_in -> eval_mono_filter_bb12_in

  * Ranking function: N/A

  * Invariants eval_mono_filter_bb12_in -> eval_mono_filter_bb12_in

     entry  : []
     non-rec: []
     rec    : [0=1]
     inv    : []


