This is PUBS, version 0.2.
Copyright (C) 2007, 2008, 2009 UPM, UCM.
This program comes with ABSOLUTELY NO WARRANTY.
This is free software, and you are welcome to
redistribute it under certain conditions.



CRS $pubs_aux_entry$ -- THE MAIN ENTRY

  * Non Asymptotic Upper Bound: max([1+c(failed(schemes_failed,[scc=4,cr=eval_play_all_bb5_in/1])),2+4*nat(c(maximize_failed))+c(failed(schemes_failed,[scc=4,cr=eval_play_all_bb5_in/1]))]) 

  * LOOPS $pubs_aux_entry$ -> $pubs_aux_entry$

  * Ranking function: N/A

  * Invariants $pubs_aux_entry$ -> $pubs_aux_entry$

     entry  : []
     non-rec: []
     rec    : [0=1]
     inv    : []

CRS eval_play_all_start

  * Non Asymptotic Upper Bound: max([1+c(failed(schemes_failed,[scc=4,cr=eval_play_all_bb5_in/1])),2+4*nat(c(maximize_failed))+c(failed(schemes_failed,[scc=4,cr=eval_play_all_bb5_in/1]))]) 

  * LOOPS eval_play_all_start -> eval_play_all_start

  * Ranking function: N/A

  * Invariants eval_play_all_start -> eval_play_all_start

     entry  : []
     non-rec: []
     rec    : [0=1]
     inv    : []

CRS eval_play_all_bb0_in

  * Non Asymptotic Upper Bound: max([1+c(failed(schemes_failed,[scc=4,cr=eval_play_all_bb5_in/1])),2+4*nat(c(maximize_failed))+c(failed(schemes_failed,[scc=4,cr=eval_play_all_bb5_in/1]))]) 

  * LOOPS eval_play_all_bb0_in -> eval_play_all_bb0_in

  * Ranking function: N/A

  * Invariants eval_play_all_bb0_in -> eval_play_all_bb0_in

     entry  : []
     non-rec: []
     rec    : [0=1]
     inv    : []

CRS eval_play_all_4(A)

  * Non Asymptotic Upper Bound: 2+4*nat(A)+c(failed(schemes_failed,[scc=4,cr=eval_play_all_bb5_in/1])) 

  * LOOPS eval_play_all_4(B) -> eval_play_all_4(C)

  * Ranking function: N/A

  * Invariants eval_play_all_4(A) -> eval_play_all_4(B)

     entry  : []
     non-rec: [A=B]
     rec    : [0=1]
     inv    : [A=B]

CRS eval_play_all_5(A,B)

  * Non Asymptotic Upper Bound: 2+4*nat(A)+c(failed(schemes_failed,[scc=4,cr=eval_play_all_bb5_in/1])) 

  * LOOPS eval_play_all_5(C,D) -> eval_play_all_5(E,F)

  * Ranking function: N/A

  * Invariants eval_play_all_5(A,B) -> eval_play_all_5(C,D)

     entry  : []
     non-rec: [A=C,B=D]
     rec    : [0=1]
     inv    : [A=C,B=D]

CRS eval_play_all_6(A,B)

  * Non Asymptotic Upper Bound: 2+4*nat(A)+c(failed(schemes_failed,[scc=4,cr=eval_play_all_bb5_in/1])) 

  * LOOPS eval_play_all_6(C,D) -> eval_play_all_6(E,F)

  * Ranking function: N/A

  * Invariants eval_play_all_6(A,B) -> eval_play_all_6(C,D)

     entry  : []
     non-rec: [A=C,B=D]
     rec    : [0=1]
     inv    : [A=C,B=D]

CRS eval_play_all_7(A)

  * Non Asymptotic Upper Bound: 2+4*nat(A)+c(failed(schemes_failed,[scc=4,cr=eval_play_all_bb5_in/1])) 

  * LOOPS eval_play_all_7(B) -> eval_play_all_7(C)

  * Ranking function: N/A

  * Invariants eval_play_all_7(A) -> eval_play_all_7(B)

     entry  : []
     non-rec: [A=B]
     rec    : [0=1]
     inv    : [A=B]

CRS loop_cont_eval_play_all_bb2_in(A,B,C)

  * Non Asymptotic Upper Bound: 1+c(failed(schemes_failed,[scc=4,cr=eval_play_all_bb5_in/1])) 

  * LOOPS loop_cont_eval_play_all_bb2_in(D,E,F) -> loop_cont_eval_play_all_bb2_in(G,H,I)

  * Ranking function: N/A

  * Invariants loop_cont_eval_play_all_bb2_in(A,B,C) -> loop_cont_eval_play_all_bb2_in(D,E,F)

     entry  : []
     non-rec: [A=D,B=E,C=F]
     rec    : [0=1]
     inv    : [A=D,B=E,C=F]

CRS eval_play_all_bb4_in(A)

  * Non Asymptotic Upper Bound: 1+c(failed(schemes_failed,[scc=4,cr=eval_play_all_bb5_in/1])) 

  * LOOPS eval_play_all_bb4_in(B) -> eval_play_all_bb4_in(C)

  * Ranking function: N/A

  * Invariants eval_play_all_bb4_in(A) -> eval_play_all_bb4_in(B)

     entry  : []
     non-rec: [A=B]
     rec    : [0=1]
     inv    : [A=B]

CRS loop_cont_eval_play_all_bb5_in(A,B)

  * Non Asymptotic Upper Bound: 0 

  * LOOPS loop_cont_eval_play_all_bb5_in(C,D) -> loop_cont_eval_play_all_bb5_in(E,F)

  * Ranking function: N/A

  * Invariants loop_cont_eval_play_all_bb5_in(A,B) -> loop_cont_eval_play_all_bb5_in(C,D)

     entry  : []
     non-rec: [A=C,B=D]
     rec    : [0=1]
     inv    : [A=C,B=D]

CRS eval_play_all__critedge_in

  * Non Asymptotic Upper Bound: 0 

  * LOOPS eval_play_all__critedge_in -> eval_play_all__critedge_in

  * Ranking function: N/A

  * Invariants eval_play_all__critedge_in -> eval_play_all__critedge_in

     entry  : []
     non-rec: []
     rec    : [0=1]
     inv    : []

CRS eval_play_all_37

  * Non Asymptotic Upper Bound: 0 

  * LOOPS eval_play_all_37 -> eval_play_all_37

  * Ranking function: N/A

  * Invariants eval_play_all_37 -> eval_play_all_37

     entry  : []
     non-rec: []
     rec    : [0=1]
     inv    : []

CRS eval_play_all_38

  * Non Asymptotic Upper Bound: 0 

  * LOOPS eval_play_all_38 -> eval_play_all_38

  * Ranking function: N/A

  * Invariants eval_play_all_38 -> eval_play_all_38

     entry  : []
     non-rec: []
     rec    : [0=1]
     inv    : []

CRS eval_play_all_39

  * Non Asymptotic Upper Bound: 0 

  * LOOPS eval_play_all_39 -> eval_play_all_39

  * Ranking function: N/A

  * Invariants eval_play_all_39 -> eval_play_all_39

     entry  : []
     non-rec: []
     rec    : [0=1]
     inv    : []

CRS eval_play_all_bb5_in(A)

  * Non Asymptotic Upper Bound: c(failed(schemes_failed,[scc=4,cr=eval_play_all_bb5_in/1])) 

  * LOOPS eval_play_all_bb5_in(B) -> eval_play_all_bb5_in(C)
     - [0>=B+1]
     - [0>=B+1]
     - [B>=1]
     - [B>=1]

  * Ranking function: c(failed(no_rf,[scc=4,cr=eval_play_all_bb5_in/1]))

  * Invariants eval_play_all_bb5_in(A) -> eval_play_all_bb5_in(B)

     entry  : []
     non-rec: [A=B]
     rec    : []
     inv    : []

CRS eval_play_all__critedge1_in(A,B)

  * Non Asymptotic Upper Bound: c(failed(schemes_failed,[scc=3,cr=eval_play_all__critedge1_in/2])) 

  * LOOPS eval_play_all__critedge1_in(C,D) -> eval_play_all__critedge1_in(E,F)
     - [D=F,C=E]
     - []
     - []
     - []
     - []
     - []
     - []
     - []
     - []
     - []
     - []
     - []
     - []
     - []
     - []
     - []
     - []
     - []
     - []
     - []
     - []
     - []
     - []
     - []
     - []
     - []
     - []
     - []
     - []
     - []
     - []
     - []
     - []
     - []
     - []
     - []
     - []
     - []
     - []
     - []
     - []
     - []
     - []
     - []
     - []
     - []
     - []
     - []
     - []
     - []
     - []
     - []
     - []
     - []
     - []
     - []
     - []
     - []
     - []
     - [F=0]
     - []
     - []
     - []
     - []
     - []
     - []
     - []
     - []
     - []
     - []
     - []
     - []
     - []
     - []
     - []
     - []
     - []
     - []
     - []
     - []
     - []
     - []
     - []
     - []
     - []
     - []
     - []
     - []
     - []
     - []
     - []
     - []
     - []
     - []
     - []
     - []
     - []
     - []
     - []
     - []
     - []
     - []
     - []
     - []
     - []
     - []
     - []
     - []
     - []
     - []
     - []
     - []
     - []
     - []
     - []
     - []
     - []
     - []
     - [F=0]

  * Ranking function: c(failed(no_rf,[scc=3,cr=eval_play_all__critedge1_in/2]))

  * Invariants eval_play_all__critedge1_in(A,B) -> eval_play_all__critedge1_in(C,D)

     entry  : [A=B]
     non-rec: [A=C,B=D,A=B]
     rec    : [A=B]
     inv    : [A=B]

CRS eval_play_all_bb26_in(A,B,C,D,E)

  * Non Asymptotic Upper Bound: c(failed(schemes_failed,[scc=2,cr=eval_play_all_bb26_in/5])) 

  * LOOPS eval_play_all_bb26_in(F,G,H,I,J) -> eval_play_all_bb26_in(K,L,M,N,O)
     - [I=N,J=O,F=K,G=L,H=M]

  * Ranking function: c(failed(no_rf,[scc=2,cr=eval_play_all_bb26_in/5]))

  * Invariants eval_play_all_bb26_in(A,B,C,D,E) -> eval_play_all_bb26_in(F,G,H,I,J)

     entry  : []
     non-rec: [A=F,B=G,C=H,D=I,E=J]
     rec    : [D=I,C=H,B=G,A=F,E=J]
     inv    : [A=F,B=G,C=H,D=I,E=J]

CRS eval_play_all_bb13_in(A,B,C,D,E)

  * Non Asymptotic Upper Bound: c(failed(schemes_failed,[scc=1,cr=eval_play_all_bb13_in/5])) 

  * LOOPS eval_play_all_bb13_in(F,G,H,I,J) -> eval_play_all_bb13_in(K,L,M,N,O)
     - [I=N+1,J+1=O,F=K,G=L,H=M]
     - [I=N,J+1=O,F=K,G=L,H=M]

  * Ranking function: c(failed(no_rf,[scc=1,cr=eval_play_all_bb13_in/5]))

  * Invariants eval_play_all_bb13_in(A,B,C,D,E) -> eval_play_all_bb13_in(F,G,H,I,J)

     entry  : [E=0,B=D]
     non-rec: [A=F,B=G,C=H,D=I,E=J,E=0,B=D]
     rec    : [C=H,B=G,A=F,E=0,B=D,B>=I,I+J>=B,J>=1]
     inv    : [I+J>=B,B>=I,A=F,B=G,C=H,E=0,B=D]

CRS eval_play_all_bb2_in(A,B)

  * Non Asymptotic Upper Bound: 4*nat(A-B) 

  * LOOPS eval_play_all_bb2_in(C,D) -> eval_play_all_bb2_in(E,F)
     - [D+1=F,C=E,C>=D+1]
     - [D+1=F,C=1,E=1,0>=D]
     - [E+1=0,C+1=0,D+1=F,0>=D+2]
     - [C=E,D+1=F,C>=2,C>=D+1]
     - [C=E,D+1=F,C>=2,C>=D+1]
     - [D+1=F,C=E,E>=F,0>=E+2]
     - [D+1=F,C=E,E>=F,0>=E+2]

  * Ranking function: nat(C-D)

  * Invariants eval_play_all_bb2_in(A,B) -> eval_play_all_bb2_in(C,D)

     entry  : [B=0]
     non-rec: [A=C,B=D,B=0]
     rec    : [A=C,B=0,A>=D,D>=1]
     inv    : [D>=0,A=C,B=0]


