This is PUBS, version 0.2.
Copyright (C) 2007, 2008, 2009 UPM, UCM.
This program comes with ABSOLUTELY NO WARRANTY.
This is free software, and you are welcome to
redistribute it under certain conditions.



CRS $pubs_aux_entry$ -- THE MAIN ENTRY

  * Non Asymptotic Upper Bound: 2+c(failed(schemes_failed,[scc=0,cr=eval_write_frame_header_bb1_in/1]))+2*nat(c(maximize_failed)) 

  * LOOPS $pubs_aux_entry$ -> $pubs_aux_entry$

  * Ranking function: N/A

  * Invariants $pubs_aux_entry$ -> $pubs_aux_entry$

     entry  : []
     non-rec: []
     rec    : [0=1]
     inv    : []

CRS eval_write_frame_header_start

  * Non Asymptotic Upper Bound: 2+c(failed(schemes_failed,[scc=0,cr=eval_write_frame_header_bb1_in/1]))+2*nat(c(maximize_failed)) 

  * LOOPS eval_write_frame_header_start -> eval_write_frame_header_start

  * Ranking function: N/A

  * Invariants eval_write_frame_header_start -> eval_write_frame_header_start

     entry  : []
     non-rec: []
     rec    : [0=1]
     inv    : []

CRS eval_write_frame_header_bb0_in

  * Non Asymptotic Upper Bound: 2+c(failed(schemes_failed,[scc=0,cr=eval_write_frame_header_bb1_in/1]))+2*nat(c(maximize_failed)) 

  * LOOPS eval_write_frame_header_bb0_in -> eval_write_frame_header_bb0_in

  * Ranking function: N/A

  * Invariants eval_write_frame_header_bb0_in -> eval_write_frame_header_bb0_in

     entry  : []
     non-rec: []
     rec    : [0=1]
     inv    : []

CRS loop_cont_eval_write_frame_header_bb1_in(A,B,C,D)

  * Non Asymptotic Upper Bound: 1+2*nat(B-C) 

  * LOOPS loop_cont_eval_write_frame_header_bb1_in(E,F,G,H) -> loop_cont_eval_write_frame_header_bb1_in(I,J,K,L)

  * Ranking function: N/A

  * Invariants loop_cont_eval_write_frame_header_bb1_in(A,B,C,D) -> loop_cont_eval_write_frame_header_bb1_in(E,F,G,H)

     entry  : []
     non-rec: [A=E,B=F,C=G,D=H]
     rec    : [0=1]
     inv    : [A=E,B=F,C=G,D=H]

CRS loop_cont_eval_write_frame_header_bb7_in(A,B)

  * Non Asymptotic Upper Bound: 0 

  * LOOPS loop_cont_eval_write_frame_header_bb7_in(C,D) -> loop_cont_eval_write_frame_header_bb7_in(E,F)

  * Ranking function: N/A

  * Invariants loop_cont_eval_write_frame_header_bb7_in(A,B) -> loop_cont_eval_write_frame_header_bb7_in(C,D)

     entry  : []
     non-rec: [A=C,B=D]
     rec    : [0=1]
     inv    : [A=C,B=D]

CRS eval_write_frame_header_22

  * Non Asymptotic Upper Bound: 0 

  * LOOPS eval_write_frame_header_22 -> eval_write_frame_header_22

  * Ranking function: N/A

  * Invariants eval_write_frame_header_22 -> eval_write_frame_header_22

     entry  : []
     non-rec: []
     rec    : [0=1]
     inv    : []

CRS eval_write_frame_header_23

  * Non Asymptotic Upper Bound: 0 

  * LOOPS eval_write_frame_header_23 -> eval_write_frame_header_23

  * Ranking function: N/A

  * Invariants eval_write_frame_header_23 -> eval_write_frame_header_23

     entry  : []
     non-rec: []
     rec    : [0=1]
     inv    : []

CRS eval_write_frame_header_bb7_in(A,B)

  * Non Asymptotic Upper Bound: 2*nat(A-B) 

  * LOOPS eval_write_frame_header_bb7_in(C,D) -> eval_write_frame_header_bb7_in(E,F)
     - [D+1=F,C=E,C>=D+1]
     - [D+1=F,C=E,C>=D+1]

  * Ranking function: nat(C-D)

  * Invariants eval_write_frame_header_bb7_in(A,B) -> eval_write_frame_header_bb7_in(C,D)

     entry  : []
     non-rec: [A=C,B=D]
     rec    : [A=C,A>=D,D>=B+1]
     inv    : [D>=B,A=C]

CRS eval_write_frame_header_bb14_in

  * Non Asymptotic Upper Bound: 0 

  * LOOPS eval_write_frame_header_bb14_in -> eval_write_frame_header_bb14_in

  * Ranking function: N/A

  * Invariants eval_write_frame_header_bb14_in -> eval_write_frame_header_bb14_in

     entry  : []
     non-rec: []
     rec    : [0=1]
     inv    : []

CRS eval_write_frame_header_34

  * Non Asymptotic Upper Bound: 0 

  * LOOPS eval_write_frame_header_34 -> eval_write_frame_header_34

  * Ranking function: N/A

  * Invariants eval_write_frame_header_34 -> eval_write_frame_header_34

     entry  : []
     non-rec: []
     rec    : [0=1]
     inv    : []

CRS eval_write_frame_header_35

  * Non Asymptotic Upper Bound: 0 

  * LOOPS eval_write_frame_header_35 -> eval_write_frame_header_35

  * Ranking function: N/A

  * Invariants eval_write_frame_header_35 -> eval_write_frame_header_35

     entry  : []
     non-rec: []
     rec    : [0=1]
     inv    : []

CRS eval_write_frame_header_32

  * Non Asymptotic Upper Bound: 0 

  * LOOPS eval_write_frame_header_32 -> eval_write_frame_header_32

  * Ranking function: N/A

  * Invariants eval_write_frame_header_32 -> eval_write_frame_header_32

     entry  : []
     non-rec: []
     rec    : [0=1]
     inv    : []

CRS eval_write_frame_header_33

  * Non Asymptotic Upper Bound: 0 

  * LOOPS eval_write_frame_header_33 -> eval_write_frame_header_33

  * Ranking function: N/A

  * Invariants eval_write_frame_header_33 -> eval_write_frame_header_33

     entry  : []
     non-rec: []
     rec    : [0=1]
     inv    : []

CRS eval_write_frame_header_30

  * Non Asymptotic Upper Bound: 0 

  * LOOPS eval_write_frame_header_30 -> eval_write_frame_header_30

  * Ranking function: N/A

  * Invariants eval_write_frame_header_30 -> eval_write_frame_header_30

     entry  : []
     non-rec: []
     rec    : [0=1]
     inv    : []

CRS eval_write_frame_header_31

  * Non Asymptotic Upper Bound: 0 

  * LOOPS eval_write_frame_header_31 -> eval_write_frame_header_31

  * Ranking function: N/A

  * Invariants eval_write_frame_header_31 -> eval_write_frame_header_31

     entry  : []
     non-rec: []
     rec    : [0=1]
     inv    : []

CRS eval_write_frame_header_26

  * Non Asymptotic Upper Bound: 0 

  * LOOPS eval_write_frame_header_26 -> eval_write_frame_header_26

  * Ranking function: N/A

  * Invariants eval_write_frame_header_26 -> eval_write_frame_header_26

     entry  : []
     non-rec: []
     rec    : [0=1]
     inv    : []

CRS eval_write_frame_header_27

  * Non Asymptotic Upper Bound: 0 

  * LOOPS eval_write_frame_header_27 -> eval_write_frame_header_27

  * Ranking function: N/A

  * Invariants eval_write_frame_header_27 -> eval_write_frame_header_27

     entry  : []
     non-rec: []
     rec    : [0=1]
     inv    : []

CRS eval_write_frame_header_bb21_in

  * Non Asymptotic Upper Bound: 0 

  * LOOPS eval_write_frame_header_bb21_in -> eval_write_frame_header_bb21_in

  * Ranking function: N/A

  * Invariants eval_write_frame_header_bb21_in -> eval_write_frame_header_bb21_in

     entry  : []
     non-rec: []
     rec    : [0=1]
     inv    : []

CRS eval_write_frame_header_bb1_in(A)

  * Non Asymptotic Upper Bound: c(failed(schemes_failed,[scc=0,cr=eval_write_frame_header_bb1_in/1])) 

  * LOOPS eval_write_frame_header_bb1_in(B) -> eval_write_frame_header_bb1_in(C)
     - [B+1=C]

  * Ranking function: c(failed(no_rf,[scc=0,cr=eval_write_frame_header_bb1_in/1]))

  * Invariants eval_write_frame_header_bb1_in(A) -> eval_write_frame_header_bb1_in(B)

     entry  : [A=0]
     non-rec: [A=B,A=0]
     rec    : [A=0,B>=1]
     inv    : [B>=0,A=0]


