This is PUBS, version 0.2.
Copyright (C) 2007, 2008, 2009 UPM, UCM.
This program comes with ABSOLUTELY NO WARRANTY.
This is free software, and you are welcome to
redistribute it under certain conditions.



CRS $pubs_aux_entry$ -- THE MAIN ENTRY

  * Non Asymptotic Upper Bound: max([1+c(failed(schemes_failed,[scc=0,cr=eval_select_scan_parameters_bb8_in/1])),1+c(failed(schemes_failed,[scc=7,cr=eval_select_scan_parameters_bb2_in/1]))]) 

  * LOOPS $pubs_aux_entry$ -> $pubs_aux_entry$

  * Ranking function: N/A

  * Invariants $pubs_aux_entry$ -> $pubs_aux_entry$

     entry  : []
     non-rec: []
     rec    : [0=1]
     inv    : []

CRS eval_select_scan_parameters_start

  * Non Asymptotic Upper Bound: max([1+c(failed(schemes_failed,[scc=0,cr=eval_select_scan_parameters_bb8_in/1])),1+c(failed(schemes_failed,[scc=7,cr=eval_select_scan_parameters_bb2_in/1]))]) 

  * LOOPS eval_select_scan_parameters_start -> eval_select_scan_parameters_start

  * Ranking function: N/A

  * Invariants eval_select_scan_parameters_start -> eval_select_scan_parameters_start

     entry  : []
     non-rec: []
     rec    : [0=1]
     inv    : []

CRS eval_select_scan_parameters_bb0_in

  * Non Asymptotic Upper Bound: max([1+c(failed(schemes_failed,[scc=0,cr=eval_select_scan_parameters_bb8_in/1])),1+c(failed(schemes_failed,[scc=7,cr=eval_select_scan_parameters_bb2_in/1]))]) 

  * LOOPS eval_select_scan_parameters_bb0_in -> eval_select_scan_parameters_bb0_in

  * Ranking function: N/A

  * Invariants eval_select_scan_parameters_bb0_in -> eval_select_scan_parameters_bb0_in

     entry  : []
     non-rec: []
     rec    : [0=1]
     inv    : []

CRS loop_cont_eval_select_scan_parameters_bb2_in(A,B)

  * Non Asymptotic Upper Bound: 0 

  * LOOPS loop_cont_eval_select_scan_parameters_bb2_in(C,D) -> loop_cont_eval_select_scan_parameters_bb2_in(E,F)

  * Ranking function: N/A

  * Invariants loop_cont_eval_select_scan_parameters_bb2_in(A,B) -> loop_cont_eval_select_scan_parameters_bb2_in(C,D)

     entry  : []
     non-rec: [A=C,B=D]
     rec    : [0=1]
     inv    : [A=C,B=D]

CRS eval_select_scan_parameters_bb2_in(A)

  * Non Asymptotic Upper Bound: c(failed(schemes_failed,[scc=7,cr=eval_select_scan_parameters_bb2_in/1])) 

  * LOOPS eval_select_scan_parameters_bb2_in(B) -> eval_select_scan_parameters_bb2_in(C)
     - [B+1=C]

  * Ranking function: c(failed(no_rf,[scc=7,cr=eval_select_scan_parameters_bb2_in/1]))

  * Invariants eval_select_scan_parameters_bb2_in(A) -> eval_select_scan_parameters_bb2_in(B)

     entry  : [A=0]
     non-rec: [A=B,A=0]
     rec    : [A=0,B>=1]
     inv    : [B>=0,A=0]

CRS eval_select_scan_parameters_29

  * Non Asymptotic Upper Bound: 1+c(failed(schemes_failed,[scc=0,cr=eval_select_scan_parameters_bb8_in/1])) 

  * LOOPS eval_select_scan_parameters_29 -> eval_select_scan_parameters_29

  * Ranking function: N/A

  * Invariants eval_select_scan_parameters_29 -> eval_select_scan_parameters_29

     entry  : []
     non-rec: []
     rec    : [0=1]
     inv    : []

CRS eval_select_scan_parameters_30

  * Non Asymptotic Upper Bound: 1+c(failed(schemes_failed,[scc=0,cr=eval_select_scan_parameters_bb8_in/1])) 

  * LOOPS eval_select_scan_parameters_30 -> eval_select_scan_parameters_30

  * Ranking function: N/A

  * Invariants eval_select_scan_parameters_30 -> eval_select_scan_parameters_30

     entry  : []
     non-rec: []
     rec    : [0=1]
     inv    : []

CRS eval_select_scan_parameters_bb7_in

  * Non Asymptotic Upper Bound: 1+c(failed(schemes_failed,[scc=0,cr=eval_select_scan_parameters_bb8_in/1])) 

  * LOOPS eval_select_scan_parameters_bb7_in -> eval_select_scan_parameters_bb7_in

  * Ranking function: N/A

  * Invariants eval_select_scan_parameters_bb7_in -> eval_select_scan_parameters_bb7_in

     entry  : []
     non-rec: []
     rec    : [0=1]
     inv    : []

CRS loop_cont_eval_select_scan_parameters_bb8_in(A,B)

  * Non Asymptotic Upper Bound: 0 

  * LOOPS loop_cont_eval_select_scan_parameters_bb8_in(C,D) -> loop_cont_eval_select_scan_parameters_bb8_in(E,F)

  * Ranking function: N/A

  * Invariants loop_cont_eval_select_scan_parameters_bb8_in(A,B) -> loop_cont_eval_select_scan_parameters_bb8_in(C,D)

     entry  : []
     non-rec: [A=C,B=D]
     rec    : [0=1]
     inv    : [A=C,B=D]

CRS eval_select_scan_parameters_bb11_in

  * Non Asymptotic Upper Bound: 0 

  * LOOPS eval_select_scan_parameters_bb11_in -> eval_select_scan_parameters_bb11_in

  * Ranking function: N/A

  * Invariants eval_select_scan_parameters_bb11_in -> eval_select_scan_parameters_bb11_in

     entry  : []
     non-rec: []
     rec    : [0=1]
     inv    : []

CRS eval_select_scan_parameters_bb8_in(A)

  * Non Asymptotic Upper Bound: c(failed(schemes_failed,[scc=0,cr=eval_select_scan_parameters_bb8_in/1])) 

  * LOOPS eval_select_scan_parameters_bb8_in(B) -> eval_select_scan_parameters_bb8_in(C)
     - [B+1=C]

  * Ranking function: c(failed(no_rf,[scc=0,cr=eval_select_scan_parameters_bb8_in/1]))

  * Invariants eval_select_scan_parameters_bb8_in(A) -> eval_select_scan_parameters_bb8_in(B)

     entry  : [A=0]
     non-rec: [A=B,A=0]
     rec    : [A=0,B>=1]
     inv    : [B>=0,A=0]


