This is PUBS, version 0.2.
Copyright (C) 2007, 2008, 2009 UPM, UCM.
This program comes with ABSOLUTELY NO WARRANTY.
This is free software, and you are welcome to
redistribute it under certain conditions.



CRS $pubs_aux_entry$(A,B,C,D,E) -- THE MAIN ENTRY

  * Non Asymptotic Upper Bound: 1+nat(A) 

  * LOOPS $pubs_aux_entry$(F,G,H,I,J) -> $pubs_aux_entry$(K,L,M,N,O)

  * Ranking function: N/A

  * Invariants $pubs_aux_entry$(A,B,C,D,E) -> $pubs_aux_entry$(F,G,H,I,J)

     entry  : []
     non-rec: [A=F,B=G,C=H,D=I,E=J]
     rec    : [0=1]
     inv    : [A=F,B=G,C=H,D=I,E=J]

CRS eval_fill_scans_start(A,B,C,D,E)

  * Non Asymptotic Upper Bound: 1+nat(A) 

  * LOOPS eval_fill_scans_start(F,G,H,I,J) -> eval_fill_scans_start(K,L,M,N,O)

  * Ranking function: N/A

  * Invariants eval_fill_scans_start(A,B,C,D,E) -> eval_fill_scans_start(F,G,H,I,J)

     entry  : []
     non-rec: [A=F,B=G,C=H,D=I,E=J]
     rec    : [0=1]
     inv    : [A=F,B=G,C=H,D=I,E=J]

CRS eval_fill_scans_bb0_in(A)

  * Non Asymptotic Upper Bound: 1+nat(A) 

  * LOOPS eval_fill_scans_bb0_in(B) -> eval_fill_scans_bb0_in(C)

  * Ranking function: N/A

  * Invariants eval_fill_scans_bb0_in(A) -> eval_fill_scans_bb0_in(B)

     entry  : []
     non-rec: [A=B]
     rec    : [0=1]
     inv    : [A=B]

CRS loop_cont_eval_fill_scans_bb1_in(A,B)

  * Non Asymptotic Upper Bound: 0 

  * LOOPS loop_cont_eval_fill_scans_bb1_in(C,D) -> loop_cont_eval_fill_scans_bb1_in(E,F)

  * Ranking function: N/A

  * Invariants loop_cont_eval_fill_scans_bb1_in(A,B) -> loop_cont_eval_fill_scans_bb1_in(C,D)

     entry  : [A=2]
     non-rec: [A=C,B=D,A=2]
     rec    : [0=1]
     inv    : [A=2,C=2,B=D]

CRS eval_fill_scans_bb1_in(A,B)

  * Non Asymptotic Upper Bound: nat(A-B) 

  * LOOPS eval_fill_scans_bb1_in(C,D) -> eval_fill_scans_bb1_in(E,F)
     - [D+1=F,C=E,C>=F]

  * Ranking function: nat(C-D)

  * Invariants eval_fill_scans_bb1_in(A,B) -> eval_fill_scans_bb1_in(C,D)

     entry  : [B=0]
     non-rec: [A=C,B=D,B=0]
     rec    : [A=C,B=0,A>=D,D>=1]
     inv    : [D>=0,A=C,B=0]


