This is PUBS, version 0.2.
Copyright (C) 2007, 2008, 2009 UPM, UCM.
This program comes with ABSOLUTELY NO WARRANTY.
This is free software, and you are welcome to
redistribute it under certain conditions.



CRS $pubs_aux_entry$(A,B,C) -- THE MAIN ENTRY

  * Non Asymptotic Upper Bound: 2+nat(c(maximize_failed))+nat(c(maximize_failed)) 

  * LOOPS $pubs_aux_entry$(D,E,F) -> $pubs_aux_entry$(G,H,I)

  * Ranking function: N/A

  * Invariants $pubs_aux_entry$(A,B,C) -> $pubs_aux_entry$(D,E,F)

     entry  : []
     non-rec: [A=D,B=E,C=F]
     rec    : [0=1]
     inv    : [A=D,B=E,C=F]

CRS eval_find_nearby_colors_start(A,B,C)

  * Non Asymptotic Upper Bound: 2+nat(c(maximize_failed))+nat(c(maximize_failed)) 

  * LOOPS eval_find_nearby_colors_start(D,E,F) -> eval_find_nearby_colors_start(G,H,I)

  * Ranking function: N/A

  * Invariants eval_find_nearby_colors_start(A,B,C) -> eval_find_nearby_colors_start(D,E,F)

     entry  : []
     non-rec: [A=D,B=E,C=F]
     rec    : [0=1]
     inv    : [A=D,B=E,C=F]

CRS eval_find_nearby_colors_bb0_in

  * Non Asymptotic Upper Bound: 2+nat(c(maximize_failed))+nat(c(maximize_failed)) 

  * LOOPS eval_find_nearby_colors_bb0_in -> eval_find_nearby_colors_bb0_in

  * Ranking function: N/A

  * Invariants eval_find_nearby_colors_bb0_in -> eval_find_nearby_colors_bb0_in

     entry  : []
     non-rec: []
     rec    : [0=1]
     inv    : []

CRS loop_cont_eval_find_nearby_colors_bb1_in(A,B,C,D)

  * Non Asymptotic Upper Bound: 1+nat(B) 

  * LOOPS loop_cont_eval_find_nearby_colors_bb1_in(E,F,G,H) -> loop_cont_eval_find_nearby_colors_bb1_in(I,J,K,L)

  * Ranking function: N/A

  * Invariants loop_cont_eval_find_nearby_colors_bb1_in(A,B,C,D) -> loop_cont_eval_find_nearby_colors_bb1_in(E,F,G,H)

     entry  : [A=3,C=0]
     non-rec: [A=E,B=F,C=G,D=H,A=3,C=0]
     rec    : [0=1]
     inv    : [A=3,C=0,E=3,B=F,G=0,D=H]

CRS loop_cont_eval_find_nearby_colors_bb24_in(A,B)

  * Non Asymptotic Upper Bound: 0 

  * LOOPS loop_cont_eval_find_nearby_colors_bb24_in(C,D) -> loop_cont_eval_find_nearby_colors_bb24_in(E,F)

  * Ranking function: N/A

  * Invariants loop_cont_eval_find_nearby_colors_bb24_in(A,B) -> loop_cont_eval_find_nearby_colors_bb24_in(C,D)

     entry  : [A=2]
     non-rec: [A=C,B=D,A=2]
     rec    : [0=1]
     inv    : [A=2,C=2,B=D]

CRS eval_find_nearby_colors_bb24_in(A,B)

  * Non Asymptotic Upper Bound: nat(A-B) 

  * LOOPS eval_find_nearby_colors_bb24_in(C,D) -> eval_find_nearby_colors_bb24_in(E,F)
     - [D+1=F,C=E,C>=D+1]

  * Ranking function: nat(C-D)

  * Invariants eval_find_nearby_colors_bb24_in(A,B) -> eval_find_nearby_colors_bb24_in(C,D)

     entry  : [B=0]
     non-rec: [A=C,B=D,B=0]
     rec    : [A=C,B=0,A>=D,D>=1]
     inv    : [D>=0,A=C,B=0]

CRS eval_find_nearby_colors_bb1_in(A,B)

  * Non Asymptotic Upper Bound: nat(A-B) 

  * LOOPS eval_find_nearby_colors_bb1_in(C,D) -> eval_find_nearby_colors_bb1_in(E,F)
     - [D+1=F,C=E,C>=D+1]

  * Ranking function: nat(C-D)

  * Invariants eval_find_nearby_colors_bb1_in(A,B) -> eval_find_nearby_colors_bb1_in(C,D)

     entry  : [B=0]
     non-rec: [A=C,B=D,B=0]
     rec    : [A=C,B=0,A>=D,D>=1]
     inv    : [D>=0,A=C,B=0]


