This is PUBS, version 0.2.
Copyright (C) 2007, 2008, 2009 UPM, UCM.
This program comes with ABSOLUTELY NO WARRANTY.
This is free software, and you are welcome to
redistribute it under certain conditions.



CRS $pubs_aux_entry$(A) -- THE MAIN ENTRY

  * Non Asymptotic Upper Bound: 1+c(failed(schemes_failed,[scc=0,cr=eval_copy_buffer_bb3_in/1])) 

  * LOOPS $pubs_aux_entry$(B) -> $pubs_aux_entry$(C)

  * Ranking function: N/A

  * Invariants $pubs_aux_entry$(A) -> $pubs_aux_entry$(B)

     entry  : []
     non-rec: [A=B]
     rec    : [0=1]
     inv    : [A=B]

CRS eval_copy_buffer_start(A)

  * Non Asymptotic Upper Bound: 1+c(failed(schemes_failed,[scc=0,cr=eval_copy_buffer_bb3_in/1])) 

  * LOOPS eval_copy_buffer_start(B) -> eval_copy_buffer_start(C)

  * Ranking function: N/A

  * Invariants eval_copy_buffer_start(A) -> eval_copy_buffer_start(B)

     entry  : []
     non-rec: [A=B]
     rec    : [0=1]
     inv    : [A=B]

CRS eval_copy_buffer_bb0_in

  * Non Asymptotic Upper Bound: 1+c(failed(schemes_failed,[scc=0,cr=eval_copy_buffer_bb3_in/1])) 

  * LOOPS eval_copy_buffer_bb0_in -> eval_copy_buffer_bb0_in

  * Ranking function: N/A

  * Invariants eval_copy_buffer_bb0_in -> eval_copy_buffer_bb0_in

     entry  : []
     non-rec: []
     rec    : [0=1]
     inv    : []

CRS eval_copy_buffer_bb2_in

  * Non Asymptotic Upper Bound: 1+c(failed(schemes_failed,[scc=0,cr=eval_copy_buffer_bb3_in/1])) 

  * LOOPS eval_copy_buffer_bb2_in -> eval_copy_buffer_bb2_in

  * Ranking function: N/A

  * Invariants eval_copy_buffer_bb2_in -> eval_copy_buffer_bb2_in

     entry  : []
     non-rec: []
     rec    : [0=1]
     inv    : []

CRS loop_cont_eval_copy_buffer_bb3_in(A,B)

  * Non Asymptotic Upper Bound: 0 

  * LOOPS loop_cont_eval_copy_buffer_bb3_in(C,D) -> loop_cont_eval_copy_buffer_bb3_in(E,F)

  * Ranking function: N/A

  * Invariants loop_cont_eval_copy_buffer_bb3_in(A,B) -> loop_cont_eval_copy_buffer_bb3_in(C,D)

     entry  : []
     non-rec: [A=C,B=D]
     rec    : [0=1]
     inv    : [A=C,B=D]

CRS eval_copy_buffer_24

  * Non Asymptotic Upper Bound: 0 

  * LOOPS eval_copy_buffer_24 -> eval_copy_buffer_24

  * Ranking function: N/A

  * Invariants eval_copy_buffer_24 -> eval_copy_buffer_24

     entry  : []
     non-rec: []
     rec    : [0=1]
     inv    : []

CRS eval_copy_buffer_25

  * Non Asymptotic Upper Bound: 0 

  * LOOPS eval_copy_buffer_25 -> eval_copy_buffer_25

  * Ranking function: N/A

  * Invariants eval_copy_buffer_25 -> eval_copy_buffer_25

     entry  : []
     non-rec: []
     rec    : [0=1]
     inv    : []

CRS eval_copy_buffer_22

  * Non Asymptotic Upper Bound: 0 

  * LOOPS eval_copy_buffer_22 -> eval_copy_buffer_22

  * Ranking function: N/A

  * Invariants eval_copy_buffer_22 -> eval_copy_buffer_22

     entry  : []
     non-rec: []
     rec    : [0=1]
     inv    : []

CRS eval_copy_buffer_23

  * Non Asymptotic Upper Bound: 0 

  * LOOPS eval_copy_buffer_23 -> eval_copy_buffer_23

  * Ranking function: N/A

  * Invariants eval_copy_buffer_23 -> eval_copy_buffer_23

     entry  : []
     non-rec: []
     rec    : [0=1]
     inv    : []

CRS eval_copy_buffer_bb7_in

  * Non Asymptotic Upper Bound: 0 

  * LOOPS eval_copy_buffer_bb7_in -> eval_copy_buffer_bb7_in

  * Ranking function: N/A

  * Invariants eval_copy_buffer_bb7_in -> eval_copy_buffer_bb7_in

     entry  : []
     non-rec: []
     rec    : [0=1]
     inv    : []

CRS eval_copy_buffer_bb3_in(A)

  * Non Asymptotic Upper Bound: c(failed(schemes_failed,[scc=0,cr=eval_copy_buffer_bb3_in/1])) 

  * LOOPS eval_copy_buffer_bb3_in(B) -> eval_copy_buffer_bb3_in(C)
     - [B=C+1]

  * Ranking function: c(failed(no_rf,[scc=0,cr=eval_copy_buffer_bb3_in/1]))

  * Invariants eval_copy_buffer_bb3_in(A) -> eval_copy_buffer_bb3_in(B)

     entry  : []
     non-rec: [A=B]
     rec    : [A>=B+1]
     inv    : [A>=B]


