This is PUBS, version 0.2.
Copyright (C) 2007, 2008, 2009 UPM, UCM.
This program comes with ABSOLUTELY NO WARRANTY.
This is free software, and you are welcome to
redistribute it under certain conditions.



CRS $pubs_aux_entry$ -- THE MAIN ENTRY

  * Non Asymptotic Upper Bound: 1+c(failed(schemes_failed,[scc=2,cr=eval_pat_insert_bb3_in/0]))+max([1+nat(c(maximize_failed)),2+nat(c(maximize_failed))+c(failed(schemes_failed,[scc=16,cr=eval_pat_insert_bb14_in/1]))]) 

  * LOOPS $pubs_aux_entry$ -> $pubs_aux_entry$

  * Ranking function: N/A

  * Invariants $pubs_aux_entry$ -> $pubs_aux_entry$

     entry  : []
     non-rec: []
     rec    : [0=1]
     inv    : []

CRS eval_pat_insert_start

  * Non Asymptotic Upper Bound: 1+c(failed(schemes_failed,[scc=2,cr=eval_pat_insert_bb3_in/0]))+max([1+nat(c(maximize_failed)),2+nat(c(maximize_failed))+c(failed(schemes_failed,[scc=16,cr=eval_pat_insert_bb14_in/1]))]) 

  * LOOPS eval_pat_insert_start -> eval_pat_insert_start

  * Ranking function: N/A

  * Invariants eval_pat_insert_start -> eval_pat_insert_start

     entry  : []
     non-rec: []
     rec    : [0=1]
     inv    : []

CRS eval_pat_insert_bb0_in

  * Non Asymptotic Upper Bound: 1+c(failed(schemes_failed,[scc=2,cr=eval_pat_insert_bb3_in/0]))+max([1+nat(c(maximize_failed)),2+nat(c(maximize_failed))+c(failed(schemes_failed,[scc=16,cr=eval_pat_insert_bb14_in/1]))]) 

  * LOOPS eval_pat_insert_bb0_in -> eval_pat_insert_bb0_in

  * Ranking function: N/A

  * Invariants eval_pat_insert_bb0_in -> eval_pat_insert_bb0_in

     entry  : []
     non-rec: []
     rec    : [0=1]
     inv    : []

CRS loop_cont_eval_pat_insert_bb3_in(A,B,C,D)

  * Non Asymptotic Upper Bound: max([1+nat(-B+32),2+nat(B-C)+c(failed(schemes_failed,[scc=16,cr=eval_pat_insert_bb14_in/1]))]) 

  * LOOPS loop_cont_eval_pat_insert_bb3_in(E,F,G,H) -> loop_cont_eval_pat_insert_bb3_in(I,J,K,L)

  * Ranking function: N/A

  * Invariants loop_cont_eval_pat_insert_bb3_in(A,B,C,D) -> loop_cont_eval_pat_insert_bb3_in(E,F,G,H)

     entry  : []
     non-rec: [A=E,B=F,C=G,D=H]
     rec    : [0=1]
     inv    : [A=E,B=F,C=G,D=H]

CRS loop_cont_eval_pat_insert_bb9_in(A,B,C)

  * Non Asymptotic Upper Bound: 1+c(failed(schemes_failed,[scc=16,cr=eval_pat_insert_bb14_in/1])) 

  * LOOPS loop_cont_eval_pat_insert_bb9_in(D,E,F) -> loop_cont_eval_pat_insert_bb9_in(G,H,I)

  * Ranking function: N/A

  * Invariants loop_cont_eval_pat_insert_bb9_in(A,B,C) -> loop_cont_eval_pat_insert_bb9_in(D,E,F)

     entry  : []
     non-rec: [A=D,B=E,C=F]
     rec    : [0=1]
     inv    : [A=D,B=E,C=F]

CRS eval_pat_insert_37(A)

  * Non Asymptotic Upper Bound: 1+c(failed(schemes_failed,[scc=16,cr=eval_pat_insert_bb14_in/1])) 

  * LOOPS eval_pat_insert_37(B) -> eval_pat_insert_37(C)

  * Ranking function: N/A

  * Invariants eval_pat_insert_37(A) -> eval_pat_insert_37(B)

     entry  : []
     non-rec: [A=B]
     rec    : [0=1]
     inv    : [A=B]

CRS eval_pat_insert_38

  * Non Asymptotic Upper Bound: 1+c(failed(schemes_failed,[scc=16,cr=eval_pat_insert_bb14_in/1])) 

  * LOOPS eval_pat_insert_38 -> eval_pat_insert_38

  * Ranking function: N/A

  * Invariants eval_pat_insert_38 -> eval_pat_insert_38

     entry  : []
     non-rec: []
     rec    : [0=1]
     inv    : []

CRS loop_cont_eval_pat_insert_bb14_in(A,B)

  * Non Asymptotic Upper Bound: 0 

  * LOOPS loop_cont_eval_pat_insert_bb14_in(C,D) -> loop_cont_eval_pat_insert_bb14_in(E,F)

  * Ranking function: N/A

  * Invariants loop_cont_eval_pat_insert_bb14_in(A,B) -> loop_cont_eval_pat_insert_bb14_in(C,D)

     entry  : []
     non-rec: [A=C,B=D]
     rec    : [0=1]
     inv    : [A=C,B=D]

CRS eval_pat_insert_53

  * Non Asymptotic Upper Bound: 0 

  * LOOPS eval_pat_insert_53 -> eval_pat_insert_53

  * Ranking function: N/A

  * Invariants eval_pat_insert_53 -> eval_pat_insert_53

     entry  : []
     non-rec: []
     rec    : [0=1]
     inv    : []

CRS eval_pat_insert_54

  * Non Asymptotic Upper Bound: 0 

  * LOOPS eval_pat_insert_54 -> eval_pat_insert_54

  * Ranking function: N/A

  * Invariants eval_pat_insert_54 -> eval_pat_insert_54

     entry  : []
     non-rec: []
     rec    : [0=1]
     inv    : []

CRS eval_pat_insert_bb21_in

  * Non Asymptotic Upper Bound: 0 

  * LOOPS eval_pat_insert_bb21_in -> eval_pat_insert_bb21_in

  * Ranking function: N/A

  * Invariants eval_pat_insert_bb21_in -> eval_pat_insert_bb21_in

     entry  : []
     non-rec: []
     rec    : [0=1]
     inv    : []

CRS eval_pat_insert_55

  * Non Asymptotic Upper Bound: 0 

  * LOOPS eval_pat_insert_55 -> eval_pat_insert_55

  * Ranking function: N/A

  * Invariants eval_pat_insert_55 -> eval_pat_insert_55

     entry  : []
     non-rec: []
     rec    : [0=1]
     inv    : []

CRS eval_pat_insert_56

  * Non Asymptotic Upper Bound: 0 

  * LOOPS eval_pat_insert_56 -> eval_pat_insert_56

  * Ranking function: N/A

  * Invariants eval_pat_insert_56 -> eval_pat_insert_56

     entry  : []
     non-rec: []
     rec    : [0=1]
     inv    : []

CRS eval_pat_insert_57

  * Non Asymptotic Upper Bound: 0 

  * LOOPS eval_pat_insert_57 -> eval_pat_insert_57

  * Ranking function: N/A

  * Invariants eval_pat_insert_57 -> eval_pat_insert_57

     entry  : []
     non-rec: []
     rec    : [0=1]
     inv    : []

CRS eval_pat_insert_60

  * Non Asymptotic Upper Bound: 0 

  * LOOPS eval_pat_insert_60 -> eval_pat_insert_60

  * Ranking function: N/A

  * Invariants eval_pat_insert_60 -> eval_pat_insert_60

     entry  : []
     non-rec: []
     rec    : [0=1]
     inv    : []

CRS eval_pat_insert_61

  * Non Asymptotic Upper Bound: 0 

  * LOOPS eval_pat_insert_61 -> eval_pat_insert_61

  * Ranking function: N/A

  * Invariants eval_pat_insert_61 -> eval_pat_insert_61

     entry  : []
     non-rec: []
     rec    : [0=1]
     inv    : []

CRS eval_pat_insert_bb14_in(A)

  * Non Asymptotic Upper Bound: c(failed(schemes_failed,[scc=16,cr=eval_pat_insert_bb14_in/1])) 

  * LOOPS eval_pat_insert_bb14_in(B) -> eval_pat_insert_bb14_in(C)
     - [B+1=C]
     - [B=C]

  * Ranking function: c(failed(no_rf,[scc=16,cr=eval_pat_insert_bb14_in/1]))

  * Invariants eval_pat_insert_bb14_in(A) -> eval_pat_insert_bb14_in(B)

     entry  : [A=0]
     non-rec: [A=B,A=0]
     rec    : [A=0,B>=0]
     inv    : [B>=0,A=0]

CRS eval_pat_insert_27

  * Non Asymptotic Upper Bound: 0 

  * LOOPS eval_pat_insert_27 -> eval_pat_insert_27

  * Ranking function: N/A

  * Invariants eval_pat_insert_27 -> eval_pat_insert_27

     entry  : []
     non-rec: []
     rec    : [0=1]
     inv    : []

CRS eval_pat_insert_28

  * Non Asymptotic Upper Bound: 0 

  * LOOPS eval_pat_insert_28 -> eval_pat_insert_28

  * Ranking function: N/A

  * Invariants eval_pat_insert_28 -> eval_pat_insert_28

     entry  : []
     non-rec: []
     rec    : [0=1]
     inv    : []

CRS eval_pat_insert_29

  * Non Asymptotic Upper Bound: 0 

  * LOOPS eval_pat_insert_29 -> eval_pat_insert_29

  * Ranking function: N/A

  * Invariants eval_pat_insert_29 -> eval_pat_insert_29

     entry  : []
     non-rec: []
     rec    : [0=1]
     inv    : []

CRS loop_cont_eval_pat_insert_bb23_in(A,B,C)

  * Non Asymptotic Upper Bound: 0 

  * LOOPS loop_cont_eval_pat_insert_bb23_in(D,E,F) -> loop_cont_eval_pat_insert_bb23_in(G,H,I)

  * Ranking function: N/A

  * Invariants loop_cont_eval_pat_insert_bb23_in(A,B,C) -> loop_cont_eval_pat_insert_bb23_in(D,E,F)

     entry  : []
     non-rec: [A=D,B=E,C=F]
     rec    : [0=1]
     inv    : [A=D,B=E,C=F]

CRS eval_pat_insert_bb26_in(A)

  * Non Asymptotic Upper Bound: 0 

  * LOOPS eval_pat_insert_bb26_in(B) -> eval_pat_insert_bb26_in(C)

  * Ranking function: N/A

  * Invariants eval_pat_insert_bb26_in(A) -> eval_pat_insert_bb26_in(B)

     entry  : []
     non-rec: [A=B]
     rec    : [0=1]
     inv    : [A=B]

CRS eval_pat_insert_73(A,B,C)

  * Non Asymptotic Upper Bound: 0 

  * LOOPS eval_pat_insert_73(D,E,F) -> eval_pat_insert_73(G,H,I)

  * Ranking function: N/A

  * Invariants eval_pat_insert_73(A,B,C) -> eval_pat_insert_73(D,E,F)

     entry  : []
     non-rec: [A=D,B=E,C=F]
     rec    : [0=1]
     inv    : [A=D,B=E,C=F]

CRS eval_pat_insert_74(A)

  * Non Asymptotic Upper Bound: 0 

  * LOOPS eval_pat_insert_74(B) -> eval_pat_insert_74(C)

  * Ranking function: N/A

  * Invariants eval_pat_insert_74(A) -> eval_pat_insert_74(B)

     entry  : []
     non-rec: [A=B]
     rec    : [0=1]
     inv    : [A=B]

CRS eval_pat_insert_78(A)

  * Non Asymptotic Upper Bound: 0 

  * LOOPS eval_pat_insert_78(B) -> eval_pat_insert_78(C)

  * Ranking function: N/A

  * Invariants eval_pat_insert_78(A) -> eval_pat_insert_78(B)

     entry  : []
     non-rec: [A=B]
     rec    : [0=1]
     inv    : [A=B]

CRS eval_pat_insert_79

  * Non Asymptotic Upper Bound: 0 

  * LOOPS eval_pat_insert_79 -> eval_pat_insert_79

  * Ranking function: N/A

  * Invariants eval_pat_insert_79 -> eval_pat_insert_79

     entry  : []
     non-rec: []
     rec    : [0=1]
     inv    : []

CRS eval_pat_insert_75(A)

  * Non Asymptotic Upper Bound: 0 

  * LOOPS eval_pat_insert_75(B) -> eval_pat_insert_75(C)

  * Ranking function: N/A

  * Invariants eval_pat_insert_75(A) -> eval_pat_insert_75(B)

     entry  : []
     non-rec: [A=B]
     rec    : [0=1]
     inv    : [A=B]

CRS eval_pat_insert_76

  * Non Asymptotic Upper Bound: 0 

  * LOOPS eval_pat_insert_76 -> eval_pat_insert_76

  * Ranking function: N/A

  * Invariants eval_pat_insert_76 -> eval_pat_insert_76

     entry  : []
     non-rec: []
     rec    : [0=1]
     inv    : []

CRS eval_pat_insert_bb9_in(A,B)

  * Non Asymptotic Upper Bound: nat(A-B) 

  * LOOPS eval_pat_insert_bb9_in(C,D) -> eval_pat_insert_bb9_in(E,F)
     - [D+1=F,C=E,C>=F]

  * Ranking function: nat(C-D)

  * Invariants eval_pat_insert_bb9_in(A,B) -> eval_pat_insert_bb9_in(C,D)

     entry  : []
     non-rec: [A=C,B=D]
     rec    : [A=C,A>=D,D>=B+1]
     inv    : [D>=B,A=C]

CRS eval_pat_insert_bb23_in(A)

  * Non Asymptotic Upper Bound: nat(-A+32) 

  * LOOPS eval_pat_insert_bb23_in(B) -> eval_pat_insert_bb23_in(C)
     - [B+1=C,31>=B]

  * Ranking function: nat(-B+32)

  * Invariants eval_pat_insert_bb23_in(A) -> eval_pat_insert_bb23_in(B)

     entry  : []
     non-rec: [A=B]
     rec    : [32>=B,B>=A+1]
     inv    : [B>=A]

CRS eval_pat_insert_bb3_in

  * Non Asymptotic Upper Bound: c(failed(schemes_failed,[scc=2,cr=eval_pat_insert_bb3_in/0])) 

  * LOOPS eval_pat_insert_bb3_in -> eval_pat_insert_bb3_in
     - []

  * Ranking function: c(failed(no_rf,[scc=2,cr=eval_pat_insert_bb3_in/0]))

  * Invariants eval_pat_insert_bb3_in -> eval_pat_insert_bb3_in

     entry  : []
     non-rec: []
     rec    : []
     inv    : []

CRS eval_pat_insert_bb29_in

  * Non Asymptotic Upper Bound: 0 

  * LOOPS eval_pat_insert_bb29_in -> eval_pat_insert_bb29_in

  * Ranking function: N/A

  * Invariants eval_pat_insert_bb29_in -> eval_pat_insert_bb29_in

     entry  : []
     non-rec: []
     rec    : [0=1]
     inv    : []


