This is PUBS, version 0.2.
Copyright (C) 2007, 2008, 2009 UPM, UCM.
This program comes with ABSOLUTELY NO WARRANTY.
This is free software, and you are welcome to
redistribute it under certain conditions.



CRS $pubs_aux_entry$(A,B) -- THE MAIN ENTRY

  * Non Asymptotic Upper Bound: 1+c(failed(schemes_failed,[scc=0,cr=eval_gx_cpath_scale_exp2_bb4_in/0])) 

  * LOOPS $pubs_aux_entry$(C,D) -> $pubs_aux_entry$(E,F)

  * Ranking function: N/A

  * Invariants $pubs_aux_entry$(A,B) -> $pubs_aux_entry$(C,D)

     entry  : []
     non-rec: [A=C,B=D]
     rec    : [0=1]
     inv    : [A=C,B=D]

CRS eval_gx_cpath_scale_exp2_start(A,B)

  * Non Asymptotic Upper Bound: 1+c(failed(schemes_failed,[scc=0,cr=eval_gx_cpath_scale_exp2_bb4_in/0])) 

  * LOOPS eval_gx_cpath_scale_exp2_start(C,D) -> eval_gx_cpath_scale_exp2_start(E,F)

  * Ranking function: N/A

  * Invariants eval_gx_cpath_scale_exp2_start(A,B) -> eval_gx_cpath_scale_exp2_start(C,D)

     entry  : []
     non-rec: [A=C,B=D]
     rec    : [0=1]
     inv    : [A=C,B=D]

CRS eval_gx_cpath_scale_exp2_bb0_in(A,B)

  * Non Asymptotic Upper Bound: 1+c(failed(schemes_failed,[scc=0,cr=eval_gx_cpath_scale_exp2_bb4_in/0])) 

  * LOOPS eval_gx_cpath_scale_exp2_bb0_in(C,D) -> eval_gx_cpath_scale_exp2_bb0_in(E,F)

  * Ranking function: N/A

  * Invariants eval_gx_cpath_scale_exp2_bb0_in(A,B) -> eval_gx_cpath_scale_exp2_bb0_in(C,D)

     entry  : []
     non-rec: [A=C,B=D]
     rec    : [0=1]
     inv    : [A=C,B=D]

CRS eval_gx_cpath_scale_exp2_0(A,B)

  * Non Asymptotic Upper Bound: 1+c(failed(schemes_failed,[scc=0,cr=eval_gx_cpath_scale_exp2_bb4_in/0])) 

  * LOOPS eval_gx_cpath_scale_exp2_0(C,D) -> eval_gx_cpath_scale_exp2_0(E,F)

  * Ranking function: N/A

  * Invariants eval_gx_cpath_scale_exp2_0(A,B) -> eval_gx_cpath_scale_exp2_0(C,D)

     entry  : []
     non-rec: [A=C,B=D]
     rec    : [0=1]
     inv    : [A=C,B=D]

CRS eval_gx_cpath_scale_exp2_1(A,B)

  * Non Asymptotic Upper Bound: 1+c(failed(schemes_failed,[scc=0,cr=eval_gx_cpath_scale_exp2_bb4_in/0])) 

  * LOOPS eval_gx_cpath_scale_exp2_1(C,D) -> eval_gx_cpath_scale_exp2_1(E,F)

  * Ranking function: N/A

  * Invariants eval_gx_cpath_scale_exp2_1(A,B) -> eval_gx_cpath_scale_exp2_1(C,D)

     entry  : []
     non-rec: [A=C,B=D]
     rec    : [0=1]
     inv    : [A=C,B=D]

CRS eval_gx_cpath_scale_exp2_2(A,B)

  * Non Asymptotic Upper Bound: 1+c(failed(schemes_failed,[scc=0,cr=eval_gx_cpath_scale_exp2_bb4_in/0])) 

  * LOOPS eval_gx_cpath_scale_exp2_2(C,D) -> eval_gx_cpath_scale_exp2_2(E,F)

  * Ranking function: N/A

  * Invariants eval_gx_cpath_scale_exp2_2(A,B) -> eval_gx_cpath_scale_exp2_2(C,D)

     entry  : []
     non-rec: [A=C,B=D]
     rec    : [0=1]
     inv    : [A=C,B=D]

CRS eval_gx_cpath_scale_exp2_3(A,B)

  * Non Asymptotic Upper Bound: 1+c(failed(schemes_failed,[scc=0,cr=eval_gx_cpath_scale_exp2_bb4_in/0])) 

  * LOOPS eval_gx_cpath_scale_exp2_3(C,D) -> eval_gx_cpath_scale_exp2_3(E,F)

  * Ranking function: N/A

  * Invariants eval_gx_cpath_scale_exp2_3(A,B) -> eval_gx_cpath_scale_exp2_3(C,D)

     entry  : []
     non-rec: [A=C,B=D]
     rec    : [0=1]
     inv    : [A=C,B=D]

CRS eval_gx_cpath_scale_exp2_4

  * Non Asymptotic Upper Bound: 1+c(failed(schemes_failed,[scc=0,cr=eval_gx_cpath_scale_exp2_bb4_in/0])) 

  * LOOPS eval_gx_cpath_scale_exp2_4 -> eval_gx_cpath_scale_exp2_4

  * Ranking function: N/A

  * Invariants eval_gx_cpath_scale_exp2_4 -> eval_gx_cpath_scale_exp2_4

     entry  : []
     non-rec: []
     rec    : [0=1]
     inv    : []

CRS eval_gx_cpath_scale_exp2_bb3_in

  * Non Asymptotic Upper Bound: 1+c(failed(schemes_failed,[scc=0,cr=eval_gx_cpath_scale_exp2_bb4_in/0])) 

  * LOOPS eval_gx_cpath_scale_exp2_bb3_in -> eval_gx_cpath_scale_exp2_bb3_in

  * Ranking function: N/A

  * Invariants eval_gx_cpath_scale_exp2_bb3_in -> eval_gx_cpath_scale_exp2_bb3_in

     entry  : []
     non-rec: []
     rec    : [0=1]
     inv    : []

CRS loop_cont_eval_gx_cpath_scale_exp2_bb4_in(A,B)

  * Non Asymptotic Upper Bound: 0 

  * LOOPS loop_cont_eval_gx_cpath_scale_exp2_bb4_in(C,D) -> loop_cont_eval_gx_cpath_scale_exp2_bb4_in(E,F)

  * Ranking function: N/A

  * Invariants loop_cont_eval_gx_cpath_scale_exp2_bb4_in(A,B) -> loop_cont_eval_gx_cpath_scale_exp2_bb4_in(C,D)

     entry  : []
     non-rec: [A=C,B=D]
     rec    : [0=1]
     inv    : [A=C,B=D]

CRS eval_gx_cpath_scale_exp2_57

  * Non Asymptotic Upper Bound: 0 

  * LOOPS eval_gx_cpath_scale_exp2_57 -> eval_gx_cpath_scale_exp2_57

  * Ranking function: N/A

  * Invariants eval_gx_cpath_scale_exp2_57 -> eval_gx_cpath_scale_exp2_57

     entry  : []
     non-rec: []
     rec    : [0=1]
     inv    : []

CRS eval_gx_cpath_scale_exp2_58

  * Non Asymptotic Upper Bound: 0 

  * LOOPS eval_gx_cpath_scale_exp2_58 -> eval_gx_cpath_scale_exp2_58

  * Ranking function: N/A

  * Invariants eval_gx_cpath_scale_exp2_58 -> eval_gx_cpath_scale_exp2_58

     entry  : []
     non-rec: []
     rec    : [0=1]
     inv    : []

CRS eval_gx_cpath_scale_exp2_bb33_in

  * Non Asymptotic Upper Bound: 0 

  * LOOPS eval_gx_cpath_scale_exp2_bb33_in -> eval_gx_cpath_scale_exp2_bb33_in

  * Ranking function: N/A

  * Invariants eval_gx_cpath_scale_exp2_bb33_in -> eval_gx_cpath_scale_exp2_bb33_in

     entry  : []
     non-rec: []
     rec    : [0=1]
     inv    : []

CRS eval_gx_cpath_scale_exp2_bb4_in

  * Non Asymptotic Upper Bound: c(failed(schemes_failed,[scc=0,cr=eval_gx_cpath_scale_exp2_bb4_in/0])) 

  * LOOPS eval_gx_cpath_scale_exp2_bb4_in -> eval_gx_cpath_scale_exp2_bb4_in
     - []
     - []
     - []
     - []
     - []
     - []
     - []
     - []
     - []
     - []
     - []
     - []
     - []
     - []
     - []
     - []
     - []

  * Ranking function: c(failed(no_rf,[scc=0,cr=eval_gx_cpath_scale_exp2_bb4_in/0]))

  * Invariants eval_gx_cpath_scale_exp2_bb4_in -> eval_gx_cpath_scale_exp2_bb4_in

     entry  : []
     non-rec: []
     rec    : []
     inv    : []


