This is PUBS, version 0.2.
Copyright (C) 2007, 2008, 2009 UPM, UCM.
This program comes with ABSOLUTELY NO WARRANTY.
This is free software, and you are welcome to
redistribute it under certain conditions.



CRS $pubs_aux_entry$(A) -- THE MAIN ENTRY

  * Non Asymptotic Upper Bound: 2+c(failed(schemes_failed,[scc=0,cr=eval_clist_change_tile_bb1_in/1]))+c(failed(schemes_failed,[scc=8,cr=eval_clist_change_tile_bb16_in/2])) 

  * LOOPS $pubs_aux_entry$(B) -> $pubs_aux_entry$(C)

  * Ranking function: N/A

  * Invariants $pubs_aux_entry$(A) -> $pubs_aux_entry$(B)

     entry  : []
     non-rec: [A=B]
     rec    : [0=1]
     inv    : [A=B]

CRS eval_clist_change_tile_start(A)

  * Non Asymptotic Upper Bound: 2+c(failed(schemes_failed,[scc=0,cr=eval_clist_change_tile_bb1_in/1]))+c(failed(schemes_failed,[scc=8,cr=eval_clist_change_tile_bb16_in/2])) 

  * LOOPS eval_clist_change_tile_start(B) -> eval_clist_change_tile_start(C)

  * Ranking function: N/A

  * Invariants eval_clist_change_tile_start(A) -> eval_clist_change_tile_start(B)

     entry  : []
     non-rec: [A=B]
     rec    : [0=1]
     inv    : [A=B]

CRS eval_clist_change_tile_bb0_in(A)

  * Non Asymptotic Upper Bound: 2+c(failed(schemes_failed,[scc=0,cr=eval_clist_change_tile_bb1_in/1]))+c(failed(schemes_failed,[scc=8,cr=eval_clist_change_tile_bb16_in/2])) 

  * LOOPS eval_clist_change_tile_bb0_in(B) -> eval_clist_change_tile_bb0_in(C)

  * Ranking function: N/A

  * Invariants eval_clist_change_tile_bb0_in(A) -> eval_clist_change_tile_bb0_in(B)

     entry  : []
     non-rec: [A=B]
     rec    : [0=1]
     inv    : [A=B]

CRS loop_cont_eval_clist_change_tile_bb1_in(A,B,C)

  * Non Asymptotic Upper Bound: 1+c(failed(schemes_failed,[scc=8,cr=eval_clist_change_tile_bb16_in/2])) 

  * LOOPS loop_cont_eval_clist_change_tile_bb1_in(D,E,F) -> loop_cont_eval_clist_change_tile_bb1_in(G,H,I)

  * Ranking function: N/A

  * Invariants loop_cont_eval_clist_change_tile_bb1_in(A,B,C) -> loop_cont_eval_clist_change_tile_bb1_in(D,E,F)

     entry  : []
     non-rec: [A=D,B=E,C=F]
     rec    : [0=1]
     inv    : [A=D,B=E,C=F]

CRS eval_clist_change_tile_bb15_in(A)

  * Non Asymptotic Upper Bound: 1+c(failed(schemes_failed,[scc=8,cr=eval_clist_change_tile_bb16_in/2])) 

  * LOOPS eval_clist_change_tile_bb15_in(B) -> eval_clist_change_tile_bb15_in(C)

  * Ranking function: N/A

  * Invariants eval_clist_change_tile_bb15_in(A) -> eval_clist_change_tile_bb15_in(B)

     entry  : []
     non-rec: [A=B]
     rec    : [0=1]
     inv    : [A=B]

CRS eval_clist_change_tile_66(A)

  * Non Asymptotic Upper Bound: 1+c(failed(schemes_failed,[scc=8,cr=eval_clist_change_tile_bb16_in/2])) 

  * LOOPS eval_clist_change_tile_66(B) -> eval_clist_change_tile_66(C)

  * Ranking function: N/A

  * Invariants eval_clist_change_tile_66(A) -> eval_clist_change_tile_66(B)

     entry  : []
     non-rec: [A=B]
     rec    : [0=1]
     inv    : [A=B]

CRS eval_clist_change_tile_67(A)

  * Non Asymptotic Upper Bound: 1+c(failed(schemes_failed,[scc=8,cr=eval_clist_change_tile_bb16_in/2])) 

  * LOOPS eval_clist_change_tile_67(B) -> eval_clist_change_tile_67(C)

  * Ranking function: N/A

  * Invariants eval_clist_change_tile_67(A) -> eval_clist_change_tile_67(B)

     entry  : []
     non-rec: [A=B]
     rec    : [0=1]
     inv    : [A=B]

CRS loop_cont_eval_clist_change_tile_bb16_in(A,B,C)

  * Non Asymptotic Upper Bound: 0 

  * LOOPS loop_cont_eval_clist_change_tile_bb16_in(D,E,F) -> loop_cont_eval_clist_change_tile_bb16_in(G,H,I)

  * Ranking function: N/A

  * Invariants loop_cont_eval_clist_change_tile_bb16_in(A,B,C) -> loop_cont_eval_clist_change_tile_bb16_in(D,E,F)

     entry  : []
     non-rec: [A=D,B=E,C=F]
     rec    : [0=1]
     inv    : [A=D,B=E,C=F]

CRS eval_clist_change_tile_bb19_in(A)

  * Non Asymptotic Upper Bound: 0 

  * LOOPS eval_clist_change_tile_bb19_in(B) -> eval_clist_change_tile_bb19_in(C)

  * Ranking function: N/A

  * Invariants eval_clist_change_tile_bb19_in(A) -> eval_clist_change_tile_bb19_in(B)

     entry  : []
     non-rec: [A=B]
     rec    : [0=1]
     inv    : [A=B]

CRS eval_clist_change_tile_88(A)

  * Non Asymptotic Upper Bound: 0 

  * LOOPS eval_clist_change_tile_88(B) -> eval_clist_change_tile_88(C)

  * Ranking function: N/A

  * Invariants eval_clist_change_tile_88(A) -> eval_clist_change_tile_88(B)

     entry  : []
     non-rec: [A=B]
     rec    : [0=1]
     inv    : [A=B]

CRS eval_clist_change_tile_89(A)

  * Non Asymptotic Upper Bound: 0 

  * LOOPS eval_clist_change_tile_89(B) -> eval_clist_change_tile_89(C)

  * Ranking function: N/A

  * Invariants eval_clist_change_tile_89(A) -> eval_clist_change_tile_89(B)

     entry  : []
     non-rec: [A=B]
     rec    : [0=1]
     inv    : [A=B]

CRS eval_clist_change_tile_bb21_in(A,B)

  * Non Asymptotic Upper Bound: 0 

  * LOOPS eval_clist_change_tile_bb21_in(C,D) -> eval_clist_change_tile_bb21_in(E,F)

  * Ranking function: N/A

  * Invariants eval_clist_change_tile_bb21_in(A,B) -> eval_clist_change_tile_bb21_in(C,D)

     entry  : []
     non-rec: [A=C,B=D]
     rec    : [0=1]
     inv    : [A=C,B=D]

CRS eval_clist_change_tile_95(A,B,C,D,E)

  * Non Asymptotic Upper Bound: 0 

  * LOOPS eval_clist_change_tile_95(F,G,H,I,J) -> eval_clist_change_tile_95(K,L,M,N,O)

  * Ranking function: N/A

  * Invariants eval_clist_change_tile_95(A,B,C,D,E) -> eval_clist_change_tile_95(F,G,H,I,J)

     entry  : [B+1=D]
     non-rec: [A=F,B=G,C=H,D=I,E=J,B+1=D]
     rec    : [0=1]
     inv    : [B+1=D,A=F,B=G,C=H,B+1=I,E=J]

CRS eval_clist_change_tile_96(A,B,C,D,E)

  * Non Asymptotic Upper Bound: 0 

  * LOOPS eval_clist_change_tile_96(F,G,H,I,J) -> eval_clist_change_tile_96(K,L,M,N,O)

  * Ranking function: N/A

  * Invariants eval_clist_change_tile_96(A,B,C,D,E) -> eval_clist_change_tile_96(F,G,H,I,J)

     entry  : [B+1=D]
     non-rec: [A=F,B=G,C=H,D=I,E=J,B+1=D]
     rec    : [0=1]
     inv    : [B+1=D,A=F,B=G,C=H,B+1=I,E=J]

CRS eval_clist_change_tile_98(A,B,C,D,E)

  * Non Asymptotic Upper Bound: 0 

  * LOOPS eval_clist_change_tile_98(F,G,H,I,J) -> eval_clist_change_tile_98(K,L,M,N,O)

  * Ranking function: N/A

  * Invariants eval_clist_change_tile_98(A,B,C,D,E) -> eval_clist_change_tile_98(F,G,H,I,J)

     entry  : [C=E]
     non-rec: [A=F,B=G,C=H,D=I,E=J,C=E]
     rec    : [0=1]
     inv    : [C=E,A=F,B=G,C=H,D=I,C=J]

CRS eval_clist_change_tile_99(A,B,C,D,E)

  * Non Asymptotic Upper Bound: 0 

  * LOOPS eval_clist_change_tile_99(F,G,H,I,J) -> eval_clist_change_tile_99(K,L,M,N,O)

  * Ranking function: N/A

  * Invariants eval_clist_change_tile_99(A,B,C,D,E) -> eval_clist_change_tile_99(F,G,H,I,J)

     entry  : []
     non-rec: [A=F,B=G,C=H,D=I,E=J]
     rec    : [0=1]
     inv    : [A=F,B=G,C=H,D=I,E=J]

CRS eval_clist_change_tile_113(A,B,C,D,E,F,G,H)

  * Non Asymptotic Upper Bound: 0 

  * LOOPS eval_clist_change_tile_113(I,J,K,L,M,N,O,P) -> eval_clist_change_tile_113(Q,R,S,T,U,V,W,X)

  * Ranking function: N/A

  * Invariants eval_clist_change_tile_113(A,B,C,D,E,F,G,H) -> eval_clist_change_tile_113(I,J,K,L,M,N,O,P)

     entry  : [768>=H,H>=256]
     non-rec: [A=I,B=J,C=K,D=L,E=M,F=N,G=O,H=P,768>=H,H>=256]
     rec    : [0=1]
     inv    : [H>=256,768>=H,A=I,B=J,C=K,D=L,E=M,F=N,G=O,H=P]

CRS eval_clist_change_tile_114(A,B,C)

  * Non Asymptotic Upper Bound: 0 

  * LOOPS eval_clist_change_tile_114(D,E,F) -> eval_clist_change_tile_114(G,H,I)

  * Ranking function: N/A

  * Invariants eval_clist_change_tile_114(A,B,C) -> eval_clist_change_tile_114(D,E,F)

     entry  : []
     non-rec: [A=D,B=E,C=F]
     rec    : [0=1]
     inv    : [A=D,B=E,C=F]

CRS eval_clist_change_tile_115(A,B,C)

  * Non Asymptotic Upper Bound: 0 

  * LOOPS eval_clist_change_tile_115(D,E,F) -> eval_clist_change_tile_115(G,H,I)

  * Ranking function: N/A

  * Invariants eval_clist_change_tile_115(A,B,C) -> eval_clist_change_tile_115(D,E,F)

     entry  : []
     non-rec: [A=D,B=E,C=F]
     rec    : [0=1]
     inv    : [A=D,B=E,C=F]

CRS eval_clist_change_tile_116(A)

  * Non Asymptotic Upper Bound: 0 

  * LOOPS eval_clist_change_tile_116(B) -> eval_clist_change_tile_116(C)

  * Ranking function: N/A

  * Invariants eval_clist_change_tile_116(A) -> eval_clist_change_tile_116(B)

     entry  : []
     non-rec: [A=B]
     rec    : [0=1]
     inv    : [A=B]

CRS eval_clist_change_tile_bb25_in(A)

  * Non Asymptotic Upper Bound: 0 

  * LOOPS eval_clist_change_tile_bb25_in(B) -> eval_clist_change_tile_bb25_in(C)

  * Ranking function: N/A

  * Invariants eval_clist_change_tile_bb25_in(A) -> eval_clist_change_tile_bb25_in(B)

     entry  : []
     non-rec: [A=B]
     rec    : [0=1]
     inv    : [A=B]

CRS eval_clist_change_tile_bb27_in(A)

  * Non Asymptotic Upper Bound: 0 

  * LOOPS eval_clist_change_tile_bb27_in(B) -> eval_clist_change_tile_bb27_in(C)

  * Ranking function: N/A

  * Invariants eval_clist_change_tile_bb27_in(A) -> eval_clist_change_tile_bb27_in(B)

     entry  : []
     non-rec: [A=B]
     rec    : [0=1]
     inv    : [A=B]

CRS eval_clist_change_tile_134(A,B)

  * Non Asymptotic Upper Bound: 0 

  * LOOPS eval_clist_change_tile_134(C,D) -> eval_clist_change_tile_134(E,F)

  * Ranking function: N/A

  * Invariants eval_clist_change_tile_134(A,B) -> eval_clist_change_tile_134(C,D)

     entry  : []
     non-rec: [A=C,B=D]
     rec    : [0=1]
     inv    : [A=C,B=D]

CRS eval_clist_change_tile_135(A)

  * Non Asymptotic Upper Bound: 0 

  * LOOPS eval_clist_change_tile_135(B) -> eval_clist_change_tile_135(C)

  * Ranking function: N/A

  * Invariants eval_clist_change_tile_135(A) -> eval_clist_change_tile_135(B)

     entry  : []
     non-rec: [A=B]
     rec    : [0=1]
     inv    : [A=B]

CRS eval_clist_change_tile_137(A)

  * Non Asymptotic Upper Bound: 0 

  * LOOPS eval_clist_change_tile_137(B) -> eval_clist_change_tile_137(C)

  * Ranking function: N/A

  * Invariants eval_clist_change_tile_137(A) -> eval_clist_change_tile_137(B)

     entry  : []
     non-rec: [A=B]
     rec    : [0=1]
     inv    : [A=B]

CRS eval_clist_change_tile_138

  * Non Asymptotic Upper Bound: 0 

  * LOOPS eval_clist_change_tile_138 -> eval_clist_change_tile_138

  * Ranking function: N/A

  * Invariants eval_clist_change_tile_138 -> eval_clist_change_tile_138

     entry  : []
     non-rec: []
     rec    : [0=1]
     inv    : []

CRS eval_clist_change_tile_bb16_in(A,B)

  * Non Asymptotic Upper Bound: c(failed(schemes_failed,[scc=8,cr=eval_clist_change_tile_bb16_in/2])) 

  * LOOPS eval_clist_change_tile_bb16_in(C,D) -> eval_clist_change_tile_bb16_in(E,F)
     - [D+1=F,C=E]

  * Ranking function: c(failed(no_rf,[scc=8,cr=eval_clist_change_tile_bb16_in/2]))

  * Invariants eval_clist_change_tile_bb16_in(A,B) -> eval_clist_change_tile_bb16_in(C,D)

     entry  : []
     non-rec: [A=C,B=D]
     rec    : [A=C,D>=B+1]
     inv    : [D>=B,A=C]

CRS eval_clist_change_tile_41

  * Non Asymptotic Upper Bound: 0 

  * LOOPS eval_clist_change_tile_41 -> eval_clist_change_tile_41

  * Ranking function: N/A

  * Invariants eval_clist_change_tile_41 -> eval_clist_change_tile_41

     entry  : []
     non-rec: []
     rec    : [0=1]
     inv    : []

CRS eval_clist_change_tile_42

  * Non Asymptotic Upper Bound: 0 

  * LOOPS eval_clist_change_tile_42 -> eval_clist_change_tile_42

  * Ranking function: N/A

  * Invariants eval_clist_change_tile_42 -> eval_clist_change_tile_42

     entry  : []
     non-rec: []
     rec    : [0=1]
     inv    : []

CRS eval_clist_change_tile_27

  * Non Asymptotic Upper Bound: 0 

  * LOOPS eval_clist_change_tile_27 -> eval_clist_change_tile_27

  * Ranking function: N/A

  * Invariants eval_clist_change_tile_27 -> eval_clist_change_tile_27

     entry  : []
     non-rec: []
     rec    : [0=1]
     inv    : []

CRS eval_clist_change_tile_28

  * Non Asymptotic Upper Bound: 0 

  * LOOPS eval_clist_change_tile_28 -> eval_clist_change_tile_28

  * Ranking function: N/A

  * Invariants eval_clist_change_tile_28 -> eval_clist_change_tile_28

     entry  : []
     non-rec: []
     rec    : [0=1]
     inv    : []

CRS eval_clist_change_tile_bb28_in

  * Non Asymptotic Upper Bound: 0 

  * LOOPS eval_clist_change_tile_bb28_in -> eval_clist_change_tile_bb28_in

  * Ranking function: N/A

  * Invariants eval_clist_change_tile_bb28_in -> eval_clist_change_tile_bb28_in

     entry  : []
     non-rec: []
     rec    : [0=1]
     inv    : []

CRS eval_clist_change_tile_bb36_in

  * Non Asymptotic Upper Bound: 0 

  * LOOPS eval_clist_change_tile_bb36_in -> eval_clist_change_tile_bb36_in

  * Ranking function: N/A

  * Invariants eval_clist_change_tile_bb36_in -> eval_clist_change_tile_bb36_in

     entry  : []
     non-rec: []
     rec    : [0=1]
     inv    : []

CRS eval_clist_change_tile_bb1_in(A)

  * Non Asymptotic Upper Bound: c(failed(schemes_failed,[scc=0,cr=eval_clist_change_tile_bb1_in/1])) 

  * LOOPS eval_clist_change_tile_bb1_in(B) -> eval_clist_change_tile_bb1_in(C)
     - [B=C]
     - [B=C]

  * Ranking function: c(failed(no_rf,[scc=0,cr=eval_clist_change_tile_bb1_in/1]))

  * Invariants eval_clist_change_tile_bb1_in(A) -> eval_clist_change_tile_bb1_in(B)

     entry  : []
     non-rec: [A=B]
     rec    : [A=B]
     inv    : [A=B]


