This is PUBS, version 0.2.
Copyright (C) 2007, 2008, 2009 UPM, UCM.
This program comes with ABSOLUTELY NO WARRANTY.
This is free software, and you are welcome to
redistribute it under certain conditions.



CRS $pubs_aux_entry$ -- THE MAIN ENTRY

  * Non Asymptotic Upper Bound: 6+nat(c(maximize_failed)) 

  * LOOPS $pubs_aux_entry$ -> $pubs_aux_entry$

  * Ranking function: N/A

  * Invariants $pubs_aux_entry$ -> $pubs_aux_entry$

     entry  : []
     non-rec: []
     rec    : [0=1]
     inv    : []

CRS eval_clist_init_start

  * Non Asymptotic Upper Bound: 6+nat(c(maximize_failed)) 

  * LOOPS eval_clist_init_start -> eval_clist_init_start

  * Ranking function: N/A

  * Invariants eval_clist_init_start -> eval_clist_init_start

     entry  : []
     non-rec: []
     rec    : [0=1]
     inv    : []

CRS eval_clist_init_bb0_in

  * Non Asymptotic Upper Bound: 6+nat(c(maximize_failed)) 

  * LOOPS eval_clist_init_bb0_in -> eval_clist_init_bb0_in

  * Ranking function: N/A

  * Invariants eval_clist_init_bb0_in -> eval_clist_init_bb0_in

     entry  : []
     non-rec: []
     rec    : [0=1]
     inv    : []

CRS eval_clist_init_1(A)

  * Non Asymptotic Upper Bound: 6+nat(c(maximize_failed)) 

  * LOOPS eval_clist_init_1(B) -> eval_clist_init_1(C)

  * Ranking function: N/A

  * Invariants eval_clist_init_1(A) -> eval_clist_init_1(B)

     entry  : []
     non-rec: [A=B]
     rec    : [0=1]
     inv    : [A=B]

CRS eval_clist_init_2

  * Non Asymptotic Upper Bound: 6+nat(c(maximize_failed)) 

  * LOOPS eval_clist_init_2 -> eval_clist_init_2

  * Ranking function: N/A

  * Invariants eval_clist_init_2 -> eval_clist_init_2

     entry  : []
     non-rec: []
     rec    : [0=1]
     inv    : []

CRS eval_clist_init_10(A,B)

  * Non Asymptotic Upper Bound: 6+nat(A) 

  * LOOPS eval_clist_init_10(C,D) -> eval_clist_init_10(E,F)

  * Ranking function: N/A

  * Invariants eval_clist_init_10(A,B) -> eval_clist_init_10(C,D)

     entry  : []
     non-rec: [A=C,B=D]
     rec    : [0=1]
     inv    : [A=C,B=D]

CRS eval_clist_init_11(A)

  * Non Asymptotic Upper Bound: 6+nat(A) 

  * LOOPS eval_clist_init_11(B) -> eval_clist_init_11(C)

  * Ranking function: N/A

  * Invariants eval_clist_init_11(A) -> eval_clist_init_11(B)

     entry  : []
     non-rec: [A=B]
     rec    : [0=1]
     inv    : [A=B]

CRS loop_cont_eval_clist_init_bb2_in(A,B)

  * Non Asymptotic Upper Bound: 5 

  * LOOPS loop_cont_eval_clist_init_bb2_in(C,D) -> loop_cont_eval_clist_init_bb2_in(E,F)

  * Ranking function: N/A

  * Invariants loop_cont_eval_clist_init_bb2_in(A,B) -> loop_cont_eval_clist_init_bb2_in(C,D)

     entry  : [A=3]
     non-rec: [A=C,B=D,A=3]
     rec    : [0=1]
     inv    : [A=3,C=3,B=D]

CRS eval_clist_init_26

  * Non Asymptotic Upper Bound: 5 

  * LOOPS eval_clist_init_26 -> eval_clist_init_26

  * Ranking function: N/A

  * Invariants eval_clist_init_26 -> eval_clist_init_26

     entry  : []
     non-rec: []
     rec    : [0=1]
     inv    : []

CRS eval_clist_init_27

  * Non Asymptotic Upper Bound: 5 

  * LOOPS eval_clist_init_27 -> eval_clist_init_27

  * Ranking function: N/A

  * Invariants eval_clist_init_27 -> eval_clist_init_27

     entry  : []
     non-rec: []
     rec    : [0=1]
     inv    : []

CRS eval_clist_init_30

  * Non Asymptotic Upper Bound: 5 

  * LOOPS eval_clist_init_30 -> eval_clist_init_30

  * Ranking function: N/A

  * Invariants eval_clist_init_30 -> eval_clist_init_30

     entry  : []
     non-rec: []
     rec    : [0=1]
     inv    : []

CRS eval_clist_init_31

  * Non Asymptotic Upper Bound: 5 

  * LOOPS eval_clist_init_31 -> eval_clist_init_31

  * Ranking function: N/A

  * Invariants eval_clist_init_31 -> eval_clist_init_31

     entry  : []
     non-rec: []
     rec    : [0=1]
     inv    : []

CRS loop_cont_eval_clist_init_bb5_in(A,B)

  * Non Asymptotic Upper Bound: 0 

  * LOOPS loop_cont_eval_clist_init_bb5_in(C,D) -> loop_cont_eval_clist_init_bb5_in(E,F)

  * Ranking function: N/A

  * Invariants loop_cont_eval_clist_init_bb5_in(A,B) -> loop_cont_eval_clist_init_bb5_in(C,D)

     entry  : [A=2]
     non-rec: [A=C,B=D,A=2]
     rec    : [0=1]
     inv    : [A=2,C=2,B=D]

CRS eval_clist_init_bb8_in

  * Non Asymptotic Upper Bound: 0 

  * LOOPS eval_clist_init_bb8_in -> eval_clist_init_bb8_in

  * Ranking function: N/A

  * Invariants eval_clist_init_bb8_in -> eval_clist_init_bb8_in

     entry  : []
     non-rec: []
     rec    : [0=1]
     inv    : []

CRS eval_clist_init_bb5_in(A)

  * Non Asymptotic Upper Bound: nat(-A+4) 

  * LOOPS eval_clist_init_bb5_in(B) -> eval_clist_init_bb5_in(C)
     - [B+1=C,3>=B]

  * Ranking function: nat(-B+4)

  * Invariants eval_clist_init_bb5_in(A) -> eval_clist_init_bb5_in(B)

     entry  : [A=0]
     non-rec: [A=B,A=0]
     rec    : [A=0,B>=1]
     inv    : [B>=0,A=0]

CRS eval_clist_init_bb2_in(A,B)

  * Non Asymptotic Upper Bound: nat(A-B) 

  * LOOPS eval_clist_init_bb2_in(C,D) -> eval_clist_init_bb2_in(E,F)
     - [D+1=F,C=E,C>=D+1]

  * Ranking function: nat(C-D)

  * Invariants eval_clist_init_bb2_in(A,B) -> eval_clist_init_bb2_in(C,D)

     entry  : [B=0]
     non-rec: [A=C,B=D,B=0]
     rec    : [A=C,B=0,A>=D,D>=1]
     inv    : [D>=0,A=C,B=0]


