This is PUBS, version 0.2.
Copyright (C) 2007, 2008, 2009 UPM, UCM.
This program comes with ABSOLUTELY NO WARRANTY.
This is free software, and you are welcome to
redistribute it under certain conditions.



CRS $pubs_aux_entry$(A,B,C,D,E) -- THE MAIN ENTRY

  * Non Asymptotic Upper Bound: max([2+c(failed(schemes_failed,[scc=27,cr=eval_treeoutput_bb6_in/6]))+c(failed(schemes_failed,[scc=28,cr=eval_treeoutput_bb12_in/6]))+max([3+c(failed(schemes_failed,[scc=9,cr=eval_treeoutput_bb34_in/6]))+c(failed(schemes_failed,[scc=13,cr=eval_treeoutput_bb43_in/6]))+nat(c(maximize_failed)),2+c(failed(schemes_failed,[scc=6,cr=eval_treeoutput_bb19_in/5]))+c(failed(schemes_failed,[scc=10,cr=eval_treeoutput_bb28_in/5]))]),3+c(failed(schemes_failed,[scc=9,cr=eval_treeoutput_bb34_in/6]))+c(failed(schemes_failed,[scc=13,cr=eval_treeoutput_bb43_in/6]))+nat(c(maximize_failed)),2+c(failed(schemes_failed,[scc=6,cr=eval_treeoutput_bb19_in/5]))+c(failed(schemes_failed,[scc=10,cr=eval_treeoutput_bb28_in/5]))]) 

  * LOOPS $pubs_aux_entry$(F,G,H,I,J) -> $pubs_aux_entry$(K,L,M,N,O)

  * Ranking function: N/A

  * Invariants $pubs_aux_entry$(A,B,C,D,E) -> $pubs_aux_entry$(F,G,H,I,J)

     entry  : []
     non-rec: [A=F,B=G,C=H,D=I,E=J]
     rec    : [0=1]
     inv    : [A=F,B=G,C=H,D=I,E=J]

CRS eval_treeoutput_start(A,B,C,D,E)

  * Non Asymptotic Upper Bound: max([2+c(failed(schemes_failed,[scc=27,cr=eval_treeoutput_bb6_in/6]))+c(failed(schemes_failed,[scc=28,cr=eval_treeoutput_bb12_in/6]))+max([3+c(failed(schemes_failed,[scc=9,cr=eval_treeoutput_bb34_in/6]))+c(failed(schemes_failed,[scc=13,cr=eval_treeoutput_bb43_in/6]))+nat(c(maximize_failed)),2+c(failed(schemes_failed,[scc=6,cr=eval_treeoutput_bb19_in/5]))+c(failed(schemes_failed,[scc=10,cr=eval_treeoutput_bb28_in/5]))]),3+c(failed(schemes_failed,[scc=9,cr=eval_treeoutput_bb34_in/6]))+c(failed(schemes_failed,[scc=13,cr=eval_treeoutput_bb43_in/6]))+nat(c(maximize_failed)),2+c(failed(schemes_failed,[scc=6,cr=eval_treeoutput_bb19_in/5]))+c(failed(schemes_failed,[scc=10,cr=eval_treeoutput_bb28_in/5]))]) 

  * LOOPS eval_treeoutput_start(F,G,H,I,J) -> eval_treeoutput_start(K,L,M,N,O)

  * Ranking function: N/A

  * Invariants eval_treeoutput_start(A,B,C,D,E) -> eval_treeoutput_start(F,G,H,I,J)

     entry  : []
     non-rec: [A=F,B=G,C=H,D=I,E=J]
     rec    : [0=1]
     inv    : [A=F,B=G,C=H,D=I,E=J]

CRS eval_treeoutput_bb0_in(A,B,C,D,E)

  * Non Asymptotic Upper Bound: max([2+c(failed(schemes_failed,[scc=27,cr=eval_treeoutput_bb6_in/6]))+c(failed(schemes_failed,[scc=28,cr=eval_treeoutput_bb12_in/6]))+max([3+c(failed(schemes_failed,[scc=9,cr=eval_treeoutput_bb34_in/6]))+c(failed(schemes_failed,[scc=13,cr=eval_treeoutput_bb43_in/6]))+nat(c(maximize_failed)),2+c(failed(schemes_failed,[scc=6,cr=eval_treeoutput_bb19_in/5]))+c(failed(schemes_failed,[scc=10,cr=eval_treeoutput_bb28_in/5]))]),3+c(failed(schemes_failed,[scc=9,cr=eval_treeoutput_bb34_in/6]))+c(failed(schemes_failed,[scc=13,cr=eval_treeoutput_bb43_in/6]))+nat(c(maximize_failed)),2+c(failed(schemes_failed,[scc=6,cr=eval_treeoutput_bb19_in/5]))+c(failed(schemes_failed,[scc=10,cr=eval_treeoutput_bb28_in/5]))]) 

  * LOOPS eval_treeoutput_bb0_in(F,G,H,I,J) -> eval_treeoutput_bb0_in(K,L,M,N,O)

  * Ranking function: N/A

  * Invariants eval_treeoutput_bb0_in(A,B,C,D,E) -> eval_treeoutput_bb0_in(F,G,H,I,J)

     entry  : []
     non-rec: [A=F,B=G,C=H,D=I,E=J]
     rec    : [0=1]
     inv    : [A=F,B=G,C=H,D=I,E=J]

CRS eval_treeoutput_2(A,B,C,D,E)

  * Non Asymptotic Upper Bound: max([2+c(failed(schemes_failed,[scc=27,cr=eval_treeoutput_bb6_in/6]))+c(failed(schemes_failed,[scc=28,cr=eval_treeoutput_bb12_in/6]))+max([3+c(failed(schemes_failed,[scc=9,cr=eval_treeoutput_bb34_in/6]))+c(failed(schemes_failed,[scc=13,cr=eval_treeoutput_bb43_in/6]))+nat(c(maximize_failed)),2+c(failed(schemes_failed,[scc=6,cr=eval_treeoutput_bb19_in/5]))+c(failed(schemes_failed,[scc=10,cr=eval_treeoutput_bb28_in/5]))]),3+c(failed(schemes_failed,[scc=9,cr=eval_treeoutput_bb34_in/6]))+c(failed(schemes_failed,[scc=13,cr=eval_treeoutput_bb43_in/6]))+nat(c(maximize_failed)),2+c(failed(schemes_failed,[scc=6,cr=eval_treeoutput_bb19_in/5]))+c(failed(schemes_failed,[scc=10,cr=eval_treeoutput_bb28_in/5]))]) 

  * LOOPS eval_treeoutput_2(F,G,H,I,J) -> eval_treeoutput_2(K,L,M,N,O)

  * Ranking function: N/A

  * Invariants eval_treeoutput_2(A,B,C,D,E) -> eval_treeoutput_2(F,G,H,I,J)

     entry  : []
     non-rec: [A=F,B=G,C=H,D=I,E=J]
     rec    : [0=1]
     inv    : [A=F,B=G,C=H,D=I,E=J]

CRS eval_treeoutput_3(A,B,C,D,E)

  * Non Asymptotic Upper Bound: max([2+c(failed(schemes_failed,[scc=27,cr=eval_treeoutput_bb6_in/6]))+c(failed(schemes_failed,[scc=28,cr=eval_treeoutput_bb12_in/6]))+max([3+c(failed(schemes_failed,[scc=9,cr=eval_treeoutput_bb34_in/6]))+c(failed(schemes_failed,[scc=13,cr=eval_treeoutput_bb43_in/6]))+nat(c(maximize_failed)),2+c(failed(schemes_failed,[scc=6,cr=eval_treeoutput_bb19_in/5]))+c(failed(schemes_failed,[scc=10,cr=eval_treeoutput_bb28_in/5]))]),3+c(failed(schemes_failed,[scc=9,cr=eval_treeoutput_bb34_in/6]))+c(failed(schemes_failed,[scc=13,cr=eval_treeoutput_bb43_in/6]))+nat(c(maximize_failed)),2+c(failed(schemes_failed,[scc=6,cr=eval_treeoutput_bb19_in/5]))+c(failed(schemes_failed,[scc=10,cr=eval_treeoutput_bb28_in/5]))]) 

  * LOOPS eval_treeoutput_3(F,G,H,I,J) -> eval_treeoutput_3(K,L,M,N,O)

  * Ranking function: N/A

  * Invariants eval_treeoutput_3(A,B,C,D,E) -> eval_treeoutput_3(F,G,H,I,J)

     entry  : []
     non-rec: [A=F,B=G,C=H,D=I,E=J]
     rec    : [0=1]
     inv    : [A=F,B=G,C=H,D=I,E=J]

CRS loop_cont_eval_treeoutput_bb6_in(A,B,C,D,E,F,G,H)

  * Non Asymptotic Upper Bound: 1+c(failed(schemes_failed,[scc=28,cr=eval_treeoutput_bb12_in/6]))+max([3+c(failed(schemes_failed,[scc=9,cr=eval_treeoutput_bb34_in/6]))+c(failed(schemes_failed,[scc=13,cr=eval_treeoutput_bb43_in/6]))+nat(c(maximize_failed)),2+c(failed(schemes_failed,[scc=6,cr=eval_treeoutput_bb19_in/5]))+c(failed(schemes_failed,[scc=10,cr=eval_treeoutput_bb28_in/5]))]) 

  * LOOPS loop_cont_eval_treeoutput_bb6_in(I,J,K,L,M,N,O,P) -> loop_cont_eval_treeoutput_bb6_in(Q,R,S,T,U,V,W,X)

  * Ranking function: N/A

  * Invariants loop_cont_eval_treeoutput_bb6_in(A,B,C,D,E,F,G,H) -> loop_cont_eval_treeoutput_bb6_in(I,J,K,L,M,N,O,P)

     entry  : []
     non-rec: [A=I,B=J,C=K,D=L,E=M,F=N,G=O,H=P]
     rec    : [0=1]
     inv    : [A=I,B=J,C=K,D=L,E=M,F=N,G=O,H=P]

CRS loop_cont_eval_treeoutput_bb12_in(A,B,C,D,E,F,G,H,I)

  * Non Asymptotic Upper Bound: max([3+c(failed(schemes_failed,[scc=9,cr=eval_treeoutput_bb34_in/6]))+c(failed(schemes_failed,[scc=13,cr=eval_treeoutput_bb43_in/6]))+nat(c(maximize_failed)),2+c(failed(schemes_failed,[scc=6,cr=eval_treeoutput_bb19_in/5]))+c(failed(schemes_failed,[scc=10,cr=eval_treeoutput_bb28_in/5]))]) 

  * LOOPS loop_cont_eval_treeoutput_bb12_in(J,K,L,M,N,O,P,Q,R) -> loop_cont_eval_treeoutput_bb12_in(S,T,U,V,W,X,Y,Z,A1)

  * Ranking function: N/A

  * Invariants loop_cont_eval_treeoutput_bb12_in(A,B,C,D,E,F,G,H,I) -> loop_cont_eval_treeoutput_bb12_in(J,K,L,M,N,O,P,Q,R)

     entry  : []
     non-rec: [A=J,B=K,C=L,D=M,E=N,F=O,G=P,H=Q,I=R]
     rec    : [0=1]
     inv    : [A=J,B=K,C=L,D=M,E=N,F=O,G=P,H=Q,I=R]

CRS eval_treeoutput_36(A,B,C,D,E,F,G)

  * Non Asymptotic Upper Bound: max([3+c(failed(schemes_failed,[scc=9,cr=eval_treeoutput_bb34_in/6]))+c(failed(schemes_failed,[scc=13,cr=eval_treeoutput_bb43_in/6]))+nat(c(maximize_failed)),2+c(failed(schemes_failed,[scc=6,cr=eval_treeoutput_bb19_in/5]))+c(failed(schemes_failed,[scc=10,cr=eval_treeoutput_bb28_in/5]))]) 

  * LOOPS eval_treeoutput_36(H,I,J,K,L,M,N) -> eval_treeoutput_36(O,P,Q,R,S,T,U)

  * Ranking function: N/A

  * Invariants eval_treeoutput_36(A,B,C,D,E,F,G) -> eval_treeoutput_36(H,I,J,K,L,M,N)

     entry  : []
     non-rec: [A=H,B=I,C=J,D=K,E=L,F=M,G=N]
     rec    : [0=1]
     inv    : [A=H,B=I,C=J,D=K,E=L,F=M,G=N]

CRS eval_treeoutput_37(A,B,C,D,E,F)

  * Non Asymptotic Upper Bound: max([3+c(failed(schemes_failed,[scc=9,cr=eval_treeoutput_bb34_in/6]))+c(failed(schemes_failed,[scc=13,cr=eval_treeoutput_bb43_in/6]))+nat(c(maximize_failed)),2+c(failed(schemes_failed,[scc=6,cr=eval_treeoutput_bb19_in/5]))+c(failed(schemes_failed,[scc=10,cr=eval_treeoutput_bb28_in/5]))]) 

  * LOOPS eval_treeoutput_37(G,H,I,J,K,L) -> eval_treeoutput_37(M,N,O,P,Q,R)

  * Ranking function: N/A

  * Invariants eval_treeoutput_37(A,B,C,D,E,F) -> eval_treeoutput_37(G,H,I,J,K,L)

     entry  : []
     non-rec: [A=G,B=H,C=I,D=J,E=K,F=L]
     rec    : [0=1]
     inv    : [A=G,B=H,C=I,D=J,E=K,F=L]

CRS eval_treeoutput_bb12_in(A,B,C,D,E,F)

  * Non Asymptotic Upper Bound: c(failed(schemes_failed,[scc=28,cr=eval_treeoutput_bb12_in/6])) 

  * LOOPS eval_treeoutput_bb12_in(G,H,I,J,K,L) -> eval_treeoutput_bb12_in(M,N,O,P,Q,R)
     - [K=Q,L+1=R,G=M,H=N,I=O,J=P]
     - [K=Q,L=R,G=M,H=N,I=O,J=P]

  * Ranking function: c(failed(no_rf,[scc=28,cr=eval_treeoutput_bb12_in/6]))

  * Invariants eval_treeoutput_bb12_in(A,B,C,D,E,F) -> eval_treeoutput_bb12_in(G,H,I,J,K,L)

     entry  : []
     non-rec: [A=G,B=H,C=I,D=J,E=K,F=L]
     rec    : [E=K,D=J,C=I,B=H,A=G,L>=F]
     inv    : [L>=F,B=H,C=I,D=J,E=K,A=G]

CRS eval_treeoutput_bb6_in(A,B,C,D,E,F)

  * Non Asymptotic Upper Bound: c(failed(schemes_failed,[scc=27,cr=eval_treeoutput_bb6_in/6])) 

  * LOOPS eval_treeoutput_bb6_in(G,H,I,J,K,L) -> eval_treeoutput_bb6_in(M,N,O,P,Q,R)
     - []

  * Ranking function: c(failed(no_rf,[scc=27,cr=eval_treeoutput_bb6_in/6]))

  * Invariants eval_treeoutput_bb6_in(A,B,C,D,E,F) -> eval_treeoutput_bb6_in(G,H,I,J,K,L)

     entry  : [F=0]
     non-rec: [A=G,B=H,C=I,D=J,E=K,F=L,F=0]
     rec    : [F=0]
     inv    : [F=0]

CRS eval_treeoutput_bb7_in(A,B,C,D,E,F,G)

  * Non Asymptotic Upper Bound: c(failed(schemes_failed,[scc=26,cr=eval_treeoutput_bb7_in/7])) 

  * LOOPS eval_treeoutput_bb7_in(H,I,J,K,L,M,N) -> eval_treeoutput_bb7_in(O,P,Q,R,S,T,U)
     - []
     - []

  * Ranking function: c(failed(no_rf,[scc=26,cr=eval_treeoutput_bb7_in/7]))

  * Invariants eval_treeoutput_bb7_in(A,B,C,D,E,F,G) -> eval_treeoutput_bb7_in(H,I,J,K,L,M,N)

     entry  : [F=G]
     non-rec: [A=H,B=I,C=J,D=K,E=L,F=M,G=N,F=G]
     rec    : [F=G]
     inv    : [F=G]

CRS eval_treeoutput_bb9_in(A,B,C,D,E,F,G,H)

  * Non Asymptotic Upper Bound: c(failed(schemes_failed,[scc=25,cr=eval_treeoutput_bb9_in/8])) 

  * LOOPS eval_treeoutput_bb9_in(I,J,K,L,M,N,O,P) -> eval_treeoutput_bb9_in(Q,R,S,T,U,V,W,X)
     - [P=X,I=Q,J=R,K=S,L=T,M=U,N=V,O=W]

  * Ranking function: c(failed(no_rf,[scc=25,cr=eval_treeoutput_bb9_in/8]))

  * Invariants eval_treeoutput_bb9_in(A,B,C,D,E,F,G,H) -> eval_treeoutput_bb9_in(I,J,K,L,M,N,O,P)

     entry  : [G+1>=H,H>=G]
     non-rec: [A=I,B=J,C=K,D=L,E=M,F=N,G=O,H=P,G+1>=H,H>=G]
     rec    : [P>=G,G+1>=P,H=P,G=O,F=N,E=M,D=L,C=K,B=J,A=I]
     inv    : [G+1>=H,H>=G,A=I,B=J,C=K,D=L,E=M,F=N,G=O,H=P]

CRS eval_treeoutput_bb18_in(A,B,C,D,E,F)

  * Non Asymptotic Upper Bound: max([3+c(failed(schemes_failed,[scc=9,cr=eval_treeoutput_bb34_in/6]))+c(failed(schemes_failed,[scc=13,cr=eval_treeoutput_bb43_in/6]))+nat(c(maximize_failed)),2+c(failed(schemes_failed,[scc=6,cr=eval_treeoutput_bb19_in/5]))+c(failed(schemes_failed,[scc=10,cr=eval_treeoutput_bb28_in/5]))]) 

  * LOOPS eval_treeoutput_bb18_in(G,H,I,J,K,L) -> eval_treeoutput_bb18_in(M,N,O,P,Q,R)

  * Ranking function: N/A

  * Invariants eval_treeoutput_bb18_in(A,B,C,D,E,F) -> eval_treeoutput_bb18_in(G,H,I,J,K,L)

     entry  : []
     non-rec: [A=G,B=H,C=I,D=J,E=K,F=L]
     rec    : [0=1]
     inv    : [A=G,B=H,C=I,D=J,E=K,F=L]

CRS loop_cont_eval_treeoutput_bb34_in(A,B,C,D,E,F,G,H)

  * Non Asymptotic Upper Bound: 2+c(failed(schemes_failed,[scc=13,cr=eval_treeoutput_bb43_in/6]))+nat(c(maximize_failed)) 

  * LOOPS loop_cont_eval_treeoutput_bb34_in(I,J,K,L,M,N,O,P) -> loop_cont_eval_treeoutput_bb34_in(Q,R,S,T,U,V,W,X)

  * Ranking function: N/A

  * Invariants loop_cont_eval_treeoutput_bb34_in(A,B,C,D,E,F,G,H) -> loop_cont_eval_treeoutput_bb34_in(I,J,K,L,M,N,O,P)

     entry  : []
     non-rec: [A=I,B=J,C=K,D=L,E=M,F=N,G=O,H=P]
     rec    : [0=1]
     inv    : [A=I,B=J,C=K,D=L,E=M,F=N,G=O,H=P]

CRS loop_cont_eval_treeoutput_bb43_in(A,B,C,D,E,F,G,H,I)

  * Non Asymptotic Upper Bound: 1+nat(G) 

  * LOOPS loop_cont_eval_treeoutput_bb43_in(J,K,L,M,N,O,P,Q,R) -> loop_cont_eval_treeoutput_bb43_in(S,T,U,V,W,X,Y,Z,A1)

  * Ranking function: N/A

  * Invariants loop_cont_eval_treeoutput_bb43_in(A,B,C,D,E,F,G,H,I) -> loop_cont_eval_treeoutput_bb43_in(J,K,L,M,N,O,P,Q,R)

     entry  : []
     non-rec: [A=J,B=K,C=L,D=M,E=N,F=O,G=P,H=Q,I=R]
     rec    : [0=1]
     inv    : [A=J,B=K,C=L,D=M,E=N,F=O,G=P,H=Q,I=R]

CRS eval_treeoutput_80(A,B,C,D,E,F,G)

  * Non Asymptotic Upper Bound: 1+nat(F) 

  * LOOPS eval_treeoutput_80(H,I,J,K,L,M,N) -> eval_treeoutput_80(O,P,Q,R,S,T,U)

  * Ranking function: N/A

  * Invariants eval_treeoutput_80(A,B,C,D,E,F,G) -> eval_treeoutput_80(H,I,J,K,L,M,N)

     entry  : []
     non-rec: [A=H,B=I,C=J,D=K,E=L,F=M,G=N]
     rec    : [0=1]
     inv    : [A=H,B=I,C=J,D=K,E=L,F=M,G=N]

CRS eval_treeoutput_81(A,B,C,D,E,F)

  * Non Asymptotic Upper Bound: 1+nat(F) 

  * LOOPS eval_treeoutput_81(G,H,I,J,K,L) -> eval_treeoutput_81(M,N,O,P,Q,R)

  * Ranking function: N/A

  * Invariants eval_treeoutput_81(A,B,C,D,E,F) -> eval_treeoutput_81(G,H,I,J,K,L)

     entry  : []
     non-rec: [A=G,B=H,C=I,D=J,E=K,F=L]
     rec    : [0=1]
     inv    : [A=G,B=H,C=I,D=J,E=K,F=L]

CRS loop_cont_eval_treeoutput_bb50_in(A,B,C,D,E,F,G)

  * Non Asymptotic Upper Bound: 0 

  * LOOPS loop_cont_eval_treeoutput_bb50_in(H,I,J,K,L,M,N) -> loop_cont_eval_treeoutput_bb50_in(O,P,Q,R,S,T,U)

  * Ranking function: N/A

  * Invariants loop_cont_eval_treeoutput_bb50_in(A,B,C,D,E,F,G) -> loop_cont_eval_treeoutput_bb50_in(H,I,J,K,L,M,N)

     entry  : []
     non-rec: [A=H,B=I,C=J,D=K,E=L,F=M,G=N]
     rec    : [0=1]
     inv    : [A=H,B=I,C=J,D=K,E=L,F=M,G=N]

CRS eval_treeoutput_86(A,B,C,D,E)

  * Non Asymptotic Upper Bound: 0 

  * LOOPS eval_treeoutput_86(F,G,H,I,J) -> eval_treeoutput_86(K,L,M,N,O)

  * Ranking function: N/A

  * Invariants eval_treeoutput_86(A,B,C,D,E) -> eval_treeoutput_86(F,G,H,I,J)

     entry  : []
     non-rec: [A=F,B=G,C=H,D=I,E=J]
     rec    : [0=1]
     inv    : [A=F,B=G,C=H,D=I,E=J]

CRS eval_treeoutput_87(A,B,C,D,E)

  * Non Asymptotic Upper Bound: 0 

  * LOOPS eval_treeoutput_87(F,G,H,I,J) -> eval_treeoutput_87(K,L,M,N,O)

  * Ranking function: N/A

  * Invariants eval_treeoutput_87(A,B,C,D,E) -> eval_treeoutput_87(F,G,H,I,J)

     entry  : []
     non-rec: [A=F,B=G,C=H,D=I,E=J]
     rec    : [0=1]
     inv    : [A=F,B=G,C=H,D=I,E=J]

CRS eval_treeoutput_88(A,B,C,D,E)

  * Non Asymptotic Upper Bound: 0 

  * LOOPS eval_treeoutput_88(F,G,H,I,J) -> eval_treeoutput_88(K,L,M,N,O)

  * Ranking function: N/A

  * Invariants eval_treeoutput_88(A,B,C,D,E) -> eval_treeoutput_88(F,G,H,I,J)

     entry  : [D=0]
     non-rec: [A=F,B=G,C=H,D=I,E=J,D=0]
     rec    : [0=1]
     inv    : [D=0,A=F,B=G,C=H,I=0,E=J]

CRS eval_treeoutput_89

  * Non Asymptotic Upper Bound: 0 

  * LOOPS eval_treeoutput_89 -> eval_treeoutput_89

  * Ranking function: N/A

  * Invariants eval_treeoutput_89 -> eval_treeoutput_89

     entry  : []
     non-rec: []
     rec    : [0=1]
     inv    : []

CRS eval_treeoutput_bb50_in(A,B,C,D,E,F)

  * Non Asymptotic Upper Bound: nat(F) 

  * LOOPS eval_treeoutput_bb50_in(G,H,I,J,K,L) -> eval_treeoutput_bb50_in(M,N,O,P,Q,R)
     - [L=R+1,G=M,H=N,I=O,J=P,K=Q,R>=0]

  * Ranking function: nat(L)

  * Invariants eval_treeoutput_bb50_in(A,B,C,D,E,F) -> eval_treeoutput_bb50_in(G,H,I,J,K,L)

     entry  : []
     non-rec: [A=G,B=H,C=I,D=J,E=K,F=L]
     rec    : [E=K,D=J,C=I,B=H,A=G,L>=0,F>=L+1]
     inv    : [F>=L,B=H,C=I,D=J,E=K,A=G]

CRS eval_treeoutput_bb43_in(A,B,C,D,E,F)

  * Non Asymptotic Upper Bound: c(failed(schemes_failed,[scc=13,cr=eval_treeoutput_bb43_in/6])) 

  * LOOPS eval_treeoutput_bb43_in(G,H,I,J,K,L) -> eval_treeoutput_bb43_in(M,N,O,P,Q,R)
     - [L=R]
     - [K=Q,L=R,G=M,H=N,I=O,J=P]

  * Ranking function: c(failed(no_rf,[scc=13,cr=eval_treeoutput_bb43_in/6]))

  * Invariants eval_treeoutput_bb43_in(A,B,C,D,E,F) -> eval_treeoutput_bb43_in(G,H,I,J,K,L)

     entry  : []
     non-rec: [A=G,B=H,C=I,D=J,E=K,F=L]
     rec    : [F=L]
     inv    : [F=L]

CRS loop_cont_eval_treeoutput_bb19_in(A,B,C,D,E,F,G)

  * Non Asymptotic Upper Bound: 1+c(failed(schemes_failed,[scc=10,cr=eval_treeoutput_bb28_in/5])) 

  * LOOPS loop_cont_eval_treeoutput_bb19_in(H,I,J,K,L,M,N) -> loop_cont_eval_treeoutput_bb19_in(O,P,Q,R,S,T,U)

  * Ranking function: N/A

  * Invariants loop_cont_eval_treeoutput_bb19_in(A,B,C,D,E,F,G) -> loop_cont_eval_treeoutput_bb19_in(H,I,J,K,L,M,N)

     entry  : []
     non-rec: [A=H,B=I,C=J,D=K,E=L,F=M,G=N]
     rec    : [0=1]
     inv    : [A=H,B=I,C=J,D=K,E=L,F=M,G=N]

CRS loop_cont_eval_treeoutput_bb28_in(A,B)

  * Non Asymptotic Upper Bound: 0 

  * LOOPS loop_cont_eval_treeoutput_bb28_in(C,D) -> loop_cont_eval_treeoutput_bb28_in(E,F)

  * Ranking function: N/A

  * Invariants loop_cont_eval_treeoutput_bb28_in(A,B) -> loop_cont_eval_treeoutput_bb28_in(C,D)

     entry  : []
     non-rec: [A=C,B=D]
     rec    : [0=1]
     inv    : [A=C,B=D]

CRS eval_treeoutput_bb28_in(A,B,C,D,E)

  * Non Asymptotic Upper Bound: c(failed(schemes_failed,[scc=10,cr=eval_treeoutput_bb28_in/5])) 

  * LOOPS eval_treeoutput_bb28_in(F,G,H,I,J) -> eval_treeoutput_bb28_in(K,L,M,N,O)
     - [I=N,J=O,F=K,G=L,H=M]
     - [I=N,J=O,F=K,G=L,H=M]

  * Ranking function: c(failed(no_rf,[scc=10,cr=eval_treeoutput_bb28_in/5]))

  * Invariants eval_treeoutput_bb28_in(A,B,C,D,E) -> eval_treeoutput_bb28_in(F,G,H,I,J)

     entry  : []
     non-rec: [A=F,B=G,C=H,D=I,E=J]
     rec    : [A=F,B=G,C=H,D=I,E=J]
     inv    : [A=F,B=G,C=H,D=I,E=J]

CRS eval_treeoutput_bb34_in(A,B,C,D,E,F)

  * Non Asymptotic Upper Bound: c(failed(schemes_failed,[scc=9,cr=eval_treeoutput_bb34_in/6])) 

  * LOOPS eval_treeoutput_bb34_in(G,H,I,J,K,L) -> eval_treeoutput_bb34_in(M,N,O,P,Q,R)
     - []

  * Ranking function: c(failed(no_rf,[scc=9,cr=eval_treeoutput_bb34_in/6]))

  * Invariants eval_treeoutput_bb34_in(A,B,C,D,E,F) -> eval_treeoutput_bb34_in(G,H,I,J,K,L)

     entry  : []
     non-rec: [A=G,B=H,C=I,D=J,E=K,F=L]
     rec    : []
     inv    : []

CRS eval_treeoutput_bb35_in(A,B,C,D,E,F)

  * Non Asymptotic Upper Bound: c(failed(schemes_failed,[scc=8,cr=eval_treeoutput_bb35_in/6])) 

  * LOOPS eval_treeoutput_bb35_in(G,H,I,J,K,L) -> eval_treeoutput_bb35_in(M,N,O,P,Q,R)
     - []
     - [K=Q,L=R,G=M,H=N,I=O,J=P]

  * Ranking function: c(failed(no_rf,[scc=8,cr=eval_treeoutput_bb35_in/6]))

  * Invariants eval_treeoutput_bb35_in(A,B,C,D,E,F) -> eval_treeoutput_bb35_in(G,H,I,J,K,L)

     entry  : []
     non-rec: [A=G,B=H,C=I,D=J,E=K,F=L]
     rec    : []
     inv    : []

CRS eval_treeoutput_bb38_in(A,B,C,D,E,F)

  * Non Asymptotic Upper Bound: c(failed(schemes_failed,[scc=7,cr=eval_treeoutput_bb38_in/6])) 

  * LOOPS eval_treeoutput_bb38_in(G,H,I,J,K,L) -> eval_treeoutput_bb38_in(M,N,O,P,Q,R)
     - [L=R,G=M,H=N,I=O,J=P,K=Q]

  * Ranking function: c(failed(no_rf,[scc=7,cr=eval_treeoutput_bb38_in/6]))

  * Invariants eval_treeoutput_bb38_in(A,B,C,D,E,F) -> eval_treeoutput_bb38_in(G,H,I,J,K,L)

     entry  : []
     non-rec: [A=G,B=H,C=I,D=J,E=K,F=L]
     rec    : [E=K,D=J,C=I,B=H,A=G,F=L]
     inv    : [A=G,B=H,C=I,D=J,E=K,F=L]

CRS eval_treeoutput_bb19_in(A,B,C,D,E)

  * Non Asymptotic Upper Bound: c(failed(schemes_failed,[scc=6,cr=eval_treeoutput_bb19_in/5])) 

  * LOOPS eval_treeoutput_bb19_in(F,G,H,I,J) -> eval_treeoutput_bb19_in(K,L,M,N,O)
     - []

  * Ranking function: c(failed(no_rf,[scc=6,cr=eval_treeoutput_bb19_in/5]))

  * Invariants eval_treeoutput_bb19_in(A,B,C,D,E) -> eval_treeoutput_bb19_in(F,G,H,I,J)

     entry  : []
     non-rec: [A=F,B=G,C=H,D=I,E=J]
     rec    : []
     inv    : []

CRS eval_treeoutput_bb20_in(A,B,C,D,E)

  * Non Asymptotic Upper Bound: c(failed(schemes_failed,[scc=5,cr=eval_treeoutput_bb20_in/5])) 

  * LOOPS eval_treeoutput_bb20_in(F,G,H,I,J) -> eval_treeoutput_bb20_in(K,L,M,N,O)
     - []
     - [I=N,J=O,F=K,G=L,H=M]

  * Ranking function: c(failed(no_rf,[scc=5,cr=eval_treeoutput_bb20_in/5]))

  * Invariants eval_treeoutput_bb20_in(A,B,C,D,E) -> eval_treeoutput_bb20_in(F,G,H,I,J)

     entry  : []
     non-rec: [A=F,B=G,C=H,D=I,E=J]
     rec    : []
     inv    : []

CRS eval_treeoutput_bb23_in(A,B,C,D,E)

  * Non Asymptotic Upper Bound: c(failed(schemes_failed,[scc=4,cr=eval_treeoutput_bb23_in/5])) 

  * LOOPS eval_treeoutput_bb23_in(F,G,H,I,J) -> eval_treeoutput_bb23_in(K,L,M,N,O)
     - [J=O,F=K,G=L,H=M,I=N]

  * Ranking function: c(failed(no_rf,[scc=4,cr=eval_treeoutput_bb23_in/5]))

  * Invariants eval_treeoutput_bb23_in(A,B,C,D,E) -> eval_treeoutput_bb23_in(F,G,H,I,J)

     entry  : []
     non-rec: [A=F,B=G,C=H,D=I,E=J]
     rec    : [D=I,C=H,B=G,A=F,E=J]
     inv    : [A=F,B=G,C=H,D=I,E=J]

CRS eval_treeoutput_7(A,B,C,D,E)

  * Non Asymptotic Upper Bound: 0 

  * LOOPS eval_treeoutput_7(F,G,H,I,J) -> eval_treeoutput_7(K,L,M,N,O)

  * Ranking function: N/A

  * Invariants eval_treeoutput_7(A,B,C,D,E) -> eval_treeoutput_7(F,G,H,I,J)

     entry  : []
     non-rec: [A=F,B=G,C=H,D=I,E=J]
     rec    : [0=1]
     inv    : [A=F,B=G,C=H,D=I,E=J]

CRS eval_treeoutput_8

  * Non Asymptotic Upper Bound: 0 

  * LOOPS eval_treeoutput_8 -> eval_treeoutput_8

  * Ranking function: N/A

  * Invariants eval_treeoutput_8 -> eval_treeoutput_8

     entry  : []
     non-rec: []
     rec    : [0=1]
     inv    : []

CRS eval_treeoutput_bb53_in

  * Non Asymptotic Upper Bound: 0 

  * LOOPS eval_treeoutput_bb53_in -> eval_treeoutput_bb53_in

  * Ranking function: N/A

  * Invariants eval_treeoutput_bb53_in -> eval_treeoutput_bb53_in

     entry  : []
     non-rec: []
     rec    : [0=1]
     inv    : []


