This is PUBS, version 0.2.
Copyright (C) 2007, 2008, 2009 UPM, UCM.
This program comes with ABSOLUTELY NO WARRANTY.
This is free software, and you are welcome to
redistribute it under certain conditions.



CRS $pubs_aux_entry$(A) -- THE MAIN ENTRY

  * Non Asymptotic Upper Bound: 1+c(failed(schemes_failed,[scc=0,cr=eval_dict_put_bb2_in/1])) 

  * LOOPS $pubs_aux_entry$(B) -> $pubs_aux_entry$(C)

  * Ranking function: N/A

  * Invariants $pubs_aux_entry$(A) -> $pubs_aux_entry$(B)

     entry  : []
     non-rec: [A=B]
     rec    : [0=1]
     inv    : [A=B]

CRS eval_dict_put_start(A)

  * Non Asymptotic Upper Bound: 1+c(failed(schemes_failed,[scc=0,cr=eval_dict_put_bb2_in/1])) 

  * LOOPS eval_dict_put_start(B) -> eval_dict_put_start(C)

  * Ranking function: N/A

  * Invariants eval_dict_put_start(A) -> eval_dict_put_start(B)

     entry  : []
     non-rec: [A=B]
     rec    : [0=1]
     inv    : [A=B]

CRS eval_dict_put_bb0_in(A)

  * Non Asymptotic Upper Bound: 1+c(failed(schemes_failed,[scc=0,cr=eval_dict_put_bb2_in/1])) 

  * LOOPS eval_dict_put_bb0_in(B) -> eval_dict_put_bb0_in(C)

  * Ranking function: N/A

  * Invariants eval_dict_put_bb0_in(A) -> eval_dict_put_bb0_in(B)

     entry  : []
     non-rec: [A=B]
     rec    : [0=1]
     inv    : [A=B]

CRS loop_cont_eval_dict_put_bb2_in(A,B,C)

  * Non Asymptotic Upper Bound: 0 

  * LOOPS loop_cont_eval_dict_put_bb2_in(D,E,F) -> loop_cont_eval_dict_put_bb2_in(G,H,I)

  * Ranking function: N/A

  * Invariants loop_cont_eval_dict_put_bb2_in(A,B,C) -> loop_cont_eval_dict_put_bb2_in(D,E,F)

     entry  : []
     non-rec: [A=D,B=E,C=F]
     rec    : [0=1]
     inv    : [A=D,B=E,C=F]

CRS eval_dict_put_NewDefault_in

  * Non Asymptotic Upper Bound: 0 

  * LOOPS eval_dict_put_NewDefault_in -> eval_dict_put_NewDefault_in

  * Ranking function: N/A

  * Invariants eval_dict_put_NewDefault_in -> eval_dict_put_NewDefault_in

     entry  : []
     non-rec: []
     rec    : [0=1]
     inv    : []

CRS eval_dict_put_65(A)

  * Non Asymptotic Upper Bound: 0 

  * LOOPS eval_dict_put_65(B) -> eval_dict_put_65(C)

  * Ranking function: N/A

  * Invariants eval_dict_put_65(A) -> eval_dict_put_65(B)

     entry  : []
     non-rec: [A=B]
     rec    : [0=1]
     inv    : [A=B]

CRS eval_dict_put_66(A)

  * Non Asymptotic Upper Bound: 0 

  * LOOPS eval_dict_put_66(B) -> eval_dict_put_66(C)

  * Ranking function: N/A

  * Invariants eval_dict_put_66(A) -> eval_dict_put_66(B)

     entry  : []
     non-rec: [A=B]
     rec    : [0=1]
     inv    : [A=B]

CRS eval_dict_put_bb19_in(A)

  * Non Asymptotic Upper Bound: 0 

  * LOOPS eval_dict_put_bb19_in(B) -> eval_dict_put_bb19_in(C)

  * Ranking function: N/A

  * Invariants eval_dict_put_bb19_in(A) -> eval_dict_put_bb19_in(B)

     entry  : []
     non-rec: [A=B]
     rec    : [0=1]
     inv    : [A=B]

CRS eval_dict_put_67(A)

  * Non Asymptotic Upper Bound: 0 

  * LOOPS eval_dict_put_67(B) -> eval_dict_put_67(C)

  * Ranking function: N/A

  * Invariants eval_dict_put_67(A) -> eval_dict_put_67(B)

     entry  : []
     non-rec: [A=B]
     rec    : [0=1]
     inv    : [A=B]

CRS eval_dict_put_68(A)

  * Non Asymptotic Upper Bound: 0 

  * LOOPS eval_dict_put_68(B) -> eval_dict_put_68(C)

  * Ranking function: N/A

  * Invariants eval_dict_put_68(A) -> eval_dict_put_68(B)

     entry  : []
     non-rec: [A=B]
     rec    : [0=1]
     inv    : [A=B]

CRS eval_dict_put_42(A)

  * Non Asymptotic Upper Bound: 0 

  * LOOPS eval_dict_put_42(B) -> eval_dict_put_42(C)

  * Ranking function: N/A

  * Invariants eval_dict_put_42(A) -> eval_dict_put_42(B)

     entry  : []
     non-rec: [A=B]
     rec    : [0=1]
     inv    : [A=B]

CRS eval_dict_put_43(A)

  * Non Asymptotic Upper Bound: 0 

  * LOOPS eval_dict_put_43(B) -> eval_dict_put_43(C)

  * Ranking function: N/A

  * Invariants eval_dict_put_43(A) -> eval_dict_put_43(B)

     entry  : []
     non-rec: [A=B]
     rec    : [0=1]
     inv    : [A=B]

CRS eval_dict_put_bb14_in(A)

  * Non Asymptotic Upper Bound: 0 

  * LOOPS eval_dict_put_bb14_in(B) -> eval_dict_put_bb14_in(C)

  * Ranking function: N/A

  * Invariants eval_dict_put_bb14_in(A) -> eval_dict_put_bb14_in(B)

     entry  : []
     non-rec: [A=B]
     rec    : [0=1]
     inv    : [A=B]

CRS eval_dict_put_bb20_in(A)

  * Non Asymptotic Upper Bound: 0 

  * LOOPS eval_dict_put_bb20_in(B) -> eval_dict_put_bb20_in(C)

  * Ranking function: N/A

  * Invariants eval_dict_put_bb20_in(A) -> eval_dict_put_bb20_in(B)

     entry  : []
     non-rec: [A=B]
     rec    : [0=1]
     inv    : [A=B]

CRS eval_dict_put_80(A)

  * Non Asymptotic Upper Bound: 0 

  * LOOPS eval_dict_put_80(B) -> eval_dict_put_80(C)

  * Ranking function: N/A

  * Invariants eval_dict_put_80(A) -> eval_dict_put_80(B)

     entry  : []
     non-rec: [A=B]
     rec    : [0=1]
     inv    : [A=B]

CRS eval_dict_put_81(A)

  * Non Asymptotic Upper Bound: 0 

  * LOOPS eval_dict_put_81(B) -> eval_dict_put_81(C)

  * Ranking function: N/A

  * Invariants eval_dict_put_81(A) -> eval_dict_put_81(B)

     entry  : []
     non-rec: [A=B]
     rec    : [0=1]
     inv    : [A=B]

CRS eval_dict_put_bb22_in(A)

  * Non Asymptotic Upper Bound: 0 

  * LOOPS eval_dict_put_bb22_in(B) -> eval_dict_put_bb22_in(C)

  * Ranking function: N/A

  * Invariants eval_dict_put_bb22_in(A) -> eval_dict_put_bb22_in(B)

     entry  : []
     non-rec: [A=B]
     rec    : [0=1]
     inv    : [A=B]

CRS eval_dict_put_88(A)

  * Non Asymptotic Upper Bound: 0 

  * LOOPS eval_dict_put_88(B) -> eval_dict_put_88(C)

  * Ranking function: N/A

  * Invariants eval_dict_put_88(A) -> eval_dict_put_88(B)

     entry  : []
     non-rec: [A=B]
     rec    : [0=1]
     inv    : [A=B]

CRS eval_dict_put_89(A)

  * Non Asymptotic Upper Bound: 0 

  * LOOPS eval_dict_put_89(B) -> eval_dict_put_89(C)

  * Ranking function: N/A

  * Invariants eval_dict_put_89(A) -> eval_dict_put_89(B)

     entry  : []
     non-rec: [A=B]
     rec    : [0=1]
     inv    : [A=B]

CRS eval_dict_put_bb26_in(A)

  * Non Asymptotic Upper Bound: 0 

  * LOOPS eval_dict_put_bb26_in(B) -> eval_dict_put_bb26_in(C)

  * Ranking function: N/A

  * Invariants eval_dict_put_bb26_in(A) -> eval_dict_put_bb26_in(B)

     entry  : []
     non-rec: [A=B]
     rec    : [0=1]
     inv    : [A=B]

CRS eval_dict_put_90(A)

  * Non Asymptotic Upper Bound: 0 

  * LOOPS eval_dict_put_90(B) -> eval_dict_put_90(C)

  * Ranking function: N/A

  * Invariants eval_dict_put_90(A) -> eval_dict_put_90(B)

     entry  : []
     non-rec: [A=B]
     rec    : [0=1]
     inv    : [A=B]

CRS eval_dict_put_91(A)

  * Non Asymptotic Upper Bound: 0 

  * LOOPS eval_dict_put_91(B) -> eval_dict_put_91(C)

  * Ranking function: N/A

  * Invariants eval_dict_put_91(A) -> eval_dict_put_91(B)

     entry  : []
     non-rec: [A=B]
     rec    : [0=1]
     inv    : [A=B]

CRS eval_dict_put_bb28_in(A)

  * Non Asymptotic Upper Bound: 0 

  * LOOPS eval_dict_put_bb28_in(B) -> eval_dict_put_bb28_in(C)

  * Ranking function: N/A

  * Invariants eval_dict_put_bb28_in(A) -> eval_dict_put_bb28_in(B)

     entry  : []
     non-rec: [A=B]
     rec    : [0=1]
     inv    : [A=B]

CRS eval_dict_put_bb29_in(A)

  * Non Asymptotic Upper Bound: 0 

  * LOOPS eval_dict_put_bb29_in(B) -> eval_dict_put_bb29_in(C)

  * Ranking function: N/A

  * Invariants eval_dict_put_bb29_in(A) -> eval_dict_put_bb29_in(B)

     entry  : []
     non-rec: [A=B]
     rec    : [0=1]
     inv    : [A=B]

CRS eval_dict_put_101(A)

  * Non Asymptotic Upper Bound: 0 

  * LOOPS eval_dict_put_101(B) -> eval_dict_put_101(C)

  * Ranking function: N/A

  * Invariants eval_dict_put_101(A) -> eval_dict_put_101(B)

     entry  : []
     non-rec: [A=B]
     rec    : [0=1]
     inv    : [A=B]

CRS eval_dict_put_102(A)

  * Non Asymptotic Upper Bound: 0 

  * LOOPS eval_dict_put_102(B) -> eval_dict_put_102(C)

  * Ranking function: N/A

  * Invariants eval_dict_put_102(A) -> eval_dict_put_102(B)

     entry  : []
     non-rec: [A=B]
     rec    : [0=1]
     inv    : [A=B]

CRS eval_dict_put_bb31_in(A)

  * Non Asymptotic Upper Bound: 0 

  * LOOPS eval_dict_put_bb31_in(B) -> eval_dict_put_bb31_in(C)

  * Ranking function: N/A

  * Invariants eval_dict_put_bb31_in(A) -> eval_dict_put_bb31_in(B)

     entry  : []
     non-rec: [A=B]
     rec    : [0=1]
     inv    : [A=B]

CRS eval_dict_put_103(A)

  * Non Asymptotic Upper Bound: 0 

  * LOOPS eval_dict_put_103(B) -> eval_dict_put_103(C)

  * Ranking function: N/A

  * Invariants eval_dict_put_103(A) -> eval_dict_put_103(B)

     entry  : []
     non-rec: [A=B]
     rec    : [0=1]
     inv    : [A=B]

CRS eval_dict_put_104

  * Non Asymptotic Upper Bound: 0 

  * LOOPS eval_dict_put_104 -> eval_dict_put_104

  * Ranking function: N/A

  * Invariants eval_dict_put_104 -> eval_dict_put_104

     entry  : []
     non-rec: []
     rec    : [0=1]
     inv    : []

CRS eval_dict_put_bb32_in

  * Non Asymptotic Upper Bound: 0 

  * LOOPS eval_dict_put_bb32_in -> eval_dict_put_bb32_in

  * Ranking function: N/A

  * Invariants eval_dict_put_bb32_in -> eval_dict_put_bb32_in

     entry  : []
     non-rec: []
     rec    : [0=1]
     inv    : []

CRS eval_dict_put_bb2_in(A)

  * Non Asymptotic Upper Bound: c(failed(schemes_failed,[scc=0,cr=eval_dict_put_bb2_in/1])) 

  * LOOPS eval_dict_put_bb2_in(B) -> eval_dict_put_bb2_in(C)
     - [B=C]
     - [B=C]
     - [B=C]
     - [B=C]
     - [B=C]
     - [B=C]
     - [B=C]

  * Ranking function: c(failed(no_rf,[scc=0,cr=eval_dict_put_bb2_in/1]))

  * Invariants eval_dict_put_bb2_in(A) -> eval_dict_put_bb2_in(B)

     entry  : []
     non-rec: [A=B]
     rec    : [A=B]
     inv    : [A=B]


