This is PUBS, version 0.2.
Copyright (C) 2007, 2008, 2009 UPM, UCM.
This program comes with ABSOLUTELY NO WARRANTY.
This is free software, and you are welcome to
redistribute it under certain conditions.



CRS $pubs_aux_entry$(A,B) -- THE MAIN ENTRY

  * Non Asymptotic Upper Bound: 1+2*nat(B) 

  * LOOPS $pubs_aux_entry$(C,D) -> $pubs_aux_entry$(E,F)

  * Ranking function: N/A

  * Invariants $pubs_aux_entry$(A,B) -> $pubs_aux_entry$(C,D)

     entry  : []
     non-rec: [A=C,B=D]
     rec    : [0=1]
     inv    : [A=C,B=D]

CRS eval_expand_pre_start(A,B)

  * Non Asymptotic Upper Bound: 1+2*nat(B) 

  * LOOPS eval_expand_pre_start(C,D) -> eval_expand_pre_start(E,F)

  * Ranking function: N/A

  * Invariants eval_expand_pre_start(A,B) -> eval_expand_pre_start(C,D)

     entry  : []
     non-rec: [A=C,B=D]
     rec    : [0=1]
     inv    : [A=C,B=D]

CRS eval_expand_pre_bb0_in(A,B)

  * Non Asymptotic Upper Bound: 1+2*nat(B) 

  * LOOPS eval_expand_pre_bb0_in(C,D) -> eval_expand_pre_bb0_in(E,F)

  * Ranking function: N/A

  * Invariants eval_expand_pre_bb0_in(A,B) -> eval_expand_pre_bb0_in(C,D)

     entry  : []
     non-rec: [A=C,B=D]
     rec    : [0=1]
     inv    : [A=C,B=D]

CRS loop_cont_eval_expand_pre_bb1_in(A,B)

  * Non Asymptotic Upper Bound: 0 

  * LOOPS loop_cont_eval_expand_pre_bb1_in(C,D) -> loop_cont_eval_expand_pre_bb1_in(E,F)

  * Ranking function: N/A

  * Invariants loop_cont_eval_expand_pre_bb1_in(A,B) -> loop_cont_eval_expand_pre_bb1_in(C,D)

     entry  : [A=2]
     non-rec: [A=C,B=D,A=2]
     rec    : [0=1]
     inv    : [A=2,C=2,B=D]

CRS eval_expand_pre_bb1_in(A,B,C)

  * Non Asymptotic Upper Bound: 2*nat(C) 

  * LOOPS eval_expand_pre_bb1_in(D,E,F) -> eval_expand_pre_bb1_in(G,H,I)
     - [F=I+1,D=G,E=H,I>=0]
     - [F=I+1,D=G,E=H,I>=0]

  * Ranking function: nat(F)

  * Invariants eval_expand_pre_bb1_in(A,B,C) -> eval_expand_pre_bb1_in(D,E,F)

     entry  : [B=C]
     non-rec: [A=D,B=E,C=F,B=C]
     rec    : [B=E,A=D,B=C,F>=0,B>=F+1]
     inv    : [B>=F,A=D,B=E,B=C]


