This is PUBS, version 0.2.
Copyright (C) 2007, 2008, 2009 UPM, UCM.
This program comes with ABSOLUTELY NO WARRANTY.
This is free software, and you are welcome to
redistribute it under certain conditions.



CRS $pubs_aux_entry$ -- THE MAIN ENTRY

  * Non Asymptotic Upper Bound: 32+120*nat(c(maximize_failed)) 

  * LOOPS $pubs_aux_entry$ -> $pubs_aux_entry$

  * Ranking function: N/A

  * Invariants $pubs_aux_entry$ -> $pubs_aux_entry$

     entry  : []
     non-rec: []
     rec    : [0=1]
     inv    : []

CRS eval_lookup_gs_simple_font_encoding_start

  * Non Asymptotic Upper Bound: 32+120*nat(c(maximize_failed)) 

  * LOOPS eval_lookup_gs_simple_font_encoding_start -> eval_lookup_gs_simple_font_encoding_start

  * Ranking function: N/A

  * Invariants eval_lookup_gs_simple_font_encoding_start -> eval_lookup_gs_simple_font_encoding_start

     entry  : []
     non-rec: []
     rec    : [0=1]
     inv    : []

CRS eval_lookup_gs_simple_font_encoding_bb0_in

  * Non Asymptotic Upper Bound: 32+120*nat(c(maximize_failed)) 

  * LOOPS eval_lookup_gs_simple_font_encoding_bb0_in -> eval_lookup_gs_simple_font_encoding_bb0_in

  * Ranking function: N/A

  * Invariants eval_lookup_gs_simple_font_encoding_bb0_in -> eval_lookup_gs_simple_font_encoding_bb0_in

     entry  : []
     non-rec: []
     rec    : [0=1]
     inv    : []

CRS loop_cont_eval_lookup_gs_simple_font_encoding_bb1_in(A,B)

  * Non Asymptotic Upper Bound: 26+120*nat(c(maximize_failed)) 

  * LOOPS loop_cont_eval_lookup_gs_simple_font_encoding_bb1_in(C,D) -> loop_cont_eval_lookup_gs_simple_font_encoding_bb1_in(E,F)

  * Ranking function: N/A

  * Invariants loop_cont_eval_lookup_gs_simple_font_encoding_bb1_in(A,B) -> loop_cont_eval_lookup_gs_simple_font_encoding_bb1_in(C,D)

     entry  : [A=4]
     non-rec: [A=C,B=D,A=4]
     rec    : [0=1]
     inv    : [A=4,C=4,B=D]

CRS eval_lookup_gs_simple_font_encoding_bb3_in

  * Non Asymptotic Upper Bound: 26+120*nat(c(maximize_failed)) 

  * LOOPS eval_lookup_gs_simple_font_encoding_bb3_in -> eval_lookup_gs_simple_font_encoding_bb3_in

  * Ranking function: N/A

  * Invariants eval_lookup_gs_simple_font_encoding_bb3_in -> eval_lookup_gs_simple_font_encoding_bb3_in

     entry  : []
     non-rec: []
     rec    : [0=1]
     inv    : []

CRS loop_cont_eval_lookup_gs_simple_font_encoding_bb5_in(A,B)

  * Non Asymptotic Upper Bound: 0 

  * LOOPS loop_cont_eval_lookup_gs_simple_font_encoding_bb5_in(C,D) -> loop_cont_eval_lookup_gs_simple_font_encoding_bb5_in(E,F)

  * Ranking function: N/A

  * Invariants loop_cont_eval_lookup_gs_simple_font_encoding_bb5_in(A,B) -> loop_cont_eval_lookup_gs_simple_font_encoding_bb5_in(C,D)

     entry  : [A=3]
     non-rec: [A=C,B=D,A=3]
     rec    : [0=1]
     inv    : [A=3,C=3,B=D]

CRS eval_lookup_gs_simple_font_encoding_bb5_in(A,B)

  * Non Asymptotic Upper Bound: 5*nat(B)+24*nat(A)*nat(B) 

  * LOOPS eval_lookup_gs_simple_font_encoding_bb5_in(C,D) -> eval_lookup_gs_simple_font_encoding_bb5_in(E,F)
     - [C=E,D=F+1,F>=0]
     - [F>=0,D=F+1,C=E]
     - [F>=0,D=F+1,C=E]

  * Ranking function: nat(D)

  * Invariants eval_lookup_gs_simple_font_encoding_bb5_in(A,B) -> eval_lookup_gs_simple_font_encoding_bb5_in(C,D)

     entry  : [B=5]
     non-rec: [A=C,B=D,B=5]
     rec    : [A=C,B=5,4>=D]
     inv    : [5>=D,A=C,B=5]

CRS eval_lookup_gs_simple_font_encoding_bb8_in(A,B,C,D)

  * Non Asymptotic Upper Bound: 12*nat(-B+C+D+1) 

  * LOOPS eval_lookup_gs_simple_font_encoding_bb8_in(E,F,G,H) -> eval_lookup_gs_simple_font_encoding_bb8_in(I,J,K,L)
     - [H=L+1,E=I,F=J,G=K,L>=0]
     - [H=L+1,E=I,F=J,G=K,L>=0]
     - [H=L+1,E=I,F=J,G=K,L>=0]
     - [H=L+1,E=I,F=J,G=K,L>=0]
     - [H=L+1,E=I,F=J,G=K,L>=0]
     - [H=L+1,E=I,F=J,G=K,L>=0]
     - [H=L+1,E=I,F=J,G=K,L>=0]
     - [H=L+1,E=I,F=J,G=K,L>=0]
     - [H=L+1,E=I,F=J,G=K,L>=0]
     - [H=L+1,E=I,F=J,G=K,L>=0]
     - [H=L+1,E=I,F=J,G=K,L>=0]
     - [H=L+1,E=I,F=J,G=K,L>=0]

  * Ranking function: nat(H)

  * Invariants eval_lookup_gs_simple_font_encoding_bb8_in(A,B,C,D) -> eval_lookup_gs_simple_font_encoding_bb8_in(E,F,G,H)

     entry  : [4>=C,C>=0,A=D,B=C+1]
     non-rec: [A=E,B=F,C=G,D=H,4>=C,C>=0,A=D,B=C+1]
     rec    : [B=G+1,B=F,A=E,A=D,B=C+1,H>=0,5>=B,B>=1,A>=H+1]
     inv    : [A>=H,B>=1,5>=B,A=D,A=E,B=F,B=G+1,B=C+1]

CRS eval_lookup_gs_simple_font_encoding_bb19_in

  * Non Asymptotic Upper Bound: 0 

  * LOOPS eval_lookup_gs_simple_font_encoding_bb19_in -> eval_lookup_gs_simple_font_encoding_bb19_in

  * Ranking function: N/A

  * Invariants eval_lookup_gs_simple_font_encoding_bb19_in -> eval_lookup_gs_simple_font_encoding_bb19_in

     entry  : []
     non-rec: []
     rec    : [0=1]
     inv    : []

CRS eval_lookup_gs_simple_font_encoding_bb1_in(A)

  * Non Asymptotic Upper Bound: nat(A) 

  * LOOPS eval_lookup_gs_simple_font_encoding_bb1_in(B) -> eval_lookup_gs_simple_font_encoding_bb1_in(C)
     - [B=C+1,C>=0]

  * Ranking function: nat(B)

  * Invariants eval_lookup_gs_simple_font_encoding_bb1_in(A) -> eval_lookup_gs_simple_font_encoding_bb1_in(B)

     entry  : [A=5]
     non-rec: [A=B,A=5]
     rec    : [A=5,4>=B]
     inv    : [5>=B,A=5]


