This is PUBS, version 0.2.
Copyright (C) 2007, 2008, 2009 UPM, UCM.
This program comes with ABSOLUTELY NO WARRANTY.
This is free software, and you are welcome to
redistribute it under certain conditions.



CRS $pubs_aux_entry$(A) -- THE MAIN ENTRY

  * Non Asymptotic Upper Bound: 1+c(failed(schemes_failed,[scc=1,cr=eval_pdfmark_annot_bb2_in/2])) 

  * LOOPS $pubs_aux_entry$(B) -> $pubs_aux_entry$(C)

  * Ranking function: N/A

  * Invariants $pubs_aux_entry$(A) -> $pubs_aux_entry$(B)

     entry  : []
     non-rec: [A=B]
     rec    : [0=1]
     inv    : [A=B]

CRS eval_pdfmark_annot_start(A)

  * Non Asymptotic Upper Bound: 1+c(failed(schemes_failed,[scc=1,cr=eval_pdfmark_annot_bb2_in/2])) 

  * LOOPS eval_pdfmark_annot_start(B) -> eval_pdfmark_annot_start(C)

  * Ranking function: N/A

  * Invariants eval_pdfmark_annot_start(A) -> eval_pdfmark_annot_start(B)

     entry  : []
     non-rec: [A=B]
     rec    : [0=1]
     inv    : [A=B]

CRS eval_pdfmark_annot_bb0_in(A)

  * Non Asymptotic Upper Bound: 1+c(failed(schemes_failed,[scc=1,cr=eval_pdfmark_annot_bb2_in/2])) 

  * LOOPS eval_pdfmark_annot_bb0_in(B) -> eval_pdfmark_annot_bb0_in(C)

  * Ranking function: N/A

  * Invariants eval_pdfmark_annot_bb0_in(A) -> eval_pdfmark_annot_bb0_in(B)

     entry  : []
     non-rec: [A=B]
     rec    : [0=1]
     inv    : [A=B]

CRS eval_pdfmark_annot_0(A)

  * Non Asymptotic Upper Bound: 1+c(failed(schemes_failed,[scc=1,cr=eval_pdfmark_annot_bb2_in/2])) 

  * LOOPS eval_pdfmark_annot_0(B) -> eval_pdfmark_annot_0(C)

  * Ranking function: N/A

  * Invariants eval_pdfmark_annot_0(A) -> eval_pdfmark_annot_0(B)

     entry  : []
     non-rec: [A=B]
     rec    : [0=1]
     inv    : [A=B]

CRS eval_pdfmark_annot_1(A)

  * Non Asymptotic Upper Bound: 1+c(failed(schemes_failed,[scc=1,cr=eval_pdfmark_annot_bb2_in/2])) 

  * LOOPS eval_pdfmark_annot_1(B) -> eval_pdfmark_annot_1(C)

  * Ranking function: N/A

  * Invariants eval_pdfmark_annot_1(A) -> eval_pdfmark_annot_1(B)

     entry  : []
     non-rec: [A=B]
     rec    : [0=1]
     inv    : [A=B]

CRS eval_pdfmark_annot_5(A)

  * Non Asymptotic Upper Bound: 1+c(failed(schemes_failed,[scc=1,cr=eval_pdfmark_annot_bb2_in/2])) 

  * LOOPS eval_pdfmark_annot_5(B) -> eval_pdfmark_annot_5(C)

  * Ranking function: N/A

  * Invariants eval_pdfmark_annot_5(A) -> eval_pdfmark_annot_5(B)

     entry  : []
     non-rec: [A=B]
     rec    : [0=1]
     inv    : [A=B]

CRS eval_pdfmark_annot_6(A)

  * Non Asymptotic Upper Bound: 1+c(failed(schemes_failed,[scc=1,cr=eval_pdfmark_annot_bb2_in/2])) 

  * LOOPS eval_pdfmark_annot_6(B) -> eval_pdfmark_annot_6(C)

  * Ranking function: N/A

  * Invariants eval_pdfmark_annot_6(A) -> eval_pdfmark_annot_6(B)

     entry  : []
     non-rec: [A=B]
     rec    : [0=1]
     inv    : [A=B]

CRS loop_cont_eval_pdfmark_annot_bb2_in(A,B,C)

  * Non Asymptotic Upper Bound: 0 

  * LOOPS loop_cont_eval_pdfmark_annot_bb2_in(D,E,F) -> loop_cont_eval_pdfmark_annot_bb2_in(G,H,I)

  * Ranking function: N/A

  * Invariants loop_cont_eval_pdfmark_annot_bb2_in(A,B,C) -> loop_cont_eval_pdfmark_annot_bb2_in(D,E,F)

     entry  : [5>=A]
     non-rec: [A=D,B=E,C=F,5>=A]
     rec    : [0=1]
     inv    : [5>=A,A=D,B=E,C=F]

CRS eval_pdfmark_annot_62(A)

  * Non Asymptotic Upper Bound: 0 

  * LOOPS eval_pdfmark_annot_62(B) -> eval_pdfmark_annot_62(C)

  * Ranking function: N/A

  * Invariants eval_pdfmark_annot_62(A) -> eval_pdfmark_annot_62(B)

     entry  : []
     non-rec: [A=B]
     rec    : [0=1]
     inv    : [A=B]

CRS eval_pdfmark_annot_63

  * Non Asymptotic Upper Bound: 0 

  * LOOPS eval_pdfmark_annot_63 -> eval_pdfmark_annot_63

  * Ranking function: N/A

  * Invariants eval_pdfmark_annot_63 -> eval_pdfmark_annot_63

     entry  : []
     non-rec: []
     rec    : [0=1]
     inv    : []

CRS eval_pdfmark_annot_64

  * Non Asymptotic Upper Bound: 0 

  * LOOPS eval_pdfmark_annot_64 -> eval_pdfmark_annot_64

  * Ranking function: N/A

  * Invariants eval_pdfmark_annot_64 -> eval_pdfmark_annot_64

     entry  : []
     non-rec: []
     rec    : [0=1]
     inv    : []

CRS eval_pdfmark_annot_65

  * Non Asymptotic Upper Bound: 0 

  * LOOPS eval_pdfmark_annot_65 -> eval_pdfmark_annot_65

  * Ranking function: N/A

  * Invariants eval_pdfmark_annot_65 -> eval_pdfmark_annot_65

     entry  : []
     non-rec: []
     rec    : [0=1]
     inv    : []

CRS eval_pdfmark_annot_bb27_in

  * Non Asymptotic Upper Bound: 0 

  * LOOPS eval_pdfmark_annot_bb27_in -> eval_pdfmark_annot_bb27_in

  * Ranking function: N/A

  * Invariants eval_pdfmark_annot_bb27_in -> eval_pdfmark_annot_bb27_in

     entry  : []
     non-rec: []
     rec    : [0=1]
     inv    : []

CRS eval_pdfmark_annot_66

  * Non Asymptotic Upper Bound: 0 

  * LOOPS eval_pdfmark_annot_66 -> eval_pdfmark_annot_66

  * Ranking function: N/A

  * Invariants eval_pdfmark_annot_66 -> eval_pdfmark_annot_66

     entry  : []
     non-rec: []
     rec    : [0=1]
     inv    : []

CRS eval_pdfmark_annot_67

  * Non Asymptotic Upper Bound: 0 

  * LOOPS eval_pdfmark_annot_67 -> eval_pdfmark_annot_67

  * Ranking function: N/A

  * Invariants eval_pdfmark_annot_67 -> eval_pdfmark_annot_67

     entry  : []
     non-rec: []
     rec    : [0=1]
     inv    : []

CRS eval_pdfmark_annot_bb29_in

  * Non Asymptotic Upper Bound: 0 

  * LOOPS eval_pdfmark_annot_bb29_in -> eval_pdfmark_annot_bb29_in

  * Ranking function: N/A

  * Invariants eval_pdfmark_annot_bb29_in -> eval_pdfmark_annot_bb29_in

     entry  : []
     non-rec: []
     rec    : [0=1]
     inv    : []

CRS eval_pdfmark_annot_68

  * Non Asymptotic Upper Bound: 0 

  * LOOPS eval_pdfmark_annot_68 -> eval_pdfmark_annot_68

  * Ranking function: N/A

  * Invariants eval_pdfmark_annot_68 -> eval_pdfmark_annot_68

     entry  : []
     non-rec: []
     rec    : [0=1]
     inv    : []

CRS eval_pdfmark_annot_69

  * Non Asymptotic Upper Bound: 0 

  * LOOPS eval_pdfmark_annot_69 -> eval_pdfmark_annot_69

  * Ranking function: N/A

  * Invariants eval_pdfmark_annot_69 -> eval_pdfmark_annot_69

     entry  : []
     non-rec: []
     rec    : [0=1]
     inv    : []

CRS eval_pdfmark_annot_70

  * Non Asymptotic Upper Bound: 0 

  * LOOPS eval_pdfmark_annot_70 -> eval_pdfmark_annot_70

  * Ranking function: N/A

  * Invariants eval_pdfmark_annot_70 -> eval_pdfmark_annot_70

     entry  : []
     non-rec: []
     rec    : [0=1]
     inv    : []

CRS eval_pdfmark_annot_bb30_in

  * Non Asymptotic Upper Bound: 0 

  * LOOPS eval_pdfmark_annot_bb30_in -> eval_pdfmark_annot_bb30_in

  * Ranking function: N/A

  * Invariants eval_pdfmark_annot_bb30_in -> eval_pdfmark_annot_bb30_in

     entry  : []
     non-rec: []
     rec    : [0=1]
     inv    : []

CRS eval_pdfmark_annot_bb2_in(A,B)

  * Non Asymptotic Upper Bound: c(failed(schemes_failed,[scc=1,cr=eval_pdfmark_annot_bb2_in/2])) 

  * LOOPS eval_pdfmark_annot_bb2_in(C,D) -> eval_pdfmark_annot_bb2_in(E,F)
     - [D+2=F,C=E,C>=D+1]
     - [D+2=F,C=E,C>=D+1]
     - [D+2=F,C=E,C>=D+1]
     - [C+1>=F,C=E,D+2=F]
     - [D+2=F,C=E,C>=D+1]
     - [D+2=F,C=E,C>=D+1]
     - [D+2=F,C=E,C>=D+1]
     - [D+2=F,C=E,C>=D+1]
     - [D+2=F,C=E,C>=D+1]
     - [C+1>=F,C=E,D+2=F]
     - [D+2=F,C=E,C>=D+1]
     - [D+2=F,C=E,C>=D+1]
     - [D+2=F,C=E,C>=D+1]

  * Ranking function: nat(C/2-D/2+1/2)

  * Invariants eval_pdfmark_annot_bb2_in(A,B) -> eval_pdfmark_annot_bb2_in(C,D)

     entry  : [B=0]
     non-rec: [A=C,B=D,B=0]
     rec    : [A=C,B=0,A+1>=D,D>=2]
     inv    : [D>=0,A=C,B=0]

CRS eval_pdfmark_annot_bb10_in(A,B,C,D)

  * Non Asymptotic Upper Bound: nat(C-D+7)/8+2*nat(C-D) 

  * LOOPS eval_pdfmark_annot_bb10_in(E,F,G,H) -> eval_pdfmark_annot_bb10_in(I,J,K,L)
     - [H+1=L,E=I,F=J,G=K,G>=H+1]
     - [H+8=L,E=I,F=J,G=K,G>=H+1]
     - [H+1=L,E=I,F=J,G=K,G>=H+1]

  * Ranking function: nat(G-H)

  * Invariants eval_pdfmark_annot_bb10_in(A,B,C,D) -> eval_pdfmark_annot_bb10_in(E,F,G,H)

     entry  : [A>=B+1,B>=0,D=0]
     non-rec: [A=E,B=F,C=G,D=H,A>=B+1,B>=0,D=0]
     rec    : [C=G,B=F,A=E,D=0,A>=B+1,B>=0,C+7>=H,H>=1,C>=1]
     inv    : [H>=0,A>=B+1,B>=0,A=E,B=F,C=G,D=0]


