This is PUBS, version 0.2.
Copyright (C) 2007, 2008, 2009 UPM, UCM.
This program comes with ABSOLUTELY NO WARRANTY.
This is free software, and you are welcome to
redistribute it under certain conditions.



CRS $pubs_aux_entry$(A) -- THE MAIN ENTRY

  * Non Asymptotic Upper Bound: 1+c(failed(schemes_failed,[scc=7,cr=eval_pclxl_end_image_bb5_in/1])) 

  * LOOPS $pubs_aux_entry$(B) -> $pubs_aux_entry$(C)

  * Ranking function: N/A

  * Invariants $pubs_aux_entry$(A) -> $pubs_aux_entry$(B)

     entry  : []
     non-rec: [A=B]
     rec    : [0=1]
     inv    : [A=B]

CRS eval_pclxl_end_image_start(A)

  * Non Asymptotic Upper Bound: 1+c(failed(schemes_failed,[scc=7,cr=eval_pclxl_end_image_bb5_in/1])) 

  * LOOPS eval_pclxl_end_image_start(B) -> eval_pclxl_end_image_start(C)

  * Ranking function: N/A

  * Invariants eval_pclxl_end_image_start(A) -> eval_pclxl_end_image_start(B)

     entry  : []
     non-rec: [A=B]
     rec    : [0=1]
     inv    : [A=B]

CRS eval_pclxl_end_image_bb0_in(A)

  * Non Asymptotic Upper Bound: 1+c(failed(schemes_failed,[scc=7,cr=eval_pclxl_end_image_bb5_in/1])) 

  * LOOPS eval_pclxl_end_image_bb0_in(B) -> eval_pclxl_end_image_bb0_in(C)

  * Ranking function: N/A

  * Invariants eval_pclxl_end_image_bb0_in(A) -> eval_pclxl_end_image_bb0_in(B)

     entry  : []
     non-rec: [A=B]
     rec    : [0=1]
     inv    : [A=B]

CRS eval_pclxl_end_image_8(A)

  * Non Asymptotic Upper Bound: 1+c(failed(schemes_failed,[scc=7,cr=eval_pclxl_end_image_bb5_in/1])) 

  * LOOPS eval_pclxl_end_image_8(B) -> eval_pclxl_end_image_8(C)

  * Ranking function: N/A

  * Invariants eval_pclxl_end_image_8(A) -> eval_pclxl_end_image_8(B)

     entry  : []
     non-rec: [A=B]
     rec    : [0=1]
     inv    : [A=B]

CRS eval_pclxl_end_image_9(A)

  * Non Asymptotic Upper Bound: 1+c(failed(schemes_failed,[scc=7,cr=eval_pclxl_end_image_bb5_in/1])) 

  * LOOPS eval_pclxl_end_image_9(B) -> eval_pclxl_end_image_9(C)

  * Ranking function: N/A

  * Invariants eval_pclxl_end_image_9(A) -> eval_pclxl_end_image_9(B)

     entry  : []
     non-rec: [A=B]
     rec    : [0=1]
     inv    : [A=B]

CRS eval_pclxl_end_image_11(A,B)

  * Non Asymptotic Upper Bound: 1+c(failed(schemes_failed,[scc=7,cr=eval_pclxl_end_image_bb5_in/1])) 

  * LOOPS eval_pclxl_end_image_11(C,D) -> eval_pclxl_end_image_11(E,F)

  * Ranking function: N/A

  * Invariants eval_pclxl_end_image_11(A,B) -> eval_pclxl_end_image_11(C,D)

     entry  : [A=B]
     non-rec: [A=C,B=D,A=B]
     rec    : [0=1]
     inv    : [A=B,A=C,A=D]

CRS eval_pclxl_end_image_12(A)

  * Non Asymptotic Upper Bound: 1+c(failed(schemes_failed,[scc=7,cr=eval_pclxl_end_image_bb5_in/1])) 

  * LOOPS eval_pclxl_end_image_12(B) -> eval_pclxl_end_image_12(C)

  * Ranking function: N/A

  * Invariants eval_pclxl_end_image_12(A) -> eval_pclxl_end_image_12(B)

     entry  : []
     non-rec: [A=B]
     rec    : [0=1]
     inv    : [A=B]

CRS loop_cont_eval_pclxl_end_image_bb5_in(A,B)

  * Non Asymptotic Upper Bound: 0 

  * LOOPS loop_cont_eval_pclxl_end_image_bb5_in(C,D) -> loop_cont_eval_pclxl_end_image_bb5_in(E,F)

  * Ranking function: N/A

  * Invariants loop_cont_eval_pclxl_end_image_bb5_in(A,B) -> loop_cont_eval_pclxl_end_image_bb5_in(C,D)

     entry  : []
     non-rec: [A=C,B=D]
     rec    : [0=1]
     inv    : [A=C,B=D]

CRS eval_pclxl_end_image_23

  * Non Asymptotic Upper Bound: 0 

  * LOOPS eval_pclxl_end_image_23 -> eval_pclxl_end_image_23

  * Ranking function: N/A

  * Invariants eval_pclxl_end_image_23 -> eval_pclxl_end_image_23

     entry  : []
     non-rec: []
     rec    : [0=1]
     inv    : []

CRS eval_pclxl_end_image_24

  * Non Asymptotic Upper Bound: 0 

  * LOOPS eval_pclxl_end_image_24 -> eval_pclxl_end_image_24

  * Ranking function: N/A

  * Invariants eval_pclxl_end_image_24 -> eval_pclxl_end_image_24

     entry  : []
     non-rec: []
     rec    : [0=1]
     inv    : []

CRS eval_pclxl_end_image_bb8_in

  * Non Asymptotic Upper Bound: 0 

  * LOOPS eval_pclxl_end_image_bb8_in -> eval_pclxl_end_image_bb8_in

  * Ranking function: N/A

  * Invariants eval_pclxl_end_image_bb8_in -> eval_pclxl_end_image_bb8_in

     entry  : []
     non-rec: []
     rec    : [0=1]
     inv    : []

CRS eval_pclxl_end_image_25

  * Non Asymptotic Upper Bound: 0 

  * LOOPS eval_pclxl_end_image_25 -> eval_pclxl_end_image_25

  * Ranking function: N/A

  * Invariants eval_pclxl_end_image_25 -> eval_pclxl_end_image_25

     entry  : []
     non-rec: []
     rec    : [0=1]
     inv    : []

CRS eval_pclxl_end_image_26

  * Non Asymptotic Upper Bound: 0 

  * LOOPS eval_pclxl_end_image_26 -> eval_pclxl_end_image_26

  * Ranking function: N/A

  * Invariants eval_pclxl_end_image_26 -> eval_pclxl_end_image_26

     entry  : []
     non-rec: []
     rec    : [0=1]
     inv    : []

CRS eval_pclxl_end_image_bb5_in(A)

  * Non Asymptotic Upper Bound: c(failed(schemes_failed,[scc=7,cr=eval_pclxl_end_image_bb5_in/1])) 

  * LOOPS eval_pclxl_end_image_bb5_in(B) -> eval_pclxl_end_image_bb5_in(C)
     - [B=C]

  * Ranking function: c(failed(no_rf,[scc=7,cr=eval_pclxl_end_image_bb5_in/1]))

  * Invariants eval_pclxl_end_image_bb5_in(A) -> eval_pclxl_end_image_bb5_in(B)

     entry  : []
     non-rec: [A=B]
     rec    : [A=B]
     inv    : [A=B]

CRS eval_pclxl_end_image_0(A)

  * Non Asymptotic Upper Bound: 0 

  * LOOPS eval_pclxl_end_image_0(B) -> eval_pclxl_end_image_0(C)

  * Ranking function: N/A

  * Invariants eval_pclxl_end_image_0(A) -> eval_pclxl_end_image_0(B)

     entry  : []
     non-rec: [A=B]
     rec    : [0=1]
     inv    : [A=B]

CRS eval_pclxl_end_image_1

  * Non Asymptotic Upper Bound: 0 

  * LOOPS eval_pclxl_end_image_1 -> eval_pclxl_end_image_1

  * Ranking function: N/A

  * Invariants eval_pclxl_end_image_1 -> eval_pclxl_end_image_1

     entry  : []
     non-rec: []
     rec    : [0=1]
     inv    : []

CRS eval_pclxl_end_image_bb9_in

  * Non Asymptotic Upper Bound: 0 

  * LOOPS eval_pclxl_end_image_bb9_in -> eval_pclxl_end_image_bb9_in

  * Ranking function: N/A

  * Invariants eval_pclxl_end_image_bb9_in -> eval_pclxl_end_image_bb9_in

     entry  : []
     non-rec: []
     rec    : [0=1]
     inv    : []

CRS eval_pclxl_end_image_27

  * Non Asymptotic Upper Bound: 0 

  * LOOPS eval_pclxl_end_image_27 -> eval_pclxl_end_image_27

  * Ranking function: N/A

  * Invariants eval_pclxl_end_image_27 -> eval_pclxl_end_image_27

     entry  : []
     non-rec: []
     rec    : [0=1]
     inv    : []

CRS eval_pclxl_end_image_28

  * Non Asymptotic Upper Bound: 0 

  * LOOPS eval_pclxl_end_image_28 -> eval_pclxl_end_image_28

  * Ranking function: N/A

  * Invariants eval_pclxl_end_image_28 -> eval_pclxl_end_image_28

     entry  : []
     non-rec: []
     rec    : [0=1]
     inv    : []

CRS eval_pclxl_end_image_bb10_in

  * Non Asymptotic Upper Bound: 0 

  * LOOPS eval_pclxl_end_image_bb10_in -> eval_pclxl_end_image_bb10_in

  * Ranking function: N/A

  * Invariants eval_pclxl_end_image_bb10_in -> eval_pclxl_end_image_bb10_in

     entry  : []
     non-rec: []
     rec    : [0=1]
     inv    : []


