This is PUBS, version 0.2.
Copyright (C) 2007, 2008, 2009 UPM, UCM.
This program comes with ABSOLUTELY NO WARRANTY.
This is free software, and you are welcome to
redistribute it under certain conditions.



CRS $pubs_aux_entry$(A) -- THE MAIN ENTRY

  * Non Asymptotic Upper Bound: 1+c(failed(schemes_failed,[scc=3,cr=eval_s_RLE_process_bb1_in/3])) 

  * LOOPS $pubs_aux_entry$(B) -> $pubs_aux_entry$(C)

  * Ranking function: N/A

  * Invariants $pubs_aux_entry$(A) -> $pubs_aux_entry$(B)

     entry  : []
     non-rec: [A=B]
     rec    : [0=1]
     inv    : [A=B]

CRS eval_s_RLE_process_start(A)

  * Non Asymptotic Upper Bound: 1+c(failed(schemes_failed,[scc=3,cr=eval_s_RLE_process_bb1_in/3])) 

  * LOOPS eval_s_RLE_process_start(B) -> eval_s_RLE_process_start(C)

  * Ranking function: N/A

  * Invariants eval_s_RLE_process_start(A) -> eval_s_RLE_process_start(B)

     entry  : []
     non-rec: [A=B]
     rec    : [0=1]
     inv    : [A=B]

CRS eval_s_RLE_process_bb0_in

  * Non Asymptotic Upper Bound: 1+c(failed(schemes_failed,[scc=3,cr=eval_s_RLE_process_bb1_in/3])) 

  * LOOPS eval_s_RLE_process_bb0_in -> eval_s_RLE_process_bb0_in

  * Ranking function: N/A

  * Invariants eval_s_RLE_process_bb0_in -> eval_s_RLE_process_bb0_in

     entry  : []
     non-rec: []
     rec    : [0=1]
     inv    : []

CRS loop_cont_eval_s_RLE_process_bb1_in(A,B,C)

  * Non Asymptotic Upper Bound: 0 

  * LOOPS loop_cont_eval_s_RLE_process_bb1_in(D,E,F) -> loop_cont_eval_s_RLE_process_bb1_in(G,H,I)

  * Ranking function: N/A

  * Invariants loop_cont_eval_s_RLE_process_bb1_in(A,B,C) -> loop_cont_eval_s_RLE_process_bb1_in(D,E,F)

     entry  : []
     non-rec: [A=D,B=E,C=F]
     rec    : [0=1]
     inv    : [A=D,B=E,C=F]

CRS eval_s_RLE_process_bb37_in(A)

  * Non Asymptotic Upper Bound: 0 

  * LOOPS eval_s_RLE_process_bb37_in(B) -> eval_s_RLE_process_bb37_in(C)

  * Ranking function: N/A

  * Invariants eval_s_RLE_process_bb37_in(A) -> eval_s_RLE_process_bb37_in(B)

     entry  : []
     non-rec: [A=B]
     rec    : [0=1]
     inv    : [A=B]

CRS eval_s_RLE_process_bb41_in(A)

  * Non Asymptotic Upper Bound: 0 

  * LOOPS eval_s_RLE_process_bb41_in(B) -> eval_s_RLE_process_bb41_in(C)

  * Ranking function: N/A

  * Invariants eval_s_RLE_process_bb41_in(A) -> eval_s_RLE_process_bb41_in(B)

     entry  : []
     non-rec: [A=B]
     rec    : [0=1]
     inv    : [A=B]

CRS eval_s_RLE_process_bb42_in

  * Non Asymptotic Upper Bound: 0 

  * LOOPS eval_s_RLE_process_bb42_in -> eval_s_RLE_process_bb42_in

  * Ranking function: N/A

  * Invariants eval_s_RLE_process_bb42_in -> eval_s_RLE_process_bb42_in

     entry  : []
     non-rec: []
     rec    : [0=1]
     inv    : []

CRS eval_s_RLE_process_bb1_in(A,B,C)

  * Non Asymptotic Upper Bound: c(failed(schemes_failed,[scc=3,cr=eval_s_RLE_process_bb1_in/3])) 

  * LOOPS eval_s_RLE_process_bb1_in(D,E,F) -> eval_s_RLE_process_bb1_in(G,H,I)
     - []
     - []
     - []
     - []
     - []
     - []
     - []
     - []
     - []

  * Ranking function: c(failed(no_rf,[scc=3,cr=eval_s_RLE_process_bb1_in/3]))

  * Invariants eval_s_RLE_process_bb1_in(A,B,C) -> eval_s_RLE_process_bb1_in(D,E,F)

     entry  : []
     non-rec: [A=D,B=E,C=F]
     rec    : []
     inv    : []

CRS eval_s_RLE_process_bb6_in(A,B,C,D)

  * Non Asymptotic Upper Bound: c(failed(schemes_failed,[scc=2,cr=eval_s_RLE_process_bb6_in/4])) 

  * LOOPS eval_s_RLE_process_bb6_in(E,F,G,H) -> eval_s_RLE_process_bb6_in(I,J,K,L)
     - [E=I,F=J,G=K]
     - [E=I,F=J,G=K]
     - []
     - []
     - []
     - []

  * Ranking function: c(failed(no_rf,[scc=2,cr=eval_s_RLE_process_bb6_in/4]))

  * Invariants eval_s_RLE_process_bb6_in(A,B,C,D) -> eval_s_RLE_process_bb6_in(E,F,G,H)

     entry  : []
     non-rec: [A=E,B=F,C=G,D=H]
     rec    : []
     inv    : []

CRS eval_s_RLE_process_bb26_in(A,B,C,D)

  * Non Asymptotic Upper Bound: c(failed(schemes_failed,[scc=1,cr=eval_s_RLE_process_bb26_in/4])) 

  * LOOPS eval_s_RLE_process_bb26_in(E,F,G,H) -> eval_s_RLE_process_bb26_in(I,J,K,L)
     - [G=K,H=L,E=I,F=J]

  * Ranking function: c(failed(no_rf,[scc=1,cr=eval_s_RLE_process_bb26_in/4]))

  * Invariants eval_s_RLE_process_bb26_in(A,B,C,D) -> eval_s_RLE_process_bb26_in(E,F,G,H)

     entry  : []
     non-rec: [A=E,B=F,C=G,D=H]
     rec    : [C=G,B=F,A=E,D=H]
     inv    : [A=E,B=F,C=G,D=H]

CRS eval_s_RLE_process_bb22_in(A,B,C,D,E)

  * Non Asymptotic Upper Bound: c(failed(schemes_failed,[scc=0,cr=eval_s_RLE_process_bb22_in/5])) 

  * LOOPS eval_s_RLE_process_bb22_in(F,G,H,I,J) -> eval_s_RLE_process_bb22_in(K,L,M,N,O)
     - [J=O,F=K,G=L,H=M,I=N]

  * Ranking function: c(failed(no_rf,[scc=0,cr=eval_s_RLE_process_bb22_in/5]))

  * Invariants eval_s_RLE_process_bb22_in(A,B,C,D,E) -> eval_s_RLE_process_bb22_in(F,G,H,I,J)

     entry  : []
     non-rec: [A=F,B=G,C=H,D=I,E=J]
     rec    : [D=I,C=H,B=G,A=F,E=J]
     inv    : [A=F,B=G,C=H,D=I,E=J]


