This is PUBS, version 0.2.
Copyright (C) 2007, 2008, 2009 UPM, UCM.
This program comes with ABSOLUTELY NO WARRANTY.
This is free software, and you are welcome to
redistribute it under certain conditions.



CRS $pubs_aux_entry$(A,B) -- THE MAIN ENTRY

  * Non Asymptotic Upper Bound: 1+c(failed(schemes_failed,[scc=2,cr=eval_dict_create_contents_bb5_in/1])) 

  * LOOPS $pubs_aux_entry$(C,D) -> $pubs_aux_entry$(E,F)

  * Ranking function: N/A

  * Invariants $pubs_aux_entry$(A,B) -> $pubs_aux_entry$(C,D)

     entry  : []
     non-rec: [A=C,B=D]
     rec    : [0=1]
     inv    : [A=C,B=D]

CRS eval_dict_create_contents_start(A,B)

  * Non Asymptotic Upper Bound: 1+c(failed(schemes_failed,[scc=2,cr=eval_dict_create_contents_bb5_in/1])) 

  * LOOPS eval_dict_create_contents_start(C,D) -> eval_dict_create_contents_start(E,F)

  * Ranking function: N/A

  * Invariants eval_dict_create_contents_start(A,B) -> eval_dict_create_contents_start(C,D)

     entry  : []
     non-rec: [A=C,B=D]
     rec    : [0=1]
     inv    : [A=C,B=D]

CRS eval_dict_create_contents_bb0_in(A)

  * Non Asymptotic Upper Bound: 1+c(failed(schemes_failed,[scc=2,cr=eval_dict_create_contents_bb5_in/1])) 

  * LOOPS eval_dict_create_contents_bb0_in(B) -> eval_dict_create_contents_bb0_in(C)

  * Ranking function: N/A

  * Invariants eval_dict_create_contents_bb0_in(A) -> eval_dict_create_contents_bb0_in(B)

     entry  : []
     non-rec: [A=B]
     rec    : [0=1]
     inv    : [A=B]

CRS eval_dict_create_contents_1(A)

  * Non Asymptotic Upper Bound: 1+c(failed(schemes_failed,[scc=2,cr=eval_dict_create_contents_bb5_in/1])) 

  * LOOPS eval_dict_create_contents_1(B) -> eval_dict_create_contents_1(C)

  * Ranking function: N/A

  * Invariants eval_dict_create_contents_1(A) -> eval_dict_create_contents_1(B)

     entry  : []
     non-rec: [A=B]
     rec    : [0=1]
     inv    : [A=B]

CRS eval_dict_create_contents_2(A)

  * Non Asymptotic Upper Bound: 1+c(failed(schemes_failed,[scc=2,cr=eval_dict_create_contents_bb5_in/1])) 

  * LOOPS eval_dict_create_contents_2(B) -> eval_dict_create_contents_2(C)

  * Ranking function: N/A

  * Invariants eval_dict_create_contents_2(A) -> eval_dict_create_contents_2(B)

     entry  : []
     non-rec: [A=B]
     rec    : [0=1]
     inv    : [A=B]

CRS eval_dict_create_contents_4(A)

  * Non Asymptotic Upper Bound: 1+c(failed(schemes_failed,[scc=2,cr=eval_dict_create_contents_bb5_in/1])) 

  * LOOPS eval_dict_create_contents_4(B) -> eval_dict_create_contents_4(C)

  * Ranking function: N/A

  * Invariants eval_dict_create_contents_4(A) -> eval_dict_create_contents_4(B)

     entry  : []
     non-rec: [A=B]
     rec    : [0=1]
     inv    : [A=B]

CRS eval_dict_create_contents_5(A)

  * Non Asymptotic Upper Bound: 1+c(failed(schemes_failed,[scc=2,cr=eval_dict_create_contents_bb5_in/1])) 

  * LOOPS eval_dict_create_contents_5(B) -> eval_dict_create_contents_5(C)

  * Ranking function: N/A

  * Invariants eval_dict_create_contents_5(A) -> eval_dict_create_contents_5(B)

     entry  : []
     non-rec: [A=B]
     rec    : [0=1]
     inv    : [A=B]

CRS eval_dict_create_contents_12(A)

  * Non Asymptotic Upper Bound: 1+c(failed(schemes_failed,[scc=2,cr=eval_dict_create_contents_bb5_in/1])) 

  * LOOPS eval_dict_create_contents_12(B) -> eval_dict_create_contents_12(C)

  * Ranking function: N/A

  * Invariants eval_dict_create_contents_12(A) -> eval_dict_create_contents_12(B)

     entry  : []
     non-rec: [A=B]
     rec    : [0=1]
     inv    : [A=B]

CRS eval_dict_create_contents_13(A)

  * Non Asymptotic Upper Bound: 1+c(failed(schemes_failed,[scc=2,cr=eval_dict_create_contents_bb5_in/1])) 

  * LOOPS eval_dict_create_contents_13(B) -> eval_dict_create_contents_13(C)

  * Ranking function: N/A

  * Invariants eval_dict_create_contents_13(A) -> eval_dict_create_contents_13(B)

     entry  : []
     non-rec: [A=B]
     rec    : [0=1]
     inv    : [A=B]

CRS eval_dict_create_contents_42(A)

  * Non Asymptotic Upper Bound: 0 

  * LOOPS eval_dict_create_contents_42(B) -> eval_dict_create_contents_42(C)

  * Ranking function: N/A

  * Invariants eval_dict_create_contents_42(A) -> eval_dict_create_contents_42(B)

     entry  : []
     non-rec: [A=B]
     rec    : [0=1]
     inv    : [A=B]

CRS eval_dict_create_contents_43

  * Non Asymptotic Upper Bound: 0 

  * LOOPS eval_dict_create_contents_43 -> eval_dict_create_contents_43

  * Ranking function: N/A

  * Invariants eval_dict_create_contents_43 -> eval_dict_create_contents_43

     entry  : []
     non-rec: []
     rec    : [0=1]
     inv    : []

CRS eval_dict_create_contents_19(A)

  * Non Asymptotic Upper Bound: 1+c(failed(schemes_failed,[scc=2,cr=eval_dict_create_contents_bb5_in/1])) 

  * LOOPS eval_dict_create_contents_19(B) -> eval_dict_create_contents_19(C)

  * Ranking function: N/A

  * Invariants eval_dict_create_contents_19(A) -> eval_dict_create_contents_19(B)

     entry  : []
     non-rec: [A=B]
     rec    : [0=1]
     inv    : [A=B]

CRS eval_dict_create_contents_20

  * Non Asymptotic Upper Bound: 1+c(failed(schemes_failed,[scc=2,cr=eval_dict_create_contents_bb5_in/1])) 

  * LOOPS eval_dict_create_contents_20 -> eval_dict_create_contents_20

  * Ranking function: N/A

  * Invariants eval_dict_create_contents_20 -> eval_dict_create_contents_20

     entry  : []
     non-rec: []
     rec    : [0=1]
     inv    : []

CRS loop_cont_eval_dict_create_contents_bb5_in(A,B)

  * Non Asymptotic Upper Bound: 0 

  * LOOPS loop_cont_eval_dict_create_contents_bb5_in(C,D) -> loop_cont_eval_dict_create_contents_bb5_in(E,F)

  * Ranking function: N/A

  * Invariants loop_cont_eval_dict_create_contents_bb5_in(A,B) -> loop_cont_eval_dict_create_contents_bb5_in(C,D)

     entry  : []
     non-rec: [A=C,B=D]
     rec    : [0=1]
     inv    : [A=C,B=D]

CRS eval_dict_create_contents_bb10_in

  * Non Asymptotic Upper Bound: 0 

  * LOOPS eval_dict_create_contents_bb10_in -> eval_dict_create_contents_bb10_in

  * Ranking function: N/A

  * Invariants eval_dict_create_contents_bb10_in -> eval_dict_create_contents_bb10_in

     entry  : []
     non-rec: []
     rec    : [0=1]
     inv    : []

CRS eval_dict_create_contents_bb5_in(A)

  * Non Asymptotic Upper Bound: c(failed(schemes_failed,[scc=2,cr=eval_dict_create_contents_bb5_in/1])) 

  * LOOPS eval_dict_create_contents_bb5_in(B) -> eval_dict_create_contents_bb5_in(C)
     - [B+1=C]
     - [C=1,B=0]
     - [B+1=C,B>=1]
     - [B+1=C,0>=B+1]

  * Ranking function: c(failed(no_rf,[scc=2,cr=eval_dict_create_contents_bb5_in/1]))

  * Invariants eval_dict_create_contents_bb5_in(A) -> eval_dict_create_contents_bb5_in(B)

     entry  : [A=0]
     non-rec: [A=B,A=0]
     rec    : [A=0,B>=1]
     inv    : [B>=0,A=0]

CRS eval_dict_create_contents_bb11_in

  * Non Asymptotic Upper Bound: 0 

  * LOOPS eval_dict_create_contents_bb11_in -> eval_dict_create_contents_bb11_in

  * Ranking function: N/A

  * Invariants eval_dict_create_contents_bb11_in -> eval_dict_create_contents_bb11_in

     entry  : []
     non-rec: []
     rec    : [0=1]
     inv    : []


