This is PUBS, version 0.2.
Copyright (C) 2007, 2008, 2009 UPM, UCM.
This program comes with ABSOLUTELY NO WARRANTY.
This is free software, and you are welcome to
redistribute it under certain conditions.



CRS $pubs_aux_entry$ -- THE MAIN ENTRY

  * Non Asymptotic Upper Bound: 1+c(failed(schemes_failed,[scc=14,cr=eval_zmatchmedia_bb22_in/2])) 

  * LOOPS $pubs_aux_entry$ -> $pubs_aux_entry$

  * Ranking function: N/A

  * Invariants $pubs_aux_entry$ -> $pubs_aux_entry$

     entry  : []
     non-rec: []
     rec    : [0=1]
     inv    : []

CRS eval_zmatchmedia_start

  * Non Asymptotic Upper Bound: 1+c(failed(schemes_failed,[scc=14,cr=eval_zmatchmedia_bb22_in/2])) 

  * LOOPS eval_zmatchmedia_start -> eval_zmatchmedia_start

  * Ranking function: N/A

  * Invariants eval_zmatchmedia_start -> eval_zmatchmedia_start

     entry  : []
     non-rec: []
     rec    : [0=1]
     inv    : []

CRS eval_zmatchmedia_bb0_in

  * Non Asymptotic Upper Bound: 1+c(failed(schemes_failed,[scc=14,cr=eval_zmatchmedia_bb22_in/2])) 

  * LOOPS eval_zmatchmedia_bb0_in -> eval_zmatchmedia_bb0_in

  * Ranking function: N/A

  * Invariants eval_zmatchmedia_bb0_in -> eval_zmatchmedia_bb0_in

     entry  : []
     non-rec: []
     rec    : [0=1]
     inv    : []

CRS eval_zmatchmedia_37

  * Non Asymptotic Upper Bound: 1+c(failed(schemes_failed,[scc=14,cr=eval_zmatchmedia_bb22_in/2])) 

  * LOOPS eval_zmatchmedia_37 -> eval_zmatchmedia_37

  * Ranking function: N/A

  * Invariants eval_zmatchmedia_37 -> eval_zmatchmedia_37

     entry  : []
     non-rec: []
     rec    : [0=1]
     inv    : []

CRS eval_zmatchmedia_38

  * Non Asymptotic Upper Bound: 1+c(failed(schemes_failed,[scc=14,cr=eval_zmatchmedia_bb22_in/2])) 

  * LOOPS eval_zmatchmedia_38 -> eval_zmatchmedia_38

  * Ranking function: N/A

  * Invariants eval_zmatchmedia_38 -> eval_zmatchmedia_38

     entry  : []
     non-rec: []
     rec    : [0=1]
     inv    : []

CRS eval_zmatchmedia_bb13_in

  * Non Asymptotic Upper Bound: 1+c(failed(schemes_failed,[scc=14,cr=eval_zmatchmedia_bb22_in/2])) 

  * LOOPS eval_zmatchmedia_bb13_in -> eval_zmatchmedia_bb13_in

  * Ranking function: N/A

  * Invariants eval_zmatchmedia_bb13_in -> eval_zmatchmedia_bb13_in

     entry  : []
     non-rec: []
     rec    : [0=1]
     inv    : []

CRS eval_zmatchmedia_43

  * Non Asymptotic Upper Bound: 1+c(failed(schemes_failed,[scc=14,cr=eval_zmatchmedia_bb22_in/2])) 

  * LOOPS eval_zmatchmedia_43 -> eval_zmatchmedia_43

  * Ranking function: N/A

  * Invariants eval_zmatchmedia_43 -> eval_zmatchmedia_43

     entry  : []
     non-rec: []
     rec    : [0=1]
     inv    : []

CRS eval_zmatchmedia_44

  * Non Asymptotic Upper Bound: 1+c(failed(schemes_failed,[scc=14,cr=eval_zmatchmedia_bb22_in/2])) 

  * LOOPS eval_zmatchmedia_44 -> eval_zmatchmedia_44

  * Ranking function: N/A

  * Invariants eval_zmatchmedia_44 -> eval_zmatchmedia_44

     entry  : []
     non-rec: []
     rec    : [0=1]
     inv    : []

CRS eval_zmatchmedia_bb15_in

  * Non Asymptotic Upper Bound: 1+c(failed(schemes_failed,[scc=14,cr=eval_zmatchmedia_bb22_in/2])) 

  * LOOPS eval_zmatchmedia_bb15_in -> eval_zmatchmedia_bb15_in

  * Ranking function: N/A

  * Invariants eval_zmatchmedia_bb15_in -> eval_zmatchmedia_bb15_in

     entry  : []
     non-rec: []
     rec    : [0=1]
     inv    : []

CRS eval_zmatchmedia_49

  * Non Asymptotic Upper Bound: 1+c(failed(schemes_failed,[scc=14,cr=eval_zmatchmedia_bb22_in/2])) 

  * LOOPS eval_zmatchmedia_49 -> eval_zmatchmedia_49

  * Ranking function: N/A

  * Invariants eval_zmatchmedia_49 -> eval_zmatchmedia_49

     entry  : []
     non-rec: []
     rec    : [0=1]
     inv    : []

CRS eval_zmatchmedia_50

  * Non Asymptotic Upper Bound: 1+c(failed(schemes_failed,[scc=14,cr=eval_zmatchmedia_bb22_in/2])) 

  * LOOPS eval_zmatchmedia_50 -> eval_zmatchmedia_50

  * Ranking function: N/A

  * Invariants eval_zmatchmedia_50 -> eval_zmatchmedia_50

     entry  : []
     non-rec: []
     rec    : [0=1]
     inv    : []

CRS eval_zmatchmedia_51

  * Non Asymptotic Upper Bound: 1+c(failed(schemes_failed,[scc=14,cr=eval_zmatchmedia_bb22_in/2])) 

  * LOOPS eval_zmatchmedia_51 -> eval_zmatchmedia_51

  * Ranking function: N/A

  * Invariants eval_zmatchmedia_51 -> eval_zmatchmedia_51

     entry  : []
     non-rec: []
     rec    : [0=1]
     inv    : []

CRS eval_zmatchmedia_52

  * Non Asymptotic Upper Bound: 1+c(failed(schemes_failed,[scc=14,cr=eval_zmatchmedia_bb22_in/2])) 

  * LOOPS eval_zmatchmedia_52 -> eval_zmatchmedia_52

  * Ranking function: N/A

  * Invariants eval_zmatchmedia_52 -> eval_zmatchmedia_52

     entry  : []
     non-rec: []
     rec    : [0=1]
     inv    : []

CRS eval_zmatchmedia_53

  * Non Asymptotic Upper Bound: 1+c(failed(schemes_failed,[scc=14,cr=eval_zmatchmedia_bb22_in/2])) 

  * LOOPS eval_zmatchmedia_53 -> eval_zmatchmedia_53

  * Ranking function: N/A

  * Invariants eval_zmatchmedia_53 -> eval_zmatchmedia_53

     entry  : []
     non-rec: []
     rec    : [0=1]
     inv    : []

CRS eval_zmatchmedia_54

  * Non Asymptotic Upper Bound: 1+c(failed(schemes_failed,[scc=14,cr=eval_zmatchmedia_bb22_in/2])) 

  * LOOPS eval_zmatchmedia_54 -> eval_zmatchmedia_54

  * Ranking function: N/A

  * Invariants eval_zmatchmedia_54 -> eval_zmatchmedia_54

     entry  : []
     non-rec: []
     rec    : [0=1]
     inv    : []

CRS eval_zmatchmedia_bb21_in

  * Non Asymptotic Upper Bound: 1+c(failed(schemes_failed,[scc=14,cr=eval_zmatchmedia_bb22_in/2])) 

  * LOOPS eval_zmatchmedia_bb21_in -> eval_zmatchmedia_bb21_in

  * Ranking function: N/A

  * Invariants eval_zmatchmedia_bb21_in -> eval_zmatchmedia_bb21_in

     entry  : []
     non-rec: []
     rec    : [0=1]
     inv    : []

CRS eval_zmatchmedia_71(A)

  * Non Asymptotic Upper Bound: 1+c(failed(schemes_failed,[scc=14,cr=eval_zmatchmedia_bb22_in/2])) 

  * LOOPS eval_zmatchmedia_71(B) -> eval_zmatchmedia_71(C)

  * Ranking function: N/A

  * Invariants eval_zmatchmedia_71(A) -> eval_zmatchmedia_71(B)

     entry  : []
     non-rec: [A=B]
     rec    : [0=1]
     inv    : [A=B]

CRS eval_zmatchmedia_72(A,B)

  * Non Asymptotic Upper Bound: 1+c(failed(schemes_failed,[scc=14,cr=eval_zmatchmedia_bb22_in/2])) 

  * LOOPS eval_zmatchmedia_72(C,D) -> eval_zmatchmedia_72(E,F)

  * Ranking function: N/A

  * Invariants eval_zmatchmedia_72(A,B) -> eval_zmatchmedia_72(C,D)

     entry  : []
     non-rec: [A=C,B=D]
     rec    : [0=1]
     inv    : [A=C,B=D]

CRS loop_cont_eval_zmatchmedia_bb22_in(A,B)

  * Non Asymptotic Upper Bound: 0 

  * LOOPS loop_cont_eval_zmatchmedia_bb22_in(C,D) -> loop_cont_eval_zmatchmedia_bb22_in(E,F)

  * Ranking function: N/A

  * Invariants loop_cont_eval_zmatchmedia_bb22_in(A,B) -> loop_cont_eval_zmatchmedia_bb22_in(C,D)

     entry  : []
     non-rec: [A=C,B=D]
     rec    : [0=1]
     inv    : [A=C,B=D]

CRS eval_zmatchmedia_160

  * Non Asymptotic Upper Bound: 0 

  * LOOPS eval_zmatchmedia_160 -> eval_zmatchmedia_160

  * Ranking function: N/A

  * Invariants eval_zmatchmedia_160 -> eval_zmatchmedia_160

     entry  : []
     non-rec: []
     rec    : [0=1]
     inv    : []

CRS eval_zmatchmedia_161

  * Non Asymptotic Upper Bound: 0 

  * LOOPS eval_zmatchmedia_161 -> eval_zmatchmedia_161

  * Ranking function: N/A

  * Invariants eval_zmatchmedia_161 -> eval_zmatchmedia_161

     entry  : []
     non-rec: []
     rec    : [0=1]
     inv    : []

CRS eval_zmatchmedia_158

  * Non Asymptotic Upper Bound: 0 

  * LOOPS eval_zmatchmedia_158 -> eval_zmatchmedia_158

  * Ranking function: N/A

  * Invariants eval_zmatchmedia_158 -> eval_zmatchmedia_158

     entry  : []
     non-rec: []
     rec    : [0=1]
     inv    : []

CRS eval_zmatchmedia_159

  * Non Asymptotic Upper Bound: 0 

  * LOOPS eval_zmatchmedia_159 -> eval_zmatchmedia_159

  * Ranking function: N/A

  * Invariants eval_zmatchmedia_159 -> eval_zmatchmedia_159

     entry  : []
     non-rec: []
     rec    : [0=1]
     inv    : []

CRS eval_zmatchmedia_bb55_in

  * Non Asymptotic Upper Bound: 0 

  * LOOPS eval_zmatchmedia_bb55_in -> eval_zmatchmedia_bb55_in

  * Ranking function: N/A

  * Invariants eval_zmatchmedia_bb55_in -> eval_zmatchmedia_bb55_in

     entry  : []
     non-rec: []
     rec    : [0=1]
     inv    : []

CRS eval_zmatchmedia_bb22_in(A,B)

  * Non Asymptotic Upper Bound: c(failed(schemes_failed,[scc=14,cr=eval_zmatchmedia_bb22_in/2])) 

  * LOOPS eval_zmatchmedia_bb22_in(C,D) -> eval_zmatchmedia_bb22_in(E,F)
     - []
     - []
     - []
     - []
     - []
     - []
     - []
     - []
     - []
     - [D=F,E>=0]

  * Ranking function: c(failed(no_rf,[scc=14,cr=eval_zmatchmedia_bb22_in/2]))

  * Invariants eval_zmatchmedia_bb22_in(A,B) -> eval_zmatchmedia_bb22_in(C,D)

     entry  : []
     non-rec: [A=C,B=D]
     rec    : []
     inv    : []

CRS eval_zmatchmedia_bb46_in(A,B,C,D,E,F)

  * Non Asymptotic Upper Bound: nat(F) 

  * LOOPS eval_zmatchmedia_bb46_in(G,H,I,J,K,L) -> eval_zmatchmedia_bb46_in(M,N,O,P,Q,R)
     - [L=R+1,G=M,H=N,I=O,J=P,K=Q,R>=0]

  * Ranking function: nat(L)

  * Invariants eval_zmatchmedia_bb46_in(A,B,C,D,E,F) -> eval_zmatchmedia_bb46_in(G,H,I,J,K,L)

     entry  : [E=F]
     non-rec: [A=G,B=H,C=I,D=J,E=K,F=L,E=F]
     rec    : [E=K,D=J,C=I,B=H,A=G,E=F,L>=0,E>=L+1]
     inv    : [E>=L,A=G,B=H,C=I,D=J,E=K,E=F]

CRS eval_zmatchmedia_bb29_in(A,B,C,D)

  * Non Asymptotic Upper Bound: c(failed(schemes_failed,[scc=12,cr=eval_zmatchmedia_bb29_in/4])) 

  * LOOPS eval_zmatchmedia_bb29_in(E,F,G,H) -> eval_zmatchmedia_bb29_in(I,J,K,L)
     - [G=K,H+1=L,E=I,F=J]
     - [G=K,H+1=L,E=I,F=J]
     - [G=K,H+1=L,E=I,F=J]
     - [G=K,H+1=L,E=I,F=J]
     - [G=K,H+1=L,E=I,F=J]
     - [G=K,H+1=L,E=I,F=J]
     - [G=K,H+1=L,E=I,F=J]
     - [G=K,H+1=L,E=I,F=J]
     - [G=K,H+1=L,E=I,F=J]
     - [G=K,H+1=L,E=I,F=J]

  * Ranking function: c(failed(no_rf,[scc=12,cr=eval_zmatchmedia_bb29_in/4]))

  * Invariants eval_zmatchmedia_bb29_in(A,B,C,D) -> eval_zmatchmedia_bb29_in(E,F,G,H)

     entry  : [C>=0,D=0]
     non-rec: [A=E,B=F,C=G,D=H,C>=0,D=0]
     rec    : [C=G,B=F,A=E,D=0,C>=0,H>=1]
     inv    : [H>=0,C>=0,A=E,B=F,C=G,D=0]

CRS eval_zmatchmedia_NewDefault3_in

  * Non Asymptotic Upper Bound: 0 

  * LOOPS eval_zmatchmedia_NewDefault3_in -> eval_zmatchmedia_NewDefault3_in

  * Ranking function: N/A

  * Invariants eval_zmatchmedia_NewDefault3_in -> eval_zmatchmedia_NewDefault3_in

     entry  : []
     non-rec: []
     rec    : [0=1]
     inv    : []

CRS eval_zmatchmedia_NewDefault_in

  * Non Asymptotic Upper Bound: 0 

  * LOOPS eval_zmatchmedia_NewDefault_in -> eval_zmatchmedia_NewDefault_in

  * Ranking function: N/A

  * Invariants eval_zmatchmedia_NewDefault_in -> eval_zmatchmedia_NewDefault_in

     entry  : []
     non-rec: []
     rec    : [0=1]
     inv    : []

CRS eval_zmatchmedia_172

  * Non Asymptotic Upper Bound: 0 

  * LOOPS eval_zmatchmedia_172 -> eval_zmatchmedia_172

  * Ranking function: N/A

  * Invariants eval_zmatchmedia_172 -> eval_zmatchmedia_172

     entry  : []
     non-rec: []
     rec    : [0=1]
     inv    : []

CRS eval_zmatchmedia_173

  * Non Asymptotic Upper Bound: 0 

  * LOOPS eval_zmatchmedia_173 -> eval_zmatchmedia_173

  * Ranking function: N/A

  * Invariants eval_zmatchmedia_173 -> eval_zmatchmedia_173

     entry  : []
     non-rec: []
     rec    : [0=1]
     inv    : []

CRS eval_zmatchmedia_170

  * Non Asymptotic Upper Bound: 0 

  * LOOPS eval_zmatchmedia_170 -> eval_zmatchmedia_170

  * Ranking function: N/A

  * Invariants eval_zmatchmedia_170 -> eval_zmatchmedia_170

     entry  : []
     non-rec: []
     rec    : [0=1]
     inv    : []

CRS eval_zmatchmedia_171

  * Non Asymptotic Upper Bound: 0 

  * LOOPS eval_zmatchmedia_171 -> eval_zmatchmedia_171

  * Ranking function: N/A

  * Invariants eval_zmatchmedia_171 -> eval_zmatchmedia_171

     entry  : []
     non-rec: []
     rec    : [0=1]
     inv    : []

CRS eval_zmatchmedia_168

  * Non Asymptotic Upper Bound: 0 

  * LOOPS eval_zmatchmedia_168 -> eval_zmatchmedia_168

  * Ranking function: N/A

  * Invariants eval_zmatchmedia_168 -> eval_zmatchmedia_168

     entry  : []
     non-rec: []
     rec    : [0=1]
     inv    : []

CRS eval_zmatchmedia_169

  * Non Asymptotic Upper Bound: 0 

  * LOOPS eval_zmatchmedia_169 -> eval_zmatchmedia_169

  * Ranking function: N/A

  * Invariants eval_zmatchmedia_169 -> eval_zmatchmedia_169

     entry  : []
     non-rec: []
     rec    : [0=1]
     inv    : []

CRS eval_zmatchmedia_166

  * Non Asymptotic Upper Bound: 0 

  * LOOPS eval_zmatchmedia_166 -> eval_zmatchmedia_166

  * Ranking function: N/A

  * Invariants eval_zmatchmedia_166 -> eval_zmatchmedia_166

     entry  : []
     non-rec: []
     rec    : [0=1]
     inv    : []

CRS eval_zmatchmedia_167

  * Non Asymptotic Upper Bound: 0 

  * LOOPS eval_zmatchmedia_167 -> eval_zmatchmedia_167

  * Ranking function: N/A

  * Invariants eval_zmatchmedia_167 -> eval_zmatchmedia_167

     entry  : []
     non-rec: []
     rec    : [0=1]
     inv    : []

CRS eval_zmatchmedia_bb60_in

  * Non Asymptotic Upper Bound: 0 

  * LOOPS eval_zmatchmedia_bb60_in -> eval_zmatchmedia_bb60_in

  * Ranking function: N/A

  * Invariants eval_zmatchmedia_bb60_in -> eval_zmatchmedia_bb60_in

     entry  : []
     non-rec: []
     rec    : [0=1]
     inv    : []


