This is PUBS, version 0.2.
Copyright (C) 2007, 2008, 2009 UPM, UCM.
This program comes with ABSOLUTELY NO WARRANTY.
This is free software, and you are welcome to
redistribute it under certain conditions.



CRS $pubs_aux_entry$(A,B,C) -- THE MAIN ENTRY

  * Non Asymptotic Upper Bound: 1+c(failed(schemes_failed,[scc=2,cr=eval_ichartostr_bb1_in/1])) 

  * LOOPS $pubs_aux_entry$(D,E,F) -> $pubs_aux_entry$(G,H,I)

  * Ranking function: N/A

  * Invariants $pubs_aux_entry$(A,B,C) -> $pubs_aux_entry$(D,E,F)

     entry  : []
     non-rec: [A=D,B=E,C=F]
     rec    : [0=1]
     inv    : [A=D,B=E,C=F]

CRS eval_ichartostr_start(A,B,C)

  * Non Asymptotic Upper Bound: 1+c(failed(schemes_failed,[scc=2,cr=eval_ichartostr_bb1_in/1])) 

  * LOOPS eval_ichartostr_start(D,E,F) -> eval_ichartostr_start(G,H,I)

  * Ranking function: N/A

  * Invariants eval_ichartostr_start(A,B,C) -> eval_ichartostr_start(D,E,F)

     entry  : []
     non-rec: [A=D,B=E,C=F]
     rec    : [0=1]
     inv    : [A=D,B=E,C=F]

CRS eval_ichartostr_bb0_in(A)

  * Non Asymptotic Upper Bound: 1+c(failed(schemes_failed,[scc=2,cr=eval_ichartostr_bb1_in/1])) 

  * LOOPS eval_ichartostr_bb0_in(B) -> eval_ichartostr_bb0_in(C)

  * Ranking function: N/A

  * Invariants eval_ichartostr_bb0_in(A) -> eval_ichartostr_bb0_in(B)

     entry  : []
     non-rec: [A=B]
     rec    : [0=1]
     inv    : [A=B]

CRS loop_cont_eval_ichartostr_bb1_in(A,B)

  * Non Asymptotic Upper Bound: 0 

  * LOOPS loop_cont_eval_ichartostr_bb1_in(C,D) -> loop_cont_eval_ichartostr_bb1_in(E,F)

  * Ranking function: N/A

  * Invariants loop_cont_eval_ichartostr_bb1_in(A,B) -> loop_cont_eval_ichartostr_bb1_in(C,D)

     entry  : []
     non-rec: [A=C,B=D]
     rec    : [0=1]
     inv    : [A=C,B=D]

CRS eval_ichartostr_bb1_in(A)

  * Non Asymptotic Upper Bound: c(failed(schemes_failed,[scc=2,cr=eval_ichartostr_bb1_in/1])) 

  * LOOPS eval_ichartostr_bb1_in(B) -> eval_ichartostr_bb1_in(C)
     - [B=C+1]
     - []
     - []
     - []

  * Ranking function: c(failed(no_rf,[scc=2,cr=eval_ichartostr_bb1_in/1]))

  * Invariants eval_ichartostr_bb1_in(A) -> eval_ichartostr_bb1_in(B)

     entry  : []
     non-rec: [A=B]
     rec    : []
     inv    : []

CRS eval_ichartostr_bb8_in(A,B,C)

  * Non Asymptotic Upper Bound: nat(-A+B+C+1) 

  * LOOPS eval_ichartostr_bb8_in(D,E,F) -> eval_ichartostr_bb8_in(G,H,I)
     - [D=G,E=H,F=I+1,I>=0]

  * Ranking function: nat(F)

  * Invariants eval_ichartostr_bb8_in(A,B,C) -> eval_ichartostr_bb8_in(D,E,F)

     entry  : [A=B+1]
     non-rec: [A=D,B=E,C=F,A=B+1]
     rec    : [A=E+1,A=D,A=B+1,F>=0,C>=F+1]
     inv    : [C>=F,A=D,A=E+1,A=B+1]

CRS eval_ichartostr_bb12_in(A,B)

  * Non Asymptotic Upper Bound: c(failed(schemes_failed,[scc=0,cr=eval_ichartostr_bb12_in/2])) 

  * LOOPS eval_ichartostr_bb12_in(C,D) -> eval_ichartostr_bb12_in(E,F)
     - [D=F,C=E]

  * Ranking function: c(failed(no_rf,[scc=0,cr=eval_ichartostr_bb12_in/2]))

  * Invariants eval_ichartostr_bb12_in(A,B) -> eval_ichartostr_bb12_in(C,D)

     entry  : []
     non-rec: [A=C,B=D]
     rec    : [A=C,B=D]
     inv    : [A=C,B=D]


