This is PUBS, version 0.2.
Copyright (C) 2007, 2008, 2009 UPM, UCM.
This program comes with ABSOLUTELY NO WARRANTY.
This is free software, and you are welcome to
redistribute it under certain conditions.



CRS $pubs_aux_entry$(A) -- THE MAIN ENTRY

  * Non Asymptotic Upper Bound: max([1+c(failed(schemes_failed,[scc=3,cr=eval_add_y_line_bb14_in/1])),1+c(failed(schemes_failed,[scc=2,cr=eval_add_y_line_bb11_in/1]))]) 

  * LOOPS $pubs_aux_entry$(B) -> $pubs_aux_entry$(C)

  * Ranking function: N/A

  * Invariants $pubs_aux_entry$(A) -> $pubs_aux_entry$(B)

     entry  : []
     non-rec: [A=B]
     rec    : [0=1]
     inv    : [A=B]

CRS eval_add_y_line_start(A)

  * Non Asymptotic Upper Bound: max([1+c(failed(schemes_failed,[scc=3,cr=eval_add_y_line_bb14_in/1])),1+c(failed(schemes_failed,[scc=2,cr=eval_add_y_line_bb11_in/1]))]) 

  * LOOPS eval_add_y_line_start(B) -> eval_add_y_line_start(C)

  * Ranking function: N/A

  * Invariants eval_add_y_line_start(A) -> eval_add_y_line_start(B)

     entry  : []
     non-rec: [A=B]
     rec    : [0=1]
     inv    : [A=B]

CRS eval_add_y_line_bb0_in

  * Non Asymptotic Upper Bound: max([1+c(failed(schemes_failed,[scc=3,cr=eval_add_y_line_bb14_in/1])),1+c(failed(schemes_failed,[scc=2,cr=eval_add_y_line_bb11_in/1]))]) 

  * LOOPS eval_add_y_line_bb0_in -> eval_add_y_line_bb0_in

  * Ranking function: N/A

  * Invariants eval_add_y_line_bb0_in -> eval_add_y_line_bb0_in

     entry  : []
     non-rec: []
     rec    : [0=1]
     inv    : []

CRS eval_add_y_line_2(A)

  * Non Asymptotic Upper Bound: max([1+c(failed(schemes_failed,[scc=3,cr=eval_add_y_line_bb14_in/1])),1+c(failed(schemes_failed,[scc=2,cr=eval_add_y_line_bb11_in/1]))]) 

  * LOOPS eval_add_y_line_2(B) -> eval_add_y_line_2(C)

  * Ranking function: N/A

  * Invariants eval_add_y_line_2(A) -> eval_add_y_line_2(B)

     entry  : []
     non-rec: [A=B]
     rec    : [0=1]
     inv    : [A=B]

CRS eval_add_y_line_3(A)

  * Non Asymptotic Upper Bound: max([1+c(failed(schemes_failed,[scc=3,cr=eval_add_y_line_bb14_in/1])),1+c(failed(schemes_failed,[scc=2,cr=eval_add_y_line_bb11_in/1]))]) 

  * LOOPS eval_add_y_line_3(B) -> eval_add_y_line_3(C)

  * Ranking function: N/A

  * Invariants eval_add_y_line_3(A) -> eval_add_y_line_3(B)

     entry  : []
     non-rec: [A=B]
     rec    : [0=1]
     inv    : [A=B]

CRS eval_add_y_line_bb4_in(A)

  * Non Asymptotic Upper Bound: max([1+c(failed(schemes_failed,[scc=3,cr=eval_add_y_line_bb14_in/1])),1+c(failed(schemes_failed,[scc=2,cr=eval_add_y_line_bb11_in/1]))]) 

  * LOOPS eval_add_y_line_bb4_in(B) -> eval_add_y_line_bb4_in(C)

  * Ranking function: N/A

  * Invariants eval_add_y_line_bb4_in(A) -> eval_add_y_line_bb4_in(B)

     entry  : []
     non-rec: [A=B]
     rec    : [0=1]
     inv    : [A=B]

CRS eval_add_y_line_NewDefault_in(A)

  * Non Asymptotic Upper Bound: max([1+c(failed(schemes_failed,[scc=3,cr=eval_add_y_line_bb14_in/1])),1+c(failed(schemes_failed,[scc=2,cr=eval_add_y_line_bb11_in/1]))]) 

  * LOOPS eval_add_y_line_NewDefault_in(B) -> eval_add_y_line_NewDefault_in(C)

  * Ranking function: N/A

  * Invariants eval_add_y_line_NewDefault_in(A) -> eval_add_y_line_NewDefault_in(B)

     entry  : []
     non-rec: [A=B]
     rec    : [0=1]
     inv    : [A=B]

CRS eval_add_y_line_64

  * Non Asymptotic Upper Bound: max([1+c(failed(schemes_failed,[scc=3,cr=eval_add_y_line_bb14_in/1])),1+c(failed(schemes_failed,[scc=2,cr=eval_add_y_line_bb11_in/1]))]) 

  * LOOPS eval_add_y_line_64 -> eval_add_y_line_64

  * Ranking function: N/A

  * Invariants eval_add_y_line_64 -> eval_add_y_line_64

     entry  : []
     non-rec: []
     rec    : [0=1]
     inv    : []

CRS eval_add_y_line_65

  * Non Asymptotic Upper Bound: max([1+c(failed(schemes_failed,[scc=3,cr=eval_add_y_line_bb14_in/1])),1+c(failed(schemes_failed,[scc=2,cr=eval_add_y_line_bb11_in/1]))]) 

  * LOOPS eval_add_y_line_65 -> eval_add_y_line_65

  * Ranking function: N/A

  * Invariants eval_add_y_line_65 -> eval_add_y_line_65

     entry  : []
     non-rec: []
     rec    : [0=1]
     inv    : []

CRS eval_add_y_line_66

  * Non Asymptotic Upper Bound: max([1+c(failed(schemes_failed,[scc=3,cr=eval_add_y_line_bb14_in/1])),1+c(failed(schemes_failed,[scc=2,cr=eval_add_y_line_bb11_in/1]))]) 

  * LOOPS eval_add_y_line_66 -> eval_add_y_line_66

  * Ranking function: N/A

  * Invariants eval_add_y_line_66 -> eval_add_y_line_66

     entry  : []
     non-rec: []
     rec    : [0=1]
     inv    : []

CRS eval_add_y_line_42

  * Non Asymptotic Upper Bound: max([1+c(failed(schemes_failed,[scc=3,cr=eval_add_y_line_bb14_in/1])),1+c(failed(schemes_failed,[scc=2,cr=eval_add_y_line_bb11_in/1]))]) 

  * LOOPS eval_add_y_line_42 -> eval_add_y_line_42

  * Ranking function: N/A

  * Invariants eval_add_y_line_42 -> eval_add_y_line_42

     entry  : []
     non-rec: []
     rec    : [0=1]
     inv    : []

CRS eval_add_y_line_43

  * Non Asymptotic Upper Bound: max([1+c(failed(schemes_failed,[scc=3,cr=eval_add_y_line_bb14_in/1])),1+c(failed(schemes_failed,[scc=2,cr=eval_add_y_line_bb11_in/1]))]) 

  * LOOPS eval_add_y_line_43 -> eval_add_y_line_43

  * Ranking function: N/A

  * Invariants eval_add_y_line_43 -> eval_add_y_line_43

     entry  : []
     non-rec: []
     rec    : [0=1]
     inv    : []

CRS eval_add_y_line_44

  * Non Asymptotic Upper Bound: max([1+c(failed(schemes_failed,[scc=3,cr=eval_add_y_line_bb14_in/1])),1+c(failed(schemes_failed,[scc=2,cr=eval_add_y_line_bb11_in/1]))]) 

  * LOOPS eval_add_y_line_44 -> eval_add_y_line_44

  * Ranking function: N/A

  * Invariants eval_add_y_line_44 -> eval_add_y_line_44

     entry  : []
     non-rec: []
     rec    : [0=1]
     inv    : []

CRS eval_add_y_line_37

  * Non Asymptotic Upper Bound: max([1+c(failed(schemes_failed,[scc=3,cr=eval_add_y_line_bb14_in/1])),1+c(failed(schemes_failed,[scc=2,cr=eval_add_y_line_bb11_in/1]))]) 

  * LOOPS eval_add_y_line_37 -> eval_add_y_line_37

  * Ranking function: N/A

  * Invariants eval_add_y_line_37 -> eval_add_y_line_37

     entry  : []
     non-rec: []
     rec    : [0=1]
     inv    : []

CRS eval_add_y_line_38

  * Non Asymptotic Upper Bound: max([1+c(failed(schemes_failed,[scc=3,cr=eval_add_y_line_bb14_in/1])),1+c(failed(schemes_failed,[scc=2,cr=eval_add_y_line_bb11_in/1]))]) 

  * LOOPS eval_add_y_line_38 -> eval_add_y_line_38

  * Ranking function: N/A

  * Invariants eval_add_y_line_38 -> eval_add_y_line_38

     entry  : []
     non-rec: []
     rec    : [0=1]
     inv    : []

CRS eval_add_y_line_39

  * Non Asymptotic Upper Bound: max([1+c(failed(schemes_failed,[scc=3,cr=eval_add_y_line_bb14_in/1])),1+c(failed(schemes_failed,[scc=2,cr=eval_add_y_line_bb11_in/1]))]) 

  * LOOPS eval_add_y_line_39 -> eval_add_y_line_39

  * Ranking function: N/A

  * Invariants eval_add_y_line_39 -> eval_add_y_line_39

     entry  : []
     non-rec: []
     rec    : [0=1]
     inv    : []

CRS eval_add_y_line_bb8_in(A)

  * Non Asymptotic Upper Bound: max([1+c(failed(schemes_failed,[scc=3,cr=eval_add_y_line_bb14_in/1])),1+c(failed(schemes_failed,[scc=2,cr=eval_add_y_line_bb11_in/1]))]) 

  * LOOPS eval_add_y_line_bb8_in(B) -> eval_add_y_line_bb8_in(C)

  * Ranking function: N/A

  * Invariants eval_add_y_line_bb8_in(A) -> eval_add_y_line_bb8_in(B)

     entry  : []
     non-rec: [A=B]
     rec    : [0=1]
     inv    : [A=B]

CRS loop_cont_eval_add_y_line_bb14_in(A,B)

  * Non Asymptotic Upper Bound: 0 

  * LOOPS loop_cont_eval_add_y_line_bb14_in(C,D) -> loop_cont_eval_add_y_line_bb14_in(E,F)

  * Ranking function: N/A

  * Invariants loop_cont_eval_add_y_line_bb14_in(A,B) -> loop_cont_eval_add_y_line_bb14_in(C,D)

     entry  : []
     non-rec: [A=C,B=D]
     rec    : [0=1]
     inv    : [A=C,B=D]

CRS eval_add_y_line__critedge1_in

  * Non Asymptotic Upper Bound: 0 

  * LOOPS eval_add_y_line__critedge1_in -> eval_add_y_line__critedge1_in

  * Ranking function: N/A

  * Invariants eval_add_y_line__critedge1_in -> eval_add_y_line__critedge1_in

     entry  : []
     non-rec: []
     rec    : [0=1]
     inv    : []

CRS loop_cont_eval_add_y_line_bb11_in(A,B)

  * Non Asymptotic Upper Bound: 0 

  * LOOPS loop_cont_eval_add_y_line_bb11_in(C,D) -> loop_cont_eval_add_y_line_bb11_in(E,F)

  * Ranking function: N/A

  * Invariants loop_cont_eval_add_y_line_bb11_in(A,B) -> loop_cont_eval_add_y_line_bb11_in(C,D)

     entry  : []
     non-rec: [A=C,B=D]
     rec    : [0=1]
     inv    : [A=C,B=D]

CRS eval_add_y_line__critedge_in

  * Non Asymptotic Upper Bound: 0 

  * LOOPS eval_add_y_line__critedge_in -> eval_add_y_line__critedge_in

  * Ranking function: N/A

  * Invariants eval_add_y_line__critedge_in -> eval_add_y_line__critedge_in

     entry  : []
     non-rec: []
     rec    : [0=1]
     inv    : []

CRS eval_add_y_line_bb18_in

  * Non Asymptotic Upper Bound: 0 

  * LOOPS eval_add_y_line_bb18_in -> eval_add_y_line_bb18_in

  * Ranking function: N/A

  * Invariants eval_add_y_line_bb18_in -> eval_add_y_line_bb18_in

     entry  : []
     non-rec: []
     rec    : [0=1]
     inv    : []

CRS eval_add_y_line_bb14_in(A)

  * Non Asymptotic Upper Bound: c(failed(schemes_failed,[scc=3,cr=eval_add_y_line_bb14_in/1])) 

  * LOOPS eval_add_y_line_bb14_in(B) -> eval_add_y_line_bb14_in(C)
     - [B=C]

  * Ranking function: c(failed(no_rf,[scc=3,cr=eval_add_y_line_bb14_in/1]))

  * Invariants eval_add_y_line_bb14_in(A) -> eval_add_y_line_bb14_in(B)

     entry  : []
     non-rec: [A=B]
     rec    : [A=B]
     inv    : [A=B]

CRS eval_add_y_line_bb11_in(A)

  * Non Asymptotic Upper Bound: c(failed(schemes_failed,[scc=2,cr=eval_add_y_line_bb11_in/1])) 

  * LOOPS eval_add_y_line_bb11_in(B) -> eval_add_y_line_bb11_in(C)
     - [B=C]

  * Ranking function: c(failed(no_rf,[scc=2,cr=eval_add_y_line_bb11_in/1]))

  * Invariants eval_add_y_line_bb11_in(A) -> eval_add_y_line_bb11_in(B)

     entry  : []
     non-rec: [A=B]
     rec    : [A=B]
     inv    : [A=B]

CRS eval_add_y_line_bb19_in

  * Non Asymptotic Upper Bound: 0 

  * LOOPS eval_add_y_line_bb19_in -> eval_add_y_line_bb19_in

  * Ranking function: N/A

  * Invariants eval_add_y_line_bb19_in -> eval_add_y_line_bb19_in

     entry  : []
     non-rec: []
     rec    : [0=1]
     inv    : []


