This is PUBS, version 0.2.
Copyright (C) 2007, 2008, 2009 UPM, UCM.
This program comes with ABSOLUTELY NO WARRANTY.
This is free software, and you are welcome to
redistribute it under certain conditions.



CRS $pubs_aux_entry$(A,B,C) -- THE MAIN ENTRY

  * Non Asymptotic Upper Bound: 1+nat(A-1) 

  * LOOPS $pubs_aux_entry$(D,E,F) -> $pubs_aux_entry$(G,H,I)

  * Ranking function: N/A

  * Invariants $pubs_aux_entry$(A,B,C) -> $pubs_aux_entry$(D,E,F)

     entry  : []
     non-rec: [A=D,B=E,C=F]
     rec    : [0=1]
     inv    : [A=D,B=E,C=F]

CRS eval_gdev_vector_write_polygon_start(A,B,C)

  * Non Asymptotic Upper Bound: 1+nat(A-1) 

  * LOOPS eval_gdev_vector_write_polygon_start(D,E,F) -> eval_gdev_vector_write_polygon_start(G,H,I)

  * Ranking function: N/A

  * Invariants eval_gdev_vector_write_polygon_start(A,B,C) -> eval_gdev_vector_write_polygon_start(D,E,F)

     entry  : []
     non-rec: [A=D,B=E,C=F]
     rec    : [0=1]
     inv    : [A=D,B=E,C=F]

CRS eval_gdev_vector_write_polygon_bb0_in(A)

  * Non Asymptotic Upper Bound: 1+nat(A-1) 

  * LOOPS eval_gdev_vector_write_polygon_bb0_in(B) -> eval_gdev_vector_write_polygon_bb0_in(C)

  * Ranking function: N/A

  * Invariants eval_gdev_vector_write_polygon_bb0_in(A) -> eval_gdev_vector_write_polygon_bb0_in(B)

     entry  : []
     non-rec: [A=B]
     rec    : [0=1]
     inv    : [A=B]

CRS eval_gdev_vector_write_polygon_0(A)

  * Non Asymptotic Upper Bound: 1+nat(A-1) 

  * LOOPS eval_gdev_vector_write_polygon_0(B) -> eval_gdev_vector_write_polygon_0(C)

  * Ranking function: N/A

  * Invariants eval_gdev_vector_write_polygon_0(A) -> eval_gdev_vector_write_polygon_0(B)

     entry  : []
     non-rec: [A=B]
     rec    : [0=1]
     inv    : [A=B]

CRS eval_gdev_vector_write_polygon_1(A)

  * Non Asymptotic Upper Bound: 1+nat(A-1) 

  * LOOPS eval_gdev_vector_write_polygon_1(B) -> eval_gdev_vector_write_polygon_1(C)

  * Ranking function: N/A

  * Invariants eval_gdev_vector_write_polygon_1(A) -> eval_gdev_vector_write_polygon_1(B)

     entry  : []
     non-rec: [A=B]
     rec    : [0=1]
     inv    : [A=B]

CRS eval_gdev_vector_write_polygon_bb2_in(A)

  * Non Asymptotic Upper Bound: 1+nat(A-1) 

  * LOOPS eval_gdev_vector_write_polygon_bb2_in(B) -> eval_gdev_vector_write_polygon_bb2_in(C)

  * Ranking function: N/A

  * Invariants eval_gdev_vector_write_polygon_bb2_in(A) -> eval_gdev_vector_write_polygon_bb2_in(B)

     entry  : []
     non-rec: [A=B]
     rec    : [0=1]
     inv    : [A=B]

CRS eval_gdev_vector_write_polygon_4(A)

  * Non Asymptotic Upper Bound: 1+nat(A-1) 

  * LOOPS eval_gdev_vector_write_polygon_4(B) -> eval_gdev_vector_write_polygon_4(C)

  * Ranking function: N/A

  * Invariants eval_gdev_vector_write_polygon_4(A) -> eval_gdev_vector_write_polygon_4(B)

     entry  : []
     non-rec: [A=B]
     rec    : [0=1]
     inv    : [A=B]

CRS eval_gdev_vector_write_polygon_5(A,B)

  * Non Asymptotic Upper Bound: 1+nat(A-1) 

  * LOOPS eval_gdev_vector_write_polygon_5(C,D) -> eval_gdev_vector_write_polygon_5(E,F)

  * Ranking function: N/A

  * Invariants eval_gdev_vector_write_polygon_5(A,B) -> eval_gdev_vector_write_polygon_5(C,D)

     entry  : []
     non-rec: [A=C,B=D]
     rec    : [0=1]
     inv    : [A=C,B=D]

CRS loop_cont_eval_gdev_vector_write_polygon_bb5_in(A,B)

  * Non Asymptotic Upper Bound: 0 

  * LOOPS loop_cont_eval_gdev_vector_write_polygon_bb5_in(C,D) -> loop_cont_eval_gdev_vector_write_polygon_bb5_in(E,F)

  * Ranking function: N/A

  * Invariants loop_cont_eval_gdev_vector_write_polygon_bb5_in(A,B) -> loop_cont_eval_gdev_vector_write_polygon_bb5_in(C,D)

     entry  : [A=2]
     non-rec: [A=C,B=D,A=2]
     rec    : [0=1]
     inv    : [A=2,C=2,B=D]

CRS eval_gdev_vector_write_polygon_bb7_in

  * Non Asymptotic Upper Bound: 0 

  * LOOPS eval_gdev_vector_write_polygon_bb7_in -> eval_gdev_vector_write_polygon_bb7_in

  * Ranking function: N/A

  * Invariants eval_gdev_vector_write_polygon_bb7_in -> eval_gdev_vector_write_polygon_bb7_in

     entry  : []
     non-rec: []
     rec    : [0=1]
     inv    : []

CRS eval_gdev_vector_write_polygon_13

  * Non Asymptotic Upper Bound: 0 

  * LOOPS eval_gdev_vector_write_polygon_13 -> eval_gdev_vector_write_polygon_13

  * Ranking function: N/A

  * Invariants eval_gdev_vector_write_polygon_13 -> eval_gdev_vector_write_polygon_13

     entry  : []
     non-rec: []
     rec    : [0=1]
     inv    : []

CRS eval_gdev_vector_write_polygon_14

  * Non Asymptotic Upper Bound: 0 

  * LOOPS eval_gdev_vector_write_polygon_14 -> eval_gdev_vector_write_polygon_14

  * Ranking function: N/A

  * Invariants eval_gdev_vector_write_polygon_14 -> eval_gdev_vector_write_polygon_14

     entry  : []
     non-rec: []
     rec    : [0=1]
     inv    : []

CRS eval_gdev_vector_write_polygon_bb9_in

  * Non Asymptotic Upper Bound: 0 

  * LOOPS eval_gdev_vector_write_polygon_bb9_in -> eval_gdev_vector_write_polygon_bb9_in

  * Ranking function: N/A

  * Invariants eval_gdev_vector_write_polygon_bb9_in -> eval_gdev_vector_write_polygon_bb9_in

     entry  : []
     non-rec: []
     rec    : [0=1]
     inv    : []

CRS eval_gdev_vector_write_polygon_15

  * Non Asymptotic Upper Bound: 0 

  * LOOPS eval_gdev_vector_write_polygon_15 -> eval_gdev_vector_write_polygon_15

  * Ranking function: N/A

  * Invariants eval_gdev_vector_write_polygon_15 -> eval_gdev_vector_write_polygon_15

     entry  : []
     non-rec: []
     rec    : [0=1]
     inv    : []

CRS eval_gdev_vector_write_polygon_16

  * Non Asymptotic Upper Bound: 0 

  * LOOPS eval_gdev_vector_write_polygon_16 -> eval_gdev_vector_write_polygon_16

  * Ranking function: N/A

  * Invariants eval_gdev_vector_write_polygon_16 -> eval_gdev_vector_write_polygon_16

     entry  : []
     non-rec: []
     rec    : [0=1]
     inv    : []

CRS eval_gdev_vector_write_polygon_bb5_in(A,B,C)

  * Non Asymptotic Upper Bound: nat(A-B) 

  * LOOPS eval_gdev_vector_write_polygon_bb5_in(D,E,F) -> eval_gdev_vector_write_polygon_bb5_in(G,H,I)
     - [E+1=H,D=G,D>=E+1,F>=0]

  * Ranking function: nat(D-E)

  * Invariants eval_gdev_vector_write_polygon_bb5_in(A,B,C) -> eval_gdev_vector_write_polygon_bb5_in(D,E,F)

     entry  : [B=1]
     non-rec: [A=D,B=E,C=F,B=1]
     rec    : [A=D,B=1,A>=E,C>=0,E>=2]
     inv    : [E>=1,A=D,B=1]

CRS eval_gdev_vector_write_polygon_bb11_in

  * Non Asymptotic Upper Bound: 0 

  * LOOPS eval_gdev_vector_write_polygon_bb11_in -> eval_gdev_vector_write_polygon_bb11_in

  * Ranking function: N/A

  * Invariants eval_gdev_vector_write_polygon_bb11_in -> eval_gdev_vector_write_polygon_bb11_in

     entry  : []
     non-rec: []
     rec    : [0=1]
     inv    : []


