This is PUBS, version 0.2.
Copyright (C) 2007, 2008, 2009 UPM, UCM.
This program comes with ABSOLUTELY NO WARRANTY.
This is free software, and you are welcome to
redistribute it under certain conditions.



CRS $pubs_aux_entry$(A) -- THE MAIN ENTRY

  * Non Asymptotic Upper Bound: 10 

  * LOOPS $pubs_aux_entry$(B) -> $pubs_aux_entry$(C)

  * Ranking function: N/A

  * Invariants $pubs_aux_entry$(A) -> $pubs_aux_entry$(B)

     entry  : []
     non-rec: [A=B]
     rec    : [0=1]
     inv    : [A=B]

CRS eval_cmd_put_color_mapping_start(A)

  * Non Asymptotic Upper Bound: 10 

  * LOOPS eval_cmd_put_color_mapping_start(B) -> eval_cmd_put_color_mapping_start(C)

  * Ranking function: N/A

  * Invariants eval_cmd_put_color_mapping_start(A) -> eval_cmd_put_color_mapping_start(B)

     entry  : []
     non-rec: [A=B]
     rec    : [0=1]
     inv    : [A=B]

CRS eval_cmd_put_color_mapping_bb0_in

  * Non Asymptotic Upper Bound: 10 

  * LOOPS eval_cmd_put_color_mapping_bb0_in -> eval_cmd_put_color_mapping_bb0_in

  * Ranking function: N/A

  * Invariants eval_cmd_put_color_mapping_bb0_in -> eval_cmd_put_color_mapping_bb0_in

     entry  : []
     non-rec: []
     rec    : [0=1]
     inv    : []

CRS eval_cmd_put_color_mapping_4(A)

  * Non Asymptotic Upper Bound: 10 

  * LOOPS eval_cmd_put_color_mapping_4(B) -> eval_cmd_put_color_mapping_4(C)

  * Ranking function: N/A

  * Invariants eval_cmd_put_color_mapping_4(A) -> eval_cmd_put_color_mapping_4(B)

     entry  : []
     non-rec: [A=B]
     rec    : [0=1]
     inv    : [A=B]

CRS eval_cmd_put_color_mapping_5

  * Non Asymptotic Upper Bound: 10 

  * LOOPS eval_cmd_put_color_mapping_5 -> eval_cmd_put_color_mapping_5

  * Ranking function: N/A

  * Invariants eval_cmd_put_color_mapping_5 -> eval_cmd_put_color_mapping_5

     entry  : []
     non-rec: []
     rec    : [0=1]
     inv    : []

CRS eval_cmd_put_color_mapping_bb3_in

  * Non Asymptotic Upper Bound: 10 

  * LOOPS eval_cmd_put_color_mapping_bb3_in -> eval_cmd_put_color_mapping_bb3_in

  * Ranking function: N/A

  * Invariants eval_cmd_put_color_mapping_bb3_in -> eval_cmd_put_color_mapping_bb3_in

     entry  : []
     non-rec: []
     rec    : [0=1]
     inv    : []

CRS eval_cmd_put_color_mapping_9

  * Non Asymptotic Upper Bound: 10 

  * LOOPS eval_cmd_put_color_mapping_9 -> eval_cmd_put_color_mapping_9

  * Ranking function: N/A

  * Invariants eval_cmd_put_color_mapping_9 -> eval_cmd_put_color_mapping_9

     entry  : []
     non-rec: []
     rec    : [0=1]
     inv    : []

CRS eval_cmd_put_color_mapping_10

  * Non Asymptotic Upper Bound: 10 

  * LOOPS eval_cmd_put_color_mapping_10 -> eval_cmd_put_color_mapping_10

  * Ranking function: N/A

  * Invariants eval_cmd_put_color_mapping_10 -> eval_cmd_put_color_mapping_10

     entry  : []
     non-rec: []
     rec    : [0=1]
     inv    : []

CRS eval_cmd_put_color_mapping_11

  * Non Asymptotic Upper Bound: 10 

  * LOOPS eval_cmd_put_color_mapping_11 -> eval_cmd_put_color_mapping_11

  * Ranking function: N/A

  * Invariants eval_cmd_put_color_mapping_11 -> eval_cmd_put_color_mapping_11

     entry  : []
     non-rec: []
     rec    : [0=1]
     inv    : []

CRS eval_cmd_put_color_mapping_12

  * Non Asymptotic Upper Bound: 10 

  * LOOPS eval_cmd_put_color_mapping_12 -> eval_cmd_put_color_mapping_12

  * Ranking function: N/A

  * Invariants eval_cmd_put_color_mapping_12 -> eval_cmd_put_color_mapping_12

     entry  : []
     non-rec: []
     rec    : [0=1]
     inv    : []

CRS eval_cmd_put_color_mapping_bb6_in

  * Non Asymptotic Upper Bound: 10 

  * LOOPS eval_cmd_put_color_mapping_bb6_in -> eval_cmd_put_color_mapping_bb6_in

  * Ranking function: N/A

  * Invariants eval_cmd_put_color_mapping_bb6_in -> eval_cmd_put_color_mapping_bb6_in

     entry  : []
     non-rec: []
     rec    : [0=1]
     inv    : []

CRS loop_cont_eval_cmd_put_color_mapping_bb7_in(A,B)

  * Non Asymptotic Upper Bound: 5 

  * LOOPS loop_cont_eval_cmd_put_color_mapping_bb7_in(C,D) -> loop_cont_eval_cmd_put_color_mapping_bb7_in(E,F)

  * Ranking function: N/A

  * Invariants loop_cont_eval_cmd_put_color_mapping_bb7_in(A,B) -> loop_cont_eval_cmd_put_color_mapping_bb7_in(C,D)

     entry  : [5>=A,A>=2]
     non-rec: [A=C,B=D,5>=A,A>=2]
     rec    : [0=1]
     inv    : [A>=2,5>=A,A=C,B=D]

CRS eval_cmd_put_color_mapping_NewDefault_in

  * Non Asymptotic Upper Bound: 5 

  * LOOPS eval_cmd_put_color_mapping_NewDefault_in -> eval_cmd_put_color_mapping_NewDefault_in

  * Ranking function: N/A

  * Invariants eval_cmd_put_color_mapping_NewDefault_in -> eval_cmd_put_color_mapping_NewDefault_in

     entry  : []
     non-rec: []
     rec    : [0=1]
     inv    : []

CRS eval_cmd_put_color_mapping_bb17_in

  * Non Asymptotic Upper Bound: 5 

  * LOOPS eval_cmd_put_color_mapping_bb17_in -> eval_cmd_put_color_mapping_bb17_in

  * Ranking function: N/A

  * Invariants eval_cmd_put_color_mapping_bb17_in -> eval_cmd_put_color_mapping_bb17_in

     entry  : []
     non-rec: []
     rec    : [0=1]
     inv    : []

CRS loop_cont_eval_cmd_put_color_mapping_bb18_in(A,B)

  * Non Asymptotic Upper Bound: 0 

  * LOOPS loop_cont_eval_cmd_put_color_mapping_bb18_in(C,D) -> loop_cont_eval_cmd_put_color_mapping_bb18_in(E,F)

  * Ranking function: N/A

  * Invariants loop_cont_eval_cmd_put_color_mapping_bb18_in(A,B) -> loop_cont_eval_cmd_put_color_mapping_bb18_in(C,D)

     entry  : [A=2]
     non-rec: [A=C,B=D,A=2]
     rec    : [0=1]
     inv    : [A=2,C=2,B=D]

CRS eval_cmd_put_color_mapping_bb18_in(A)

  * Non Asymptotic Upper Bound: nat(-A+4) 

  * LOOPS eval_cmd_put_color_mapping_bb18_in(B) -> eval_cmd_put_color_mapping_bb18_in(C)
     - [B+1=C,3>=B]

  * Ranking function: nat(-B+4)

  * Invariants eval_cmd_put_color_mapping_bb18_in(A) -> eval_cmd_put_color_mapping_bb18_in(B)

     entry  : [A=0]
     non-rec: [A=B,A=0]
     rec    : [A=0,B>=1]
     inv    : [B>=0,A=0]

CRS eval_cmd_put_color_mapping_30

  * Non Asymptotic Upper Bound: 4 

  * LOOPS eval_cmd_put_color_mapping_30 -> eval_cmd_put_color_mapping_30

  * Ranking function: N/A

  * Invariants eval_cmd_put_color_mapping_30 -> eval_cmd_put_color_mapping_30

     entry  : []
     non-rec: []
     rec    : [0=1]
     inv    : []

CRS eval_cmd_put_color_mapping_31

  * Non Asymptotic Upper Bound: 4 

  * LOOPS eval_cmd_put_color_mapping_31 -> eval_cmd_put_color_mapping_31

  * Ranking function: N/A

  * Invariants eval_cmd_put_color_mapping_31 -> eval_cmd_put_color_mapping_31

     entry  : []
     non-rec: []
     rec    : [0=1]
     inv    : []

CRS loop_cont_eval_cmd_put_color_mapping_bb15_in(A,B)

  * Non Asymptotic Upper Bound: 0 

  * LOOPS loop_cont_eval_cmd_put_color_mapping_bb15_in(C,D) -> loop_cont_eval_cmd_put_color_mapping_bb15_in(E,F)

  * Ranking function: N/A

  * Invariants loop_cont_eval_cmd_put_color_mapping_bb15_in(A,B) -> loop_cont_eval_cmd_put_color_mapping_bb15_in(C,D)

     entry  : [A=2]
     non-rec: [A=C,B=D,A=2]
     rec    : [0=1]
     inv    : [A=2,C=2,B=D]

CRS eval_cmd_put_color_mapping_bb15_in(A)

  * Non Asymptotic Upper Bound: nat(-A+4) 

  * LOOPS eval_cmd_put_color_mapping_bb15_in(B) -> eval_cmd_put_color_mapping_bb15_in(C)
     - [B+1=C,3>=B]

  * Ranking function: nat(-B+4)

  * Invariants eval_cmd_put_color_mapping_bb15_in(A) -> eval_cmd_put_color_mapping_bb15_in(B)

     entry  : [A=1]
     non-rec: [A=B,A=1]
     rec    : [B>=2,4>=B,A=1]
     inv    : [4>=B,B>=1,A=1]

CRS eval_cmd_put_color_mapping_bb7_in(A)

  * Non Asymptotic Upper Bound: nat(-A+4) 

  * LOOPS eval_cmd_put_color_mapping_bb7_in(B) -> eval_cmd_put_color_mapping_bb7_in(C)
     - [B+1=C,3>=B]

  * Ranking function: nat(-B+4)

  * Invariants eval_cmd_put_color_mapping_bb7_in(A) -> eval_cmd_put_color_mapping_bb7_in(B)

     entry  : [A=0]
     non-rec: [A=B,A=0]
     rec    : [A=0,B>=1]
     inv    : [B>=0,A=0]

CRS eval_cmd_put_color_mapping_bb21_in

  * Non Asymptotic Upper Bound: 0 

  * LOOPS eval_cmd_put_color_mapping_bb21_in -> eval_cmd_put_color_mapping_bb21_in

  * Ranking function: N/A

  * Invariants eval_cmd_put_color_mapping_bb21_in -> eval_cmd_put_color_mapping_bb21_in

     entry  : []
     non-rec: []
     rec    : [0=1]
     inv    : []


