This is PUBS, version 0.2.
Copyright (C) 2007, 2008, 2009 UPM, UCM.
This program comes with ABSOLUTELY NO WARRANTY.
This is free software, and you are welcome to
redistribute it under certain conditions.



CRS $pubs_aux_entry$ -- THE MAIN ENTRY

  * Non Asymptotic Upper Bound: max([1+c(failed(schemes_failed,[scc=1,cr=eval_gstate_share_paths_bb18_in/0])),2+c(failed(schemes_failed,[scc=0,cr=eval_gstate_share_paths_bb12_in/0]))+c(failed(schemes_failed,[scc=1,cr=eval_gstate_share_paths_bb18_in/0])),1+c(failed(schemes_failed,[scc=19,cr=eval_gstate_share_paths_bb2_in/0]))+max([1+c(failed(schemes_failed,[scc=1,cr=eval_gstate_share_paths_bb18_in/0])),2+c(failed(schemes_failed,[scc=0,cr=eval_gstate_share_paths_bb12_in/0]))+c(failed(schemes_failed,[scc=1,cr=eval_gstate_share_paths_bb18_in/0]))])]) 

  * LOOPS $pubs_aux_entry$ -> $pubs_aux_entry$

  * Ranking function: N/A

  * Invariants $pubs_aux_entry$ -> $pubs_aux_entry$

     entry  : []
     non-rec: []
     rec    : [0=1]
     inv    : []

CRS eval_gstate_share_paths_start

  * Non Asymptotic Upper Bound: max([1+c(failed(schemes_failed,[scc=1,cr=eval_gstate_share_paths_bb18_in/0])),2+c(failed(schemes_failed,[scc=0,cr=eval_gstate_share_paths_bb12_in/0]))+c(failed(schemes_failed,[scc=1,cr=eval_gstate_share_paths_bb18_in/0])),1+c(failed(schemes_failed,[scc=19,cr=eval_gstate_share_paths_bb2_in/0]))+max([1+c(failed(schemes_failed,[scc=1,cr=eval_gstate_share_paths_bb18_in/0])),2+c(failed(schemes_failed,[scc=0,cr=eval_gstate_share_paths_bb12_in/0]))+c(failed(schemes_failed,[scc=1,cr=eval_gstate_share_paths_bb18_in/0]))])]) 

  * LOOPS eval_gstate_share_paths_start -> eval_gstate_share_paths_start

  * Ranking function: N/A

  * Invariants eval_gstate_share_paths_start -> eval_gstate_share_paths_start

     entry  : []
     non-rec: []
     rec    : [0=1]
     inv    : []

CRS eval_gstate_share_paths_bb0_in

  * Non Asymptotic Upper Bound: max([1+c(failed(schemes_failed,[scc=1,cr=eval_gstate_share_paths_bb18_in/0])),2+c(failed(schemes_failed,[scc=0,cr=eval_gstate_share_paths_bb12_in/0]))+c(failed(schemes_failed,[scc=1,cr=eval_gstate_share_paths_bb18_in/0])),1+c(failed(schemes_failed,[scc=19,cr=eval_gstate_share_paths_bb2_in/0]))+max([1+c(failed(schemes_failed,[scc=1,cr=eval_gstate_share_paths_bb18_in/0])),2+c(failed(schemes_failed,[scc=0,cr=eval_gstate_share_paths_bb12_in/0]))+c(failed(schemes_failed,[scc=1,cr=eval_gstate_share_paths_bb18_in/0]))])]) 

  * LOOPS eval_gstate_share_paths_bb0_in -> eval_gstate_share_paths_bb0_in

  * Ranking function: N/A

  * Invariants eval_gstate_share_paths_bb0_in -> eval_gstate_share_paths_bb0_in

     entry  : []
     non-rec: []
     rec    : [0=1]
     inv    : []

CRS loop_cont_eval_gstate_share_paths_bb2_in(A,B)

  * Non Asymptotic Upper Bound: max([1+c(failed(schemes_failed,[scc=1,cr=eval_gstate_share_paths_bb18_in/0])),2+c(failed(schemes_failed,[scc=0,cr=eval_gstate_share_paths_bb12_in/0]))+c(failed(schemes_failed,[scc=1,cr=eval_gstate_share_paths_bb18_in/0]))]) 

  * LOOPS loop_cont_eval_gstate_share_paths_bb2_in(C,D) -> loop_cont_eval_gstate_share_paths_bb2_in(E,F)

  * Ranking function: N/A

  * Invariants loop_cont_eval_gstate_share_paths_bb2_in(A,B) -> loop_cont_eval_gstate_share_paths_bb2_in(C,D)

     entry  : []
     non-rec: [A=C,B=D]
     rec    : [0=1]
     inv    : [A=C,B=D]

CRS eval_gstate_share_paths_4

  * Non Asymptotic Upper Bound: max([1+c(failed(schemes_failed,[scc=1,cr=eval_gstate_share_paths_bb18_in/0])),2+c(failed(schemes_failed,[scc=0,cr=eval_gstate_share_paths_bb12_in/0]))+c(failed(schemes_failed,[scc=1,cr=eval_gstate_share_paths_bb18_in/0]))]) 

  * LOOPS eval_gstate_share_paths_4 -> eval_gstate_share_paths_4

  * Ranking function: N/A

  * Invariants eval_gstate_share_paths_4 -> eval_gstate_share_paths_4

     entry  : []
     non-rec: []
     rec    : [0=1]
     inv    : []

CRS eval_gstate_share_paths_5

  * Non Asymptotic Upper Bound: max([1+c(failed(schemes_failed,[scc=1,cr=eval_gstate_share_paths_bb18_in/0])),2+c(failed(schemes_failed,[scc=0,cr=eval_gstate_share_paths_bb12_in/0]))+c(failed(schemes_failed,[scc=1,cr=eval_gstate_share_paths_bb18_in/0]))]) 

  * LOOPS eval_gstate_share_paths_5 -> eval_gstate_share_paths_5

  * Ranking function: N/A

  * Invariants eval_gstate_share_paths_5 -> eval_gstate_share_paths_5

     entry  : []
     non-rec: []
     rec    : [0=1]
     inv    : []

CRS eval_gstate_share_paths_bb2_in

  * Non Asymptotic Upper Bound: c(failed(schemes_failed,[scc=19,cr=eval_gstate_share_paths_bb2_in/0])) 

  * LOOPS eval_gstate_share_paths_bb2_in -> eval_gstate_share_paths_bb2_in
     - []

  * Ranking function: c(failed(no_rf,[scc=19,cr=eval_gstate_share_paths_bb2_in/0]))

  * Invariants eval_gstate_share_paths_bb2_in -> eval_gstate_share_paths_bb2_in

     entry  : []
     non-rec: []
     rec    : []
     inv    : []

CRS eval_gstate_share_paths_6

  * Non Asymptotic Upper Bound: max([1+c(failed(schemes_failed,[scc=1,cr=eval_gstate_share_paths_bb18_in/0])),2+c(failed(schemes_failed,[scc=0,cr=eval_gstate_share_paths_bb12_in/0]))+c(failed(schemes_failed,[scc=1,cr=eval_gstate_share_paths_bb18_in/0]))]) 

  * LOOPS eval_gstate_share_paths_6 -> eval_gstate_share_paths_6

  * Ranking function: N/A

  * Invariants eval_gstate_share_paths_6 -> eval_gstate_share_paths_6

     entry  : []
     non-rec: []
     rec    : [0=1]
     inv    : []

CRS eval_gstate_share_paths_7

  * Non Asymptotic Upper Bound: max([1+c(failed(schemes_failed,[scc=1,cr=eval_gstate_share_paths_bb18_in/0])),2+c(failed(schemes_failed,[scc=0,cr=eval_gstate_share_paths_bb12_in/0]))+c(failed(schemes_failed,[scc=1,cr=eval_gstate_share_paths_bb18_in/0]))]) 

  * LOOPS eval_gstate_share_paths_7 -> eval_gstate_share_paths_7

  * Ranking function: N/A

  * Invariants eval_gstate_share_paths_7 -> eval_gstate_share_paths_7

     entry  : []
     non-rec: []
     rec    : [0=1]
     inv    : []

CRS eval_gstate_share_paths_bb7_in

  * Non Asymptotic Upper Bound: max([1+c(failed(schemes_failed,[scc=1,cr=eval_gstate_share_paths_bb18_in/0])),2+c(failed(schemes_failed,[scc=0,cr=eval_gstate_share_paths_bb12_in/0]))+c(failed(schemes_failed,[scc=1,cr=eval_gstate_share_paths_bb18_in/0]))]) 

  * LOOPS eval_gstate_share_paths_bb7_in -> eval_gstate_share_paths_bb7_in

  * Ranking function: N/A

  * Invariants eval_gstate_share_paths_bb7_in -> eval_gstate_share_paths_bb7_in

     entry  : []
     non-rec: []
     rec    : [0=1]
     inv    : []

CRS eval_gstate_share_paths_13

  * Non Asymptotic Upper Bound: max([1+c(failed(schemes_failed,[scc=1,cr=eval_gstate_share_paths_bb18_in/0])),2+c(failed(schemes_failed,[scc=0,cr=eval_gstate_share_paths_bb12_in/0]))+c(failed(schemes_failed,[scc=1,cr=eval_gstate_share_paths_bb18_in/0]))]) 

  * LOOPS eval_gstate_share_paths_13 -> eval_gstate_share_paths_13

  * Ranking function: N/A

  * Invariants eval_gstate_share_paths_13 -> eval_gstate_share_paths_13

     entry  : []
     non-rec: []
     rec    : [0=1]
     inv    : []

CRS eval_gstate_share_paths_14

  * Non Asymptotic Upper Bound: max([1+c(failed(schemes_failed,[scc=1,cr=eval_gstate_share_paths_bb18_in/0])),2+c(failed(schemes_failed,[scc=0,cr=eval_gstate_share_paths_bb12_in/0]))+c(failed(schemes_failed,[scc=1,cr=eval_gstate_share_paths_bb18_in/0]))]) 

  * LOOPS eval_gstate_share_paths_14 -> eval_gstate_share_paths_14

  * Ranking function: N/A

  * Invariants eval_gstate_share_paths_14 -> eval_gstate_share_paths_14

     entry  : []
     non-rec: []
     rec    : [0=1]
     inv    : []

CRS eval_gstate_share_paths_bb10_in

  * Non Asymptotic Upper Bound: max([1+c(failed(schemes_failed,[scc=1,cr=eval_gstate_share_paths_bb18_in/0])),2+c(failed(schemes_failed,[scc=0,cr=eval_gstate_share_paths_bb12_in/0]))+c(failed(schemes_failed,[scc=1,cr=eval_gstate_share_paths_bb18_in/0]))]) 

  * LOOPS eval_gstate_share_paths_bb10_in -> eval_gstate_share_paths_bb10_in

  * Ranking function: N/A

  * Invariants eval_gstate_share_paths_bb10_in -> eval_gstate_share_paths_bb10_in

     entry  : []
     non-rec: []
     rec    : [0=1]
     inv    : []

CRS loop_cont_eval_gstate_share_paths_bb12_in(A,B)

  * Non Asymptotic Upper Bound: 1+c(failed(schemes_failed,[scc=1,cr=eval_gstate_share_paths_bb18_in/0])) 

  * LOOPS loop_cont_eval_gstate_share_paths_bb12_in(C,D) -> loop_cont_eval_gstate_share_paths_bb12_in(E,F)

  * Ranking function: N/A

  * Invariants loop_cont_eval_gstate_share_paths_bb12_in(A,B) -> loop_cont_eval_gstate_share_paths_bb12_in(C,D)

     entry  : []
     non-rec: [A=C,B=D]
     rec    : [0=1]
     inv    : [A=C,B=D]

CRS eval_gstate_share_paths_20

  * Non Asymptotic Upper Bound: 1+c(failed(schemes_failed,[scc=1,cr=eval_gstate_share_paths_bb18_in/0])) 

  * LOOPS eval_gstate_share_paths_20 -> eval_gstate_share_paths_20

  * Ranking function: N/A

  * Invariants eval_gstate_share_paths_20 -> eval_gstate_share_paths_20

     entry  : []
     non-rec: []
     rec    : [0=1]
     inv    : []

CRS eval_gstate_share_paths_21

  * Non Asymptotic Upper Bound: 1+c(failed(schemes_failed,[scc=1,cr=eval_gstate_share_paths_bb18_in/0])) 

  * LOOPS eval_gstate_share_paths_21 -> eval_gstate_share_paths_21

  * Ranking function: N/A

  * Invariants eval_gstate_share_paths_21 -> eval_gstate_share_paths_21

     entry  : []
     non-rec: []
     rec    : [0=1]
     inv    : []

CRS eval_gstate_share_paths_bb16_in

  * Non Asymptotic Upper Bound: 1+c(failed(schemes_failed,[scc=1,cr=eval_gstate_share_paths_bb18_in/0])) 

  * LOOPS eval_gstate_share_paths_bb16_in -> eval_gstate_share_paths_bb16_in

  * Ranking function: N/A

  * Invariants eval_gstate_share_paths_bb16_in -> eval_gstate_share_paths_bb16_in

     entry  : []
     non-rec: []
     rec    : [0=1]
     inv    : []

CRS loop_cont_eval_gstate_share_paths_bb18_in(A,B)

  * Non Asymptotic Upper Bound: 0 

  * LOOPS loop_cont_eval_gstate_share_paths_bb18_in(C,D) -> loop_cont_eval_gstate_share_paths_bb18_in(E,F)

  * Ranking function: N/A

  * Invariants loop_cont_eval_gstate_share_paths_bb18_in(A,B) -> loop_cont_eval_gstate_share_paths_bb18_in(C,D)

     entry  : []
     non-rec: [A=C,B=D]
     rec    : [0=1]
     inv    : [A=C,B=D]

CRS eval_gstate_share_paths_26

  * Non Asymptotic Upper Bound: 0 

  * LOOPS eval_gstate_share_paths_26 -> eval_gstate_share_paths_26

  * Ranking function: N/A

  * Invariants eval_gstate_share_paths_26 -> eval_gstate_share_paths_26

     entry  : []
     non-rec: []
     rec    : [0=1]
     inv    : []

CRS eval_gstate_share_paths_27

  * Non Asymptotic Upper Bound: 0 

  * LOOPS eval_gstate_share_paths_27 -> eval_gstate_share_paths_27

  * Ranking function: N/A

  * Invariants eval_gstate_share_paths_27 -> eval_gstate_share_paths_27

     entry  : []
     non-rec: []
     rec    : [0=1]
     inv    : []

CRS eval_gstate_share_paths_bb22_in

  * Non Asymptotic Upper Bound: 0 

  * LOOPS eval_gstate_share_paths_bb22_in -> eval_gstate_share_paths_bb22_in

  * Ranking function: N/A

  * Invariants eval_gstate_share_paths_bb22_in -> eval_gstate_share_paths_bb22_in

     entry  : []
     non-rec: []
     rec    : [0=1]
     inv    : []

CRS eval_gstate_share_paths_28

  * Non Asymptotic Upper Bound: 0 

  * LOOPS eval_gstate_share_paths_28 -> eval_gstate_share_paths_28

  * Ranking function: N/A

  * Invariants eval_gstate_share_paths_28 -> eval_gstate_share_paths_28

     entry  : []
     non-rec: []
     rec    : [0=1]
     inv    : []

CRS eval_gstate_share_paths_29

  * Non Asymptotic Upper Bound: 0 

  * LOOPS eval_gstate_share_paths_29 -> eval_gstate_share_paths_29

  * Ranking function: N/A

  * Invariants eval_gstate_share_paths_29 -> eval_gstate_share_paths_29

     entry  : []
     non-rec: []
     rec    : [0=1]
     inv    : []

CRS eval_gstate_share_paths_bb18_in

  * Non Asymptotic Upper Bound: c(failed(schemes_failed,[scc=1,cr=eval_gstate_share_paths_bb18_in/0])) 

  * LOOPS eval_gstate_share_paths_bb18_in -> eval_gstate_share_paths_bb18_in
     - []

  * Ranking function: c(failed(no_rf,[scc=1,cr=eval_gstate_share_paths_bb18_in/0]))

  * Invariants eval_gstate_share_paths_bb18_in -> eval_gstate_share_paths_bb18_in

     entry  : []
     non-rec: []
     rec    : []
     inv    : []

CRS eval_gstate_share_paths_bb12_in

  * Non Asymptotic Upper Bound: c(failed(schemes_failed,[scc=0,cr=eval_gstate_share_paths_bb12_in/0])) 

  * LOOPS eval_gstate_share_paths_bb12_in -> eval_gstate_share_paths_bb12_in
     - []

  * Ranking function: c(failed(no_rf,[scc=0,cr=eval_gstate_share_paths_bb12_in/0]))

  * Invariants eval_gstate_share_paths_bb12_in -> eval_gstate_share_paths_bb12_in

     entry  : []
     non-rec: []
     rec    : []
     inv    : []


