This is PUBS, version 0.2.
Copyright (C) 2007, 2008, 2009 UPM, UCM.
This program comes with ABSOLUTELY NO WARRANTY.
This is free software, and you are welcome to
redistribute it under certain conditions.



CRS $pubs_aux_entry$(A,B) -- THE MAIN ENTRY

  * Non Asymptotic Upper Bound: 2+nat(A)+2*nat(B) 

  * LOOPS $pubs_aux_entry$(C,D) -> $pubs_aux_entry$(E,F)

  * Ranking function: N/A

  * Invariants $pubs_aux_entry$(A,B) -> $pubs_aux_entry$(C,D)

     entry  : []
     non-rec: [A=C,B=D]
     rec    : [0=1]
     inv    : [A=C,B=D]

CRS eval_lookup_start(A,B)

  * Non Asymptotic Upper Bound: 2+nat(A)+2*nat(B) 

  * LOOPS eval_lookup_start(C,D) -> eval_lookup_start(E,F)

  * Ranking function: N/A

  * Invariants eval_lookup_start(A,B) -> eval_lookup_start(C,D)

     entry  : []
     non-rec: [A=C,B=D]
     rec    : [0=1]
     inv    : [A=C,B=D]

CRS eval_lookup_bb0_in(A,B)

  * Non Asymptotic Upper Bound: 2+nat(A)+2*nat(B) 

  * LOOPS eval_lookup_bb0_in(C,D) -> eval_lookup_bb0_in(E,F)

  * Ranking function: N/A

  * Invariants eval_lookup_bb0_in(A,B) -> eval_lookup_bb0_in(C,D)

     entry  : []
     non-rec: [A=C,B=D]
     rec    : [0=1]
     inv    : [A=C,B=D]

CRS eval_lookup_1(A,B,C)

  * Non Asymptotic Upper Bound: 2+nat(C)+2*nat(B) 

  * LOOPS eval_lookup_1(D,E,F) -> eval_lookup_1(G,H,I)

  * Ranking function: N/A

  * Invariants eval_lookup_1(A,B,C) -> eval_lookup_1(D,E,F)

     entry  : [A=C]
     non-rec: [A=D,B=E,C=F,A=C]
     rec    : [0=1]
     inv    : [A=C,A=D,B=E,A=F]

CRS eval_lookup_2(A,B)

  * Non Asymptotic Upper Bound: 2+nat(A)+2*nat(B) 

  * LOOPS eval_lookup_2(C,D) -> eval_lookup_2(E,F)

  * Ranking function: N/A

  * Invariants eval_lookup_2(A,B) -> eval_lookup_2(C,D)

     entry  : []
     non-rec: [A=C,B=D]
     rec    : [0=1]
     inv    : [A=C,B=D]

CRS loop_cont_eval_lookup_bb1_in(A,B,C,D,E)

  * Non Asymptotic Upper Bound: 1+2*nat(B) 

  * LOOPS loop_cont_eval_lookup_bb1_in(F,G,H,I,J) -> loop_cont_eval_lookup_bb1_in(K,L,M,N,O)

  * Ranking function: N/A

  * Invariants loop_cont_eval_lookup_bb1_in(A,B,C,D,E) -> loop_cont_eval_lookup_bb1_in(F,G,H,I,J)

     entry  : [A=5,D=0]
     non-rec: [A=F,B=G,C=H,D=I,E=J,A=5,D=0]
     rec    : [0=1]
     inv    : [A=5,D=0,F=5,B=G,C=H,I=0,E=J]

CRS loop_cont_eval_lookup_bb4_in(A,B)

  * Non Asymptotic Upper Bound: 0 

  * LOOPS loop_cont_eval_lookup_bb4_in(C,D) -> loop_cont_eval_lookup_bb4_in(E,F)

  * Ranking function: N/A

  * Invariants loop_cont_eval_lookup_bb4_in(A,B) -> loop_cont_eval_lookup_bb4_in(C,D)

     entry  : [4>=A,A>=2]
     non-rec: [A=C,B=D,4>=A,A>=2]
     rec    : [0=1]
     inv    : [A>=2,4>=A,A=C,B=D]

CRS eval_lookup_NewDefault_in

  * Non Asymptotic Upper Bound: 0 

  * LOOPS eval_lookup_NewDefault_in -> eval_lookup_NewDefault_in

  * Ranking function: N/A

  * Invariants eval_lookup_NewDefault_in -> eval_lookup_NewDefault_in

     entry  : []
     non-rec: []
     rec    : [0=1]
     inv    : []

CRS eval_lookup_29

  * Non Asymptotic Upper Bound: 0 

  * LOOPS eval_lookup_29 -> eval_lookup_29

  * Ranking function: N/A

  * Invariants eval_lookup_29 -> eval_lookup_29

     entry  : []
     non-rec: []
     rec    : [0=1]
     inv    : []

CRS eval_lookup_30

  * Non Asymptotic Upper Bound: 0 

  * LOOPS eval_lookup_30 -> eval_lookup_30

  * Ranking function: N/A

  * Invariants eval_lookup_30 -> eval_lookup_30

     entry  : []
     non-rec: []
     rec    : [0=1]
     inv    : []

CRS eval_lookup_27

  * Non Asymptotic Upper Bound: 0 

  * LOOPS eval_lookup_27 -> eval_lookup_27

  * Ranking function: N/A

  * Invariants eval_lookup_27 -> eval_lookup_27

     entry  : []
     non-rec: []
     rec    : [0=1]
     inv    : []

CRS eval_lookup_28

  * Non Asymptotic Upper Bound: 0 

  * LOOPS eval_lookup_28 -> eval_lookup_28

  * Ranking function: N/A

  * Invariants eval_lookup_28 -> eval_lookup_28

     entry  : []
     non-rec: []
     rec    : [0=1]
     inv    : []

CRS eval_lookup_bb12_in

  * Non Asymptotic Upper Bound: 0 

  * LOOPS eval_lookup_bb12_in -> eval_lookup_bb12_in

  * Ranking function: N/A

  * Invariants eval_lookup_bb12_in -> eval_lookup_bb12_in

     entry  : []
     non-rec: []
     rec    : [0=1]
     inv    : []

CRS eval_lookup_bb4_in(A,B,C)

  * Non Asymptotic Upper Bound: 2*nat(A-C) 

  * LOOPS eval_lookup_bb4_in(D,E,F) -> eval_lookup_bb4_in(G,H,I)
     - [F+1=I,D=G,E=H,D>=F+1]
     - [F+1=I,D=G,E=H,D>=F+1]

  * Ranking function: nat(D-F)

  * Invariants eval_lookup_bb4_in(A,B,C) -> eval_lookup_bb4_in(D,E,F)

     entry  : [C=0]
     non-rec: [A=D,B=E,C=F,C=0]
     rec    : [B=E,A=D,C=0,A>=F,F>=1]
     inv    : [F>=0,A=D,B=E,C=0]

CRS eval_lookup_bb1_in(A,B,C)

  * Non Asymptotic Upper Bound: nat(A-C) 

  * LOOPS eval_lookup_bb1_in(D,E,F) -> eval_lookup_bb1_in(G,H,I)
     - [F+1=I,D=G,E=H,D>=F+1]

  * Ranking function: nat(D-F)

  * Invariants eval_lookup_bb1_in(A,B,C) -> eval_lookup_bb1_in(D,E,F)

     entry  : [C=0]
     non-rec: [A=D,B=E,C=F,C=0]
     rec    : [B=E,A=D,C=0,A>=F,F>=1]
     inv    : [F>=0,A=D,B=E,C=0]


