This is PUBS, version 0.2.
Copyright (C) 2007, 2008, 2009 UPM, UCM.
This program comes with ABSOLUTELY NO WARRANTY.
This is free software, and you are welcome to
redistribute it under certain conditions.



CRS $pubs_aux_entry$(A) -- THE MAIN ENTRY

  * Non Asymptotic Upper Bound: 1+nat(-A+24) 

  * LOOPS $pubs_aux_entry$(B) -> $pubs_aux_entry$(C)

  * Ranking function: N/A

  * Invariants $pubs_aux_entry$(A) -> $pubs_aux_entry$(B)

     entry  : []
     non-rec: [A=B]
     rec    : [0=1]
     inv    : [A=B]

CRS eval_make_random_ideakey_start(A)

  * Non Asymptotic Upper Bound: 1+nat(-A+24) 

  * LOOPS eval_make_random_ideakey_start(B) -> eval_make_random_ideakey_start(C)

  * Ranking function: N/A

  * Invariants eval_make_random_ideakey_start(A) -> eval_make_random_ideakey_start(B)

     entry  : []
     non-rec: [A=B]
     rec    : [0=1]
     inv    : [A=B]

CRS eval_make_random_ideakey_bb0_in(A)

  * Non Asymptotic Upper Bound: 1+nat(-A+24) 

  * LOOPS eval_make_random_ideakey_bb0_in(B) -> eval_make_random_ideakey_bb0_in(C)

  * Ranking function: N/A

  * Invariants eval_make_random_ideakey_bb0_in(A) -> eval_make_random_ideakey_bb0_in(B)

     entry  : []
     non-rec: [A=B]
     rec    : [0=1]
     inv    : [A=B]

CRS eval_make_random_ideakey_0(A)

  * Non Asymptotic Upper Bound: 1+nat(-A+24) 

  * LOOPS eval_make_random_ideakey_0(B) -> eval_make_random_ideakey_0(C)

  * Ranking function: N/A

  * Invariants eval_make_random_ideakey_0(A) -> eval_make_random_ideakey_0(B)

     entry  : []
     non-rec: [A=B]
     rec    : [0=1]
     inv    : [A=B]

CRS eval_make_random_ideakey_1(A)

  * Non Asymptotic Upper Bound: 1+nat(-A+24) 

  * LOOPS eval_make_random_ideakey_1(B) -> eval_make_random_ideakey_1(C)

  * Ranking function: N/A

  * Invariants eval_make_random_ideakey_1(A) -> eval_make_random_ideakey_1(B)

     entry  : []
     non-rec: [A=B]
     rec    : [0=1]
     inv    : [A=B]

CRS eval_make_random_ideakey_2(A)

  * Non Asymptotic Upper Bound: 1+nat(-A+24) 

  * LOOPS eval_make_random_ideakey_2(B) -> eval_make_random_ideakey_2(C)

  * Ranking function: N/A

  * Invariants eval_make_random_ideakey_2(A) -> eval_make_random_ideakey_2(B)

     entry  : []
     non-rec: [A=B]
     rec    : [0=1]
     inv    : [A=B]

CRS eval_make_random_ideakey_3(A)

  * Non Asymptotic Upper Bound: 1+nat(-A+24) 

  * LOOPS eval_make_random_ideakey_3(B) -> eval_make_random_ideakey_3(C)

  * Ranking function: N/A

  * Invariants eval_make_random_ideakey_3(A) -> eval_make_random_ideakey_3(B)

     entry  : []
     non-rec: [A=B]
     rec    : [0=1]
     inv    : [A=B]

CRS eval_make_random_ideakey_4(A)

  * Non Asymptotic Upper Bound: 1+nat(-A+24) 

  * LOOPS eval_make_random_ideakey_4(B) -> eval_make_random_ideakey_4(C)

  * Ranking function: N/A

  * Invariants eval_make_random_ideakey_4(A) -> eval_make_random_ideakey_4(B)

     entry  : []
     non-rec: [A=B]
     rec    : [0=1]
     inv    : [A=B]

CRS eval_make_random_ideakey_5(A)

  * Non Asymptotic Upper Bound: 1+nat(-A+24) 

  * LOOPS eval_make_random_ideakey_5(B) -> eval_make_random_ideakey_5(C)

  * Ranking function: N/A

  * Invariants eval_make_random_ideakey_5(A) -> eval_make_random_ideakey_5(B)

     entry  : []
     non-rec: [A=B]
     rec    : [0=1]
     inv    : [A=B]

CRS eval_make_random_ideakey_6(A)

  * Non Asymptotic Upper Bound: 1+nat(-A+24) 

  * LOOPS eval_make_random_ideakey_6(B) -> eval_make_random_ideakey_6(C)

  * Ranking function: N/A

  * Invariants eval_make_random_ideakey_6(A) -> eval_make_random_ideakey_6(B)

     entry  : []
     non-rec: [A=B]
     rec    : [0=1]
     inv    : [A=B]

CRS eval_make_random_ideakey_7(A)

  * Non Asymptotic Upper Bound: 1+nat(-A+24) 

  * LOOPS eval_make_random_ideakey_7(B) -> eval_make_random_ideakey_7(C)

  * Ranking function: N/A

  * Invariants eval_make_random_ideakey_7(A) -> eval_make_random_ideakey_7(B)

     entry  : []
     non-rec: [A=B]
     rec    : [0=1]
     inv    : [A=B]

CRS eval_make_random_ideakey_8(A)

  * Non Asymptotic Upper Bound: 1+nat(-A+24) 

  * LOOPS eval_make_random_ideakey_8(B) -> eval_make_random_ideakey_8(C)

  * Ranking function: N/A

  * Invariants eval_make_random_ideakey_8(A) -> eval_make_random_ideakey_8(B)

     entry  : []
     non-rec: [A=B]
     rec    : [0=1]
     inv    : [A=B]

CRS loop_cont_eval_make_random_ideakey_bb2_in(A,B)

  * Non Asymptotic Upper Bound: 0 

  * LOOPS loop_cont_eval_make_random_ideakey_bb2_in(C,D) -> loop_cont_eval_make_random_ideakey_bb2_in(E,F)

  * Ranking function: N/A

  * Invariants loop_cont_eval_make_random_ideakey_bb2_in(A,B) -> loop_cont_eval_make_random_ideakey_bb2_in(C,D)

     entry  : [A=2]
     non-rec: [A=C,B=D,A=2]
     rec    : [0=1]
     inv    : [A=2,C=2,B=D]

CRS eval_make_random_ideakey_18

  * Non Asymptotic Upper Bound: 0 

  * LOOPS eval_make_random_ideakey_18 -> eval_make_random_ideakey_18

  * Ranking function: N/A

  * Invariants eval_make_random_ideakey_18 -> eval_make_random_ideakey_18

     entry  : []
     non-rec: []
     rec    : [0=1]
     inv    : []

CRS eval_make_random_ideakey_19

  * Non Asymptotic Upper Bound: 0 

  * LOOPS eval_make_random_ideakey_19 -> eval_make_random_ideakey_19

  * Ranking function: N/A

  * Invariants eval_make_random_ideakey_19 -> eval_make_random_ideakey_19

     entry  : []
     non-rec: []
     rec    : [0=1]
     inv    : []

CRS eval_make_random_ideakey_20

  * Non Asymptotic Upper Bound: 0 

  * LOOPS eval_make_random_ideakey_20 -> eval_make_random_ideakey_20

  * Ranking function: N/A

  * Invariants eval_make_random_ideakey_20 -> eval_make_random_ideakey_20

     entry  : []
     non-rec: []
     rec    : [0=1]
     inv    : []

CRS eval_make_random_ideakey_24

  * Non Asymptotic Upper Bound: 0 

  * LOOPS eval_make_random_ideakey_24 -> eval_make_random_ideakey_24

  * Ranking function: N/A

  * Invariants eval_make_random_ideakey_24 -> eval_make_random_ideakey_24

     entry  : []
     non-rec: []
     rec    : [0=1]
     inv    : []

CRS eval_make_random_ideakey_25

  * Non Asymptotic Upper Bound: 0 

  * LOOPS eval_make_random_ideakey_25 -> eval_make_random_ideakey_25

  * Ranking function: N/A

  * Invariants eval_make_random_ideakey_25 -> eval_make_random_ideakey_25

     entry  : []
     non-rec: []
     rec    : [0=1]
     inv    : []

CRS eval_make_random_ideakey_26

  * Non Asymptotic Upper Bound: 0 

  * LOOPS eval_make_random_ideakey_26 -> eval_make_random_ideakey_26

  * Ranking function: N/A

  * Invariants eval_make_random_ideakey_26 -> eval_make_random_ideakey_26

     entry  : []
     non-rec: []
     rec    : [0=1]
     inv    : []

CRS eval_make_random_ideakey_27

  * Non Asymptotic Upper Bound: 0 

  * LOOPS eval_make_random_ideakey_27 -> eval_make_random_ideakey_27

  * Ranking function: N/A

  * Invariants eval_make_random_ideakey_27 -> eval_make_random_ideakey_27

     entry  : []
     non-rec: []
     rec    : [0=1]
     inv    : []

CRS eval_make_random_ideakey_28

  * Non Asymptotic Upper Bound: 0 

  * LOOPS eval_make_random_ideakey_28 -> eval_make_random_ideakey_28

  * Ranking function: N/A

  * Invariants eval_make_random_ideakey_28 -> eval_make_random_ideakey_28

     entry  : []
     non-rec: []
     rec    : [0=1]
     inv    : []

CRS eval_make_random_ideakey_bb2_in(A)

  * Non Asymptotic Upper Bound: nat(-A+24) 

  * LOOPS eval_make_random_ideakey_bb2_in(B) -> eval_make_random_ideakey_bb2_in(C)
     - [B+1=C,23>=B]

  * Ranking function: nat(-B+24)

  * Invariants eval_make_random_ideakey_bb2_in(A) -> eval_make_random_ideakey_bb2_in(B)

     entry  : []
     non-rec: [A=B]
     rec    : [24>=B,B>=A+1]
     inv    : [B>=A]


