This is PUBS, version 0.2.
Copyright (C) 2007, 2008, 2009 UPM, UCM.
This program comes with ABSOLUTELY NO WARRANTY.
This is free software, and you are welcome to
redistribute it under certain conditions.



CRS $pubs_aux_entry$(A) -- THE MAIN ENTRY

  * Non Asymptotic Upper Bound: 1+c(failed(schemes_failed,[scc=1,cr=eval__user_from_keyID_bb1_in/3])) 

  * LOOPS $pubs_aux_entry$(B) -> $pubs_aux_entry$(C)

  * Ranking function: N/A

  * Invariants $pubs_aux_entry$(A) -> $pubs_aux_entry$(B)

     entry  : []
     non-rec: [A=B]
     rec    : [0=1]
     inv    : [A=B]

CRS eval__user_from_keyID_start(A)

  * Non Asymptotic Upper Bound: 1+c(failed(schemes_failed,[scc=1,cr=eval__user_from_keyID_bb1_in/3])) 

  * LOOPS eval__user_from_keyID_start(B) -> eval__user_from_keyID_start(C)

  * Ranking function: N/A

  * Invariants eval__user_from_keyID_start(A) -> eval__user_from_keyID_start(B)

     entry  : []
     non-rec: [A=B]
     rec    : [0=1]
     inv    : [A=B]

CRS eval__user_from_keyID_bb0_in(A)

  * Non Asymptotic Upper Bound: 1+c(failed(schemes_failed,[scc=1,cr=eval__user_from_keyID_bb1_in/3])) 

  * LOOPS eval__user_from_keyID_bb0_in(B) -> eval__user_from_keyID_bb0_in(C)

  * Ranking function: N/A

  * Invariants eval__user_from_keyID_bb0_in(A) -> eval__user_from_keyID_bb0_in(B)

     entry  : []
     non-rec: [A=B]
     rec    : [0=1]
     inv    : [A=B]

CRS loop_cont_eval__user_from_keyID_bb1_in(A,B)

  * Non Asymptotic Upper Bound: 0 

  * LOOPS loop_cont_eval__user_from_keyID_bb1_in(C,D) -> loop_cont_eval__user_from_keyID_bb1_in(E,F)

  * Ranking function: N/A

  * Invariants loop_cont_eval__user_from_keyID_bb1_in(A,B) -> loop_cont_eval__user_from_keyID_bb1_in(C,D)

     entry  : []
     non-rec: [A=C,B=D]
     rec    : [0=1]
     inv    : [A=C,B=D]

CRS eval__user_from_keyID_bb1_in(A,B,C)

  * Non Asymptotic Upper Bound: c(failed(schemes_failed,[scc=1,cr=eval__user_from_keyID_bb1_in/3])) 

  * LOOPS eval__user_from_keyID_bb1_in(D,E,F) -> eval__user_from_keyID_bb1_in(G,H,I)
     - [F+1=I,H=0,E=0,D=G,D>=F+1]
     - [D>=F+1,E=0]
     - [D>=F+1,E=0]

  * Ranking function: c(failed(no_rf,[scc=1,cr=eval__user_from_keyID_bb1_in/3]))

  * Invariants eval__user_from_keyID_bb1_in(A,B,C) -> eval__user_from_keyID_bb1_in(D,E,F)

     entry  : [C=0,B=0]
     non-rec: [A=D,B=E,C=F,C=0,B=0]
     rec    : [A>=1,B=0,C=0]
     inv    : [C=0,B=0]

CRS eval__user_from_keyID_bb3_in(A,B,C,D)

  * Non Asymptotic Upper Bound: c(failed(schemes_failed,[scc=0,cr=eval__user_from_keyID_bb3_in/4])) 

  * LOOPS eval__user_from_keyID_bb3_in(E,F,G,H) -> eval__user_from_keyID_bb3_in(I,J,K,L)
     - [G=K,L=1,E=I,F=J]
     - [G=K,H=L,E=I,F=J]
     - [G=K,H=L,E=I,F=J]

  * Ranking function: c(failed(no_rf,[scc=0,cr=eval__user_from_keyID_bb3_in/4]))

  * Invariants eval__user_from_keyID_bb3_in(A,B,C,D) -> eval__user_from_keyID_bb3_in(E,F,G,H)

     entry  : [A>=C+1,D=0,B=0]
     non-rec: [A=E,B=F,C=G,D=H,A>=C+1,D=0,B=0]
     rec    : [1>=H,A>=C+1,H>=0,D=0,A=E,F=0,C=G,B=0]
     inv    : [A>=C+1,1>=H,H>=0,D=0,A=E,F=0,C=G,B=0]


