This is PUBS, version 0.2.
Copyright (C) 2007, 2008, 2009 UPM, UCM.
This program comes with ABSOLUTELY NO WARRANTY.
This is free software, and you are welcome to
redistribute it under certain conditions.



CRS $pubs_aux_entry$(A) -- THE MAIN ENTRY

  * Non Asymptotic Upper Bound: 1+c(failed(schemes_failed,[scc=5,cr=eval_maint_read_data_bb3_in/2])) 

  * LOOPS $pubs_aux_entry$(B) -> $pubs_aux_entry$(C)

  * Ranking function: N/A

  * Invariants $pubs_aux_entry$(A) -> $pubs_aux_entry$(B)

     entry  : []
     non-rec: [A=B]
     rec    : [0=1]
     inv    : [A=B]

CRS eval_maint_read_data_start(A)

  * Non Asymptotic Upper Bound: 1+c(failed(schemes_failed,[scc=5,cr=eval_maint_read_data_bb3_in/2])) 

  * LOOPS eval_maint_read_data_start(B) -> eval_maint_read_data_start(C)

  * Ranking function: N/A

  * Invariants eval_maint_read_data_start(A) -> eval_maint_read_data_start(B)

     entry  : []
     non-rec: [A=B]
     rec    : [0=1]
     inv    : [A=B]

CRS eval_maint_read_data_bb0_in(A)

  * Non Asymptotic Upper Bound: 1+c(failed(schemes_failed,[scc=5,cr=eval_maint_read_data_bb3_in/2])) 

  * LOOPS eval_maint_read_data_bb0_in(B) -> eval_maint_read_data_bb0_in(C)

  * Ranking function: N/A

  * Invariants eval_maint_read_data_bb0_in(A) -> eval_maint_read_data_bb0_in(B)

     entry  : []
     non-rec: [A=B]
     rec    : [0=1]
     inv    : [A=B]

CRS eval_maint_read_data_0(A)

  * Non Asymptotic Upper Bound: 1+c(failed(schemes_failed,[scc=5,cr=eval_maint_read_data_bb3_in/2])) 

  * LOOPS eval_maint_read_data_0(B) -> eval_maint_read_data_0(C)

  * Ranking function: N/A

  * Invariants eval_maint_read_data_0(A) -> eval_maint_read_data_0(B)

     entry  : []
     non-rec: [A=B]
     rec    : [0=1]
     inv    : [A=B]

CRS eval_maint_read_data_1(A)

  * Non Asymptotic Upper Bound: 1+c(failed(schemes_failed,[scc=5,cr=eval_maint_read_data_bb3_in/2])) 

  * LOOPS eval_maint_read_data_1(B) -> eval_maint_read_data_1(C)

  * Ranking function: N/A

  * Invariants eval_maint_read_data_1(A) -> eval_maint_read_data_1(B)

     entry  : []
     non-rec: [A=B]
     rec    : [0=1]
     inv    : [A=B]

CRS loop_cont_eval_maint_read_data_bb3_in(A,B,C)

  * Non Asymptotic Upper Bound: 0 

  * LOOPS loop_cont_eval_maint_read_data_bb3_in(D,E,F) -> loop_cont_eval_maint_read_data_bb3_in(G,H,I)

  * Ranking function: N/A

  * Invariants loop_cont_eval_maint_read_data_bb3_in(A,B,C) -> loop_cont_eval_maint_read_data_bb3_in(D,E,F)

     entry  : []
     non-rec: [A=D,B=E,C=F]
     rec    : [0=1]
     inv    : [A=D,B=E,C=F]

CRS eval_maint_read_data_9(A)

  * Non Asymptotic Upper Bound: 0 

  * LOOPS eval_maint_read_data_9(B) -> eval_maint_read_data_9(C)

  * Ranking function: N/A

  * Invariants eval_maint_read_data_9(A) -> eval_maint_read_data_9(B)

     entry  : []
     non-rec: [A=B]
     rec    : [0=1]
     inv    : [A=B]

CRS eval_maint_read_data_10

  * Non Asymptotic Upper Bound: 0 

  * LOOPS eval_maint_read_data_10 -> eval_maint_read_data_10

  * Ranking function: N/A

  * Invariants eval_maint_read_data_10 -> eval_maint_read_data_10

     entry  : []
     non-rec: []
     rec    : [0=1]
     inv    : []

CRS eval_maint_read_data_73(A)

  * Non Asymptotic Upper Bound: 0 

  * LOOPS eval_maint_read_data_73(B) -> eval_maint_read_data_73(C)

  * Ranking function: N/A

  * Invariants eval_maint_read_data_73(A) -> eval_maint_read_data_73(B)

     entry  : []
     non-rec: [A=B]
     rec    : [0=1]
     inv    : [A=B]

CRS eval_maint_read_data_74(A)

  * Non Asymptotic Upper Bound: 0 

  * LOOPS eval_maint_read_data_74(B) -> eval_maint_read_data_74(C)

  * Ranking function: N/A

  * Invariants eval_maint_read_data_74(A) -> eval_maint_read_data_74(B)

     entry  : []
     non-rec: [A=B]
     rec    : [0=1]
     inv    : [A=B]

CRS eval_maint_read_data_75(A)

  * Non Asymptotic Upper Bound: 0 

  * LOOPS eval_maint_read_data_75(B) -> eval_maint_read_data_75(C)

  * Ranking function: N/A

  * Invariants eval_maint_read_data_75(A) -> eval_maint_read_data_75(B)

     entry  : []
     non-rec: [A=B]
     rec    : [0=1]
     inv    : [A=B]

CRS eval_maint_read_data_76(A)

  * Non Asymptotic Upper Bound: 0 

  * LOOPS eval_maint_read_data_76(B) -> eval_maint_read_data_76(C)

  * Ranking function: N/A

  * Invariants eval_maint_read_data_76(A) -> eval_maint_read_data_76(B)

     entry  : []
     non-rec: [A=B]
     rec    : [0=1]
     inv    : [A=B]

CRS eval_maint_read_data_77

  * Non Asymptotic Upper Bound: 0 

  * LOOPS eval_maint_read_data_77 -> eval_maint_read_data_77

  * Ranking function: N/A

  * Invariants eval_maint_read_data_77 -> eval_maint_read_data_77

     entry  : []
     non-rec: []
     rec    : [0=1]
     inv    : []

CRS eval_maint_read_data_42(A)

  * Non Asymptotic Upper Bound: 0 

  * LOOPS eval_maint_read_data_42(B) -> eval_maint_read_data_42(C)

  * Ranking function: N/A

  * Invariants eval_maint_read_data_42(A) -> eval_maint_read_data_42(B)

     entry  : []
     non-rec: [A=B]
     rec    : [0=1]
     inv    : [A=B]

CRS eval_maint_read_data_43

  * Non Asymptotic Upper Bound: 0 

  * LOOPS eval_maint_read_data_43 -> eval_maint_read_data_43

  * Ranking function: N/A

  * Invariants eval_maint_read_data_43 -> eval_maint_read_data_43

     entry  : []
     non-rec: []
     rec    : [0=1]
     inv    : []

CRS eval_maint_read_data_14(A)

  * Non Asymptotic Upper Bound: 0 

  * LOOPS eval_maint_read_data_14(B) -> eval_maint_read_data_14(C)

  * Ranking function: N/A

  * Invariants eval_maint_read_data_14(A) -> eval_maint_read_data_14(B)

     entry  : []
     non-rec: [A=B]
     rec    : [0=1]
     inv    : [A=B]

CRS eval_maint_read_data_15(A)

  * Non Asymptotic Upper Bound: 0 

  * LOOPS eval_maint_read_data_15(B) -> eval_maint_read_data_15(C)

  * Ranking function: N/A

  * Invariants eval_maint_read_data_15(A) -> eval_maint_read_data_15(B)

     entry  : []
     non-rec: [A=B]
     rec    : [0=1]
     inv    : [A=B]

CRS eval_maint_read_data_16(A)

  * Non Asymptotic Upper Bound: 0 

  * LOOPS eval_maint_read_data_16(B) -> eval_maint_read_data_16(C)

  * Ranking function: N/A

  * Invariants eval_maint_read_data_16(A) -> eval_maint_read_data_16(B)

     entry  : []
     non-rec: [A=B]
     rec    : [0=1]
     inv    : [A=B]

CRS eval_maint_read_data_bb8_in(A)

  * Non Asymptotic Upper Bound: 0 

  * LOOPS eval_maint_read_data_bb8_in(B) -> eval_maint_read_data_bb8_in(C)

  * Ranking function: N/A

  * Invariants eval_maint_read_data_bb8_in(A) -> eval_maint_read_data_bb8_in(B)

     entry  : []
     non-rec: [A=B]
     rec    : [0=1]
     inv    : [A=B]

CRS eval_maint_read_data_17(A)

  * Non Asymptotic Upper Bound: 0 

  * LOOPS eval_maint_read_data_17(B) -> eval_maint_read_data_17(C)

  * Ranking function: N/A

  * Invariants eval_maint_read_data_17(A) -> eval_maint_read_data_17(B)

     entry  : []
     non-rec: [A=B]
     rec    : [0=1]
     inv    : [A=B]

CRS eval_maint_read_data_18

  * Non Asymptotic Upper Bound: 0 

  * LOOPS eval_maint_read_data_18 -> eval_maint_read_data_18

  * Ranking function: N/A

  * Invariants eval_maint_read_data_18 -> eval_maint_read_data_18

     entry  : []
     non-rec: []
     rec    : [0=1]
     inv    : []

CRS eval_maint_read_data_bb3_in(A,B)

  * Non Asymptotic Upper Bound: c(failed(schemes_failed,[scc=5,cr=eval_maint_read_data_bb3_in/2])) 

  * LOOPS eval_maint_read_data_bb3_in(C,D) -> eval_maint_read_data_bb3_in(E,F)
     - [C=E,D=F]
     - [C=E,D=F]
     - []
     - []
     - [C=E]
     - [C=E]
     - []
     - []
     - []
     - []
     - []
     - []
     - []
     - []
     - []
     - []
     - []
     - []
     - []
     - []
     - []
     - []
     - []
     - []
     - []
     - []
     - []
     - []
     - []
     - []
     - []
     - []
     - [D=F]

  * Ranking function: c(failed(no_rf,[scc=5,cr=eval_maint_read_data_bb3_in/2]))

  * Invariants eval_maint_read_data_bb3_in(A,B) -> eval_maint_read_data_bb3_in(C,D)

     entry  : [B=0]
     non-rec: [A=C,B=D,B=0]
     rec    : [B=0]
     inv    : [B=0]

CRS eval_maint_read_data_2(A)

  * Non Asymptotic Upper Bound: 0 

  * LOOPS eval_maint_read_data_2(B) -> eval_maint_read_data_2(C)

  * Ranking function: N/A

  * Invariants eval_maint_read_data_2(A) -> eval_maint_read_data_2(B)

     entry  : []
     non-rec: [A=B]
     rec    : [0=1]
     inv    : [A=B]

CRS eval_maint_read_data_3(A)

  * Non Asymptotic Upper Bound: 0 

  * LOOPS eval_maint_read_data_3(B) -> eval_maint_read_data_3(C)

  * Ranking function: N/A

  * Invariants eval_maint_read_data_3(A) -> eval_maint_read_data_3(B)

     entry  : []
     non-rec: [A=B]
     rec    : [0=1]
     inv    : [A=B]

CRS eval_maint_read_data_4

  * Non Asymptotic Upper Bound: 0 

  * LOOPS eval_maint_read_data_4 -> eval_maint_read_data_4

  * Ranking function: N/A

  * Invariants eval_maint_read_data_4 -> eval_maint_read_data_4

     entry  : []
     non-rec: []
     rec    : [0=1]
     inv    : []

CRS eval_maint_read_data_bb32_in

  * Non Asymptotic Upper Bound: 0 

  * LOOPS eval_maint_read_data_bb32_in -> eval_maint_read_data_bb32_in

  * Ranking function: N/A

  * Invariants eval_maint_read_data_bb32_in -> eval_maint_read_data_bb32_in

     entry  : []
     non-rec: []
     rec    : [0=1]
     inv    : []


