This is PUBS, version 0.2.
Copyright (C) 2007, 2008, 2009 UPM, UCM.
This program comes with ABSOLUTELY NO WARRANTY.
This is free software, and you are welcome to
redistribute it under certain conditions.



CRS $pubs_aux_entry$(A) -- THE MAIN ENTRY

  * Non Asymptotic Upper Bound: 2+c(failed(schemes_failed,[scc=0,cr=eval_strtol_bb1_in/1]))+c(failed(schemes_failed,[scc=1,cr=eval_strtol_bb13_in/0])) 

  * LOOPS $pubs_aux_entry$(B) -> $pubs_aux_entry$(C)

  * Ranking function: N/A

  * Invariants $pubs_aux_entry$(A) -> $pubs_aux_entry$(B)

     entry  : []
     non-rec: [A=B]
     rec    : [0=1]
     inv    : [A=B]

CRS eval_strtol_start(A)

  * Non Asymptotic Upper Bound: 2+c(failed(schemes_failed,[scc=0,cr=eval_strtol_bb1_in/1]))+c(failed(schemes_failed,[scc=1,cr=eval_strtol_bb13_in/0])) 

  * LOOPS eval_strtol_start(B) -> eval_strtol_start(C)

  * Ranking function: N/A

  * Invariants eval_strtol_start(A) -> eval_strtol_start(B)

     entry  : []
     non-rec: [A=B]
     rec    : [0=1]
     inv    : [A=B]

CRS eval_strtol_bb0_in(A)

  * Non Asymptotic Upper Bound: 2+c(failed(schemes_failed,[scc=0,cr=eval_strtol_bb1_in/1]))+c(failed(schemes_failed,[scc=1,cr=eval_strtol_bb13_in/0])) 

  * LOOPS eval_strtol_bb0_in(B) -> eval_strtol_bb0_in(C)

  * Ranking function: N/A

  * Invariants eval_strtol_bb0_in(A) -> eval_strtol_bb0_in(B)

     entry  : []
     non-rec: [A=B]
     rec    : [0=1]
     inv    : [A=B]

CRS eval_strtol_0(A)

  * Non Asymptotic Upper Bound: 2+c(failed(schemes_failed,[scc=0,cr=eval_strtol_bb1_in/1]))+c(failed(schemes_failed,[scc=1,cr=eval_strtol_bb13_in/0])) 

  * LOOPS eval_strtol_0(B) -> eval_strtol_0(C)

  * Ranking function: N/A

  * Invariants eval_strtol_0(A) -> eval_strtol_0(B)

     entry  : []
     non-rec: [A=B]
     rec    : [0=1]
     inv    : [A=B]

CRS eval_strtol_1(A)

  * Non Asymptotic Upper Bound: 2+c(failed(schemes_failed,[scc=0,cr=eval_strtol_bb1_in/1]))+c(failed(schemes_failed,[scc=1,cr=eval_strtol_bb13_in/0])) 

  * LOOPS eval_strtol_1(B) -> eval_strtol_1(C)

  * Ranking function: N/A

  * Invariants eval_strtol_1(A) -> eval_strtol_1(B)

     entry  : []
     non-rec: [A=B]
     rec    : [0=1]
     inv    : [A=B]

CRS loop_cont_eval_strtol_bb1_in(A,B,C)

  * Non Asymptotic Upper Bound: 1+c(failed(schemes_failed,[scc=1,cr=eval_strtol_bb13_in/0])) 

  * LOOPS loop_cont_eval_strtol_bb1_in(D,E,F) -> loop_cont_eval_strtol_bb1_in(G,H,I)

  * Ranking function: N/A

  * Invariants loop_cont_eval_strtol_bb1_in(A,B,C) -> loop_cont_eval_strtol_bb1_in(D,E,F)

     entry  : []
     non-rec: [A=D,B=E,C=F]
     rec    : [0=1]
     inv    : [A=D,B=E,C=F]

CRS eval_strtol_NewDefault_in(A)

  * Non Asymptotic Upper Bound: 1+c(failed(schemes_failed,[scc=1,cr=eval_strtol_bb13_in/0])) 

  * LOOPS eval_strtol_NewDefault_in(B) -> eval_strtol_NewDefault_in(C)

  * Ranking function: N/A

  * Invariants eval_strtol_NewDefault_in(A) -> eval_strtol_NewDefault_in(B)

     entry  : []
     non-rec: [A=B]
     rec    : [0=1]
     inv    : [A=B]

CRS eval_strtol_bb5_in(A)

  * Non Asymptotic Upper Bound: 1+c(failed(schemes_failed,[scc=1,cr=eval_strtol_bb13_in/0])) 

  * LOOPS eval_strtol_bb5_in(B) -> eval_strtol_bb5_in(C)

  * Ranking function: N/A

  * Invariants eval_strtol_bb5_in(A) -> eval_strtol_bb5_in(B)

     entry  : []
     non-rec: [A=B]
     rec    : [0=1]
     inv    : [A=B]

CRS eval_strtol_bb6_in(A)

  * Non Asymptotic Upper Bound: 1+c(failed(schemes_failed,[scc=1,cr=eval_strtol_bb13_in/0])) 

  * LOOPS eval_strtol_bb6_in(B) -> eval_strtol_bb6_in(C)

  * Ranking function: N/A

  * Invariants eval_strtol_bb6_in(A) -> eval_strtol_bb6_in(B)

     entry  : []
     non-rec: [A=B]
     rec    : [0=1]
     inv    : [A=B]

CRS eval_strtol_bb9_in

  * Non Asymptotic Upper Bound: 1+c(failed(schemes_failed,[scc=1,cr=eval_strtol_bb13_in/0])) 

  * LOOPS eval_strtol_bb9_in -> eval_strtol_bb9_in

  * Ranking function: N/A

  * Invariants eval_strtol_bb9_in -> eval_strtol_bb9_in

     entry  : []
     non-rec: []
     rec    : [0=1]
     inv    : []

CRS eval_strtol_NewDefault4_in(A)

  * Non Asymptotic Upper Bound: 1+c(failed(schemes_failed,[scc=1,cr=eval_strtol_bb13_in/0])) 

  * LOOPS eval_strtol_NewDefault4_in(B) -> eval_strtol_NewDefault4_in(C)

  * Ranking function: N/A

  * Invariants eval_strtol_NewDefault4_in(A) -> eval_strtol_NewDefault4_in(B)

     entry  : []
     non-rec: [A=B]
     rec    : [0=1]
     inv    : [A=B]

CRS eval_strtol_bb10_in(A)

  * Non Asymptotic Upper Bound: 1+c(failed(schemes_failed,[scc=1,cr=eval_strtol_bb13_in/0])) 

  * LOOPS eval_strtol_bb10_in(B) -> eval_strtol_bb10_in(C)

  * Ranking function: N/A

  * Invariants eval_strtol_bb10_in(A) -> eval_strtol_bb10_in(B)

     entry  : []
     non-rec: [A=B]
     rec    : [0=1]
     inv    : [A=B]

CRS eval_strtol_bb12_in(A)

  * Non Asymptotic Upper Bound: 1+c(failed(schemes_failed,[scc=1,cr=eval_strtol_bb13_in/0])) 

  * LOOPS eval_strtol_bb12_in(B) -> eval_strtol_bb12_in(C)

  * Ranking function: N/A

  * Invariants eval_strtol_bb12_in(A) -> eval_strtol_bb12_in(B)

     entry  : []
     non-rec: [A=B]
     rec    : [0=1]
     inv    : [A=B]

CRS eval_strtol_32

  * Non Asymptotic Upper Bound: 1+c(failed(schemes_failed,[scc=1,cr=eval_strtol_bb13_in/0])) 

  * LOOPS eval_strtol_32 -> eval_strtol_32

  * Ranking function: N/A

  * Invariants eval_strtol_32 -> eval_strtol_32

     entry  : []
     non-rec: []
     rec    : [0=1]
     inv    : []

CRS eval_strtol_33

  * Non Asymptotic Upper Bound: 1+c(failed(schemes_failed,[scc=1,cr=eval_strtol_bb13_in/0])) 

  * LOOPS eval_strtol_33 -> eval_strtol_33

  * Ranking function: N/A

  * Invariants eval_strtol_33 -> eval_strtol_33

     entry  : []
     non-rec: []
     rec    : [0=1]
     inv    : []

CRS eval_strtol_34

  * Non Asymptotic Upper Bound: 1+c(failed(schemes_failed,[scc=1,cr=eval_strtol_bb13_in/0])) 

  * LOOPS eval_strtol_34 -> eval_strtol_34

  * Ranking function: N/A

  * Invariants eval_strtol_34 -> eval_strtol_34

     entry  : []
     non-rec: []
     rec    : [0=1]
     inv    : []

CRS eval_strtol_35

  * Non Asymptotic Upper Bound: 1+c(failed(schemes_failed,[scc=1,cr=eval_strtol_bb13_in/0])) 

  * LOOPS eval_strtol_35 -> eval_strtol_35

  * Ranking function: N/A

  * Invariants eval_strtol_35 -> eval_strtol_35

     entry  : []
     non-rec: []
     rec    : [0=1]
     inv    : []

CRS eval_strtol_36

  * Non Asymptotic Upper Bound: 1+c(failed(schemes_failed,[scc=1,cr=eval_strtol_bb13_in/0])) 

  * LOOPS eval_strtol_36 -> eval_strtol_36

  * Ranking function: N/A

  * Invariants eval_strtol_36 -> eval_strtol_36

     entry  : []
     non-rec: []
     rec    : [0=1]
     inv    : []

CRS loop_cont_eval_strtol_bb13_in(A,B)

  * Non Asymptotic Upper Bound: 0 

  * LOOPS loop_cont_eval_strtol_bb13_in(C,D) -> loop_cont_eval_strtol_bb13_in(E,F)

  * Ranking function: N/A

  * Invariants loop_cont_eval_strtol_bb13_in(A,B) -> loop_cont_eval_strtol_bb13_in(C,D)

     entry  : []
     non-rec: [A=C,B=D]
     rec    : [0=1]
     inv    : [A=C,B=D]

CRS eval_strtol_bb22_in

  * Non Asymptotic Upper Bound: 0 

  * LOOPS eval_strtol_bb22_in -> eval_strtol_bb22_in

  * Ranking function: N/A

  * Invariants eval_strtol_bb22_in -> eval_strtol_bb22_in

     entry  : []
     non-rec: []
     rec    : [0=1]
     inv    : []

CRS eval_strtol_64

  * Non Asymptotic Upper Bound: 0 

  * LOOPS eval_strtol_64 -> eval_strtol_64

  * Ranking function: N/A

  * Invariants eval_strtol_64 -> eval_strtol_64

     entry  : []
     non-rec: []
     rec    : [0=1]
     inv    : []

CRS eval_strtol_65

  * Non Asymptotic Upper Bound: 0 

  * LOOPS eval_strtol_65 -> eval_strtol_65

  * Ranking function: N/A

  * Invariants eval_strtol_65 -> eval_strtol_65

     entry  : []
     non-rec: []
     rec    : [0=1]
     inv    : []

CRS eval_strtol_bb25_in

  * Non Asymptotic Upper Bound: 0 

  * LOOPS eval_strtol_bb25_in -> eval_strtol_bb25_in

  * Ranking function: N/A

  * Invariants eval_strtol_bb25_in -> eval_strtol_bb25_in

     entry  : []
     non-rec: []
     rec    : [0=1]
     inv    : []

CRS eval_strtol_bb27_in

  * Non Asymptotic Upper Bound: 0 

  * LOOPS eval_strtol_bb27_in -> eval_strtol_bb27_in

  * Ranking function: N/A

  * Invariants eval_strtol_bb27_in -> eval_strtol_bb27_in

     entry  : []
     non-rec: []
     rec    : [0=1]
     inv    : []

CRS eval_strtol_bb13_in

  * Non Asymptotic Upper Bound: c(failed(schemes_failed,[scc=1,cr=eval_strtol_bb13_in/0])) 

  * LOOPS eval_strtol_bb13_in -> eval_strtol_bb13_in
     - []

  * Ranking function: c(failed(no_rf,[scc=1,cr=eval_strtol_bb13_in/0]))

  * Invariants eval_strtol_bb13_in -> eval_strtol_bb13_in

     entry  : []
     non-rec: []
     rec    : []
     inv    : []

CRS eval_strtol_bb1_in(A)

  * Non Asymptotic Upper Bound: c(failed(schemes_failed,[scc=0,cr=eval_strtol_bb1_in/1])) 

  * LOOPS eval_strtol_bb1_in(B) -> eval_strtol_bb1_in(C)
     - [B=C]

  * Ranking function: c(failed(no_rf,[scc=0,cr=eval_strtol_bb1_in/1]))

  * Invariants eval_strtol_bb1_in(A) -> eval_strtol_bb1_in(B)

     entry  : []
     non-rec: [A=B]
     rec    : [A=B]
     inv    : [A=B]


