This is PUBS, version 0.2.
Copyright (C) 2007, 2008, 2009 UPM, UCM.
This program comes with ABSOLUTELY NO WARRANTY.
This is free software, and you are welcome to
redistribute it under certain conditions.



CRS $pubs_aux_entry$ -- THE MAIN ENTRY

  * Non Asymptotic Upper Bound: 1+c(failed(schemes_failed,[scc=5,cr=eval_main_bb3_in/0])) 

  * LOOPS $pubs_aux_entry$ -> $pubs_aux_entry$

  * Ranking function: N/A

  * Invariants $pubs_aux_entry$ -> $pubs_aux_entry$

     entry  : []
     non-rec: []
     rec    : [0=1]
     inv    : []

CRS eval_main_start

  * Non Asymptotic Upper Bound: 1+c(failed(schemes_failed,[scc=5,cr=eval_main_bb3_in/0])) 

  * LOOPS eval_main_start -> eval_main_start

  * Ranking function: N/A

  * Invariants eval_main_start -> eval_main_start

     entry  : []
     non-rec: []
     rec    : [0=1]
     inv    : []

CRS eval_main_bb0_in

  * Non Asymptotic Upper Bound: 1+c(failed(schemes_failed,[scc=5,cr=eval_main_bb3_in/0])) 

  * LOOPS eval_main_bb0_in -> eval_main_bb0_in

  * Ranking function: N/A

  * Invariants eval_main_bb0_in -> eval_main_bb0_in

     entry  : []
     non-rec: []
     rec    : [0=1]
     inv    : []

CRS eval_main_0

  * Non Asymptotic Upper Bound: 1+c(failed(schemes_failed,[scc=5,cr=eval_main_bb3_in/0])) 

  * LOOPS eval_main_0 -> eval_main_0

  * Ranking function: N/A

  * Invariants eval_main_0 -> eval_main_0

     entry  : []
     non-rec: []
     rec    : [0=1]
     inv    : []

CRS eval_main_1

  * Non Asymptotic Upper Bound: 1+c(failed(schemes_failed,[scc=5,cr=eval_main_bb3_in/0])) 

  * LOOPS eval_main_1 -> eval_main_1

  * Ranking function: N/A

  * Invariants eval_main_1 -> eval_main_1

     entry  : []
     non-rec: []
     rec    : [0=1]
     inv    : []

CRS eval_main_5

  * Non Asymptotic Upper Bound: 1+c(failed(schemes_failed,[scc=5,cr=eval_main_bb3_in/0])) 

  * LOOPS eval_main_5 -> eval_main_5

  * Ranking function: N/A

  * Invariants eval_main_5 -> eval_main_5

     entry  : []
     non-rec: []
     rec    : [0=1]
     inv    : []

CRS eval_main_6

  * Non Asymptotic Upper Bound: 1+c(failed(schemes_failed,[scc=5,cr=eval_main_bb3_in/0])) 

  * LOOPS eval_main_6 -> eval_main_6

  * Ranking function: N/A

  * Invariants eval_main_6 -> eval_main_6

     entry  : []
     non-rec: []
     rec    : [0=1]
     inv    : []

CRS eval_main_7

  * Non Asymptotic Upper Bound: 1+c(failed(schemes_failed,[scc=5,cr=eval_main_bb3_in/0])) 

  * LOOPS eval_main_7 -> eval_main_7

  * Ranking function: N/A

  * Invariants eval_main_7 -> eval_main_7

     entry  : []
     non-rec: []
     rec    : [0=1]
     inv    : []

CRS loop_cont_eval_main_bb3_in(A,B)

  * Non Asymptotic Upper Bound: 0 

  * LOOPS loop_cont_eval_main_bb3_in(C,D) -> loop_cont_eval_main_bb3_in(E,F)

  * Ranking function: N/A

  * Invariants loop_cont_eval_main_bb3_in(A,B) -> loop_cont_eval_main_bb3_in(C,D)

     entry  : []
     non-rec: [A=C,B=D]
     rec    : [0=1]
     inv    : [A=C,B=D]

CRS eval_main_11

  * Non Asymptotic Upper Bound: 0 

  * LOOPS eval_main_11 -> eval_main_11

  * Ranking function: N/A

  * Invariants eval_main_11 -> eval_main_11

     entry  : []
     non-rec: []
     rec    : [0=1]
     inv    : []

CRS eval_main_12

  * Non Asymptotic Upper Bound: 0 

  * LOOPS eval_main_12 -> eval_main_12

  * Ranking function: N/A

  * Invariants eval_main_12 -> eval_main_12

     entry  : []
     non-rec: []
     rec    : [0=1]
     inv    : []

CRS eval_main_13

  * Non Asymptotic Upper Bound: 0 

  * LOOPS eval_main_13 -> eval_main_13

  * Ranking function: N/A

  * Invariants eval_main_13 -> eval_main_13

     entry  : []
     non-rec: []
     rec    : [0=1]
     inv    : []

CRS eval_main_bb3_in

  * Non Asymptotic Upper Bound: c(failed(schemes_failed,[scc=5,cr=eval_main_bb3_in/0])) 

  * LOOPS eval_main_bb3_in -> eval_main_bb3_in
     - []
     - []
     - []
     - []
     - []
     - []

  * Ranking function: c(failed(no_rf,[scc=5,cr=eval_main_bb3_in/0]))

  * Invariants eval_main_bb3_in -> eval_main_bb3_in

     entry  : []
     non-rec: []
     rec    : []
     inv    : []

CRS eval_main_bb8_in(A,B,C)

  * Non Asymptotic Upper Bound: c(failed(schemes_failed,[scc=4,cr=eval_main_bb8_in/3])) 

  * LOOPS eval_main_bb8_in(D,E,F) -> eval_main_bb8_in(G,H,I)
     - [E=H,F+1=I,D=G]

  * Ranking function: c(failed(no_rf,[scc=4,cr=eval_main_bb8_in/3]))

  * Invariants eval_main_bb8_in(A,B,C) -> eval_main_bb8_in(D,E,F)

     entry  : [B>=0,2*B+1>=A,A>=2*B,C=0]
     non-rec: [A=D,B=E,C=F,B>=0,2*B+1>=A,A>=2*B,C=0]
     rec    : [B=E,A=D,C=0,B>=0,2*B+1>=A,A>=2*B,F>=1]
     inv    : [A>=2*B,F>=0,2*B+1>=A,B>=0,A=D,B=E,C=0]

CRS eval_main_2

  * Non Asymptotic Upper Bound: 0 

  * LOOPS eval_main_2 -> eval_main_2

  * Ranking function: N/A

  * Invariants eval_main_2 -> eval_main_2

     entry  : []
     non-rec: []
     rec    : [0=1]
     inv    : []

CRS eval_main_3

  * Non Asymptotic Upper Bound: 0 

  * LOOPS eval_main_3 -> eval_main_3

  * Ranking function: N/A

  * Invariants eval_main_3 -> eval_main_3

     entry  : []
     non-rec: []
     rec    : [0=1]
     inv    : []

CRS eval_main_4

  * Non Asymptotic Upper Bound: 0 

  * LOOPS eval_main_4 -> eval_main_4

  * Ranking function: N/A

  * Invariants eval_main_4 -> eval_main_4

     entry  : []
     non-rec: []
     rec    : [0=1]
     inv    : []


