This is PUBS, version 0.2.
Copyright (C) 2007, 2008, 2009 UPM, UCM.
This program comes with ABSOLUTELY NO WARRANTY.
This is free software, and you are welcome to
redistribute it under certain conditions.



CRS $pubs_aux_entry$(A,B) -- THE MAIN ENTRY

  * Non Asymptotic Upper Bound: 1+2*nat(A-1) 

  * LOOPS $pubs_aux_entry$(C,D) -> $pubs_aux_entry$(E,F)

  * Ranking function: N/A

  * Invariants $pubs_aux_entry$(A,B) -> $pubs_aux_entry$(C,D)

     entry  : []
     non-rec: [A=C,B=D]
     rec    : [0=1]
     inv    : [A=C,B=D]

CRS eval_main1_start(A,B)

  * Non Asymptotic Upper Bound: 1+2*nat(A-1) 

  * LOOPS eval_main1_start(C,D) -> eval_main1_start(E,F)

  * Ranking function: N/A

  * Invariants eval_main1_start(A,B) -> eval_main1_start(C,D)

     entry  : []
     non-rec: [A=C,B=D]
     rec    : [0=1]
     inv    : [A=C,B=D]

CRS eval_main1_bb0_in(A)

  * Non Asymptotic Upper Bound: 1+2*nat(A-1) 

  * LOOPS eval_main1_bb0_in(B) -> eval_main1_bb0_in(C)

  * Ranking function: N/A

  * Invariants eval_main1_bb0_in(A) -> eval_main1_bb0_in(B)

     entry  : []
     non-rec: [A=B]
     rec    : [0=1]
     inv    : [A=B]

CRS loop_cont_eval_main1_bb1_in(A,B)

  * Non Asymptotic Upper Bound: 0 

  * LOOPS loop_cont_eval_main1_bb1_in(C,D) -> loop_cont_eval_main1_bb1_in(E,F)

  * Ranking function: N/A

  * Invariants loop_cont_eval_main1_bb1_in(A,B) -> loop_cont_eval_main1_bb1_in(C,D)

     entry  : [A=2]
     non-rec: [A=C,B=D,A=2]
     rec    : [0=1]
     inv    : [A=2,C=2,B=D]

CRS eval_main1_bb1_in(A,B)

  * Non Asymptotic Upper Bound: 2*nat(B-1) 

  * LOOPS eval_main1_bb1_in(C,D) -> eval_main1_bb1_in(E,F)
     - [D=F+1,F>=1]
     - [D=F+1,F>=1]

  * Ranking function: nat(D-1)

  * Invariants eval_main1_bb1_in(A,B) -> eval_main1_bb1_in(C,D)

     entry  : [A=0]
     non-rec: [A=C,B=D,A=0]
     rec    : [A=0,D>=1,B>=D+1]
     inv    : [B>=D,A=0]


