This is PUBS, version 0.2.
Copyright (C) 2007, 2008, 2009 UPM, UCM.
This program comes with ABSOLUTELY NO WARRANTY.
This is free software, and you are welcome to
redistribute it under certain conditions.



CRS $pubs_aux_entry$(A) -- THE MAIN ENTRY

  * Non Asymptotic Upper Bound: 1+2*nat(A)+2*nat(A)*nat(A)+2*nat(A)*nat(A)*nat(A-1)+pow(nat(1*A),2)*nat(A)*nat(A-1) 

  * LOOPS $pubs_aux_entry$(B) -> $pubs_aux_entry$(C)

  * Ranking function: N/A

  * Invariants $pubs_aux_entry$(A) -> $pubs_aux_entry$(B)

     entry  : []
     non-rec: [A=B]
     rec    : [0=1]
     inv    : [A=B]

CRS eval_abc_start(A)

  * Non Asymptotic Upper Bound: 1+2*nat(A)+2*nat(A)*nat(A)+2*nat(A)*nat(A)*nat(A-1)+pow(nat(1*A),2)*nat(A)*nat(A-1) 

  * LOOPS eval_abc_start(B) -> eval_abc_start(C)

  * Ranking function: N/A

  * Invariants eval_abc_start(A) -> eval_abc_start(B)

     entry  : []
     non-rec: [A=B]
     rec    : [0=1]
     inv    : [A=B]

CRS eval_abc_bb0_in(A)

  * Non Asymptotic Upper Bound: 1+2*nat(A)+2*nat(A)*nat(A)+2*nat(A)*nat(A)*nat(A-1)+pow(nat(1*A),2)*nat(A)*nat(A-1) 

  * LOOPS eval_abc_bb0_in(B) -> eval_abc_bb0_in(C)

  * Ranking function: N/A

  * Invariants eval_abc_bb0_in(A) -> eval_abc_bb0_in(B)

     entry  : []
     non-rec: [A=B]
     rec    : [0=1]
     inv    : [A=B]

CRS eval_abc_0(A)

  * Non Asymptotic Upper Bound: 1+2*nat(A)+2*nat(A)*nat(A)+2*nat(A)*nat(A)*nat(A-1)+pow(nat(1*A),2)*nat(A)*nat(A-1) 

  * LOOPS eval_abc_0(B) -> eval_abc_0(C)

  * Ranking function: N/A

  * Invariants eval_abc_0(A) -> eval_abc_0(B)

     entry  : []
     non-rec: [A=B]
     rec    : [0=1]
     inv    : [A=B]

CRS eval_abc_1(A)

  * Non Asymptotic Upper Bound: 1+2*nat(A)+2*nat(A)*nat(A)+2*nat(A)*nat(A)*nat(A-1)+pow(nat(1*A),2)*nat(A)*nat(A-1) 

  * LOOPS eval_abc_1(B) -> eval_abc_1(C)

  * Ranking function: N/A

  * Invariants eval_abc_1(A) -> eval_abc_1(B)

     entry  : []
     non-rec: [A=B]
     rec    : [0=1]
     inv    : [A=B]

CRS eval_abc_2(A)

  * Non Asymptotic Upper Bound: 1+2*nat(A)+2*nat(A)*nat(A)+2*nat(A)*nat(A)*nat(A-1)+pow(nat(1*A),2)*nat(A)*nat(A-1) 

  * LOOPS eval_abc_2(B) -> eval_abc_2(C)

  * Ranking function: N/A

  * Invariants eval_abc_2(A) -> eval_abc_2(B)

     entry  : []
     non-rec: [A=B]
     rec    : [0=1]
     inv    : [A=B]

CRS eval_abc_3(A)

  * Non Asymptotic Upper Bound: 1+2*nat(A)+2*nat(A)*nat(A)+2*nat(A)*nat(A)*nat(A-1)+pow(nat(1*A),2)*nat(A)*nat(A-1) 

  * LOOPS eval_abc_3(B) -> eval_abc_3(C)

  * Ranking function: N/A

  * Invariants eval_abc_3(A) -> eval_abc_3(B)

     entry  : []
     non-rec: [A=B]
     rec    : [0=1]
     inv    : [A=B]

CRS eval_abc_4(A)

  * Non Asymptotic Upper Bound: 1+2*nat(A)+2*nat(A)*nat(A)+2*nat(A)*nat(A)*nat(A-1)+pow(nat(1*A),2)*nat(A)*nat(A-1) 

  * LOOPS eval_abc_4(B) -> eval_abc_4(C)

  * Ranking function: N/A

  * Invariants eval_abc_4(A) -> eval_abc_4(B)

     entry  : []
     non-rec: [A=B]
     rec    : [0=1]
     inv    : [A=B]

CRS eval_abc_5(A)

  * Non Asymptotic Upper Bound: 1+2*nat(A)+2*nat(A)*nat(A)+2*nat(A)*nat(A)*nat(A-1)+pow(nat(1*A),2)*nat(A)*nat(A-1) 

  * LOOPS eval_abc_5(B) -> eval_abc_5(C)

  * Ranking function: N/A

  * Invariants eval_abc_5(A) -> eval_abc_5(B)

     entry  : []
     non-rec: [A=B]
     rec    : [0=1]
     inv    : [A=B]

CRS eval_abc_6(A)

  * Non Asymptotic Upper Bound: 1+2*nat(A)+2*nat(A)*nat(A)+2*nat(A)*nat(A)*nat(A-1)+pow(nat(1*A),2)*nat(A)*nat(A-1) 

  * LOOPS eval_abc_6(B) -> eval_abc_6(C)

  * Ranking function: N/A

  * Invariants eval_abc_6(A) -> eval_abc_6(B)

     entry  : []
     non-rec: [A=B]
     rec    : [0=1]
     inv    : [A=B]

CRS loop_cont_eval_abc_bb1_in(A,B)

  * Non Asymptotic Upper Bound: 0 

  * LOOPS loop_cont_eval_abc_bb1_in(C,D) -> loop_cont_eval_abc_bb1_in(E,F)

  * Ranking function: N/A

  * Invariants loop_cont_eval_abc_bb1_in(A,B) -> loop_cont_eval_abc_bb1_in(C,D)

     entry  : [A=5]
     non-rec: [A=C,B=D,A=5]
     rec    : [0=1]
     inv    : [A=5,C=5,B=D]

CRS eval_abc_bb8_in

  * Non Asymptotic Upper Bound: 0 

  * LOOPS eval_abc_bb8_in -> eval_abc_bb8_in

  * Ranking function: N/A

  * Invariants eval_abc_bb8_in -> eval_abc_bb8_in

     entry  : []
     non-rec: []
     rec    : [0=1]
     inv    : []

CRS eval_abc_bb1_in(A,B)

  * Non Asymptotic Upper Bound: 2*nat(A-B+1)+2*nat(A)*nat(A-B+1)+2*nat(A)*nat(A-B+1)*nat(A-B)+pow(nat(A),2)*nat(A-B+1)*nat(A-B) 

  * LOOPS eval_abc_bb1_in(C,D) -> eval_abc_bb1_in(E,F)
     - [C+1>=F,D+1=F,C=E]

  * Ranking function: nat(C-D+1)

  * Invariants eval_abc_bb1_in(A,B) -> eval_abc_bb1_in(C,D)

     entry  : [B=1]
     non-rec: [A=C,B=D,B=1]
     rec    : [A=C,B=1,A+1>=D,D>=2]
     inv    : [D>=1,A=C,B=1]

CRS eval_abc_bb2_in(A,B,C)

  * Non Asymptotic Upper Bound: 2*nat(B-C+1)+2*nat(B-C+1)*nat(A-B)+nat(A)*nat(B-C+1)*nat(A-B) 

  * LOOPS eval_abc_bb2_in(D,E,F) -> eval_abc_bb2_in(G,H,I)
     - [E+1>=I,F+1=I,E=H,D=G]

  * Ranking function: nat(E-F+1)

  * Invariants eval_abc_bb2_in(A,B,C) -> eval_abc_bb2_in(D,E,F)

     entry  : [A>=B,B>=1,C=1]
     non-rec: [A=D,B=E,C=F,A>=B,B>=1,C=1]
     rec    : [B=E,A=D,C=1,A>=B,B+1>=F,F>=2]
     inv    : [B+1>=F,B>=1,F>=1,A>=B,A=D,B=E,C=1]

CRS eval_abc_bb3_in(A,B,C,D)

  * Non Asymptotic Upper Bound: 2*nat(A-D)+nat(A)*nat(A-D) 

  * LOOPS eval_abc_bb3_in(E,F,G,H) -> eval_abc_bb3_in(I,J,K,L)
     - [E>=L,E=I,G=K,F=J,H+1=L]

  * Ranking function: nat(E-H)

  * Invariants eval_abc_bb3_in(A,B,C,D) -> eval_abc_bb3_in(E,F,G,H)

     entry  : [A>=D,D>=C,C>=1,B=D]
     non-rec: [A=E,B=F,C=G,D=H,A>=D,D>=C,C>=1,B=D]
     rec    : [C=G,B=F,A=E,B=D,A>=H,C>=1,B>=C,H>=B+1]
     inv    : [H>=B,A>=H,C>=1,B>=C,A=E,B=F,C=G,B=D]

CRS eval_abc_bb4_in(A,B,C,D,E,F)

  * Non Asymptotic Upper Bound: nat(E-F+1) 

  * LOOPS eval_abc_bb4_in(G,H,I,J,K,L) -> eval_abc_bb4_in(M,N,O,P,Q,R)
     - [L+1=R,G=M,H=N,I=O,J=P,K=Q,K+1>=R]

  * Ranking function: nat(K-L+1)

  * Invariants eval_abc_bb4_in(A,B,C,D,E,F) -> eval_abc_bb4_in(G,H,I,J,K,L)

     entry  : [A>=D+1,D>=B,B>=C,C>=1,F=1,D+1=E]
     non-rec: [A=G,B=H,C=I,D=J,E=K,F=L,A>=D+1,D>=B,B>=C,C>=1,F=1,D+1=E]
     rec    : [D+1=K,D=J,C=I,B=H,A=G,F=1,D+1=E,A>=D+1,D+2>=L,D>=B,B>=C,C>=1,L>=2]
     inv    : [D+2>=L,L>=1,C>=1,D>=B,B>=C,A>=D+1,F=1,A=G,B=H,C=I,D=J,D+1=K,D+1=E]


