This is PUBS, version 0.2.
Copyright (C) 2007, 2008, 2009 UPM, UCM.
This program comes with ABSOLUTELY NO WARRANTY.
This is free software, and you are welcome to
redistribute it under certain conditions.



CRS $pubs_aux_entry$(A) -- THE MAIN ENTRY

  * Non Asymptotic Upper Bound: 1+c(failed(schemes_failed,[scc=1,cr=eval_rank1_bb1_in/3])) 

  * LOOPS $pubs_aux_entry$(B) -> $pubs_aux_entry$(C)

  * Ranking function: N/A

  * Invariants $pubs_aux_entry$(A) -> $pubs_aux_entry$(B)

     entry  : []
     non-rec: [A=B]
     rec    : [0=1]
     inv    : [A=B]

CRS eval_rank1_start(A)

  * Non Asymptotic Upper Bound: 1+c(failed(schemes_failed,[scc=1,cr=eval_rank1_bb1_in/3])) 

  * LOOPS eval_rank1_start(B) -> eval_rank1_start(C)

  * Ranking function: N/A

  * Invariants eval_rank1_start(A) -> eval_rank1_start(B)

     entry  : []
     non-rec: [A=B]
     rec    : [0=1]
     inv    : [A=B]

CRS eval_rank1_bb0_in(A)

  * Non Asymptotic Upper Bound: 1+c(failed(schemes_failed,[scc=1,cr=eval_rank1_bb1_in/3])) 

  * LOOPS eval_rank1_bb0_in(B) -> eval_rank1_bb0_in(C)

  * Ranking function: N/A

  * Invariants eval_rank1_bb0_in(A) -> eval_rank1_bb0_in(B)

     entry  : []
     non-rec: [A=B]
     rec    : [0=1]
     inv    : [A=B]

CRS eval_rank1_0(A)

  * Non Asymptotic Upper Bound: 1+c(failed(schemes_failed,[scc=1,cr=eval_rank1_bb1_in/3])) 

  * LOOPS eval_rank1_0(B) -> eval_rank1_0(C)

  * Ranking function: N/A

  * Invariants eval_rank1_0(A) -> eval_rank1_0(B)

     entry  : []
     non-rec: [A=B]
     rec    : [0=1]
     inv    : [A=B]

CRS eval_rank1_1(A)

  * Non Asymptotic Upper Bound: 1+c(failed(schemes_failed,[scc=1,cr=eval_rank1_bb1_in/3])) 

  * LOOPS eval_rank1_1(B) -> eval_rank1_1(C)

  * Ranking function: N/A

  * Invariants eval_rank1_1(A) -> eval_rank1_1(B)

     entry  : []
     non-rec: [A=B]
     rec    : [0=1]
     inv    : [A=B]

CRS eval_rank1_2(A)

  * Non Asymptotic Upper Bound: 1+c(failed(schemes_failed,[scc=1,cr=eval_rank1_bb1_in/3])) 

  * LOOPS eval_rank1_2(B) -> eval_rank1_2(C)

  * Ranking function: N/A

  * Invariants eval_rank1_2(A) -> eval_rank1_2(B)

     entry  : []
     non-rec: [A=B]
     rec    : [0=1]
     inv    : [A=B]

CRS eval_rank1_3(A)

  * Non Asymptotic Upper Bound: 1+c(failed(schemes_failed,[scc=1,cr=eval_rank1_bb1_in/3])) 

  * LOOPS eval_rank1_3(B) -> eval_rank1_3(C)

  * Ranking function: N/A

  * Invariants eval_rank1_3(A) -> eval_rank1_3(B)

     entry  : []
     non-rec: [A=B]
     rec    : [0=1]
     inv    : [A=B]

CRS eval_rank1_4(A)

  * Non Asymptotic Upper Bound: 1+c(failed(schemes_failed,[scc=1,cr=eval_rank1_bb1_in/3])) 

  * LOOPS eval_rank1_4(B) -> eval_rank1_4(C)

  * Ranking function: N/A

  * Invariants eval_rank1_4(A) -> eval_rank1_4(B)

     entry  : []
     non-rec: [A=B]
     rec    : [0=1]
     inv    : [A=B]

CRS eval_rank1_5(A)

  * Non Asymptotic Upper Bound: 1+c(failed(schemes_failed,[scc=1,cr=eval_rank1_bb1_in/3])) 

  * LOOPS eval_rank1_5(B) -> eval_rank1_5(C)

  * Ranking function: N/A

  * Invariants eval_rank1_5(A) -> eval_rank1_5(B)

     entry  : []
     non-rec: [A=B]
     rec    : [0=1]
     inv    : [A=B]

CRS loop_cont_eval_rank1_bb1_in(A,B)

  * Non Asymptotic Upper Bound: 0 

  * LOOPS loop_cont_eval_rank1_bb1_in(C,D) -> loop_cont_eval_rank1_bb1_in(E,F)

  * Ranking function: N/A

  * Invariants loop_cont_eval_rank1_bb1_in(A,B) -> loop_cont_eval_rank1_bb1_in(C,D)

     entry  : [A=3]
     non-rec: [A=C,B=D,A=3]
     rec    : [0=1]
     inv    : [A=3,C=3,B=D]

CRS eval_rank1_bb7_in

  * Non Asymptotic Upper Bound: 0 

  * LOOPS eval_rank1_bb7_in -> eval_rank1_bb7_in

  * Ranking function: N/A

  * Invariants eval_rank1_bb7_in -> eval_rank1_bb7_in

     entry  : []
     non-rec: []
     rec    : [0=1]
     inv    : []

CRS eval_rank1_bb1_in(A,B,C)

  * Non Asymptotic Upper Bound: c(failed(schemes_failed,[scc=1,cr=eval_rank1_bb1_in/3])) 

  * LOOPS eval_rank1_bb1_in(D,E,F) -> eval_rank1_bb1_in(G,H,I)
     - [I+1>=F,F>=0,H+1>=0,D=G,E=H+1]
     - [I+1>=F,F>=0,H+1>=0,D=G,E=H+1]
     - [D=G,F=I+1,E=H,H>=0,F>=0]

  * Ranking function: c(failed(no_rf,[scc=1,cr=eval_rank1_bb1_in/3]))

  * Invariants eval_rank1_bb1_in(A,B,C) -> eval_rank1_bb1_in(D,E,F)

     entry  : [C=0,A=B]
     non-rec: [A=D,B=E,C=F,C=0,A=B]
     rec    : [A=D,C=0,A=B,F+1>=0,E+1>=0,A>=0,A>=E]
     inv    : [A>=E,F+1>=0,A=D,C=0,A=B]

CRS eval_rank1_bb3_in(A,B,C,D,E)

  * Non Asymptotic Upper Bound: nat(A-E+1) 

  * LOOPS eval_rank1_bb3_in(F,G,H,I,J) -> eval_rank1_bb3_in(K,L,M,N,O)
     - [J+1=O,F=K,G=L,H=M,I=N,F+1>=O]

  * Ranking function: nat(F-J+1)

  * Invariants eval_rank1_bb3_in(A,B,C,D,E) -> eval_rank1_bb3_in(F,G,H,I,J)

     entry  : [D>=1,E>=0,A>=B,B>=0,C=E]
     non-rec: [A=F,B=G,C=H,D=I,E=J,D>=1,E>=0,A>=B,B>=0,C=E]
     rec    : [D=I,C=H,B=G,A=F,C=E,A+1>=J,C>=0,D>=1,A>=B,B>=0,J>=C+1]
     inv    : [A+C+1>=J,B>=0,C>=0,J>=C,A>=B,D>=1,A=F,B=G,C=H,D=I,C=E]


