This is PUBS, version 0.2.
Copyright (C) 2007, 2008, 2009 UPM, UCM.
This program comes with ABSOLUTELY NO WARRANTY.
This is free software, and you are welcome to
redistribute it under certain conditions.



CRS $pubs_aux_entry$(A) -- THE MAIN ENTRY

  * Non Asymptotic Upper Bound: 2+c(failed(schemes_failed,[scc=4,cr=eval_sipmamergesort_init_bb1_in/3]))+nat(c(maximize_failed)) 

  * LOOPS $pubs_aux_entry$(B) -> $pubs_aux_entry$(C)

  * Ranking function: N/A

  * Invariants $pubs_aux_entry$(A) -> $pubs_aux_entry$(B)

     entry  : []
     non-rec: [A=B]
     rec    : [0=1]
     inv    : [A=B]

CRS eval_sipmamergesort_init_start(A)

  * Non Asymptotic Upper Bound: 2+c(failed(schemes_failed,[scc=4,cr=eval_sipmamergesort_init_bb1_in/3]))+nat(c(maximize_failed)) 

  * LOOPS eval_sipmamergesort_init_start(B) -> eval_sipmamergesort_init_start(C)

  * Ranking function: N/A

  * Invariants eval_sipmamergesort_init_start(A) -> eval_sipmamergesort_init_start(B)

     entry  : []
     non-rec: [A=B]
     rec    : [0=1]
     inv    : [A=B]

CRS eval_sipmamergesort_init_bb0_in(A)

  * Non Asymptotic Upper Bound: 2+c(failed(schemes_failed,[scc=4,cr=eval_sipmamergesort_init_bb1_in/3]))+nat(c(maximize_failed)) 

  * LOOPS eval_sipmamergesort_init_bb0_in(B) -> eval_sipmamergesort_init_bb0_in(C)

  * Ranking function: N/A

  * Invariants eval_sipmamergesort_init_bb0_in(A) -> eval_sipmamergesort_init_bb0_in(B)

     entry  : []
     non-rec: [A=B]
     rec    : [0=1]
     inv    : [A=B]

CRS eval_sipmamergesort_init_0(A)

  * Non Asymptotic Upper Bound: 2+c(failed(schemes_failed,[scc=4,cr=eval_sipmamergesort_init_bb1_in/3]))+nat(c(maximize_failed)) 

  * LOOPS eval_sipmamergesort_init_0(B) -> eval_sipmamergesort_init_0(C)

  * Ranking function: N/A

  * Invariants eval_sipmamergesort_init_0(A) -> eval_sipmamergesort_init_0(B)

     entry  : []
     non-rec: [A=B]
     rec    : [0=1]
     inv    : [A=B]

CRS eval_sipmamergesort_init_1(A)

  * Non Asymptotic Upper Bound: 2+c(failed(schemes_failed,[scc=4,cr=eval_sipmamergesort_init_bb1_in/3]))+nat(c(maximize_failed)) 

  * LOOPS eval_sipmamergesort_init_1(B) -> eval_sipmamergesort_init_1(C)

  * Ranking function: N/A

  * Invariants eval_sipmamergesort_init_1(A) -> eval_sipmamergesort_init_1(B)

     entry  : []
     non-rec: [A=B]
     rec    : [0=1]
     inv    : [A=B]

CRS eval_sipmamergesort_init_2(A)

  * Non Asymptotic Upper Bound: 2+c(failed(schemes_failed,[scc=4,cr=eval_sipmamergesort_init_bb1_in/3]))+nat(c(maximize_failed)) 

  * LOOPS eval_sipmamergesort_init_2(B) -> eval_sipmamergesort_init_2(C)

  * Ranking function: N/A

  * Invariants eval_sipmamergesort_init_2(A) -> eval_sipmamergesort_init_2(B)

     entry  : []
     non-rec: [A=B]
     rec    : [0=1]
     inv    : [A=B]

CRS eval_sipmamergesort_init_3(A)

  * Non Asymptotic Upper Bound: 2+c(failed(schemes_failed,[scc=4,cr=eval_sipmamergesort_init_bb1_in/3]))+nat(c(maximize_failed)) 

  * LOOPS eval_sipmamergesort_init_3(B) -> eval_sipmamergesort_init_3(C)

  * Ranking function: N/A

  * Invariants eval_sipmamergesort_init_3(A) -> eval_sipmamergesort_init_3(B)

     entry  : []
     non-rec: [A=B]
     rec    : [0=1]
     inv    : [A=B]

CRS eval_sipmamergesort_init_4(A)

  * Non Asymptotic Upper Bound: 2+c(failed(schemes_failed,[scc=4,cr=eval_sipmamergesort_init_bb1_in/3]))+nat(c(maximize_failed)) 

  * LOOPS eval_sipmamergesort_init_4(B) -> eval_sipmamergesort_init_4(C)

  * Ranking function: N/A

  * Invariants eval_sipmamergesort_init_4(A) -> eval_sipmamergesort_init_4(B)

     entry  : []
     non-rec: [A=B]
     rec    : [0=1]
     inv    : [A=B]

CRS eval_sipmamergesort_init_5(A)

  * Non Asymptotic Upper Bound: 2+c(failed(schemes_failed,[scc=4,cr=eval_sipmamergesort_init_bb1_in/3]))+nat(c(maximize_failed)) 

  * LOOPS eval_sipmamergesort_init_5(B) -> eval_sipmamergesort_init_5(C)

  * Ranking function: N/A

  * Invariants eval_sipmamergesort_init_5(A) -> eval_sipmamergesort_init_5(B)

     entry  : []
     non-rec: [A=B]
     rec    : [0=1]
     inv    : [A=B]

CRS eval_sipmamergesort_init_6(A)

  * Non Asymptotic Upper Bound: 2+c(failed(schemes_failed,[scc=4,cr=eval_sipmamergesort_init_bb1_in/3]))+nat(c(maximize_failed)) 

  * LOOPS eval_sipmamergesort_init_6(B) -> eval_sipmamergesort_init_6(C)

  * Ranking function: N/A

  * Invariants eval_sipmamergesort_init_6(A) -> eval_sipmamergesort_init_6(B)

     entry  : []
     non-rec: [A=B]
     rec    : [0=1]
     inv    : [A=B]

CRS eval_sipmamergesort_init_7(A)

  * Non Asymptotic Upper Bound: 2+c(failed(schemes_failed,[scc=4,cr=eval_sipmamergesort_init_bb1_in/3]))+nat(c(maximize_failed)) 

  * LOOPS eval_sipmamergesort_init_7(B) -> eval_sipmamergesort_init_7(C)

  * Ranking function: N/A

  * Invariants eval_sipmamergesort_init_7(A) -> eval_sipmamergesort_init_7(B)

     entry  : []
     non-rec: [A=B]
     rec    : [0=1]
     inv    : [A=B]

CRS eval_sipmamergesort_init_8(A)

  * Non Asymptotic Upper Bound: 2+c(failed(schemes_failed,[scc=4,cr=eval_sipmamergesort_init_bb1_in/3]))+nat(c(maximize_failed)) 

  * LOOPS eval_sipmamergesort_init_8(B) -> eval_sipmamergesort_init_8(C)

  * Ranking function: N/A

  * Invariants eval_sipmamergesort_init_8(A) -> eval_sipmamergesort_init_8(B)

     entry  : []
     non-rec: [A=B]
     rec    : [0=1]
     inv    : [A=B]

CRS eval_sipmamergesort_init_9(A)

  * Non Asymptotic Upper Bound: 2+c(failed(schemes_failed,[scc=4,cr=eval_sipmamergesort_init_bb1_in/3]))+nat(c(maximize_failed)) 

  * LOOPS eval_sipmamergesort_init_9(B) -> eval_sipmamergesort_init_9(C)

  * Ranking function: N/A

  * Invariants eval_sipmamergesort_init_9(A) -> eval_sipmamergesort_init_9(B)

     entry  : []
     non-rec: [A=B]
     rec    : [0=1]
     inv    : [A=B]

CRS eval_sipmamergesort_init_10(A)

  * Non Asymptotic Upper Bound: 2+c(failed(schemes_failed,[scc=4,cr=eval_sipmamergesort_init_bb1_in/3]))+nat(c(maximize_failed)) 

  * LOOPS eval_sipmamergesort_init_10(B) -> eval_sipmamergesort_init_10(C)

  * Ranking function: N/A

  * Invariants eval_sipmamergesort_init_10(A) -> eval_sipmamergesort_init_10(B)

     entry  : []
     non-rec: [A=B]
     rec    : [0=1]
     inv    : [A=B]

CRS eval_sipmamergesort_init_11(A)

  * Non Asymptotic Upper Bound: 2+c(failed(schemes_failed,[scc=4,cr=eval_sipmamergesort_init_bb1_in/3]))+nat(c(maximize_failed)) 

  * LOOPS eval_sipmamergesort_init_11(B) -> eval_sipmamergesort_init_11(C)

  * Ranking function: N/A

  * Invariants eval_sipmamergesort_init_11(A) -> eval_sipmamergesort_init_11(B)

     entry  : []
     non-rec: [A=B]
     rec    : [0=1]
     inv    : [A=B]

CRS eval_sipmamergesort_init_12(A)

  * Non Asymptotic Upper Bound: 2+c(failed(schemes_failed,[scc=4,cr=eval_sipmamergesort_init_bb1_in/3]))+nat(c(maximize_failed)) 

  * LOOPS eval_sipmamergesort_init_12(B) -> eval_sipmamergesort_init_12(C)

  * Ranking function: N/A

  * Invariants eval_sipmamergesort_init_12(A) -> eval_sipmamergesort_init_12(B)

     entry  : []
     non-rec: [A=B]
     rec    : [0=1]
     inv    : [A=B]

CRS eval_sipmamergesort_init_13(A)

  * Non Asymptotic Upper Bound: 2+c(failed(schemes_failed,[scc=4,cr=eval_sipmamergesort_init_bb1_in/3]))+nat(c(maximize_failed)) 

  * LOOPS eval_sipmamergesort_init_13(B) -> eval_sipmamergesort_init_13(C)

  * Ranking function: N/A

  * Invariants eval_sipmamergesort_init_13(A) -> eval_sipmamergesort_init_13(B)

     entry  : []
     non-rec: [A=B]
     rec    : [0=1]
     inv    : [A=B]

CRS eval_sipmamergesort_init_14(A)

  * Non Asymptotic Upper Bound: 2+c(failed(schemes_failed,[scc=4,cr=eval_sipmamergesort_init_bb1_in/3]))+nat(c(maximize_failed)) 

  * LOOPS eval_sipmamergesort_init_14(B) -> eval_sipmamergesort_init_14(C)

  * Ranking function: N/A

  * Invariants eval_sipmamergesort_init_14(A) -> eval_sipmamergesort_init_14(B)

     entry  : []
     non-rec: [A=B]
     rec    : [0=1]
     inv    : [A=B]

CRS eval_sipmamergesort_init_15(A)

  * Non Asymptotic Upper Bound: 2+c(failed(schemes_failed,[scc=4,cr=eval_sipmamergesort_init_bb1_in/3]))+nat(c(maximize_failed)) 

  * LOOPS eval_sipmamergesort_init_15(B) -> eval_sipmamergesort_init_15(C)

  * Ranking function: N/A

  * Invariants eval_sipmamergesort_init_15(A) -> eval_sipmamergesort_init_15(B)

     entry  : []
     non-rec: [A=B]
     rec    : [0=1]
     inv    : [A=B]

CRS eval_sipmamergesort_init_16(A)

  * Non Asymptotic Upper Bound: 2+c(failed(schemes_failed,[scc=4,cr=eval_sipmamergesort_init_bb1_in/3]))+nat(c(maximize_failed)) 

  * LOOPS eval_sipmamergesort_init_16(B) -> eval_sipmamergesort_init_16(C)

  * Ranking function: N/A

  * Invariants eval_sipmamergesort_init_16(A) -> eval_sipmamergesort_init_16(B)

     entry  : []
     non-rec: [A=B]
     rec    : [0=1]
     inv    : [A=B]

CRS eval_sipmamergesort_init_17(A)

  * Non Asymptotic Upper Bound: 2+c(failed(schemes_failed,[scc=4,cr=eval_sipmamergesort_init_bb1_in/3]))+nat(c(maximize_failed)) 

  * LOOPS eval_sipmamergesort_init_17(B) -> eval_sipmamergesort_init_17(C)

  * Ranking function: N/A

  * Invariants eval_sipmamergesort_init_17(A) -> eval_sipmamergesort_init_17(B)

     entry  : []
     non-rec: [A=B]
     rec    : [0=1]
     inv    : [A=B]

CRS eval_sipmamergesort_init_18(A)

  * Non Asymptotic Upper Bound: 2+c(failed(schemes_failed,[scc=4,cr=eval_sipmamergesort_init_bb1_in/3]))+nat(c(maximize_failed)) 

  * LOOPS eval_sipmamergesort_init_18(B) -> eval_sipmamergesort_init_18(C)

  * Ranking function: N/A

  * Invariants eval_sipmamergesort_init_18(A) -> eval_sipmamergesort_init_18(B)

     entry  : []
     non-rec: [A=B]
     rec    : [0=1]
     inv    : [A=B]

CRS eval_sipmamergesort_init_19(A)

  * Non Asymptotic Upper Bound: 2+c(failed(schemes_failed,[scc=4,cr=eval_sipmamergesort_init_bb1_in/3]))+nat(c(maximize_failed)) 

  * LOOPS eval_sipmamergesort_init_19(B) -> eval_sipmamergesort_init_19(C)

  * Ranking function: N/A

  * Invariants eval_sipmamergesort_init_19(A) -> eval_sipmamergesort_init_19(B)

     entry  : []
     non-rec: [A=B]
     rec    : [0=1]
     inv    : [A=B]

CRS eval_sipmamergesort_init_20(A)

  * Non Asymptotic Upper Bound: 2+c(failed(schemes_failed,[scc=4,cr=eval_sipmamergesort_init_bb1_in/3]))+nat(c(maximize_failed)) 

  * LOOPS eval_sipmamergesort_init_20(B) -> eval_sipmamergesort_init_20(C)

  * Ranking function: N/A

  * Invariants eval_sipmamergesort_init_20(A) -> eval_sipmamergesort_init_20(B)

     entry  : []
     non-rec: [A=B]
     rec    : [0=1]
     inv    : [A=B]

CRS eval_sipmamergesort_init_21(A)

  * Non Asymptotic Upper Bound: 2+c(failed(schemes_failed,[scc=4,cr=eval_sipmamergesort_init_bb1_in/3]))+nat(c(maximize_failed)) 

  * LOOPS eval_sipmamergesort_init_21(B) -> eval_sipmamergesort_init_21(C)

  * Ranking function: N/A

  * Invariants eval_sipmamergesort_init_21(A) -> eval_sipmamergesort_init_21(B)

     entry  : []
     non-rec: [A=B]
     rec    : [0=1]
     inv    : [A=B]

CRS eval_sipmamergesort_init_22(A)

  * Non Asymptotic Upper Bound: 2+c(failed(schemes_failed,[scc=4,cr=eval_sipmamergesort_init_bb1_in/3]))+nat(c(maximize_failed)) 

  * LOOPS eval_sipmamergesort_init_22(B) -> eval_sipmamergesort_init_22(C)

  * Ranking function: N/A

  * Invariants eval_sipmamergesort_init_22(A) -> eval_sipmamergesort_init_22(B)

     entry  : []
     non-rec: [A=B]
     rec    : [0=1]
     inv    : [A=B]

CRS eval_sipmamergesort_init_23(A)

  * Non Asymptotic Upper Bound: 2+c(failed(schemes_failed,[scc=4,cr=eval_sipmamergesort_init_bb1_in/3]))+nat(c(maximize_failed)) 

  * LOOPS eval_sipmamergesort_init_23(B) -> eval_sipmamergesort_init_23(C)

  * Ranking function: N/A

  * Invariants eval_sipmamergesort_init_23(A) -> eval_sipmamergesort_init_23(B)

     entry  : []
     non-rec: [A=B]
     rec    : [0=1]
     inv    : [A=B]

CRS eval_sipmamergesort_init_24(A)

  * Non Asymptotic Upper Bound: 2+c(failed(schemes_failed,[scc=4,cr=eval_sipmamergesort_init_bb1_in/3]))+nat(c(maximize_failed)) 

  * LOOPS eval_sipmamergesort_init_24(B) -> eval_sipmamergesort_init_24(C)

  * Ranking function: N/A

  * Invariants eval_sipmamergesort_init_24(A) -> eval_sipmamergesort_init_24(B)

     entry  : []
     non-rec: [A=B]
     rec    : [0=1]
     inv    : [A=B]

CRS eval_sipmamergesort_init_25(A)

  * Non Asymptotic Upper Bound: 2+c(failed(schemes_failed,[scc=4,cr=eval_sipmamergesort_init_bb1_in/3]))+nat(c(maximize_failed)) 

  * LOOPS eval_sipmamergesort_init_25(B) -> eval_sipmamergesort_init_25(C)

  * Ranking function: N/A

  * Invariants eval_sipmamergesort_init_25(A) -> eval_sipmamergesort_init_25(B)

     entry  : []
     non-rec: [A=B]
     rec    : [0=1]
     inv    : [A=B]

CRS eval_sipmamergesort_init_26(A)

  * Non Asymptotic Upper Bound: 2+c(failed(schemes_failed,[scc=4,cr=eval_sipmamergesort_init_bb1_in/3]))+nat(c(maximize_failed)) 

  * LOOPS eval_sipmamergesort_init_26(B) -> eval_sipmamergesort_init_26(C)

  * Ranking function: N/A

  * Invariants eval_sipmamergesort_init_26(A) -> eval_sipmamergesort_init_26(B)

     entry  : []
     non-rec: [A=B]
     rec    : [0=1]
     inv    : [A=B]

CRS loop_cont_eval_sipmamergesort_init_bb1_in(A,B,C,D)

  * Non Asymptotic Upper Bound: 1+nat(B) 

  * LOOPS loop_cont_eval_sipmamergesort_init_bb1_in(E,F,G,H) -> loop_cont_eval_sipmamergesort_init_bb1_in(I,J,K,L)

  * Ranking function: N/A

  * Invariants loop_cont_eval_sipmamergesort_init_bb1_in(A,B,C,D) -> loop_cont_eval_sipmamergesort_init_bb1_in(E,F,G,H)

     entry  : []
     non-rec: [A=E,B=F,C=G,D=H]
     rec    : [0=1]
     inv    : [A=E,B=F,C=G,D=H]

CRS eval_sipmamergesort_init_bb13_in(A,B)

  * Non Asymptotic Upper Bound: 1+nat(A) 

  * LOOPS eval_sipmamergesort_init_bb13_in(C,D) -> eval_sipmamergesort_init_bb13_in(E,F)

  * Ranking function: N/A

  * Invariants eval_sipmamergesort_init_bb13_in(A,B) -> eval_sipmamergesort_init_bb13_in(C,D)

     entry  : []
     non-rec: [A=C,B=D]
     rec    : [0=1]
     inv    : [A=C,B=D]

CRS loop_cont_eval_sipmamergesort_init_bb14_in(A,B)

  * Non Asymptotic Upper Bound: 0 

  * LOOPS loop_cont_eval_sipmamergesort_init_bb14_in(C,D) -> loop_cont_eval_sipmamergesort_init_bb14_in(E,F)

  * Ranking function: N/A

  * Invariants loop_cont_eval_sipmamergesort_init_bb14_in(A,B) -> loop_cont_eval_sipmamergesort_init_bb14_in(C,D)

     entry  : []
     non-rec: [A=C,B=D]
     rec    : [0=1]
     inv    : [A=C,B=D]

CRS eval_sipmamergesort_init_bb16_in

  * Non Asymptotic Upper Bound: 0 

  * LOOPS eval_sipmamergesort_init_bb16_in -> eval_sipmamergesort_init_bb16_in

  * Ranking function: N/A

  * Invariants eval_sipmamergesort_init_bb16_in -> eval_sipmamergesort_init_bb16_in

     entry  : []
     non-rec: []
     rec    : [0=1]
     inv    : []

CRS eval_sipmamergesort_init_bb14_in(A,B)

  * Non Asymptotic Upper Bound: nat(A-B+1) 

  * LOOPS eval_sipmamergesort_init_bb14_in(C,D) -> eval_sipmamergesort_init_bb14_in(E,F)
     - [D+1=F,C=E,C+1>=F]

  * Ranking function: nat(C-D+1)

  * Invariants eval_sipmamergesort_init_bb14_in(A,B) -> eval_sipmamergesort_init_bb14_in(C,D)

     entry  : [B=1]
     non-rec: [A=C,B=D,B=1]
     rec    : [A=C,B=1,A+1>=D,D>=2]
     inv    : [D>=1,A=C,B=1]

CRS eval_sipmamergesort_init_bb1_in(A,B,C)

  * Non Asymptotic Upper Bound: c(failed(schemes_failed,[scc=4,cr=eval_sipmamergesort_init_bb1_in/3])) 

  * LOOPS eval_sipmamergesort_init_bb1_in(D,E,F) -> eval_sipmamergesort_init_bb1_in(G,H,I)
     - [0>=E+1,G>=I+1]
     - [G>=I+1,E>=1]
     - [G>=I+1,E=0]

  * Ranking function: c(failed(no_rf,[scc=4,cr=eval_sipmamergesort_init_bb1_in/3]))

  * Invariants eval_sipmamergesort_init_bb1_in(A,B,C) -> eval_sipmamergesort_init_bb1_in(D,E,F)

     entry  : [C=1,B=1]
     non-rec: [A=D,B=E,C=F,C=1,B=1]
     rec    : [C=1,B=1,D>=F+1]
     inv    : [B=1,C=1]

CRS eval_sipmamergesort_init_bb2_in(A,B,C,D)

  * Non Asymptotic Upper Bound: c(failed(schemes_failed,[scc=3,cr=eval_sipmamergesort_init_bb2_in/4])) 

  * LOOPS eval_sipmamergesort_init_bb2_in(E,F,G,H) -> eval_sipmamergesort_init_bb2_in(I,J,K,L)
     - [H>=2*G,L>=1,H>=G]
     - [H>=2*G,L>=1,H>=G]
     - [L>=1,2*G>=H+1,H>=G]
     - [L>=1,2*G>=H+1,H>=G]
     - [0>=G,G>=H+1,L>=1]
     - [0>=G,G>=H+1,L>=1]
     - [G>=H+1,L>=1,G>=1]
     - [G>=H+1,L>=1,G>=1]

  * Ranking function: c(failed(no_rf,[scc=3,cr=eval_sipmamergesort_init_bb2_in/4]))

  * Invariants eval_sipmamergesort_init_bb2_in(A,B,C,D) -> eval_sipmamergesort_init_bb2_in(E,F,G,H)

     entry  : [A=D]
     non-rec: [A=E,B=F,C=G,D=H,A=D]
     rec    : [H>=1,A=D]
     inv    : [A=D]

CRS eval_sipmamergesort_init_bb9_in(A,B,C,D,E,F,G,H,I)

  * Non Asymptotic Upper Bound: nat(I) 

  * LOOPS eval_sipmamergesort_init_bb9_in(J,K,L,M,N,O,P,Q,R) -> eval_sipmamergesort_init_bb9_in(S,T,U,V,W,X,Y,Z,A1)
     - [R=A1+1,J=S,K=T,L=U,M=V,N=W,O=X,P=Y,Q=Z,A1>=0]

  * Ranking function: nat(R)

  * Invariants eval_sipmamergesort_init_bb9_in(A,B,C,D,E,F,G,H,I) -> eval_sipmamergesort_init_bb9_in(J,K,L,M,N,O,P,Q,R)

     entry  : []
     non-rec: [A=J,B=K,C=L,D=M,E=N,F=O,G=P,H=Q,I=R]
     rec    : [H=Q,G=P,F=O,E=N,D=M,C=L,B=K,A=J,R>=0,I>=R+1]
     inv    : [I>=R,B=K,C=L,D=M,E=N,F=O,G=P,H=Q,A=J]

CRS eval_sipmamergesort_init_bb7_in(A,B,C,D,E,F,G,H)

  * Non Asymptotic Upper Bound: nat(H) 

  * LOOPS eval_sipmamergesort_init_bb7_in(I,J,K,L,M,N,O,P) -> eval_sipmamergesort_init_bb7_in(Q,R,S,T,U,V,W,X)
     - [P=X+1,I=Q,J=R,K=S,L=T,M=U,N=V,O=W,X>=0]

  * Ranking function: nat(P)

  * Invariants eval_sipmamergesort_init_bb7_in(A,B,C,D,E,F,G,H) -> eval_sipmamergesort_init_bb7_in(I,J,K,L,M,N,O,P)

     entry  : []
     non-rec: [A=I,B=J,C=K,D=L,E=M,F=N,G=O,H=P]
     rec    : [G=O,F=N,E=M,D=L,C=K,B=J,A=I,P>=0,H>=P+1]
     inv    : [H>=P,B=J,C=K,D=L,E=M,F=N,G=O,A=I]

CRS eval_sipmamergesort_init_bb3_in(A,B,C,D,E,F,G)

  * Non Asymptotic Upper Bound: nat(F)+nat(G) 

  * LOOPS eval_sipmamergesort_init_bb3_in(H,I,J,K,L,M,N) -> eval_sipmamergesort_init_bb3_in(O,P,Q,R,S,T,U)
     - [H=O,I=P,J=Q,K=R,L=S,N=U+1,M=T,T>=1,N>=1]
     - [H=O,I=P,J=Q,K=R,L=S,N=U,M=T+1,T>=0,N>=1]

  * Ranking function: nat(M+N-1)

  * Invariants eval_sipmamergesort_init_bb3_in(A,B,C,D,E,F,G) -> eval_sipmamergesort_init_bb3_in(H,I,J,K,L,M,N)

     entry  : [C>=G,D>=F+G,C>=F,D>=G,D=E+F+G]
     non-rec: [A=H,B=I,C=J,D=K,E=L,F=M,G=N,C>=G,D>=F+G,C>=F,D>=G,D=E+F+G]
     rec    : [E=L,D=K,C=J,B=I,A=H,D=E+F+G,E>=0,C>=F,C+E+F>=D,F>=M,N>=0,M+N>=1,D>=E+F+1,F>=1,D>=E+F+N,M>=0,D>=E+M+N+1]
     inv    : [D>=E+F+N,E+M>=0,C+2*E+F+N>=D,F>=M,C>=F,C+E+F>=D,E>=0,B=I,C=J,D=K,E=L,A=H,D=E+F+G]


