
==> YES, main.fstb terminates. max_dim = 4

+-----------------------------------------------------------------------------+
|                             Ranking Function                                |
+-----------------------------------------------------------------------------+

state stop:
0

state start:
2

state lbl_3_15:
1
(1+(2*b))+(-2*i)
(1+(2*d))+(-2*j)
((1+i)+j)+(-1*k)

state lbl_2_10:
1
(1+(2*b))+(-2*i)
(2+(2*d))+(-2*j)

state lbl_1_35:
1
(2+(2*b))+(-2*i)

state ____start:
3


+-----------------------------------------------------------------------------+
|                         Worst Case Execution Time                           |
+-----------------------------------------------------------------------------+

/---
/
| -1+c__o' >= 0
| (-1+c__o')+(-1*d__o') >= 0
| (-1*a__o')+b__o' >= 0
| 1 >= 0
\

((1+1)+((1+b__o')+(-1*a__o')))+1

/
| (-1+a__o')+(-1*b__o') >= 0
| 1 >= 0
\

(1+1)+1

/
| (-1+c__o')+(-1*d__o') >= 0
| -1+c__o' >= 0
| (-1+a__o')+(-1*b__o') >= 0
| 1 >= 0
\

(1+1)+1

/
| c__o' >= 0
| (-1*c__o')+d__o' >= 0
| (-1*a__o')+b__o' >= 0
| 1 >= 0
\

((((1+1)+(((((1+(2*d__o'))+(d__o'*d__o'))+(-1*(c__o'*c__o')))+((((1+(2*d__o'))+(d__o'*d__o'))+(-1*(c__o'*c__o')))*b__o'))+((((-1+(-2*d__o'))+(-1*(d__o'*d__o')))+(c__o'*c__o'))*a__o')))+((((1+d__o')+(-1*c__o'))+(((1+d__o')+(-1*c__o'))*b__o'))+(((-1+(-1*d__o'))+c__o')*a__o')))+((1+b__o')+(-1*a__o')))+1

/
| -1*c__o' >= 0
| d__o' >= 0
| (-1*a__o')+b__o' >= 0
| 1 >= 0
\

((((1+1)+((((1+(2*d__o'))+(d__o'*d__o'))+(((1+(2*d__o'))+(d__o'*d__o'))*b__o'))+(((-1+(-2*d__o'))+(-1*(d__o'*d__o')))*a__o')))+((((1+d__o')+(-1*c__o'))+(((1+d__o')+(-1*c__o'))*b__o'))+(((-1+(-1*d__o'))+c__o')*a__o')))+((1+b__o')+(-1*a__o')))+1

/
| -1+c__o' >= 0
| (-1+a__o')+(-1*b__o') >= 0
| 1 >= 0
\

(1+1)+1

\---

