
==> YES, main.fstb terminates. max_dim = 3

+-----------------------------------------------------------------------------+
|                             Ranking Function                                |
+-----------------------------------------------------------------------------+

state stop:
0

state start:
2

state lbl_4_14:
1
(1+(-1*i))+n
(2+(-1*j))+n

state lbl_1_17:
1
(2+(-1*i))+n

state ____start:
3


+-----------------------------------------------------------------------------+
|                         Worst Case Execution Time                           |
+-----------------------------------------------------------------------------+

/---
/
| n__o' >= 0
| 1 >= 0
\

(((1+1)+((1+(2*n__o'))+(n__o'*n__o')))+(1+n__o'))+1

\---

