
==> YES, main.fstb terminates. max_dim = 5

+-----------------------------------------------------------------------------+
|                             Ranking Function                                |
+-----------------------------------------------------------------------------+

state stop:
0

state start:
2

state lbl_5_19:
1
(1+(-2*i))+(2*m)
(1+(2*i))+(-2*j)
(1+(-2*k))+(2*m)
(1+k)+(-1*l)

state lbl_4_14:
1
(1+(-2*i))+(2*m)
(1+(2*i))+(-2*j)
(2+(-2*k))+(2*m)

state lbl_3_31:
1
(-1+(-2*i))+(2*k)
(2+(2*i))+(-2*j)

state lbl_1_35:
1
(-2*i)+(2*k)

state ____start:
3


+-----------------------------------------------------------------------------+
|                         Worst Case Execution Time                           |
+-----------------------------------------------------------------------------+

/---
/
| -1+m__o' = 0
| 1 >= 0
\

(((1+1)+(((1/2)*m__o')+((1/2)*(m__o'*m__o'))))+m__o')+1

/
| -2+m__o' >= 0
| 1 >= 0
\

(((((1+1)+(((((-1/12)*m__o')+((-1/8)*(m__o'*m__o')))+((1/12)*((m__o'*m__o')*m__o')))+((1/8)*(((m__o'*m__o')*m__o')*m__o'))))+(((-1/6)*m__o')+((1/6)*((m__o'*m__o')*m__o'))))+(((1/2)*m__o')+((1/2)*(m__o'*m__o'))))+m__o')+1

/
| -1*m__o' >= 0
| 1 >= 0
\

(1+1)+1

\---

