Warning: Ignored call to eval_jama_ex2_stop/1 in equation eval_jama_ex2_bb5_in/1 

Preprocessing Cost Relations
=====================================

#### Computed strongly connected components 
0. recursive : [eval_jama_ex2_bb2_in/7,eval_jama_ex2_bb3_in/7]
1. recursive : [eval_jama_ex2_8/5,eval_jama_ex2_9/5,eval_jama_ex2_bb1_in/3,eval_jama_ex2_bb4_in/4,loop_cont_eval_jama_ex2_bb2_in/5]
2. non_recursive : [eval_jama_ex2_bb5_in/1]
3. non_recursive : [loop_cont_eval_jama_ex2_bb1_in/2]
4. non_recursive : [eval_jama_ex2_4/2]
5. non_recursive : [eval_jama_ex2_3/2]
6. non_recursive : [eval_jama_ex2_2/2]
7. non_recursive : [eval_jama_ex2_1/2]
8. non_recursive : [eval_jama_ex2_0/2]
9. non_recursive : [eval_jama_ex2_bb0_in/2]
10. non_recursive : [eval_jama_ex2_start/2]

#### Obtained direct recursion through partial evaluation 
0. SCC is partially evaluated into eval_jama_ex2_bb2_in/7
1. SCC is partially evaluated into eval_jama_ex2_bb1_in/3
2. SCC is completely evaluated into other SCCs
3. SCC is completely evaluated into other SCCs
4. SCC is completely evaluated into other SCCs
5. SCC is completely evaluated into other SCCs
6. SCC is completely evaluated into other SCCs
7. SCC is completely evaluated into other SCCs
8. SCC is completely evaluated into other SCCs
9. SCC is completely evaluated into other SCCs
10. SCC is partially evaluated into eval_jama_ex2_start/2

Control-Flow Refinement of Cost Relations
=====================================

### Specialization of cost equations eval_jama_ex2_bb2_in/7 
* CE 6 is refined into CE [7] 
* CE 5 is refined into CE [8] 


#### Refined cost equations eval_jama_ex2_bb2_in/7 
* CE 7: eval_jama_ex2_bb2_in(A,B,C,D,A,B,C) = 0
     [C>=B+1,A>=B,C>=1,D=2] 
* CE 8: eval_jama_ex2_bb2_in(V_n,V_i_0,V_j_0,B,C,D,E) = 1+ eval_jama_ex2_bb2_in(V_n,V_i_0,F,G,C,D,E)
     [V_i_0>=V_j_0,V_n>=V_i_0,V_j_0>=1,V_j_0+1=F,G=2,B=2] 

### Cost equations --> "Loop" of eval_jama_ex2_bb2_in/7 
* CEs [8] --> Loop 6 
* CEs [7] --> Loop 7 

#### Loops of eval_jama_ex2_bb2_in/7 
* Loop 6: eval_jama_ex2_bb2_in(V_n,V_i_0,V_j_0,B,C,D,E)->  eval_jama_ex2_bb2_in(V_n,V_i_0,V_j_0',B',C,D,E)
                  [V_i_0>=V_j_0,V_n>=V_i_0,V_j_0>=1,V_j_0+1=V_j_0',B'=2,B=2] 
* Loop 7: eval_jama_ex2_bb2_in(A,B,C,D,A,B,C) [C>=B+1,A>=B,C>=1,D=2] 

### Ranking functions of CR eval_jama_ex2_bb2_in(V_n,V_i_0,V_j_0,B,C,D,E) 
* RF of phase [6]: [V_i_0-V_j_0+1,V_n-V_j_0+1]

#### Partial ranking functions of CR eval_jama_ex2_bb2_in(V_n,V_i_0,V_j_0,B,C,D,E) 
* Partial RF of phase [6]:
  - RF of loop [6:1]:
    V_i_0-V_j_0+1
    V_n-V_j_0+1


### Resulting Chains:eval_jama_ex2_bb2_in(V_n,V_i_0,V_j_0,B,C,D,E) 
* [[6],7]
* [7]


### Specialization of cost equations eval_jama_ex2_bb1_in/3 
* CE 4 is refined into CE [9] 
* CE 3 is refined into CE [10,11] 


#### Refined cost equations eval_jama_ex2_bb1_in/3 
* CE 9: eval_jama_ex2_bb1_in(V_n,V_i_0,B) = 0
     [V_i_0>=V_n+1,B=3] 
* CE 10: eval_jama_ex2_bb1_in(V_n,V_i_0,B) = 2+ eval_jama_ex2_bb2_in(V_n,V_i_0,C,D,V_n,V_i_0,E):[[6],7]+ eval_jama_ex2_bb1_in(V_n,F,G)
     [V_n>=V_i_0,V_i_0>=1,V_i_0+1=F,V_i_0+1=E,G=3,D=2,C=1,B=3] 
* CE 11: eval_jama_ex2_bb1_in(V_n,V_i_0,B) = 2+ eval_jama_ex2_bb2_in(V_n,V_i_0,C,D,V_n,V_i_0,E):[7]+ eval_jama_ex2_bb1_in(V_n,F,G)
     [V_n>=V_i_0,0>=V_i_0,V_i_0+1=F,G=3,E=1,D=2,C=1,B=3] 

### Cost equations --> "Loop" of eval_jama_ex2_bb1_in/3 
* CEs [11] --> Loop 8 
* CEs [10] --> Loop 9 
* CEs [9] --> Loop 10 

#### Loops of eval_jama_ex2_bb1_in/3 
* Loop 8: eval_jama_ex2_bb1_in(V_n,V_i_0,B)->  eval_jama_ex2_bb1_in(V_n,V_i_0',B')
                  [V_n>=V_i_0,0>=V_i_0,V_i_0+1=V_i_0',B'=3,B=3] 
* Loop 9: eval_jama_ex2_bb1_in(V_n,V_i_0,B)->  eval_jama_ex2_bb1_in(V_n,V_i_0',B')
                  [V_n+1>=V_i_0',V_i_0'>=2,V_i_0'=V_i_0+1,B'=3,B=3] 
* Loop 10: eval_jama_ex2_bb1_in(V_n,V_i_0,B) [V_i_0>=V_n+1,B=3] 

### Ranking functions of CR eval_jama_ex2_bb1_in(V_n,V_i_0,B) 
* RF of phase [9]: [V_n-V_i_0+1]

#### Partial ranking functions of CR eval_jama_ex2_bb1_in(V_n,V_i_0,B) 
* Partial RF of phase [9]:
  - RF of loop [9:1]:
    V_n-V_i_0+1


### Resulting Chains:eval_jama_ex2_bb1_in(V_n,V_i_0,B) 
* [[9],10]
* [10]


### Specialization of cost equations eval_jama_ex2_start/2 
* CE 2 is refined into CE [12,13] 


#### Refined cost equations eval_jama_ex2_start/2 
* CE 12: eval_jama_ex2_start(V_n,B) = 1+ eval_jama_ex2_bb1_in(V_n,C,D):[[9],10]
     [V_n>=1,D=3,C=1] 
* CE 13: eval_jama_ex2_start(V_n,B) = 1+ eval_jama_ex2_bb1_in(V_n,C,D):[10]
     [0>=V_n,D=3,C=1] 

### Cost equations --> "Loop" of eval_jama_ex2_start/2 
* CEs [12] --> Loop 11 
* CEs [13] --> Loop 12 

#### Loops of eval_jama_ex2_start/2 
* Loop 11: eval_jama_ex2_start(V_n,B) [V_n>=1] 
* Loop 12: eval_jama_ex2_start(V_n,B) [0>=V_n] 

### Ranking functions of CR eval_jama_ex2_start(V_n,B) 

#### Partial ranking functions of CR eval_jama_ex2_start(V_n,B) 


### Resulting Chains:eval_jama_ex2_start(V_n,B) 
* [12]
* [11]


Computing Bounds
=====================================

#### Cost of loops [6] 

 * loop 6:eval_jama_ex2_bb2_in(V_n,V_i_0,V_j_0,B,C,D,E) -> [eval_jama_ex2_bb2_in(V_n',V_i_0',V_j_0',B',C',D',E')] 
1
#### Cost of phase [6]:eval_jama_ex2_bb2_in(V_n,V_i_0,V_j_0,B,C,D,E) -> [eval_jama_ex2_bb2_in(V_n',V_i_0',V_j_0',B',C',D',E')] 
1*it(6)+0
  Such that:it(6) =< V_n-V_j_0+1
it(6) =< V_n-V_j_0-V_n'+V_j_0'
it(6) =< V_i_0-V_j_0+1
it(6) =< V_i_0-V_j_0-V_i_0'+V_j_0'
it(6) >= V_n-V_j_0-V_n'+V_j_0'
it(6) >= V_i_0-V_j_0-V_i_0'+V_j_0'

#### Cost of chains of eval_jama_ex2_bb2_in(V_n,V_i_0,V_j_0,B,C,D,E):
* Chain [[6],7]: 1*it(6)+0
  Such that:it(6) =< -V_j_0+E
it(6) >= -V_j_0+E

  with precondition: [B=2,V_n=C,V_i_0=D,V_i_0+1=E,V_j_0>=1,V_n>=V_i_0,V_i_0>=V_j_0] 

* Chain [7]: 0
  with precondition: [B=2,V_n=C,V_i_0=D,V_j_0=E,V_j_0>=1,V_n>=V_i_0,V_j_0>=V_i_0+1] 


#### Cost of loops [9] 

 * loop 9:eval_jama_ex2_bb1_in(V_n,V_i_0,B) -> [eval_jama_ex2_bb1_in(V_n',V_i_0',B')] 
1*s(2)+2
  Such that:s(2) =< V_i_0'-1
s(2) >= V_i_0'-1

#### Cost of phase [9]:eval_jama_ex2_bb1_in(V_n,V_i_0,B) -> [eval_jama_ex2_bb1_in(V_n',V_i_0',B')] 
2*it(9)+1*s(3)+0
  Such that:aux(4) =< V_n
it(9) =< V_n-V_i_0+1
it(9) =< V_n-V_i_0-V_n'+V_i_0'
aux(3) =< -V_i_0
s(3) =< it(9)*aux(4)
aux(1) =< it(9)
it(9) >= V_n-V_i_0-V_n'+V_i_0'
aux(2) >= V_i_0
aux(1) >= it(9)
s(3) >= aux(1)*aux(2)+aux(1)*aux(1)* (1/2)- (aux(3)*aux(1)+aux(1)* (1/2))

#### Cost of chains of eval_jama_ex2_bb1_in(V_n,V_i_0,B):
* Chain [[9],10]: 2*it(9)+1*s(3)+0
  Such that:aux(4) =< V_n
it(9) =< V_n-V_i_0+1
aux(3) =< -V_i_0
s(3) =< it(9)*aux(4)
aux(1) =< it(9)
it(9) >= V_n-V_i_0+1
aux(2) >= V_i_0
aux(1) >= it(9)
s(3) >= aux(1)*aux(2)+aux(1)*aux(1)* (1/2)- (aux(3)*aux(1)+aux(1)* (1/2))

  with precondition: [B=3,V_i_0>=1,V_n>=V_i_0] 

* Chain [10]: 0
  with precondition: [B=3,V_i_0>=1,V_i_0>=V_n+1] 


#### Cost of chains of eval_jama_ex2_start(V_n,B):
* Chain [12]: 1
  with precondition: [0>=V_n] 

* Chain [11]: 2*s(5)+1*s(8)+1
  Such that:aux(5) =< V_n
s(5) =< aux(5)
s(8) =< s(5)*aux(5)
s(9) =< s(5)
s(7) >= 1
s(5) >= V_n
s(9) >= s(5)
s(8) >= s(9)*s(7)+s(9)*s(9)* (1/2)-s(9)* (1/2)

  with precondition: [V_n>=1] 


Closed-form bounds of eval_jama_ex2_start(V_n,B): 
-------------------------------------
* Chain [12] with precondition: [0>=V_n] 
    - Lower bound: 1 
    - Complexity: constant
 * Chain [11] with precondition: [V_n>=1] 
    - Lower bound: 5/2*V_n+1+V_n/2*V_n 
    - Complexity: n^2
 
### Partitioned lower bound of eval_jama_ex2_start(V_n,B): 
* 1 
 if [0>=V_n]
* 5/2*V_n+1+V_n/2*V_n 
 if [V_n>=1]
Possible lower bounds : [1,5/2*V_n+1+V_n/2*V_n]
Maximum lower bound complexity: n^2

Time statistics: 
-------------------------------------
* Partial evaluation computed in 11 ms.
* Invariants computed in 19 ms.
   - Backward Invariants 7 ms.
   - Transitive Invariants 6 ms.
* Refinement performed in 19 ms.
* Termination proved in 5 ms.
* Upper bounds computed in 35 ms.
   - Equation cost structures 9 ms.
   - Phase cost structures 15 ms.
   - Chain cost structures 13 ms.
   - Solving cost expressions 1 ms.
* Total analysis performed in 108 ms.

