YES(?, 408)

Initial complexity problem:
1:	T:
		(1, 1)    eval_easy1_start(v_0, v_x.0) -> Com_1(eval_easy1_bb0_in(v_0, v_x.0))
		(?, 1)    eval_easy1_bb0_in(v_0, v_x.0) -> Com_1(eval_easy1_1(nondef.0, v_x.0))
		(?, 1)    eval_easy1_1(v_0, v_x.0) -> Com_2(eval_llvm.dbg.value_start(v_0, v_x.0), eval_easy1_2(v_0, v_x.0))
		(?, 1)    eval_easy1_2(v_0, v_x.0) -> Com_2(eval_llvm.dbg.value_start(v_0, v_x.0), eval_easy1_3(v_0, v_x.0))
		(?, 1)    eval_easy1_3(v_0, v_x.0) -> Com_2(eval_llvm.dbg.value_start(v_0, v_x.0), eval_easy1_4(v_0, v_x.0))
		(?, 1)    eval_easy1_4(v_0, v_x.0) -> Com_2(eval_llvm.dbg.value_start(v_0, v_x.0), eval_easy1_5(v_0, v_x.0))
		(?, 1)    eval_easy1_5(v_0, v_x.0) -> Com_2(eval_llvm.dbg.value_start(v_0, v_x.0), eval_easy1_6(v_0, v_x.0))
		(?, 1)    eval_easy1_6(v_0, v_x.0) -> Com_1(eval_easy1_bb1_in(v_0, 0))
		(?, 1)    eval_easy1_bb1_in(v_0, v_x.0) -> Com_1(eval_easy1_bb2_in(v_0, v_x.0)) [ v_x.0 < 40 ]
		(?, 1)    eval_easy1_bb1_in(v_0, v_x.0) -> Com_1(eval_easy1_bb3_in(v_0, v_x.0)) [ v_x.0 >= 40 ]
		(?, 1)    eval_easy1_bb2_in(v_0, v_x.0) -> Com_1(eval_easy1_bb1_in(v_0, v_x.0 + 1)) [ v_0 = 0 ]
		(?, 1)    eval_easy1_bb2_in(v_0, v_x.0) -> Com_1(eval_easy1_bb1_in(v_0, v_x.0 + 2)) [ v_0 < 0 ]
		(?, 1)    eval_easy1_bb2_in(v_0, v_x.0) -> Com_1(eval_easy1_bb1_in(v_0, v_x.0 + 2)) [ v_0 > 0 ]
		(?, 1)    eval_easy1_bb3_in(v_0, v_x.0) -> Com_1(eval_easy1_stop(v_0, v_x.0))
	start location:	eval_easy1_start
	leaf cost:	0

Repeatedly propagating knowledge in problem 1 produces the following problem:
2:	T:
		(1, 1)    eval_easy1_start(v_0, v_x.0) -> Com_1(eval_easy1_bb0_in(v_0, v_x.0))
		(1, 1)    eval_easy1_bb0_in(v_0, v_x.0) -> Com_1(eval_easy1_1(nondef.0, v_x.0))
		(1, 1)    eval_easy1_1(v_0, v_x.0) -> Com_2(eval_llvm.dbg.value_start(v_0, v_x.0), eval_easy1_2(v_0, v_x.0))
		(1, 1)    eval_easy1_2(v_0, v_x.0) -> Com_2(eval_llvm.dbg.value_start(v_0, v_x.0), eval_easy1_3(v_0, v_x.0))
		(1, 1)    eval_easy1_3(v_0, v_x.0) -> Com_2(eval_llvm.dbg.value_start(v_0, v_x.0), eval_easy1_4(v_0, v_x.0))
		(1, 1)    eval_easy1_4(v_0, v_x.0) -> Com_2(eval_llvm.dbg.value_start(v_0, v_x.0), eval_easy1_5(v_0, v_x.0))
		(1, 1)    eval_easy1_5(v_0, v_x.0) -> Com_2(eval_llvm.dbg.value_start(v_0, v_x.0), eval_easy1_6(v_0, v_x.0))
		(1, 1)    eval_easy1_6(v_0, v_x.0) -> Com_1(eval_easy1_bb1_in(v_0, 0))
		(?, 1)    eval_easy1_bb1_in(v_0, v_x.0) -> Com_1(eval_easy1_bb2_in(v_0, v_x.0)) [ v_x.0 < 40 ]
		(?, 1)    eval_easy1_bb1_in(v_0, v_x.0) -> Com_1(eval_easy1_bb3_in(v_0, v_x.0)) [ v_x.0 >= 40 ]
		(?, 1)    eval_easy1_bb2_in(v_0, v_x.0) -> Com_1(eval_easy1_bb1_in(v_0, v_x.0 + 1)) [ v_0 = 0 ]
		(?, 1)    eval_easy1_bb2_in(v_0, v_x.0) -> Com_1(eval_easy1_bb1_in(v_0, v_x.0 + 2)) [ v_0 < 0 ]
		(?, 1)    eval_easy1_bb2_in(v_0, v_x.0) -> Com_1(eval_easy1_bb1_in(v_0, v_x.0 + 2)) [ v_0 > 0 ]
		(?, 1)    eval_easy1_bb3_in(v_0, v_x.0) -> Com_1(eval_easy1_stop(v_0, v_x.0))
	start location:	eval_easy1_start
	leaf cost:	0

A polynomial rank function with
	Pol(eval_easy1_start) = 40
	Pol(eval_easy1_bb0_in) = 40
	Pol(eval_easy1_1) = 40
	Pol(eval_llvm.dbg.value_start) = 0
	Pol(eval_easy1_2) = 40
	Pol(eval_easy1_3) = 40
	Pol(eval_easy1_4) = 40
	Pol(eval_easy1_5) = 40
	Pol(eval_easy1_6) = 40
	Pol(eval_easy1_bb1_in) = -V_2 + 40
	Pol(eval_easy1_bb2_in) = -V_2 + 39
	Pol(eval_easy1_bb3_in) = -V_2 + 1
	Pol(eval_easy1_stop) = -V_2
orients all transitions weakly and the transition
	eval_easy1_bb1_in(v_0, v_x.0) -> Com_1(eval_easy1_bb2_in(v_0, v_x.0)) [ v_x.0 < 40 ]
strictly and produces the following problem:
3:	T:
		(1, 1)     eval_easy1_start(v_0, v_x.0) -> Com_1(eval_easy1_bb0_in(v_0, v_x.0))
		(1, 1)     eval_easy1_bb0_in(v_0, v_x.0) -> Com_1(eval_easy1_1(nondef.0, v_x.0))
		(1, 1)     eval_easy1_1(v_0, v_x.0) -> Com_2(eval_llvm.dbg.value_start(v_0, v_x.0), eval_easy1_2(v_0, v_x.0))
		(1, 1)     eval_easy1_2(v_0, v_x.0) -> Com_2(eval_llvm.dbg.value_start(v_0, v_x.0), eval_easy1_3(v_0, v_x.0))
		(1, 1)     eval_easy1_3(v_0, v_x.0) -> Com_2(eval_llvm.dbg.value_start(v_0, v_x.0), eval_easy1_4(v_0, v_x.0))
		(1, 1)     eval_easy1_4(v_0, v_x.0) -> Com_2(eval_llvm.dbg.value_start(v_0, v_x.0), eval_easy1_5(v_0, v_x.0))
		(1, 1)     eval_easy1_5(v_0, v_x.0) -> Com_2(eval_llvm.dbg.value_start(v_0, v_x.0), eval_easy1_6(v_0, v_x.0))
		(1, 1)     eval_easy1_6(v_0, v_x.0) -> Com_1(eval_easy1_bb1_in(v_0, 0))
		(40, 1)    eval_easy1_bb1_in(v_0, v_x.0) -> Com_1(eval_easy1_bb2_in(v_0, v_x.0)) [ v_x.0 < 40 ]
		(?, 1)     eval_easy1_bb1_in(v_0, v_x.0) -> Com_1(eval_easy1_bb3_in(v_0, v_x.0)) [ v_x.0 >= 40 ]
		(?, 1)     eval_easy1_bb2_in(v_0, v_x.0) -> Com_1(eval_easy1_bb1_in(v_0, v_x.0 + 1)) [ v_0 = 0 ]
		(?, 1)     eval_easy1_bb2_in(v_0, v_x.0) -> Com_1(eval_easy1_bb1_in(v_0, v_x.0 + 2)) [ v_0 < 0 ]
		(?, 1)     eval_easy1_bb2_in(v_0, v_x.0) -> Com_1(eval_easy1_bb1_in(v_0, v_x.0 + 2)) [ v_0 > 0 ]
		(?, 1)     eval_easy1_bb3_in(v_0, v_x.0) -> Com_1(eval_easy1_stop(v_0, v_x.0))
	start location:	eval_easy1_start
	leaf cost:	0

Repeatedly propagating knowledge in problem 3 produces the following problem:
4:	T:
		(1, 1)      eval_easy1_start(v_0, v_x.0) -> Com_1(eval_easy1_bb0_in(v_0, v_x.0))
		(1, 1)      eval_easy1_bb0_in(v_0, v_x.0) -> Com_1(eval_easy1_1(nondef.0, v_x.0))
		(1, 1)      eval_easy1_1(v_0, v_x.0) -> Com_2(eval_llvm.dbg.value_start(v_0, v_x.0), eval_easy1_2(v_0, v_x.0))
		(1, 1)      eval_easy1_2(v_0, v_x.0) -> Com_2(eval_llvm.dbg.value_start(v_0, v_x.0), eval_easy1_3(v_0, v_x.0))
		(1, 1)      eval_easy1_3(v_0, v_x.0) -> Com_2(eval_llvm.dbg.value_start(v_0, v_x.0), eval_easy1_4(v_0, v_x.0))
		(1, 1)      eval_easy1_4(v_0, v_x.0) -> Com_2(eval_llvm.dbg.value_start(v_0, v_x.0), eval_easy1_5(v_0, v_x.0))
		(1, 1)      eval_easy1_5(v_0, v_x.0) -> Com_2(eval_llvm.dbg.value_start(v_0, v_x.0), eval_easy1_6(v_0, v_x.0))
		(1, 1)      eval_easy1_6(v_0, v_x.0) -> Com_1(eval_easy1_bb1_in(v_0, 0))
		(40, 1)     eval_easy1_bb1_in(v_0, v_x.0) -> Com_1(eval_easy1_bb2_in(v_0, v_x.0)) [ v_x.0 < 40 ]
		(120, 1)    eval_easy1_bb1_in(v_0, v_x.0) -> Com_1(eval_easy1_bb3_in(v_0, v_x.0)) [ v_x.0 >= 40 ]
		(40, 1)     eval_easy1_bb2_in(v_0, v_x.0) -> Com_1(eval_easy1_bb1_in(v_0, v_x.0 + 1)) [ v_0 = 0 ]
		(40, 1)     eval_easy1_bb2_in(v_0, v_x.0) -> Com_1(eval_easy1_bb1_in(v_0, v_x.0 + 2)) [ v_0 < 0 ]
		(40, 1)     eval_easy1_bb2_in(v_0, v_x.0) -> Com_1(eval_easy1_bb1_in(v_0, v_x.0 + 2)) [ v_0 > 0 ]
		(120, 1)    eval_easy1_bb3_in(v_0, v_x.0) -> Com_1(eval_easy1_stop(v_0, v_x.0))
	start location:	eval_easy1_start
	leaf cost:	0

Complexity upper bound 408

Time: 0.086 sec (SMT: 0.078 sec)
