YES(?, 6*v_n + 3*v_m*v_n + 13)

Initial complexity problem:
1:	T:
		(1, 1)    eval_speedNestedMultipleDep_start(v_1, v_m, v_n, v_x.0, v_y.0) -> Com_1(eval_speedNestedMultipleDep_bb0_in(v_1, v_m, v_n, v_x.0, v_y.0))
		(?, 1)    eval_speedNestedMultipleDep_bb0_in(v_1, v_m, v_n, v_x.0, v_y.0) -> Com_1(eval_speedNestedMultipleDep_0(v_1, v_m, v_n, v_x.0, v_y.0))
		(?, 1)    eval_speedNestedMultipleDep_0(v_1, v_m, v_n, v_x.0, v_y.0) -> Com_2(eval_llvm.dbg.value_start(v_1, v_m, v_n, v_x.0, v_y.0), eval_speedNestedMultipleDep_1(v_1, v_m, v_n, v_x.0, v_y.0))
		(?, 1)    eval_speedNestedMultipleDep_1(v_1, v_m, v_n, v_x.0, v_y.0) -> Com_2(eval_llvm.dbg.value_start(v_1, v_m, v_n, v_x.0, v_y.0), eval_speedNestedMultipleDep_2(v_1, v_m, v_n, v_x.0, v_y.0))
		(?, 1)    eval_speedNestedMultipleDep_2(v_1, v_m, v_n, v_x.0, v_y.0) -> Com_2(eval_llvm.dbg.value_start(v_1, v_m, v_n, v_x.0, v_y.0), eval_speedNestedMultipleDep_3(v_1, v_m, v_n, v_x.0, v_y.0))
		(?, 1)    eval_speedNestedMultipleDep_3(v_1, v_m, v_n, v_x.0, v_y.0) -> Com_2(eval_llvm.dbg.value_start(v_1, v_m, v_n, v_x.0, v_y.0), eval_speedNestedMultipleDep_4(v_1, v_m, v_n, v_x.0, v_y.0))
		(?, 1)    eval_speedNestedMultipleDep_4(v_1, v_m, v_n, v_x.0, v_y.0) -> Com_2(eval_llvm.dbg.value_start(v_1, v_m, v_n, v_x.0, v_y.0), eval_speedNestedMultipleDep_5(v_1, v_m, v_n, v_x.0, v_y.0))
		(?, 1)    eval_speedNestedMultipleDep_5(v_1, v_m, v_n, v_x.0, v_y.0) -> Com_2(eval_llvm.dbg.value_start(v_1, v_m, v_n, v_x.0, v_y.0), eval_speedNestedMultipleDep_6(v_1, v_m, v_n, v_x.0, v_y.0))
		(?, 1)    eval_speedNestedMultipleDep_6(v_1, v_m, v_n, v_x.0, v_y.0) -> Com_1(eval_speedNestedMultipleDep_bb1_in(v_1, v_m, v_n, 0, v_y.0))
		(?, 1)    eval_speedNestedMultipleDep_bb1_in(v_1, v_m, v_n, v_x.0, v_y.0) -> Com_1(eval_speedNestedMultipleDep_bb2_in(v_1, v_m, v_n, v_x.0, v_y.0)) [ v_x.0 < v_n ]
		(?, 1)    eval_speedNestedMultipleDep_bb1_in(v_1, v_m, v_n, v_x.0, v_y.0) -> Com_1(eval_speedNestedMultipleDep_bb5_in(v_1, v_m, v_n, v_x.0, v_y.0)) [ v_x.0 >= v_n ]
		(?, 1)    eval_speedNestedMultipleDep_bb2_in(v_1, v_m, v_n, v_x.0, v_y.0) -> Com_1(eval_speedNestedMultipleDep_bb3_in(v_x.0 + 1, v_m, v_n, v_x.0, 0))
		(?, 1)    eval_speedNestedMultipleDep_bb3_in(v_1, v_m, v_n, v_x.0, v_y.0) -> Com_1(eval_speedNestedMultipleDep_bb4_in(v_1, v_m, v_n, v_x.0, v_y.0)) [ v_y.0 < v_m ]
		(?, 1)    eval_speedNestedMultipleDep_bb3_in(v_1, v_m, v_n, v_x.0, v_y.0) -> Com_1(eval_speedNestedMultipleDep_bb1_in(v_1, v_m, v_n, v_1, v_y.0)) [ v_y.0 >= v_m ]
		(?, 1)    eval_speedNestedMultipleDep_bb4_in(v_1, v_m, v_n, v_x.0, v_y.0) -> Com_1(eval_speedNestedMultipleDep_bb3_in(v_1, v_m, v_n, v_x.0, v_y.0 + 1))
		(?, 1)    eval_speedNestedMultipleDep_bb5_in(v_1, v_m, v_n, v_x.0, v_y.0) -> Com_1(eval_speedNestedMultipleDep_stop(v_1, v_m, v_n, v_x.0, v_y.0))
	start location:	eval_speedNestedMultipleDep_start
	leaf cost:	0

Repeatedly propagating knowledge in problem 1 produces the following problem:
2:	T:
		(1, 1)    eval_speedNestedMultipleDep_start(v_1, v_m, v_n, v_x.0, v_y.0) -> Com_1(eval_speedNestedMultipleDep_bb0_in(v_1, v_m, v_n, v_x.0, v_y.0))
		(1, 1)    eval_speedNestedMultipleDep_bb0_in(v_1, v_m, v_n, v_x.0, v_y.0) -> Com_1(eval_speedNestedMultipleDep_0(v_1, v_m, v_n, v_x.0, v_y.0))
		(1, 1)    eval_speedNestedMultipleDep_0(v_1, v_m, v_n, v_x.0, v_y.0) -> Com_2(eval_llvm.dbg.value_start(v_1, v_m, v_n, v_x.0, v_y.0), eval_speedNestedMultipleDep_1(v_1, v_m, v_n, v_x.0, v_y.0))
		(1, 1)    eval_speedNestedMultipleDep_1(v_1, v_m, v_n, v_x.0, v_y.0) -> Com_2(eval_llvm.dbg.value_start(v_1, v_m, v_n, v_x.0, v_y.0), eval_speedNestedMultipleDep_2(v_1, v_m, v_n, v_x.0, v_y.0))
		(1, 1)    eval_speedNestedMultipleDep_2(v_1, v_m, v_n, v_x.0, v_y.0) -> Com_2(eval_llvm.dbg.value_start(v_1, v_m, v_n, v_x.0, v_y.0), eval_speedNestedMultipleDep_3(v_1, v_m, v_n, v_x.0, v_y.0))
		(1, 1)    eval_speedNestedMultipleDep_3(v_1, v_m, v_n, v_x.0, v_y.0) -> Com_2(eval_llvm.dbg.value_start(v_1, v_m, v_n, v_x.0, v_y.0), eval_speedNestedMultipleDep_4(v_1, v_m, v_n, v_x.0, v_y.0))
		(1, 1)    eval_speedNestedMultipleDep_4(v_1, v_m, v_n, v_x.0, v_y.0) -> Com_2(eval_llvm.dbg.value_start(v_1, v_m, v_n, v_x.0, v_y.0), eval_speedNestedMultipleDep_5(v_1, v_m, v_n, v_x.0, v_y.0))
		(1, 1)    eval_speedNestedMultipleDep_5(v_1, v_m, v_n, v_x.0, v_y.0) -> Com_2(eval_llvm.dbg.value_start(v_1, v_m, v_n, v_x.0, v_y.0), eval_speedNestedMultipleDep_6(v_1, v_m, v_n, v_x.0, v_y.0))
		(1, 1)    eval_speedNestedMultipleDep_6(v_1, v_m, v_n, v_x.0, v_y.0) -> Com_1(eval_speedNestedMultipleDep_bb1_in(v_1, v_m, v_n, 0, v_y.0))
		(?, 1)    eval_speedNestedMultipleDep_bb1_in(v_1, v_m, v_n, v_x.0, v_y.0) -> Com_1(eval_speedNestedMultipleDep_bb2_in(v_1, v_m, v_n, v_x.0, v_y.0)) [ v_x.0 < v_n ]
		(?, 1)    eval_speedNestedMultipleDep_bb1_in(v_1, v_m, v_n, v_x.0, v_y.0) -> Com_1(eval_speedNestedMultipleDep_bb5_in(v_1, v_m, v_n, v_x.0, v_y.0)) [ v_x.0 >= v_n ]
		(?, 1)    eval_speedNestedMultipleDep_bb2_in(v_1, v_m, v_n, v_x.0, v_y.0) -> Com_1(eval_speedNestedMultipleDep_bb3_in(v_x.0 + 1, v_m, v_n, v_x.0, 0))
		(?, 1)    eval_speedNestedMultipleDep_bb3_in(v_1, v_m, v_n, v_x.0, v_y.0) -> Com_1(eval_speedNestedMultipleDep_bb4_in(v_1, v_m, v_n, v_x.0, v_y.0)) [ v_y.0 < v_m ]
		(?, 1)    eval_speedNestedMultipleDep_bb3_in(v_1, v_m, v_n, v_x.0, v_y.0) -> Com_1(eval_speedNestedMultipleDep_bb1_in(v_1, v_m, v_n, v_1, v_y.0)) [ v_y.0 >= v_m ]
		(?, 1)    eval_speedNestedMultipleDep_bb4_in(v_1, v_m, v_n, v_x.0, v_y.0) -> Com_1(eval_speedNestedMultipleDep_bb3_in(v_1, v_m, v_n, v_x.0, v_y.0 + 1))
		(?, 1)    eval_speedNestedMultipleDep_bb5_in(v_1, v_m, v_n, v_x.0, v_y.0) -> Com_1(eval_speedNestedMultipleDep_stop(v_1, v_m, v_n, v_x.0, v_y.0))
	start location:	eval_speedNestedMultipleDep_start
	leaf cost:	0

A polynomial rank function with
	Pol(eval_speedNestedMultipleDep_start) = 2
	Pol(eval_speedNestedMultipleDep_bb0_in) = 2
	Pol(eval_speedNestedMultipleDep_0) = 2
	Pol(eval_llvm.dbg.value_start) = 0
	Pol(eval_speedNestedMultipleDep_1) = 2
	Pol(eval_speedNestedMultipleDep_2) = 2
	Pol(eval_speedNestedMultipleDep_3) = 2
	Pol(eval_speedNestedMultipleDep_4) = 2
	Pol(eval_speedNestedMultipleDep_5) = 2
	Pol(eval_speedNestedMultipleDep_6) = 2
	Pol(eval_speedNestedMultipleDep_bb1_in) = 2
	Pol(eval_speedNestedMultipleDep_bb2_in) = 2
	Pol(eval_speedNestedMultipleDep_bb5_in) = 1
	Pol(eval_speedNestedMultipleDep_bb3_in) = 2
	Pol(eval_speedNestedMultipleDep_bb4_in) = 2
	Pol(eval_speedNestedMultipleDep_stop) = 0
orients all transitions weakly and the transitions
	eval_speedNestedMultipleDep_bb5_in(v_1, v_m, v_n, v_x.0, v_y.0) -> Com_1(eval_speedNestedMultipleDep_stop(v_1, v_m, v_n, v_x.0, v_y.0))
	eval_speedNestedMultipleDep_bb1_in(v_1, v_m, v_n, v_x.0, v_y.0) -> Com_1(eval_speedNestedMultipleDep_bb5_in(v_1, v_m, v_n, v_x.0, v_y.0)) [ v_x.0 >= v_n ]
strictly and produces the following problem:
3:	T:
		(1, 1)    eval_speedNestedMultipleDep_start(v_1, v_m, v_n, v_x.0, v_y.0) -> Com_1(eval_speedNestedMultipleDep_bb0_in(v_1, v_m, v_n, v_x.0, v_y.0))
		(1, 1)    eval_speedNestedMultipleDep_bb0_in(v_1, v_m, v_n, v_x.0, v_y.0) -> Com_1(eval_speedNestedMultipleDep_0(v_1, v_m, v_n, v_x.0, v_y.0))
		(1, 1)    eval_speedNestedMultipleDep_0(v_1, v_m, v_n, v_x.0, v_y.0) -> Com_2(eval_llvm.dbg.value_start(v_1, v_m, v_n, v_x.0, v_y.0), eval_speedNestedMultipleDep_1(v_1, v_m, v_n, v_x.0, v_y.0))
		(1, 1)    eval_speedNestedMultipleDep_1(v_1, v_m, v_n, v_x.0, v_y.0) -> Com_2(eval_llvm.dbg.value_start(v_1, v_m, v_n, v_x.0, v_y.0), eval_speedNestedMultipleDep_2(v_1, v_m, v_n, v_x.0, v_y.0))
		(1, 1)    eval_speedNestedMultipleDep_2(v_1, v_m, v_n, v_x.0, v_y.0) -> Com_2(eval_llvm.dbg.value_start(v_1, v_m, v_n, v_x.0, v_y.0), eval_speedNestedMultipleDep_3(v_1, v_m, v_n, v_x.0, v_y.0))
		(1, 1)    eval_speedNestedMultipleDep_3(v_1, v_m, v_n, v_x.0, v_y.0) -> Com_2(eval_llvm.dbg.value_start(v_1, v_m, v_n, v_x.0, v_y.0), eval_speedNestedMultipleDep_4(v_1, v_m, v_n, v_x.0, v_y.0))
		(1, 1)    eval_speedNestedMultipleDep_4(v_1, v_m, v_n, v_x.0, v_y.0) -> Com_2(eval_llvm.dbg.value_start(v_1, v_m, v_n, v_x.0, v_y.0), eval_speedNestedMultipleDep_5(v_1, v_m, v_n, v_x.0, v_y.0))
		(1, 1)    eval_speedNestedMultipleDep_5(v_1, v_m, v_n, v_x.0, v_y.0) -> Com_2(eval_llvm.dbg.value_start(v_1, v_m, v_n, v_x.0, v_y.0), eval_speedNestedMultipleDep_6(v_1, v_m, v_n, v_x.0, v_y.0))
		(1, 1)    eval_speedNestedMultipleDep_6(v_1, v_m, v_n, v_x.0, v_y.0) -> Com_1(eval_speedNestedMultipleDep_bb1_in(v_1, v_m, v_n, 0, v_y.0))
		(?, 1)    eval_speedNestedMultipleDep_bb1_in(v_1, v_m, v_n, v_x.0, v_y.0) -> Com_1(eval_speedNestedMultipleDep_bb2_in(v_1, v_m, v_n, v_x.0, v_y.0)) [ v_x.0 < v_n ]
		(2, 1)    eval_speedNestedMultipleDep_bb1_in(v_1, v_m, v_n, v_x.0, v_y.0) -> Com_1(eval_speedNestedMultipleDep_bb5_in(v_1, v_m, v_n, v_x.0, v_y.0)) [ v_x.0 >= v_n ]
		(?, 1)    eval_speedNestedMultipleDep_bb2_in(v_1, v_m, v_n, v_x.0, v_y.0) -> Com_1(eval_speedNestedMultipleDep_bb3_in(v_x.0 + 1, v_m, v_n, v_x.0, 0))
		(?, 1)    eval_speedNestedMultipleDep_bb3_in(v_1, v_m, v_n, v_x.0, v_y.0) -> Com_1(eval_speedNestedMultipleDep_bb4_in(v_1, v_m, v_n, v_x.0, v_y.0)) [ v_y.0 < v_m ]
		(?, 1)    eval_speedNestedMultipleDep_bb3_in(v_1, v_m, v_n, v_x.0, v_y.0) -> Com_1(eval_speedNestedMultipleDep_bb1_in(v_1, v_m, v_n, v_1, v_y.0)) [ v_y.0 >= v_m ]
		(?, 1)    eval_speedNestedMultipleDep_bb4_in(v_1, v_m, v_n, v_x.0, v_y.0) -> Com_1(eval_speedNestedMultipleDep_bb3_in(v_1, v_m, v_n, v_x.0, v_y.0 + 1))
		(2, 1)    eval_speedNestedMultipleDep_bb5_in(v_1, v_m, v_n, v_x.0, v_y.0) -> Com_1(eval_speedNestedMultipleDep_stop(v_1, v_m, v_n, v_x.0, v_y.0))
	start location:	eval_speedNestedMultipleDep_start
	leaf cost:	0

A polynomial rank function with
	Pol(eval_speedNestedMultipleDep_bb4_in) = -V_1 + V_3
	Pol(eval_speedNestedMultipleDep_bb3_in) = -V_1 + V_3
	Pol(eval_speedNestedMultipleDep_bb1_in) = V_3 - V_4
	Pol(eval_speedNestedMultipleDep_bb2_in) = V_3 - V_4 - 1
and size complexities
	S("eval_speedNestedMultipleDep_bb5_in(v_1, v_m, v_n, v_x.0, v_y.0) -> Com_1(eval_speedNestedMultipleDep_stop(v_1, v_m, v_n, v_x.0, v_y.0))", 0-0) = ?
	S("eval_speedNestedMultipleDep_bb5_in(v_1, v_m, v_n, v_x.0, v_y.0) -> Com_1(eval_speedNestedMultipleDep_stop(v_1, v_m, v_n, v_x.0, v_y.0))", 0-1) = v_m
	S("eval_speedNestedMultipleDep_bb5_in(v_1, v_m, v_n, v_x.0, v_y.0) -> Com_1(eval_speedNestedMultipleDep_stop(v_1, v_m, v_n, v_x.0, v_y.0))", 0-2) = v_n
	S("eval_speedNestedMultipleDep_bb5_in(v_1, v_m, v_n, v_x.0, v_y.0) -> Com_1(eval_speedNestedMultipleDep_stop(v_1, v_m, v_n, v_x.0, v_y.0))", 0-3) = ?
	S("eval_speedNestedMultipleDep_bb5_in(v_1, v_m, v_n, v_x.0, v_y.0) -> Com_1(eval_speedNestedMultipleDep_stop(v_1, v_m, v_n, v_x.0, v_y.0))", 0-4) = ?
	S("eval_speedNestedMultipleDep_bb4_in(v_1, v_m, v_n, v_x.0, v_y.0) -> Com_1(eval_speedNestedMultipleDep_bb3_in(v_1, v_m, v_n, v_x.0, v_y.0 + 1))", 0-0) = ?
	S("eval_speedNestedMultipleDep_bb4_in(v_1, v_m, v_n, v_x.0, v_y.0) -> Com_1(eval_speedNestedMultipleDep_bb3_in(v_1, v_m, v_n, v_x.0, v_y.0 + 1))", 0-1) = v_m
	S("eval_speedNestedMultipleDep_bb4_in(v_1, v_m, v_n, v_x.0, v_y.0) -> Com_1(eval_speedNestedMultipleDep_bb3_in(v_1, v_m, v_n, v_x.0, v_y.0 + 1))", 0-2) = v_n
	S("eval_speedNestedMultipleDep_bb4_in(v_1, v_m, v_n, v_x.0, v_y.0) -> Com_1(eval_speedNestedMultipleDep_bb3_in(v_1, v_m, v_n, v_x.0, v_y.0 + 1))", 0-3) = ?
	S("eval_speedNestedMultipleDep_bb4_in(v_1, v_m, v_n, v_x.0, v_y.0) -> Com_1(eval_speedNestedMultipleDep_bb3_in(v_1, v_m, v_n, v_x.0, v_y.0 + 1))", 0-4) = ?
	S("eval_speedNestedMultipleDep_bb3_in(v_1, v_m, v_n, v_x.0, v_y.0) -> Com_1(eval_speedNestedMultipleDep_bb1_in(v_1, v_m, v_n, v_1, v_y.0)) [ v_y.0 >= v_m ]", 0-0) = ?
	S("eval_speedNestedMultipleDep_bb3_in(v_1, v_m, v_n, v_x.0, v_y.0) -> Com_1(eval_speedNestedMultipleDep_bb1_in(v_1, v_m, v_n, v_1, v_y.0)) [ v_y.0 >= v_m ]", 0-1) = v_m
	S("eval_speedNestedMultipleDep_bb3_in(v_1, v_m, v_n, v_x.0, v_y.0) -> Com_1(eval_speedNestedMultipleDep_bb1_in(v_1, v_m, v_n, v_1, v_y.0)) [ v_y.0 >= v_m ]", 0-2) = v_n
	S("eval_speedNestedMultipleDep_bb3_in(v_1, v_m, v_n, v_x.0, v_y.0) -> Com_1(eval_speedNestedMultipleDep_bb1_in(v_1, v_m, v_n, v_1, v_y.0)) [ v_y.0 >= v_m ]", 0-3) = ?
	S("eval_speedNestedMultipleDep_bb3_in(v_1, v_m, v_n, v_x.0, v_y.0) -> Com_1(eval_speedNestedMultipleDep_bb1_in(v_1, v_m, v_n, v_1, v_y.0)) [ v_y.0 >= v_m ]", 0-4) = ?
	S("eval_speedNestedMultipleDep_bb3_in(v_1, v_m, v_n, v_x.0, v_y.0) -> Com_1(eval_speedNestedMultipleDep_bb4_in(v_1, v_m, v_n, v_x.0, v_y.0)) [ v_y.0 < v_m ]", 0-0) = ?
	S("eval_speedNestedMultipleDep_bb3_in(v_1, v_m, v_n, v_x.0, v_y.0) -> Com_1(eval_speedNestedMultipleDep_bb4_in(v_1, v_m, v_n, v_x.0, v_y.0)) [ v_y.0 < v_m ]", 0-1) = v_m
	S("eval_speedNestedMultipleDep_bb3_in(v_1, v_m, v_n, v_x.0, v_y.0) -> Com_1(eval_speedNestedMultipleDep_bb4_in(v_1, v_m, v_n, v_x.0, v_y.0)) [ v_y.0 < v_m ]", 0-2) = v_n
	S("eval_speedNestedMultipleDep_bb3_in(v_1, v_m, v_n, v_x.0, v_y.0) -> Com_1(eval_speedNestedMultipleDep_bb4_in(v_1, v_m, v_n, v_x.0, v_y.0)) [ v_y.0 < v_m ]", 0-3) = ?
	S("eval_speedNestedMultipleDep_bb3_in(v_1, v_m, v_n, v_x.0, v_y.0) -> Com_1(eval_speedNestedMultipleDep_bb4_in(v_1, v_m, v_n, v_x.0, v_y.0)) [ v_y.0 < v_m ]", 0-4) = ?
	S("eval_speedNestedMultipleDep_bb2_in(v_1, v_m, v_n, v_x.0, v_y.0) -> Com_1(eval_speedNestedMultipleDep_bb3_in(v_x.0 + 1, v_m, v_n, v_x.0, 0))", 0-0) = ?
	S("eval_speedNestedMultipleDep_bb2_in(v_1, v_m, v_n, v_x.0, v_y.0) -> Com_1(eval_speedNestedMultipleDep_bb3_in(v_x.0 + 1, v_m, v_n, v_x.0, 0))", 0-1) = v_m
	S("eval_speedNestedMultipleDep_bb2_in(v_1, v_m, v_n, v_x.0, v_y.0) -> Com_1(eval_speedNestedMultipleDep_bb3_in(v_x.0 + 1, v_m, v_n, v_x.0, 0))", 0-2) = v_n
	S("eval_speedNestedMultipleDep_bb2_in(v_1, v_m, v_n, v_x.0, v_y.0) -> Com_1(eval_speedNestedMultipleDep_bb3_in(v_x.0 + 1, v_m, v_n, v_x.0, 0))", 0-3) = ?
	S("eval_speedNestedMultipleDep_bb2_in(v_1, v_m, v_n, v_x.0, v_y.0) -> Com_1(eval_speedNestedMultipleDep_bb3_in(v_x.0 + 1, v_m, v_n, v_x.0, 0))", 0-4) = 0
	S("eval_speedNestedMultipleDep_bb1_in(v_1, v_m, v_n, v_x.0, v_y.0) -> Com_1(eval_speedNestedMultipleDep_bb5_in(v_1, v_m, v_n, v_x.0, v_y.0)) [ v_x.0 >= v_n ]", 0-0) = ?
	S("eval_speedNestedMultipleDep_bb1_in(v_1, v_m, v_n, v_x.0, v_y.0) -> Com_1(eval_speedNestedMultipleDep_bb5_in(v_1, v_m, v_n, v_x.0, v_y.0)) [ v_x.0 >= v_n ]", 0-1) = v_m
	S("eval_speedNestedMultipleDep_bb1_in(v_1, v_m, v_n, v_x.0, v_y.0) -> Com_1(eval_speedNestedMultipleDep_bb5_in(v_1, v_m, v_n, v_x.0, v_y.0)) [ v_x.0 >= v_n ]", 0-2) = v_n
	S("eval_speedNestedMultipleDep_bb1_in(v_1, v_m, v_n, v_x.0, v_y.0) -> Com_1(eval_speedNestedMultipleDep_bb5_in(v_1, v_m, v_n, v_x.0, v_y.0)) [ v_x.0 >= v_n ]", 0-3) = ?
	S("eval_speedNestedMultipleDep_bb1_in(v_1, v_m, v_n, v_x.0, v_y.0) -> Com_1(eval_speedNestedMultipleDep_bb5_in(v_1, v_m, v_n, v_x.0, v_y.0)) [ v_x.0 >= v_n ]", 0-4) = ?
	S("eval_speedNestedMultipleDep_bb1_in(v_1, v_m, v_n, v_x.0, v_y.0) -> Com_1(eval_speedNestedMultipleDep_bb2_in(v_1, v_m, v_n, v_x.0, v_y.0)) [ v_x.0 < v_n ]", 0-0) = ?
	S("eval_speedNestedMultipleDep_bb1_in(v_1, v_m, v_n, v_x.0, v_y.0) -> Com_1(eval_speedNestedMultipleDep_bb2_in(v_1, v_m, v_n, v_x.0, v_y.0)) [ v_x.0 < v_n ]", 0-1) = v_m
	S("eval_speedNestedMultipleDep_bb1_in(v_1, v_m, v_n, v_x.0, v_y.0) -> Com_1(eval_speedNestedMultipleDep_bb2_in(v_1, v_m, v_n, v_x.0, v_y.0)) [ v_x.0 < v_n ]", 0-2) = v_n
	S("eval_speedNestedMultipleDep_bb1_in(v_1, v_m, v_n, v_x.0, v_y.0) -> Com_1(eval_speedNestedMultipleDep_bb2_in(v_1, v_m, v_n, v_x.0, v_y.0)) [ v_x.0 < v_n ]", 0-3) = ?
	S("eval_speedNestedMultipleDep_bb1_in(v_1, v_m, v_n, v_x.0, v_y.0) -> Com_1(eval_speedNestedMultipleDep_bb2_in(v_1, v_m, v_n, v_x.0, v_y.0)) [ v_x.0 < v_n ]", 0-4) = ?
	S("eval_speedNestedMultipleDep_6(v_1, v_m, v_n, v_x.0, v_y.0) -> Com_1(eval_speedNestedMultipleDep_bb1_in(v_1, v_m, v_n, 0, v_y.0))", 0-0) = v_1
	S("eval_speedNestedMultipleDep_6(v_1, v_m, v_n, v_x.0, v_y.0) -> Com_1(eval_speedNestedMultipleDep_bb1_in(v_1, v_m, v_n, 0, v_y.0))", 0-1) = v_m
	S("eval_speedNestedMultipleDep_6(v_1, v_m, v_n, v_x.0, v_y.0) -> Com_1(eval_speedNestedMultipleDep_bb1_in(v_1, v_m, v_n, 0, v_y.0))", 0-2) = v_n
	S("eval_speedNestedMultipleDep_6(v_1, v_m, v_n, v_x.0, v_y.0) -> Com_1(eval_speedNestedMultipleDep_bb1_in(v_1, v_m, v_n, 0, v_y.0))", 0-3) = 0
	S("eval_speedNestedMultipleDep_6(v_1, v_m, v_n, v_x.0, v_y.0) -> Com_1(eval_speedNestedMultipleDep_bb1_in(v_1, v_m, v_n, 0, v_y.0))", 0-4) = v_y.0
	S("eval_speedNestedMultipleDep_5(v_1, v_m, v_n, v_x.0, v_y.0) -> Com_2(eval_llvm.dbg.value_start(v_1, v_m, v_n, v_x.0, v_y.0), eval_speedNestedMultipleDep_6(v_1, v_m, v_n, v_x.0, v_y.0))", 0-0) = v_1
	S("eval_speedNestedMultipleDep_5(v_1, v_m, v_n, v_x.0, v_y.0) -> Com_2(eval_llvm.dbg.value_start(v_1, v_m, v_n, v_x.0, v_y.0), eval_speedNestedMultipleDep_6(v_1, v_m, v_n, v_x.0, v_y.0))", 0-1) = v_m
	S("eval_speedNestedMultipleDep_5(v_1, v_m, v_n, v_x.0, v_y.0) -> Com_2(eval_llvm.dbg.value_start(v_1, v_m, v_n, v_x.0, v_y.0), eval_speedNestedMultipleDep_6(v_1, v_m, v_n, v_x.0, v_y.0))", 0-2) = v_n
	S("eval_speedNestedMultipleDep_5(v_1, v_m, v_n, v_x.0, v_y.0) -> Com_2(eval_llvm.dbg.value_start(v_1, v_m, v_n, v_x.0, v_y.0), eval_speedNestedMultipleDep_6(v_1, v_m, v_n, v_x.0, v_y.0))", 0-3) = v_x.0
	S("eval_speedNestedMultipleDep_5(v_1, v_m, v_n, v_x.0, v_y.0) -> Com_2(eval_llvm.dbg.value_start(v_1, v_m, v_n, v_x.0, v_y.0), eval_speedNestedMultipleDep_6(v_1, v_m, v_n, v_x.0, v_y.0))", 0-4) = v_y.0
	S("eval_speedNestedMultipleDep_5(v_1, v_m, v_n, v_x.0, v_y.0) -> Com_2(eval_llvm.dbg.value_start(v_1, v_m, v_n, v_x.0, v_y.0), eval_speedNestedMultipleDep_6(v_1, v_m, v_n, v_x.0, v_y.0))", 1-0) = v_1
	S("eval_speedNestedMultipleDep_5(v_1, v_m, v_n, v_x.0, v_y.0) -> Com_2(eval_llvm.dbg.value_start(v_1, v_m, v_n, v_x.0, v_y.0), eval_speedNestedMultipleDep_6(v_1, v_m, v_n, v_x.0, v_y.0))", 1-1) = v_m
	S("eval_speedNestedMultipleDep_5(v_1, v_m, v_n, v_x.0, v_y.0) -> Com_2(eval_llvm.dbg.value_start(v_1, v_m, v_n, v_x.0, v_y.0), eval_speedNestedMultipleDep_6(v_1, v_m, v_n, v_x.0, v_y.0))", 1-2) = v_n
	S("eval_speedNestedMultipleDep_5(v_1, v_m, v_n, v_x.0, v_y.0) -> Com_2(eval_llvm.dbg.value_start(v_1, v_m, v_n, v_x.0, v_y.0), eval_speedNestedMultipleDep_6(v_1, v_m, v_n, v_x.0, v_y.0))", 1-3) = v_x.0
	S("eval_speedNestedMultipleDep_5(v_1, v_m, v_n, v_x.0, v_y.0) -> Com_2(eval_llvm.dbg.value_start(v_1, v_m, v_n, v_x.0, v_y.0), eval_speedNestedMultipleDep_6(v_1, v_m, v_n, v_x.0, v_y.0))", 1-4) = v_y.0
	S("eval_speedNestedMultipleDep_4(v_1, v_m, v_n, v_x.0, v_y.0) -> Com_2(eval_llvm.dbg.value_start(v_1, v_m, v_n, v_x.0, v_y.0), eval_speedNestedMultipleDep_5(v_1, v_m, v_n, v_x.0, v_y.0))", 0-0) = v_1
	S("eval_speedNestedMultipleDep_4(v_1, v_m, v_n, v_x.0, v_y.0) -> Com_2(eval_llvm.dbg.value_start(v_1, v_m, v_n, v_x.0, v_y.0), eval_speedNestedMultipleDep_5(v_1, v_m, v_n, v_x.0, v_y.0))", 0-1) = v_m
	S("eval_speedNestedMultipleDep_4(v_1, v_m, v_n, v_x.0, v_y.0) -> Com_2(eval_llvm.dbg.value_start(v_1, v_m, v_n, v_x.0, v_y.0), eval_speedNestedMultipleDep_5(v_1, v_m, v_n, v_x.0, v_y.0))", 0-2) = v_n
	S("eval_speedNestedMultipleDep_4(v_1, v_m, v_n, v_x.0, v_y.0) -> Com_2(eval_llvm.dbg.value_start(v_1, v_m, v_n, v_x.0, v_y.0), eval_speedNestedMultipleDep_5(v_1, v_m, v_n, v_x.0, v_y.0))", 0-3) = v_x.0
	S("eval_speedNestedMultipleDep_4(v_1, v_m, v_n, v_x.0, v_y.0) -> Com_2(eval_llvm.dbg.value_start(v_1, v_m, v_n, v_x.0, v_y.0), eval_speedNestedMultipleDep_5(v_1, v_m, v_n, v_x.0, v_y.0))", 0-4) = v_y.0
	S("eval_speedNestedMultipleDep_4(v_1, v_m, v_n, v_x.0, v_y.0) -> Com_2(eval_llvm.dbg.value_start(v_1, v_m, v_n, v_x.0, v_y.0), eval_speedNestedMultipleDep_5(v_1, v_m, v_n, v_x.0, v_y.0))", 1-0) = v_1
	S("eval_speedNestedMultipleDep_4(v_1, v_m, v_n, v_x.0, v_y.0) -> Com_2(eval_llvm.dbg.value_start(v_1, v_m, v_n, v_x.0, v_y.0), eval_speedNestedMultipleDep_5(v_1, v_m, v_n, v_x.0, v_y.0))", 1-1) = v_m
	S("eval_speedNestedMultipleDep_4(v_1, v_m, v_n, v_x.0, v_y.0) -> Com_2(eval_llvm.dbg.value_start(v_1, v_m, v_n, v_x.0, v_y.0), eval_speedNestedMultipleDep_5(v_1, v_m, v_n, v_x.0, v_y.0))", 1-2) = v_n
	S("eval_speedNestedMultipleDep_4(v_1, v_m, v_n, v_x.0, v_y.0) -> Com_2(eval_llvm.dbg.value_start(v_1, v_m, v_n, v_x.0, v_y.0), eval_speedNestedMultipleDep_5(v_1, v_m, v_n, v_x.0, v_y.0))", 1-3) = v_x.0
	S("eval_speedNestedMultipleDep_4(v_1, v_m, v_n, v_x.0, v_y.0) -> Com_2(eval_llvm.dbg.value_start(v_1, v_m, v_n, v_x.0, v_y.0), eval_speedNestedMultipleDep_5(v_1, v_m, v_n, v_x.0, v_y.0))", 1-4) = v_y.0
	S("eval_speedNestedMultipleDep_3(v_1, v_m, v_n, v_x.0, v_y.0) -> Com_2(eval_llvm.dbg.value_start(v_1, v_m, v_n, v_x.0, v_y.0), eval_speedNestedMultipleDep_4(v_1, v_m, v_n, v_x.0, v_y.0))", 0-0) = v_1
	S("eval_speedNestedMultipleDep_3(v_1, v_m, v_n, v_x.0, v_y.0) -> Com_2(eval_llvm.dbg.value_start(v_1, v_m, v_n, v_x.0, v_y.0), eval_speedNestedMultipleDep_4(v_1, v_m, v_n, v_x.0, v_y.0))", 0-1) = v_m
	S("eval_speedNestedMultipleDep_3(v_1, v_m, v_n, v_x.0, v_y.0) -> Com_2(eval_llvm.dbg.value_start(v_1, v_m, v_n, v_x.0, v_y.0), eval_speedNestedMultipleDep_4(v_1, v_m, v_n, v_x.0, v_y.0))", 0-2) = v_n
	S("eval_speedNestedMultipleDep_3(v_1, v_m, v_n, v_x.0, v_y.0) -> Com_2(eval_llvm.dbg.value_start(v_1, v_m, v_n, v_x.0, v_y.0), eval_speedNestedMultipleDep_4(v_1, v_m, v_n, v_x.0, v_y.0))", 0-3) = v_x.0
	S("eval_speedNestedMultipleDep_3(v_1, v_m, v_n, v_x.0, v_y.0) -> Com_2(eval_llvm.dbg.value_start(v_1, v_m, v_n, v_x.0, v_y.0), eval_speedNestedMultipleDep_4(v_1, v_m, v_n, v_x.0, v_y.0))", 0-4) = v_y.0
	S("eval_speedNestedMultipleDep_3(v_1, v_m, v_n, v_x.0, v_y.0) -> Com_2(eval_llvm.dbg.value_start(v_1, v_m, v_n, v_x.0, v_y.0), eval_speedNestedMultipleDep_4(v_1, v_m, v_n, v_x.0, v_y.0))", 1-0) = v_1
	S("eval_speedNestedMultipleDep_3(v_1, v_m, v_n, v_x.0, v_y.0) -> Com_2(eval_llvm.dbg.value_start(v_1, v_m, v_n, v_x.0, v_y.0), eval_speedNestedMultipleDep_4(v_1, v_m, v_n, v_x.0, v_y.0))", 1-1) = v_m
	S("eval_speedNestedMultipleDep_3(v_1, v_m, v_n, v_x.0, v_y.0) -> Com_2(eval_llvm.dbg.value_start(v_1, v_m, v_n, v_x.0, v_y.0), eval_speedNestedMultipleDep_4(v_1, v_m, v_n, v_x.0, v_y.0))", 1-2) = v_n
	S("eval_speedNestedMultipleDep_3(v_1, v_m, v_n, v_x.0, v_y.0) -> Com_2(eval_llvm.dbg.value_start(v_1, v_m, v_n, v_x.0, v_y.0), eval_speedNestedMultipleDep_4(v_1, v_m, v_n, v_x.0, v_y.0))", 1-3) = v_x.0
	S("eval_speedNestedMultipleDep_3(v_1, v_m, v_n, v_x.0, v_y.0) -> Com_2(eval_llvm.dbg.value_start(v_1, v_m, v_n, v_x.0, v_y.0), eval_speedNestedMultipleDep_4(v_1, v_m, v_n, v_x.0, v_y.0))", 1-4) = v_y.0
	S("eval_speedNestedMultipleDep_2(v_1, v_m, v_n, v_x.0, v_y.0) -> Com_2(eval_llvm.dbg.value_start(v_1, v_m, v_n, v_x.0, v_y.0), eval_speedNestedMultipleDep_3(v_1, v_m, v_n, v_x.0, v_y.0))", 0-0) = v_1
	S("eval_speedNestedMultipleDep_2(v_1, v_m, v_n, v_x.0, v_y.0) -> Com_2(eval_llvm.dbg.value_start(v_1, v_m, v_n, v_x.0, v_y.0), eval_speedNestedMultipleDep_3(v_1, v_m, v_n, v_x.0, v_y.0))", 0-1) = v_m
	S("eval_speedNestedMultipleDep_2(v_1, v_m, v_n, v_x.0, v_y.0) -> Com_2(eval_llvm.dbg.value_start(v_1, v_m, v_n, v_x.0, v_y.0), eval_speedNestedMultipleDep_3(v_1, v_m, v_n, v_x.0, v_y.0))", 0-2) = v_n
	S("eval_speedNestedMultipleDep_2(v_1, v_m, v_n, v_x.0, v_y.0) -> Com_2(eval_llvm.dbg.value_start(v_1, v_m, v_n, v_x.0, v_y.0), eval_speedNestedMultipleDep_3(v_1, v_m, v_n, v_x.0, v_y.0))", 0-3) = v_x.0
	S("eval_speedNestedMultipleDep_2(v_1, v_m, v_n, v_x.0, v_y.0) -> Com_2(eval_llvm.dbg.value_start(v_1, v_m, v_n, v_x.0, v_y.0), eval_speedNestedMultipleDep_3(v_1, v_m, v_n, v_x.0, v_y.0))", 0-4) = v_y.0
	S("eval_speedNestedMultipleDep_2(v_1, v_m, v_n, v_x.0, v_y.0) -> Com_2(eval_llvm.dbg.value_start(v_1, v_m, v_n, v_x.0, v_y.0), eval_speedNestedMultipleDep_3(v_1, v_m, v_n, v_x.0, v_y.0))", 1-0) = v_1
	S("eval_speedNestedMultipleDep_2(v_1, v_m, v_n, v_x.0, v_y.0) -> Com_2(eval_llvm.dbg.value_start(v_1, v_m, v_n, v_x.0, v_y.0), eval_speedNestedMultipleDep_3(v_1, v_m, v_n, v_x.0, v_y.0))", 1-1) = v_m
	S("eval_speedNestedMultipleDep_2(v_1, v_m, v_n, v_x.0, v_y.0) -> Com_2(eval_llvm.dbg.value_start(v_1, v_m, v_n, v_x.0, v_y.0), eval_speedNestedMultipleDep_3(v_1, v_m, v_n, v_x.0, v_y.0))", 1-2) = v_n
	S("eval_speedNestedMultipleDep_2(v_1, v_m, v_n, v_x.0, v_y.0) -> Com_2(eval_llvm.dbg.value_start(v_1, v_m, v_n, v_x.0, v_y.0), eval_speedNestedMultipleDep_3(v_1, v_m, v_n, v_x.0, v_y.0))", 1-3) = v_x.0
	S("eval_speedNestedMultipleDep_2(v_1, v_m, v_n, v_x.0, v_y.0) -> Com_2(eval_llvm.dbg.value_start(v_1, v_m, v_n, v_x.0, v_y.0), eval_speedNestedMultipleDep_3(v_1, v_m, v_n, v_x.0, v_y.0))", 1-4) = v_y.0
	S("eval_speedNestedMultipleDep_1(v_1, v_m, v_n, v_x.0, v_y.0) -> Com_2(eval_llvm.dbg.value_start(v_1, v_m, v_n, v_x.0, v_y.0), eval_speedNestedMultipleDep_2(v_1, v_m, v_n, v_x.0, v_y.0))", 0-0) = v_1
	S("eval_speedNestedMultipleDep_1(v_1, v_m, v_n, v_x.0, v_y.0) -> Com_2(eval_llvm.dbg.value_start(v_1, v_m, v_n, v_x.0, v_y.0), eval_speedNestedMultipleDep_2(v_1, v_m, v_n, v_x.0, v_y.0))", 0-1) = v_m
	S("eval_speedNestedMultipleDep_1(v_1, v_m, v_n, v_x.0, v_y.0) -> Com_2(eval_llvm.dbg.value_start(v_1, v_m, v_n, v_x.0, v_y.0), eval_speedNestedMultipleDep_2(v_1, v_m, v_n, v_x.0, v_y.0))", 0-2) = v_n
	S("eval_speedNestedMultipleDep_1(v_1, v_m, v_n, v_x.0, v_y.0) -> Com_2(eval_llvm.dbg.value_start(v_1, v_m, v_n, v_x.0, v_y.0), eval_speedNestedMultipleDep_2(v_1, v_m, v_n, v_x.0, v_y.0))", 0-3) = v_x.0
	S("eval_speedNestedMultipleDep_1(v_1, v_m, v_n, v_x.0, v_y.0) -> Com_2(eval_llvm.dbg.value_start(v_1, v_m, v_n, v_x.0, v_y.0), eval_speedNestedMultipleDep_2(v_1, v_m, v_n, v_x.0, v_y.0))", 0-4) = v_y.0
	S("eval_speedNestedMultipleDep_1(v_1, v_m, v_n, v_x.0, v_y.0) -> Com_2(eval_llvm.dbg.value_start(v_1, v_m, v_n, v_x.0, v_y.0), eval_speedNestedMultipleDep_2(v_1, v_m, v_n, v_x.0, v_y.0))", 1-0) = v_1
	S("eval_speedNestedMultipleDep_1(v_1, v_m, v_n, v_x.0, v_y.0) -> Com_2(eval_llvm.dbg.value_start(v_1, v_m, v_n, v_x.0, v_y.0), eval_speedNestedMultipleDep_2(v_1, v_m, v_n, v_x.0, v_y.0))", 1-1) = v_m
	S("eval_speedNestedMultipleDep_1(v_1, v_m, v_n, v_x.0, v_y.0) -> Com_2(eval_llvm.dbg.value_start(v_1, v_m, v_n, v_x.0, v_y.0), eval_speedNestedMultipleDep_2(v_1, v_m, v_n, v_x.0, v_y.0))", 1-2) = v_n
	S("eval_speedNestedMultipleDep_1(v_1, v_m, v_n, v_x.0, v_y.0) -> Com_2(eval_llvm.dbg.value_start(v_1, v_m, v_n, v_x.0, v_y.0), eval_speedNestedMultipleDep_2(v_1, v_m, v_n, v_x.0, v_y.0))", 1-3) = v_x.0
	S("eval_speedNestedMultipleDep_1(v_1, v_m, v_n, v_x.0, v_y.0) -> Com_2(eval_llvm.dbg.value_start(v_1, v_m, v_n, v_x.0, v_y.0), eval_speedNestedMultipleDep_2(v_1, v_m, v_n, v_x.0, v_y.0))", 1-4) = v_y.0
	S("eval_speedNestedMultipleDep_0(v_1, v_m, v_n, v_x.0, v_y.0) -> Com_2(eval_llvm.dbg.value_start(v_1, v_m, v_n, v_x.0, v_y.0), eval_speedNestedMultipleDep_1(v_1, v_m, v_n, v_x.0, v_y.0))", 0-0) = v_1
	S("eval_speedNestedMultipleDep_0(v_1, v_m, v_n, v_x.0, v_y.0) -> Com_2(eval_llvm.dbg.value_start(v_1, v_m, v_n, v_x.0, v_y.0), eval_speedNestedMultipleDep_1(v_1, v_m, v_n, v_x.0, v_y.0))", 0-1) = v_m
	S("eval_speedNestedMultipleDep_0(v_1, v_m, v_n, v_x.0, v_y.0) -> Com_2(eval_llvm.dbg.value_start(v_1, v_m, v_n, v_x.0, v_y.0), eval_speedNestedMultipleDep_1(v_1, v_m, v_n, v_x.0, v_y.0))", 0-2) = v_n
	S("eval_speedNestedMultipleDep_0(v_1, v_m, v_n, v_x.0, v_y.0) -> Com_2(eval_llvm.dbg.value_start(v_1, v_m, v_n, v_x.0, v_y.0), eval_speedNestedMultipleDep_1(v_1, v_m, v_n, v_x.0, v_y.0))", 0-3) = v_x.0
	S("eval_speedNestedMultipleDep_0(v_1, v_m, v_n, v_x.0, v_y.0) -> Com_2(eval_llvm.dbg.value_start(v_1, v_m, v_n, v_x.0, v_y.0), eval_speedNestedMultipleDep_1(v_1, v_m, v_n, v_x.0, v_y.0))", 0-4) = v_y.0
	S("eval_speedNestedMultipleDep_0(v_1, v_m, v_n, v_x.0, v_y.0) -> Com_2(eval_llvm.dbg.value_start(v_1, v_m, v_n, v_x.0, v_y.0), eval_speedNestedMultipleDep_1(v_1, v_m, v_n, v_x.0, v_y.0))", 1-0) = v_1
	S("eval_speedNestedMultipleDep_0(v_1, v_m, v_n, v_x.0, v_y.0) -> Com_2(eval_llvm.dbg.value_start(v_1, v_m, v_n, v_x.0, v_y.0), eval_speedNestedMultipleDep_1(v_1, v_m, v_n, v_x.0, v_y.0))", 1-1) = v_m
	S("eval_speedNestedMultipleDep_0(v_1, v_m, v_n, v_x.0, v_y.0) -> Com_2(eval_llvm.dbg.value_start(v_1, v_m, v_n, v_x.0, v_y.0), eval_speedNestedMultipleDep_1(v_1, v_m, v_n, v_x.0, v_y.0))", 1-2) = v_n
	S("eval_speedNestedMultipleDep_0(v_1, v_m, v_n, v_x.0, v_y.0) -> Com_2(eval_llvm.dbg.value_start(v_1, v_m, v_n, v_x.0, v_y.0), eval_speedNestedMultipleDep_1(v_1, v_m, v_n, v_x.0, v_y.0))", 1-3) = v_x.0
	S("eval_speedNestedMultipleDep_0(v_1, v_m, v_n, v_x.0, v_y.0) -> Com_2(eval_llvm.dbg.value_start(v_1, v_m, v_n, v_x.0, v_y.0), eval_speedNestedMultipleDep_1(v_1, v_m, v_n, v_x.0, v_y.0))", 1-4) = v_y.0
	S("eval_speedNestedMultipleDep_bb0_in(v_1, v_m, v_n, v_x.0, v_y.0) -> Com_1(eval_speedNestedMultipleDep_0(v_1, v_m, v_n, v_x.0, v_y.0))", 0-0) = v_1
	S("eval_speedNestedMultipleDep_bb0_in(v_1, v_m, v_n, v_x.0, v_y.0) -> Com_1(eval_speedNestedMultipleDep_0(v_1, v_m, v_n, v_x.0, v_y.0))", 0-1) = v_m
	S("eval_speedNestedMultipleDep_bb0_in(v_1, v_m, v_n, v_x.0, v_y.0) -> Com_1(eval_speedNestedMultipleDep_0(v_1, v_m, v_n, v_x.0, v_y.0))", 0-2) = v_n
	S("eval_speedNestedMultipleDep_bb0_in(v_1, v_m, v_n, v_x.0, v_y.0) -> Com_1(eval_speedNestedMultipleDep_0(v_1, v_m, v_n, v_x.0, v_y.0))", 0-3) = v_x.0
	S("eval_speedNestedMultipleDep_bb0_in(v_1, v_m, v_n, v_x.0, v_y.0) -> Com_1(eval_speedNestedMultipleDep_0(v_1, v_m, v_n, v_x.0, v_y.0))", 0-4) = v_y.0
	S("eval_speedNestedMultipleDep_start(v_1, v_m, v_n, v_x.0, v_y.0) -> Com_1(eval_speedNestedMultipleDep_bb0_in(v_1, v_m, v_n, v_x.0, v_y.0))", 0-0) = v_1
	S("eval_speedNestedMultipleDep_start(v_1, v_m, v_n, v_x.0, v_y.0) -> Com_1(eval_speedNestedMultipleDep_bb0_in(v_1, v_m, v_n, v_x.0, v_y.0))", 0-1) = v_m
	S("eval_speedNestedMultipleDep_start(v_1, v_m, v_n, v_x.0, v_y.0) -> Com_1(eval_speedNestedMultipleDep_bb0_in(v_1, v_m, v_n, v_x.0, v_y.0))", 0-2) = v_n
	S("eval_speedNestedMultipleDep_start(v_1, v_m, v_n, v_x.0, v_y.0) -> Com_1(eval_speedNestedMultipleDep_bb0_in(v_1, v_m, v_n, v_x.0, v_y.0))", 0-3) = v_x.0
	S("eval_speedNestedMultipleDep_start(v_1, v_m, v_n, v_x.0, v_y.0) -> Com_1(eval_speedNestedMultipleDep_bb0_in(v_1, v_m, v_n, v_x.0, v_y.0))", 0-4) = v_y.0
orients the transitions
	eval_speedNestedMultipleDep_bb4_in(v_1, v_m, v_n, v_x.0, v_y.0) -> Com_1(eval_speedNestedMultipleDep_bb3_in(v_1, v_m, v_n, v_x.0, v_y.0 + 1))
	eval_speedNestedMultipleDep_bb3_in(v_1, v_m, v_n, v_x.0, v_y.0) -> Com_1(eval_speedNestedMultipleDep_bb4_in(v_1, v_m, v_n, v_x.0, v_y.0)) [ v_y.0 < v_m ]
	eval_speedNestedMultipleDep_bb3_in(v_1, v_m, v_n, v_x.0, v_y.0) -> Com_1(eval_speedNestedMultipleDep_bb1_in(v_1, v_m, v_n, v_1, v_y.0)) [ v_y.0 >= v_m ]
	eval_speedNestedMultipleDep_bb2_in(v_1, v_m, v_n, v_x.0, v_y.0) -> Com_1(eval_speedNestedMultipleDep_bb3_in(v_x.0 + 1, v_m, v_n, v_x.0, 0))
	eval_speedNestedMultipleDep_bb1_in(v_1, v_m, v_n, v_x.0, v_y.0) -> Com_1(eval_speedNestedMultipleDep_bb2_in(v_1, v_m, v_n, v_x.0, v_y.0)) [ v_x.0 < v_n ]
weakly and the transition
	eval_speedNestedMultipleDep_bb1_in(v_1, v_m, v_n, v_x.0, v_y.0) -> Com_1(eval_speedNestedMultipleDep_bb2_in(v_1, v_m, v_n, v_x.0, v_y.0)) [ v_x.0 < v_n ]
strictly and produces the following problem:
4:	T:
		(1, 1)      eval_speedNestedMultipleDep_start(v_1, v_m, v_n, v_x.0, v_y.0) -> Com_1(eval_speedNestedMultipleDep_bb0_in(v_1, v_m, v_n, v_x.0, v_y.0))
		(1, 1)      eval_speedNestedMultipleDep_bb0_in(v_1, v_m, v_n, v_x.0, v_y.0) -> Com_1(eval_speedNestedMultipleDep_0(v_1, v_m, v_n, v_x.0, v_y.0))
		(1, 1)      eval_speedNestedMultipleDep_0(v_1, v_m, v_n, v_x.0, v_y.0) -> Com_2(eval_llvm.dbg.value_start(v_1, v_m, v_n, v_x.0, v_y.0), eval_speedNestedMultipleDep_1(v_1, v_m, v_n, v_x.0, v_y.0))
		(1, 1)      eval_speedNestedMultipleDep_1(v_1, v_m, v_n, v_x.0, v_y.0) -> Com_2(eval_llvm.dbg.value_start(v_1, v_m, v_n, v_x.0, v_y.0), eval_speedNestedMultipleDep_2(v_1, v_m, v_n, v_x.0, v_y.0))
		(1, 1)      eval_speedNestedMultipleDep_2(v_1, v_m, v_n, v_x.0, v_y.0) -> Com_2(eval_llvm.dbg.value_start(v_1, v_m, v_n, v_x.0, v_y.0), eval_speedNestedMultipleDep_3(v_1, v_m, v_n, v_x.0, v_y.0))
		(1, 1)      eval_speedNestedMultipleDep_3(v_1, v_m, v_n, v_x.0, v_y.0) -> Com_2(eval_llvm.dbg.value_start(v_1, v_m, v_n, v_x.0, v_y.0), eval_speedNestedMultipleDep_4(v_1, v_m, v_n, v_x.0, v_y.0))
		(1, 1)      eval_speedNestedMultipleDep_4(v_1, v_m, v_n, v_x.0, v_y.0) -> Com_2(eval_llvm.dbg.value_start(v_1, v_m, v_n, v_x.0, v_y.0), eval_speedNestedMultipleDep_5(v_1, v_m, v_n, v_x.0, v_y.0))
		(1, 1)      eval_speedNestedMultipleDep_5(v_1, v_m, v_n, v_x.0, v_y.0) -> Com_2(eval_llvm.dbg.value_start(v_1, v_m, v_n, v_x.0, v_y.0), eval_speedNestedMultipleDep_6(v_1, v_m, v_n, v_x.0, v_y.0))
		(1, 1)      eval_speedNestedMultipleDep_6(v_1, v_m, v_n, v_x.0, v_y.0) -> Com_1(eval_speedNestedMultipleDep_bb1_in(v_1, v_m, v_n, 0, v_y.0))
		(v_n, 1)    eval_speedNestedMultipleDep_bb1_in(v_1, v_m, v_n, v_x.0, v_y.0) -> Com_1(eval_speedNestedMultipleDep_bb2_in(v_1, v_m, v_n, v_x.0, v_y.0)) [ v_x.0 < v_n ]
		(2, 1)      eval_speedNestedMultipleDep_bb1_in(v_1, v_m, v_n, v_x.0, v_y.0) -> Com_1(eval_speedNestedMultipleDep_bb5_in(v_1, v_m, v_n, v_x.0, v_y.0)) [ v_x.0 >= v_n ]
		(?, 1)      eval_speedNestedMultipleDep_bb2_in(v_1, v_m, v_n, v_x.0, v_y.0) -> Com_1(eval_speedNestedMultipleDep_bb3_in(v_x.0 + 1, v_m, v_n, v_x.0, 0))
		(?, 1)      eval_speedNestedMultipleDep_bb3_in(v_1, v_m, v_n, v_x.0, v_y.0) -> Com_1(eval_speedNestedMultipleDep_bb4_in(v_1, v_m, v_n, v_x.0, v_y.0)) [ v_y.0 < v_m ]
		(?, 1)      eval_speedNestedMultipleDep_bb3_in(v_1, v_m, v_n, v_x.0, v_y.0) -> Com_1(eval_speedNestedMultipleDep_bb1_in(v_1, v_m, v_n, v_1, v_y.0)) [ v_y.0 >= v_m ]
		(?, 1)      eval_speedNestedMultipleDep_bb4_in(v_1, v_m, v_n, v_x.0, v_y.0) -> Com_1(eval_speedNestedMultipleDep_bb3_in(v_1, v_m, v_n, v_x.0, v_y.0 + 1))
		(2, 1)      eval_speedNestedMultipleDep_bb5_in(v_1, v_m, v_n, v_x.0, v_y.0) -> Com_1(eval_speedNestedMultipleDep_stop(v_1, v_m, v_n, v_x.0, v_y.0))
	start location:	eval_speedNestedMultipleDep_start
	leaf cost:	0

Repeatedly propagating knowledge in problem 4 produces the following problem:
5:	T:
		(1, 1)      eval_speedNestedMultipleDep_start(v_1, v_m, v_n, v_x.0, v_y.0) -> Com_1(eval_speedNestedMultipleDep_bb0_in(v_1, v_m, v_n, v_x.0, v_y.0))
		(1, 1)      eval_speedNestedMultipleDep_bb0_in(v_1, v_m, v_n, v_x.0, v_y.0) -> Com_1(eval_speedNestedMultipleDep_0(v_1, v_m, v_n, v_x.0, v_y.0))
		(1, 1)      eval_speedNestedMultipleDep_0(v_1, v_m, v_n, v_x.0, v_y.0) -> Com_2(eval_llvm.dbg.value_start(v_1, v_m, v_n, v_x.0, v_y.0), eval_speedNestedMultipleDep_1(v_1, v_m, v_n, v_x.0, v_y.0))
		(1, 1)      eval_speedNestedMultipleDep_1(v_1, v_m, v_n, v_x.0, v_y.0) -> Com_2(eval_llvm.dbg.value_start(v_1, v_m, v_n, v_x.0, v_y.0), eval_speedNestedMultipleDep_2(v_1, v_m, v_n, v_x.0, v_y.0))
		(1, 1)      eval_speedNestedMultipleDep_2(v_1, v_m, v_n, v_x.0, v_y.0) -> Com_2(eval_llvm.dbg.value_start(v_1, v_m, v_n, v_x.0, v_y.0), eval_speedNestedMultipleDep_3(v_1, v_m, v_n, v_x.0, v_y.0))
		(1, 1)      eval_speedNestedMultipleDep_3(v_1, v_m, v_n, v_x.0, v_y.0) -> Com_2(eval_llvm.dbg.value_start(v_1, v_m, v_n, v_x.0, v_y.0), eval_speedNestedMultipleDep_4(v_1, v_m, v_n, v_x.0, v_y.0))
		(1, 1)      eval_speedNestedMultipleDep_4(v_1, v_m, v_n, v_x.0, v_y.0) -> Com_2(eval_llvm.dbg.value_start(v_1, v_m, v_n, v_x.0, v_y.0), eval_speedNestedMultipleDep_5(v_1, v_m, v_n, v_x.0, v_y.0))
		(1, 1)      eval_speedNestedMultipleDep_5(v_1, v_m, v_n, v_x.0, v_y.0) -> Com_2(eval_llvm.dbg.value_start(v_1, v_m, v_n, v_x.0, v_y.0), eval_speedNestedMultipleDep_6(v_1, v_m, v_n, v_x.0, v_y.0))
		(1, 1)      eval_speedNestedMultipleDep_6(v_1, v_m, v_n, v_x.0, v_y.0) -> Com_1(eval_speedNestedMultipleDep_bb1_in(v_1, v_m, v_n, 0, v_y.0))
		(v_n, 1)    eval_speedNestedMultipleDep_bb1_in(v_1, v_m, v_n, v_x.0, v_y.0) -> Com_1(eval_speedNestedMultipleDep_bb2_in(v_1, v_m, v_n, v_x.0, v_y.0)) [ v_x.0 < v_n ]
		(2, 1)      eval_speedNestedMultipleDep_bb1_in(v_1, v_m, v_n, v_x.0, v_y.0) -> Com_1(eval_speedNestedMultipleDep_bb5_in(v_1, v_m, v_n, v_x.0, v_y.0)) [ v_x.0 >= v_n ]
		(v_n, 1)    eval_speedNestedMultipleDep_bb2_in(v_1, v_m, v_n, v_x.0, v_y.0) -> Com_1(eval_speedNestedMultipleDep_bb3_in(v_x.0 + 1, v_m, v_n, v_x.0, 0))
		(?, 1)      eval_speedNestedMultipleDep_bb3_in(v_1, v_m, v_n, v_x.0, v_y.0) -> Com_1(eval_speedNestedMultipleDep_bb4_in(v_1, v_m, v_n, v_x.0, v_y.0)) [ v_y.0 < v_m ]
		(?, 1)      eval_speedNestedMultipleDep_bb3_in(v_1, v_m, v_n, v_x.0, v_y.0) -> Com_1(eval_speedNestedMultipleDep_bb1_in(v_1, v_m, v_n, v_1, v_y.0)) [ v_y.0 >= v_m ]
		(?, 1)      eval_speedNestedMultipleDep_bb4_in(v_1, v_m, v_n, v_x.0, v_y.0) -> Com_1(eval_speedNestedMultipleDep_bb3_in(v_1, v_m, v_n, v_x.0, v_y.0 + 1))
		(2, 1)      eval_speedNestedMultipleDep_bb5_in(v_1, v_m, v_n, v_x.0, v_y.0) -> Com_1(eval_speedNestedMultipleDep_stop(v_1, v_m, v_n, v_x.0, v_y.0))
	start location:	eval_speedNestedMultipleDep_start
	leaf cost:	0

A polynomial rank function with
	Pol(eval_speedNestedMultipleDep_bb4_in) = V_2 - V_5
	Pol(eval_speedNestedMultipleDep_bb3_in) = V_2 - V_5 + 1
	Pol(eval_speedNestedMultipleDep_bb1_in) = V_2 - V_5
and size complexities
	S("eval_speedNestedMultipleDep_bb5_in(v_1, v_m, v_n, v_x.0, v_y.0) -> Com_1(eval_speedNestedMultipleDep_stop(v_1, v_m, v_n, v_x.0, v_y.0))", 0-0) = v_1 + v_n
	S("eval_speedNestedMultipleDep_bb5_in(v_1, v_m, v_n, v_x.0, v_y.0) -> Com_1(eval_speedNestedMultipleDep_stop(v_1, v_m, v_n, v_x.0, v_y.0))", 0-1) = v_m
	S("eval_speedNestedMultipleDep_bb5_in(v_1, v_m, v_n, v_x.0, v_y.0) -> Com_1(eval_speedNestedMultipleDep_stop(v_1, v_m, v_n, v_x.0, v_y.0))", 0-2) = v_n
	S("eval_speedNestedMultipleDep_bb5_in(v_1, v_m, v_n, v_x.0, v_y.0) -> Com_1(eval_speedNestedMultipleDep_stop(v_1, v_m, v_n, v_x.0, v_y.0))", 0-3) = v_n
	S("eval_speedNestedMultipleDep_bb5_in(v_1, v_m, v_n, v_x.0, v_y.0) -> Com_1(eval_speedNestedMultipleDep_stop(v_1, v_m, v_n, v_x.0, v_y.0))", 0-4) = ?
	S("eval_speedNestedMultipleDep_bb4_in(v_1, v_m, v_n, v_x.0, v_y.0) -> Com_1(eval_speedNestedMultipleDep_bb3_in(v_1, v_m, v_n, v_x.0, v_y.0 + 1))", 0-0) = v_n
	S("eval_speedNestedMultipleDep_bb4_in(v_1, v_m, v_n, v_x.0, v_y.0) -> Com_1(eval_speedNestedMultipleDep_bb3_in(v_1, v_m, v_n, v_x.0, v_y.0 + 1))", 0-1) = v_m
	S("eval_speedNestedMultipleDep_bb4_in(v_1, v_m, v_n, v_x.0, v_y.0) -> Com_1(eval_speedNestedMultipleDep_bb3_in(v_1, v_m, v_n, v_x.0, v_y.0 + 1))", 0-2) = v_n
	S("eval_speedNestedMultipleDep_bb4_in(v_1, v_m, v_n, v_x.0, v_y.0) -> Com_1(eval_speedNestedMultipleDep_bb3_in(v_1, v_m, v_n, v_x.0, v_y.0 + 1))", 0-3) = v_n
	S("eval_speedNestedMultipleDep_bb4_in(v_1, v_m, v_n, v_x.0, v_y.0) -> Com_1(eval_speedNestedMultipleDep_bb3_in(v_1, v_m, v_n, v_x.0, v_y.0 + 1))", 0-4) = ?
	S("eval_speedNestedMultipleDep_bb3_in(v_1, v_m, v_n, v_x.0, v_y.0) -> Com_1(eval_speedNestedMultipleDep_bb1_in(v_1, v_m, v_n, v_1, v_y.0)) [ v_y.0 >= v_m ]", 0-0) = v_n
	S("eval_speedNestedMultipleDep_bb3_in(v_1, v_m, v_n, v_x.0, v_y.0) -> Com_1(eval_speedNestedMultipleDep_bb1_in(v_1, v_m, v_n, v_1, v_y.0)) [ v_y.0 >= v_m ]", 0-1) = v_m
	S("eval_speedNestedMultipleDep_bb3_in(v_1, v_m, v_n, v_x.0, v_y.0) -> Com_1(eval_speedNestedMultipleDep_bb1_in(v_1, v_m, v_n, v_1, v_y.0)) [ v_y.0 >= v_m ]", 0-2) = v_n
	S("eval_speedNestedMultipleDep_bb3_in(v_1, v_m, v_n, v_x.0, v_y.0) -> Com_1(eval_speedNestedMultipleDep_bb1_in(v_1, v_m, v_n, v_1, v_y.0)) [ v_y.0 >= v_m ]", 0-3) = v_n
	S("eval_speedNestedMultipleDep_bb3_in(v_1, v_m, v_n, v_x.0, v_y.0) -> Com_1(eval_speedNestedMultipleDep_bb1_in(v_1, v_m, v_n, v_1, v_y.0)) [ v_y.0 >= v_m ]", 0-4) = ?
	S("eval_speedNestedMultipleDep_bb3_in(v_1, v_m, v_n, v_x.0, v_y.0) -> Com_1(eval_speedNestedMultipleDep_bb4_in(v_1, v_m, v_n, v_x.0, v_y.0)) [ v_y.0 < v_m ]", 0-0) = v_n
	S("eval_speedNestedMultipleDep_bb3_in(v_1, v_m, v_n, v_x.0, v_y.0) -> Com_1(eval_speedNestedMultipleDep_bb4_in(v_1, v_m, v_n, v_x.0, v_y.0)) [ v_y.0 < v_m ]", 0-1) = v_m
	S("eval_speedNestedMultipleDep_bb3_in(v_1, v_m, v_n, v_x.0, v_y.0) -> Com_1(eval_speedNestedMultipleDep_bb4_in(v_1, v_m, v_n, v_x.0, v_y.0)) [ v_y.0 < v_m ]", 0-2) = v_n
	S("eval_speedNestedMultipleDep_bb3_in(v_1, v_m, v_n, v_x.0, v_y.0) -> Com_1(eval_speedNestedMultipleDep_bb4_in(v_1, v_m, v_n, v_x.0, v_y.0)) [ v_y.0 < v_m ]", 0-3) = v_n
	S("eval_speedNestedMultipleDep_bb3_in(v_1, v_m, v_n, v_x.0, v_y.0) -> Com_1(eval_speedNestedMultipleDep_bb4_in(v_1, v_m, v_n, v_x.0, v_y.0)) [ v_y.0 < v_m ]", 0-4) = ?
	S("eval_speedNestedMultipleDep_bb2_in(v_1, v_m, v_n, v_x.0, v_y.0) -> Com_1(eval_speedNestedMultipleDep_bb3_in(v_x.0 + 1, v_m, v_n, v_x.0, 0))", 0-0) = v_n
	S("eval_speedNestedMultipleDep_bb2_in(v_1, v_m, v_n, v_x.0, v_y.0) -> Com_1(eval_speedNestedMultipleDep_bb3_in(v_x.0 + 1, v_m, v_n, v_x.0, 0))", 0-1) = v_m
	S("eval_speedNestedMultipleDep_bb2_in(v_1, v_m, v_n, v_x.0, v_y.0) -> Com_1(eval_speedNestedMultipleDep_bb3_in(v_x.0 + 1, v_m, v_n, v_x.0, 0))", 0-2) = v_n
	S("eval_speedNestedMultipleDep_bb2_in(v_1, v_m, v_n, v_x.0, v_y.0) -> Com_1(eval_speedNestedMultipleDep_bb3_in(v_x.0 + 1, v_m, v_n, v_x.0, 0))", 0-3) = v_n
	S("eval_speedNestedMultipleDep_bb2_in(v_1, v_m, v_n, v_x.0, v_y.0) -> Com_1(eval_speedNestedMultipleDep_bb3_in(v_x.0 + 1, v_m, v_n, v_x.0, 0))", 0-4) = 0
	S("eval_speedNestedMultipleDep_bb1_in(v_1, v_m, v_n, v_x.0, v_y.0) -> Com_1(eval_speedNestedMultipleDep_bb5_in(v_1, v_m, v_n, v_x.0, v_y.0)) [ v_x.0 >= v_n ]", 0-0) = v_1 + v_n
	S("eval_speedNestedMultipleDep_bb1_in(v_1, v_m, v_n, v_x.0, v_y.0) -> Com_1(eval_speedNestedMultipleDep_bb5_in(v_1, v_m, v_n, v_x.0, v_y.0)) [ v_x.0 >= v_n ]", 0-1) = v_m
	S("eval_speedNestedMultipleDep_bb1_in(v_1, v_m, v_n, v_x.0, v_y.0) -> Com_1(eval_speedNestedMultipleDep_bb5_in(v_1, v_m, v_n, v_x.0, v_y.0)) [ v_x.0 >= v_n ]", 0-2) = v_n
	S("eval_speedNestedMultipleDep_bb1_in(v_1, v_m, v_n, v_x.0, v_y.0) -> Com_1(eval_speedNestedMultipleDep_bb5_in(v_1, v_m, v_n, v_x.0, v_y.0)) [ v_x.0 >= v_n ]", 0-3) = v_n
	S("eval_speedNestedMultipleDep_bb1_in(v_1, v_m, v_n, v_x.0, v_y.0) -> Com_1(eval_speedNestedMultipleDep_bb5_in(v_1, v_m, v_n, v_x.0, v_y.0)) [ v_x.0 >= v_n ]", 0-4) = ?
	S("eval_speedNestedMultipleDep_bb1_in(v_1, v_m, v_n, v_x.0, v_y.0) -> Com_1(eval_speedNestedMultipleDep_bb2_in(v_1, v_m, v_n, v_x.0, v_y.0)) [ v_x.0 < v_n ]", 0-0) = v_1 + v_n
	S("eval_speedNestedMultipleDep_bb1_in(v_1, v_m, v_n, v_x.0, v_y.0) -> Com_1(eval_speedNestedMultipleDep_bb2_in(v_1, v_m, v_n, v_x.0, v_y.0)) [ v_x.0 < v_n ]", 0-1) = v_m
	S("eval_speedNestedMultipleDep_bb1_in(v_1, v_m, v_n, v_x.0, v_y.0) -> Com_1(eval_speedNestedMultipleDep_bb2_in(v_1, v_m, v_n, v_x.0, v_y.0)) [ v_x.0 < v_n ]", 0-2) = v_n
	S("eval_speedNestedMultipleDep_bb1_in(v_1, v_m, v_n, v_x.0, v_y.0) -> Com_1(eval_speedNestedMultipleDep_bb2_in(v_1, v_m, v_n, v_x.0, v_y.0)) [ v_x.0 < v_n ]", 0-3) = v_n
	S("eval_speedNestedMultipleDep_bb1_in(v_1, v_m, v_n, v_x.0, v_y.0) -> Com_1(eval_speedNestedMultipleDep_bb2_in(v_1, v_m, v_n, v_x.0, v_y.0)) [ v_x.0 < v_n ]", 0-4) = ?
	S("eval_speedNestedMultipleDep_6(v_1, v_m, v_n, v_x.0, v_y.0) -> Com_1(eval_speedNestedMultipleDep_bb1_in(v_1, v_m, v_n, 0, v_y.0))", 0-0) = v_1
	S("eval_speedNestedMultipleDep_6(v_1, v_m, v_n, v_x.0, v_y.0) -> Com_1(eval_speedNestedMultipleDep_bb1_in(v_1, v_m, v_n, 0, v_y.0))", 0-1) = v_m
	S("eval_speedNestedMultipleDep_6(v_1, v_m, v_n, v_x.0, v_y.0) -> Com_1(eval_speedNestedMultipleDep_bb1_in(v_1, v_m, v_n, 0, v_y.0))", 0-2) = v_n
	S("eval_speedNestedMultipleDep_6(v_1, v_m, v_n, v_x.0, v_y.0) -> Com_1(eval_speedNestedMultipleDep_bb1_in(v_1, v_m, v_n, 0, v_y.0))", 0-3) = 0
	S("eval_speedNestedMultipleDep_6(v_1, v_m, v_n, v_x.0, v_y.0) -> Com_1(eval_speedNestedMultipleDep_bb1_in(v_1, v_m, v_n, 0, v_y.0))", 0-4) = v_y.0
	S("eval_speedNestedMultipleDep_5(v_1, v_m, v_n, v_x.0, v_y.0) -> Com_2(eval_llvm.dbg.value_start(v_1, v_m, v_n, v_x.0, v_y.0), eval_speedNestedMultipleDep_6(v_1, v_m, v_n, v_x.0, v_y.0))", 0-0) = v_1
	S("eval_speedNestedMultipleDep_5(v_1, v_m, v_n, v_x.0, v_y.0) -> Com_2(eval_llvm.dbg.value_start(v_1, v_m, v_n, v_x.0, v_y.0), eval_speedNestedMultipleDep_6(v_1, v_m, v_n, v_x.0, v_y.0))", 0-1) = v_m
	S("eval_speedNestedMultipleDep_5(v_1, v_m, v_n, v_x.0, v_y.0) -> Com_2(eval_llvm.dbg.value_start(v_1, v_m, v_n, v_x.0, v_y.0), eval_speedNestedMultipleDep_6(v_1, v_m, v_n, v_x.0, v_y.0))", 0-2) = v_n
	S("eval_speedNestedMultipleDep_5(v_1, v_m, v_n, v_x.0, v_y.0) -> Com_2(eval_llvm.dbg.value_start(v_1, v_m, v_n, v_x.0, v_y.0), eval_speedNestedMultipleDep_6(v_1, v_m, v_n, v_x.0, v_y.0))", 0-3) = v_x.0
	S("eval_speedNestedMultipleDep_5(v_1, v_m, v_n, v_x.0, v_y.0) -> Com_2(eval_llvm.dbg.value_start(v_1, v_m, v_n, v_x.0, v_y.0), eval_speedNestedMultipleDep_6(v_1, v_m, v_n, v_x.0, v_y.0))", 0-4) = v_y.0
	S("eval_speedNestedMultipleDep_5(v_1, v_m, v_n, v_x.0, v_y.0) -> Com_2(eval_llvm.dbg.value_start(v_1, v_m, v_n, v_x.0, v_y.0), eval_speedNestedMultipleDep_6(v_1, v_m, v_n, v_x.0, v_y.0))", 1-0) = v_1
	S("eval_speedNestedMultipleDep_5(v_1, v_m, v_n, v_x.0, v_y.0) -> Com_2(eval_llvm.dbg.value_start(v_1, v_m, v_n, v_x.0, v_y.0), eval_speedNestedMultipleDep_6(v_1, v_m, v_n, v_x.0, v_y.0))", 1-1) = v_m
	S("eval_speedNestedMultipleDep_5(v_1, v_m, v_n, v_x.0, v_y.0) -> Com_2(eval_llvm.dbg.value_start(v_1, v_m, v_n, v_x.0, v_y.0), eval_speedNestedMultipleDep_6(v_1, v_m, v_n, v_x.0, v_y.0))", 1-2) = v_n
	S("eval_speedNestedMultipleDep_5(v_1, v_m, v_n, v_x.0, v_y.0) -> Com_2(eval_llvm.dbg.value_start(v_1, v_m, v_n, v_x.0, v_y.0), eval_speedNestedMultipleDep_6(v_1, v_m, v_n, v_x.0, v_y.0))", 1-3) = v_x.0
	S("eval_speedNestedMultipleDep_5(v_1, v_m, v_n, v_x.0, v_y.0) -> Com_2(eval_llvm.dbg.value_start(v_1, v_m, v_n, v_x.0, v_y.0), eval_speedNestedMultipleDep_6(v_1, v_m, v_n, v_x.0, v_y.0))", 1-4) = v_y.0
	S("eval_speedNestedMultipleDep_4(v_1, v_m, v_n, v_x.0, v_y.0) -> Com_2(eval_llvm.dbg.value_start(v_1, v_m, v_n, v_x.0, v_y.0), eval_speedNestedMultipleDep_5(v_1, v_m, v_n, v_x.0, v_y.0))", 0-0) = v_1
	S("eval_speedNestedMultipleDep_4(v_1, v_m, v_n, v_x.0, v_y.0) -> Com_2(eval_llvm.dbg.value_start(v_1, v_m, v_n, v_x.0, v_y.0), eval_speedNestedMultipleDep_5(v_1, v_m, v_n, v_x.0, v_y.0))", 0-1) = v_m
	S("eval_speedNestedMultipleDep_4(v_1, v_m, v_n, v_x.0, v_y.0) -> Com_2(eval_llvm.dbg.value_start(v_1, v_m, v_n, v_x.0, v_y.0), eval_speedNestedMultipleDep_5(v_1, v_m, v_n, v_x.0, v_y.0))", 0-2) = v_n
	S("eval_speedNestedMultipleDep_4(v_1, v_m, v_n, v_x.0, v_y.0) -> Com_2(eval_llvm.dbg.value_start(v_1, v_m, v_n, v_x.0, v_y.0), eval_speedNestedMultipleDep_5(v_1, v_m, v_n, v_x.0, v_y.0))", 0-3) = v_x.0
	S("eval_speedNestedMultipleDep_4(v_1, v_m, v_n, v_x.0, v_y.0) -> Com_2(eval_llvm.dbg.value_start(v_1, v_m, v_n, v_x.0, v_y.0), eval_speedNestedMultipleDep_5(v_1, v_m, v_n, v_x.0, v_y.0))", 0-4) = v_y.0
	S("eval_speedNestedMultipleDep_4(v_1, v_m, v_n, v_x.0, v_y.0) -> Com_2(eval_llvm.dbg.value_start(v_1, v_m, v_n, v_x.0, v_y.0), eval_speedNestedMultipleDep_5(v_1, v_m, v_n, v_x.0, v_y.0))", 1-0) = v_1
	S("eval_speedNestedMultipleDep_4(v_1, v_m, v_n, v_x.0, v_y.0) -> Com_2(eval_llvm.dbg.value_start(v_1, v_m, v_n, v_x.0, v_y.0), eval_speedNestedMultipleDep_5(v_1, v_m, v_n, v_x.0, v_y.0))", 1-1) = v_m
	S("eval_speedNestedMultipleDep_4(v_1, v_m, v_n, v_x.0, v_y.0) -> Com_2(eval_llvm.dbg.value_start(v_1, v_m, v_n, v_x.0, v_y.0), eval_speedNestedMultipleDep_5(v_1, v_m, v_n, v_x.0, v_y.0))", 1-2) = v_n
	S("eval_speedNestedMultipleDep_4(v_1, v_m, v_n, v_x.0, v_y.0) -> Com_2(eval_llvm.dbg.value_start(v_1, v_m, v_n, v_x.0, v_y.0), eval_speedNestedMultipleDep_5(v_1, v_m, v_n, v_x.0, v_y.0))", 1-3) = v_x.0
	S("eval_speedNestedMultipleDep_4(v_1, v_m, v_n, v_x.0, v_y.0) -> Com_2(eval_llvm.dbg.value_start(v_1, v_m, v_n, v_x.0, v_y.0), eval_speedNestedMultipleDep_5(v_1, v_m, v_n, v_x.0, v_y.0))", 1-4) = v_y.0
	S("eval_speedNestedMultipleDep_3(v_1, v_m, v_n, v_x.0, v_y.0) -> Com_2(eval_llvm.dbg.value_start(v_1, v_m, v_n, v_x.0, v_y.0), eval_speedNestedMultipleDep_4(v_1, v_m, v_n, v_x.0, v_y.0))", 0-0) = v_1
	S("eval_speedNestedMultipleDep_3(v_1, v_m, v_n, v_x.0, v_y.0) -> Com_2(eval_llvm.dbg.value_start(v_1, v_m, v_n, v_x.0, v_y.0), eval_speedNestedMultipleDep_4(v_1, v_m, v_n, v_x.0, v_y.0))", 0-1) = v_m
	S("eval_speedNestedMultipleDep_3(v_1, v_m, v_n, v_x.0, v_y.0) -> Com_2(eval_llvm.dbg.value_start(v_1, v_m, v_n, v_x.0, v_y.0), eval_speedNestedMultipleDep_4(v_1, v_m, v_n, v_x.0, v_y.0))", 0-2) = v_n
	S("eval_speedNestedMultipleDep_3(v_1, v_m, v_n, v_x.0, v_y.0) -> Com_2(eval_llvm.dbg.value_start(v_1, v_m, v_n, v_x.0, v_y.0), eval_speedNestedMultipleDep_4(v_1, v_m, v_n, v_x.0, v_y.0))", 0-3) = v_x.0
	S("eval_speedNestedMultipleDep_3(v_1, v_m, v_n, v_x.0, v_y.0) -> Com_2(eval_llvm.dbg.value_start(v_1, v_m, v_n, v_x.0, v_y.0), eval_speedNestedMultipleDep_4(v_1, v_m, v_n, v_x.0, v_y.0))", 0-4) = v_y.0
	S("eval_speedNestedMultipleDep_3(v_1, v_m, v_n, v_x.0, v_y.0) -> Com_2(eval_llvm.dbg.value_start(v_1, v_m, v_n, v_x.0, v_y.0), eval_speedNestedMultipleDep_4(v_1, v_m, v_n, v_x.0, v_y.0))", 1-0) = v_1
	S("eval_speedNestedMultipleDep_3(v_1, v_m, v_n, v_x.0, v_y.0) -> Com_2(eval_llvm.dbg.value_start(v_1, v_m, v_n, v_x.0, v_y.0), eval_speedNestedMultipleDep_4(v_1, v_m, v_n, v_x.0, v_y.0))", 1-1) = v_m
	S("eval_speedNestedMultipleDep_3(v_1, v_m, v_n, v_x.0, v_y.0) -> Com_2(eval_llvm.dbg.value_start(v_1, v_m, v_n, v_x.0, v_y.0), eval_speedNestedMultipleDep_4(v_1, v_m, v_n, v_x.0, v_y.0))", 1-2) = v_n
	S("eval_speedNestedMultipleDep_3(v_1, v_m, v_n, v_x.0, v_y.0) -> Com_2(eval_llvm.dbg.value_start(v_1, v_m, v_n, v_x.0, v_y.0), eval_speedNestedMultipleDep_4(v_1, v_m, v_n, v_x.0, v_y.0))", 1-3) = v_x.0
	S("eval_speedNestedMultipleDep_3(v_1, v_m, v_n, v_x.0, v_y.0) -> Com_2(eval_llvm.dbg.value_start(v_1, v_m, v_n, v_x.0, v_y.0), eval_speedNestedMultipleDep_4(v_1, v_m, v_n, v_x.0, v_y.0))", 1-4) = v_y.0
	S("eval_speedNestedMultipleDep_2(v_1, v_m, v_n, v_x.0, v_y.0) -> Com_2(eval_llvm.dbg.value_start(v_1, v_m, v_n, v_x.0, v_y.0), eval_speedNestedMultipleDep_3(v_1, v_m, v_n, v_x.0, v_y.0))", 0-0) = v_1
	S("eval_speedNestedMultipleDep_2(v_1, v_m, v_n, v_x.0, v_y.0) -> Com_2(eval_llvm.dbg.value_start(v_1, v_m, v_n, v_x.0, v_y.0), eval_speedNestedMultipleDep_3(v_1, v_m, v_n, v_x.0, v_y.0))", 0-1) = v_m
	S("eval_speedNestedMultipleDep_2(v_1, v_m, v_n, v_x.0, v_y.0) -> Com_2(eval_llvm.dbg.value_start(v_1, v_m, v_n, v_x.0, v_y.0), eval_speedNestedMultipleDep_3(v_1, v_m, v_n, v_x.0, v_y.0))", 0-2) = v_n
	S("eval_speedNestedMultipleDep_2(v_1, v_m, v_n, v_x.0, v_y.0) -> Com_2(eval_llvm.dbg.value_start(v_1, v_m, v_n, v_x.0, v_y.0), eval_speedNestedMultipleDep_3(v_1, v_m, v_n, v_x.0, v_y.0))", 0-3) = v_x.0
	S("eval_speedNestedMultipleDep_2(v_1, v_m, v_n, v_x.0, v_y.0) -> Com_2(eval_llvm.dbg.value_start(v_1, v_m, v_n, v_x.0, v_y.0), eval_speedNestedMultipleDep_3(v_1, v_m, v_n, v_x.0, v_y.0))", 0-4) = v_y.0
	S("eval_speedNestedMultipleDep_2(v_1, v_m, v_n, v_x.0, v_y.0) -> Com_2(eval_llvm.dbg.value_start(v_1, v_m, v_n, v_x.0, v_y.0), eval_speedNestedMultipleDep_3(v_1, v_m, v_n, v_x.0, v_y.0))", 1-0) = v_1
	S("eval_speedNestedMultipleDep_2(v_1, v_m, v_n, v_x.0, v_y.0) -> Com_2(eval_llvm.dbg.value_start(v_1, v_m, v_n, v_x.0, v_y.0), eval_speedNestedMultipleDep_3(v_1, v_m, v_n, v_x.0, v_y.0))", 1-1) = v_m
	S("eval_speedNestedMultipleDep_2(v_1, v_m, v_n, v_x.0, v_y.0) -> Com_2(eval_llvm.dbg.value_start(v_1, v_m, v_n, v_x.0, v_y.0), eval_speedNestedMultipleDep_3(v_1, v_m, v_n, v_x.0, v_y.0))", 1-2) = v_n
	S("eval_speedNestedMultipleDep_2(v_1, v_m, v_n, v_x.0, v_y.0) -> Com_2(eval_llvm.dbg.value_start(v_1, v_m, v_n, v_x.0, v_y.0), eval_speedNestedMultipleDep_3(v_1, v_m, v_n, v_x.0, v_y.0))", 1-3) = v_x.0
	S("eval_speedNestedMultipleDep_2(v_1, v_m, v_n, v_x.0, v_y.0) -> Com_2(eval_llvm.dbg.value_start(v_1, v_m, v_n, v_x.0, v_y.0), eval_speedNestedMultipleDep_3(v_1, v_m, v_n, v_x.0, v_y.0))", 1-4) = v_y.0
	S("eval_speedNestedMultipleDep_1(v_1, v_m, v_n, v_x.0, v_y.0) -> Com_2(eval_llvm.dbg.value_start(v_1, v_m, v_n, v_x.0, v_y.0), eval_speedNestedMultipleDep_2(v_1, v_m, v_n, v_x.0, v_y.0))", 0-0) = v_1
	S("eval_speedNestedMultipleDep_1(v_1, v_m, v_n, v_x.0, v_y.0) -> Com_2(eval_llvm.dbg.value_start(v_1, v_m, v_n, v_x.0, v_y.0), eval_speedNestedMultipleDep_2(v_1, v_m, v_n, v_x.0, v_y.0))", 0-1) = v_m
	S("eval_speedNestedMultipleDep_1(v_1, v_m, v_n, v_x.0, v_y.0) -> Com_2(eval_llvm.dbg.value_start(v_1, v_m, v_n, v_x.0, v_y.0), eval_speedNestedMultipleDep_2(v_1, v_m, v_n, v_x.0, v_y.0))", 0-2) = v_n
	S("eval_speedNestedMultipleDep_1(v_1, v_m, v_n, v_x.0, v_y.0) -> Com_2(eval_llvm.dbg.value_start(v_1, v_m, v_n, v_x.0, v_y.0), eval_speedNestedMultipleDep_2(v_1, v_m, v_n, v_x.0, v_y.0))", 0-3) = v_x.0
	S("eval_speedNestedMultipleDep_1(v_1, v_m, v_n, v_x.0, v_y.0) -> Com_2(eval_llvm.dbg.value_start(v_1, v_m, v_n, v_x.0, v_y.0), eval_speedNestedMultipleDep_2(v_1, v_m, v_n, v_x.0, v_y.0))", 0-4) = v_y.0
	S("eval_speedNestedMultipleDep_1(v_1, v_m, v_n, v_x.0, v_y.0) -> Com_2(eval_llvm.dbg.value_start(v_1, v_m, v_n, v_x.0, v_y.0), eval_speedNestedMultipleDep_2(v_1, v_m, v_n, v_x.0, v_y.0))", 1-0) = v_1
	S("eval_speedNestedMultipleDep_1(v_1, v_m, v_n, v_x.0, v_y.0) -> Com_2(eval_llvm.dbg.value_start(v_1, v_m, v_n, v_x.0, v_y.0), eval_speedNestedMultipleDep_2(v_1, v_m, v_n, v_x.0, v_y.0))", 1-1) = v_m
	S("eval_speedNestedMultipleDep_1(v_1, v_m, v_n, v_x.0, v_y.0) -> Com_2(eval_llvm.dbg.value_start(v_1, v_m, v_n, v_x.0, v_y.0), eval_speedNestedMultipleDep_2(v_1, v_m, v_n, v_x.0, v_y.0))", 1-2) = v_n
	S("eval_speedNestedMultipleDep_1(v_1, v_m, v_n, v_x.0, v_y.0) -> Com_2(eval_llvm.dbg.value_start(v_1, v_m, v_n, v_x.0, v_y.0), eval_speedNestedMultipleDep_2(v_1, v_m, v_n, v_x.0, v_y.0))", 1-3) = v_x.0
	S("eval_speedNestedMultipleDep_1(v_1, v_m, v_n, v_x.0, v_y.0) -> Com_2(eval_llvm.dbg.value_start(v_1, v_m, v_n, v_x.0, v_y.0), eval_speedNestedMultipleDep_2(v_1, v_m, v_n, v_x.0, v_y.0))", 1-4) = v_y.0
	S("eval_speedNestedMultipleDep_0(v_1, v_m, v_n, v_x.0, v_y.0) -> Com_2(eval_llvm.dbg.value_start(v_1, v_m, v_n, v_x.0, v_y.0), eval_speedNestedMultipleDep_1(v_1, v_m, v_n, v_x.0, v_y.0))", 0-0) = v_1
	S("eval_speedNestedMultipleDep_0(v_1, v_m, v_n, v_x.0, v_y.0) -> Com_2(eval_llvm.dbg.value_start(v_1, v_m, v_n, v_x.0, v_y.0), eval_speedNestedMultipleDep_1(v_1, v_m, v_n, v_x.0, v_y.0))", 0-1) = v_m
	S("eval_speedNestedMultipleDep_0(v_1, v_m, v_n, v_x.0, v_y.0) -> Com_2(eval_llvm.dbg.value_start(v_1, v_m, v_n, v_x.0, v_y.0), eval_speedNestedMultipleDep_1(v_1, v_m, v_n, v_x.0, v_y.0))", 0-2) = v_n
	S("eval_speedNestedMultipleDep_0(v_1, v_m, v_n, v_x.0, v_y.0) -> Com_2(eval_llvm.dbg.value_start(v_1, v_m, v_n, v_x.0, v_y.0), eval_speedNestedMultipleDep_1(v_1, v_m, v_n, v_x.0, v_y.0))", 0-3) = v_x.0
	S("eval_speedNestedMultipleDep_0(v_1, v_m, v_n, v_x.0, v_y.0) -> Com_2(eval_llvm.dbg.value_start(v_1, v_m, v_n, v_x.0, v_y.0), eval_speedNestedMultipleDep_1(v_1, v_m, v_n, v_x.0, v_y.0))", 0-4) = v_y.0
	S("eval_speedNestedMultipleDep_0(v_1, v_m, v_n, v_x.0, v_y.0) -> Com_2(eval_llvm.dbg.value_start(v_1, v_m, v_n, v_x.0, v_y.0), eval_speedNestedMultipleDep_1(v_1, v_m, v_n, v_x.0, v_y.0))", 1-0) = v_1
	S("eval_speedNestedMultipleDep_0(v_1, v_m, v_n, v_x.0, v_y.0) -> Com_2(eval_llvm.dbg.value_start(v_1, v_m, v_n, v_x.0, v_y.0), eval_speedNestedMultipleDep_1(v_1, v_m, v_n, v_x.0, v_y.0))", 1-1) = v_m
	S("eval_speedNestedMultipleDep_0(v_1, v_m, v_n, v_x.0, v_y.0) -> Com_2(eval_llvm.dbg.value_start(v_1, v_m, v_n, v_x.0, v_y.0), eval_speedNestedMultipleDep_1(v_1, v_m, v_n, v_x.0, v_y.0))", 1-2) = v_n
	S("eval_speedNestedMultipleDep_0(v_1, v_m, v_n, v_x.0, v_y.0) -> Com_2(eval_llvm.dbg.value_start(v_1, v_m, v_n, v_x.0, v_y.0), eval_speedNestedMultipleDep_1(v_1, v_m, v_n, v_x.0, v_y.0))", 1-3) = v_x.0
	S("eval_speedNestedMultipleDep_0(v_1, v_m, v_n, v_x.0, v_y.0) -> Com_2(eval_llvm.dbg.value_start(v_1, v_m, v_n, v_x.0, v_y.0), eval_speedNestedMultipleDep_1(v_1, v_m, v_n, v_x.0, v_y.0))", 1-4) = v_y.0
	S("eval_speedNestedMultipleDep_bb0_in(v_1, v_m, v_n, v_x.0, v_y.0) -> Com_1(eval_speedNestedMultipleDep_0(v_1, v_m, v_n, v_x.0, v_y.0))", 0-0) = v_1
	S("eval_speedNestedMultipleDep_bb0_in(v_1, v_m, v_n, v_x.0, v_y.0) -> Com_1(eval_speedNestedMultipleDep_0(v_1, v_m, v_n, v_x.0, v_y.0))", 0-1) = v_m
	S("eval_speedNestedMultipleDep_bb0_in(v_1, v_m, v_n, v_x.0, v_y.0) -> Com_1(eval_speedNestedMultipleDep_0(v_1, v_m, v_n, v_x.0, v_y.0))", 0-2) = v_n
	S("eval_speedNestedMultipleDep_bb0_in(v_1, v_m, v_n, v_x.0, v_y.0) -> Com_1(eval_speedNestedMultipleDep_0(v_1, v_m, v_n, v_x.0, v_y.0))", 0-3) = v_x.0
	S("eval_speedNestedMultipleDep_bb0_in(v_1, v_m, v_n, v_x.0, v_y.0) -> Com_1(eval_speedNestedMultipleDep_0(v_1, v_m, v_n, v_x.0, v_y.0))", 0-4) = v_y.0
	S("eval_speedNestedMultipleDep_start(v_1, v_m, v_n, v_x.0, v_y.0) -> Com_1(eval_speedNestedMultipleDep_bb0_in(v_1, v_m, v_n, v_x.0, v_y.0))", 0-0) = v_1
	S("eval_speedNestedMultipleDep_start(v_1, v_m, v_n, v_x.0, v_y.0) -> Com_1(eval_speedNestedMultipleDep_bb0_in(v_1, v_m, v_n, v_x.0, v_y.0))", 0-1) = v_m
	S("eval_speedNestedMultipleDep_start(v_1, v_m, v_n, v_x.0, v_y.0) -> Com_1(eval_speedNestedMultipleDep_bb0_in(v_1, v_m, v_n, v_x.0, v_y.0))", 0-2) = v_n
	S("eval_speedNestedMultipleDep_start(v_1, v_m, v_n, v_x.0, v_y.0) -> Com_1(eval_speedNestedMultipleDep_bb0_in(v_1, v_m, v_n, v_x.0, v_y.0))", 0-3) = v_x.0
	S("eval_speedNestedMultipleDep_start(v_1, v_m, v_n, v_x.0, v_y.0) -> Com_1(eval_speedNestedMultipleDep_bb0_in(v_1, v_m, v_n, v_x.0, v_y.0))", 0-4) = v_y.0
orients the transitions
	eval_speedNestedMultipleDep_bb4_in(v_1, v_m, v_n, v_x.0, v_y.0) -> Com_1(eval_speedNestedMultipleDep_bb3_in(v_1, v_m, v_n, v_x.0, v_y.0 + 1))
	eval_speedNestedMultipleDep_bb3_in(v_1, v_m, v_n, v_x.0, v_y.0) -> Com_1(eval_speedNestedMultipleDep_bb4_in(v_1, v_m, v_n, v_x.0, v_y.0)) [ v_y.0 < v_m ]
	eval_speedNestedMultipleDep_bb3_in(v_1, v_m, v_n, v_x.0, v_y.0) -> Com_1(eval_speedNestedMultipleDep_bb1_in(v_1, v_m, v_n, v_1, v_y.0)) [ v_y.0 >= v_m ]
weakly and the transition
	eval_speedNestedMultipleDep_bb3_in(v_1, v_m, v_n, v_x.0, v_y.0) -> Com_1(eval_speedNestedMultipleDep_bb4_in(v_1, v_m, v_n, v_x.0, v_y.0)) [ v_y.0 < v_m ]
strictly and produces the following problem:
6:	T:
		(1, 1)                eval_speedNestedMultipleDep_start(v_1, v_m, v_n, v_x.0, v_y.0) -> Com_1(eval_speedNestedMultipleDep_bb0_in(v_1, v_m, v_n, v_x.0, v_y.0))
		(1, 1)                eval_speedNestedMultipleDep_bb0_in(v_1, v_m, v_n, v_x.0, v_y.0) -> Com_1(eval_speedNestedMultipleDep_0(v_1, v_m, v_n, v_x.0, v_y.0))
		(1, 1)                eval_speedNestedMultipleDep_0(v_1, v_m, v_n, v_x.0, v_y.0) -> Com_2(eval_llvm.dbg.value_start(v_1, v_m, v_n, v_x.0, v_y.0), eval_speedNestedMultipleDep_1(v_1, v_m, v_n, v_x.0, v_y.0))
		(1, 1)                eval_speedNestedMultipleDep_1(v_1, v_m, v_n, v_x.0, v_y.0) -> Com_2(eval_llvm.dbg.value_start(v_1, v_m, v_n, v_x.0, v_y.0), eval_speedNestedMultipleDep_2(v_1, v_m, v_n, v_x.0, v_y.0))
		(1, 1)                eval_speedNestedMultipleDep_2(v_1, v_m, v_n, v_x.0, v_y.0) -> Com_2(eval_llvm.dbg.value_start(v_1, v_m, v_n, v_x.0, v_y.0), eval_speedNestedMultipleDep_3(v_1, v_m, v_n, v_x.0, v_y.0))
		(1, 1)                eval_speedNestedMultipleDep_3(v_1, v_m, v_n, v_x.0, v_y.0) -> Com_2(eval_llvm.dbg.value_start(v_1, v_m, v_n, v_x.0, v_y.0), eval_speedNestedMultipleDep_4(v_1, v_m, v_n, v_x.0, v_y.0))
		(1, 1)                eval_speedNestedMultipleDep_4(v_1, v_m, v_n, v_x.0, v_y.0) -> Com_2(eval_llvm.dbg.value_start(v_1, v_m, v_n, v_x.0, v_y.0), eval_speedNestedMultipleDep_5(v_1, v_m, v_n, v_x.0, v_y.0))
		(1, 1)                eval_speedNestedMultipleDep_5(v_1, v_m, v_n, v_x.0, v_y.0) -> Com_2(eval_llvm.dbg.value_start(v_1, v_m, v_n, v_x.0, v_y.0), eval_speedNestedMultipleDep_6(v_1, v_m, v_n, v_x.0, v_y.0))
		(1, 1)                eval_speedNestedMultipleDep_6(v_1, v_m, v_n, v_x.0, v_y.0) -> Com_1(eval_speedNestedMultipleDep_bb1_in(v_1, v_m, v_n, 0, v_y.0))
		(v_n, 1)              eval_speedNestedMultipleDep_bb1_in(v_1, v_m, v_n, v_x.0, v_y.0) -> Com_1(eval_speedNestedMultipleDep_bb2_in(v_1, v_m, v_n, v_x.0, v_y.0)) [ v_x.0 < v_n ]
		(2, 1)                eval_speedNestedMultipleDep_bb1_in(v_1, v_m, v_n, v_x.0, v_y.0) -> Com_1(eval_speedNestedMultipleDep_bb5_in(v_1, v_m, v_n, v_x.0, v_y.0)) [ v_x.0 >= v_n ]
		(v_n, 1)              eval_speedNestedMultipleDep_bb2_in(v_1, v_m, v_n, v_x.0, v_y.0) -> Com_1(eval_speedNestedMultipleDep_bb3_in(v_x.0 + 1, v_m, v_n, v_x.0, 0))
		(v_m*v_n + v_n, 1)    eval_speedNestedMultipleDep_bb3_in(v_1, v_m, v_n, v_x.0, v_y.0) -> Com_1(eval_speedNestedMultipleDep_bb4_in(v_1, v_m, v_n, v_x.0, v_y.0)) [ v_y.0 < v_m ]
		(?, 1)                eval_speedNestedMultipleDep_bb3_in(v_1, v_m, v_n, v_x.0, v_y.0) -> Com_1(eval_speedNestedMultipleDep_bb1_in(v_1, v_m, v_n, v_1, v_y.0)) [ v_y.0 >= v_m ]
		(?, 1)                eval_speedNestedMultipleDep_bb4_in(v_1, v_m, v_n, v_x.0, v_y.0) -> Com_1(eval_speedNestedMultipleDep_bb3_in(v_1, v_m, v_n, v_x.0, v_y.0 + 1))
		(2, 1)                eval_speedNestedMultipleDep_bb5_in(v_1, v_m, v_n, v_x.0, v_y.0) -> Com_1(eval_speedNestedMultipleDep_stop(v_1, v_m, v_n, v_x.0, v_y.0))
	start location:	eval_speedNestedMultipleDep_start
	leaf cost:	0

Repeatedly propagating knowledge in problem 6 produces the following problem:
7:	T:
		(1, 1)                  eval_speedNestedMultipleDep_start(v_1, v_m, v_n, v_x.0, v_y.0) -> Com_1(eval_speedNestedMultipleDep_bb0_in(v_1, v_m, v_n, v_x.0, v_y.0))
		(1, 1)                  eval_speedNestedMultipleDep_bb0_in(v_1, v_m, v_n, v_x.0, v_y.0) -> Com_1(eval_speedNestedMultipleDep_0(v_1, v_m, v_n, v_x.0, v_y.0))
		(1, 1)                  eval_speedNestedMultipleDep_0(v_1, v_m, v_n, v_x.0, v_y.0) -> Com_2(eval_llvm.dbg.value_start(v_1, v_m, v_n, v_x.0, v_y.0), eval_speedNestedMultipleDep_1(v_1, v_m, v_n, v_x.0, v_y.0))
		(1, 1)                  eval_speedNestedMultipleDep_1(v_1, v_m, v_n, v_x.0, v_y.0) -> Com_2(eval_llvm.dbg.value_start(v_1, v_m, v_n, v_x.0, v_y.0), eval_speedNestedMultipleDep_2(v_1, v_m, v_n, v_x.0, v_y.0))
		(1, 1)                  eval_speedNestedMultipleDep_2(v_1, v_m, v_n, v_x.0, v_y.0) -> Com_2(eval_llvm.dbg.value_start(v_1, v_m, v_n, v_x.0, v_y.0), eval_speedNestedMultipleDep_3(v_1, v_m, v_n, v_x.0, v_y.0))
		(1, 1)                  eval_speedNestedMultipleDep_3(v_1, v_m, v_n, v_x.0, v_y.0) -> Com_2(eval_llvm.dbg.value_start(v_1, v_m, v_n, v_x.0, v_y.0), eval_speedNestedMultipleDep_4(v_1, v_m, v_n, v_x.0, v_y.0))
		(1, 1)                  eval_speedNestedMultipleDep_4(v_1, v_m, v_n, v_x.0, v_y.0) -> Com_2(eval_llvm.dbg.value_start(v_1, v_m, v_n, v_x.0, v_y.0), eval_speedNestedMultipleDep_5(v_1, v_m, v_n, v_x.0, v_y.0))
		(1, 1)                  eval_speedNestedMultipleDep_5(v_1, v_m, v_n, v_x.0, v_y.0) -> Com_2(eval_llvm.dbg.value_start(v_1, v_m, v_n, v_x.0, v_y.0), eval_speedNestedMultipleDep_6(v_1, v_m, v_n, v_x.0, v_y.0))
		(1, 1)                  eval_speedNestedMultipleDep_6(v_1, v_m, v_n, v_x.0, v_y.0) -> Com_1(eval_speedNestedMultipleDep_bb1_in(v_1, v_m, v_n, 0, v_y.0))
		(v_n, 1)                eval_speedNestedMultipleDep_bb1_in(v_1, v_m, v_n, v_x.0, v_y.0) -> Com_1(eval_speedNestedMultipleDep_bb2_in(v_1, v_m, v_n, v_x.0, v_y.0)) [ v_x.0 < v_n ]
		(2, 1)                  eval_speedNestedMultipleDep_bb1_in(v_1, v_m, v_n, v_x.0, v_y.0) -> Com_1(eval_speedNestedMultipleDep_bb5_in(v_1, v_m, v_n, v_x.0, v_y.0)) [ v_x.0 >= v_n ]
		(v_n, 1)                eval_speedNestedMultipleDep_bb2_in(v_1, v_m, v_n, v_x.0, v_y.0) -> Com_1(eval_speedNestedMultipleDep_bb3_in(v_x.0 + 1, v_m, v_n, v_x.0, 0))
		(v_m*v_n + v_n, 1)      eval_speedNestedMultipleDep_bb3_in(v_1, v_m, v_n, v_x.0, v_y.0) -> Com_1(eval_speedNestedMultipleDep_bb4_in(v_1, v_m, v_n, v_x.0, v_y.0)) [ v_y.0 < v_m ]
		(v_m*v_n + 2*v_n, 1)    eval_speedNestedMultipleDep_bb3_in(v_1, v_m, v_n, v_x.0, v_y.0) -> Com_1(eval_speedNestedMultipleDep_bb1_in(v_1, v_m, v_n, v_1, v_y.0)) [ v_y.0 >= v_m ]
		(v_m*v_n + v_n, 1)      eval_speedNestedMultipleDep_bb4_in(v_1, v_m, v_n, v_x.0, v_y.0) -> Com_1(eval_speedNestedMultipleDep_bb3_in(v_1, v_m, v_n, v_x.0, v_y.0 + 1))
		(2, 1)                  eval_speedNestedMultipleDep_bb5_in(v_1, v_m, v_n, v_x.0, v_y.0) -> Com_1(eval_speedNestedMultipleDep_stop(v_1, v_m, v_n, v_x.0, v_y.0))
	start location:	eval_speedNestedMultipleDep_start
	leaf cost:	0

Complexity upper bound 6*v_n + 3*v_m*v_n + 13

Time: 0.225 sec (SMT: 0.157 sec)
