
==> YES, main.fstb terminates. max_dim = 3

+-----------------------------------------------------------------------------+
|                             Ranking Function                                |
+-----------------------------------------------------------------------------+

state stop:
0

state start:
2

state lbl_3_11:
1
(1+(2*n))+(-2*x)
n+(-1*tmp)

state lbl_1_24:
1
(-2*x)+(2*y)

state ____start:
3


+-----------------------------------------------------------------------------+
|                         Worst Case Execution Time                           |
+-----------------------------------------------------------------------------+

/---
/
| -1+n__o' >= 0
| 1 >= 0
\

(((1+1)+(((1/2)*n__o')+((1/2)*(n__o'*n__o'))))+n__o')+1

/
| -1*n__o' >= 0
| 1 >= 0
\

(1+1)+1

\---

