YES(?, 45*v_n + 20*v_n^2 + 11)

Initial complexity problem:
1:	T:
		(1, 1)    eval_abc_start(v_4, v_i.0, v_j.0, v_n) -> Com_1(eval_abc_bb0_in(v_4, v_i.0, v_j.0, v_n))
		(?, 1)    eval_abc_bb0_in(v_4, v_i.0, v_j.0, v_n) -> Com_1(eval_abc_0(v_4, v_i.0, v_j.0, v_n))
		(?, 1)    eval_abc_0(v_4, v_i.0, v_j.0, v_n) -> Com_2(eval_llvm.dbg.value_start(v_4, v_i.0, v_j.0, v_n), eval_abc_1(v_4, v_i.0, v_j.0, v_n))
		(?, 1)    eval_abc_1(v_4, v_i.0, v_j.0, v_n) -> Com_2(eval_llvm.dbg.value_start(v_4, v_i.0, v_j.0, v_n), eval_abc_2(v_4, v_i.0, v_j.0, v_n))
		(?, 1)    eval_abc_2(v_4, v_i.0, v_j.0, v_n) -> Com_2(eval_llvm.dbg.value_start(v_4, v_i.0, v_j.0, v_n), eval_abc_3(v_4, v_i.0, v_j.0, v_n))
		(?, 1)    eval_abc_3(v_4, v_i.0, v_j.0, v_n) -> Com_2(eval_llvm.dbg.value_start(v_4, v_i.0, v_j.0, v_n), eval_abc_4(v_4, v_i.0, v_j.0, v_n))
		(?, 1)    eval_abc_4(v_4, v_i.0, v_j.0, v_n) -> Com_1(eval_abc_bb1_in(v_4, 0, v_j.0, v_n))
		(?, 1)    eval_abc_bb1_in(v_4, v_i.0, v_j.0, v_n) -> Com_1(eval_abc_bb2_in(v_4, v_i.0, 0, v_n)) [ v_i.0 <= v_n - 1 ]
		(?, 1)    eval_abc_bb1_in(v_4, v_i.0, v_j.0, v_n) -> Com_1(eval_abc_bb5_in(v_4, v_i.0, v_j.0, v_n)) [ v_i.0 > v_n - 1 ]
		(?, 1)    eval_abc_bb2_in(v_4, v_i.0, v_j.0, v_n) -> Com_1(eval_abc_bb3_in(v_4, v_i.0, v_j.0, v_n)) [ v_j.0 <= v_i.0 ]
		(?, 1)    eval_abc_bb2_in(v_4, v_i.0, v_j.0, v_n) -> Com_1(eval_abc_bb4_in(v_4, v_i.0, v_j.0, v_n)) [ v_j.0 > v_i.0 ]
		(?, 1)    eval_abc_bb3_in(v_4, v_i.0, v_j.0, v_n) -> Com_1(eval_abc_bb2_in(v_4, v_i.0, v_j.0 + 1, v_n))
		(?, 1)    eval_abc_bb4_in(v_4, v_i.0, v_j.0, v_n) -> Com_1(eval_abc_10(v_i.0 + 1, v_i.0, v_j.0, v_n))
		(?, 1)    eval_abc_10(v_4, v_i.0, v_j.0, v_n) -> Com_2(eval_llvm.dbg.value_start(v_4, v_i.0, v_j.0, v_n), eval_abc_11(v_4, v_i.0, v_j.0, v_n))
		(?, 1)    eval_abc_11(v_4, v_i.0, v_j.0, v_n) -> Com_1(eval_abc_bb1_in(v_4, v_4, v_j.0, v_n))
		(?, 1)    eval_abc_bb5_in(v_4, v_i.0, v_j.0, v_n) -> Com_1(eval_abc_stop(v_4, v_i.0, v_j.0, v_n))
	start location:	eval_abc_start
	leaf cost:	0

Repeatedly propagating knowledge in problem 1 produces the following problem:
2:	T:
		(1, 1)    eval_abc_start(v_4, v_i.0, v_j.0, v_n) -> Com_1(eval_abc_bb0_in(v_4, v_i.0, v_j.0, v_n))
		(1, 1)    eval_abc_bb0_in(v_4, v_i.0, v_j.0, v_n) -> Com_1(eval_abc_0(v_4, v_i.0, v_j.0, v_n))
		(1, 1)    eval_abc_0(v_4, v_i.0, v_j.0, v_n) -> Com_2(eval_llvm.dbg.value_start(v_4, v_i.0, v_j.0, v_n), eval_abc_1(v_4, v_i.0, v_j.0, v_n))
		(1, 1)    eval_abc_1(v_4, v_i.0, v_j.0, v_n) -> Com_2(eval_llvm.dbg.value_start(v_4, v_i.0, v_j.0, v_n), eval_abc_2(v_4, v_i.0, v_j.0, v_n))
		(1, 1)    eval_abc_2(v_4, v_i.0, v_j.0, v_n) -> Com_2(eval_llvm.dbg.value_start(v_4, v_i.0, v_j.0, v_n), eval_abc_3(v_4, v_i.0, v_j.0, v_n))
		(1, 1)    eval_abc_3(v_4, v_i.0, v_j.0, v_n) -> Com_2(eval_llvm.dbg.value_start(v_4, v_i.0, v_j.0, v_n), eval_abc_4(v_4, v_i.0, v_j.0, v_n))
		(1, 1)    eval_abc_4(v_4, v_i.0, v_j.0, v_n) -> Com_1(eval_abc_bb1_in(v_4, 0, v_j.0, v_n))
		(?, 1)    eval_abc_bb1_in(v_4, v_i.0, v_j.0, v_n) -> Com_1(eval_abc_bb2_in(v_4, v_i.0, 0, v_n)) [ v_i.0 <= v_n - 1 ]
		(?, 1)    eval_abc_bb1_in(v_4, v_i.0, v_j.0, v_n) -> Com_1(eval_abc_bb5_in(v_4, v_i.0, v_j.0, v_n)) [ v_i.0 > v_n - 1 ]
		(?, 1)    eval_abc_bb2_in(v_4, v_i.0, v_j.0, v_n) -> Com_1(eval_abc_bb3_in(v_4, v_i.0, v_j.0, v_n)) [ v_j.0 <= v_i.0 ]
		(?, 1)    eval_abc_bb2_in(v_4, v_i.0, v_j.0, v_n) -> Com_1(eval_abc_bb4_in(v_4, v_i.0, v_j.0, v_n)) [ v_j.0 > v_i.0 ]
		(?, 1)    eval_abc_bb3_in(v_4, v_i.0, v_j.0, v_n) -> Com_1(eval_abc_bb2_in(v_4, v_i.0, v_j.0 + 1, v_n))
		(?, 1)    eval_abc_bb4_in(v_4, v_i.0, v_j.0, v_n) -> Com_1(eval_abc_10(v_i.0 + 1, v_i.0, v_j.0, v_n))
		(?, 1)    eval_abc_10(v_4, v_i.0, v_j.0, v_n) -> Com_2(eval_llvm.dbg.value_start(v_4, v_i.0, v_j.0, v_n), eval_abc_11(v_4, v_i.0, v_j.0, v_n))
		(?, 1)    eval_abc_11(v_4, v_i.0, v_j.0, v_n) -> Com_1(eval_abc_bb1_in(v_4, v_4, v_j.0, v_n))
		(?, 1)    eval_abc_bb5_in(v_4, v_i.0, v_j.0, v_n) -> Com_1(eval_abc_stop(v_4, v_i.0, v_j.0, v_n))
	start location:	eval_abc_start
	leaf cost:	0

A polynomial rank function with
	Pol(eval_abc_start) = 2
	Pol(eval_abc_bb0_in) = 2
	Pol(eval_abc_0) = 2
	Pol(eval_llvm.dbg.value_start) = 0
	Pol(eval_abc_1) = 2
	Pol(eval_abc_2) = 2
	Pol(eval_abc_3) = 2
	Pol(eval_abc_4) = 2
	Pol(eval_abc_bb1_in) = 2
	Pol(eval_abc_bb2_in) = 2
	Pol(eval_abc_bb5_in) = 1
	Pol(eval_abc_bb3_in) = 2
	Pol(eval_abc_bb4_in) = 2
	Pol(eval_abc_10) = 2
	Pol(eval_abc_11) = 2
	Pol(eval_abc_stop) = 0
orients all transitions weakly and the transitions
	eval_abc_bb5_in(v_4, v_i.0, v_j.0, v_n) -> Com_1(eval_abc_stop(v_4, v_i.0, v_j.0, v_n))
	eval_abc_bb1_in(v_4, v_i.0, v_j.0, v_n) -> Com_1(eval_abc_bb5_in(v_4, v_i.0, v_j.0, v_n)) [ v_i.0 > v_n - 1 ]
strictly and produces the following problem:
3:	T:
		(1, 1)    eval_abc_start(v_4, v_i.0, v_j.0, v_n) -> Com_1(eval_abc_bb0_in(v_4, v_i.0, v_j.0, v_n))
		(1, 1)    eval_abc_bb0_in(v_4, v_i.0, v_j.0, v_n) -> Com_1(eval_abc_0(v_4, v_i.0, v_j.0, v_n))
		(1, 1)    eval_abc_0(v_4, v_i.0, v_j.0, v_n) -> Com_2(eval_llvm.dbg.value_start(v_4, v_i.0, v_j.0, v_n), eval_abc_1(v_4, v_i.0, v_j.0, v_n))
		(1, 1)    eval_abc_1(v_4, v_i.0, v_j.0, v_n) -> Com_2(eval_llvm.dbg.value_start(v_4, v_i.0, v_j.0, v_n), eval_abc_2(v_4, v_i.0, v_j.0, v_n))
		(1, 1)    eval_abc_2(v_4, v_i.0, v_j.0, v_n) -> Com_2(eval_llvm.dbg.value_start(v_4, v_i.0, v_j.0, v_n), eval_abc_3(v_4, v_i.0, v_j.0, v_n))
		(1, 1)    eval_abc_3(v_4, v_i.0, v_j.0, v_n) -> Com_2(eval_llvm.dbg.value_start(v_4, v_i.0, v_j.0, v_n), eval_abc_4(v_4, v_i.0, v_j.0, v_n))
		(1, 1)    eval_abc_4(v_4, v_i.0, v_j.0, v_n) -> Com_1(eval_abc_bb1_in(v_4, 0, v_j.0, v_n))
		(?, 1)    eval_abc_bb1_in(v_4, v_i.0, v_j.0, v_n) -> Com_1(eval_abc_bb2_in(v_4, v_i.0, 0, v_n)) [ v_i.0 <= v_n - 1 ]
		(2, 1)    eval_abc_bb1_in(v_4, v_i.0, v_j.0, v_n) -> Com_1(eval_abc_bb5_in(v_4, v_i.0, v_j.0, v_n)) [ v_i.0 > v_n - 1 ]
		(?, 1)    eval_abc_bb2_in(v_4, v_i.0, v_j.0, v_n) -> Com_1(eval_abc_bb3_in(v_4, v_i.0, v_j.0, v_n)) [ v_j.0 <= v_i.0 ]
		(?, 1)    eval_abc_bb2_in(v_4, v_i.0, v_j.0, v_n) -> Com_1(eval_abc_bb4_in(v_4, v_i.0, v_j.0, v_n)) [ v_j.0 > v_i.0 ]
		(?, 1)    eval_abc_bb3_in(v_4, v_i.0, v_j.0, v_n) -> Com_1(eval_abc_bb2_in(v_4, v_i.0, v_j.0 + 1, v_n))
		(?, 1)    eval_abc_bb4_in(v_4, v_i.0, v_j.0, v_n) -> Com_1(eval_abc_10(v_i.0 + 1, v_i.0, v_j.0, v_n))
		(?, 1)    eval_abc_10(v_4, v_i.0, v_j.0, v_n) -> Com_2(eval_llvm.dbg.value_start(v_4, v_i.0, v_j.0, v_n), eval_abc_11(v_4, v_i.0, v_j.0, v_n))
		(?, 1)    eval_abc_11(v_4, v_i.0, v_j.0, v_n) -> Com_1(eval_abc_bb1_in(v_4, v_4, v_j.0, v_n))
		(2, 1)    eval_abc_bb5_in(v_4, v_i.0, v_j.0, v_n) -> Com_1(eval_abc_stop(v_4, v_i.0, v_j.0, v_n))
	start location:	eval_abc_start
	leaf cost:	0

Applied AI with 'oct' on problem 3 to obtain the following invariants:
  For symbol eval_abc_10: X_4 - 1 >= 0 /\ X_3 + X_4 - 2 >= 0 /\ X_2 + X_4 - 1 >= 0 /\ -X_2 + X_4 - 1 >= 0 /\ X_1 + X_4 - 2 >= 0 /\ -X_1 + X_4 >= 0 /\ X_3 - 1 >= 0 /\ X_2 + X_3 - 1 >= 0 /\ -X_2 + X_3 - 1 >= 0 /\ X_1 + X_3 - 2 >= 0 /\ -X_1 + X_3 >= 0 /\ X_1 - X_2 - 1 >= 0 /\ X_2 >= 0 /\ X_1 + X_2 - 1 >= 0 /\ -X_1 + X_2 + 1 >= 0 /\ X_1 - 1 >= 0
  For symbol eval_abc_11: X_4 - 1 >= 0 /\ X_3 + X_4 - 2 >= 0 /\ X_2 + X_4 - 1 >= 0 /\ -X_2 + X_4 - 1 >= 0 /\ X_1 + X_4 - 2 >= 0 /\ -X_1 + X_4 >= 0 /\ X_3 - 1 >= 0 /\ X_2 + X_3 - 1 >= 0 /\ -X_2 + X_3 - 1 >= 0 /\ X_1 + X_3 - 2 >= 0 /\ -X_1 + X_3 >= 0 /\ X_1 - X_2 - 1 >= 0 /\ X_2 >= 0 /\ X_1 + X_2 - 1 >= 0 /\ -X_1 + X_2 + 1 >= 0 /\ X_1 - 1 >= 0
  For symbol eval_abc_bb1_in: X_2 >= 0
  For symbol eval_abc_bb2_in: X_4 - 1 >= 0 /\ X_3 + X_4 - 1 >= 0 /\ X_2 + X_4 - 1 >= 0 /\ -X_2 + X_4 - 1 >= 0 /\ X_3 >= 0 /\ X_2 + X_3 >= 0 /\ X_2 >= 0
  For symbol eval_abc_bb3_in: X_4 - 1 >= 0 /\ X_3 + X_4 - 1 >= 0 /\ -X_3 + X_4 - 1 >= 0 /\ X_2 + X_4 - 1 >= 0 /\ -X_2 + X_4 - 1 >= 0 /\ X_2 - X_3 >= 0 /\ X_3 >= 0 /\ X_2 + X_3 >= 0 /\ X_2 >= 0
  For symbol eval_abc_bb4_in: X_4 - 1 >= 0 /\ X_3 + X_4 - 2 >= 0 /\ X_2 + X_4 - 1 >= 0 /\ -X_2 + X_4 - 1 >= 0 /\ X_3 - 1 >= 0 /\ X_2 + X_3 - 1 >= 0 /\ -X_2 + X_3 - 1 >= 0 /\ X_2 >= 0
  For symbol eval_abc_bb5_in: X_2 - X_4 >= 0 /\ X_2 >= 0


This yielded the following problem:
4:	T:
		(2, 1)    eval_abc_bb5_in(v_4, v_i.0, v_j.0, v_n) -> Com_1(eval_abc_stop(v_4, v_i.0, v_j.0, v_n)) [ v_i.0 - v_n >= 0 /\ v_i.0 >= 0 ]
		(?, 1)    eval_abc_11(v_4, v_i.0, v_j.0, v_n) -> Com_1(eval_abc_bb1_in(v_4, v_4, v_j.0, v_n)) [ v_n - 1 >= 0 /\ v_j.0 + v_n - 2 >= 0 /\ v_i.0 + v_n - 1 >= 0 /\ -v_i.0 + v_n - 1 >= 0 /\ v_4 + v_n - 2 >= 0 /\ -v_4 + v_n >= 0 /\ v_j.0 - 1 >= 0 /\ v_i.0 + v_j.0 - 1 >= 0 /\ -v_i.0 + v_j.0 - 1 >= 0 /\ v_4 + v_j.0 - 2 >= 0 /\ -v_4 + v_j.0 >= 0 /\ v_4 - v_i.0 - 1 >= 0 /\ v_i.0 >= 0 /\ v_4 + v_i.0 - 1 >= 0 /\ -v_4 + v_i.0 + 1 >= 0 /\ v_4 - 1 >= 0 ]
		(?, 1)    eval_abc_10(v_4, v_i.0, v_j.0, v_n) -> Com_2(eval_llvm.dbg.value_start(v_4, v_i.0, v_j.0, v_n), eval_abc_11(v_4, v_i.0, v_j.0, v_n)) [ v_n - 1 >= 0 /\ v_j.0 + v_n - 2 >= 0 /\ v_i.0 + v_n - 1 >= 0 /\ -v_i.0 + v_n - 1 >= 0 /\ v_4 + v_n - 2 >= 0 /\ -v_4 + v_n >= 0 /\ v_j.0 - 1 >= 0 /\ v_i.0 + v_j.0 - 1 >= 0 /\ -v_i.0 + v_j.0 - 1 >= 0 /\ v_4 + v_j.0 - 2 >= 0 /\ -v_4 + v_j.0 >= 0 /\ v_4 - v_i.0 - 1 >= 0 /\ v_i.0 >= 0 /\ v_4 + v_i.0 - 1 >= 0 /\ -v_4 + v_i.0 + 1 >= 0 /\ v_4 - 1 >= 0 ]
		(?, 1)    eval_abc_bb4_in(v_4, v_i.0, v_j.0, v_n) -> Com_1(eval_abc_10(v_i.0 + 1, v_i.0, v_j.0, v_n)) [ v_n - 1 >= 0 /\ v_j.0 + v_n - 2 >= 0 /\ v_i.0 + v_n - 1 >= 0 /\ -v_i.0 + v_n - 1 >= 0 /\ v_j.0 - 1 >= 0 /\ v_i.0 + v_j.0 - 1 >= 0 /\ -v_i.0 + v_j.0 - 1 >= 0 /\ v_i.0 >= 0 ]
		(?, 1)    eval_abc_bb3_in(v_4, v_i.0, v_j.0, v_n) -> Com_1(eval_abc_bb2_in(v_4, v_i.0, v_j.0 + 1, v_n)) [ v_n - 1 >= 0 /\ v_j.0 + v_n - 1 >= 0 /\ -v_j.0 + v_n - 1 >= 0 /\ v_i.0 + v_n - 1 >= 0 /\ -v_i.0 + v_n - 1 >= 0 /\ v_i.0 - v_j.0 >= 0 /\ v_j.0 >= 0 /\ v_i.0 + v_j.0 >= 0 /\ v_i.0 >= 0 ]
		(?, 1)    eval_abc_bb2_in(v_4, v_i.0, v_j.0, v_n) -> Com_1(eval_abc_bb4_in(v_4, v_i.0, v_j.0, v_n)) [ v_n - 1 >= 0 /\ v_j.0 + v_n - 1 >= 0 /\ v_i.0 + v_n - 1 >= 0 /\ -v_i.0 + v_n - 1 >= 0 /\ v_j.0 >= 0 /\ v_i.0 + v_j.0 >= 0 /\ v_i.0 >= 0 /\ v_j.0 > v_i.0 ]
		(?, 1)    eval_abc_bb2_in(v_4, v_i.0, v_j.0, v_n) -> Com_1(eval_abc_bb3_in(v_4, v_i.0, v_j.0, v_n)) [ v_n - 1 >= 0 /\ v_j.0 + v_n - 1 >= 0 /\ v_i.0 + v_n - 1 >= 0 /\ -v_i.0 + v_n - 1 >= 0 /\ v_j.0 >= 0 /\ v_i.0 + v_j.0 >= 0 /\ v_i.0 >= 0 /\ v_j.0 <= v_i.0 ]
		(2, 1)    eval_abc_bb1_in(v_4, v_i.0, v_j.0, v_n) -> Com_1(eval_abc_bb5_in(v_4, v_i.0, v_j.0, v_n)) [ v_i.0 >= 0 /\ v_i.0 > v_n - 1 ]
		(?, 1)    eval_abc_bb1_in(v_4, v_i.0, v_j.0, v_n) -> Com_1(eval_abc_bb2_in(v_4, v_i.0, 0, v_n)) [ v_i.0 >= 0 /\ v_i.0 <= v_n - 1 ]
		(1, 1)    eval_abc_4(v_4, v_i.0, v_j.0, v_n) -> Com_1(eval_abc_bb1_in(v_4, 0, v_j.0, v_n))
		(1, 1)    eval_abc_3(v_4, v_i.0, v_j.0, v_n) -> Com_2(eval_llvm.dbg.value_start(v_4, v_i.0, v_j.0, v_n), eval_abc_4(v_4, v_i.0, v_j.0, v_n))
		(1, 1)    eval_abc_2(v_4, v_i.0, v_j.0, v_n) -> Com_2(eval_llvm.dbg.value_start(v_4, v_i.0, v_j.0, v_n), eval_abc_3(v_4, v_i.0, v_j.0, v_n))
		(1, 1)    eval_abc_1(v_4, v_i.0, v_j.0, v_n) -> Com_2(eval_llvm.dbg.value_start(v_4, v_i.0, v_j.0, v_n), eval_abc_2(v_4, v_i.0, v_j.0, v_n))
		(1, 1)    eval_abc_0(v_4, v_i.0, v_j.0, v_n) -> Com_2(eval_llvm.dbg.value_start(v_4, v_i.0, v_j.0, v_n), eval_abc_1(v_4, v_i.0, v_j.0, v_n))
		(1, 1)    eval_abc_bb0_in(v_4, v_i.0, v_j.0, v_n) -> Com_1(eval_abc_0(v_4, v_i.0, v_j.0, v_n))
		(1, 1)    eval_abc_start(v_4, v_i.0, v_j.0, v_n) -> Com_1(eval_abc_bb0_in(v_4, v_i.0, v_j.0, v_n))
	start location:	eval_abc_start
	leaf cost:	0

A polynomial rank function with
	Pol(eval_abc_bb4_in) = -5*V_2 + 5*V_4 - 2
	Pol(eval_abc_10) = -5*V_2 + 5*V_4 - 3
	Pol(eval_abc_bb3_in) = -5*V_2 + 5*V_4 - 1
	Pol(eval_abc_bb2_in) = -5*V_2 + 5*V_4 - 1
	Pol(eval_abc_bb1_in) = -5*V_2 + 5*V_4
	Pol(eval_abc_11) = -5*V_2 + 5*V_4 - 4
	Pol(eval_llvm.dbg.value_start) = 5*V_1 - 5*V_2 - 5*V_3
and size complexities
	S("eval_abc_start(v_4, v_i.0, v_j.0, v_n) -> Com_1(eval_abc_bb0_in(v_4, v_i.0, v_j.0, v_n))", 0-0) = v_4
	S("eval_abc_start(v_4, v_i.0, v_j.0, v_n) -> Com_1(eval_abc_bb0_in(v_4, v_i.0, v_j.0, v_n))", 0-1) = v_i.0
	S("eval_abc_start(v_4, v_i.0, v_j.0, v_n) -> Com_1(eval_abc_bb0_in(v_4, v_i.0, v_j.0, v_n))", 0-2) = v_j.0
	S("eval_abc_start(v_4, v_i.0, v_j.0, v_n) -> Com_1(eval_abc_bb0_in(v_4, v_i.0, v_j.0, v_n))", 0-3) = v_n
	S("eval_abc_bb0_in(v_4, v_i.0, v_j.0, v_n) -> Com_1(eval_abc_0(v_4, v_i.0, v_j.0, v_n))", 0-0) = v_4
	S("eval_abc_bb0_in(v_4, v_i.0, v_j.0, v_n) -> Com_1(eval_abc_0(v_4, v_i.0, v_j.0, v_n))", 0-1) = v_i.0
	S("eval_abc_bb0_in(v_4, v_i.0, v_j.0, v_n) -> Com_1(eval_abc_0(v_4, v_i.0, v_j.0, v_n))", 0-2) = v_j.0
	S("eval_abc_bb0_in(v_4, v_i.0, v_j.0, v_n) -> Com_1(eval_abc_0(v_4, v_i.0, v_j.0, v_n))", 0-3) = v_n
	S("eval_abc_0(v_4, v_i.0, v_j.0, v_n) -> Com_2(eval_llvm.dbg.value_start(v_4, v_i.0, v_j.0, v_n), eval_abc_1(v_4, v_i.0, v_j.0, v_n))", 0-0) = v_4
	S("eval_abc_0(v_4, v_i.0, v_j.0, v_n) -> Com_2(eval_llvm.dbg.value_start(v_4, v_i.0, v_j.0, v_n), eval_abc_1(v_4, v_i.0, v_j.0, v_n))", 0-1) = v_i.0
	S("eval_abc_0(v_4, v_i.0, v_j.0, v_n) -> Com_2(eval_llvm.dbg.value_start(v_4, v_i.0, v_j.0, v_n), eval_abc_1(v_4, v_i.0, v_j.0, v_n))", 0-2) = v_j.0
	S("eval_abc_0(v_4, v_i.0, v_j.0, v_n) -> Com_2(eval_llvm.dbg.value_start(v_4, v_i.0, v_j.0, v_n), eval_abc_1(v_4, v_i.0, v_j.0, v_n))", 0-3) = v_n
	S("eval_abc_0(v_4, v_i.0, v_j.0, v_n) -> Com_2(eval_llvm.dbg.value_start(v_4, v_i.0, v_j.0, v_n), eval_abc_1(v_4, v_i.0, v_j.0, v_n))", 1-0) = v_4
	S("eval_abc_0(v_4, v_i.0, v_j.0, v_n) -> Com_2(eval_llvm.dbg.value_start(v_4, v_i.0, v_j.0, v_n), eval_abc_1(v_4, v_i.0, v_j.0, v_n))", 1-1) = v_i.0
	S("eval_abc_0(v_4, v_i.0, v_j.0, v_n) -> Com_2(eval_llvm.dbg.value_start(v_4, v_i.0, v_j.0, v_n), eval_abc_1(v_4, v_i.0, v_j.0, v_n))", 1-2) = v_j.0
	S("eval_abc_0(v_4, v_i.0, v_j.0, v_n) -> Com_2(eval_llvm.dbg.value_start(v_4, v_i.0, v_j.0, v_n), eval_abc_1(v_4, v_i.0, v_j.0, v_n))", 1-3) = v_n
	S("eval_abc_1(v_4, v_i.0, v_j.0, v_n) -> Com_2(eval_llvm.dbg.value_start(v_4, v_i.0, v_j.0, v_n), eval_abc_2(v_4, v_i.0, v_j.0, v_n))", 0-0) = v_4
	S("eval_abc_1(v_4, v_i.0, v_j.0, v_n) -> Com_2(eval_llvm.dbg.value_start(v_4, v_i.0, v_j.0, v_n), eval_abc_2(v_4, v_i.0, v_j.0, v_n))", 0-1) = v_i.0
	S("eval_abc_1(v_4, v_i.0, v_j.0, v_n) -> Com_2(eval_llvm.dbg.value_start(v_4, v_i.0, v_j.0, v_n), eval_abc_2(v_4, v_i.0, v_j.0, v_n))", 0-2) = v_j.0
	S("eval_abc_1(v_4, v_i.0, v_j.0, v_n) -> Com_2(eval_llvm.dbg.value_start(v_4, v_i.0, v_j.0, v_n), eval_abc_2(v_4, v_i.0, v_j.0, v_n))", 0-3) = v_n
	S("eval_abc_1(v_4, v_i.0, v_j.0, v_n) -> Com_2(eval_llvm.dbg.value_start(v_4, v_i.0, v_j.0, v_n), eval_abc_2(v_4, v_i.0, v_j.0, v_n))", 1-0) = v_4
	S("eval_abc_1(v_4, v_i.0, v_j.0, v_n) -> Com_2(eval_llvm.dbg.value_start(v_4, v_i.0, v_j.0, v_n), eval_abc_2(v_4, v_i.0, v_j.0, v_n))", 1-1) = v_i.0
	S("eval_abc_1(v_4, v_i.0, v_j.0, v_n) -> Com_2(eval_llvm.dbg.value_start(v_4, v_i.0, v_j.0, v_n), eval_abc_2(v_4, v_i.0, v_j.0, v_n))", 1-2) = v_j.0
	S("eval_abc_1(v_4, v_i.0, v_j.0, v_n) -> Com_2(eval_llvm.dbg.value_start(v_4, v_i.0, v_j.0, v_n), eval_abc_2(v_4, v_i.0, v_j.0, v_n))", 1-3) = v_n
	S("eval_abc_2(v_4, v_i.0, v_j.0, v_n) -> Com_2(eval_llvm.dbg.value_start(v_4, v_i.0, v_j.0, v_n), eval_abc_3(v_4, v_i.0, v_j.0, v_n))", 0-0) = v_4
	S("eval_abc_2(v_4, v_i.0, v_j.0, v_n) -> Com_2(eval_llvm.dbg.value_start(v_4, v_i.0, v_j.0, v_n), eval_abc_3(v_4, v_i.0, v_j.0, v_n))", 0-1) = v_i.0
	S("eval_abc_2(v_4, v_i.0, v_j.0, v_n) -> Com_2(eval_llvm.dbg.value_start(v_4, v_i.0, v_j.0, v_n), eval_abc_3(v_4, v_i.0, v_j.0, v_n))", 0-2) = v_j.0
	S("eval_abc_2(v_4, v_i.0, v_j.0, v_n) -> Com_2(eval_llvm.dbg.value_start(v_4, v_i.0, v_j.0, v_n), eval_abc_3(v_4, v_i.0, v_j.0, v_n))", 0-3) = v_n
	S("eval_abc_2(v_4, v_i.0, v_j.0, v_n) -> Com_2(eval_llvm.dbg.value_start(v_4, v_i.0, v_j.0, v_n), eval_abc_3(v_4, v_i.0, v_j.0, v_n))", 1-0) = v_4
	S("eval_abc_2(v_4, v_i.0, v_j.0, v_n) -> Com_2(eval_llvm.dbg.value_start(v_4, v_i.0, v_j.0, v_n), eval_abc_3(v_4, v_i.0, v_j.0, v_n))", 1-1) = v_i.0
	S("eval_abc_2(v_4, v_i.0, v_j.0, v_n) -> Com_2(eval_llvm.dbg.value_start(v_4, v_i.0, v_j.0, v_n), eval_abc_3(v_4, v_i.0, v_j.0, v_n))", 1-2) = v_j.0
	S("eval_abc_2(v_4, v_i.0, v_j.0, v_n) -> Com_2(eval_llvm.dbg.value_start(v_4, v_i.0, v_j.0, v_n), eval_abc_3(v_4, v_i.0, v_j.0, v_n))", 1-3) = v_n
	S("eval_abc_3(v_4, v_i.0, v_j.0, v_n) -> Com_2(eval_llvm.dbg.value_start(v_4, v_i.0, v_j.0, v_n), eval_abc_4(v_4, v_i.0, v_j.0, v_n))", 0-0) = v_4
	S("eval_abc_3(v_4, v_i.0, v_j.0, v_n) -> Com_2(eval_llvm.dbg.value_start(v_4, v_i.0, v_j.0, v_n), eval_abc_4(v_4, v_i.0, v_j.0, v_n))", 0-1) = v_i.0
	S("eval_abc_3(v_4, v_i.0, v_j.0, v_n) -> Com_2(eval_llvm.dbg.value_start(v_4, v_i.0, v_j.0, v_n), eval_abc_4(v_4, v_i.0, v_j.0, v_n))", 0-2) = v_j.0
	S("eval_abc_3(v_4, v_i.0, v_j.0, v_n) -> Com_2(eval_llvm.dbg.value_start(v_4, v_i.0, v_j.0, v_n), eval_abc_4(v_4, v_i.0, v_j.0, v_n))", 0-3) = v_n
	S("eval_abc_3(v_4, v_i.0, v_j.0, v_n) -> Com_2(eval_llvm.dbg.value_start(v_4, v_i.0, v_j.0, v_n), eval_abc_4(v_4, v_i.0, v_j.0, v_n))", 1-0) = v_4
	S("eval_abc_3(v_4, v_i.0, v_j.0, v_n) -> Com_2(eval_llvm.dbg.value_start(v_4, v_i.0, v_j.0, v_n), eval_abc_4(v_4, v_i.0, v_j.0, v_n))", 1-1) = v_i.0
	S("eval_abc_3(v_4, v_i.0, v_j.0, v_n) -> Com_2(eval_llvm.dbg.value_start(v_4, v_i.0, v_j.0, v_n), eval_abc_4(v_4, v_i.0, v_j.0, v_n))", 1-2) = v_j.0
	S("eval_abc_3(v_4, v_i.0, v_j.0, v_n) -> Com_2(eval_llvm.dbg.value_start(v_4, v_i.0, v_j.0, v_n), eval_abc_4(v_4, v_i.0, v_j.0, v_n))", 1-3) = v_n
	S("eval_abc_4(v_4, v_i.0, v_j.0, v_n) -> Com_1(eval_abc_bb1_in(v_4, 0, v_j.0, v_n))", 0-0) = v_4
	S("eval_abc_4(v_4, v_i.0, v_j.0, v_n) -> Com_1(eval_abc_bb1_in(v_4, 0, v_j.0, v_n))", 0-1) = 0
	S("eval_abc_4(v_4, v_i.0, v_j.0, v_n) -> Com_1(eval_abc_bb1_in(v_4, 0, v_j.0, v_n))", 0-2) = v_j.0
	S("eval_abc_4(v_4, v_i.0, v_j.0, v_n) -> Com_1(eval_abc_bb1_in(v_4, 0, v_j.0, v_n))", 0-3) = v_n
	S("eval_abc_bb1_in(v_4, v_i.0, v_j.0, v_n) -> Com_1(eval_abc_bb2_in(v_4, v_i.0, 0, v_n)) [ v_i.0 >= 0 /\\ v_i.0 <= v_n - 1 ]", 0-0) = v_4 + v_n
	S("eval_abc_bb1_in(v_4, v_i.0, v_j.0, v_n) -> Com_1(eval_abc_bb2_in(v_4, v_i.0, 0, v_n)) [ v_i.0 >= 0 /\\ v_i.0 <= v_n - 1 ]", 0-1) = v_n
	S("eval_abc_bb1_in(v_4, v_i.0, v_j.0, v_n) -> Com_1(eval_abc_bb2_in(v_4, v_i.0, 0, v_n)) [ v_i.0 >= 0 /\\ v_i.0 <= v_n - 1 ]", 0-2) = 0
	S("eval_abc_bb1_in(v_4, v_i.0, v_j.0, v_n) -> Com_1(eval_abc_bb2_in(v_4, v_i.0, 0, v_n)) [ v_i.0 >= 0 /\\ v_i.0 <= v_n - 1 ]", 0-3) = v_n
	S("eval_abc_bb1_in(v_4, v_i.0, v_j.0, v_n) -> Com_1(eval_abc_bb5_in(v_4, v_i.0, v_j.0, v_n)) [ v_i.0 >= 0 /\\ v_i.0 > v_n - 1 ]", 0-0) = v_4 + v_n
	S("eval_abc_bb1_in(v_4, v_i.0, v_j.0, v_n) -> Com_1(eval_abc_bb5_in(v_4, v_i.0, v_j.0, v_n)) [ v_i.0 >= 0 /\\ v_i.0 > v_n - 1 ]", 0-1) = v_n
	S("eval_abc_bb1_in(v_4, v_i.0, v_j.0, v_n) -> Com_1(eval_abc_bb5_in(v_4, v_i.0, v_j.0, v_n)) [ v_i.0 >= 0 /\\ v_i.0 > v_n - 1 ]", 0-2) = v_j.0 + v_n
	S("eval_abc_bb1_in(v_4, v_i.0, v_j.0, v_n) -> Com_1(eval_abc_bb5_in(v_4, v_i.0, v_j.0, v_n)) [ v_i.0 >= 0 /\\ v_i.0 > v_n - 1 ]", 0-3) = v_n
	S("eval_abc_bb2_in(v_4, v_i.0, v_j.0, v_n) -> Com_1(eval_abc_bb3_in(v_4, v_i.0, v_j.0, v_n)) [ v_n - 1 >= 0 /\\ v_j.0 + v_n - 1 >= 0 /\\ v_i.0 + v_n - 1 >= 0 /\\ -v_i.0 + v_n - 1 >= 0 /\\ v_j.0 >= 0 /\\ v_i.0 + v_j.0 >= 0 /\\ v_i.0 >= 0 /\\ v_j.0 <= v_i.0 ]", 0-0) = v_4 + v_n
	S("eval_abc_bb2_in(v_4, v_i.0, v_j.0, v_n) -> Com_1(eval_abc_bb3_in(v_4, v_i.0, v_j.0, v_n)) [ v_n - 1 >= 0 /\\ v_j.0 + v_n - 1 >= 0 /\\ v_i.0 + v_n - 1 >= 0 /\\ -v_i.0 + v_n - 1 >= 0 /\\ v_j.0 >= 0 /\\ v_i.0 + v_j.0 >= 0 /\\ v_i.0 >= 0 /\\ v_j.0 <= v_i.0 ]", 0-1) = v_n
	S("eval_abc_bb2_in(v_4, v_i.0, v_j.0, v_n) -> Com_1(eval_abc_bb3_in(v_4, v_i.0, v_j.0, v_n)) [ v_n - 1 >= 0 /\\ v_j.0 + v_n - 1 >= 0 /\\ v_i.0 + v_n - 1 >= 0 /\\ -v_i.0 + v_n - 1 >= 0 /\\ v_j.0 >= 0 /\\ v_i.0 + v_j.0 >= 0 /\\ v_i.0 >= 0 /\\ v_j.0 <= v_i.0 ]", 0-2) = v_n
	S("eval_abc_bb2_in(v_4, v_i.0, v_j.0, v_n) -> Com_1(eval_abc_bb3_in(v_4, v_i.0, v_j.0, v_n)) [ v_n - 1 >= 0 /\\ v_j.0 + v_n - 1 >= 0 /\\ v_i.0 + v_n - 1 >= 0 /\\ -v_i.0 + v_n - 1 >= 0 /\\ v_j.0 >= 0 /\\ v_i.0 + v_j.0 >= 0 /\\ v_i.0 >= 0 /\\ v_j.0 <= v_i.0 ]", 0-3) = v_n
	S("eval_abc_bb2_in(v_4, v_i.0, v_j.0, v_n) -> Com_1(eval_abc_bb4_in(v_4, v_i.0, v_j.0, v_n)) [ v_n - 1 >= 0 /\\ v_j.0 + v_n - 1 >= 0 /\\ v_i.0 + v_n - 1 >= 0 /\\ -v_i.0 + v_n - 1 >= 0 /\\ v_j.0 >= 0 /\\ v_i.0 + v_j.0 >= 0 /\\ v_i.0 >= 0 /\\ v_j.0 > v_i.0 ]", 0-0) = v_4 + v_n
	S("eval_abc_bb2_in(v_4, v_i.0, v_j.0, v_n) -> Com_1(eval_abc_bb4_in(v_4, v_i.0, v_j.0, v_n)) [ v_n - 1 >= 0 /\\ v_j.0 + v_n - 1 >= 0 /\\ v_i.0 + v_n - 1 >= 0 /\\ -v_i.0 + v_n - 1 >= 0 /\\ v_j.0 >= 0 /\\ v_i.0 + v_j.0 >= 0 /\\ v_i.0 >= 0 /\\ v_j.0 > v_i.0 ]", 0-1) = v_n
	S("eval_abc_bb2_in(v_4, v_i.0, v_j.0, v_n) -> Com_1(eval_abc_bb4_in(v_4, v_i.0, v_j.0, v_n)) [ v_n - 1 >= 0 /\\ v_j.0 + v_n - 1 >= 0 /\\ v_i.0 + v_n - 1 >= 0 /\\ -v_i.0 + v_n - 1 >= 0 /\\ v_j.0 >= 0 /\\ v_i.0 + v_j.0 >= 0 /\\ v_i.0 >= 0 /\\ v_j.0 > v_i.0 ]", 0-2) = v_n
	S("eval_abc_bb2_in(v_4, v_i.0, v_j.0, v_n) -> Com_1(eval_abc_bb4_in(v_4, v_i.0, v_j.0, v_n)) [ v_n - 1 >= 0 /\\ v_j.0 + v_n - 1 >= 0 /\\ v_i.0 + v_n - 1 >= 0 /\\ -v_i.0 + v_n - 1 >= 0 /\\ v_j.0 >= 0 /\\ v_i.0 + v_j.0 >= 0 /\\ v_i.0 >= 0 /\\ v_j.0 > v_i.0 ]", 0-3) = v_n
	S("eval_abc_bb3_in(v_4, v_i.0, v_j.0, v_n) -> Com_1(eval_abc_bb2_in(v_4, v_i.0, v_j.0 + 1, v_n)) [ v_n - 1 >= 0 /\\ v_j.0 + v_n - 1 >= 0 /\\ -v_j.0 + v_n - 1 >= 0 /\\ v_i.0 + v_n - 1 >= 0 /\\ -v_i.0 + v_n - 1 >= 0 /\\ v_i.0 - v_j.0 >= 0 /\\ v_j.0 >= 0 /\\ v_i.0 + v_j.0 >= 0 /\\ v_i.0 >= 0 ]", 0-0) = v_4 + v_n
	S("eval_abc_bb3_in(v_4, v_i.0, v_j.0, v_n) -> Com_1(eval_abc_bb2_in(v_4, v_i.0, v_j.0 + 1, v_n)) [ v_n - 1 >= 0 /\\ v_j.0 + v_n - 1 >= 0 /\\ -v_j.0 + v_n - 1 >= 0 /\\ v_i.0 + v_n - 1 >= 0 /\\ -v_i.0 + v_n - 1 >= 0 /\\ v_i.0 - v_j.0 >= 0 /\\ v_j.0 >= 0 /\\ v_i.0 + v_j.0 >= 0 /\\ v_i.0 >= 0 ]", 0-1) = v_n
	S("eval_abc_bb3_in(v_4, v_i.0, v_j.0, v_n) -> Com_1(eval_abc_bb2_in(v_4, v_i.0, v_j.0 + 1, v_n)) [ v_n - 1 >= 0 /\\ v_j.0 + v_n - 1 >= 0 /\\ -v_j.0 + v_n - 1 >= 0 /\\ v_i.0 + v_n - 1 >= 0 /\\ -v_i.0 + v_n - 1 >= 0 /\\ v_i.0 - v_j.0 >= 0 /\\ v_j.0 >= 0 /\\ v_i.0 + v_j.0 >= 0 /\\ v_i.0 >= 0 ]", 0-2) = v_n
	S("eval_abc_bb3_in(v_4, v_i.0, v_j.0, v_n) -> Com_1(eval_abc_bb2_in(v_4, v_i.0, v_j.0 + 1, v_n)) [ v_n - 1 >= 0 /\\ v_j.0 + v_n - 1 >= 0 /\\ -v_j.0 + v_n - 1 >= 0 /\\ v_i.0 + v_n - 1 >= 0 /\\ -v_i.0 + v_n - 1 >= 0 /\\ v_i.0 - v_j.0 >= 0 /\\ v_j.0 >= 0 /\\ v_i.0 + v_j.0 >= 0 /\\ v_i.0 >= 0 ]", 0-3) = v_n
	S("eval_abc_bb4_in(v_4, v_i.0, v_j.0, v_n) -> Com_1(eval_abc_10(v_i.0 + 1, v_i.0, v_j.0, v_n)) [ v_n - 1 >= 0 /\\ v_j.0 + v_n - 2 >= 0 /\\ v_i.0 + v_n - 1 >= 0 /\\ -v_i.0 + v_n - 1 >= 0 /\\ v_j.0 - 1 >= 0 /\\ v_i.0 + v_j.0 - 1 >= 0 /\\ -v_i.0 + v_j.0 - 1 >= 0 /\\ v_i.0 >= 0 ]", 0-0) = v_n
	S("eval_abc_bb4_in(v_4, v_i.0, v_j.0, v_n) -> Com_1(eval_abc_10(v_i.0 + 1, v_i.0, v_j.0, v_n)) [ v_n - 1 >= 0 /\\ v_j.0 + v_n - 2 >= 0 /\\ v_i.0 + v_n - 1 >= 0 /\\ -v_i.0 + v_n - 1 >= 0 /\\ v_j.0 - 1 >= 0 /\\ v_i.0 + v_j.0 - 1 >= 0 /\\ -v_i.0 + v_j.0 - 1 >= 0 /\\ v_i.0 >= 0 ]", 0-1) = v_n
	S("eval_abc_bb4_in(v_4, v_i.0, v_j.0, v_n) -> Com_1(eval_abc_10(v_i.0 + 1, v_i.0, v_j.0, v_n)) [ v_n - 1 >= 0 /\\ v_j.0 + v_n - 2 >= 0 /\\ v_i.0 + v_n - 1 >= 0 /\\ -v_i.0 + v_n - 1 >= 0 /\\ v_j.0 - 1 >= 0 /\\ v_i.0 + v_j.0 - 1 >= 0 /\\ -v_i.0 + v_j.0 - 1 >= 0 /\\ v_i.0 >= 0 ]", 0-2) = v_n
	S("eval_abc_bb4_in(v_4, v_i.0, v_j.0, v_n) -> Com_1(eval_abc_10(v_i.0 + 1, v_i.0, v_j.0, v_n)) [ v_n - 1 >= 0 /\\ v_j.0 + v_n - 2 >= 0 /\\ v_i.0 + v_n - 1 >= 0 /\\ -v_i.0 + v_n - 1 >= 0 /\\ v_j.0 - 1 >= 0 /\\ v_i.0 + v_j.0 - 1 >= 0 /\\ -v_i.0 + v_j.0 - 1 >= 0 /\\ v_i.0 >= 0 ]", 0-3) = v_n
	S("eval_abc_10(v_4, v_i.0, v_j.0, v_n) -> Com_2(eval_llvm.dbg.value_start(v_4, v_i.0, v_j.0, v_n), eval_abc_11(v_4, v_i.0, v_j.0, v_n)) [ v_n - 1 >= 0 /\\ v_j.0 + v_n - 2 >= 0 /\\ v_i.0 + v_n - 1 >= 0 /\\ -v_i.0 + v_n - 1 >= 0 /\\ v_4 + v_n - 2 >= 0 /\\ -v_4 + v_n >= 0 /\\ v_j.0 - 1 >= 0 /\\ v_i.0 + v_j.0 - 1 >= 0 /\\ -v_i.0 + v_j.0 - 1 >= 0 /\\ v_4 + v_j.0 - 2 >= 0 /\\ -v_4 + v_j.0 >= 0 /\\ v_4 - v_i.0 - 1 >= 0 /\\ v_i.0 >= 0 /\\ v_4 + v_i.0 - 1 >= 0 /\\ -v_4 + v_i.0 + 1 >= 0 /\\ v_4 - 1 >= 0 ]", 0-0) = v_n
	S("eval_abc_10(v_4, v_i.0, v_j.0, v_n) -> Com_2(eval_llvm.dbg.value_start(v_4, v_i.0, v_j.0, v_n), eval_abc_11(v_4, v_i.0, v_j.0, v_n)) [ v_n - 1 >= 0 /\\ v_j.0 + v_n - 2 >= 0 /\\ v_i.0 + v_n - 1 >= 0 /\\ -v_i.0 + v_n - 1 >= 0 /\\ v_4 + v_n - 2 >= 0 /\\ -v_4 + v_n >= 0 /\\ v_j.0 - 1 >= 0 /\\ v_i.0 + v_j.0 - 1 >= 0 /\\ -v_i.0 + v_j.0 - 1 >= 0 /\\ v_4 + v_j.0 - 2 >= 0 /\\ -v_4 + v_j.0 >= 0 /\\ v_4 - v_i.0 - 1 >= 0 /\\ v_i.0 >= 0 /\\ v_4 + v_i.0 - 1 >= 0 /\\ -v_4 + v_i.0 + 1 >= 0 /\\ v_4 - 1 >= 0 ]", 0-1) = v_n
	S("eval_abc_10(v_4, v_i.0, v_j.0, v_n) -> Com_2(eval_llvm.dbg.value_start(v_4, v_i.0, v_j.0, v_n), eval_abc_11(v_4, v_i.0, v_j.0, v_n)) [ v_n - 1 >= 0 /\\ v_j.0 + v_n - 2 >= 0 /\\ v_i.0 + v_n - 1 >= 0 /\\ -v_i.0 + v_n - 1 >= 0 /\\ v_4 + v_n - 2 >= 0 /\\ -v_4 + v_n >= 0 /\\ v_j.0 - 1 >= 0 /\\ v_i.0 + v_j.0 - 1 >= 0 /\\ -v_i.0 + v_j.0 - 1 >= 0 /\\ v_4 + v_j.0 - 2 >= 0 /\\ -v_4 + v_j.0 >= 0 /\\ v_4 - v_i.0 - 1 >= 0 /\\ v_i.0 >= 0 /\\ v_4 + v_i.0 - 1 >= 0 /\\ -v_4 + v_i.0 + 1 >= 0 /\\ v_4 - 1 >= 0 ]", 0-2) = v_n
	S("eval_abc_10(v_4, v_i.0, v_j.0, v_n) -> Com_2(eval_llvm.dbg.value_start(v_4, v_i.0, v_j.0, v_n), eval_abc_11(v_4, v_i.0, v_j.0, v_n)) [ v_n - 1 >= 0 /\\ v_j.0 + v_n - 2 >= 0 /\\ v_i.0 + v_n - 1 >= 0 /\\ -v_i.0 + v_n - 1 >= 0 /\\ v_4 + v_n - 2 >= 0 /\\ -v_4 + v_n >= 0 /\\ v_j.0 - 1 >= 0 /\\ v_i.0 + v_j.0 - 1 >= 0 /\\ -v_i.0 + v_j.0 - 1 >= 0 /\\ v_4 + v_j.0 - 2 >= 0 /\\ -v_4 + v_j.0 >= 0 /\\ v_4 - v_i.0 - 1 >= 0 /\\ v_i.0 >= 0 /\\ v_4 + v_i.0 - 1 >= 0 /\\ -v_4 + v_i.0 + 1 >= 0 /\\ v_4 - 1 >= 0 ]", 0-3) = v_n
	S("eval_abc_10(v_4, v_i.0, v_j.0, v_n) -> Com_2(eval_llvm.dbg.value_start(v_4, v_i.0, v_j.0, v_n), eval_abc_11(v_4, v_i.0, v_j.0, v_n)) [ v_n - 1 >= 0 /\\ v_j.0 + v_n - 2 >= 0 /\\ v_i.0 + v_n - 1 >= 0 /\\ -v_i.0 + v_n - 1 >= 0 /\\ v_4 + v_n - 2 >= 0 /\\ -v_4 + v_n >= 0 /\\ v_j.0 - 1 >= 0 /\\ v_i.0 + v_j.0 - 1 >= 0 /\\ -v_i.0 + v_j.0 - 1 >= 0 /\\ v_4 + v_j.0 - 2 >= 0 /\\ -v_4 + v_j.0 >= 0 /\\ v_4 - v_i.0 - 1 >= 0 /\\ v_i.0 >= 0 /\\ v_4 + v_i.0 - 1 >= 0 /\\ -v_4 + v_i.0 + 1 >= 0 /\\ v_4 - 1 >= 0 ]", 1-0) = v_n
	S("eval_abc_10(v_4, v_i.0, v_j.0, v_n) -> Com_2(eval_llvm.dbg.value_start(v_4, v_i.0, v_j.0, v_n), eval_abc_11(v_4, v_i.0, v_j.0, v_n)) [ v_n - 1 >= 0 /\\ v_j.0 + v_n - 2 >= 0 /\\ v_i.0 + v_n - 1 >= 0 /\\ -v_i.0 + v_n - 1 >= 0 /\\ v_4 + v_n - 2 >= 0 /\\ -v_4 + v_n >= 0 /\\ v_j.0 - 1 >= 0 /\\ v_i.0 + v_j.0 - 1 >= 0 /\\ -v_i.0 + v_j.0 - 1 >= 0 /\\ v_4 + v_j.0 - 2 >= 0 /\\ -v_4 + v_j.0 >= 0 /\\ v_4 - v_i.0 - 1 >= 0 /\\ v_i.0 >= 0 /\\ v_4 + v_i.0 - 1 >= 0 /\\ -v_4 + v_i.0 + 1 >= 0 /\\ v_4 - 1 >= 0 ]", 1-1) = v_n
	S("eval_abc_10(v_4, v_i.0, v_j.0, v_n) -> Com_2(eval_llvm.dbg.value_start(v_4, v_i.0, v_j.0, v_n), eval_abc_11(v_4, v_i.0, v_j.0, v_n)) [ v_n - 1 >= 0 /\\ v_j.0 + v_n - 2 >= 0 /\\ v_i.0 + v_n - 1 >= 0 /\\ -v_i.0 + v_n - 1 >= 0 /\\ v_4 + v_n - 2 >= 0 /\\ -v_4 + v_n >= 0 /\\ v_j.0 - 1 >= 0 /\\ v_i.0 + v_j.0 - 1 >= 0 /\\ -v_i.0 + v_j.0 - 1 >= 0 /\\ v_4 + v_j.0 - 2 >= 0 /\\ -v_4 + v_j.0 >= 0 /\\ v_4 - v_i.0 - 1 >= 0 /\\ v_i.0 >= 0 /\\ v_4 + v_i.0 - 1 >= 0 /\\ -v_4 + v_i.0 + 1 >= 0 /\\ v_4 - 1 >= 0 ]", 1-2) = v_n
	S("eval_abc_10(v_4, v_i.0, v_j.0, v_n) -> Com_2(eval_llvm.dbg.value_start(v_4, v_i.0, v_j.0, v_n), eval_abc_11(v_4, v_i.0, v_j.0, v_n)) [ v_n - 1 >= 0 /\\ v_j.0 + v_n - 2 >= 0 /\\ v_i.0 + v_n - 1 >= 0 /\\ -v_i.0 + v_n - 1 >= 0 /\\ v_4 + v_n - 2 >= 0 /\\ -v_4 + v_n >= 0 /\\ v_j.0 - 1 >= 0 /\\ v_i.0 + v_j.0 - 1 >= 0 /\\ -v_i.0 + v_j.0 - 1 >= 0 /\\ v_4 + v_j.0 - 2 >= 0 /\\ -v_4 + v_j.0 >= 0 /\\ v_4 - v_i.0 - 1 >= 0 /\\ v_i.0 >= 0 /\\ v_4 + v_i.0 - 1 >= 0 /\\ -v_4 + v_i.0 + 1 >= 0 /\\ v_4 - 1 >= 0 ]", 1-3) = v_n
	S("eval_abc_11(v_4, v_i.0, v_j.0, v_n) -> Com_1(eval_abc_bb1_in(v_4, v_4, v_j.0, v_n)) [ v_n - 1 >= 0 /\\ v_j.0 + v_n - 2 >= 0 /\\ v_i.0 + v_n - 1 >= 0 /\\ -v_i.0 + v_n - 1 >= 0 /\\ v_4 + v_n - 2 >= 0 /\\ -v_4 + v_n >= 0 /\\ v_j.0 - 1 >= 0 /\\ v_i.0 + v_j.0 - 1 >= 0 /\\ -v_i.0 + v_j.0 - 1 >= 0 /\\ v_4 + v_j.0 - 2 >= 0 /\\ -v_4 + v_j.0 >= 0 /\\ v_4 - v_i.0 - 1 >= 0 /\\ v_i.0 >= 0 /\\ v_4 + v_i.0 - 1 >= 0 /\\ -v_4 + v_i.0 + 1 >= 0 /\\ v_4 - 1 >= 0 ]", 0-0) = v_n
	S("eval_abc_11(v_4, v_i.0, v_j.0, v_n) -> Com_1(eval_abc_bb1_in(v_4, v_4, v_j.0, v_n)) [ v_n - 1 >= 0 /\\ v_j.0 + v_n - 2 >= 0 /\\ v_i.0 + v_n - 1 >= 0 /\\ -v_i.0 + v_n - 1 >= 0 /\\ v_4 + v_n - 2 >= 0 /\\ -v_4 + v_n >= 0 /\\ v_j.0 - 1 >= 0 /\\ v_i.0 + v_j.0 - 1 >= 0 /\\ -v_i.0 + v_j.0 - 1 >= 0 /\\ v_4 + v_j.0 - 2 >= 0 /\\ -v_4 + v_j.0 >= 0 /\\ v_4 - v_i.0 - 1 >= 0 /\\ v_i.0 >= 0 /\\ v_4 + v_i.0 - 1 >= 0 /\\ -v_4 + v_i.0 + 1 >= 0 /\\ v_4 - 1 >= 0 ]", 0-1) = v_n
	S("eval_abc_11(v_4, v_i.0, v_j.0, v_n) -> Com_1(eval_abc_bb1_in(v_4, v_4, v_j.0, v_n)) [ v_n - 1 >= 0 /\\ v_j.0 + v_n - 2 >= 0 /\\ v_i.0 + v_n - 1 >= 0 /\\ -v_i.0 + v_n - 1 >= 0 /\\ v_4 + v_n - 2 >= 0 /\\ -v_4 + v_n >= 0 /\\ v_j.0 - 1 >= 0 /\\ v_i.0 + v_j.0 - 1 >= 0 /\\ -v_i.0 + v_j.0 - 1 >= 0 /\\ v_4 + v_j.0 - 2 >= 0 /\\ -v_4 + v_j.0 >= 0 /\\ v_4 - v_i.0 - 1 >= 0 /\\ v_i.0 >= 0 /\\ v_4 + v_i.0 - 1 >= 0 /\\ -v_4 + v_i.0 + 1 >= 0 /\\ v_4 - 1 >= 0 ]", 0-2) = v_n
	S("eval_abc_11(v_4, v_i.0, v_j.0, v_n) -> Com_1(eval_abc_bb1_in(v_4, v_4, v_j.0, v_n)) [ v_n - 1 >= 0 /\\ v_j.0 + v_n - 2 >= 0 /\\ v_i.0 + v_n - 1 >= 0 /\\ -v_i.0 + v_n - 1 >= 0 /\\ v_4 + v_n - 2 >= 0 /\\ -v_4 + v_n >= 0 /\\ v_j.0 - 1 >= 0 /\\ v_i.0 + v_j.0 - 1 >= 0 /\\ -v_i.0 + v_j.0 - 1 >= 0 /\\ v_4 + v_j.0 - 2 >= 0 /\\ -v_4 + v_j.0 >= 0 /\\ v_4 - v_i.0 - 1 >= 0 /\\ v_i.0 >= 0 /\\ v_4 + v_i.0 - 1 >= 0 /\\ -v_4 + v_i.0 + 1 >= 0 /\\ v_4 - 1 >= 0 ]", 0-3) = v_n
	S("eval_abc_bb5_in(v_4, v_i.0, v_j.0, v_n) -> Com_1(eval_abc_stop(v_4, v_i.0, v_j.0, v_n)) [ v_i.0 - v_n >= 0 /\\ v_i.0 >= 0 ]", 0-0) = v_4 + v_n
	S("eval_abc_bb5_in(v_4, v_i.0, v_j.0, v_n) -> Com_1(eval_abc_stop(v_4, v_i.0, v_j.0, v_n)) [ v_i.0 - v_n >= 0 /\\ v_i.0 >= 0 ]", 0-1) = v_n
	S("eval_abc_bb5_in(v_4, v_i.0, v_j.0, v_n) -> Com_1(eval_abc_stop(v_4, v_i.0, v_j.0, v_n)) [ v_i.0 - v_n >= 0 /\\ v_i.0 >= 0 ]", 0-2) = v_j.0 + v_n
	S("eval_abc_bb5_in(v_4, v_i.0, v_j.0, v_n) -> Com_1(eval_abc_stop(v_4, v_i.0, v_j.0, v_n)) [ v_i.0 - v_n >= 0 /\\ v_i.0 >= 0 ]", 0-3) = v_n
orients the transitions
	eval_abc_bb4_in(v_4, v_i.0, v_j.0, v_n) -> Com_1(eval_abc_10(v_i.0 + 1, v_i.0, v_j.0, v_n)) [ v_n - 1 >= 0 /\ v_j.0 + v_n - 2 >= 0 /\ v_i.0 + v_n - 1 >= 0 /\ -v_i.0 + v_n - 1 >= 0 /\ v_j.0 - 1 >= 0 /\ v_i.0 + v_j.0 - 1 >= 0 /\ -v_i.0 + v_j.0 - 1 >= 0 /\ v_i.0 >= 0 ]
	eval_abc_bb3_in(v_4, v_i.0, v_j.0, v_n) -> Com_1(eval_abc_bb2_in(v_4, v_i.0, v_j.0 + 1, v_n)) [ v_n - 1 >= 0 /\ v_j.0 + v_n - 1 >= 0 /\ -v_j.0 + v_n - 1 >= 0 /\ v_i.0 + v_n - 1 >= 0 /\ -v_i.0 + v_n - 1 >= 0 /\ v_i.0 - v_j.0 >= 0 /\ v_j.0 >= 0 /\ v_i.0 + v_j.0 >= 0 /\ v_i.0 >= 0 ]
	eval_abc_bb2_in(v_4, v_i.0, v_j.0, v_n) -> Com_1(eval_abc_bb4_in(v_4, v_i.0, v_j.0, v_n)) [ v_n - 1 >= 0 /\ v_j.0 + v_n - 1 >= 0 /\ v_i.0 + v_n - 1 >= 0 /\ -v_i.0 + v_n - 1 >= 0 /\ v_j.0 >= 0 /\ v_i.0 + v_j.0 >= 0 /\ v_i.0 >= 0 /\ v_j.0 > v_i.0 ]
	eval_abc_bb2_in(v_4, v_i.0, v_j.0, v_n) -> Com_1(eval_abc_bb3_in(v_4, v_i.0, v_j.0, v_n)) [ v_n - 1 >= 0 /\ v_j.0 + v_n - 1 >= 0 /\ v_i.0 + v_n - 1 >= 0 /\ -v_i.0 + v_n - 1 >= 0 /\ v_j.0 >= 0 /\ v_i.0 + v_j.0 >= 0 /\ v_i.0 >= 0 /\ v_j.0 <= v_i.0 ]
	eval_abc_bb1_in(v_4, v_i.0, v_j.0, v_n) -> Com_1(eval_abc_bb2_in(v_4, v_i.0, 0, v_n)) [ v_i.0 >= 0 /\ v_i.0 <= v_n - 1 ]
	eval_abc_11(v_4, v_i.0, v_j.0, v_n) -> Com_1(eval_abc_bb1_in(v_4, v_4, v_j.0, v_n)) [ v_n - 1 >= 0 /\ v_j.0 + v_n - 2 >= 0 /\ v_i.0 + v_n - 1 >= 0 /\ -v_i.0 + v_n - 1 >= 0 /\ v_4 + v_n - 2 >= 0 /\ -v_4 + v_n >= 0 /\ v_j.0 - 1 >= 0 /\ v_i.0 + v_j.0 - 1 >= 0 /\ -v_i.0 + v_j.0 - 1 >= 0 /\ v_4 + v_j.0 - 2 >= 0 /\ -v_4 + v_j.0 >= 0 /\ v_4 - v_i.0 - 1 >= 0 /\ v_i.0 >= 0 /\ v_4 + v_i.0 - 1 >= 0 /\ -v_4 + v_i.0 + 1 >= 0 /\ v_4 - 1 >= 0 ]
	eval_abc_10(v_4, v_i.0, v_j.0, v_n) -> Com_2(eval_llvm.dbg.value_start(v_4, v_i.0, v_j.0, v_n), eval_abc_11(v_4, v_i.0, v_j.0, v_n)) [ v_n - 1 >= 0 /\ v_j.0 + v_n - 2 >= 0 /\ v_i.0 + v_n - 1 >= 0 /\ -v_i.0 + v_n - 1 >= 0 /\ v_4 + v_n - 2 >= 0 /\ -v_4 + v_n >= 0 /\ v_j.0 - 1 >= 0 /\ v_i.0 + v_j.0 - 1 >= 0 /\ -v_i.0 + v_j.0 - 1 >= 0 /\ v_4 + v_j.0 - 2 >= 0 /\ -v_4 + v_j.0 >= 0 /\ v_4 - v_i.0 - 1 >= 0 /\ v_i.0 >= 0 /\ v_4 + v_i.0 - 1 >= 0 /\ -v_4 + v_i.0 + 1 >= 0 /\ v_4 - 1 >= 0 ]
weakly and the transitions
	eval_abc_bb4_in(v_4, v_i.0, v_j.0, v_n) -> Com_1(eval_abc_10(v_i.0 + 1, v_i.0, v_j.0, v_n)) [ v_n - 1 >= 0 /\ v_j.0 + v_n - 2 >= 0 /\ v_i.0 + v_n - 1 >= 0 /\ -v_i.0 + v_n - 1 >= 0 /\ v_j.0 - 1 >= 0 /\ v_i.0 + v_j.0 - 1 >= 0 /\ -v_i.0 + v_j.0 - 1 >= 0 /\ v_i.0 >= 0 ]
	eval_abc_bb2_in(v_4, v_i.0, v_j.0, v_n) -> Com_1(eval_abc_bb4_in(v_4, v_i.0, v_j.0, v_n)) [ v_n - 1 >= 0 /\ v_j.0 + v_n - 1 >= 0 /\ v_i.0 + v_n - 1 >= 0 /\ -v_i.0 + v_n - 1 >= 0 /\ v_j.0 >= 0 /\ v_i.0 + v_j.0 >= 0 /\ v_i.0 >= 0 /\ v_j.0 > v_i.0 ]
	eval_abc_bb1_in(v_4, v_i.0, v_j.0, v_n) -> Com_1(eval_abc_bb2_in(v_4, v_i.0, 0, v_n)) [ v_i.0 >= 0 /\ v_i.0 <= v_n - 1 ]
	eval_abc_11(v_4, v_i.0, v_j.0, v_n) -> Com_1(eval_abc_bb1_in(v_4, v_4, v_j.0, v_n)) [ v_n - 1 >= 0 /\ v_j.0 + v_n - 2 >= 0 /\ v_i.0 + v_n - 1 >= 0 /\ -v_i.0 + v_n - 1 >= 0 /\ v_4 + v_n - 2 >= 0 /\ -v_4 + v_n >= 0 /\ v_j.0 - 1 >= 0 /\ v_i.0 + v_j.0 - 1 >= 0 /\ -v_i.0 + v_j.0 - 1 >= 0 /\ v_4 + v_j.0 - 2 >= 0 /\ -v_4 + v_j.0 >= 0 /\ v_4 - v_i.0 - 1 >= 0 /\ v_i.0 >= 0 /\ v_4 + v_i.0 - 1 >= 0 /\ -v_4 + v_i.0 + 1 >= 0 /\ v_4 - 1 >= 0 ]
	eval_abc_10(v_4, v_i.0, v_j.0, v_n) -> Com_2(eval_llvm.dbg.value_start(v_4, v_i.0, v_j.0, v_n), eval_abc_11(v_4, v_i.0, v_j.0, v_n)) [ v_n - 1 >= 0 /\ v_j.0 + v_n - 2 >= 0 /\ v_i.0 + v_n - 1 >= 0 /\ -v_i.0 + v_n - 1 >= 0 /\ v_4 + v_n - 2 >= 0 /\ -v_4 + v_n >= 0 /\ v_j.0 - 1 >= 0 /\ v_i.0 + v_j.0 - 1 >= 0 /\ -v_i.0 + v_j.0 - 1 >= 0 /\ v_4 + v_j.0 - 2 >= 0 /\ -v_4 + v_j.0 >= 0 /\ v_4 - v_i.0 - 1 >= 0 /\ v_i.0 >= 0 /\ v_4 + v_i.0 - 1 >= 0 /\ -v_4 + v_i.0 + 1 >= 0 /\ v_4 - 1 >= 0 ]
strictly and produces the following problem:
5:	T:
		(2, 1)        eval_abc_bb5_in(v_4, v_i.0, v_j.0, v_n) -> Com_1(eval_abc_stop(v_4, v_i.0, v_j.0, v_n)) [ v_i.0 - v_n >= 0 /\ v_i.0 >= 0 ]
		(5*v_n, 1)    eval_abc_11(v_4, v_i.0, v_j.0, v_n) -> Com_1(eval_abc_bb1_in(v_4, v_4, v_j.0, v_n)) [ v_n - 1 >= 0 /\ v_j.0 + v_n - 2 >= 0 /\ v_i.0 + v_n - 1 >= 0 /\ -v_i.0 + v_n - 1 >= 0 /\ v_4 + v_n - 2 >= 0 /\ -v_4 + v_n >= 0 /\ v_j.0 - 1 >= 0 /\ v_i.0 + v_j.0 - 1 >= 0 /\ -v_i.0 + v_j.0 - 1 >= 0 /\ v_4 + v_j.0 - 2 >= 0 /\ -v_4 + v_j.0 >= 0 /\ v_4 - v_i.0 - 1 >= 0 /\ v_i.0 >= 0 /\ v_4 + v_i.0 - 1 >= 0 /\ -v_4 + v_i.0 + 1 >= 0 /\ v_4 - 1 >= 0 ]
		(5*v_n, 1)    eval_abc_10(v_4, v_i.0, v_j.0, v_n) -> Com_2(eval_llvm.dbg.value_start(v_4, v_i.0, v_j.0, v_n), eval_abc_11(v_4, v_i.0, v_j.0, v_n)) [ v_n - 1 >= 0 /\ v_j.0 + v_n - 2 >= 0 /\ v_i.0 + v_n - 1 >= 0 /\ -v_i.0 + v_n - 1 >= 0 /\ v_4 + v_n - 2 >= 0 /\ -v_4 + v_n >= 0 /\ v_j.0 - 1 >= 0 /\ v_i.0 + v_j.0 - 1 >= 0 /\ -v_i.0 + v_j.0 - 1 >= 0 /\ v_4 + v_j.0 - 2 >= 0 /\ -v_4 + v_j.0 >= 0 /\ v_4 - v_i.0 - 1 >= 0 /\ v_i.0 >= 0 /\ v_4 + v_i.0 - 1 >= 0 /\ -v_4 + v_i.0 + 1 >= 0 /\ v_4 - 1 >= 0 ]
		(5*v_n, 1)    eval_abc_bb4_in(v_4, v_i.0, v_j.0, v_n) -> Com_1(eval_abc_10(v_i.0 + 1, v_i.0, v_j.0, v_n)) [ v_n - 1 >= 0 /\ v_j.0 + v_n - 2 >= 0 /\ v_i.0 + v_n - 1 >= 0 /\ -v_i.0 + v_n - 1 >= 0 /\ v_j.0 - 1 >= 0 /\ v_i.0 + v_j.0 - 1 >= 0 /\ -v_i.0 + v_j.0 - 1 >= 0 /\ v_i.0 >= 0 ]
		(?, 1)        eval_abc_bb3_in(v_4, v_i.0, v_j.0, v_n) -> Com_1(eval_abc_bb2_in(v_4, v_i.0, v_j.0 + 1, v_n)) [ v_n - 1 >= 0 /\ v_j.0 + v_n - 1 >= 0 /\ -v_j.0 + v_n - 1 >= 0 /\ v_i.0 + v_n - 1 >= 0 /\ -v_i.0 + v_n - 1 >= 0 /\ v_i.0 - v_j.0 >= 0 /\ v_j.0 >= 0 /\ v_i.0 + v_j.0 >= 0 /\ v_i.0 >= 0 ]
		(5*v_n, 1)    eval_abc_bb2_in(v_4, v_i.0, v_j.0, v_n) -> Com_1(eval_abc_bb4_in(v_4, v_i.0, v_j.0, v_n)) [ v_n - 1 >= 0 /\ v_j.0 + v_n - 1 >= 0 /\ v_i.0 + v_n - 1 >= 0 /\ -v_i.0 + v_n - 1 >= 0 /\ v_j.0 >= 0 /\ v_i.0 + v_j.0 >= 0 /\ v_i.0 >= 0 /\ v_j.0 > v_i.0 ]
		(?, 1)        eval_abc_bb2_in(v_4, v_i.0, v_j.0, v_n) -> Com_1(eval_abc_bb3_in(v_4, v_i.0, v_j.0, v_n)) [ v_n - 1 >= 0 /\ v_j.0 + v_n - 1 >= 0 /\ v_i.0 + v_n - 1 >= 0 /\ -v_i.0 + v_n - 1 >= 0 /\ v_j.0 >= 0 /\ v_i.0 + v_j.0 >= 0 /\ v_i.0 >= 0 /\ v_j.0 <= v_i.0 ]
		(2, 1)        eval_abc_bb1_in(v_4, v_i.0, v_j.0, v_n) -> Com_1(eval_abc_bb5_in(v_4, v_i.0, v_j.0, v_n)) [ v_i.0 >= 0 /\ v_i.0 > v_n - 1 ]
		(5*v_n, 1)    eval_abc_bb1_in(v_4, v_i.0, v_j.0, v_n) -> Com_1(eval_abc_bb2_in(v_4, v_i.0, 0, v_n)) [ v_i.0 >= 0 /\ v_i.0 <= v_n - 1 ]
		(1, 1)        eval_abc_4(v_4, v_i.0, v_j.0, v_n) -> Com_1(eval_abc_bb1_in(v_4, 0, v_j.0, v_n))
		(1, 1)        eval_abc_3(v_4, v_i.0, v_j.0, v_n) -> Com_2(eval_llvm.dbg.value_start(v_4, v_i.0, v_j.0, v_n), eval_abc_4(v_4, v_i.0, v_j.0, v_n))
		(1, 1)        eval_abc_2(v_4, v_i.0, v_j.0, v_n) -> Com_2(eval_llvm.dbg.value_start(v_4, v_i.0, v_j.0, v_n), eval_abc_3(v_4, v_i.0, v_j.0, v_n))
		(1, 1)        eval_abc_1(v_4, v_i.0, v_j.0, v_n) -> Com_2(eval_llvm.dbg.value_start(v_4, v_i.0, v_j.0, v_n), eval_abc_2(v_4, v_i.0, v_j.0, v_n))
		(1, 1)        eval_abc_0(v_4, v_i.0, v_j.0, v_n) -> Com_2(eval_llvm.dbg.value_start(v_4, v_i.0, v_j.0, v_n), eval_abc_1(v_4, v_i.0, v_j.0, v_n))
		(1, 1)        eval_abc_bb0_in(v_4, v_i.0, v_j.0, v_n) -> Com_1(eval_abc_0(v_4, v_i.0, v_j.0, v_n))
		(1, 1)        eval_abc_start(v_4, v_i.0, v_j.0, v_n) -> Com_1(eval_abc_bb0_in(v_4, v_i.0, v_j.0, v_n))
	start location:	eval_abc_start
	leaf cost:	0

A polynomial rank function with
	Pol(eval_abc_bb3_in) = 2*V_2 - 2*V_3 + 1
	Pol(eval_abc_bb2_in) = 2*V_2 - 2*V_3 + 2
and size complexities
	S("eval_abc_start(v_4, v_i.0, v_j.0, v_n) -> Com_1(eval_abc_bb0_in(v_4, v_i.0, v_j.0, v_n))", 0-0) = v_4
	S("eval_abc_start(v_4, v_i.0, v_j.0, v_n) -> Com_1(eval_abc_bb0_in(v_4, v_i.0, v_j.0, v_n))", 0-1) = v_i.0
	S("eval_abc_start(v_4, v_i.0, v_j.0, v_n) -> Com_1(eval_abc_bb0_in(v_4, v_i.0, v_j.0, v_n))", 0-2) = v_j.0
	S("eval_abc_start(v_4, v_i.0, v_j.0, v_n) -> Com_1(eval_abc_bb0_in(v_4, v_i.0, v_j.0, v_n))", 0-3) = v_n
	S("eval_abc_bb0_in(v_4, v_i.0, v_j.0, v_n) -> Com_1(eval_abc_0(v_4, v_i.0, v_j.0, v_n))", 0-0) = v_4
	S("eval_abc_bb0_in(v_4, v_i.0, v_j.0, v_n) -> Com_1(eval_abc_0(v_4, v_i.0, v_j.0, v_n))", 0-1) = v_i.0
	S("eval_abc_bb0_in(v_4, v_i.0, v_j.0, v_n) -> Com_1(eval_abc_0(v_4, v_i.0, v_j.0, v_n))", 0-2) = v_j.0
	S("eval_abc_bb0_in(v_4, v_i.0, v_j.0, v_n) -> Com_1(eval_abc_0(v_4, v_i.0, v_j.0, v_n))", 0-3) = v_n
	S("eval_abc_0(v_4, v_i.0, v_j.0, v_n) -> Com_2(eval_llvm.dbg.value_start(v_4, v_i.0, v_j.0, v_n), eval_abc_1(v_4, v_i.0, v_j.0, v_n))", 0-0) = v_4
	S("eval_abc_0(v_4, v_i.0, v_j.0, v_n) -> Com_2(eval_llvm.dbg.value_start(v_4, v_i.0, v_j.0, v_n), eval_abc_1(v_4, v_i.0, v_j.0, v_n))", 0-1) = v_i.0
	S("eval_abc_0(v_4, v_i.0, v_j.0, v_n) -> Com_2(eval_llvm.dbg.value_start(v_4, v_i.0, v_j.0, v_n), eval_abc_1(v_4, v_i.0, v_j.0, v_n))", 0-2) = v_j.0
	S("eval_abc_0(v_4, v_i.0, v_j.0, v_n) -> Com_2(eval_llvm.dbg.value_start(v_4, v_i.0, v_j.0, v_n), eval_abc_1(v_4, v_i.0, v_j.0, v_n))", 0-3) = v_n
	S("eval_abc_0(v_4, v_i.0, v_j.0, v_n) -> Com_2(eval_llvm.dbg.value_start(v_4, v_i.0, v_j.0, v_n), eval_abc_1(v_4, v_i.0, v_j.0, v_n))", 1-0) = v_4
	S("eval_abc_0(v_4, v_i.0, v_j.0, v_n) -> Com_2(eval_llvm.dbg.value_start(v_4, v_i.0, v_j.0, v_n), eval_abc_1(v_4, v_i.0, v_j.0, v_n))", 1-1) = v_i.0
	S("eval_abc_0(v_4, v_i.0, v_j.0, v_n) -> Com_2(eval_llvm.dbg.value_start(v_4, v_i.0, v_j.0, v_n), eval_abc_1(v_4, v_i.0, v_j.0, v_n))", 1-2) = v_j.0
	S("eval_abc_0(v_4, v_i.0, v_j.0, v_n) -> Com_2(eval_llvm.dbg.value_start(v_4, v_i.0, v_j.0, v_n), eval_abc_1(v_4, v_i.0, v_j.0, v_n))", 1-3) = v_n
	S("eval_abc_1(v_4, v_i.0, v_j.0, v_n) -> Com_2(eval_llvm.dbg.value_start(v_4, v_i.0, v_j.0, v_n), eval_abc_2(v_4, v_i.0, v_j.0, v_n))", 0-0) = v_4
	S("eval_abc_1(v_4, v_i.0, v_j.0, v_n) -> Com_2(eval_llvm.dbg.value_start(v_4, v_i.0, v_j.0, v_n), eval_abc_2(v_4, v_i.0, v_j.0, v_n))", 0-1) = v_i.0
	S("eval_abc_1(v_4, v_i.0, v_j.0, v_n) -> Com_2(eval_llvm.dbg.value_start(v_4, v_i.0, v_j.0, v_n), eval_abc_2(v_4, v_i.0, v_j.0, v_n))", 0-2) = v_j.0
	S("eval_abc_1(v_4, v_i.0, v_j.0, v_n) -> Com_2(eval_llvm.dbg.value_start(v_4, v_i.0, v_j.0, v_n), eval_abc_2(v_4, v_i.0, v_j.0, v_n))", 0-3) = v_n
	S("eval_abc_1(v_4, v_i.0, v_j.0, v_n) -> Com_2(eval_llvm.dbg.value_start(v_4, v_i.0, v_j.0, v_n), eval_abc_2(v_4, v_i.0, v_j.0, v_n))", 1-0) = v_4
	S("eval_abc_1(v_4, v_i.0, v_j.0, v_n) -> Com_2(eval_llvm.dbg.value_start(v_4, v_i.0, v_j.0, v_n), eval_abc_2(v_4, v_i.0, v_j.0, v_n))", 1-1) = v_i.0
	S("eval_abc_1(v_4, v_i.0, v_j.0, v_n) -> Com_2(eval_llvm.dbg.value_start(v_4, v_i.0, v_j.0, v_n), eval_abc_2(v_4, v_i.0, v_j.0, v_n))", 1-2) = v_j.0
	S("eval_abc_1(v_4, v_i.0, v_j.0, v_n) -> Com_2(eval_llvm.dbg.value_start(v_4, v_i.0, v_j.0, v_n), eval_abc_2(v_4, v_i.0, v_j.0, v_n))", 1-3) = v_n
	S("eval_abc_2(v_4, v_i.0, v_j.0, v_n) -> Com_2(eval_llvm.dbg.value_start(v_4, v_i.0, v_j.0, v_n), eval_abc_3(v_4, v_i.0, v_j.0, v_n))", 0-0) = v_4
	S("eval_abc_2(v_4, v_i.0, v_j.0, v_n) -> Com_2(eval_llvm.dbg.value_start(v_4, v_i.0, v_j.0, v_n), eval_abc_3(v_4, v_i.0, v_j.0, v_n))", 0-1) = v_i.0
	S("eval_abc_2(v_4, v_i.0, v_j.0, v_n) -> Com_2(eval_llvm.dbg.value_start(v_4, v_i.0, v_j.0, v_n), eval_abc_3(v_4, v_i.0, v_j.0, v_n))", 0-2) = v_j.0
	S("eval_abc_2(v_4, v_i.0, v_j.0, v_n) -> Com_2(eval_llvm.dbg.value_start(v_4, v_i.0, v_j.0, v_n), eval_abc_3(v_4, v_i.0, v_j.0, v_n))", 0-3) = v_n
	S("eval_abc_2(v_4, v_i.0, v_j.0, v_n) -> Com_2(eval_llvm.dbg.value_start(v_4, v_i.0, v_j.0, v_n), eval_abc_3(v_4, v_i.0, v_j.0, v_n))", 1-0) = v_4
	S("eval_abc_2(v_4, v_i.0, v_j.0, v_n) -> Com_2(eval_llvm.dbg.value_start(v_4, v_i.0, v_j.0, v_n), eval_abc_3(v_4, v_i.0, v_j.0, v_n))", 1-1) = v_i.0
	S("eval_abc_2(v_4, v_i.0, v_j.0, v_n) -> Com_2(eval_llvm.dbg.value_start(v_4, v_i.0, v_j.0, v_n), eval_abc_3(v_4, v_i.0, v_j.0, v_n))", 1-2) = v_j.0
	S("eval_abc_2(v_4, v_i.0, v_j.0, v_n) -> Com_2(eval_llvm.dbg.value_start(v_4, v_i.0, v_j.0, v_n), eval_abc_3(v_4, v_i.0, v_j.0, v_n))", 1-3) = v_n
	S("eval_abc_3(v_4, v_i.0, v_j.0, v_n) -> Com_2(eval_llvm.dbg.value_start(v_4, v_i.0, v_j.0, v_n), eval_abc_4(v_4, v_i.0, v_j.0, v_n))", 0-0) = v_4
	S("eval_abc_3(v_4, v_i.0, v_j.0, v_n) -> Com_2(eval_llvm.dbg.value_start(v_4, v_i.0, v_j.0, v_n), eval_abc_4(v_4, v_i.0, v_j.0, v_n))", 0-1) = v_i.0
	S("eval_abc_3(v_4, v_i.0, v_j.0, v_n) -> Com_2(eval_llvm.dbg.value_start(v_4, v_i.0, v_j.0, v_n), eval_abc_4(v_4, v_i.0, v_j.0, v_n))", 0-2) = v_j.0
	S("eval_abc_3(v_4, v_i.0, v_j.0, v_n) -> Com_2(eval_llvm.dbg.value_start(v_4, v_i.0, v_j.0, v_n), eval_abc_4(v_4, v_i.0, v_j.0, v_n))", 0-3) = v_n
	S("eval_abc_3(v_4, v_i.0, v_j.0, v_n) -> Com_2(eval_llvm.dbg.value_start(v_4, v_i.0, v_j.0, v_n), eval_abc_4(v_4, v_i.0, v_j.0, v_n))", 1-0) = v_4
	S("eval_abc_3(v_4, v_i.0, v_j.0, v_n) -> Com_2(eval_llvm.dbg.value_start(v_4, v_i.0, v_j.0, v_n), eval_abc_4(v_4, v_i.0, v_j.0, v_n))", 1-1) = v_i.0
	S("eval_abc_3(v_4, v_i.0, v_j.0, v_n) -> Com_2(eval_llvm.dbg.value_start(v_4, v_i.0, v_j.0, v_n), eval_abc_4(v_4, v_i.0, v_j.0, v_n))", 1-2) = v_j.0
	S("eval_abc_3(v_4, v_i.0, v_j.0, v_n) -> Com_2(eval_llvm.dbg.value_start(v_4, v_i.0, v_j.0, v_n), eval_abc_4(v_4, v_i.0, v_j.0, v_n))", 1-3) = v_n
	S("eval_abc_4(v_4, v_i.0, v_j.0, v_n) -> Com_1(eval_abc_bb1_in(v_4, 0, v_j.0, v_n))", 0-0) = v_4
	S("eval_abc_4(v_4, v_i.0, v_j.0, v_n) -> Com_1(eval_abc_bb1_in(v_4, 0, v_j.0, v_n))", 0-1) = 0
	S("eval_abc_4(v_4, v_i.0, v_j.0, v_n) -> Com_1(eval_abc_bb1_in(v_4, 0, v_j.0, v_n))", 0-2) = v_j.0
	S("eval_abc_4(v_4, v_i.0, v_j.0, v_n) -> Com_1(eval_abc_bb1_in(v_4, 0, v_j.0, v_n))", 0-3) = v_n
	S("eval_abc_bb1_in(v_4, v_i.0, v_j.0, v_n) -> Com_1(eval_abc_bb2_in(v_4, v_i.0, 0, v_n)) [ v_i.0 >= 0 /\\ v_i.0 <= v_n - 1 ]", 0-0) = v_4 + v_n
	S("eval_abc_bb1_in(v_4, v_i.0, v_j.0, v_n) -> Com_1(eval_abc_bb2_in(v_4, v_i.0, 0, v_n)) [ v_i.0 >= 0 /\\ v_i.0 <= v_n - 1 ]", 0-1) = v_n
	S("eval_abc_bb1_in(v_4, v_i.0, v_j.0, v_n) -> Com_1(eval_abc_bb2_in(v_4, v_i.0, 0, v_n)) [ v_i.0 >= 0 /\\ v_i.0 <= v_n - 1 ]", 0-2) = 0
	S("eval_abc_bb1_in(v_4, v_i.0, v_j.0, v_n) -> Com_1(eval_abc_bb2_in(v_4, v_i.0, 0, v_n)) [ v_i.0 >= 0 /\\ v_i.0 <= v_n - 1 ]", 0-3) = v_n
	S("eval_abc_bb1_in(v_4, v_i.0, v_j.0, v_n) -> Com_1(eval_abc_bb5_in(v_4, v_i.0, v_j.0, v_n)) [ v_i.0 >= 0 /\\ v_i.0 > v_n - 1 ]", 0-0) = v_4 + v_n
	S("eval_abc_bb1_in(v_4, v_i.0, v_j.0, v_n) -> Com_1(eval_abc_bb5_in(v_4, v_i.0, v_j.0, v_n)) [ v_i.0 >= 0 /\\ v_i.0 > v_n - 1 ]", 0-1) = v_n
	S("eval_abc_bb1_in(v_4, v_i.0, v_j.0, v_n) -> Com_1(eval_abc_bb5_in(v_4, v_i.0, v_j.0, v_n)) [ v_i.0 >= 0 /\\ v_i.0 > v_n - 1 ]", 0-2) = v_j.0 + v_n
	S("eval_abc_bb1_in(v_4, v_i.0, v_j.0, v_n) -> Com_1(eval_abc_bb5_in(v_4, v_i.0, v_j.0, v_n)) [ v_i.0 >= 0 /\\ v_i.0 > v_n - 1 ]", 0-3) = v_n
	S("eval_abc_bb2_in(v_4, v_i.0, v_j.0, v_n) -> Com_1(eval_abc_bb3_in(v_4, v_i.0, v_j.0, v_n)) [ v_n - 1 >= 0 /\\ v_j.0 + v_n - 1 >= 0 /\\ v_i.0 + v_n - 1 >= 0 /\\ -v_i.0 + v_n - 1 >= 0 /\\ v_j.0 >= 0 /\\ v_i.0 + v_j.0 >= 0 /\\ v_i.0 >= 0 /\\ v_j.0 <= v_i.0 ]", 0-0) = v_4 + v_n
	S("eval_abc_bb2_in(v_4, v_i.0, v_j.0, v_n) -> Com_1(eval_abc_bb3_in(v_4, v_i.0, v_j.0, v_n)) [ v_n - 1 >= 0 /\\ v_j.0 + v_n - 1 >= 0 /\\ v_i.0 + v_n - 1 >= 0 /\\ -v_i.0 + v_n - 1 >= 0 /\\ v_j.0 >= 0 /\\ v_i.0 + v_j.0 >= 0 /\\ v_i.0 >= 0 /\\ v_j.0 <= v_i.0 ]", 0-1) = v_n
	S("eval_abc_bb2_in(v_4, v_i.0, v_j.0, v_n) -> Com_1(eval_abc_bb3_in(v_4, v_i.0, v_j.0, v_n)) [ v_n - 1 >= 0 /\\ v_j.0 + v_n - 1 >= 0 /\\ v_i.0 + v_n - 1 >= 0 /\\ -v_i.0 + v_n - 1 >= 0 /\\ v_j.0 >= 0 /\\ v_i.0 + v_j.0 >= 0 /\\ v_i.0 >= 0 /\\ v_j.0 <= v_i.0 ]", 0-2) = v_n
	S("eval_abc_bb2_in(v_4, v_i.0, v_j.0, v_n) -> Com_1(eval_abc_bb3_in(v_4, v_i.0, v_j.0, v_n)) [ v_n - 1 >= 0 /\\ v_j.0 + v_n - 1 >= 0 /\\ v_i.0 + v_n - 1 >= 0 /\\ -v_i.0 + v_n - 1 >= 0 /\\ v_j.0 >= 0 /\\ v_i.0 + v_j.0 >= 0 /\\ v_i.0 >= 0 /\\ v_j.0 <= v_i.0 ]", 0-3) = v_n
	S("eval_abc_bb2_in(v_4, v_i.0, v_j.0, v_n) -> Com_1(eval_abc_bb4_in(v_4, v_i.0, v_j.0, v_n)) [ v_n - 1 >= 0 /\\ v_j.0 + v_n - 1 >= 0 /\\ v_i.0 + v_n - 1 >= 0 /\\ -v_i.0 + v_n - 1 >= 0 /\\ v_j.0 >= 0 /\\ v_i.0 + v_j.0 >= 0 /\\ v_i.0 >= 0 /\\ v_j.0 > v_i.0 ]", 0-0) = v_4 + v_n
	S("eval_abc_bb2_in(v_4, v_i.0, v_j.0, v_n) -> Com_1(eval_abc_bb4_in(v_4, v_i.0, v_j.0, v_n)) [ v_n - 1 >= 0 /\\ v_j.0 + v_n - 1 >= 0 /\\ v_i.0 + v_n - 1 >= 0 /\\ -v_i.0 + v_n - 1 >= 0 /\\ v_j.0 >= 0 /\\ v_i.0 + v_j.0 >= 0 /\\ v_i.0 >= 0 /\\ v_j.0 > v_i.0 ]", 0-1) = v_n
	S("eval_abc_bb2_in(v_4, v_i.0, v_j.0, v_n) -> Com_1(eval_abc_bb4_in(v_4, v_i.0, v_j.0, v_n)) [ v_n - 1 >= 0 /\\ v_j.0 + v_n - 1 >= 0 /\\ v_i.0 + v_n - 1 >= 0 /\\ -v_i.0 + v_n - 1 >= 0 /\\ v_j.0 >= 0 /\\ v_i.0 + v_j.0 >= 0 /\\ v_i.0 >= 0 /\\ v_j.0 > v_i.0 ]", 0-2) = v_n
	S("eval_abc_bb2_in(v_4, v_i.0, v_j.0, v_n) -> Com_1(eval_abc_bb4_in(v_4, v_i.0, v_j.0, v_n)) [ v_n - 1 >= 0 /\\ v_j.0 + v_n - 1 >= 0 /\\ v_i.0 + v_n - 1 >= 0 /\\ -v_i.0 + v_n - 1 >= 0 /\\ v_j.0 >= 0 /\\ v_i.0 + v_j.0 >= 0 /\\ v_i.0 >= 0 /\\ v_j.0 > v_i.0 ]", 0-3) = v_n
	S("eval_abc_bb3_in(v_4, v_i.0, v_j.0, v_n) -> Com_1(eval_abc_bb2_in(v_4, v_i.0, v_j.0 + 1, v_n)) [ v_n - 1 >= 0 /\\ v_j.0 + v_n - 1 >= 0 /\\ -v_j.0 + v_n - 1 >= 0 /\\ v_i.0 + v_n - 1 >= 0 /\\ -v_i.0 + v_n - 1 >= 0 /\\ v_i.0 - v_j.0 >= 0 /\\ v_j.0 >= 0 /\\ v_i.0 + v_j.0 >= 0 /\\ v_i.0 >= 0 ]", 0-0) = v_4 + v_n
	S("eval_abc_bb3_in(v_4, v_i.0, v_j.0, v_n) -> Com_1(eval_abc_bb2_in(v_4, v_i.0, v_j.0 + 1, v_n)) [ v_n - 1 >= 0 /\\ v_j.0 + v_n - 1 >= 0 /\\ -v_j.0 + v_n - 1 >= 0 /\\ v_i.0 + v_n - 1 >= 0 /\\ -v_i.0 + v_n - 1 >= 0 /\\ v_i.0 - v_j.0 >= 0 /\\ v_j.0 >= 0 /\\ v_i.0 + v_j.0 >= 0 /\\ v_i.0 >= 0 ]", 0-1) = v_n
	S("eval_abc_bb3_in(v_4, v_i.0, v_j.0, v_n) -> Com_1(eval_abc_bb2_in(v_4, v_i.0, v_j.0 + 1, v_n)) [ v_n - 1 >= 0 /\\ v_j.0 + v_n - 1 >= 0 /\\ -v_j.0 + v_n - 1 >= 0 /\\ v_i.0 + v_n - 1 >= 0 /\\ -v_i.0 + v_n - 1 >= 0 /\\ v_i.0 - v_j.0 >= 0 /\\ v_j.0 >= 0 /\\ v_i.0 + v_j.0 >= 0 /\\ v_i.0 >= 0 ]", 0-2) = v_n
	S("eval_abc_bb3_in(v_4, v_i.0, v_j.0, v_n) -> Com_1(eval_abc_bb2_in(v_4, v_i.0, v_j.0 + 1, v_n)) [ v_n - 1 >= 0 /\\ v_j.0 + v_n - 1 >= 0 /\\ -v_j.0 + v_n - 1 >= 0 /\\ v_i.0 + v_n - 1 >= 0 /\\ -v_i.0 + v_n - 1 >= 0 /\\ v_i.0 - v_j.0 >= 0 /\\ v_j.0 >= 0 /\\ v_i.0 + v_j.0 >= 0 /\\ v_i.0 >= 0 ]", 0-3) = v_n
	S("eval_abc_bb4_in(v_4, v_i.0, v_j.0, v_n) -> Com_1(eval_abc_10(v_i.0 + 1, v_i.0, v_j.0, v_n)) [ v_n - 1 >= 0 /\\ v_j.0 + v_n - 2 >= 0 /\\ v_i.0 + v_n - 1 >= 0 /\\ -v_i.0 + v_n - 1 >= 0 /\\ v_j.0 - 1 >= 0 /\\ v_i.0 + v_j.0 - 1 >= 0 /\\ -v_i.0 + v_j.0 - 1 >= 0 /\\ v_i.0 >= 0 ]", 0-0) = v_n
	S("eval_abc_bb4_in(v_4, v_i.0, v_j.0, v_n) -> Com_1(eval_abc_10(v_i.0 + 1, v_i.0, v_j.0, v_n)) [ v_n - 1 >= 0 /\\ v_j.0 + v_n - 2 >= 0 /\\ v_i.0 + v_n - 1 >= 0 /\\ -v_i.0 + v_n - 1 >= 0 /\\ v_j.0 - 1 >= 0 /\\ v_i.0 + v_j.0 - 1 >= 0 /\\ -v_i.0 + v_j.0 - 1 >= 0 /\\ v_i.0 >= 0 ]", 0-1) = v_n
	S("eval_abc_bb4_in(v_4, v_i.0, v_j.0, v_n) -> Com_1(eval_abc_10(v_i.0 + 1, v_i.0, v_j.0, v_n)) [ v_n - 1 >= 0 /\\ v_j.0 + v_n - 2 >= 0 /\\ v_i.0 + v_n - 1 >= 0 /\\ -v_i.0 + v_n - 1 >= 0 /\\ v_j.0 - 1 >= 0 /\\ v_i.0 + v_j.0 - 1 >= 0 /\\ -v_i.0 + v_j.0 - 1 >= 0 /\\ v_i.0 >= 0 ]", 0-2) = v_n
	S("eval_abc_bb4_in(v_4, v_i.0, v_j.0, v_n) -> Com_1(eval_abc_10(v_i.0 + 1, v_i.0, v_j.0, v_n)) [ v_n - 1 >= 0 /\\ v_j.0 + v_n - 2 >= 0 /\\ v_i.0 + v_n - 1 >= 0 /\\ -v_i.0 + v_n - 1 >= 0 /\\ v_j.0 - 1 >= 0 /\\ v_i.0 + v_j.0 - 1 >= 0 /\\ -v_i.0 + v_j.0 - 1 >= 0 /\\ v_i.0 >= 0 ]", 0-3) = v_n
	S("eval_abc_10(v_4, v_i.0, v_j.0, v_n) -> Com_2(eval_llvm.dbg.value_start(v_4, v_i.0, v_j.0, v_n), eval_abc_11(v_4, v_i.0, v_j.0, v_n)) [ v_n - 1 >= 0 /\\ v_j.0 + v_n - 2 >= 0 /\\ v_i.0 + v_n - 1 >= 0 /\\ -v_i.0 + v_n - 1 >= 0 /\\ v_4 + v_n - 2 >= 0 /\\ -v_4 + v_n >= 0 /\\ v_j.0 - 1 >= 0 /\\ v_i.0 + v_j.0 - 1 >= 0 /\\ -v_i.0 + v_j.0 - 1 >= 0 /\\ v_4 + v_j.0 - 2 >= 0 /\\ -v_4 + v_j.0 >= 0 /\\ v_4 - v_i.0 - 1 >= 0 /\\ v_i.0 >= 0 /\\ v_4 + v_i.0 - 1 >= 0 /\\ -v_4 + v_i.0 + 1 >= 0 /\\ v_4 - 1 >= 0 ]", 0-0) = v_n
	S("eval_abc_10(v_4, v_i.0, v_j.0, v_n) -> Com_2(eval_llvm.dbg.value_start(v_4, v_i.0, v_j.0, v_n), eval_abc_11(v_4, v_i.0, v_j.0, v_n)) [ v_n - 1 >= 0 /\\ v_j.0 + v_n - 2 >= 0 /\\ v_i.0 + v_n - 1 >= 0 /\\ -v_i.0 + v_n - 1 >= 0 /\\ v_4 + v_n - 2 >= 0 /\\ -v_4 + v_n >= 0 /\\ v_j.0 - 1 >= 0 /\\ v_i.0 + v_j.0 - 1 >= 0 /\\ -v_i.0 + v_j.0 - 1 >= 0 /\\ v_4 + v_j.0 - 2 >= 0 /\\ -v_4 + v_j.0 >= 0 /\\ v_4 - v_i.0 - 1 >= 0 /\\ v_i.0 >= 0 /\\ v_4 + v_i.0 - 1 >= 0 /\\ -v_4 + v_i.0 + 1 >= 0 /\\ v_4 - 1 >= 0 ]", 0-1) = v_n
	S("eval_abc_10(v_4, v_i.0, v_j.0, v_n) -> Com_2(eval_llvm.dbg.value_start(v_4, v_i.0, v_j.0, v_n), eval_abc_11(v_4, v_i.0, v_j.0, v_n)) [ v_n - 1 >= 0 /\\ v_j.0 + v_n - 2 >= 0 /\\ v_i.0 + v_n - 1 >= 0 /\\ -v_i.0 + v_n - 1 >= 0 /\\ v_4 + v_n - 2 >= 0 /\\ -v_4 + v_n >= 0 /\\ v_j.0 - 1 >= 0 /\\ v_i.0 + v_j.0 - 1 >= 0 /\\ -v_i.0 + v_j.0 - 1 >= 0 /\\ v_4 + v_j.0 - 2 >= 0 /\\ -v_4 + v_j.0 >= 0 /\\ v_4 - v_i.0 - 1 >= 0 /\\ v_i.0 >= 0 /\\ v_4 + v_i.0 - 1 >= 0 /\\ -v_4 + v_i.0 + 1 >= 0 /\\ v_4 - 1 >= 0 ]", 0-2) = v_n
	S("eval_abc_10(v_4, v_i.0, v_j.0, v_n) -> Com_2(eval_llvm.dbg.value_start(v_4, v_i.0, v_j.0, v_n), eval_abc_11(v_4, v_i.0, v_j.0, v_n)) [ v_n - 1 >= 0 /\\ v_j.0 + v_n - 2 >= 0 /\\ v_i.0 + v_n - 1 >= 0 /\\ -v_i.0 + v_n - 1 >= 0 /\\ v_4 + v_n - 2 >= 0 /\\ -v_4 + v_n >= 0 /\\ v_j.0 - 1 >= 0 /\\ v_i.0 + v_j.0 - 1 >= 0 /\\ -v_i.0 + v_j.0 - 1 >= 0 /\\ v_4 + v_j.0 - 2 >= 0 /\\ -v_4 + v_j.0 >= 0 /\\ v_4 - v_i.0 - 1 >= 0 /\\ v_i.0 >= 0 /\\ v_4 + v_i.0 - 1 >= 0 /\\ -v_4 + v_i.0 + 1 >= 0 /\\ v_4 - 1 >= 0 ]", 0-3) = v_n
	S("eval_abc_10(v_4, v_i.0, v_j.0, v_n) -> Com_2(eval_llvm.dbg.value_start(v_4, v_i.0, v_j.0, v_n), eval_abc_11(v_4, v_i.0, v_j.0, v_n)) [ v_n - 1 >= 0 /\\ v_j.0 + v_n - 2 >= 0 /\\ v_i.0 + v_n - 1 >= 0 /\\ -v_i.0 + v_n - 1 >= 0 /\\ v_4 + v_n - 2 >= 0 /\\ -v_4 + v_n >= 0 /\\ v_j.0 - 1 >= 0 /\\ v_i.0 + v_j.0 - 1 >= 0 /\\ -v_i.0 + v_j.0 - 1 >= 0 /\\ v_4 + v_j.0 - 2 >= 0 /\\ -v_4 + v_j.0 >= 0 /\\ v_4 - v_i.0 - 1 >= 0 /\\ v_i.0 >= 0 /\\ v_4 + v_i.0 - 1 >= 0 /\\ -v_4 + v_i.0 + 1 >= 0 /\\ v_4 - 1 >= 0 ]", 1-0) = v_n
	S("eval_abc_10(v_4, v_i.0, v_j.0, v_n) -> Com_2(eval_llvm.dbg.value_start(v_4, v_i.0, v_j.0, v_n), eval_abc_11(v_4, v_i.0, v_j.0, v_n)) [ v_n - 1 >= 0 /\\ v_j.0 + v_n - 2 >= 0 /\\ v_i.0 + v_n - 1 >= 0 /\\ -v_i.0 + v_n - 1 >= 0 /\\ v_4 + v_n - 2 >= 0 /\\ -v_4 + v_n >= 0 /\\ v_j.0 - 1 >= 0 /\\ v_i.0 + v_j.0 - 1 >= 0 /\\ -v_i.0 + v_j.0 - 1 >= 0 /\\ v_4 + v_j.0 - 2 >= 0 /\\ -v_4 + v_j.0 >= 0 /\\ v_4 - v_i.0 - 1 >= 0 /\\ v_i.0 >= 0 /\\ v_4 + v_i.0 - 1 >= 0 /\\ -v_4 + v_i.0 + 1 >= 0 /\\ v_4 - 1 >= 0 ]", 1-1) = v_n
	S("eval_abc_10(v_4, v_i.0, v_j.0, v_n) -> Com_2(eval_llvm.dbg.value_start(v_4, v_i.0, v_j.0, v_n), eval_abc_11(v_4, v_i.0, v_j.0, v_n)) [ v_n - 1 >= 0 /\\ v_j.0 + v_n - 2 >= 0 /\\ v_i.0 + v_n - 1 >= 0 /\\ -v_i.0 + v_n - 1 >= 0 /\\ v_4 + v_n - 2 >= 0 /\\ -v_4 + v_n >= 0 /\\ v_j.0 - 1 >= 0 /\\ v_i.0 + v_j.0 - 1 >= 0 /\\ -v_i.0 + v_j.0 - 1 >= 0 /\\ v_4 + v_j.0 - 2 >= 0 /\\ -v_4 + v_j.0 >= 0 /\\ v_4 - v_i.0 - 1 >= 0 /\\ v_i.0 >= 0 /\\ v_4 + v_i.0 - 1 >= 0 /\\ -v_4 + v_i.0 + 1 >= 0 /\\ v_4 - 1 >= 0 ]", 1-2) = v_n
	S("eval_abc_10(v_4, v_i.0, v_j.0, v_n) -> Com_2(eval_llvm.dbg.value_start(v_4, v_i.0, v_j.0, v_n), eval_abc_11(v_4, v_i.0, v_j.0, v_n)) [ v_n - 1 >= 0 /\\ v_j.0 + v_n - 2 >= 0 /\\ v_i.0 + v_n - 1 >= 0 /\\ -v_i.0 + v_n - 1 >= 0 /\\ v_4 + v_n - 2 >= 0 /\\ -v_4 + v_n >= 0 /\\ v_j.0 - 1 >= 0 /\\ v_i.0 + v_j.0 - 1 >= 0 /\\ -v_i.0 + v_j.0 - 1 >= 0 /\\ v_4 + v_j.0 - 2 >= 0 /\\ -v_4 + v_j.0 >= 0 /\\ v_4 - v_i.0 - 1 >= 0 /\\ v_i.0 >= 0 /\\ v_4 + v_i.0 - 1 >= 0 /\\ -v_4 + v_i.0 + 1 >= 0 /\\ v_4 - 1 >= 0 ]", 1-3) = v_n
	S("eval_abc_11(v_4, v_i.0, v_j.0, v_n) -> Com_1(eval_abc_bb1_in(v_4, v_4, v_j.0, v_n)) [ v_n - 1 >= 0 /\\ v_j.0 + v_n - 2 >= 0 /\\ v_i.0 + v_n - 1 >= 0 /\\ -v_i.0 + v_n - 1 >= 0 /\\ v_4 + v_n - 2 >= 0 /\\ -v_4 + v_n >= 0 /\\ v_j.0 - 1 >= 0 /\\ v_i.0 + v_j.0 - 1 >= 0 /\\ -v_i.0 + v_j.0 - 1 >= 0 /\\ v_4 + v_j.0 - 2 >= 0 /\\ -v_4 + v_j.0 >= 0 /\\ v_4 - v_i.0 - 1 >= 0 /\\ v_i.0 >= 0 /\\ v_4 + v_i.0 - 1 >= 0 /\\ -v_4 + v_i.0 + 1 >= 0 /\\ v_4 - 1 >= 0 ]", 0-0) = v_n
	S("eval_abc_11(v_4, v_i.0, v_j.0, v_n) -> Com_1(eval_abc_bb1_in(v_4, v_4, v_j.0, v_n)) [ v_n - 1 >= 0 /\\ v_j.0 + v_n - 2 >= 0 /\\ v_i.0 + v_n - 1 >= 0 /\\ -v_i.0 + v_n - 1 >= 0 /\\ v_4 + v_n - 2 >= 0 /\\ -v_4 + v_n >= 0 /\\ v_j.0 - 1 >= 0 /\\ v_i.0 + v_j.0 - 1 >= 0 /\\ -v_i.0 + v_j.0 - 1 >= 0 /\\ v_4 + v_j.0 - 2 >= 0 /\\ -v_4 + v_j.0 >= 0 /\\ v_4 - v_i.0 - 1 >= 0 /\\ v_i.0 >= 0 /\\ v_4 + v_i.0 - 1 >= 0 /\\ -v_4 + v_i.0 + 1 >= 0 /\\ v_4 - 1 >= 0 ]", 0-1) = v_n
	S("eval_abc_11(v_4, v_i.0, v_j.0, v_n) -> Com_1(eval_abc_bb1_in(v_4, v_4, v_j.0, v_n)) [ v_n - 1 >= 0 /\\ v_j.0 + v_n - 2 >= 0 /\\ v_i.0 + v_n - 1 >= 0 /\\ -v_i.0 + v_n - 1 >= 0 /\\ v_4 + v_n - 2 >= 0 /\\ -v_4 + v_n >= 0 /\\ v_j.0 - 1 >= 0 /\\ v_i.0 + v_j.0 - 1 >= 0 /\\ -v_i.0 + v_j.0 - 1 >= 0 /\\ v_4 + v_j.0 - 2 >= 0 /\\ -v_4 + v_j.0 >= 0 /\\ v_4 - v_i.0 - 1 >= 0 /\\ v_i.0 >= 0 /\\ v_4 + v_i.0 - 1 >= 0 /\\ -v_4 + v_i.0 + 1 >= 0 /\\ v_4 - 1 >= 0 ]", 0-2) = v_n
	S("eval_abc_11(v_4, v_i.0, v_j.0, v_n) -> Com_1(eval_abc_bb1_in(v_4, v_4, v_j.0, v_n)) [ v_n - 1 >= 0 /\\ v_j.0 + v_n - 2 >= 0 /\\ v_i.0 + v_n - 1 >= 0 /\\ -v_i.0 + v_n - 1 >= 0 /\\ v_4 + v_n - 2 >= 0 /\\ -v_4 + v_n >= 0 /\\ v_j.0 - 1 >= 0 /\\ v_i.0 + v_j.0 - 1 >= 0 /\\ -v_i.0 + v_j.0 - 1 >= 0 /\\ v_4 + v_j.0 - 2 >= 0 /\\ -v_4 + v_j.0 >= 0 /\\ v_4 - v_i.0 - 1 >= 0 /\\ v_i.0 >= 0 /\\ v_4 + v_i.0 - 1 >= 0 /\\ -v_4 + v_i.0 + 1 >= 0 /\\ v_4 - 1 >= 0 ]", 0-3) = v_n
	S("eval_abc_bb5_in(v_4, v_i.0, v_j.0, v_n) -> Com_1(eval_abc_stop(v_4, v_i.0, v_j.0, v_n)) [ v_i.0 - v_n >= 0 /\\ v_i.0 >= 0 ]", 0-0) = v_4 + v_n
	S("eval_abc_bb5_in(v_4, v_i.0, v_j.0, v_n) -> Com_1(eval_abc_stop(v_4, v_i.0, v_j.0, v_n)) [ v_i.0 - v_n >= 0 /\\ v_i.0 >= 0 ]", 0-1) = v_n
	S("eval_abc_bb5_in(v_4, v_i.0, v_j.0, v_n) -> Com_1(eval_abc_stop(v_4, v_i.0, v_j.0, v_n)) [ v_i.0 - v_n >= 0 /\\ v_i.0 >= 0 ]", 0-2) = v_j.0 + v_n
	S("eval_abc_bb5_in(v_4, v_i.0, v_j.0, v_n) -> Com_1(eval_abc_stop(v_4, v_i.0, v_j.0, v_n)) [ v_i.0 - v_n >= 0 /\\ v_i.0 >= 0 ]", 0-3) = v_n
orients the transitions
	eval_abc_bb3_in(v_4, v_i.0, v_j.0, v_n) -> Com_1(eval_abc_bb2_in(v_4, v_i.0, v_j.0 + 1, v_n)) [ v_n - 1 >= 0 /\ v_j.0 + v_n - 1 >= 0 /\ -v_j.0 + v_n - 1 >= 0 /\ v_i.0 + v_n - 1 >= 0 /\ -v_i.0 + v_n - 1 >= 0 /\ v_i.0 - v_j.0 >= 0 /\ v_j.0 >= 0 /\ v_i.0 + v_j.0 >= 0 /\ v_i.0 >= 0 ]
	eval_abc_bb2_in(v_4, v_i.0, v_j.0, v_n) -> Com_1(eval_abc_bb3_in(v_4, v_i.0, v_j.0, v_n)) [ v_n - 1 >= 0 /\ v_j.0 + v_n - 1 >= 0 /\ v_i.0 + v_n - 1 >= 0 /\ -v_i.0 + v_n - 1 >= 0 /\ v_j.0 >= 0 /\ v_i.0 + v_j.0 >= 0 /\ v_i.0 >= 0 /\ v_j.0 <= v_i.0 ]
weakly and the transitions
	eval_abc_bb3_in(v_4, v_i.0, v_j.0, v_n) -> Com_1(eval_abc_bb2_in(v_4, v_i.0, v_j.0 + 1, v_n)) [ v_n - 1 >= 0 /\ v_j.0 + v_n - 1 >= 0 /\ -v_j.0 + v_n - 1 >= 0 /\ v_i.0 + v_n - 1 >= 0 /\ -v_i.0 + v_n - 1 >= 0 /\ v_i.0 - v_j.0 >= 0 /\ v_j.0 >= 0 /\ v_i.0 + v_j.0 >= 0 /\ v_i.0 >= 0 ]
	eval_abc_bb2_in(v_4, v_i.0, v_j.0, v_n) -> Com_1(eval_abc_bb3_in(v_4, v_i.0, v_j.0, v_n)) [ v_n - 1 >= 0 /\ v_j.0 + v_n - 1 >= 0 /\ v_i.0 + v_n - 1 >= 0 /\ -v_i.0 + v_n - 1 >= 0 /\ v_j.0 >= 0 /\ v_i.0 + v_j.0 >= 0 /\ v_i.0 >= 0 /\ v_j.0 <= v_i.0 ]
strictly and produces the following problem:
6:	T:
		(2, 1)                    eval_abc_bb5_in(v_4, v_i.0, v_j.0, v_n) -> Com_1(eval_abc_stop(v_4, v_i.0, v_j.0, v_n)) [ v_i.0 - v_n >= 0 /\ v_i.0 >= 0 ]
		(5*v_n, 1)                eval_abc_11(v_4, v_i.0, v_j.0, v_n) -> Com_1(eval_abc_bb1_in(v_4, v_4, v_j.0, v_n)) [ v_n - 1 >= 0 /\ v_j.0 + v_n - 2 >= 0 /\ v_i.0 + v_n - 1 >= 0 /\ -v_i.0 + v_n - 1 >= 0 /\ v_4 + v_n - 2 >= 0 /\ -v_4 + v_n >= 0 /\ v_j.0 - 1 >= 0 /\ v_i.0 + v_j.0 - 1 >= 0 /\ -v_i.0 + v_j.0 - 1 >= 0 /\ v_4 + v_j.0 - 2 >= 0 /\ -v_4 + v_j.0 >= 0 /\ v_4 - v_i.0 - 1 >= 0 /\ v_i.0 >= 0 /\ v_4 + v_i.0 - 1 >= 0 /\ -v_4 + v_i.0 + 1 >= 0 /\ v_4 - 1 >= 0 ]
		(5*v_n, 1)                eval_abc_10(v_4, v_i.0, v_j.0, v_n) -> Com_2(eval_llvm.dbg.value_start(v_4, v_i.0, v_j.0, v_n), eval_abc_11(v_4, v_i.0, v_j.0, v_n)) [ v_n - 1 >= 0 /\ v_j.0 + v_n - 2 >= 0 /\ v_i.0 + v_n - 1 >= 0 /\ -v_i.0 + v_n - 1 >= 0 /\ v_4 + v_n - 2 >= 0 /\ -v_4 + v_n >= 0 /\ v_j.0 - 1 >= 0 /\ v_i.0 + v_j.0 - 1 >= 0 /\ -v_i.0 + v_j.0 - 1 >= 0 /\ v_4 + v_j.0 - 2 >= 0 /\ -v_4 + v_j.0 >= 0 /\ v_4 - v_i.0 - 1 >= 0 /\ v_i.0 >= 0 /\ v_4 + v_i.0 - 1 >= 0 /\ -v_4 + v_i.0 + 1 >= 0 /\ v_4 - 1 >= 0 ]
		(5*v_n, 1)                eval_abc_bb4_in(v_4, v_i.0, v_j.0, v_n) -> Com_1(eval_abc_10(v_i.0 + 1, v_i.0, v_j.0, v_n)) [ v_n - 1 >= 0 /\ v_j.0 + v_n - 2 >= 0 /\ v_i.0 + v_n - 1 >= 0 /\ -v_i.0 + v_n - 1 >= 0 /\ v_j.0 - 1 >= 0 /\ v_i.0 + v_j.0 - 1 >= 0 /\ -v_i.0 + v_j.0 - 1 >= 0 /\ v_i.0 >= 0 ]
		(10*v_n^2 + 10*v_n, 1)    eval_abc_bb3_in(v_4, v_i.0, v_j.0, v_n) -> Com_1(eval_abc_bb2_in(v_4, v_i.0, v_j.0 + 1, v_n)) [ v_n - 1 >= 0 /\ v_j.0 + v_n - 1 >= 0 /\ -v_j.0 + v_n - 1 >= 0 /\ v_i.0 + v_n - 1 >= 0 /\ -v_i.0 + v_n - 1 >= 0 /\ v_i.0 - v_j.0 >= 0 /\ v_j.0 >= 0 /\ v_i.0 + v_j.0 >= 0 /\ v_i.0 >= 0 ]
		(5*v_n, 1)                eval_abc_bb2_in(v_4, v_i.0, v_j.0, v_n) -> Com_1(eval_abc_bb4_in(v_4, v_i.0, v_j.0, v_n)) [ v_n - 1 >= 0 /\ v_j.0 + v_n - 1 >= 0 /\ v_i.0 + v_n - 1 >= 0 /\ -v_i.0 + v_n - 1 >= 0 /\ v_j.0 >= 0 /\ v_i.0 + v_j.0 >= 0 /\ v_i.0 >= 0 /\ v_j.0 > v_i.0 ]
		(10*v_n^2 + 10*v_n, 1)    eval_abc_bb2_in(v_4, v_i.0, v_j.0, v_n) -> Com_1(eval_abc_bb3_in(v_4, v_i.0, v_j.0, v_n)) [ v_n - 1 >= 0 /\ v_j.0 + v_n - 1 >= 0 /\ v_i.0 + v_n - 1 >= 0 /\ -v_i.0 + v_n - 1 >= 0 /\ v_j.0 >= 0 /\ v_i.0 + v_j.0 >= 0 /\ v_i.0 >= 0 /\ v_j.0 <= v_i.0 ]
		(2, 1)                    eval_abc_bb1_in(v_4, v_i.0, v_j.0, v_n) -> Com_1(eval_abc_bb5_in(v_4, v_i.0, v_j.0, v_n)) [ v_i.0 >= 0 /\ v_i.0 > v_n - 1 ]
		(5*v_n, 1)                eval_abc_bb1_in(v_4, v_i.0, v_j.0, v_n) -> Com_1(eval_abc_bb2_in(v_4, v_i.0, 0, v_n)) [ v_i.0 >= 0 /\ v_i.0 <= v_n - 1 ]
		(1, 1)                    eval_abc_4(v_4, v_i.0, v_j.0, v_n) -> Com_1(eval_abc_bb1_in(v_4, 0, v_j.0, v_n))
		(1, 1)                    eval_abc_3(v_4, v_i.0, v_j.0, v_n) -> Com_2(eval_llvm.dbg.value_start(v_4, v_i.0, v_j.0, v_n), eval_abc_4(v_4, v_i.0, v_j.0, v_n))
		(1, 1)                    eval_abc_2(v_4, v_i.0, v_j.0, v_n) -> Com_2(eval_llvm.dbg.value_start(v_4, v_i.0, v_j.0, v_n), eval_abc_3(v_4, v_i.0, v_j.0, v_n))
		(1, 1)                    eval_abc_1(v_4, v_i.0, v_j.0, v_n) -> Com_2(eval_llvm.dbg.value_start(v_4, v_i.0, v_j.0, v_n), eval_abc_2(v_4, v_i.0, v_j.0, v_n))
		(1, 1)                    eval_abc_0(v_4, v_i.0, v_j.0, v_n) -> Com_2(eval_llvm.dbg.value_start(v_4, v_i.0, v_j.0, v_n), eval_abc_1(v_4, v_i.0, v_j.0, v_n))
		(1, 1)                    eval_abc_bb0_in(v_4, v_i.0, v_j.0, v_n) -> Com_1(eval_abc_0(v_4, v_i.0, v_j.0, v_n))
		(1, 1)                    eval_abc_start(v_4, v_i.0, v_j.0, v_n) -> Com_1(eval_abc_bb0_in(v_4, v_i.0, v_j.0, v_n))
	start location:	eval_abc_start
	leaf cost:	0

Complexity upper bound 45*v_n + 20*v_n^2 + 11

Time: 0.729 sec (SMT: 0.564 sec)
