MAYBE

Initial complexity problem:
1:	T:
		(1, 1)    eval_start_start(v_.0, v_.01, v_x, v_y) -> Com_1(eval_start_bb0_in(v_.0, v_.01, v_x, v_y))
		(?, 1)    eval_start_bb0_in(v_.0, v_.01, v_x, v_y) -> Com_1(eval_start_0(v_.0, v_.01, v_x, v_y))
		(?, 1)    eval_start_0(v_.0, v_.01, v_x, v_y) -> Com_2(eval_llvm.dbg.value_start(v_.0, v_.01, v_x, v_y), eval_start_1(v_.0, v_.01, v_x, v_y))
		(?, 1)    eval_start_1(v_.0, v_.01, v_x, v_y) -> Com_2(eval_llvm.dbg.value_start(v_.0, v_.01, v_x, v_y), eval_start_2(v_.0, v_.01, v_x, v_y))
		(?, 1)    eval_start_2(v_.0, v_.01, v_x, v_y) -> Com_2(eval_llvm.dbg.value_start(v_.0, v_.01, v_x, v_y), eval_start_3(v_.0, v_.01, v_x, v_y))
		(?, 1)    eval_start_3(v_.0, v_.01, v_x, v_y) -> Com_2(eval_llvm.dbg.value_start(v_.0, v_.01, v_x, v_y), eval_start_4(v_.0, v_.01, v_x, v_y))
		(?, 1)    eval_start_4(v_.0, v_.01, v_x, v_y) -> Com_2(eval_llvm.dbg.value_start(v_.0, v_.01, v_x, v_y), eval_start_5(v_.0, v_.01, v_x, v_y))
		(?, 1)    eval_start_5(v_.0, v_.01, v_x, v_y) -> Com_2(eval_llvm.dbg.value_start(v_.0, v_.01, v_x, v_y), eval_start_6(v_.0, v_.01, v_x, v_y))
		(?, 1)    eval_start_6(v_.0, v_.01, v_x, v_y) -> Com_2(eval_llvm.dbg.value_start(v_.0, v_.01, v_x, v_y), eval_start_7(v_.0, v_.01, v_x, v_y))
		(?, 1)    eval_start_7(v_.0, v_.01, v_x, v_y) -> Com_1(eval_start_bb1_in(v_x, v_y, v_x, v_y))
		(?, 1)    eval_start_bb1_in(v_.0, v_.01, v_x, v_y) -> Com_1(eval_start_bb2_in(v_.0, v_.01, v_x, v_y)) [ v_.0 > 0 ]
		(?, 1)    eval_start_bb1_in(v_.0, v_.01, v_x, v_y) -> Com_1(eval_start_bb3_in(v_.0, v_.01, v_x, v_y)) [ v_.0 <= 0 ]
		(?, 1)    eval_start_bb2_in(v_.0, v_.01, v_x, v_y) -> Com_1(eval_start_bb1_in(v_.01, v_.0 - 1, v_x, v_y))
		(?, 1)    eval_start_bb3_in(v_.0, v_.01, v_x, v_y) -> Com_1(eval_start_stop(v_.0, v_.01, v_x, v_y))
	start location:	eval_start_start
	leaf cost:	0

Repeatedly propagating knowledge in problem 1 produces the following problem:
2:	T:
		(1, 1)    eval_start_start(v_.0, v_.01, v_x, v_y) -> Com_1(eval_start_bb0_in(v_.0, v_.01, v_x, v_y))
		(1, 1)    eval_start_bb0_in(v_.0, v_.01, v_x, v_y) -> Com_1(eval_start_0(v_.0, v_.01, v_x, v_y))
		(1, 1)    eval_start_0(v_.0, v_.01, v_x, v_y) -> Com_2(eval_llvm.dbg.value_start(v_.0, v_.01, v_x, v_y), eval_start_1(v_.0, v_.01, v_x, v_y))
		(1, 1)    eval_start_1(v_.0, v_.01, v_x, v_y) -> Com_2(eval_llvm.dbg.value_start(v_.0, v_.01, v_x, v_y), eval_start_2(v_.0, v_.01, v_x, v_y))
		(1, 1)    eval_start_2(v_.0, v_.01, v_x, v_y) -> Com_2(eval_llvm.dbg.value_start(v_.0, v_.01, v_x, v_y), eval_start_3(v_.0, v_.01, v_x, v_y))
		(1, 1)    eval_start_3(v_.0, v_.01, v_x, v_y) -> Com_2(eval_llvm.dbg.value_start(v_.0, v_.01, v_x, v_y), eval_start_4(v_.0, v_.01, v_x, v_y))
		(1, 1)    eval_start_4(v_.0, v_.01, v_x, v_y) -> Com_2(eval_llvm.dbg.value_start(v_.0, v_.01, v_x, v_y), eval_start_5(v_.0, v_.01, v_x, v_y))
		(1, 1)    eval_start_5(v_.0, v_.01, v_x, v_y) -> Com_2(eval_llvm.dbg.value_start(v_.0, v_.01, v_x, v_y), eval_start_6(v_.0, v_.01, v_x, v_y))
		(1, 1)    eval_start_6(v_.0, v_.01, v_x, v_y) -> Com_2(eval_llvm.dbg.value_start(v_.0, v_.01, v_x, v_y), eval_start_7(v_.0, v_.01, v_x, v_y))
		(1, 1)    eval_start_7(v_.0, v_.01, v_x, v_y) -> Com_1(eval_start_bb1_in(v_x, v_y, v_x, v_y))
		(?, 1)    eval_start_bb1_in(v_.0, v_.01, v_x, v_y) -> Com_1(eval_start_bb2_in(v_.0, v_.01, v_x, v_y)) [ v_.0 > 0 ]
		(?, 1)    eval_start_bb1_in(v_.0, v_.01, v_x, v_y) -> Com_1(eval_start_bb3_in(v_.0, v_.01, v_x, v_y)) [ v_.0 <= 0 ]
		(?, 1)    eval_start_bb2_in(v_.0, v_.01, v_x, v_y) -> Com_1(eval_start_bb1_in(v_.01, v_.0 - 1, v_x, v_y))
		(?, 1)    eval_start_bb3_in(v_.0, v_.01, v_x, v_y) -> Com_1(eval_start_stop(v_.0, v_.01, v_x, v_y))
	start location:	eval_start_start
	leaf cost:	0

A polynomial rank function with
	Pol(eval_start_start) = 2
	Pol(eval_start_bb0_in) = 2
	Pol(eval_start_0) = 2
	Pol(eval_llvm.dbg.value_start) = 0
	Pol(eval_start_1) = 2
	Pol(eval_start_2) = 2
	Pol(eval_start_3) = 2
	Pol(eval_start_4) = 2
	Pol(eval_start_5) = 2
	Pol(eval_start_6) = 2
	Pol(eval_start_7) = 2
	Pol(eval_start_bb1_in) = 2
	Pol(eval_start_bb2_in) = 2
	Pol(eval_start_bb3_in) = 1
	Pol(eval_start_stop) = 0
orients all transitions weakly and the transitions
	eval_start_bb3_in(v_.0, v_.01, v_x, v_y) -> Com_1(eval_start_stop(v_.0, v_.01, v_x, v_y))
	eval_start_bb1_in(v_.0, v_.01, v_x, v_y) -> Com_1(eval_start_bb3_in(v_.0, v_.01, v_x, v_y)) [ v_.0 <= 0 ]
strictly and produces the following problem:
3:	T:
		(1, 1)    eval_start_start(v_.0, v_.01, v_x, v_y) -> Com_1(eval_start_bb0_in(v_.0, v_.01, v_x, v_y))
		(1, 1)    eval_start_bb0_in(v_.0, v_.01, v_x, v_y) -> Com_1(eval_start_0(v_.0, v_.01, v_x, v_y))
		(1, 1)    eval_start_0(v_.0, v_.01, v_x, v_y) -> Com_2(eval_llvm.dbg.value_start(v_.0, v_.01, v_x, v_y), eval_start_1(v_.0, v_.01, v_x, v_y))
		(1, 1)    eval_start_1(v_.0, v_.01, v_x, v_y) -> Com_2(eval_llvm.dbg.value_start(v_.0, v_.01, v_x, v_y), eval_start_2(v_.0, v_.01, v_x, v_y))
		(1, 1)    eval_start_2(v_.0, v_.01, v_x, v_y) -> Com_2(eval_llvm.dbg.value_start(v_.0, v_.01, v_x, v_y), eval_start_3(v_.0, v_.01, v_x, v_y))
		(1, 1)    eval_start_3(v_.0, v_.01, v_x, v_y) -> Com_2(eval_llvm.dbg.value_start(v_.0, v_.01, v_x, v_y), eval_start_4(v_.0, v_.01, v_x, v_y))
		(1, 1)    eval_start_4(v_.0, v_.01, v_x, v_y) -> Com_2(eval_llvm.dbg.value_start(v_.0, v_.01, v_x, v_y), eval_start_5(v_.0, v_.01, v_x, v_y))
		(1, 1)    eval_start_5(v_.0, v_.01, v_x, v_y) -> Com_2(eval_llvm.dbg.value_start(v_.0, v_.01, v_x, v_y), eval_start_6(v_.0, v_.01, v_x, v_y))
		(1, 1)    eval_start_6(v_.0, v_.01, v_x, v_y) -> Com_2(eval_llvm.dbg.value_start(v_.0, v_.01, v_x, v_y), eval_start_7(v_.0, v_.01, v_x, v_y))
		(1, 1)    eval_start_7(v_.0, v_.01, v_x, v_y) -> Com_1(eval_start_bb1_in(v_x, v_y, v_x, v_y))
		(?, 1)    eval_start_bb1_in(v_.0, v_.01, v_x, v_y) -> Com_1(eval_start_bb2_in(v_.0, v_.01, v_x, v_y)) [ v_.0 > 0 ]
		(2, 1)    eval_start_bb1_in(v_.0, v_.01, v_x, v_y) -> Com_1(eval_start_bb3_in(v_.0, v_.01, v_x, v_y)) [ v_.0 <= 0 ]
		(?, 1)    eval_start_bb2_in(v_.0, v_.01, v_x, v_y) -> Com_1(eval_start_bb1_in(v_.01, v_.0 - 1, v_x, v_y))
		(2, 1)    eval_start_bb3_in(v_.0, v_.01, v_x, v_y) -> Com_1(eval_start_stop(v_.0, v_.01, v_x, v_y))
	start location:	eval_start_start
	leaf cost:	0

Applied AI with 'oct' on problem 3 to obtain the following invariants:
  For symbol eval_start_bb2_in: X_1 - 1 >= 0
  For symbol eval_start_bb3_in: -X_1 >= 0


This yielded the following problem:
4:	T:
		(2, 1)    eval_start_bb3_in(v_.0, v_.01, v_x, v_y) -> Com_1(eval_start_stop(v_.0, v_.01, v_x, v_y)) [ -v_.0 >= 0 ]
		(?, 1)    eval_start_bb2_in(v_.0, v_.01, v_x, v_y) -> Com_1(eval_start_bb1_in(v_.01, v_.0 - 1, v_x, v_y)) [ v_.0 - 1 >= 0 ]
		(2, 1)    eval_start_bb1_in(v_.0, v_.01, v_x, v_y) -> Com_1(eval_start_bb3_in(v_.0, v_.01, v_x, v_y)) [ v_.0 <= 0 ]
		(?, 1)    eval_start_bb1_in(v_.0, v_.01, v_x, v_y) -> Com_1(eval_start_bb2_in(v_.0, v_.01, v_x, v_y)) [ v_.0 > 0 ]
		(1, 1)    eval_start_7(v_.0, v_.01, v_x, v_y) -> Com_1(eval_start_bb1_in(v_x, v_y, v_x, v_y))
		(1, 1)    eval_start_6(v_.0, v_.01, v_x, v_y) -> Com_2(eval_llvm.dbg.value_start(v_.0, v_.01, v_x, v_y), eval_start_7(v_.0, v_.01, v_x, v_y))
		(1, 1)    eval_start_5(v_.0, v_.01, v_x, v_y) -> Com_2(eval_llvm.dbg.value_start(v_.0, v_.01, v_x, v_y), eval_start_6(v_.0, v_.01, v_x, v_y))
		(1, 1)    eval_start_4(v_.0, v_.01, v_x, v_y) -> Com_2(eval_llvm.dbg.value_start(v_.0, v_.01, v_x, v_y), eval_start_5(v_.0, v_.01, v_x, v_y))
		(1, 1)    eval_start_3(v_.0, v_.01, v_x, v_y) -> Com_2(eval_llvm.dbg.value_start(v_.0, v_.01, v_x, v_y), eval_start_4(v_.0, v_.01, v_x, v_y))
		(1, 1)    eval_start_2(v_.0, v_.01, v_x, v_y) -> Com_2(eval_llvm.dbg.value_start(v_.0, v_.01, v_x, v_y), eval_start_3(v_.0, v_.01, v_x, v_y))
		(1, 1)    eval_start_1(v_.0, v_.01, v_x, v_y) -> Com_2(eval_llvm.dbg.value_start(v_.0, v_.01, v_x, v_y), eval_start_2(v_.0, v_.01, v_x, v_y))
		(1, 1)    eval_start_0(v_.0, v_.01, v_x, v_y) -> Com_2(eval_llvm.dbg.value_start(v_.0, v_.01, v_x, v_y), eval_start_1(v_.0, v_.01, v_x, v_y))
		(1, 1)    eval_start_bb0_in(v_.0, v_.01, v_x, v_y) -> Com_1(eval_start_0(v_.0, v_.01, v_x, v_y))
		(1, 1)    eval_start_start(v_.0, v_.01, v_x, v_y) -> Com_1(eval_start_bb0_in(v_.0, v_.01, v_x, v_y))
	start location:	eval_start_start
	leaf cost:	0

By chaining the transition eval_start_bb1_in(v_.0, v_.01, v_x, v_y) -> Com_1(eval_start_bb3_in(v_.0, v_.01, v_x, v_y)) [ v_.0 <= 0 ] with all transitions in problem 4, the following new transition is obtained:
	eval_start_bb1_in(v_.0, v_.01, v_x, v_y) -> Com_1(eval_start_stop(v_.0, v_.01, v_x, v_y)) [ v_.0 <= 0 /\ -v_.0 >= 0 ]
We thus obtain the following problem:
5:	T:
		(2, 2)    eval_start_bb1_in(v_.0, v_.01, v_x, v_y) -> Com_1(eval_start_stop(v_.0, v_.01, v_x, v_y)) [ v_.0 <= 0 /\ -v_.0 >= 0 ]
		(2, 1)    eval_start_bb3_in(v_.0, v_.01, v_x, v_y) -> Com_1(eval_start_stop(v_.0, v_.01, v_x, v_y)) [ -v_.0 >= 0 ]
		(?, 1)    eval_start_bb2_in(v_.0, v_.01, v_x, v_y) -> Com_1(eval_start_bb1_in(v_.01, v_.0 - 1, v_x, v_y)) [ v_.0 - 1 >= 0 ]
		(?, 1)    eval_start_bb1_in(v_.0, v_.01, v_x, v_y) -> Com_1(eval_start_bb2_in(v_.0, v_.01, v_x, v_y)) [ v_.0 > 0 ]
		(1, 1)    eval_start_7(v_.0, v_.01, v_x, v_y) -> Com_1(eval_start_bb1_in(v_x, v_y, v_x, v_y))
		(1, 1)    eval_start_6(v_.0, v_.01, v_x, v_y) -> Com_2(eval_llvm.dbg.value_start(v_.0, v_.01, v_x, v_y), eval_start_7(v_.0, v_.01, v_x, v_y))
		(1, 1)    eval_start_5(v_.0, v_.01, v_x, v_y) -> Com_2(eval_llvm.dbg.value_start(v_.0, v_.01, v_x, v_y), eval_start_6(v_.0, v_.01, v_x, v_y))
		(1, 1)    eval_start_4(v_.0, v_.01, v_x, v_y) -> Com_2(eval_llvm.dbg.value_start(v_.0, v_.01, v_x, v_y), eval_start_5(v_.0, v_.01, v_x, v_y))
		(1, 1)    eval_start_3(v_.0, v_.01, v_x, v_y) -> Com_2(eval_llvm.dbg.value_start(v_.0, v_.01, v_x, v_y), eval_start_4(v_.0, v_.01, v_x, v_y))
		(1, 1)    eval_start_2(v_.0, v_.01, v_x, v_y) -> Com_2(eval_llvm.dbg.value_start(v_.0, v_.01, v_x, v_y), eval_start_3(v_.0, v_.01, v_x, v_y))
		(1, 1)    eval_start_1(v_.0, v_.01, v_x, v_y) -> Com_2(eval_llvm.dbg.value_start(v_.0, v_.01, v_x, v_y), eval_start_2(v_.0, v_.01, v_x, v_y))
		(1, 1)    eval_start_0(v_.0, v_.01, v_x, v_y) -> Com_2(eval_llvm.dbg.value_start(v_.0, v_.01, v_x, v_y), eval_start_1(v_.0, v_.01, v_x, v_y))
		(1, 1)    eval_start_bb0_in(v_.0, v_.01, v_x, v_y) -> Com_1(eval_start_0(v_.0, v_.01, v_x, v_y))
		(1, 1)    eval_start_start(v_.0, v_.01, v_x, v_y) -> Com_1(eval_start_bb0_in(v_.0, v_.01, v_x, v_y))
	start location:	eval_start_start
	leaf cost:	0

Testing for reachability in the complexity graph removes the following transition from problem 5:
	eval_start_bb3_in(v_.0, v_.01, v_x, v_y) -> Com_1(eval_start_stop(v_.0, v_.01, v_x, v_y)) [ -v_.0 >= 0 ]
We thus obtain the following problem:
6:	T:
		(?, 1)    eval_start_bb2_in(v_.0, v_.01, v_x, v_y) -> Com_1(eval_start_bb1_in(v_.01, v_.0 - 1, v_x, v_y)) [ v_.0 - 1 >= 0 ]
		(2, 2)    eval_start_bb1_in(v_.0, v_.01, v_x, v_y) -> Com_1(eval_start_stop(v_.0, v_.01, v_x, v_y)) [ v_.0 <= 0 /\ -v_.0 >= 0 ]
		(?, 1)    eval_start_bb1_in(v_.0, v_.01, v_x, v_y) -> Com_1(eval_start_bb2_in(v_.0, v_.01, v_x, v_y)) [ v_.0 > 0 ]
		(1, 1)    eval_start_7(v_.0, v_.01, v_x, v_y) -> Com_1(eval_start_bb1_in(v_x, v_y, v_x, v_y))
		(1, 1)    eval_start_6(v_.0, v_.01, v_x, v_y) -> Com_2(eval_llvm.dbg.value_start(v_.0, v_.01, v_x, v_y), eval_start_7(v_.0, v_.01, v_x, v_y))
		(1, 1)    eval_start_5(v_.0, v_.01, v_x, v_y) -> Com_2(eval_llvm.dbg.value_start(v_.0, v_.01, v_x, v_y), eval_start_6(v_.0, v_.01, v_x, v_y))
		(1, 1)    eval_start_4(v_.0, v_.01, v_x, v_y) -> Com_2(eval_llvm.dbg.value_start(v_.0, v_.01, v_x, v_y), eval_start_5(v_.0, v_.01, v_x, v_y))
		(1, 1)    eval_start_3(v_.0, v_.01, v_x, v_y) -> Com_2(eval_llvm.dbg.value_start(v_.0, v_.01, v_x, v_y), eval_start_4(v_.0, v_.01, v_x, v_y))
		(1, 1)    eval_start_2(v_.0, v_.01, v_x, v_y) -> Com_2(eval_llvm.dbg.value_start(v_.0, v_.01, v_x, v_y), eval_start_3(v_.0, v_.01, v_x, v_y))
		(1, 1)    eval_start_1(v_.0, v_.01, v_x, v_y) -> Com_2(eval_llvm.dbg.value_start(v_.0, v_.01, v_x, v_y), eval_start_2(v_.0, v_.01, v_x, v_y))
		(1, 1)    eval_start_0(v_.0, v_.01, v_x, v_y) -> Com_2(eval_llvm.dbg.value_start(v_.0, v_.01, v_x, v_y), eval_start_1(v_.0, v_.01, v_x, v_y))
		(1, 1)    eval_start_bb0_in(v_.0, v_.01, v_x, v_y) -> Com_1(eval_start_0(v_.0, v_.01, v_x, v_y))
		(1, 1)    eval_start_start(v_.0, v_.01, v_x, v_y) -> Com_1(eval_start_bb0_in(v_.0, v_.01, v_x, v_y))
	start location:	eval_start_start
	leaf cost:	0

By chaining the transition eval_start_bb1_in(v_.0, v_.01, v_x, v_y) -> Com_1(eval_start_bb2_in(v_.0, v_.01, v_x, v_y)) [ v_.0 > 0 ] with all transitions in problem 6, the following new transition is obtained:
	eval_start_bb1_in(v_.0, v_.01, v_x, v_y) -> Com_1(eval_start_bb1_in(v_.01, v_.0 - 1, v_x, v_y)) [ v_.0 > 0 /\ v_.0 - 1 >= 0 ]
We thus obtain the following problem:
7:	T:
		(?, 2)    eval_start_bb1_in(v_.0, v_.01, v_x, v_y) -> Com_1(eval_start_bb1_in(v_.01, v_.0 - 1, v_x, v_y)) [ v_.0 > 0 /\ v_.0 - 1 >= 0 ]
		(?, 1)    eval_start_bb2_in(v_.0, v_.01, v_x, v_y) -> Com_1(eval_start_bb1_in(v_.01, v_.0 - 1, v_x, v_y)) [ v_.0 - 1 >= 0 ]
		(2, 2)    eval_start_bb1_in(v_.0, v_.01, v_x, v_y) -> Com_1(eval_start_stop(v_.0, v_.01, v_x, v_y)) [ v_.0 <= 0 /\ -v_.0 >= 0 ]
		(1, 1)    eval_start_7(v_.0, v_.01, v_x, v_y) -> Com_1(eval_start_bb1_in(v_x, v_y, v_x, v_y))
		(1, 1)    eval_start_6(v_.0, v_.01, v_x, v_y) -> Com_2(eval_llvm.dbg.value_start(v_.0, v_.01, v_x, v_y), eval_start_7(v_.0, v_.01, v_x, v_y))
		(1, 1)    eval_start_5(v_.0, v_.01, v_x, v_y) -> Com_2(eval_llvm.dbg.value_start(v_.0, v_.01, v_x, v_y), eval_start_6(v_.0, v_.01, v_x, v_y))
		(1, 1)    eval_start_4(v_.0, v_.01, v_x, v_y) -> Com_2(eval_llvm.dbg.value_start(v_.0, v_.01, v_x, v_y), eval_start_5(v_.0, v_.01, v_x, v_y))
		(1, 1)    eval_start_3(v_.0, v_.01, v_x, v_y) -> Com_2(eval_llvm.dbg.value_start(v_.0, v_.01, v_x, v_y), eval_start_4(v_.0, v_.01, v_x, v_y))
		(1, 1)    eval_start_2(v_.0, v_.01, v_x, v_y) -> Com_2(eval_llvm.dbg.value_start(v_.0, v_.01, v_x, v_y), eval_start_3(v_.0, v_.01, v_x, v_y))
		(1, 1)    eval_start_1(v_.0, v_.01, v_x, v_y) -> Com_2(eval_llvm.dbg.value_start(v_.0, v_.01, v_x, v_y), eval_start_2(v_.0, v_.01, v_x, v_y))
		(1, 1)    eval_start_0(v_.0, v_.01, v_x, v_y) -> Com_2(eval_llvm.dbg.value_start(v_.0, v_.01, v_x, v_y), eval_start_1(v_.0, v_.01, v_x, v_y))
		(1, 1)    eval_start_bb0_in(v_.0, v_.01, v_x, v_y) -> Com_1(eval_start_0(v_.0, v_.01, v_x, v_y))
		(1, 1)    eval_start_start(v_.0, v_.01, v_x, v_y) -> Com_1(eval_start_bb0_in(v_.0, v_.01, v_x, v_y))
	start location:	eval_start_start
	leaf cost:	0

Testing for reachability in the complexity graph removes the following transition from problem 7:
	eval_start_bb2_in(v_.0, v_.01, v_x, v_y) -> Com_1(eval_start_bb1_in(v_.01, v_.0 - 1, v_x, v_y)) [ v_.0 - 1 >= 0 ]
We thus obtain the following problem:
8:	T:
		(?, 2)    eval_start_bb1_in(v_.0, v_.01, v_x, v_y) -> Com_1(eval_start_bb1_in(v_.01, v_.0 - 1, v_x, v_y)) [ v_.0 > 0 /\ v_.0 - 1 >= 0 ]
		(2, 2)    eval_start_bb1_in(v_.0, v_.01, v_x, v_y) -> Com_1(eval_start_stop(v_.0, v_.01, v_x, v_y)) [ v_.0 <= 0 /\ -v_.0 >= 0 ]
		(1, 1)    eval_start_7(v_.0, v_.01, v_x, v_y) -> Com_1(eval_start_bb1_in(v_x, v_y, v_x, v_y))
		(1, 1)    eval_start_6(v_.0, v_.01, v_x, v_y) -> Com_2(eval_llvm.dbg.value_start(v_.0, v_.01, v_x, v_y), eval_start_7(v_.0, v_.01, v_x, v_y))
		(1, 1)    eval_start_5(v_.0, v_.01, v_x, v_y) -> Com_2(eval_llvm.dbg.value_start(v_.0, v_.01, v_x, v_y), eval_start_6(v_.0, v_.01, v_x, v_y))
		(1, 1)    eval_start_4(v_.0, v_.01, v_x, v_y) -> Com_2(eval_llvm.dbg.value_start(v_.0, v_.01, v_x, v_y), eval_start_5(v_.0, v_.01, v_x, v_y))
		(1, 1)    eval_start_3(v_.0, v_.01, v_x, v_y) -> Com_2(eval_llvm.dbg.value_start(v_.0, v_.01, v_x, v_y), eval_start_4(v_.0, v_.01, v_x, v_y))
		(1, 1)    eval_start_2(v_.0, v_.01, v_x, v_y) -> Com_2(eval_llvm.dbg.value_start(v_.0, v_.01, v_x, v_y), eval_start_3(v_.0, v_.01, v_x, v_y))
		(1, 1)    eval_start_1(v_.0, v_.01, v_x, v_y) -> Com_2(eval_llvm.dbg.value_start(v_.0, v_.01, v_x, v_y), eval_start_2(v_.0, v_.01, v_x, v_y))
		(1, 1)    eval_start_0(v_.0, v_.01, v_x, v_y) -> Com_2(eval_llvm.dbg.value_start(v_.0, v_.01, v_x, v_y), eval_start_1(v_.0, v_.01, v_x, v_y))
		(1, 1)    eval_start_bb0_in(v_.0, v_.01, v_x, v_y) -> Com_1(eval_start_0(v_.0, v_.01, v_x, v_y))
		(1, 1)    eval_start_start(v_.0, v_.01, v_x, v_y) -> Com_1(eval_start_bb0_in(v_.0, v_.01, v_x, v_y))
	start location:	eval_start_start
	leaf cost:	0

By chaining the transition eval_start_bb0_in(v_.0, v_.01, v_x, v_y) -> Com_1(eval_start_0(v_.0, v_.01, v_x, v_y)) with all transitions in problem 8, the following new transition is obtained:
	eval_start_bb0_in(v_.0, v_.01, v_x, v_y) -> Com_2(eval_llvm.dbg.value_start(v_.0, v_.01, v_x, v_y), eval_start_1(v_.0, v_.01, v_x, v_y))
We thus obtain the following problem:
9:	T:
		(1, 2)    eval_start_bb0_in(v_.0, v_.01, v_x, v_y) -> Com_2(eval_llvm.dbg.value_start(v_.0, v_.01, v_x, v_y), eval_start_1(v_.0, v_.01, v_x, v_y))
		(?, 2)    eval_start_bb1_in(v_.0, v_.01, v_x, v_y) -> Com_1(eval_start_bb1_in(v_.01, v_.0 - 1, v_x, v_y)) [ v_.0 > 0 /\ v_.0 - 1 >= 0 ]
		(2, 2)    eval_start_bb1_in(v_.0, v_.01, v_x, v_y) -> Com_1(eval_start_stop(v_.0, v_.01, v_x, v_y)) [ v_.0 <= 0 /\ -v_.0 >= 0 ]
		(1, 1)    eval_start_7(v_.0, v_.01, v_x, v_y) -> Com_1(eval_start_bb1_in(v_x, v_y, v_x, v_y))
		(1, 1)    eval_start_6(v_.0, v_.01, v_x, v_y) -> Com_2(eval_llvm.dbg.value_start(v_.0, v_.01, v_x, v_y), eval_start_7(v_.0, v_.01, v_x, v_y))
		(1, 1)    eval_start_5(v_.0, v_.01, v_x, v_y) -> Com_2(eval_llvm.dbg.value_start(v_.0, v_.01, v_x, v_y), eval_start_6(v_.0, v_.01, v_x, v_y))
		(1, 1)    eval_start_4(v_.0, v_.01, v_x, v_y) -> Com_2(eval_llvm.dbg.value_start(v_.0, v_.01, v_x, v_y), eval_start_5(v_.0, v_.01, v_x, v_y))
		(1, 1)    eval_start_3(v_.0, v_.01, v_x, v_y) -> Com_2(eval_llvm.dbg.value_start(v_.0, v_.01, v_x, v_y), eval_start_4(v_.0, v_.01, v_x, v_y))
		(1, 1)    eval_start_2(v_.0, v_.01, v_x, v_y) -> Com_2(eval_llvm.dbg.value_start(v_.0, v_.01, v_x, v_y), eval_start_3(v_.0, v_.01, v_x, v_y))
		(1, 1)    eval_start_1(v_.0, v_.01, v_x, v_y) -> Com_2(eval_llvm.dbg.value_start(v_.0, v_.01, v_x, v_y), eval_start_2(v_.0, v_.01, v_x, v_y))
		(1, 1)    eval_start_0(v_.0, v_.01, v_x, v_y) -> Com_2(eval_llvm.dbg.value_start(v_.0, v_.01, v_x, v_y), eval_start_1(v_.0, v_.01, v_x, v_y))
		(1, 1)    eval_start_start(v_.0, v_.01, v_x, v_y) -> Com_1(eval_start_bb0_in(v_.0, v_.01, v_x, v_y))
	start location:	eval_start_start
	leaf cost:	0

Testing for reachability in the complexity graph removes the following transition from problem 9:
	eval_start_0(v_.0, v_.01, v_x, v_y) -> Com_2(eval_llvm.dbg.value_start(v_.0, v_.01, v_x, v_y), eval_start_1(v_.0, v_.01, v_x, v_y))
We thus obtain the following problem:
10:	T:
		(?, 2)    eval_start_bb1_in(v_.0, v_.01, v_x, v_y) -> Com_1(eval_start_bb1_in(v_.01, v_.0 - 1, v_x, v_y)) [ v_.0 > 0 /\ v_.0 - 1 >= 0 ]
		(2, 2)    eval_start_bb1_in(v_.0, v_.01, v_x, v_y) -> Com_1(eval_start_stop(v_.0, v_.01, v_x, v_y)) [ v_.0 <= 0 /\ -v_.0 >= 0 ]
		(1, 1)    eval_start_7(v_.0, v_.01, v_x, v_y) -> Com_1(eval_start_bb1_in(v_x, v_y, v_x, v_y))
		(1, 1)    eval_start_6(v_.0, v_.01, v_x, v_y) -> Com_2(eval_llvm.dbg.value_start(v_.0, v_.01, v_x, v_y), eval_start_7(v_.0, v_.01, v_x, v_y))
		(1, 1)    eval_start_5(v_.0, v_.01, v_x, v_y) -> Com_2(eval_llvm.dbg.value_start(v_.0, v_.01, v_x, v_y), eval_start_6(v_.0, v_.01, v_x, v_y))
		(1, 1)    eval_start_4(v_.0, v_.01, v_x, v_y) -> Com_2(eval_llvm.dbg.value_start(v_.0, v_.01, v_x, v_y), eval_start_5(v_.0, v_.01, v_x, v_y))
		(1, 1)    eval_start_3(v_.0, v_.01, v_x, v_y) -> Com_2(eval_llvm.dbg.value_start(v_.0, v_.01, v_x, v_y), eval_start_4(v_.0, v_.01, v_x, v_y))
		(1, 1)    eval_start_2(v_.0, v_.01, v_x, v_y) -> Com_2(eval_llvm.dbg.value_start(v_.0, v_.01, v_x, v_y), eval_start_3(v_.0, v_.01, v_x, v_y))
		(1, 1)    eval_start_1(v_.0, v_.01, v_x, v_y) -> Com_2(eval_llvm.dbg.value_start(v_.0, v_.01, v_x, v_y), eval_start_2(v_.0, v_.01, v_x, v_y))
		(1, 2)    eval_start_bb0_in(v_.0, v_.01, v_x, v_y) -> Com_2(eval_llvm.dbg.value_start(v_.0, v_.01, v_x, v_y), eval_start_1(v_.0, v_.01, v_x, v_y))
		(1, 1)    eval_start_start(v_.0, v_.01, v_x, v_y) -> Com_1(eval_start_bb0_in(v_.0, v_.01, v_x, v_y))
	start location:	eval_start_start
	leaf cost:	0

By chaining the transition eval_start_start(v_.0, v_.01, v_x, v_y) -> Com_1(eval_start_bb0_in(v_.0, v_.01, v_x, v_y)) with all transitions in problem 10, the following new transition is obtained:
	eval_start_start(v_.0, v_.01, v_x, v_y) -> Com_2(eval_llvm.dbg.value_start(v_.0, v_.01, v_x, v_y), eval_start_1(v_.0, v_.01, v_x, v_y))
We thus obtain the following problem:
11:	T:
		(1, 3)    eval_start_start(v_.0, v_.01, v_x, v_y) -> Com_2(eval_llvm.dbg.value_start(v_.0, v_.01, v_x, v_y), eval_start_1(v_.0, v_.01, v_x, v_y))
		(?, 2)    eval_start_bb1_in(v_.0, v_.01, v_x, v_y) -> Com_1(eval_start_bb1_in(v_.01, v_.0 - 1, v_x, v_y)) [ v_.0 > 0 /\ v_.0 - 1 >= 0 ]
		(2, 2)    eval_start_bb1_in(v_.0, v_.01, v_x, v_y) -> Com_1(eval_start_stop(v_.0, v_.01, v_x, v_y)) [ v_.0 <= 0 /\ -v_.0 >= 0 ]
		(1, 1)    eval_start_7(v_.0, v_.01, v_x, v_y) -> Com_1(eval_start_bb1_in(v_x, v_y, v_x, v_y))
		(1, 1)    eval_start_6(v_.0, v_.01, v_x, v_y) -> Com_2(eval_llvm.dbg.value_start(v_.0, v_.01, v_x, v_y), eval_start_7(v_.0, v_.01, v_x, v_y))
		(1, 1)    eval_start_5(v_.0, v_.01, v_x, v_y) -> Com_2(eval_llvm.dbg.value_start(v_.0, v_.01, v_x, v_y), eval_start_6(v_.0, v_.01, v_x, v_y))
		(1, 1)    eval_start_4(v_.0, v_.01, v_x, v_y) -> Com_2(eval_llvm.dbg.value_start(v_.0, v_.01, v_x, v_y), eval_start_5(v_.0, v_.01, v_x, v_y))
		(1, 1)    eval_start_3(v_.0, v_.01, v_x, v_y) -> Com_2(eval_llvm.dbg.value_start(v_.0, v_.01, v_x, v_y), eval_start_4(v_.0, v_.01, v_x, v_y))
		(1, 1)    eval_start_2(v_.0, v_.01, v_x, v_y) -> Com_2(eval_llvm.dbg.value_start(v_.0, v_.01, v_x, v_y), eval_start_3(v_.0, v_.01, v_x, v_y))
		(1, 1)    eval_start_1(v_.0, v_.01, v_x, v_y) -> Com_2(eval_llvm.dbg.value_start(v_.0, v_.01, v_x, v_y), eval_start_2(v_.0, v_.01, v_x, v_y))
		(1, 2)    eval_start_bb0_in(v_.0, v_.01, v_x, v_y) -> Com_2(eval_llvm.dbg.value_start(v_.0, v_.01, v_x, v_y), eval_start_1(v_.0, v_.01, v_x, v_y))
	start location:	eval_start_start
	leaf cost:	0

Testing for reachability in the complexity graph removes the following transition from problem 11:
	eval_start_bb0_in(v_.0, v_.01, v_x, v_y) -> Com_2(eval_llvm.dbg.value_start(v_.0, v_.01, v_x, v_y), eval_start_1(v_.0, v_.01, v_x, v_y))
We thus obtain the following problem:
12:	T:
		(?, 2)    eval_start_bb1_in(v_.0, v_.01, v_x, v_y) -> Com_1(eval_start_bb1_in(v_.01, v_.0 - 1, v_x, v_y)) [ v_.0 > 0 /\ v_.0 - 1 >= 0 ]
		(2, 2)    eval_start_bb1_in(v_.0, v_.01, v_x, v_y) -> Com_1(eval_start_stop(v_.0, v_.01, v_x, v_y)) [ v_.0 <= 0 /\ -v_.0 >= 0 ]
		(1, 1)    eval_start_7(v_.0, v_.01, v_x, v_y) -> Com_1(eval_start_bb1_in(v_x, v_y, v_x, v_y))
		(1, 1)    eval_start_6(v_.0, v_.01, v_x, v_y) -> Com_2(eval_llvm.dbg.value_start(v_.0, v_.01, v_x, v_y), eval_start_7(v_.0, v_.01, v_x, v_y))
		(1, 1)    eval_start_5(v_.0, v_.01, v_x, v_y) -> Com_2(eval_llvm.dbg.value_start(v_.0, v_.01, v_x, v_y), eval_start_6(v_.0, v_.01, v_x, v_y))
		(1, 1)    eval_start_4(v_.0, v_.01, v_x, v_y) -> Com_2(eval_llvm.dbg.value_start(v_.0, v_.01, v_x, v_y), eval_start_5(v_.0, v_.01, v_x, v_y))
		(1, 1)    eval_start_3(v_.0, v_.01, v_x, v_y) -> Com_2(eval_llvm.dbg.value_start(v_.0, v_.01, v_x, v_y), eval_start_4(v_.0, v_.01, v_x, v_y))
		(1, 1)    eval_start_2(v_.0, v_.01, v_x, v_y) -> Com_2(eval_llvm.dbg.value_start(v_.0, v_.01, v_x, v_y), eval_start_3(v_.0, v_.01, v_x, v_y))
		(1, 1)    eval_start_1(v_.0, v_.01, v_x, v_y) -> Com_2(eval_llvm.dbg.value_start(v_.0, v_.01, v_x, v_y), eval_start_2(v_.0, v_.01, v_x, v_y))
		(1, 3)    eval_start_start(v_.0, v_.01, v_x, v_y) -> Com_2(eval_llvm.dbg.value_start(v_.0, v_.01, v_x, v_y), eval_start_1(v_.0, v_.01, v_x, v_y))
	start location:	eval_start_start
	leaf cost:	0

By chaining the transition eval_start_7(v_.0, v_.01, v_x, v_y) -> Com_1(eval_start_bb1_in(v_x, v_y, v_x, v_y)) with all transitions in problem 12, the following new transitions are obtained:
	eval_start_7(v_.0, v_.01, v_x, v_y) -> Com_1(eval_start_bb1_in(v_y, v_x - 1, v_x, v_y)) [ v_x > 0 /\ v_x - 1 >= 0 ]
	eval_start_7(v_.0, v_.01, v_x, v_y) -> Com_1(eval_start_stop(v_x, v_y, v_x, v_y)) [ v_x <= 0 /\ -v_x >= 0 ]
We thus obtain the following problem:
13:	T:
		(1, 3)    eval_start_7(v_.0, v_.01, v_x, v_y) -> Com_1(eval_start_bb1_in(v_y, v_x - 1, v_x, v_y)) [ v_x > 0 /\ v_x - 1 >= 0 ]
		(1, 3)    eval_start_7(v_.0, v_.01, v_x, v_y) -> Com_1(eval_start_stop(v_x, v_y, v_x, v_y)) [ v_x <= 0 /\ -v_x >= 0 ]
		(?, 2)    eval_start_bb1_in(v_.0, v_.01, v_x, v_y) -> Com_1(eval_start_bb1_in(v_.01, v_.0 - 1, v_x, v_y)) [ v_.0 > 0 /\ v_.0 - 1 >= 0 ]
		(2, 2)    eval_start_bb1_in(v_.0, v_.01, v_x, v_y) -> Com_1(eval_start_stop(v_.0, v_.01, v_x, v_y)) [ v_.0 <= 0 /\ -v_.0 >= 0 ]
		(1, 1)    eval_start_6(v_.0, v_.01, v_x, v_y) -> Com_2(eval_llvm.dbg.value_start(v_.0, v_.01, v_x, v_y), eval_start_7(v_.0, v_.01, v_x, v_y))
		(1, 1)    eval_start_5(v_.0, v_.01, v_x, v_y) -> Com_2(eval_llvm.dbg.value_start(v_.0, v_.01, v_x, v_y), eval_start_6(v_.0, v_.01, v_x, v_y))
		(1, 1)    eval_start_4(v_.0, v_.01, v_x, v_y) -> Com_2(eval_llvm.dbg.value_start(v_.0, v_.01, v_x, v_y), eval_start_5(v_.0, v_.01, v_x, v_y))
		(1, 1)    eval_start_3(v_.0, v_.01, v_x, v_y) -> Com_2(eval_llvm.dbg.value_start(v_.0, v_.01, v_x, v_y), eval_start_4(v_.0, v_.01, v_x, v_y))
		(1, 1)    eval_start_2(v_.0, v_.01, v_x, v_y) -> Com_2(eval_llvm.dbg.value_start(v_.0, v_.01, v_x, v_y), eval_start_3(v_.0, v_.01, v_x, v_y))
		(1, 1)    eval_start_1(v_.0, v_.01, v_x, v_y) -> Com_2(eval_llvm.dbg.value_start(v_.0, v_.01, v_x, v_y), eval_start_2(v_.0, v_.01, v_x, v_y))
		(1, 3)    eval_start_start(v_.0, v_.01, v_x, v_y) -> Com_2(eval_llvm.dbg.value_start(v_.0, v_.01, v_x, v_y), eval_start_1(v_.0, v_.01, v_x, v_y))
	start location:	eval_start_start
	leaf cost:	0

By chaining the transition eval_start_7(v_.0, v_.01, v_x, v_y) -> Com_1(eval_start_bb1_in(v_y, v_x - 1, v_x, v_y)) [ v_x > 0 /\ v_x - 1 >= 0 ] with all transitions in problem 13, the following new transitions are obtained:
	eval_start_7(v_.0, v_.01, v_x, v_y) -> Com_1(eval_start_bb1_in(v_x - 1, v_y - 1, v_x, v_y)) [ v_x > 0 /\ v_x - 1 >= 0 /\ v_y > 0 /\ v_y - 1 >= 0 ]
	eval_start_7(v_.0, v_.01, v_x, v_y) -> Com_1(eval_start_stop(v_y, v_x - 1, v_x, v_y)) [ v_x > 0 /\ v_x - 1 >= 0 /\ v_y <= 0 /\ -v_y >= 0 ]
We thus obtain the following problem:
14:	T:
		(1, 5)    eval_start_7(v_.0, v_.01, v_x, v_y) -> Com_1(eval_start_bb1_in(v_x - 1, v_y - 1, v_x, v_y)) [ v_x > 0 /\ v_x - 1 >= 0 /\ v_y > 0 /\ v_y - 1 >= 0 ]
		(1, 5)    eval_start_7(v_.0, v_.01, v_x, v_y) -> Com_1(eval_start_stop(v_y, v_x - 1, v_x, v_y)) [ v_x > 0 /\ v_x - 1 >= 0 /\ v_y <= 0 /\ -v_y >= 0 ]
		(1, 3)    eval_start_7(v_.0, v_.01, v_x, v_y) -> Com_1(eval_start_stop(v_x, v_y, v_x, v_y)) [ v_x <= 0 /\ -v_x >= 0 ]
		(?, 2)    eval_start_bb1_in(v_.0, v_.01, v_x, v_y) -> Com_1(eval_start_bb1_in(v_.01, v_.0 - 1, v_x, v_y)) [ v_.0 > 0 /\ v_.0 - 1 >= 0 ]
		(2, 2)    eval_start_bb1_in(v_.0, v_.01, v_x, v_y) -> Com_1(eval_start_stop(v_.0, v_.01, v_x, v_y)) [ v_.0 <= 0 /\ -v_.0 >= 0 ]
		(1, 1)    eval_start_6(v_.0, v_.01, v_x, v_y) -> Com_2(eval_llvm.dbg.value_start(v_.0, v_.01, v_x, v_y), eval_start_7(v_.0, v_.01, v_x, v_y))
		(1, 1)    eval_start_5(v_.0, v_.01, v_x, v_y) -> Com_2(eval_llvm.dbg.value_start(v_.0, v_.01, v_x, v_y), eval_start_6(v_.0, v_.01, v_x, v_y))
		(1, 1)    eval_start_4(v_.0, v_.01, v_x, v_y) -> Com_2(eval_llvm.dbg.value_start(v_.0, v_.01, v_x, v_y), eval_start_5(v_.0, v_.01, v_x, v_y))
		(1, 1)    eval_start_3(v_.0, v_.01, v_x, v_y) -> Com_2(eval_llvm.dbg.value_start(v_.0, v_.01, v_x, v_y), eval_start_4(v_.0, v_.01, v_x, v_y))
		(1, 1)    eval_start_2(v_.0, v_.01, v_x, v_y) -> Com_2(eval_llvm.dbg.value_start(v_.0, v_.01, v_x, v_y), eval_start_3(v_.0, v_.01, v_x, v_y))
		(1, 1)    eval_start_1(v_.0, v_.01, v_x, v_y) -> Com_2(eval_llvm.dbg.value_start(v_.0, v_.01, v_x, v_y), eval_start_2(v_.0, v_.01, v_x, v_y))
		(1, 3)    eval_start_start(v_.0, v_.01, v_x, v_y) -> Com_2(eval_llvm.dbg.value_start(v_.0, v_.01, v_x, v_y), eval_start_1(v_.0, v_.01, v_x, v_y))
	start location:	eval_start_start
	leaf cost:	0

By chaining the transition eval_start_7(v_.0, v_.01, v_x, v_y) -> Com_1(eval_start_bb1_in(v_x - 1, v_y - 1, v_x, v_y)) [ v_x > 0 /\ v_x - 1 >= 0 /\ v_y > 0 /\ v_y - 1 >= 0 ] with all transitions in problem 14, the following new transitions are obtained:
	eval_start_7(v_.0, v_.01, v_x, v_y) -> Com_1(eval_start_bb1_in(v_y - 1, v_x - 2, v_x, v_y)) [ v_x > 0 /\ v_x - 1 >= 0 /\ v_y > 0 /\ v_y - 1 >= 0 /\ v_x - 1 > 0 /\ v_x - 2 >= 0 ]
	eval_start_7(v_.0, v_.01, v_x, v_y) -> Com_1(eval_start_stop(v_x - 1, v_y - 1, v_x, v_y)) [ v_x > 0 /\ v_x - 1 >= 0 /\ v_y > 0 /\ v_y - 1 >= 0 /\ v_x - 1 <= 0 /\ -v_x + 1 >= 0 ]
We thus obtain the following problem:
15:	T:
		(1, 7)    eval_start_7(v_.0, v_.01, v_x, v_y) -> Com_1(eval_start_bb1_in(v_y - 1, v_x - 2, v_x, v_y)) [ v_x > 0 /\ v_x - 1 >= 0 /\ v_y > 0 /\ v_y - 1 >= 0 /\ v_x - 1 > 0 /\ v_x - 2 >= 0 ]
		(1, 7)    eval_start_7(v_.0, v_.01, v_x, v_y) -> Com_1(eval_start_stop(v_x - 1, v_y - 1, v_x, v_y)) [ v_x > 0 /\ v_x - 1 >= 0 /\ v_y > 0 /\ v_y - 1 >= 0 /\ v_x - 1 <= 0 /\ -v_x + 1 >= 0 ]
		(1, 5)    eval_start_7(v_.0, v_.01, v_x, v_y) -> Com_1(eval_start_stop(v_y, v_x - 1, v_x, v_y)) [ v_x > 0 /\ v_x - 1 >= 0 /\ v_y <= 0 /\ -v_y >= 0 ]
		(1, 3)    eval_start_7(v_.0, v_.01, v_x, v_y) -> Com_1(eval_start_stop(v_x, v_y, v_x, v_y)) [ v_x <= 0 /\ -v_x >= 0 ]
		(?, 2)    eval_start_bb1_in(v_.0, v_.01, v_x, v_y) -> Com_1(eval_start_bb1_in(v_.01, v_.0 - 1, v_x, v_y)) [ v_.0 > 0 /\ v_.0 - 1 >= 0 ]
		(2, 2)    eval_start_bb1_in(v_.0, v_.01, v_x, v_y) -> Com_1(eval_start_stop(v_.0, v_.01, v_x, v_y)) [ v_.0 <= 0 /\ -v_.0 >= 0 ]
		(1, 1)    eval_start_6(v_.0, v_.01, v_x, v_y) -> Com_2(eval_llvm.dbg.value_start(v_.0, v_.01, v_x, v_y), eval_start_7(v_.0, v_.01, v_x, v_y))
		(1, 1)    eval_start_5(v_.0, v_.01, v_x, v_y) -> Com_2(eval_llvm.dbg.value_start(v_.0, v_.01, v_x, v_y), eval_start_6(v_.0, v_.01, v_x, v_y))
		(1, 1)    eval_start_4(v_.0, v_.01, v_x, v_y) -> Com_2(eval_llvm.dbg.value_start(v_.0, v_.01, v_x, v_y), eval_start_5(v_.0, v_.01, v_x, v_y))
		(1, 1)    eval_start_3(v_.0, v_.01, v_x, v_y) -> Com_2(eval_llvm.dbg.value_start(v_.0, v_.01, v_x, v_y), eval_start_4(v_.0, v_.01, v_x, v_y))
		(1, 1)    eval_start_2(v_.0, v_.01, v_x, v_y) -> Com_2(eval_llvm.dbg.value_start(v_.0, v_.01, v_x, v_y), eval_start_3(v_.0, v_.01, v_x, v_y))
		(1, 1)    eval_start_1(v_.0, v_.01, v_x, v_y) -> Com_2(eval_llvm.dbg.value_start(v_.0, v_.01, v_x, v_y), eval_start_2(v_.0, v_.01, v_x, v_y))
		(1, 3)    eval_start_start(v_.0, v_.01, v_x, v_y) -> Com_2(eval_llvm.dbg.value_start(v_.0, v_.01, v_x, v_y), eval_start_1(v_.0, v_.01, v_x, v_y))
	start location:	eval_start_start
	leaf cost:	0

By chaining the transition eval_start_7(v_.0, v_.01, v_x, v_y) -> Com_1(eval_start_bb1_in(v_y - 1, v_x - 2, v_x, v_y)) [ v_x > 0 /\ v_x - 1 >= 0 /\ v_y > 0 /\ v_y - 1 >= 0 /\ v_x - 1 > 0 /\ v_x - 2 >= 0 ] with all transitions in problem 15, the following new transitions are obtained:
	eval_start_7(v_.0, v_.01, v_x, v_y) -> Com_1(eval_start_bb1_in(v_x - 2, v_y - 2, v_x, v_y)) [ v_x > 0 /\ v_x - 1 >= 0 /\ v_y > 0 /\ v_y - 1 >= 0 /\ v_x - 1 > 0 /\ v_x - 2 >= 0 /\ v_y - 1 > 0 /\ v_y - 2 >= 0 ]
	eval_start_7(v_.0, v_.01, v_x, v_y) -> Com_1(eval_start_stop(v_y - 1, v_x - 2, v_x, v_y)) [ v_x > 0 /\ v_x - 1 >= 0 /\ v_y > 0 /\ v_y - 1 >= 0 /\ v_x - 1 > 0 /\ v_x - 2 >= 0 /\ v_y - 1 <= 0 /\ -v_y + 1 >= 0 ]
We thus obtain the following problem:
16:	T:
		(1, 9)    eval_start_7(v_.0, v_.01, v_x, v_y) -> Com_1(eval_start_bb1_in(v_x - 2, v_y - 2, v_x, v_y)) [ v_x > 0 /\ v_x - 1 >= 0 /\ v_y > 0 /\ v_y - 1 >= 0 /\ v_x - 1 > 0 /\ v_x - 2 >= 0 /\ v_y - 1 > 0 /\ v_y - 2 >= 0 ]
		(1, 9)    eval_start_7(v_.0, v_.01, v_x, v_y) -> Com_1(eval_start_stop(v_y - 1, v_x - 2, v_x, v_y)) [ v_x > 0 /\ v_x - 1 >= 0 /\ v_y > 0 /\ v_y - 1 >= 0 /\ v_x - 1 > 0 /\ v_x - 2 >= 0 /\ v_y - 1 <= 0 /\ -v_y + 1 >= 0 ]
		(1, 7)    eval_start_7(v_.0, v_.01, v_x, v_y) -> Com_1(eval_start_stop(v_x - 1, v_y - 1, v_x, v_y)) [ v_x > 0 /\ v_x - 1 >= 0 /\ v_y > 0 /\ v_y - 1 >= 0 /\ v_x - 1 <= 0 /\ -v_x + 1 >= 0 ]
		(1, 5)    eval_start_7(v_.0, v_.01, v_x, v_y) -> Com_1(eval_start_stop(v_y, v_x - 1, v_x, v_y)) [ v_x > 0 /\ v_x - 1 >= 0 /\ v_y <= 0 /\ -v_y >= 0 ]
		(1, 3)    eval_start_7(v_.0, v_.01, v_x, v_y) -> Com_1(eval_start_stop(v_x, v_y, v_x, v_y)) [ v_x <= 0 /\ -v_x >= 0 ]
		(?, 2)    eval_start_bb1_in(v_.0, v_.01, v_x, v_y) -> Com_1(eval_start_bb1_in(v_.01, v_.0 - 1, v_x, v_y)) [ v_.0 > 0 /\ v_.0 - 1 >= 0 ]
		(2, 2)    eval_start_bb1_in(v_.0, v_.01, v_x, v_y) -> Com_1(eval_start_stop(v_.0, v_.01, v_x, v_y)) [ v_.0 <= 0 /\ -v_.0 >= 0 ]
		(1, 1)    eval_start_6(v_.0, v_.01, v_x, v_y) -> Com_2(eval_llvm.dbg.value_start(v_.0, v_.01, v_x, v_y), eval_start_7(v_.0, v_.01, v_x, v_y))
		(1, 1)    eval_start_5(v_.0, v_.01, v_x, v_y) -> Com_2(eval_llvm.dbg.value_start(v_.0, v_.01, v_x, v_y), eval_start_6(v_.0, v_.01, v_x, v_y))
		(1, 1)    eval_start_4(v_.0, v_.01, v_x, v_y) -> Com_2(eval_llvm.dbg.value_start(v_.0, v_.01, v_x, v_y), eval_start_5(v_.0, v_.01, v_x, v_y))
		(1, 1)    eval_start_3(v_.0, v_.01, v_x, v_y) -> Com_2(eval_llvm.dbg.value_start(v_.0, v_.01, v_x, v_y), eval_start_4(v_.0, v_.01, v_x, v_y))
		(1, 1)    eval_start_2(v_.0, v_.01, v_x, v_y) -> Com_2(eval_llvm.dbg.value_start(v_.0, v_.01, v_x, v_y), eval_start_3(v_.0, v_.01, v_x, v_y))
		(1, 1)    eval_start_1(v_.0, v_.01, v_x, v_y) -> Com_2(eval_llvm.dbg.value_start(v_.0, v_.01, v_x, v_y), eval_start_2(v_.0, v_.01, v_x, v_y))
		(1, 3)    eval_start_start(v_.0, v_.01, v_x, v_y) -> Com_2(eval_llvm.dbg.value_start(v_.0, v_.01, v_x, v_y), eval_start_1(v_.0, v_.01, v_x, v_y))
	start location:	eval_start_start
	leaf cost:	0

By chaining the transition eval_start_7(v_.0, v_.01, v_x, v_y) -> Com_1(eval_start_bb1_in(v_x - 2, v_y - 2, v_x, v_y)) [ v_x > 0 /\ v_x - 1 >= 0 /\ v_y > 0 /\ v_y - 1 >= 0 /\ v_x - 1 > 0 /\ v_x - 2 >= 0 /\ v_y - 1 > 0 /\ v_y - 2 >= 0 ] with all transitions in problem 16, the following new transitions are obtained:
	eval_start_7(v_.0, v_.01, v_x, v_y) -> Com_1(eval_start_bb1_in(v_y - 2, v_x - 3, v_x, v_y)) [ v_x > 0 /\ v_x - 1 >= 0 /\ v_y > 0 /\ v_y - 1 >= 0 /\ v_x - 1 > 0 /\ v_x - 2 >= 0 /\ v_y - 1 > 0 /\ v_y - 2 >= 0 /\ v_x - 2 > 0 /\ v_x - 3 >= 0 ]
	eval_start_7(v_.0, v_.01, v_x, v_y) -> Com_1(eval_start_stop(v_x - 2, v_y - 2, v_x, v_y)) [ v_x > 0 /\ v_x - 1 >= 0 /\ v_y > 0 /\ v_y - 1 >= 0 /\ v_x - 1 > 0 /\ v_x - 2 >= 0 /\ v_y - 1 > 0 /\ v_y - 2 >= 0 /\ v_x - 2 <= 0 /\ -v_x + 2 >= 0 ]
We thus obtain the following problem:
17:	T:
		(1, 11)    eval_start_7(v_.0, v_.01, v_x, v_y) -> Com_1(eval_start_bb1_in(v_y - 2, v_x - 3, v_x, v_y)) [ v_x > 0 /\ v_x - 1 >= 0 /\ v_y > 0 /\ v_y - 1 >= 0 /\ v_x - 1 > 0 /\ v_x - 2 >= 0 /\ v_y - 1 > 0 /\ v_y - 2 >= 0 /\ v_x - 2 > 0 /\ v_x - 3 >= 0 ]
		(1, 11)    eval_start_7(v_.0, v_.01, v_x, v_y) -> Com_1(eval_start_stop(v_x - 2, v_y - 2, v_x, v_y)) [ v_x > 0 /\ v_x - 1 >= 0 /\ v_y > 0 /\ v_y - 1 >= 0 /\ v_x - 1 > 0 /\ v_x - 2 >= 0 /\ v_y - 1 > 0 /\ v_y - 2 >= 0 /\ v_x - 2 <= 0 /\ -v_x + 2 >= 0 ]
		(1, 9)     eval_start_7(v_.0, v_.01, v_x, v_y) -> Com_1(eval_start_stop(v_y - 1, v_x - 2, v_x, v_y)) [ v_x > 0 /\ v_x - 1 >= 0 /\ v_y > 0 /\ v_y - 1 >= 0 /\ v_x - 1 > 0 /\ v_x - 2 >= 0 /\ v_y - 1 <= 0 /\ -v_y + 1 >= 0 ]
		(1, 7)     eval_start_7(v_.0, v_.01, v_x, v_y) -> Com_1(eval_start_stop(v_x - 1, v_y - 1, v_x, v_y)) [ v_x > 0 /\ v_x - 1 >= 0 /\ v_y > 0 /\ v_y - 1 >= 0 /\ v_x - 1 <= 0 /\ -v_x + 1 >= 0 ]
		(1, 5)     eval_start_7(v_.0, v_.01, v_x, v_y) -> Com_1(eval_start_stop(v_y, v_x - 1, v_x, v_y)) [ v_x > 0 /\ v_x - 1 >= 0 /\ v_y <= 0 /\ -v_y >= 0 ]
		(1, 3)     eval_start_7(v_.0, v_.01, v_x, v_y) -> Com_1(eval_start_stop(v_x, v_y, v_x, v_y)) [ v_x <= 0 /\ -v_x >= 0 ]
		(?, 2)     eval_start_bb1_in(v_.0, v_.01, v_x, v_y) -> Com_1(eval_start_bb1_in(v_.01, v_.0 - 1, v_x, v_y)) [ v_.0 > 0 /\ v_.0 - 1 >= 0 ]
		(2, 2)     eval_start_bb1_in(v_.0, v_.01, v_x, v_y) -> Com_1(eval_start_stop(v_.0, v_.01, v_x, v_y)) [ v_.0 <= 0 /\ -v_.0 >= 0 ]
		(1, 1)     eval_start_6(v_.0, v_.01, v_x, v_y) -> Com_2(eval_llvm.dbg.value_start(v_.0, v_.01, v_x, v_y), eval_start_7(v_.0, v_.01, v_x, v_y))
		(1, 1)     eval_start_5(v_.0, v_.01, v_x, v_y) -> Com_2(eval_llvm.dbg.value_start(v_.0, v_.01, v_x, v_y), eval_start_6(v_.0, v_.01, v_x, v_y))
		(1, 1)     eval_start_4(v_.0, v_.01, v_x, v_y) -> Com_2(eval_llvm.dbg.value_start(v_.0, v_.01, v_x, v_y), eval_start_5(v_.0, v_.01, v_x, v_y))
		(1, 1)     eval_start_3(v_.0, v_.01, v_x, v_y) -> Com_2(eval_llvm.dbg.value_start(v_.0, v_.01, v_x, v_y), eval_start_4(v_.0, v_.01, v_x, v_y))
		(1, 1)     eval_start_2(v_.0, v_.01, v_x, v_y) -> Com_2(eval_llvm.dbg.value_start(v_.0, v_.01, v_x, v_y), eval_start_3(v_.0, v_.01, v_x, v_y))
		(1, 1)     eval_start_1(v_.0, v_.01, v_x, v_y) -> Com_2(eval_llvm.dbg.value_start(v_.0, v_.01, v_x, v_y), eval_start_2(v_.0, v_.01, v_x, v_y))
		(1, 3)     eval_start_start(v_.0, v_.01, v_x, v_y) -> Com_2(eval_llvm.dbg.value_start(v_.0, v_.01, v_x, v_y), eval_start_1(v_.0, v_.01, v_x, v_y))
	start location:	eval_start_start
	leaf cost:	0

By chaining the transition eval_start_7(v_.0, v_.01, v_x, v_y) -> Com_1(eval_start_bb1_in(v_y - 2, v_x - 3, v_x, v_y)) [ v_x > 0 /\ v_x - 1 >= 0 /\ v_y > 0 /\ v_y - 1 >= 0 /\ v_x - 1 > 0 /\ v_x - 2 >= 0 /\ v_y - 1 > 0 /\ v_y - 2 >= 0 /\ v_x - 2 > 0 /\ v_x - 3 >= 0 ] with all transitions in problem 17, the following new transitions are obtained:
	eval_start_7(v_.0, v_.01, v_x, v_y) -> Com_1(eval_start_bb1_in(v_x - 3, v_y - 3, v_x, v_y)) [ v_x > 0 /\ v_x - 1 >= 0 /\ v_y > 0 /\ v_y - 1 >= 0 /\ v_x - 1 > 0 /\ v_x - 2 >= 0 /\ v_y - 1 > 0 /\ v_y - 2 >= 0 /\ v_x - 2 > 0 /\ v_x - 3 >= 0 /\ v_y - 2 > 0 /\ v_y - 3 >= 0 ]
	eval_start_7(v_.0, v_.01, v_x, v_y) -> Com_1(eval_start_stop(v_y - 2, v_x - 3, v_x, v_y)) [ v_x > 0 /\ v_x - 1 >= 0 /\ v_y > 0 /\ v_y - 1 >= 0 /\ v_x - 1 > 0 /\ v_x - 2 >= 0 /\ v_y - 1 > 0 /\ v_y - 2 >= 0 /\ v_x - 2 > 0 /\ v_x - 3 >= 0 /\ v_y - 2 <= 0 /\ -v_y + 2 >= 0 ]
We thus obtain the following problem:
18:	T:
		(1, 13)    eval_start_7(v_.0, v_.01, v_x, v_y) -> Com_1(eval_start_bb1_in(v_x - 3, v_y - 3, v_x, v_y)) [ v_x > 0 /\ v_x - 1 >= 0 /\ v_y > 0 /\ v_y - 1 >= 0 /\ v_x - 1 > 0 /\ v_x - 2 >= 0 /\ v_y - 1 > 0 /\ v_y - 2 >= 0 /\ v_x - 2 > 0 /\ v_x - 3 >= 0 /\ v_y - 2 > 0 /\ v_y - 3 >= 0 ]
		(1, 13)    eval_start_7(v_.0, v_.01, v_x, v_y) -> Com_1(eval_start_stop(v_y - 2, v_x - 3, v_x, v_y)) [ v_x > 0 /\ v_x - 1 >= 0 /\ v_y > 0 /\ v_y - 1 >= 0 /\ v_x - 1 > 0 /\ v_x - 2 >= 0 /\ v_y - 1 > 0 /\ v_y - 2 >= 0 /\ v_x - 2 > 0 /\ v_x - 3 >= 0 /\ v_y - 2 <= 0 /\ -v_y + 2 >= 0 ]
		(1, 11)    eval_start_7(v_.0, v_.01, v_x, v_y) -> Com_1(eval_start_stop(v_x - 2, v_y - 2, v_x, v_y)) [ v_x > 0 /\ v_x - 1 >= 0 /\ v_y > 0 /\ v_y - 1 >= 0 /\ v_x - 1 > 0 /\ v_x - 2 >= 0 /\ v_y - 1 > 0 /\ v_y - 2 >= 0 /\ v_x - 2 <= 0 /\ -v_x + 2 >= 0 ]
		(1, 9)     eval_start_7(v_.0, v_.01, v_x, v_y) -> Com_1(eval_start_stop(v_y - 1, v_x - 2, v_x, v_y)) [ v_x > 0 /\ v_x - 1 >= 0 /\ v_y > 0 /\ v_y - 1 >= 0 /\ v_x - 1 > 0 /\ v_x - 2 >= 0 /\ v_y - 1 <= 0 /\ -v_y + 1 >= 0 ]
		(1, 7)     eval_start_7(v_.0, v_.01, v_x, v_y) -> Com_1(eval_start_stop(v_x - 1, v_y - 1, v_x, v_y)) [ v_x > 0 /\ v_x - 1 >= 0 /\ v_y > 0 /\ v_y - 1 >= 0 /\ v_x - 1 <= 0 /\ -v_x + 1 >= 0 ]
		(1, 5)     eval_start_7(v_.0, v_.01, v_x, v_y) -> Com_1(eval_start_stop(v_y, v_x - 1, v_x, v_y)) [ v_x > 0 /\ v_x - 1 >= 0 /\ v_y <= 0 /\ -v_y >= 0 ]
		(1, 3)     eval_start_7(v_.0, v_.01, v_x, v_y) -> Com_1(eval_start_stop(v_x, v_y, v_x, v_y)) [ v_x <= 0 /\ -v_x >= 0 ]
		(?, 2)     eval_start_bb1_in(v_.0, v_.01, v_x, v_y) -> Com_1(eval_start_bb1_in(v_.01, v_.0 - 1, v_x, v_y)) [ v_.0 > 0 /\ v_.0 - 1 >= 0 ]
		(2, 2)     eval_start_bb1_in(v_.0, v_.01, v_x, v_y) -> Com_1(eval_start_stop(v_.0, v_.01, v_x, v_y)) [ v_.0 <= 0 /\ -v_.0 >= 0 ]
		(1, 1)     eval_start_6(v_.0, v_.01, v_x, v_y) -> Com_2(eval_llvm.dbg.value_start(v_.0, v_.01, v_x, v_y), eval_start_7(v_.0, v_.01, v_x, v_y))
		(1, 1)     eval_start_5(v_.0, v_.01, v_x, v_y) -> Com_2(eval_llvm.dbg.value_start(v_.0, v_.01, v_x, v_y), eval_start_6(v_.0, v_.01, v_x, v_y))
		(1, 1)     eval_start_4(v_.0, v_.01, v_x, v_y) -> Com_2(eval_llvm.dbg.value_start(v_.0, v_.01, v_x, v_y), eval_start_5(v_.0, v_.01, v_x, v_y))
		(1, 1)     eval_start_3(v_.0, v_.01, v_x, v_y) -> Com_2(eval_llvm.dbg.value_start(v_.0, v_.01, v_x, v_y), eval_start_4(v_.0, v_.01, v_x, v_y))
		(1, 1)     eval_start_2(v_.0, v_.01, v_x, v_y) -> Com_2(eval_llvm.dbg.value_start(v_.0, v_.01, v_x, v_y), eval_start_3(v_.0, v_.01, v_x, v_y))
		(1, 1)     eval_start_1(v_.0, v_.01, v_x, v_y) -> Com_2(eval_llvm.dbg.value_start(v_.0, v_.01, v_x, v_y), eval_start_2(v_.0, v_.01, v_x, v_y))
		(1, 3)     eval_start_start(v_.0, v_.01, v_x, v_y) -> Com_2(eval_llvm.dbg.value_start(v_.0, v_.01, v_x, v_y), eval_start_1(v_.0, v_.01, v_x, v_y))
	start location:	eval_start_start
	leaf cost:	0

By chaining the transition eval_start_7(v_.0, v_.01, v_x, v_y) -> Com_1(eval_start_bb1_in(v_x - 3, v_y - 3, v_x, v_y)) [ v_x > 0 /\ v_x - 1 >= 0 /\ v_y > 0 /\ v_y - 1 >= 0 /\ v_x - 1 > 0 /\ v_x - 2 >= 0 /\ v_y - 1 > 0 /\ v_y - 2 >= 0 /\ v_x - 2 > 0 /\ v_x - 3 >= 0 /\ v_y - 2 > 0 /\ v_y - 3 >= 0 ] with all transitions in problem 18, the following new transitions are obtained:
	eval_start_7(v_.0, v_.01, v_x, v_y) -> Com_1(eval_start_bb1_in(v_y - 3, v_x - 4, v_x, v_y)) [ v_x > 0 /\ v_x - 1 >= 0 /\ v_y > 0 /\ v_y - 1 >= 0 /\ v_x - 1 > 0 /\ v_x - 2 >= 0 /\ v_y - 1 > 0 /\ v_y - 2 >= 0 /\ v_x - 2 > 0 /\ v_x - 3 >= 0 /\ v_y - 2 > 0 /\ v_y - 3 >= 0 /\ v_x - 3 > 0 /\ v_x - 4 >= 0 ]
	eval_start_7(v_.0, v_.01, v_x, v_y) -> Com_1(eval_start_stop(v_x - 3, v_y - 3, v_x, v_y)) [ v_x > 0 /\ v_x - 1 >= 0 /\ v_y > 0 /\ v_y - 1 >= 0 /\ v_x - 1 > 0 /\ v_x - 2 >= 0 /\ v_y - 1 > 0 /\ v_y - 2 >= 0 /\ v_x - 2 > 0 /\ v_x - 3 >= 0 /\ v_y - 2 > 0 /\ v_y - 3 >= 0 /\ v_x - 3 <= 0 /\ -v_x + 3 >= 0 ]
We thus obtain the following problem:
19:	T:
		(1, 15)    eval_start_7(v_.0, v_.01, v_x, v_y) -> Com_1(eval_start_bb1_in(v_y - 3, v_x - 4, v_x, v_y)) [ v_x > 0 /\ v_x - 1 >= 0 /\ v_y > 0 /\ v_y - 1 >= 0 /\ v_x - 1 > 0 /\ v_x - 2 >= 0 /\ v_y - 1 > 0 /\ v_y - 2 >= 0 /\ v_x - 2 > 0 /\ v_x - 3 >= 0 /\ v_y - 2 > 0 /\ v_y - 3 >= 0 /\ v_x - 3 > 0 /\ v_x - 4 >= 0 ]
		(1, 15)    eval_start_7(v_.0, v_.01, v_x, v_y) -> Com_1(eval_start_stop(v_x - 3, v_y - 3, v_x, v_y)) [ v_x > 0 /\ v_x - 1 >= 0 /\ v_y > 0 /\ v_y - 1 >= 0 /\ v_x - 1 > 0 /\ v_x - 2 >= 0 /\ v_y - 1 > 0 /\ v_y - 2 >= 0 /\ v_x - 2 > 0 /\ v_x - 3 >= 0 /\ v_y - 2 > 0 /\ v_y - 3 >= 0 /\ v_x - 3 <= 0 /\ -v_x + 3 >= 0 ]
		(1, 13)    eval_start_7(v_.0, v_.01, v_x, v_y) -> Com_1(eval_start_stop(v_y - 2, v_x - 3, v_x, v_y)) [ v_x > 0 /\ v_x - 1 >= 0 /\ v_y > 0 /\ v_y - 1 >= 0 /\ v_x - 1 > 0 /\ v_x - 2 >= 0 /\ v_y - 1 > 0 /\ v_y - 2 >= 0 /\ v_x - 2 > 0 /\ v_x - 3 >= 0 /\ v_y - 2 <= 0 /\ -v_y + 2 >= 0 ]
		(1, 11)    eval_start_7(v_.0, v_.01, v_x, v_y) -> Com_1(eval_start_stop(v_x - 2, v_y - 2, v_x, v_y)) [ v_x > 0 /\ v_x - 1 >= 0 /\ v_y > 0 /\ v_y - 1 >= 0 /\ v_x - 1 > 0 /\ v_x - 2 >= 0 /\ v_y - 1 > 0 /\ v_y - 2 >= 0 /\ v_x - 2 <= 0 /\ -v_x + 2 >= 0 ]
		(1, 9)     eval_start_7(v_.0, v_.01, v_x, v_y) -> Com_1(eval_start_stop(v_y - 1, v_x - 2, v_x, v_y)) [ v_x > 0 /\ v_x - 1 >= 0 /\ v_y > 0 /\ v_y - 1 >= 0 /\ v_x - 1 > 0 /\ v_x - 2 >= 0 /\ v_y - 1 <= 0 /\ -v_y + 1 >= 0 ]
		(1, 7)     eval_start_7(v_.0, v_.01, v_x, v_y) -> Com_1(eval_start_stop(v_x - 1, v_y - 1, v_x, v_y)) [ v_x > 0 /\ v_x - 1 >= 0 /\ v_y > 0 /\ v_y - 1 >= 0 /\ v_x - 1 <= 0 /\ -v_x + 1 >= 0 ]
		(1, 5)     eval_start_7(v_.0, v_.01, v_x, v_y) -> Com_1(eval_start_stop(v_y, v_x - 1, v_x, v_y)) [ v_x > 0 /\ v_x - 1 >= 0 /\ v_y <= 0 /\ -v_y >= 0 ]
		(1, 3)     eval_start_7(v_.0, v_.01, v_x, v_y) -> Com_1(eval_start_stop(v_x, v_y, v_x, v_y)) [ v_x <= 0 /\ -v_x >= 0 ]
		(?, 2)     eval_start_bb1_in(v_.0, v_.01, v_x, v_y) -> Com_1(eval_start_bb1_in(v_.01, v_.0 - 1, v_x, v_y)) [ v_.0 > 0 /\ v_.0 - 1 >= 0 ]
		(2, 2)     eval_start_bb1_in(v_.0, v_.01, v_x, v_y) -> Com_1(eval_start_stop(v_.0, v_.01, v_x, v_y)) [ v_.0 <= 0 /\ -v_.0 >= 0 ]
		(1, 1)     eval_start_6(v_.0, v_.01, v_x, v_y) -> Com_2(eval_llvm.dbg.value_start(v_.0, v_.01, v_x, v_y), eval_start_7(v_.0, v_.01, v_x, v_y))
		(1, 1)     eval_start_5(v_.0, v_.01, v_x, v_y) -> Com_2(eval_llvm.dbg.value_start(v_.0, v_.01, v_x, v_y), eval_start_6(v_.0, v_.01, v_x, v_y))
		(1, 1)     eval_start_4(v_.0, v_.01, v_x, v_y) -> Com_2(eval_llvm.dbg.value_start(v_.0, v_.01, v_x, v_y), eval_start_5(v_.0, v_.01, v_x, v_y))
		(1, 1)     eval_start_3(v_.0, v_.01, v_x, v_y) -> Com_2(eval_llvm.dbg.value_start(v_.0, v_.01, v_x, v_y), eval_start_4(v_.0, v_.01, v_x, v_y))
		(1, 1)     eval_start_2(v_.0, v_.01, v_x, v_y) -> Com_2(eval_llvm.dbg.value_start(v_.0, v_.01, v_x, v_y), eval_start_3(v_.0, v_.01, v_x, v_y))
		(1, 1)     eval_start_1(v_.0, v_.01, v_x, v_y) -> Com_2(eval_llvm.dbg.value_start(v_.0, v_.01, v_x, v_y), eval_start_2(v_.0, v_.01, v_x, v_y))
		(1, 3)     eval_start_start(v_.0, v_.01, v_x, v_y) -> Com_2(eval_llvm.dbg.value_start(v_.0, v_.01, v_x, v_y), eval_start_1(v_.0, v_.01, v_x, v_y))
	start location:	eval_start_start
	leaf cost:	0

By chaining the transition eval_start_7(v_.0, v_.01, v_x, v_y) -> Com_1(eval_start_bb1_in(v_y - 3, v_x - 4, v_x, v_y)) [ v_x > 0 /\ v_x - 1 >= 0 /\ v_y > 0 /\ v_y - 1 >= 0 /\ v_x - 1 > 0 /\ v_x - 2 >= 0 /\ v_y - 1 > 0 /\ v_y - 2 >= 0 /\ v_x - 2 > 0 /\ v_x - 3 >= 0 /\ v_y - 2 > 0 /\ v_y - 3 >= 0 /\ v_x - 3 > 0 /\ v_x - 4 >= 0 ] with all transitions in problem 19, the following new transitions are obtained:
	eval_start_7(v_.0, v_.01, v_x, v_y) -> Com_1(eval_start_bb1_in(v_x - 4, v_y - 4, v_x, v_y)) [ v_x > 0 /\ v_x - 1 >= 0 /\ v_y > 0 /\ v_y - 1 >= 0 /\ v_x - 1 > 0 /\ v_x - 2 >= 0 /\ v_y - 1 > 0 /\ v_y - 2 >= 0 /\ v_x - 2 > 0 /\ v_x - 3 >= 0 /\ v_y - 2 > 0 /\ v_y - 3 >= 0 /\ v_x - 3 > 0 /\ v_x - 4 >= 0 /\ v_y - 3 > 0 /\ v_y - 4 >= 0 ]
	eval_start_7(v_.0, v_.01, v_x, v_y) -> Com_1(eval_start_stop(v_y - 3, v_x - 4, v_x, v_y)) [ v_x > 0 /\ v_x - 1 >= 0 /\ v_y > 0 /\ v_y - 1 >= 0 /\ v_x - 1 > 0 /\ v_x - 2 >= 0 /\ v_y - 1 > 0 /\ v_y - 2 >= 0 /\ v_x - 2 > 0 /\ v_x - 3 >= 0 /\ v_y - 2 > 0 /\ v_y - 3 >= 0 /\ v_x - 3 > 0 /\ v_x - 4 >= 0 /\ v_y - 3 <= 0 /\ -v_y + 3 >= 0 ]
We thus obtain the following problem:
20:	T:
		(1, 17)    eval_start_7(v_.0, v_.01, v_x, v_y) -> Com_1(eval_start_bb1_in(v_x - 4, v_y - 4, v_x, v_y)) [ v_x > 0 /\ v_x - 1 >= 0 /\ v_y > 0 /\ v_y - 1 >= 0 /\ v_x - 1 > 0 /\ v_x - 2 >= 0 /\ v_y - 1 > 0 /\ v_y - 2 >= 0 /\ v_x - 2 > 0 /\ v_x - 3 >= 0 /\ v_y - 2 > 0 /\ v_y - 3 >= 0 /\ v_x - 3 > 0 /\ v_x - 4 >= 0 /\ v_y - 3 > 0 /\ v_y - 4 >= 0 ]
		(1, 17)    eval_start_7(v_.0, v_.01, v_x, v_y) -> Com_1(eval_start_stop(v_y - 3, v_x - 4, v_x, v_y)) [ v_x > 0 /\ v_x - 1 >= 0 /\ v_y > 0 /\ v_y - 1 >= 0 /\ v_x - 1 > 0 /\ v_x - 2 >= 0 /\ v_y - 1 > 0 /\ v_y - 2 >= 0 /\ v_x - 2 > 0 /\ v_x - 3 >= 0 /\ v_y - 2 > 0 /\ v_y - 3 >= 0 /\ v_x - 3 > 0 /\ v_x - 4 >= 0 /\ v_y - 3 <= 0 /\ -v_y + 3 >= 0 ]
		(1, 15)    eval_start_7(v_.0, v_.01, v_x, v_y) -> Com_1(eval_start_stop(v_x - 3, v_y - 3, v_x, v_y)) [ v_x > 0 /\ v_x - 1 >= 0 /\ v_y > 0 /\ v_y - 1 >= 0 /\ v_x - 1 > 0 /\ v_x - 2 >= 0 /\ v_y - 1 > 0 /\ v_y - 2 >= 0 /\ v_x - 2 > 0 /\ v_x - 3 >= 0 /\ v_y - 2 > 0 /\ v_y - 3 >= 0 /\ v_x - 3 <= 0 /\ -v_x + 3 >= 0 ]
		(1, 13)    eval_start_7(v_.0, v_.01, v_x, v_y) -> Com_1(eval_start_stop(v_y - 2, v_x - 3, v_x, v_y)) [ v_x > 0 /\ v_x - 1 >= 0 /\ v_y > 0 /\ v_y - 1 >= 0 /\ v_x - 1 > 0 /\ v_x - 2 >= 0 /\ v_y - 1 > 0 /\ v_y - 2 >= 0 /\ v_x - 2 > 0 /\ v_x - 3 >= 0 /\ v_y - 2 <= 0 /\ -v_y + 2 >= 0 ]
		(1, 11)    eval_start_7(v_.0, v_.01, v_x, v_y) -> Com_1(eval_start_stop(v_x - 2, v_y - 2, v_x, v_y)) [ v_x > 0 /\ v_x - 1 >= 0 /\ v_y > 0 /\ v_y - 1 >= 0 /\ v_x - 1 > 0 /\ v_x - 2 >= 0 /\ v_y - 1 > 0 /\ v_y - 2 >= 0 /\ v_x - 2 <= 0 /\ -v_x + 2 >= 0 ]
		(1, 9)     eval_start_7(v_.0, v_.01, v_x, v_y) -> Com_1(eval_start_stop(v_y - 1, v_x - 2, v_x, v_y)) [ v_x > 0 /\ v_x - 1 >= 0 /\ v_y > 0 /\ v_y - 1 >= 0 /\ v_x - 1 > 0 /\ v_x - 2 >= 0 /\ v_y - 1 <= 0 /\ -v_y + 1 >= 0 ]
		(1, 7)     eval_start_7(v_.0, v_.01, v_x, v_y) -> Com_1(eval_start_stop(v_x - 1, v_y - 1, v_x, v_y)) [ v_x > 0 /\ v_x - 1 >= 0 /\ v_y > 0 /\ v_y - 1 >= 0 /\ v_x - 1 <= 0 /\ -v_x + 1 >= 0 ]
		(1, 5)     eval_start_7(v_.0, v_.01, v_x, v_y) -> Com_1(eval_start_stop(v_y, v_x - 1, v_x, v_y)) [ v_x > 0 /\ v_x - 1 >= 0 /\ v_y <= 0 /\ -v_y >= 0 ]
		(1, 3)     eval_start_7(v_.0, v_.01, v_x, v_y) -> Com_1(eval_start_stop(v_x, v_y, v_x, v_y)) [ v_x <= 0 /\ -v_x >= 0 ]
		(?, 2)     eval_start_bb1_in(v_.0, v_.01, v_x, v_y) -> Com_1(eval_start_bb1_in(v_.01, v_.0 - 1, v_x, v_y)) [ v_.0 > 0 /\ v_.0 - 1 >= 0 ]
		(2, 2)     eval_start_bb1_in(v_.0, v_.01, v_x, v_y) -> Com_1(eval_start_stop(v_.0, v_.01, v_x, v_y)) [ v_.0 <= 0 /\ -v_.0 >= 0 ]
		(1, 1)     eval_start_6(v_.0, v_.01, v_x, v_y) -> Com_2(eval_llvm.dbg.value_start(v_.0, v_.01, v_x, v_y), eval_start_7(v_.0, v_.01, v_x, v_y))
		(1, 1)     eval_start_5(v_.0, v_.01, v_x, v_y) -> Com_2(eval_llvm.dbg.value_start(v_.0, v_.01, v_x, v_y), eval_start_6(v_.0, v_.01, v_x, v_y))
		(1, 1)     eval_start_4(v_.0, v_.01, v_x, v_y) -> Com_2(eval_llvm.dbg.value_start(v_.0, v_.01, v_x, v_y), eval_start_5(v_.0, v_.01, v_x, v_y))
		(1, 1)     eval_start_3(v_.0, v_.01, v_x, v_y) -> Com_2(eval_llvm.dbg.value_start(v_.0, v_.01, v_x, v_y), eval_start_4(v_.0, v_.01, v_x, v_y))
		(1, 1)     eval_start_2(v_.0, v_.01, v_x, v_y) -> Com_2(eval_llvm.dbg.value_start(v_.0, v_.01, v_x, v_y), eval_start_3(v_.0, v_.01, v_x, v_y))
		(1, 1)     eval_start_1(v_.0, v_.01, v_x, v_y) -> Com_2(eval_llvm.dbg.value_start(v_.0, v_.01, v_x, v_y), eval_start_2(v_.0, v_.01, v_x, v_y))
		(1, 3)     eval_start_start(v_.0, v_.01, v_x, v_y) -> Com_2(eval_llvm.dbg.value_start(v_.0, v_.01, v_x, v_y), eval_start_1(v_.0, v_.01, v_x, v_y))
	start location:	eval_start_start
	leaf cost:	0

By chaining the transition eval_start_7(v_.0, v_.01, v_x, v_y) -> Com_1(eval_start_bb1_in(v_x - 4, v_y - 4, v_x, v_y)) [ v_x > 0 /\ v_x - 1 >= 0 /\ v_y > 0 /\ v_y - 1 >= 0 /\ v_x - 1 > 0 /\ v_x - 2 >= 0 /\ v_y - 1 > 0 /\ v_y - 2 >= 0 /\ v_x - 2 > 0 /\ v_x - 3 >= 0 /\ v_y - 2 > 0 /\ v_y - 3 >= 0 /\ v_x - 3 > 0 /\ v_x - 4 >= 0 /\ v_y - 3 > 0 /\ v_y - 4 >= 0 ] with all transitions in problem 20, the following new transitions are obtained:
	eval_start_7(v_.0, v_.01, v_x, v_y) -> Com_1(eval_start_bb1_in(v_y - 4, v_x - 5, v_x, v_y)) [ v_x > 0 /\ v_x - 1 >= 0 /\ v_y > 0 /\ v_y - 1 >= 0 /\ v_x - 1 > 0 /\ v_x - 2 >= 0 /\ v_y - 1 > 0 /\ v_y - 2 >= 0 /\ v_x - 2 > 0 /\ v_x - 3 >= 0 /\ v_y - 2 > 0 /\ v_y - 3 >= 0 /\ v_x - 3 > 0 /\ v_x - 4 >= 0 /\ v_y - 3 > 0 /\ v_y - 4 >= 0 /\ v_x - 4 > 0 /\ v_x - 5 >= 0 ]
	eval_start_7(v_.0, v_.01, v_x, v_y) -> Com_1(eval_start_stop(v_x - 4, v_y - 4, v_x, v_y)) [ v_x > 0 /\ v_x - 1 >= 0 /\ v_y > 0 /\ v_y - 1 >= 0 /\ v_x - 1 > 0 /\ v_x - 2 >= 0 /\ v_y - 1 > 0 /\ v_y - 2 >= 0 /\ v_x - 2 > 0 /\ v_x - 3 >= 0 /\ v_y - 2 > 0 /\ v_y - 3 >= 0 /\ v_x - 3 > 0 /\ v_x - 4 >= 0 /\ v_y - 3 > 0 /\ v_y - 4 >= 0 /\ v_x - 4 <= 0 /\ -v_x + 4 >= 0 ]
We thus obtain the following problem:
21:	T:
		(1, 19)    eval_start_7(v_.0, v_.01, v_x, v_y) -> Com_1(eval_start_bb1_in(v_y - 4, v_x - 5, v_x, v_y)) [ v_x > 0 /\ v_x - 1 >= 0 /\ v_y > 0 /\ v_y - 1 >= 0 /\ v_x - 1 > 0 /\ v_x - 2 >= 0 /\ v_y - 1 > 0 /\ v_y - 2 >= 0 /\ v_x - 2 > 0 /\ v_x - 3 >= 0 /\ v_y - 2 > 0 /\ v_y - 3 >= 0 /\ v_x - 3 > 0 /\ v_x - 4 >= 0 /\ v_y - 3 > 0 /\ v_y - 4 >= 0 /\ v_x - 4 > 0 /\ v_x - 5 >= 0 ]
		(1, 19)    eval_start_7(v_.0, v_.01, v_x, v_y) -> Com_1(eval_start_stop(v_x - 4, v_y - 4, v_x, v_y)) [ v_x > 0 /\ v_x - 1 >= 0 /\ v_y > 0 /\ v_y - 1 >= 0 /\ v_x - 1 > 0 /\ v_x - 2 >= 0 /\ v_y - 1 > 0 /\ v_y - 2 >= 0 /\ v_x - 2 > 0 /\ v_x - 3 >= 0 /\ v_y - 2 > 0 /\ v_y - 3 >= 0 /\ v_x - 3 > 0 /\ v_x - 4 >= 0 /\ v_y - 3 > 0 /\ v_y - 4 >= 0 /\ v_x - 4 <= 0 /\ -v_x + 4 >= 0 ]
		(1, 17)    eval_start_7(v_.0, v_.01, v_x, v_y) -> Com_1(eval_start_stop(v_y - 3, v_x - 4, v_x, v_y)) [ v_x > 0 /\ v_x - 1 >= 0 /\ v_y > 0 /\ v_y - 1 >= 0 /\ v_x - 1 > 0 /\ v_x - 2 >= 0 /\ v_y - 1 > 0 /\ v_y - 2 >= 0 /\ v_x - 2 > 0 /\ v_x - 3 >= 0 /\ v_y - 2 > 0 /\ v_y - 3 >= 0 /\ v_x - 3 > 0 /\ v_x - 4 >= 0 /\ v_y - 3 <= 0 /\ -v_y + 3 >= 0 ]
		(1, 15)    eval_start_7(v_.0, v_.01, v_x, v_y) -> Com_1(eval_start_stop(v_x - 3, v_y - 3, v_x, v_y)) [ v_x > 0 /\ v_x - 1 >= 0 /\ v_y > 0 /\ v_y - 1 >= 0 /\ v_x - 1 > 0 /\ v_x - 2 >= 0 /\ v_y - 1 > 0 /\ v_y - 2 >= 0 /\ v_x - 2 > 0 /\ v_x - 3 >= 0 /\ v_y - 2 > 0 /\ v_y - 3 >= 0 /\ v_x - 3 <= 0 /\ -v_x + 3 >= 0 ]
		(1, 13)    eval_start_7(v_.0, v_.01, v_x, v_y) -> Com_1(eval_start_stop(v_y - 2, v_x - 3, v_x, v_y)) [ v_x > 0 /\ v_x - 1 >= 0 /\ v_y > 0 /\ v_y - 1 >= 0 /\ v_x - 1 > 0 /\ v_x - 2 >= 0 /\ v_y - 1 > 0 /\ v_y - 2 >= 0 /\ v_x - 2 > 0 /\ v_x - 3 >= 0 /\ v_y - 2 <= 0 /\ -v_y + 2 >= 0 ]
		(1, 11)    eval_start_7(v_.0, v_.01, v_x, v_y) -> Com_1(eval_start_stop(v_x - 2, v_y - 2, v_x, v_y)) [ v_x > 0 /\ v_x - 1 >= 0 /\ v_y > 0 /\ v_y - 1 >= 0 /\ v_x - 1 > 0 /\ v_x - 2 >= 0 /\ v_y - 1 > 0 /\ v_y - 2 >= 0 /\ v_x - 2 <= 0 /\ -v_x + 2 >= 0 ]
		(1, 9)     eval_start_7(v_.0, v_.01, v_x, v_y) -> Com_1(eval_start_stop(v_y - 1, v_x - 2, v_x, v_y)) [ v_x > 0 /\ v_x - 1 >= 0 /\ v_y > 0 /\ v_y - 1 >= 0 /\ v_x - 1 > 0 /\ v_x - 2 >= 0 /\ v_y - 1 <= 0 /\ -v_y + 1 >= 0 ]
		(1, 7)     eval_start_7(v_.0, v_.01, v_x, v_y) -> Com_1(eval_start_stop(v_x - 1, v_y - 1, v_x, v_y)) [ v_x > 0 /\ v_x - 1 >= 0 /\ v_y > 0 /\ v_y - 1 >= 0 /\ v_x - 1 <= 0 /\ -v_x + 1 >= 0 ]
		(1, 5)     eval_start_7(v_.0, v_.01, v_x, v_y) -> Com_1(eval_start_stop(v_y, v_x - 1, v_x, v_y)) [ v_x > 0 /\ v_x - 1 >= 0 /\ v_y <= 0 /\ -v_y >= 0 ]
		(1, 3)     eval_start_7(v_.0, v_.01, v_x, v_y) -> Com_1(eval_start_stop(v_x, v_y, v_x, v_y)) [ v_x <= 0 /\ -v_x >= 0 ]
		(?, 2)     eval_start_bb1_in(v_.0, v_.01, v_x, v_y) -> Com_1(eval_start_bb1_in(v_.01, v_.0 - 1, v_x, v_y)) [ v_.0 > 0 /\ v_.0 - 1 >= 0 ]
		(2, 2)     eval_start_bb1_in(v_.0, v_.01, v_x, v_y) -> Com_1(eval_start_stop(v_.0, v_.01, v_x, v_y)) [ v_.0 <= 0 /\ -v_.0 >= 0 ]
		(1, 1)     eval_start_6(v_.0, v_.01, v_x, v_y) -> Com_2(eval_llvm.dbg.value_start(v_.0, v_.01, v_x, v_y), eval_start_7(v_.0, v_.01, v_x, v_y))
		(1, 1)     eval_start_5(v_.0, v_.01, v_x, v_y) -> Com_2(eval_llvm.dbg.value_start(v_.0, v_.01, v_x, v_y), eval_start_6(v_.0, v_.01, v_x, v_y))
		(1, 1)     eval_start_4(v_.0, v_.01, v_x, v_y) -> Com_2(eval_llvm.dbg.value_start(v_.0, v_.01, v_x, v_y), eval_start_5(v_.0, v_.01, v_x, v_y))
		(1, 1)     eval_start_3(v_.0, v_.01, v_x, v_y) -> Com_2(eval_llvm.dbg.value_start(v_.0, v_.01, v_x, v_y), eval_start_4(v_.0, v_.01, v_x, v_y))
		(1, 1)     eval_start_2(v_.0, v_.01, v_x, v_y) -> Com_2(eval_llvm.dbg.value_start(v_.0, v_.01, v_x, v_y), eval_start_3(v_.0, v_.01, v_x, v_y))
		(1, 1)     eval_start_1(v_.0, v_.01, v_x, v_y) -> Com_2(eval_llvm.dbg.value_start(v_.0, v_.01, v_x, v_y), eval_start_2(v_.0, v_.01, v_x, v_y))
		(1, 3)     eval_start_start(v_.0, v_.01, v_x, v_y) -> Com_2(eval_llvm.dbg.value_start(v_.0, v_.01, v_x, v_y), eval_start_1(v_.0, v_.01, v_x, v_y))
	start location:	eval_start_start
	leaf cost:	0

By chaining the transition eval_start_7(v_.0, v_.01, v_x, v_y) -> Com_1(eval_start_bb1_in(v_y - 4, v_x - 5, v_x, v_y)) [ v_x > 0 /\ v_x - 1 >= 0 /\ v_y > 0 /\ v_y - 1 >= 0 /\ v_x - 1 > 0 /\ v_x - 2 >= 0 /\ v_y - 1 > 0 /\ v_y - 2 >= 0 /\ v_x - 2 > 0 /\ v_x - 3 >= 0 /\ v_y - 2 > 0 /\ v_y - 3 >= 0 /\ v_x - 3 > 0 /\ v_x - 4 >= 0 /\ v_y - 3 > 0 /\ v_y - 4 >= 0 /\ v_x - 4 > 0 /\ v_x - 5 >= 0 ] with all transitions in problem 21, the following new transitions are obtained:
	eval_start_7(v_.0, v_.01, v_x, v_y) -> Com_1(eval_start_bb1_in(v_x - 5, v_y - 5, v_x, v_y)) [ v_x > 0 /\ v_x - 1 >= 0 /\ v_y > 0 /\ v_y - 1 >= 0 /\ v_x - 1 > 0 /\ v_x - 2 >= 0 /\ v_y - 1 > 0 /\ v_y - 2 >= 0 /\ v_x - 2 > 0 /\ v_x - 3 >= 0 /\ v_y - 2 > 0 /\ v_y - 3 >= 0 /\ v_x - 3 > 0 /\ v_x - 4 >= 0 /\ v_y - 3 > 0 /\ v_y - 4 >= 0 /\ v_x - 4 > 0 /\ v_x - 5 >= 0 /\ v_y - 4 > 0 /\ v_y - 5 >= 0 ]
	eval_start_7(v_.0, v_.01, v_x, v_y) -> Com_1(eval_start_stop(v_y - 4, v_x - 5, v_x, v_y)) [ v_x > 0 /\ v_x - 1 >= 0 /\ v_y > 0 /\ v_y - 1 >= 0 /\ v_x - 1 > 0 /\ v_x - 2 >= 0 /\ v_y - 1 > 0 /\ v_y - 2 >= 0 /\ v_x - 2 > 0 /\ v_x - 3 >= 0 /\ v_y - 2 > 0 /\ v_y - 3 >= 0 /\ v_x - 3 > 0 /\ v_x - 4 >= 0 /\ v_y - 3 > 0 /\ v_y - 4 >= 0 /\ v_x - 4 > 0 /\ v_x - 5 >= 0 /\ v_y - 4 <= 0 /\ -v_y + 4 >= 0 ]
We thus obtain the following problem:
22:	T:
		(1, 21)    eval_start_7(v_.0, v_.01, v_x, v_y) -> Com_1(eval_start_bb1_in(v_x - 5, v_y - 5, v_x, v_y)) [ v_x > 0 /\ v_x - 1 >= 0 /\ v_y > 0 /\ v_y - 1 >= 0 /\ v_x - 1 > 0 /\ v_x - 2 >= 0 /\ v_y - 1 > 0 /\ v_y - 2 >= 0 /\ v_x - 2 > 0 /\ v_x - 3 >= 0 /\ v_y - 2 > 0 /\ v_y - 3 >= 0 /\ v_x - 3 > 0 /\ v_x - 4 >= 0 /\ v_y - 3 > 0 /\ v_y - 4 >= 0 /\ v_x - 4 > 0 /\ v_x - 5 >= 0 /\ v_y - 4 > 0 /\ v_y - 5 >= 0 ]
		(1, 21)    eval_start_7(v_.0, v_.01, v_x, v_y) -> Com_1(eval_start_stop(v_y - 4, v_x - 5, v_x, v_y)) [ v_x > 0 /\ v_x - 1 >= 0 /\ v_y > 0 /\ v_y - 1 >= 0 /\ v_x - 1 > 0 /\ v_x - 2 >= 0 /\ v_y - 1 > 0 /\ v_y - 2 >= 0 /\ v_x - 2 > 0 /\ v_x - 3 >= 0 /\ v_y - 2 > 0 /\ v_y - 3 >= 0 /\ v_x - 3 > 0 /\ v_x - 4 >= 0 /\ v_y - 3 > 0 /\ v_y - 4 >= 0 /\ v_x - 4 > 0 /\ v_x - 5 >= 0 /\ v_y - 4 <= 0 /\ -v_y + 4 >= 0 ]
		(1, 19)    eval_start_7(v_.0, v_.01, v_x, v_y) -> Com_1(eval_start_stop(v_x - 4, v_y - 4, v_x, v_y)) [ v_x > 0 /\ v_x - 1 >= 0 /\ v_y > 0 /\ v_y - 1 >= 0 /\ v_x - 1 > 0 /\ v_x - 2 >= 0 /\ v_y - 1 > 0 /\ v_y - 2 >= 0 /\ v_x - 2 > 0 /\ v_x - 3 >= 0 /\ v_y - 2 > 0 /\ v_y - 3 >= 0 /\ v_x - 3 > 0 /\ v_x - 4 >= 0 /\ v_y - 3 > 0 /\ v_y - 4 >= 0 /\ v_x - 4 <= 0 /\ -v_x + 4 >= 0 ]
		(1, 17)    eval_start_7(v_.0, v_.01, v_x, v_y) -> Com_1(eval_start_stop(v_y - 3, v_x - 4, v_x, v_y)) [ v_x > 0 /\ v_x - 1 >= 0 /\ v_y > 0 /\ v_y - 1 >= 0 /\ v_x - 1 > 0 /\ v_x - 2 >= 0 /\ v_y - 1 > 0 /\ v_y - 2 >= 0 /\ v_x - 2 > 0 /\ v_x - 3 >= 0 /\ v_y - 2 > 0 /\ v_y - 3 >= 0 /\ v_x - 3 > 0 /\ v_x - 4 >= 0 /\ v_y - 3 <= 0 /\ -v_y + 3 >= 0 ]
		(1, 15)    eval_start_7(v_.0, v_.01, v_x, v_y) -> Com_1(eval_start_stop(v_x - 3, v_y - 3, v_x, v_y)) [ v_x > 0 /\ v_x - 1 >= 0 /\ v_y > 0 /\ v_y - 1 >= 0 /\ v_x - 1 > 0 /\ v_x - 2 >= 0 /\ v_y - 1 > 0 /\ v_y - 2 >= 0 /\ v_x - 2 > 0 /\ v_x - 3 >= 0 /\ v_y - 2 > 0 /\ v_y - 3 >= 0 /\ v_x - 3 <= 0 /\ -v_x + 3 >= 0 ]
		(1, 13)    eval_start_7(v_.0, v_.01, v_x, v_y) -> Com_1(eval_start_stop(v_y - 2, v_x - 3, v_x, v_y)) [ v_x > 0 /\ v_x - 1 >= 0 /\ v_y > 0 /\ v_y - 1 >= 0 /\ v_x - 1 > 0 /\ v_x - 2 >= 0 /\ v_y - 1 > 0 /\ v_y - 2 >= 0 /\ v_x - 2 > 0 /\ v_x - 3 >= 0 /\ v_y - 2 <= 0 /\ -v_y + 2 >= 0 ]
		(1, 11)    eval_start_7(v_.0, v_.01, v_x, v_y) -> Com_1(eval_start_stop(v_x - 2, v_y - 2, v_x, v_y)) [ v_x > 0 /\ v_x - 1 >= 0 /\ v_y > 0 /\ v_y - 1 >= 0 /\ v_x - 1 > 0 /\ v_x - 2 >= 0 /\ v_y - 1 > 0 /\ v_y - 2 >= 0 /\ v_x - 2 <= 0 /\ -v_x + 2 >= 0 ]
		(1, 9)     eval_start_7(v_.0, v_.01, v_x, v_y) -> Com_1(eval_start_stop(v_y - 1, v_x - 2, v_x, v_y)) [ v_x > 0 /\ v_x - 1 >= 0 /\ v_y > 0 /\ v_y - 1 >= 0 /\ v_x - 1 > 0 /\ v_x - 2 >= 0 /\ v_y - 1 <= 0 /\ -v_y + 1 >= 0 ]
		(1, 7)     eval_start_7(v_.0, v_.01, v_x, v_y) -> Com_1(eval_start_stop(v_x - 1, v_y - 1, v_x, v_y)) [ v_x > 0 /\ v_x - 1 >= 0 /\ v_y > 0 /\ v_y - 1 >= 0 /\ v_x - 1 <= 0 /\ -v_x + 1 >= 0 ]
		(1, 5)     eval_start_7(v_.0, v_.01, v_x, v_y) -> Com_1(eval_start_stop(v_y, v_x - 1, v_x, v_y)) [ v_x > 0 /\ v_x - 1 >= 0 /\ v_y <= 0 /\ -v_y >= 0 ]
		(1, 3)     eval_start_7(v_.0, v_.01, v_x, v_y) -> Com_1(eval_start_stop(v_x, v_y, v_x, v_y)) [ v_x <= 0 /\ -v_x >= 0 ]
		(?, 2)     eval_start_bb1_in(v_.0, v_.01, v_x, v_y) -> Com_1(eval_start_bb1_in(v_.01, v_.0 - 1, v_x, v_y)) [ v_.0 > 0 /\ v_.0 - 1 >= 0 ]
		(2, 2)     eval_start_bb1_in(v_.0, v_.01, v_x, v_y) -> Com_1(eval_start_stop(v_.0, v_.01, v_x, v_y)) [ v_.0 <= 0 /\ -v_.0 >= 0 ]
		(1, 1)     eval_start_6(v_.0, v_.01, v_x, v_y) -> Com_2(eval_llvm.dbg.value_start(v_.0, v_.01, v_x, v_y), eval_start_7(v_.0, v_.01, v_x, v_y))
		(1, 1)     eval_start_5(v_.0, v_.01, v_x, v_y) -> Com_2(eval_llvm.dbg.value_start(v_.0, v_.01, v_x, v_y), eval_start_6(v_.0, v_.01, v_x, v_y))
		(1, 1)     eval_start_4(v_.0, v_.01, v_x, v_y) -> Com_2(eval_llvm.dbg.value_start(v_.0, v_.01, v_x, v_y), eval_start_5(v_.0, v_.01, v_x, v_y))
		(1, 1)     eval_start_3(v_.0, v_.01, v_x, v_y) -> Com_2(eval_llvm.dbg.value_start(v_.0, v_.01, v_x, v_y), eval_start_4(v_.0, v_.01, v_x, v_y))
		(1, 1)     eval_start_2(v_.0, v_.01, v_x, v_y) -> Com_2(eval_llvm.dbg.value_start(v_.0, v_.01, v_x, v_y), eval_start_3(v_.0, v_.01, v_x, v_y))
		(1, 1)     eval_start_1(v_.0, v_.01, v_x, v_y) -> Com_2(eval_llvm.dbg.value_start(v_.0, v_.01, v_x, v_y), eval_start_2(v_.0, v_.01, v_x, v_y))
		(1, 3)     eval_start_start(v_.0, v_.01, v_x, v_y) -> Com_2(eval_llvm.dbg.value_start(v_.0, v_.01, v_x, v_y), eval_start_1(v_.0, v_.01, v_x, v_y))
	start location:	eval_start_start
	leaf cost:	0

By chaining the transition eval_start_7(v_.0, v_.01, v_x, v_y) -> Com_1(eval_start_bb1_in(v_x - 5, v_y - 5, v_x, v_y)) [ v_x > 0 /\ v_x - 1 >= 0 /\ v_y > 0 /\ v_y - 1 >= 0 /\ v_x - 1 > 0 /\ v_x - 2 >= 0 /\ v_y - 1 > 0 /\ v_y - 2 >= 0 /\ v_x - 2 > 0 /\ v_x - 3 >= 0 /\ v_y - 2 > 0 /\ v_y - 3 >= 0 /\ v_x - 3 > 0 /\ v_x - 4 >= 0 /\ v_y - 3 > 0 /\ v_y - 4 >= 0 /\ v_x - 4 > 0 /\ v_x - 5 >= 0 /\ v_y - 4 > 0 /\ v_y - 5 >= 0 ] with all transitions in problem 22, the following new transitions are obtained:
	eval_start_7(v_.0, v_.01, v_x, v_y) -> Com_1(eval_start_bb1_in(v_y - 5, v_x - 6, v_x, v_y)) [ v_x > 0 /\ v_x - 1 >= 0 /\ v_y > 0 /\ v_y - 1 >= 0 /\ v_x - 1 > 0 /\ v_x - 2 >= 0 /\ v_y - 1 > 0 /\ v_y - 2 >= 0 /\ v_x - 2 > 0 /\ v_x - 3 >= 0 /\ v_y - 2 > 0 /\ v_y - 3 >= 0 /\ v_x - 3 > 0 /\ v_x - 4 >= 0 /\ v_y - 3 > 0 /\ v_y - 4 >= 0 /\ v_x - 4 > 0 /\ v_x - 5 >= 0 /\ v_y - 4 > 0 /\ v_y - 5 >= 0 /\ v_x - 5 > 0 /\ v_x - 6 >= 0 ]
	eval_start_7(v_.0, v_.01, v_x, v_y) -> Com_1(eval_start_stop(v_x - 5, v_y - 5, v_x, v_y)) [ v_x > 0 /\ v_x - 1 >= 0 /\ v_y > 0 /\ v_y - 1 >= 0 /\ v_x - 1 > 0 /\ v_x - 2 >= 0 /\ v_y - 1 > 0 /\ v_y - 2 >= 0 /\ v_x - 2 > 0 /\ v_x - 3 >= 0 /\ v_y - 2 > 0 /\ v_y - 3 >= 0 /\ v_x - 3 > 0 /\ v_x - 4 >= 0 /\ v_y - 3 > 0 /\ v_y - 4 >= 0 /\ v_x - 4 > 0 /\ v_x - 5 >= 0 /\ v_y - 4 > 0 /\ v_y - 5 >= 0 /\ v_x - 5 <= 0 /\ -v_x + 5 >= 0 ]
We thus obtain the following problem:
23:	T:
		(1, 23)    eval_start_7(v_.0, v_.01, v_x, v_y) -> Com_1(eval_start_bb1_in(v_y - 5, v_x - 6, v_x, v_y)) [ v_x > 0 /\ v_x - 1 >= 0 /\ v_y > 0 /\ v_y - 1 >= 0 /\ v_x - 1 > 0 /\ v_x - 2 >= 0 /\ v_y - 1 > 0 /\ v_y - 2 >= 0 /\ v_x - 2 > 0 /\ v_x - 3 >= 0 /\ v_y - 2 > 0 /\ v_y - 3 >= 0 /\ v_x - 3 > 0 /\ v_x - 4 >= 0 /\ v_y - 3 > 0 /\ v_y - 4 >= 0 /\ v_x - 4 > 0 /\ v_x - 5 >= 0 /\ v_y - 4 > 0 /\ v_y - 5 >= 0 /\ v_x - 5 > 0 /\ v_x - 6 >= 0 ]
		(1, 23)    eval_start_7(v_.0, v_.01, v_x, v_y) -> Com_1(eval_start_stop(v_x - 5, v_y - 5, v_x, v_y)) [ v_x > 0 /\ v_x - 1 >= 0 /\ v_y > 0 /\ v_y - 1 >= 0 /\ v_x - 1 > 0 /\ v_x - 2 >= 0 /\ v_y - 1 > 0 /\ v_y - 2 >= 0 /\ v_x - 2 > 0 /\ v_x - 3 >= 0 /\ v_y - 2 > 0 /\ v_y - 3 >= 0 /\ v_x - 3 > 0 /\ v_x - 4 >= 0 /\ v_y - 3 > 0 /\ v_y - 4 >= 0 /\ v_x - 4 > 0 /\ v_x - 5 >= 0 /\ v_y - 4 > 0 /\ v_y - 5 >= 0 /\ v_x - 5 <= 0 /\ -v_x + 5 >= 0 ]
		(1, 21)    eval_start_7(v_.0, v_.01, v_x, v_y) -> Com_1(eval_start_stop(v_y - 4, v_x - 5, v_x, v_y)) [ v_x > 0 /\ v_x - 1 >= 0 /\ v_y > 0 /\ v_y - 1 >= 0 /\ v_x - 1 > 0 /\ v_x - 2 >= 0 /\ v_y - 1 > 0 /\ v_y - 2 >= 0 /\ v_x - 2 > 0 /\ v_x - 3 >= 0 /\ v_y - 2 > 0 /\ v_y - 3 >= 0 /\ v_x - 3 > 0 /\ v_x - 4 >= 0 /\ v_y - 3 > 0 /\ v_y - 4 >= 0 /\ v_x - 4 > 0 /\ v_x - 5 >= 0 /\ v_y - 4 <= 0 /\ -v_y + 4 >= 0 ]
		(1, 19)    eval_start_7(v_.0, v_.01, v_x, v_y) -> Com_1(eval_start_stop(v_x - 4, v_y - 4, v_x, v_y)) [ v_x > 0 /\ v_x - 1 >= 0 /\ v_y > 0 /\ v_y - 1 >= 0 /\ v_x - 1 > 0 /\ v_x - 2 >= 0 /\ v_y - 1 > 0 /\ v_y - 2 >= 0 /\ v_x - 2 > 0 /\ v_x - 3 >= 0 /\ v_y - 2 > 0 /\ v_y - 3 >= 0 /\ v_x - 3 > 0 /\ v_x - 4 >= 0 /\ v_y - 3 > 0 /\ v_y - 4 >= 0 /\ v_x - 4 <= 0 /\ -v_x + 4 >= 0 ]
		(1, 17)    eval_start_7(v_.0, v_.01, v_x, v_y) -> Com_1(eval_start_stop(v_y - 3, v_x - 4, v_x, v_y)) [ v_x > 0 /\ v_x - 1 >= 0 /\ v_y > 0 /\ v_y - 1 >= 0 /\ v_x - 1 > 0 /\ v_x - 2 >= 0 /\ v_y - 1 > 0 /\ v_y - 2 >= 0 /\ v_x - 2 > 0 /\ v_x - 3 >= 0 /\ v_y - 2 > 0 /\ v_y - 3 >= 0 /\ v_x - 3 > 0 /\ v_x - 4 >= 0 /\ v_y - 3 <= 0 /\ -v_y + 3 >= 0 ]
		(1, 15)    eval_start_7(v_.0, v_.01, v_x, v_y) -> Com_1(eval_start_stop(v_x - 3, v_y - 3, v_x, v_y)) [ v_x > 0 /\ v_x - 1 >= 0 /\ v_y > 0 /\ v_y - 1 >= 0 /\ v_x - 1 > 0 /\ v_x - 2 >= 0 /\ v_y - 1 > 0 /\ v_y - 2 >= 0 /\ v_x - 2 > 0 /\ v_x - 3 >= 0 /\ v_y - 2 > 0 /\ v_y - 3 >= 0 /\ v_x - 3 <= 0 /\ -v_x + 3 >= 0 ]
		(1, 13)    eval_start_7(v_.0, v_.01, v_x, v_y) -> Com_1(eval_start_stop(v_y - 2, v_x - 3, v_x, v_y)) [ v_x > 0 /\ v_x - 1 >= 0 /\ v_y > 0 /\ v_y - 1 >= 0 /\ v_x - 1 > 0 /\ v_x - 2 >= 0 /\ v_y - 1 > 0 /\ v_y - 2 >= 0 /\ v_x - 2 > 0 /\ v_x - 3 >= 0 /\ v_y - 2 <= 0 /\ -v_y + 2 >= 0 ]
		(1, 11)    eval_start_7(v_.0, v_.01, v_x, v_y) -> Com_1(eval_start_stop(v_x - 2, v_y - 2, v_x, v_y)) [ v_x > 0 /\ v_x - 1 >= 0 /\ v_y > 0 /\ v_y - 1 >= 0 /\ v_x - 1 > 0 /\ v_x - 2 >= 0 /\ v_y - 1 > 0 /\ v_y - 2 >= 0 /\ v_x - 2 <= 0 /\ -v_x + 2 >= 0 ]
		(1, 9)     eval_start_7(v_.0, v_.01, v_x, v_y) -> Com_1(eval_start_stop(v_y - 1, v_x - 2, v_x, v_y)) [ v_x > 0 /\ v_x - 1 >= 0 /\ v_y > 0 /\ v_y - 1 >= 0 /\ v_x - 1 > 0 /\ v_x - 2 >= 0 /\ v_y - 1 <= 0 /\ -v_y + 1 >= 0 ]
		(1, 7)     eval_start_7(v_.0, v_.01, v_x, v_y) -> Com_1(eval_start_stop(v_x - 1, v_y - 1, v_x, v_y)) [ v_x > 0 /\ v_x - 1 >= 0 /\ v_y > 0 /\ v_y - 1 >= 0 /\ v_x - 1 <= 0 /\ -v_x + 1 >= 0 ]
		(1, 5)     eval_start_7(v_.0, v_.01, v_x, v_y) -> Com_1(eval_start_stop(v_y, v_x - 1, v_x, v_y)) [ v_x > 0 /\ v_x - 1 >= 0 /\ v_y <= 0 /\ -v_y >= 0 ]
		(1, 3)     eval_start_7(v_.0, v_.01, v_x, v_y) -> Com_1(eval_start_stop(v_x, v_y, v_x, v_y)) [ v_x <= 0 /\ -v_x >= 0 ]
		(?, 2)     eval_start_bb1_in(v_.0, v_.01, v_x, v_y) -> Com_1(eval_start_bb1_in(v_.01, v_.0 - 1, v_x, v_y)) [ v_.0 > 0 /\ v_.0 - 1 >= 0 ]
		(2, 2)     eval_start_bb1_in(v_.0, v_.01, v_x, v_y) -> Com_1(eval_start_stop(v_.0, v_.01, v_x, v_y)) [ v_.0 <= 0 /\ -v_.0 >= 0 ]
		(1, 1)     eval_start_6(v_.0, v_.01, v_x, v_y) -> Com_2(eval_llvm.dbg.value_start(v_.0, v_.01, v_x, v_y), eval_start_7(v_.0, v_.01, v_x, v_y))
		(1, 1)     eval_start_5(v_.0, v_.01, v_x, v_y) -> Com_2(eval_llvm.dbg.value_start(v_.0, v_.01, v_x, v_y), eval_start_6(v_.0, v_.01, v_x, v_y))
		(1, 1)     eval_start_4(v_.0, v_.01, v_x, v_y) -> Com_2(eval_llvm.dbg.value_start(v_.0, v_.01, v_x, v_y), eval_start_5(v_.0, v_.01, v_x, v_y))
		(1, 1)     eval_start_3(v_.0, v_.01, v_x, v_y) -> Com_2(eval_llvm.dbg.value_start(v_.0, v_.01, v_x, v_y), eval_start_4(v_.0, v_.01, v_x, v_y))
		(1, 1)     eval_start_2(v_.0, v_.01, v_x, v_y) -> Com_2(eval_llvm.dbg.value_start(v_.0, v_.01, v_x, v_y), eval_start_3(v_.0, v_.01, v_x, v_y))
		(1, 1)     eval_start_1(v_.0, v_.01, v_x, v_y) -> Com_2(eval_llvm.dbg.value_start(v_.0, v_.01, v_x, v_y), eval_start_2(v_.0, v_.01, v_x, v_y))
		(1, 3)     eval_start_start(v_.0, v_.01, v_x, v_y) -> Com_2(eval_llvm.dbg.value_start(v_.0, v_.01, v_x, v_y), eval_start_1(v_.0, v_.01, v_x, v_y))
	start location:	eval_start_start
	leaf cost:	0

Complexity upper bound ?

Time: 4.131 sec (SMT: 2.995 sec)
