Warning: Ignored call to eval_start_stop/1 in equation eval_start_bb6_in/1 

Preprocessing Cost Relations
=====================================

#### Computed strongly connected components 
0. recursive  : [eval_start_bb4_in/8,eval_start_bb5_in/8]
1. recursive  : [eval_start_7/4,eval_start_8/5,eval_start_bb1_in/3,eval_start_bb2_in/3,eval_start_bb3_in/5,loop_cont_eval_start_bb4_in/4]
2. non_recursive  : [eval_start_bb6_in/1]
3. non_recursive  : [loop_cont_eval_start_bb1_in/2]
4. non_recursive  : [eval_start_5/3]
5. non_recursive  : [eval_start_4/3]
6. non_recursive  : [eval_start_3/3]
7. non_recursive  : [eval_start_2/3]
8. non_recursive  : [eval_start_1/3]
9. non_recursive  : [eval_start_0/3]
10. non_recursive  : [eval_start_bb0_in/3]
11. non_recursive  : [eval_start_start/3]

#### Obtained direct recursion through partial evaluation 
0. SCC is partially evaluated into eval_start_bb4_in/8
1. SCC is partially evaluated into eval_start_bb1_in/3
2. SCC is completely evaluated into other SCCs
3. SCC is completely evaluated into other SCCs
4. SCC is partially evaluated into eval_start_5/3
5. SCC is completely evaluated into other SCCs
6. SCC is completely evaluated into other SCCs
7. SCC is completely evaluated into other SCCs
8. SCC is completely evaluated into other SCCs
9. SCC is completely evaluated into other SCCs
10. SCC is completely evaluated into other SCCs
11. SCC is partially evaluated into eval_start_start/3

Control-Flow Refinement of Cost Relations
=====================================

### Specialization of cost equations eval_start_bb4_in/8 
* CE 7 is refined into CE [8] 
* CE 6 is refined into CE [9] 


#### Refined cost equations eval_start_bb4_in/8 
* CE 8: eval_start_bb4_in(A,B,C,D,E,F,E,C) = 0
     [A>=E,C>=0,0>=E,0>=D,C+1=B,F=2] 
* CE 9: eval_start_bb4_in(V__01,V__0,V_1,V_2,V__1,B,C,D) = 1+ eval_start_bb4_in(V__01,E,V_1,V_2,F,G,C,D)
     [V__01>=V__1,V__1>=1,V_1>=0,0>=V_2,V__1=F+1,V_1+1=E,V_1+1=V__0,G=2,B=2] 

### Cost equations --> "Loop" of eval_start_bb4_in/8 
* CEs [9] --> Loop 8 
* CEs [8] --> Loop 9 

#### Loops of eval_start_bb4_in/8 
* Loop 8: eval_start_bb4_in(V__01,V__0,V_1,V_2,V__1,B,C,D)->  eval_start_bb4_in(V__01,V__0',V_1,V_2,V__1',B',C,D)
                  [V__01>=V__1,V__1>=1,V_1>=0,0>=V_2,V__1=V__1'+1,V_1+1=V__0',V_1+1=V__0,B'=2,B=2] 
* Loop 9: eval_start_bb4_in(A,B,C,D,E,F,E,C) [A>=E,C>=0,0>=E,0>=D,C+1=B,F=2] 

### Ranking functions of CR eval_start_bb4_in(V__01,V__0,V_1,V_2,V__1,B,C,D) 
* RF of phase [8]: [V__1]

#### Partial ranking functions of CR eval_start_bb4_in(V__01,V__0,V_1,V_2,V__1,B,C,D) 
* Partial RF of phase [8]:
  - RF of loop [8:1]:
    V__1


### Resulting Chains:eval_start_bb4_in(V__01,V__0,V_1,V_2,V__1,B,C,D) 
* [[8],9]
* [9]


### Specialization of cost equations eval_start_bb1_in/3 
* CE 5 is refined into CE [10] 
* CE 4 is refined into CE [11,12] 
* CE 3 is refined into CE [13] 


#### Refined cost equations eval_start_bb1_in/3 
* CE 10: eval_start_bb1_in(V__01,V__0,B) = 0
     [0>=V__0,B=3] 
* CE 11: eval_start_bb1_in(V__01,V__0,B) = 2+ eval_start_bb4_in(V__01,C,D,E,V__01,F,G,D):[[8],9]+ eval_start_bb1_in(H,D,I)
     [V__01>=1,D>=0,0>=E,D+1=C,D+1=V__0,I=3,H=0,G=0,F=2,B=3] 
* CE 12: eval_start_bb1_in(V__01,V__0,B) = 2+ eval_start_bb4_in(V__01,C,D,E,V__01,F,V__01,D):[9]+ eval_start_bb1_in(V__01,D,G)
     [D>=0,0>=V__01,0>=E,D+1=C,D+1=V__0,G=3,F=2,B=3] 
* CE 13: eval_start_bb1_in(V__01,V__0,B) = 1+ eval_start_bb1_in(C,D,E)
     [V__0>=1,V__0=D+1,C=V__01+1,E=3,B=3] 

### Cost equations --> "Loop" of eval_start_bb1_in/3 
* CEs [13] --> Loop 10 
* CEs [12] --> Loop 11 
* CEs [11] --> Loop 12 
* CEs [10] --> Loop 13 

#### Loops of eval_start_bb1_in/3 
* Loop 10: eval_start_bb1_in(V__01,V__0,B)->  eval_start_bb1_in(V__01',V__0',B')
                  [V__0>=1,V__0=V__0'+1,V__01+1=V__01',B'=3,B=3] 
* Loop 11: eval_start_bb1_in(V__01,V__0,B)->  eval_start_bb1_in(V__01,V__0',B')
                  [V__0'>=0,0>=V__01,V__0'+1=V__0,B'=3,B=3] 
* Loop 12: eval_start_bb1_in(V__01,V__0,B)->  eval_start_bb1_in(V__01',V__0',B')
                  [V__0'>=0,V__01>=1,V__0'+1=V__0,B'=3,V__01'=0,B=3] 
* Loop 13: eval_start_bb1_in(V__01,V__0,B) [0>=V__0,B=3] 

### Ranking functions of CR eval_start_bb1_in(V__01,V__0,B) 
* RF of phase [10,11,12]: [V__0]

#### Partial ranking functions of CR eval_start_bb1_in(V__01,V__0,B) 
* Partial RF of phase [10,11,12]:
  - RF of loop [10:1,11:1,12:1]:
    V__0
  - RF of loop [12:1]:
    V__01 depends on loops [10:1] 


### Resulting Chains:eval_start_bb1_in(V__01,V__0,B) 
* [[10,11,12],13]
* [13]


### Specialization of cost equations eval_start_5/3 
* CE 2 is refined into CE [14,15] 


#### Refined cost equations eval_start_5/3 
* CE 14: eval_start_5(V_x,V_y,B) = 1+ eval_start_bb1_in(V_y,V_x,C):[[10,11,12],13]
     [V_x>=1,C=3] 
* CE 15: eval_start_5(V_x,V_y,B) = 1+ eval_start_bb1_in(V_y,V_x,C):[13]
     [0>=V_x,C=3] 

### Cost equations --> "Loop" of eval_start_5/3 
* CEs [14] --> Loop 14 
* CEs [15] --> Loop 15 

#### Loops of eval_start_5/3 
* Loop 14: eval_start_5(V_x,V_y,B) [V_x>=1] 
* Loop 15: eval_start_5(V_x,V_y,B) [0>=V_x] 

### Ranking functions of CR eval_start_5(V_x,V_y,B) 

#### Partial ranking functions of CR eval_start_5(V_x,V_y,B) 


### Resulting Chains:eval_start_5(V_x,V_y,B) 
* [15]
* [14]


### Specialization of cost equations eval_start_start/3 
* CE 1 is refined into CE [16,17] 


#### Refined cost equations eval_start_start/3 
* CE 16: eval_start_start(V_x,V_y,B) = 0+ eval_start_5(V_x,V_y,B):[15]
     [0>=V_x] 
* CE 17: eval_start_start(V_x,V_y,B) = 0+ eval_start_5(V_x,V_y,B):[14]
     [V_x>=1] 

### Cost equations --> "Loop" of eval_start_start/3 
* CEs [17] --> Loop 16 
* CEs [16] --> Loop 17 

#### Loops of eval_start_start/3 
* Loop 16: eval_start_start(V_x,V_y,B) [V_x>=1] 
* Loop 17: eval_start_start(V_x,V_y,B) [0>=V_x] 

### Ranking functions of CR eval_start_start(V_x,V_y,B) 

#### Partial ranking functions of CR eval_start_start(V_x,V_y,B) 


### Resulting Chains:eval_start_start(V_x,V_y,B) 
* [17]
* [16]


Computing Bounds
=====================================

#### Cost of loops [8] 

 * loop 8:eval_start_bb4_in(V__01,V__0,V_1,V_2,V__1,B,C,D) -> [eval_start_bb4_in(V__01',V__0',V_1',V_2',V__1',B',C',D')] 
1
#### Cost of phase [8]:eval_start_bb4_in(V__01,V__0,V_1,V_2,V__1,B,C,D) -> [eval_start_bb4_in(V__01',V__0',V_1',V_2',V__1',B',C',D')] 
1*it(8)+0
  Such that:it(8) =< V__1
it(8) =< V__1-V__1'

#### Cost of chains of eval_start_bb4_in(V__01,V__0,V_1,V_2,V__1,B,C,D):
* Chain [[8],9]: 1*it(8)+0
  Such that:it(8) =< V__1

  with precondition: [B=2,C=0,V__0=V_1+1,V__0=D+1,0>=V_2,V__0>=1,V__1>=1,V__01>=V__1] 

* Chain [9]: 0
  with precondition: [B=2,V__0=V_1+1,V__1=C,V__0=D+1,0>=V_2,0>=V__1,V__0>=1,V__01>=V__1] 


#### Cost of loops [10,11,12] 

 * loop 10:eval_start_bb1_in(V__01,V__0,B) -> [eval_start_bb1_in(V__01',V__0',B')] 
1
 * loop 11:eval_start_bb1_in(V__01,V__0,B) -> [eval_start_bb1_in(V__01',V__0',B')] 
2
 * loop 12:eval_start_bb1_in(V__01,V__0,B) -> [eval_start_bb1_in(V__01',V__0',B')] 
1*s(2)+2
  Such that:s(2) =< V__01

#### Cost of phase [10,11,12]:eval_start_bb1_in(V__01,V__0,B) -> [eval_start_bb1_in(V__01',V__0',B')] 
3*it(10)+2*it(12)+1*s(3)+0
  Such that:aux(5) =< V__01+V__0
aux(6) =< V__01
aux(7) =< V__01-V__01'
aux(8) =< V__0
aux(9) =< V__0-V__0'
it(10) =< aux(8)
it(12) =< aux(8)
it(10) =< aux(9)
it(12) =< aux(9)
s(3) =< it(10)+aux(7)
s(3) =< it(10)+aux(6)
it(12) =< it(10)+aux(7)
it(12) =< it(10)+aux(6)
s(3) =< it(12)*aux(5)

#### Cost of chains of eval_start_bb1_in(V__01,V__0,B):
* Chain [[10,11,12],13]: 3*it(10)+2*it(12)+1*s(3)+0
  Such that:aux(6) =< V__01
aux(5) =< V__01+V__0
aux(10) =< V__0
it(10) =< aux(10)
it(12) =< aux(10)
s(3) =< it(10)+aux(6)
it(12) =< it(10)+aux(6)
s(3) =< it(12)*aux(5)

  with precondition: [B=3,V__0>=1] 

* Chain [13]: 0
  with precondition: [B=3,0>=V__0] 


#### Cost of chains of eval_start_5(V_x,V_y,B):
* Chain [15]: 1
  with precondition: [0>=V_x] 

* Chain [14]: 3*s(7)+2*s(8)+1*s(9)+1
  Such that:s(6) =< V_x
s(5) =< V_x+V_y
s(4) =< V_y
s(7) =< s(6)
s(8) =< s(6)
s(9) =< s(7)+s(4)
s(8) =< s(7)+s(4)
s(9) =< s(8)*s(5)

  with precondition: [V_x>=1] 


#### Cost of chains of eval_start_start(V_x,V_y,B):
* Chain [17]: 1
  with precondition: [0>=V_x] 

* Chain [16]: 3*s(13)+2*s(14)+1*s(15)+1
  Such that:s(10) =< V_x
s(11) =< V_x+V_y
s(12) =< V_y
s(13) =< s(10)
s(14) =< s(10)
s(15) =< s(13)+s(12)
s(14) =< s(13)+s(12)
s(15) =< s(14)*s(11)

  with precondition: [V_x>=1] 


Closed-form bounds of eval_start_start(V_x,V_y,B): 
-------------------------------------
* Chain [17] with precondition: [0>=V_x] 
    - Upper bound: 1 
    - Complexity: constant 
* Chain [16] with precondition: [V_x>=1] 
    - Upper bound: 6*V_x+1+nat(V_y) 
    - Complexity: n 

### Maximum cost of eval_start_start(V_x,V_y,B): nat(V_x)*6+nat(V_y)+1 
Asymptotic class: n 

Time statistics: 
-------------------------------------
* Partial evaluation computed in 16 ms.
* Invariants computed in 24 ms.
   - Backward Invariants 9 ms.
   - Transitive Invariants 7 ms.
* Refinement performed in 32 ms.
* Termination proved in 9 ms.
* Upper bounds computed in 44 ms.
   - Equation cost structures 13 ms.
   - Phase cost structures 25 ms.
   - Chain cost structures 10 ms.
   - Solving cost expressions 1 ms.
* Total analysis performed in 149 ms.

