Warning: Ignored call to eval_start_stop/1 in equation eval_start_bb6_in/1 

Preprocessing Cost Relations
=====================================

#### Computed strongly connected components 
0. recursive  : [eval_start_bb1_in/5,eval_start_bb2_in/5]
1. recursive  : [eval_start_bb4_in/2,eval_start_bb5_in/2]
2. non_recursive  : [eval_start_bb6_in/1]
3. non_recursive  : [loop_cont_eval_start_bb4_in/2]
4. non_recursive  : [eval_start_10/2]
5. non_recursive  : [eval_start_9/2]
6. non_recursive  : [eval_start_8/2]
7. non_recursive  : [eval_start_bb3_in/3]
8. non_recursive  : [loop_cont_eval_start_bb1_in/4]
9. non_recursive  : [eval_start_3/3]
10. non_recursive  : [eval_start_2/3]
11. non_recursive  : [eval_start_1/3]
12. non_recursive  : [eval_start_0/3]
13. non_recursive  : [eval_start_bb0_in/3]
14. non_recursive  : [eval_start_start/3]

#### Obtained direct recursion through partial evaluation 
0. SCC is partially evaluated into eval_start_bb1_in/5
1. SCC is partially evaluated into eval_start_bb4_in/2
2. SCC is completely evaluated into other SCCs
3. SCC is completely evaluated into other SCCs
4. SCC is partially evaluated into eval_start_10/2
5. SCC is completely evaluated into other SCCs
6. SCC is completely evaluated into other SCCs
7. SCC is completely evaluated into other SCCs
8. SCC is completely evaluated into other SCCs
9. SCC is partially evaluated into eval_start_3/3
10. SCC is completely evaluated into other SCCs
11. SCC is completely evaluated into other SCCs
12. SCC is completely evaluated into other SCCs
13. SCC is completely evaluated into other SCCs
14. SCC is partially evaluated into eval_start_start/3

Control-Flow Refinement of Cost Relations
=====================================

### Specialization of cost equations eval_start_bb1_in/5 
* CE 4 is refined into CE [8] 
* CE 3 is refined into CE [9] 


#### Refined cost equations eval_start_bb1_in/5 
* CE 8: eval_start_bb1_in(A,B,C,A,B) = 0
     [100>=B,C=3] 
* CE 9: eval_start_bb1_in(V_k,V__0,B,C,D) = 1+ eval_start_bb1_in(V_k,E,F,C,D)
     [V__0>=101,V__0=E+1,F=3,B=3] 

### Cost equations --> "Loop" of eval_start_bb1_in/5 
* CEs [9] --> Loop 8 
* CEs [8] --> Loop 9 

#### Loops of eval_start_bb1_in/5 
* Loop 8: eval_start_bb1_in(V_k,V__0,B,C,D)->  eval_start_bb1_in(V_k,V__0',B',C,D)
                  [V__0>=101,V__0=V__0'+1,B'=3,B=3] 
* Loop 9: eval_start_bb1_in(A,B,C,A,B) [100>=B,C=3] 

### Ranking functions of CR eval_start_bb1_in(V_k,V__0,B,C,D) 
* RF of phase [8]: [V__0-100]

#### Partial ranking functions of CR eval_start_bb1_in(V_k,V__0,B,C,D) 
* Partial RF of phase [8]:
  - RF of loop [8:1]:
    V__0-100


### Resulting Chains:eval_start_bb1_in(V_k,V__0,B,C,D) 
* [[8],9]
* [9]


### Specialization of cost equations eval_start_bb4_in/2 
* CE 7 is refined into CE [10] 
* CE 6 is refined into CE [11] 


#### Refined cost equations eval_start_bb4_in/2 
* CE 10: eval_start_bb4_in(V__1,B) = 0
     [0>=V__1+1,B=2] 
* CE 11: eval_start_bb4_in(V__1,B) = 1+ eval_start_bb4_in(C,D)
     [V__1>=0,V__1=C+1,D=2,B=2] 

### Cost equations --> "Loop" of eval_start_bb4_in/2 
* CEs [11] --> Loop 10 
* CEs [10] --> Loop 11 

#### Loops of eval_start_bb4_in/2 
* Loop 10: eval_start_bb4_in(V__1,B)->  eval_start_bb4_in(V__1',B')
                  [V__1>=0,V__1=V__1'+1,B'=2,B=2] 
* Loop 11: eval_start_bb4_in(V__1,B) [0>=V__1+1,B=2] 

### Ranking functions of CR eval_start_bb4_in(V__1,B) 
* RF of phase [10]: [V__1+1]

#### Partial ranking functions of CR eval_start_bb4_in(V__1,B) 
* Partial RF of phase [10]:
  - RF of loop [10:1]:
    V__1+1


### Resulting Chains:eval_start_bb4_in(V__1,B) 
* [[10],11]
* [11]


### Specialization of cost equations eval_start_10/2 
* CE 5 is refined into CE [12,13] 


#### Refined cost equations eval_start_10/2 
* CE 12: eval_start_10(V_3,B) = 1+ eval_start_bb4_in(V_3,C):[[10],11]
     [V_3>=0,C=2] 
* CE 13: eval_start_10(V_3,B) = 1+ eval_start_bb4_in(V_3,C):[11]
     [0>=V_3+1,C=2] 

### Cost equations --> "Loop" of eval_start_10/2 
* CEs [12] --> Loop 12 
* CEs [13] --> Loop 13 

#### Loops of eval_start_10/2 
* Loop 12: eval_start_10(V_3,B) [V_3>=0] 
* Loop 13: eval_start_10(V_3,B) [0>=V_3+1] 

### Ranking functions of CR eval_start_10(V_3,B) 

#### Partial ranking functions of CR eval_start_10(V_3,B) 


### Resulting Chains:eval_start_10(V_3,B) 
* [13]
* [12]


### Specialization of cost equations eval_start_3/3 
* CE 2 is refined into CE [14,15,16,17] 


#### Refined cost equations eval_start_3/3 
* CE 14: eval_start_3(V_i,V_k,B) = 1+ eval_start_bb1_in(C,V_i,D,E,F):[[8],9]+ eval_start_10(G,B):[13]
     [V_i>=101,0>=G+1,G=E+150,G=C+150,G=V_k+150,F=100,D=3] 
* CE 15: eval_start_3(V_i,V_k,B) = 1+ eval_start_bb1_in(C,V_i,D,E,F):[[8],9]+ eval_start_10(G,B):[12]
     [G>=0,V_i>=101,G=E+150,G=C+150,G=V_k+150,F=100,D=3] 
* CE 16: eval_start_3(V_i,V_k,B) = 1+ eval_start_bb1_in(V_k,C,D,V_k,E):[9]+ eval_start_10(F,B):[13]
     [V_k+150>=F,0>=F+1,F=V_k+E+50,F=V_k+C+50,F=V_i+V_k+50,D=3] 
* CE 17: eval_start_3(V_i,V_k,B) = 1+ eval_start_bb1_in(V_k,C,D,V_k,E):[9]+ eval_start_10(F,B):[12]
     [V_k+150>=F,F>=0,F=V_k+E+50,F=V_k+C+50,F=V_i+V_k+50,D=3] 

### Cost equations --> "Loop" of eval_start_3/3 
* CEs [15] --> Loop 14 
* CEs [14] --> Loop 15 
* CEs [17] --> Loop 16 
* CEs [16] --> Loop 17 

#### Loops of eval_start_3/3 
* Loop 14: eval_start_3(V_i,V_k,B) [V_k+150>=0,V_i>=101] 
* Loop 15: eval_start_3(V_i,V_k,B) [V_i>=101,0>=V_k+151] 
* Loop 16: eval_start_3(V_i,V_k,B) [V_i+V_k+50>=0,100>=V_i] 
* Loop 17: eval_start_3(V_i,V_k,B) [0>=V_i+V_k+51,100>=V_i] 

### Ranking functions of CR eval_start_3(V_i,V_k,B) 

#### Partial ranking functions of CR eval_start_3(V_i,V_k,B) 


### Resulting Chains:eval_start_3(V_i,V_k,B) 
* [17]
* [16]
* [15]
* [14]


### Specialization of cost equations eval_start_start/3 
* CE 1 is refined into CE [18,19,20,21] 


#### Refined cost equations eval_start_start/3 
* CE 18: eval_start_start(V_i,V_k,B) = 0+ eval_start_3(V_i,V_k,B):[17]
     [0>=V_i+V_k+51,100>=V_i] 
* CE 19: eval_start_start(V_i,V_k,B) = 0+ eval_start_3(V_i,V_k,B):[16]
     [V_i+V_k+50>=0,100>=V_i] 
* CE 20: eval_start_start(V_i,V_k,B) = 0+ eval_start_3(V_i,V_k,B):[15]
     [V_i>=101,0>=V_k+151] 
* CE 21: eval_start_start(V_i,V_k,B) = 0+ eval_start_3(V_i,V_k,B):[14]
     [V_k+150>=0,V_i>=101] 

### Cost equations --> "Loop" of eval_start_start/3 
* CEs [21] --> Loop 18 
* CEs [20] --> Loop 19 
* CEs [19] --> Loop 20 
* CEs [18] --> Loop 21 

#### Loops of eval_start_start/3 
* Loop 18: eval_start_start(V_i,V_k,B) [V_k+150>=0,V_i>=101] 
* Loop 19: eval_start_start(V_i,V_k,B) [V_i>=101,0>=V_k+151] 
* Loop 20: eval_start_start(V_i,V_k,B) [V_i+V_k+50>=0,100>=V_i] 
* Loop 21: eval_start_start(V_i,V_k,B) [0>=V_i+V_k+51,100>=V_i] 

### Ranking functions of CR eval_start_start(V_i,V_k,B) 

#### Partial ranking functions of CR eval_start_start(V_i,V_k,B) 


### Resulting Chains:eval_start_start(V_i,V_k,B) 
* [21]
* [20]
* [19]
* [18]


Computing Bounds
=====================================

#### Cost of loops [8] 

 * loop 8:eval_start_bb1_in(V_k,V__0,B,C,D) -> [eval_start_bb1_in(V_k',V__0',B',C',D')] 
1
#### Cost of phase [8]:eval_start_bb1_in(V_k,V__0,B,C,D) -> [eval_start_bb1_in(V_k',V__0',B',C',D')] 
1*it(8)+0
  Such that:it(8) =< V__0
it(8) =< V__0-V__0'

#### Cost of chains of eval_start_bb1_in(V_k,V__0,B,C,D):
* Chain [[8],9]: 1*it(8)+0
  Such that:it(8) =< V__0

  with precondition: [B=3,D=100,V_k=C,V__0>=101] 

* Chain [9]: 0
  with precondition: [B=3,C=V_k,V__0=D,100>=V__0] 


#### Cost of loops [10] 

 * loop 10:eval_start_bb4_in(V__1,B) -> [eval_start_bb4_in(V__1',B')] 
1
#### Cost of phase [10]:eval_start_bb4_in(V__1,B) -> [eval_start_bb4_in(V__1',B')] 
1*it(10)+0
  Such that:it(10) =< V__1+1
it(10) =< V__1-V__1'

#### Cost of chains of eval_start_bb4_in(V__1,B):
* Chain [[10],11]: 1*it(10)+0
  Such that:it(10) =< V__1+1

  with precondition: [B=2,V__1>=0] 

* Chain [11]: 0
  with precondition: [B=2,0>=V__1+1] 


#### Cost of chains of eval_start_10(V_3,B):
* Chain [13]: 1
  with precondition: [0>=V_3+1] 

* Chain [12]: 1*s(1)+1
  Such that:s(1) =< V_3+1

  with precondition: [V_3>=0] 


#### Cost of chains of eval_start_3(V_i,V_k,B):
* Chain [17]: 2
  with precondition: [100>=V_i,0>=V_i+V_k+51] 

* Chain [16]: 1*s(2)+2
  Such that:s(2) =< V_i+V_k+51

  with precondition: [100>=V_i,V_i+V_k+50>=0] 

* Chain [15]: 1*s(3)+2
  Such that:s(3) =< V_i

  with precondition: [0>=V_k+151,V_i>=101] 

* Chain [14]: 1*s(4)+1*s(5)+2
  Such that:s(4) =< V_i
s(5) =< V_k+151

  with precondition: [V_i>=101,V_k+150>=0] 


#### Cost of chains of eval_start_start(V_i,V_k,B):
* Chain [21]: 2
  with precondition: [100>=V_i,0>=V_i+V_k+51] 

* Chain [20]: 1*s(6)+2
  Such that:s(6) =< V_i+V_k+51

  with precondition: [100>=V_i,V_i+V_k+50>=0] 

* Chain [19]: 1*s(7)+2
  Such that:s(7) =< V_i

  with precondition: [0>=V_k+151,V_i>=101] 

* Chain [18]: 1*s(8)+1*s(9)+2
  Such that:s(8) =< V_i
s(9) =< V_k+151

  with precondition: [V_i>=101,V_k+150>=0] 


Closed-form bounds of eval_start_start(V_i,V_k,B): 
-------------------------------------
* Chain [21] with precondition: [100>=V_i,0>=V_i+V_k+51] 
    - Upper bound: 2 
    - Complexity: constant 
* Chain [20] with precondition: [100>=V_i,V_i+V_k+50>=0] 
    - Upper bound: V_i+V_k+53 
    - Complexity: n 
* Chain [19] with precondition: [0>=V_k+151,V_i>=101] 
    - Upper bound: V_i+2 
    - Complexity: n 
* Chain [18] with precondition: [V_i>=101,V_k+150>=0] 
    - Upper bound: V_i+V_k+153 
    - Complexity: n 

### Maximum cost of eval_start_start(V_i,V_k,B): max([nat(V_i+V_k+51),nat(V_k+151)+nat(V_i)])+2 
Asymptotic class: n 

Time statistics: 
-------------------------------------
* Partial evaluation computed in 11 ms.
* Invariants computed in 16 ms.
   - Backward Invariants 7 ms.
   - Transitive Invariants 3 ms.
* Refinement performed in 24 ms.
* Termination proved in 3 ms.
* Upper bounds computed in 26 ms.
   - Equation cost structures 14 ms.
   - Phase cost structures 5 ms.
   - Chain cost structures 4 ms.
   - Solving cost expressions 0 ms.
* Total analysis performed in 98 ms.

