This is PUBS, version 0.2.
Copyright (C) 2007, 2008, 2009 UPM, UCM.
This program comes with ABSOLUTELY NO WARRANTY.
This is free software, and you are welcome to
redistribute it under certain conditions.



CRS $pubs_aux_entry$(A,B) -- THE MAIN ENTRY

  * Non Asymptotic Upper Bound: 2+nat(-A+B)+nat(c(maximize_failed))/3 

  * LOOPS $pubs_aux_entry$(C,D) -> $pubs_aux_entry$(E,F)

  * Ranking function: N/A

  * Invariants $pubs_aux_entry$(A,B) -> $pubs_aux_entry$(C,D)

     entry  : []
     non-rec: [A=C,B=D]
     rec    : [0=1]
     inv    : [A=C,B=D]

CRS eval_start_start(A,B)

  * Non Asymptotic Upper Bound: 2+nat(-A+B)+nat(c(maximize_failed))/3 

  * LOOPS eval_start_start(C,D) -> eval_start_start(E,F)

  * Ranking function: N/A

  * Invariants eval_start_start(A,B) -> eval_start_start(C,D)

     entry  : []
     non-rec: [A=C,B=D]
     rec    : [0=1]
     inv    : [A=C,B=D]

CRS eval_start_bb0_in(A,B)

  * Non Asymptotic Upper Bound: 2+nat(-A+B)+nat(c(maximize_failed))/3 

  * LOOPS eval_start_bb0_in(C,D) -> eval_start_bb0_in(E,F)

  * Ranking function: N/A

  * Invariants eval_start_bb0_in(A,B) -> eval_start_bb0_in(C,D)

     entry  : []
     non-rec: [A=C,B=D]
     rec    : [0=1]
     inv    : [A=C,B=D]

CRS eval_start_0(A,B)

  * Non Asymptotic Upper Bound: 2+nat(-A+B)+nat(c(maximize_failed))/3 

  * LOOPS eval_start_0(C,D) -> eval_start_0(E,F)

  * Ranking function: N/A

  * Invariants eval_start_0(A,B) -> eval_start_0(C,D)

     entry  : []
     non-rec: [A=C,B=D]
     rec    : [0=1]
     inv    : [A=C,B=D]

CRS eval_start_1(A,B)

  * Non Asymptotic Upper Bound: 2+nat(-A+B)+nat(c(maximize_failed))/3 

  * LOOPS eval_start_1(C,D) -> eval_start_1(E,F)

  * Ranking function: N/A

  * Invariants eval_start_1(A,B) -> eval_start_1(C,D)

     entry  : []
     non-rec: [A=C,B=D]
     rec    : [0=1]
     inv    : [A=C,B=D]

CRS eval_start_2(A,B)

  * Non Asymptotic Upper Bound: 2+nat(-A+B)+nat(c(maximize_failed))/3 

  * LOOPS eval_start_2(C,D) -> eval_start_2(E,F)

  * Ranking function: N/A

  * Invariants eval_start_2(A,B) -> eval_start_2(C,D)

     entry  : []
     non-rec: [A=C,B=D]
     rec    : [0=1]
     inv    : [A=C,B=D]

CRS eval_start_3(A,B)

  * Non Asymptotic Upper Bound: 2+nat(-A+B)+nat(c(maximize_failed))/3 

  * LOOPS eval_start_3(C,D) -> eval_start_3(E,F)

  * Ranking function: N/A

  * Invariants eval_start_3(A,B) -> eval_start_3(C,D)

     entry  : []
     non-rec: [A=C,B=D]
     rec    : [0=1]
     inv    : [A=C,B=D]

CRS loop_cont_eval_start_bb1_in(A,B,C)

  * Non Asymptotic Upper Bound: 1+nat(1*B)/3 

  * LOOPS loop_cont_eval_start_bb1_in(D,E,F) -> loop_cont_eval_start_bb1_in(G,H,I)

  * Ranking function: N/A

  * Invariants loop_cont_eval_start_bb1_in(A,B,C) -> loop_cont_eval_start_bb1_in(D,E,F)

     entry  : [A=3]
     non-rec: [A=D,B=E,C=F,A=3]
     rec    : [0=1]
     inv    : [A=3,D=3,B=E,C=F]

CRS loop_cont_eval_start_bb3_in(A,B)

  * Non Asymptotic Upper Bound: 0 

  * LOOPS loop_cont_eval_start_bb3_in(C,D) -> loop_cont_eval_start_bb3_in(E,F)

  * Ranking function: N/A

  * Invariants loop_cont_eval_start_bb3_in(A,B) -> loop_cont_eval_start_bb3_in(C,D)

     entry  : [A=2]
     non-rec: [A=C,B=D,A=2]
     rec    : [0=1]
     inv    : [A=2,C=2,B=D]

CRS eval_start_bb5_in

  * Non Asymptotic Upper Bound: 0 

  * LOOPS eval_start_bb5_in -> eval_start_bb5_in

  * Ranking function: N/A

  * Invariants eval_start_bb5_in -> eval_start_bb5_in

     entry  : []
     non-rec: []
     rec    : [0=1]
     inv    : []

CRS eval_start_bb3_in(A)

  * Non Asymptotic Upper Bound: nat(A)/3 

  * LOOPS eval_start_bb3_in(B) -> eval_start_bb3_in(C)
     - [B=C+3,B>=3]

  * Ranking function: nat(B/3)

  * Invariants eval_start_bb3_in(A) -> eval_start_bb3_in(B)

     entry  : []
     non-rec: [A=B]
     rec    : [B>=0,A>=B+3]
     inv    : [A>=B]

CRS eval_start_bb1_in(A,B)

  * Non Asymptotic Upper Bound: nat(A-B) 

  * LOOPS eval_start_bb1_in(C,D) -> eval_start_bb1_in(E,F)
     - [D+1=F,C=E,C>=D+1]

  * Ranking function: nat(C-D)

  * Invariants eval_start_bb1_in(A,B) -> eval_start_bb1_in(C,D)

     entry  : []
     non-rec: [A=C,B=D]
     rec    : [A=C,A>=D,D>=B+1]
     inv    : [D>=B,A=C]


