
Resource Aware ML, Version 1.3.1, October 2016

Typechecking module ...
  Typecheck successful.
  Stack-based typecheck successful.

Analyzing function attach ...

  Trying degree: 1

== attach :

  ['a; 'b list] -> ('a * 'b) list

  Non-zero annotations of the argument:
     13.00  <--  (*, [::(*)])
      3.00  <--  (*, [])

  Non-zero annotations of result:

  Simplified bound:
     3.00 + 13.00*M
   where
     M is the number of ::-nodes of the 2nd component of the argument

--
  Mode:          upper
  Metric:        steps
  Degree:        1
  Run time:      0.01 seconds
  #Constraints:  32

====

Analyzing function append ...

  Trying degree: 1

== append :

  ['a list; 'a list] -> 'a list

  Non-zero annotations of the argument:
     11.00  <--  ([::(*)], [])
      3.00  <--  ([], [])

  Non-zero annotations of result:

  Simplified bound:
     3.00 + 11.00*M
   where
     M is the number of ::-nodes of the 1st component of the argument

--
  Mode:          upper
  Metric:        steps
  Degree:        1
  Run time:      0.01 seconds
  #Constraints:  35

====

Analyzing function pairs ...

  Trying degree: 1, 2

== pairs :

  'a list -> ('a * 'a) list

  Non-zero annotations of the argument:
     24.00  <--  [::(*); ::(*)]
     19.00  <--  [::(*)]
      3.00  <--  []

  Non-zero annotations of result:

  Simplified bound:
     3.00 + 7.00*M + 12.00*M^2
   where
     M is the number of ::-nodes of the argument

--
  Mode:          upper
  Metric:        steps
  Degree:        2
  Run time:      0.11 seconds
  #Constraints:  323

====

Analyzing function pairsAux ...

  Trying degree: 1, 2

== pairsAux :

  ['a list; ('a * 'a) list] -> ('a * 'a) list

  Non-zero annotations of the argument:
     24.00  <--  ([::(*); ::(*)], [])
     20.00  <--  ([::(*)], [])
      3.00  <--  ([], [])

  Non-zero annotations of result:

  Simplified bound:
     3.00 + 8.00*M + 12.00*M^2
   where
     M is the number of ::-nodes of the 1st component of the argument

--
  Mode:          upper
  Metric:        steps
  Degree:        2
  Run time:      0.12 seconds
  #Constraints:  328

====

Analyzing function pairsp ...

  Trying degree: 1, 2, 3

== pairsp :

  'a list -> ('a * 'a) list

  Non-zero annotations of the argument:
     11.00  <--  [::(*); ::(*); ::(*)]
     13.00  <--  [::(*); ::(*)]
     19.00  <--  [::(*)]
      3.00  <--  []

  Non-zero annotations of result:

  Simplified bound:
     3.00 + 16.17*M + 1.00*M^2 + 1.83*M^3
   where
     M is the number of ::-nodes of the argument

--
  Mode:          upper
  Metric:        steps
  Degree:        3
  Run time:      0.28 seconds
  #Constraints:  693

====

Analyzing function triples ...

  Trying degree: 1, 2, 3

== triples :

  'a list -> ('a * ('a * 'a)) list

  Non-zero annotations of the argument:
     48.00  <--  [::(*); ::(*); ::(*)]
     19.00  <--  [::(*); ::(*)]
     24.00  <--  [::(*)]
      3.00  <--  []

  Non-zero annotations of result:

  Simplified bound:
     3.00 + 30.50*M - 14.50*M^2 + 8.00*M^3
   where
     M is the number of ::-nodes of the argument

--
  Mode:          upper
  Metric:        steps
  Degree:        3
  Run time:      0.79 seconds
  #Constraints:  2262

====

Analyzing function quadruples ...

  Trying degree: 1, 2, 3, 4

== quadruples :

  'a list -> ('a * ('a * ('a * 'a))) list

  Non-zero annotations of the argument:
     72.00  <--  [::(*); ::(*); ::(*); ::(*)]
     19.00  <--  [::(*); ::(*); ::(*)]
     24.00  <--  [::(*); ::(*)]
     24.00  <--  [::(*)]
      3.00  <--  []

  Non-zero annotations of result:

  Simplified bound:
     3.00 + 0.33*M + 35.50*M^2 - 14.83*M^3 + 3.00*M^4
   where
     M is the number of ::-nodes of the argument

--
  Mode:          upper
  Metric:        steps
  Degree:        4
  Run time:      11.87 seconds
  #Constraints:  15613

====

