This is PUBS, version 0.2.
Copyright (C) 2007, 2008, 2009 UPM, UCM.
This program comes with ABSOLUTELY NO WARRANTY.
This is free software, and you are welcome to
redistribute it under certain conditions.


Lower Bound of eval_realbubble_bb2_in(A,B,C) is nat(A-B).

Lower Bound of eval_realbubble_bb1_in(A) is 0.

Lower Bound of eval_realbubble_10(A) is 1.

Lower Bound of eval_realbubble_9(A) is 1.

Lower Bound of eval_realbubble_8(A) is 1.

Lower Bound of eval_realbubble_7(A) is 1.

Lower Bound of eval_realbubble_6(A) is 1.

Lower Bound of eval_realbubble_5(A) is 1.

Lower Bound of eval_realbubble_4(A) is 1.

Lower Bound of eval_realbubble_3(A) is 1.

Lower Bound of eval_realbubble_2(A) is 1.

Lower Bound of eval_realbubble_1(A) is 1.

Lower Bound of eval_realbubble_bb0_in(A) is 1.

Lower Bound of eval_realbubble_start(A) is 1.

Computed Lower Bound is 1.

