
==> YES, main.fstb terminates. max_dim = 1

+-----------------------------------------------------------------------------+
|                             Ranking Function                                |
+-----------------------------------------------------------------------------+

state stop:
0

state start:
2

state lbl_5_18:
1

state ____start:
3


+-----------------------------------------------------------------------------+
|                         Worst Case Execution Time                           |
+-----------------------------------------------------------------------------+

/---
/
| 1 >= 0
\

((1+1)+1)+1

\---

